time	T1	T2	T3	T4
2021-09-18T07:53:55	35	37	42	28
2021-09-18T07:54:25	37	40	43	28
2021-09-18T07:54:55	39	42	44	28
2021-09-18T07:55:25	40	43	44	30
2021-09-18T07:55:55	42	45	47	31
2021-09-18T07:56:25	44	48	49	34
2021-09-18T07:56:55	45	49	50	35
2021-09-18T07:57:25	46	50	50	35
2021-09-18T07:57:55	47	51	50	38
2021-09-18T07:58:25	47	50	51	39
2021-09-18T07:58:55	46	51	51	41
2021-09-18T07:59:25	47	51	54	42
2021-09-18T07:59:55	49	54	56	43
2021-09-18T08:00:25	50	55	56	44
2021-09-18T08:00:55	51	56	55	45
2021-09-18T08:01:25	51	56	56	46
2021-09-18T08:01:55	53	58	60	46
2021-09-18T08:02:25	54	60	60	48
2021-09-18T08:02:55	54	60	60	49
2021-09-18T08:03:25	54	60	60	49
2021-09-18T08:03:55	55	61	62	51
2021-09-18T08:04:25	56	62	63	52
2021-09-18T08:04:55	56	63	63	52
2021-09-18T08:05:25	57	63	63	54
2021-09-18T08:05:55	62	66	68	55
2021-09-18T08:06:25	64	67	68	55
2021-09-18T08:06:55	64	68	68	57
2021-09-18T08:07:25	64	68	68	58
2021-09-18T08:07:55	65	69	70	59
2021-09-18T08:08:25	66	70	71	59
2021-09-18T08:08:55	65	70	70	60
2021-09-18T08:09:25	67	72	74	61
2021-09-18T08:09:55	68	73	75	62
2021-09-18T08:10:25	68	73	74	63
2021-09-18T08:10:55	67	73	74	62
2021-09-18T08:11:25	72	75	78	63
2021-09-18T08:11:55	75	77	79	65
2021-09-18T08:12:25	75	78	79	66
2021-09-18T08:12:55	75	78	78	66
2021-09-18T08:13:25	76	78	80	67
2021-09-18T08:13:55	76	79	82	68
2021-09-18T08:14:25	76	80	82	70
2021-09-18T08:14:55	76	80	84	70
2021-09-18T08:15:25	77	82	85	71
2021-09-18T08:15:55	77	82	84	72
2021-09-18T08:16:25	82	84	85	72
2021-09-18T08:16:55	85	84	89	73
2021-09-18T08:17:25	85	86	89	75
2021-09-18T08:17:55	84	86	88	76
2021-09-18T08:18:25	86	87	91	77
2021-09-18T08:18:55	87	89	92	77
2021-09-18T08:19:25	86	89	92	78
2021-09-18T08:19:55	86	88	91	79
2021-09-18T08:20:25	87	90	95	79
2021-09-18T08:20:55	87	91	95	80
2021-09-18T08:21:25	88	92	95	81
2021-09-18T08:21:55	94	93	99	82
2021-09-18T08:22:25	94	95	98	83
2021-09-18T08:22:55	94	94	97	84
2021-09-18T08:23:25	95	95	101	85
2021-09-18T08:23:55	95	97	100	86
2021-09-18T08:24:25	95	97	101	86
2021-09-18T08:24:55	95	98	102	87
2021-09-18T08:25:25	96	100	104	88
2021-09-18T08:25:55	97	101	104	89
2021-09-18T08:26:25	101	101	104	89
2021-09-18T08:26:55	102	102	107	90
2021-09-18T08:27:25	102	103	107	91
2021-09-18T08:27:55	102	103	109	92
2021-09-18T08:28:25	104	105	110	93
2021-09-18T08:28:55	103	106	109	94
2021-09-18T08:29:25	105	106	111	94
2021-09-18T08:29:55	107	109	114	96
2021-09-18T08:30:25	108	110	114	98
2021-09-18T08:30:55	107	109	113	97
2021-09-18T08:31:25	111	110	117	98
2021-09-18T08:31:55	114	112	117	99
2021-09-18T08:32:25	114	113	117	100
2021-09-18T08:32:55	114	113	118	101
2021-09-18T08:33:25	115	115	119	102
2021-09-18T08:33:55	114	115	120	103
2021-09-18T08:34:25	114	116	121	104
2021-09-18T08:34:55	115	117	120	104
2021-09-18T08:35:25	119	118	125	105
2021-09-18T08:35:55	120	120	124	108
2021-09-18T08:36:25	119	120	124	109
2021-09-18T08:36:55	120	122	127	109
2021-09-18T08:37:25	119	122	125	110
2021-09-18T08:37:55	124	123	128	111
2021-09-18T08:38:25	126	125	131	112
2021-09-18T08:38:55	125	126	130	113
2021-09-18T08:39:25	125	125	129	114
2021-09-18T08:39:55	126	127	132	114
2021-09-18T08:40:25	127	128	132	115
2021-09-18T08:40:55	128	129	134	116
2021-09-18T08:41:25	128	131	134	117
2021-09-18T08:41:55	129	131	136	118
2021-09-18T08:42:25	131	132	135	119
2021-09-18T08:42:55	132	133	138	119
2021-09-18T08:43:25	131	134	138	120
2021-09-18T08:43:55	132	135	140	121
2021-09-18T08:44:25	132	135	140	122
2021-09-18T08:44:55	137	136	140	123
2021-09-18T08:45:25	140	138	143	124
2021-09-18T08:45:55	140	139	143	125
2021-09-18T08:46:25	140	139	145	126
2021-09-18T08:46:55	140	141	145	127
2021-09-18T08:47:25	140	142	145	127
2021-09-18T08:47:55	140	143	147	129
2021-09-18T08:48:25	140	143	146	129
2021-09-18T08:48:55	146	145	151	130
2021-09-18T08:49:25	146	146	150	131
2021-09-18T08:49:55	146	146	152	132
2021-09-18T08:50:25	146	147	152	133
2021-09-18T08:50:55	146	148	153	134
2021-09-18T08:51:25	147	149	155	134
2021-09-18T08:51:55	148	150	155	135
2021-09-18T08:52:25	151	151	156	136
2021-09-18T08:52:55	152	152	157	137
2021-09-18T08:53:25	154	154	159	138
2021-09-18T08:53:55	153	154	158	139
2021-09-18T08:54:25	153	155	160	140
2021-09-18T08:54:55	154	157	162	141
2021-09-18T08:55:25	155	157	161	142
2021-09-18T08:55:55	159	158	164	143
2021-09-18T08:56:25	160	159	163	144
2021-09-18T08:56:55	160	159	162	145
2021-09-18T08:57:25	161	160	166	146
2021-09-18T08:57:55	160	162	166	147
2021-09-18T08:58:25	160	162	166	147
2021-09-18T08:58:55	162	164	170	148
2021-09-18T08:59:25	161	165	168	149
2021-09-18T08:59:55	167	166	172	151
2021-09-18T09:00:25	168	167	171	151
2021-09-18T09:00:55	167	167	171	152
2021-09-18T09:01:25	168	169	174	153
2021-09-18T09:01:55	168	169	174	154
2021-09-18T09:02:25	169	170	175	155
2021-09-18T09:02:55	173	172	177	156
2021-09-18T09:03:25	172	172	176	156
2021-09-18T09:03:55	174	173	179	157
2021-09-18T09:04:25	174	175	179	159
2021-09-18T09:04:55	173	176	181	159
2021-09-18T09:05:25	174	177	181	160
2021-09-18T09:05:55	176	177	181	161
2021-09-18T09:06:25	178	178	183	162
2021-09-18T09:06:55	180	179	184	163
2021-09-18T09:07:25	180	180	185	164
2021-09-18T09:07:55	179	181	186	165
2021-09-18T09:08:25	180	183	186	167
2021-09-18T09:08:55	183	183	187	167
2021-09-18T09:09:25	188	185	191	167
2021-09-18T09:09:55	188	186	189	169
2021-09-18T09:10:25	188	186	192	169
2021-09-18T09:10:55	189	187	193	170
2021-09-18T09:11:25	187	188	192	173
2021-09-18T09:11:55	187	189	194	172
2021-09-18T09:12:25	188	190	193	174
2021-09-18T09:12:55	191	191	197	175
2021-09-18T09:13:25	192	192	196	176
2021-09-18T09:13:55	192	193	198	175
2021-09-18T09:14:25	191	193	198	176
2021-09-18T09:14:55	194	195	200	177
2021-09-18T09:15:25	196	196	201	179
2021-09-18T09:15:55	196	196	199	179
2021-09-18T09:16:25	197	197	203	180
2021-09-18T09:16:55	197	199	203	181
2021-09-18T09:17:25	198	199	202	181
2021-09-18T09:17:55	202	201	207	183
2021-09-18T09:18:25	201	202	205	184
2021-09-18T09:18:55	201	202	208	184
2021-09-18T09:19:25	204	203	208	185
2021-09-18T09:19:55	205	204	208	186
2021-09-18T09:20:25	206	206	210	188
2021-09-18T09:20:55	204	206	209	188
2021-09-18T09:21:25	206	208	214	189
2021-09-18T09:21:55	205	208	213	190
2021-09-18T09:22:25	210	209	216	191
2021-09-18T09:22:55	212	210	215	193
2021-09-18T09:23:25	212	211	217	193
2021-09-18T09:23:55	212	212	217	195
2021-09-18T09:24:25	211	213	217	195
2021-09-18T09:24:55	212	214	219	196
2021-09-18T09:25:25	213	215	221	197
2021-09-18T09:25:55	217	217	222	198
2021-09-18T09:26:25	216	217	221	199
2021-09-18T09:26:55	217	218	222	200
2021-09-18T09:27:25	216	218	224	201
2021-09-18T09:27:55	222	221	226	201
2021-09-18T09:28:25	222	221	225	204
2021-09-18T09:28:55	222	221	228	204
2021-09-18T09:29:25	222	223	229	204
2021-09-18T09:29:55	222	223	228	205
2021-09-18T09:30:25	226	225	230	207
2021-09-18T09:30:55	225	226	230	207
2021-09-18T09:31:25	226	227	232	208
2021-09-18T09:31:55	225	227	230	209
2021-09-18T09:32:25	230	229	235	210
2021-09-18T09:32:55	230	229	234	211
2021-09-18T09:33:25	230	229	234	212
2021-09-18T09:33:55	230	231	238	213
2021-09-18T09:34:25	230	232	236	214
2021-09-18T09:34:55	235	234	239	214
2021-09-18T09:35:25	235	234	238	216
2021-09-18T09:35:55	235	235	241	218
2021-09-18T09:36:25	235	236	240	218
2021-09-18T09:36:55	238	237	243	219
2021-09-18T09:37:25	240	238	244	220
2021-09-18T09:37:55	240	239	244	221
2021-09-18T09:38:25	239	240	244	222
2021-09-18T09:38:55	240	241	247	222
2021-09-18T09:39:25	239	242	246	224
2021-09-18T09:39:55	245	244	249	225
2021-09-18T09:40:25	246	244	249	226
2021-09-18T09:40:55	246	245	251	227
2021-09-18T09:41:25	246	247	251	228
2021-09-18T09:41:55	245	246	251	228
2021-09-18T09:42:25	247	248	253	229
2021-09-18T09:42:55	249	248	253	230
2021-09-18T09:43:25	250	250	255	231
2021-09-18T09:43:55	249	250	255	232
2021-09-18T09:44:25	252	252	257	232
2021-09-18T09:44:55	254	252	258	233
2021-09-18T09:45:25	254	253	259	234
2021-09-18T09:45:55	253	253	259	236
2021-09-18T09:46:25	254	255	261	237
2021-09-18T09:46:55	257	256	261	238
2021-09-18T09:47:25	258	258	263	239
2021-09-18T09:47:55	257	258	262	240
2021-09-18T09:48:25	258	260	265	241
2021-09-18T09:48:55	261	260	265	242
2021-09-18T09:49:25	263	261	267	243
2021-09-18T09:49:55	263	262	266	244
2021-09-18T09:50:25	262	263	269	245
2021-09-18T09:50:55	262	264	268	245
2021-09-18T09:51:25	268	265	271	246
2021-09-18T09:51:55	267	266	270	247
2021-09-18T09:52:25	268	266	272	248
2021-09-18T09:52:55	266	267	271	249
2021-09-18T09:53:25	271	269	276	250
2021-09-18T09:53:55	270	270	275	251
2021-09-18T09:54:25	270	271	277	252
2021-09-18T09:54:55	270	271	276	253
2021-09-18T09:55:25	276	273	280	254
2021-09-18T09:55:55	275	274	279	255
2021-09-18T09:56:25	275	274	281	256
2021-09-18T09:56:55	273	275	281	257
2021-09-18T09:57:25	279	276	282	257
2021-09-18T09:57:55	279	277	282	258
2021-09-18T09:58:25	279	278	284	260
2021-09-18T09:58:55	278	279	284	260
2021-09-18T09:59:25	283	279	286	261
2021-09-18T09:59:55	283	280	286	262
2021-09-18T10:00:25	284	281	289	263
2021-09-18T10:00:55	283	282	289	264
2021-09-18T10:01:25	286	283	290	264
2021-09-18T10:01:55	287	284	291	266
2021-09-18T10:02:25	286	285	292	267
2021-09-18T10:02:55	289	286	293	268
2021-09-18T10:03:25	290	287	292	269
2021-09-18T10:03:55	290	289	295	270
2021-09-18T10:04:25	289	289	296	271
2021-09-18T10:04:55	293	291	297	272
2021-09-18T10:05:25	292	291	295	273
2021-09-18T10:05:55	292	293	299	273
2021-09-18T10:06:25	292	293	297	274
2021-09-18T10:06:55	299	295	302	274
2021-09-18T10:07:25	297	295	300	277
2021-09-18T10:07:55	296	296	302	277
2021-09-18T10:08:25	298	297	302	277
2021-09-18T10:08:55	301	299	305	280
2021-09-18T10:09:25	300	298	304	280
2021-09-18T10:09:55	300	300	307	282
2021-09-18T10:10:25	302	300	306	281
2021-09-18T10:10:55	302	301	309	283
2021-09-18T10:11:25	302	302	307	283
2021-09-18T10:11:55	307	304	311	284
2021-09-18T10:12:25	306	304	310	285
2021-09-18T10:12:55	305	304	311	286
2021-09-18T10:13:25	310	306	314	288
2021-09-18T10:13:55	310	307	312	288
2021-09-18T10:14:25	309	308	315	289
2021-09-18T10:14:55	308	309	315	290
2021-09-18T10:15:25	313	310	318	291
2021-09-18T10:15:55	312	310	316	292
2021-09-18T10:16:25	312	311	320	293
2021-09-18T10:16:55	315	312	319	293
2021-09-18T10:17:25	314	312	321	294
2021-09-18T10:17:55	316	314	321	295
2021-09-18T10:18:25	318	315	324	297
2021-09-18T10:18:55	318	315	323	297
2021-09-18T10:19:25	319	316	325	298
2021-09-18T10:19:55	320	318	325	299
2021-09-18T10:20:25	322	318	328	300
2021-09-18T10:20:55	323	320	327	301
2021-09-18T10:21:25	324	320	328	302
2021-09-18T10:21:55	325	322	330	303
2021-09-18T10:22:25	324	321	330	304
2021-09-18T10:22:55	328	323	332	305
2021-09-18T10:23:25	326	323	330	306
2021-09-18T10:23:55	328	325	335	308
2021-09-18T10:24:25	329	325	333	309
2021-09-18T10:24:55	330	327	336	309
2021-09-18T10:25:25	329	327	334	310
2021-09-18T10:25:55	333	329	338	311
2021-09-18T10:26:25	333	329	337	312
2021-09-18T10:26:55	334	331	339	312
2021-09-18T10:27:25	334	331	339	313
2021-09-18T10:27:55	335	332	341	314
2021-09-18T10:28:25	337	333	342	316
2021-09-18T10:28:55	338	334	342	317
2021-09-18T10:29:25	340	334	342	318
2021-09-18T10:29:55	339	336	346	318
2021-09-18T10:30:25	341	337	344	320
2021-09-18T10:30:55	342	338	347	320
2021-09-18T10:31:25	342	339	347	321
2021-09-18T10:31:55	343	340	350	323
2021-09-18T10:32:25	345	341	348	323
2021-09-18T10:32:55	347	342	352	324
2021-09-18T10:33:25	347	342	350	325
2021-09-18T10:33:55	346	344	354	327
2021-09-18T10:34:25	349	344	352	327
2021-09-18T10:34:55	349	345	354	328
2021-09-18T10:35:25	351	346	355	329
2021-09-18T10:35:55	352	347	358	330
2021-09-18T10:36:25	351	348	356	332
2021-09-18T10:36:55	355	350	359	332
2021-09-18T10:37:25	354	350	359	334
2021-09-18T10:37:55	355	351	360	335
2021-09-18T10:38:25	356	352	361	336
2021-09-18T10:38:55	359	354	363	336
2021-09-18T10:39:25	358	354	362	338
2021-09-18T10:39:55	360	355	365	339
2021-09-18T10:40:25	360	356	364	339
2021-09-18T10:40:55	359	357	365	341
2021-09-18T10:41:25	364	357	367	341
2021-09-18T10:41:55	364	358	368	342
2021-09-18T10:42:25	363	360	369	344
2021-09-18T10:42:55	366	361	372	344
2021-09-18T10:43:25	367	362	371	345
2021-09-18T10:43:55	366	363	373	347
2021-09-18T10:44:25	369	363	372	347
2021-09-18T10:44:55	369	364	374	349
2021-09-18T10:45:25	371	365	374	350
2021-09-18T10:45:55	370	366	376	350
2021-09-18T10:46:25	370	367	378	352
2021-09-18T10:46:55	374	368	377	352
2021-09-18T10:47:25	374	369	379	353
2021-09-18T10:47:55	375	369	379	355
2021-09-18T10:48:25	375	371	381	356
2021-09-18T10:48:55	377	372	382	357
2021-09-18T10:49:25	378	373	383	358
2021-09-18T10:49:55	378	373	383	359
2021-09-18T10:50:25	378	373	385	359
2021-09-18T10:50:55	381	375	384	360
2021-09-18T10:51:25	380	377	387	361
2021-09-18T10:51:55	383	377	387	362
2021-09-18T10:52:25	382	378	388	363
2021-09-18T10:52:55	385	378	389	364
2021-09-18T10:53:25	385	379	389	365
2021-09-18T10:53:55	386	381	391	366
2021-09-18T10:54:25	387	382	392	366
2021-09-18T10:54:55	387	383	393	368
2021-09-18T10:55:25	391	384	395	369
2021-09-18T10:55:55	389	384	396	371
2021-09-18T10:56:25	393	386	396	372
2021-09-18T10:56:55	391	386	396	373
2021-09-18T10:57:25	394	388	399	374
2021-09-18T10:57:55	393	388	399	375
2021-09-18T10:58:25	396	390	401	376
2021-09-18T10:58:55	396	390	400	377
2021-09-18T10:59:25	398	392	402	378
2021-09-18T10:59:55	397	392	402	378
2021-09-18T11:00:25	401	394	404	379
2021-09-18T11:00:55	400	394	404	381
2021-09-18T11:01:25	401	395	406	382
2021-09-18T11:01:55	403	397	408	383
2021-09-18T11:02:25	402	397	406	383
2021-09-18T11:02:55	406	398	410	384
2021-09-18T11:03:25	404	399	409	386
2021-09-18T11:03:55	406	401	411	387
2021-09-18T11:04:25	406	401	412	387
2021-09-18T11:04:55	410	402	413	388
2021-09-18T11:05:25	409	402	413	388
2021-09-18T11:05:55	410	404	415	390
2021-09-18T11:06:25	409	404	415	391
2021-09-18T11:06:55	414	406	416	391
2021-09-18T11:07:25	414	406	418	393
2021-09-18T11:07:55	413	407	418	393
2021-09-18T11:08:25	415	408	419	395
2021-09-18T11:08:55	417	409	420	396
2021-09-18T11:09:25	418	410	422	397
2021-09-18T11:09:55	417	411	423	398
2021-09-18T11:10:25	418	412	424	399
2021-09-18T11:10:55	420	412	423	400
2021-09-18T11:11:25	421	414	424	400
2021-09-18T11:11:55	421	415	428	402
2021-09-18T11:12:25	422	416	428	403
2021-09-18T11:12:55	423	417	427	404
2021-09-18T11:13:25	426	418	430	405
2021-09-18T11:13:55	426	418	429	405
2021-09-18T11:14:25	425	420	431	406
2021-09-18T11:14:55	428	420	432	407
2021-09-18T11:15:25	427	421	433	408
2021-09-18T11:15:55	430	423	433	409
2021-09-18T11:16:25	429	423	434	410
2021-09-18T11:16:55	432	424	436	411
2021-09-18T11:17:25	431	424	437	412
2021-09-18T11:17:55	434	425	436	413
2021-09-18T11:18:25	433	427	439	414
2021-09-18T11:18:55	436	428	440	415
2021-09-18T11:19:25	434	428	440	416
2021-09-18T11:19:55	437	429	442	417
2021-09-18T11:20:25	437	430	444	418
2021-09-18T11:20:55	440	431	442	419
2021-09-18T11:21:25	438	432	444	420
2021-09-18T11:21:55	442	433	446	421
2021-09-18T11:22:25	441	433	446	422
2021-09-18T11:22:55	443	434	447	423
2021-09-18T11:23:25	444	436	450	424
2021-09-18T11:23:55	445	436	450	425
2021-09-18T11:24:25	447	437	451	426
2021-09-18T11:24:55	445	438	451	428
2021-09-18T11:25:25	449	440	453	428
2021-09-18T11:25:55	449	441	453	429
2021-09-18T11:26:25	449	441	455	430
2021-09-18T11:26:55	450	443	456	431
2021-09-18T11:27:25	453	443	456	432
2021-09-18T11:27:55	454	444	457	433
2021-09-18T11:28:25	453	445	459	434
2021-09-18T11:28:55	454	445	459	435
2021-09-18T11:29:25	457	447	460	436
2021-09-18T11:29:55	457	447	461	437
2021-09-18T11:30:25	457	449	462	438
2021-09-18T11:30:55	459	449	464	440
2021-09-18T11:31:25	458	450	464	440
2021-09-18T11:31:55	461	451	465	441
2021-09-18T11:32:25	460	452	467	442
2021-09-18T11:32:55	462	453	466	443
2021-09-18T11:33:25	464	454	469	443
2021-09-18T11:33:55	464	454	468	445
2021-09-18T11:34:25	466	456	470	446
2021-09-18T11:34:55	467	457	470	447
2021-09-18T11:35:25	468	458	472	447
2021-09-18T11:35:55	468	458	472	449
2021-09-18T11:36:25	469	460	473	450
2021-09-18T11:36:55	471	461	474	451
2021-09-18T11:37:25	472	462	476	451
2021-09-18T11:37:55	472	462	475	453
2021-09-18T11:38:25	474	463	478	454
2021-09-18T11:38:55	474	464	480	455
2021-09-18T11:39:25	473	465	480	455
2021-09-18T11:39:55	478	466	482	456
2021-09-18T11:40:25	476	467	480	458
2021-09-18T11:40:55	479	469	482	459
2021-09-18T11:41:25	478	470	484	460
2021-09-18T11:41:55	478	470	483	461
2021-09-18T11:42:25	482	472	486	461
2021-09-18T11:42:55	482	473	486	463
2021-09-18T11:43:25	481	473	486	463
2021-09-18T11:43:55	483	474	487	464
2021-09-18T11:44:25	486	475	489	467
2021-09-18T11:44:55	487	476	492	466
2021-09-18T11:45:25	486	478	490	467
2021-09-18T11:45:55	489	478	492	468
2021-09-18T11:46:25	489	478	493	470
2021-09-18T11:46:55	488	479	493	471
2021-09-18T11:47:25	491	481	495	472
2021-09-18T11:47:55	493	481	496	472
2021-09-18T11:48:25	492	482	496	473
2021-09-18T11:48:55	493	483	498	475
2021-09-18T11:49:25	494	484	498	476
2021-09-18T11:49:55	496	485	500	477
2021-09-18T11:50:25	496	486	502	478
2021-09-18T11:50:55	498	487	501	478
2021-09-18T11:51:25	499	488	502	480
2021-09-18T11:51:55	500	489	504	481
2021-09-18T11:52:25	499	490	506	481
2021-09-18T11:52:55	501	491	505	483
2021-09-18T11:53:25	503	492	506	483
2021-09-18T11:53:55	502	493	508	485
2021-09-18T11:54:25	505	494	509	486
2021-09-18T11:54:55	505	495	510	487
2021-09-18T11:55:25	507	496	511	488
2021-09-18T11:55:55	506	497	512	489
2021-09-18T11:56:25	508	498	512	490
2021-09-18T11:56:55	509	499	514	490
2021-09-18T11:57:25	512	500	515	491
2021-09-18T11:57:55	510	500	515	493
2021-09-18T11:58:25	512	501	516	494
2021-09-18T11:58:55	513	503	518	495
2021-09-18T11:59:25	514	504	519	495
2021-09-18T11:59:55	515	505	520	496
2021-09-18T12:00:25	516	505	521	497
2021-09-18T12:00:55	516	506	522	498
2021-09-18T12:01:25	519	507	523	500
2021-09-18T12:01:55	519	508	524	500
2021-09-18T12:02:25	520	509	525	501
2021-09-18T12:02:55	520	510	525	502
2021-09-18T12:03:25	521	511	525	503
2021-09-18T12:03:55	524	512	527	505
2021-09-18T12:04:25	523	513	527	506
2021-09-18T12:04:55	524	514	530	506
2021-09-18T12:05:25	526	515	531	507
2021-09-18T12:05:55	525	515	532	508
2021-09-18T12:06:25	529	516	531	509
2021-09-18T12:06:55	528	517	533	510
2021-09-18T12:07:25	528	518	533	511
2021-09-18T12:07:55	532	519	535	513
2021-09-18T12:08:25	531	521	537	513
2021-09-18T12:08:55	532	521	536	514
2021-09-18T12:09:25	532	522	538	515
2021-09-18T12:09:55	534	523	539	516
2021-09-18T12:10:25	536	525	540	517
2021-09-18T12:10:55	538	525	541	518
2021-09-18T12:11:25	538	526	543	519
2021-09-18T12:11:55	536	527	542	520
2021-09-18T12:12:25	538	528	544	521
2021-09-18T12:12:55	540	529	546	522
2021-09-18T12:13:25	541	530	546	523
2021-09-18T12:13:55	542	530	546	524
2021-09-18T12:14:25	543	532	546	526
2021-09-18T12:14:55	546	533	550	526
2021-09-18T12:15:25	545	533	548	527
2021-09-18T12:15:55	546	534	550	528
2021-09-18T12:16:25	547	536	552	529
2021-09-18T12:16:55	548	536	553	530
2021-09-18T12:17:25	549	537	554	531
2021-09-18T12:17:55	548	537	554	532
2021-09-18T12:18:25	550	538	554	533
2021-09-18T12:18:55	552	541	558	534
2021-09-18T12:19:25	552	541	558	535
2021-09-18T12:19:55	553	542	559	536
2021-09-18T12:20:25	554	542	559	537
2021-09-18T12:20:55	555	543	560	538
2021-09-18T12:21:25	557	545	562	539
2021-09-18T12:21:55	558	546	562	540
2021-09-18T12:22:25	559	546	562	541
2021-09-18T12:22:55	560	547	563	542
2021-09-18T12:23:25	561	548	565	543
2021-09-18T12:23:55	564	549	567	544
2021-09-18T12:24:25	562	550	567	545
2021-09-18T12:24:55	562	552	567	546
2021-09-18T12:25:25	566	552	568	547
2021-09-18T12:25:55	565	553	569	548
2021-09-18T12:26:25	565	554	570	549
2021-09-18T12:26:55	567	555	571	550
2021-09-18T12:27:25	570	557	572	551
2021-09-18T12:27:55	570	557	574	552
2021-09-18T12:28:25	571	558	575	553
2021-09-18T12:28:55	572	559	575	555
2021-09-18T12:29:25	573	560	577	556
2021-09-18T12:29:55	574	561	578	557
2021-09-18T12:30:25	574	561	579	558
2021-09-18T12:30:55	576	563	580	558
2021-09-18T12:31:25	577	564	581	560
2021-09-18T12:31:55	577	565	582	560
2021-09-18T12:32:25	578	566	583	562
2021-09-18T12:32:55	580	566	584	563
2021-09-18T12:33:25	580	568	586	564
2021-09-18T12:33:55	582	568	586	564
2021-09-18T12:34:25	583	569	585	565
2021-09-18T12:34:55	583	571	588	567
2021-09-18T12:35:25	584	572	589	568
2021-09-18T12:35:55	585	573	590	570
2021-09-18T12:36:25	587	574	591	570
2021-09-18T12:36:55	586	575	592	571
2021-09-18T12:37:25	588	576	592	572
2021-09-18T12:37:55	589	576	593	573
2021-09-18T12:38:25	589	577	593	574
2021-09-18T12:38:55	591	578	594	575
2021-09-18T12:39:25	591	579	595	576
2021-09-18T12:39:55	592	580	596	577
2021-09-18T12:40:25	592	581	597	578
2021-09-18T12:40:55	594	582	599	579
2021-09-18T12:41:25	595	583	599	580
2021-09-18T12:41:55	597	584	600	581
2021-09-18T12:42:25	597	585	601	582
2021-09-18T12:42:55	597	586	602	583
2021-09-18T12:43:25	600	587	603	584
2021-09-18T12:43:55	601	588	605	585
2021-09-18T12:44:25	603	588	606	586
2021-09-18T12:44:55	603	590	607	587
2021-09-18T12:45:25	604	591	608	588
2021-09-18T12:45:55	604	592	608	590
2021-09-18T12:46:25	606	593	610	590
2021-09-18T12:46:55	606	594	610	591
2021-09-18T12:47:25	608	595	612	593
2021-09-18T12:47:55	609	595	613	594
2021-09-18T12:48:25	610	596	614	595
2021-09-18T12:48:55	611	597	615	596
2021-09-18T12:49:25	612	599	616	597
2021-09-18T12:49:55	612	600	615	598
2021-09-18T12:50:25	613	600	616	600
2021-09-18T12:50:55	614	603	617	600
2021-09-18T12:51:25	616	603	620	601
2021-09-18T12:51:55	617	604	621	602
2021-09-18T12:52:25	618	606	622	603
2021-09-18T12:52:55	619	606	622	604
2021-09-18T12:53:25	620	607	624	605
2021-09-18T12:53:55	619	608	624	607
2021-09-18T12:54:25	621	609	625	607
2021-09-18T12:54:55	622	610	626	608
2021-09-18T12:55:25	623	611	627	609
2021-09-18T12:55:55	624	612	628	610
2021-09-18T12:56:25	625	613	628	612
2021-09-18T12:56:55	625	614	629	613
2021-09-18T12:57:25	628	615	631	614
2021-09-18T12:57:55	629	616	633	614
2021-09-18T12:58:25	629	617	634	615
2021-09-18T12:58:55	629	617	633	616
2021-09-18T12:59:25	630	618	634	617
2021-09-18T12:59:55	632	619	635	618
2021-09-18T13:00:25	631	620	637	619
2021-09-18T13:00:55	633	621	637	620
2021-09-18T13:01:25	634	622	638	621
2021-09-18T13:01:55	635	623	640	623
2021-09-18T13:02:25	636	624	640	623
2021-09-18T13:02:55	637	626	641	624
2021-09-18T13:03:25	639	626	641	626
2021-09-18T13:03:55	639	627	642	626
2021-09-18T13:04:25	641	628	644	627
2021-09-18T13:04:55	641	629	645	628
2021-09-18T13:05:25	641	630	646	630
2021-09-18T13:05:55	645	631	648	631
2021-09-18T13:06:25	645	632	648	631
2021-09-18T13:06:55	645	633	649	633
2021-09-18T13:07:25	647	635	651	633
2021-09-18T13:07:55	648	635	652	634
2021-09-18T13:08:25	649	635	653	636
2021-09-18T13:08:55	650	637	654	637
2021-09-18T13:09:25	651	638	654	639
2021-09-18T13:09:55	653	639	656	639
2021-09-18T13:10:25	653	640	657	639
2021-09-18T13:10:55	654	641	658	641
2021-09-18T13:11:25	655	642	659	643
2021-09-18T13:11:55	656	643	660	644
2021-09-18T13:12:25	657	644	661	644
2021-09-18T13:12:55	658	646	663	645
2021-09-18T13:13:25	659	646	661	646
2021-09-18T13:13:55	659	647	663	646
2021-09-18T13:14:25	660	648	664	649
2021-09-18T13:14:55	661	649	666	650
2021-09-18T13:15:25	662	650	666	650
2021-09-18T13:15:55	663	651	666	651
2021-09-18T13:16:25	665	652	667	653
2021-09-18T13:16:55	664	653	668	653
2021-09-18T13:17:25	665	654	670	655
2021-09-18T13:17:55	666	654	670	656
2021-09-18T13:18:25	669	656	672	656
2021-09-18T13:18:55	670	657	673	658
2021-09-18T13:19:25	668	658	673	659
2021-09-18T13:19:55	670	659	673	659
2021-09-18T13:20:25	670	660	675	661
2021-09-18T13:20:55	672	661	676	662
2021-09-18T13:21:25	673	662	678	663
2021-09-18T13:21:55	674	663	677	663
2021-09-18T13:22:25	674	664	679	664
2021-09-18T13:22:55	676	665	679	665
2021-09-18T13:23:25	678	666	681	667
2021-09-18T13:23:55	679	667	682	667
2021-09-18T13:24:25	679	668	684	668
2021-09-18T13:24:55	681	668	684	670
2021-09-18T13:25:25	683	670	685	671
2021-09-18T13:25:55	683	671	686	672
2021-09-18T13:26:25	684	672	688	673
2021-09-18T13:26:55	683	673	688	674
2021-09-18T13:27:25	686	674	689	675
2021-09-18T13:27:55	686	674	691	676
2021-09-18T13:28:25	687	676	692	677
2021-09-18T13:28:55	689	677	692	678
2021-09-18T13:29:25	692	678	694	677
2021-09-18T13:29:55	691	679	694	680
2021-09-18T13:30:25	692	680	695	680
2021-09-18T13:30:55	691	681	696	681
2021-09-18T13:31:25	693	682	698	683
2021-09-18T13:31:55	695	683	699	684
2021-09-18T13:32:25	696	684	700	684
2021-09-18T13:32:55	696	684	699	686
2021-09-18T13:33:25	696	686	700	686
2021-09-18T13:33:55	697	686	701	688
2021-09-18T13:34:25	699	688	704	689
2021-09-18T13:34:55	700	688	703	689
2021-09-18T13:35:25	702	690	704	690
2021-09-18T13:35:55	701	690	705	691
2021-09-18T13:36:25	702	691	706	692
2021-09-18T13:36:55	704	692	707	693
2021-09-18T13:37:25	706	693	708	694
2021-09-18T13:37:55	705	694	709	695
2021-09-18T13:38:25	706	695	709	696
2021-09-18T13:38:55	707	696	710	697
2021-09-18T13:39:25	708	697	711	698
2021-09-18T13:39:55	709	698	712	699
2021-09-18T13:40:25	710	699	715	700
2021-09-18T13:40:55	711	700	715	701
2021-09-18T13:41:25	712	701	716	702
2021-09-18T13:41:55	713	702	716	703
2021-09-18T13:42:25	714	703	719	704
2021-09-18T13:42:55	715	704	721	705
2021-09-18T13:43:25	717	705	721	706
2021-09-18T13:43:55	717	706	720	707
2021-09-18T13:44:25	718	707	723	708
2021-09-18T13:44:55	719	707	724	709
2021-09-18T13:45:25	721	708	725	710
2021-09-18T13:45:55	722	709	726	711
2021-09-18T13:46:25	722	711	726	712
2021-09-18T13:46:55	723	711	727	713
2021-09-18T13:47:25	725	712	728	714
2021-09-18T13:47:55	726	713	729	715
2021-09-18T13:48:25	727	715	730	716
2021-09-18T13:48:55	727	715	731	717
2021-09-18T13:49:25	729	716	732	718
2021-09-18T13:49:55	730	717	734	719
2021-09-18T13:50:25	732	718	733	720
2021-09-18T13:50:55	732	719	735	721
2021-09-18T13:51:25	733	720	736	722
2021-09-18T13:51:55	734	721	736	723
2021-09-18T13:52:25	734	722	737	724
2021-09-18T13:52:55	736	723	739	725
2021-09-18T13:53:25	737	724	739	726
2021-09-18T13:53:55	737	725	740	727
2021-09-18T13:54:25	738	726	741	728
2021-09-18T13:54:55	738	727	742	729
2021-09-18T13:55:25	740	728	744	731
2021-09-18T13:55:55	742	728	743	732
2021-09-18T13:56:25	742	730	744	733
2021-09-18T13:56:55	744	731	747	733
2021-09-18T13:57:25	743	732	746	734
2021-09-18T13:57:55	744	732	747	735
2021-09-18T13:58:25	747	734	749	736
2021-09-18T13:58:55	745	735	749	737
2021-09-18T13:59:25	747	735	751	738
2021-09-18T13:59:55	749	736	751	739
2021-09-18T14:00:25	749	737	752	740
2021-09-18T14:00:55	750	738	754	741
2021-09-18T14:01:25	751	740	755	742
2021-09-18T14:01:55	751	741	757	743
2021-09-18T14:02:25	753	742	757	744
2021-09-18T14:02:55	754	743	759	745
2021-09-18T14:03:25	754	744	759	746
2021-09-18T14:03:55	757	745	761	747
2021-09-18T14:04:25	757	745	762	747
2021-09-18T14:04:55	757	747	763	749
2021-09-18T14:05:25	759	748	763	751
2021-09-18T14:05:55	760	749	764	751
2021-09-18T14:06:25	761	750	765	752
2021-09-18T14:06:55	762	751	767	753
2021-09-18T14:07:25	764	751	766	754
2021-09-18T14:07:55	763	752	768	756
2021-09-18T14:08:25	764	753	767	756
2021-09-18T14:08:55	767	754	769	757
2021-09-18T14:09:25	766	755	771	758
2021-09-18T14:09:55	769	756	771	759
2021-09-18T14:10:25	770	757	772	760
2021-09-18T14:10:55	771	758	772	760
2021-09-18T14:11:25	772	759	774	762
2021-09-18T14:11:55	773	760	775	762
2021-09-18T14:12:25	773	761	776	763
2021-09-18T14:12:55	775	762	777	764
2021-09-18T14:13:25	776	763	778	765
2021-09-18T14:13:55	776	764	778	766
2021-09-18T14:14:25	778	764	780	767
2021-09-18T14:14:55	779	766	781	767
2021-09-18T14:15:25	779	767	783	768
2021-09-18T14:15:55	781	768	782	770
2021-09-18T14:16:25	782	769	784	770
2021-09-18T14:16:55	782	770	785	771
2021-09-18T14:17:25	783	771	786	772
2021-09-18T14:17:55	785	771	787	773
2021-09-18T14:18:25	783	772	789	774
2021-09-18T14:18:55	786	773	790	775
2021-09-18T14:19:25	787	774	789	776
2021-09-18T14:19:55	787	775	790	778
2021-09-18T14:20:25	788	776	791	778
2021-09-18T14:20:55	789	777	793	779
2021-09-18T14:21:25	790	779	794	780
2021-09-18T14:21:55	791	779	796	780
2021-09-18T14:22:25	792	779	795	780
2021-09-18T14:22:55	792	782	797	782
2021-09-18T14:23:25	794	782	798	783
2021-09-18T14:23:55	795	784	799	783
2021-09-18T14:24:25	796	785	800	784
2021-09-18T14:24:55	796	786	801	785
2021-09-18T14:25:25	797	786	802	787
2021-09-18T14:25:55	799	787	802	789
2021-09-18T14:26:25	799	788	803	790
2021-09-18T14:26:55	801	789	804	790
2021-09-18T14:27:25	801	790	804	791
2021-09-18T14:27:55	802	790	806	793
2021-09-18T14:28:25	803	791	807	793
2021-09-18T14:28:55	805	792	808	795
2021-09-18T14:29:25	805	793	808	795
2021-09-18T14:29:55	806	794	809	796
2021-09-18T14:30:25	807	794	811	797
2021-09-18T14:30:55	808	795	811	798
2021-09-18T14:31:25	809	796	813	799
2021-09-18T14:31:55	810	797	814	801
2021-09-18T14:32:25	812	798	814	802
2021-09-18T14:32:55	814	799	815	804
2021-09-18T14:33:25	814	800	818	803
2021-09-18T14:33:55	815	800	819	806
2021-09-18T14:34:25	817	801	820	806
2021-09-18T14:34:55	817	802	820	806
2021-09-18T14:35:25	817	803	822	807
2021-09-18T14:35:55	820	804	822	809
2021-09-18T14:36:25	820	805	822	810
2021-09-18T14:36:55	821	806	824	811
2021-09-18T14:37:25	822	807	826	812
2021-09-18T14:37:55	824	807	827	814
2021-09-18T14:38:25	825	809	827	814
2021-09-18T14:38:55	826	810	828	816
2021-09-18T14:39:25	827	810	829	817
2021-09-18T14:39:55	827	811	830	818
2021-09-18T14:40:25	829	813	831	819
2021-09-18T14:40:55	828	813	832	820
2021-09-18T14:41:25	829	814	832	821
2021-09-18T14:41:55	829	816	835	821
2021-09-18T14:42:25	831	816	834	823
2021-09-18T14:42:55	831	817	836	824
2021-09-18T14:43:25	833	817	836	825
2021-09-18T14:43:55	834	819	838	826
2021-09-18T14:44:25	834	819	838	827
2021-09-18T14:44:55	835	820	839	828
2021-09-18T14:45:25	836	822	840	829
2021-09-18T14:45:55	838	823	841	830
2021-09-18T14:46:25	838	824	841	831
2021-09-18T14:46:55	838	825	843	832
2021-09-18T14:47:25	840	826	844	833
2021-09-18T14:47:55	843	826	844	834
2021-09-18T14:48:25	843	827	845	835
2021-09-18T14:48:55	843	828	846	836
2021-09-18T14:49:25	845	829	848	837
2021-09-18T14:49:55	845	830	848	838
2021-09-18T14:50:25	847	831	849	839
2021-09-18T14:50:55	847	832	851	840
2021-09-18T14:51:25	848	833	851	841
2021-09-18T14:51:55	849	834	853	842
2021-09-18T14:52:25	850	835	854	843
2021-09-18T14:52:55	851	836	856	844
2021-09-18T14:53:25	852	837	856	845
2021-09-18T14:53:55	854	839	857	846
2021-09-18T14:54:25	856	840	858	847
2021-09-18T14:54:55	856	840	859	848
2021-09-18T14:55:25	858	841	861	849
2021-09-18T14:55:55	857	843	861	850
2021-09-18T14:56:25	860	844	863	851
2021-09-18T14:56:55	861	845	864	852
2021-09-18T14:57:25	861	846	864	853
2021-09-18T14:57:55	861	847	865	854
2021-09-18T14:58:25	864	848	865	855
2021-09-18T14:58:55	864	850	867	857
2021-09-18T14:59:25	865	851	867	857
2021-09-18T14:59:55	865	851	869	859
2021-09-18T15:00:25	866	852	870	860
2021-09-18T15:00:55	867	853	870	860
2021-09-18T15:01:25	870	854	871	862
2021-09-18T15:01:55	869	855	872	862
2021-09-18T15:02:25	871	857	874	863
2021-09-18T15:02:55	872	858	873	865
2021-09-18T15:03:25	871	859	875	866
2021-09-18T15:03:55	872	860	875	867
2021-09-18T15:04:25	873	861	877	868
2021-09-18T15:04:55	875	862	877	869
2021-09-18T15:05:25	875	863	878	870
2021-09-18T15:05:55	876	864	879	871
2021-09-18T15:06:25	877	865	881	872
2021-09-18T15:06:55	878	866	881	873
2021-09-18T15:07:25	879	867	884	874
2021-09-18T15:07:55	880	868	883	875
2021-09-18T15:08:25	882	869	885	876
2021-09-18T15:08:55	883	870	886	877
2021-09-18T15:09:25	883	871	888	878
2021-09-18T15:09:55	884	872	887	880
2021-09-18T15:10:25	886	873	888	880
2021-09-18T15:10:55	886	874	890	881
2021-09-18T15:11:25	887	875	892	883
2021-09-18T15:11:55	888	876	893	883
2021-09-18T15:12:25	890	877	893	885
2021-09-18T15:12:55	890	878	894	886
2021-09-18T15:13:25	891	879	895	887
2021-09-18T15:13:55	892	880	896	888
2021-09-18T15:14:25	894	880	897	889
2021-09-18T15:14:55	894	882	898	890
2021-09-18T15:15:25	897	883	899	891
2021-09-18T15:15:55	897	884	900	892
2021-09-18T15:16:25	899	885	902	893
2021-09-18T15:16:55	900	886	902	894
2021-09-18T15:17:25	898	887	903	895
2021-09-18T15:17:55	899	887	902	896
2021-09-18T15:18:25	898	888	902	896
2021-09-18T15:18:55	900	889	901	896
2021-09-18T15:19:25	899	889	902	896
2021-09-18T15:19:55	900	889	903	897
2021-09-18T15:20:25	900	890	902	897
2021-09-18T15:20:55	899	890	903	897
2021-09-18T15:21:25	899	891	902	897
2021-09-18T15:21:55	898	891	902	898
2021-09-18T15:22:25	899	892	902	898
2021-09-18T15:22:55	898	892	901	898
2021-09-18T15:23:25	899	891	902	898
2021-09-18T15:23:55	900	892	903	898
2021-09-18T15:24:25	901	892	902	898
2021-09-18T15:24:55	900	892	903	899
2021-09-18T15:25:25	900	892	902	899
2021-09-18T15:25:55	900	893	903	899
2021-09-18T15:26:25	900	893	903	899
2021-09-18T15:26:55	900	893	903	898
2021-09-18T15:27:25	900	893	902	898
2021-09-18T15:27:55	899	893	903	898
2021-09-18T15:28:25	901	894	903	899
2021-09-18T15:28:55	900	894	902	899
2021-09-18T15:29:25	900	894	903	899
2021-09-18T15:29:55	900	894	903	899
2021-09-18T15:30:25	900	895	903	899
2021-09-18T15:30:55	901	896	903	899
2021-09-18T15:31:25	900	895	901	899
2021-09-18T15:31:55	899	896	901	901
2021-09-18T15:32:26	900	896	901	900
2021-09-18T15:32:56	900	896	903	900
2021-09-18T15:33:26	900	896	903	900
2021-09-18T15:33:56	900	896	903	900
2021-09-18T15:34:26	899	896	903	900
2021-09-18T15:34:56	899	896	901	900
2021-09-18T15:35:26	900	896	902	900
2021-09-18T15:35:56	901	896	903	900
2021-09-18T15:36:26	900	896	903	900
2021-09-18T15:36:56	899	896	902	900
2021-09-18T15:37:26	900	896	902	900
2021-09-18T15:37:56	901	897	902	900
2021-09-18T15:38:26	899	897	903	900
2021-09-18T15:38:56	899	897	901	900
2021-09-18T15:39:26	900	897	902	900
2021-09-18T15:39:56	899	897	902	901
2021-09-18T15:40:26	900	897	903	901
2021-09-18T15:40:56	899	897	903	901
2021-09-18T15:41:26	900	897	902	901
2021-09-18T15:41:56	900	898	903	901
2021-09-18T15:42:26	900	898	903	901
2021-09-18T15:42:56	901	898	903	901
2021-09-18T15:43:26	899	898	903	901
2021-09-18T15:43:56	901	898	902	901
2021-09-18T15:44:26	900	898	903	901
2021-09-18T15:44:56	901	899	903	901
2021-09-18T15:45:26	899	898	901	901
2021-09-18T15:45:56	900	899	902	901
2021-09-18T15:46:26	900	899	903	901
2021-09-18T15:46:56	899	898	902	901
2021-09-18T15:47:26	900	899	903	901
2021-09-18T15:47:56	899	900	903	901
2021-09-18T15:48:26	901	899	903	900
2021-09-18T15:48:56	899	899	902	901
2021-09-18T15:49:26	900	899	902	901
2021-09-18T15:49:56	900	899	903	901
2021-09-18T15:50:26	899	899	901	900
2021-09-18T15:50:56	901	899	902	902
2021-09-18T15:51:26	899	899	902	902
2021-09-18T15:51:56	900	899	902	902
2021-09-18T15:52:26	899	899	903	902
2021-09-18T15:52:56	901	899	902	901
2021-09-18T15:53:26	900	899	902	902
2021-09-18T15:53:56	898	900	903	900
2021-09-18T15:54:26	900	899	901	901
2021-09-18T15:54:56	899	899	903	902
2021-09-18T15:55:26	901	900	903	900
2021-09-18T15:55:56	900	899	902	902
2021-09-18T15:56:26	900	899	901	902
2021-09-18T15:56:56	900	899	901	901
2021-09-18T15:57:26	900	899	902	901
2021-09-18T15:57:56	900	899	902	901
2021-09-18T15:58:26	899	898	902	901
2021-09-18T15:58:56	900	899	902	901
2021-09-18T15:59:26	899	899	902	901
2021-09-18T15:59:56	900	899	902	902
2021-09-18T16:00:26	900	900	903	901
2021-09-18T16:00:56	900	899	903	901
2021-09-18T16:01:26	900	899	902	901
2021-09-18T16:01:56	899	899	903	901
2021-09-18T16:02:26	899	899	901	901
2021-09-18T16:02:56	901	898	902	901
2021-09-18T16:03:26	901	899	903	901
2021-09-18T16:03:56	900	900	903	901
2021-09-18T16:04:26	899	899	902	901
2021-09-18T16:04:56	899	900	903	901
2021-09-18T16:05:26	900	899	903	901
2021-09-18T16:05:56	901	899	902	901
2021-09-18T16:06:26	901	899	902	901
2021-09-18T16:06:56	900	899	903	901
2021-09-18T16:07:26	899	899	902	901
2021-09-18T16:07:56	901	899	903	901
2021-09-18T16:08:26	900	899	901	902
2021-09-18T16:08:56	900	899	902	901
2021-09-18T16:09:26	899	899	903	901
2021-09-18T16:09:56	901	899	903	901
2021-09-18T16:10:26	899	899	903	901
2021-09-18T16:10:56	899	899	901	901
2021-09-18T16:11:26	901	899	903	901
2021-09-18T16:11:56	900	899	903	901
2021-09-18T16:12:26	900	899	903	902
2021-09-18T16:12:56	899	899	902	901
2021-09-18T16:13:26	901	900	902	902
2021-09-18T16:13:56	900	899	902	902
2021-09-18T16:14:26	901	899	903	901
2021-09-18T16:14:56	899	899	901	902
2021-09-18T16:15:26	899	899	902	901
2021-09-18T16:15:56	900	899	903	902
2021-09-18T16:16:26	900	899	902	902
2021-09-18T16:16:56	900	900	902	902
2021-09-18T16:17:26	899	899	902	902
2021-09-18T16:17:56	900	899	903	902
2021-09-18T16:18:26	902	899	901	901
2021-09-18T16:18:56	900	899	901	902
2021-09-18T16:19:26	899	899	902	901
2021-09-18T16:19:56	900	899	903	901
2021-09-18T16:20:26	900	899	903	901
2021-09-18T16:20:56	899	900	903	901
2021-09-18T16:21:26	901	899	902	902
2021-09-18T16:21:56	901	899	902	902
2021-09-18T16:22:26	900	899	902	902
2021-09-18T16:22:56	901	899	903	902
2021-09-18T16:23:26	899	899	902	902
2021-09-18T16:23:56	900	899	902	901
2021-09-18T16:24:26	900	900	903	902
2021-09-18T16:24:56	900	900	903	901
2021-09-18T16:25:26	901	899	902	902
2021-09-18T16:25:56	899	899	902	902
2021-09-18T16:26:26	900	899	902	902
2021-09-18T16:26:56	900	899	903	902
2021-09-18T16:27:26	899	899	903	901
2021-09-18T16:27:56	898	899	903	902
2021-09-18T16:28:26	900	899	903	902
2021-09-18T16:28:56	899	899	902	902
2021-09-18T16:29:26	901	900	902	902
2021-09-18T16:29:56	899	899	902	902
2021-09-18T16:30:26	899	900	903	902
2021-09-18T16:30:56	900	899	903	902
2021-09-18T16:31:26	899	900	903	901
2021-09-18T16:31:56	900	899	902	902
2021-09-18T16:32:26	900	900	903	902
2021-09-18T16:32:56	900	900	902	902
2021-09-18T16:33:26	900	899	903	902
2021-09-18T16:33:56	901	899	903	901
2021-09-18T16:34:26	898	899	903	902
2021-09-18T16:34:56	900	899	903	902
2021-09-18T16:35:26	900	899	903	902
2021-09-18T16:35:56	900	899	903	901
2021-09-18T16:36:26	900	899	903	901
2021-09-18T16:36:56	899	899	903	901
2021-09-18T16:37:26	900	899	902	901
2021-09-18T16:37:56	899	899	902	901
2021-09-18T16:38:26	899	899	902	901
2021-09-18T16:38:56	899	899	903	901
2021-09-18T16:39:26	900	899	902	902
2021-09-18T16:39:56	900	899	903	901
2021-09-18T16:40:26	900	899	903	901
2021-09-18T16:40:56	899	899	902	901
2021-09-18T16:41:26	898	899	902	901
2021-09-18T16:41:56	900	899	901	902
2021-09-18T16:42:26	898	899	903	901
2021-09-18T16:42:56	901	899	903	902
2021-09-18T16:43:26	899	899	903	902
2021-09-18T16:43:56	901	899	903	901
2021-09-18T16:44:26	900	899	902	902
2021-09-18T16:44:56	899	899	902	901
2021-09-18T16:45:26	900	899	902	902
2021-09-18T16:45:56	899	899	902	902
2021-09-18T16:46:26	900	899	902	902
2021-09-18T16:46:56	899	899	902	901
2021-09-18T16:47:26	900	899	902	902
2021-09-18T16:47:56	898	898	900	901
2021-09-18T16:48:26	897	896	898	900
2021-09-18T16:48:56	896	895	897	899
2021-09-18T16:49:26	895	894	896	898
2021-09-18T16:49:56	894	893	895	897
2021-09-18T16:50:26	807	867	867	891
2021-09-18T16:50:56	732	773	785	870
2021-09-18T16:51:26	596	710	720	827
2021-09-18T16:51:56	533	596	621	752
2021-09-18T16:52:26	474	517	574	687
2021-09-18T16:52:56	440	468	552	652
2021-09-18T16:53:26	424	447	522	611
2021-09-18T16:53:56	397	421	499	580
2021-09-18T16:54:26	380	400	481	562
2021-09-18T16:54:56	370	388	473	538
2021-09-18T16:55:26	352	371	450	515
2021-09-18T16:55:56	338	356	432	500
2021-09-18T16:56:26	325	345	421	480
2021-09-18T16:56:56	318	333	411	462
2021-09-18T16:57:26	304	321	398	445
2021-09-18T16:57:56	296	313	390	434
