time	T1	T2	T3	T4
2021-08-17T10:52:47	36	40	43	36
2021-08-17T10:53:17	40	43	46	36
2021-08-17T10:53:47	44	47	48	37
2021-08-17T10:54:17	48	49	50	38
2021-08-17T10:54:47	51	51	51	40
2021-08-17T10:55:17	53	52	52	42
2021-08-17T10:55:47	55	54	53	44
2021-08-17T10:56:17	57	56	55	46
2021-08-17T10:56:47	59	57	56	48
2021-08-17T10:57:17	62	58	58	50
2021-08-17T10:57:47	64	59	59	52
2021-08-17T10:58:17	66	60	61	56
2021-08-17T10:58:47	67	62	62	58
2021-08-17T10:59:17	69	63	64	60
2021-08-17T10:59:47	70	65	66	62
2021-08-17T11:00:17	72	66	67	64
2021-08-17T11:00:47	74	67	69	66
2021-08-17T11:01:17	76	68	70	68
2021-08-17T11:01:47	76	69	71	70
2021-08-17T11:02:17	78	70	73	72
2021-08-17T11:02:47	80	71	74	74
2021-08-17T11:03:17	81	73	75	76
2021-08-17T11:03:47	82	74	77	77
2021-08-17T11:04:17	84	75	77	78
2021-08-17T11:04:47	85	76	79	80
2021-08-17T11:05:17	86	77	80	82
2021-08-17T11:05:47	87	77	82	83
2021-08-17T11:06:17	89	78	83	85
2021-08-17T11:06:47	90	80	84	86
2021-08-17T11:07:17	91	81	85	87
2021-08-17T11:07:47	92	82	86	89
2021-08-17T11:08:17	94	82	87	90
2021-08-17T11:08:47	95	84	88	92
2021-08-17T11:09:17	96	84	90	93
2021-08-17T11:09:47	97	85	91	94
2021-08-17T11:10:17	98	86	91	96
2021-08-17T11:10:47	100	87	92	96
2021-08-17T11:11:17	100	88	93	97
2021-08-17T11:11:47	100	89	94	99
2021-08-17T11:12:17	102	89	95	100
2021-08-17T11:12:47	103	90	96	101
2021-08-17T11:13:17	104	91	97	102
2021-08-17T11:13:47	105	92	98	102
2021-08-17T11:14:17	106	93	99	104
2021-08-17T11:14:47	106	93	100	106
2021-08-17T11:15:17	108	94	101	107
2021-08-17T11:15:47	108	95	101	107
2021-08-17T11:16:17	109	96	103	108
2021-08-17T11:16:47	109	97	103	109
2021-08-17T11:17:17	111	97	104	110
2021-08-17T11:17:47	112	98	105	111
2021-08-17T11:18:17	113	99	106	112
2021-08-17T11:18:47	113	99	106	113
2021-08-17T11:19:17	115	100	108	113
2021-08-17T11:19:47	116	101	108	114
2021-08-17T11:20:17	117	101	109	115
2021-08-17T11:20:47	117	102	109	116
2021-08-17T11:21:17	118	103	111	117
2021-08-17T11:21:47	118	103	111	117
2021-08-17T11:22:17	119	104	112	118
2021-08-17T11:22:47	120	105	113	119
2021-08-17T11:23:17	121	106	113	119
2021-08-17T11:23:47	121	106	114	120
2021-08-17T11:24:17	122	107	115	121
2021-08-17T11:24:47	123	108	116	122
2021-08-17T11:25:17	123	108	117	122
2021-08-17T11:25:47	124	109	117	123
2021-08-17T11:26:17	125	109	118	124
2021-08-17T11:26:47	126	110	119	124
2021-08-17T11:27:17	126	111	119	125
2021-08-17T11:27:47	126	111	119	126
2021-08-17T11:28:17	127	112	121	127
2021-08-17T11:28:47	128	113	122	127
2021-08-17T11:29:17	129	113	122	128
2021-08-17T11:29:47	129	114	123	129
2021-08-17T11:30:17	130	114	123	129
2021-08-17T11:30:47	131	115	124	130
2021-08-17T11:31:17	132	117	127	131
2021-08-17T11:31:47	134	119	128	131
2021-08-17T11:32:17	134	120	128	132
2021-08-17T11:32:47	135	120	128	133
2021-08-17T11:33:17	135	120	129	134
2021-08-17T11:33:47	135	121	130	134
2021-08-17T11:34:17	138	125	134	135
2021-08-17T11:34:47	139	128	136	136
2021-08-17T11:35:17	140	128	136	137
2021-08-17T11:35:47	141	128	136	138
2021-08-17T11:36:17	142	128	136	139
2021-08-17T11:36:47	142	128	137	141
2021-08-17T11:37:17	143	130	139	141
2021-08-17T11:37:47	145	132	141	142
2021-08-17T11:38:17	145	132	140	143
2021-08-17T11:38:47	146	132	142	144
2021-08-17T11:39:17	148	135	145	144
2021-08-17T11:39:47	148	135	144	146
2021-08-17T11:40:17	148	136	145	147
2021-08-17T11:40:47	149	138	147	147
2021-08-17T11:41:17	150	139	148	148
2021-08-17T11:41:47	151	139	148	149
2021-08-17T11:42:17	151	138	148	150
2021-08-17T11:42:47	153	143	152	151
2021-08-17T11:43:17	154	144	153	152
2021-08-17T11:43:47	154	143	152	152
2021-08-17T11:44:17	155	144	153	153
2021-08-17T11:44:47	157	145	155	154
2021-08-17T11:45:17	157	146	156	155
2021-08-17T11:45:47	159	147	157	156
2021-08-17T11:46:17	160	150	160	157
2021-08-17T11:46:47	160	150	160	159
2021-08-17T11:47:17	161	150	160	159
2021-08-17T11:47:47	162	151	162	159
2021-08-17T11:48:17	162	152	162	160
2021-08-17T11:48:47	162	152	163	161
2021-08-17T11:49:17	163	153	164	163
2021-08-17T11:49:47	166	157	166	164
2021-08-17T11:50:17	166	157	167	164
2021-08-17T11:50:47	166	157	167	165
2021-08-17T11:51:17	167	159	169	166
2021-08-17T11:51:47	169	159	169	166
2021-08-17T11:52:17	169	160	171	167
2021-08-17T11:52:47	171	163	173	168
2021-08-17T11:53:17	171	162	173	169
2021-08-17T11:53:47	172	164	174	171
2021-08-17T11:54:17	174	165	175	172
2021-08-17T11:54:47	173	164	175	172
2021-08-17T11:55:17	174	167	178	172
2021-08-17T11:55:47	176	168	179	173
2021-08-17T11:56:17	176	167	178	175
2021-08-17T11:56:48	178	170	181	176
2021-08-17T11:57:18	179	171	181	176
2021-08-17T11:57:48	179	170	181	177
2021-08-17T11:58:18	181	174	185	179
2021-08-17T11:58:48	182	174	184	179
2021-08-17T11:59:18	182	175	184	180
2021-08-17T11:59:48	184	177	187	180
2021-08-17T12:00:18	183	176	187	181
2021-08-17T12:00:48	185	178	190	183
2021-08-17T12:01:18	186	181	191	183
2021-08-17T12:01:48	186	180	190	185
2021-08-17T12:02:18	188	182	193	186
2021-08-17T12:02:48	187	182	192	187
2021-08-17T12:03:18	190	183	195	187
2021-08-17T12:03:48	189	184	194	188
2021-08-17T12:04:18	192	187	197	189
2021-08-17T12:04:48	193	187	197	190
2021-08-17T12:05:18	192	186	197	191
2021-08-17T12:05:48	194	190	201	192
2021-08-17T12:06:18	194	189	200	193
2021-08-17T12:06:48	197	191	201	194
2021-08-17T12:07:18	200	194	204	195
2021-08-17T12:07:48	201	193	203	196
2021-08-17T12:08:18	202	195	205	197
2021-08-17T12:08:48	203	196	207	198
2021-08-17T12:09:18	202	195	206	199
2021-08-17T12:09:48	203	198	209	200
2021-08-17T12:10:18	204	199	209	201
2021-08-17T12:10:48	204	198	208	202
2021-08-17T12:11:18	208	203	212	203
2021-08-17T12:11:48	210	203	213	204
2021-08-17T12:12:18	209	202	212	205
2021-08-17T12:12:48	210	205	215	205
2021-08-17T12:13:18	210	206	215	207
2021-08-17T12:13:48	211	207	217	208
2021-08-17T12:14:18	213	209	218	209
2021-08-17T12:14:48	213	208	217	209
2021-08-17T12:15:18	213	209	219	209
2021-08-17T12:15:48	215	210	221	211
2021-08-17T12:16:18	220	211	222	212
2021-08-17T12:16:48	219	211	222	213
2021-08-17T12:17:18	220	213	223	214
2021-08-17T12:17:48	219	213	224	215
2021-08-17T12:18:18	220	215	226	216
2021-08-17T12:18:48	220	215	227	217
2021-08-17T12:19:18	221	218	228	218
2021-08-17T12:19:48	226	218	230	219
2021-08-17T12:20:18	227	221	231	220
2021-08-17T12:20:48	227	220	231	221
2021-08-17T12:21:18	227	221	232	222
2021-08-17T12:21:48	227	223	233	223
2021-08-17T12:22:18	228	223	234	224
2021-08-17T12:22:48	232	225	236	225
2021-08-17T12:23:18	233	226	237	226
2021-08-17T12:23:48	233	226	236	227
2021-08-17T12:24:18	234	229	239	228
2021-08-17T12:24:48	234	227	238	229
2021-08-17T12:25:18	237	231	241	229
2021-08-17T12:25:48	237	230	241	230
2021-08-17T12:26:18	239	232	243	232
2021-08-17T12:26:48	238	232	243	233
2021-08-17T12:27:18	242	235	245	233
2021-08-17T12:27:48	242	233	245	235
2021-08-17T12:28:18	243	236	247	236
2021-08-17T12:28:48	243	238	250	236
2021-08-17T12:29:18	244	238	249	237
2021-08-17T12:29:48	247	240	251	239
2021-08-17T12:30:18	247	240	253	240
2021-08-17T12:30:48	246	240	252	241
2021-08-17T12:31:18	251	242	254	242
2021-08-17T12:31:48	252	242	254	243
2021-08-17T12:32:18	252	245	256	244
2021-08-17T12:32:48	252	246	258	245
2021-08-17T12:33:18	252	245	258	246
2021-08-17T12:33:48	253	247	259	247
2021-08-17T12:34:18	255	249	261	248
2021-08-17T12:34:48	256	249	260	249
2021-08-17T12:35:18	256	250	263	250
2021-08-17T12:35:48	258	249	262	251
2021-08-17T12:36:18	258	252	264	252
2021-08-17T12:36:48	261	254	266	253
2021-08-17T12:37:18	262	254	265	253
2021-08-17T12:37:48	263	255	268	255
2021-08-17T12:38:18	262	255	267	256
2021-08-17T12:38:48	266	258	270	257
2021-08-17T12:39:18	267	258	271	258
2021-08-17T12:39:48	267	260	272	259
2021-08-17T12:40:18	267	260	272	260
2021-08-17T12:40:48	270	262	275	261
2021-08-17T12:41:18	270	262	276	262
2021-08-17T12:41:48	270	262	275	263
2021-08-17T12:42:18	273	263	277	264
2021-08-17T12:42:48	273	265	278	265
2021-08-17T12:43:18	273	267	280	266
2021-08-17T12:43:48	275	266	280	268
2021-08-17T12:44:18	277	270	282	268
2021-08-17T12:44:48	276	270	283	268
2021-08-17T12:45:18	278	270	282	269
2021-08-17T12:45:48	282	271	284	271
2021-08-17T12:46:18	282	273	286	272
2021-08-17T12:46:48	281	272	285	273
2021-08-17T12:47:18	284	275	288	274
2021-08-17T12:47:48	284	276	288	275
2021-08-17T12:48:18	286	277	291	276
2021-08-17T12:48:48	286	278	290	277
2021-08-17T12:49:18	286	279	292	278
2021-08-17T12:49:48	289	279	293	279
2021-08-17T12:50:18	290	281	293	280
2021-08-17T12:50:48	289	283	297	281
2021-08-17T12:51:18	291	282	296	282
2021-08-17T12:51:48	291	284	296	283
2021-08-17T12:52:18	295	286	300	284
2021-08-17T12:52:48	293	285	300	285
2021-08-17T12:53:18	294	286	300	286
2021-08-17T12:53:48	298	290	303	287
2021-08-17T12:54:18	296	288	301	288
2021-08-17T12:54:48	300	290	304	289
2021-08-17T12:55:18	299	290	304	290
2021-08-17T12:55:48	302	292	306	291
2021-08-17T12:56:18	301	293	307	292
2021-08-17T12:56:48	303	294	309	293
2021-08-17T12:57:18	305	294	309	294
2021-08-17T12:57:48	304	295	310	296
2021-08-17T12:58:18	308	297	312	297
2021-08-17T12:58:48	307	297	312	298
2021-08-17T12:59:18	308	298	312	299
2021-08-17T12:59:48	311	300	314	300
2021-08-17T13:00:18	311	301	316	301
2021-08-17T13:00:48	311	301	317	302
2021-08-17T13:01:18	312	301	317	303
2021-08-17T13:01:48	314	305	320	304
2021-08-17T13:02:18	315	306	320	306
2021-08-17T13:02:48	315	307	322	306
2021-08-17T13:03:18	316	306	322	307
2021-08-17T13:03:48	319	308	325	308
2021-08-17T13:04:18	319	308	323	309
2021-08-17T13:04:48	320	309	323	311
2021-08-17T13:05:18	321	310	326	312
2021-08-17T13:05:48	323	313	328	312
2021-08-17T13:06:18	323	313	327	314
2021-08-17T13:06:48	324	316	331	316
2021-08-17T13:07:18	326	315	331	317
2021-08-17T13:07:48	329	316	331	318
2021-08-17T13:08:18	327	316	331	319
2021-08-17T13:08:48	329	318	335	320
2021-08-17T13:09:18	329	318	334	321
2021-08-17T13:09:48	333	319	335	322
2021-08-17T13:10:18	331	320	337	323
2021-08-17T13:10:48	334	322	339	324
2021-08-17T13:11:18	334	322	339	325
2021-08-17T13:11:48	335	323	340	326
2021-08-17T13:12:18	334	323	341	327
2021-08-17T13:12:48	338	325	342	327
2021-08-17T13:13:18	337	327	344	328
2021-08-17T13:13:48	340	328	344	329
2021-08-17T13:14:18	343	330	346	331
2021-08-17T13:14:48	344	331	345	332
2021-08-17T13:15:18	342	333	348	333
2021-08-17T13:15:48	343	332	349	334
2021-08-17T13:16:18	346	335	351	336
2021-08-17T13:16:48	346	333	348	336
2021-08-17T13:17:18	349	337	353	337
2021-08-17T13:17:48	347	335	353	338
2021-08-17T13:18:18	350	336	354	340
2021-08-17T13:18:48	349	337	354	341
2021-08-17T13:19:18	351	340	358	342
2021-08-17T13:19:48	353	341	359	343
2021-08-17T13:20:18	353	341	357	343
2021-08-17T13:20:48	355	342	359	345
2021-08-17T13:21:18	355	343	361	346
2021-08-17T13:21:48	356	345	363	347
2021-08-17T13:22:18	357	345	361	348
2021-08-17T13:22:48	360	346	363	349
2021-08-17T13:23:18	360	347	365	350
2021-08-17T13:23:48	359	347	365	350
2021-08-17T13:24:18	364	349	367	352
2021-08-17T13:24:48	363	351	369	353
2021-08-17T13:25:18	366	350	368	355
2021-08-17T13:25:48	366	353	372	355
2021-08-17T13:26:18	367	353	370	357
2021-08-17T13:26:48	367	354	371	358
2021-08-17T13:27:18	369	356	374	358
2021-08-17T13:27:48	367	356	373	360
2021-08-17T13:28:18	372	357	376	361
2021-08-17T13:28:48	371	358	377	362
2021-08-17T13:29:18	373	360	377	363
2021-08-17T13:29:48	374	360	377	364
2021-08-17T13:30:18	376	362	379	365
2021-08-17T13:30:48	375	362	381	366
2021-08-17T13:31:18	378	363	381	368
2021-08-17T13:31:48	379	365	383	369
2021-08-17T13:32:18	379	366	384	370
2021-08-17T13:32:48	381	367	384	371
2021-08-17T13:33:18	379	366	385	372
2021-08-17T13:33:48	382	369	387	373
2021-08-17T13:34:18	384	371	389	373
2021-08-17T13:34:48	384	371	389	375
2021-08-17T13:35:18	385	371	388	375
2021-08-17T13:35:48	387	374	392	377
2021-08-17T13:36:18	389	373	391	379
2021-08-17T13:36:48	388	375	393	380
2021-08-17T13:37:18	391	377	395	381
2021-08-17T13:37:48	390	378	396	382
2021-08-17T13:38:18	393	381	398	383
2021-08-17T13:38:48	391	379	395	384
2021-08-17T13:39:18	395	382	400	385
2021-08-17T13:39:48	394	382	399	386
2021-08-17T13:40:18	396	383	401	387
2021-08-17T13:40:48	396	380	400	389
2021-08-17T13:41:18	399	384	405	389
2021-08-17T13:41:48	399	385	403	390
2021-08-17T13:42:18	401	387	406	392
2021-08-17T13:42:48	400	385	405	393
2021-08-17T13:43:18	405	389	408	393
2021-08-17T13:43:48	404	390	410	395
2021-08-17T13:44:18	405	391	409	396
2021-08-17T13:44:48	405	392	410	397
2021-08-17T13:45:18	408	394	413	399
2021-08-17T13:45:48	408	395	413	400
2021-08-17T13:46:18	408	395	413	401
2021-08-17T13:46:48	411	397	415	402
2021-08-17T13:47:18	408	397	415	403
2021-08-17T13:47:48	413	400	418	403
2021-08-17T13:48:18	411	399	417	404
2021-08-17T13:48:48	416	401	419	405
2021-08-17T13:49:18	414	400	418	407
2021-08-17T13:49:48	416	404	423	408
2021-08-17T13:50:18	419	404	421	409
2021-08-17T13:50:48	421	405	423	411
2021-08-17T13:51:18	419	406	423	412
2021-08-17T13:51:48	422	408	426	413
2021-08-17T13:52:18	420	407	426	414
2021-08-17T13:52:48	424	410	429	415
2021-08-17T13:53:18	425	410	428	416
2021-08-17T13:53:48	424	410	429	417
2021-08-17T13:54:18	427	412	431	418
2021-08-17T13:54:48	428	413	432	419
2021-08-17T13:55:18	427	413	431	420
2021-08-17T13:55:48	431	414	432	421
2021-08-17T13:56:18	430	416	436	422
2021-08-17T13:56:48	430	415	436	424
2021-08-17T13:57:18	432	419	437	425
2021-08-17T13:57:48	435	418	438	425
2021-08-17T13:58:18	434	420	439	426
2021-08-17T13:58:48	437	421	440	428
2021-08-17T13:59:18	436	422	440	429
2021-08-17T13:59:48	438	423	443	430
2021-08-17T14:00:18	439	426	446	431
2021-08-17T14:00:48	439	425	443	432
2021-08-17T14:01:18	441	428	447	433
2021-08-17T14:01:48	441	427	447	434
2021-08-17T14:02:18	443	427	447	435
2021-08-17T14:02:48	445	428	450	436
2021-08-17T14:03:18	446	429	448	438
2021-08-17T14:03:48	445	430	449	438
2021-08-17T14:04:18	448	433	451	439
2021-08-17T14:04:48	448	433	453	441
2021-08-17T14:05:18	450	432	454	442
2021-08-17T14:05:48	450	434	456	443
2021-08-17T14:06:18	454	436	456	444
2021-08-17T14:06:48	451	436	457	445
2021-08-17T14:07:18	455	438	458	447
2021-08-17T14:07:48	453	438	458	447
2021-08-17T14:08:18	455	441	461	448
2021-08-17T14:08:48	458	441	462	450
2021-08-17T14:09:18	459	443	464	450
2021-08-17T14:09:48	459	441	461	451
2021-08-17T14:10:18	461	443	465	452
2021-08-17T14:10:48	461	443	465	454
2021-08-17T14:11:18	460	444	466	455
2021-08-17T14:11:48	465	446	468	456
2021-08-17T14:12:18	462	447	468	457
2021-08-17T14:12:48	468	448	469	458
2021-08-17T14:13:18	466	448	470	459
2021-08-17T14:13:48	468	451	472	460
2021-08-17T14:14:18	469	453	475	461
2021-08-17T14:14:48	469	452	475	462
2021-08-17T14:15:18	470	453	474	463
2021-08-17T14:15:48	472	454	476	464
2021-08-17T14:16:18	474	456	478	465
2021-08-17T14:16:48	474	456	477	466
2021-08-17T14:17:18	478	458	480	468
2021-08-17T14:17:48	476	458	480	468
2021-08-17T14:18:18	479	460	482	470
2021-08-17T14:18:48	477	461	483	471
2021-08-17T14:19:18	481	461	484	472
2021-08-17T14:19:48	481	462	484	473
2021-08-17T14:20:18	481	463	487	474
2021-08-17T14:20:48	482	464	486	475
2021-08-17T14:21:18	485	464	489	476
2021-08-17T14:21:48	485	463	487	477
2021-08-17T14:22:18	486	466	490	478
2021-08-17T14:22:48	486	467	490	479
2021-08-17T14:23:18	489	470	493	481
2021-08-17T14:23:48	489	470	493	481
2021-08-17T14:24:18	489	471	496	482
2021-08-17T14:24:48	493	473	495	484
2021-08-17T14:25:18	494	474	497	485
2021-08-17T14:25:48	493	473	498	485
2021-08-17T14:26:18	496	476	499	486
2021-08-17T14:26:48	498	477	500	488
2021-08-17T14:27:18	498	477	502	489
2021-08-17T14:27:48	497	478	500	490
2021-08-17T14:28:18	501	481	504	492
2021-08-17T14:28:48	499	482	505	492
2021-08-17T14:29:18	499	480	504	493
2021-08-17T14:29:48	502	482	505	494
2021-08-17T14:30:18	502	483	507	496
2021-08-17T14:30:48	505	484	510	497
2021-08-17T14:31:18	506	484	509	498
2021-08-17T14:31:48	506	485	510	498
2021-08-17T14:32:18	509	488	513	499
2021-08-17T14:32:48	508	488	512	501
2021-08-17T14:33:18	508	490	513	501
2021-08-17T14:33:48	511	491	515	502
2021-08-17T14:34:18	510	491	516	504
2021-08-17T14:34:48	511	492	518	505
2021-08-17T14:35:18	513	492	517	506
2021-08-17T14:35:48	516	493	517	506
2021-08-17T14:36:18	514	494	519	508
2021-08-17T14:36:48	519	496	521	509
2021-08-17T14:37:18	518	498	523	510
2021-08-17T14:37:48	520	498	522	513
2021-08-17T14:38:18	521	498	525	514
2021-08-17T14:38:48	521	499	525	515
2021-08-17T14:39:18	522	500	526	515
2021-08-17T14:39:48	523	501	526	517
2021-08-17T14:40:18	525	503	529	518
2021-08-17T14:40:48	526	505	532	519
2021-08-17T14:41:18	527	504	530	520
2021-08-17T14:41:48	527	506	532	521
2021-08-17T14:42:18	528	506	533	522
2021-08-17T14:42:48	529	508	534	523
2021-08-17T14:43:18	532	509	535	524
2021-08-17T14:43:48	533	510	537	525
2021-08-17T14:44:18	533	510	536	526
2021-08-17T14:44:48	532	511	538	527
2021-08-17T14:45:18	536	513	540	528
2021-08-17T14:45:48	535	512	538	529
2021-08-17T14:46:18	538	514	542	531
2021-08-17T14:46:48	538	515	544	531
2021-08-17T14:47:18	539	515	542	533
2021-08-17T14:47:48	541	516	545	534
2021-08-17T14:48:18	540	517	546	535
2021-08-17T14:48:48	543	518	546	536
2021-08-17T14:49:18	545	519	548	537
2021-08-17T14:49:48	545	521	550	538
2021-08-17T14:50:18	548	521	549	540
2021-08-17T14:50:48	548	523	552	541
2021-08-17T14:51:18	547	523	553	542
2021-08-17T14:51:48	549	525	554	543
2021-08-17T14:52:18	552	526	554	544
2021-08-17T14:52:48	551	527	555	545
2021-08-17T14:53:18	552	528	556	547
2021-08-17T14:53:48	552	529	559	549
2021-08-17T14:54:18	554	529	559	550
2021-08-17T14:54:48	557	531	558	551
2021-08-17T14:55:18	556	532	561	552
2021-08-17T14:55:48	559	533	562	553
2021-08-17T14:56:18	558	533	564	554
2021-08-17T14:56:48	561	535	564	556
2021-08-17T14:57:18	561	535	566	556
2021-08-17T14:57:48	562	537	566	558
2021-08-17T14:58:18	564	538	567	559
2021-08-17T14:58:48	564	539	569	560
2021-08-17T14:59:18	566	539	567	561
2021-08-17T14:59:48	566	539	570	563
2021-08-17T15:00:18	566	542	571	563
2021-08-17T15:00:48	568	542	572	564
2021-08-17T15:01:18	568	543	574	565
2021-08-17T15:01:48	570	544	573	566
2021-08-17T15:02:18	571	545	575	568
2021-08-17T15:02:48	573	546	577	569
2021-08-17T15:03:18	574	547	578	571
2021-08-17T15:03:48	575	548	579	571
2021-08-17T15:04:18	576	549	579	573
2021-08-17T15:04:48	577	550	581	574
2021-08-17T15:05:18	578	551	582	575
2021-08-17T15:05:48	580	551	583	575
2021-08-17T15:06:18	580	553	584	577
2021-08-17T15:06:48	580	553	585	579
2021-08-17T15:07:18	583	555	586	579
2021-08-17T15:07:48	582	555	588	580
2021-08-17T15:08:18	581	556	587	581
2021-08-17T15:08:48	585	557	589	583
2021-08-17T15:09:18	587	558	590	584
2021-08-17T15:09:48	586	559	592	585
2021-08-17T15:10:18	588	560	592	587
2021-08-17T15:10:48	590	561	594	587
2021-08-17T15:11:18	591	562	594	589
2021-08-17T15:11:48	591	564	595	590
2021-08-17T15:12:18	593	564	599	591
2021-08-17T15:12:48	595	564	597	592
2021-08-17T15:13:18	595	565	599	593
2021-08-17T15:13:48	593	566	600	594
2021-08-17T15:14:18	599	566	601	595
2021-08-17T15:14:48	597	567	602	596
2021-08-17T15:15:18	601	569	603	597
2021-08-17T15:15:48	601	571	604	598
2021-08-17T15:16:18	603	570	605	600
2021-08-17T15:16:48	603	572	606	601
2021-08-17T15:17:18	604	573	607	602
2021-08-17T15:17:48	605	575	608	603
2021-08-17T15:18:18	605	575	609	604
2021-08-17T15:18:48	608	576	611	605
2021-08-17T15:19:18	610	578	611	607
2021-08-17T15:19:48	608	578	612	608
2021-08-17T15:20:18	608	579	613	609
2021-08-17T15:20:48	612	580	615	610
2021-08-17T15:21:18	613	580	616	611
2021-08-17T15:21:48	613	582	616	611
2021-08-17T15:22:18	614	583	617	614
2021-08-17T15:22:48	616	584	619	615
2021-08-17T15:23:18	616	585	619	616
2021-08-17T15:23:48	616	585	621	616
2021-08-17T15:24:18	620	586	621	618
2021-08-17T15:24:48	620	587	623	620
2021-08-17T15:25:18	620	589	624	621
2021-08-17T15:25:48	622	590	624	622
2021-08-17T15:26:18	624	590	624	623
2021-08-17T15:26:48	625	591	626	624
2021-08-17T15:27:18	626	593	628	625
2021-08-17T15:27:48	629	593	628	626
2021-08-17T15:28:18	628	594	629	627
2021-08-17T15:28:48	629	595	630	628
2021-08-17T15:29:18	629	596	631	630
2021-08-17T15:29:48	631	598	632	630
2021-08-17T15:30:18	632	598	633	632
2021-08-17T15:30:48	634	600	634	633
2021-08-17T15:31:18	635	601	635	633
2021-08-17T15:31:48	635	601	635	635
2021-08-17T15:32:18	638	602	637	637
2021-08-17T15:32:48	638	603	638	638
2021-08-17T15:33:18	639	604	638	638
2021-08-17T15:33:48	638	605	640	640
2021-08-17T15:34:18	641	607	642	641
2021-08-17T15:34:48	643	607	642	641
2021-08-17T15:35:18	644	607	643	643
2021-08-17T15:35:48	642	609	644	644
2021-08-17T15:36:18	644	610	646	646
2021-08-17T15:36:48	646	611	646	646
2021-08-17T15:37:18	646	612	647	647
2021-08-17T15:37:48	649	613	648	649
2021-08-17T15:38:18	650	614	650	649
2021-08-17T15:38:48	651	615	650	650
2021-08-17T15:39:18	652	615	650	652
2021-08-17T15:39:48	653	616	652	652
2021-08-17T15:40:18	655	617	652	653
2021-08-17T15:40:48	653	618	653	654
2021-08-17T15:41:18	654	619	654	656
2021-08-17T15:41:48	656	620	655	657
2021-08-17T15:42:18	657	620	655	658
2021-08-17T15:42:48	659	621	657	659
2021-08-17T15:43:18	660	622	657	659
2021-08-17T15:43:48	660	623	658	661
2021-08-17T15:44:18	662	624	659	662
2021-08-17T15:44:48	665	624	661	663
2021-08-17T15:45:18	665	626	662	664
2021-08-17T15:45:48	665	626	663	665
2021-08-17T15:46:18	665	627	664	665
2021-08-17T15:46:48	667	629	664	666
2021-08-17T15:47:18	669	630	664	667
2021-08-17T15:47:48	669	630	665	669
2021-08-17T15:48:18	670	631	667	670
2021-08-17T15:48:48	671	633	667	670
2021-08-17T15:49:18	672	633	669	672
2021-08-17T15:49:48	674	634	669	673
2021-08-17T15:50:18	675	635	670	674
2021-08-17T15:50:48	675	636	672	675
2021-08-17T15:51:18	679	636	671	676
2021-08-17T15:51:48	678	638	672	677
2021-08-17T15:52:18	678	639	673	677
2021-08-17T15:52:48	680	639	674	679
2021-08-17T15:53:18	681	641	676	680
2021-08-17T15:53:48	682	642	676	681
2021-08-17T15:54:18	681	642	677	682
2021-08-17T15:54:48	685	644	677	683
2021-08-17T15:55:18	685	644	678	685
2021-08-17T15:55:48	686	645	679	685
2021-08-17T15:56:18	686	646	680	686
2021-08-17T15:56:48	689	647	681	687
2021-08-17T15:57:18	689	648	682	688
2021-08-17T15:57:48	692	648	681	689
2021-08-17T15:58:18	692	649	684	689
2021-08-17T15:58:48	693	651	685	691
2021-08-17T15:59:18	694	651	685	691
2021-08-17T15:59:48	695	651	687	692
2021-08-17T16:00:18	695	653	686	694
2021-08-17T16:00:48	696	655	689	695
2021-08-17T16:01:18	697	656	689	696
2021-08-17T16:01:48	699	656	691	697
2021-08-17T16:02:18	701	658	691	698
2021-08-17T16:02:48	701	659	692	699
2021-08-17T16:03:18	703	659	693	700
2021-08-17T16:03:48	704	660	695	701
2021-08-17T16:04:18	705	660	696	702
2021-08-17T16:04:48	707	662	696	702
2021-08-17T16:05:18	707	663	697	705
2021-08-17T16:05:48	709	664	698	706
2021-08-17T16:06:18	710	665	699	707
2021-08-17T16:06:48	710	666	700	708
2021-08-17T16:07:18	710	666	701	708
2021-08-17T16:07:48	711	667	702	709
2021-08-17T16:08:18	713	668	703	710
2021-08-17T16:08:48	715	670	704	712
2021-08-17T16:09:18	715	671	704	712
2021-08-17T16:09:48	717	671	705	713
2021-08-17T16:10:18	715	671	706	715
2021-08-17T16:10:48	720	672	707	716
2021-08-17T16:11:18	721	674	708	716
2021-08-17T16:11:48	721	674	709	717
2021-08-17T16:12:18	723	675	710	718
2021-08-17T16:12:48	723	676	710	719
2021-08-17T16:13:18	723	676	712	721
2021-08-17T16:13:48	727	678	712	722
2021-08-17T16:14:18	727	678	714	723
2021-08-17T16:14:48	727	680	714	723
2021-08-17T16:15:18	727	681	715	724
2021-08-17T16:15:48	730	682	715	725
2021-08-17T16:16:18	729	683	717	726
2021-08-17T16:16:48	732	683	718	727
2021-08-17T16:17:18	731	684	719	728
2021-08-17T16:17:48	733	686	719	730
2021-08-17T16:18:18	736	686	720	731
2021-08-17T16:18:48	734	687	721	731
2021-08-17T16:19:18	736	688	722	732
2021-08-17T16:19:48	737	689	722	733
2021-08-17T16:20:18	737	689	724	734
2021-08-17T16:20:48	740	691	725	736
2021-08-17T16:21:18	739	690	726	737
2021-08-17T16:21:48	742	692	727	738
2021-08-17T16:22:18	743	693	727	739
2021-08-17T16:22:48	746	694	729	740
2021-08-17T16:23:18	744	695	729	741
2021-08-17T16:23:48	745	695	730	742
2021-08-17T16:24:18	749	697	731	743
2021-08-17T16:24:48	750	697	732	743
2021-08-17T16:25:18	750	698	733	744
2021-08-17T16:25:48	752	699	734	746
2021-08-17T16:26:18	751	701	734	746
2021-08-17T16:26:48	751	702	736	746
2021-08-17T16:27:18	754	702	736	748
2021-08-17T16:27:48	754	703	737	750
2021-08-17T16:28:18	757	705	738	751
2021-08-17T16:28:48	759	704	739	751
2021-08-17T16:29:18	756	706	740	752
2021-08-17T16:29:48	760	707	741	752
2021-08-17T16:30:18	759	708	742	754
2021-08-17T16:30:48	762	709	743	755
2021-08-17T16:31:18	763	710	744	757
2021-08-17T16:31:48	764	710	744	757
2021-08-17T16:32:18	764	712	745	759
2021-08-17T16:32:48	766	713	746	759
2021-08-17T16:33:18	765	713	747	760
2021-08-17T16:33:48	770	714	748	761
2021-08-17T16:34:18	768	715	748	762
2021-08-17T16:34:48	771	715	750	764
2021-08-17T16:35:18	772	717	751	764
2021-08-17T16:35:48	772	718	751	764
2021-08-17T16:36:18	772	719	752	766
2021-08-17T16:36:48	775	720	753	767
2021-08-17T16:37:18	775	720	754	767
2021-08-17T16:37:48	775	721	755	769
2021-08-17T16:38:18	778	721	755	770
2021-08-17T16:38:48	778	722	757	770
2021-08-17T16:39:18	779	724	758	772
2021-08-17T16:39:48	780	724	758	773
2021-08-17T16:40:18	782	725	759	774
2021-08-17T16:40:48	783	726	760	775
2021-08-17T16:41:18	786	728	761	775
2021-08-17T16:41:48	783	728	761	777
2021-08-17T16:42:18	787	728	763	777
2021-08-17T16:42:48	787	729	764	778
2021-08-17T16:43:18	789	730	764	779
2021-08-17T16:43:48	788	731	764	780
2021-08-17T16:44:18	790	733	766	781
2021-08-17T16:44:48	790	733	767	782
2021-08-17T16:45:18	793	734	767	782
2021-08-17T16:45:48	795	734	768	784
2021-08-17T16:46:18	795	735	769	785
2021-08-17T16:46:48	795	736	770	785
2021-08-17T16:47:18	797	738	770	786
2021-08-17T16:47:48	797	739	771	788
2021-08-17T16:48:18	799	739	772	787
2021-08-17T16:48:48	801	740	773	789
2021-08-17T16:49:18	800	741	774	790
2021-08-17T16:49:48	802	741	774	791
2021-08-17T16:50:18	804	743	775	794
2021-08-17T16:50:48	803	744	776	792
2021-08-17T16:51:18	805	744	776	794
2021-08-17T16:51:48	807	745	777	794
2021-08-17T16:52:18	807	746	777	795
2021-08-17T16:52:48	809	746	778	797
2021-08-17T16:53:18	810	747	779	797
2021-08-17T16:53:48	810	748	780	798
2021-08-17T16:54:18	811	749	780	800
2021-08-17T16:54:48	811	750	781	800
2021-08-17T16:55:18	813	751	781	801
2021-08-17T16:55:48	814	751	782	802
2021-08-17T16:56:18	814	751	783	802
2021-08-17T16:56:48	815	752	783	803
2021-08-17T16:57:18	816	754	784	804
2021-08-17T16:57:48	817	754	784	805
2021-08-17T16:58:18	818	755	785	805
2021-08-17T16:58:48	819	756	786	806
2021-08-17T16:59:18	819	757	787	807
2021-08-17T16:59:48	820	757	788	807
2021-08-17T17:00:18	821	758	789	808
2021-08-17T17:00:48	822	759	789	809
2021-08-17T17:01:18	822	758	789	810
2021-08-17T17:01:48	823	760	790	811
2021-08-17T17:02:18	825	759	791	812
2021-08-17T17:02:48	825	760	791	812
2021-08-17T17:03:18	826	761	792	813
2021-08-17T17:03:48	826	762	792	812
2021-08-17T17:04:18	826	763	793	814
2021-08-17T17:04:48	828	764	794	815
2021-08-17T17:05:18	829	764	795	815
2021-08-17T17:05:48	830	765	796	815
2021-08-17T17:06:18	830	766	796	817
2021-08-17T17:06:48	831	767	797	814
2021-08-17T17:07:18	832	768	797	817
2021-08-17T17:07:48	832	767	798	818
2021-08-17T17:08:18	833	769	800	820
2021-08-17T17:08:48	834	771	801	820
2021-08-17T17:09:18	835	771	802	821
2021-08-17T17:09:48	837	772	802	822
2021-08-17T17:10:18	838	773	803	822
2021-08-17T17:10:48	839	773	805	823
2021-08-17T17:11:18	840	773	805	825
2021-08-17T17:11:48	840	775	806	825
2021-08-17T17:12:18	842	775	807	826
2021-08-17T17:12:48	842	776	808	828
2021-08-17T17:13:18	843	777	808	828
2021-08-17T17:13:48	845	777	809	830
2021-08-17T17:14:18	844	777	810	830
2021-08-17T17:14:48	846	779	810	831
2021-08-17T17:15:18	847	779	812	832
2021-08-17T17:15:48	849	780	812	833
2021-08-17T17:16:18	849	780	813	835
2021-08-17T17:16:48	850	781	815	836
2021-08-17T17:17:18	851	782	815	836
2021-08-17T17:17:48	851	782	816	837
2021-08-17T17:18:18	852	783	816	839
2021-08-17T17:18:48	854	783	817	840
2021-08-17T17:19:18	854	784	818	840
2021-08-17T17:19:48	855	785	819	841
2021-08-17T17:20:18	856	785	820	842
2021-08-17T17:20:48	858	786	820	842
2021-08-17T17:21:18	858	786	821	844
2021-08-17T17:21:48	859	787	823	845
2021-08-17T17:22:18	861	788	823	846
2021-08-17T17:22:48	861	789	824	847
2021-08-17T17:23:18	862	790	825	848
2021-08-17T17:23:48	863	790	826	849
2021-08-17T17:24:18	865	791	827	850
2021-08-17T17:24:48	865	792	827	851
2021-08-17T17:25:18	867	793	829	852
2021-08-17T17:25:48	867	793	829	850
2021-08-17T17:26:18	868	794	830	853
2021-08-17T17:26:48	869	794	831	855
2021-08-17T17:27:18	872	795	832	855
2021-08-17T17:27:48	872	796	833	856
2021-08-17T17:28:18	872	796	834	858
2021-08-17T17:28:48	874	797	834	858
2021-08-17T17:29:18	875	798	835	860
2021-08-17T17:29:48	875	798	835	861
2021-08-17T17:30:18	876	799	837	862
2021-08-17T17:30:48	877	800	837	863
2021-08-17T17:31:18	879	801	839	863
2021-08-17T17:31:48	880	802	840	864
2021-08-17T17:32:18	882	802	840	866
2021-08-17T17:32:48	882	803	841	867
2021-08-17T17:33:18	883	804	843	868
2021-08-17T17:33:48	885	806	843	869
2021-08-17T17:34:18	885	805	845	871
2021-08-17T17:34:48	886	807	846	871
2021-08-17T17:35:18	888	808	847	872
2021-08-17T17:35:48	888	808	848	873
2021-08-17T17:36:18	889	809	849	874
2021-08-17T17:36:48	890	810	850	875
2021-08-17T17:37:18	891	811	850	876
2021-08-17T17:37:48	892	812	851	877
2021-08-17T17:38:18	894	813	852	877
2021-08-17T17:38:48	895	813	854	879
2021-08-17T17:39:18	896	814	854	880
2021-08-17T17:39:48	898	815	855	882
2021-08-17T17:40:18	899	816	856	882
2021-08-17T17:40:48	900	816	857	884
2021-08-17T17:41:18	900	817	858	885
2021-08-17T17:41:48	902	819	858	886
2021-08-17T17:42:18	902	819	860	887
2021-08-17T17:42:48	903	820	861	888
2021-08-17T17:43:18	904	821	862	888
2021-08-17T17:43:48	905	822	863	890
2021-08-17T17:44:18	907	823	864	891
2021-08-17T17:44:48	908	824	865	892
2021-08-17T17:45:18	908	824	866	893
2021-08-17T17:45:48	909	825	866	894
2021-08-17T17:46:18	910	826	868	896
2021-08-17T17:46:48	912	828	869	897
2021-08-17T17:47:18	914	829	870	898
2021-08-17T17:47:48	915	829	871	899
2021-08-17T17:48:18	915	830	872	899
2021-08-17T17:48:48	916	830	872	900
2021-08-17T17:49:18	917	831	874	902
2021-08-17T17:49:48	919	832	875	903
2021-08-17T17:50:18	920	834	876	903
2021-08-17T17:50:48	921	835	877	906
2021-08-17T17:51:18	923	836	878	907
2021-08-17T17:51:48	923	836	878	908
2021-08-17T17:52:18	924	837	879	909
2021-08-17T17:52:48	926	838	881	910
2021-08-17T17:53:18	928	840	882	911
2021-08-17T17:53:48	928	841	882	912
2021-08-17T17:54:18	929	842	883	914
2021-08-17T17:54:48	930	843	884	915
2021-08-17T17:55:18	931	844	886	916
2021-08-17T17:55:48	933	845	887	917
2021-08-17T17:56:18	934	846	889	918
2021-08-17T17:56:48	935	847	890	919
2021-08-17T17:57:18	936	848	891	919
2021-08-17T17:57:48	937	849	891	921
2021-08-17T17:58:18	938	851	893	923
2021-08-17T17:58:48	940	852	894	922
2021-08-17T17:59:18	942	853	895	924
2021-08-17T17:59:48	943	854	896	926
2021-08-17T18:00:18	943	855	897	927
2021-08-17T18:00:48	944	855	898	929
2021-08-17T18:01:18	946	856	900	930
2021-08-17T18:01:48	946	857	901	931
2021-08-17T18:02:18	948	858	902	932
2021-08-17T18:02:48	949	860	903	933
2021-08-17T18:03:18	951	861	904	934
2021-08-17T18:03:48	951	862	904	935
2021-08-17T18:04:18	953	863	906	936
2021-08-17T18:04:48	954	864	907	938
2021-08-17T18:05:18	952	865	908	938
2021-08-17T18:05:48	954	866	909	939
2021-08-17T18:06:18	955	867	910	940
2021-08-17T18:06:48	953	868	911	942
2021-08-17T18:07:18	953	869	912	941
2021-08-17T18:07:48	953	870	913	942
2021-08-17T18:08:18	953	871	914	943
2021-08-17T18:08:48	954	872	915	944
2021-08-17T18:09:18	953	873	916	945
2021-08-17T18:09:48	954	874	917	944
2021-08-17T18:10:18	952	875	918	945
2021-08-17T18:10:48	954	876	919	946
2021-08-17T18:11:18	955	877	921	946
2021-08-17T18:11:48	955	878	922	947
2021-08-17T18:12:18	953	879	923	947
2021-08-17T18:12:48	953	879	924	946
2021-08-17T18:13:18	953	881	925	947
2021-08-17T18:13:48	953	882	926	948
2021-08-17T18:14:18	953	883	927	948
2021-08-17T18:14:48	954	884	928	949
2021-08-17T18:15:18	955	886	929	951
2021-08-17T18:15:48	954	886	930	951
2021-08-17T18:16:18	953	887	931	953
2021-08-17T18:16:48	955	889	931	952
2021-08-17T18:17:18	953	889	932	953
2021-08-17T18:17:48	954	890	933	954
2021-08-17T18:18:18	954	891	934	954
2021-08-17T18:18:48	953	892	935	955
2021-08-17T18:19:18	953	894	936	955
2021-08-17T18:19:48	954	895	937	956
2021-08-17T18:20:18	955	896	938	956
2021-08-17T18:20:48	955	897	939	956
2021-08-17T18:21:18	954	898	939	957
2021-08-17T18:21:48	954	898	940	958
2021-08-17T18:22:18	955	900	941	958
2021-08-17T18:22:48	955	901	942	959
2021-08-17T18:23:18	954	902	942	959
2021-08-17T18:23:48	953	903	943	960
2021-08-17T18:24:18	955	904	944	960
2021-08-17T18:24:48	955	905	945	962
2021-08-17T18:25:18	955	906	946	961
2021-08-17T18:25:48	954	907	947	962
2021-08-17T18:26:18	954	908	948	962
2021-08-17T18:26:48	954	909	948	963
2021-08-17T18:27:18	954	910	949	962
2021-08-17T18:27:48	955	911	949	963
2021-08-17T18:28:18	956	912	951	963
2021-08-17T18:28:48	955	913	952	964
2021-08-17T18:29:18	955	914	952	965
2021-08-17T18:29:48	955	915	952	966
2021-08-17T18:30:18	954	916	953	966
2021-08-17T18:30:48	954	917	955	966
2021-08-17T18:31:18	955	918	955	967
2021-08-17T18:31:48	955	919	956	967
2021-08-17T18:32:18	954	920	957	967
2021-08-17T18:32:48	954	920	956	968
2021-08-17T18:33:18	954	921	956	968
2021-08-17T18:33:48	955	922	956	967
2021-08-17T18:34:18	956	923	956	968
2021-08-17T18:34:48	955	923	956	968
2021-08-17T18:35:18	955	924	957	968
2021-08-17T18:35:48	956	924	957	968
2021-08-17T18:36:18	953	924	956	969
2021-08-17T18:36:48	953	925	956	968
2021-08-17T18:37:18	953	926	956	968
2021-08-17T18:37:48	955	926	957	968
2021-08-17T18:38:18	954	926	957	969
2021-08-17T18:38:48	955	927	956	969
2021-08-17T18:39:18	954	928	957	969
2021-08-17T18:39:48	956	928	957	969
2021-08-17T18:40:18	956	929	958	969
2021-08-17T18:40:48	955	929	958	969
2021-08-17T18:41:18	954	930	956	970
2021-08-17T18:41:48	954	930	957	970
2021-08-17T18:42:18	955	931	957	970
2021-08-17T18:42:48	954	931	957	970
2021-08-17T18:43:18	953	931	957	970
2021-08-17T18:43:48	956	932	957	970
2021-08-17T18:44:18	955	932	958	971
2021-08-17T18:44:48	954	933	957	971
2021-08-17T18:45:18	955	932	956	971
2021-08-17T18:45:48	954	933	956	971
2021-08-17T18:46:18	954	933	956	971
2021-08-17T18:46:48	955	934	957	971
2021-08-17T18:47:18	955	934	956	972
2021-08-17T18:47:48	956	934	956	972
2021-08-17T18:48:18	954	935	957	972
2021-08-17T18:48:48	954	936	958	972
2021-08-17T18:49:18	954	936	958	972
2021-08-17T18:49:48	956	936	957	972
2021-08-17T18:50:18	953	936	956	972
2021-08-17T18:50:48	955	937	958	973
2021-08-17T18:51:18	954	938	957	973
2021-08-17T18:51:48	955	937	958	973
2021-08-17T18:52:18	954	938	957	972
2021-08-17T18:52:48	955	936	956	972
2021-08-17T18:53:18	957	938	957	972
2021-08-17T18:53:48	954	936	956	972
2021-08-17T18:54:18	955	937	958	972
2021-08-17T18:54:48	955	938	957	973
2021-08-17T18:55:18	956	937	958	972
2021-08-17T18:55:48	953	937	957	972
2021-08-17T18:56:18	953	937	957	973
2021-08-17T18:56:48	955	938	958	974
2021-08-17T18:57:18	956	938	956	974
2021-08-17T18:57:48	954	937	957	973
2021-08-17T18:58:18	954	937	957	973
2021-08-17T18:58:48	954	937	957	973
2021-08-17T18:59:18	954	938	958	973
2021-08-17T18:59:48	954	937	957	974
2021-08-17T19:00:18	955	938	957	974
2021-08-17T19:00:48	955	938	957	973
2021-08-17T19:01:18	954	938	958	973
2021-08-17T19:01:48	956	939	957	973
2021-08-17T19:02:18	954	938	957	974
2021-08-17T19:02:48	955	939	958	974
2021-08-17T19:03:18	955	939	958	973
2021-08-17T19:03:48	954	940	958	973
2021-08-17T19:04:18	955	940	958	974
2021-08-17T19:04:48	954	940	957	973
2021-08-17T19:05:18	956	940	957	974
2021-08-17T19:05:48	955	940	958	974
2021-08-17T19:06:18	955	941	958	974
2021-08-17T19:06:48	954	939	957	974
2021-08-17T19:07:18	955	940	957	974
2021-08-17T19:07:48	954	939	956	973
2021-08-17T19:08:18	955	940	957	973
2021-08-17T19:08:48	954	940	956	973
2021-08-17T19:09:18	956	942	957	973
2021-08-17T19:09:48	954	942	957	974
2021-08-17T19:10:18	955	942	958	974
2021-08-17T19:10:48	954	943	957	974
2021-08-17T19:11:18	956	943	957	973
2021-08-17T19:11:48	955	942	958	974
2021-08-17T19:12:18	955	942	957	973
2021-08-17T19:12:48	956	942	957	974
2021-08-17T19:13:18	954	942	957	974
2021-08-17T19:13:48	954	942	958	973
2021-08-17T19:14:18	954	942	956	973
2021-08-17T19:14:48	955	942	958	973
2021-08-17T19:15:18	955	943	958	974
2021-08-17T19:15:48	954	942	957	974
2021-08-17T19:16:18	956	943	958	974
2021-08-17T19:16:48	955	942	957	975
2021-08-17T19:17:18	954	943	958	973
2021-08-17T19:17:48	955	943	958	973
2021-08-17T19:18:18	955	942	956	975
2021-08-17T19:18:48	954	942	957	974
2021-08-17T19:19:18	956	944	958	973
2021-08-17T19:19:48	954	944	957	974
2021-08-17T19:20:18	954	943	957	975
2021-08-17T19:20:48	956	943	957	975
2021-08-17T19:21:18	954	944	958	975
2021-08-17T19:21:48	954	944	958	974
2021-08-17T19:22:18	956	943	957	975
2021-08-17T19:22:48	954	943	958	975
2021-08-17T19:23:18	955	943	957	975
2021-08-17T19:23:48	954	945	958	975
2021-08-17T19:24:18	957	943	957	975
2021-08-17T19:24:48	955	944	958	975
2021-08-17T19:25:18	955	943	957	975
2021-08-17T19:25:48	954	944	958	975
2021-08-17T19:26:18	954	944	958	975
2021-08-17T19:26:48	955	944	957	975
2021-08-17T19:27:18	954	946	959	975
2021-08-17T19:27:48	955	944	957	975
2021-08-17T19:28:18	954	946	958	975
2021-08-17T19:28:48	955	945	957	975
2021-08-17T19:29:18	955	946	959	975
2021-08-17T19:29:48	954	944	957	975
2021-08-17T19:30:18	955	946	958	975
2021-08-17T19:30:48	955	944	957	975
2021-08-17T19:31:18	955	946	958	975
2021-08-17T19:31:48	954	945	957	975
2021-08-17T19:32:18	954	946	958	974
2021-08-17T19:32:48	956	945	957	975
2021-08-17T19:33:18	956	946	958	975
2021-08-17T19:33:48	954	945	957	975
2021-08-17T19:34:18	954	946	958	975
2021-08-17T19:34:48	954	946	957	975
2021-08-17T19:35:18	954	946	958	975
2021-08-17T19:35:48	955	945	956	975
2021-08-17T19:36:18	829	839	913	960
2021-08-17T19:36:48	803	807	899	937
2021-08-17T19:37:18	745	760	837	913
2021-08-17T19:37:48	612	672	733	844
2021-08-17T19:38:18	557	566	655	767
2021-08-17T19:38:48	504	508	610	704
2021-08-17T19:39:18	471	473	574	659
2021-08-17T19:39:48	443	446	554	622
2021-08-17T19:40:18	425	424	533	603
2021-08-17T19:40:48	401	406	513	578
2021-08-17T19:41:18	387	392	497	554
2021-08-17T19:41:48	373	371	477	534
2021-08-17T19:42:18	362	358	465	514
2021-08-17T19:42:48	348	347	450	496
2021-08-17T19:43:18	338	333	436	484
2021-08-17T19:43:48	321	321	426	468
2021-08-17T19:44:18	313	317	415	452
2021-08-17T19:44:48	306	311	408	437
2021-08-17T19:45:18	298	299	393	424
2021-08-17T19:45:48	290	288	382	411
2021-08-17T19:46:18	280	283	376	403
2021-08-17T19:46:48	273	274	371	391
2021-08-17T19:47:18	269	266	362	381
2021-08-17T19:47:48	262	260	356	371
2021-08-17T19:48:18	256	249	347	362
2021-08-17T19:48:48	249	246	339	353
