time	T1	T2	T3	T4
2021-07-02T15:57:09	-100	-100	-100	-100
2021-07-02T15:57:39	-100	-100	-100	-100
2021-07-02T15:58:09	-100	-100	-100	-100
2021-07-02T15:58:39	-100	-100	-100	-100
2021-07-02T15:59:09	-100	-100	-100	-100
2021-07-02T15:59:39	-100	-100	-100	-100
2021-07-02T16:00:09	-100	-100	-100	-100
2021-07-02T16:00:39	-100	-100	-100	-100
2021-07-02T16:01:09	-100	-100	-100	-100
2021-07-02T16:01:39	-100	-100	-100	-100
2021-07-02T16:02:09	-100	-100	-100	-100
2021-07-02T16:02:39	-100	-100	-100	-100
2021-07-02T16:03:09	-100	-100	-100	-100
2021-07-02T16:03:39	-100	-100	-100	-100
2021-07-02T16:04:09	-100	-100	-100	-100
2021-07-02T16:04:39	-100	-100	-100	-100
2021-07-02T16:05:09	-100	-100	-100	-100
2021-07-02T16:05:39	-100	-100	-100	-100
2021-07-02T16:06:09	-100	-100	-100	-100
2021-07-02T16:06:39	-100	-100	-100	-100
2021-07-02T16:07:09	-100	-100	-100	-100
2021-07-02T16:07:39	-100	-100	-100	-100
2021-07-02T16:08:09	-100	-100	-100	-100
2021-07-02T16:08:39	-100	-100	-100	-100
2021-07-02T16:09:09	-100	-100	-100	-100
2021-07-02T16:09:39	-100	-100	-100	-100
2021-07-02T16:10:09	-100	-100	-100	-100
2021-07-02T16:10:39	-100	-100	-100	-100
2021-07-02T16:11:09	-100	-100	-100	-100
2021-07-02T16:11:39	-100	-100	-100	-100
2021-07-02T16:12:09	-100	-100	-100	-100
2021-07-02T16:12:39	-100	-100	-100	-100
2021-07-02T16:13:09	-100	-100	-100	-100
2021-07-02T16:13:39	-100	-100	-100	-100
2021-07-02T16:14:09	-100	-100	-100	-100
2021-07-02T16:14:39	-100	-100	-100	-100
2021-07-02T16:15:09	-100	-100	-100	-100
2021-07-02T16:15:39	-100	-100	-100	-100
2021-07-02T16:16:09	-100	-100	-100	-100
2021-07-02T16:16:39	-100	-100	-100	-100
2021-07-02T16:17:09	-100	-100	-100	-100
2021-07-02T16:17:39	-100	-100	-100	-100
2021-07-02T16:18:09	-100	-100	-100	-100
2021-07-02T16:18:39	-100	-100	-100	-100
2021-07-02T16:19:09	-100	-100	-100	-100
2021-07-02T16:19:39	-100	-100	-100	-100
2021-07-02T16:20:09	-100	-100	-100	-100
2021-07-02T16:20:39	-100	-100	-100	-100
2021-07-02T16:21:09	-100	-100	-100	-100
2021-07-02T16:21:39	-100	-100	-100	-100
2021-07-02T16:22:09	-100	-100	-100	-100
2021-07-02T16:22:39	-100	-100	-100	-100
2021-07-02T16:23:09	-100	-100	-100	-100
2021-07-02T16:23:39	-100	-100	-100	-100
2021-07-02T16:24:09	-100	-100	-100	-100
2021-07-02T16:24:39	-100	-100	-100	-100
2021-07-02T16:25:09	-100	-100	-100	-100
2021-07-02T16:25:39	-100	-100	-100	-100
2021-07-02T16:26:09	-100	-100	-100	-100
2021-07-02T16:26:39	-100	-100	-100	-100
2021-07-02T16:27:09	-100	-100	-100	-100
2021-07-02T16:27:39	-100	-100	-100	-100
2021-07-02T16:28:09	-100	-100	-100	-100
2021-07-02T16:28:39	-100	-100	-100	-100
2021-07-02T16:29:09	-100	-100	-100	-100
2021-07-02T16:29:39	-100	-100	-100	-100
2021-07-02T16:30:09	-100	-100	-100	-100
2021-07-02T16:30:39	-100	-100	-100	-100
2021-07-02T16:31:09	-100	-100	-100	-100
2021-07-02T16:31:39	-100	-100	-100	-100
2021-07-02T16:32:09	-100	-100	-100	-100
2021-07-02T16:32:39	-100	-100	-100	-100
2021-07-02T16:33:09	-100	-100	-100	-100
2021-07-02T16:33:39	-100	-100	-100	-100
2021-07-02T16:34:09	-100	-100	-100	-100
2021-07-02T16:34:39	-100	-100	-100	-100
2021-07-02T16:35:09	-100	-100	-100	-100
2021-07-02T16:35:39	-100	-100	-100	-100
2021-07-02T16:36:09	-100	-100	-100	-100
2021-07-02T16:36:39	-100	-100	-100	-100
2021-07-02T16:37:09	-100	-100	-100	-100
2021-07-02T16:37:39	-100	-100	-100	-100
2021-07-02T16:38:09	-100	-100	-100	-100
2021-07-02T16:38:39	-100	-100	-100	-100
2021-07-02T16:39:09	-100	-100	-100	-100
2021-07-02T16:39:39	-100	-100	-100	-100
2021-07-02T16:40:09	-100	-100	-100	-100
2021-07-02T16:40:39	-100	-100	-100	-100
2021-07-02T16:41:09	-100	-100	-100	-100
2021-07-02T16:41:39	-100	-100	-100	-100
2021-07-02T16:42:09	-100	-100	-100	-100
2021-07-02T16:42:39	-100	-100	-100	-100
2021-07-02T16:43:09	-100	-100	-100	-100
2021-07-02T16:43:39	-100	-100	-100	-100
2021-07-02T16:44:09	-100	-100	-100	-100
2021-07-02T16:44:39	-100	-100	-100	-100
2021-07-02T16:45:09	-100	-100	-100	-100
2021-07-02T16:45:39	-100	-100	-100	-100
2021-07-02T16:46:09	-100	-100	-100	-100
2021-07-02T16:46:39	-100	-100	-100	-100
2021-07-02T16:47:09	-100	-100	-100	-100
2021-07-02T16:47:39	-100	-100	-100	-100
2021-07-02T16:48:09	-100	-100	-100	-100
2021-07-02T16:48:39	-100	-100	-100	-100
2021-07-02T16:49:09	-100	-100	-100	-100
2021-07-02T16:49:39	-100	-100	-100	-100
2021-07-02T16:50:09	-100	-100	-100	-100
2021-07-02T16:50:39	-100	-100	-100	-100
2021-07-02T16:51:09	-100	-100	-100	-100
2021-07-02T16:51:39	-100	-100	-100	-100
2021-07-02T16:52:09	-100	-100	-100	-100
2021-07-02T16:52:39	-100	-100	-100	-100
2021-07-02T16:53:09	-100	-100	-100	-100
2021-07-02T16:53:39	-100	-100	-100	-100
2021-07-02T16:54:09	-100	-100	-100	-100
2021-07-02T16:54:39	-100	-100	-100	-100
2021-07-02T16:55:09	-100	-100	-100	-100
2021-07-02T16:55:39	-100	-100	-100	-100
2021-07-02T16:56:09	-100	-100	-100	-100
2021-07-02T16:56:39	-100	-100	-100	-100
2021-07-02T16:57:09	-100	-100	-100	-100
2021-07-02T16:57:39	-100	-100	-100	-100
2021-07-02T16:58:09	-100	-100	-100	-100
2021-07-02T16:58:39	-100	-100	-100	-100
2021-07-02T16:59:09	-100	-100	-100	-100
2021-07-02T16:59:39	-100	-100	-100	-100
2021-07-02T17:00:09	-100	-100	-100	-100
2021-07-02T17:00:39	-100	-100	-100	-100
2021-07-02T17:01:09	-100	-100	-100	-100
2021-07-02T17:01:39	-100	-100	-100	-100
2021-07-02T17:02:09	-100	-100	-100	-100
2021-07-02T17:02:39	-100	-100	-100	-100
2021-07-02T17:03:09	-100	-100	-100	-100
2021-07-02T17:03:39	-100	-100	-100	-100
2021-07-02T17:04:09	-100	-100	-100	-100
2021-07-02T17:04:39	-100	-100	-100	-100
2021-07-02T17:05:09	-100	-100	-100	-100
2021-07-02T17:05:39	-100	-100	-100	-100
2021-07-02T17:06:09	-100	-100	-100	-100
2021-07-02T17:06:39	-100	-100	-100	-100
2021-07-02T17:07:09	-100	-100	-100	-100
2021-07-02T17:07:39	-100	-100	-100	-100
2021-07-02T17:08:09	-100	-100	-100	-100
2021-07-02T17:08:39	-100	-100	-100	-100
2021-07-02T17:46:04	36	36	-100	-100
2021-07-02T17:46:34	36	36	40	38
2021-07-02T17:47:04	36	36	41	38
2021-07-02T17:47:34	37	37	41	38
2021-07-02T17:48:04	38	39	43	38
2021-07-02T17:48:34	40	41	45	38
2021-07-02T17:49:04	41	42	46	39
2021-07-02T17:49:34	41	42	46	39
2021-07-02T17:50:04	41	42	45	39
2021-07-02T17:50:34	42	45	49	41
2021-07-02T17:51:04	44	46	50	41
2021-07-02T17:51:34	44	46	50	41
2021-07-02T17:52:04	44	46	50	41
2021-07-02T17:52:34	48	49	54	42
2021-07-02T17:53:04	51	52	56	43
2021-07-02T17:53:34	52	52	55	43
2021-07-02T17:54:04	52	52	55	44
2021-07-02T17:54:34	52	52	54	46
2021-07-02T17:55:04	53	54	58	46
2021-07-02T17:55:34	55	55	59	47
2021-07-02T17:56:04	55	56	59	48
2021-07-02T17:56:34	54	55	59	47
2021-07-02T17:57:04	55	58	60	49
2021-07-02T17:57:34	56	59	64	50
2021-07-02T17:58:04	57	60	63	50
2021-07-02T17:58:34	58	59	63	51
2021-07-02T17:59:04	61	60	63	52
2021-07-02T17:59:34	61	61	65	52
2021-07-02T18:00:04	63	64	68	53
2021-07-02T18:00:34	64	65	68	54
2021-07-02T18:01:04	64	64	67	55
2021-07-02T18:01:34	63	64	67	55
2021-07-02T18:02:04	65	68	72	56
2021-07-02T18:02:34	66	70	72	57
2021-07-02T18:03:04	66	69	71	57
2021-07-02T18:03:34	66	68	72	58
2021-07-02T18:04:04	73	73	77	59
2021-07-02T18:04:34	75	73	77	60
2021-07-02T18:05:04	75	73	75	61
2021-07-02T18:05:34	74	72	75	61
2021-07-02T18:06:04	76	75	80	62
2021-07-02T18:06:34	76	77	80	63
2021-07-02T18:07:04	76	76	79	64
2021-07-02T18:07:34	76	77	81	65
2021-07-02T18:08:04	76	78	81	65
2021-07-02T18:08:34	76	79	84	66
2021-07-02T18:09:04	80	81	85	66
2021-07-02T18:09:34	81	81	84	68
2021-07-02T18:10:04	81	81	85	68
2021-07-02T18:10:34	82	83	87	69
2021-07-02T18:11:04	82	83	86	70
2021-07-02T18:11:34	83	86	89	70
2021-07-02T18:12:04	83	86	90	71
2021-07-02T18:12:34	86	86	91	72
2021-07-02T18:13:04	88	87	90	73
2021-07-02T18:13:34	89	90	92	72
2021-07-02T18:14:04	90	91	94	74
2021-07-02T18:14:34	90	91	94	75
2021-07-02T18:15:04	90	91	96	76
2021-07-02T18:15:34	91	93	97	77
2021-07-02T18:16:04	91	92	96	78
2021-07-02T18:16:34	94	94	99	78
2021-07-02T18:17:04	98	97	102	79
2021-07-02T18:17:34	98	97	101	80
2021-07-02T18:18:04	97	96	100	81
2021-07-02T18:18:34	98	98	103	82
2021-07-02T18:19:04	98	99	103	83
2021-07-02T18:19:34	99	99	104	84
2021-07-02T18:20:04	104	103	108	84
2021-07-02T18:20:34	104	103	107	86
2021-07-02T18:21:04	104	102	106	86
2021-07-02T18:21:34	104	105	109	87
2021-07-02T18:22:04	104	104	108	88
2021-07-02T18:22:34	104	106	108	89
2021-07-02T18:23:04	105	108	112	90
2021-07-02T18:23:34	108	109	112	91
2021-07-02T18:24:04	107	108	112	92
2021-07-02T18:24:34	109	111	115	93
2021-07-02T18:25:04	109	111	115	93
2021-07-02T18:25:34	113	111	115	94
2021-07-02T18:26:04	115	113	118	95
2021-07-02T18:26:34	116	115	118	96
2021-07-02T18:27:04	115	113	117	97
2021-07-02T18:27:34	115	117	121	97
2021-07-02T18:28:04	116	117	121	98
2021-07-02T18:28:34	115	115	120	99
2021-07-02T18:29:04	122	121	126	100
2021-07-02T18:29:34	123	121	125	101
2021-07-02T18:30:04	122	121	124	102
2021-07-02T18:30:34	122	122	126	103
2021-07-02T18:31:04	122	123	126	104
2021-07-02T18:31:34	122	123	128	104
2021-07-02T18:32:04	122	123	127	105
2021-07-02T18:32:34	126	127	131	106
2021-07-02T18:33:04	128	126	132	107
2021-07-02T18:33:34	128	126	130	107
2021-07-02T18:34:04	128	130	135	109
2021-07-02T18:34:34	128	131	134	109
2021-07-02T18:35:04	127	130	133	110
2021-07-02T18:35:34	133	132	138	111
2021-07-02T18:36:04	135	136	139	112
2021-07-02T18:36:34	134	133	137	113
2021-07-02T18:37:04	134	133	137	114
2021-07-02T18:37:34	134	135	140	115
2021-07-02T18:38:04	134	135	140	115
2021-07-02T18:38:34	137	138	142	116
2021-07-02T18:39:04	138	137	140	117
2021-07-02T18:39:34	138	140	142	117
2021-07-02T18:40:04	138	140	143	118
2021-07-02T18:40:34	142	142	147	118
2021-07-02T18:41:04	142	141	145	120
2021-07-02T18:41:34	142	143	148	121
2021-07-02T18:42:04	142	142	148	122
2021-07-02T18:42:34	142	144	149	122
2021-07-02T18:43:04	148	147	152	124
2021-07-02T18:43:34	149	146	149	124
2021-07-02T18:44:04	149	149	153	125
2021-07-02T18:44:34	149	149	153	126
2021-07-02T18:45:04	148	149	153	127
2021-07-02T18:45:34	153	152	157	128
2021-07-02T18:46:04	153	152	156	129
2021-07-02T18:46:34	152	151	156	129
2021-07-02T18:47:04	153	153	159	130
2021-07-02T18:47:34	153	155	159	131
2021-07-02T18:48:04	156	155	158	132
2021-07-02T18:48:34	157	158	163	133
2021-07-02T18:49:04	157	158	162	134
2021-07-02T18:49:34	156	157	161	134
2021-07-02T18:50:04	162	161	166	135
2021-07-02T18:50:34	162	160	165	136
2021-07-02T18:51:04	162	159	163	137
2021-07-02T18:51:34	162	162	168	138
2021-07-02T18:52:04	162	162	167	138
2021-07-02T18:52:34	166	164	169	139
2021-07-02T18:53:04	167	167	171	140
2021-07-02T18:53:34	166	164	169	141
2021-07-02T18:54:04	166	166	171	142
2021-07-02T18:54:34	168	168	173	142
2021-07-02T18:55:04	170	170	174	143
2021-07-02T18:55:34	170	169	173	144
2021-07-02T18:56:04	169	171	176	145
2021-07-02T18:56:34	172	171	176	146
2021-07-02T18:57:04	174	173	175	146
2021-07-02T18:57:34	175	174	179	148
2021-07-02T18:58:04	174	173	177	148
2021-07-02T18:58:34	176	177	182	149
2021-07-02T18:59:04	178	178	182	149
2021-07-02T18:59:34	177	176	180	151
2021-07-02T19:00:04	177	180	184	152
2021-07-02T19:00:34	178	180	183	153
2021-07-02T19:01:04	182	181	184	154
2021-07-02T19:01:34	183	181	184	154
2021-07-02T19:02:04	183	183	187	155
2021-07-02T19:02:34	182	183	186	155
2021-07-02T19:03:04	185	187	190	157
2021-07-02T19:03:34	185	186	189	158
2021-07-02T19:04:04	187	188	189	158
2021-07-02T19:04:34	188	188	192	159
2021-07-02T19:05:04	188	187	191	160
2021-07-02T19:05:34	188	191	195	160
2021-07-02T19:06:04	188	188	193	161
2021-07-02T19:06:34	194	191	197	162
2021-07-02T19:07:04	195	192	197	163
2021-07-02T19:07:34	195	193	196	163
2021-07-02T19:08:04	195	197	200	164
2021-07-02T19:08:34	193	195	198	165
2021-07-02T19:09:04	198	197	201	165
2021-07-02T19:09:34	199	196	202	166
2021-07-02T19:10:04	197	198	201	167
2021-07-02T19:10:34	198	200	204	168
2021-07-02T19:11:04	200	201	203	168
2021-07-02T19:11:34	202	202	204	169
2021-07-02T19:12:04	202	202	207	170
2021-07-02T19:12:34	201	202	206	170
2021-07-02T19:13:04	206	204	210	172
2021-07-02T19:13:34	207	203	209	172
2021-07-02T19:14:04	206	204	209	173
2021-07-02T19:14:34	206	206	212	174
2021-07-02T19:15:04	207	209	213	175
2021-07-02T19:15:34	210	210	214	176
2021-07-02T19:16:04	209	209	212	177
2021-07-02T19:16:34	209	212	217	178
2021-07-02T19:17:04	212	212	216	179
2021-07-02T19:17:34	213	212	217	179
2021-07-02T19:18:04	213	215	219	180
2021-07-02T19:18:34	212	213	218	181
2021-07-02T19:19:04	216	215	220	182
2021-07-02T19:19:34	216	214	220	183
2021-07-02T19:20:04	216	218	223	184
2021-07-02T19:20:34	218	218	222	185
2021-07-02T19:21:04	220	221	224	186
2021-07-02T19:21:34	219	219	222	187
2021-07-02T19:22:04	222	222	228	188
2021-07-02T19:22:34	222	222	228	189
2021-07-02T19:23:04	223	222	225	190
2021-07-02T19:23:34	226	224	229	190
2021-07-02T19:24:04	226	226	229	191
2021-07-02T19:24:34	225	228	230	192
2021-07-02T19:25:04	229	228	231	193
2021-07-02T19:25:34	228	227	230	194
2021-07-02T19:26:04	229	231	235	195
2021-07-02T19:26:34	228	232	234	196
2021-07-02T19:27:04	233	230	233	197
2021-07-02T19:27:34	233	233	237	198
2021-07-02T19:28:04	232	232	235	199
2021-07-02T19:28:34	233	236	241	200
2021-07-02T19:29:04	236	236	242	200
2021-07-02T19:29:34	235	235	239	202
2021-07-02T19:30:04	235	237	241	202
2021-07-02T19:30:34	240	239	244	203
2021-07-02T19:31:04	242	237	244	204
2021-07-02T19:31:34	240	238	243	205
2021-07-02T19:32:04	239	239	243	206
2021-07-02T19:32:34	244	243	250	207
2021-07-02T19:33:04	243	242	248	208
2021-07-02T19:33:34	242	241	248	208
2021-07-02T19:34:04	245	245	250	210
2021-07-02T19:34:34	245	243	249	210
2021-07-02T19:35:04	245	245	251	211
2021-07-02T19:35:34	249	246	252	212
2021-07-02T19:36:04	252	246	254	214
2021-07-02T19:36:34	250	248	253	214
2021-07-02T19:37:04	250	249	256	215
2021-07-02T19:37:34	252	250	255	217
2021-07-02T19:38:04	253	255	257	217
2021-07-02T19:38:34	253	253	255	218
2021-07-02T19:39:04	255	257	261	219
2021-07-02T19:39:34	254	254	258	221
2021-07-02T19:40:04	259	258	262	221
2021-07-02T19:40:34	259	257	260	222
2021-07-02T19:41:04	258	260	264	222
2021-07-02T19:41:34	258	256	262	224
2021-07-02T19:42:05	262	259	265	225
2021-07-02T19:42:35	261	258	264	226
2021-07-02T19:43:05	263	262	269	226
2021-07-02T19:43:35	263	262	267	228
2021-07-02T19:44:05	262	261	266	228
2021-07-02T19:44:35	266	265	271	230
2021-07-02T19:45:05	265	263	269	230
2021-07-02T19:45:35	268	265	272	231
2021-07-02T19:46:05	269	264	271	232
2021-07-02T19:46:35	268	268	274	233
2021-07-02T19:47:05	271	269	274	234
2021-07-02T19:47:35	272	269	274	235
2021-07-02T19:48:05	271	270	275	236
2021-07-02T19:48:35	272	270	278	237
2021-07-02T19:49:05	276	273	279	238
2021-07-02T19:49:35	274	272	278	239
2021-07-02T19:50:05	276	275	282	240
2021-07-02T19:50:35	278	276	282	241
2021-07-02T19:51:05	277	276	282	242
2021-07-02T19:51:35	277	278	284	243
2021-07-02T19:52:05	281	279	284	244
2021-07-02T19:52:35	280	280	285	245
2021-07-02T19:53:05	280	282	285	246
2021-07-02T19:53:35	284	282	288	246
2021-07-02T19:54:05	285	282	287	247
2021-07-02T19:54:35	283	282	288	248
2021-07-02T19:55:05	286	283	290	249
2021-07-02T19:55:35	286	285	291	250
2021-07-02T19:56:05	286	288	293	251
2021-07-02T19:56:35	290	288	293	252
2021-07-02T19:57:05	288	288	292	253
2021-07-02T19:57:35	292	290	298	254
2021-07-02T19:58:05	291	288	294	255
2021-07-02T19:58:35	293	295	297	256
2021-07-02T19:59:05	292	292	295	257
2021-07-02T19:59:35	295	292	300	258
2021-07-02T20:00:05	295	294	299	259
2021-07-02T20:00:35	298	295	301	260
2021-07-02T20:01:05	298	295	300	261
2021-07-02T20:01:35	298	297	304	261
2021-07-02T20:02:05	299	297	303	263
2021-07-02T20:02:35	301	298	305	264
2021-07-02T20:03:05	300	299	305	265
2021-07-02T20:03:35	302	302	307	266
2021-07-02T20:04:05	302	303	306	267
2021-07-02T20:04:35	305	303	309	268
2021-07-02T20:05:05	305	302	308	269
2021-07-02T20:05:35	306	304	311	270
2021-07-02T20:06:05	305	305	311	271
2021-07-02T20:06:35	308	307	312	272
2021-07-02T20:07:05	309	309	315	273
2021-07-02T20:07:35	309	308	313	274
2021-07-02T20:08:05	312	309	316	275
2021-07-02T20:08:35	312	309	315	276
2021-07-02T20:09:05	311	314	318	276
2021-07-02T20:09:35	315	312	317	278
2021-07-02T20:10:05	314	312	320	278
2021-07-02T20:10:35	315	312	320	280
2021-07-02T20:11:05	316	313	320	280
2021-07-02T20:11:35	319	316	323	281
2021-07-02T20:12:05	317	317	323	282
2021-07-02T20:12:35	321	317	324	283
2021-07-02T20:13:05	320	319	325	284
2021-07-02T20:13:35	321	320	325	285
2021-07-02T20:14:05	324	321	326	286
2021-07-02T20:14:35	323	321	327	287
2021-07-02T20:15:05	326	322	331	288
2021-07-02T20:15:35	326	324	329	289
2021-07-02T20:16:05	325	321	329	290
2021-07-02T20:16:35	329	325	332	291
2021-07-02T20:17:05	328	325	331	292
2021-07-02T20:17:35	330	328	336	293
2021-07-02T20:18:05	330	330	334	293
2021-07-02T20:18:35	333	330	337	294
2021-07-02T20:19:05	331	329	335	296
2021-07-02T20:19:35	334	331	338	297
2021-07-02T20:20:05	332	333	338	298
2021-07-02T20:20:35	335	334	340	299
2021-07-02T20:21:05	337	334	339	300
2021-07-02T20:21:35	337	335	343	301
2021-07-02T20:22:05	338	334	341	302
2021-07-02T20:22:35	340	337	344	303
2021-07-02T20:23:05	338	337	342	304
2021-07-02T20:23:35	341	339	346	305
2021-07-02T20:24:05	341	339	347	305
2021-07-02T20:24:35	344	340	347	306
2021-07-02T20:25:05	343	339	347	308
2021-07-02T20:25:35	344	342	349	309
2021-07-02T20:26:05	347	344	351	310
2021-07-02T20:26:35	346	345	349	310
2021-07-02T20:27:05	349	347	353	311
2021-07-02T20:27:35	348	343	352	312
2021-07-02T20:28:05	350	346	354	313
2021-07-02T20:28:35	349	345	355	314
2021-07-02T20:29:05	353	347	354	315
2021-07-02T20:29:35	351	349	359	316
2021-07-02T20:30:05	355	349	357	317
2021-07-02T20:30:35	354	351	359	318
2021-07-02T20:31:05	356	352	359	319
2021-07-02T20:31:35	355	354	362	320
2021-07-02T20:32:05	357	354	361	321
2021-07-02T20:32:35	359	354	362	322
2021-07-02T20:33:05	360	356	364	323
2021-07-02T20:33:35	359	355	366	324
2021-07-02T20:34:05	363	357	366	325
2021-07-02T20:34:35	360	358	366	326
2021-07-02T20:35:05	364	359	369	327
2021-07-02T20:35:35	364	358	367	328
2021-07-02T20:36:05	367	359	370	329
2021-07-02T20:36:35	365	361	370	330
2021-07-02T20:37:05	368	365	372	331
2021-07-02T20:37:35	367	362	372	332
2021-07-02T20:38:05	369	366	375	333
2021-07-02T20:38:35	370	365	375	334
2021-07-02T20:39:05	373	367	374	335
2021-07-02T20:39:35	371	366	376	336
2021-07-02T20:40:05	374	367	376	337
2021-07-02T20:40:35	373	367	378	338
2021-07-02T20:41:05	376	369	380	339
2021-07-02T20:41:35	376	370	380	340
2021-07-02T20:42:05	378	370	382	341
2021-07-02T20:42:35	377	372	382	342
2021-07-02T20:43:05	379	374	383	343
2021-07-02T20:43:35	379	374	384	344
2021-07-02T20:44:05	382	373	386	345
2021-07-02T20:44:35	381	377	384	346
2021-07-02T20:45:05	384	377	386	347
2021-07-02T20:45:35	384	380	390	348
2021-07-02T20:46:05	384	378	388	349
2021-07-02T20:46:35	387	380	390	350
2021-07-02T20:47:05	387	380	391	352
2021-07-02T20:47:35	388	379	391	352
2021-07-02T20:48:05	389	381	394	353
2021-07-02T20:48:35	388	384	393	354
2021-07-02T20:49:05	391	384	393	355
2021-07-02T20:49:35	392	386	397	356
2021-07-02T20:50:05	393	389	396	357
2021-07-02T20:50:35	394	386	398	358
2021-07-02T20:51:05	393	387	400	359
2021-07-02T20:51:35	396	389	399	360
2021-07-02T20:52:05	397	388	401	361
2021-07-02T20:52:35	396	389	401	363
2021-07-02T20:53:05	399	392	404	363
2021-07-02T20:53:35	398	392	401	364
2021-07-02T20:54:05	401	393	405	365
2021-07-02T20:54:35	400	395	406	366
2021-07-02T20:55:05	403	394	405	367
2021-07-02T20:55:35	403	395	408	368
2021-07-02T20:56:05	402	397	408	370
2021-07-02T20:56:35	407	398	410	370
2021-07-02T20:57:05	405	400	411	371
2021-07-02T20:57:35	407	398	410	372
2021-07-02T20:58:05	407	399	412	373
2021-07-02T20:58:35	410	400	414	374
2021-07-02T20:59:05	409	401	414	375
2021-07-02T20:59:35	411	404	414	376
2021-07-02T21:00:05	411	403	415	377
2021-07-02T21:00:35	415	404	417	378
2021-07-02T21:01:05	413	404	417	379
2021-07-02T21:01:35	416	407	419	380
2021-07-02T21:02:05	414	408	421	381
2021-07-02T21:02:35	417	408	420	382
2021-07-02T21:03:05	417	411	424	383
2021-07-02T21:03:35	418	410	421	384
2021-07-02T21:04:05	421	412	426	386
2021-07-02T21:04:35	419	411	423	386
2021-07-02T21:05:05	423	415	427	387
2021-07-02T21:05:35	422	415	426	388
2021-07-02T21:06:05	422	415	427	389
2021-07-02T21:06:35	427	417	430	390
2021-07-02T21:07:05	425	417	429	391
2021-07-02T21:07:35	427	420	429	392
2021-07-02T21:08:05	427	420	431	394
2021-07-02T21:08:35	429	421	433	395
2021-07-02T21:09:05	428	421	433	395
2021-07-02T21:09:35	431	420	436	396
2021-07-02T21:10:05	432	422	436	398
2021-07-02T21:10:35	432	422	435	398
2021-07-02T21:11:05	434	425	438	399
2021-07-02T21:11:35	434	424	437	401
2021-07-02T21:12:05	436	426	438	402
2021-07-02T21:12:35	434	427	440	403
2021-07-02T21:13:05	437	425	440	403
2021-07-02T21:13:35	438	429	442	404
2021-07-02T21:14:05	437	429	443	405
2021-07-02T21:14:35	441	430	445	408
2021-07-02T21:15:05	439	429	445	408
2021-07-02T21:15:35	443	432	446	410
2021-07-02T21:16:05	443	431	446	411
2021-07-02T21:16:35	445	435	448	411
2021-07-02T21:17:05	444	435	450	412
2021-07-02T21:17:35	446	434	450	413
2021-07-02T21:18:05	448	437	450	415
2021-07-02T21:18:35	446	436	451	416
2021-07-02T21:19:05	450	439	454	416
2021-07-02T21:19:35	448	438	454	418
2021-07-02T21:20:05	451	439	453	419
2021-07-02T21:20:35	452	443	458	420
2021-07-02T21:21:05	451	443	455	421
2021-07-02T21:21:35	455	444	459	422
2021-07-02T21:22:05	455	445	459	422
2021-07-02T21:22:35	454	441	458	423
2021-07-02T21:23:05	459	444	462	424
2021-07-02T21:23:35	457	443	462	425
2021-07-02T21:24:05	458	447	463	426
2021-07-02T21:24:35	459	446	463	427
2021-07-02T21:25:05	460	449	465	428
2021-07-02T21:25:35	461	451	466	429
2021-07-02T21:26:05	463	451	466	430
2021-07-02T21:26:35	463	450	467	432
2021-07-02T21:27:05	463	453	468	432
2021-07-02T21:27:35	467	454	469	433
2021-07-02T21:28:05	466	456	472	434
2021-07-02T21:28:35	466	457	471	436
2021-07-02T21:29:05	469	458	472	437
2021-07-02T21:29:35	470	458	474	437
2021-07-02T21:30:05	469	459	473	439
2021-07-02T21:30:35	470	459	474	439
2021-07-02T21:31:05	471	458	475	441
2021-07-02T21:31:35	473	460	477	441
2021-07-02T21:32:05	475	461	479	443
2021-07-02T21:32:35	477	461	480	443
2021-07-02T21:33:05	475	460	479	445
2021-07-02T21:33:35	477	463	482	446
2021-07-02T21:34:05	478	464	482	447
2021-07-02T21:34:35	478	465	482	447
2021-07-02T21:35:05	479	465	485	449
2021-07-02T21:35:35	481	468	486	449
2021-07-02T21:36:05	480	470	486	450
2021-07-02T21:36:35	484	469	485	451
2021-07-02T21:37:05	485	473	489	453
2021-07-02T21:37:35	483	471	486	454
2021-07-02T21:38:05	486	474	491	455
2021-07-02T21:38:35	487	476	491	455
2021-07-02T21:39:05	488	476	493	458
2021-07-02T21:39:35	488	475	493	458
2021-07-02T21:40:05	488	476	494	459
2021-07-02T21:40:35	492	475	494	459
2021-07-02T21:41:05	490	478	496	460
2021-07-02T21:41:35	494	479	497	462
2021-07-02T21:42:05	494	479	497	463
2021-07-02T21:42:35	496	482	500	463
2021-07-02T21:43:05	494	480	498	464
2021-07-02T21:43:35	496	482	500	466
2021-07-02T21:44:05	498	484	503	467
2021-07-02T21:44:35	498	484	503	468
2021-07-02T21:45:05	498	485	505	470
2021-07-02T21:45:35	501	486	504	470
2021-07-02T21:46:05	501	487	505	471
2021-07-02T21:46:35	501	490	507	472
2021-07-02T21:47:05	502	490	508	473
2021-07-02T21:47:35	503	490	509	474
2021-07-02T21:48:05	504	491	509	475
2021-07-02T21:48:35	507	492	513	477
2021-07-02T21:49:05	506	492	511	477
2021-07-02T21:49:35	508	492	511	479
2021-07-02T21:50:05	508	494	512	479
2021-07-02T21:50:35	509	494	513	481
2021-07-02T21:51:05	510	496	515	481
2021-07-02T21:51:35	513	498	517	483
2021-07-02T21:52:05	512	497	518	484
2021-07-02T21:52:35	513	499	517	484
2021-07-02T21:53:05	515	501	520	485
2021-07-02T21:53:35	517	500	521	486
2021-07-02T21:54:05	515	501	522	488
2021-07-02T21:54:35	518	503	523	489
2021-07-02T21:55:05	519	502	522	489
2021-07-02T21:55:35	521	505	525	490
2021-07-02T21:56:05	520	505	525	491
2021-07-02T21:56:35	523	506	526	493
2021-07-02T21:57:05	523	508	525	494
2021-07-02T21:57:35	525	509	529	494
2021-07-02T21:58:05	522	508	528	496
2021-07-02T21:58:35	526	507	527	497
2021-07-02T21:59:05	526	511	531	498
2021-07-02T21:59:35	527	511	531	499
2021-07-02T22:00:05	529	511	531	500
2021-07-02T22:00:35	531	513	533	502
2021-07-02T22:01:05	532	515	535	502
2021-07-02T22:01:35	532	515	537	503
2021-07-02T22:02:05	532	515	537	505
2021-07-02T22:02:35	534	517	540	506
2021-07-02T22:03:05	535	518	539	506
2021-07-02T22:03:35	536	520	539	508
2021-07-02T22:04:05	537	520	540	509
2021-07-02T22:04:35	536	520	543	509
2021-07-02T22:05:05	537	520	543	510
2021-07-02T22:05:35	540	523	544	511
2021-07-02T22:06:05	541	523	545	512
2021-07-02T22:06:35	540	524	545	513
2021-07-02T22:07:05	541	525	547	514
2021-07-02T22:07:35	544	526	548	515
2021-07-02T22:08:05	544	525	547	517
2021-07-02T22:08:35	544	528	549	518
2021-07-02T22:09:05	545	527	549	520
2021-07-02T22:09:35	547	529	550	521
2021-07-02T22:10:05	548	531	552	521
2021-07-02T22:10:35	549	533	555	522
2021-07-02T22:11:05	549	533	553	523
2021-07-02T22:11:35	550	533	554	524
2021-07-02T22:12:05	551	535	556	525
2021-07-02T22:12:35	554	536	558	526
2021-07-02T22:13:05	553	537	558	527
2021-07-02T22:13:35	555	538	559	529
2021-07-02T22:14:05	556	537	559	529
2021-07-02T22:14:35	557	539	560	530
2021-07-02T22:15:05	557	540	560	532
2021-07-02T22:15:35	558	540	562	533
2021-07-02T22:16:05	560	540	565	534
2021-07-02T22:16:35	563	542	566	535
2021-07-02T22:17:05	560	543	565	536
2021-07-02T22:17:35	562	542	567	537
2021-07-02T22:18:05	563	545	567	538
2021-07-02T22:18:35	564	546	570	540
2021-07-02T22:19:05	567	548	571	540
2021-07-02T22:19:35	567	550	572	541
2021-07-02T22:20:05	568	550	572	542
2021-07-02T22:20:35	567	550	572	544
2021-07-02T22:21:05	570	550	574	545
2021-07-02T22:21:35	572	554	575	546
2021-07-02T22:22:05	572	553	576	547
2021-07-02T22:22:35	573	554	577	548
2021-07-02T22:23:05	574	554	578	549
2021-07-02T22:23:35	575	556	579	550
2021-07-02T22:24:05	575	556	580	551
2021-07-02T22:24:35	577	559	581	552
2021-07-02T22:25:05	578	560	582	554
2021-07-02T22:25:35	579	561	581	555
2021-07-02T22:26:05	580	559	582	556
2021-07-02T22:26:35	579	559	585	557
2021-07-02T22:27:05	580	561	585	558
2021-07-02T22:27:35	581	563	585	559
2021-07-02T22:28:05	583	563	586	560
2021-07-02T22:28:35	583	566	587	561
2021-07-02T22:29:05	584	567	588	562
2021-07-02T22:29:35	585	569	590	563
2021-07-02T22:30:05	586	568	590	564
2021-07-02T22:30:35	587	566	591	566
2021-07-02T22:31:05	588	569	591	568
2021-07-02T22:31:35	589	571	594	568
2021-07-02T22:32:05	592	572	594	569
2021-07-02T22:32:35	591	573	595	570
2021-07-02T22:33:05	592	573	596	572
2021-07-02T22:33:35	594	574	598	572
2021-07-02T22:34:05	594	576	598	573
2021-07-02T22:34:35	595	575	599	574
2021-07-02T22:35:05	596	576	599	575
2021-07-02T22:35:35	597	578	602	576
2021-07-02T22:36:05	598	578	601	577
2021-07-02T22:36:35	599	580	604	579
2021-07-02T22:37:05	600	581	606	579
2021-07-02T22:37:35	601	582	604	580
2021-07-02T22:38:05	602	583	606	582
2021-07-02T22:38:35	603	583	607	583
2021-07-02T22:39:05	603	585	609	584
2021-07-02T22:39:35	606	586	610	586
2021-07-02T22:40:05	606	587	611	586
2021-07-02T22:40:35	608	588	612	587
2021-07-02T22:41:05	609	590	613	588
2021-07-02T22:41:35	610	590	614	590
2021-07-02T22:42:05	611	589	615	590
2021-07-02T22:42:35	612	591	616	591
2021-07-02T22:43:05	613	591	618	592
2021-07-02T22:43:35	614	594	618	594
2021-07-02T22:44:05	615	595	617	595
2021-07-02T22:44:35	614	594	619	596
2021-07-02T22:45:05	615	596	621	597
2021-07-02T22:45:35	617	597	619	597
2021-07-02T22:46:05	617	597	621	599
2021-07-02T22:46:35	619	598	624	600
2021-07-02T22:47:05	621	599	626	601
2021-07-02T22:47:35	622	600	624	602
2021-07-02T22:48:05	622	601	625	603
2021-07-02T22:48:35	624	602	627	604
2021-07-02T22:49:05	625	602	626	605
2021-07-02T22:49:35	624	603	628	606
2021-07-02T22:50:05	625	601	629	607
2021-07-02T22:50:35	627	604	630	608
2021-07-02T22:51:05	627	607	631	609
2021-07-02T22:51:35	629	608	632	611
2021-07-02T22:52:05	630	608	634	611
2021-07-02T22:52:35	631	610	634	612
2021-07-02T22:53:05	631	609	634	613
2021-07-02T22:53:35	632	611	637	615
2021-07-02T22:54:05	634	612	637	615
2021-07-02T22:54:35	635	614	638	617
2021-07-02T22:55:05	635	614	638	618
2021-07-02T22:55:35	637	614	642	619
2021-07-02T22:56:05	638	616	642	620
2021-07-02T22:56:35	638	617	642	621
2021-07-02T22:57:05	639	618	642	623
2021-07-02T22:57:35	640	619	644	624
2021-07-02T22:58:05	641	621	644	624
2021-07-02T22:58:35	642	620	645	625
2021-07-02T22:59:05	642	624	646	626
2021-07-02T22:59:35	644	622	649	627
2021-07-02T23:00:05	646	624	650	628
2021-07-02T23:00:35	647	626	650	630
2021-07-02T23:01:05	648	627	652	630
2021-07-02T23:01:35	647	625	653	631
2021-07-02T23:02:05	650	628	654	632
2021-07-02T23:02:35	651	629	655	634
2021-07-02T23:03:05	652	630	654	635
2021-07-02T23:03:35	651	632	657	637
2021-07-02T23:04:05	654	633	658	637
2021-07-02T23:04:35	655	634	659	637
2021-07-02T23:05:05	656	633	658	639
2021-07-02T23:05:35	655	634	660	640
2021-07-02T23:06:05	658	636	661	640
2021-07-02T23:06:35	659	636	660	642
2021-07-02T23:07:05	659	637	662	644
2021-07-02T23:07:35	659	637	664	645
2021-07-02T23:08:05	660	638	663	645
2021-07-02T23:08:35	661	638	664	646
2021-07-02T23:09:05	663	639	666	647
2021-07-02T23:09:35	665	641	668	649
2021-07-02T23:10:05	666	642	668	650
2021-07-02T23:10:35	665	644	669	650
2021-07-02T23:11:05	667	644	670	651
2021-07-02T23:11:35	669	646	670	652
2021-07-02T23:12:05	668	646	671	653
2021-07-02T23:12:35	669	646	672	655
2021-07-02T23:13:05	669	648	674	654
2021-07-02T23:13:35	671	649	674	656
2021-07-02T23:14:05	672	650	674	657
2021-07-02T23:14:35	673	651	677	659
2021-07-02T23:15:05	676	652	679	659
2021-07-02T23:15:35	675	652	680	661
2021-07-02T23:16:05	677	655	681	661
2021-07-02T23:16:35	677	655	682	662
2021-07-02T23:17:05	678	656	683	663
2021-07-02T23:17:35	679	658	683	665
2021-07-02T23:18:05	680	658	685	665
2021-07-02T23:18:35	681	660	686	666
2021-07-02T23:19:05	683	660	688	668
2021-07-02T23:19:35	685	662	688	669
2021-07-02T23:20:05	685	663	690	670
2021-07-02T23:20:35	686	662	688	670
2021-07-02T23:21:05	685	663	691	671
2021-07-02T23:21:35	687	664	692	672
2021-07-02T23:22:05	689	666	691	673
2021-07-02T23:22:35	690	666	692	675
2021-07-02T23:23:05	690	669	694	676
2021-07-02T23:23:35	692	668	695	676
2021-07-02T23:24:05	693	670	698	677
2021-07-02T23:24:35	694	672	698	678
2021-07-02T23:25:05	695	673	699	679
2021-07-02T23:25:35	695	674	698	680
2021-07-02T23:26:05	696	673	698	681
2021-07-02T23:26:35	697	675	700	683
2021-07-02T23:27:05	699	677	701	683
2021-07-02T23:27:35	699	676	701	685
2021-07-02T23:28:05	700	677	702	685
2021-07-02T23:28:35	702	677	703	686
2021-07-02T23:29:05	702	677	706	687
2021-07-02T23:29:35	703	681	706	688
2021-07-02T23:30:05	704	681	707	690
2021-07-02T23:30:35	706	683	709	690
2021-07-02T23:31:05	705	683	710	691
2021-07-02T23:31:35	706	684	709	692
2021-07-02T23:32:05	707	683	711	694
2021-07-02T23:32:35	709	685	711	695
2021-07-02T23:33:05	708	686	713	696
2021-07-02T23:33:35	710	687	714	697
2021-07-02T23:34:05	712	690	714	697
2021-07-02T23:34:35	713	690	717	699
2021-07-02T23:35:05	713	692	717	700
2021-07-02T23:35:35	714	692	718	700
2021-07-02T23:36:05	716	694	720	701
2021-07-02T23:36:35	717	693	720	702
2021-07-02T23:37:05	718	695	720	704
2021-07-02T23:37:35	720	696	724	705
2021-07-02T23:38:05	719	697	725	706
2021-07-02T23:38:35	719	698	725	706
2021-07-02T23:39:05	722	700	726	707
2021-07-02T23:39:35	723	700	725	708
2021-07-02T23:40:05	723	700	728	709
2021-07-02T23:40:35	724	701	729	710
2021-07-02T23:41:05	724	703	727	711
2021-07-02T23:41:35	727	703	731	713
2021-07-02T23:42:05	728	705	731	714
2021-07-02T23:42:35	727	704	732	714
2021-07-02T23:43:05	728	707	734	715
2021-07-02T23:43:35	731	708	735	717
2021-07-02T23:44:05	731	709	736	717
2021-07-02T23:44:35	731	708	735	718
2021-07-02T23:45:05	734	709	734	719
2021-07-02T23:45:35	735	711	737	720
2021-07-02T23:46:05	734	713	739	721
2021-07-02T23:46:35	735	712	738	722
2021-07-02T23:47:05	738	714	740	723
2021-07-02T23:47:35	738	714	741	724
2021-07-02T23:48:05	740	717	742	725
2021-07-02T23:48:35	739	716	742	726
2021-07-02T23:49:05	740	718	743	728
2021-07-02T23:49:35	742	719	745	728
2021-07-02T23:50:05	743	720	746	729
2021-07-02T23:50:35	744	721	748	730
2021-07-02T23:51:05	745	722	747	731
2021-07-02T23:51:35	746	723	748	732
2021-07-02T23:52:05	746	723	749	733
2021-07-02T23:52:35	748	725	751	734
2021-07-02T23:53:05	749	726	752	735
2021-07-02T23:53:35	751	726	753	736
2021-07-02T23:54:05	749	727	755	737
2021-07-02T23:54:35	751	729	756	738
2021-07-02T23:55:05	753	731	756	739
2021-07-02T23:55:35	753	732	758	740
2021-07-02T23:56:05	754	732	758	741
2021-07-02T23:56:35	754	732	760	742
2021-07-02T23:57:05	756	735	760	743
2021-07-02T23:57:35	757	736	761	744
2021-07-02T23:58:05	759	735	762	745
2021-07-02T23:58:35	758	735	764	747
2021-07-02T23:59:05	760	737	763	747
2021-07-02T23:59:35	760	738	766	748
2021-07-03T00:00:05	762	740	764	749
2021-07-03T00:00:35	762	739	767	750
2021-07-03T00:01:05	764	742	768	751
2021-07-03T00:01:35	765	743	769	752
2021-07-03T00:02:05	766	744	771	754
2021-07-03T00:02:35	766	743	770	753
2021-07-03T00:03:05	768	745	771	754
2021-07-03T00:03:35	769	746	771	755
2021-07-03T00:04:05	770	747	773	756
2021-07-03T00:04:35	772	748	773	757
2021-07-03T00:05:05	772	748	774	758
2021-07-03T00:05:35	774	751	776	759
2021-07-03T00:06:05	775	751	778	761
2021-07-03T00:06:35	776	751	779	761
2021-07-03T00:07:05	777	753	781	761
2021-07-03T00:07:35	777	754	782	762
2021-07-03T00:08:05	779	756	781	763
2021-07-03T00:08:35	780	756	782	764
2021-07-03T00:09:05	780	756	784	765
2021-07-03T00:09:35	780	757	784	765
2021-07-03T00:10:05	781	759	786	767
2021-07-03T00:10:35	782	760	785	767
2021-07-03T00:11:05	784	759	786	768
2021-07-03T00:11:35	785	760	788	769
2021-07-03T00:12:05	785	762	788	770
2021-07-03T00:12:35	786	762	789	771
2021-07-03T00:13:05	787	763	789	772
2021-07-03T00:13:35	790	764	793	772
2021-07-03T00:14:05	789	768	794	773
2021-07-03T00:14:35	792	768	794	774
2021-07-03T00:15:05	792	770	797	775
2021-07-03T00:15:35	793	771	797	776
2021-07-03T00:16:05	794	771	798	777
2021-07-03T00:16:35	795	773	797	778
2021-07-03T00:17:05	795	772	799	780
2021-07-03T00:17:35	795	773	800	781
2021-07-03T00:18:05	795	775	800	782
2021-07-03T00:18:35	799	776	803	782
2021-07-03T00:19:05	798	777	802	782
2021-07-03T00:19:35	800	777	804	783
2021-07-03T00:20:05	801	778	804	785
2021-07-03T00:20:35	803	780	807	786
2021-07-03T00:21:05	801	781	808	788
2021-07-03T00:21:35	803	781	808	788
2021-07-03T00:22:05	806	782	807	789
2021-07-03T00:22:35	805	782	809	790
2021-07-03T00:23:05	807	784	809	790
2021-07-03T00:23:35	808	785	811	792
2021-07-03T00:24:05	807	785	811	793
2021-07-03T00:24:35	810	787	814	793
2021-07-03T00:25:05	809	786	813	795
2021-07-03T00:25:35	812	788	814	796
2021-07-03T00:26:05	811	789	815	796
2021-07-03T00:26:35	814	790	816	798
2021-07-03T00:27:05	813	790	817	799
2021-07-03T00:27:35	816	792	818	801
2021-07-03T00:28:05	815	793	821	801
2021-07-03T00:28:35	817	795	821	802
2021-07-03T00:29:05	817	796	824	804
2021-07-03T00:29:35	820	796	823	806
2021-07-03T00:30:05	820	797	824	807
2021-07-03T00:30:35	822	797	826	808
2021-07-03T00:31:05	822	799	825	808
2021-07-03T00:31:35	823	799	825	810
2021-07-03T00:32:05	824	800	827	810
2021-07-03T00:32:35	825	801	828	813
2021-07-03T00:33:05	826	803	829	813
2021-07-03T00:33:35	827	804	830	814
2021-07-03T00:34:05	828	805	831	814
2021-07-03T00:34:35	830	805	832	817
2021-07-03T00:35:05	829	805	834	817
2021-07-03T00:35:35	832	807	835	819
2021-07-03T00:36:05	831	807	835	819
2021-07-03T00:36:35	834	808	835	820
2021-07-03T00:37:05	833	811	838	821
2021-07-03T00:37:35	836	809	838	823
2021-07-03T00:38:05	834	812	838	823
2021-07-03T00:38:35	838	812	841	824
2021-07-03T00:39:05	836	814	842	825
2021-07-03T00:39:35	840	814	844	826
2021-07-03T00:40:05	839	815	845	827
2021-07-03T00:40:35	842	815	845	829
2021-07-03T00:41:05	840	817	845	830
2021-07-03T00:41:35	843	817	845	830
2021-07-03T00:42:05	842	818	846	832
2021-07-03T00:42:35	845	819	847	833
2021-07-03T00:43:05	844	820	850	834
2021-07-03T00:43:35	848	821	849	835
2021-07-03T00:44:05	846	821	850	837
2021-07-03T00:44:35	849	822	850	837
2021-07-03T00:45:05	849	823	852	838
2021-07-03T00:45:35	851	826	854	839
2021-07-03T00:46:05	851	826	855	840
2021-07-03T00:46:35	852	827	855	842
2021-07-03T00:47:05	854	828	856	842
2021-07-03T00:47:35	853	828	857	843
2021-07-03T00:48:05	856	830	859	844
2021-07-03T00:48:35	858	830	860	845
2021-07-03T00:49:05	858	831	860	846
2021-07-03T00:49:35	857	832	862	847
2021-07-03T00:50:05	860	834	863	849
2021-07-03T00:50:35	860	834	865	849
2021-07-03T00:51:05	861	836	865	851
2021-07-03T00:51:35	864	837	867	853
2021-07-03T00:52:05	863	838	867	853
2021-07-03T00:52:35	864	839	867	855
2021-07-03T00:53:05	866	839	869	855
2021-07-03T00:53:35	866	840	869	856
2021-07-03T00:54:05	866	841	871	857
2021-07-03T00:54:35	870	842	873	858
2021-07-03T00:55:05	869	844	873	858
2021-07-03T00:55:35	871	845	874	860
2021-07-03T00:56:05	872	845	874	861
2021-07-03T00:56:35	873	846	875	862
2021-07-03T00:57:05	871	847	876	864
2021-07-03T00:57:35	875	849	878	865
2021-07-03T00:58:05	875	848	878	866
2021-07-03T00:58:35	877	849	880	867
2021-07-03T00:59:05	878	852	880	868
2021-07-03T00:59:35	879	851	881	869
2021-07-03T01:00:05	878	853	881	870
2021-07-03T01:00:35	880	855	883	871
2021-07-03T01:01:05	881	855	883	872
2021-07-03T01:01:35	881	855	884	874
2021-07-03T01:02:05	881	858	885	875
2021-07-03T01:02:35	885	860	888	875
2021-07-03T01:03:05	885	860	889	877
2021-07-03T01:03:35	885	860	889	878
2021-07-03T01:04:05	885	861	889	879
2021-07-03T01:04:35	888	862	890	880
2021-07-03T01:05:05	887	863	892	881
2021-07-03T01:05:35	889	865	894	882
2021-07-03T01:06:05	892	866	894	883
2021-07-03T01:06:35	893	866	895	884
2021-07-03T01:07:05	893	869	895	884
2021-07-03T01:07:35	893	870	897	887
2021-07-03T01:08:05	894	869	897	888
2021-07-03T01:08:35	895	871	900	889
2021-07-03T01:09:05	897	872	901	890
2021-07-03T01:09:35	898	873	902	891
2021-07-03T01:10:05	900	875	902	892
2021-07-03T01:10:35	900	874	901	893
2021-07-03T01:11:05	900	875	900	893
2021-07-03T01:11:35	899	874	903	894
2021-07-03T01:12:05	900	875	902	894
2021-07-03T01:12:35	899	875	900	895
2021-07-03T01:13:05	898	876	901	895
2021-07-03T01:13:35	899	878	903	895
2021-07-03T01:14:05	899	876	902	896
2021-07-03T01:14:35	900	878	901	896
2021-07-03T01:15:05	899	878	902	896
2021-07-03T01:15:35	898	878	901	896
2021-07-03T01:16:05	898	878	902	897
2021-07-03T01:16:35	899	880	901	897
2021-07-03T01:17:05	899	880	903	897
2021-07-03T01:17:35	900	881	903	896
2021-07-03T01:18:05	898	880	900	897
2021-07-03T01:18:35	898	881	901	897
2021-07-03T01:19:05	899	880	904	898
2021-07-03T01:19:35	900	881	903	897
2021-07-03T01:20:05	900	883	902	897
2021-07-03T01:20:35	899	882	902	898
2021-07-03T01:21:05	898	881	900	898
2021-07-03T01:21:35	898	883	902	898
2021-07-03T01:22:05	899	883	904	898
2021-07-03T01:22:35	900	884	902	898
2021-07-03T01:23:05	899	885	903	898
2021-07-03T01:23:35	900	885	904	899
2021-07-03T01:24:05	900	885	902	899
2021-07-03T01:24:35	899	885	903	899
2021-07-03T01:25:05	899	885	902	899
2021-07-03T01:25:35	900	885	902	899
2021-07-03T01:26:05	899	886	901	899
2021-07-03T01:26:35	898	886	902	899
2021-07-03T01:27:05	898	887	903	899
2021-07-03T01:27:35	899	887	901	899
2021-07-03T01:28:05	898	888	902	899
2021-07-03T01:28:35	899	888	902	899
2021-07-03T01:29:05	899	887	902	899
2021-07-03T01:29:35	898	888	901	899
2021-07-03T01:30:05	900	888	903	899
2021-07-03T01:30:35	900	889	902	899
2021-07-03T01:31:05	899	889	903	900
2021-07-03T01:31:35	900	888	901	900
2021-07-03T01:32:05	900	889	901	899
2021-07-03T01:32:35	899	889	902	900
2021-07-03T01:33:05	899	890	903	899
2021-07-03T01:33:35	900	889	902	899
2021-07-03T01:34:05	900	890	902	899
2021-07-03T01:34:35	900	890	903	899
2021-07-03T01:35:05	899	891	902	899
2021-07-03T01:35:35	899	891	902	899
2021-07-03T01:36:05	898	890	902	899
2021-07-03T01:36:35	899	891	903	899
2021-07-03T01:37:05	898	891	903	901
2021-07-03T01:37:35	899	892	903	900
2021-07-03T01:38:05	899	891	902	900
2021-07-03T01:38:35	899	891	902	900
2021-07-03T01:39:05	900	892	902	900
2021-07-03T01:39:35	900	892	903	900
2021-07-03T01:40:05	900	894	904	900
2021-07-03T01:40:35	900	894	904	900
2021-07-03T01:41:05	900	893	903	900
2021-07-03T01:41:35	900	893	904	900
2021-07-03T01:42:05	899	894	904	900
2021-07-03T01:42:35	901	894	902	900
2021-07-03T01:43:05	900	894	904	900
2021-07-03T01:43:35	899	894	903	900
2021-07-03T01:44:05	900	895	903	900
2021-07-03T01:44:35	900	894	903	900
2021-07-03T01:45:05	900	894	903	900
2021-07-03T01:45:35	899	895	903	900
2021-07-03T01:46:05	899	895	902	901
2021-07-03T01:46:35	900	894	901	901
2021-07-03T01:47:05	900	894	901	901
2021-07-03T01:47:35	899	895	901	901
2021-07-03T01:48:05	900	895	903	901
2021-07-03T01:48:35	900	896	903	901
2021-07-03T01:49:05	901	896	903	901
2021-07-03T01:49:35	902	896	903	901
2021-07-03T01:50:05	899	895	903	901
2021-07-03T01:50:35	900	896	903	901
2021-07-03T01:51:05	900	897	904	901
2021-07-03T01:51:35	898	896	903	901
2021-07-03T01:52:05	898	896	902	901
2021-07-03T01:52:35	900	896	902	901
2021-07-03T01:53:05	900	896	903	901
2021-07-03T01:53:35	900	897	904	901
2021-07-03T01:54:05	899	897	903	901
2021-07-03T01:54:35	899	896	903	901
2021-07-03T01:55:05	898	898	903	902
2021-07-03T01:55:35	899	897	902	901
2021-07-03T01:56:05	900	897	903	901
2021-07-03T01:56:35	900	898	903	901
2021-07-03T01:57:05	901	898	903	901
2021-07-03T01:57:35	899	897	903	902
2021-07-03T01:58:05	899	897	902	902
2021-07-03T01:58:35	900	897	903	902
2021-07-03T01:59:05	899	899	903	902
2021-07-03T01:59:35	899	898	904	901
2021-07-03T02:00:05	900	897	902	901
2021-07-03T02:00:35	901	898	903	901
2021-07-03T02:01:05	899	899	904	902
2021-07-03T02:01:35	899	898	903	902
2021-07-03T02:02:05	900	898	902	902
2021-07-03T02:02:35	900	899	903	902
2021-07-03T02:03:05	899	899	903	901
2021-07-03T02:03:35	899	898	902	901
2021-07-03T02:04:05	900	899	903	902
2021-07-03T02:04:35	900	899	904	901
2021-07-03T02:05:05	899	899	904	902
2021-07-03T02:05:35	899	899	903	901
2021-07-03T02:06:05	900	900	903	901
2021-07-03T02:06:35	899	900	904	901
2021-07-03T02:07:05	899	899	902	901
2021-07-03T02:07:35	900	900	903	901
2021-07-03T02:08:05	899	900	904	901
2021-07-03T02:08:35	900	899	902	901
2021-07-03T02:09:05	900	900	903	901
2021-07-03T02:09:35	900	900	903	901
2021-07-03T02:10:05	901	899	902	901
2021-07-03T02:10:35	899	900	902	901
2021-07-03T02:11:05	899	900	901	901
2021-07-03T02:11:35	900	900	902	901
2021-07-03T02:12:05	899	900	902	901
2021-07-03T02:12:35	899	900	904	902
2021-07-03T02:13:05	900	899	901	901
2021-07-03T02:13:35	898	900	902	901
2021-07-03T02:14:05	899	900	903	901
2021-07-03T02:14:35	901	901	904	901
2021-07-03T02:15:05	899	899	901	902
2021-07-03T02:15:35	900	900	902	902
2021-07-03T02:16:05	901	901	904	902
2021-07-03T02:16:35	899	899	901	902
2021-07-03T02:17:05	900	900	902	902
2021-07-03T02:17:35	901	900	904	902
2021-07-03T02:18:05	899	899	902	902
2021-07-03T02:18:35	900	900	903	902
2021-07-03T02:19:05	901	900	903	902
2021-07-03T02:19:35	899	901	903	902
2021-07-03T02:20:05	900	900	902	902
2021-07-03T02:20:35	900	900	902	901
2021-07-03T02:21:05	899	900	903	902
2021-07-03T02:21:35	900	900	902	902
2021-07-03T02:22:05	898	900	902	902
2021-07-03T02:22:35	900	900	903	902
2021-07-03T02:23:05	901	900	903	902
2021-07-03T02:23:35	899	900	902	902
2021-07-03T02:24:05	900	900	902	902
2021-07-03T02:24:35	901	900	903	902
2021-07-03T02:25:05	900	900	903	902
2021-07-03T02:25:35	900	900	902	902
2021-07-03T02:26:05	898	899	902	902
2021-07-03T02:26:35	900	900	903	902
2021-07-03T02:27:05	899	900	903	902
2021-07-03T02:27:35	899	900	903	902
2021-07-03T02:28:05	901	900	903	902
2021-07-03T02:28:35	899	901	903	902
2021-07-03T02:29:05	901	901	903	902
2021-07-03T02:29:35	900	900	903	902
2021-07-03T02:30:05	899	900	903	901
2021-07-03T02:30:35	901	900	903	902
2021-07-03T02:31:05	899	901	904	902
2021-07-03T02:31:35	900	900	903	902
2021-07-03T02:32:05	898	901	904	902
2021-07-03T02:32:35	899	900	902	901
2021-07-03T02:33:05	900	900	902	902
2021-07-03T02:33:35	899	901	903	902
2021-07-03T02:34:05	900	900	905	902
2021-07-03T02:34:35	900	900	902	902
2021-07-03T02:35:05	899	901	903	902
2021-07-03T02:35:35	901	899	903	902
2021-07-03T02:36:05	899	900	902	902
2021-07-03T02:36:35	900	900	903	902
2021-07-03T02:37:05	901	899	902	902
2021-07-03T02:37:35	900	900	902	902
2021-07-03T02:38:05	901	900	904	902
2021-07-03T02:38:35	899	901	901	902
2021-07-03T02:39:05	901	900	902	902
2021-07-03T02:39:35	898	900	903	902
2021-07-03T02:40:05	899	901	902	902
2021-07-03T02:40:35	899	901	903	902
2021-07-03T02:41:05	899	899	900	902
2021-07-03T02:41:35	810	846	861	899
2021-07-03T02:42:05	718	723	827	874
2021-07-03T02:42:35	607	648	703	810
2021-07-03T02:43:05	515	529	611	732
2021-07-03T02:43:35	469	477	579	688
2021-07-03T02:44:05	443	444	544	637
2021-07-03T02:44:35	415	415	518	599
2021-07-03T02:45:05	391	390	491	577
2021-07-03T02:45:35	374	376	479	549
2021-07-03T02:46:05	366	361	467	524
