time	T1	T2	T3	T4
2021-09-10T10:39:52	22	24	23	24
2021-09-10T10:40:22	22	24	23	24
2021-09-10T10:40:52	22	24	23	24
2021-09-10T10:41:22	22	24	23	24
2021-09-10T10:41:52	22	24	23	24
2021-09-10T10:42:22	22	24	23	24
2021-09-10T10:42:52	22	24	23	24
2021-09-10T10:43:22	22	24	23	24
2021-09-10T10:43:52	22	24	23	24
2021-09-10T10:44:22	22	24	23	24
2021-09-10T10:44:52	22	24	23	24
2021-09-10T10:45:22	22	24	23	24
2021-09-10T10:45:52	22	24	23	23
2021-09-10T10:46:22	22	23	23	24
2021-09-10T10:46:52	22	23	23	24
2021-09-10T10:47:22	22	24	23	24
2021-09-10T10:47:52	22	24	23	24
2021-09-10T10:48:22	22	24	24	24
2021-09-10T10:48:52	22	24	23	24
2021-09-10T10:49:22	22	23	23	24
2021-09-10T10:49:52	22	24	24	23
2021-09-10T10:50:22	22	24	23	23
2021-09-10T10:50:52	22	24	23	23
2021-09-10T10:51:22	22	24	23	23
2021-09-10T10:51:52	22	24	23	23
2021-09-10T10:52:22	22	24	23	23
2021-09-10T10:52:52	22	24	23	23
2021-09-10T10:53:22	22	24	23	23
2021-09-10T10:53:52	22	24	23	23
2021-09-10T10:54:22	22	24	23	23
2021-09-10T10:54:52	22	24	23	23
2021-09-10T10:55:22	22	24	23	23
2021-09-10T10:55:52	22	24	23	23
2021-09-10T10:56:22	22	24	23	23
2021-09-10T10:56:52	22	24	23	23
2021-09-10T10:57:22	22	24	23	22
2021-09-10T10:57:52	22	24	23	22
2021-09-10T10:58:22	22	24	23	22
2021-09-10T10:58:52	22	24	23	22
2021-09-10T10:59:22	22	24	23	22
2021-09-10T10:59:52	22	24	23	22
2021-09-10T11:00:22	22	24	23	22
2021-09-10T11:00:52	22	24	24	22
2021-09-10T11:01:22	23	24	24	22
2021-09-10T11:01:52	24	25	27	23
2021-09-10T11:02:22	27	28	29	24
2021-09-10T11:02:52	28	29	29	24
2021-09-10T11:03:22	28	30	29	25
2021-09-10T11:03:52	27	30	29	25
2021-09-10T11:04:22	30	30	32	26
2021-09-10T11:04:52	34	33	34	26
2021-09-10T11:05:22	35	34	34	27
2021-09-10T11:05:52	34	35	34	28
2021-09-10T11:06:22	35	35	34	28
2021-09-10T11:06:52	36	37	37	29
2021-09-10T11:07:22	36	38	36	30
2021-09-10T11:07:52	35	38	38	31
2021-09-10T11:08:22	37	39	40	31
2021-09-10T11:08:52	37	40	39	32
2021-09-10T11:09:22	37	41	40	33
2021-09-10T11:09:52	44	44	43	33
2021-09-10T11:10:22	44	45	43	35
2021-09-10T11:10:52	44	45	43	35
2021-09-10T11:11:22	45	46	45	36
2021-09-10T11:11:52	44	47	45	37
2021-09-10T11:12:22	45	48	47	37
2021-09-10T11:12:52	45	49	46	38
2021-09-10T11:13:22	46	50	49	39
2021-09-10T11:13:52	46	51	49	39
2021-09-10T11:14:22	52	53	51	40
2021-09-10T11:14:52	52	54	51	41
2021-09-10T11:15:22	52	54	51	42
2021-09-10T11:15:52	54	56	55	43
2021-09-10T11:16:22	53	56	54	44
2021-09-10T11:16:52	54	57	55	44
2021-09-10T11:17:22	54	58	56	45
2021-09-10T11:17:52	58	60	58	47
2021-09-10T11:18:22	58	61	58	48
2021-09-10T11:18:52	58	62	59	48
2021-09-10T11:19:22	59	63	60	49
2021-09-10T11:19:52	60	64	62	50
2021-09-10T11:20:22	59	65	62	51
2021-09-10T11:20:52	63	66	64	52
2021-09-10T11:21:22	66	68	64	53
2021-09-10T11:21:52	66	69	65	54
2021-09-10T11:22:22	66	69	65	55
2021-09-10T11:22:52	66	70	68	55
2021-09-10T11:23:22	65	71	67	56
2021-09-10T11:23:52	70	71	69	56
2021-09-10T11:24:22	72	74	70	57
2021-09-10T11:24:52	71	74	70	58
2021-09-10T11:25:22	72	76	72	59
2021-09-10T11:25:52	71	76	72	60
2021-09-10T11:26:22	72	77	74	61
2021-09-10T11:26:52	74	78	76	61
2021-09-10T11:27:22	77	79	77	62
2021-09-10T11:27:52	77	80	78	63
2021-09-10T11:28:22	77	81	76	64
2021-09-10T11:28:52	78	82	79	65
2021-09-10T11:29:22	77	83	79	66
2021-09-10T11:29:52	79	83	81	66
2021-09-10T11:30:22	82	86	82	67
2021-09-10T11:30:52	83	86	81	68
2021-09-10T11:31:22	84	87	85	69
2021-09-10T11:31:52	83	88	83	70
2021-09-10T11:32:22	83	88	86	70
2021-09-10T11:32:52	83	89	87	71
2021-09-10T11:33:22	87	90	87	72
2021-09-10T11:33:52	88	91	89	72
2021-09-10T11:34:22	88	92	89	73
2021-09-10T11:34:52	88	93	90	74
2021-09-10T11:35:22	91	94	92	75
2021-09-10T11:35:52	92	94	91	76
2021-09-10T11:36:22	92	96	93	77
2021-09-10T11:36:52	91	96	94	77
2021-09-10T11:37:22	96	99	96	78
2021-09-10T11:37:52	95	99	94	79
2021-09-10T11:38:22	97	100	98	81
2021-09-10T11:38:52	95	101	98	81
2021-09-10T11:39:22	101	102	100	82
2021-09-10T11:39:52	101	102	100	83
2021-09-10T11:40:22	102	105	101	84
2021-09-10T11:40:52	100	104	100	85
2021-09-10T11:41:22	104	106	104	86
2021-09-10T11:41:52	103	107	102	87
2021-09-10T11:42:22	105	109	106	87
2021-09-10T11:42:52	103	109	105	88
2021-09-10T11:43:22	107	110	108	89
2021-09-10T11:43:52	109	110	106	90
2021-09-10T11:44:22	109	112	109	91
2021-09-10T11:44:52	109	112	108	92
2021-09-10T11:45:22	109	114	112	93
2021-09-10T11:45:52	111	115	110	93
2021-09-10T11:46:22	113	116	113	94
2021-09-10T11:46:52	112	116	112	95
2021-09-10T11:47:22	115	118	116	96
2021-09-10T11:47:52	115	118	115	97
2021-09-10T11:48:22	115	119	117	98
2021-09-10T11:48:52	114	120	117	99
2021-09-10T11:49:22	121	123	120	99
2021-09-10T11:49:52	120	123	119	100
2021-09-10T11:50:22	119	123	121	101
2021-09-10T11:50:52	119	124	120	102
2021-09-10T11:51:22	124	125	123	102
2021-09-10T11:51:52	124	126	123	103
2021-09-10T11:52:22	124	127	126	104
2021-09-10T11:52:52	123	128	124	105
2021-09-10T11:53:22	127	130	128	106
2021-09-10T11:53:52	127	132	126	107
2021-09-10T11:54:22	127	132	130	108
2021-09-10T11:54:52	128	133	129	109
2021-09-10T11:55:22	130	133	130	109
2021-09-10T11:55:52	129	134	130	110
2021-09-10T11:56:22	132	135	133	111
2021-09-10T11:56:52	135	136	132	112
2021-09-10T11:57:22	136	137	134	113
2021-09-10T11:57:52	134	138	137	114
2021-09-10T11:58:22	133	139	137	115
2021-09-10T11:58:52	137	140	138	116
2021-09-10T11:59:22	137	141	137	117
2021-09-10T11:59:52	138	142	140	117
2021-09-10T12:00:22	139	141	140	118
2021-09-10T12:00:52	139	143	142	119
2021-09-10T12:01:22	142	144	141	120
2021-09-10T12:01:52	142	145	143	121
2021-09-10T12:02:22	141	145	143	122
2021-09-10T12:02:52	146	147	145	123
2021-09-10T12:03:22	146	148	148	123
2021-09-10T12:03:52	146	150	147	125
2021-09-10T12:04:22	146	151	148	125
2021-09-10T12:04:52	149	150	149	125
2021-09-10T12:05:22	152	152	151	127
2021-09-10T12:05:52	151	153	150	128
2021-09-10T12:06:22	151	155	152	129
2021-09-10T12:06:52	152	156	153	130
2021-09-10T12:07:22	154	157	154	131
2021-09-10T12:07:52	154	157	156	132
2021-09-10T12:08:22	153	159	156	133
2021-09-10T12:08:52	157	160	157	133
2021-09-10T12:09:22	158	161	158	135
2021-09-10T12:09:52	157	162	158	134
2021-09-10T12:10:22	157	163	161	135
2021-09-10T12:10:52	159	164	161	137
2021-09-10T12:11:22	164	165	161	137
2021-09-10T12:11:52	162	166	163	139
2021-09-10T12:12:22	161	166	162	140
2021-09-10T12:12:52	164	167	165	141
2021-09-10T12:13:22	164	169	166	142
2021-09-10T12:13:52	167	169	166	142
2021-09-10T12:14:22	167	170	168	144
2021-09-10T12:14:52	167	171	167	144
2021-09-10T12:15:22	170	171	171	145
2021-09-10T12:15:52	170	173	169	146
2021-09-10T12:16:22	169	173	170	147
2021-09-10T12:16:52	174	175	174	148
2021-09-10T12:17:22	174	176	173	149
2021-09-10T12:17:52	172	177	174	150
2021-09-10T12:18:22	175	178	175	150
2021-09-10T12:18:52	176	179	176	151
2021-09-10T12:19:22	175	178	177	152
2021-09-10T12:19:52	179	181	180	153
2021-09-10T12:20:22	177	181	179	154
2021-09-10T12:20:52	179	182	181	155
2021-09-10T12:21:22	180	183	181	155
2021-09-10T12:21:52	180	185	182	156
2021-09-10T12:22:22	184	185	183	156
2021-09-10T12:22:52	184	186	183	158
2021-09-10T12:23:22	183	188	187	159
2021-09-10T12:23:52	185	189	186	160
2021-09-10T12:24:22	185	189	188	161
2021-09-10T12:24:52	187	190	187	162
2021-09-10T12:25:22	187	191	190	163
2021-09-10T12:25:52	190	192	190	163
2021-09-10T12:26:22	189	194	191	164
2021-09-10T12:26:52	191	193	192	165
2021-09-10T12:27:22	196	195	193	167
2021-09-10T12:27:52	194	196	195	167
2021-09-10T12:28:22	192	198	196	168
2021-09-10T12:28:52	196	198	196	169
2021-09-10T12:29:22	196	199	198	170
2021-09-10T12:29:52	196	200	197	171
2021-09-10T12:30:22	199	201	199	172
2021-09-10T12:30:52	198	201	202	173
2021-09-10T12:31:22	199	203	201	174
2021-09-10T12:31:52	200	203	201	175
2021-09-10T12:32:22	203	205	204	176
2021-09-10T12:32:52	202	204	205	177
2021-09-10T12:33:22	203	205	205	177
2021-09-10T12:33:52	203	207	207	178
2021-09-10T12:34:22	206	207	206	179
2021-09-10T12:34:52	207	209	207	180
2021-09-10T12:35:22	209	210	210	182
2021-09-10T12:35:52	208	210	209	182
2021-09-10T12:36:22	211	211	211	183
2021-09-10T12:36:52	211	212	212	184
2021-09-10T12:37:22	210	213	213	185
2021-09-10T12:37:52	215	214	214	185
2021-09-10T12:38:22	215	216	214	187
2021-09-10T12:38:52	213	216	216	188
2021-09-10T12:39:22	215	218	218	188
2021-09-10T12:39:52	219	219	216	189
2021-09-10T12:40:22	217	220	217	191
2021-09-10T12:40:52	217	221	219	192
2021-09-10T12:41:22	221	222	221	192
2021-09-10T12:41:52	223	222	219	194
2021-09-10T12:42:22	222	223	222	195
2021-09-10T12:42:52	220	225	223	195
2021-09-10T12:43:22	225	227	225	197
2021-09-10T12:43:52	224	227	226	197
2021-09-10T12:44:22	225	228	226	198
2021-09-10T12:44:52	225	228	227	199
2021-09-10T12:45:22	227	228	228	200
2021-09-10T12:45:52	229	230	229	201
2021-09-10T12:46:22	228	231	230	202
2021-09-10T12:46:52	231	232	231	204
2021-09-10T12:47:22	231	232	231	205
2021-09-10T12:47:52	231	234	234	206
2021-09-10T12:48:22	234	235	233	206
2021-09-10T12:48:52	234	236	233	208
2021-09-10T12:49:22	235	237	235	209
2021-09-10T12:49:52	239	238	237	210
2021-09-10T12:50:22	236	239	238	211
2021-09-10T12:50:52	236	241	238	211
2021-09-10T12:51:22	240	242	241	213
2021-09-10T12:51:52	238	243	239	213
2021-09-10T12:52:22	243	245	243	214
2021-09-10T12:52:52	242	246	242	215
2021-09-10T12:53:22	244	246	242	216
2021-09-10T12:53:52	242	248	246	217
2021-09-10T12:54:22	243	249	246	217
2021-09-10T12:54:52	247	250	246	219
2021-09-10T12:55:22	245	251	247	220
2021-09-10T12:55:52	252	252	249	221
2021-09-10T12:56:22	250	253	249	223
2021-09-10T12:56:52	250	254	250	222
2021-09-10T12:57:22	250	254	249	224
2021-09-10T12:57:52	252	256	253	225
2021-09-10T12:58:22	253	256	254	226
2021-09-10T12:58:52	253	258	253	226
2021-09-10T12:59:22	257	259	256	228
2021-09-10T12:59:52	255	259	257	229
2021-09-10T13:00:22	257	260	256	230
2021-09-10T13:00:52	258	262	260	230
2021-09-10T13:01:22	256	262	257	231
2021-09-10T13:01:52	262	263	261	232
2021-09-10T13:02:22	261	264	260	233
2021-09-10T13:02:52	262	265	263	234
2021-09-10T13:03:22	261	266	263	235
2021-09-10T13:03:52	263	267	265	236
2021-09-10T13:04:22	264	268	265	237
2021-09-10T13:04:52	263	269	265	238
2021-09-10T13:05:22	270	270	267	239
2021-09-10T13:05:52	268	270	268	240
2021-09-10T13:06:22	268	270	269	241
2021-09-10T13:06:52	268	271	269	242
2021-09-10T13:07:22	274	272	270	243
2021-09-10T13:07:52	274	273	271	244
2021-09-10T13:08:22	273	274	274	245
2021-09-10T13:08:52	273	275	275	246
2021-09-10T13:09:22	274	276	275	247
2021-09-10T13:09:52	274	277	277	248
2021-09-10T13:10:22	277	277	276	249
2021-09-10T13:10:52	276	279	278	250
2021-09-10T13:11:22	279	280	279	251
2021-09-10T13:11:52	279	280	280	252
2021-09-10T13:12:22	278	281	280	253
2021-09-10T13:12:52	281	283	283	254
2021-09-10T13:13:22	284	284	282	255
2021-09-10T13:13:52	285	285	284	256
2021-09-10T13:14:22	282	285	285	257
2021-09-10T13:14:52	284	287	286	258
2021-09-10T13:15:22	287	288	288	259
2021-09-10T13:15:52	288	288	286	260
2021-09-10T13:16:22	290	289	290	262
2021-09-10T13:16:52	289	290	288	262
2021-09-10T13:17:22	288	290	291	263
2021-09-10T13:17:52	290	291	292	264
2021-09-10T13:18:22	290	292	292	265
2021-09-10T13:18:52	294	293	294	266
2021-09-10T13:19:22	293	294	295	267
2021-09-10T13:19:52	294	295	296	268
2021-09-10T13:20:22	296	296	295	269
2021-09-10T13:20:52	298	297	297	270
2021-09-10T13:21:22	297	298	299	272
2021-09-10T13:21:52	297	299	299	272
2021-09-10T13:22:22	302	299	301	273
2021-09-10T13:22:52	301	300	301	275
2021-09-10T13:23:22	301	301	304	276
2021-09-10T13:23:52	301	302	301	277
2021-09-10T13:24:22	304	303	303	278
2021-09-10T13:24:52	305	304	306	279
2021-09-10T13:25:22	305	305	306	280
2021-09-10T13:25:52	307	306	307	281
2021-09-10T13:26:22	305	307	307	282
2021-09-10T13:26:52	311	308	310	283
2021-09-10T13:27:22	308	308	309	285
2021-09-10T13:27:52	313	309	311	285
2021-09-10T13:28:22	311	310	313	287
2021-09-10T13:28:52	313	312	313	288
2021-09-10T13:29:22	312	312	314	289
2021-09-10T13:29:52	315	313	315	290
2021-09-10T13:30:22	314	314	318	290
2021-09-10T13:30:52	318	314	317	291
2021-09-10T13:31:22	318	314	320	292
2021-09-10T13:31:52	317	316	319	293
2021-09-10T13:32:22	319	318	320	294
2021-09-10T13:32:52	320	318	322	295
2021-09-10T13:33:22	320	320	322	296
2021-09-10T13:33:52	322	320	323	298
2021-09-10T13:34:22	324	321	325	299
2021-09-10T13:34:52	323	321	325	299
2021-09-10T13:35:22	325	324	326	301
2021-09-10T13:35:52	326	325	327	301
2021-09-10T13:36:22	326	325	326	303
2021-09-10T13:36:52	328	325	329	303
2021-09-10T13:37:22	329	326	331	305
2021-09-10T13:37:52	329	326	332	306
2021-09-10T13:38:22	332	329	333	307
2021-09-10T13:38:52	332	329	333	308
2021-09-10T13:39:22	335	330	333	309
2021-09-10T13:39:52	334	331	335	310
2021-09-10T13:40:22	335	331	336	311
2021-09-10T13:40:52	337	332	337	312
2021-09-10T13:41:22	335	333	338	313
2021-09-10T13:41:52	338	335	341	314
2021-09-10T13:42:22	337	335	341	314
2021-09-10T13:42:52	340	336	340	316
2021-09-10T13:43:22	340	337	343	317
2021-09-10T13:43:52	342	337	343	318
2021-09-10T13:44:22	342	339	345	319
2021-09-10T13:44:52	344	339	344	320
2021-09-10T13:45:22	344	340	345	320
2021-09-10T13:45:52	347	342	347	322
2021-09-10T13:46:22	346	342	347	322
2021-09-10T13:46:52	347	343	349	324
2021-09-10T13:47:22	347	344	350	325
2021-09-10T13:47:52	349	345	350	326
2021-09-10T13:48:22	353	347	353	327
2021-09-10T13:48:52	350	346	351	328
2021-09-10T13:49:22	353	348	355	329
2021-09-10T13:49:52	353	348	354	330
2021-09-10T13:50:22	355	350	358	331
2021-09-10T13:50:52	354	350	355	332
2021-09-10T13:51:22	358	351	359	334
2021-09-10T13:51:52	356	351	359	335
2021-09-10T13:52:22	359	352	360	336
2021-09-10T13:52:52	357	353	359	337
2021-09-10T13:53:22	363	355	362	338
2021-09-10T13:53:52	360	355	361	339
2021-09-10T13:54:22	363	356	363	340
2021-09-10T13:54:52	361	357	364	341
2021-09-10T13:55:22	363	358	367	342
2021-09-10T13:55:52	365	358	364	343
2021-09-10T13:56:22	368	360	368	344
2021-09-10T13:56:52	366	360	367	345
2021-09-10T13:57:22	367	361	370	346
2021-09-10T13:57:52	368	362	370	347
2021-09-10T13:58:22	370	363	372	348
2021-09-10T13:58:52	371	364	372	349
2021-09-10T13:59:22	371	365	372	350
2021-09-10T13:59:52	373	366	375	351
2021-09-10T14:00:22	375	366	375	352
2021-09-10T14:00:52	375	367	376	353
2021-09-10T14:01:22	376	368	377	354
2021-09-10T14:01:52	378	369	379	355
2021-09-10T14:02:22	378	369	378	356
2021-09-10T14:02:52	377	371	379	357
2021-09-10T14:03:22	383	372	382	358
2021-09-10T14:03:52	379	372	382	359
2021-09-10T14:04:22	382	373	383	360
2021-09-10T14:04:52	383	374	384	361
2021-09-10T14:05:22	384	375	386	362
2021-09-10T14:05:52	385	375	386	363
2021-09-10T14:06:22	384	377	387	364
2021-09-10T14:06:52	386	377	388	365
2021-09-10T14:07:22	387	379	390	367
2021-09-10T14:07:52	389	379	390	368
2021-09-10T14:08:22	391	381	392	369
2021-09-10T14:08:52	391	380	392	369
2021-09-10T14:09:22	390	382	393	371
2021-09-10T14:09:52	392	382	393	372
2021-09-10T14:10:22	393	383	394	373
2021-09-10T14:10:52	395	383	396	373
2021-09-10T14:11:22	394	385	398	374
2021-09-10T14:11:52	396	386	397	375
2021-09-10T14:12:22	396	387	400	376
2021-09-10T14:12:52	399	389	401	378
2021-09-10T14:13:22	399	388	399	378
2021-09-10T14:13:52	401	390	403	380
2021-09-10T14:14:22	401	391	403	381
2021-09-10T14:14:52	402	391	402	382
2021-09-10T14:15:22	404	392	406	383
2021-09-10T14:15:52	404	393	406	384
2021-09-10T14:16:22	405	393	406	386
2021-09-10T14:16:52	408	395	409	386
2021-09-10T14:17:22	405	395	407	386
2021-09-10T14:17:52	410	397	411	387
2021-09-10T14:18:22	408	397	409	389
2021-09-10T14:18:52	411	399	412	390
2021-09-10T14:19:22	409	400	411	392
2021-09-10T14:19:52	414	401	415	391
2021-09-10T14:20:22	414	402	412	394
2021-09-10T14:20:52	413	404	416	395
2021-09-10T14:21:22	416	405	415	395
2021-09-10T14:21:52	416	406	419	396
2021-09-10T14:22:22	415	407	418	397
2021-09-10T14:22:52	419	408	419	398
2021-09-10T14:23:22	420	408	420	400
2021-09-10T14:23:52	420	409	422	400
2021-09-10T14:24:22	421	410	421	402
2021-09-10T14:24:52	424	411	423	402
2021-09-10T14:25:22	423	412	424	403
2021-09-10T14:25:52	423	413	425	405
2021-09-10T14:26:22	425	414	424	406
2021-09-10T14:26:52	426	414	426	406
2021-09-10T14:27:22	425	415	427	408
2021-09-10T14:27:52	429	417	431	409
2021-09-10T14:28:22	426	417	429	410
2021-09-10T14:28:52	433	418	432	411
2021-09-10T14:29:22	430	420	432	412
2021-09-10T14:29:52	431	421	434	412
2021-09-10T14:30:22	432	422	434	414
2021-09-10T14:30:52	436	423	435	415
2021-09-10T14:31:22	433	423	436	416
2021-09-10T14:31:52	438	424	437	417
2021-09-10T14:32:22	436	425	438	417
2021-09-10T14:32:52	436	426	439	419
2021-09-10T14:33:22	438	427	441	420
2021-09-10T14:33:52	439	428	441	421
2021-09-10T14:34:22	439	428	441	423
2021-09-10T14:34:52	441	428	442	423
2021-09-10T14:35:22	441	430	443	424
2021-09-10T14:35:52	443	432	445	425
2021-09-10T14:36:22	444	433	447	426
2021-09-10T14:36:52	446	434	445	428
2021-09-10T14:37:22	446	435	448	429
2021-09-10T14:37:52	448	436	449	429
2021-09-10T14:38:22	445	436	449	431
2021-09-10T14:38:52	450	437	452	431
2021-09-10T14:39:22	451	437	450	432
2021-09-10T14:39:52	451	438	454	433
2021-09-10T14:40:22	452	438	453	434
2021-09-10T14:40:52	451	440	455	435
2021-09-10T14:41:22	453	441	457	436
2021-09-10T14:41:52	455	441	456	437
2021-09-10T14:42:22	457	442	457	438
2021-09-10T14:42:52	455	443	455	439
2021-09-10T14:43:22	459	444	460	440
2021-09-10T14:43:52	459	445	462	441
2021-09-10T14:44:22	460	445	459	442
2021-09-10T14:44:52	460	446	462	443
2021-09-10T14:45:22	462	448	464	444
2021-09-10T14:45:52	463	448	464	445
2021-09-10T14:46:22	464	449	467	447
2021-09-10T14:46:52	465	450	466	447
2021-09-10T14:47:22	466	451	467	448
2021-09-10T14:47:52	466	452	470	449
2021-09-10T14:48:22	470	452	468	451
2021-09-10T14:48:52	467	453	470	452
2021-09-10T14:49:22	472	455	472	453
2021-09-10T14:49:52	470	456	472	454
2021-09-10T14:50:22	470	456	471	455
2021-09-10T14:50:52	473	457	474	455
2021-09-10T14:51:22	472	459	475	457
2021-09-10T14:51:52	476	460	475	458
2021-09-10T14:52:22	476	461	478	459
2021-09-10T14:52:52	476	462	477	460
2021-09-10T14:53:22	476	462	479	461
2021-09-10T14:53:52	478	463	479	462
2021-09-10T14:54:22	481	464	480	463
2021-09-10T14:54:52	482	464	482	464
2021-09-10T14:55:22	482	465	482	464
2021-09-10T14:55:52	483	467	484	466
2021-09-10T14:56:22	486	467	485	467
2021-09-10T14:56:52	485	468	486	468
2021-09-10T14:57:22	487	468	487	469
2021-09-10T14:57:52	486	470	488	470
2021-09-10T14:58:22	488	471	489	471
2021-09-10T14:58:52	488	472	490	472
2021-09-10T14:59:22	489	473	491	473
2021-09-10T14:59:52	490	474	490	475
2021-09-10T15:00:22	491	475	493	475
2021-09-10T15:00:52	491	475	492	476
2021-09-10T15:01:22	493	476	493	478
2021-09-10T15:01:52	497	476	496	478
2021-09-10T15:02:22	493	477	497	479
2021-09-10T15:02:52	496	479	498	480
2021-09-10T15:03:22	497	479	498	482
2021-09-10T15:03:52	499	480	499	482
2021-09-10T15:04:22	497	481	502	483
2021-09-10T15:04:52	500	482	498	484
2021-09-10T15:05:22	501	483	502	486
2021-09-10T15:05:52	501	484	504	487
2021-09-10T15:06:22	504	484	503	488
2021-09-10T15:06:52	505	486	505	488
2021-09-10T15:07:22	505	487	507	490
2021-09-10T15:07:52	504	487	507	491
2021-09-10T15:08:22	506	488	509	492
2021-09-10T15:08:52	508	489	509	493
2021-09-10T15:09:22	512	489	509	494
2021-09-10T15:09:52	509	490	510	494
2021-09-10T15:10:22	511	490	510	495
2021-09-10T15:10:52	513	491	512	497
2021-09-10T15:11:22	513	493	514	497
2021-09-10T15:11:52	514	494	516	500
2021-09-10T15:12:22	514	494	515	500
2021-09-10T15:12:52	517	495	517	500
2021-09-10T15:13:22	517	496	519	502
2021-09-10T15:13:52	517	497	518	502
2021-09-10T15:14:22	517	498	520	503
2021-09-10T15:14:52	518	499	521	504
2021-09-10T15:15:22	521	500	523	506
2021-09-10T15:15:52	521	501	522	506
2021-09-10T15:16:22	522	501	524	509
2021-09-10T15:16:52	524	502	525	508
2021-09-10T15:17:22	525	503	525	509
2021-09-10T15:17:52	525	504	528	510
2021-09-10T15:18:22	527	505	526	511
2021-09-10T15:18:52	527	506	529	512
2021-09-10T15:19:22	529	507	530	513
2021-09-10T15:19:52	530	508	530	515
2021-09-10T15:20:22	532	508	532	516
2021-09-10T15:20:52	531	509	533	517
2021-09-10T15:21:22	531	511	534	518
2021-09-10T15:21:52	532	512	535	520
2021-09-10T15:22:22	536	512	536	521
2021-09-10T15:22:52	535	513	537	522
2021-09-10T15:23:22	536	514	539	522
2021-09-10T15:23:52	537	514	538	523
2021-09-10T15:24:22	538	515	540	525
2021-09-10T15:24:52	540	517	541	526
2021-09-10T15:25:22	538	517	542	527
2021-09-10T15:25:52	539	518	542	527
2021-09-10T15:26:22	541	518	542	528
2021-09-10T15:26:52	544	519	544	529
2021-09-10T15:27:22	544	520	546	531
2021-09-10T15:27:52	544	521	547	533
2021-09-10T15:28:22	547	523	548	534
2021-09-10T15:28:52	548	523	546	535
2021-09-10T15:29:22	547	523	548	536
2021-09-10T15:29:52	548	525	550	537
2021-09-10T15:30:22	551	526	552	538
2021-09-10T15:30:52	550	527	553	539
2021-09-10T15:31:22	551	528	554	540
2021-09-10T15:31:52	553	528	555	541
2021-09-10T15:32:22	555	529	555	542
2021-09-10T15:32:52	555	530	556	543
2021-09-10T15:33:22	554	531	556	544
2021-09-10T15:33:52	555	532	559	545
2021-09-10T15:34:22	558	533	560	546
2021-09-10T15:34:52	559	534	560	548
2021-09-10T15:35:22	558	535	562	549
2021-09-10T15:35:52	560	535	560	550
2021-09-10T15:36:22	561	536	562	551
2021-09-10T15:36:52	562	537	564	552
2021-09-10T15:37:22	563	538	565	552
2021-09-10T15:37:52	564	539	566	554
2021-09-10T15:38:22	566	540	567	555
2021-09-10T15:38:52	567	541	568	556
2021-09-10T15:39:22	568	541	570	557
2021-09-10T15:39:52	569	543	571	558
2021-09-10T15:40:22	570	543	572	559
2021-09-10T15:40:52	571	544	573	560
2021-09-10T15:41:22	571	545	572	561
2021-09-10T15:41:52	572	545	573	562
2021-09-10T15:42:22	573	546	574	563
2021-09-10T15:42:52	575	547	575	564
2021-09-10T15:43:22	575	548	577	565
2021-09-10T15:43:52	576	550	578	566
2021-09-10T15:44:22	576	550	579	568
2021-09-10T15:44:52	579	552	580	569
2021-09-10T15:45:22	580	552	581	570
2021-09-10T15:45:52	579	553	582	571
2021-09-10T15:46:22	579	554	582	572
2021-09-10T15:46:52	582	554	583	573
2021-09-10T15:47:22	583	555	585	574
2021-09-10T15:47:52	583	556	587	575
2021-09-10T15:48:22	586	557	587	576
2021-09-10T15:48:52	585	558	586	577
2021-09-10T15:49:22	587	558	588	578
2021-09-10T15:49:52	589	560	590	579
2021-09-10T15:50:22	590	560	591	580
2021-09-10T15:50:52	590	561	592	581
2021-09-10T15:51:22	591	563	593	582
2021-09-10T15:51:52	590	564	594	583
2021-09-10T15:52:22	592	565	595	585
2021-09-10T15:52:52	592	566	596	586
2021-09-10T15:53:22	594	567	597	587
2021-09-10T15:53:52	597	567	597	588
2021-09-10T15:54:22	598	568	599	589
2021-09-10T15:54:52	598	569	600	590
2021-09-10T15:55:22	598	570	600	592
2021-09-10T15:55:52	600	571	602	592
2021-09-10T15:56:22	599	572	603	594
2021-09-10T15:56:52	602	573	604	595
2021-09-10T15:57:22	603	574	605	596
2021-09-10T15:57:52	602	574	605	597
2021-09-10T15:58:22	605	575	606	598
2021-09-10T15:58:52	607	575	606	599
2021-09-10T15:59:22	605	576	608	600
2021-09-10T15:59:52	607	578	609	601
2021-09-10T16:00:22	608	578	610	602
2021-09-10T16:00:52	610	580	611	603
2021-09-10T16:01:22	609	581	612	604
2021-09-10T16:01:52	611	581	613	605
2021-09-10T16:02:22	613	582	614	607
2021-09-10T16:02:52	612	583	615	607
2021-09-10T16:03:22	614	584	616	608
2021-09-10T16:03:52	616	585	617	610
2021-09-10T16:04:22	618	586	618	611
2021-09-10T16:04:52	617	588	619	612
2021-09-10T16:05:22	619	588	619	612
2021-09-10T16:05:52	620	590	621	614
2021-09-10T16:06:22	620	589	622	615
2021-09-10T16:06:52	621	591	622	616
2021-09-10T16:07:22	621	592	623	617
2021-09-10T16:07:52	623	593	624	618
2021-09-10T16:08:22	625	594	626	619
2021-09-10T16:08:52	626	595	626	620
2021-09-10T16:09:22	625	595	627	621
2021-09-10T16:09:52	626	597	628	622
2021-09-10T16:10:22	627	598	629	623
2021-09-10T16:10:52	629	598	630	624
2021-09-10T16:11:22	631	599	631	626
2021-09-10T16:11:52	631	601	632	626
2021-09-10T16:12:22	633	601	633	628
2021-09-10T16:12:52	633	602	634	629
2021-09-10T16:13:22	634	603	635	630
2021-09-10T16:13:52	636	604	636	630
2021-09-10T16:14:22	635	605	637	632
2021-09-10T16:14:52	637	606	637	633
2021-09-10T16:15:22	639	607	639	634
2021-09-10T16:15:52	639	607	640	635
2021-09-10T16:16:22	640	608	641	635
2021-09-10T16:16:52	640	610	642	637
2021-09-10T16:17:22	643	611	642	638
2021-09-10T16:17:52	641	611	643	639
2021-09-10T16:18:22	643	612	644	640
2021-09-10T16:18:52	644	613	646	642
2021-09-10T16:19:22	645	614	646	642
2021-09-10T16:19:52	646	615	647	644
2021-09-10T16:20:22	647	616	648	644
2021-09-10T16:20:52	648	617	649	645
2021-09-10T16:21:22	649	618	651	646
2021-09-10T16:21:52	649	619	651	647
2021-09-10T16:22:22	651	620	653	648
2021-09-10T16:22:52	652	620	653	649
2021-09-10T16:23:22	653	621	654	650
2021-09-10T16:23:52	653	622	655	651
2021-09-10T16:24:22	655	624	656	652
2021-09-10T16:24:52	657	624	658	653
2021-09-10T16:25:22	656	625	658	654
2021-09-10T16:25:52	658	626	659	655
2021-09-10T16:26:22	658	627	660	656
2021-09-10T16:26:52	660	628	661	657
2021-09-10T16:27:22	661	629	662	658
2021-09-10T16:27:52	662	630	663	658
2021-09-10T16:28:22	665	631	663	660
2021-09-10T16:28:52	665	632	664	661
2021-09-10T16:29:22	665	633	666	661
2021-09-10T16:29:52	666	633	667	662
2021-09-10T16:30:22	668	634	667	663
2021-09-10T16:30:52	668	635	668	664
2021-09-10T16:31:22	668	636	669	665
2021-09-10T16:31:52	671	637	669	666
2021-09-10T16:32:22	672	638	671	667
2021-09-10T16:32:52	674	639	672	668
2021-09-10T16:33:22	674	640	672	669
2021-09-10T16:33:52	674	641	674	671
2021-09-10T16:34:22	677	642	674	672
2021-09-10T16:34:52	677	643	675	672
2021-09-10T16:35:22	677	643	676	673
2021-09-10T16:35:52	679	644	677	674
2021-09-10T16:36:22	680	645	677	675
2021-09-10T16:36:52	681	646	679	676
2021-09-10T16:37:22	682	647	680	677
2021-09-10T16:37:52	683	648	680	678
2021-09-10T16:38:22	684	649	681	679
2021-09-10T16:38:52	684	650	681	680
2021-09-10T16:39:22	686	651	683	681
2021-09-10T16:39:52	687	652	684	681
2021-09-10T16:40:22	687	652	684	683
2021-09-10T16:40:52	688	653	686	684
2021-09-10T16:41:22	690	654	686	685
2021-09-10T16:41:52	691	655	687	686
2021-09-10T16:42:22	689	656	688	687
2021-09-10T16:42:52	692	657	690	688
2021-09-10T16:43:22	692	658	690	690
2021-09-10T16:43:52	693	659	691	690
2021-09-10T16:44:22	693	660	692	691
2021-09-10T16:44:52	696	661	693	691
2021-09-10T16:45:22	697	662	693	692
2021-09-10T16:45:52	698	662	695	694
2021-09-10T16:46:22	698	663	695	696
2021-09-10T16:46:52	699	664	696	696
2021-09-10T16:47:22	699	665	697	697
2021-09-10T16:47:52	700	666	697	698
2021-09-10T16:48:22	702	667	698	699
2021-09-10T16:48:52	703	668	700	700
2021-09-10T16:49:22	703	669	701	701
2021-09-10T16:49:52	705	670	701	701
2021-09-10T16:50:22	705	671	702	703
2021-09-10T16:50:52	707	671	703	704
2021-09-10T16:51:22	707	673	704	704
2021-09-10T16:51:52	709	674	705	705
2021-09-10T16:52:22	710	674	706	706
2021-09-10T16:52:52	710	675	706	707
2021-09-10T16:53:22	713	676	708	709
2021-09-10T16:53:52	713	677	708	710
2021-09-10T16:54:22	715	678	710	711
2021-09-10T16:54:52	716	679	711	712
2021-09-10T16:55:22	716	680	711	713
2021-09-10T16:55:52	718	681	712	714
2021-09-10T16:56:22	718	682	713	714
2021-09-10T16:56:52	719	683	715	714
2021-09-10T16:57:22	719	683	715	716
2021-09-10T16:57:52	721	684	716	718
2021-09-10T16:58:22	721	685	717	719
2021-09-10T16:58:52	722	686	718	719
2021-09-10T16:59:22	725	686	719	720
2021-09-10T16:59:52	726	688	720	722
2021-09-10T17:00:22	726	689	721	721
2021-09-10T17:00:52	727	689	722	724
2021-09-10T17:01:22	728	691	722	723
2021-09-10T17:01:52	730	691	723	725
2021-09-10T17:02:22	731	692	724	726
2021-09-10T17:02:52	729	693	725	726
2021-09-10T17:03:22	734	694	726	728
2021-09-10T17:03:52	733	695	726	729
2021-09-10T17:04:22	735	696	727	730
2021-09-10T17:04:52	734	697	728	731
2021-09-10T17:05:22	736	698	729	732
2021-09-10T17:05:52	737	698	730	733
2021-09-10T17:06:22	737	700	731	734
2021-09-10T17:06:52	738	701	731	734
2021-09-10T17:07:22	740	702	732	736
2021-09-10T17:07:52	741	703	733	737
2021-09-10T17:08:22	742	704	734	738
2021-09-10T17:08:52	741	704	735	739
2021-09-10T17:09:22	743	706	735	740
2021-09-10T17:09:52	744	706	737	741
2021-09-10T17:10:22	745	707	737	741
2021-09-10T17:10:52	747	708	738	743
2021-09-10T17:11:22	747	709	739	744
2021-09-10T17:11:52	748	710	740	745
2021-09-10T17:12:23	749	710	741	745
2021-09-10T17:12:53	750	712	742	746
2021-09-10T17:13:23	750	712	743	748
2021-09-10T17:13:53	752	713	744	748
2021-09-10T17:14:23	753	714	744	749
2021-09-10T17:14:53	754	715	745	750
2021-09-10T17:15:23	754	716	746	751
2021-09-10T17:15:53	756	717	747	752
2021-09-10T17:16:23	757	718	747	753
2021-09-10T17:16:53	757	718	748	754
2021-09-10T17:17:23	758	719	749	755
2021-09-10T17:17:53	759	720	750	756
2021-09-10T17:18:23	761	721	751	756
2021-09-10T17:18:53	763	722	751	757
2021-09-10T17:19:23	762	723	753	758
2021-09-10T17:19:53	765	724	753	758
2021-09-10T17:20:23	766	725	754	761
2021-09-10T17:20:53	766	725	755	762
2021-09-10T17:21:23	766	726	756	762
2021-09-10T17:21:53	768	727	756	763
2021-09-10T17:22:23	770	728	757	764
2021-09-10T17:22:53	771	729	758	764
2021-09-10T17:23:23	770	729	759	766
2021-09-10T17:23:53	772	730	760	766
2021-09-10T17:24:23	773	732	762	767
2021-09-10T17:24:53	774	732	762	768
2021-09-10T17:25:23	774	733	763	769
2021-09-10T17:25:53	776	734	764	770
2021-09-10T17:26:23	777	735	765	770
2021-09-10T17:26:53	779	735	765	772
2021-09-10T17:27:23	779	737	766	772
2021-09-10T17:27:53	781	738	767	774
2021-09-10T17:28:23	781	738	767	774
2021-09-10T17:28:53	782	739	768	775
2021-09-10T17:29:23	783	740	769	776
2021-09-10T17:29:53	784	741	770	777
2021-09-10T17:30:23	785	742	770	778
2021-09-10T17:30:53	785	743	771	779
2021-09-10T17:31:23	786	744	772	780
2021-09-10T17:31:53	788	744	772	780
2021-09-10T17:32:23	787	745	773	781
2021-09-10T17:32:53	790	746	774	782
2021-09-10T17:33:23	789	747	774	783
2021-09-10T17:33:53	793	747	775	783
2021-09-10T17:34:23	791	748	776	785
2021-09-10T17:34:53	792	749	776	785
2021-09-10T17:35:23	795	750	777	786
2021-09-10T17:35:53	796	750	778	787
2021-09-10T17:36:23	794	751	778	788
2021-09-10T17:36:53	797	752	779	788
2021-09-10T17:37:23	797	752	779	788
2021-09-10T17:37:53	797	752	779	788
2021-09-10T17:38:23	797	752	779	788
2021-09-10T17:38:53	-100	-100	-100	788
2021-09-10T17:39:23	-100	-100	-100	-100
2021-09-10T17:39:53	-100	-100	-100	-100
2021-09-10T17:40:23	-100	-100	-100	-100
2021-09-10T17:40:53	-100	-100	-100	-100
2021-09-10T17:41:23	-100	-100	-100	-100
2021-09-10T17:41:53	-100	-100	-100	-100
2021-09-10T17:42:23	-100	-100	-100	-100
2021-09-10T17:42:53	-100	-100	-100	-100
2021-09-10T17:43:23	-100	-100	-100	-100
2021-09-10T17:43:53	-100	-100	-100	-100
2021-09-10T17:44:23	742	716	740	744
2021-09-10T17:44:53	759	723	746	745
2021-09-10T17:45:23	770	728	754	752
2021-09-10T17:45:53	777	735	758	760
2021-09-10T17:46:23	781	739	763	767
2021-09-10T17:46:53	787	743	766	773
2021-09-10T17:47:23	791	746	769	778
2021-09-10T17:47:53	795	749	770	781
2021-09-10T17:48:23	798	750	773	784
2021-09-10T17:48:53	800	752	775	788
2021-09-10T17:49:23	803	754	777	790
2021-09-10T17:49:53	806	756	778	793
2021-09-10T17:50:23	808	757	780	796
2021-09-10T17:50:53	810	759	782	797
2021-09-10T17:51:23	811	761	783	798
2021-09-10T17:51:53	812	761	784	801
2021-09-10T17:52:23	815	762	786	801
2021-09-10T17:52:53	813	764	787	803
2021-09-10T17:53:23	815	764	788	804
2021-09-10T17:53:53	815	765	789	805
2021-09-10T17:54:23	817	766	790	805
2021-09-10T17:54:53	817	767	791	806
2021-09-10T17:55:23	819	768	792	808
2021-09-10T17:55:53	819	769	793	809
2021-09-10T17:56:23	821	770	794	809
2021-09-10T17:56:53	822	770	794	809
2021-09-10T17:57:23	822	770	794	809
2021-09-10T17:57:53	822	770	794	809
2021-09-10T17:58:23	822	770	794	809
2021-09-10T17:58:53	-100	-100	-100	-100
2021-09-10T17:59:23	-100	-100	-100	-100
2021-09-10T17:59:53	-100	-100	-100	-100
2021-09-10T18:00:23	778	744	769	778
2021-09-10T18:00:53	794	748	776	779
2021-09-10T18:01:23	800	756	781	785
2021-09-10T18:01:53	807	761	786	792
2021-09-10T18:02:23	812	764	789	796
2021-09-10T18:02:53	816	766	791	801
2021-09-10T18:03:23	818	769	793	805
2021-09-10T18:03:53	822	771	795	808
2021-09-10T18:04:23	824	773	797	810
2021-09-10T18:04:53	827	774	799	813
2021-09-10T18:05:23	828	775	800	815
2021-09-10T18:05:53	830	777	801	817
2021-09-10T18:06:23	832	778	803	820
2021-09-10T18:06:53	834	779	804	821
2021-09-10T18:07:23	835	780	805	822
2021-09-10T18:07:53	837	781	806	824
2021-09-10T18:08:23	836	782	808	825
2021-09-10T18:08:53	839	783	809	826
2021-09-10T18:09:23	840	784	810	827
2021-09-10T18:09:53	841	785	811	828
2021-09-10T18:10:23	841	786	812	829
2021-09-10T18:10:53	842	787	813	830
2021-09-10T18:11:23	843	788	814	831
2021-09-10T18:11:53	843	789	816	833
2021-09-10T18:12:23	846	790	816	832
2021-09-10T18:12:53	846	790	817	833
2021-09-10T18:13:23	848	791	819	835
2021-09-10T18:13:53	848	792	820	837
2021-09-10T18:14:23	850	793	820	837
2021-09-10T18:14:53	849	793	821	838
2021-09-10T18:15:23	852	794	822	839
2021-09-10T18:15:53	851	795	824	841
2021-09-10T18:16:23	855	796	824	841
2021-09-10T18:16:53	854	797	825	841
2021-09-10T18:17:23	856	798	827	843
2021-09-10T18:17:53	856	799	828	844
2021-09-10T18:18:23	856	800	829	845
2021-09-10T18:18:53	859	800	830	846
2021-09-10T18:19:23	859	801	830	847
2021-09-10T18:19:53	860	801	831	848
2021-09-10T18:20:23	862	802	832	849
2021-09-10T18:20:53	861	803	833	850
2021-09-10T18:21:23	865	804	834	851
2021-09-10T18:21:53	863	805	835	852
2021-09-10T18:22:23	863	806	836	853
2021-09-10T18:22:53	867	807	837	855
2021-09-10T18:23:23	866	808	838	855
2021-09-10T18:23:53	868	808	839	857
2021-09-10T18:24:23	870	810	840	858
2021-09-10T18:24:53	870	810	841	859
2021-09-10T18:25:23	870	811	842	859
2021-09-10T18:25:53	873	812	843	860
2021-09-10T18:26:23	871	813	844	861
2021-09-10T18:26:53	872	814	845	863
2021-09-10T18:27:23	876	815	846	864
2021-09-10T18:27:53	875	816	847	865
2021-09-10T18:28:23	875	817	848	867
2021-09-10T18:28:53	878	818	849	866
2021-09-10T18:29:23	880	819	850	869
2021-09-10T18:29:53	881	820	851	869
2021-09-10T18:30:23	881	821	852	871
2021-09-10T18:30:53	881	821	853	872
2021-09-10T18:31:23	883	822	854	872
2021-09-10T18:31:53	885	823	855	873
2021-09-10T18:32:23	883	824	857	875
2021-09-10T18:32:53	886	825	857	876
2021-09-10T18:33:23	887	826	858	877
2021-09-10T18:33:53	886	827	860	878
2021-09-10T18:34:23	890	828	861	877
2021-09-10T18:34:53	890	829	862	879
2021-09-10T18:35:23	892	830	863	880
2021-09-10T18:35:53	892	831	864	881
2021-09-10T18:36:23	891	832	865	883
2021-09-10T18:36:53	893	833	866	883
2021-09-10T18:37:23	896	834	868	884
2021-09-10T18:37:53	896	835	868	885
2021-09-10T18:38:23	897	836	870	886
2021-09-10T18:38:53	896	837	871	888
2021-09-10T18:39:23	898	838	872	888
2021-09-10T18:39:53	899	839	873	889
2021-09-10T18:40:23	901	840	874	891
2021-09-10T18:40:53	902	841	875	891
2021-09-10T18:41:23	903	842	875	892
2021-09-10T18:41:53	903	843	876	894
2021-09-10T18:42:23	904	844	878	895
2021-09-10T18:42:53	906	845	879	895
2021-09-10T18:43:23	907	846	880	897
2021-09-10T18:43:53	906	847	881	898
2021-09-10T18:44:23	909	849	882	899
2021-09-10T18:44:53	907	849	883	901
2021-09-10T18:45:23	909	850	884	901
2021-09-10T18:45:53	909	851	885	901
2021-09-10T18:46:23	908	853	886	902
2021-09-10T18:46:53	909	853	887	902
2021-09-10T18:47:23	907	854	888	903
2021-09-10T18:47:53	909	855	889	903
2021-09-10T18:48:23	909	857	890	904
2021-09-10T18:48:53	910	857	891	904
2021-09-10T18:49:23	909	859	892	905
2021-09-10T18:49:53	910	860	893	905
2021-09-10T18:50:23	909	861	894	906
2021-09-10T18:50:53	910	862	895	906
2021-09-10T18:51:23	909	863	896	907
2021-09-10T18:51:53	908	864	897	907
2021-09-10T18:52:23	910	865	898	908
2021-09-10T18:52:53	908	866	898	908
2021-09-10T18:53:23	909	867	900	908
2021-09-10T18:53:53	908	868	901	908
2021-09-10T18:54:23	909	869	902	909
2021-09-10T18:54:53	910	870	903	909
2021-09-10T18:55:23	908	871	903	910
2021-09-10T18:55:53	910	872	904	910
2021-09-10T18:56:23	908	873	905	911
2021-09-10T18:56:53	909	874	906	911
2021-09-10T18:57:23	908	875	907	912
2021-09-10T18:57:53	909	875	908	912
2021-09-10T18:58:23	910	877	909	912
2021-09-10T18:58:53	909	877	909	913
2021-09-10T18:59:23	910	878	910	914
2021-09-10T18:59:53	909	880	912	914
2021-09-10T19:00:23	909	881	912	914
2021-09-10T19:00:53	910	881	911	915
2021-09-10T19:01:23	908	881	911	915
2021-09-10T19:01:53	908	882	912	915
2021-09-10T19:02:23	910	882	912	914
2021-09-10T19:02:53	909	883	912	915
2021-09-10T19:03:23	910	884	913	915
2021-09-10T19:03:53	909	884	912	914
2021-09-10T19:04:23	908	885	912	915
2021-09-10T19:04:53	910	885	913	916
2021-09-10T19:05:23	911	886	912	916
2021-09-10T19:05:53	910	886	912	915
2021-09-10T19:06:23	909	887	911	915
2021-09-10T19:06:53	910	887	912	915
2021-09-10T19:07:23	909	888	912	916
2021-09-10T19:07:53	909	888	912	916
2021-09-10T19:08:23	909	889	912	916
2021-09-10T19:08:53	908	889	911	916
2021-09-10T19:09:23	909	890	911	916
2021-09-10T19:09:53	909	890	912	916
2021-09-10T19:10:23	910	891	913	916
2021-09-10T19:10:53	910	891	912	916
2021-09-10T19:11:23	910	892	913	916
2021-09-10T19:11:53	910	893	913	916
2021-09-10T19:12:23	910	893	912	916
2021-09-10T19:12:53	909	894	912	917
2021-09-10T19:13:23	909	894	912	917
2021-09-10T19:13:53	910	895	912	917
2021-09-10T19:14:23	910	895	911	917
2021-09-10T19:14:53	909	895	912	917
2021-09-10T19:15:23	909	896	913	917
2021-09-10T19:15:53	909	897	912	917
2021-09-10T19:16:23	910	897	912	917
2021-09-10T19:16:53	911	897	912	917
2021-09-10T19:17:23	911	898	913	917
2021-09-10T19:17:53	909	898	913	917
2021-09-10T19:18:23	910	899	913	917
2021-09-10T19:18:53	911	899	912	917
2021-09-10T19:19:23	909	900	912	916
2021-09-10T19:19:53	910	899	913	916
2021-09-10T19:20:23	911	899	913	917
2021-09-10T19:20:53	908	899	913	916
2021-09-10T19:21:23	910	899	911	917
2021-09-10T19:21:53	909	899	911	917
2021-09-10T19:22:23	910	899	912	916
2021-09-10T19:22:53	910	899	913	916
2021-09-10T19:23:23	909	899	912	916
2021-09-10T19:23:53	909	900	912	916
2021-09-10T19:24:23	910	900	913	916
2021-09-10T19:24:53	912	899	912	916
2021-09-10T19:25:23	909	899	912	917
2021-09-10T19:25:53	910	899	912	916
2021-09-10T19:26:23	908	899	912	917
2021-09-10T19:26:53	911	899	913	917
2021-09-10T19:27:23	909	899	913	917
2021-09-10T19:27:53	910	898	913	917
2021-09-10T19:28:23	911	898	912	917
2021-09-10T19:28:53	910	898	911	917
2021-09-10T19:29:23	909	898	911	917
2021-09-10T19:29:53	909	898	912	917
2021-09-10T19:30:23	909	899	912	917
2021-09-10T19:30:53	911	898	913	917
2021-09-10T19:31:23	909	898	912	917
2021-09-10T19:31:53	910	898	912	917
2021-09-10T19:32:23	909	898	912	917
2021-09-10T19:32:53	912	899	913	917
2021-09-10T19:33:23	909	898	912	917
2021-09-10T19:33:53	909	899	913	917
2021-09-10T19:34:23	910	900	913	917
2021-09-10T19:34:53	909	899	912	917
2021-09-10T19:35:23	909	900	912	917
2021-09-10T19:35:53	910	900	913	917
2021-09-10T19:36:23	909	899	912	917
2021-09-10T19:36:53	910	900	913	917
2021-09-10T19:37:23	910	900	913	917
2021-09-10T19:37:53	908	900	912	917
2021-09-10T19:38:23	911	901	913	917
2021-09-10T19:38:53	909	900	911	917
2021-09-10T19:39:23	909	900	912	917
2021-09-10T19:39:53	911	900	913	917
2021-09-10T19:40:23	909	901	912	916
2021-09-10T19:40:53	909	901	913	916
2021-09-10T19:41:23	911	900	912	916
2021-09-10T19:41:53	910	901	913	916
2021-09-10T19:42:23	909	901	912	916
2021-09-10T19:42:53	909	901	912	916
2021-09-10T19:43:23	910	901	913	916
2021-09-10T19:43:53	909	901	912	916
2021-09-10T19:44:23	909	902	913	916
2021-09-10T19:44:53	911	901	912	916
2021-09-10T19:45:23	910	902	913	916
2021-09-10T19:45:53	909	901	912	916
2021-09-10T19:46:23	911	902	913	916
2021-09-10T19:46:53	909	901	912	916
2021-09-10T19:47:23	908	902	914	916
2021-09-10T19:47:53	909	902	912	916
2021-09-10T19:48:23	909	902	913	916
2021-09-10T19:48:53	911	902	912	916
2021-09-10T19:49:23	911	902	913	916
2021-09-10T19:49:53	910	902	912	917
2021-09-10T19:50:23	911	902	914	916
2021-09-10T19:50:53	910	902	912	917
2021-09-10T19:51:23	911	902	914	917
2021-09-10T19:51:53	909	903	912	916
2021-09-10T19:52:23	911	902	912	916
2021-09-10T19:52:53	910	903	914	917
2021-09-10T19:53:23	909	902	912	916
2021-09-10T19:53:53	909	903	913	916
2021-09-10T19:54:23	909	903	913	916
2021-09-10T19:54:53	910	902	912	917
2021-09-10T19:55:23	909	903	914	916
2021-09-10T19:55:53	909	903	913	916
2021-09-10T19:56:23	911	902	912	916
2021-09-10T19:56:53	910	903	913	917
2021-09-10T19:57:23	909	903	912	917
2021-09-10T19:57:53	909	903	913	916
2021-09-10T19:58:23	909	903	913	916
2021-09-10T19:58:53	911	903	912	916
2021-09-10T19:59:23	910	903	914	917
2021-09-10T19:59:53	910	903	913	917
2021-09-10T20:00:23	909	903	913	916
2021-09-10T20:00:53	909	904	913	916
2021-09-10T20:01:23	910	903	912	916
2021-09-10T20:01:53	910	903	912	917
2021-09-10T20:02:23	910	903	913	917
2021-09-10T20:02:53	909	904	913	917
2021-09-10T20:03:23	909	903	912	916
2021-09-10T20:03:53	911	904	914	917
2021-09-10T20:04:23	910	904	913	917
2021-09-10T20:04:53	910	904	912	917
2021-09-10T20:05:23	909	903	912	916
2021-09-10T20:05:53	909	904	913	916
2021-09-10T20:06:23	909	904	912	916
2021-09-10T20:06:53	909	904	912	916
2021-09-10T20:07:23	909	904	913	916
2021-09-10T20:07:53	911	905	914	916
2021-09-10T20:08:23	910	905	913	917
2021-09-10T20:08:53	909	905	912	916
2021-09-10T20:09:23	910	905	913	916
2021-09-10T20:09:53	909	905	913	915
2021-09-10T20:10:23	909	905	912	916
2021-09-10T20:10:53	909	906	913	915
2021-09-10T20:11:23	909	905	913	915
2021-09-10T20:11:53	909	905	912	915
2021-09-10T20:12:23	911	905	912	916
2021-09-10T20:12:53	910	905	912	917
2021-09-10T20:13:23	910	905	912	916
2021-09-10T20:13:53	910	906	913	917
2021-09-10T20:14:23	909	905	912	916
2021-09-10T20:14:53	909	905	912	916
2021-09-10T20:15:23	845	903	911	916
2021-09-10T20:15:53	777	823	873	905
2021-09-10T20:16:23	700	754	748	870
2021-09-10T20:16:53	570	633	691	821
2021-09-10T20:17:23	521	567	621	753
2021-09-10T20:17:53	472	508	575	703
2021-09-10T20:18:23	444	470	555	665
2021-09-10T20:18:53	418	442	537	644
2021-09-10T20:19:23	395	427	515	617
2021-09-10T20:19:53	384	407	498	594
2021-09-10T20:20:23	365	389	479	574
2021-09-10T20:20:53	355	372	464	562
