time	T1	T2	T3	T4
2021-01-13T17:06:50	18	18	22	14
2021-01-13T17:07:00	19	19	23	14
2021-01-13T17:07:10	19	19	23	15
2021-01-13T17:07:20	19	19	23	14
2021-01-13T17:07:30	19	19	23	14
2021-01-13T17:07:40	20	20	24	15
2021-01-13T17:07:50	20	20	23	15
2021-01-13T17:08:00	20	20	23	15
2021-01-13T17:08:10	20	21	24	15
2021-01-13T17:08:20	21	21	26	15
2021-01-13T17:08:30	21	22	27	15
2021-01-13T17:08:40	22	23	28	15
2021-01-13T17:08:50	22	24	28	15
2021-01-13T17:09:00	23	24	29	16
2021-01-13T17:09:10	22	24	29	16
2021-01-13T17:09:20	22	24	29	16
2021-01-13T17:09:30	24	25	30	17
2021-01-13T17:09:40	24	25	30	17
2021-01-13T17:09:50	23	25	30	17
2021-01-13T17:10:00	24	25	30	17
2021-01-13T17:10:10	24	25	30	18
2021-01-13T17:10:20	24	25	29	18
2021-01-13T17:10:30	24	25	29	18
2021-01-13T17:10:40	24	25	29	18
2021-01-13T17:10:50	26	25	30	18
2021-01-13T17:11:00	26	25	30	18
2021-01-13T17:11:10	28	26	31	19
2021-01-13T17:11:20	28	26	31	19
2021-01-13T17:11:30	29	26	31	20
2021-01-13T17:11:40	29	26	31	20
2021-01-13T17:11:50	30	28	31	20
2021-01-13T17:12:00	30	29	32	20
2021-01-13T17:12:10	31	31	33	20
2021-01-13T17:12:20	31	33	33	20
2021-01-13T17:12:30	32	33	35	21
2021-01-13T17:12:40	32	34	35	21
2021-01-13T17:12:50	32	34	36	22
2021-01-13T17:13:00	33	34	37	22
2021-01-13T17:13:10	33	35	37	22
2021-01-13T17:13:20	33	35	37	22
2021-01-13T17:13:30	33	35	37	23
2021-01-13T17:13:40	33	35	37	23
2021-01-13T17:13:50	33	35	37	23
2021-01-13T17:14:00	33	35	37	23
2021-01-13T17:14:10	33	35	37	24
2021-01-13T17:14:20	33	34	36	24
2021-01-13T17:14:30	33	34	36	24
2021-01-13T17:14:40	33	34	36	25
2021-01-13T17:14:50	33	35	38	25
2021-01-13T17:15:00	33	35	40	25
2021-01-13T17:15:10	34	36	42	25
2021-01-13T17:15:20	35	36	43	26
2021-01-13T17:15:30	36	37	43	26
2021-01-13T17:15:40	37	37	43	26
2021-01-13T17:15:50	37	37	44	26
2021-01-13T17:16:00	37	37	44	27
2021-01-13T17:16:10	37	37	44	27
2021-01-13T17:16:20	37	37	44	27
2021-01-13T17:16:30	38	37	43	28
2021-01-13T17:16:40	38	37	43	28
2021-01-13T17:16:50	37	37	43	28
2021-01-13T17:17:00	38	37	43	28
2021-01-13T17:17:10	38	37	43	28
2021-01-13T17:17:20	39	39	43	29
2021-01-13T17:17:30	40	41	43	29
2021-01-13T17:17:40	41	41	44	29
2021-01-13T17:17:50	42	42	45	30
2021-01-13T17:18:00	42	43	45	30
2021-01-13T17:18:10	42	43	45	30
2021-01-13T17:18:20	42	43	44	30
2021-01-13T17:18:30	42	43	44	31
2021-01-13T17:18:40	42	43	44	31
2021-01-13T17:18:50	43	44	46	32
2021-01-13T17:19:00	43	45	48	32
2021-01-13T17:19:10	43	45	48	31
2021-01-13T17:19:20	43	45	50	32
2021-01-13T17:19:30	44	45	50	32
2021-01-13T17:19:40	44	46	50	33
2021-01-13T17:19:50	44	46	50	33
2021-01-13T17:20:00	43	46	50	33
2021-01-13T17:20:10	43	46	50	34
2021-01-13T17:20:20	44	45	51	34
2021-01-13T17:20:30	46	45	52	34
2021-01-13T17:20:40	47	45	52	34
2021-01-13T17:20:50	47	45	52	35
2021-01-13T17:21:00	48	45	52	35
2021-01-13T17:21:10	48	45	52	35
2021-01-13T17:21:20	48	46	52	36
2021-01-13T17:21:30	49	47	52	36
2021-01-13T17:21:40	49	49	52	36
2021-01-13T17:21:50	50	50	52	36
2021-01-13T17:22:00	51	51	52	37
2021-01-13T17:22:10	51	51	52	37
2021-01-13T17:22:20	52	51	52	37
2021-01-13T17:22:30	52	51	52	37
2021-01-13T17:22:40	52	51	52	38
2021-01-13T17:22:50	53	51	53	38
2021-01-13T17:23:00	54	52	55	38
2021-01-13T17:23:10	54	52	56	39
2021-01-13T17:23:20	54	52	57	39
2021-01-13T17:23:30	55	52	57	40
2021-01-13T17:23:40	55	52	57	40
2021-01-13T17:23:50	56	52	57	40
2021-01-13T17:24:00	55	52	57	41
2021-01-13T17:24:10	56	52	58	41
2021-01-13T17:24:20	56	52	58	41
2021-01-13T17:24:30	56	52	57	42
2021-01-13T17:24:40	56	52	57	42
2021-01-13T17:24:50	56	52	57	42
2021-01-13T17:25:00	57	54	57	42
2021-01-13T17:25:10	58	56	58	42
2021-01-13T17:25:20	59	57	60	43
2021-01-13T17:25:30	60	59	61	43
2021-01-13T17:25:40	60	60	61	44
2021-01-13T17:25:50	61	60	61	44
2021-01-13T17:26:00	61	60	62	44
2021-01-13T17:26:10	61	60	62	45
2021-01-13T17:26:20	61	60	62	45
2021-01-13T17:26:30	62	60	63	45
2021-01-13T17:26:40	62	60	62	46
2021-01-13T17:26:50	62	59	62	46
2021-01-13T17:27:00	62	59	62	46
2021-01-13T17:27:10	63	59	61	47
2021-01-13T17:27:20	63	59	63	47
2021-01-13T17:27:30	63	59	65	47
2021-01-13T17:27:40	64	60	66	47
2021-01-13T17:27:50	64	60	66	48
2021-01-13T17:28:00	64	60	66	48
2021-01-13T17:28:10	65	60	66	49
2021-01-13T17:28:20	65	60	67	49
2021-01-13T17:28:30	65	60	67	49
2021-01-13T17:28:40	65	59	66	50
2021-01-13T17:28:50	65	61	67	50
2021-01-13T17:29:00	65	63	67	50
2021-01-13T17:29:10	66	64	66	51
2021-01-13T17:29:20	66	66	68	51
2021-01-13T17:29:30	66	66	68	51
2021-01-13T17:29:40	67	66	67	51
2021-01-13T17:29:50	68	66	67	52
2021-01-13T17:30:00	68	66	67	52
2021-01-13T17:30:10	68	67	70	53
2021-01-13T17:30:20	68	67	71	53
2021-01-13T17:30:30	69	67	71	53
2021-01-13T17:30:40	69	68	71	54
2021-01-13T17:30:50	70	67	71	54
2021-01-13T17:31:00	70	67	71	54
2021-01-13T17:31:10	70	66	71	54
2021-01-13T17:31:20	70	66	71	56
2021-01-13T17:31:30	70	66	73	55
2021-01-13T17:31:40	70	66	72	55
2021-01-13T17:31:50	70	66	72	56
2021-01-13T17:32:00	70	68	72	56
2021-01-13T17:32:10	71	69	72	56
2021-01-13T17:32:20	71	70	72	56
2021-01-13T17:32:30	72	71	73	58
2021-01-13T17:32:40	73	71	71	57
2021-01-13T17:32:50	72	71	73	57
2021-01-13T17:33:00	74	72	73	57
2021-01-13T17:33:10	74	73	77	57
2021-01-13T17:33:20	75	73	79	58
2021-01-13T17:33:30	75	74	79	58
2021-01-13T17:33:40	76	74	79	59
2021-01-13T17:33:50	76	74	79	59
2021-01-13T17:34:00	76	74	80	60
2021-01-13T17:34:10	76	73	79	60
2021-01-13T17:34:20	76	73	79	60
2021-01-13T17:34:30	76	73	79	60
2021-01-13T17:34:40	76	72	79	62
2021-01-13T17:34:50	77	73	79	61
2021-01-13T17:35:00	77	73	79	61
2021-01-13T17:35:10	77	75	80	61
2021-01-13T17:35:20	77	77	78	62
2021-01-13T17:35:30	78	77	78	62
2021-01-13T17:35:40	78	77	79	62
2021-01-13T17:35:50	78	77	79	63
2021-01-13T17:36:00	78	78	82	63
2021-01-13T17:36:10	79	78	82	63
2021-01-13T17:36:20	79	79	83	64
2021-01-13T17:36:30	80	79	83	64
2021-01-13T17:36:40	80	79	84	64
2021-01-13T17:36:50	80	79	84	64
2021-01-13T17:37:00	80	78	84	65
2021-01-13T17:37:10	80	78	83	66
2021-01-13T17:37:20	80	78	84	65
2021-01-13T17:37:30	80	78	84	65
2021-01-13T17:37:40	80	77	82	66
2021-01-13T17:37:50	80	78	84	66
2021-01-13T17:38:00	81	81	85	66
2021-01-13T17:38:10	82	83	85	67
2021-01-13T17:38:20	82	84	85	66
2021-01-13T17:38:30	82	84	86	67
2021-01-13T17:38:40	82	85	87	68
2021-01-13T17:38:50	82	85	87	69
2021-01-13T17:39:00	82	84	86	68
2021-01-13T17:39:10	83	84	86	68
2021-01-13T17:39:20	82	84	86	68
2021-01-13T17:39:30	83	84	88	69
2021-01-13T17:39:40	84	84	89	69
2021-01-13T17:39:50	84	84	89	70
2021-01-13T17:40:00	84	84	89	70
2021-01-13T17:40:10	85	84	88	70
2021-01-13T17:40:20	85	83	88	71
2021-01-13T17:40:30	85	84	88	71
2021-01-13T17:40:40	85	86	88	71
2021-01-13T17:40:50	85	87	89	71
2021-01-13T17:41:00	86	88	91	72
2021-01-13T17:41:10	86	89	92	72
2021-01-13T17:41:20	86	89	92	72
2021-01-13T17:41:30	86	89	93	72
2021-01-13T17:41:40	87	89	93	73
2021-01-13T17:41:50	87	89	93	73
2021-01-13T17:42:00	87	89	92	73
2021-01-13T17:42:10	87	88	92	74
2021-01-13T17:42:20	87	88	93	74
2021-01-13T17:42:30	88	87	93	74
2021-01-13T17:42:40	89	89	92	74
2021-01-13T17:42:50	91	91	93	75
2021-01-13T17:43:00	92	91	93	75
2021-01-13T17:43:10	92	92	93	75
2021-01-13T17:43:20	93	92	93	75
2021-01-13T17:43:30	93	93	93	76
2021-01-13T17:43:40	94	93	96	76
2021-01-13T17:43:50	94	93	98	77
2021-01-13T17:44:00	94	93	98	77
2021-01-13T17:44:10	94	94	99	77
2021-01-13T17:44:20	94	93	100	77
2021-01-13T17:44:30	95	92	99	78
2021-01-13T17:44:40	94	92	99	78
2021-01-13T17:44:50	94	92	99	78
2021-01-13T17:45:00	94	94	99	78
2021-01-13T17:45:10	95	96	98	79
2021-01-13T17:45:20	95	96	98	79
2021-01-13T17:45:30	95	97	97	79
2021-01-13T17:45:40	95	97	99	79
2021-01-13T17:45:50	95	98	101	80
2021-01-13T17:46:00	95	98	100	80
2021-01-13T17:46:10	96	98	100	81
2021-01-13T17:46:20	96	97	100	81
2021-01-13T17:46:30	96	97	102	81
2021-01-13T17:46:40	96	97	102	81
2021-01-13T17:46:50	97	97	102	82
2021-01-13T17:47:00	98	97	104	82
2021-01-13T17:47:10	99	97	106	81
2021-01-13T17:47:20	99	97	105	83
2021-01-13T17:47:30	101	98	103	83
2021-01-13T17:47:40	100	100	104	83
2021-01-13T17:47:50	101	101	104	84
2021-01-13T17:48:00	101	101	104	84
2021-01-13T17:48:10	101	101	105	84
2021-01-13T17:48:20	101	101	103	84
2021-01-13T17:48:30	101	101	103	84
2021-01-13T17:48:40	101	101	104	85
2021-01-13T17:48:50	101	101	106	85
2021-01-13T17:49:00	101	101	107	85
2021-01-13T17:49:10	102	101	107	86
2021-01-13T17:49:20	102	101	107	86
2021-01-13T17:49:30	102	102	107	86
2021-01-13T17:49:40	102	104	107	86
2021-01-13T17:49:50	102	105	108	86
2021-01-13T17:50:00	104	106	108	86
2021-01-13T17:50:10	105	106	108	87
2021-01-13T17:50:20	105	106	108	87
2021-01-13T17:50:30	105	106	108	87
2021-01-13T17:50:40	106	106	111	88
2021-01-13T17:50:50	106	106	110	88
2021-01-13T17:51:00	106	105	110	88
2021-01-13T17:51:10	106	105	110	89
2021-01-13T17:51:20	106	105	110	89
2021-01-13T17:51:30	106	105	110	89
2021-01-13T17:51:40	107	107	110	90
2021-01-13T17:51:50	108	110	113	90
2021-01-13T17:52:00	108	112	113	90
2021-01-13T17:52:10	109	112	115	90
2021-01-13T17:52:20	109	112	116	91
2021-01-13T17:52:30	109	113	118	91
2021-01-13T17:52:40	109	113	117	92
2021-01-13T17:52:50	109	112	117	92
2021-01-13T17:53:00	109	112	115	92
2021-01-13T17:53:10	109	112	114	93
2021-01-13T17:53:20	109	111	114	93
2021-01-13T17:53:30	109	111	115	93
2021-01-13T17:53:40	111	111	117	93
2021-01-13T17:53:50	112	111	117	93
2021-01-13T17:54:00	113	111	118	94
2021-01-13T17:54:10	113	111	120	94
2021-01-13T17:54:20	113	111	118	94
2021-01-13T17:54:30	114	113	118	95
2021-01-13T17:54:40	114	115	118	95
2021-01-13T17:54:50	114	115	118	95
2021-01-13T17:55:00	115	115	117	96
2021-01-13T17:55:10	115	115	117	96
2021-01-13T17:55:20	115	115	116	96
2021-01-13T17:55:30	114	114	116	96
2021-01-13T17:55:40	115	115	119	97
2021-01-13T17:55:50	116	115	122	97
2021-01-13T17:56:00	116	116	123	97
2021-01-13T17:56:10	115	116	123	97
2021-01-13T17:56:20	115	116	123	98
2021-01-13T17:56:30	116	116	124	98
2021-01-13T17:56:40	117	115	125	99
2021-01-13T17:56:50	118	116	124	99
2021-01-13T17:57:00	119	118	123	99
2021-01-13T17:57:10	119	120	123	99
2021-01-13T17:57:20	120	120	123	100
2021-01-13T17:57:30	119	120	123	100
2021-01-13T17:57:40	119	121	122	100
2021-01-13T17:57:50	120	121	121	101
2021-01-13T17:58:00	120	122	124	101
2021-01-13T17:58:10	121	122	127	101
2021-01-13T17:58:20	121	122	129	101
2021-01-13T17:58:30	121	122	129	102
2021-01-13T17:58:40	121	122	128	102
2021-01-13T17:58:50	121	121	129	102
2021-01-13T17:59:00	121	121	129	102
2021-01-13T17:59:10	120	121	127	103
2021-01-13T17:59:20	121	122	128	103
2021-01-13T17:59:30	121	123	127	104
2021-01-13T17:59:40	123	124	128	104
2021-01-13T17:59:50	124	124	129	104
2021-01-13T18:00:00	125	123	130	105
2021-01-13T18:00:10	126	123	128	105
2021-01-13T18:00:20	125	123	127	105
2021-01-13T18:00:30	125	124	128	105
2021-01-13T18:00:40	126	127	128	105
2021-01-13T18:00:50	127	129	131	106
2021-01-13T18:01:00	127	129	132	106
2021-01-13T18:01:10	127	130	132	106
2021-01-13T18:01:20	127	129	133	107
2021-01-13T18:01:30	127	128	132	107
2021-01-13T18:01:40	126	128	132	107
2021-01-13T18:01:50	126	128	131	108
2021-01-13T18:02:00	125	127	131	108
2021-01-13T18:02:10	127	127	133	108
2021-01-13T18:02:20	128	128	133	108
2021-01-13T18:02:30	130	129	136	109
2021-01-13T18:02:40	131	129	138	109
2021-01-13T18:02:50	131	130	137	109
2021-01-13T18:03:00	132	131	139	110
2021-01-13T18:03:10	132	131	138	110
2021-01-13T18:03:20	132	131	136	110
2021-01-13T18:03:30	132	129	135	110
2021-01-13T18:03:40	131	131	135	111
2021-01-13T18:03:50	131	132	135	111
2021-01-13T18:04:00	131	132	134	111
2021-01-13T18:04:10	132	132	134	112
2021-01-13T18:04:20	132	132	135	112
2021-01-13T18:04:30	132	133	139	112
2021-01-13T18:04:40	132	134	139	112
2021-01-13T18:04:50	132	133	139	113
2021-01-13T18:05:00	132	133	140	113
2021-01-13T18:05:10	133	135	141	113
2021-01-13T18:05:20	135	137	141	114
2021-01-13T18:05:30	135	137	142	114
2021-01-13T18:05:40	136	136	140	114
2021-01-13T18:05:50	136	136	140	115
2021-01-13T18:06:00	136	136	138	115
2021-01-13T18:06:10	137	136	141	115
2021-01-13T18:06:20	137	136	142	116
2021-01-13T18:06:30	136	136	143	116
2021-01-13T18:06:40	135	135	142	116
2021-01-13T18:06:50	135	136	141	117
2021-01-13T18:07:00	137	139	142	117
2021-01-13T18:07:10	138	140	145	117
2021-01-13T18:07:20	139	140	144	117
2021-01-13T18:07:30	140	140	144	117
2021-01-13T18:07:40	140	140	144	118
2021-01-13T18:07:50	140	140	142	118
2021-01-13T18:08:00	139	139	143	119
2021-01-13T18:08:10	139	139	143	119
2021-01-13T18:08:20	139	139	145	120
2021-01-13T18:08:30	139	139	145	119
2021-01-13T18:08:40	141	141	146	119
2021-01-13T18:08:50	142	143	147	120
2021-01-13T18:09:00	143	143	146	120
2021-01-13T18:09:10	143	142	145	120
2021-01-13T18:09:20	143	143	145	120
2021-01-13T18:09:30	143	142	144	121
2021-01-13T18:09:40	143	142	146	121
2021-01-13T18:09:50	143	144	148	122
2021-01-13T18:10:00	144	144	149	122
2021-01-13T18:10:10	143	145	150	123
2021-01-13T18:10:20	143	144	149	124
2021-01-13T18:10:30	143	143	151	124
2021-01-13T18:10:40	145	145	151	123
2021-01-13T18:10:50	146	147	150	123
2021-01-13T18:11:00	147	147	150	125
2021-01-13T18:11:10	147	147	151	125
2021-01-13T18:11:20	147	147	150	125
2021-01-13T18:11:30	147	146	149	125
2021-01-13T18:11:40	147	146	150	125
2021-01-13T18:11:50	148	147	153	126
2021-01-13T18:12:00	148	147	154	126
2021-01-13T18:12:10	148	146	154	127
2021-01-13T18:12:20	147	146	152	126
2021-01-13T18:12:30	148	148	153	126
2021-01-13T18:12:40	149	150	154	127
2021-01-13T18:12:50	150	152	154	128
2021-01-13T18:13:00	150	152	152	128
2021-01-13T18:13:10	151	152	154	128
2021-01-13T18:13:20	151	153	157	129
2021-01-13T18:13:30	151	152	157	129
2021-01-13T18:13:40	151	152	157	130
2021-01-13T18:13:50	150	151	155	130
2021-01-13T18:14:00	150	150	154	130
2021-01-13T18:14:10	151	152	158	130
2021-01-13T18:14:20	153	154	160	130
2021-01-13T18:14:30	154	154	160	131
2021-01-13T18:14:40	154	154	161	131
2021-01-13T18:14:50	154	154	160	132
2021-01-13T18:15:00	154	153	159	132
2021-01-13T18:15:10	154	152	159	132
2021-01-13T18:15:20	154	154	158	132
2021-01-13T18:15:30	154	155	159	132
2021-01-13T18:15:40	154	156	160	133
2021-01-13T18:15:50	156	156	159	133
2021-01-13T18:16:00	156	157	160	133
2021-01-13T18:16:10	156	156	160	133
2021-01-13T18:16:20	157	156	158	134
2021-01-13T18:16:30	156	156	161	134
2021-01-13T18:16:40	156	156	162	135
2021-01-13T18:16:50	156	156	162	135
2021-01-13T18:17:00	156	156	164	135
2021-01-13T18:17:10	157	157	163	135
2021-01-13T18:17:20	158	158	165	136
2021-01-13T18:17:30	159	159	164	136
2021-01-13T18:17:40	160	159	163	136
2021-01-13T18:17:50	160	160	164	136
2021-01-13T18:18:00	159	158	164	137
2021-01-13T18:18:10	159	158	163	137
2021-01-13T18:18:20	160	160	165	137
2021-01-13T18:18:30	160	161	166	138
2021-01-13T18:18:40	161	162	166	138
2021-01-13T18:18:50	161	162	166	138
2021-01-13T18:19:00	162	162	166	139
2021-01-13T18:19:10	162	161	166	139
2021-01-13T18:19:20	161	161	165	140
2021-01-13T18:19:30	162	160	165	140
2021-01-13T18:19:40	163	163	165	140
2021-01-13T18:19:50	165	166	169	140
2021-01-13T18:20:00	166	166	171	140
2021-01-13T18:20:10	166	167	172	141
2021-01-13T18:20:20	166	167	172	141
2021-01-13T18:20:30	166	166	170	141
2021-01-13T18:20:40	165	166	169	142
2021-01-13T18:20:50	165	165	168	142
2021-01-13T18:21:00	164	165	168	142
2021-01-13T18:21:10	165	166	170	142
2021-01-13T18:21:20	167	168	172	142
2021-01-13T18:21:30	168	169	172	143
2021-01-13T18:21:40	168	169	173	144
2021-01-13T18:21:50	168	168	174	144
2021-01-13T18:22:00	168	169	173	144
2021-01-13T18:22:10	168	168	172	145
2021-01-13T18:22:20	167	166	172	145
2021-01-13T18:22:30	166	166	171	145
2021-01-13T18:22:40	167	169	172	145
2021-01-13T18:22:50	169	171	175	146
2021-01-13T18:23:00	170	170	175	146
2021-01-13T18:23:10	170	171	175	146
2021-01-13T18:23:20	171	171	175	146
2021-01-13T18:23:30	169	171	173	146
2021-01-13T18:23:40	169	171	173	147
2021-01-13T18:23:50	170	171	177	147
2021-01-13T18:24:00	172	171	178	147
2021-01-13T18:24:10	173	171	179	148
2021-01-13T18:24:20	173	170	179	148
2021-01-13T18:24:30	173	172	179	148
2021-01-13T18:24:40	173	173	178	148
2021-01-13T18:24:50	172	174	178	149
2021-01-13T18:25:00	172	174	177	149
2021-01-13T18:25:10	174	174	176	149
2021-01-13T18:25:20	175	174	179	150
2021-01-13T18:25:30	175	173	178	150
2021-01-13T18:25:40	175	175	178	150
2021-01-13T18:25:50	174	175	177	150
2021-01-13T18:26:00	175	176	180	151
2021-01-13T18:26:10	176	176	181	151
2021-01-13T18:26:20	176	176	180	151
2021-01-13T18:26:30	176	175	182	151
2021-01-13T18:26:40	176	175	182	152
2021-01-13T18:26:50	176	175	181	152
2021-01-13T18:27:00	176	177	180	152
2021-01-13T18:27:10	176	179	181	152
2021-01-13T18:27:20	178	180	184	153
2021-01-13T18:27:30	179	180	184	153
2021-01-13T18:27:40	180	180	185	154
2021-01-13T18:27:50	180	180	185	154
2021-01-13T18:28:00	179	179	182	154
2021-01-13T18:28:10	179	178	183	154
2021-01-13T18:28:20	179	179	183	155
2021-01-13T18:28:30	179	182	185	155
2021-01-13T18:28:40	180	182	189	155
2021-01-13T18:28:50	180	183	190	155
2021-01-13T18:29:00	182	183	189	156
2021-01-13T18:29:10	183	183	188	156
2021-01-13T18:29:20	182	183	188	157
2021-01-13T18:29:30	182	183	188	157
2021-01-13T18:29:40	181	182	185	157
2021-01-13T18:29:50	182	181	186	157
2021-01-13T18:30:00	183	184	190	157
2021-01-13T18:30:10	185	186	190	158
2021-01-13T18:30:20	186	186	191	158
2021-01-13T18:30:30	186	187	193	159
2021-01-13T18:30:40	186	187	192	159
2021-01-13T18:30:50	185	186	190	159
2021-01-13T18:31:00	185	185	190	160
2021-01-13T18:31:10	185	184	187	160
2021-01-13T18:31:20	184	186	189	160
2021-01-13T18:31:30	186	187	193	160
2021-01-13T18:31:40	188	188	195	161
2021-01-13T18:31:50	189	188	195	161
2021-01-13T18:32:00	189	188	195	161
2021-01-13T18:32:10	189	188	194	162
2021-01-13T18:32:20	189	187	194	162
2021-01-13T18:32:30	188	186	193	163
2021-01-13T18:32:40	187	186	191	163
2021-01-13T18:32:50	188	189	195	163
2021-01-13T18:33:00	189	192	195	163
2021-01-13T18:33:10	190	192	198	164
2021-01-13T18:33:20	190	192	197	164
2021-01-13T18:33:30	190	192	195	164
2021-01-13T18:33:40	189	192	195	165
2021-01-13T18:33:50	190	192	194	165
2021-01-13T18:34:00	190	191	196	165
2021-01-13T18:34:10	191	190	196	166
2021-01-13T18:34:20	193	190	197	166
2021-01-13T18:34:30	193	191	196	166
2021-01-13T18:34:40	194	193	197	167
2021-01-13T18:34:50	194	196	199	167
2021-01-13T18:35:00	194	195	200	167
2021-01-13T18:35:10	194	195	198	167
2021-01-13T18:35:20	193	194	198	167
2021-01-13T18:35:30	192	194	196	168
2021-01-13T18:35:40	194	193	196	168
2021-01-13T18:35:50	194	196	200	169
2021-01-13T18:36:00	196	198	203	169
2021-01-13T18:36:10	197	198	203	169
2021-01-13T18:36:20	198	197	203	170
2021-01-13T18:36:30	199	197	204	170
2021-01-13T18:36:40	199	197	202	171
2021-01-13T18:36:50	199	196	202	171
2021-01-13T18:37:00	199	196	202	171
2021-01-13T18:37:10	200	197	201	171
2021-01-13T18:37:20	200	197	203	172
2021-01-13T18:37:30	200	200	203	172
2021-01-13T18:37:40	200	202	203	172
2021-01-13T18:37:50	201	201	202	173
2021-01-13T18:38:00	201	200	201	173
2021-01-13T18:38:10	202	199	203	173
2021-01-13T18:38:20	202	199	206	174
2021-01-13T18:38:30	203	200	207	174
2021-01-13T18:38:40	203	200	206	174
2021-01-13T18:38:50	204	201	206	175
2021-01-13T18:39:00	204	201	206	175
2021-01-13T18:39:10	203	201	204	175
2021-01-13T18:39:20	203	201	206	176
2021-01-13T18:39:30	204	202	206	176
2021-01-13T18:39:40	205	202	204	176
2021-01-13T18:39:50	205	203	208	177
2021-01-13T18:40:00	206	203	209	177
2021-01-13T18:40:10	206	203	210	178
2021-01-13T18:40:20	206	206	210	178
2021-01-13T18:40:30	206	207	210	178
2021-01-13T18:40:40	206	207	210	179
2021-01-13T18:40:50	206	207	210	179
2021-01-13T18:41:00	206	205	208	179
2021-01-13T18:41:10	206	204	208	179
2021-01-13T18:41:20	206	207	209	180
2021-01-13T18:41:30	207	208	208	180
2021-01-13T18:41:40	208	209	211	181
2021-01-13T18:41:50	208	210	212	181
2021-01-13T18:42:00	208	210	214	181
2021-01-13T18:42:10	208	208	213	181
2021-01-13T18:42:20	209	208	213	182
2021-01-13T18:42:30	209	208	212	182
2021-01-13T18:42:40	209	206	211	183
2021-01-13T18:42:50	209	207	213	183
2021-01-13T18:43:00	210	209	213	183
2021-01-13T18:43:10	210	210	214	184
2021-01-13T18:43:20	210	212	214	184
2021-01-13T18:43:30	210	210	214	184
2021-01-13T18:43:40	210	209	212	184
2021-01-13T18:43:50	211	211	215	184
2021-01-13T18:44:00	211	213	216	185
2021-01-13T18:44:10	212	213	216	185
2021-01-13T18:44:20	212	213	216	185
2021-01-13T18:44:30	212	213	215	186
2021-01-13T18:44:40	212	213	217	186
2021-01-13T18:44:50	212	213	218	187
2021-01-13T18:45:00	213	212	218	187
2021-01-13T18:45:10	213	212	218	188
2021-01-13T18:45:20	214	212	219	188
2021-01-13T18:45:30	214	213	218	188
2021-01-13T18:45:40	214	216	217	188
2021-01-13T18:45:50	214	217	217	188
2021-01-13T18:46:00	216	217	217	189
2021-01-13T18:46:10	216	217	221	190
2021-01-13T18:46:20	216	217	221	190
2021-01-13T18:46:30	216	218	221	190
2021-01-13T18:46:40	216	217	221	191
2021-01-13T18:46:50	216	216	220	191
2021-01-13T18:47:00	216	216	220	191
2021-01-13T18:47:10	216	217	220	192
2021-01-13T18:47:20	217	220	223	192
2021-01-13T18:47:30	219	221	222	192
2021-01-13T18:47:40	220	221	222	192
2021-01-13T18:47:50	220	221	223	193
2021-01-13T18:48:00	220	219	223	193
2021-01-13T18:48:10	220	219	224	193
2021-01-13T18:48:20	220	218	223	194
2021-01-13T18:48:30	220	220	224	194
2021-01-13T18:48:40	221	222	224	194
2021-01-13T18:48:50	221	220	223	194
2021-01-13T18:49:00	221	220	223	195
2021-01-13T18:49:10	221	222	227	195
2021-01-13T18:49:20	222	222	228	195
2021-01-13T18:49:30	223	223	228	196
2021-01-13T18:49:40	224	223	228	196
2021-01-13T18:49:50	224	222	228	197
2021-01-13T18:50:00	224	220	226	197
2021-01-13T18:50:10	224	221	227	197
2021-01-13T18:50:20	224	222	225	198
2021-01-13T18:50:30	224	223	230	198
2021-01-13T18:50:40	224	226	231	198
2021-01-13T18:50:50	225	227	229	199
2021-01-13T18:51:00	226	227	229	199
2021-01-13T18:51:10	225	226	229	199
2021-01-13T18:51:20	225	227	228	199
2021-01-13T18:51:30	225	227	228	200
2021-01-13T18:51:40	226	226	233	200
2021-01-13T18:51:50	227	226	233	201
2021-01-13T18:52:00	227	225	231	201
2021-01-13T18:52:10	228	225	232	201
2021-01-13T18:52:20	228	226	234	202
2021-01-13T18:52:30	228	228	232	202
2021-01-13T18:52:40	228	229	232	203
2021-01-13T18:52:50	228	229	231	203
2021-01-13T18:53:00	228	229	232	203
2021-01-13T18:53:10	229	230	237	203
2021-01-13T18:53:20	230	230	238	204
2021-01-13T18:53:30	231	229	238	204
2021-01-13T18:53:40	231	229	238	204
2021-01-13T18:53:50	231	229	238	205
2021-01-13T18:54:00	231	230	239	205
2021-01-13T18:54:10	231	230	236	206
2021-01-13T18:54:20	231	232	236	206
2021-01-13T18:54:30	232	232	235	206
2021-01-13T18:54:40	231	232	235	207
2021-01-13T18:54:50	232	233	238	207
2021-01-13T18:55:00	233	235	240	207
2021-01-13T18:55:10	234	235	241	207
2021-01-13T18:55:20	234	234	240	208
2021-01-13T18:55:30	234	234	240	208
2021-01-13T18:55:40	234	234	238	208
2021-01-13T18:55:50	234	232	240	209
2021-01-13T18:56:00	234	234	238	209
2021-01-13T18:56:10	235	236	238	210
2021-01-13T18:56:20	236	237	239	210
2021-01-13T18:56:30	237	236	239	210
2021-01-13T18:56:40	236	235	237	210
2021-01-13T18:56:50	237	236	239	211
2021-01-13T18:57:00	238	237	243	211
2021-01-13T18:57:10	239	239	244	211
2021-01-13T18:57:20	239	240	244	211
2021-01-13T18:57:30	239	240	243	212
2021-01-13T18:57:40	239	238	243	212
2021-01-13T18:57:50	238	238	241	212
2021-01-13T18:58:00	239	238	240	212
2021-01-13T18:58:10	239	237	243	213
2021-01-13T18:58:20	239	239	245	213
2021-01-13T18:58:30	239	240	245	213
2021-01-13T18:58:40	239	241	245	214
2021-01-13T18:58:50	239	242	246	214
2021-01-13T18:59:00	240	241	245	214
2021-01-13T18:59:10	241	239	244	215
2021-01-13T18:59:20	243	239	247	215
2021-01-13T18:59:30	244	243	249	215
2021-01-13T18:59:40	245	243	249	215
2021-01-13T18:59:50	245	243	248	216
2021-01-13T19:00:00	245	243	248	216
2021-01-13T19:00:10	244	242	246	217
2021-01-13T19:00:20	244	242	246	217
2021-01-13T19:00:30	244	245	248	217
2021-01-13T19:00:40	244	245	246	218
2021-01-13T19:00:50	244	245	249	218
2021-01-13T19:01:00	245	245	250	218
2021-01-13T19:01:10	244	244	250	219
2021-01-13T19:01:20	245	245	251	219
2021-01-13T19:01:30	245	246	250	219
2021-01-13T19:01:40	246	246	249	219
2021-01-13T19:01:50	247	247	251	220
2021-01-13T19:02:00	248	248	251	220
2021-01-13T19:02:10	247	246	252	220
2021-01-13T19:02:20	247	246	251	221
2021-01-13T19:02:30	247	246	250	221
2021-01-13T19:02:40	247	247	253	221
2021-01-13T19:02:50	248	249	253	222
2021-01-13T19:03:00	249	250	252	222
2021-01-13T19:03:10	249	250	253	222
2021-01-13T19:03:20	250	248	252	223
2021-01-13T19:03:30	251	248	255	223
2021-01-13T19:03:40	251	251	255	223
2021-01-13T19:03:50	251	252	256	224
2021-01-13T19:04:00	251	250	254	224
2021-01-13T19:04:10	250	249	256	224
2021-01-13T19:04:20	251	250	259	224
2021-01-13T19:04:30	252	252	258	225
2021-01-13T19:04:40	253	252	258	225
2021-01-13T19:04:50	253	254	259	225
2021-01-13T19:05:00	253	254	256	226
2021-01-13T19:05:10	254	252	258	226
2021-01-13T19:05:20	254	253	258	226
2021-01-13T19:05:30	253	253	256	227
2021-01-13T19:05:40	254	255	257	227
2021-01-13T19:05:50	254	257	259	227
2021-01-13T19:06:00	254	258	260	228
2021-01-13T19:06:10	254	258	260	228
2021-01-13T19:06:20	254	256	261	228
2021-01-13T19:06:30	254	254	260	228
2021-01-13T19:06:40	256	255	260	228
2021-01-13T19:06:50	257	255	261	228
2021-01-13T19:07:00	258	256	261	229
2021-01-13T19:07:10	258	258	260	229
2021-01-13T19:07:20	259	260	260	229
2021-01-13T19:07:30	258	260	260	230
2021-01-13T19:07:40	259	260	262	230
2021-01-13T19:07:50	259	260	264	230
2021-01-13T19:08:00	259	259	261	232
2021-01-13T19:08:10	259	258	263	231
2021-01-13T19:08:20	259	259	264	232
2021-01-13T19:08:30	260	259	265	232
2021-01-13T19:08:40	260	258	264	232
2021-01-13T19:08:50	260	258	263	233
2021-01-13T19:09:00	260	260	265	233
2021-01-13T19:09:10	261	261	266	234
2021-01-13T19:09:20	261	261	266	234
2021-01-13T19:09:30	262	260	267	234
2021-01-13T19:09:40	263	262	264	234
2021-01-13T19:09:50	263	263	266	235
2021-01-13T19:10:00	263	263	266	235
2021-01-13T19:10:10	263	264	268	236
2021-01-13T19:10:20	263	264	268	236
2021-01-13T19:10:30	263	261	268	237
2021-01-13T19:10:40	263	262	267	236
2021-01-13T19:10:50	263	264	265	237
2021-01-13T19:11:00	264	266	269	237
2021-01-13T19:11:10	265	267	272	237
2021-01-13T19:11:20	266	267	273	238
2021-01-13T19:11:30	266	266	272	239
2021-01-13T19:11:40	266	266	272	239
2021-01-13T19:11:50	266	266	269	239
2021-01-13T19:12:00	266	267	270	240
2021-01-13T19:12:10	266	269	274	240
2021-01-13T19:12:20	267	270	275	239
2021-01-13T19:12:30	269	268	276	240
2021-01-13T19:12:40	268	266	276	241
2021-01-13T19:12:50	268	270	274	241
2021-01-13T19:13:00	268	270	271	242
2021-01-13T19:13:10	268	270	273	241
2021-01-13T19:13:20	268	270	274	241
2021-01-13T19:13:30	268	268	273	242
2021-01-13T19:13:40	269	267	274	243
2021-01-13T19:13:50	271	269	274	243
2021-01-13T19:14:00	273	271	275	244
2021-01-13T19:14:10	273	273	274	243
2021-01-13T19:14:20	273	273	273	244
2021-01-13T19:14:30	273	272	275	244
2021-01-13T19:14:40	273	272	277	244
2021-01-13T19:14:50	273	272	279	245
2021-01-13T19:15:00	272	272	277	245
2021-01-13T19:15:10	272	273	274	245
2021-01-13T19:15:20	272	272	277	245
2021-01-13T19:15:30	274	275	280	245
2021-01-13T19:15:40	274	276	280	246
2021-01-13T19:15:50	275	274	281	246
2021-01-13T19:16:00	274	274	279	246
2021-01-13T19:16:10	274	274	279	247
2021-01-13T19:16:20	274	272	278	247
2021-01-13T19:16:30	276	273	279	248
2021-01-13T19:16:40	276	275	284	248
2021-01-13T19:16:50	277	276	282	248
2021-01-13T19:17:00	277	276	283	249
2021-01-13T19:17:10	277	278	281	249
2021-01-13T19:17:20	276	276	279	249
2021-01-13T19:17:30	277	276	282	250
2021-01-13T19:17:40	278	278	282	250
2021-01-13T19:17:50	279	278	284	250
2021-01-13T19:18:00	279	279	283	250
2021-01-13T19:18:10	279	278	283	251
2021-01-13T19:18:20	279	278	282	251
2021-01-13T19:18:30	280	280	283	251
2021-01-13T19:18:40	281	280	285	252
2021-01-13T19:18:50	281	282	285	252
2021-01-13T19:19:00	281	281	285	252
2021-01-13T19:19:10	281	281	283	253
2021-01-13T19:19:20	281	280	285	253
2021-01-13T19:19:30	281	282	285	253
2021-01-13T19:19:40	281	281	285	254
2021-01-13T19:19:50	281	282	287	254
2021-01-13T19:20:00	282	282	287	254
2021-01-13T19:20:10	283	281	288	255
2021-01-13T19:20:20	283	280	286	255
2021-01-13T19:20:30	283	282	287	256
2021-01-13T19:20:40	283	284	288	256
2021-01-13T19:20:50	284	286	287	256
2021-01-13T19:21:00	285	287	290	256
2021-01-13T19:21:10	286	287	291	257
2021-01-13T19:21:20	285	285	291	257
2021-01-13T19:21:30	284	283	290	257
2021-01-13T19:21:40	284	283	289	257
2021-01-13T19:21:50	285	284	290	258
2021-01-13T19:22:00	285	286	292	258
2021-01-13T19:22:10	286	288	293	258
2021-01-13T19:22:20	288	288	292	259
2021-01-13T19:22:30	289	288	292	261
2021-01-13T19:22:40	288	286	291	260
2021-01-13T19:22:50	288	286	290	260
2021-01-13T19:23:00	288	288	291	260
2021-01-13T19:23:10	288	290	293	261
2021-01-13T19:23:20	289	293	295	261
2021-01-13T19:23:30	290	292	292	262
2021-01-13T19:23:40	290	292	293	262
2021-01-13T19:23:50	291	290	294	262
2021-01-13T19:24:00	290	290	297	262
2021-01-13T19:24:10	290	289	297	263
2021-01-13T19:24:20	290	289	295	263
2021-01-13T19:24:30	291	289	294	263
2021-01-13T19:24:40	292	291	296	263
2021-01-13T19:24:50	292	294	299	264
2021-01-13T19:25:00	292	295	297	265
2021-01-13T19:25:10	291	293	297	265
2021-01-13T19:25:20	292	292	297	266
2021-01-13T19:25:30	292	293	295	265
2021-01-13T19:25:40	293	294	299	267
2021-01-13T19:25:50	294	297	299	267
2021-01-13T19:26:00	295	295	299	267
2021-01-13T19:26:10	295	295	298	268
2021-01-13T19:26:20	294	293	297	268
2021-01-13T19:26:30	295	295	300	268
2021-01-13T19:26:40	295	296	300	269
2021-01-13T19:26:50	296	296	300	269
2021-01-13T19:27:00	297	298	300	268
2021-01-13T19:27:10	296	298	300	270
2021-01-13T19:27:20	297	300	300	270
2021-01-13T19:27:30	297	300	303	271
2021-01-13T19:27:40	297	300	303	271
2021-01-13T19:27:50	298	298	304	271
2021-01-13T19:28:00	298	297	301	271
2021-01-13T19:28:10	298	297	302	271
2021-01-13T19:28:20	299	300	302	272
2021-01-13T19:28:30	299	300	306	272
2021-01-13T19:28:40	300	300	304	272
2021-01-13T19:28:50	300	299	304	273
2021-01-13T19:29:00	300	299	303	274
2021-01-13T19:29:10	300	301	304	273
2021-01-13T19:29:20	300	303	304	273
2021-01-13T19:29:30	301	303	306	274
2021-01-13T19:29:40	303	305	307	274
2021-01-13T19:29:50	303	304	307	275
2021-01-13T19:30:00	304	303	305	275
2021-01-13T19:30:10	303	303	307	275
2021-01-13T19:30:20	303	302	307	276
2021-01-13T19:30:30	303	301	308	277
2021-01-13T19:30:40	302	302	307	277
2021-01-13T19:30:50	303	304	311	278
2021-01-13T19:31:00	304	306	310	277
2021-01-13T19:31:10	305	305	310	278
2021-01-13T19:31:20	305	305	310	278
2021-01-13T19:31:30	305	304	308	279
2021-01-13T19:31:40	306	306	309	279
2021-01-13T19:31:50	306	308	313	279
2021-01-13T19:32:00	306	309	313	280
2021-01-13T19:32:10	306	307	312	281
2021-01-13T19:32:20	305	307	312	281
2021-01-13T19:32:30	305	306	312	281
2021-01-13T19:32:40	306	306	311	281
2021-01-13T19:32:50	307	308	311	281
2021-01-13T19:33:00	309	308	310	282
2021-01-13T19:33:10	310	308	311	282
2021-01-13T19:33:20	310	311	314	283
2021-01-13T19:33:30	310	311	314	283
2021-01-13T19:33:40	310	310	312	282
2021-01-13T19:33:50	310	309	314	284
2021-01-13T19:34:00	310	310	314	284
2021-01-13T19:34:10	309	311	314	284
2021-01-13T19:34:20	310	312	317	285
2021-01-13T19:34:30	311	312	319	285
2021-01-13T19:34:40	312	311	318	286
2021-01-13T19:34:50	312	308	316	286
2021-01-13T19:35:00	312	309	316	286
2021-01-13T19:35:10	311	311	315	286
2021-01-13T19:35:20	312	312	317	287
2021-01-13T19:35:30	313	316	319	287
2021-01-13T19:35:40	314	316	319	287
2021-01-13T19:35:50	315	315	319	288
2021-01-13T19:36:00	314	315	318	288
2021-01-13T19:36:10	313	315	316	288
2021-01-13T19:36:20	314	314	318	289
2021-01-13T19:36:30	314	315	319	289
2021-01-13T19:36:40	316	316	322	290
2021-01-13T19:36:50	315	316	320	290
2021-01-13T19:37:00	316	314	322	290
2021-01-13T19:37:10	316	315	321	290
2021-01-13T19:37:20	317	317	319	291
2021-01-13T19:37:30	317	318	319	291
2021-01-13T19:37:40	318	321	320	292
2021-01-13T19:37:50	318	321	325	292
2021-01-13T19:38:00	318	322	326	292
2021-01-13T19:38:10	318	321	323	292
2021-01-13T19:38:20	318	319	324	293
2021-01-13T19:38:30	318	317	324	293
2021-01-13T19:38:40	318	319	322	293
2021-01-13T19:38:50	319	319	325	294
2021-01-13T19:39:00	320	319	327	294
2021-01-13T19:39:10	320	321	325	294
2021-01-13T19:39:20	321	321	325	295
2021-01-13T19:39:30	321	319	325	295
2021-01-13T19:39:40	322	322	324	295
2021-01-13T19:39:50	321	322	325	296
2021-01-13T19:40:00	321	323	326	296
2021-01-13T19:40:10	323	323	328	296
2021-01-13T19:40:20	323	323	327	297
2021-01-13T19:40:30	323	323	326	297
2021-01-13T19:40:40	322	324	329	297
2021-01-13T19:40:50	322	324	327	297
2021-01-13T19:41:00	323	325	329	298
2021-01-13T19:41:10	324	324	329	298
2021-01-13T19:41:20	325	324	330	298
2021-01-13T19:41:30	326	324	331	299
2021-01-13T19:41:40	327	325	328	299
2021-01-13T19:41:50	326	325	331	299
2021-01-13T19:42:00	326	326	330	300
2021-01-13T19:42:10	326	328	330	300
2021-01-13T19:42:20	325	327	331	301
2021-01-13T19:42:30	325	327	330	301
2021-01-13T19:42:40	326	327	333	301
2021-01-13T19:42:50	327	328	334	302
2021-01-13T19:43:00	329	329	333	302
2021-01-13T19:43:10	329	328	332	303
2021-01-13T19:43:20	329	328	332	303
2021-01-13T19:43:30	328	328	332	303
2021-01-13T19:43:40	329	329	332	303
2021-01-13T19:43:50	330	331	336	303
2021-01-13T19:44:00	331	331	336	303
2021-01-13T19:44:10	332	331	336	303
2021-01-13T19:44:20	332	331	335	304
2021-01-13T19:44:30	331	330	334	304
2021-01-13T19:44:40	331	330	336	305
2021-01-13T19:44:50	331	330	337	305
2021-01-13T19:45:00	331	331	336	306
2021-01-13T19:45:10	332	333	336	306
2021-01-13T19:45:20	333	335	337	306
2021-01-13T19:45:30	334	337	339	306
2021-01-13T19:45:40	334	334	339	308
2021-01-13T19:45:50	334	332	337	308
2021-01-13T19:46:00	334	333	337	309
2021-01-13T19:46:10	334	336	339	309
2021-01-13T19:46:20	334	335	340	309
2021-01-13T19:46:30	335	336	341	309
2021-01-13T19:46:40	335	334	340	309
2021-01-13T19:46:50	336	333	340	310
2021-01-13T19:47:00	336	334	340	309
2021-01-13T19:47:10	336	334	339	310
2021-01-13T19:47:20	336	335	340	310
2021-01-13T19:47:30	337	338	342	310
2021-01-13T19:47:40	337	339	344	312
2021-01-13T19:47:50	338	338	345	312
2021-01-13T19:48:00	338	338	345	313
2021-01-13T19:48:10	338	338	343	313
2021-01-13T19:48:20	337	338	342	313
2021-01-13T19:48:30	338	338	341	313
2021-01-13T19:48:40	338	340	345	313
2021-01-13T19:48:50	340	342	345	313
2021-01-13T19:49:00	340	341	345	314
2021-01-13T19:49:10	341	340	343	315
2021-01-13T19:49:20	341	340	344	315
2021-01-13T19:49:30	341	339	345	315
2021-01-13T19:49:40	341	342	345	316
2021-01-13T19:49:50	340	343	348	316
2021-01-13T19:50:00	340	343	347	316
2021-01-13T19:50:10	341	343	345	317
2021-01-13T19:50:20	342	342	347	317
2021-01-13T19:50:30	342	342	346	317
2021-01-13T19:50:40	343	341	347	318
2021-01-13T19:50:50	344	342	347	317
2021-01-13T19:51:00	345	344	347	318
2021-01-13T19:51:10	344	346	349	319
2021-01-13T19:51:20	344	346	348	319
2021-01-13T19:51:30	344	346	349	319
2021-01-13T19:51:40	345	345	350	320
2021-01-13T19:51:50	345	345	350	320
2021-01-13T19:52:00	346	346	349	321
2021-01-13T19:52:10	347	348	353	321
2021-01-13T19:52:20	348	348	353	321
2021-01-13T19:52:30	348	347	352	321
2021-01-13T19:52:40	347	347	351	322
2021-01-13T19:52:50	347	347	351	322
2021-01-13T19:53:00	348	348	354	323
2021-01-13T19:53:10	348	349	356	323
2021-01-13T19:53:20	348	349	355	323
2021-01-13T19:53:30	349	349	354	324
2021-01-13T19:53:40	348	349	353	324
2021-01-13T19:53:50	348	350	352	325
2021-01-13T19:54:00	350	351	355	325
2021-01-13T19:54:10	350	351	356	325
2021-01-13T19:54:20	350	351	354	325
2021-01-13T19:54:30	351	350	355	325
2021-01-13T19:54:40	352	350	355	326
2021-01-13T19:54:50	351	353	355	326
2021-01-13T19:55:00	352	354	358	326
2021-01-13T19:55:10	353	353	358	327
2021-01-13T19:55:20	352	352	357	327
2021-01-13T19:55:30	351	352	355	327
2021-01-13T19:55:40	353	353	358	328
2021-01-13T19:55:50	354	354	357	328
2021-01-13T19:56:00	354	354	358	329
2021-01-13T19:56:10	354	355	358	329
2021-01-13T19:56:20	355	355	361	329
2021-01-13T19:56:30	355	356	359	330
2021-01-13T19:56:40	355	355	359	330
2021-01-13T19:56:50	355	356	362	330
2021-01-13T19:57:00	356	357	363	331
2021-01-13T19:57:10	357	356	363	331
2021-01-13T19:57:20	356	356	360	331
2021-01-13T19:57:30	356	356	361	331
2021-01-13T19:57:40	357	357	361	332
2021-01-13T19:57:51	358	358	361	332
2021-01-13T19:58:01	359	357	362	333
2021-01-13T19:58:11	359	357	363	333
2021-01-13T19:58:21	359	359	363	333
2021-01-13T19:58:31	358	359	362	334
2021-01-13T19:58:41	358	360	361	334
2021-01-13T19:58:51	359	361	363	334
2021-01-13T19:59:01	359	361	365	335
2021-01-13T19:59:11	359	361	364	335
2021-01-13T19:59:21	360	359	364	335
2021-01-13T19:59:31	361	357	363	336
2021-01-13T19:59:41	362	361	367	336
2021-01-13T19:59:51	363	363	368	337
2021-01-13T20:00:01	363	364	366	337
2021-01-13T20:00:11	362	364	366	337
2021-01-13T20:00:21	362	364	368	337
2021-01-13T20:00:31	362	363	366	338
2021-01-13T20:00:41	363	362	366	338
2021-01-13T20:00:51	364	364	369	338
2021-01-13T20:01:01	364	364	366	338
2021-01-13T20:01:11	365	366	367	339
2021-01-13T20:01:21	365	366	369	339
2021-01-13T20:01:31	365	367	369	340
2021-01-13T20:01:41	364	365	368	340
2021-01-13T20:01:51	365	365	369	341
2021-01-13T20:02:01	366	368	372	341
2021-01-13T20:02:11	366	367	370	341
2021-01-13T20:02:21	367	366	370	342
2021-01-13T20:02:31	367	367	372	342
2021-01-13T20:02:41	367	366	371	343
2021-01-13T20:02:51	366	369	371	343
2021-01-13T20:03:01	367	369	373	343
2021-01-13T20:03:11	367	369	372	343
2021-01-13T20:03:21	369	369	372	344
2021-01-13T20:03:31	369	369	373	344
2021-01-13T20:03:41	369	369	374	344
2021-01-13T20:03:51	370	370	373	345
2021-01-13T20:04:01	370	370	373	345
2021-01-13T20:04:11	370	369	374	346
2021-01-13T20:04:21	370	369	373	346
2021-01-13T20:04:31	371	373	377	346
2021-01-13T20:04:41	371	373	377	347
2021-01-13T20:04:51	371	372	375	347
2021-01-13T20:05:01	371	371	375	347
2021-01-13T20:05:11	372	373	376	348
2021-01-13T20:05:21	373	373	376	348
2021-01-13T20:05:31	373	374	375	349
2021-01-13T20:05:41	373	374	378	349
2021-01-13T20:05:51	373	374	379	349
2021-01-13T20:06:01	373	373	378	349
2021-01-13T20:06:11	373	374	378	350
2021-01-13T20:06:21	375	377	378	350
2021-01-13T20:06:31	374	377	382	350
2021-01-13T20:06:41	374	377	384	351
2021-01-13T20:06:51	375	377	382	351
2021-01-13T20:07:01	375	377	380	352
2021-01-13T20:07:11	376	375	379	352
2021-01-13T20:07:21	377	377	380	352
2021-01-13T20:07:31	377	376	379	352
2021-01-13T20:07:41	376	376	380	353
2021-01-13T20:07:51	377	378	381	353
2021-01-13T20:08:01	378	379	380	354
2021-01-13T20:08:11	379	378	383	354
2021-01-13T20:08:21	378	379	386	354
2021-01-13T20:08:31	379	378	384	354
2021-01-13T20:08:41	378	379	383	355
2021-01-13T20:08:51	379	380	384	355
2021-01-13T20:09:01	380	381	384	355
2021-01-13T20:09:11	381	382	384	356
2021-01-13T20:09:21	382	382	383	356
2021-01-13T20:09:31	381	382	386	356
2021-01-13T20:09:41	381	382	384	357
2021-01-13T20:09:51	381	381	385	357
2021-01-13T20:10:01	382	381	388	358
2021-01-13T20:10:11	381	382	388	358
2021-01-13T20:10:21	383	382	387	358
2021-01-13T20:10:31	383	383	386	359
2021-01-13T20:10:41	383	385	387	359
2021-01-13T20:10:51	383	386	389	359
2021-01-13T20:11:01	382	386	387	360
2021-01-13T20:11:11	382	385	389	360
2021-01-13T20:11:21	383	385	390	360
2021-01-13T20:11:31	383	385	389	360
2021-01-13T20:11:41	384	385	389	360
2021-01-13T20:11:51	385	386	388	361
2021-01-13T20:12:01	386	386	388	361
2021-01-13T20:12:11	387	387	392	362
2021-01-13T20:12:21	387	387	393	362
2021-01-13T20:12:31	387	386	391	363
2021-01-13T20:12:41	386	385	390	363
2021-01-13T20:12:51	386	386	390	363
2021-01-13T20:13:01	387	388	392	364
2021-01-13T20:13:11	388	390	391	364
2021-01-13T20:13:21	389	390	394	364
2021-01-13T20:13:31	389	389	393	365
2021-01-13T20:13:41	388	389	392	365
2021-01-13T20:13:51	388	390	394	365
2021-01-13T20:14:01	389	390	396	366
2021-01-13T20:14:11	390	390	396	366
2021-01-13T20:14:21	391	389	395	366
2021-01-13T20:14:31	391	389	394	367
2021-01-13T20:14:41	391	389	393	367
2021-01-13T20:14:51	391	391	394	367
2021-01-13T20:15:01	391	392	394	368
2021-01-13T20:15:11	392	393	399	368
2021-01-13T20:15:21	393	393	398	369
2021-01-13T20:15:31	393	392	397	369
2021-01-13T20:15:41	393	392	394	369
2021-01-13T20:15:51	393	394	396	370
2021-01-13T20:16:01	394	396	401	370
2021-01-13T20:16:11	394	396	400	370
2021-01-13T20:16:21	393	395	398	371
2021-01-13T20:16:31	393	394	397	371
2021-01-13T20:16:41	393	395	397	371
2021-01-13T20:16:51	394	395	399	372
2021-01-13T20:17:01	394	396	400	372
2021-01-13T20:17:11	396	396	401	372
2021-01-13T20:17:21	396	397	401	373
2021-01-13T20:17:31	397	397	400	373
2021-01-13T20:17:41	397	398	401	373
2021-01-13T20:17:51	396	399	402	374
2021-01-13T20:18:01	397	398	404	374
2021-01-13T20:18:11	397	397	404	374
2021-01-13T20:18:21	397	397	403	375
2021-01-13T20:18:31	399	396	402	375
2021-01-13T20:18:41	399	398	401	375
2021-01-13T20:18:51	400	400	404	376
2021-01-13T20:19:01	401	401	404	376
2021-01-13T20:19:11	399	403	403	377
2021-01-13T20:19:21	399	403	403	377
2021-01-13T20:19:31	399	402	403	377
2021-01-13T20:19:41	401	402	407	378
2021-01-13T20:19:51	401	401	406	378
2021-01-13T20:20:01	402	401	405	379
2021-01-13T20:20:11	401	400	405	379
2021-01-13T20:20:21	401	401	405	379
2021-01-13T20:20:31	402	403	406	379
2021-01-13T20:20:41	403	406	409	379
2021-01-13T20:20:51	404	406	409	380
2021-01-13T20:21:01	403	405	409	382
2021-01-13T20:21:11	403	405	407	381
2021-01-13T20:21:21	404	404	406	381
2021-01-13T20:21:31	405	405	408	381
2021-01-13T20:21:41	405	406	408	382
2021-01-13T20:21:51	406	406	408	382
2021-01-13T20:22:01	406	406	411	382
2021-01-13T20:22:11	405	405	411	383
2021-01-13T20:22:21	406	405	410	383
2021-01-13T20:22:31	406	406	411	383
2021-01-13T20:22:41	406	406	409	383
2021-01-13T20:22:51	407	408	410	384
2021-01-13T20:23:01	408	409	410	384
2021-01-13T20:23:11	408	408	413	385
2021-01-13T20:23:21	408	408	413	386
2021-01-13T20:23:31	408	408	413	386
2021-01-13T20:23:41	407	408	411	386
2021-01-13T20:23:51	408	409	413	386
2021-01-13T20:24:01	408	410	414	387
2021-01-13T20:24:11	409	409	415	387
2021-01-13T20:24:21	411	409	412	387
2021-01-13T20:24:31	411	411	411	388
2021-01-13T20:24:41	411	412	415	388
2021-01-13T20:24:51	411	415	415	388
2021-01-13T20:25:01	411	415	417	389
2021-01-13T20:25:11	410	415	417	389
2021-01-13T20:25:21	411	415	417	389
2021-01-13T20:25:31	411	412	414	390
2021-01-13T20:25:41	411	412	416	390
2021-01-13T20:25:51	412	414	418	391
2021-01-13T20:26:01	413	414	420	391
2021-01-13T20:26:11	414	413	417	392
2021-01-13T20:26:21	415	412	418	392
2021-01-13T20:26:31	415	415	418	392
2021-01-13T20:26:41	414	414	417	393
2021-01-13T20:26:51	414	416	417	392
2021-01-13T20:27:01	415	416	420	392
2021-01-13T20:27:11	415	418	421	393
2021-01-13T20:27:21	415	417	422	393
2021-01-13T20:27:31	416	415	420	394
2021-01-13T20:27:41	416	415	419	396
2021-01-13T20:27:51	418	416	420	395
2021-01-13T20:28:01	418	419	421	395
2021-01-13T20:28:11	418	421	425	396
2021-01-13T20:28:21	417	420	423	396
2021-01-13T20:28:31	417	418	423	396
2021-01-13T20:28:41	417	420	421	397
2021-01-13T20:28:51	418	420	423	398
2021-01-13T20:29:01	418	421	427	397
2021-01-13T20:29:11	419	421	425	398
2021-01-13T20:29:21	420	420	425	398
2021-01-13T20:29:31	420	420	424	399
2021-01-13T20:29:41	421	419	425	399
2021-01-13T20:29:51	421	420	426	399
2021-01-13T20:30:01	423	421	425	399
2021-01-13T20:30:11	422	422	426	400
2021-01-13T20:30:21	421	424	426	400
2021-01-13T20:30:31	421	424	425	402
2021-01-13T20:30:41	421	424	427	402
2021-01-13T20:30:51	422	423	427	401
2021-01-13T20:31:01	423	422	428	401
2021-01-13T20:31:11	423	423	428	402
2021-01-13T20:31:21	423	424	428	402
2021-01-13T20:31:31	425	426	429	403
2021-01-13T20:31:41	425	425	427	403
2021-01-13T20:31:51	425	426	427	405
2021-01-13T20:32:01	426	427	427	404
2021-01-13T20:32:11	426	428	429	404
2021-01-13T20:32:21	425	428	430	405
2021-01-13T20:32:31	425	428	431	405
2021-01-13T20:32:41	424	426	430	406
2021-01-13T20:32:51	425	427	430	406
2021-01-13T20:33:01	426	427	432	406
2021-01-13T20:33:11	427	427	432	406
2021-01-13T20:33:21	428	427	432	407
2021-01-13T20:33:31	428	428	432	407
2021-01-13T20:33:41	427	428	432	407
2021-01-13T20:33:51	429	430	430	408
2021-01-13T20:34:01	429	430	433	409
2021-01-13T20:34:11	429	432	434	408
2021-01-13T20:34:21	430	431	434	409
2021-01-13T20:34:31	430	431	434	409
2021-01-13T20:34:41	430	430	436	410
2021-01-13T20:34:51	430	430	434	410
2021-01-13T20:35:01	432	431	435	410
2021-01-13T20:35:11	432	432	436	410
2021-01-13T20:35:21	433	433	435	411
2021-01-13T20:35:31	433	433	435	411
2021-01-13T20:35:41	432	433	436	413
2021-01-13T20:35:51	432	433	437	412
2021-01-13T20:36:01	432	433	436	412
2021-01-13T20:36:11	433	434	437	412
2021-01-13T20:36:21	434	435	440	413
2021-01-13T20:36:31	434	434	437	413
2021-01-13T20:36:41	434	434	439	415
2021-01-13T20:36:51	435	436	439	415
2021-01-13T20:37:01	435	437	439	414
2021-01-13T20:37:11	435	436	439	415
2021-01-13T20:37:21	436	436	439	415
2021-01-13T20:37:31	437	434	439	415
2021-01-13T20:37:41	437	435	442	415
2021-01-13T20:37:51	437	437	442	416
2021-01-13T20:38:01	437	438	440	416
2021-01-13T20:38:11	437	438	441	417
2021-01-13T20:38:21	437	440	444	417
2021-01-13T20:38:31	438	439	443	418
2021-01-13T20:38:41	438	439	442	418
2021-01-13T20:38:51	439	438	442	418
2021-01-13T20:39:01	440	439	442	418
2021-01-13T20:39:11	441	439	446	419
2021-01-13T20:39:21	441	440	443	420
2021-01-13T20:39:31	441	442	443	419
2021-01-13T20:39:41	440	443	447	420
2021-01-13T20:39:51	441	442	445	421
2021-01-13T20:40:01	440	442	446	421
2021-01-13T20:40:11	442	441	446	422
2021-01-13T20:40:21	442	440	448	422
2021-01-13T20:40:31	442	442	446	421
2021-01-13T20:40:41	443	443	446	422
2021-01-13T20:40:51	444	445	445	422
2021-01-13T20:41:01	444	445	447	424
2021-01-13T20:41:11	444	446	448	423
2021-01-13T20:41:21	443	444	448	423
2021-01-13T20:41:31	443	443	446	425
2021-01-13T20:41:41	444	444	449	424
2021-01-13T20:41:51	445	446	449	425
2021-01-13T20:42:01	446	446	449	426
2021-01-13T20:42:11	445	445	450	426
2021-01-13T20:42:21	445	447	449	426
2021-01-13T20:42:31	446	447	449	427
2021-01-13T20:42:41	447	448	450	426
2021-01-13T20:42:51	447	448	450	426
2021-01-13T20:43:01	447	446	451	428
2021-01-13T20:43:11	447	447	452	427
2021-01-13T20:43:21	448	448	451	427
2021-01-13T20:43:31	448	448	452	428
2021-01-13T20:43:41	449	449	454	429
2021-01-13T20:43:51	449	449	451	430
2021-01-13T20:44:01	450	449	452	429
2021-01-13T20:44:11	449	451	453	430
2021-01-13T20:44:21	449	451	453	430
2021-01-13T20:44:31	449	451	453	431
2021-01-13T20:44:41	450	451	456	431
2021-01-13T20:44:51	451	451	454	430
2021-01-13T20:45:01	451	450	454	432
2021-01-13T20:45:11	451	451	455	432
2021-01-13T20:45:21	452	451	455	433
2021-01-13T20:45:31	453	454	457	432
2021-01-13T20:45:41	452	453	457	433
2021-01-13T20:45:51	453	452	455	434
2021-01-13T20:46:01	453	454	458	434
2021-01-13T20:46:11	454	454	459	433
2021-01-13T20:46:21	454	452	459	433
2021-01-13T20:46:31	455	453	458	435
2021-01-13T20:46:41	455	453	458	435
2021-01-13T20:46:51	455	453	456	435
2021-01-13T20:47:01	455	455	461	436
2021-01-13T20:47:11	455	457	460	436
2021-01-13T20:47:21	456	456	459	436
2021-01-13T20:47:31	456	455	460	437
2021-01-13T20:47:41	457	456	461	438
2021-01-13T20:47:51	457	458	461	438
2021-01-13T20:48:01	458	457	461	438
2021-01-13T20:48:11	457	457	460	438
2021-01-13T20:48:21	457	459	462	439
2021-01-13T20:48:31	457	461	462	439
2021-01-13T20:48:41	458	460	463	439
2021-01-13T20:48:51	458	458	463	440
2021-01-13T20:49:01	459	458	462	440
2021-01-13T20:49:11	459	459	463	440
2021-01-13T20:49:21	459	461	465	441
2021-01-13T20:49:31	460	460	466	441
2021-01-13T20:49:41	460	460	464	442
2021-01-13T20:49:51	461	459	464	442
2021-01-13T20:50:01	461	461	465	443
2021-01-13T20:50:11	461	461	464	443
2021-01-13T20:50:21	461	462	467	443
2021-01-13T20:50:31	462	464	467	443
2021-01-13T20:50:41	462	464	468	444
2021-01-13T20:50:51	463	463	468	444
2021-01-13T20:51:01	463	462	466	444
2021-01-13T20:51:11	464	464	466	445
2021-01-13T20:51:21	464	464	470	445
2021-01-13T20:51:31	464	462	470	446
2021-01-13T20:51:41	464	463	467	446
2021-01-13T20:51:51	463	464	469	446
2021-01-13T20:52:01	464	466	468	447
2021-01-13T20:52:11	465	466	469	447
2021-01-13T20:52:21	465	466	471	448
2021-01-13T20:52:31	466	465	468	448
2021-01-13T20:52:41	466	466	471	448
2021-01-13T20:52:51	467	467	470	448
2021-01-13T20:53:01	467	468	470	447
2021-01-13T20:53:11	467	468	473	448
2021-01-13T20:53:21	469	467	472	448
2021-01-13T20:53:31	468	467	471	450
2021-01-13T20:53:41	467	469	472	450
2021-01-13T20:53:51	467	469	473	451
2021-01-13T20:54:01	468	469	474	451
2021-01-13T20:54:11	468	468	473	452
2021-01-13T20:54:21	469	470	474	452
2021-01-13T20:54:31	470	470	475	452
2021-01-13T20:54:41	471	470	474	453
2021-01-13T20:54:51	471	472	476	453
2021-01-13T20:55:01	470	472	474	453
2021-01-13T20:55:11	471	472	475	453
2021-01-13T20:55:21	471	470	475	454
2021-01-13T20:55:31	472	473	475	454
2021-01-13T20:55:41	473	473	478	454
2021-01-13T20:55:51	472	473	478	455
2021-01-13T20:56:01	472	473	477	455
2021-01-13T20:56:11	472	472	474	455
2021-01-13T20:56:21	473	472	477	456
2021-01-13T20:56:31	473	474	480	455
2021-01-13T20:56:41	474	476	479	456
2021-01-13T20:56:51	474	474	478	457
2021-01-13T20:57:01	475	474	478	457
2021-01-13T20:57:11	475	476	481	457
2021-01-13T20:57:21	477	477	482	458
2021-01-13T20:57:31	476	476	480	458
2021-01-13T20:57:41	475	474	479	459
2021-01-13T20:57:51	474	475	479	459
2021-01-13T20:58:01	476	478	478	459
2021-01-13T20:58:11	476	478	483	459
2021-01-13T20:58:21	477	478	482	460
2021-01-13T20:58:31	477	477	482	460
2021-01-13T20:58:41	477	478	483	460
2021-01-13T20:58:51	479	480	484	461
2021-01-13T20:59:01	479	480	482	461
2021-01-13T20:59:11	479	480	483	462
2021-01-13T20:59:21	479	479	484	462
2021-01-13T20:59:31	479	479	482	462
2021-01-13T20:59:41	480	480	485	463
2021-01-13T20:59:51	481	482	486	463
2021-01-13T21:00:01	482	483	485	463
2021-01-13T21:00:11	481	482	486	463
2021-01-13T21:00:21	480	481	484	464
2021-01-13T21:00:31	481	482	487	464
2021-01-13T21:00:41	482	483	487	465
2021-01-13T21:00:51	481	482	487	465
2021-01-13T21:01:01	482	482	485	465
2021-01-13T21:01:11	483	481	486	465
2021-01-13T21:01:21	483	484	489	466
2021-01-13T21:01:31	484	485	489	466
2021-01-13T21:01:41	484	484	487	467
2021-01-13T21:01:51	485	484	489	467
2021-01-13T21:02:01	485	484	489	467
2021-01-13T21:02:11	485	484	490	468
2021-01-13T21:02:21	486	485	487	468
2021-01-13T21:02:31	486	486	490	469
2021-01-13T21:02:41	486	488	492	469
2021-01-13T21:02:51	487	487	491	469
2021-01-13T21:03:01	487	487	489	470
2021-01-13T21:03:11	486	486	489	470
2021-01-13T21:03:21	486	486	491	471
2021-01-13T21:03:31	487	486	490	471
2021-01-13T21:03:41	487	486	492	471
2021-01-13T21:03:51	487	489	492	471
2021-01-13T21:04:01	487	489	493	472
2021-01-13T21:04:11	488	488	493	472
2021-01-13T21:04:21	488	487	490	472
2021-01-13T21:04:31	489	489	493	473
2021-01-13T21:04:41	490	490	496	473
2021-01-13T21:04:51	490	492	496	473
2021-01-13T21:05:01	491	491	494	474
2021-01-13T21:05:11	491	491	494	474
2021-01-13T21:05:21	491	493	497	474
2021-01-13T21:05:31	492	493	496	474
2021-01-13T21:05:41	493	492	494	475
2021-01-13T21:05:51	492	492	494	476
2021-01-13T21:06:01	493	494	496	476
2021-01-13T21:06:11	493	494	498	477
2021-01-13T21:06:21	494	494	498	477
2021-01-13T21:06:31	494	493	498	478
2021-01-13T21:06:41	495	492	497	478
2021-01-13T21:06:51	493	494	498	478
2021-01-13T21:07:01	493	496	499	478
2021-01-13T21:07:11	494	495	498	479
2021-01-13T21:07:21	494	495	499	479
2021-01-13T21:07:31	495	495	500	479
2021-01-13T21:07:41	495	498	502	480
2021-01-13T21:07:51	495	497	502	480
2021-01-13T21:08:01	496	496	500	480
2021-01-13T21:08:11	496	495	500	480
2021-01-13T21:08:21	499	498	500	481
2021-01-13T21:08:31	497	501	505	482
2021-01-13T21:08:41	497	501	503	482
2021-01-13T21:08:51	497	498	501	482
2021-01-13T21:09:01	497	499	503	482
2021-01-13T21:09:11	497	500	505	483
2021-01-13T21:09:21	498	501	505	483
2021-01-13T21:09:31	498	498	502	483
2021-01-13T21:09:41	499	499	505	484
2021-01-13T21:09:51	498	500	505	484
2021-01-13T21:10:01	499	501	504	484
2021-01-13T21:10:11	501	502	506	485
2021-01-13T21:10:21	501	503	504	485
2021-01-13T21:10:31	502	503	506	485
2021-01-13T21:10:41	502	502	506	485
2021-01-13T21:10:51	502	503	508	486
2021-01-13T21:11:01	503	504	508	486
2021-01-13T21:11:11	503	503	509	486
2021-01-13T21:11:21	504	503	507	487
2021-01-13T21:11:31	504	503	507	487
2021-01-13T21:11:41	504	505	509	488
2021-01-13T21:11:51	504	504	508	488
2021-01-13T21:12:01	504	503	506	489
2021-01-13T21:12:11	504	505	508	489
2021-01-13T21:12:21	505	507	509	489
2021-01-13T21:12:31	506	508	511	490
2021-01-13T21:12:41	506	507	510	490
2021-01-13T21:12:51	506	506	509	490
2021-01-13T21:13:01	505	507	511	491
2021-01-13T21:13:11	506	507	513	491
2021-01-13T21:13:21	507	508	512	491
2021-01-13T21:13:31	508	508	510	491
2021-01-13T21:13:41	508	509	513	492
2021-01-13T21:13:51	509	509	513	492
2021-01-13T21:14:01	509	507	513	493
2021-01-13T21:14:11	509	507	513	493
2021-01-13T21:14:21	509	505	511	493
2021-01-13T21:14:31	510	508	510	494
2021-01-13T21:14:41	510	509	514	494
2021-01-13T21:14:51	510	512	517	495
2021-01-13T21:15:01	511	512	515	495
2021-01-13T21:15:11	511	511	515	496
2021-01-13T21:15:21	511	511	517	496
2021-01-13T21:15:31	511	510	516	496
2021-01-13T21:15:41	511	511	515	496
2021-01-13T21:15:51	512	513	517	497
2021-01-13T21:16:01	513	516	517	497
2021-01-13T21:16:11	513	513	517	498
2021-01-13T21:16:21	511	513	517	498
2021-01-13T21:16:31	514	515	518	498
2021-01-13T21:16:41	513	515	518	498
2021-01-13T21:16:51	514	513	521	499
2021-01-13T21:17:01	515	513	519	499
2021-01-13T21:17:11	515	513	518	499
2021-01-13T21:17:21	516	514	518	500
2021-01-13T21:17:31	516	517	521	500
2021-01-13T21:17:41	516	516	520	501
2021-01-13T21:17:51	515	515	520	501
2021-01-13T21:18:01	515	516	521	501
2021-01-13T21:18:11	516	517	521	502
2021-01-13T21:18:21	517	519	523	502
2021-01-13T21:18:31	517	519	522	502
2021-01-13T21:18:41	517	517	522	503
2021-01-13T21:18:51	517	518	522	503
2021-01-13T21:19:01	518	518	522	503
2021-01-13T21:19:11	519	519	524	503
2021-01-13T21:19:21	518	519	524	504
2021-01-13T21:19:31	519	522	522	504
2021-01-13T21:19:41	520	521	522	504
2021-01-13T21:19:51	520	521	526	505
2021-01-13T21:20:01	521	521	525	505
2021-01-13T21:20:11	521	520	524	506
2021-01-13T21:20:21	521	521	526	506
2021-01-13T21:20:31	522	521	528	506
2021-01-13T21:20:41	522	521	525	507
2021-01-13T21:20:51	522	521	525	507
2021-01-13T21:21:01	523	523	529	508
2021-01-13T21:21:11	523	523	528	508
2021-01-13T21:21:21	524	523	528	509
2021-01-13T21:21:31	524	521	527	509
2021-01-13T21:21:41	525	522	526	509
2021-01-13T21:21:51	524	525	528	509
2021-01-13T21:22:01	525	527	530	510
2021-01-13T21:22:11	525	527	530	510
2021-01-13T21:22:21	525	525	529	510
2021-01-13T21:22:31	526	525	529	511
2021-01-13T21:22:41	526	525	529	511
2021-01-13T21:22:51	527	527	531	511
2021-01-13T21:23:01	527	527	531	512
2021-01-13T21:23:11	527	526	530	512
2021-01-13T21:23:21	527	528	531	513
2021-01-13T21:23:31	528	529	532	513
2021-01-13T21:23:41	528	529	531	513
2021-01-13T21:23:51	527	527	533	513
2021-01-13T21:24:01	527	529	532	514
2021-01-13T21:24:11	527	529	534	514
2021-01-13T21:24:21	528	531	535	514
2021-01-13T21:24:31	528	529	533	515
2021-01-13T21:24:41	528	530	534	515
2021-01-13T21:24:51	529	530	534	515
2021-01-13T21:25:01	530	530	534	515
2021-01-13T21:25:11	530	532	533	516
2021-01-13T21:25:21	530	533	536	516
2021-01-13T21:25:31	530	533	535	517
2021-01-13T21:25:41	531	530	535	517
2021-01-13T21:25:51	531	530	537	517
2021-01-13T21:26:01	532	532	535	517
2021-01-13T21:26:11	532	534	538	518
2021-01-13T21:26:21	533	535	537	518
2021-01-13T21:26:31	533	533	535	519
2021-01-13T21:26:41	533	535	538	519
2021-01-13T21:26:51	534	535	540	519
2021-01-13T21:27:01	534	534	540	520
2021-01-13T21:27:11	534	532	539	520
2021-01-13T21:27:21	536	534	540	521
2021-01-13T21:27:31	536	536	540	521
2021-01-13T21:27:41	536	536	540	521
2021-01-13T21:27:51	536	535	540	521
2021-01-13T21:28:01	536	538	540	522
2021-01-13T21:28:11	536	537	542	522
2021-01-13T21:28:21	537	537	541	522
2021-01-13T21:28:31	537	538	543	523
2021-01-13T21:28:41	537	538	542	523
2021-01-13T21:28:51	537	538	543	524
2021-01-13T21:29:01	537	537	542	524
2021-01-13T21:29:11	538	537	542	524
2021-01-13T21:29:21	539	539	544	525
2021-01-13T21:29:31	539	541	545	525
2021-01-13T21:29:41	540	541	544	525
2021-01-13T21:29:51	540	540	543	526
2021-01-13T21:30:01	541	541	546	526
2021-01-13T21:30:11	541	542	545	526
2021-01-13T21:30:21	541	541	545	526
2021-01-13T21:30:31	541	541	546	527
2021-01-13T21:30:41	542	543	546	527
2021-01-13T21:30:51	542	541	547	528
2021-01-13T21:31:01	542	542	546	528
2021-01-13T21:31:11	543	542	546	529
2021-01-13T21:31:21	543	543	547	529
2021-01-13T21:31:31	544	543	547	529
2021-01-13T21:31:41	544	543	548	529
2021-01-13T21:31:51	544	544	548	530
2021-01-13T21:32:01	544	546	548	530
2021-01-13T21:32:11	545	545	548	531
2021-01-13T21:32:21	545	544	551	531
2021-01-13T21:32:31	545	544	550	532
2021-01-13T21:32:41	546	543	549	532
2021-01-13T21:32:51	546	547	550	532
2021-01-13T21:33:01	547	547	552	533
2021-01-13T21:33:11	547	547	550	533
2021-01-13T21:33:21	547	546	550	533
2021-01-13T21:33:31	548	547	550	533
2021-01-13T21:33:41	548	549	552	534
2021-01-13T21:33:51	548	549	553	534
2021-01-13T21:34:01	549	548	551	535
2021-01-13T21:34:11	549	548	553	535
2021-01-13T21:34:21	549	549	554	535
2021-01-13T21:34:31	549	548	553	536
2021-01-13T21:34:41	549	548	550	536
2021-01-13T21:34:51	549	549	552	536
2021-01-13T21:35:01	550	551	555	537
2021-01-13T21:35:11	551	551	556	537
2021-01-13T21:35:21	552	552	554	538
2021-01-13T21:35:31	550	551	555	538
2021-01-13T21:35:41	550	552	557	538
2021-01-13T21:35:51	551	552	556	538
2021-01-13T21:36:01	550	553	554	538
2021-01-13T21:36:11	551	555	557	539
2021-01-13T21:36:21	553	556	557	539
2021-01-13T21:36:31	553	554	558	539
2021-01-13T21:36:41	553	553	557	540
2021-01-13T21:36:51	554	553	558	540
2021-01-13T21:37:01	555	555	558	541
2021-01-13T21:37:11	555	555	560	541
2021-01-13T21:37:21	555	553	558	542
2021-01-13T21:37:31	555	554	560	542
2021-01-13T21:37:41	555	553	559	542
2021-01-13T21:37:51	556	556	561	543
2021-01-13T21:38:01	556	558	561	543
2021-01-13T21:38:11	557	556	561	544
2021-01-13T21:38:21	557	557	562	544
2021-01-13T21:38:31	557	559	561	544
2021-01-13T21:38:41	558	558	560	544
2021-01-13T21:38:51	558	559	562	544
2021-01-13T21:39:01	559	558	564	545
2021-01-13T21:39:11	559	559	564	545
2021-01-13T21:39:21	559	560	561	546
2021-01-13T21:39:31	560	560	564	546
2021-01-13T21:39:41	560	561	563	546
2021-01-13T21:39:51	560	560	564	547
2021-01-13T21:40:01	560	561	565	547
2021-01-13T21:40:11	561	560	564	548
2021-01-13T21:40:21	561	561	565	548
2021-01-13T21:40:31	561	561	566	548
2021-01-13T21:40:41	562	561	565	549
2021-01-13T21:40:51	561	561	564	549
2021-01-13T21:41:01	563	564	568	550
2021-01-13T21:41:11	562	564	567	550
2021-01-13T21:41:21	562	562	567	550
2021-01-13T21:41:31	563	563	566	551
2021-01-13T21:41:41	563	564	568	551
2021-01-13T21:41:51	564	565	568	551
2021-01-13T21:42:01	564	565	569	552
2021-01-13T21:42:11	564	565	569	552
2021-01-13T21:42:21	565	565	570	552
2021-01-13T21:42:31	565	566	568	552
2021-01-13T21:42:41	565	566	570	553
2021-01-13T21:42:51	567	566	569	553
2021-01-13T21:43:01	567	567	570	554
2021-01-13T21:43:11	567	568	572	554
2021-01-13T21:43:21	567	567	571	554
2021-01-13T21:43:31	567	566	569	555
2021-01-13T21:43:41	568	567	571	555
2021-01-13T21:43:51	568	568	575	556
2021-01-13T21:44:01	569	570	573	556
2021-01-13T21:44:11	569	569	572	556
2021-01-13T21:44:21	569	567	571	557
2021-01-13T21:44:31	569	568	574	557
2021-01-13T21:44:41	569	571	575	557
2021-01-13T21:44:51	569	570	574	557
2021-01-13T21:45:01	570	571	575	558
2021-01-13T21:45:11	570	572	575	558
2021-01-13T21:45:21	571	571	574	558
2021-01-13T21:45:31	572	571	576	559
2021-01-13T21:45:41	572	571	575	559
2021-01-13T21:45:51	572	570	575	560
2021-01-13T21:46:01	572	573	576	560
2021-01-13T21:46:11	573	573	577	560
2021-01-13T21:46:21	573	574	577	561
2021-01-13T21:46:31	574	574	579	561
2021-01-13T21:46:41	574	572	577	561
2021-01-13T21:46:51	574	573	579	562
2021-01-13T21:47:01	575	573	578	562
2021-01-13T21:47:11	575	575	579	563
2021-01-13T21:47:21	575	575	579	563
2021-01-13T21:47:31	576	576	579	563
2021-01-13T21:47:41	575	576	578	563
2021-01-13T21:47:51	575	577	579	564
2021-01-13T21:48:01	577	578	582	564
2021-01-13T21:48:11	577	576	582	565
2021-01-13T21:48:21	576	576	582	565
2021-01-13T21:48:31	578	576	581	565
2021-01-13T21:48:41	578	578	581	566
2021-01-13T21:48:51	578	578	582	566
2021-01-13T21:49:01	578	578	583	567
2021-01-13T21:49:11	578	581	582	567
2021-01-13T21:49:21	578	579	582	567
2021-01-13T21:49:31	578	579	584	567
2021-01-13T21:49:41	579	580	583	568
2021-01-13T21:49:51	579	580	583	568
2021-01-13T21:50:01	580	583	585	568
2021-01-13T21:50:11	581	581	584	569
2021-01-13T21:50:21	581	580	584	569
2021-01-13T21:50:31	581	581	587	570
2021-01-13T21:50:41	582	583	585	570
2021-01-13T21:50:51	582	583	587	570
2021-01-13T21:51:01	583	582	586	570
2021-01-13T21:51:11	583	582	585	571
2021-01-13T21:51:21	583	584	585	571
2021-01-13T21:51:31	584	585	588	571
2021-01-13T21:51:41	584	585	587	572
2021-01-13T21:51:51	585	583	588	572
2021-01-13T21:52:01	585	584	589	572
2021-01-13T21:52:11	585	584	589	573
2021-01-13T21:52:21	585	585	588	573
2021-01-13T21:52:31	584	587	590	574
2021-01-13T21:52:41	584	587	591	574
2021-01-13T21:52:51	584	585	589	575
2021-01-13T21:53:01	584	586	591	575
2021-01-13T21:53:11	585	588	591	575
2021-01-13T21:53:21	586	587	590	575
2021-01-13T21:53:31	586	588	592	576
2021-01-13T21:53:41	587	589	591	576
2021-01-13T21:53:51	587	588	591	576
2021-01-13T21:54:01	587	589	593	576
2021-01-13T21:54:11	588	589	593	577
2021-01-13T21:54:21	588	589	593	577
2021-01-13T21:54:31	589	590	593	577
2021-01-13T21:54:41	589	589	594	578
2021-01-13T21:54:51	589	589	593	578
2021-01-13T21:55:01	590	590	594	579
2021-01-13T21:55:11	590	590	596	579
2021-01-13T21:55:21	590	591	594	579
2021-01-13T21:55:31	591	593	596	580
2021-01-13T21:55:41	591	593	596	580
2021-01-13T21:55:51	591	592	595	581
2021-01-13T21:56:01	592	591	597	581
2021-01-13T21:56:11	593	594	598	581
2021-01-13T21:56:21	593	592	596	582
2021-01-13T21:56:31	593	592	597	582
2021-01-13T21:56:41	594	593	598	583
2021-01-13T21:56:51	594	595	599	583
2021-01-13T21:57:01	595	595	599	583
2021-01-13T21:57:11	595	594	597	583
2021-01-13T21:57:21	595	595	597	584
2021-01-13T21:57:31	595	597	598	584
2021-01-13T21:57:41	596	595	600	585
2021-01-13T21:57:51	597	595	599	585
2021-01-13T21:58:01	596	596	601	585
2021-01-13T21:58:11	596	597	601	586
2021-01-13T21:58:21	597	596	600	586
2021-01-13T21:58:31	597	597	602	587
2021-01-13T21:58:41	597	598	602	587
2021-01-13T21:58:51	598	598	600	587
2021-01-13T21:59:01	598	598	603	588
2021-01-13T21:59:11	599	599	602	588
2021-01-13T21:59:21	599	599	602	588
2021-01-13T21:59:31	599	601	604	589
2021-01-13T21:59:41	600	602	604	589
2021-01-13T21:59:51	600	600	603	589
2021-01-13T22:00:01	600	599	604	590
2021-01-13T22:00:11	601	602	607	590
2021-01-13T22:00:21	601	601	607	591
2021-01-13T22:00:31	600	601	605	591
2021-01-13T22:00:41	601	601	604	591
2021-01-13T22:00:51	601	601	606	592
2021-01-13T22:01:01	601	602	607	592
2021-01-13T22:01:11	601	603	607	592
2021-01-13T22:01:21	602	602	606	593
2021-01-13T22:01:31	603	603	607	593
2021-01-13T22:01:41	603	605	609	593
2021-01-13T22:01:51	604	605	608	594
2021-01-13T22:02:01	604	605	608	594
2021-01-13T22:02:11	604	603	608	594
2021-01-13T22:02:21	605	605	610	595
2021-01-13T22:02:31	605	604	609	595
2021-01-13T22:02:41	605	605	609	595
2021-01-13T22:02:51	606	607	611	595
2021-01-13T22:03:01	607	607	611	596
2021-01-13T22:03:11	606	607	610	596
2021-01-13T22:03:21	606	607	610	597
2021-01-13T22:03:31	607	609	611	597
2021-01-13T22:03:41	607	608	612	597
2021-01-13T22:03:51	607	608	610	598
2021-01-13T22:04:01	607	607	612	598
2021-01-13T22:04:11	607	609	614	598
2021-01-13T22:04:21	608	609	611	599
2021-01-13T22:04:31	609	609	613	599
2021-01-13T22:04:41	609	610	614	599
2021-01-13T22:04:51	610	610	612	600
2021-01-13T22:05:01	610	610	613	600
2021-01-13T22:05:11	610	611	616	601
2021-01-13T22:05:21	611	612	614	601
2021-01-13T22:05:31	611	611	616	601
2021-01-13T22:05:41	612	612	615	602
2021-01-13T22:05:51	612	611	615	602
2021-01-13T22:06:01	612	612	617	602
2021-01-13T22:06:11	613	613	617	603
2021-01-13T22:06:21	613	613	616	603
2021-01-13T22:06:31	612	613	616	603
2021-01-13T22:06:41	612	613	617	604
2021-01-13T22:06:51	612	615	617	604
2021-01-13T22:07:01	612	614	618	604
2021-01-13T22:07:11	613	614	617	605
2021-01-13T22:07:21	614	614	619	605
2021-01-13T22:07:31	614	615	619	605
2021-01-13T22:07:41	614	616	618	606
2021-01-13T22:07:51	615	617	622	606
2021-01-13T22:08:01	615	616	621	606
2021-01-13T22:08:11	616	615	618	607
2021-01-13T22:08:21	616	618	621	607
2021-01-13T22:08:31	617	617	621	607
2021-01-13T22:08:41	617	617	620	607
2021-01-13T22:08:51	617	618	623	608
2021-01-13T22:09:01	618	619	623	608
2021-01-13T22:09:11	618	619	623	609
2021-01-13T22:09:21	618	620	620	609
2021-01-13T22:09:31	619	620	622	609
2021-01-13T22:09:41	619	619	624	610
2021-01-13T22:09:51	619	618	623	611
2021-01-13T22:10:01	620	619	624	611
2021-01-13T22:10:11	620	621	626	611
2021-01-13T22:10:21	621	622	626	611
2021-01-13T22:10:31	621	621	624	612
2021-01-13T22:10:41	622	620	626	612
2021-01-13T22:10:51	622	622	625	613
2021-01-13T22:11:01	622	622	627	613
2021-01-13T22:11:11	623	624	627	614
2021-01-13T22:11:21	623	622	626	614
2021-01-13T22:11:31	623	623	628	614
2021-01-13T22:11:41	624	624	626	614
2021-01-13T22:11:51	624	623	626	615
2021-01-13T22:12:01	625	626	628	615
2021-01-13T22:12:11	625	625	630	615
2021-01-13T22:12:21	625	625	627	616
2021-01-13T22:12:31	626	624	629	616
2021-01-13T22:12:41	626	626	630	617
2021-01-13T22:12:51	626	626	629	617
2021-01-13T22:13:01	626	626	629	617
2021-01-13T22:13:11	627	627	630	618
2021-01-13T22:13:21	627	627	630	618
2021-01-13T22:13:31	627	626	630	619
2021-01-13T22:13:41	627	628	633	619
2021-01-13T22:13:51	628	627	632	619
2021-01-13T22:14:01	629	628	630	620
2021-01-13T22:14:11	628	628	633	620
2021-01-13T22:14:21	629	629	633	620
2021-01-13T22:14:31	629	629	634	620
2021-01-13T22:14:41	630	630	634	621
2021-01-13T22:14:51	630	631	632	621
2021-01-13T22:15:01	631	631	635	622
2021-01-13T22:15:11	630	631	635	622
2021-01-13T22:15:21	630	629	633	622
2021-01-13T22:15:31	630	631	634	622
2021-01-13T22:15:41	632	633	637	623
2021-01-13T22:15:51	632	634	635	623
2021-01-13T22:16:01	632	631	637	624
2021-01-13T22:16:11	632	632	636	624
2021-01-13T22:16:21	633	633	637	624
2021-01-13T22:16:31	633	634	637	625
2021-01-13T22:16:41	634	633	637	625
2021-01-13T22:16:51	634	632	638	625
2021-01-13T22:17:01	635	635	639	625
2021-01-13T22:17:11	635	636	638	626
2021-01-13T22:17:21	633	635	637	626
2021-01-13T22:17:31	634	635	637	626
2021-01-13T22:17:41	634	635	640	627
2021-01-13T22:17:51	635	635	641	627
2021-01-13T22:18:01	635	634	638	627
2021-01-13T22:18:11	635	636	641	627
2021-01-13T22:18:21	636	637	640	628
2021-01-13T22:18:31	636	637	641	628
2021-01-13T22:18:41	637	638	643	629
2021-01-13T22:18:51	637	638	641	629
2021-01-13T22:19:01	638	637	641	629
2021-01-13T22:19:11	638	639	643	630
2021-01-13T22:19:21	639	639	643	630
2021-01-13T22:19:31	639	640	642	630
2021-01-13T22:19:41	640	640	644	631
2021-01-13T22:19:51	640	641	644	631
2021-01-13T22:20:01	640	639	643	631
2021-01-13T22:20:11	640	641	645	632
2021-01-13T22:20:21	641	642	645	632
2021-01-13T22:20:31	641	641	645	633
2021-01-13T22:20:41	642	641	644	633
2021-01-13T22:20:51	642	642	646	633
2021-01-13T22:21:01	643	641	646	634
2021-01-13T22:21:11	643	641	645	634
2021-01-13T22:21:21	643	644	646	635
2021-01-13T22:21:31	643	644	645	635
2021-01-13T22:21:41	644	644	648	635
2021-01-13T22:21:51	644	643	647	636
2021-01-13T22:22:01	644	642	648	636
2021-01-13T22:22:11	645	644	647	637
2021-01-13T22:22:21	645	645	650	637
2021-01-13T22:22:31	645	645	649	637
2021-01-13T22:22:41	645	644	649	637
2021-01-13T22:22:51	646	646	650	638
2021-01-13T22:23:01	646	648	652	638
2021-01-13T22:23:11	647	647	652	639
2021-01-13T22:23:21	647	645	650	639
2021-01-13T22:23:31	647	645	649	639
2021-01-13T22:23:41	648	647	652	639
2021-01-13T22:23:51	648	648	652	640
2021-01-13T22:24:01	648	648	650	640
2021-01-13T22:24:11	648	648	653	640
2021-01-13T22:24:21	648	649	653	641
2021-01-13T22:24:31	648	649	652	641
2021-01-13T22:24:41	649	649	653	641
2021-01-13T22:24:51	649	651	654	642
2021-01-13T22:25:01	649	649	653	642
2021-01-13T22:25:11	650	650	655	643
2021-01-13T22:25:21	650	650	655	643
2021-01-13T22:25:31	651	651	654	643
2021-01-13T22:25:41	652	653	656	643
2021-01-13T22:25:51	652	653	656	644
2021-01-13T22:26:01	652	651	656	644
2021-01-13T22:26:11	653	652	655	644
2021-01-13T22:26:21	653	652	656	645
2021-01-13T22:26:31	653	653	658	645
2021-01-13T22:26:41	653	653	656	646
2021-01-13T22:26:51	653	654	657	646
2021-01-13T22:27:01	654	656	659	646
2021-01-13T22:27:11	655	655	657	647
2021-01-13T22:27:21	654	654	658	647
2021-01-13T22:27:31	656	656	659	648
2021-01-13T22:27:41	655	656	658	648
2021-01-13T22:27:51	655	657	661	648
2021-01-13T22:28:01	655	656	660	649
2021-01-13T22:28:11	655	656	659	649
2021-01-13T22:28:21	656	657	661	649
2021-01-13T22:28:31	657	658	661	649
2021-01-13T22:28:41	657	658	660	650
2021-01-13T22:28:51	658	658	662	650
2021-01-13T22:29:01	658	658	661	650
2021-01-13T22:29:11	658	659	662	651
2021-01-13T22:29:21	658	659	662	651
2021-01-13T22:29:31	659	659	663	651
2021-01-13T22:29:41	659	660	664	652
2021-01-13T22:29:51	660	659	663	652
2021-01-13T22:30:01	660	659	662	653
2021-01-13T22:30:11	660	660	664	653
2021-01-13T22:30:21	660	662	665	653
2021-01-13T22:30:31	660	662	665	653
2021-01-13T22:30:41	660	662	667	654
2021-01-13T22:30:51	661	662	666	654
2021-01-13T22:31:01	661	661	666	654
2021-01-13T22:31:11	662	664	667	654
2021-01-13T22:31:21	662	664	667	655
2021-01-13T22:31:31	663	663	666	655
2021-01-13T22:31:41	663	663	667	656
2021-01-13T22:31:51	663	665	668	656
2021-01-13T22:32:01	663	664	667	657
2021-01-13T22:32:11	664	663	668	657
2021-01-13T22:32:21	664	663	668	657
2021-01-13T22:32:31	665	664	668	658
2021-01-13T22:32:41	666	666	670	658
2021-01-13T22:32:51	666	667	671	658
2021-01-13T22:33:01	666	666	669	659
2021-01-13T22:33:11	667	664	669	659
2021-01-13T22:33:21	667	666	671	659
2021-01-13T22:33:31	667	667	670	660
2021-01-13T22:33:41	667	668	672	660
2021-01-13T22:33:51	668	669	672	660
2021-01-13T22:34:01	668	667	672	661
2021-01-13T22:34:11	668	667	672	661
2021-01-13T22:34:21	669	669	673	661
2021-01-13T22:34:31	669	669	673	662
2021-01-13T22:34:41	669	668	672	662
2021-01-13T22:34:51	670	670	675	663
2021-01-13T22:35:01	670	671	673	663
2021-01-13T22:35:11	670	670	674	663
2021-01-13T22:35:21	670	672	676	664
2021-01-13T22:35:31	671	671	674	664
2021-01-13T22:35:41	671	671	675	665
2021-01-13T22:35:51	672	670	675	665
2021-01-13T22:36:01	672	671	675	665
2021-01-13T22:36:11	673	673	675	665
2021-01-13T22:36:21	673	674	678	666
2021-01-13T22:36:31	674	672	676	666
2021-01-13T22:36:41	673	672	676	666
2021-01-13T22:36:51	674	673	678	667
2021-01-13T22:37:01	674	674	678	667
2021-01-13T22:37:11	674	673	677	667
2021-01-13T22:37:21	674	673	679	668
2021-01-13T22:37:31	675	674	677	668
2021-01-13T22:37:41	675	675	679	668
2021-01-13T22:37:51	676	677	681	669
2021-01-13T22:38:01	676	676	679	669
2021-01-13T22:38:11	677	676	680	669
2021-01-13T22:38:21	677	677	681	670
2021-01-13T22:38:31	677	677	681	670
2021-01-13T22:38:41	678	678	680	670
2021-01-13T22:38:51	678	678	682	671
2021-01-13T22:39:01	678	678	681	671
2021-01-13T22:39:11	678	678	681	672
2021-01-13T22:39:21	679	680	683	672
2021-01-13T22:39:31	679	679	683	672
2021-01-13T22:39:41	679	679	682	672
2021-01-13T22:39:51	679	680	684	673
2021-01-13T22:40:01	679	680	683	673
2021-01-13T22:40:11	680	682	685	673
2021-01-13T22:40:21	680	681	685	674
2021-01-13T22:40:31	681	680	683	674
2021-01-13T22:40:41	681	681	685	674
2021-01-13T22:40:51	681	683	686	674
2021-01-13T22:41:01	681	682	685	675
2021-01-13T22:41:11	682	683	685	675
2021-01-13T22:41:21	682	683	686	676
2021-01-13T22:41:31	682	683	687	676
2021-01-13T22:41:41	682	682	685	676
2021-01-13T22:41:51	683	683	688	677
2021-01-13T22:42:01	684	684	688	677
2021-01-13T22:42:11	684	685	688	678
2021-01-13T22:42:21	684	685	688	678
2021-01-13T22:42:31	685	685	687	678
2021-01-13T22:42:41	685	685	690	679
2021-01-13T22:42:51	685	685	690	679
2021-01-13T22:43:01	685	685	689	679
2021-01-13T22:43:11	686	687	691	679
2021-01-13T22:43:21	686	687	691	680
2021-01-13T22:43:31	686	686	691	680
2021-01-13T22:43:41	687	686	689	681
2021-01-13T22:43:51	687	688	691	681
2021-01-13T22:44:01	688	689	692	681
2021-01-13T22:44:11	688	688	691	681
2021-01-13T22:44:21	688	689	693	682
2021-01-13T22:44:31	689	689	692	682
2021-01-13T22:44:41	689	688	693	683
2021-01-13T22:44:51	689	690	695	683
2021-01-13T22:45:01	690	691	693	684
2021-01-13T22:45:11	690	690	694	684
2021-01-13T22:45:21	691	691	695	684
2021-01-13T22:45:31	691	691	694	684
2021-01-13T22:45:41	691	691	694	685
2021-01-13T22:45:51	692	691	696	685
2021-01-13T22:46:01	692	691	695	686
2021-01-13T22:46:11	692	692	695	686
2021-01-13T22:46:21	692	693	696	686
2021-01-13T22:46:31	693	694	697	686
2021-01-13T22:46:41	693	693	695	687
2021-01-13T22:46:51	693	693	697	687
2021-01-13T22:47:01	693	694	698	688
2021-01-13T22:47:11	693	694	698	688
2021-01-13T22:47:21	694	694	698	688
2021-01-13T22:47:31	694	695	697	688
2021-01-13T22:47:41	695	696	699	689
2021-01-13T22:47:51	695	696	698	689
2021-01-13T22:48:01	696	696	698	689
2021-01-13T22:48:11	696	696	700	690
2021-01-13T22:48:21	696	695	700	690
2021-01-13T22:48:31	696	695	700	691
2021-01-13T22:48:41	697	696	700	691
2021-01-13T22:48:51	697	698	702	691
2021-01-13T22:49:01	698	699	702	691
2021-01-13T22:49:11	698	698	701	692
2021-01-13T22:49:21	699	699	702	692
2021-01-13T22:49:31	699	699	703	693
2021-01-13T22:49:41	699	699	703	693
2021-01-13T22:49:51	699	700	703	693
2021-01-13T22:50:01	700	701	704	693
2021-01-13T22:50:11	700	700	704	694
2021-01-13T22:50:21	700	702	704	694
2021-01-13T22:50:31	700	702	704	695
2021-01-13T22:50:41	701	701	703	695
2021-01-13T22:50:51	701	701	706	695
2021-01-13T22:51:01	701	702	706	695
2021-01-13T22:51:11	702	702	704	696
2021-01-13T22:51:21	702	703	707	696
2021-01-13T22:51:31	702	703	706	697
2021-01-13T22:51:41	703	703	706	697
2021-01-13T22:51:51	703	704	709	697
2021-01-13T22:52:01	704	704	707	697
2021-01-13T22:52:11	704	703	708	698
2021-01-13T22:52:21	704	705	708	698
2021-01-13T22:52:31	704	705	708	698
2021-01-13T22:52:41	705	705	706	699
2021-01-13T22:52:51	706	705	709	699
2021-01-13T22:53:01	706	708	711	700
2021-01-13T22:53:11	706	706	709	700
2021-01-13T22:53:21	706	706	711	700
2021-01-13T22:53:31	706	706	711	700
2021-01-13T22:53:41	706	706	710	701
2021-01-13T22:53:51	707	708	711	701
2021-01-13T22:54:01	707	707	711	702
2021-01-13T22:54:11	708	709	711	702
2021-01-13T22:54:21	708	710	714	702
2021-01-13T22:54:31	709	709	713	702
2021-01-13T22:54:41	709	708	712	703
2021-01-13T22:54:51	709	710	712	703
2021-01-13T22:55:01	709	709	714	703
2021-01-13T22:55:11	710	709	712	704
2021-01-13T22:55:21	710	711	714	704
2021-01-13T22:55:31	710	712	714	704
2021-01-13T22:55:41	710	712	714	705
2021-01-13T22:55:51	711	711	716	705
2021-01-13T22:56:01	711	712	715	706
2021-01-13T22:56:11	711	711	715	706
2021-01-13T22:56:21	712	713	717	706
2021-01-13T22:56:31	713	713	717	706
2021-01-13T22:56:41	712	713	717	707
2021-01-13T22:56:51	713	714	717	707
2021-01-13T22:57:01	713	714	718	707
2021-01-13T22:57:11	713	714	716	708
2021-01-13T22:57:21	713	714	717	708
2021-01-13T22:57:31	713	715	719	708
2021-01-13T22:57:41	714	715	717	709
2021-01-13T22:57:51	715	715	720	709
2021-01-13T22:58:01	715	717	719	710
2021-01-13T22:58:11	715	715	719	710
2021-01-13T22:58:21	715	717	721	710
2021-01-13T22:58:31	716	717	721	711
2021-01-13T22:58:41	717	717	720	711
2021-01-13T22:58:51	717	719	723	711
2021-01-13T22:59:01	717	718	723	711
2021-01-13T22:59:11	717	718	721	712
2021-01-13T22:59:21	718	717	721	712
2021-01-13T22:59:31	718	719	723	712
2021-01-13T22:59:41	718	719	723	713
2021-01-13T22:59:51	718	719	722	713
2021-01-13T23:00:01	719	720	724	713
2021-01-13T23:00:11	719	720	722	714
2021-01-13T23:00:21	719	721	724	714
2021-01-13T23:00:31	720	720	724	714
2021-01-13T23:00:41	720	721	724	715
2021-01-13T23:00:51	721	723	724	715
2021-01-13T23:01:01	721	723	727	715
2021-01-13T23:01:11	721	723	726	716
2021-01-13T23:01:21	721	722	726	716
2021-01-13T23:01:31	722	721	726	717
2021-01-13T23:01:41	722	722	726	717
2021-01-13T23:01:51	722	724	729	717
2021-01-13T23:02:01	723	725	727	718
2021-01-13T23:02:11	723	723	726	718
2021-01-13T23:02:21	724	724	729	719
2021-01-13T23:02:31	724	725	729	719
2021-01-13T23:02:41	724	726	729	719
2021-01-13T23:02:51	725	727	728	719
2021-01-13T23:03:01	725	727	730	719
2021-01-13T23:03:11	725	726	728	720
2021-01-13T23:03:21	725	726	729	720
2021-01-13T23:03:31	726	727	731	720
2021-01-13T23:03:41	726	727	729	721
2021-01-13T23:03:51	726	726	731	721
2021-01-13T23:04:01	726	728	733	721
2021-01-13T23:04:11	727	728	731	722
2021-01-13T23:04:21	727	727	732	722
2021-01-13T23:04:31	728	730	733	722
2021-01-13T23:04:41	728	729	733	723
2021-01-13T23:04:51	728	729	732	723
2021-01-13T23:05:01	729	730	733	723
2021-01-13T23:05:11	729	730	733	725
2021-01-13T23:05:21	729	729	733	724
2021-01-13T23:05:31	729	732	735	724
2021-01-13T23:05:41	729	731	733	725
2021-01-13T23:05:51	730	731	736	725
2021-01-13T23:06:01	730	732	735	725
2021-01-13T23:06:11	730	732	734	726
2021-01-13T23:06:21	731	734	736	726
2021-01-13T23:06:31	731	735	737	726
2021-01-13T23:06:41	731	733	737	726
2021-01-13T23:06:51	731	732	736	727
2021-01-13T23:07:01	733	732	738	727
2021-01-13T23:07:11	733	734	738	728
2021-01-13T23:07:21	733	734	737	728
2021-01-13T23:07:31	733	735	738	728
2021-01-13T23:07:41	733	736	737	729
2021-01-13T23:07:51	733	735	739	728
2021-01-13T23:08:01	734	736	740	729
2021-01-13T23:08:11	734	735	738	730
2021-01-13T23:08:21	734	737	740	730
2021-01-13T23:08:31	734	738	741	729
2021-01-13T23:08:41	734	738	741	730
2021-01-13T23:08:51	735	738	740	731
2021-01-13T23:09:01	735	737	742	731
2021-01-13T23:09:11	735	738	741	731
2021-01-13T23:09:21	735	738	741	732
2021-01-13T23:09:31	736	740	743	732
2021-01-13T23:09:41	737	739	742	732
2021-01-13T23:09:51	736	739	743	733
2021-01-13T23:10:01	737	740	744	733
2021-01-13T23:10:11	737	739	742	733
2021-01-13T23:10:21	737	740	744	733
2021-01-13T23:10:31	738	742	744	732
2021-01-13T23:10:41	738	741	745	734
2021-01-13T23:10:51	738	741	744	734
2021-01-13T23:11:01	738	740	745	735
2021-01-13T23:11:11	739	742	746	735
2021-01-13T23:11:21	740	742	745	736
2021-01-13T23:11:31	741	744	747	736
2021-01-13T23:11:41	740	742	745	736
2021-01-13T23:11:51	741	743	748	737
2021-01-13T23:12:01	742	744	746	737
2021-01-13T23:12:11	741	745	748	737
2021-01-13T23:12:21	742	744	748	737
2021-01-13T23:12:31	743	744	747	738
2021-01-13T23:12:41	742	744	749	738
2021-01-13T23:12:51	742	745	749	738
2021-01-13T23:13:01	742	746	750	739
2021-01-13T23:13:11	743	747	749	739
2021-01-13T23:13:21	743	745	748	739
2021-01-13T23:13:31	743	746	751	740
2021-01-13T23:13:41	744	747	751	740
2021-01-13T23:13:51	744	746	750	740
2021-01-13T23:14:01	744	748	752	740
2021-01-13T23:14:11	744	747	752	741
2021-01-13T23:14:21	745	749	751	741
2021-01-13T23:14:31	746	749	753	741
2021-01-13T23:14:41	746	750	752	742
2021-01-13T23:14:51	746	749	751	742
2021-01-13T23:15:01	746	749	754	742
2021-01-13T23:15:11	747	750	753	743
2021-01-13T23:15:21	748	750	752	743
2021-01-13T23:15:31	748	751	755	744
2021-01-13T23:15:41	748	751	754	744
2021-01-13T23:15:51	747	751	755	744
2021-01-13T23:16:01	749	752	755	745
2021-01-13T23:16:11	748	752	756	745
2021-01-13T23:16:21	749	752	755	745
2021-01-13T23:16:31	750	753	757	745
2021-01-13T23:16:41	750	753	756	744
2021-01-13T23:16:51	750	752	755	746
2021-01-13T23:17:01	751	754	757	746
2021-01-13T23:17:12	751	755	758	745
2021-01-13T23:17:22	751	754	757	747
2021-01-13T23:17:32	751	755	758	747
2021-01-13T23:17:42	752	754	758	747
2021-01-13T23:17:52	752	755	757	748
2021-01-13T23:18:02	752	755	760	748
2021-01-13T23:18:12	752	756	758	748
2021-01-13T23:18:22	753	757	760	749
2021-01-13T23:18:32	754	757	760	749
2021-01-13T23:18:42	753	756	759	750
2021-01-13T23:18:52	752	757	762	750
2021-01-13T23:19:02	754	757	760	750
2021-01-13T23:19:12	754	757	761	751
2021-01-13T23:19:22	755	758	762	751
2021-01-13T23:19:32	755	759	762	751
2021-01-13T23:19:42	754	759	761	751
2021-01-13T23:19:52	756	760	764	751
2021-01-13T23:20:02	756	758	763	752
2021-01-13T23:20:12	756	760	764	752
2021-01-13T23:20:22	756	760	762	752
2021-01-13T23:20:32	757	760	764	752
2021-01-13T23:20:42	757	761	765	753
2021-01-13T23:20:52	757	760	764	753
2021-01-13T23:21:02	758	762	767	753
2021-01-13T23:21:12	758	762	764	754
2021-01-13T23:21:22	758	763	764	754
2021-01-13T23:21:32	758	763	765	754
2021-01-13T23:21:42	759	764	767	755
2021-01-13T23:21:52	759	763	765	755
2021-01-13T23:22:02	759	763	768	755
2021-01-13T23:22:12	760	763	767	756
2021-01-13T23:22:22	760	764	768	756
2021-01-13T23:22:32	760	764	766	756
2021-01-13T23:22:42	760	765	769	757
2021-01-13T23:22:52	761	765	769	757
2021-01-13T23:23:02	761	766	769	757
2021-01-13T23:23:12	761	767	768	757
2021-01-13T23:23:22	762	767	770	757
2021-01-13T23:23:32	762	766	768	758
2021-01-13T23:23:42	762	766	770	758
2021-01-13T23:23:52	762	767	771	758
2021-01-13T23:24:02	763	767	770	759
2021-01-13T23:24:12	763	768	772	759
2021-01-13T23:24:22	763	768	770	759
2021-01-13T23:24:32	763	768	771	759
2021-01-13T23:24:42	763	769	774	759
2021-01-13T23:24:52	764	769	774	760
2021-01-13T23:25:02	764	769	772	760
2021-01-13T23:25:12	764	769	774	760
2021-01-13T23:25:22	764	771	773	761
2021-01-13T23:25:32	764	770	773	761
2021-01-13T23:25:42	765	771	775	761
2021-01-13T23:25:52	765	770	773	761
2021-01-13T23:26:02	765	771	776	762
2021-01-13T23:26:12	766	771	774	762
2021-01-13T23:26:22	766	771	775	762
2021-01-13T23:26:32	766	772	775	762
2021-01-13T23:26:42	766	772	777	763
2021-01-13T23:26:52	767	772	776	763
2021-01-13T23:27:02	767	772	774	764
2021-01-13T23:27:12	767	774	777	764
2021-01-13T23:27:22	767	774	778	764
2021-01-13T23:27:32	767	774	777	764
2021-01-13T23:27:42	768	773	778	764
2021-01-13T23:27:52	768	775	777	765
2021-01-13T23:28:02	768	775	779	765
2021-01-13T23:28:12	769	777	780	765
2021-01-13T23:28:22	769	776	780	765
2021-01-13T23:28:32	769	776	778	766
2021-01-13T23:28:42	769	776	780	766
2021-01-13T23:28:52	769	778	780	766
2021-01-13T23:29:02	770	777	781	767
2021-01-13T23:29:12	770	778	782	767
2021-01-13T23:29:22	770	777	780	767
2021-01-13T23:29:32	770	779	782	767
2021-01-13T23:29:42	771	780	783	767
2021-01-13T23:29:52	771	778	781	768
2021-01-13T23:30:02	771	779	781	768
2021-01-13T23:30:12	771	779	783	769
2021-01-13T23:30:22	772	780	783	769
2021-01-13T23:30:32	772	779	782	769
2021-01-13T23:30:42	772	781	784	769
2021-01-13T23:30:52	772	781	784	770
2021-01-13T23:31:02	772	781	784	770
2021-01-13T23:31:12	773	782	785	770
2021-01-13T23:31:22	773	781	783	770
2021-01-13T23:31:32	773	782	786	770
2021-01-13T23:31:42	773	783	786	771
2021-01-13T23:31:52	774	782	785	771
2021-01-13T23:32:02	774	782	786	772
2021-01-13T23:32:12	774	784	788	771
2021-01-13T23:32:22	775	783	786	772
2021-01-13T23:32:32	774	784	787	772
2021-01-13T23:32:42	775	785	789	773
2021-01-13T23:32:52	775	785	787	773
2021-01-13T23:33:02	775	785	788	773
2021-01-13T23:33:12	776	786	789	773
2021-01-13T23:33:22	776	786	788	773
2021-01-13T23:33:32	776	786	788	774
2021-01-13T23:33:42	777	786	790	774
2021-01-13T23:33:52	777	787	788	775
2021-01-13T23:34:02	777	788	791	775
2021-01-13T23:34:12	777	790	792	775
2021-01-13T23:34:22	777	787	790	775
2021-01-13T23:34:32	778	787	790	776
2021-01-13T23:34:42	778	788	792	776
2021-01-13T23:34:52	778	788	791	776
2021-01-13T23:35:02	778	790	793	776
2021-01-13T23:35:12	779	791	793	777
2021-01-13T23:35:22	779	790	793	777
2021-01-13T23:35:32	779	790	793	777
2021-01-13T23:35:42	779	790	793	777
2021-01-13T23:35:52	780	791	794	778
2021-01-13T23:36:02	780	790	793	778
2021-01-13T23:36:12	780	792	795	779
2021-01-13T23:36:22	780	792	795	779
2021-01-13T23:36:32	781	793	795	779
2021-01-13T23:36:42	781	794	797	779
2021-01-13T23:36:52	781	793	797	780
2021-01-13T23:37:02	781	793	795	780
2021-01-13T23:37:12	781	793	796	780
2021-01-13T23:37:22	781	794	798	780
2021-01-13T23:37:32	782	793	796	781
2021-01-13T23:37:42	782	794	798	781
2021-01-13T23:37:52	782	795	798	781
2021-01-13T23:38:02	783	795	797	782
2021-01-13T23:38:12	783	796	799	782
2021-01-13T23:38:22	784	796	798	782
2021-01-13T23:38:32	784	796	799	782
2021-01-13T23:38:42	784	797	799	782
2021-01-13T23:38:52	784	797	801	783
2021-01-13T23:39:02	784	797	799	783
2021-01-13T23:39:12	784	797	799	784
2021-01-13T23:39:22	785	798	801	784
2021-01-13T23:39:32	786	799	803	784
2021-01-13T23:39:42	786	798	801	785
2021-01-13T23:39:52	786	798	802	785
2021-01-13T23:40:02	786	799	802	785
2021-01-13T23:40:12	786	799	802	785
2021-01-13T23:40:22	787	801	802	786
2021-01-13T23:40:32	787	802	804	786
2021-01-13T23:40:42	787	802	804	786
2021-01-13T23:40:52	787	800	802	787
2021-01-13T23:41:02	787	800	804	787
2021-01-13T23:41:12	788	802	805	787
2021-01-13T23:41:22	788	801	804	788
2021-01-13T23:41:32	788	802	806	788
2021-01-13T23:41:42	789	802	805	788
2021-01-13T23:41:52	789	803	806	788
2021-01-13T23:42:02	790	804	808	789
