time	T1	T2	T3	T4
2021-09-08T12:48:06	27	28	29	33
2021-09-08T12:48:36	27	28	29	33
2021-09-08T12:49:06	27	28	30	33
2021-09-08T12:49:36	27	28	30	33
2021-09-08T12:50:06	27	28	30	33
2021-09-08T12:50:36	27	28	30	33
2021-09-08T12:51:06	27	28	29	33
2021-09-08T12:51:36	27	28	29	33
2021-09-08T12:52:06	27	28	29	33
2021-09-08T12:52:36	27	28	29	33
2021-09-08T12:53:06	27	28	29	32
2021-09-08T12:53:36	27	28	29	32
2021-09-08T12:54:06	27	28	29	34
2021-09-08T12:54:36	27	28	29	34
2021-09-08T12:55:06	27	28	29	34
2021-09-08T12:55:36	27	28	29	34
2021-09-08T12:56:06	27	28	29	34
2021-09-08T12:56:36	27	28	29	34
2021-09-08T12:57:06	27	28	29	35
2021-09-08T12:57:36	27	28	29	35
2021-09-08T12:58:06	27	28	29	35
2021-09-08T12:58:36	27	28	29	35
2021-09-08T12:59:06	27	28	29	35
2021-09-08T12:59:36	27	28	29	35
2021-09-08T13:00:06	27	28	29	35
2021-09-08T13:00:36	27	28	29	35
2021-09-08T13:01:06	27	28	29	35
2021-09-08T13:01:36	27	28	29	36
2021-09-08T13:02:06	27	28	29	36
2021-09-08T13:02:36	27	28	29	36
2021-09-08T13:03:06	27	28	29	36
2021-09-08T13:03:36	27	28	29	36
2021-09-08T13:04:06	27	28	29	36
2021-09-08T13:04:36	27	28	29	36
2021-09-08T13:05:06	27	28	29	37
2021-09-08T13:05:36	27	28	29	37
2021-09-08T13:06:06	27	28	29	37
2021-09-08T13:06:36	27	28	29	37
2021-09-08T13:07:06	27	28	29	37
2021-09-08T13:07:36	27	28	29	36
2021-09-08T13:08:06	27	28	29	36
2021-09-08T13:08:36	27	28	29	36
2021-09-08T13:09:06	27	28	29	36
2021-09-08T13:09:36	27	28	29	36
2021-09-08T13:10:06	27	28	29	36
2021-09-08T13:10:36	27	28	29	36
2021-09-08T13:11:06	27	28	29	36
2021-09-08T13:11:36	27	28	29	36
2021-09-08T13:12:06	27	28	29	36
2021-09-08T13:12:36	27	28	29	36
2021-09-08T13:13:06	26	28	29	36
2021-09-08T13:13:36	27	28	29	36
2021-09-08T13:14:06	26	28	29	36
2021-09-08T13:14:36	26	28	29	36
2021-09-08T13:15:06	27	28	29	36
2021-09-08T13:15:36	27	28	29	36
2021-09-08T13:16:06	26	28	29	36
2021-09-08T13:16:36	27	28	29	36
2021-09-08T13:17:06	26	28	29	36
2021-09-08T13:17:36	26	28	29	36
2021-09-08T13:18:06	26	28	29	36
2021-09-08T13:18:36	26	28	29	36
2021-09-08T13:19:06	26	28	29	36
2021-09-08T13:19:36	27	28	29	36
2021-09-08T13:20:06	27	28	29	36
2021-09-08T13:20:36	27	28	29	36
2021-09-08T13:21:06	27	28	29	36
2021-09-08T13:21:36	26	28	29	36
2021-09-08T13:22:06	26	28	29	36
2021-09-08T13:22:36	26	28	29	36
2021-09-08T13:23:06	26	28	29	36
2021-09-08T13:23:36	27	28	29	36
2021-09-08T13:24:06	27	28	29	36
2021-09-08T13:24:36	26	28	29	36
2021-09-08T13:25:06	26	28	29	36
2021-09-08T13:25:36	26	28	29	36
2021-09-08T13:26:06	26	28	29	36
2021-09-08T13:26:36	26	28	29	36
2021-09-08T13:27:06	26	28	29	36
2021-09-08T13:27:36	27	28	29	36
2021-09-08T13:28:06	27	28	29	36
2021-09-08T13:28:36	27	28	29	36
2021-09-08T13:29:06	26	28	29	36
2021-09-08T13:29:36	27	28	29	36
2021-09-08T13:30:06	27	28	29	36
2021-09-08T13:30:36	27	28	30	36
2021-09-08T13:31:06	27	28	31	36
2021-09-08T13:31:36	28	29	32	36
2021-09-08T13:32:06	30	30	32	35
2021-09-08T13:32:36	32	33	36	35
2021-09-08T13:33:06	33	35	37	35
2021-09-08T13:33:36	34	36	37	35
2021-09-08T13:34:06	34	37	37	35
2021-09-08T13:34:36	34	37	37	35
2021-09-08T13:35:06	36	38	40	35
2021-09-08T13:35:36	37	41	42	36
2021-09-08T13:36:06	37	42	41	36
2021-09-08T13:36:36	37	42	41	37
2021-09-08T13:37:06	41	43	43	36
2021-09-08T13:37:36	44	45	45	37
2021-09-08T13:38:06	44	46	45	39
2021-09-08T13:38:36	44	46	45	40
2021-09-08T13:39:06	45	47	47	39
2021-09-08T13:39:36	46	49	49	40
2021-09-08T13:40:06	46	50	49	41
2021-09-08T13:40:36	46	50	49	41
2021-09-08T13:41:06	47	52	52	42
2021-09-08T13:41:36	47	53	51	42
2021-09-08T13:42:06	49	52	51	44
2021-09-08T13:42:36	53	56	55	44
2021-09-08T13:43:06	54	57	55	45
2021-09-08T13:43:36	54	57	55	46
2021-09-08T13:44:06	55	58	57	47
2021-09-08T13:44:36	55	60	57	47
2021-09-08T13:45:06	55	60	58	48
2021-09-08T13:45:36	56	62	61	49
2021-09-08T13:46:06	56	62	60	50
2021-09-08T13:46:36	56	62	60	52
2021-09-08T13:47:06	62	65	64	52
2021-09-08T13:47:36	62	66	64	53
2021-09-08T13:48:06	61	67	62	54
2021-09-08T13:48:36	63	67	66	55
2021-09-08T13:49:06	63	68	66	55
2021-09-08T13:49:36	62	68	66	56
2021-09-08T13:50:06	64	70	68	56
2021-09-08T13:50:36	67	71	70	57
2021-09-08T13:51:06	69	72	70	59
2021-09-08T13:51:36	69	72	70	59
2021-09-08T13:52:06	70	75	74	61
2021-09-08T13:52:36	70	77	73	60
2021-09-08T13:53:06	70	76	75	62
2021-09-08T13:53:36	70	78	75	63
2021-09-08T13:54:06	74	79	77	64
2021-09-08T13:54:36	76	80	78	65
2021-09-08T13:55:06	76	80	76	66
2021-09-08T13:55:36	77	82	80	67
2021-09-08T13:56:06	76	83	79	68
2021-09-08T13:56:36	76	83	81	68
2021-09-08T13:57:06	78	85	82	69
2021-09-08T13:57:36	80	85	84	70
2021-09-08T13:58:06	83	86	84	71
2021-09-08T13:58:36	83	87	84	72
2021-09-08T13:59:06	84	89	86	73
2021-09-08T13:59:36	83	89	85	73
2021-09-08T14:00:06	84	91	88	74
2021-09-08T14:00:36	84	92	88	75
2021-09-08T14:01:06	89	94	90	76
2021-09-08T14:01:36	89	94	89	77
2021-09-08T14:02:06	89	96	92	78
2021-09-08T14:02:36	88	95	91	78
2021-09-08T14:03:06	89	97	94	79
2021-09-08T14:03:36	89	98	93	80
2021-09-08T14:04:06	96	100	96	81
2021-09-08T14:04:36	97	101	95	82
2021-09-08T14:05:06	97	101	97	83
2021-09-08T14:05:36	96	102	98	84
2021-09-08T14:06:06	96	103	98	84
2021-09-08T14:06:36	97	104	101	85
2021-09-08T14:07:06	97	105	101	86
2021-09-08T14:07:36	100	106	103	87
2021-09-08T14:08:06	101	107	103	87
2021-09-08T14:08:36	101	108	105	88
2021-09-08T14:09:06	101	109	104	89
2021-09-08T14:09:36	103	110	107	90
2021-09-08T14:10:06	105	111	107	91
2021-09-08T14:10:36	106	111	108	92
2021-09-08T14:11:06	105	113	108	92
2021-09-08T14:11:36	108	113	109	93
2021-09-08T14:12:06	109	114	110	94
2021-09-08T14:12:36	109	115	111	94
2021-09-08T14:13:06	109	117	113	95
2021-09-08T14:13:36	113	117	114	96
2021-09-08T14:14:06	115	119	114	97
2021-09-08T14:14:36	113	119	115	98
2021-09-08T14:15:06	113	121	116	98
2021-09-08T14:15:36	113	121	117	99
2021-09-08T14:16:06	113	122	118	100
2021-09-08T14:16:36	118	122	119	101
2021-09-08T14:17:06	119	124	122	102
2021-09-08T14:17:36	118	124	120	102
2021-09-08T14:18:06	118	126	122	103
2021-09-08T14:18:36	122	126	123	103
2021-09-08T14:19:06	124	129	124	105
2021-09-08T14:19:36	124	129	124	106
2021-09-08T14:20:06	124	130	127	107
2021-09-08T14:20:36	123	130	126	108
2021-09-08T14:21:06	127	132	129	109
2021-09-08T14:21:36	127	132	128	110
2021-09-08T14:22:06	127	133	130	110
2021-09-08T14:22:36	128	134	132	111
2021-09-08T14:23:06	132	137	133	112
2021-09-08T14:23:36	131	137	132	113
2021-09-08T14:24:06	131	139	135	114
2021-09-08T14:24:36	130	138	135	113
2021-09-08T14:25:06	135	140	137	114
2021-09-08T14:25:36	133	140	136	116
2021-09-08T14:26:06	133	142	137	116
2021-09-08T14:26:36	138	144	140	118
2021-09-08T14:27:06	138	144	139	119
2021-09-08T14:27:36	138	144	141	119
2021-09-08T14:28:06	138	145	142	120
2021-09-08T14:28:36	139	147	144	121
2021-09-08T14:29:06	140	148	143	122
2021-09-08T14:29:36	143	148	145	122
2021-09-08T14:30:06	143	149	145	124
2021-09-08T14:30:36	143	151	146	125
2021-09-08T14:31:06	145	151	148	124
2021-09-08T14:31:36	146	152	149	125
2021-09-08T14:32:06	145	153	148	126
2021-09-08T14:32:36	150	155	150	127
2021-09-08T14:33:06	149	154	151	128
2021-09-08T14:33:36	149	156	152	129
2021-09-08T14:34:06	150	157	154	130
2021-09-08T14:34:36	152	158	153	131
2021-09-08T14:35:06	151	158	156	132
2021-09-08T14:35:36	153	160	156	132
2021-09-08T14:36:06	157	161	157	133
2021-09-08T14:36:36	157	162	157	134
2021-09-08T14:37:06	155	162	158	136
2021-09-08T14:37:36	158	164	161	137
2021-09-08T14:38:06	158	164	160	138
2021-09-08T14:38:36	159	166	162	139
2021-09-08T14:39:06	158	166	160	139
2021-09-08T14:39:36	163	168	165	141
2021-09-08T14:40:06	162	169	164	141
2021-09-08T14:40:36	162	170	167	141
2021-09-08T14:41:06	163	170	166	142
2021-09-08T14:41:36	169	172	169	145
2021-09-08T14:42:06	167	172	169	145
2021-09-08T14:42:36	167	174	171	146
2021-09-08T14:43:06	166	174	171	146
2021-09-08T14:43:36	170	176	172	148
2021-09-08T14:44:06	170	177	174	149
2021-09-08T14:44:36	169	176	172	149
2021-09-08T14:45:06	174	177	176	151
2021-09-08T14:45:36	173	178	175	152
2021-09-08T14:46:06	172	180	177	151
2021-09-08T14:46:36	177	181	179	153
2021-09-08T14:47:06	177	182	178	154
2021-09-08T14:47:36	177	182	179	155
2021-09-08T14:48:06	176	183	179	156
2021-09-08T14:48:36	181	185	183	157
2021-09-08T14:49:06	179	185	181	158
2021-09-08T14:49:36	179	186	183	158
2021-09-08T14:50:06	183	187	185	160
2021-09-08T14:50:36	182	188	184	160
2021-09-08T14:51:06	182	190	187	160
2021-09-08T14:51:36	187	190	187	161
2021-09-08T14:52:06	188	191	188	162
2021-09-08T14:52:36	187	192	188	164
2021-09-08T14:53:06	188	193	191	165
2021-09-08T14:53:36	189	194	191	166
2021-09-08T14:54:06	187	195	192	167
2021-09-08T14:54:36	190	196	194	168
2021-09-08T14:55:06	192	197	193	168
2021-09-08T14:55:36	193	198	195	169
2021-09-08T14:56:06	192	198	195	170
2021-09-08T14:56:36	195	200	197	171
2021-09-08T14:57:06	194	201	197	172
2021-09-08T14:57:36	197	202	199	173
2021-09-08T14:58:06	198	202	199	174
2021-09-08T14:58:36	197	204	200	175
2021-09-08T14:59:06	200	206	203	176
2021-09-08T14:59:36	200	205	201	177
2021-09-08T15:00:06	199	207	204	178
2021-09-08T15:00:36	203	208	206	179
2021-09-08T15:01:06	205	208	205	179
2021-09-08T15:01:36	205	210	207	181
2021-09-08T15:02:06	204	210	207	182
2021-09-08T15:02:36	207	212	209	183
2021-09-08T15:03:06	205	211	210	184
2021-09-08T15:03:36	209	214	211	184
2021-09-08T15:04:06	209	214	211	185
2021-09-08T15:04:36	208	215	210	187
2021-09-08T15:05:06	212	216	214	188
2021-09-08T15:05:36	212	218	216	188
2021-09-08T15:06:06	211	218	214	189
2021-09-08T15:06:36	215	220	217	190
2021-09-08T15:07:06	215	220	216	191
2021-09-08T15:07:36	214	223	219	192
2021-09-08T15:08:06	219	223	219	193
2021-09-08T15:08:36	220	224	219	194
2021-09-08T15:09:06	219	225	222	196
2021-09-08T15:09:36	220	226	223	197
2021-09-08T15:10:06	220	226	222	197
2021-09-08T15:10:36	222	228	225	198
2021-09-08T15:11:06	222	229	225	199
2021-09-08T15:11:36	223	229	225	200
2021-09-08T15:12:06	224	230	227	201
2021-09-08T15:12:36	226	231	227	203
2021-09-08T15:13:06	228	233	230	203
2021-09-08T15:13:36	226	234	230	203
2021-09-08T15:14:06	228	235	231	204
2021-09-08T15:14:36	231	237	233	206
2021-09-08T15:15:06	229	236	231	206
2021-09-08T15:15:36	229	237	233	207
2021-09-08T15:16:06	233	239	235	208
2021-09-08T15:16:36	232	240	235	209
2021-09-08T15:17:06	234	241	237	210
2021-09-08T15:17:36	234	243	238	212
2021-09-08T15:18:06	237	243	238	211
2021-09-08T15:18:36	238	245	240	213
2021-09-08T15:19:06	238	244	239	213
2021-09-08T15:19:36	239	246	242	215
2021-09-08T15:20:06	239	247	244	216
2021-09-08T15:20:36	241	248	244	217
2021-09-08T15:21:06	240	248	244	218
2021-09-08T15:21:36	244	249	245	218
2021-09-08T15:22:06	243	252	246	219
2021-09-08T15:22:36	244	252	246	220
2021-09-08T15:23:06	247	253	248	221
2021-09-08T15:23:36	247	255	250	222
2021-09-08T15:24:06	245	256	250	223
2021-09-08T15:24:36	248	257	250	224
2021-09-08T15:25:06	252	258	251	225
2021-09-08T15:25:36	250	259	253	226
2021-09-08T15:26:06	249	260	254	227
2021-09-08T15:26:36	253	261	255	228
2021-09-08T15:27:06	253	261	256	229
2021-09-08T15:27:36	254	263	258	230
2021-09-08T15:28:06	255	263	256	231
2021-09-08T15:28:36	257	265	260	232
2021-09-08T15:29:06	259	266	261	233
2021-09-08T15:29:36	257	267	261	234
2021-09-08T15:30:06	260	266	260	235
2021-09-08T15:30:36	260	268	263	236
2021-09-08T15:31:06	261	269	264	237
2021-09-08T15:31:36	262	270	264	238
2021-09-08T15:32:06	264	271	265	239
2021-09-08T15:32:36	266	272	266	240
2021-09-08T15:33:06	264	273	268	241
2021-09-08T15:33:36	264	273	267	242
2021-09-08T15:34:06	269	276	271	243
2021-09-08T15:34:36	265	275	269	244
2021-09-08T15:35:06	269	275	271	245
2021-09-08T15:35:36	268	277	272	246
2021-09-08T15:36:06	272	277	272	247
2021-09-08T15:36:36	271	278	274	248
2021-09-08T15:37:06	272	279	275	249
2021-09-08T15:37:36	276	280	276	249
2021-09-08T15:38:06	274	281	278	250
2021-09-08T15:38:36	275	282	278	251
2021-09-08T15:39:06	277	283	280	253
2021-09-08T15:39:36	277	284	281	253
2021-09-08T15:40:06	280	284	281	254
2021-09-08T15:40:36	278	285	281	255
2021-09-08T15:41:06	281	286	282	257
2021-09-08T15:41:36	281	287	284	258
2021-09-08T15:42:06	280	288	285	259
2021-09-08T15:42:36	284	290	286	259
2021-09-08T15:43:06	284	290	285	261
2021-09-08T15:43:36	288	292	288	262
2021-09-08T15:44:06	286	292	289	262
2021-09-08T15:44:36	286	293	291	264
2021-09-08T15:45:06	288	293	288	266
2021-09-08T15:45:36	287	295	291	266
2021-09-08T15:46:06	290	296	292	267
2021-09-08T15:46:36	292	297	293	269
2021-09-08T15:47:06	292	297	293	270
2021-09-08T15:47:36	294	298	296	271
2021-09-08T15:48:06	296	299	296	272
2021-09-08T15:48:36	293	300	299	273
2021-09-08T15:49:06	296	300	297	275
2021-09-08T15:49:36	296	301	300	275
2021-09-08T15:50:06	299	303	300	276
2021-09-08T15:50:36	298	304	302	277
2021-09-08T15:51:06	299	305	302	278
2021-09-08T15:51:36	301	306	304	279
2021-09-08T15:52:06	302	306	305	280
2021-09-08T15:52:36	303	307	304	281
2021-09-08T15:53:06	303	308	307	282
2021-09-08T15:53:36	305	309	305	283
2021-09-08T15:54:06	307	310	308	284
2021-09-08T15:54:36	306	311	307	285
2021-09-08T15:55:06	310	312	311	286
2021-09-08T15:55:36	309	312	310	287
2021-09-08T15:56:06	310	312	311	287
2021-09-08T15:56:36	312	315	314	289
2021-09-08T15:57:06	309	315	312	289
2021-09-08T15:57:36	314	316	316	291
2021-09-08T15:58:06	313	317	316	291
2021-09-08T15:58:36	313	318	317	293
2021-09-08T15:59:06	316	318	316	293
2021-09-08T15:59:36	316	319	319	294
2021-09-08T16:00:06	319	319	319	296
2021-09-08T16:00:36	317	321	320	297
2021-09-08T16:01:06	321	321	322	297
2021-09-08T16:01:36	319	322	322	299
2021-09-08T16:02:06	323	323	323	300
2021-09-08T16:02:36	322	325	326	301
2021-09-08T16:03:06	323	325	325	302
2021-09-08T16:03:36	324	327	327	303
2021-09-08T16:04:06	326	328	328	304
2021-09-08T16:04:36	324	329	329	305
2021-09-08T16:05:06	328	329	330	306
2021-09-08T16:05:36	327	329	330	307
2021-09-08T16:06:06	329	331	333	308
2021-09-08T16:06:36	330	331	332	310
2021-09-08T16:07:06	331	334	334	310
2021-09-08T16:07:36	332	334	333	312
2021-09-08T16:08:06	334	335	334	313
2021-09-08T16:08:36	334	336	336	314
2021-09-08T16:09:06	334	337	337	315
2021-09-08T16:09:36	338	337	339	316
2021-09-08T16:10:06	335	338	338	316
2021-09-08T16:10:36	339	339	339	317
2021-09-08T16:11:06	336	340	341	318
2021-09-08T16:11:36	342	341	340	319
2021-09-08T16:12:06	339	341	341	320
2021-09-08T16:12:36	342	342	345	321
2021-09-08T16:13:06	341	344	344	322
2021-09-08T16:13:36	343	345	345	324
2021-09-08T16:14:06	346	346	347	325
2021-09-08T16:14:36	345	347	348	325
2021-09-08T16:15:06	346	348	349	327
2021-09-08T16:15:36	346	349	350	329
2021-09-08T16:16:06	349	349	350	329
2021-09-08T16:16:36	351	350	352	330
2021-09-08T16:17:06	350	351	354	331
2021-09-08T16:17:36	352	352	355	331
2021-09-08T16:18:06	351	353	356	332
2021-09-08T16:18:36	354	353	356	334
2021-09-08T16:19:06	353	354	357	335
2021-09-08T16:19:36	356	355	359	336
2021-09-08T16:20:06	356	356	360	336
2021-09-08T16:20:36	359	358	360	338
2021-09-08T16:21:06	356	359	360	339
2021-09-08T16:21:36	360	359	362	340
2021-09-08T16:22:06	360	360	363	341
2021-09-08T16:22:36	362	360	363	343
2021-09-08T16:23:06	361	361	365	343
2021-09-08T16:23:36	363	363	366	345
2021-09-08T16:24:06	364	364	366	345
2021-09-08T16:24:36	364	364	367	346
2021-09-08T16:25:06	367	365	369	347
2021-09-08T16:25:36	367	367	369	350
2021-09-08T16:26:06	369	368	371	350
2021-09-08T16:26:36	367	368	369	351
2021-09-08T16:27:06	372	369	371	352
2021-09-08T16:27:36	370	369	372	353
2021-09-08T16:28:06	372	370	375	354
2021-09-08T16:28:36	373	371	375	355
2021-09-08T16:29:06	373	373	377	356
2021-09-08T16:29:36	373	373	377	356
2021-09-08T16:30:06	375	373	378	357
2021-09-08T16:30:36	377	375	380	360
2021-09-08T16:31:06	378	376	379	360
2021-09-08T16:31:36	376	376	380	362
2021-09-08T16:32:06	381	377	382	362
2021-09-08T16:32:36	380	379	384	363
2021-09-08T16:33:06	380	379	383	365
2021-09-08T16:33:36	382	380	385	366
2021-09-08T16:34:06	383	381	387	367
2021-09-08T16:34:36	384	382	387	368
2021-09-08T16:35:06	385	383	388	369
2021-09-08T16:35:36	384	383	388	369
2021-09-08T16:36:06	389	384	389	371
2021-09-08T16:36:36	387	385	391	372
2021-09-08T16:37:06	391	385	391	373
2021-09-08T16:37:36	390	387	393	374
2021-09-08T16:38:06	391	388	395	374
2021-09-08T16:38:36	392	388	393	374
2021-09-08T16:39:06	395	389	396	376
2021-09-08T16:39:36	392	390	396	377
2021-09-08T16:40:06	395	392	397	378
2021-09-08T16:40:36	398	392	398	379
2021-09-08T16:41:06	397	393	400	380
2021-09-08T16:41:36	397	394	401	382
2021-09-08T16:42:06	399	395	401	383
2021-09-08T16:42:36	398	396	401	384
2021-09-08T16:43:06	403	397	403	385
2021-09-08T16:43:36	402	398	405	386
2021-09-08T16:44:06	402	398	405	386
2021-09-08T16:44:36	404	399	406	388
2021-09-08T16:45:06	406	400	408	389
2021-09-08T16:45:36	404	401	408	390
2021-09-08T16:46:06	408	402	408	391
2021-09-08T16:46:36	408	403	410	392
2021-09-08T16:47:06	407	404	412	392
2021-09-08T16:47:36	410	404	412	394
2021-09-08T16:48:06	411	405	414	395
2021-09-08T16:48:36	411	406	413	396
2021-09-08T16:49:06	412	407	415	397
2021-09-08T16:49:36	414	408	417	398
2021-09-08T16:50:06	415	408	417	399
2021-09-08T16:50:36	416	410	419	400
2021-09-08T16:51:06	416	411	418	401
2021-09-08T16:51:36	418	412	421	402
2021-09-08T16:52:06	419	413	421	403
2021-09-08T16:52:36	418	414	422	404
2021-09-08T16:53:06	420	415	423	405
2021-09-08T16:53:36	420	416	424	406
2021-09-08T16:54:06	422	417	424	407
2021-09-08T16:54:36	426	418	425	407
2021-09-08T16:55:06	424	419	426	410
2021-09-08T16:55:36	425	420	427	411
2021-09-08T16:56:06	427	421	429	411
2021-09-08T16:56:36	427	422	430	412
2021-09-08T16:57:06	428	423	431	414
2021-09-08T16:57:36	429	425	432	415
2021-09-08T16:58:06	429	426	434	415
2021-09-08T16:58:36	431	426	433	417
2021-09-08T16:59:06	432	427	436	418
2021-09-08T16:59:36	431	428	434	419
2021-09-08T17:00:06	435	428	438	420
2021-09-08T17:00:36	435	429	437	421
2021-09-08T17:01:06	436	431	439	422
2021-09-08T17:01:36	437	432	438	423
2021-09-08T17:02:06	436	432	441	424
2021-09-08T17:02:36	438	433	442	425
2021-09-08T17:03:06	440	434	442	426
2021-09-08T17:03:36	441	435	445	427
2021-09-08T17:04:07	443	436	445	428
2021-09-08T17:04:37	443	437	444	429
2021-09-08T17:05:07	442	438	449	430
2021-09-08T17:05:37	445	438	447	431
2021-09-08T17:06:07	446	439	449	432
2021-09-08T17:06:37	448	441	450	432
2021-09-08T17:07:07	447	441	450	434
2021-09-08T17:07:37	450	442	450	435
2021-09-08T17:08:07	450	443	453	436
2021-09-08T17:08:37	451	443	453	437
2021-09-08T17:09:07	451	444	452	438
2021-09-08T17:09:37	455	445	455	439
2021-09-08T17:10:07	454	447	457	440
2021-09-08T17:10:37	455	447	457	441
2021-09-08T17:11:07	455	447	458	442
2021-09-08T17:11:37	455	448	457	443
2021-09-08T17:12:07	460	448	459	443
2021-09-08T17:12:37	457	450	461	445
2021-09-08T17:13:07	461	451	461	446
2021-09-08T17:13:37	460	452	463	447
2021-09-08T17:14:07	460	453	463	448
2021-09-08T17:14:37	461	453	464	449
2021-09-08T17:15:07	463	455	466	450
2021-09-08T17:15:37	463	455	468	451
2021-09-08T17:16:07	466	455	466	452
2021-09-08T17:16:37	467	457	469	453
2021-09-08T17:17:07	468	458	469	454
2021-09-08T17:17:37	466	458	471	455
2021-09-08T17:18:07	468	459	471	456
2021-09-08T17:18:37	469	460	473	457
2021-09-08T17:19:07	469	461	472	458
2021-09-08T17:19:37	472	461	474	459
2021-09-08T17:20:07	473	463	476	460
2021-09-08T17:20:37	474	464	473	461
2021-09-08T17:21:07	475	464	478	462
2021-09-08T17:21:37	475	466	479	463
2021-09-08T17:22:07	476	467	480	464
2021-09-08T17:22:37	478	468	480	466
2021-09-08T17:23:07	477	468	481	467
2021-09-08T17:23:37	479	469	482	467
2021-09-08T17:24:07	481	470	484	468
2021-09-08T17:24:37	482	470	484	469
2021-09-08T17:25:07	482	471	484	470
2021-09-08T17:25:37	484	472	486	471
2021-09-08T17:26:07	484	473	486	472
2021-09-08T17:26:37	486	474	488	473
2021-09-08T17:27:07	487	476	489	474
2021-09-08T17:27:37	489	475	489	475
2021-09-08T17:28:07	489	477	491	476
2021-09-08T17:28:37	490	478	491	477
2021-09-08T17:29:07	491	478	491	478
2021-09-08T17:29:37	490	479	494	479
2021-09-08T17:30:07	492	480	493	480
2021-09-08T17:30:37	495	480	495	481
2021-09-08T17:31:07	494	481	498	482
2021-09-08T17:31:37	496	482	497	484
2021-09-08T17:32:07	497	483	498	484
2021-09-08T17:32:37	496	484	498	484
2021-09-08T17:33:07	497	485	501	487
2021-09-08T17:33:37	498	486	501	488
2021-09-08T17:34:07	499	487	502	488
2021-09-08T17:34:37	502	488	504	489
2021-09-08T17:35:07	501	489	505	490
2021-09-08T17:35:37	501	490	505	491
2021-09-08T17:36:07	504	490	504	492
2021-09-08T17:36:37	504	491	507	493
2021-09-08T17:37:07	504	492	509	495
2021-09-08T17:37:37	507	493	509	495
2021-09-08T17:38:07	507	494	511	496
2021-09-08T17:38:37	509	494	511	497
2021-09-08T17:39:07	510	496	513	498
2021-09-08T17:39:37	511	497	513	499
2021-09-08T17:40:07	512	498	514	501
2021-09-08T17:40:37	512	498	515	501
2021-09-08T17:41:07	514	499	517	502
2021-09-08T17:41:37	513	500	516	503
2021-09-08T17:42:07	517	501	518	504
2021-09-08T17:42:37	515	502	518	505
2021-09-08T17:43:07	517	502	520	507
2021-09-08T17:43:37	519	503	522	508
2021-09-08T17:44:07	518	504	521	508
2021-09-08T17:44:37	523	505	522	508
2021-09-08T17:45:07	520	506	524	510
2021-09-08T17:45:37	521	506	525	511
2021-09-08T17:46:07	523	507	525	512
2021-09-08T17:46:37	525	508	527	514
2021-09-08T17:47:07	526	509	528	514
2021-09-08T17:47:37	526	510	529	515
2021-09-08T17:48:07	525	511	530	516
2021-09-08T17:48:37	529	511	531	518
2021-09-08T17:49:07	530	512	532	517
2021-09-08T17:49:37	530	513	534	518
2021-09-08T17:50:07	532	514	533	519
2021-09-08T17:50:37	530	515	535	521
2021-09-08T17:51:07	534	516	536	521
2021-09-08T17:51:37	534	517	535	522
2021-09-08T17:52:07	536	517	538	524
2021-09-08T17:52:37	536	519	540	524
2021-09-08T17:53:07	537	519	539	525
2021-09-08T17:53:37	537	520	540	526
2021-09-08T17:54:07	539	522	543	528
2021-09-08T17:54:37	541	522	542	529
2021-09-08T17:55:07	542	523	544	530
2021-09-08T17:55:37	540	524	544	530
2021-09-08T17:56:07	543	525	546	532
2021-09-08T17:56:37	545	526	546	532
2021-09-08T17:57:07	545	526	548	533
2021-09-08T17:57:37	544	527	547	535
2021-09-08T17:58:07	546	528	549	535
2021-09-08T17:58:37	549	529	552	536
2021-09-08T17:59:07	548	529	551	537
2021-09-08T17:59:37	550	531	553	538
2021-09-08T18:00:07	552	531	552	540
2021-09-08T18:00:37	549	533	554	541
2021-09-08T18:01:07	554	534	556	541
2021-09-08T18:01:37	552	535	554	543
2021-09-08T18:02:07	556	535	556	543
2021-09-08T18:02:37	555	536	558	544
2021-09-08T18:03:07	556	537	558	546
2021-09-08T18:03:37	557	539	559	546
2021-09-08T18:04:07	559	539	561	548
2021-09-08T18:04:37	559	541	562	549
2021-09-08T18:05:07	560	541	563	550
2021-09-08T18:05:37	560	543	564	550
2021-09-08T18:06:07	562	544	564	552
2021-09-08T18:06:37	563	544	565	553
2021-09-08T18:07:07	564	544	567	555
2021-09-08T18:07:37	563	546	568	556
2021-09-08T18:08:07	566	547	570	556
2021-09-08T18:08:37	567	548	570	557
2021-09-08T18:09:07	568	549	572	559
2021-09-08T18:09:37	570	550	571	559
2021-09-08T18:10:07	570	550	570	560
2021-09-08T18:10:37	571	551	573	561
2021-09-08T18:11:07	571	553	576	563
2021-09-08T18:11:37	573	553	575	564
2021-09-08T18:12:07	573	554	577	564
2021-09-08T18:12:37	575	555	579	566
2021-09-08T18:13:07	575	555	577	567
2021-09-08T18:13:37	576	556	579	568
2021-09-08T18:14:07	576	557	580	569
2021-09-08T18:14:37	577	559	582	569
2021-09-08T18:15:07	581	559	583	571
2021-09-08T18:15:37	581	560	584	572
2021-09-08T18:16:07	579	561	585	574
2021-09-08T18:16:37	583	563	586	574
2021-09-08T18:17:07	584	564	586	576
2021-09-08T18:17:37	583	564	587	576
2021-09-08T18:18:07	585	565	589	578
2021-09-08T18:18:37	584	565	588	579
2021-09-08T18:19:07	586	567	590	579
2021-09-08T18:19:37	588	568	591	579
2021-09-08T18:20:07	591	568	591	581
2021-09-08T18:20:37	590	569	592	583
2021-09-08T18:21:07	591	571	594	583
2021-09-08T18:21:37	592	571	593	585
2021-09-08T18:22:07	594	572	596	586
2021-09-08T18:22:37	595	573	597	586
2021-09-08T18:23:07	596	574	597	588
2021-09-08T18:23:37	597	574	599	589
2021-09-08T18:24:07	599	576	600	591
2021-09-08T18:24:37	599	577	602	592
2021-09-08T18:25:07	600	578	600	593
2021-09-08T18:25:37	601	578	602	593
2021-09-08T18:26:07	601	579	604	595
2021-09-08T18:26:37	602	580	605	596
2021-09-08T18:27:07	603	581	606	597
2021-09-08T18:27:37	604	582	606	597
2021-09-08T18:28:07	605	583	607	599
2021-09-08T18:28:37	607	583	609	600
2021-09-08T18:29:07	607	585	610	601
2021-09-08T18:29:37	607	586	612	602
2021-09-08T18:30:07	609	587	611	603
2021-09-08T18:30:37	611	588	614	604
2021-09-08T18:31:07	611	587	612	605
2021-09-08T18:31:37	612	589	614	606
2021-09-08T18:32:07	613	590	617	607
2021-09-08T18:32:37	615	590	616	608
2021-09-08T18:33:07	616	591	618	609
2021-09-08T18:33:37	615	593	618	610
2021-09-08T18:34:07	617	593	619	611
2021-09-08T18:34:37	618	594	621	612
2021-09-08T18:35:07	618	595	622	613
2021-09-08T18:35:37	618	596	621	614
2021-09-08T18:36:07	620	597	622	615
2021-09-08T18:36:37	622	598	625	616
2021-09-08T18:37:07	621	599	624	617
2021-09-08T18:37:37	624	600	626	618
2021-09-08T18:38:07	624	601	627	619
2021-09-08T18:38:37	625	602	629	621
2021-09-08T18:39:07	624	602	627	622
2021-09-08T18:39:37	626	603	629	622
2021-09-08T18:40:07	629	604	631	623
2021-09-08T18:40:37	628	605	632	623
2021-09-08T18:41:07	631	607	633	625
2021-09-08T18:41:37	631	608	634	626
2021-09-08T18:42:07	631	609	636	628
2021-09-08T18:42:37	634	609	634	628
2021-09-08T18:43:07	634	609	636	630
2021-09-08T18:43:37	635	610	637	631
2021-09-08T18:44:07	637	611	638	631
2021-09-08T18:44:37	637	612	640	633
2021-09-08T18:45:07	638	614	641	634
2021-09-08T18:45:37	639	615	643	635
2021-09-08T18:46:07	641	615	641	635
2021-09-08T18:46:37	640	616	644	637
2021-09-08T18:47:07	642	617	644	638
2021-09-08T18:47:37	644	618	646	639
2021-09-08T18:48:07	643	619	646	640
2021-09-08T18:48:37	645	620	647	641
2021-09-08T18:49:07	645	621	649	642
2021-09-08T18:49:37	647	622	649	643
2021-09-08T18:50:07	648	623	651	644
2021-09-08T18:50:37	650	624	652	646
2021-09-08T18:51:07	649	626	653	647
2021-09-08T18:51:37	650	625	653	646
2021-09-08T18:52:07	651	626	655	649
2021-09-08T18:52:37	652	628	655	649
2021-09-08T18:53:07	652	628	655	650
2021-09-08T18:53:37	653	629	656	650
2021-09-08T18:54:07	655	630	658	652
2021-09-08T18:54:37	655	631	659	653
2021-09-08T18:55:07	657	632	660	655
2021-09-08T18:55:37	658	633	662	655
2021-09-08T18:56:07	657	634	661	657
2021-09-08T18:56:37	660	635	662	657
2021-09-08T18:57:07	661	636	663	658
2021-09-08T18:57:37	662	637	665	658
2021-09-08T18:58:07	662	638	666	660
2021-09-08T18:58:37	666	639	667	661
2021-09-08T18:59:07	664	640	668	662
2021-09-08T18:59:37	665	641	668	664
2021-09-08T19:00:07	668	641	669	664
2021-09-08T19:00:37	667	642	671	664
2021-09-08T19:01:07	670	644	672	667
2021-09-08T19:01:37	670	645	673	668
2021-09-08T19:02:07	671	646	674	669
2021-09-08T19:02:37	672	647	675	669
2021-09-08T19:03:07	674	648	676	670
2021-09-08T19:03:37	674	649	677	672
2021-09-08T19:04:07	676	649	677	673
2021-09-08T19:04:37	676	651	678	675
2021-09-08T19:05:07	678	651	679	676
2021-09-08T19:05:37	679	653	681	677
2021-09-08T19:06:07	678	653	681	677
2021-09-08T19:06:37	680	654	682	678
2021-09-08T19:07:07	682	655	683	679
2021-09-08T19:07:37	683	656	685	680
2021-09-08T19:08:07	682	657	685	681
2021-09-08T19:08:37	684	658	686	682
2021-09-08T19:09:07	684	659	687	682
2021-09-08T19:09:37	686	659	687	684
2021-09-08T19:10:07	686	660	688	685
2021-09-08T19:10:37	686	662	689	686
2021-09-08T19:11:07	689	663	690	687
2021-09-08T19:11:37	688	663	691	687
2021-09-08T19:12:07	690	664	692	689
2021-09-08T19:12:37	691	665	694	690
2021-09-08T19:13:07	692	666	694	691
2021-09-08T19:13:37	691	667	695	692
2021-09-08T19:14:07	694	668	696	692
2021-09-08T19:14:37	694	668	697	694
2021-09-08T19:15:07	695	669	697	695
2021-09-08T19:15:37	696	671	699	696
2021-09-08T19:16:07	698	672	699	696
2021-09-08T19:16:37	700	672	700	698
2021-09-08T19:17:07	700	673	701	698
2021-09-08T19:17:37	700	674	702	699
2021-09-08T19:18:07	701	675	704	700
2021-09-08T19:18:37	704	676	705	701
2021-09-08T19:19:07	704	677	706	702
2021-09-08T19:19:37	705	678	707	703
2021-09-08T19:20:07	706	678	707	704
2021-09-08T19:20:37	707	680	709	705
2021-09-08T19:21:07	709	681	709	706
2021-09-08T19:21:37	709	681	710	706
2021-09-08T19:22:07	711	682	710	708
2021-09-08T19:22:37	712	683	712	709
2021-09-08T19:23:07	714	684	713	710
2021-09-08T19:23:37	714	685	713	711
2021-09-08T19:24:07	715	686	715	712
2021-09-08T19:24:37	715	687	715	713
2021-09-08T19:25:07	716	688	717	714
2021-09-08T19:25:37	717	689	717	715
2021-09-08T19:26:07	718	690	719	717
2021-09-08T19:26:37	719	691	719	716
2021-09-08T19:27:07	720	691	720	718
2021-09-08T19:27:37	720	692	721	720
2021-09-08T19:28:07	723	693	722	719
2021-09-08T19:28:37	724	694	722	720
2021-09-08T19:29:07	724	695	724	722
2021-09-08T19:29:37	725	695	725	723
2021-09-08T19:30:07	725	697	725	723
2021-09-08T19:30:37	725	697	727	724
2021-09-08T19:31:07	727	699	727	725
2021-09-08T19:31:37	728	699	728	726
2021-09-08T19:32:07	728	700	728	727
2021-09-08T19:32:37	730	701	730	728
2021-09-08T19:33:07	731	702	730	729
2021-09-08T19:33:37	732	703	731	730
2021-09-08T19:34:07	732	703	732	731
2021-09-08T19:34:37	734	705	733	731
2021-09-08T19:35:07	734	706	734	733
2021-09-08T19:35:37	737	706	735	734
2021-09-08T19:36:07	738	707	736	735
2021-09-08T19:36:37	736	708	736	736
2021-09-08T19:37:07	737	709	737	737
2021-09-08T19:37:37	741	710	738	738
2021-09-08T19:38:07	740	711	739	738
2021-09-08T19:38:37	741	712	739	739
2021-09-08T19:39:07	744	712	741	740
2021-09-08T19:39:37	745	713	742	742
2021-09-08T19:40:07	745	714	742	742
2021-09-08T19:40:37	746	715	742	743
2021-09-08T19:41:07	748	716	744	744
2021-09-08T19:41:37	749	716	745	745
2021-09-08T19:42:07	749	717	745	746
2021-09-08T19:42:37	749	718	746	747
2021-09-08T19:43:07	752	719	747	748
2021-09-08T19:43:37	753	720	748	750
2021-09-08T19:44:07	754	720	748	749
2021-09-08T19:44:37	754	722	750	751
2021-09-08T19:45:07	754	722	751	751
2021-09-08T19:45:37	756	724	751	752
2021-09-08T19:46:07	756	724	752	752
2021-09-08T19:46:37	757	725	753	755
2021-09-08T19:47:07	759	726	754	756
2021-09-08T19:47:37	759	727	754	757
2021-09-08T19:48:07	761	727	755	757
2021-09-08T19:48:37	761	728	756	758
2021-09-08T19:49:07	763	730	757	759
2021-09-08T19:49:37	762	730	758	760
2021-09-08T19:50:07	763	731	759	761
2021-09-08T19:50:37	764	732	759	762
2021-09-08T19:51:07	766	732	760	763
2021-09-08T19:51:37	766	733	761	764
2021-09-08T19:52:07	768	734	762	766
2021-09-08T19:52:37	768	735	762	765
2021-09-08T19:53:07	770	736	763	766
2021-09-08T19:53:37	770	737	764	767
2021-09-08T19:54:07	771	738	765	768
2021-09-08T19:54:37	773	738	766	769
2021-09-08T19:55:07	773	739	765	770
2021-09-08T19:55:37	775	740	767	770
2021-09-08T19:56:07	774	741	767	771
2021-09-08T19:56:37	777	742	768	773
2021-09-08T19:57:07	778	742	769	773
2021-09-08T19:57:37	779	743	770	774
2021-09-08T19:58:07	782	744	770	776
2021-09-08T19:58:37	782	745	772	776
2021-09-08T19:59:07	783	747	773	777
2021-09-08T19:59:37	783	746	773	778
2021-09-08T20:00:07	784	747	774	779
2021-09-08T20:00:37	786	749	775	779
2021-09-08T20:01:07	786	749	775	780
2021-09-08T20:01:37	787	751	776	781
2021-09-08T20:02:07	787	751	777	783
2021-09-08T20:02:37	789	753	778	782
2021-09-08T20:03:07	789	752	779	783
2021-09-08T20:03:37	790	753	779	785
2021-09-08T20:04:07	792	754	780	785
2021-09-08T20:04:37	792	755	781	787
2021-09-08T20:05:07	792	756	781	787
2021-09-08T20:05:37	794	757	782	788
2021-09-08T20:06:07	797	758	783	789
2021-09-08T20:06:37	796	758	784	789
2021-09-08T20:07:07	797	759	785	791
2021-09-08T20:07:37	798	761	785	792
2021-09-08T20:08:07	799	761	786	793
2021-09-08T20:08:37	800	762	787	794
2021-09-08T20:09:07	800	762	787	794
2021-09-08T20:09:37	801	764	789	795
2021-09-08T20:10:07	802	764	789	795
2021-09-08T20:10:37	804	765	790	797
2021-09-08T20:11:07	804	765	791	796
2021-09-08T20:11:37	805	766	791	797
2021-09-08T20:12:07	806	767	792	799
2021-09-08T20:12:37	809	768	793	799
2021-09-08T20:13:07	807	769	794	801
2021-09-08T20:13:37	811	769	794	801
2021-09-08T20:14:07	812	770	795	802
2021-09-08T20:14:37	813	771	796	803
2021-09-08T20:15:07	814	771	797	803
2021-09-08T20:15:37	813	772	798	805
2021-09-08T20:16:07	815	773	798	805
2021-09-08T20:16:37	815	774	799	805
2021-09-08T20:17:07	817	774	800	807
2021-09-08T20:17:37	818	775	801	808
2021-09-08T20:18:07	818	776	802	809
2021-09-08T20:18:37	820	776	802	810
2021-09-08T20:19:07	821	777	804	812
2021-09-08T20:19:37	821	778	804	812
2021-09-08T20:20:07	822	779	805	813
2021-09-08T20:20:37	824	779	806	814
2021-09-08T20:21:07	824	780	807	815
2021-09-08T20:21:37	825	780	808	815
2021-09-08T20:22:07	828	781	809	817
2021-09-08T20:22:37	827	782	810	818
2021-09-08T20:23:07	830	783	810	819
2021-09-08T20:23:37	830	783	810	820
2021-09-08T20:24:07	830	784	812	821
2021-09-08T20:24:37	833	784	813	821
2021-09-08T20:25:07	832	786	813	822
2021-09-08T20:25:37	834	786	814	823
2021-09-08T20:26:07	834	787	815	825
2021-09-08T20:26:37	833	788	816	826
2021-09-08T20:27:07	837	789	817	826
2021-09-08T20:27:37	836	789	818	828
2021-09-08T20:28:07	839	790	819	828
2021-09-08T20:28:37	839	791	819	829
2021-09-08T20:29:07	840	791	820	830
2021-09-08T20:29:37	841	792	822	831
2021-09-08T20:30:07	840	793	822	833
2021-09-08T20:30:37	844	794	823	834
2021-09-08T20:31:07	843	794	824	834
2021-09-08T20:31:37	845	796	825	835
2021-09-08T20:32:07	847	796	826	837
2021-09-08T20:32:37	847	797	827	838
2021-09-08T20:33:07	845	798	828	839
2021-09-08T20:33:37	849	799	829	838
2021-09-08T20:34:07	848	800	830	840
2021-09-08T20:34:37	850	800	831	841
2021-09-08T20:35:07	850	801	833	844
2021-09-08T20:35:37	853	802	833	844
2021-09-08T20:36:07	854	803	834	845
2021-09-08T20:36:37	855	804	836	845
2021-09-08T20:37:07	854	805	836	846
2021-09-08T20:37:37	855	805	838	847
2021-09-08T20:38:07	858	806	838	849
2021-09-08T20:38:37	858	807	839	849
2021-09-08T20:39:07	860	808	840	850
2021-09-08T20:39:37	860	809	841	851
2021-09-08T20:40:07	862	810	842	853
2021-09-08T20:40:37	862	810	843	854
2021-09-08T20:41:07	864	811	844	855
2021-09-08T20:41:37	865	812	845	856
2021-09-08T20:42:07	865	813	845	857
2021-09-08T20:42:37	866	814	846	858
2021-09-08T20:43:07	869	815	848	860
2021-09-08T20:43:37	870	816	848	861
2021-09-08T20:44:07	869	816	849	860
2021-09-08T20:44:37	871	817	851	863
2021-09-08T20:45:07	872	818	852	864
2021-09-08T20:45:37	873	819	852	865
2021-09-08T20:46:07	872	820	853	866
2021-09-08T20:46:37	875	821	854	866
2021-09-08T20:47:07	874	821	855	867
2021-09-08T20:47:37	876	823	856	868
2021-09-08T20:48:07	877	824	857	867
2021-09-08T20:48:37	877	824	858	869
2021-09-08T20:49:07	880	826	859	871
2021-09-08T20:49:37	882	827	860	873
2021-09-08T20:50:07	881	827	861	873
2021-09-08T20:50:37	881	828	862	875
2021-09-08T20:51:07	882	829	863	876
2021-09-08T20:51:37	884	830	864	877
2021-09-08T20:52:07	884	831	865	877
2021-09-08T20:52:37	885	832	866	877
2021-09-08T20:53:07	888	833	867	879
2021-09-08T20:53:37	887	834	868	881
2021-09-08T20:54:07	888	835	869	881
2021-09-08T20:54:37	889	836	870	883
2021-09-08T20:55:07	892	837	871	883
2021-09-08T20:55:37	892	838	873	884
2021-09-08T20:56:07	892	839	873	884
2021-09-08T20:56:37	894	839	874	886
2021-09-08T20:57:07	895	840	875	886
2021-09-08T20:57:37	897	841	876	888
2021-09-08T20:58:07	896	842	877	890
2021-09-08T20:58:37	899	843	878	890
2021-09-08T20:59:07	900	845	880	892
2021-09-08T20:59:37	901	846	880	892
2021-09-08T21:00:07	901	847	881	894
2021-09-08T21:00:37	901	847	883	895
2021-09-08T21:01:07	904	848	883	895
2021-09-08T21:01:37	904	850	884	898
2021-09-08T21:02:07	903	851	885	898
2021-09-08T21:02:37	906	852	887	899
2021-09-08T21:03:07	907	853	888	901
2021-09-08T21:03:37	908	854	889	901
2021-09-08T21:04:07	908	855	889	902
2021-09-08T21:04:37	909	856	890	903
2021-09-08T21:05:07	910	858	892	904
2021-09-08T21:05:37	909	859	892	905
2021-09-08T21:06:07	908	860	894	906
2021-09-08T21:06:37	908	861	894	906
2021-09-08T21:07:07	908	862	896	906
2021-09-08T21:07:37	910	863	896	906
2021-09-08T21:08:07	910	864	897	907
2021-09-08T21:08:37	910	865	899	908
2021-09-08T21:09:07	909	865	899	908
2021-09-08T21:09:37	909	866	901	909
2021-09-08T21:10:07	909	867	902	909
2021-09-08T21:10:37	909	868	903	910
2021-09-08T21:11:07	908	869	904	909
2021-09-08T21:11:37	908	870	905	911
2021-09-08T21:12:07	909	871	906	910
2021-09-08T21:12:37	908	872	907	911
2021-09-08T21:13:07	910	873	908	912
2021-09-08T21:13:37	909	874	908	913
2021-09-08T21:14:07	909	875	909	913
2021-09-08T21:14:37	909	876	910	913
2021-09-08T21:15:07	909	877	910	914
2021-09-08T21:15:37	910	878	912	915
2021-09-08T21:16:07	909	878	911	914
2021-09-08T21:16:37	910	879	912	915
2021-09-08T21:17:07	909	879	912	914
2021-09-08T21:17:37	910	880	911	915
2021-09-08T21:18:07	909	881	911	915
2021-09-08T21:18:37	908	881	913	915
2021-09-08T21:19:07	909	882	912	914
2021-09-08T21:19:37	910	882	912	915
2021-09-08T21:20:07	909	883	912	915
2021-09-08T21:20:37	910	883	913	915
2021-09-08T21:21:07	910	884	913	915
2021-09-08T21:21:37	910	884	912	916
2021-09-08T21:22:07	911	885	912	916
2021-09-08T21:22:37	910	885	912	916
2021-09-08T21:23:07	911	886	913	916
2021-09-08T21:23:37	910	886	911	916
2021-09-08T21:24:07	910	887	911	916
2021-09-08T21:24:37	910	887	912	916
2021-09-08T21:25:07	908	888	911	916
2021-09-08T21:25:37	908	888	912	916
2021-09-08T21:26:07	908	889	912	917
2021-09-08T21:26:37	909	889	911	917
2021-09-08T21:27:07	910	890	912	917
2021-09-08T21:27:37	910	890	912	917
2021-09-08T21:28:07	909	891	912	916
2021-09-08T21:28:37	908	891	913	916
2021-09-08T21:29:07	910	892	911	917
2021-09-08T21:29:37	910	893	913	914
2021-09-08T21:30:07	911	892	913	917
2021-09-08T21:30:37	910	893	913	916
2021-09-08T21:31:07	909	894	912	916
2021-09-08T21:31:37	909	894	912	916
2021-09-08T21:32:07	910	894	912	916
2021-09-08T21:32:37	910	895	911	917
2021-09-08T21:33:07	909	895	912	916
2021-09-08T21:33:37	911	896	912	916
2021-09-08T21:34:07	910	896	912	917
2021-09-08T21:34:37	911	896	912	916
2021-09-08T21:35:07	909	897	912	916
2021-09-08T21:35:37	909	898	913	917
2021-09-08T21:36:07	911	898	912	917
2021-09-08T21:36:37	909	899	912	917
2021-09-08T21:37:07	909	898	913	917
2021-09-08T21:37:37	910	898	913	917
2021-09-08T21:38:07	910	899	912	917
2021-09-08T21:38:37	910	899	913	917
2021-09-08T21:39:07	909	899	912	916
2021-09-08T21:39:37	910	899	913	917
2021-09-08T21:40:07	910	899	913	915
2021-09-08T21:40:37	910	899	912	916
2021-09-08T21:41:07	908	899	913	917
2021-09-08T21:41:37	909	899	913	917
2021-09-08T21:42:07	911	900	912	917
2021-09-08T21:42:37	909	900	913	916
2021-09-08T21:43:07	911	900	913	916
2021-09-08T21:43:37	910	899	913	916
2021-09-08T21:44:07	909	899	912	916
2021-09-08T21:44:37	909	898	912	916
2021-09-08T21:45:07	909	899	912	915
2021-09-08T21:45:37	910	899	912	916
2021-09-08T21:46:07	909	898	913	916
2021-09-08T21:46:37	910	898	912	916
2021-09-08T21:47:07	909	898	912	918
2021-09-08T21:47:37	910	898	913	917
2021-09-08T21:48:07	909	898	913	916
2021-09-08T21:48:37	910	898	913	915
2021-09-08T21:49:07	909	898	912	916
2021-09-08T21:49:37	910	898	912	917
2021-09-08T21:50:07	909	899	912	917
2021-09-08T21:50:37	909	898	913	916
2021-09-08T21:51:07	909	899	913	917
2021-09-08T21:51:37	909	899	912	917
2021-09-08T21:52:07	909	899	913	916
2021-09-08T21:52:37	911	899	912	917
2021-09-08T21:53:07	909	899	912	917
2021-09-08T21:53:37	911	899	913	916
2021-09-08T21:54:07	909	898	912	916
2021-09-08T21:54:37	909	899	912	917
2021-09-08T21:55:07	909	899	913	917
2021-09-08T21:55:37	911	899	913	917
2021-09-08T21:56:07	909	899	911	917
2021-09-08T21:56:37	909	900	912	917
2021-09-08T21:57:07	910	900	913	918
2021-09-08T21:57:37	909	899	912	916
2021-09-08T21:58:07	909	900	912	916
2021-09-08T21:58:37	910	900	913	917
2021-09-08T21:59:07	909	899	912	917
2021-09-08T21:59:37	911	900	913	916
2021-09-08T22:00:07	910	900	913	917
2021-09-08T22:00:37	909	900	912	917
2021-09-08T22:01:07	910	900	913	916
2021-09-08T22:01:37	910	900	912	916
2021-09-08T22:02:07	909	901	912	916
2021-09-08T22:02:37	910	901	912	915
2021-09-08T22:03:07	909	901	913	916
2021-09-08T22:03:37	908	901	912	915
2021-09-08T22:04:07	910	901	913	916
2021-09-08T22:04:37	910	901	912	915
2021-09-08T22:05:07	909	902	913	915
2021-09-08T22:05:37	911	901	912	916
2021-09-08T22:06:07	910	901	913	915
2021-09-08T22:06:37	909	901	913	915
2021-09-08T22:07:07	911	902	913	916
2021-09-08T22:07:37	910	902	912	916
2021-09-08T22:08:07	910	902	913	915
2021-09-08T22:08:37	909	902	912	916
2021-09-08T22:09:07	909	902	913	916
2021-09-08T22:09:37	911	902	912	915
2021-09-08T22:10:07	910	901	912	917
2021-09-08T22:10:37	910	902	913	916
2021-09-08T22:11:07	909	902	912	915
2021-09-08T22:11:37	911	902	913	915
2021-09-08T22:12:07	910	902	912	917
2021-09-08T22:12:37	910	903	913	916
2021-09-08T22:13:07	909	902	912	915
2021-09-08T22:13:37	909	903	913	915
2021-09-08T22:14:07	909	902	912	915
2021-09-08T22:14:37	911	903	914	915
2021-09-08T22:15:07	910	903	913	916
2021-09-08T22:15:37	909	903	914	915
2021-09-08T22:16:07	910	903	913	915
2021-09-08T22:16:37	910	902	912	916
2021-09-08T22:17:07	910	903	914	915
2021-09-08T22:17:37	909	903	912	916
2021-09-08T22:18:07	910	902	911	915
2021-09-08T22:18:37	910	903	913	915
2021-09-08T22:19:07	910	903	912	915
2021-09-08T22:19:37	909	904	913	916
2021-09-08T22:20:07	911	903	912	915
2021-09-08T22:20:37	910	903	912	916
2021-09-08T22:21:07	910	904	912	916
2021-09-08T22:21:37	910	903	912	916
2021-09-08T22:22:07	910	904	913	916
2021-09-08T22:22:37	910	903	912	916
2021-09-08T22:23:07	910	903	912	915
2021-09-08T22:23:37	910	904	913	916
2021-09-08T22:24:07	910	904	912	916
2021-09-08T22:24:37	911	903	912	915
2021-09-08T22:25:07	911	904	913	916
2021-09-08T22:25:37	910	904	912	917
2021-09-08T22:26:07	909	904	913	916
2021-09-08T22:26:37	908	904	912	915
2021-09-08T22:27:07	910	904	912	916
2021-09-08T22:27:37	910	904	913	916
2021-09-08T22:28:07	910	904	913	917
2021-09-08T22:28:37	910	905	912	915
2021-09-08T22:29:07	910	906	913	916
2021-09-08T22:29:37	909	906	912	916
2021-09-08T22:30:07	909	905	912	916
2021-09-08T22:30:37	909	905	912	916
2021-09-08T22:31:07	909	906	913	916
2021-09-08T22:31:37	909	905	912	915
2021-09-08T22:32:07	909	905	912	915
2021-09-08T22:32:37	909	906	913	915
2021-09-08T22:33:07	909	906	912	915
2021-09-08T22:33:37	911	906	912	915
2021-09-08T22:34:07	911	906	913	916
2021-09-08T22:34:37	910	906	913	917
2021-09-08T22:35:07	910	905	911	915
2021-09-08T22:35:37	909	905	911	915
2021-09-08T22:36:07	909	904	911	916
2021-09-08T22:36:37	909	904	911	914
2021-09-08T22:37:07	909	904	910	914
2021-09-08T22:37:37	909	903	911	914
2021-09-08T22:38:07	828	879	904	913
2021-09-08T22:38:37	776	813	832	894
2021-09-08T22:39:07	655	721	720	868
2021-09-08T22:39:37	549	611	645	837
2021-09-08T22:40:07	494	536	622	791
2021-09-08T22:40:37	453	503	571	753
2021-09-08T22:41:07	439	467	557	721
2021-09-08T22:41:37	412	439	527	696
2021-09-08T22:42:07	393	419	509	672
2021-09-08T22:42:37	375	401	494	659
2021-09-08T22:43:07	359	385	479	639
2021-09-08T22:43:37	351	375	473	624
2021-09-08T22:44:07	342	362	452	609
2021-09-08T22:44:37	329	351	441	596
