time	T1	T2	T3	T4
2021-07-16T10:39:48	28	27	29	29
2021-07-16T10:40:18	28	28	29	29
2021-07-16T10:40:48	28	27	29	29
2021-07-16T10:41:18	33	30	34	29
2021-07-16T10:41:48	36	32	36	30
2021-07-16T10:42:18	38	34	37	31
2021-07-16T10:42:48	39	34	38	31
2021-07-16T10:43:18	40	35	38	32
2021-07-16T10:43:48	41	35	39	33
2021-07-16T10:44:18	41	35	39	34
2021-07-16T10:44:48	42	35	39	34
2021-07-16T10:45:18	42	36	40	35
2021-07-16T10:45:48	43	38	42	36
2021-07-16T10:46:18	44	39	42	36
2021-07-16T10:46:48	45	40	43	37
2021-07-16T10:47:18	45	41	43	38
2021-07-16T10:47:48	46	41	44	40
2021-07-16T10:48:18	47	43	46	41
2021-07-16T10:48:48	48	44	47	41
2021-07-16T10:49:18	49	45	47	42
2021-07-16T10:49:48	50	46	49	43
2021-07-16T10:50:18	50	47	49	44
2021-07-16T10:50:48	50	47	50	45
2021-07-16T10:51:18	51	49	51	45
2021-07-16T10:51:48	53	50	52	46
2021-07-16T10:52:18	53	51	53	47
2021-07-16T10:52:48	53	51	54	48
2021-07-16T10:53:18	54	53	55	49
2021-07-16T10:53:48	55	55	56	50
2021-07-16T10:54:18	56	55	56	50
2021-07-16T10:54:48	57	57	60	51
2021-07-16T10:55:18	59	59	63	52
2021-07-16T10:55:48	60	60	64	53
2021-07-16T10:56:18	60	60	64	54
2021-07-16T10:56:48	60	60	64	55
2021-07-16T10:57:18	61	60	64	56
2021-07-16T10:57:48	63	61	65	57
2021-07-16T10:58:18	67	64	66	57
2021-07-16T10:58:48	68	64	67	58
2021-07-16T10:59:18	68	65	68	59
2021-07-16T10:59:48	69	65	69	60
2021-07-16T11:00:18	70	66	69	61
2021-07-16T11:00:48	70	67	69	62
2021-07-16T11:01:18	70	69	70	63
2021-07-16T11:01:48	71	71	71	64
2021-07-16T11:02:18	73	73	75	65
2021-07-16T11:02:48	73	73	76	67
2021-07-16T11:03:18	75	73	76	68
2021-07-16T11:03:48	75	74	77	69
2021-07-16T11:04:18	75	74	77	68
2021-07-16T11:04:48	79	76	79	70
2021-07-16T11:05:18	80	77	79	71
2021-07-16T11:05:48	80	78	80	71
2021-07-16T11:06:18	81	79	81	72
2021-07-16T11:06:48	82	81	82	73
2021-07-16T11:07:18	83	83	85	74
2021-07-16T11:07:48	84	84	87	75
2021-07-16T11:08:18	84	84	86	76
2021-07-16T11:08:48	84	83	86	77
2021-07-16T11:09:18	87	84	86	78
2021-07-16T11:09:48	90	86	87	78
2021-07-16T11:10:18	89	86	88	79
2021-07-16T11:10:48	90	88	89	80
2021-07-16T11:11:18	91	89	89	81
2021-07-16T11:11:48	93	92	94	82
2021-07-16T11:12:18	93	93	95	83
2021-07-16T11:12:48	94	93	96	83
2021-07-16T11:13:18	93	93	95	84
2021-07-16T11:13:48	93	92	95	84
2021-07-16T11:14:18	97	94	96	85
2021-07-16T11:14:48	100	95	97	87
2021-07-16T11:15:18	101	97	97	87
2021-07-16T11:15:48	102	99	101	89
2021-07-16T11:16:18	103	100	101	89
2021-07-16T11:16:48	103	100	101	90
2021-07-16T11:17:18	102	99	102	90
2021-07-16T11:17:48	104	102	105	92
2021-07-16T11:18:18	104	103	106	93
2021-07-16T11:18:48	104	103	106	94
2021-07-16T11:19:18	104	104	106	94
2021-07-16T11:19:48	108	107	109	95
2021-07-16T11:20:18	111	108	110	96
2021-07-16T11:20:48	111	108	110	97
2021-07-16T11:21:18	111	108	111	98
2021-07-16T11:21:48	110	109	111	99
2021-07-16T11:22:18	111	111	113	100
2021-07-16T11:22:48	112	112	113	101
2021-07-16T11:23:18	113	112	113	101
2021-07-16T11:23:48	117	115	116	102
2021-07-16T11:24:18	117	115	117	103
2021-07-16T11:24:48	117	115	118	104
2021-07-16T11:25:18	117	116	118	105
2021-07-16T11:25:48	118	117	121	105
2021-07-16T11:26:18	118	119	121	106
2021-07-16T11:26:48	121	120	122	107
2021-07-16T11:27:18	124	121	123	108
2021-07-16T11:27:48	124	121	122	109
2021-07-16T11:28:18	125	122	123	109
2021-07-16T11:28:48	125	124	127	110
2021-07-16T11:29:18	125	124	125	111
2021-07-16T11:29:48	125	126	128	112
2021-07-16T11:30:18	127	127	130	113
2021-07-16T11:30:48	127	127	130	114
2021-07-16T11:31:18	131	128	130	115
2021-07-16T11:31:48	133	129	131	116
2021-07-16T11:32:18	132	130	132	117
2021-07-16T11:32:48	133	132	135	117
2021-07-16T11:33:18	134	132	135	118
2021-07-16T11:33:48	133	132	134	119
2021-07-16T11:34:18	134	135	136	120
2021-07-16T11:34:48	138	138	140	121
2021-07-16T11:35:18	138	137	140	122
2021-07-16T11:35:48	139	136	139	123
2021-07-16T11:36:18	138	136	139	124
2021-07-16T11:36:48	139	137	141	124
2021-07-16T11:37:18	143	141	143	125
2021-07-16T11:37:48	145	142	143	126
2021-07-16T11:38:18	145	141	144	128
2021-07-16T11:38:48	146	143	146	127
2021-07-16T11:39:18	146	144	146	129
2021-07-16T11:39:48	145	144	147	129
2021-07-16T11:40:18	146	145	147	131
2021-07-16T11:40:48	150	149	150	131
2021-07-16T11:41:18	151	149	151	132
2021-07-16T11:41:48	150	148	151	132
2021-07-16T11:42:18	150	149	150	134
2021-07-16T11:42:48	151	152	155	135
2021-07-16T11:43:18	153	152	155	136
2021-07-16T11:43:48	154	152	154	137
2021-07-16T11:44:18	154	153	155	138
2021-07-16T11:44:48	155	155	157	137
2021-07-16T11:45:18	156	156	157	138
2021-07-16T11:45:48	159	158	159	140
2021-07-16T11:46:18	160	158	160	140
2021-07-16T11:46:48	160	158	160	141
2021-07-16T11:47:18	161	161	164	142
2021-07-16T11:47:48	161	161	164	143
2021-07-16T11:48:18	162	161	164	143
2021-07-16T11:48:48	165	164	167	144
2021-07-16T11:49:18	165	163	165	146
2021-07-16T11:49:48	165	164	165	147
2021-07-16T11:50:18	165	167	168	148
2021-07-16T11:50:48	165	166	169	148
2021-07-16T11:51:18	170	167	169	150
2021-07-16T11:51:48	171	168	169	151
2021-07-16T11:52:18	173	170	173	151
2021-07-16T11:52:48	172	171	173	153
2021-07-16T11:53:18	172	170	173	153
2021-07-16T11:53:48	173	173	176	153
2021-07-16T11:54:18	173	174	176	154
2021-07-16T11:54:48	176	174	176	156
2021-07-16T11:55:18	178	175	177	157
2021-07-16T11:55:48	179	175	176	158
2021-07-16T11:56:18	179	179	181	158
2021-07-16T11:56:48	179	178	180	159
2021-07-16T11:57:18	181	179	181	159
2021-07-16T11:57:48	183	180	182	161
2021-07-16T11:58:18	184	183	186	162
2021-07-16T11:58:48	184	183	187	163
2021-07-16T11:59:18	183	182	185	164
2021-07-16T11:59:48	186	182	186	165
2021-07-16T12:00:18	189	185	189	166
2021-07-16T12:00:48	188	185	188	167
2021-07-16T12:01:18	189	188	191	167
2021-07-16T12:01:48	189	188	191	168
2021-07-16T12:02:18	189	188	191	169
2021-07-16T12:02:48	194	191	192	170
2021-07-16T12:03:18	194	191	193	171
2021-07-16T12:03:48	194	192	196	172
2021-07-16T12:04:18	194	193	196	173
2021-07-16T12:04:48	194	193	195	174
2021-07-16T12:05:18	197	195	198	174
2021-07-16T12:05:48	200	197	200	176
2021-07-16T12:06:18	200	197	199	176
2021-07-16T12:06:48	200	198	202	177
2021-07-16T12:07:18	200	199	204	178
2021-07-16T12:07:48	200	199	202	179
2021-07-16T12:08:18	203	200	202	180
2021-07-16T12:08:48	205	203	205	181
2021-07-16T12:09:18	205	202	206	182
2021-07-16T12:09:48	204	203	205	183
2021-07-16T12:10:18	206	205	208	183
2021-07-16T12:10:48	209	207	209	184
2021-07-16T12:11:18	209	207	208	185
2021-07-16T12:11:48	209	207	210	186
2021-07-16T12:12:18	209	210	213	187
2021-07-16T12:12:48	209	210	212	188
2021-07-16T12:13:18	214	210	212	189
2021-07-16T12:13:48	215	212	214	190
2021-07-16T12:14:18	215	213	215	191
2021-07-16T12:14:48	214	213	215	192
2021-07-16T12:15:18	214	214	218	193
2021-07-16T12:15:48	219	217	221	194
2021-07-16T12:16:18	219	216	219	195
2021-07-16T12:16:48	218	216	220	196
2021-07-16T12:17:18	220	217	221	196
2021-07-16T12:17:48	220	218	221	197
2021-07-16T12:18:18	223	221	225	198
2021-07-16T12:18:48	225	222	225	200
2021-07-16T12:19:18	224	222	224	200
2021-07-16T12:19:48	224	223	225	201
2021-07-16T12:20:18	224	224	228	202
2021-07-16T12:20:48	229	225	229	203
2021-07-16T12:21:18	229	225	228	204
2021-07-16T12:21:48	229	228	231	205
2021-07-16T12:22:18	228	228	231	206
2021-07-16T12:22:48	232	230	230	207
2021-07-16T12:23:18	234	231	234	208
2021-07-16T12:23:48	234	232	234	209
2021-07-16T12:24:18	233	232	233	210
2021-07-16T12:24:48	233	235	239	211
2021-07-16T12:25:18	236	235	238	211
2021-07-16T12:25:48	236	234	238	212
2021-07-16T12:26:18	237	234	237	213
2021-07-16T12:26:48	240	238	241	214
2021-07-16T12:27:18	240	238	240	215
2021-07-16T12:27:48	238	236	240	217
2021-07-16T12:28:18	243	240	245	216
2021-07-16T12:28:48	245	241	245	218
2021-07-16T12:29:18	244	241	244	219
2021-07-16T12:29:48	243	242	245	220
2021-07-16T12:30:18	245	243	246	220
2021-07-16T12:30:48	249	246	251	221
2021-07-16T12:31:18	249	246	249	222
2021-07-16T12:31:48	247	246	250	223
2021-07-16T12:32:18	249	248	251	224
2021-07-16T12:32:48	251	247	251	225
2021-07-16T12:33:18	252	250	252	226
2021-07-16T12:33:48	251	250	252	227
2021-07-16T12:34:18	254	252	256	227
2021-07-16T12:34:48	256	253	257	228
2021-07-16T12:35:18	256	252	255	229
2021-07-16T12:35:48	255	254	258	230
2021-07-16T12:36:18	256	253	257	231
2021-07-16T12:36:48	261	257	261	232
2021-07-16T12:37:18	260	256	260	233
2021-07-16T12:37:48	259	257	261	234
2021-07-16T12:38:18	260	259	264	235
2021-07-16T12:38:48	263	260	264	236
2021-07-16T12:39:18	262	261	262	237
2021-07-16T12:39:48	263	263	267	237
2021-07-16T12:40:18	266	264	267	238
2021-07-16T12:40:48	265	263	265	239
2021-07-16T12:41:18	268	266	270	240
2021-07-16T12:41:48	268	267	271	241
2021-07-16T12:42:18	267	267	270	242
2021-07-16T12:42:48	271	269	272	243
2021-07-16T12:43:18	270	268	271	244
2021-07-16T12:43:48	271	270	273	245
2021-07-16T12:44:18	274	270	274	246
2021-07-16T12:44:48	275	271	275	247
2021-07-16T12:45:18	274	273	276	248
2021-07-16T12:45:48	277	272	276	249
2021-07-16T12:46:18	278	275	279	250
2021-07-16T12:46:48	277	276	280	251
2021-07-16T12:47:18	278	276	280	252
2021-07-16T12:47:48	280	278	281	252
2021-07-16T12:48:18	279	278	282	253
2021-07-16T12:48:48	283	279	281	254
2021-07-16T12:49:18	284	280	285	255
2021-07-16T12:49:48	282	281	283	256
2021-07-16T12:50:18	285	282	285	257
2021-07-16T12:50:48	286	283	287	260
2021-07-16T12:51:18	286	285	287	261
2021-07-16T12:51:48	290	287	289	261
2021-07-16T12:52:18	288	287	289	261
2021-07-16T12:52:48	288	289	292	262
2021-07-16T12:53:18	291	288	293	263
2021-07-16T12:53:48	292	289	294	265
2021-07-16T12:54:18	291	289	295	265
2021-07-16T12:54:48	295	291	296	267
2021-07-16T12:55:18	297	292	296	267
2021-07-16T12:55:48	294	292	295	268
2021-07-16T12:56:18	298	293	298	270
2021-07-16T12:56:48	299	295	299	270
2021-07-16T12:57:18	297	296	299	271
2021-07-16T12:57:48	300	297	302	271
2021-07-16T12:58:18	300	297	302	272
2021-07-16T12:58:48	301	297	301	273
2021-07-16T12:59:18	303	300	305	274
2021-07-16T12:59:48	302	299	305	275
2021-07-16T13:00:18	306	302	305	277
2021-07-16T13:00:48	307	304	308	277
2021-07-16T13:01:18	305	303	307	279
2021-07-16T13:01:48	307	306	310	279
2021-07-16T13:02:18	310	305	310	280
2021-07-16T13:02:48	309	305	309	281
2021-07-16T13:03:18	311	308	313	282
2021-07-16T13:03:48	311	308	313	284
2021-07-16T13:04:18	312	308	312	285
2021-07-16T13:04:48	314	311	316	285
2021-07-16T13:05:18	313	311	315	286
2021-07-16T13:05:48	315	312	317	288
2021-07-16T13:06:18	316	312	317	288
2021-07-16T13:06:48	316	313	318	288
2021-07-16T13:07:18	318	314	318	289
2021-07-16T13:07:48	318	317	322	291
2021-07-16T13:08:18	319	316	321	293
2021-07-16T13:08:48	323	318	323	292
2021-07-16T13:09:18	321	318	322	294
2021-07-16T13:09:48	325	320	325	295
2021-07-16T13:10:18	323	319	324	296
2021-07-16T13:10:48	326	321	327	297
2021-07-16T13:11:18	326	321	326	298
2021-07-16T13:11:48	326	324	329	298
2021-07-16T13:12:18	329	324	330	300
2021-07-16T13:12:48	329	325	329	301
2021-07-16T13:13:18	331	327	332	302
2021-07-16T13:13:48	330	325	331	303
2021-07-16T13:14:18	333	329	334	304
2021-07-16T13:14:48	332	327	332	305
2021-07-16T13:15:18	335	328	335	306
2021-07-16T13:15:48	334	329	335	307
2021-07-16T13:16:18	337	332	338	308
2021-07-16T13:16:48	336	331	336	309
2021-07-16T13:17:18	338	334	340	310
2021-07-16T13:17:48	338	335	340	311
2021-07-16T13:18:18	340	335	341	312
2021-07-16T13:18:48	339	335	343	312
2021-07-16T13:19:18	343	335	342	313
2021-07-16T13:19:48	342	337	345	314
2021-07-16T13:20:18	341	338	344	316
2021-07-16T13:20:48	347	340	347	317
2021-07-16T13:21:18	345	339	346	317
2021-07-16T13:21:48	347	344	350	318
2021-07-16T13:22:18	346	343	349	319
2021-07-16T13:22:48	350	344	350	320
2021-07-16T13:23:18	349	345	351	321
2021-07-16T13:23:48	352	346	353	322
2021-07-16T13:24:18	351	346	352	323
2021-07-16T13:24:48	352	346	353	324
2021-07-16T13:25:18	353	347	355	325
2021-07-16T13:25:48	352	349	356	325
2021-07-16T13:26:18	357	349	356	326
2021-07-16T13:26:48	357	351	359	327
2021-07-16T13:27:18	356	351	357	328
2021-07-16T13:27:48	361	355	361	329
2021-07-16T13:28:18	359	354	362	330
2021-07-16T13:28:48	360	356	363	331
2021-07-16T13:29:18	360	356	363	332
2021-07-16T13:29:48	363	355	364	333
2021-07-16T13:30:18	362	356	363	335
2021-07-16T13:30:48	366	359	367	335
2021-07-16T13:31:18	365	360	365	336
2021-07-16T13:31:48	365	360	367	338
2021-07-16T13:32:18	366	360	368	338
2021-07-16T13:32:48	369	362	369	339
2021-07-16T13:33:18	370	363	372	341
2021-07-16T13:33:48	370	363	371	341
2021-07-16T13:34:18	370	364	372	342
2021-07-16T13:34:48	374	366	374	343
2021-07-16T13:35:18	372	367	374	345
2021-07-16T13:35:48	373	368	375	345
2021-07-16T13:36:18	375	368	377	347
2021-07-16T13:36:48	376	369	378	347
2021-07-16T13:37:18	377	370	380	348
2021-07-16T13:37:48	377	372	378	349
2021-07-16T13:38:18	381	371	381	350
2021-07-16T13:38:48	379	372	381	351
2021-07-16T13:39:18	382	375	384	352
2021-07-16T13:39:48	381	374	383	353
2021-07-16T13:40:18	382	375	384	354
2021-07-16T13:40:48	385	377	385	355
2021-07-16T13:41:18	385	377	387	357
2021-07-16T13:41:48	385	376	384	358
2021-07-16T13:42:18	387	380	390	358
2021-07-16T13:42:48	387	380	388	360
2021-07-16T13:43:18	388	381	390	360
2021-07-16T13:43:48	387	382	391	361
2021-07-16T13:44:18	391	383	392	362
2021-07-16T13:44:48	392	384	393	364
2021-07-16T13:45:18	392	385	394	365
2021-07-16T13:45:48	392	388	396	366
2021-07-16T13:46:18	393	386	395	367
2021-07-16T13:46:48	395	389	398	368
2021-07-16T13:47:18	395	389	397	369
2021-07-16T13:47:48	398	390	398	369
2021-07-16T13:48:18	398	391	400	370
2021-07-16T13:48:48	399	392	400	371
2021-07-16T13:49:18	400	392	403	372
2021-07-16T13:49:48	401	394	404	373
2021-07-16T13:50:18	402	395	403	374
2021-07-16T13:50:48	405	395	404	375
2021-07-16T13:51:18	402	395	405	376
2021-07-16T13:51:48	405	396	406	378
2021-07-16T13:52:18	407	397	407	378
2021-07-16T13:52:48	407	399	408	379
2021-07-16T13:53:18	409	398	409	380
2021-07-16T13:53:48	409	400	412	381
2021-07-16T13:54:18	410	400	410	382
2021-07-16T13:54:48	412	402	413	383
2021-07-16T13:55:18	412	402	414	384
2021-07-16T13:55:48	413	403	414	386
2021-07-16T13:56:18	413	405	416	387
2021-07-16T13:56:48	417	406	417	387
2021-07-16T13:57:18	416	406	416	388
2021-07-16T13:57:48	417	407	418	390
2021-07-16T13:58:18	418	408	420	391
2021-07-16T13:58:48	420	410	422	391
2021-07-16T13:59:18	419	410	420	392
2021-07-16T13:59:48	422	411	423	393
2021-07-16T14:00:18	421	412	424	394
2021-07-16T14:00:48	425	413	423	395
2021-07-16T14:01:18	424	414	427	396
2021-07-16T14:01:48	426	416	427	398
2021-07-16T14:02:18	424	415	428	398
2021-07-16T14:02:48	427	415	429	399
2021-07-16T14:03:18	428	416	429	400
2021-07-16T14:03:48	427	417	429	401
2021-07-16T14:04:18	431	419	432	402
2021-07-16T14:04:48	429	421	432	403
2021-07-16T14:05:18	432	422	433	404
2021-07-16T14:05:48	431	422	433	405
2021-07-16T14:06:18	435	422	434	406
2021-07-16T14:06:48	434	425	438	406
2021-07-16T14:07:18	434	426	438	409
2021-07-16T14:07:48	436	425	438	410
2021-07-16T14:08:18	439	427	440	410
2021-07-16T14:08:48	437	428	442	412
2021-07-16T14:09:18	440	428	442	412
2021-07-16T14:09:48	440	430	441	414
2021-07-16T14:10:18	442	431	442	414
2021-07-16T14:10:49	443	433	443	415
2021-07-16T14:11:19	442	432	444	416
2021-07-16T14:11:49	447	435	448	417
2021-07-16T14:12:19	445	433	447	418
2021-07-16T14:12:49	447	435	449	420
2021-07-16T14:13:19	448	436	447	420
2021-07-16T14:13:49	449	438	451	421
2021-07-16T14:14:19	448	438	452	422
2021-07-16T14:14:49	450	439	451	423
2021-07-16T14:15:19	452	442	455	424
2021-07-16T14:15:49	451	441	454	425
2021-07-16T14:16:19	455	443	455	426
2021-07-16T14:16:49	453	444	458	427
2021-07-16T14:17:19	456	444	457	429
2021-07-16T14:17:49	455	444	459	430
2021-07-16T14:18:19	459	447	459	431
2021-07-16T14:18:49	459	447	460	432
2021-07-16T14:19:19	458	448	459	432
2021-07-16T14:19:49	461	449	461	433
2021-07-16T14:20:19	462	452	464	435
2021-07-16T14:20:49	461	451	463	436
2021-07-16T14:21:19	463	452	465	437
2021-07-16T14:21:49	464	453	466	437
2021-07-16T14:22:19	465	454	466	439
2021-07-16T14:22:49	465	454	467	440
2021-07-16T14:23:19	469	456	470	441
2021-07-16T14:23:49	467	456	469	442
2021-07-16T14:24:19	468	457	471	442
2021-07-16T14:24:49	471	459	471	443
2021-07-16T14:25:19	470	459	472	444
2021-07-16T14:25:49	472	460	473	445
2021-07-16T14:26:19	474	461	474	446
2021-07-16T14:26:49	473	463	476	447
2021-07-16T14:27:19	476	463	477	449
2021-07-16T14:27:49	475	463	478	450
2021-07-16T14:28:19	477	465	479	451
2021-07-16T14:28:49	478	466	479	451
2021-07-16T14:29:19	479	467	481	452
2021-07-16T14:29:49	480	467	480	453
2021-07-16T14:30:19	481	471	485	455
2021-07-16T14:30:49	482	468	482	454
2021-07-16T14:31:19	484	471	486	455
2021-07-16T14:31:49	483	471	485	457
2021-07-16T14:32:19	484	472	485	458
2021-07-16T14:32:49	487	474	489	460
2021-07-16T14:33:19	485	476	490	461
2021-07-16T14:33:49	487	475	490	461
2021-07-16T14:34:19	489	476	490	463
2021-07-16T14:34:49	491	477	492	463
2021-07-16T14:35:19	489	477	492	464
2021-07-16T14:35:49	492	480	493	465
2021-07-16T14:36:19	493	481	496	466
2021-07-16T14:36:49	494	480	495	467
2021-07-16T14:37:19	495	481	496	467
2021-07-16T14:37:49	497	482	497	469
2021-07-16T14:38:19	498	484	499	469
2021-07-16T14:38:49	498	484	500	471
2021-07-16T14:39:19	500	486	502	472
2021-07-16T14:39:49	500	485	501	473
2021-07-16T14:40:19	500	486	502	474
2021-07-16T14:40:49	502	488	504	475
2021-07-16T14:41:19	503	489	505	475
2021-07-16T14:41:49	502	490	506	478
2021-07-16T14:42:19	506	491	507	478
2021-07-16T14:42:49	506	492	508	479
2021-07-16T14:43:19	507	493	508	479
2021-07-16T14:43:49	507	493	508	482
2021-07-16T14:44:19	507	494	509	482
2021-07-16T14:44:49	507	496	512	483
2021-07-16T14:45:19	512	496	512	484
2021-07-16T14:45:49	512	498	513	485
2021-07-16T14:46:19	512	498	513	486
2021-07-16T14:46:49	514	499	515	487
2021-07-16T14:47:19	513	500	516	488
2021-07-16T14:47:49	516	500	517	490
2021-07-16T14:48:19	516	502	519	491
2021-07-16T14:48:49	517	502	519	491
2021-07-16T14:49:19	517	503	520	492
2021-07-16T14:49:49	520	505	522	493
2021-07-16T14:50:19	519	506	522	494
2021-07-16T14:50:49	521	506	523	495
2021-07-16T14:51:19	523	508	523	497
2021-07-16T14:51:49	523	508	525	497
2021-07-16T14:52:19	524	509	525	498
2021-07-16T14:52:49	524	511	528	499
2021-07-16T14:53:19	526	512	529	500
2021-07-16T14:53:49	527	512	529	501
2021-07-16T14:54:19	527	513	531	503
2021-07-16T14:54:49	528	513	531	503
2021-07-16T14:55:19	529	515	532	504
2021-07-16T14:55:49	531	516	533	506
2021-07-16T14:56:19	532	518	535	507
2021-07-16T14:56:49	533	517	535	508
2021-07-16T14:57:19	532	519	536	509
2021-07-16T14:57:49	534	520	537	510
2021-07-16T14:58:19	535	522	537	511
2021-07-16T14:58:49	537	521	538	512
2021-07-16T14:59:19	538	521	539	513
2021-07-16T14:59:49	538	523	541	514
2021-07-16T15:00:19	538	524	541	516
2021-07-16T15:00:49	541	526	544	516
2021-07-16T15:01:19	542	526	544	517
2021-07-16T15:01:49	544	529	544	517
2021-07-16T15:02:19	542	528	544	519
2021-07-16T15:02:49	546	532	546	520
2021-07-16T15:03:19	546	531	547	521
2021-07-16T15:03:49	546	531	549	523
2021-07-16T15:04:19	547	533	548	523
2021-07-16T15:04:49	549	534	551	524
2021-07-16T15:05:19	549	535	551	526
2021-07-16T15:05:49	549	536	552	527
2021-07-16T15:06:19	552	538	554	528
2021-07-16T15:06:49	553	538	555	529
2021-07-16T15:07:19	554	539	556	529
2021-07-16T15:07:49	554	539	556	531
2021-07-16T15:08:19	555	541	558	532
2021-07-16T15:08:49	558	541	559	533
2021-07-16T15:09:19	558	543	560	534
2021-07-16T15:09:49	560	543	560	535
2021-07-16T15:10:19	558	542	560	536
2021-07-16T15:10:49	561	546	563	537
2021-07-16T15:11:19	563	546	564	538
2021-07-16T15:11:49	563	548	565	539
2021-07-16T15:12:19	564	549	565	540
2021-07-16T15:12:49	565	548	564	541
2021-07-16T15:13:19	566	550	567	542
2021-07-16T15:13:49	567	551	567	543
2021-07-16T15:14:19	567	553	570	544
2021-07-16T15:14:49	568	553	570	547
2021-07-16T15:15:19	570	555	572	547
2021-07-16T15:15:49	571	556	572	548
2021-07-16T15:16:19	572	555	572	549
2021-07-16T15:16:49	574	556	575	550
2021-07-16T15:17:19	574	558	575	551
2021-07-16T15:17:49	573	558	576	553
2021-07-16T15:18:19	576	560	578	553
2021-07-16T15:18:49	577	561	579	554
2021-07-16T15:19:19	576	563	581	556
2021-07-16T15:19:49	577	563	580	556
2021-07-16T15:20:19	579	564	582	557
2021-07-16T15:20:49	582	565	582	559
2021-07-16T15:21:19	580	567	583	560
2021-07-16T15:21:49	583	568	585	561
2021-07-16T15:22:19	584	568	586	562
2021-07-16T15:22:49	584	570	587	563
2021-07-16T15:23:19	586	569	586	564
2021-07-16T15:23:49	586	570	589	565
2021-07-16T15:24:19	586	571	590	566
2021-07-16T15:24:49	588	572	591	568
2021-07-16T15:25:19	588	573	592	568
2021-07-16T15:25:49	589	575	592	569
2021-07-16T15:26:19	590	576	593	570
2021-07-16T15:26:49	591	577	594	571
2021-07-16T15:27:19	594	578	596	572
2021-07-16T15:27:49	593	578	595	573
2021-07-16T15:28:19	593	579	596	575
2021-07-16T15:28:49	595	580	598	576
2021-07-16T15:29:19	599	582	600	576
2021-07-16T15:29:49	597	583	600	578
2021-07-16T15:30:19	598	583	599	579
2021-07-16T15:30:49	600	585	602	579
2021-07-16T15:31:19	600	584	601	581
2021-07-16T15:31:49	601	587	605	582
2021-07-16T15:32:19	602	587	605	583
2021-07-16T15:32:49	604	589	606	584
2021-07-16T15:33:19	604	589	608	585
2021-07-16T15:33:49	606	590	608	586
2021-07-16T15:34:19	605	591	609	587
2021-07-16T15:34:49	608	591	610	589
2021-07-16T15:35:19	608	593	609	590
2021-07-16T15:35:49	609	594	612	591
2021-07-16T15:36:19	610	593	611	592
2021-07-16T15:36:49	611	595	612	592
2021-07-16T15:37:19	612	597	614	594
2021-07-16T15:37:49	613	598	617	596
2021-07-16T15:38:19	614	599	618	596
2021-07-16T15:38:49	615	600	619	597
2021-07-16T15:39:19	615	600	618	598
2021-07-16T15:39:49	618	602	620	600
2021-07-16T15:40:19	619	602	621	601
2021-07-16T15:40:49	620	603	621	602
2021-07-16T15:41:19	620	603	621	604
2021-07-16T15:41:49	620	607	625	603
2021-07-16T15:42:19	622	607	623	605
2021-07-16T15:42:49	623	606	624	606
2021-07-16T15:43:19	625	609	628	607
2021-07-16T15:43:49	626	610	627	609
2021-07-16T15:44:19	627	610	628	609
2021-07-16T15:44:49	627	611	629	610
2021-07-16T15:45:19	629	612	631	611
2021-07-16T15:45:49	629	614	631	612
2021-07-16T15:46:19	631	615	632	614
2021-07-16T15:46:49	632	615	632	614
2021-07-16T15:47:19	633	617	636	615
2021-07-16T15:47:49	634	617	635	617
2021-07-16T15:48:19	635	618	636	618
2021-07-16T15:48:49	636	619	638	619
2021-07-16T15:49:19	637	620	639	619
2021-07-16T15:49:49	637	621	640	621
2021-07-16T15:50:19	638	622	641	622
2021-07-16T15:50:49	638	622	640	623
2021-07-16T15:51:19	640	625	643	624
2021-07-16T15:51:49	642	624	643	626
2021-07-16T15:52:19	642	626	644	626
2021-07-16T15:52:49	644	627	645	627
2021-07-16T15:53:19	643	628	646	629
2021-07-16T15:53:49	645	628	647	629
2021-07-16T15:54:19	647	629	649	631
2021-07-16T15:54:49	648	630	649	632
2021-07-16T15:55:19	649	632	650	633
2021-07-16T15:55:49	648	633	652	633
2021-07-16T15:56:19	650	634	653	634
2021-07-16T15:56:49	651	635	654	636
2021-07-16T15:57:19	652	637	655	637
2021-07-16T15:57:49	654	638	654	638
2021-07-16T15:58:19	655	638	656	638
2021-07-16T15:58:49	654	639	657	639
2021-07-16T15:59:19	655	639	659	641
2021-07-16T15:59:49	656	641	660	642
2021-07-16T16:00:19	658	642	661	643
2021-07-16T16:00:49	659	643	661	644
2021-07-16T16:01:19	661	644	663	644
2021-07-16T16:01:49	659	644	663	646
2021-07-16T16:02:19	661	646	665	647
2021-07-16T16:02:49	662	646	665	648
2021-07-16T16:03:19	663	649	666	649
2021-07-16T16:03:49	664	649	668	650
2021-07-16T16:04:19	665	651	668	650
2021-07-16T16:04:49	667	652	669	652
2021-07-16T16:05:19	667	652	670	653
2021-07-16T16:05:49	667	653	671	655
2021-07-16T16:06:19	669	654	672	656
2021-07-16T16:06:49	670	656	673	656
2021-07-16T16:07:19	671	656	674	657
2021-07-16T16:07:49	672	656	675	658
2021-07-16T16:08:19	673	658	677	659
2021-07-16T16:08:49	674	658	677	661
2021-07-16T16:09:19	675	661	678	661
2021-07-16T16:09:49	675	662	680	662
2021-07-16T16:10:19	677	662	679	663
2021-07-16T16:10:49	678	663	680	664
2021-07-16T16:11:19	679	664	681	666
2021-07-16T16:11:49	680	665	683	667
2021-07-16T16:12:19	681	666	684	667
2021-07-16T16:12:49	681	668	685	669
2021-07-16T16:13:19	683	667	686	670
2021-07-16T16:13:49	684	669	687	671
2021-07-16T16:14:19	686	670	687	672
2021-07-16T16:14:49	687	671	689	672
2021-07-16T16:15:19	688	672	690	674
2021-07-16T16:15:49	687	672	690	675
2021-07-16T16:16:19	689	673	691	675
2021-07-16T16:16:49	691	675	692	676
2021-07-16T16:17:19	692	675	692	677
2021-07-16T16:17:49	692	677	695	678
2021-07-16T16:18:19	694	679	695	680
2021-07-16T16:18:49	695	678	694	681
2021-07-16T16:19:19	696	681	699	681
2021-07-16T16:19:49	697	681	699	682
2021-07-16T16:20:19	698	681	699	684
2021-07-16T16:20:49	699	683	701	685
2021-07-16T16:21:19	698	684	700	686
2021-07-16T16:21:49	701	685	702	687
2021-07-16T16:22:19	701	686	703	689
2021-07-16T16:22:49	703	686	703	689
2021-07-16T16:23:19	704	688	706	690
2021-07-16T16:23:49	705	690	706	691
2021-07-16T16:24:19	705	689	706	693
2021-07-16T16:24:49	705	690	708	693
2021-07-16T16:25:19	706	692	709	694
2021-07-16T16:25:49	707	692	709	695
2021-07-16T16:26:19	710	694	711	696
2021-07-16T16:26:49	711	695	712	697
2021-07-16T16:27:19	710	695	712	698
2021-07-16T16:27:49	712	697	714	699
2021-07-16T16:28:19	713	698	715	700
2021-07-16T16:28:49	715	700	718	700
2021-07-16T16:29:19	716	699	717	702
2021-07-16T16:29:49	715	701	716	703
2021-07-16T16:30:19	717	702	720	704
2021-07-16T16:30:49	719	703	720	705
2021-07-16T16:31:19	718	703	720	707
2021-07-16T16:31:49	721	705	723	707
2021-07-16T16:32:19	720	707	724	708
2021-07-16T16:32:49	723	708	725	708
2021-07-16T16:33:19	723	708	724	711
2021-07-16T16:33:49	724	709	725	711
2021-07-16T16:34:19	726	711	727	713
2021-07-16T16:34:49	725	711	727	713
2021-07-16T16:35:19	727	712	729	714
2021-07-16T16:35:49	728	714	731	715
2021-07-16T16:36:19	728	713	731	716
2021-07-16T16:36:49	729	716	733	717
2021-07-16T16:37:19	730	715	734	718
2021-07-16T16:37:49	732	717	734	719
2021-07-16T16:38:19	733	718	734	720
2021-07-16T16:38:49	734	719	737	721
2021-07-16T16:39:19	733	719	737	721
2021-07-16T16:39:49	735	721	738	723
2021-07-16T16:40:19	736	722	740	724
2021-07-16T16:40:49	737	723	740	725
2021-07-16T16:41:19	738	724	742	727
2021-07-16T16:41:49	738	725	743	727
2021-07-16T16:42:19	740	726	743	728
2021-07-16T16:42:49	742	726	744	730
2021-07-16T16:43:19	743	727	745	730
2021-07-16T16:43:49	743	729	746	731
2021-07-16T16:44:19	744	730	747	732
2021-07-16T16:44:49	745	730	748	733
2021-07-16T16:45:19	747	732	749	734
2021-07-16T16:45:49	747	732	749	735
2021-07-16T16:46:19	748	734	751	736
2021-07-16T16:46:49	750	734	751	737
2021-07-16T16:47:19	748	736	754	738
2021-07-16T16:47:49	751	735	753	739
2021-07-16T16:48:19	751	738	755	741
2021-07-16T16:48:49	752	737	756	741
2021-07-16T16:49:19	754	740	757	743
2021-07-16T16:49:49	754	740	757	743
2021-07-16T16:50:19	757	740	758	745
2021-07-16T16:50:49	757	741	759	745
2021-07-16T16:51:19	757	744	760	746
2021-07-16T16:51:49	759	743	760	747
2021-07-16T16:52:19	761	745	763	749
2021-07-16T16:52:49	762	745	764	749
2021-07-16T16:53:19	762	746	764	750
2021-07-16T16:53:49	764	748	767	751
2021-07-16T16:54:19	764	749	766	752
2021-07-16T16:54:49	765	751	768	753
2021-07-16T16:55:19	767	751	768	754
2021-07-16T16:55:49	767	750	768	755
2021-07-16T16:56:19	769	753	771	756
2021-07-16T16:56:49	769	753	771	757
2021-07-16T16:57:19	770	755	773	757
2021-07-16T16:57:49	771	756	773	758
2021-07-16T16:58:19	772	757	773	760
2021-07-16T16:58:49	774	759	776	762
2021-07-16T16:59:19	775	759	776	761
2021-07-16T16:59:49	774	759	775	763
2021-07-16T17:00:19	775	761	779	763
2021-07-16T17:00:49	778	761	779	764
2021-07-16T17:01:19	778	763	780	766
2021-07-16T17:01:49	778	764	780	766
2021-07-16T17:02:19	779	766	782	768
2021-07-16T17:02:49	781	767	783	768
2021-07-16T17:03:19	782	768	784	769
2021-07-16T17:03:49	782	769	786	770
2021-07-16T17:04:19	783	769	785	770
2021-07-16T17:04:49	785	771	788	771
2021-07-16T17:05:19	785	772	788	772
2021-07-16T17:05:49	787	773	789	773
2021-07-16T17:06:19	786	771	782	773
2021-07-16T17:06:49	789	771	777	773
2021-07-16T17:07:19	790	771	774	772
2021-07-16T17:07:49	789	770	773	771
2021-07-16T17:08:19	792	770	771	771
2021-07-16T17:08:49	790	771	770	772
2021-07-16T17:09:19	794	771	770	771
2021-07-16T17:09:49	793	770	769	771
2021-07-16T17:10:19	796	770	768	771
2021-07-16T17:10:49	795	772	775	773
2021-07-16T17:11:19	797	776	781	774
2021-07-16T17:11:49	797	778	786	776
2021-07-16T17:12:19	798	780	790	779
2021-07-16T17:12:49	801	781	793	781
2021-07-16T17:13:19	801	783	796	783
2021-07-16T17:13:49	801	785	798	785
2021-07-16T17:14:19	803	785	800	785
2021-07-16T17:14:49	804	787	802	787
2021-07-16T17:15:19	804	789	803	790
2021-07-16T17:15:49	806	789	805	790
2021-07-16T17:16:19	807	790	806	792
2021-07-16T17:16:49	807	792	808	793
2021-07-16T17:17:19	809	792	809	794
2021-07-16T17:17:49	810	793	810	795
2021-07-16T17:18:19	811	795	811	796
2021-07-16T17:18:49	812	796	813	797
2021-07-16T17:19:19	814	797	814	798
2021-07-16T17:19:49	813	798	816	799
2021-07-16T17:20:19	815	799	816	801
2021-07-16T17:20:49	817	800	818	802
2021-07-16T17:21:19	818	801	819	804
2021-07-16T17:21:49	818	802	819	803
2021-07-16T17:22:19	818	801	816	806
2021-07-16T17:22:49	819	800	810	805
2021-07-16T17:23:19	821	799	806	804
2021-07-16T17:23:49	821	799	803	803
2021-07-16T17:24:19	823	798	802	802
2021-07-16T17:24:49	824	799	801	803
2021-07-16T17:25:19	824	798	800	802
2021-07-16T17:25:49	826	799	799	803
2021-07-16T17:26:19	826	797	799	804
2021-07-16T17:26:49	828	797	800	805
2021-07-16T17:27:19	827	801	808	806
2021-07-16T17:27:49	829	804	812	808
2021-07-16T17:28:19	831	806	817	810
2021-07-16T17:28:49	831	808	820	812
2021-07-16T17:29:19	831	809	822	814
2021-07-16T17:29:49	834	811	825	818
2021-07-16T17:30:19	834	812	827	818
2021-07-16T17:30:49	835	814	829	820
2021-07-16T17:31:19	836	815	830	821
2021-07-16T17:31:49	837	816	832	822
2021-07-16T17:32:19	838	817	834	823
2021-07-16T17:32:49	839	818	835	824
2021-07-16T17:33:19	840	819	836	826
2021-07-16T17:33:49	842	820	838	827
2021-07-16T17:34:19	843	821	839	828
2021-07-16T17:34:49	843	822	841	830
2021-07-16T17:35:19	844	823	842	831
2021-07-16T17:35:49	846	825	843	832
2021-07-16T17:36:19	846	825	844	834
2021-07-16T17:36:49	849	827	846	835
2021-07-16T17:37:19	849	828	847	836
2021-07-16T17:37:49	849	829	848	837
2021-07-16T17:38:19	850	829	846	837
2021-07-16T17:38:49	851	828	840	838
2021-07-16T17:39:19	852	827	836	836
2021-07-16T17:39:49	854	827	834	837
2021-07-16T17:40:19	853	827	833	837
2021-07-16T17:40:49	855	827	832	836
2021-07-16T17:41:19	855	827	831	836
2021-07-16T17:41:49	857	827	831	837
2021-07-16T17:42:19	857	827	830	836
2021-07-16T17:42:49	859	826	830	837
2021-07-16T17:43:19	862	829	836	838
2021-07-16T17:43:49	860	832	843	841
2021-07-16T17:44:19	861	835	847	844
2021-07-16T17:44:49	863	837	849	845
2021-07-16T17:45:19	865	840	853	849
2021-07-16T17:45:49	865	841	856	850
2021-07-16T17:46:19	865	843	858	851
2021-07-16T17:46:49	867	843	860	853
2021-07-16T17:47:19	868	845	862	854
2021-07-16T17:47:49	868	847	863	855
2021-07-16T17:48:19	869	847	865	857
2021-07-16T17:48:49	871	849	866	858
2021-07-16T17:49:19	871	850	868	860
2021-07-16T17:49:49	873	852	869	861
2021-07-16T17:50:19	874	853	871	862
2021-07-16T17:50:49	875	854	872	864
2021-07-16T17:51:19	876	856	874	864
2021-07-16T17:51:49	876	856	874	865
2021-07-16T17:52:19	877	858	876	866
2021-07-16T17:52:49	880	859	877	869
2021-07-16T17:53:19	880	859	878	869
2021-07-16T17:53:49	881	861	880	871
2021-07-16T17:54:19	881	863	881	871
2021-07-16T17:54:49	884	861	874	873
2021-07-16T17:55:19	885	861	870	871
2021-07-16T17:55:49	885	860	868	870
2021-07-16T17:56:19	885	860	866	870
2021-07-16T17:56:49	887	860	865	871
2021-07-16T17:57:19	887	860	864	871
2021-07-16T17:57:49	889	861	863	872
2021-07-16T17:58:19	889	861	863	871
2021-07-16T17:58:49	891	860	863	872
2021-07-16T17:59:19	892	862	867	873
2021-07-16T17:59:49	893	865	875	876
2021-07-16T18:00:19	895	868	878	878
2021-07-16T18:00:49	895	870	882	880
2021-07-16T18:01:19	896	872	885	882
2021-07-16T18:01:49	897	874	887	884
2021-07-16T18:02:19	898	875	889	886
2021-07-16T18:02:49	900	877	892	888
2021-07-16T18:03:19	899	878	894	889
2021-07-16T18:03:49	898	879	896	890
2021-07-16T18:04:19	898	881	896	891
2021-07-16T18:04:49	899	882	899	891
2021-07-16T18:05:19	900	884	901	891
2021-07-16T18:05:49	899	884	902	893
2021-07-16T18:06:19	900	884	901	894
2021-07-16T18:06:49	898	885	901	895
2021-07-16T18:07:19	898	886	902	895
2021-07-16T18:07:49	898	885	902	895
2021-07-16T18:08:19	898	886	903	895
2021-07-16T18:08:49	900	886	901	896
2021-07-16T18:09:19	900	886	902	897
2021-07-16T18:09:49	900	887	902	898
2021-07-16T18:10:19	899	887	901	898
2021-07-16T18:10:49	898	887	902	898
2021-07-16T18:11:19	898	887	902	897
2021-07-16T18:11:49	899	888	902	898
2021-07-16T18:12:19	901	889	902	898
2021-07-16T18:12:49	899	889	902	898
2021-07-16T18:13:19	900	889	901	898
2021-07-16T18:13:49	899	889	902	898
2021-07-16T18:14:19	898	890	901	899
2021-07-16T18:14:49	900	890	902	899
2021-07-16T18:15:19	900	891	903	899
2021-07-16T18:15:49	901	891	902	899
2021-07-16T18:16:19	899	890	903	900
2021-07-16T18:16:49	899	891	901	900
2021-07-16T18:17:19	900	891	902	900
2021-07-16T18:17:49	901	892	903	900
2021-07-16T18:18:19	900	893	902	900
2021-07-16T18:18:49	899	892	902	901
2021-07-16T18:19:19	900	893	903	901
2021-07-16T18:19:49	901	893	902	901
2021-07-16T18:20:19	900	893	903	900
2021-07-16T18:20:49	900	894	903	901
2021-07-16T18:21:19	900	894	902	900
2021-07-16T18:21:49	899	893	901	901
2021-07-16T18:22:19	899	893	902	901
2021-07-16T18:22:49	900	894	902	901
2021-07-16T18:23:19	900	894	901	901
2021-07-16T18:23:49	899	893	901	901
2021-07-16T18:24:19	899	893	902	901
2021-07-16T18:24:49	900	895	902	903
2021-07-16T18:25:19	900	894	902	903
2021-07-16T18:25:49	900	894	902	903
2021-07-16T18:26:19	900	895	903	903
2021-07-16T18:26:49	900	895	903	902
2021-07-16T18:27:19	900	895	903	902
2021-07-16T18:27:49	900	896	903	902
2021-07-16T18:28:19	900	895	903	902
2021-07-16T18:28:49	900	896	903	902
2021-07-16T18:29:19	898	896	903	902
2021-07-16T18:29:49	899	895	902	902
2021-07-16T18:30:19	900	895	902	903
2021-07-16T18:30:49	900	896	902	903
2021-07-16T18:31:19	900	896	903	903
2021-07-16T18:31:49	900	897	903	903
2021-07-16T18:32:19	899	897	903	903
2021-07-16T18:32:49	899	896	903	903
2021-07-16T18:33:19	900	896	901	903
2021-07-16T18:33:49	899	897	902	903
2021-07-16T18:34:19	899	897	902	903
2021-07-16T18:34:49	900	897	903	903
2021-07-16T18:35:19	901	898	903	903
2021-07-16T18:35:49	900	897	903	903
2021-07-16T18:36:19	898	897	902	904
2021-07-16T18:36:49	900	897	902	904
2021-07-16T18:37:19	901	898	902	904
2021-07-16T18:37:49	900	898	903	904
2021-07-16T18:38:19	899	898	903	904
2021-07-16T18:38:49	899	897	902	904
2021-07-16T18:39:19	899	898	903	904
2021-07-16T18:39:49	901	899	903	903
2021-07-16T18:40:19	899	898	902	904
2021-07-16T18:40:49	899	898	902	904
2021-07-16T18:41:19	901	899	903	903
2021-07-16T18:41:49	900	898	902	904
2021-07-16T18:42:19	900	898	902	904
2021-07-16T18:42:49	901	899	903	905
2021-07-16T18:43:19	899	900	904	903
2021-07-16T18:43:49	899	898	902	904
2021-07-16T18:44:19	900	900	903	904
2021-07-16T18:44:49	899	898	902	904
2021-07-16T18:45:19	900	899	902	904
2021-07-16T18:45:49	901	900	903	904
2021-07-16T18:46:19	899	898	902	904
2021-07-16T18:46:49	900	900	903	904
2021-07-16T18:47:19	899	900	903	905
2021-07-16T18:47:49	900	899	902	904
2021-07-16T18:48:19	900	900	903	904
2021-07-16T18:48:49	899	899	902	904
2021-07-16T18:49:19	900	900	902	904
2021-07-16T18:49:49	899	900	903	904
2021-07-16T18:50:19	900	899	902	904
2021-07-16T18:50:49	899	900	903	904
2021-07-16T18:51:19	900	899	901	904
2021-07-16T18:51:49	899	901	903	904
2021-07-16T18:52:19	901	899	902	904
2021-07-16T18:52:49	899	900	903	904
2021-07-16T18:53:19	901	899	901	904
2021-07-16T18:53:49	899	900	903	904
2021-07-16T18:54:19	901	899	902	904
2021-07-16T18:54:49	899	900	902	904
2021-07-16T18:55:19	901	899	902	904
2021-07-16T18:55:49	899	900	902	905
2021-07-16T18:56:19	901	900	903	904
2021-07-16T18:56:49	899	900	902	905
2021-07-16T18:57:19	901	900	902	904
2021-07-16T18:57:49	899	901	903	905
2021-07-16T18:58:19	901	899	902	904
2021-07-16T18:58:49	900	900	903	905
2021-07-16T18:59:19	901	899	902	904
2021-07-16T18:59:49	899	900	903	905
2021-07-16T19:00:19	901	901	903	904
2021-07-16T19:00:49	900	900	902	904
2021-07-16T19:01:19	898	900	902	904
2021-07-16T19:01:49	900	901	903	904
2021-07-16T19:02:19	900	900	902	904
2021-07-16T19:02:49	899	900	903	904
2021-07-16T19:03:19	900	900	902	904
2021-07-16T19:03:49	900	899	902	904
2021-07-16T19:04:19	900	900	902	904
2021-07-16T19:04:49	900	899	902	904
2021-07-16T19:05:19	899	900	903	905
2021-07-16T19:05:49	900	900	902	905
2021-07-16T19:06:19	899	900	903	904
2021-07-16T19:06:49	900	900	902	905
2021-07-16T19:07:19	899	901	903	905
2021-07-16T19:07:49	901	900	902	905
2021-07-16T19:08:19	900	901	903	905
2021-07-16T19:08:49	901	900	903	905
2021-07-16T19:09:19	900	899	902	905
2021-07-16T19:09:49	899	900	902	905
2021-07-16T19:10:19	900	900	903	905
2021-07-16T19:10:49	899	900	902	905
2021-07-16T19:11:19	901	899	902	905
2021-07-16T19:11:49	899	900	903	905
2021-07-16T19:12:19	901	900	903	905
2021-07-16T19:12:49	899	900	903	905
2021-07-16T19:13:19	901	901	904	905
2021-07-16T19:13:49	900	900	902	905
2021-07-16T19:14:19	901	901	903	905
2021-07-16T19:14:49	899	899	902	905
2021-07-16T19:15:19	899	901	903	905
2021-07-16T19:15:49	901	899	902	905
2021-07-16T19:16:19	899	901	903	905
2021-07-16T19:16:49	901	900	902	905
2021-07-16T19:17:19	900	902	904	905
2021-07-16T19:17:49	900	900	902	905
2021-07-16T19:18:19	900	901	903	905
2021-07-16T19:18:49	899	901	902	905
2021-07-16T19:19:19	901	901	903	905
2021-07-16T19:19:49	899	900	902	909
2021-07-16T19:20:19	901	901	902	905
2021-07-16T19:20:49	899	900	902	905
2021-07-16T19:21:19	901	900	902	904
2021-07-16T19:21:49	900	901	903	905
2021-07-16T19:22:19	901	900	902	905
2021-07-16T19:22:49	900	901	903	904
2021-07-16T19:23:19	899	900	902	905
2021-07-16T19:23:49	900	900	902	905
2021-07-16T19:24:19	899	901	903	905
2021-07-16T19:24:49	901	900	902	905
2021-07-16T19:25:19	899	901	903	905
2021-07-16T19:25:49	901	900	902	905
2021-07-16T19:26:19	899	901	903	904
2021-07-16T19:26:49	901	901	903	905
2021-07-16T19:27:19	900	900	902	905
2021-07-16T19:27:49	899	901	904	905
2021-07-16T19:28:19	901	900	902	905
2021-07-16T19:28:49	899	900	902	904
2021-07-16T19:29:19	901	900	903	904
2021-07-16T19:29:49	899	900	902	905
2021-07-16T19:30:19	901	900	902	905
2021-07-16T19:30:49	900	900	903	905
2021-07-16T19:31:19	900	900	903	905
2021-07-16T19:31:49	900	900	902	905
2021-07-16T19:32:19	899	901	904	905
2021-07-16T19:32:49	901	900	902	905
2021-07-16T19:33:19	899	900	903	905
2021-07-16T19:33:49	897	899	901	905
2021-07-16T19:34:19	896	898	900	903
2021-07-16T19:34:49	895	896	898	902
2021-07-16T19:35:19	894	895	898	901
2021-07-16T19:35:49	893	894	897	900
2021-07-16T19:36:19	892	893	896	899
2021-07-16T19:36:49	891	892	895	897
2021-07-16T19:37:19	891	892	894	898
2021-07-16T19:37:49	837	864	881	895
2021-07-16T19:38:19	751	748	830	876
2021-07-16T19:38:49	659	687	744	851
2021-07-16T19:39:19	572	585	664	782
2021-07-16T19:39:49	498	500	602	712
2021-07-16T19:40:19	458	455	572	658
2021-07-16T19:40:49	429	431	551	618
2021-07-16T19:41:19	406	406	530	596
2021-07-16T19:41:49	393	389	505	569
2021-07-16T19:42:19	374	373	484	544
2021-07-16T19:42:49	354	356	465	529
