time	T1	T2	T3	T4
2021-10-01T17:53:29	27	29	30	25
2021-10-01T17:53:59	28	30	31	25
2021-10-01T17:54:29	29	31	31	26
2021-10-01T17:54:59	29	31	31	26
2021-10-01T17:55:29	31	33	35	26
2021-10-01T17:55:59	33	35	36	27
2021-10-01T17:56:29	33	36	36	28
2021-10-01T17:56:59	33	37	37	29
2021-10-01T17:57:29	34	37	36	30
2021-10-01T17:57:59	35	38	39	30
2021-10-01T17:58:29	36	40	41	31
2021-10-01T17:58:59	37	41	41	32
2021-10-01T17:59:29	37	41	41	32
2021-10-01T17:59:59	39	41	43	33
2021-10-01T18:00:29	44	44	46	34
2021-10-01T18:00:59	45	45	46	36
2021-10-01T18:01:29	45	46	46	37
2021-10-01T18:01:59	45	46	45	37
2021-10-01T18:02:29	46	46	47	38
2021-10-01T18:02:59	47	48	50	39
2021-10-01T18:03:29	47	49	50	40
2021-10-01T18:03:59	47	49	49	41
2021-10-01T18:04:29	49	49	51	41
2021-10-01T18:04:59	53	52	55	42
2021-10-01T18:05:29	54	54	55	43
2021-10-01T18:05:59	54	54	54	44
2021-10-01T18:06:29	53	54	54	45
2021-10-01T18:06:59	54	54	56	45
2021-10-01T18:07:29	56	56	59	46
2021-10-01T18:07:59	55	57	58	47
2021-10-01T18:08:29	55	57	57	48
2021-10-01T18:08:59	56	58	61	48
2021-10-01T18:09:29	56	59	61	49
2021-10-01T18:09:59	60	60	61	51
2021-10-01T18:10:29	61	60	62	52
2021-10-01T18:10:59	64	63	66	52
2021-10-01T18:11:29	64	64	66	53
2021-10-01T18:11:59	63	64	65	54
2021-10-01T18:12:29	63	64	65	55
2021-10-01T18:12:59	66	67	70	56
2021-10-01T18:13:29	66	69	69	57
2021-10-01T18:13:59	66	69	69	57
2021-10-01T18:14:29	70	69	70	58
2021-10-01T18:14:59	72	70	73	59
2021-10-01T18:15:29	72	71	73	60
2021-10-01T18:15:59	71	71	72	61
2021-10-01T18:16:29	73	73	76	62
2021-10-01T18:16:59	75	75	76	63
2021-10-01T18:17:29	73	75	75	63
2021-10-01T18:17:59	74	77	78	64
2021-10-01T18:18:29	74	77	79	65
2021-10-01T18:18:59	77	77	78	66
2021-10-01T18:19:29	79	79	82	67
2021-10-01T18:19:59	81	81	83	68
2021-10-01T18:20:29	80	81	83	69
2021-10-01T18:20:59	80	81	82	69
2021-10-01T18:21:29	86	83	87	70
2021-10-01T18:21:59	86	85	88	71
2021-10-01T18:22:29	86	85	87	73
2021-10-01T18:22:59	85	85	85	74
2021-10-01T18:23:29	86	86	90	74
2021-10-01T18:23:59	87	88	91	75
2021-10-01T18:24:29	87	88	90	76
2021-10-01T18:24:59	87	89	90	77
2021-10-01T18:25:29	91	91	94	78
2021-10-01T18:25:59	93	92	94	79
2021-10-01T18:26:29	93	92	93	80
2021-10-01T18:26:59	94	93	97	80
2021-10-01T18:27:29	95	95	98	82
2021-10-01T18:27:59	95	96	98	83
2021-10-01T18:28:29	94	96	97	83
2021-10-01T18:28:59	98	97	101	84
2021-10-01T18:29:29	100	99	101	85
2021-10-01T18:29:59	99	99	99	86
2021-10-01T18:30:29	100	101	103	87
2021-10-01T18:30:59	101	102	104	88
2021-10-01T18:31:29	100	102	103	88
2021-10-01T18:31:59	103	103	106	89
2021-10-01T18:32:29	108	106	109	91
2021-10-01T18:32:59	108	106	108	91
2021-10-01T18:33:29	107	106	107	92
2021-10-01T18:33:59	108	107	109	93
2021-10-01T18:34:29	107	107	111	94
2021-10-01T18:34:59	108	109	111	95
2021-10-01T18:35:29	108	109	111	95
2021-10-01T18:35:59	110	111	113	96
2021-10-01T18:36:29	110	112	113	97
2021-10-01T18:36:59	112	113	116	98
2021-10-01T18:37:29	116	116	118	99
2021-10-01T18:37:59	116	116	116	100
2021-10-01T18:38:29	116	116	116	101
2021-10-01T18:38:59	117	117	120	102
2021-10-01T18:39:29	116	118	119	103
2021-10-01T18:39:59	117	118	122	103
2021-10-01T18:40:29	123	121	125	105
2021-10-01T18:40:59	123	122	124	105
2021-10-01T18:41:29	122	121	122	106
2021-10-01T18:41:59	123	123	126	107
2021-10-01T18:42:29	123	124	125	108
2021-10-01T18:42:59	123	124	127	109
2021-10-01T18:43:29	125	125	127	109
2021-10-01T18:43:59	127	126	128	110
2021-10-01T18:44:29	131	128	131	112
2021-10-01T18:44:59	130	129	130	112
2021-10-01T18:45:29	131	129	132	113
2021-10-01T18:45:59	130	130	131	114
2021-10-01T18:46:29	130	132	134	115
2021-10-01T18:46:59	130	132	134	116
2021-10-01T18:47:29	136	134	137	117
2021-10-01T18:47:59	136	135	136	119
2021-10-01T18:48:29	136	135	138	119
2021-10-01T18:48:59	138	137	141	120
2021-10-01T18:49:29	137	137	139	120
2021-10-01T18:49:59	137	138	141	121
2021-10-01T18:50:29	141	139	142	122
2021-10-01T18:50:59	142	140	141	123
2021-10-01T18:51:29	142	141	143	125
2021-10-01T18:51:59	143	143	145	126
2021-10-01T18:52:29	142	143	145	126
2021-10-01T18:52:59	143	144	147	127
2021-10-01T18:53:29	143	144	147	128
2021-10-01T18:53:59	148	146	148	129
2021-10-01T18:54:29	149	146	148	130
2021-10-01T18:54:59	150	148	151	131
2021-10-01T18:55:29	150	149	151	132
2021-10-01T18:55:59	150	149	150	133
2021-10-01T18:56:29	152	151	155	134
2021-10-01T18:56:59	152	152	154	135
2021-10-01T18:57:29	153	153	153	135
2021-10-01T18:57:59	155	154	157	136
2021-10-01T18:58:29	156	155	156	136
2021-10-01T18:58:59	155	156	159	138
2021-10-01T18:59:29	156	157	159	139
2021-10-01T18:59:59	158	158	161	139
2021-10-01T19:00:29	161	159	162	141
2021-10-01T19:00:59	160	159	161	141
2021-10-01T19:01:29	162	160	165	142
2021-10-01T19:01:59	162	162	165	143
2021-10-01T19:02:29	162	163	165	144
2021-10-01T19:02:59	163	164	165	145
2021-10-01T19:03:29	164	165	168	146
2021-10-01T19:03:59	164	167	169	147
2021-10-01T19:04:29	167	167	169	147
2021-10-01T19:04:59	170	168	170	148
2021-10-01T19:05:29	170	168	170	149
2021-10-01T19:05:59	172	170	172	150
2021-10-01T19:06:29	171	170	172	151
2021-10-01T19:06:59	172	171	175	152
2021-10-01T19:07:29	173	174	176	153
2021-10-01T19:07:59	172	173	174	154
2021-10-01T19:08:29	174	174	178	155
2021-10-01T19:08:59	177	176	177	156
2021-10-01T19:09:29	176	176	179	156
2021-10-01T19:09:59	177	178	181	157
2021-10-01T19:10:29	177	178	181	158
2021-10-01T19:10:59	179	179	181	159
2021-10-01T19:11:29	182	180	182	160
2021-10-01T19:11:59	183	181	184	161
2021-10-01T19:12:29	183	182	184	162
2021-10-01T19:12:59	184	184	186	163
2021-10-01T19:13:29	183	184	185	164
2021-10-01T19:13:59	185	185	188	165
2021-10-01T19:14:29	186	186	189	166
2021-10-01T19:14:59	187	188	190	166
2021-10-01T19:15:29	187	187	189	167
2021-10-01T19:15:59	188	190	192	168
2021-10-01T19:16:29	191	190	193	169
2021-10-01T19:16:59	192	191	193	170
2021-10-01T19:17:29	193	193	196	171
2021-10-01T19:17:59	191	193	194	172
2021-10-01T19:18:29	196	194	198	173
2021-10-01T19:18:59	197	195	196	174
2021-10-01T19:19:29	197	197	200	175
2021-10-01T19:19:59	196	197	198	175
2021-10-01T19:20:29	196	197	201	176
2021-10-01T19:20:59	200	198	201	177
2021-10-01T19:21:29	201	200	203	178
2021-10-01T19:21:59	201	200	202	179
2021-10-01T19:22:29	201	201	205	180
2021-10-01T19:22:59	201	202	204	181
2021-10-01T19:23:29	207	204	208	181
2021-10-01T19:23:59	208	205	207	183
2021-10-01T19:24:29	207	206	208	184
2021-10-01T19:24:59	207	206	210	184
2021-10-01T19:25:29	206	207	209	185
2021-10-01T19:25:59	210	209	212	186
2021-10-01T19:26:29	210	210	211	187
2021-10-01T19:26:59	211	211	213	188
2021-10-01T19:27:29	210	211	213	189
2021-10-01T19:27:59	215	213	217	190
2021-10-01T19:28:29	216	214	217	191
2021-10-01T19:28:59	215	214	215	192
2021-10-01T19:29:29	217	215	219	193
2021-10-01T19:29:59	216	217	218	194
2021-10-01T19:30:29	218	218	221	195
2021-10-01T19:30:59	219	219	221	196
2021-10-01T19:31:29	218	218	221	197
2021-10-01T19:31:59	220	221	224	197
2021-10-01T19:32:29	220	221	224	198
2021-10-01T19:32:59	223	222	227	199
2021-10-01T19:33:29	226	224	226	200
2021-10-01T19:33:59	225	224	225	201
2021-10-01T19:34:29	226	225	228	202
2021-10-01T19:34:59	225	226	229	203
2021-10-01T19:35:29	228	227	230	203
2021-10-01T19:35:59	230	228	231	205
2021-10-01T19:36:29	229	228	232	206
2021-10-01T19:36:59	231	229	234	207
2021-10-01T19:37:29	233	230	234	207
2021-10-01T19:37:59	233	231	235	208
2021-10-01T19:38:29	233	232	236	209
2021-10-01T19:38:59	236	233	236	210
2021-10-01T19:39:29	237	235	238	211
2021-10-01T19:39:59	237	235	238	212
2021-10-01T19:40:29	238	236	240	213
2021-10-01T19:40:59	239	237	240	214
2021-10-01T19:41:29	242	239	243	215
2021-10-01T19:41:59	241	239	242	216
2021-10-01T19:42:29	241	241	245	217
2021-10-01T19:42:59	241	242	244	217
2021-10-01T19:43:29	245	242	245	218
2021-10-01T19:43:59	248	244	247	219
2021-10-01T19:44:29	247	244	247	220
2021-10-01T19:44:59	247	246	249	221
2021-10-01T19:45:29	246	246	250	222
2021-10-01T19:45:59	247	248	251	223
2021-10-01T19:46:29	246	248	251	224
2021-10-01T19:46:59	252	250	252	225
2021-10-01T19:47:29	253	250	254	226
2021-10-01T19:47:59	253	252	256	227
2021-10-01T19:48:29	252	252	254	228
2021-10-01T19:48:59	254	254	258	228
2021-10-01T19:49:29	255	255	257	229
2021-10-01T19:49:59	254	255	257	230
2021-10-01T19:50:29	258	257	261	231
2021-10-01T19:50:59	258	257	260	232
2021-10-01T19:51:29	258	258	262	233
2021-10-01T19:51:59	259	259	263	234
2021-10-01T19:52:29	264	261	264	235
2021-10-01T19:52:59	263	260	263	236
2021-10-01T19:53:29	263	262	266	237
2021-10-01T19:53:59	263	263	266	238
2021-10-01T19:54:29	266	264	268	238
2021-10-01T19:54:59	265	264	266	239
2021-10-01T19:55:29	268	266	271	240
2021-10-01T19:55:59	269	266	269	241
2021-10-01T19:56:29	269	268	272	242
2021-10-01T19:56:59	268	268	272	243
2021-10-01T19:57:29	272	270	274	244
2021-10-01T19:57:59	271	270	275	245
2021-10-01T19:58:29	271	272	275	246
2021-10-01T19:58:59	274	272	275	246
2021-10-01T19:59:29	276	274	278	248
2021-10-01T19:59:59	275	274	277	248
2021-10-01T20:00:29	278	276	281	249
2021-10-01T20:00:59	278	276	279	251
2021-10-01T20:01:29	279	277	282	252
2021-10-01T20:01:59	278	278	280	252
2021-10-01T20:02:29	283	280	285	253
2021-10-01T20:02:59	283	281	284	255
2021-10-01T20:03:29	283	281	285	256
2021-10-01T20:03:59	282	282	285	256
2021-10-01T20:04:29	285	283	287	257
2021-10-01T20:04:59	286	284	288	258
2021-10-01T20:05:29	286	285	289	259
2021-10-01T20:05:59	288	286	290	260
2021-10-01T20:06:29	289	286	292	261
2021-10-01T20:06:59	288	287	293	262
2021-10-01T20:07:29	292	288	292	263
2021-10-01T20:07:59	292	289	294	263
2021-10-01T20:08:29	292	290	294	265
2021-10-01T20:08:59	293	291	297	265
2021-10-01T20:09:29	295	293	297	266
2021-10-01T20:09:59	297	293	298	267
2021-10-01T20:10:29	296	294	298	268
2021-10-01T20:10:59	298	294	299	269
2021-10-01T20:11:29	300	296	301	271
2021-10-01T20:11:59	299	297	302	271
2021-10-01T20:12:29	299	297	302	272
2021-10-01T20:12:59	303	299	305	273
2021-10-01T20:13:29	301	298	303	274
2021-10-01T20:13:59	304	300	306	275
2021-10-01T20:14:29	304	300	306	276
2021-10-01T20:14:59	304	302	307	277
2021-10-01T20:15:29	307	302	309	278
2021-10-01T20:15:59	306	304	309	280
2021-10-01T20:16:29	309	305	312	280
2021-10-01T20:16:59	309	305	310	281
2021-10-01T20:17:29	309	306	312	282
2021-10-01T20:17:59	312	306	313	283
2021-10-01T20:18:29	312	308	315	283
2021-10-01T20:18:59	311	309	315	284
2021-10-01T20:19:29	316	310	316	285
2021-10-01T20:19:59	315	312	318	287
2021-10-01T20:20:29	315	312	318	287
2021-10-01T20:20:59	318	314	321	289
2021-10-01T20:21:29	317	314	319	289
2021-10-01T20:21:59	319	315	321	291
2021-10-01T20:22:29	322	315	321	292
2021-10-01T20:22:59	321	317	324	293
2021-10-01T20:23:29	320	317	325	293
2021-10-01T20:23:59	325	319	325	294
2021-10-01T20:24:29	324	320	328	295
2021-10-01T20:24:59	323	321	327	296
2021-10-01T20:25:29	326	322	329	298
2021-10-01T20:25:59	325	322	329	298
2021-10-01T20:26:29	329	324	330	299
2021-10-01T20:26:59	328	324	331	300
2021-10-01T20:27:29	329	325	330	301
2021-10-01T20:27:59	331	327	334	301
2021-10-01T20:28:29	330	326	333	303
2021-10-01T20:28:59	334	328	336	303
2021-10-01T20:29:29	333	328	334	304
2021-10-01T20:29:59	334	331	338	306
2021-10-01T20:30:29	336	330	337	306
2021-10-01T20:30:59	337	331	339	308
2021-10-01T20:31:29	337	332	340	308
2021-10-01T20:31:59	338	333	341	310
2021-10-01T20:32:29	340	334	341	311
2021-10-01T20:32:59	340	335	344	312
2021-10-01T20:33:29	341	335	343	312
2021-10-01T20:33:59	343	337	346	313
2021-10-01T20:34:29	344	338	346	314
2021-10-01T20:34:59	344	339	345	314
2021-10-01T20:35:29	347	341	349	317
2021-10-01T20:35:59	346	340	348	318
2021-10-01T20:36:29	348	343	351	318
2021-10-01T20:36:59	346	342	349	319
2021-10-01T20:37:29	351	344	353	320
2021-10-01T20:37:59	350	345	351	322
2021-10-01T20:38:29	350	346	354	322
2021-10-01T20:39:00	354	346	354	323
2021-10-01T20:39:30	354	347	355	324
2021-10-01T20:40:00	354	348	357	325
2021-10-01T20:40:30	355	349	356	326
2021-10-01T20:41:00	359	350	359	327
2021-10-01T20:41:30	358	351	359	328
2021-10-01T20:42:00	358	352	362	329
2021-10-01T20:42:30	358	352	361	330
2021-10-01T20:43:00	362	354	364	331
2021-10-01T20:43:30	361	355	362	332
2021-10-01T20:44:00	363	356	366	333
2021-10-01T20:44:30	363	357	365	334
2021-10-01T20:45:00	362	358	367	335
2021-10-01T20:45:30	366	359	368	336
2021-10-01T20:46:00	366	360	368	337
2021-10-01T20:46:30	367	361	369	337
2021-10-01T20:47:00	368	362	370	339
2021-10-01T20:47:30	368	363	371	340
2021-10-01T20:48:00	371	363	373	341
2021-10-01T20:48:30	371	364	373	342
2021-10-01T20:49:00	372	365	374	343
2021-10-01T20:49:30	373	366	377	344
2021-10-01T20:50:00	372	367	376	345
2021-10-01T20:50:30	375	368	377	346
2021-10-01T20:51:00	377	369	380	346
2021-10-01T20:51:30	376	370	379	348
2021-10-01T20:52:00	378	371	381	349
2021-10-01T20:52:30	380	372	380	350
2021-10-01T20:53:00	379	373	382	351
2021-10-01T20:53:30	381	373	383	352
2021-10-01T20:54:00	382	374	385	353
2021-10-01T20:54:30	383	375	386	354
2021-10-01T20:55:00	383	376	385	354
2021-10-01T20:55:30	386	377	387	355
2021-10-01T20:56:00	386	378	387	356
2021-10-01T20:56:30	387	379	390	357
2021-10-01T20:57:00	388	379	390	358
2021-10-01T20:57:30	389	381	390	359
2021-10-01T20:58:00	390	382	392	360
2021-10-01T20:58:30	390	382	392	361
2021-10-01T20:59:00	391	384	395	362
2021-10-01T20:59:30	392	384	394	363
2021-10-01T21:00:00	392	385	396	364
2021-10-01T21:00:30	395	386	397	365
2021-10-01T21:01:00	394	387	398	366
2021-10-01T21:01:30	397	388	399	367
2021-10-01T21:02:00	398	389	401	368
2021-10-01T21:02:30	398	390	400	369
2021-10-01T21:03:00	400	391	403	370
2021-10-01T21:03:30	401	391	401	371
2021-10-01T21:04:00	402	392	405	372
2021-10-01T21:04:30	401	393	405	373
2021-10-01T21:05:00	404	395	406	374
2021-10-01T21:05:30	403	396	406	375
2021-10-01T21:06:00	406	396	407	376
2021-10-01T21:06:30	405	397	408	377
2021-10-01T21:07:00	409	398	411	378
2021-10-01T21:07:30	407	399	410	379
2021-10-01T21:08:00	410	401	413	380
2021-10-01T21:08:30	408	401	413	381
2021-10-01T21:09:00	412	402	414	382
2021-10-01T21:09:30	411	403	416	383
2021-10-01T21:10:00	414	403	415	384
2021-10-01T21:10:30	414	405	417	385
2021-10-01T21:11:00	417	406	418	386
2021-10-01T21:11:30	416	406	418	387
2021-10-01T21:12:00	416	408	421	388
2021-10-01T21:12:30	417	408	420	389
2021-10-01T21:13:00	420	410	424	390
2021-10-01T21:13:30	418	410	422	391
2021-10-01T21:14:00	421	411	423	392
2021-10-01T21:14:30	422	413	425	393
2021-10-01T21:15:00	425	413	427	394
2021-10-01T21:15:30	422	414	425	395
2021-10-01T21:16:00	425	415	428	396
2021-10-01T21:16:30	425	416	428	397
2021-10-01T21:17:00	427	417	429	398
2021-10-01T21:17:30	427	418	430	399
2021-10-01T21:18:00	429	419	433	400
2021-10-01T21:18:30	431	420	434	401
2021-10-01T21:19:00	432	421	433	402
2021-10-01T21:19:30	434	422	433	403
2021-10-01T21:20:00	435	423	435	404
2021-10-01T21:20:30	433	423	437	405
2021-10-01T21:21:00	435	425	438	406
2021-10-01T21:21:30	436	425	438	407
2021-10-01T21:22:00	435	427	439	408
2021-10-01T21:22:30	437	428	440	409
2021-10-01T21:23:00	441	429	443	410
2021-10-01T21:23:30	439	430	442	411
2021-10-01T21:24:00	440	431	443	412
2021-10-01T21:24:30	440	432	444	413
2021-10-01T21:25:00	443	432	444	414
2021-10-01T21:25:30	443	433	446	415
2021-10-01T21:26:00	443	434	446	416
2021-10-01T21:26:30	446	436	447	417
2021-10-01T21:27:00	448	437	449	418
2021-10-01T21:27:30	447	437	448	419
2021-10-01T21:28:00	450	438	451	420
2021-10-01T21:28:30	449	439	453	422
2021-10-01T21:29:00	450	440	452	422
2021-10-01T21:29:30	451	441	453	423
2021-10-01T21:30:00	451	442	454	424
2021-10-01T21:30:30	453	443	456	425
2021-10-01T21:31:00	455	444	457	427
2021-10-01T21:31:30	455	444	457	427
2021-10-01T21:32:00	456	446	459	428
2021-10-01T21:32:30	459	447	461	429
2021-10-01T21:33:00	458	448	460	430
2021-10-01T21:33:30	458	449	462	431
2021-10-01T21:34:00	460	449	461	432
2021-10-01T21:34:30	461	451	464	433
2021-10-01T21:35:00	463	452	465	434
2021-10-01T21:35:30	463	453	465	435
2021-10-01T21:36:00	464	454	466	436
2021-10-01T21:36:30	463	455	468	437
2021-10-01T21:37:00	468	456	469	438
2021-10-01T21:37:30	466	456	470	439
2021-10-01T21:38:00	468	457	472	440
2021-10-01T21:38:30	469	459	472	441
2021-10-01T21:39:00	469	460	474	443
2021-10-01T21:39:30	470	460	473	443
2021-10-01T21:40:00	472	462	475	444
2021-10-01T21:40:30	474	462	477	445
2021-10-01T21:41:00	473	463	477	447
2021-10-01T21:41:30	475	464	477	447
2021-10-01T21:42:00	476	465	479	448
2021-10-01T21:42:30	478	465	479	449
2021-10-01T21:43:00	477	466	481	450
2021-10-01T21:43:30	480	467	482	451
2021-10-01T21:44:00	478	468	483	452
2021-10-01T21:44:30	482	469	483	453
2021-10-01T21:45:00	481	470	485	455
2021-10-01T21:45:30	484	471	486	455
2021-10-01T21:46:00	483	471	487	456
2021-10-01T21:46:30	486	473	488	457
2021-10-01T21:47:00	485	473	489	458
2021-10-01T21:47:30	486	474	489	459
2021-10-01T21:48:00	488	476	492	461
2021-10-01T21:48:30	490	477	491	462
2021-10-01T21:49:00	489	478	491	463
2021-10-01T21:49:30	492	479	494	464
2021-10-01T21:50:00	492	479	495	465
2021-10-01T21:50:30	492	482	496	465
2021-10-01T21:51:00	495	483	498	466
2021-10-01T21:51:30	494	483	497	467
2021-10-01T21:52:00	497	484	498	469
2021-10-01T21:52:30	496	485	500	469
2021-10-01T21:53:00	497	485	500	470
2021-10-01T21:53:30	498	487	502	472
2021-10-01T21:54:00	500	488	502	473
2021-10-01T21:54:30	499	489	503	473
2021-10-01T21:55:00	503	489	506	475
2021-10-01T21:55:30	501	490	504	477
2021-10-01T21:56:00	503	491	505	477
2021-10-01T21:56:30	504	493	509	478
2021-10-01T21:57:00	505	493	508	478
2021-10-01T21:57:30	508	495	508	479
2021-10-01T21:58:00	506	497	509	481
2021-10-01T21:58:30	509	498	511	482
2021-10-01T21:59:00	508	498	512	483
2021-10-01T21:59:30	509	499	512	484
2021-10-01T22:00:00	512	500	513	486
2021-10-01T22:00:30	514	501	515	486
2021-10-01T22:01:00	514	502	515	486
2021-10-01T22:01:30	515	503	516	489
2021-10-01T22:02:00	516	504	518	490
2021-10-01T22:02:30	515	505	519	491
2021-10-01T22:03:00	516	506	520	491
2021-10-01T22:03:30	517	508	521	492
2021-10-01T22:04:00	518	509	522	494
2021-10-01T22:04:30	521	510	523	495
2021-10-01T22:05:00	521	510	525	496
2021-10-01T22:05:30	521	511	523	496
2021-10-01T22:06:00	523	513	525	498
2021-10-01T22:06:30	525	513	528	499
2021-10-01T22:07:00	526	513	527	500
2021-10-01T22:07:30	526	513	527	501
2021-10-01T22:08:00	528	513	529	502
2021-10-01T22:08:30	528	514	530	503
2021-10-01T22:09:00	530	515	531	504
2021-10-01T22:09:30	529	515	531	505
2021-10-01T22:10:00	531	516	534	506
2021-10-01T22:10:30	533	516	535	507
2021-10-01T22:11:00	533	517	534	508
2021-10-01T22:11:30	535	518	537	509
2021-10-01T22:12:00	535	519	538	510
2021-10-01T22:12:30	536	520	539	512
2021-10-01T22:13:00	536	520	539	512
2021-10-01T22:13:30	539	521	541	513
2021-10-01T22:14:00	538	521	541	514
2021-10-01T22:14:30	538	522	542	515
2021-10-01T22:15:00	541	523	542	516
2021-10-01T22:15:30	542	524	544	517
2021-10-01T22:16:00	543	525	545	518
2021-10-01T22:16:30	542	525	546	520
2021-10-01T22:17:00	546	527	548	519
2021-10-01T22:17:30	547	528	550	521
2021-10-01T22:18:00	545	528	550	523
2021-10-01T22:18:30	549	529	551	523
2021-10-01T22:19:00	549	530	552	525
2021-10-01T22:19:30	549	531	552	525
2021-10-01T22:20:00	551	532	552	527
2021-10-01T22:20:30	550	533	554	528
2021-10-01T22:21:00	551	533	557	529
2021-10-01T22:21:30	555	534	557	530
2021-10-01T22:22:00	554	535	557	531
2021-10-01T22:22:30	554	536	559	532
2021-10-01T22:23:00	557	537	560	532
2021-10-01T22:23:30	558	538	561	534
2021-10-01T22:24:00	558	539	562	535
2021-10-01T22:24:30	560	540	563	536
2021-10-01T22:25:00	560	540	564	537
2021-10-01T22:25:30	561	541	563	537
2021-10-01T22:26:00	562	542	564	538
2021-10-01T22:26:30	563	543	565	539
2021-10-01T22:27:00	565	544	566	541
2021-10-01T22:27:30	566	545	568	542
2021-10-01T22:28:00	566	546	570	543
2021-10-01T22:28:30	568	547	571	544
2021-10-01T22:29:00	567	547	569	545
2021-10-01T22:29:30	569	548	571	546
2021-10-01T22:30:00	571	550	574	547
2021-10-01T22:30:30	570	550	573	548
2021-10-01T22:31:00	571	551	574	548
2021-10-01T22:31:30	572	553	576	549
2021-10-01T22:32:00	573	554	576	551
2021-10-01T22:32:30	574	554	576	552
2021-10-01T22:33:00	576	555	578	552
2021-10-01T22:33:30	578	556	580	555
2021-10-01T22:34:00	579	558	582	556
2021-10-01T22:34:30	579	558	581	556
2021-10-01T22:35:00	579	559	581	557
2021-10-01T22:35:30	580	560	584	559
2021-10-01T22:36:00	582	561	584	560
2021-10-01T22:36:30	583	562	586	561
2021-10-01T22:37:00	586	564	586	562
2021-10-01T22:37:30	584	564	589	563
2021-10-01T22:38:00	586	565	587	564
2021-10-01T22:38:30	586	566	589	565
2021-10-01T22:39:00	588	567	590	566
2021-10-01T22:39:30	589	568	591	567
2021-10-01T22:40:00	590	569	591	568
2021-10-01T22:40:30	591	570	594	569
2021-10-01T22:41:00	591	571	594	570
2021-10-01T22:41:30	593	571	595	571
2021-10-01T22:42:00	594	572	595	572
2021-10-01T22:42:30	594	574	597	573
2021-10-01T22:43:00	596	575	598	575
2021-10-01T22:43:30	596	576	599	576
2021-10-01T22:44:00	597	577	599	576
2021-10-01T22:44:30	598	578	602	578
2021-10-01T22:45:00	600	579	602	579
2021-10-01T22:45:30	601	579	604	580
2021-10-01T22:46:00	601	581	605	581
2021-10-01T22:46:30	602	581	604	582
2021-10-01T22:47:00	604	582	605	583
2021-10-01T22:47:30	605	584	608	584
2021-10-01T22:48:00	605	584	609	585
2021-10-01T22:48:30	607	585	609	586
2021-10-01T22:49:00	608	586	611	587
2021-10-01T22:49:30	609	588	610	588
2021-10-01T22:50:00	610	589	613	589
2021-10-01T22:50:30	611	590	614	590
2021-10-01T22:51:00	613	590	614	591
2021-10-01T22:51:30	612	592	616	592
2021-10-01T22:52:00	613	592	616	594
2021-10-01T22:52:30	613	594	616	595
2021-10-01T22:53:00	614	595	617	596
2021-10-01T22:53:30	617	596	619	597
2021-10-01T22:54:00	618	597	620	598
2021-10-01T22:54:30	619	598	622	599
2021-10-01T22:55:00	620	599	623	600
2021-10-01T22:55:30	620	600	624	601
2021-10-01T22:56:00	623	601	625	602
2021-10-01T22:56:30	623	602	626	603
2021-10-01T22:57:00	624	603	625	604
2021-10-01T22:57:30	625	604	626	605
2021-10-01T22:58:00	625	605	629	607
2021-10-01T22:58:30	627	605	629	607
2021-10-01T22:59:00	628	607	631	609
2021-10-01T22:59:30	629	608	632	609
2021-10-01T23:00:00	630	609	631	610
2021-10-01T23:00:30	632	609	633	611
2021-10-01T23:01:00	632	610	633	613
2021-10-01T23:01:30	633	611	636	614
2021-10-01T23:02:00	633	612	636	615
2021-10-01T23:02:30	635	613	638	615
2021-10-01T23:03:00	636	614	636	617
2021-10-01T23:03:30	637	615	640	618
2021-10-01T23:04:00	637	616	639	619
2021-10-01T23:04:30	637	617	640	620
2021-10-01T23:05:00	638	618	642	621
2021-10-01T23:05:30	640	619	643	622
2021-10-01T23:06:00	642	620	642	623
2021-10-01T23:06:30	642	621	644	624
2021-10-01T23:07:00	642	622	646	625
2021-10-01T23:07:30	643	623	646	626
2021-10-01T23:08:00	645	624	647	627
2021-10-01T23:08:30	647	625	649	629
2021-10-01T23:09:00	646	626	650	629
2021-10-01T23:09:30	648	626	650	630
2021-10-01T23:10:00	647	628	651	631
2021-10-01T23:10:30	649	629	652	632
2021-10-01T23:11:00	651	630	653	634
2021-10-01T23:11:30	652	631	654	635
2021-10-01T23:12:00	652	631	654	635
2021-10-01T23:12:30	653	633	656	636
2021-10-01T23:13:00	655	634	656	638
2021-10-01T23:13:30	656	635	657	639
2021-10-01T23:14:00	656	636	659	640
2021-10-01T23:14:30	657	636	660	641
2021-10-01T23:15:00	658	637	660	642
2021-10-01T23:15:30	659	638	663	643
2021-10-01T23:16:00	661	640	663	644
2021-10-01T23:16:30	661	640	663	645
2021-10-01T23:17:00	663	642	666	646
2021-10-01T23:17:30	664	643	666	647
2021-10-01T23:18:00	665	644	667	648
2021-10-01T23:18:30	665	644	669	649
2021-10-01T23:19:00	667	646	668	650
2021-10-01T23:19:30	667	647	670	651
2021-10-01T23:20:00	668	648	670	653
2021-10-01T23:20:30	668	649	671	653
2021-10-01T23:21:00	671	650	673	654
2021-10-01T23:21:30	672	650	675	655
2021-10-01T23:22:00	674	652	675	656
2021-10-01T23:22:30	674	652	677	658
2021-10-01T23:23:00	674	653	676	659
2021-10-01T23:23:30	676	655	678	659
2021-10-01T23:24:00	676	656	679	660
2021-10-01T23:24:30	678	656	680	661
2021-10-01T23:25:00	679	658	682	663
2021-10-01T23:25:30	681	659	683	664
2021-10-01T23:26:00	680	660	683	664
2021-10-01T23:26:30	682	660	685	665
2021-10-01T23:27:00	683	661	686	667
2021-10-01T23:27:30	684	662	686	668
2021-10-01T23:28:00	685	663	687	669
2021-10-01T23:28:30	687	664	689	670
2021-10-01T23:29:00	687	666	689	671
2021-10-01T23:29:30	687	666	690	672
2021-10-01T23:30:00	688	667	691	673
2021-10-01T23:30:30	690	668	692	674
2021-10-01T23:31:00	691	669	693	675
2021-10-01T23:31:30	692	670	694	676
2021-10-01T23:32:00	693	671	696	677
2021-10-01T23:32:30	695	672	697	678
2021-10-01T23:33:00	695	672	696	679
2021-10-01T23:33:30	697	675	698	680
2021-10-01T23:34:00	697	675	699	681
2021-10-01T23:34:30	698	677	700	682
2021-10-01T23:35:00	699	677	701	683
2021-10-01T23:35:30	699	678	701	684
2021-10-01T23:36:00	699	678	702	685
2021-10-01T23:36:30	702	680	704	686
2021-10-01T23:37:00	702	681	705	686
2021-10-01T23:37:30	704	681	704	687
2021-10-01T23:38:00	704	682	706	689
2021-10-01T23:38:30	705	684	708	690
2021-10-01T23:39:00	706	685	708	691
2021-10-01T23:39:30	708	685	709	691
2021-10-01T23:40:00	708	686	709	693
2021-10-01T23:40:30	709	688	712	694
2021-10-01T23:41:00	712	689	711	695
2021-10-01T23:41:30	709	690	713	696
2021-10-01T23:42:00	711	690	714	697
2021-10-01T23:42:30	713	692	714	698
2021-10-01T23:43:00	713	692	715	699
2021-10-01T23:43:30	713	693	717	700
2021-10-01T23:44:00	716	694	717	700
2021-10-01T23:44:30	716	695	720	702
2021-10-01T23:45:00	716	696	719	703
2021-10-01T23:45:30	718	697	722	703
2021-10-01T23:46:00	719	698	720	705
2021-10-01T23:46:30	720	699	724	706
2021-10-01T23:47:00	720	700	724	706
2021-10-01T23:47:30	721	700	724	707
2021-10-01T23:48:00	723	702	725	709
2021-10-01T23:48:30	724	703	727	709
2021-10-01T23:49:00	725	704	729	711
2021-10-01T23:49:30	727	705	728	712
2021-10-01T23:50:00	727	706	730	713
2021-10-01T23:50:30	728	706	730	713
2021-10-01T23:51:00	729	707	731	715
2021-10-01T23:51:30	730	709	733	715
2021-10-01T23:52:00	731	710	735	717
2021-10-01T23:52:30	733	711	735	718
2021-10-01T23:53:00	734	712	737	719
2021-10-01T23:53:30	733	713	736	720
2021-10-01T23:54:00	736	713	738	722
2021-10-01T23:54:30	736	715	739	722
2021-10-01T23:55:00	736	715	739	723
2021-10-01T23:55:30	739	717	741	725
2021-10-01T23:56:00	738	718	742	725
2021-10-01T23:56:30	739	718	741	725
2021-10-01T23:57:00	741	719	744	726
2021-10-01T23:57:30	743	721	745	728
2021-10-01T23:58:00	744	722	745	729
2021-10-01T23:58:30	744	722	747	730
2021-10-01T23:59:00	746	723	746	732
2021-10-01T23:59:30	747	724	749	732
2021-10-02T00:00:00	746	725	749	733
2021-10-02T00:00:30	749	726	751	734
2021-10-02T00:01:00	750	728	752	735
2021-10-02T00:01:30	750	728	753	736
2021-10-02T00:02:00	751	730	753	737
2021-10-02T00:02:30	753	731	756	738
2021-10-02T00:03:00	754	731	755	739
2021-10-02T00:03:30	755	733	758	740
2021-10-02T00:04:00	756	733	757	741
2021-10-02T00:04:30	757	735	758	742
2021-10-02T00:05:00	759	736	760	743
2021-10-02T00:05:30	758	736	760	744
2021-10-02T00:06:00	759	737	762	746
2021-10-02T00:06:30	761	739	763	747
2021-10-02T00:07:00	762	739	763	747
2021-10-02T00:07:30	762	740	766	749
2021-10-02T00:08:00	764	741	765	750
2021-10-02T00:08:30	765	744	767	751
2021-10-02T00:09:00	763	743	766	751
2021-10-02T00:09:30	766	745	770	752
2021-10-02T00:10:00	768	745	769	753
2021-10-02T00:10:30	769	747	770	754
2021-10-02T00:11:00	767	748	771	755
2021-10-02T00:11:30	769	749	773	756
2021-10-02T00:12:00	772	750	772	758
2021-10-02T00:12:30	771	751	775	758
2021-10-02T00:13:00	771	752	774	759
2021-10-02T00:13:30	774	754	777	759
2021-10-02T00:14:00	774	754	776	760
2021-10-02T00:14:30	775	755	778	761
2021-10-02T00:15:00	777	757	779	764
2021-10-02T00:15:30	777	758	780	763
2021-10-02T00:16:00	777	758	780	764
2021-10-02T00:16:30	779	760	783	766
2021-10-02T00:17:00	780	760	782	767
2021-10-02T00:17:30	783	761	784	767
2021-10-02T00:18:00	782	762	786	769
2021-10-02T00:18:30	782	763	785	770
2021-10-02T00:19:00	784	764	787	770
2021-10-02T00:19:30	784	765	787	771
2021-10-02T00:20:00	785	766	789	772
2021-10-02T00:20:30	787	768	791	773
2021-10-02T00:21:00	788	769	790	774
2021-10-02T00:21:30	789	769	791	775
2021-10-02T00:22:00	790	770	793	776
2021-10-02T00:22:30	790	770	792	777
2021-10-02T00:23:00	793	771	794	777
2021-10-02T00:23:30	792	773	796	779
2021-10-02T00:24:00	794	774	796	779
2021-10-02T00:24:30	795	774	798	780
2021-10-02T00:25:00	795	775	799	782
2021-10-02T00:25:30	797	777	800	783
2021-10-02T00:26:00	798	777	800	784
2021-10-02T00:26:30	798	778	802	785
2021-10-02T00:27:00	799	779	803	786
2021-10-02T00:27:30	801	780	803	786
2021-10-02T00:28:00	803	780	804	787
2021-10-02T00:28:30	803	782	806	788
2021-10-02T00:29:00	805	783	808	789
2021-10-02T00:29:30	805	783	807	790
2021-10-02T00:30:00	807	785	809	791
2021-10-02T00:30:30	808	786	810	792
2021-10-02T00:31:00	808	787	811	793
2021-10-02T00:31:30	810	787	811	794
2021-10-02T00:32:00	811	789	813	795
2021-10-02T00:32:30	812	790	814	796
2021-10-02T00:33:00	813	790	815	797
2021-10-02T00:33:30	814	791	815	799
2021-10-02T00:34:00	815	792	817	800
2021-10-02T00:34:30	814	793	818	800
2021-10-02T00:35:00	816	794	819	801
2021-10-02T00:35:30	817	795	820	803
2021-10-02T00:36:00	818	796	821	803
2021-10-02T00:36:30	818	797	821	805
2021-10-02T00:37:00	820	798	823	806
2021-10-02T00:37:30	821	799	824	807
2021-10-02T00:38:00	823	800	825	808
2021-10-02T00:38:30	822	800	826	809
2021-10-02T00:39:00	824	802	827	810
2021-10-02T00:39:30	825	802	828	811
2021-10-02T00:40:00	827	803	829	812
2021-10-02T00:40:30	826	804	829	814
2021-10-02T00:41:00	829	805	830	815
2021-10-02T00:41:30	829	806	831	816
2021-10-02T00:42:00	829	807	832	817
2021-10-02T00:42:30	831	808	834	818
2021-10-02T00:43:00	833	809	835	819
2021-10-02T00:43:30	833	810	835	820
2021-10-02T00:44:00	834	810	837	821
2021-10-02T00:44:30	834	811	837	822
2021-10-02T00:45:00	836	812	838	823
2021-10-02T00:45:30	836	813	839	824
2021-10-02T00:46:00	836	814	840	825
2021-10-02T00:46:30	839	815	841	826
2021-10-02T00:47:00	839	816	842	827
2021-10-02T00:47:30	841	817	843	829
2021-10-02T00:48:00	843	818	844	830
2021-10-02T00:48:30	844	819	846	830
2021-10-02T00:49:00	844	820	846	831
2021-10-02T00:49:30	843	821	847	832
2021-10-02T00:50:00	845	822	848	833
2021-10-02T00:50:30	846	823	849	834
2021-10-02T00:51:00	847	824	850	835
2021-10-02T00:51:30	847	825	851	837
2021-10-02T00:52:00	849	826	852	838
2021-10-02T00:52:30	850	827	853	839
2021-10-02T00:53:00	850	828	854	840
2021-10-02T00:53:30	852	829	855	841
2021-10-02T00:54:00	852	830	857	842
2021-10-02T00:54:30	853	831	857	843
2021-10-02T00:55:00	856	832	858	844
2021-10-02T00:55:30	855	833	859	845
2021-10-02T00:56:00	857	835	860	846
2021-10-02T00:56:30	859	836	861	847
2021-10-02T00:57:00	858	836	862	848
2021-10-02T00:57:30	859	838	863	849
2021-10-02T00:58:00	860	839	864	850
2021-10-02T00:58:30	861	839	864	851
2021-10-02T00:59:00	862	840	865	852
2021-10-02T00:59:30	864	841	867	853
2021-10-02T01:00:00	865	842	868	854
2021-10-02T01:00:30	865	843	869	855
2021-10-02T01:01:00	867	845	870	857
2021-10-02T01:01:30	868	846	871	857
2021-10-02T01:02:00	868	847	872	858
2021-10-02T01:02:30	871	848	873	859
2021-10-02T01:03:00	870	849	873	860
2021-10-02T01:03:30	871	850	875	861
2021-10-02T01:04:00	872	851	876	862
2021-10-02T01:04:30	875	852	877	863
2021-10-02T01:05:00	876	853	878	865
2021-10-02T01:05:30	877	854	879	865
2021-10-02T01:06:00	876	855	880	867
2021-10-02T01:06:30	879	857	881	868
2021-10-02T01:07:00	880	858	882	869
2021-10-02T01:07:30	880	859	883	870
2021-10-02T01:08:00	881	859	884	871
2021-10-02T01:08:30	883	861	885	872
2021-10-02T01:09:00	884	862	886	873
2021-10-02T01:09:30	883	863	887	874
2021-10-02T01:10:00	886	864	888	875
2021-10-02T01:10:30	886	865	889	877
2021-10-02T01:11:00	886	866	890	877
2021-10-02T01:11:30	889	868	891	879
2021-10-02T01:12:00	890	868	892	880
2021-10-02T01:12:30	891	870	893	880
2021-10-02T01:13:00	891	869	892	881
2021-10-02T01:13:30	892	870	894	882
2021-10-02T01:14:00	894	872	896	883
2021-10-02T01:14:30	895	873	897	885
2021-10-02T01:15:00	895	874	898	886
2021-10-02T01:15:30	897	876	899	887
2021-10-02T01:16:00	898	876	898	888
2021-10-02T01:16:30	898	876	900	889
2021-10-02T01:17:00	900	878	902	890
2021-10-02T01:17:30	899	878	902	891
2021-10-02T01:18:00	898	879	902	892
2021-10-02T01:18:30	899	879	901	892
2021-10-02T01:19:00	898	879	902	892
2021-10-02T01:19:30	900	879	901	893
2021-10-02T01:20:00	899	880	901	893
2021-10-02T01:20:30	900	880	901	893
2021-10-02T01:21:00	899	880	901	894
2021-10-02T01:21:30	898	881	902	894
2021-10-02T01:22:00	899	881	902	894
2021-10-02T01:22:30	898	881	901	894
2021-10-02T01:23:00	898	881	901	895
2021-10-02T01:23:30	898	882	901	895
2021-10-02T01:24:00	899	882	902	895
2021-10-02T01:24:30	900	883	903	895
2021-10-02T01:25:00	900	883	902	895
2021-10-02T01:25:30	900	883	903	896
2021-10-02T01:26:00	900	884	902	896
2021-10-02T01:26:30	899	884	903	896
2021-10-02T01:27:00	900	884	901	896
2021-10-02T01:27:30	900	884	902	896
2021-10-02T01:28:00	900	885	902	896
2021-10-02T01:28:30	898	885	901	897
2021-10-02T01:29:00	899	885	902	897
2021-10-02T01:29:30	898	885	902	897
2021-10-02T01:30:00	898	886	901	897
2021-10-02T01:30:30	899	887	901	897
2021-10-02T01:31:00	899	886	902	897
2021-10-02T01:31:30	899	887	901	898
2021-10-02T01:32:00	900	887	902	898
2021-10-02T01:32:30	899	887	901	897
2021-10-02T01:33:00	898	888	903	898
2021-10-02T01:33:30	899	888	902	897
2021-10-02T01:34:00	900	888	903	897
2021-10-02T01:34:30	901	889	902	897
2021-10-02T01:35:00	901	889	902	897
2021-10-02T01:35:30	899	889	902	897
2021-10-02T01:36:00	899	889	902	898
2021-10-02T01:36:30	900	890	903	898
2021-10-02T01:37:00	900	890	903	898
2021-10-02T01:37:30	899	891	903	898
2021-10-02T01:38:00	900	890	902	898
2021-10-02T01:38:30	900	891	902	898
2021-10-02T01:39:00	898	892	902	898
2021-10-02T01:39:30	900	892	903	898
2021-10-02T01:40:00	900	893	903	898
2021-10-02T01:40:30	899	893	902	898
2021-10-02T01:41:00	901	893	901	898
2021-10-02T01:41:30	899	893	901	898
2021-10-02T01:42:00	899	893	902	899
2021-10-02T01:42:30	899	894	902	899
2021-10-02T01:43:00	900	894	903	899
2021-10-02T01:43:30	901	894	903	899
2021-10-02T01:44:00	900	894	903	899
2021-10-02T01:44:30	898	894	903	899
2021-10-02T01:45:00	898	895	902	899
2021-10-02T01:45:30	900	895	902	899
2021-10-02T01:46:00	899	895	902	899
2021-10-02T01:46:30	900	895	902	899
2021-10-02T01:47:00	900	896	902	899
2021-10-02T01:47:30	900	896	903	900
2021-10-02T01:48:00	900	896	903	898
2021-10-02T01:48:30	900	896	903	899
2021-10-02T01:49:00	900	897	903	900
2021-10-02T01:49:30	900	897	901	900
2021-10-02T01:50:00	899	897	902	900
2021-10-02T01:50:30	899	897	902	900
2021-10-02T01:51:00	899	898	903	900
2021-10-02T01:51:30	901	898	903	900
2021-10-02T01:52:00	899	898	902	899
2021-10-02T01:52:30	900	897	902	900
2021-10-02T01:53:00	900	898	902	900
2021-10-02T01:53:30	901	898	903	899
2021-10-02T01:54:00	901	898	903	900
2021-10-02T01:54:30	899	898	902	901
2021-10-02T01:55:00	898	899	903	899
2021-10-02T01:55:30	900	899	903	900
2021-10-02T01:56:00	900	899	903	901
2021-10-02T01:56:30	899	899	902	900
2021-10-02T01:57:00	900	899	904	900
2021-10-02T01:57:30	900	899	903	900
2021-10-02T01:58:00	901	899	902	900
2021-10-02T01:58:30	900	899	903	900
2021-10-02T01:59:00	901	899	903	901
2021-10-02T01:59:30	900	899	903	900
2021-10-02T02:00:00	901	899	902	900
2021-10-02T02:00:30	900	899	903	900
2021-10-02T02:01:00	900	899	903	901
2021-10-02T02:01:30	899	899	902	900
2021-10-02T02:02:00	899	899	902	900
2021-10-02T02:02:30	900	899	902	901
2021-10-02T02:03:00	900	899	903	900
2021-10-02T02:03:30	900	899	902	899
2021-10-02T02:04:00	899	899	903	901
2021-10-02T02:04:30	901	899	903	900
2021-10-02T02:05:00	899	899	901	900
2021-10-02T02:05:30	900	899	903	900
2021-10-02T02:06:00	899	899	903	901
2021-10-02T02:06:30	901	899	903	900
2021-10-02T02:07:00	899	899	902	900
2021-10-02T02:07:30	899	900	903	900
2021-10-02T02:08:00	901	898	902	900
2021-10-02T02:08:30	899	900	902	900
2021-10-02T02:09:00	901	900	903	900
2021-10-02T02:09:30	899	899	903	900
2021-10-02T02:10:00	900	899	902	900
2021-10-02T02:10:30	899	900	903	900
2021-10-02T02:11:00	901	900	903	900
2021-10-02T02:11:30	899	899	903	900
2021-10-02T02:12:00	900	899	902	900
2021-10-02T02:12:30	899	899	903	900
2021-10-02T02:13:00	901	899	903	900
2021-10-02T02:13:30	899	899	903	900
2021-10-02T02:14:00	900	899	902	900
2021-10-02T02:14:30	900	899	902	900
2021-10-02T02:15:00	901	900	903	900
2021-10-02T02:15:30	899	899	902	900
2021-10-02T02:16:00	901	899	902	900
2021-10-02T02:16:30	899	899	902	901
2021-10-02T02:17:00	900	899	902	900
2021-10-02T02:17:30	899	899	903	900
2021-10-02T02:18:00	901	899	903	900
2021-10-02T02:18:30	899	899	903	900
2021-10-02T02:19:00	901	899	902	900
2021-10-02T02:19:30	900	900	903	900
2021-10-02T02:20:00	901	900	903	900
2021-10-02T02:20:30	899	899	903	900
2021-10-02T02:21:00	900	899	902	900
2021-10-02T02:21:30	900	899	903	901
2021-10-02T02:22:00	901	899	903	900
2021-10-02T02:22:30	899	899	902	900
2021-10-02T02:23:00	901	899	902	900
2021-10-02T02:23:30	899	899	901	901
2021-10-02T02:24:00	900	900	902	900
2021-10-02T02:24:30	899	899	903	901
2021-10-02T02:25:00	900	899	903	901
2021-10-02T02:25:30	899	899	903	901
2021-10-02T02:26:00	900	899	902	901
2021-10-02T02:26:30	899	899	903	901
2021-10-02T02:27:00	900	899	903	901
2021-10-02T02:27:30	901	899	903	901
2021-10-02T02:28:00	899	899	902	901
2021-10-02T02:28:30	901	899	901	901
2021-10-02T02:29:00	900	899	901	901
2021-10-02T02:29:30	899	899	902	901
2021-10-02T02:30:00	901	899	903	901
2021-10-02T02:30:30	899	899	902	901
2021-10-02T02:31:00	901	899	903	901
2021-10-02T02:31:30	900	899	902	901
2021-10-02T02:32:00	901	899	901	901
2021-10-02T02:32:30	899	899	902	901
2021-10-02T02:33:00	898	899	902	901
2021-10-02T02:33:30	902	899	904	901
2021-10-02T02:34:00	899	899	903	901
2021-10-02T02:34:30	902	899	902	901
2021-10-02T02:35:00	899	899	901	901
2021-10-02T02:35:30	901	899	903	901
2021-10-02T02:36:00	899	900	902	901
2021-10-02T02:36:30	901	900	901	901
2021-10-02T02:37:00	899	900	902	901
2021-10-02T02:37:30	900	899	902	901
2021-10-02T02:38:00	899	899	902	901
2021-10-02T02:38:30	901	900	903	901
2021-10-02T02:39:00	901	900	903	901
2021-10-02T02:39:30	900	899	903	901
2021-10-02T02:40:00	901	899	902	900
2021-10-02T02:40:30	900	899	902	900
2021-10-02T02:41:00	900	899	901	900
2021-10-02T02:41:30	900	899	902	900
2021-10-02T02:42:00	900	899	903	900
2021-10-02T02:42:30	899	899	903	900
2021-10-02T02:43:00	901	899	903	900
2021-10-02T02:43:30	901	899	902	900
2021-10-02T02:44:00	900	899	901	900
2021-10-02T02:44:30	900	899	901	900
2021-10-02T02:45:00	900	899	902	900
2021-10-02T02:45:30	900	899	902	900
2021-10-02T02:46:00	900	899	903	900
2021-10-02T02:46:30	899	899	902	900
2021-10-02T02:47:00	900	899	902	900
2021-10-02T02:47:30	899	899	902	900
2021-10-02T02:48:00	899	898	900	900
2021-10-02T02:48:30	897	896	899	899
2021-10-02T02:49:00	896	895	897	898
2021-10-02T02:49:30	895	894	895	897
2021-10-02T02:50:00	894	893	894	896
2021-10-02T02:50:30	883	892	893	895
2021-10-02T02:51:00	765	840	838	881
2021-10-02T02:51:30	687	746	757	845
2021-10-02T02:52:00	558	632	680	800
2021-10-02T02:52:30	504	564	601	726
2021-10-02T02:53:00	459	502	556	667
2021-10-02T02:53:30	426	462	525	621
2021-10-02T02:54:00	403	429	507	597
2021-10-02T02:54:30	379	414	490	568
2021-10-02T02:55:00	368	394	474	542
2021-10-02T02:55:30	354	376	455	518
2021-10-02T02:56:00	338	361	435	503
2021-10-02T02:56:30	328	352	428	481
2021-10-02T02:57:00	319	338	416	461
2021-10-02T02:57:30	309	324	402	448
2021-10-02T02:58:00	297	316	394	431
2021-10-02T02:58:30	291	304	382	416
2021-10-02T02:59:00	281	296	372	402
2021-10-02T02:59:30	271	288	362	393
2021-10-02T03:00:00	266	283	355	381
2021-10-02T03:00:30	261	278	350	369
2021-10-02T03:01:00	254	272	344	357
2021-10-02T03:01:30	248	265	333	351
2021-10-02T03:02:00	241	263	331	340
2021-10-02T03:02:30	239	256	323	330
2021-10-02T03:03:00	231	249	318	321
