time	T1	T2	T3	T4
2021-10-05T12:52:14	21	23	21	23
2021-10-05T12:52:44	21	23	21	23
2021-10-05T12:53:14	21	23	21	23
2021-10-05T12:53:44	21	23	21	22
2021-10-05T12:54:14	21	23	21	22
2021-10-05T12:54:44	21	23	21	22
2021-10-05T12:55:14	21	23	22	22
2021-10-05T12:55:44	21	22	22	22
2021-10-05T12:56:14	21	22	21	22
2021-10-05T12:56:44	21	22	22	22
2021-10-05T12:57:14	21	22	22	22
2021-10-05T12:57:44	21	21	22	21
2021-10-05T12:58:14	21	22	22	21
2021-10-05T12:58:44	21	21	21	21
2021-10-05T12:59:14	20	21	22	21
2021-10-05T12:59:44	20	21	21	21
2021-10-05T13:00:14	20	21	21	21
2021-10-05T13:00:44	20	21	22	21
2021-10-05T13:01:14	20	21	22	21
2021-10-05T13:01:44	20	21	22	21
2021-10-05T13:02:14	20	21	21	21
2021-10-05T13:02:44	20	21	21	20
2021-10-05T13:03:14	20	21	21	21
2021-10-05T13:03:44	20	21	21	21
2021-10-05T13:04:14	20	21	21	21
2021-10-05T13:04:44	20	21	21	21
2021-10-05T13:05:14	20	22	21	21
2021-10-05T13:05:44	20	21	21	21
2021-10-05T13:06:14	20	21	21	21
2021-10-05T13:06:44	20	22	21	21
2021-10-05T13:07:14	20	22	21	21
2021-10-05T13:07:44	20	22	21	21
2021-10-05T13:08:14	20	22	21	21
2021-10-05T13:08:44	20	21	21	21
2021-10-05T13:09:14	20	22	21	21
2021-10-05T13:09:44	20	21	21	20
2021-10-05T13:10:14	20	22	21	20
2021-10-05T13:10:44	20	21	21	20
2021-10-05T13:11:14	20	22	21	20
2021-10-05T13:11:44	20	22	21	20
2021-10-05T13:12:14	20	22	21	20
2021-10-05T13:12:44	20	22	21	20
2021-10-05T13:13:14	20	22	21	20
2021-10-05T13:13:44	20	22	21	20
2021-10-05T13:14:14	20	22	21	20
2021-10-05T13:14:44	20	22	21	20
2021-10-05T13:15:14	20	22	21	20
2021-10-05T13:15:44	20	22	21	20
2021-10-05T13:16:14	20	22	21	20
2021-10-05T13:16:44	20	22	21	20
2021-10-05T13:17:14	20	22	21	20
2021-10-05T13:17:44	20	22	21	20
2021-10-05T13:18:14	20	22	21	20
2021-10-05T13:18:44	20	22	21	20
2021-10-05T13:19:14	21	22	21	20
2021-10-05T13:19:44	20	22	21	20
2021-10-05T13:20:14	20	22	21	20
2021-10-05T13:20:44	21	22	21	20
2021-10-05T13:21:14	21	22	21	20
2021-10-05T13:21:44	20	22	21	20
2021-10-05T13:22:14	21	22	21	20
2021-10-05T13:22:44	20	22	21	20
2021-10-05T13:23:14	21	22	21	20
2021-10-05T13:23:44	20	22	21	20
2021-10-05T13:24:14	21	22	21	19
2021-10-05T13:24:44	20	22	21	20
2021-10-05T13:25:14	21	22	21	20
2021-10-05T13:25:44	20	22	21	20
2021-10-05T13:26:14	20	22	21	21
2021-10-05T13:26:44	21	22	21	20
2021-10-05T13:27:14	20	22	21	19
2021-10-05T13:27:44	20	22	21	19
2021-10-05T13:28:14	21	22	21	19
2021-10-05T13:28:44	21	22	21	19
2021-10-05T13:29:14	21	22	21	19
2021-10-05T13:29:44	21	22	21	20
2021-10-05T13:30:14	21	22	21	20
2021-10-05T13:30:44	21	22	21	20
2021-10-05T13:31:14	21	22	21	20
2021-10-05T13:31:44	20	22	21	19
2021-10-05T13:32:14	21	22	21	20
2021-10-05T13:32:44	20	22	21	20
2021-10-05T13:33:14	20	22	21	20
2021-10-05T13:33:44	21	22	21	20
2021-10-05T13:34:14	21	22	21	19
2021-10-05T13:34:44	21	22	21	20
2021-10-05T13:35:14	21	22	21	19
2021-10-05T13:35:44	21	22	21	20
2021-10-05T13:36:14	21	22	21	20
2021-10-05T13:36:44	21	22	21	20
2021-10-05T13:37:14	21	22	21	20
2021-10-05T13:37:44	24	22	22	20
2021-10-05T13:38:14	26	23	23	21
2021-10-05T13:38:44	28	24	24	21
2021-10-05T13:39:14	29	25	25	22
2021-10-05T13:39:44	30	26	27	22
2021-10-05T13:40:14	30	27	28	23
2021-10-05T13:40:44	32	28	29	24
2021-10-05T13:41:14	32	28	30	25
2021-10-05T13:41:44	33	30	32	25
2021-10-05T13:42:14	34	31	33	26
2021-10-05T13:42:44	34	31	34	27
2021-10-05T13:43:14	35	32	35	28
2021-10-05T13:43:44	36	33	36	29
2021-10-05T13:44:14	37	34	37	30
2021-10-05T13:44:44	38	34	38	30
2021-10-05T13:45:14	38	35	39	31
2021-10-05T13:45:44	39	36	40	32
2021-10-05T13:46:14	40	37	41	33
2021-10-05T13:46:44	41	38	42	35
2021-10-05T13:47:14	42	39	43	35
2021-10-05T13:47:44	43	39	44	37
2021-10-05T13:48:14	43	40	44	38
2021-10-05T13:48:44	44	41	45	39
2021-10-05T13:49:14	45	41	46	39
2021-10-05T13:49:44	46	42	47	40
2021-10-05T13:50:14	47	43	47	41
2021-10-05T13:50:44	47	43	49	42
2021-10-05T13:51:14	48	44	49	43
2021-10-05T13:51:44	52	45	50	44
2021-10-05T13:52:14	53	46	52	45
2021-10-05T13:52:44	54	47	52	46
2021-10-05T13:53:14	55	48	53	47
2021-10-05T13:53:44	55	48	54	48
2021-10-05T13:54:14	56	49	55	49
2021-10-05T13:54:44	56	49	55	50
2021-10-05T13:55:14	56	50	56	50
2021-10-05T13:55:44	57	51	56	51
2021-10-05T13:56:14	58	53	59	52
2021-10-05T13:56:44	59	54	60	53
2021-10-05T13:57:14	60	55	61	54
2021-10-05T13:57:44	60	56	62	55
2021-10-05T13:58:14	64	56	63	56
2021-10-05T13:58:44	65	57	64	56
2021-10-05T13:59:14	66	58	64	58
2021-10-05T13:59:44	67	58	64	58
2021-10-05T14:00:14	67	59	65	59
2021-10-05T14:00:44	68	60	68	60
2021-10-05T14:01:14	69	62	69	61
2021-10-05T14:01:44	70	63	70	62
2021-10-05T14:02:14	70	64	70	63
2021-10-05T14:02:44	70	64	70	64
2021-10-05T14:03:14	72	64	72	64
2021-10-05T14:03:44	75	67	74	65
2021-10-05T14:04:14	76	68	74	66
2021-10-05T14:04:44	77	69	75	67
2021-10-05T14:05:14	77	69	75	68
2021-10-05T14:05:44	77	69	76	69
2021-10-05T14:06:14	79	71	79	70
2021-10-05T14:06:44	79	72	79	71
2021-10-05T14:07:14	79	73	79	71
2021-10-05T14:07:44	79	73	80	72
2021-10-05T14:08:14	84	76	83	73
2021-10-05T14:08:44	87	78	85	75
2021-10-05T14:09:14	86	78	85	77
2021-10-05T14:09:44	86	79	84	77
2021-10-05T14:10:14	87	79	83	78
2021-10-05T14:10:44	89	81	88	79
2021-10-05T14:11:14	89	83	88	80
2021-10-05T14:11:44	89	82	88	80
2021-10-05T14:12:14	89	83	88	81
2021-10-05T14:12:44	90	84	91	82
2021-10-05T14:13:14	94	87	94	83
2021-10-05T14:13:44	94	87	93	84
2021-10-05T14:14:14	94	88	93	85
2021-10-05T14:14:44	94	87	94	86
2021-10-05T14:15:14	95	89	95	86
2021-10-05T14:15:44	95	90	96	87
2021-10-05T14:16:14	98	90	97	88
2021-10-05T14:16:44	98	90	97	88
2021-10-05T14:17:14	99	91	98	89
2021-10-05T14:17:44	101	93	101	90
2021-10-05T14:18:14	100	94	101	91
2021-10-05T14:18:44	101	94	101	92
2021-10-05T14:19:14	102	95	103	92
2021-10-05T14:19:44	102	96	103	93
2021-10-05T14:20:14	107	97	104	94
2021-10-05T14:20:44	109	99	107	95
2021-10-05T14:21:14	109	100	107	96
2021-10-05T14:21:44	109	101	107	97
2021-10-05T14:22:14	110	102	109	97
2021-10-05T14:22:44	109	102	108	98
2021-10-05T14:23:14	110	104	112	99
2021-10-05T14:23:44	110	105	111	100
2021-10-05T14:24:14	113	105	111	100
2021-10-05T14:24:44	117	107	115	101
2021-10-05T14:25:14	119	108	115	102
2021-10-05T14:25:44	119	108	115	104
2021-10-05T14:26:14	119	109	117	105
2021-10-05T14:26:44	120	110	118	106
2021-10-05T14:27:14	118	111	118	106
2021-10-05T14:27:44	119	111	119	107
2021-10-05T14:28:14	120	113	121	108
2021-10-05T14:28:44	120	113	120	109
2021-10-05T14:29:14	124	114	121	109
2021-10-05T14:29:44	126	117	124	110
2021-10-05T14:30:14	125	117	123	112
2021-10-05T14:30:44	126	117	123	112
2021-10-05T14:31:14	127	119	127	113
2021-10-05T14:31:44	127	120	126	114
2021-10-05T14:32:14	126	119	127	114
2021-10-05T14:32:44	131	122	130	115
2021-10-05T14:33:14	133	123	130	116
2021-10-05T14:33:44	132	123	129	117
2021-10-05T14:34:14	133	125	132	118
2021-10-05T14:34:44	133	125	132	119
2021-10-05T14:35:14	132	125	132	119
2021-10-05T14:35:44	136	127	136	120
2021-10-05T14:36:14	138	128	136	121
2021-10-05T14:36:44	137	128	134	122
2021-10-05T14:37:14	138	130	138	123
2021-10-05T14:37:44	138	131	138	123
2021-10-05T14:38:14	138	132	140	124
2021-10-05T14:38:44	139	132	139	125
2021-10-05T14:39:14	143	134	142	125
2021-10-05T14:39:44	145	135	142	127
2021-10-05T14:40:14	144	135	142	128
2021-10-05T14:40:44	144	137	144	129
2021-10-05T14:41:14	144	137	144	129
2021-10-05T14:41:44	144	138	146	130
2021-10-05T14:42:14	148	139	145	131
2021-10-05T14:42:44	148	140	148	132
2021-10-05T14:43:14	149	141	148	132
2021-10-05T14:43:44	149	142	150	133
2021-10-05T14:44:14	149	143	150	134
2021-10-05T14:44:44	154	144	153	135
2021-10-05T14:45:14	156	146	153	136
2021-10-05T14:45:44	155	146	153	137
2021-10-05T14:46:14	155	147	154	138
2021-10-05T14:46:44	155	148	156	139
2021-10-05T14:47:14	155	150	157	139
2021-10-05T14:47:44	157	149	156	140
2021-10-05T14:48:14	161	151	160	142
2021-10-05T14:48:44	161	151	158	142
2021-10-05T14:49:14	161	152	161	143
2021-10-05T14:49:44	161	153	160	144
2021-10-05T14:50:14	163	155	163	145
2021-10-05T14:50:44	165	156	162	146
2021-10-05T14:51:14	165	156	165	147
2021-10-05T14:51:44	165	157	165	147
2021-10-05T14:52:14	165	157	167	148
2021-10-05T14:52:44	170	159	168	150
2021-10-05T14:53:14	171	159	167	151
2021-10-05T14:53:44	170	159	167	152
2021-10-05T14:54:14	171	161	171	152
2021-10-05T14:54:44	170	162	170	153
2021-10-05T14:55:14	173	162	172	154
2021-10-05T14:55:44	175	164	173	155
2021-10-05T14:56:14	175	164	174	156
2021-10-05T14:56:44	175	166	174	156
2021-10-05T14:57:14	173	165	174	158
2021-10-05T14:57:44	177	168	178	159
2021-10-05T14:58:14	180	168	176	159
2021-10-05T14:58:44	180	169	178	160
2021-10-05T14:59:14	180	170	178	161
2021-10-05T14:59:44	180	171	181	162
2021-10-05T15:00:14	182	172	180	163
2021-10-05T15:00:44	184	173	183	164
2021-10-05T15:01:14	184	173	183	164
2021-10-05T15:01:44	184	175	185	165
2021-10-05T15:02:14	185	175	183	166
2021-10-05T15:02:44	187	177	187	167
2021-10-05T15:03:14	187	177	186	168
2021-10-05T15:03:44	188	178	188	169
2021-10-05T15:04:14	188	180	188	169
2021-10-05T15:04:44	192	181	190	171
2021-10-05T15:05:14	191	181	190	171
2021-10-05T15:05:44	191	182	193	171
2021-10-05T15:06:14	192	183	192	172
2021-10-05T15:06:44	195	185	194	174
2021-10-05T15:07:14	196	186	196	175
2021-10-05T15:07:44	196	186	195	176
2021-10-05T15:08:14	195	187	197	176
2021-10-05T15:08:44	199	189	198	178
2021-10-05T15:09:14	200	189	199	178
2021-10-05T15:09:44	200	190	199	179
2021-10-05T15:10:14	199	191	199	180
2021-10-05T15:10:44	202	192	202	181
2021-10-05T15:11:14	202	193	201	182
2021-10-05T15:11:44	202	194	204	183
2021-10-05T15:12:14	204	195	206	184
2021-10-05T15:12:44	207	196	206	185
2021-10-05T15:13:14	206	195	204	186
2021-10-05T15:13:44	206	197	208	186
2021-10-05T15:14:14	210	198	207	187
2021-10-05T15:14:44	212	199	209	188
2021-10-05T15:15:14	211	199	208	189
2021-10-05T15:15:44	211	201	212	190
2021-10-05T15:16:14	210	201	210	191
2021-10-05T15:16:44	215	203	215	192
2021-10-05T15:17:14	217	204	213	193
2021-10-05T15:17:44	216	205	215	194
2021-10-05T15:18:14	215	206	215	195
2021-10-05T15:18:44	216	206	217	195
2021-10-05T15:19:14	220	208	217	196
2021-10-05T15:19:44	220	209	219	197
2021-10-05T15:20:14	220	209	219	198
2021-10-05T15:20:44	219	210	220	199
2021-10-05T15:21:14	223	212	223	200
2021-10-05T15:21:44	224	212	222	201
2021-10-05T15:22:14	224	213	224	202
2021-10-05T15:22:44	223	213	224	203
2021-10-05T15:23:14	226	214	226	204
2021-10-05T15:23:44	228	215	227	205
2021-10-05T15:24:14	227	216	228	205
2021-10-05T15:24:44	229	218	229	206
2021-10-05T15:25:14	229	217	228	207
2021-10-05T15:25:44	230	219	230	208
2021-10-05T15:26:14	231	220	232	209
2021-10-05T15:26:44	234	220	230	210
2021-10-05T15:27:14	233	222	234	211
2021-10-05T15:27:44	233	222	233	211
2021-10-05T15:28:14	235	224	235	212
2021-10-05T15:28:44	235	225	237	213
2021-10-05T15:29:14	237	225	235	214
2021-10-05T15:29:44	240	227	239	215
2021-10-05T15:30:14	238	227	237	216
2021-10-05T15:30:44	239	228	242	217
2021-10-05T15:31:14	244	229	241	218
2021-10-05T15:31:44	243	230	242	219
2021-10-05T15:32:14	242	231	242	220
2021-10-05T15:32:44	245	232	244	221
2021-10-05T15:33:14	245	233	243	221
2021-10-05T15:33:44	244	234	247	222
2021-10-05T15:34:14	247	234	245	223
2021-10-05T15:34:44	249	236	249	225
2021-10-05T15:35:14	248	237	248	225
2021-10-05T15:35:44	248	237	250	226
2021-10-05T15:36:14	250	238	250	227
2021-10-05T15:36:44	249	239	253	228
2021-10-05T15:37:14	254	240	254	228
2021-10-05T15:37:44	253	240	252	230
2021-10-05T15:38:14	257	242	254	231
2021-10-05T15:38:44	257	243	255	232
2021-10-05T15:39:14	256	244	256	233
2021-10-05T15:39:44	255	245	257	233
2021-10-05T15:40:14	259	245	259	234
2021-10-05T15:40:44	258	246	259	235
2021-10-05T15:41:14	260	247	261	236
2021-10-05T15:41:44	263	249	260	237
2021-10-05T15:42:14	261	249	262	238
2021-10-05T15:42:44	262	250	263	239
2021-10-05T15:43:14	264	251	265	240
2021-10-05T15:43:44	263	251	264	240
2021-10-05T15:44:14	269	253	267	241
2021-10-05T15:44:44	268	254	266	243
2021-10-05T15:45:14	266	255	267	244
2021-10-05T15:45:44	269	256	269	244
2021-10-05T15:46:14	270	255	269	245
2021-10-05T15:46:44	271	258	271	246
2021-10-05T15:47:14	272	259	273	246
2021-10-05T15:47:44	273	259	271	247
2021-10-05T15:48:14	275	260	274	248
2021-10-05T15:48:44	275	261	274	249
2021-10-05T15:49:14	274	263	277	250
2021-10-05T15:49:44	276	263	275	251
2021-10-05T15:50:14	276	263	278	252
2021-10-05T15:50:44	280	264	278	253
2021-10-05T15:51:14	280	265	279	254
2021-10-05T15:51:44	278	266	280	255
2021-10-05T15:52:14	282	267	281	255
2021-10-05T15:52:44	281	268	281	256
2021-10-05T15:53:14	283	269	284	257
2021-10-05T15:53:44	283	269	284	258
2021-10-05T15:54:14	286	270	284	259
2021-10-05T15:54:44	284	271	286	260
2021-10-05T15:55:14	288	273	287	261
2021-10-05T15:55:44	286	274	287	262
2021-10-05T15:56:14	291	275	290	263
2021-10-05T15:56:44	292	275	288	264
2021-10-05T15:57:14	291	277	291	266
2021-10-05T15:57:44	290	277	290	266
2021-10-05T15:58:14	295	278	293	267
2021-10-05T15:58:44	295	279	294	268
2021-10-05T15:59:14	293	280	294	269
2021-10-05T15:59:44	296	280	295	270
2021-10-05T16:00:14	295	281	297	271
2021-10-05T16:00:44	298	282	296	272
2021-10-05T16:01:14	297	284	299	272
2021-10-05T16:01:44	299	284	299	274
2021-10-05T16:02:14	303	286	300	275
2021-10-05T16:02:44	300	286	301	275
2021-10-05T16:03:14	303	286	301	276
2021-10-05T16:03:44	302	288	304	277
2021-10-05T16:04:14	305	288	303	278
2021-10-05T16:04:44	306	290	305	280
2021-10-05T16:05:14	305	292	307	280
2021-10-05T16:05:44	307	292	307	281
2021-10-05T16:06:14	309	293	308	282
2021-10-05T16:06:44	307	294	309	284
2021-10-05T16:07:14	313	295	309	284
2021-10-05T16:07:44	311	295	312	285
2021-10-05T16:08:14	310	297	311	286
2021-10-05T16:08:44	314	298	313	287
2021-10-05T16:09:14	312	298	314	288
2021-10-05T16:09:44	316	299	315	289
2021-10-05T16:10:14	316	300	315	290
2021-10-05T16:10:44	317	302	318	291
2021-10-05T16:11:14	315	301	316	292
2021-10-05T16:11:44	319	303	320	292
2021-10-05T16:12:14	318	304	319	293
2021-10-05T16:12:44	321	305	320	294
2021-10-05T16:13:14	320	305	321	295
2021-10-05T16:13:44	323	306	323	296
2021-10-05T16:14:14	323	307	323	297
2021-10-05T16:14:44	325	308	324	298
2021-10-05T16:15:14	323	310	325	299
2021-10-05T16:15:44	325	310	325	300
2021-10-05T16:16:14	327	311	326	301
2021-10-05T16:16:44	328	313	328	302
2021-10-05T16:17:14	331	313	328	303
2021-10-05T16:17:44	329	314	331	304
2021-10-05T16:18:14	332	315	331	305
2021-10-05T16:18:44	332	316	333	306
2021-10-05T16:19:14	332	317	332	307
2021-10-05T16:19:44	332	318	335	308
2021-10-05T16:20:14	334	318	334	310
2021-10-05T16:20:44	334	320	337	310
2021-10-05T16:21:14	337	320	337	311
2021-10-05T16:21:44	337	321	339	312
2021-10-05T16:22:14	339	321	337	312
2021-10-05T16:22:44	338	323	341	313
2021-10-05T16:23:14	341	323	338	315
2021-10-05T16:23:44	341	325	342	315
2021-10-05T16:24:14	341	326	343	316
2021-10-05T16:24:44	345	325	341	318
2021-10-05T16:25:14	343	327	346	318
2021-10-05T16:25:44	346	328	346	319
2021-10-05T16:26:14	345	329	345	320
2021-10-05T16:26:44	347	331	348	321
2021-10-05T16:27:14	350	331	348	323
2021-10-05T16:27:44	347	331	349	323
2021-10-05T16:28:14	351	333	349	324
2021-10-05T16:28:44	351	333	350	325
2021-10-05T16:29:14	352	335	353	326
2021-10-05T16:29:44	352	335	353	328
2021-10-05T16:30:14	355	337	355	329
2021-10-05T16:30:44	355	338	355	329
2021-10-05T16:31:14	354	339	357	330
2021-10-05T16:31:44	357	339	357	331
2021-10-05T16:32:14	356	340	358	332
2021-10-05T16:32:44	361	341	359	334
2021-10-05T16:33:14	358	343	360	335
2021-10-05T16:33:44	362	344	361	335
2021-10-05T16:34:14	360	343	360	336
2021-10-05T16:34:44	362	345	363	337
2021-10-05T16:35:14	362	346	363	338
2021-10-05T16:35:44	366	347	365	340
2021-10-05T16:36:14	364	348	365	341
2021-10-05T16:36:44	367	350	368	342
2021-10-05T16:37:14	369	350	368	342
2021-10-05T16:37:44	368	351	368	343
2021-10-05T16:38:14	369	352	371	345
2021-10-05T16:38:44	369	352	369	346
2021-10-05T16:39:14	373	354	373	347
2021-10-05T16:39:44	372	354	370	348
2021-10-05T16:40:14	372	355	374	349
2021-10-05T16:40:44	372	356	374	350
2021-10-05T16:41:14	377	358	376	350
2021-10-05T16:41:44	374	358	377	352
2021-10-05T16:42:14	375	359	377	353
2021-10-05T16:42:44	377	360	377	354
2021-10-05T16:43:14	380	361	379	355
2021-10-05T16:43:44	379	362	380	356
2021-10-05T16:44:14	381	363	380	357
2021-10-05T16:44:44	382	364	383	358
2021-10-05T16:45:14	382	364	382	359
2021-10-05T16:45:44	384	366	384	359
2021-10-05T16:46:14	384	366	384	360
2021-10-05T16:46:44	386	367	387	361
2021-10-05T16:47:14	384	367	386	362
2021-10-05T16:47:44	388	369	388	363
2021-10-05T16:48:14	387	369	390	364
2021-10-05T16:48:44	390	369	389	365
2021-10-05T16:49:14	387	371	391	366
2021-10-05T16:49:44	391	372	390	367
2021-10-05T16:50:14	393	372	392	368
2021-10-05T16:50:44	392	374	393	369
2021-10-05T16:51:14	394	374	394	370
2021-10-05T16:51:44	395	376	396	370
2021-10-05T16:52:14	395	377	396	371
2021-10-05T16:52:44	398	378	397	372
2021-10-05T16:53:14	399	378	399	373
2021-10-05T16:53:44	399	379	399	375
2021-10-05T16:54:14	400	380	399	376
2021-10-05T16:54:44	399	382	401	376
2021-10-05T16:55:14	402	383	402	377
2021-10-05T16:55:44	401	384	405	378
2021-10-05T16:56:14	404	384	403	379
2021-10-05T16:56:44	404	385	406	380
2021-10-05T16:57:14	405	386	406	381
2021-10-05T16:57:44	408	387	407	382
2021-10-05T16:58:14	407	388	407	383
2021-10-05T16:58:44	407	390	410	384
2021-10-05T16:59:15	409	390	409	385
2021-10-05T16:59:45	410	391	412	386
2021-10-05T17:00:15	410	391	410	386
2021-10-05T17:00:45	413	392	414	387
2021-10-05T17:01:15	413	392	413	388
2021-10-05T17:01:45	413	394	414	389
2021-10-05T17:02:15	416	396	416	391
2021-10-05T17:02:45	418	396	417	392
2021-10-05T17:03:15	415	397	417	392
2021-10-05T17:03:45	419	398	419	393
2021-10-05T17:04:15	418	399	420	394
2021-10-05T17:04:45	419	400	419	396
2021-10-05T17:05:15	422	401	421	396
2021-10-05T17:05:45	420	402	421	397
2021-10-05T17:06:15	424	403	424	398
2021-10-05T17:06:45	425	403	425	399
2021-10-05T17:07:15	426	405	426	400
2021-10-05T17:07:45	426	405	426	401
2021-10-05T17:08:15	424	407	426	402
2021-10-05T17:08:45	428	408	429	403
2021-10-05T17:09:15	428	408	429	404
2021-10-05T17:09:45	429	409	429	405
2021-10-05T17:10:15	430	411	431	406
2021-10-05T17:10:45	430	411	431	407
2021-10-05T17:11:15	432	412	433	408
2021-10-05T17:11:45	434	413	435	409
2021-10-05T17:12:15	435	414	434	410
2021-10-05T17:12:45	434	415	436	411
2021-10-05T17:13:15	436	416	435	411
2021-10-05T17:13:45	438	417	438	412
2021-10-05T17:14:15	437	417	436	414
2021-10-05T17:14:45	439	418	441	415
2021-10-05T17:15:15	439	419	439	416
2021-10-05T17:15:45	442	420	443	416
2021-10-05T17:16:15	440	420	441	417
2021-10-05T17:16:45	445	422	443	419
2021-10-05T17:17:15	443	424	445	420
2021-10-05T17:17:45	443	424	445	421
2021-10-05T17:18:15	446	425	446	422
2021-10-05T17:18:45	447	425	448	423
2021-10-05T17:19:15	446	426	447	424
2021-10-05T17:19:45	451	427	448	425
2021-10-05T17:20:15	450	428	450	426
2021-10-05T17:20:45	450	429	452	427
2021-10-05T17:21:15	451	430	452	427
2021-10-05T17:21:45	453	431	453	428
2021-10-05T17:22:15	452	432	454	429
2021-10-05T17:22:45	453	433	455	430
2021-10-05T17:23:15	455	433	455	430
2021-10-05T17:23:45	455	435	456	431
2021-10-05T17:24:15	456	436	458	432
2021-10-05T17:24:45	459	436	459	433
2021-10-05T17:25:15	458	438	461	436
2021-10-05T17:25:45	459	438	459	436
2021-10-05T17:26:15	461	439	463	437
2021-10-05T17:26:45	463	440	463	437
2021-10-05T17:27:15	461	442	466	439
2021-10-05T17:27:45	464	442	463	440
2021-10-05T17:28:15	464	443	467	440
2021-10-05T17:28:45	465	443	464	442
2021-10-05T17:29:15	468	444	467	443
2021-10-05T17:29:45	468	445	467	444
2021-10-05T17:30:15	470	447	471	445
2021-10-05T17:30:45	469	447	470	446
2021-10-05T17:31:15	470	448	471	447
2021-10-05T17:31:45	469	449	473	447
2021-10-05T17:32:15	471	450	471	447
2021-10-05T17:32:45	473	451	474	449
2021-10-05T17:33:15	474	453	475	450
2021-10-05T17:33:45	475	453	476	451
2021-10-05T17:34:15	476	455	477	451
2021-10-05T17:34:45	476	455	477	453
2021-10-05T17:35:15	478	456	478	455
2021-10-05T17:35:45	478	457	481	456
2021-10-05T17:36:15	480	458	482	456
2021-10-05T17:36:45	481	458	482	458
2021-10-05T17:37:15	481	459	483	459
2021-10-05T17:37:45	484	461	482	459
2021-10-05T17:38:15	487	461	485	461
2021-10-05T17:38:45	485	462	486	462
2021-10-05T17:39:15	486	464	486	463
2021-10-05T17:39:45	487	464	487	463
2021-10-05T17:40:15	486	465	488	464
2021-10-05T17:40:45	489	466	489	466
2021-10-05T17:41:15	490	467	490	466
2021-10-05T17:41:45	490	467	490	467
2021-10-05T17:42:15	491	469	491	468
2021-10-05T17:42:45	493	471	495	469
2021-10-05T17:43:15	494	470	493	469
2021-10-05T17:43:45	493	471	496	471
2021-10-05T17:44:15	496	472	495	472
2021-10-05T17:44:45	497	474	498	473
2021-10-05T17:45:15	497	475	498	474
2021-10-05T17:45:45	498	475	500	475
2021-10-05T17:46:15	498	475	500	476
2021-10-05T17:46:45	501	476	501	477
2021-10-05T17:47:15	499	478	502	478
2021-10-05T17:47:45	500	479	502	479
2021-10-05T17:48:15	503	480	504	479
2021-10-05T17:48:45	503	482	504	481
2021-10-05T17:49:15	505	482	506	482
2021-10-05T17:49:45	507	483	506	483
2021-10-05T17:50:15	505	484	508	484
2021-10-05T17:50:45	508	485	509	485
2021-10-05T17:51:15	509	486	510	486
2021-10-05T17:51:45	509	486	511	487
2021-10-05T17:52:15	512	487	511	488
2021-10-05T17:52:45	513	489	514	488
2021-10-05T17:53:15	513	489	514	490
2021-10-05T17:53:45	513	491	516	490
2021-10-05T17:54:15	516	490	513	492
2021-10-05T17:54:45	516	491	517	493
2021-10-05T17:55:15	518	493	517	493
2021-10-05T17:55:45	516	493	519	494
2021-10-05T17:56:15	520	493	518	496
2021-10-05T17:56:45	519	495	522	496
2021-10-05T17:57:15	521	495	518	497
2021-10-05T17:57:45	521	497	524	498
2021-10-05T17:58:15	524	497	523	499
2021-10-05T17:58:45	522	498	524	499
2021-10-05T17:59:15	525	499	525	501
2021-10-05T17:59:45	525	500	527	502
2021-10-05T18:00:15	525	501	525	502
2021-10-05T18:00:45	526	502	528	504
2021-10-05T18:01:15	529	503	528	505
2021-10-05T18:01:45	530	503	529	506
2021-10-05T18:02:15	529	506	531	506
2021-10-05T18:02:45	529	506	532	508
2021-10-05T18:03:15	531	506	532	509
2021-10-05T18:03:45	532	509	534	509
2021-10-05T18:04:15	533	508	534	510
2021-10-05T18:04:45	535	510	536	511
2021-10-05T18:05:15	535	510	537	512
2021-10-05T18:05:45	535	512	539	513
2021-10-05T18:06:15	538	513	539	514
2021-10-05T18:06:45	539	514	539	516
2021-10-05T18:07:15	541	515	542	516
2021-10-05T18:07:45	540	515	541	517
2021-10-05T18:08:15	542	517	543	518
2021-10-05T18:08:45	544	516	543	519
2021-10-05T18:09:15	543	517	545	520
2021-10-05T18:09:45	543	518	544	521
2021-10-05T18:10:15	544	520	547	522
2021-10-05T18:10:45	548	521	547	523
2021-10-05T18:11:15	548	522	548	524
2021-10-05T18:11:45	547	523	548	525
2021-10-05T18:12:15	550	524	551	526
2021-10-05T18:12:45	549	524	550	527
2021-10-05T18:13:15	552	525	552	528
2021-10-05T18:13:45	551	526	552	529
2021-10-05T18:14:15	552	527	553	530
2021-10-05T18:14:45	554	528	555	531
2021-10-05T18:15:15	555	529	555	532
2021-10-05T18:15:45	556	530	557	533
2021-10-05T18:16:15	555	530	557	534
2021-10-05T18:16:45	559	531	558	534
2021-10-05T18:17:15	558	533	560	535
2021-10-05T18:17:45	558	534	562	537
2021-10-05T18:18:15	562	534	561	538
2021-10-05T18:18:45	560	536	564	539
2021-10-05T18:19:15	564	537	564	540
2021-10-05T18:19:45	564	538	566	541
2021-10-05T18:20:15	563	538	564	542
2021-10-05T18:20:45	565	540	567	543
2021-10-05T18:21:15	568	540	567	544
2021-10-05T18:21:45	566	541	568	545
2021-10-05T18:22:15	568	542	569	546
2021-10-05T18:22:45	568	543	570	547
2021-10-05T18:23:15	570	544	570	548
2021-10-05T18:23:45	572	546	573	549
2021-10-05T18:24:15	573	547	573	550
2021-10-05T18:24:45	573	548	575	551
2021-10-05T18:25:15	573	548	575	552
2021-10-05T18:25:45	574	550	577	553
2021-10-05T18:26:15	575	550	575	554
2021-10-05T18:26:45	576	551	578	555
2021-10-05T18:27:15	576	552	578	556
2021-10-05T18:27:45	578	553	580	557
2021-10-05T18:28:15	579	554	580	558
2021-10-05T18:28:45	582	555	581	559
2021-10-05T18:29:15	582	556	582	560
2021-10-05T18:29:45	583	557	584	561
2021-10-05T18:30:15	584	559	585	562
2021-10-05T18:30:45	585	558	586	563
2021-10-05T18:31:15	585	560	585	564
2021-10-05T18:31:45	587	560	587	565
2021-10-05T18:32:15	587	562	590	566
2021-10-05T18:32:45	589	562	590	567
2021-10-05T18:33:15	589	563	590	568
2021-10-05T18:33:45	589	564	592	569
2021-10-05T18:34:15	590	565	592	570
2021-10-05T18:34:45	594	566	592	571
2021-10-05T18:35:15	593	566	594	572
2021-10-05T18:35:45	592	568	596	573
2021-10-05T18:36:15	597	569	597	574
2021-10-05T18:36:45	595	569	597	576
2021-10-05T18:37:15	596	570	598	576
2021-10-05T18:37:45	598	572	600	577
2021-10-05T18:38:15	601	572	599	578
2021-10-05T18:38:45	601	573	601	579
2021-10-05T18:39:15	599	574	602	580
2021-10-05T18:39:45	601	576	602	581
2021-10-05T18:40:15	602	577	605	582
2021-10-05T18:40:45	604	577	604	583
2021-10-05T18:41:15	604	578	606	584
2021-10-05T18:41:45	604	579	607	585
2021-10-05T18:42:15	607	579	607	586
2021-10-05T18:42:45	607	580	609	587
2021-10-05T18:43:15	607	582	610	588
2021-10-05T18:43:45	608	583	611	589
2021-10-05T18:44:15	611	584	611	590
2021-10-05T18:44:45	612	585	611	591
2021-10-05T18:45:15	613	586	614	593
2021-10-05T18:45:45	614	587	616	594
2021-10-05T18:46:15	614	587	615	595
2021-10-05T18:46:45	616	589	618	595
2021-10-05T18:47:15	617	589	616	596
2021-10-05T18:47:45	616	591	619	598
2021-10-05T18:48:15	618	591	619	599
2021-10-05T18:48:45	620	593	622	600
2021-10-05T18:49:15	618	593	620	601
2021-10-05T18:49:45	621	595	624	602
2021-10-05T18:50:15	621	595	622	603
2021-10-05T18:50:45	622	596	624	604
2021-10-05T18:51:15	623	597	625	605
2021-10-05T18:51:45	622	598	627	606
2021-10-05T18:52:15	625	599	626	607
2021-10-05T18:52:45	626	600	629	608
2021-10-05T18:53:15	626	600	628	609
2021-10-05T18:53:45	627	601	630	610
2021-10-05T18:54:15	630	603	631	611
2021-10-05T18:54:45	629	604	632	612
2021-10-05T18:55:15	631	605	633	613
2021-10-05T18:55:45	633	606	634	614
2021-10-05T18:56:15	633	607	635	615
2021-10-05T18:56:45	633	607	635	617
2021-10-05T18:57:15	635	608	637	617
2021-10-05T18:57:45	637	610	638	618
2021-10-05T18:58:15	636	610	639	619
2021-10-05T18:58:45	638	611	641	620
2021-10-05T18:59:15	638	612	640	621
2021-10-05T18:59:45	639	613	642	622
2021-10-05T19:00:15	641	613	642	623
2021-10-05T19:00:45	642	615	644	624
2021-10-05T19:01:15	643	616	646	625
2021-10-05T19:01:45	643	616	644	626
2021-10-05T19:02:15	645	617	646	627
2021-10-05T19:02:45	648	619	648	628
2021-10-05T19:03:15	646	619	646	629
2021-10-05T19:03:45	646	620	649	630
2021-10-05T19:04:15	649	622	651	631
2021-10-05T19:04:45	649	623	652	632
2021-10-05T19:05:15	651	623	651	633
2021-10-05T19:05:45	651	624	653	634
2021-10-05T19:06:15	653	625	652	636
2021-10-05T19:06:45	654	627	654	636
2021-10-05T19:07:15	656	628	656	637
2021-10-05T19:07:45	653	629	656	639
2021-10-05T19:08:15	656	630	658	639
2021-10-05T19:08:45	658	631	658	641
2021-10-05T19:09:15	660	632	659	641
2021-10-05T19:09:45	659	633	661	642
2021-10-05T19:10:15	660	634	660	643
2021-10-05T19:10:45	662	635	663	644
2021-10-05T19:11:15	663	636	665	645
2021-10-05T19:11:45	664	638	665	646
2021-10-05T19:12:15	665	639	667	647
2021-10-05T19:12:45	665	638	666	648
2021-10-05T19:13:15	666	639	668	650
2021-10-05T19:13:45	666	640	668	651
2021-10-05T19:14:15	668	642	671	652
2021-10-05T19:14:45	669	642	670	653
2021-10-05T19:15:15	670	643	671	653
2021-10-05T19:15:45	669	645	673	654
2021-10-05T19:16:15	672	644	672	656
2021-10-05T19:16:45	672	645	674	657
2021-10-05T19:17:15	673	647	676	658
2021-10-05T19:17:45	673	647	674	658
2021-10-05T19:18:15	674	648	676	659
2021-10-05T19:18:45	676	650	678	660
2021-10-05T19:19:15	677	652	679	662
2021-10-05T19:19:45	677	652	678	663
2021-10-05T19:20:15	679	652	681	663
2021-10-05T19:20:45	680	653	683	665
2021-10-05T19:21:15	681	655	683	666
2021-10-05T19:21:45	683	656	684	667
2021-10-05T19:22:15	684	657	685	668
2021-10-05T19:22:45	683	658	686	669
2021-10-05T19:23:15	686	658	687	670
2021-10-05T19:23:45	687	658	687	671
2021-10-05T19:24:15	686	660	689	672
2021-10-05T19:24:45	688	662	691	673
2021-10-05T19:25:15	688	662	691	674
2021-10-05T19:25:45	690	663	692	675
2021-10-05T19:26:15	690	665	693	676
2021-10-05T19:26:45	691	666	694	677
2021-10-05T19:27:15	694	667	695	678
2021-10-05T19:27:45	692	667	694	679
2021-10-05T19:28:15	693	668	696	680
2021-10-05T19:28:45	695	670	698	681
2021-10-05T19:29:15	697	671	698	682
2021-10-05T19:29:45	697	672	700	683
2021-10-05T19:30:15	698	673	701	684
2021-10-05T19:30:45	698	673	701	685
2021-10-05T19:31:15	701	675	702	686
2021-10-05T19:31:45	702	675	702	686
2021-10-05T19:32:15	703	676	704	687
2021-10-05T19:32:45	704	677	704	688
2021-10-05T19:33:15	703	677	704	689
2021-10-05T19:33:45	707	678	706	690
2021-10-05T19:34:15	707	680	709	691
2021-10-05T19:34:45	708	681	709	693
2021-10-05T19:35:15	708	682	710	694
2021-10-05T19:35:45	710	683	712	694
2021-10-05T19:36:15	709	684	712	695
2021-10-05T19:36:45	712	685	713	697
2021-10-05T19:37:15	713	685	713	697
2021-10-05T19:37:45	712	686	714	698
2021-10-05T19:38:15	714	687	716	699
2021-10-05T19:38:45	716	689	718	700
2021-10-05T19:39:15	717	690	718	701
2021-10-05T19:39:45	718	690	719	702
2021-10-05T19:40:15	717	692	720	703
2021-10-05T19:40:45	718	693	721	705
2021-10-05T19:41:15	719	694	722	705
2021-10-05T19:41:45	719	694	721	706
2021-10-05T19:42:15	721	695	723	707
2021-10-05T19:42:45	721	695	724	708
2021-10-05T19:43:15	723	697	726	709
2021-10-05T19:43:45	724	698	726	710
2021-10-05T19:44:15	725	699	727	711
2021-10-05T19:44:45	726	700	728	712
2021-10-05T19:45:15	728	701	729	713
2021-10-05T19:45:45	726	702	730	714
2021-10-05T19:46:15	731	703	731	715
2021-10-05T19:46:45	731	704	732	716
2021-10-05T19:47:15	733	705	733	717
2021-10-05T19:47:45	733	706	734	718
2021-10-05T19:48:15	734	707	735	719
2021-10-05T19:48:45	733	707	735	719
2021-10-05T19:49:15	736	708	737	720
2021-10-05T19:49:45	736	710	738	721
2021-10-05T19:50:15	737	711	739	722
2021-10-05T19:50:45	738	712	740	724
2021-10-05T19:51:15	740	713	741	725
2021-10-05T19:51:45	739	714	741	725
2021-10-05T19:52:15	741	714	742	726
2021-10-05T19:52:45	741	715	743	728
2021-10-05T19:53:15	741	716	744	729
2021-10-05T19:53:45	742	717	744	729
2021-10-05T19:54:15	745	718	746	730
2021-10-05T19:54:45	744	719	746	731
2021-10-05T19:55:15	747	719	747	732
2021-10-05T19:55:45	745	721	749	733
2021-10-05T19:56:15	748	722	749	734
2021-10-05T19:56:45	749	723	751	735
2021-10-05T19:57:15	749	724	751	736
2021-10-05T19:57:45	751	725	752	737
2021-10-05T19:58:15	752	726	753	738
2021-10-05T19:58:45	753	726	754	739
2021-10-05T19:59:15	755	727	755	740
2021-10-05T19:59:45	756	728	756	741
2021-10-05T20:00:15	757	729	756	742
2021-10-05T20:00:45	758	730	757	742
2021-10-05T20:01:15	759	730	758	744
2021-10-05T20:01:45	759	731	759	745
2021-10-05T20:02:15	759	732	760	746
2021-10-05T20:02:45	762	733	761	747
2021-10-05T20:03:15	763	734	763	748
2021-10-05T20:03:45	762	735	764	748
2021-10-05T20:04:15	765	736	764	749
2021-10-05T20:04:45	765	737	765	750
2021-10-05T20:05:15	765	738	766	751
2021-10-05T20:05:45	765	739	766	752
2021-10-05T20:06:15	767	740	768	753
2021-10-05T20:06:45	768	740	768	754
2021-10-05T20:07:15	768	742	769	754
2021-10-05T20:07:45	770	743	770	755
2021-10-05T20:08:15	771	744	770	757
2021-10-05T20:08:45	771	745	771	757
2021-10-05T20:09:15	772	745	772	758
2021-10-05T20:09:45	773	746	773	759
2021-10-05T20:10:15	776	747	774	760
2021-10-05T20:10:45	777	748	775	761
2021-10-05T20:11:15	775	749	775	762
2021-10-05T20:11:45	777	750	777	763
2021-10-05T20:12:15	780	750	777	764
2021-10-05T20:12:45	781	751	778	766
2021-10-05T20:13:15	782	752	779	765
2021-10-05T20:13:45	783	753	779	768
2021-10-05T20:14:15	783	754	780	767
2021-10-05T20:14:45	784	755	781	768
2021-10-05T20:15:15	785	756	782	769
2021-10-05T20:15:45	785	757	783	770
2021-10-05T20:16:15	786	758	783	771
2021-10-05T20:16:45	788	759	785	772
2021-10-05T20:17:15	790	759	786	773
2021-10-05T20:17:45	787	760	786	774
2021-10-05T20:18:15	789	761	787	775
2021-10-05T20:18:45	792	762	787	775
2021-10-05T20:19:15	792	763	788	776
2021-10-05T20:19:45	792	763	789	778
2021-10-05T20:20:15	794	764	790	778
2021-10-05T20:20:45	795	765	791	780
2021-10-05T20:21:15	794	765	791	780
2021-10-05T20:21:45	797	766	792	781
2021-10-05T20:22:15	797	767	793	782
2021-10-05T20:22:45	800	767	794	782
2021-10-05T20:23:15	799	768	795	784
2021-10-05T20:23:45	800	769	795	784
2021-10-05T20:24:15	801	770	796	785
2021-10-05T20:24:45	804	771	798	786
2021-10-05T20:25:15	805	772	798	787
2021-10-05T20:25:45	805	772	799	788
2021-10-05T20:26:15	806	773	799	789
2021-10-05T20:26:45	806	773	800	790
2021-10-05T20:27:15	808	774	800	791
2021-10-05T20:27:45	808	775	802	792
2021-10-05T20:28:15	810	776	803	793
2021-10-05T20:28:45	810	777	803	793
2021-10-05T20:29:15	812	777	804	794
2021-10-05T20:29:45	812	778	805	795
2021-10-05T20:30:15	814	779	806	796
2021-10-05T20:30:45	815	780	808	797
2021-10-05T20:31:15	812	780	808	798
2021-10-05T20:31:45	817	781	809	798
2021-10-05T20:32:15	816	782	809	800
2021-10-05T20:32:45	818	782	811	801
2021-10-05T20:33:15	819	783	812	802
2021-10-05T20:33:45	821	784	814	803
2021-10-05T20:34:15	819	785	814	804
2021-10-05T20:34:45	820	786	815	804
2021-10-05T20:35:15	824	786	815	805
2021-10-05T20:35:45	823	787	816	806
2021-10-05T20:36:15	824	788	818	807
2021-10-05T20:36:45	824	788	819	808
2021-10-05T20:37:15	827	789	820	809
2021-10-05T20:37:45	828	790	820	810
2021-10-05T20:38:15	827	791	821	811
2021-10-05T20:38:45	830	791	822	812
2021-10-05T20:39:15	830	792	823	813
2021-10-05T20:39:45	832	793	824	814
2021-10-05T20:40:15	833	794	825	815
2021-10-05T20:40:45	833	794	825	816
2021-10-05T20:41:15	833	795	826	817
2021-10-05T20:41:45	835	796	827	818
2021-10-05T20:42:15	836	797	828	819
2021-10-05T20:42:45	837	798	829	820
2021-10-05T20:43:15	839	799	830	821
2021-10-05T20:43:45	838	799	831	820
2021-10-05T20:44:15	840	800	832	823
2021-10-05T20:44:45	840	801	833	824
2021-10-05T20:45:15	843	802	834	825
2021-10-05T20:45:45	841	802	835	826
2021-10-05T20:46:15	845	803	835	826
2021-10-05T20:46:45	844	804	836	828
2021-10-05T20:47:15	847	805	837	829
2021-10-05T20:47:45	847	806	839	830
2021-10-05T20:48:15	846	807	840	831
2021-10-05T20:48:45	850	808	840	832
2021-10-05T20:49:15	848	808	841	833
2021-10-05T20:49:45	852	810	843	834
2021-10-05T20:50:15	852	810	844	835
2021-10-05T20:50:45	851	812	844	836
2021-10-05T20:51:15	855	813	846	838
2021-10-05T20:51:45	855	814	846	838
2021-10-05T20:52:15	856	815	848	839
2021-10-05T20:52:45	856	816	848	841
2021-10-05T20:53:15	856	817	849	841
2021-10-05T20:53:45	859	818	850	842
2021-10-05T20:54:15	859	819	851	843
2021-10-05T20:54:45	860	820	853	844
2021-10-05T20:55:15	861	821	854	845
2021-10-05T20:55:45	860	821	854	846
2021-10-05T20:56:15	864	823	855	847
2021-10-05T20:56:45	864	823	856	847
2021-10-05T20:57:15	866	824	857	849
2021-10-05T20:57:45	864	825	858	850
2021-10-05T20:58:15	868	826	860	851
2021-10-05T20:58:45	867	827	861	852
2021-10-05T20:59:15	868	828	862	853
2021-10-05T20:59:45	869	830	863	854
2021-10-05T21:00:15	871	830	863	855
2021-10-05T21:00:45	872	831	864	856
2021-10-05T21:01:15	873	832	866	857
2021-10-05T21:01:45	874	833	866	858
2021-10-05T21:02:15	874	834	867	859
2021-10-05T21:02:45	875	835	868	860
2021-10-05T21:03:15	878	836	870	861
2021-10-05T21:03:45	877	837	871	862
2021-10-05T21:04:15	879	838	872	864
2021-10-05T21:04:45	879	839	873	865
2021-10-05T21:05:15	880	841	874	865
2021-10-05T21:05:45	882	841	875	867
2021-10-05T21:06:15	882	842	876	867
2021-10-05T21:06:45	884	843	876	868
2021-10-05T21:07:15	884	844	877	870
2021-10-05T21:07:45	886	845	879	872
2021-10-05T21:08:15	885	846	880	871
2021-10-05T21:08:45	888	847	881	873
2021-10-05T21:09:15	887	848	882	873
2021-10-05T21:09:45	888	849	883	874
2021-10-05T21:10:15	890	851	884	875
2021-10-05T21:10:45	890	851	884	876
2021-10-05T21:11:15	892	853	886	878
2021-10-05T21:11:45	892	854	886	878
2021-10-05T21:12:15	892	855	888	879
2021-10-05T21:12:45	895	856	889	880
2021-10-05T21:13:15	897	857	890	883
2021-10-05T21:13:45	895	858	890	884
2021-10-05T21:14:15	899	859	891	884
2021-10-05T21:14:45	899	860	893	886
2021-10-05T21:15:15	899	861	894	885
2021-10-05T21:15:45	900	862	895	886
2021-10-05T21:16:15	899	863	895	887
2021-10-05T21:16:45	900	864	896	888
2021-10-05T21:17:15	900	865	897	888
2021-10-05T21:17:45	899	866	898	889
2021-10-05T21:18:15	900	867	898	889
2021-10-05T21:18:45	900	868	899	889
2021-10-05T21:19:15	899	869	900	890
2021-10-05T21:19:45	900	870	900	891
2021-10-05T21:20:15	899	871	901	891
2021-10-05T21:20:45	898	872	902	892
2021-10-05T21:21:15	900	873	902	892
2021-10-05T21:21:45	898	872	902	893
2021-10-05T21:22:15	898	872	901	893
2021-10-05T21:22:45	899	873	902	893
2021-10-05T21:23:15	898	873	902	893
2021-10-05T21:23:45	900	874	903	893
2021-10-05T21:24:15	900	874	902	893
2021-10-05T21:24:45	900	874	902	894
2021-10-05T21:25:15	900	874	903	894
2021-10-05T21:25:45	900	875	901	893
2021-10-05T21:26:15	898	875	903	893
2021-10-05T21:26:45	900	875	902	893
2021-10-05T21:27:15	898	875	901	894
2021-10-05T21:27:45	899	876	902	894
2021-10-05T21:28:15	898	876	901	894
2021-10-05T21:28:45	899	876	902	894
2021-10-05T21:29:15	900	877	901	894
2021-10-05T21:29:45	899	877	901	894
2021-10-05T21:30:15	900	877	903	895
2021-10-05T21:30:45	900	878	902	896
2021-10-05T21:31:15	900	878	903	895
2021-10-05T21:31:45	901	879	902	895
2021-10-05T21:32:15	900	879	901	896
2021-10-05T21:32:45	899	879	903	896
2021-10-05T21:33:15	901	880	901	896
2021-10-05T21:33:45	900	880	902	896
2021-10-05T21:34:15	900	880	901	896
2021-10-05T21:34:45	900	882	902	896
2021-10-05T21:35:15	900	882	903	896
2021-10-05T21:35:45	900	883	903	896
2021-10-05T21:36:15	900	883	903	897
2021-10-05T21:36:45	900	883	902	897
2021-10-05T21:37:15	900	884	903	897
2021-10-05T21:37:45	900	884	902	897
2021-10-05T21:38:15	899	884	902	897
2021-10-05T21:38:45	901	884	902	896
2021-10-05T21:39:15	901	885	902	897
2021-10-05T21:39:45	900	885	902	896
2021-10-05T21:40:15	899	885	903	897
2021-10-05T21:40:45	900	886	902	898
2021-10-05T21:41:15	900	886	902	897
2021-10-05T21:41:45	898	886	902	897
2021-10-05T21:42:15	900	887	902	897
2021-10-05T21:42:45	900	887	901	898
2021-10-05T21:43:15	900	887	902	898
2021-10-05T21:43:45	899	887	902	898
2021-10-05T21:44:15	899	888	902	898
2021-10-05T21:44:45	899	888	902	898
2021-10-05T21:45:15	900	888	903	898
2021-10-05T21:45:45	899	889	903	898
2021-10-05T21:46:15	900	889	903	898
2021-10-05T21:46:45	899	889	902	898
2021-10-05T21:47:15	900	889	901	898
2021-10-05T21:47:45	900	890	902	899
2021-10-05T21:48:15	899	890	902	899
2021-10-05T21:48:45	899	890	902	899
2021-10-05T21:49:15	901	890	903	899
2021-10-05T21:49:45	900	891	903	899
2021-10-05T21:50:15	899	891	903	899
2021-10-05T21:50:45	900	891	902	899
2021-10-05T21:51:15	901	891	902	899
2021-10-05T21:51:45	899	892	902	899
2021-10-05T21:52:15	900	892	903	899
2021-10-05T21:52:45	900	893	903	899
2021-10-05T21:53:15	899	892	902	899
2021-10-05T21:53:45	901	893	902	899
2021-10-05T21:54:15	900	893	903	899
2021-10-05T21:54:45	899	893	902	899
2021-10-05T21:55:15	901	893	902	899
2021-10-05T21:55:45	899	894	902	899
2021-10-05T21:56:15	900	893	902	899
2021-10-05T21:56:45	901	894	902	899
2021-10-05T21:57:15	900	894	903	900
2021-10-05T21:57:45	901	894	902	900
2021-10-05T21:58:15	899	895	902	900
2021-10-05T21:58:45	900	894	902	900
2021-10-05T21:59:15	899	895	902	900
2021-10-05T21:59:45	900	895	902	900
2021-10-05T22:00:15	899	895	902	900
2021-10-05T22:00:45	899	896	903	900
2021-10-05T22:01:15	901	895	902	900
2021-10-05T22:01:45	899	896	903	900
2021-10-05T22:02:15	901	895	902	900
2021-10-05T22:02:45	899	896	903	900
2021-10-05T22:03:15	901	896	902	900
2021-10-05T22:03:45	899	897	903	900
2021-10-05T22:04:15	901	897	901	900
2021-10-05T22:04:45	899	898	903	900
2021-10-05T22:05:15	901	898	903	900
2021-10-05T22:05:45	900	898	902	900
2021-10-05T22:06:15	901	899	903	900
2021-10-05T22:06:45	899	898	902	900
2021-10-05T22:07:15	901	899	904	900
2021-10-05T22:07:45	900	899	902	900
2021-10-05T22:08:15	901	899	903	900
2021-10-05T22:08:45	899	899	902	901
2021-10-05T22:09:15	899	899	903	901
2021-10-05T22:09:45	900	899	903	901
2021-10-05T22:10:15	898	899	903	900
2021-10-05T22:10:45	900	899	903	901
2021-10-05T22:11:15	898	898	902	900
2021-10-05T22:11:45	900	899	902	901
2021-10-05T22:12:15	899	900	904	901
2021-10-05T22:12:45	901	900	903	902
2021-10-05T22:13:15	899	899	903	901
2021-10-05T22:13:45	901	900	903	901
2021-10-05T22:14:15	899	899	902	901
2021-10-05T22:14:45	899	899	902	901
2021-10-05T22:15:15	899	899	903	901
2021-10-05T22:15:45	899	900	903	901
2021-10-05T22:16:15	900	899	902	901
2021-10-05T22:16:45	899	900	902	901
2021-10-05T22:17:15	901	899	902	901
2021-10-05T22:17:45	899	900	903	901
2021-10-05T22:18:15	900	900	903	901
2021-10-05T22:18:45	900	900	902	901
2021-10-05T22:19:15	899	900	903	901
2021-10-05T22:19:45	900	900	902	901
2021-10-05T22:20:15	899	900	903	901
2021-10-05T22:20:45	901	899	902	901
2021-10-05T22:21:15	899	900	903	901
2021-10-05T22:21:45	901	899	902	901
2021-10-05T22:22:15	900	900	902	901
2021-10-05T22:22:45	901	900	903	901
2021-10-05T22:23:15	900	900	902	902
2021-10-05T22:23:45	900	900	903	901
2021-10-05T22:24:15	900	900	902	901
2021-10-05T22:24:45	899	900	902	901
2021-10-05T22:25:15	900	900	903	901
2021-10-05T22:25:45	898	901	902	901
2021-10-05T22:26:15	901	901	903	901
2021-10-05T22:26:45	899	901	903	902
2021-10-05T22:27:15	901	901	903	902
2021-10-05T22:27:45	899	901	902	902
2021-10-05T22:28:15	901	902	903	902
2021-10-05T22:28:45	900	901	903	901
2021-10-05T22:29:15	902	901	903	902
2021-10-05T22:29:45	899	901	903	902
2021-10-05T22:30:15	899	901	903	901
2021-10-05T22:30:45	901	901	902	902
2021-10-05T22:31:15	899	901	902	902
2021-10-05T22:31:45	900	901	902	901
2021-10-05T22:32:15	900	901	903	901
2021-10-05T22:32:45	899	900	903	901
2021-10-05T22:33:15	900	901	903	901
2021-10-05T22:33:45	899	901	903	901
2021-10-05T22:34:15	899	900	903	901
2021-10-05T22:34:45	900	900	903	901
2021-10-05T22:35:15	900	900	902	901
2021-10-05T22:35:45	900	901	902	901
2021-10-05T22:36:15	899	900	902	901
2021-10-05T22:36:45	900	901	903	901
2021-10-05T22:37:15	899	900	902	901
2021-10-05T22:37:45	900	900	902	901
2021-10-05T22:38:15	900	901	903	901
2021-10-05T22:38:45	899	901	903	901
2021-10-05T22:39:15	901	900	902	901
2021-10-05T22:39:45	900	901	903	901
2021-10-05T22:40:15	900	901	903	901
2021-10-05T22:40:45	900	901	901	901
2021-10-05T22:41:15	899	901	902	901
2021-10-05T22:41:45	900	901	903	901
2021-10-05T22:42:15	899	901	902	901
2021-10-05T22:42:45	900	901	902	901
2021-10-05T22:43:15	899	901	903	901
2021-10-05T22:43:45	900	901	902	901
2021-10-05T22:44:15	899	901	902	901
2021-10-05T22:44:45	900	901	902	901
2021-10-05T22:45:15	899	901	903	901
2021-10-05T22:45:45	900	901	903	901
2021-10-05T22:46:15	899	901	903	901
2021-10-05T22:46:45	900	901	903	901
2021-10-05T22:47:15	899	901	903	901
2021-10-05T22:47:45	900	901	903	901
2021-10-05T22:48:15	898	901	902	901
2021-10-05T22:48:45	900	902	903	901
2021-10-05T22:49:15	898	902	903	901
2021-10-05T22:49:45	900	901	903	901
2021-10-05T22:50:15	900	901	902	901
2021-10-05T22:50:45	900	901	902	901
2021-10-05T22:51:15	899	903	902	901
2021-10-05T22:51:45	899	903	903	901
2021-10-05T22:52:15	901	902	903	901
2021-10-05T22:52:45	899	902	902	901
2021-10-05T22:53:15	901	902	902	901
2021-10-05T22:53:45	899	902	903	901
2021-10-05T22:54:15	900	902	903	901
2021-10-05T22:54:45	899	902	903	901
2021-10-05T22:55:15	901	902	902	901
2021-10-05T22:55:45	899	902	902	901
2021-10-05T22:56:15	901	903	903	901
2021-10-05T22:56:45	899	903	903	901
2021-10-05T22:57:15	901	902	901	901
2021-10-05T22:57:45	899	902	902	901
2021-10-05T22:58:15	901	902	902	901
2021-10-05T22:58:45	899	903	903	901
2021-10-05T22:59:15	901	902	903	901
2021-10-05T22:59:45	900	903	904	901
2021-10-05T23:00:15	901	902	902	901
2021-10-05T23:00:45	899	903	902	901
2021-10-05T23:01:15	898	901	900	901
2021-10-05T23:01:45	896	900	898	900
2021-10-05T23:02:15	895	899	898	899
2021-10-05T23:02:45	895	898	897	898
2021-10-05T23:03:15	894	897	896	897
2021-10-05T23:03:45	893	897	896	897
2021-10-05T23:04:15	893	896	895	896
2021-10-05T23:04:45	892	896	895	896
2021-10-05T23:05:15	892	896	894	895
2021-10-05T23:05:45	891	895	894	895
2021-10-05T23:06:15	891	895	893	894
2021-10-05T23:06:45	890	895	893	894
2021-10-05T23:07:15	890	894	892	893
2021-10-05T23:07:45	835	884	878	889
2021-10-05T23:08:15	767	814	831	863
2021-10-05T23:08:45	632	734	775	854
2021-10-05T23:09:15	529	653	654	784
2021-10-05T23:09:45	490	548	590	708
2021-10-05T23:10:15	447	489	552	654
2021-10-05T23:10:45	422	455	522	613
2021-10-05T23:11:15	398	426	509	591
2021-10-05T23:11:45	379	414	490	565
2021-10-05T23:12:15	371	394	474	540
