time	T1	T2	T3	T4
2021-03-31T12:36:03	-100	-100	-100	-100
2021-03-31T12:36:13	-100	-100	-100	-100
2021-03-31T12:36:23	-100	-100	-100	-100
2021-03-31T12:36:33	-100	-100	-100	-100
2021-03-31T12:36:43	-100	-100	-100	-100
2021-03-31T12:36:53	-100	-100	-100	-100
2021-03-31T12:37:03	-100	-100	-100	-100
2021-03-31T12:37:13	-100	-100	-100	-100
2021-03-31T12:37:23	-100	-100	-100	-100
2021-03-31T12:37:33	-100	-100	-100	-100
2021-03-31T12:37:43	-100	-100	-100	-100
2021-03-31T12:37:53	-100	-100	-100	-100
2021-03-31T12:38:03	-100	-100	-100	-100
2021-03-31T12:38:13	-100	-100	-100	-100
2021-03-31T12:38:23	-100	-100	-100	-100
2021-03-31T12:38:33	-100	-100	-100	-100
2021-03-31T12:38:43	-100	-100	-100	-100
2021-03-31T12:38:53	-100	-100	-100	-100
2021-03-31T12:39:03	-100	-100	-100	-100
2021-03-31T12:39:13	-100	-100	-100	-100
2021-03-31T12:39:23	-100	-100	-100	-100
2021-03-31T12:39:33	-100	-100	-100	-100
2021-03-31T12:39:43	-100	-100	-100	-100
2021-03-31T12:39:53	-100	-100	-100	-100
2021-03-31T12:40:03	-100	-100	-100	-100
2021-03-31T12:40:13	-100	-100	-100	-100
2021-03-31T12:40:23	-100	-100	-100	-100
2021-03-31T12:40:33	-100	-100	-100	-100
2021-03-31T12:40:43	-100	-100	-100	-100
2021-03-31T12:40:53	-100	-100	-100	-100
2021-03-31T12:41:03	-100	-100	-100	-100
2021-03-31T12:41:13	-100	-100	-100	-100
2021-03-31T12:41:23	-100	-100	-100	-100
2021-03-31T12:41:33	-100	-100	-100	-100
2021-03-31T12:41:43	-100	-100	-100	-100
2021-03-31T12:41:53	-100	-100	-100	-100
2021-03-31T12:42:03	-100	-100	-100	-100
2021-03-31T12:42:13	-100	-100	-100	-100
2021-03-31T12:42:23	-100	-100	-100	-100
2021-03-31T12:42:33	-100	-100	-100	-100
2021-03-31T12:42:43	-100	-100	-100	-100
2021-03-31T12:42:53	-100	-100	-100	-100
2021-03-31T12:43:03	-100	-100	-100	-100
2021-03-31T12:43:13	-100	-100	-100	-100
2021-03-31T12:43:23	-100	-100	-100	-100
2021-03-31T12:43:33	-100	-100	-100	-100
2021-03-31T12:43:43	-100	-100	-100	-100
2021-03-31T12:43:53	-100	-100	-100	-100
2021-03-31T12:44:03	-100	-100	-100	-100
2021-03-31T12:44:13	-100	-100	-100	-100
2021-03-31T12:44:23	-100	-100	-100	-100
2021-03-31T12:44:33	-100	-100	-100	-100
2021-03-31T12:44:43	-100	-100	-100	-100
2021-03-31T12:44:53	-100	-100	-100	-100
2021-03-31T12:45:03	-100	-100	-100	-100
2021-03-31T12:45:13	-100	-100	-100	-100
2021-03-31T12:45:23	-100	-100	-100	-100
2021-03-31T12:45:33	-100	-100	-100	-100
2021-03-31T12:45:43	-100	-100	-100	-100
2021-03-31T12:45:53	-100	-100	-100	-100
2021-03-31T12:46:03	-100	-100	-100	-100
2021-03-31T12:46:13	-100	-100	-100	-100
2021-03-31T12:46:23	-100	-100	-100	-100
2021-03-31T12:46:33	-100	-100	-100	-100
2021-03-31T12:46:43	-100	-100	-100	-100
2021-03-31T12:46:53	-100	-100	-100	-100
2021-03-31T12:47:03	-100	-100	-100	-100
2021-03-31T12:47:13	-100	-100	-100	-100
2021-03-31T12:47:23	-100	-100	-100	-100
2021-03-31T12:47:33	-100	-100	-100	-100
2021-03-31T12:47:43	-100	-100	-100	-100
2021-03-31T12:47:53	-100	-100	-100	-100
2021-03-31T12:48:03	-100	-100	-100	-100
2021-03-31T12:48:13	-100	-100	-100	-100
2021-03-31T12:48:23	-100	-100	-100	-100
2021-03-31T12:48:33	-100	-100	-100	-100
2021-03-31T12:48:43	-100	-100	-100	-100
2021-03-31T12:48:53	-100	-100	-100	-100
2021-03-31T12:49:03	-100	-100	-100	-100
2021-03-31T12:49:13	-100	-100	-100	-100
2021-03-31T12:49:23	-100	-100	-100	-100
2021-03-31T12:49:33	-100	-100	-100	-100
2021-03-31T12:49:43	-100	-100	-100	-100
2021-03-31T12:49:53	-100	-100	-100	-100
2021-03-31T12:50:03	-100	-100	-100	-100
2021-03-31T12:50:13	-100	-100	-100	-100
2021-03-31T12:50:23	-100	-100	-100	-100
2021-03-31T12:50:33	-100	-100	-100	-100
2021-03-31T12:50:43	-100	-100	-100	-100
2021-03-31T12:50:53	-100	-100	-100	-100
2021-03-31T12:51:03	-100	-100	-100	-100
2021-03-31T12:51:13	-100	-100	-100	-100
2021-03-31T12:51:23	-100	-100	-100	-100
2021-03-31T12:51:33	-100	-100	-100	-100
2021-03-31T12:51:43	-100	-100	-100	-100
2021-03-31T12:51:53	-100	-100	-100	-100
2021-03-31T12:52:03	-100	-100	-100	-100
2021-03-31T12:52:13	-100	-100	-100	-100
2021-03-31T12:52:23	-100	-100	-100	-100
2021-03-31T12:52:33	-100	-100	-100	-100
2021-03-31T12:52:43	-100	-100	-100	-100
2021-03-31T12:52:53	-100	-100	-100	-100
2021-03-31T12:53:03	-100	-100	-100	-100
2021-03-31T12:53:13	-100	-100	-100	-100
2021-03-31T12:53:23	-100	-100	-100	-100
2021-03-31T12:53:33	-100	-100	-100	-100
2021-03-31T12:53:43	-100	-100	-100	-100
2021-03-31T12:53:53	-100	-100	-100	-100
2021-03-31T12:54:03	-100	-100	-100	-100
2021-03-31T12:54:13	-100	-100	-100	-100
2021-03-31T12:54:23	-100	-100	-100	-100
2021-03-31T12:54:33	-100	-100	-100	-100
2021-03-31T12:54:43	-100	-100	-100	-100
2021-03-31T12:54:53	-100	-100	-100	-100
2021-03-31T12:55:03	-100	-100	-100	-100
2021-03-31T12:55:13	-100	-100	-100	-100
2021-03-31T12:55:23	-100	-100	-100	-100
2021-03-31T12:55:33	-100	-100	-100	-100
2021-03-31T12:55:43	-100	-100	-100	-100
2021-03-31T12:55:53	-100	-100	-100	-100
2021-03-31T12:56:03	-100	-100	-100	-100
2021-03-31T12:56:13	-100	-100	-100	-100
2021-03-31T12:56:23	-100	-100	-100	-100
2021-03-31T12:56:33	-100	-100	-100	-100
2021-03-31T12:56:43	-100	-100	-100	-100
2021-03-31T12:56:53	-100	-100	-100	-100
2021-03-31T12:57:03	-100	-100	-100	-100
2021-03-31T12:57:13	-100	-100	-100	-100
2021-03-31T12:57:23	-100	-100	-100	-100
2021-03-31T12:57:33	-100	-100	-100	-100
2021-03-31T12:57:43	-100	-100	-100	-100
2021-03-31T12:57:53	-100	-100	-100	-100
2021-03-31T12:58:03	-100	-100	-100	-100
2021-03-31T12:58:13	-100	-100	-100	-100
2021-03-31T12:58:23	-100	-100	-100	-100
2021-03-31T12:58:33	-100	-100	-100	-100
2021-03-31T12:58:43	-100	-100	-100	-100
2021-03-31T12:58:53	-100	-100	-100	-100
2021-03-31T12:59:03	-100	-100	-100	-100
2021-03-31T12:59:13	-100	-100	-100	-100
2021-03-31T12:59:23	-100	-100	-100	-100
2021-03-31T12:59:33	-100	-100	-100	-100
2021-03-31T12:59:43	-100	-100	-100	-100
2021-03-31T12:59:53	-100	-100	-100	-100
2021-03-31T13:00:03	-100	-100	-100	-100
2021-03-31T13:00:13	-100	-100	-100	-100
2021-03-31T13:00:23	-100	-100	-100	-100
2021-03-31T13:00:33	-100	-100	-100	-100
2021-03-31T13:00:43	-100	-100	-100	-100
2021-03-31T13:00:53	-100	-100	-100	-100
2021-03-31T13:01:03	-100	-100	-100	-100
2021-03-31T13:01:13	-100	-100	-100	-100
2021-03-31T13:01:23	-100	-100	-100	-100
2021-03-31T13:01:33	-100	-100	-100	-100
2021-03-31T13:01:43	-100	-100	-100	-100
2021-03-31T13:01:53	-100	-100	-100	-100
2021-03-31T13:02:03	-100	-100	-100	-100
2021-03-31T13:02:13	-100	-100	-100	-100
2021-03-31T13:02:23	-100	-100	-100	-100
2021-03-31T13:02:33	-100	-100	-100	-100
2021-03-31T13:02:43	-100	-100	-100	-100
2021-03-31T13:02:53	-100	-100	-100	-100
2021-03-31T13:03:03	-100	-100	-100	-100
2021-03-31T13:03:13	-100	-100	-100	-100
2021-03-31T13:03:23	-100	-100	-100	-100
2021-03-31T13:03:33	-100	-100	-100	-100
2021-03-31T13:03:43	-100	-100	-100	-100
2021-03-31T13:03:53	-100	-100	-100	-100
2021-03-31T13:04:03	-100	-100	-100	-100
2021-03-31T13:04:13	-100	-100	-100	-100
2021-03-31T13:04:23	-100	-100	-100	-100
2021-03-31T13:04:33	-100	-100	-100	-100
2021-03-31T13:04:43	-100	-100	-100	-100
2021-03-31T13:04:53	-100	-100	-100	-100
2021-03-31T13:05:03	-100	-100	-100	-100
2021-03-31T13:05:13	-100	-100	-100	-100
2021-03-31T13:05:23	-100	-100	-100	-100
2021-03-31T13:05:33	-100	-100	-100	-100
2021-03-31T13:05:43	-100	-100	-100	-100
2021-03-31T13:05:53	-100	-100	-100	-100
2021-03-31T13:06:03	-100	-100	-100	-100
2021-03-31T13:06:13	-100	-100	-100	-100
2021-03-31T13:06:23	-100	-100	-100	-100
2021-03-31T13:06:33	-100	-100	-100	-100
2021-03-31T13:06:43	-100	-100	-100	-100
2021-03-31T13:06:53	-100	-100	-100	-100
2021-03-31T13:07:03	-100	-100	-100	-100
2021-03-31T13:07:13	-100	-100	-100	-100
2021-03-31T13:07:23	-100	-100	-100	-100
2021-03-31T13:07:33	-100	-100	-100	-100
2021-03-31T13:07:43	-100	-100	-100	-100
2021-03-31T13:07:53	-100	-100	-100	-100
2021-03-31T13:08:03	-100	-100	-100	-100
2021-03-31T13:08:13	-100	-100	-100	-100
2021-03-31T13:08:23	-100	-100	-100	-100
2021-03-31T13:08:33	-100	-100	-100	-100
2021-03-31T13:08:43	-100	-100	-100	-100
2021-03-31T13:08:53	-100	-100	-100	-100
2021-03-31T13:09:03	-100	-100	-100	-100
2021-03-31T13:09:13	-100	-100	-100	-100
2021-03-31T13:09:23	-100	-100	-100	-100
2021-03-31T13:09:33	-100	-100	-100	-100
2021-03-31T13:09:43	-100	-100	-100	-100
2021-03-31T13:09:53	-100	-100	-100	-100
2021-03-31T13:10:03	-100	-100	-100	-100
2021-03-31T13:10:13	-100	-100	-100	-100
2021-03-31T13:10:23	-100	-100	-100	-100
2021-03-31T13:10:33	-100	-100	-100	-100
2021-03-31T13:10:43	-100	-100	-100	-100
2021-03-31T13:10:53	-100	-100	-100	-100
2021-03-31T13:11:03	-100	-100	-100	-100
2021-03-31T13:11:13	-100	-100	-100	-100
2021-03-31T13:11:23	-100	-100	-100	-100
2021-03-31T13:11:33	-100	-100	-100	-100
2021-03-31T13:11:43	-100	-100	-100	-100
2021-03-31T13:11:53	-100	-100	-100	-100
2021-03-31T13:12:03	-100	-100	-100	-100
2021-03-31T13:12:13	-100	-100	-100	-100
2021-03-31T13:12:23	-100	-100	-100	-100
2021-03-31T13:12:33	-100	-100	-100	-100
2021-03-31T13:12:43	-100	-100	-100	-100
2021-03-31T13:12:53	-100	-100	-100	-100
2021-03-31T13:13:03	-100	-100	-100	-100
2021-03-31T13:13:13	-100	-100	-100	-100
2021-03-31T13:13:23	-100	-100	-100	-100
2021-03-31T13:13:33	-100	-100	-100	-100
2021-03-31T13:13:43	-100	-100	-100	-100
2021-03-31T13:13:53	-100	-100	-100	-100
2021-03-31T13:14:03	-100	-100	-100	-100
2021-03-31T13:14:13	-100	-100	-100	-100
2021-03-31T13:14:23	-100	-100	-100	-100
2021-03-31T13:14:33	-100	-100	-100	-100
2021-03-31T13:14:43	-100	-100	-100	-100
2021-03-31T13:14:53	-100	-100	-100	-100
2021-03-31T13:15:03	-100	-100	-100	-100
2021-03-31T13:15:13	-100	-100	-100	-100
2021-03-31T13:15:23	-100	-100	-100	-100
2021-03-31T13:15:33	-100	-100	-100	-100
2021-03-31T13:15:43	-100	-100	-100	-100
2021-03-31T13:15:53	-100	-100	-100	-100
2021-03-31T13:16:03	-100	-100	-100	-100
2021-03-31T13:16:13	-100	-100	-100	-100
2021-03-31T13:16:23	-100	-100	-100	-100
2021-03-31T13:16:33	-100	-100	-100	-100
2021-03-31T13:16:43	-100	-100	-100	-100
2021-03-31T13:16:53	-100	-100	-100	-100
2021-03-31T13:17:03	-100	-100	-100	-100
2021-03-31T13:17:13	-100	-100	-100	-100
2021-03-31T13:17:23	-100	-100	-100	-100
2021-03-31T13:17:33	-100	-100	-100	-100
2021-03-31T13:17:43	-100	-100	-100	-100
2021-03-31T13:17:53	-100	-100	-100	-100
2021-03-31T13:18:03	-100	-100	-100	-100
2021-03-31T13:18:13	-100	-100	-100	-100
2021-03-31T13:18:23	-100	-100	-100	-100
2021-03-31T13:18:33	-100	-100	-100	-100
2021-03-31T13:18:43	-100	-100	-100	-100
2021-03-31T13:18:53	-100	-100	-100	-100
2021-03-31T13:19:03	-100	-100	-100	-100
2021-03-31T13:19:13	-100	-100	-100	-100
2021-03-31T13:19:23	-100	-100	-100	-100
2021-03-31T13:19:33	-100	-100	-100	-100
2021-03-31T13:19:43	-100	-100	-100	-100
2021-03-31T13:19:53	-100	-100	-100	-100
2021-03-31T13:20:03	-100	-100	-100	-100
2021-03-31T13:20:13	-100	-100	-100	-100
2021-03-31T13:20:23	-100	-100	-100	-100
2021-03-31T13:20:33	-100	-100	-100	-100
2021-03-31T13:20:43	-100	-100	-100	-100
2021-03-31T13:20:53	-100	-100	-100	-100
2021-03-31T13:21:03	-100	-100	-100	-100
2021-03-31T13:21:13	105	69	72	-100
2021-03-31T13:21:23	66	69	72	71
2021-03-31T13:21:33	66	69	72	71
2021-03-31T13:21:43	66	69	72	71
2021-03-31T13:21:53	66	69	72	71
2021-03-31T13:22:03	66	69	72	71
2021-03-31T13:22:13	66	69	72	71
2021-03-31T13:22:23	66	69	72	71
2021-03-31T13:22:33	65	69	72	71
2021-03-31T13:22:43	65	69	72	71
2021-03-31T13:22:53	65	69	72	71
2021-03-31T13:23:03	66	69	72	71
2021-03-31T13:23:13	66	70	72	71
2021-03-31T13:23:23	67	71	72	71
2021-03-31T13:23:33	68	72	73	71
2021-03-31T13:23:43	69	74	74	71
2021-03-31T13:23:53	69	75	75	71
2021-03-31T13:24:03	70	76	75	71
2021-03-31T13:24:13	70	77	75	71
2021-03-31T13:24:23	71	77	76	71
2021-03-31T13:24:33	71	77	76	71
2021-03-31T13:24:43	71	77	76	71
2021-03-31T13:24:53	72	78	76	71
2021-03-31T13:25:03	72	78	76	72
2021-03-31T13:25:13	72	78	76	72
2021-03-31T13:25:23	72	78	76	72
2021-03-31T13:25:33	72	79	76	72
2021-03-31T13:25:43	73	80	78	72
2021-03-31T13:25:53	75	83	81	72
2021-03-31T13:26:03	80	86	87	72
2021-03-31T13:26:13	83	89	91	73
2021-03-31T13:26:23	87	92	94	73
2021-03-31T13:26:33	90	93	96	74
2021-03-31T13:26:43	91	95	98	75
2021-03-31T13:26:53	93	96	98	75
2021-03-31T13:27:03	93	97	98	76
2021-03-31T13:27:13	94	97	98	76
2021-03-31T13:27:23	94	97	98	77
2021-03-31T13:27:33	95	97	98	77
2021-03-31T13:27:43	95	97	98	78
2021-03-31T13:27:53	95	96	98	78
2021-03-31T13:28:03	95	96	97	79
2021-03-31T13:28:13	95	96	97	80
2021-03-31T13:28:23	95	96	97	80
2021-03-31T13:28:33	95	96	97	80
2021-03-31T13:28:43	95	96	97	80
2021-03-31T13:28:53	95	96	97	80
2021-03-31T13:29:03	95	96	97	80
2021-03-31T13:29:13	95	96	97	80
2021-03-31T13:29:23	95	96	97	80
2021-03-31T13:29:33	95	96	97	80
2021-03-31T13:29:43	95	96	97	80
2021-03-31T13:29:53	95	96	97	80
2021-03-31T13:30:03	95	96	97	80
2021-03-31T13:30:13	95	96	97	80
2021-03-31T13:30:23	-100	96	97	80
2021-03-31T13:30:33	-100	-100	-100	-100
2021-03-31T13:30:43	-100	-100	-100	-100
2021-03-31T13:30:53	-100	-100	-100	80
2021-03-31T13:31:03	93	94	96	85
2021-03-31T13:31:13	92	93	95	85
2021-03-31T13:31:23	92	93	94	85
2021-03-31T13:31:33	92	93	94	86
2021-03-31T13:31:43	92	93	93	85
2021-03-31T13:31:53	92	94	93	85
2021-03-31T13:32:03	92	94	93	85
2021-03-31T13:32:13	92	96	94	86
2021-03-31T13:32:23	93	97	94	86
2021-03-31T13:32:33	93	98	95	86
2021-03-31T13:32:43	94	100	96	86
2021-03-31T13:32:53	94	101	96	86
2021-03-31T13:33:03	95	102	97	87
2021-03-31T13:33:13	95	101	97	87
2021-03-31T13:33:23	95	102	97	87
2021-03-31T13:33:33	95	102	97	87
2021-03-31T13:33:43	95	102	97	87
2021-03-31T13:33:53	95	101	97	88
2021-03-31T13:34:03	95	103	97	88
2021-03-31T13:34:13	95	103	97	88
2021-03-31T13:34:23	95	103	97	88
2021-03-31T13:34:33	95	103	97	88
2021-03-31T13:34:43	95	103	97	88
2021-03-31T13:34:53	95	103	97	88
2021-03-31T13:35:03	95	103	97	88
2021-03-31T13:35:13	95	103	97	88
2021-03-31T13:35:23	95	103	97	88
2021-03-31T13:35:33	95	103	97	88
2021-03-31T13:35:43	95	103	97	88
2021-03-31T13:35:53	95	103	97	88
2021-03-31T13:36:03	95	103	97	88
2021-03-31T13:36:13	95	107	102	88
2021-03-31T13:36:23	98	108	102	91
2021-03-31T13:36:33	98	107	102	91
2021-03-31T13:36:43	97	107	101	91
2021-03-31T13:36:53	96	106	100	92
2021-03-31T13:37:03	96	106	99	92
2021-03-31T13:37:13	96	106	99	93
2021-03-31T13:37:23	97	105	99	93
2021-03-31T13:37:33	97	105	99	92
2021-03-31T13:37:43	97	106	100	93
2021-03-31T13:37:53	98	106	100	93
2021-03-31T13:38:03	98	107	101	93
2021-03-31T13:38:13	99	108	101	93
2021-03-31T13:38:23	99	109	101	93
2021-03-31T13:38:33	100	110	101	93
2021-03-31T13:38:43	101	110	101	93
2021-03-31T13:38:53	101	111	102	94
2021-03-31T13:39:03	101	111	102	95
2021-03-31T13:39:13	101	111	103	94
2021-03-31T13:39:23	101	111	103	95
2021-03-31T13:39:33	102	112	104	95
2021-03-31T13:39:43	103	112	105	96
2021-03-31T13:39:53	104	112	105	97
2021-03-31T13:40:03	104	114	106	96
2021-03-31T13:40:13	104	114	106	96
2021-03-31T13:40:23	106	115	106	96
2021-03-31T13:40:33	107	115	108	97
2021-03-31T13:43:05	106	111	-100	-100
2021-03-31T13:43:15	106	110	114	101
2021-03-31T13:43:29	106	110	113	101
2021-03-31T13:43:39	106	110	114	101
2021-03-31T13:43:49	106	110	113	101
2021-03-31T13:43:59	106	110	113	102
2021-03-31T13:44:09	106	110	113	102
2021-03-31T13:44:19	106	110	113	102
2021-03-31T13:44:29	106	110	113	102
2021-03-31T13:44:39	105	110	113	102
2021-03-31T13:44:49	105	110	113	103
2021-03-31T13:44:59	105	110	111	102
2021-03-31T13:45:09	105	110	109	102
2021-03-31T13:45:19	105	110	108	102
2021-03-31T13:45:29	105	111	108	102
2021-03-31T13:45:39	105	111	109	103
2021-03-31T13:45:49	107	112	112	103
2021-03-31T13:45:59	111	115	117	104
2021-03-31T13:46:09	115	120	121	104
2021-03-31T13:46:19	118	123	125	104
2021-03-31T13:46:29	120	125	127	105
2021-03-31T13:46:39	122	126	127	106
2021-03-31T13:46:49	123	127	128	107
2021-03-31T13:46:59	124	127	128	107
2021-03-31T13:47:09	124	127	128	108
2021-03-31T13:47:19	124	127	127	108
2021-03-31T13:47:29	124	126	127	108
2021-03-31T13:47:39	124	126	126	109
2021-03-31T13:47:49	124	126	126	109
2021-03-31T13:47:59	124	125	126	110
2021-03-31T13:48:09	124	124	125	110
2021-03-31T13:48:19	124	124	125	111
2021-03-31T13:48:29	123	124	124	111
2021-03-31T13:48:39	123	124	124	112
2021-03-31T13:48:49	123	123	124	112
2021-03-31T13:48:59	123	123	123	113
2021-03-31T13:49:09	122	122	123	113
2021-03-31T13:49:19	122	122	123	113
2021-03-31T13:49:29	122	121	123	113
2021-03-31T13:49:39	122	122	125	114
2021-03-31T13:49:49	122	122	125	114
2021-03-31T13:49:59	123	122	126	114
2021-03-31T13:50:09	123	122	126	115
2021-03-31T13:50:19	123	122	126	115
2021-03-31T13:50:29	123	123	125	115
2021-03-31T13:50:39	122	122	125	115
2021-03-31T13:50:49	122	122	125	115
2021-03-31T13:50:59	122	122	125	115
2021-03-31T13:51:09	121	123	124	116
2021-03-31T13:51:19	122	123	124	116
2021-03-31T13:51:29	122	123	124	116
2021-03-31T13:51:39	122	124	124	116
2021-03-31T13:51:49	122	124	124	116
2021-03-31T13:51:59	122	124	124	117
2021-03-31T13:52:09	122	125	125	117
2021-03-31T13:52:19	121	124	125	117
2021-03-31T13:52:29	107	116	124	117
2021-03-31T13:52:39	96	106	116	117
2021-03-31T13:52:49	88	95	108	116
2021-03-31T13:52:59	83	89	103	116
2021-03-31T13:53:09	78	84	99	115
2021-03-31T13:53:19	76	78	95	114
2021-03-31T13:53:29	73	75	93	113
2021-03-31T13:53:39	70	72	91	113
2021-03-31T13:53:49	68	70	89	111
2021-03-31T13:53:59	66	67	86	110
2021-03-31T13:54:09	64	64	86	109
2021-03-31T13:54:19	62	63	84	108
2021-03-31T13:54:29	61	61	82	107
2021-03-31T13:54:39	59	61	81	106
2021-03-31T13:54:49	57	59	79	104
2021-03-31T13:54:59	57	57	79	103
2021-03-31T13:55:09	56	57	78	102
2021-03-31T13:55:19	56	55	77	101
2021-03-31T13:55:29	54	55	76	100
2021-03-31T13:55:39	54	54	76	98
2021-03-31T13:55:49	52	53	75	97
2021-03-31T13:55:59	51	52	74	96
2021-03-31T13:56:09	50	51	73	95
2021-03-31T13:56:19	49	51	73	93
2021-03-31T13:56:29	48	50	72	92
2021-03-31T13:56:39	47	49	72	91
2021-03-31T13:56:49	46	50	71	91
2021-03-31T13:56:59	46	49	71	90
2021-03-31T13:57:09	45	48	70	89
2021-03-31T13:57:19	45	48	70	88
2021-03-31T13:57:29	44	47	70	87
2021-03-31T13:57:39	44	47	69	86
2021-03-31T13:57:49	43	47	68	85
2021-03-31T13:57:59	42	46	68	84
2021-03-31T13:58:09	42	46	67	83
2021-03-31T13:58:19	42	46	67	82
2021-03-31T13:58:29	42	45	67	81
2021-03-31T13:58:39	42	45	66	80
2021-03-31T13:58:49	41	46	67	79
2021-03-31T13:58:59	41	46	67	78
2021-03-31T13:59:09	41	46	67	77
2021-03-31T13:59:19	41	45	67	76
2021-03-31T13:59:29	42	46	66	75
2021-03-31T13:59:39	41	47	65	75
2021-03-31T13:59:49	40	47	66	75
2021-03-31T13:59:59	40	47	66	75
2021-03-31T14:00:09	40	47	66	75
2021-03-31T14:00:19	40	47	66	75
2021-03-31T14:00:29	40	47	66	75
2021-03-31T14:00:39	40	47	66	75
2021-03-31T14:00:49	40	47	66	75
2021-03-31T14:00:59	40	47	66	75
2021-03-31T14:01:09	40	47	66	75
2021-03-31T14:01:19	40	47	66	75
2021-03-31T14:01:29	40	47	66	75
2021-03-31T14:01:39	40	47	66	75
2021-03-31T14:01:49	40	47	66	75
2021-03-31T14:01:59	-100	47	66	75
2021-03-31T14:02:09	-100	-100	-100	-100
2021-03-31T14:02:19	-100	-100	-100	-100
2021-03-31T14:02:29	-100	-100	-100	-100
2021-03-31T14:02:39	-100	-100	-100	-100
2021-03-31T14:02:49	-100	-100	-100	-100
2021-03-31T14:02:59	-100	-100	-100	-100
2021-03-31T14:03:09	-100	-100	-100	-100
2021-03-31T14:03:19	-100	-100	-100	-100
2021-03-31T14:03:29	-100	-100	-100	-100
2021-03-31T14:03:39	-100	-100	-100	-100
2021-03-31T14:03:49	-100	-100	-100	-100
2021-03-31T14:03:59	-100	-100	-100	-100
2021-03-31T14:04:09	-100	-100	-100	-100
2021-03-31T14:04:19	-100	-100	-100	-100
2021-03-31T14:04:29	-100	-100	-100	-100
2021-03-31T14:04:39	-100	-100	-100	-100
2021-03-31T14:04:49	-100	-100	-100	-100
2021-03-31T14:04:59	-100	-100	-100	-100
2021-03-31T14:05:09	-100	-100	-100	-100
2021-03-31T14:05:19	-100	-100	-100	-100
2021-03-31T14:05:29	-100	-100	-100	-100
2021-03-31T14:05:39	-100	-100	-100	-100
2021-03-31T14:05:49	-100	-100	-100	-100
2021-03-31T14:05:59	-100	-100	-100	-100
2021-03-31T14:06:09	-100	-100	-100	-100
2021-03-31T14:06:19	-100	-100	-100	-100
2021-03-31T14:06:29	-100	-100	-100	-100
2021-03-31T14:06:39	-100	-100	-100	-100
2021-03-31T14:06:49	-100	-100	-100	-100
2021-03-31T14:06:59	-100	-100	-100	-100
2021-03-31T14:07:09	-100	-100	-100	-100
2021-03-31T14:07:19	-100	-100	-100	-100
2021-03-31T14:07:29	-100	-100	-100	-100
2021-03-31T14:07:39	-100	-100	-100	-100
2021-03-31T14:07:49	-100	-100	-100	-100
2021-03-31T14:07:59	-100	-100	-100	-100
2021-03-31T14:08:09	-100	-100	-100	-100
2021-03-31T14:08:19	-100	-100	-100	-100
2021-03-31T14:08:29	-100	-100	-100	-100
2021-03-31T14:08:39	-100	-100	-100	-100
2021-03-31T14:08:49	-100	-100	-100	-100
2021-03-31T14:08:59	-100	-100	-100	-100
2021-03-31T14:09:09	-100	-100	-100	-100
2021-03-31T14:09:19	-100	-100	-100	-100
2021-03-31T14:09:29	-100	-100	-100	-100
2021-03-31T14:09:39	-100	-100	-100	-100
2021-03-31T14:09:49	-100	-100	-100	-100
2021-03-31T14:09:59	-100	-100	-100	-100
2021-03-31T14:10:09	-100	-100	-100	-100
2021-03-31T14:10:19	-100	-100	-100	-100
2021-03-31T14:10:29	-100	-100	-100	-100
2021-03-31T14:10:39	-100	-100	-100	-100
2021-03-31T14:10:49	-100	-100	-100	-100
2021-03-31T14:10:59	-100	-100	-100	-100
2021-03-31T14:11:09	-100	-100	-100	-100
2021-03-31T14:11:19	-100	-100	-100	-100
2021-03-31T14:11:29	-100	-100	-100	-100
2021-03-31T14:11:39	-100	-100	-100	-100
2021-03-31T14:11:49	-100	-100	-100	-100
2021-03-31T14:11:59	-100	-100	-100	-100
2021-03-31T14:12:09	-100	-100	-100	-100
2021-03-31T14:12:19	-100	-100	-100	-100
2021-03-31T14:12:29	-100	-100	-100	-100
2021-03-31T14:12:39	-100	-100	-100	-100
2021-03-31T14:12:49	-100	-100	-100	-100
2021-03-31T14:12:59	-100	-100	-100	-100
2021-03-31T14:13:09	-100	-100	-100	-100
2021-03-31T14:13:19	-100	-100	-100	-100
2021-03-31T14:13:29	-100	-100	-100	-100
2021-03-31T14:13:39	-100	-100	-100	-100
2021-03-31T14:13:49	-100	-100	-100	-100
2021-03-31T14:13:59	-100	-100	-100	-100
2021-03-31T14:14:09	-100	-100	-100	-100
2021-03-31T14:14:19	-100	-100	-100	-100
2021-03-31T14:14:29	-100	-100	-100	-100
2021-03-31T14:14:39	-100	-100	-100	-100
2021-03-31T14:14:49	-100	-100	-100	-100
2021-03-31T14:14:59	-100	-100	-100	-100
2021-03-31T14:15:09	-100	-100	-100	-100
2021-03-31T14:15:19	-100	-100	-100	-100
2021-03-31T14:15:29	-100	-100	-100	-100
2021-03-31T14:15:39	-100	-100	-100	-100
2021-03-31T14:15:49	-100	-100	-100	-100
2021-03-31T14:15:59	-100	-100	-100	-100
2021-03-31T14:16:09	-100	-100	-100	-100
2021-03-31T14:16:19	-100	-100	-100	-100
2021-03-31T14:16:29	-100	-100	-100	-100
2021-03-31T14:16:39	-100	-100	-100	-100
2021-03-31T14:16:49	-100	-100	-100	-100
2021-03-31T14:16:59	-100	-100	-100	-100
2021-03-31T14:17:09	-100	-100	-100	-100
2021-03-31T14:17:19	-100	-100	-100	-100
2021-03-31T14:17:29	-100	-100	-100	-100
2021-03-31T14:17:39	-100	-100	-100	-100
2021-03-31T14:17:49	-100	-100	-100	-100
2021-03-31T14:17:59	-100	-100	-100	-100
2021-03-31T14:18:09	-100	-100	-100	-100
2021-03-31T14:18:19	-100	-100	-100	-100
2021-03-31T14:18:29	-100	-100	-100	-100
2021-03-31T14:18:39	-100	-100	-100	-100
2021-03-31T14:18:49	-100	-100	-100	-100
2021-03-31T14:18:59	-100	-100	-100	-100
2021-03-31T14:19:09	-100	-100	-100	-100
2021-03-31T14:19:19	-100	-100	-100	-100
2021-03-31T14:19:29	-100	-100	-100	-100
2021-03-31T14:19:39	-100	-100	-100	-100
2021-03-31T14:19:49	-100	-100	-100	-100
2021-03-31T14:19:59	-100	-100	-100	-100
2021-03-31T14:20:09	-100	-100	-100	-100
2021-03-31T14:20:19	-100	-100	-100	-100
2021-03-31T14:20:29	-100	-100	-100	-100
2021-03-31T14:20:39	-100	-100	-100	-100
2021-03-31T14:20:49	-100	-100	-100	-100
2021-03-31T14:20:59	-100	-100	-100	-100
2021-03-31T14:21:09	-100	-100	-100	-100
2021-03-31T14:21:19	-100	-100	-100	-100
2021-03-31T14:21:29	-100	-100	-100	-100
2021-03-31T14:21:39	-100	-100	-100	-100
2021-03-31T14:21:49	-100	-100	-100	-100
2021-03-31T14:21:59	-100	-100	-100	-100
2021-03-31T14:22:09	-100	-100	-100	-100
2021-03-31T14:22:19	-100	-100	-100	-100
2021-03-31T14:22:29	-100	-100	-100	-100
2021-03-31T14:22:39	-100	-100	-100	-100
2021-03-31T14:22:49	-100	-100	-100	-100
2021-03-31T14:22:59	-100	-100	-100	-100
2021-03-31T14:23:09	-100	-100	-100	-100
2021-03-31T14:23:19	-100	-100	-100	-100
2021-03-31T14:23:29	-100	-100	-100	-100
2021-03-31T14:23:39	-100	-100	-100	-100
2021-03-31T14:23:49	-100	-100	-100	-100
2021-03-31T14:23:59	-100	-100	-100	-100
2021-03-31T14:24:09	-100	-100	-100	-100
2021-03-31T14:24:19	-100	-100	-100	-100
2021-03-31T14:24:29	-100	-100	-100	-100
2021-03-31T14:24:39	-100	-100	-100	-100
2021-03-31T14:24:49	-100	-100	-100	-100
2021-03-31T14:24:59	-100	-100	-100	-100
2021-03-31T14:25:09	-100	-100	-100	-100
2021-03-31T14:25:19	-100	-100	-100	-100
2021-03-31T14:25:29	-100	-100	-100	-100
2021-03-31T14:25:39	-100	-100	-100	-100
2021-03-31T14:25:49	-100	-100	-100	-100
2021-03-31T14:25:59	-100	-100	-100	-100
2021-03-31T14:26:09	-100	-100	-100	-100
2021-03-31T14:26:19	-100	-100	-100	-100
2021-03-31T14:26:29	-100	-100	-100	-100
2021-03-31T14:26:39	-100	-100	-100	-100
2021-03-31T14:26:49	-100	-100	-100	-100
2021-03-31T14:26:59	-100	-100	-100	-100
2021-03-31T14:27:09	-100	-100	-100	-100
2021-03-31T14:27:19	-100	-100	-100	-100
2021-03-31T14:27:29	-100	-100	-100	-100
2021-03-31T14:27:39	-100	-100	-100	-100
2021-03-31T14:27:49	-100	-100	-100	-100
2021-03-31T14:27:59	-100	-100	-100	-100
2021-03-31T14:28:09	-100	-100	-100	-100
2021-03-31T14:28:19	-100	-100	-100	-100
2021-03-31T14:28:29	-100	-100	-100	-100
2021-03-31T14:28:39	-100	-100	-100	-100
2021-03-31T14:28:49	-100	-100	-100	-100
2021-03-31T14:28:59	-100	-100	-100	-100
2021-03-31T14:29:09	-100	29	39	32
2021-03-31T14:29:19	27	29	39	32
2021-03-31T14:29:29	27	29	39	32
2021-03-31T14:29:39	27	29	39	32
2021-03-31T14:29:49	27	29	40	32
2021-03-31T14:29:59	28	31	40	32
2021-03-31T14:30:09	29	32	41	32
2021-03-31T14:30:19	30	32	42	32
2021-03-31T14:30:29	30	33	43	32
2021-03-31T14:30:39	31	35	44	32
2021-03-31T14:30:49	32	35	45	31
2021-03-31T14:30:59	33	36	45	31
2021-03-31T14:31:09	33	37	46	33
2021-03-31T14:31:19	34	38	47	32
2021-03-31T14:31:29	35	39	48	32
2021-03-31T14:31:39	35	39	48	32
2021-03-31T14:31:49	35	39	48	32
2021-03-31T14:31:59	35	39	48	32
2021-03-31T14:32:09	35	39	48	32
2021-03-31T14:32:19	35	39	48	32
2021-03-31T14:32:29	35	39	48	32
2021-03-31T14:32:39	35	39	48	32
2021-03-31T14:32:49	35	39	48	32
2021-03-31T14:32:59	35	39	48	32
2021-03-31T14:33:09	35	39	48	32
2021-03-31T14:33:19	35	39	48	32
2021-03-31T14:33:29	35	39	48	32
2021-03-31T14:33:39	-100	-100	48	32
2021-03-31T14:33:49	-100	-100	-100	-100
2021-03-31T14:33:59	-100	-100	-100	-100
2021-03-31T14:34:09	-100	-100	-100	-100
2021-03-31T14:34:19	-100	-100	-100	-100
2021-03-31T14:34:29	-100	-100	-100	-100
2021-03-31T14:34:39	-100	-100	-100	-100
2021-03-31T14:34:49	-100	-100	-100	-100
2021-03-31T14:34:59	-100	-100	-100	-100
2021-03-31T14:35:09	-100	-100	-100	-100
2021-03-31T14:35:19	-100	-100	-100	33
2021-03-31T14:35:29	46	49	55	39
2021-03-31T14:35:39	47	50	56	39
2021-03-31T14:35:49	48	51	57	39
2021-03-31T14:35:59	50	52	58	40
2021-03-31T14:36:09	51	53	59	40
2021-03-31T14:36:19	52	53	59	40
2021-03-31T14:36:29	52	53	59	40
2021-03-31T14:36:39	52	53	59	40
2021-03-31T14:36:49	52	53	59	40
2021-03-31T14:36:59	52	53	59	40
2021-03-31T14:37:09	52	53	59	40
2021-03-31T14:37:19	52	53	59	40
2021-03-31T14:37:29	52	53	59	40
2021-03-31T14:37:39	52	53	59	40
2021-03-31T14:37:49	52	53	59	40
2021-03-31T14:37:59	52	53	59	40
2021-03-31T14:38:09	52	53	59	40
2021-03-31T14:38:19	52	-100	-100	40
2021-03-31T14:38:29	52	-100	-100	-100
2021-03-31T14:38:39	-100	-100	-100	-100
2021-03-31T14:38:49	-100	-100	-100	-100
2021-03-31T14:38:59	-100	-100	-100	-100
2021-03-31T14:39:09	-100	-100	-100	-100
2021-03-31T14:39:19	-100	-100	-100	-100
2021-03-31T14:39:29	-100	-100	-100	-100
2021-03-31T14:39:39	-100	-100	-100	-100
2021-03-31T14:39:49	-100	-100	-100	-100
2021-03-31T14:39:59	-100	-100	-100	-100
2021-03-31T14:40:09	-100	-100	-100	-100
2021-03-31T14:40:19	-100	-100	-100	-100
2021-03-31T14:40:29	-100	-100	-100	-100
2021-03-31T14:40:39	-100	-100	-100	-100
2021-03-31T14:40:49	-100	-100	-100	-100
2021-03-31T14:40:59	-100	-100	-100	-100
2021-03-31T14:41:09	-100	-100	-100	-100
2021-03-31T14:41:19	-100	-100	-100	-100
2021-03-31T14:41:29	-100	-100	-100	-100
2021-03-31T14:41:39	-100	-100	-100	-100
2021-03-31T14:41:49	-100	-100	-100	-100
2021-03-31T14:41:59	-100	-100	-100	-100
2021-03-31T14:42:09	-100	-100	-100	-100
2021-03-31T14:42:19	-100	-100	-100	-100
2021-03-31T14:42:29	-100	-100	-100	-100
2021-03-31T14:42:39	-100	-100	-100	-100
2021-03-31T14:42:49	-100	-100	-100	-100
2021-03-31T14:42:59	-100	-100	-100	-100
2021-03-31T14:43:09	-100	-100	-100	-100
2021-03-31T14:43:19	-100	-100	-100	-100
2021-03-31T14:43:29	-100	-100	-100	-100
2021-03-31T14:43:39	-100	-100	-100	-100
2021-03-31T14:43:49	-100	-100	-100	-100
2021-03-31T14:43:59	-100	-100	-100	-100
2021-03-31T14:44:09	-100	-100	-100	-100
2021-03-31T14:44:19	-100	-100	-100	-100
2021-03-31T14:44:29	-100	-100	-100	-100
2021-03-31T14:44:39	-100	-100	-100	-100
2021-03-31T14:44:49	-100	-100	-100	-100
2021-03-31T14:44:59	-100	-100	-100	-100
2021-03-31T14:45:09	-100	-100	-100	-100
2021-03-31T14:45:19	-100	-100	-100	-100
2021-03-31T14:45:29	-100	-100	-100	-100
2021-03-31T14:45:39	-100	-100	-100	-100
2021-03-31T14:45:49	-100	-100	-100	-100
2021-03-31T14:45:59	-100	-100	-100	-100
2021-03-31T14:46:09	-100	-100	-100	-100
2021-03-31T14:46:19	-100	-100	-100	-100
2021-03-31T14:46:29	-100	-100	-100	-100
2021-03-31T14:46:39	-100	-100	-100	-100
2021-03-31T14:46:49	-100	-100	-100	-100
2021-03-31T14:46:59	-100	-100	-100	-100
2021-03-31T14:47:09	-100	-100	-100	-100
2021-03-31T14:47:19	-100	-100	-100	-100
2021-03-31T14:47:29	-100	-100	-100	-100
2021-03-31T14:47:39	-100	-100	-100	-100
2021-03-31T14:47:49	-100	-100	-100	-100
2021-03-31T14:47:59	-100	-100	-100	-100
2021-03-31T14:48:09	-100	-100	-100	-100
2021-03-31T14:48:19	-100	-100	-100	-100
2021-03-31T14:48:29	-100	-100	-100	-100
2021-03-31T14:48:39	-100	-100	-100	-100
2021-03-31T14:48:49	-100	-100	-100	-100
2021-03-31T14:48:59	-100	-100	-100	-100
2021-03-31T14:49:09	-100	-100	-100	-100
2021-03-31T14:49:19	-100	-100	-100	-100
2021-03-31T14:49:29	-100	-100	-100	-100
2021-03-31T14:49:39	-100	-100	-100	-100
2021-03-31T14:49:49	-100	-100	-100	-100
2021-03-31T14:49:59	-100	-100	-100	-100
2021-03-31T14:50:09	-100	-100	-100	-100
2021-03-31T14:50:19	-100	-100	-100	-100
2021-03-31T14:50:29	-100	-100	-100	-100
2021-03-31T14:50:39	-100	-100	-100	-100
2021-03-31T14:50:49	-100	-100	-100	-100
2021-03-31T14:50:59	-100	-100	-100	-100
2021-03-31T14:51:09	-100	-100	-100	-100
2021-03-31T14:51:19	-100	-100	-100	-100
2021-03-31T14:51:29	-100	-100	-100	-100
2021-03-31T14:51:39	-100	-100	-100	-100
2021-03-31T14:51:49	-100	-100	-100	-100
2021-03-31T14:51:59	-100	-100	-100	-100
2021-03-31T14:52:09	-100	-100	-100	-100
2021-03-31T14:52:19	-100	-100	-100	-100
2021-03-31T14:52:29	-100	-100	-100	-100
2021-03-31T14:52:39	-100	-100	-100	-100
2021-03-31T14:52:49	-100	-100	-100	-100
2021-03-31T14:52:59	-100	-100	-100	-100
2021-03-31T14:53:09	-100	-100	-100	-100
2021-03-31T14:53:19	-100	-100	-100	-100
2021-03-31T14:53:29	-100	-100	-100	-100
2021-03-31T14:53:39	-100	-100	-100	-100
2021-03-31T14:53:49	-100	-100	-100	-100
2021-03-31T14:53:59	-100	-100	-100	-100
2021-03-31T14:54:09	-100	-100	-100	-100
2021-03-31T14:54:19	-100	-100	-100	-100
2021-03-31T14:54:29	-100	-100	-100	-100
2021-03-31T14:54:39	-100	-100	-100	-100
2021-03-31T14:54:49	-100	-100	-100	-100
2021-03-31T14:54:59	-100	-100	-100	-100
2021-03-31T14:55:09	-100	-100	-100	-100
2021-03-31T14:55:19	-100	-100	-100	-100
2021-03-31T14:55:29	-100	-100	-100	-100
2021-03-31T14:55:39	-100	-100	-100	-100
2021-03-31T14:55:49	-100	-100	-100	-100
2021-03-31T14:55:59	-100	-100	-100	-100
2021-03-31T14:56:09	-100	-100	-100	-100
2021-03-31T14:56:19	-100	-100	-100	-100
2021-03-31T14:56:29	-100	-100	-100	-100
2021-03-31T14:56:39	-100	-100	-100	-100
2021-03-31T14:56:49	-100	-100	-100	-100
2021-03-31T14:56:59	-100	-100	-100	-100
2021-03-31T14:57:09	-100	-100	-100	-100
2021-03-31T14:57:19	-100	-100	-100	-100
2021-03-31T14:57:29	-100	-100	-100	-100
2021-03-31T14:57:39	-100	-100	-100	-100
2021-03-31T14:57:49	-100	-100	-100	-100
2021-03-31T14:57:59	-100	-100	-100	-100
2021-03-31T14:58:09	-100	-100	-100	-100
2021-03-31T14:58:19	-100	-100	-100	-100
2021-03-31T14:58:29	-100	-100	-100	-100
2021-03-31T14:58:39	-100	-100	-100	-100
2021-03-31T14:58:49	-100	-100	-100	-100
2021-03-31T14:58:59	-100	-100	-100	-100
2021-03-31T14:59:09	-100	-100	-100	-100
2021-03-31T14:59:19	-100	-100	-100	-100
2021-03-31T14:59:29	-100	-100	-100	-100
2021-03-31T14:59:39	-100	-100	-100	-100
2021-03-31T14:59:49	-100	-100	-100	-100
2021-03-31T14:59:59	-100	-100	-100	-100
2021-03-31T15:00:09	-100	-100	-100	-100
2021-03-31T15:00:19	-100	-100	-100	-100
2021-03-31T15:00:29	-100	-100	-100	-100
2021-03-31T15:00:39	57	58	63	58
2021-03-31T15:00:49	57	58	63	58
2021-03-31T15:00:59	57	58	63	58
2021-03-31T15:01:09	58	58	63	58
2021-03-31T15:01:19	58	58	63	58
2021-03-31T15:01:29	58	58	63	58
2021-03-31T15:01:39	58	58	63	58
2021-03-31T15:01:49	58	58	63	58
2021-03-31T15:01:59	58	58	63	58
2021-03-31T15:02:09	58	58	63	58
2021-03-31T15:02:19	58	58	63	58
2021-03-31T15:02:29	58	59	63	58
2021-03-31T15:02:39	58	59	63	58
2021-03-31T15:02:49	58	59	-100	58
2021-03-31T15:02:59	58	59	-100	58
2021-03-31T15:03:09	58	59	-100	58
2021-03-31T15:03:19	58	59	-100	58
2021-03-31T15:03:29	58	59	-100	58
2021-03-31T15:03:39	58	59	-100	-100
2021-03-31T15:03:49	58	59	-100	-100
2021-03-31T15:03:59	58	59	-100	-100
2021-03-31T15:04:09	58	59	-100	-100
2021-03-31T15:04:19	-100	-100	-100	-100
2021-03-31T15:04:29	-100	-100	-100	-100
2021-03-31T15:04:39	-100	-100	-100	-100
2021-03-31T15:04:49	-100	-100	-100	-100
2021-03-31T15:04:59	-100	-100	-100	-100
2021-03-31T15:05:09	-100	-100	-100	-100
2021-03-31T15:05:19	-100	-100	-100	-100
2021-03-31T15:05:29	-100	-100	-100	-100
2021-03-31T15:05:39	-100	-100	-100	-100
2021-03-31T15:05:49	-100	-100	-100	-100
2021-03-31T15:05:59	-100	-100	-100	-100
2021-03-31T15:06:09	-100	-100	-100	-100
2021-03-31T15:06:19	-100	-100	-100	-100
2021-03-31T15:06:29	-100	-100	-100	-100
2021-03-31T15:06:39	-100	-100	-100	-100
2021-03-31T15:06:49	-100	-100	-100	-100
2021-03-31T15:06:59	-100	-100	-100	-100
2021-03-31T15:07:09	-100	-100	-100	-100
2021-03-31T15:07:19	-100	-100	-100	-100
2021-03-31T15:07:29	-100	-100	-100	58
2021-03-31T15:07:39	58	59	63	59
2021-03-31T15:07:49	58	59	63	59
2021-03-31T15:07:59	58	59	63	59
2021-03-31T15:08:09	58	59	63	59
2021-03-31T15:08:19	58	-100	-100	59
2021-03-31T15:08:29	58	-100	-100	59
2021-03-31T15:08:39	58	-100	-100	59
2021-03-31T15:08:49	58	-100	-100	-100
2021-03-31T15:08:59	58	59	63	59
2021-03-31T15:09:09	58	59	63	59
2021-03-31T15:09:19	58	59	63	59
2021-03-31T15:09:29	58	59	63	59
2021-03-31T15:09:39	59	59	63	59
2021-03-31T15:09:49	59	59	63	59
2021-03-31T15:09:59	59	59	63	59
2021-03-31T15:10:09	59	59	63	59
2021-03-31T15:10:19	59	59	63	59
2021-03-31T15:10:29	59	59	63	59
2021-03-31T15:10:39	-100	-100	63	59
2021-03-31T15:10:49	-100	-100	-100	-100
2021-03-31T15:10:59	-100	-100	-100	-100
2021-03-31T15:11:09	-100	-100	-100	-100
2021-03-31T15:11:19	-100	-100	-100	-100
2021-03-31T15:11:29	-100	-100	-100	-100
2021-03-31T15:11:39	-100	-100	-100	-100
2021-03-31T15:11:49	-100	-100	-100	-100
2021-03-31T15:11:59	-100	-100	-100	-100
2021-03-31T15:12:09	-100	-100	-100	-100
2021-03-31T15:12:19	-100	-100	-100	-100
2021-03-31T15:12:29	-100	-100	-100	-100
2021-03-31T15:12:39	-100	-100	-100	-100
2021-03-31T15:12:49	-100	-100	-100	-100
2021-03-31T15:12:59	-100	-100	-100	-100
2021-03-31T15:13:09	-100	-100	-100	-100
2021-03-31T15:13:19	-100	-100	-100	-100
2021-03-31T15:13:29	-100	-100	-100	-100
2021-03-31T15:13:39	-100	-100	-100	-100
2021-03-31T15:13:49	-100	-100	-100	-100
2021-03-31T15:13:59	-100	-100	-100	-100
2021-03-31T15:14:09	-100	-100	-100	-100
2021-03-31T15:14:19	-100	-100	-100	-100
2021-03-31T15:14:29	-100	-100	-100	-100
2021-03-31T15:14:39	-100	-100	-100	-100
2021-03-31T15:14:49	-100	-100	-100	-100
2021-03-31T15:14:59	-100	-100	-100	-100
2021-03-31T15:15:09	-100	-100	-100	-100
2021-03-31T15:15:19	-100	-100	-100	-100
2021-03-31T15:15:29	-100	-100	-100	-100
2021-03-31T15:15:39	-100	-100	-100	-100
2021-03-31T15:15:49	-100	-100	-100	-100
2021-03-31T15:15:59	-100	-100	-100	-100
2021-03-31T15:16:09	-100	-100	-100	-100
2021-03-31T15:16:19	-100	-100	-100	-100
2021-03-31T15:16:29	-100	-100	-100	-100
2021-03-31T15:16:39	-100	-100	-100	-100
2021-03-31T15:16:49	-100	-100	-100	-100
2021-03-31T15:16:59	-100	-100	-100	-100
2021-03-31T15:17:09	-100	-100	-100	-100
2021-03-31T15:17:19	-100	-100	-100	-100
2021-03-31T15:17:29	-100	-100	-100	-100
2021-03-31T15:17:39	-100	-100	-100	-100
2021-03-31T15:17:49	-100	-100	-100	-100
2021-03-31T15:17:59	-100	-100	-100	-100
2021-03-31T15:18:09	-100	-100	-100	-100
2021-03-31T15:18:19	-100	-100	-100	-100
2021-03-31T15:18:29	-100	-100	-100	-100
2021-03-31T15:18:39	-100	-100	-100	-100
2021-03-31T15:18:49	-100	-100	-100	-100
2021-03-31T15:18:59	-100	-100	-100	-100
2021-03-31T15:19:09	-100	-100	-100	-100
2021-03-31T15:19:19	-100	-100	-100	-100
2021-03-31T15:19:29	-100	-100	-100	-100
2021-03-31T15:19:39	-100	-100	-100	-100
2021-03-31T15:19:49	-100	-100	-100	-100
2021-03-31T15:19:59	-100	-100	-100	-100
2021-03-31T15:20:09	-100	-100	-100	-100
2021-03-31T15:20:19	-100	-100	-100	-100
2021-03-31T15:20:29	-100	-100	-100	-100
2021-03-31T15:20:39	-100	-100	-100	-100
2021-03-31T15:20:49	-100	-100	-100	-100
2021-03-31T15:20:59	-100	-100	-100	-100
2021-03-31T15:21:09	-100	-100	-100	-100
2021-03-31T15:21:19	-100	-100	-100	-100
2021-03-31T15:21:29	-100	-100	-100	-100
2021-03-31T15:21:39	-100	-100	-100	-100
2021-03-31T15:21:49	-100	-100	-100	-100
2021-03-31T15:21:59	-100	-100	-100	-100
2021-03-31T15:22:09	-100	-100	-100	-100
2021-03-31T15:22:19	-100	-100	-100	-100
2021-03-31T15:22:29	-100	-100	-100	-100
2021-03-31T15:22:39	-100	-100	-100	-100
2021-03-31T15:22:49	-100	-100	-100	-100
2021-03-31T15:22:59	-100	-100	-100	-100
2021-03-31T15:23:09	-100	-100	-100	-100
2021-03-31T15:23:19	-100	-100	-100	-100
2021-03-31T15:23:29	-100	-100	-100	-100
2021-03-31T15:23:39	-100	-100	-100	-100
2021-03-31T15:23:49	-100	-100	-100	-100
2021-03-31T15:23:59	-100	-100	-100	-100
2021-03-31T15:24:09	-100	-100	-100	-100
2021-03-31T15:24:19	-100	-100	-100	-100
2021-03-31T15:24:29	-100	-100	-100	-100
2021-03-31T15:24:39	-100	-100	-100	-100
2021-03-31T15:24:49	-100	-100	-100	-100
2021-03-31T15:24:59	-100	-100	-100	-100
2021-03-31T15:25:09	-100	-100	-100	-100
2021-03-31T15:25:19	-100	-100	-100	-100
2021-03-31T15:25:29	-100	-100	-100	-100
2021-03-31T15:25:39	-100	-100	-100	-100
2021-03-31T15:25:49	-100	-100	-100	-100
2021-03-31T15:25:59	-100	-100	-100	-100
2021-03-31T15:26:09	-100	-100	-100	-100
2021-03-31T15:26:19	-100	-100	-100	-100
2021-03-31T15:26:29	-100	-100	-100	-100
2021-03-31T15:26:39	-100	-100	-100	-100
2021-03-31T15:26:49	-100	-100	-100	-100
2021-03-31T15:26:59	-100	-100	-100	-100
2021-03-31T15:27:09	-100	-100	-100	-100
2021-03-31T15:27:19	-100	-100	-100	-100
2021-03-31T15:27:29	-100	-100	-100	-100
2021-03-31T15:27:39	-100	-100	-100	-100
2021-03-31T15:27:49	-100	-100	-100	-100
2021-03-31T15:27:59	-100	-100	-100	-100
2021-03-31T15:28:09	-100	-100	-100	-100
2021-03-31T15:28:19	-100	-100	-100	-100
2021-03-31T15:28:29	-100	-100	-100	-100
2021-03-31T15:28:39	-100	-100	-100	-100
2021-03-31T15:28:49	-100	-100	-100	-100
2021-03-31T15:28:59	-100	-100	-100	-100
2021-03-31T15:29:09	-100	-100	-100	-100
2021-03-31T15:29:19	-100	-100	-100	-100
2021-03-31T15:29:29	-100	-100	-100	-100
2021-03-31T15:29:39	-100	-100	-100	-100
2021-03-31T15:29:49	-100	-100	-100	-100
2021-03-31T15:29:59	-100	-100	-100	-100
2021-03-31T15:30:09	-100	-100	-100	-100
2021-03-31T15:30:19	-100	-100	-100	-100
2021-03-31T15:30:29	-100	-100	-100	-100
2021-03-31T15:30:39	-100	-100	-100	-100
2021-03-31T15:30:50	-100	-100	-100	-100
2021-03-31T15:31:00	-100	-100	-100	-100
2021-03-31T15:31:10	-100	-100	-100	-100
2021-03-31T15:31:20	-100	-100	-100	-100
2021-03-31T15:31:30	-100	-100	-100	-100
2021-03-31T15:31:40	-100	-100	-100	-100
2021-03-31T15:31:50	-100	-100	-100	-100
2021-03-31T15:32:00	-100	-100	-100	-100
2021-03-31T15:32:10	-100	-100	-100	-100
2021-03-31T15:32:20	-100	-100	-100	-100
2021-03-31T15:32:30	-100	-100	-100	-100
2021-03-31T15:32:40	-100	-100	-100	-100
2021-03-31T15:32:50	-100	-100	-100	-100
2021-03-31T15:33:00	-100	-100	-100	-100
2021-03-31T15:33:10	-100	-100	-100	-100
2021-03-31T15:33:20	-100	-100	-100	-100
2021-03-31T15:33:30	-100	-100	-100	-100
2021-03-31T15:33:40	-100	-100	-100	-100
2021-03-31T15:33:50	-100	-100	-100	-100
2021-03-31T15:34:00	-100	-100	-100	-100
2021-03-31T15:34:10	-100	-100	-100	-100
2021-03-31T15:34:20	-100	-100	-100	-100
2021-03-31T15:34:30	-100	-100	-100	-100
2021-03-31T15:34:40	-100	-100	-100	-100
2021-03-31T15:34:50	-100	-100	-100	-100
2021-03-31T15:35:00	-100	-100	-100	-100
2021-03-31T15:35:10	-100	-100	-100	-100
2021-03-31T15:35:20	-100	-100	-100	-100
2021-03-31T15:35:30	-100	-100	-100	-100
2021-03-31T15:35:40	-100	-100	-100	-100
2021-03-31T15:35:50	-100	-100	-100	-100
2021-03-31T15:36:00	-100	-100	-100	-100
2021-03-31T15:36:10	-100	-100	-100	-100
2021-03-31T15:36:20	-100	-100	-100	-100
2021-03-31T15:36:30	-100	-100	-100	-100
2021-03-31T15:36:40	-100	-100	-100	-100
2021-03-31T15:36:50	-100	-100	-100	-100
2021-03-31T15:37:00	-100	-100	-100	-100
2021-03-31T15:37:10	-100	-100	-100	-100
2021-03-31T15:37:20	-100	-100	-100	-100
2021-03-31T15:37:30	-100	-100	-100	-100
2021-03-31T15:37:40	-100	-100	-100	-100
2021-03-31T15:37:50	-100	-100	-100	-100
2021-03-31T15:38:00	-100	-100	-100	-100
2021-03-31T15:38:10	-100	-100	-100	-100
2021-03-31T15:38:20	-100	-100	-100	-100
2021-03-31T15:38:30	-100	-100	-100	-100
2021-03-31T15:38:40	-100	-100	-100	-100
2021-03-31T15:38:50	-100	-100	-100	-100
2021-03-31T15:39:00	-100	-100	-100	-100
2021-03-31T15:39:10	-100	-100	-100	-100
2021-03-31T15:39:20	-100	-100	-100	-100
2021-03-31T15:39:30	-100	-100	-100	-100
2021-03-31T15:39:40	-100	-100	-100	-100
2021-03-31T15:39:50	-100	-100	-100	-100
2021-03-31T15:40:00	-100	-100	-100	-100
2021-03-31T15:40:10	-100	-100	-100	-100
2021-03-31T15:40:20	-100	-100	-100	-100
2021-03-31T15:40:30	-100	-100	-100	-100
2021-03-31T15:40:40	-100	-100	-100	-100
2021-03-31T15:40:50	-100	-100	-100	-100
2021-03-31T15:41:00	-100	-100	-100	-100
2021-03-31T15:41:10	-100	-100	-100	-100
2021-03-31T15:41:20	-100	-100	-100	-100
2021-03-31T15:41:30	-100	-100	-100	-100
2021-03-31T15:41:40	-100	-100	-100	-100
2021-03-31T15:41:50	-100	-100	-100	-100
2021-03-31T15:42:00	-100	-100	-100	-100
2021-03-31T15:42:10	-100	-100	-100	-100
2021-03-31T15:42:20	-100	-100	-100	-100
2021-03-31T15:42:30	-100	-100	-100	-100
2021-03-31T15:42:40	-100	-100	-100	-100
2021-03-31T15:42:50	-100	-100	-100	-100
2021-03-31T15:43:00	-100	-100	-100	-100
2021-03-31T15:43:10	-100	-100	-100	-100
2021-03-31T15:43:20	-100	-100	-100	-100
2021-03-31T15:43:30	-100	-100	-100	-100
2021-03-31T15:43:40	-100	-100	-100	-100
2021-03-31T15:43:50	-100	-100	-100	-100
2021-03-31T15:44:00	-100	-100	-100	-100
2021-03-31T15:44:10	-100	-100	-100	-100
2021-03-31T15:44:20	-100	-100	-100	-100
2021-03-31T15:44:30	-100	-100	-100	-100
2021-03-31T15:44:40	-100	-100	-100	-100
2021-03-31T15:44:50	-100	-100	-100	-100
2021-03-31T15:45:00	-100	-100	-100	-100
2021-03-31T15:45:10	-100	-100	-100	-100
2021-03-31T15:45:20	-100	-100	-100	-100
2021-03-31T15:45:30	-100	-100	-100	-100
2021-03-31T15:45:40	-100	-100	-100	-100
2021-03-31T15:45:50	-100	-100	-100	-100
2021-03-31T15:46:00	57	-100	60	59
2021-03-31T15:46:10	57	57	61	59
2021-03-31T15:46:20	57	57	60	59
2021-03-31T15:46:30	57	57	60	59
2021-03-31T15:46:40	57	57	60	59
2021-03-31T15:46:50	56	57	60	59
2021-03-31T15:47:00	56	57	60	59
2021-03-31T15:47:10	56	57	60	59
2021-03-31T15:47:20	56	57	60	59
2021-03-31T15:47:30	56	57	60	59
2021-03-31T15:47:40	56	57	60	59
2021-03-31T15:47:50	56	57	60	59
2021-03-31T15:48:00	56	57	60	59
2021-03-31T15:48:10	56	57	60	59
2021-03-31T15:48:20	56	57	60	59
2021-03-31T15:48:30	56	57	60	59
2021-03-31T15:48:40	56	57	60	59
2021-03-31T15:48:50	56	57	60	59
2021-03-31T15:49:00	56	57	60	59
2021-03-31T15:49:10	56	57	60	59
2021-03-31T15:49:20	56	57	60	58
2021-03-31T15:49:30	56	57	60	58
2021-03-31T15:49:40	56	57	60	58
2021-03-31T15:49:50	56	57	60	58
2021-03-31T15:50:00	56	57	60	58
2021-03-31T15:50:10	56	56	60	58
2021-03-31T15:50:20	56	56	60	58
2021-03-31T15:50:30	56	57	60	58
2021-03-31T15:50:40	56	57	60	58
2021-03-31T15:50:50	56	57	60	58
2021-03-31T15:51:00	56	56	60	58
2021-03-31T15:51:10	56	56	60	58
2021-03-31T15:51:20	56	57	60	58
2021-03-31T15:51:30	56	56	60	58
2021-03-31T15:51:40	56	56	60	58
2021-03-31T15:51:50	56	57	60	58
2021-03-31T15:52:00	56	56	60	58
2021-03-31T15:52:10	56	56	60	58
2021-03-31T15:52:20	56	56	60	58
2021-03-31T15:52:30	56	56	60	58
2021-03-31T15:52:40	56	56	60	58
2021-03-31T15:52:50	56	56	60	58
2021-03-31T15:53:00	56	56	60	58
2021-03-31T15:53:10	56	56	60	58
2021-03-31T15:53:20	56	56	60	58
2021-03-31T15:53:30	56	56	60	58
2021-03-31T15:53:40	56	56	60	57
2021-03-31T15:53:50	56	56	60	57
2021-03-31T15:54:00	56	56	60	57
2021-03-31T15:54:10	56	56	60	57
2021-03-31T15:54:20	56	56	60	57
2021-03-31T15:54:30	56	56	60	57
2021-03-31T15:54:40	56	56	60	57
2021-03-31T15:54:50	56	56	60	57
2021-03-31T15:55:00	56	56	60	57
2021-03-31T15:55:10	56	56	60	58
2021-03-31T15:55:20	56	56	60	57
2021-03-31T15:55:30	56	56	60	57
2021-03-31T15:55:40	56	56	60	57
2021-03-31T15:55:50	56	56	60	57
2021-03-31T15:56:00	56	56	60	57
2021-03-31T15:56:10	56	56	60	57
2021-03-31T15:56:20	56	56	60	57
2021-03-31T15:56:30	56	56	60	57
2021-03-31T15:56:40	56	56	60	58
2021-03-31T15:56:50	56	56	60	58
2021-03-31T15:57:00	56	56	60	58
2021-03-31T15:57:10	56	56	59	58
2021-03-31T15:57:20	56	56	60	58
2021-03-31T15:57:30	56	56	60	58
2021-03-31T15:57:40	56	56	60	58
2021-03-31T15:57:50	56	56	60	58
2021-03-31T15:58:00	56	56	59	58
2021-03-31T15:58:10	56	56	60	58
2021-03-31T15:58:20	56	56	59	58
2021-03-31T15:58:30	56	56	59	57
2021-03-31T15:58:40	56	56	59	57
2021-03-31T15:58:50	56	56	59	57
2021-03-31T15:59:00	56	56	59	57
2021-03-31T15:59:10	56	56	59	57
2021-03-31T15:59:20	56	56	59	57
2021-03-31T15:59:30	56	56	59	57
2021-03-31T15:59:40	56	56	59	57
2021-03-31T15:59:50	56	56	59	57
2021-03-31T16:00:00	56	56	59	57
2021-03-31T16:00:10	56	56	59	57
2021-03-31T16:00:20	55	56	59	57
2021-03-31T16:00:30	56	56	59	57
2021-03-31T16:00:40	55	56	59	57
2021-03-31T16:00:50	55	56	59	57
2021-03-31T16:01:00	56	56	59	57
2021-03-31T16:01:10	55	56	59	57
2021-03-31T16:01:20	55	56	59	57
2021-03-31T16:01:30	55	56	59	57
2021-03-31T16:01:40	55	56	59	57
2021-03-31T16:01:50	55	56	59	57
2021-03-31T16:02:00	55	56	59	57
2021-03-31T16:02:10	56	56	59	57
2021-03-31T16:02:20	55	56	59	57
2021-03-31T16:02:30	55	56	59	57
2021-03-31T16:02:40	55	56	59	57
2021-03-31T16:02:50	55	56	59	57
2021-03-31T16:03:00	55	56	59	57
2021-03-31T16:03:10	55	56	59	57
2021-03-31T16:03:20	55	56	59	57
2021-03-31T16:03:30	55	56	59	57
2021-03-31T16:03:40	55	56	59	57
2021-03-31T16:03:50	55	56	59	57
2021-03-31T16:04:00	55	56	59	57
2021-03-31T16:04:10	55	56	59	57
2021-03-31T16:04:20	55	-100	-100	-100
2021-03-31T16:04:30	55	-100	-100	-100
2021-03-31T16:04:40	-100	-100	-100	-100
2021-03-31T16:04:50	-100	-100	-100	-100
2021-03-31T16:05:00	-100	-100	-100	-100
2021-03-31T16:05:10	-100	-100	-100	-100
2021-03-31T16:05:20	-100	-100	-100	-100
2021-03-31T16:05:30	-100	-100	-100	-100
2021-03-31T16:05:40	-100	-100	-100	-100
2021-03-31T16:05:50	-100	-100	-100	-100
2021-03-31T16:06:00	-100	-100	-100	-100
2021-03-31T16:06:10	-100	-100	-100	-100
2021-03-31T16:06:20	-100	-100	-100	-100
2021-03-31T16:06:30	-100	-100	-100	-100
2021-03-31T16:06:40	-100	-100	-100	-100
2021-03-31T16:06:50	-100	-100	-100	-100
2021-03-31T16:07:00	-100	-100	-100	-100
2021-03-31T16:07:10	-100	-100	-100	-100
2021-03-31T16:07:20	-100	-100	-100	-100
2021-03-31T16:07:30	-100	-100	-100	-100
2021-03-31T16:07:40	-100	-100	-100	-100
2021-03-31T16:07:50	-100	-100	-100	-100
2021-03-31T16:08:00	-100	-100	-100	-100
2021-03-31T16:08:10	-100	-100	-100	-100
2021-03-31T16:08:20	-100	-100	-100	-100
2021-03-31T16:08:30	-100	-100	-100	-100
2021-03-31T16:08:40	-100	-100	-100	-100
2021-03-31T16:08:50	-100	-100	-100	-100
2021-03-31T16:09:00	-100	-100	-100	-100
2021-03-31T16:09:10	-100	-100	-100	-100
2021-03-31T16:09:20	-100	-100	-100	-100
2021-03-31T16:09:30	-100	-100	-100	-100
2021-03-31T16:09:40	-100	-100	-100	-100
2021-03-31T16:09:50	-100	-100	-100	-100
2021-03-31T16:10:00	-100	-100	-100	-100
2021-03-31T16:10:10	-100	-100	-100	-100
2021-03-31T16:10:20	-100	-100	-100	-100
2021-03-31T16:10:30	-100	-100	-100	-100
2021-03-31T16:10:40	-100	-100	-100	-100
2021-03-31T16:10:50	-100	-100	-100	-100
2021-03-31T16:11:00	-100	-100	-100	-100
2021-03-31T16:11:10	-100	-100	-100	-100
2021-03-31T16:11:20	-100	-100	-100	-100
2021-03-31T16:11:30	-100	-100	-100	-100
2021-03-31T16:11:40	-100	-100	-100	-100
2021-03-31T16:11:50	-100	-100	-100	-100
2021-03-31T16:12:00	-100	-100	-100	-100
2021-03-31T16:12:10	-100	-100	-100	-100
2021-03-31T16:12:20	-100	-100	-100	-100
2021-03-31T16:12:30	-100	-100	-100	-100
2021-03-31T16:12:40	-100	-100	-100	-100
2021-03-31T16:12:50	-100	-100	-100	-100
2021-03-31T16:13:00	-100	-100	-100	-100
2021-03-31T16:13:10	-100	-100	-100	-100
2021-03-31T16:13:20	-100	-100	-100	-100
2021-03-31T16:13:30	-100	-100	-100	-100
2021-03-31T16:13:40	-100	-100	-100	-100
2021-03-31T16:13:50	55	55	-100	-100
2021-03-31T16:14:00	55	55	59	56
2021-03-31T16:14:10	55	55	59	56
2021-03-31T16:14:20	55	56	58	56
2021-03-31T16:14:30	55	57	59	56
2021-03-31T16:14:40	55	57	59	56
2021-03-31T16:14:50	55	57	59	56
2021-03-31T16:15:00	55	57	59	56
2021-03-31T16:15:10	55	57	59	56
2021-03-31T16:15:20	55	57	59	56
2021-03-31T16:15:30	55	57	59	56
2021-03-31T16:15:40	55	57	59	56
2021-03-31T16:15:50	55	57	59	56
2021-03-31T16:16:00	55	57	59	56
2021-03-31T16:16:10	-100	57	59	56
2021-03-31T16:16:20	-100	-100	-100	-100
2021-03-31T16:16:30	-100	-100	-100	-100
2021-03-31T16:16:40	-100	-100	-100	-100
2021-03-31T16:16:50	-100	-100	-100	-100
2021-03-31T16:17:00	-100	-100	-100	-100
2021-03-31T16:17:10	-100	-100	-100	-100
2021-03-31T16:17:20	-100	-100	-100	-100
2021-03-31T16:17:30	-100	-100	-100	-100
2021-03-31T16:17:40	-100	-100	-100	-100
2021-03-31T16:17:50	-100	-100	-100	-100
2021-03-31T16:18:00	-100	-100	-100	-100
2021-03-31T16:18:10	-100	-100	-100	-100
2021-03-31T16:18:20	-100	-100	-100	-100
2021-03-31T16:18:30	-100	-100	-100	-100
2021-03-31T16:18:40	-100	-100	-100	-100
2021-03-31T16:18:50	-100	-100	-100	-100
2021-03-31T16:19:00	-100	-100	-100	-100
2021-03-31T16:19:10	-100	-100	-100	-100
2021-03-31T16:19:20	-100	-100	-100	-100
2021-03-31T16:19:30	-100	-100	-100	-100
2021-03-31T16:19:40	-100	-100	-100	-100
2021-03-31T16:19:50	-100	-100	-100	-100
2021-03-31T16:20:00	-100	-100	-100	-100
2021-03-31T16:20:10	-100	-100	-100	-100
2021-03-31T16:20:20	-100	-100	-100	-100
2021-03-31T16:20:30	-100	-100	-100	-100
2021-03-31T16:20:40	-100	-100	-100	-100
2021-03-31T16:20:50	58	-100	63	-100
2021-03-31T16:21:00	58	-100	63	58
2021-03-31T16:21:10	58	-100	63	58
2021-03-31T16:21:20	58	61	63	59
2021-03-31T16:21:30	58	61	62	59
2021-03-31T16:21:40	58	62	62	59
2021-03-31T16:21:50	59	64	62	59
2021-03-31T16:22:00	59	65	63	59
2021-03-31T16:22:10	60	66	63	59
2021-03-31T16:22:20	60	69	64	59
2021-03-31T16:22:30	61	71	64	59
2021-03-31T16:22:40	62	73	65	59
2021-03-31T16:22:50	63	73	66	59
2021-03-31T16:23:00	64	75	68	59
2021-03-31T16:23:10	64	76	69	59
2021-03-31T16:23:20	65	79	70	60
2021-03-31T16:23:30	66	79	71	61
2021-03-31T16:23:40	67	80	72	61
2021-03-31T16:23:50	67	80	73	61
2021-03-31T16:24:00	67	80	74	62
2021-03-31T16:24:10	68	81	74	62
2021-03-31T16:24:20	68	81	75	62
2021-03-31T16:24:30	68	81	75	62
2021-03-31T16:24:40	69	82	76	62
2021-03-31T16:24:50	69	81	76	63
2021-03-31T16:25:00	69	81	76	63
2021-03-31T16:25:10	69	81	76	63
2021-03-31T16:25:20	69	81	76	63
2021-03-31T16:25:30	69	81	76	64
2021-03-31T16:25:40	70	81	77	64
2021-03-31T16:25:50	70	81	76	64
2021-03-31T16:26:00	70	81	76	64
2021-03-31T16:26:10	70	81	76	64
2021-03-31T16:26:20	70	81	76	64
2021-03-31T16:26:30	70	81	76	64
2021-03-31T16:26:40	70	81	76	64
2021-03-31T16:26:50	70	81	76	64
2021-03-31T16:27:00	70	81	76	64
2021-03-31T16:27:10	70	81	76	64
2021-03-31T16:27:20	70	81	76	64
2021-03-31T16:27:30	70	81	76	64
2021-03-31T16:27:40	70	81	76	64
2021-03-31T16:27:50	70	81	76	64
2021-03-31T16:28:00	-100	-100	-100	64
2021-03-31T16:28:10	-100	-100	-100	-100
2021-03-31T16:28:20	-100	-100	-100	-100
2021-03-31T16:28:30	-100	-100	-100	-100
2021-03-31T16:28:40	-100	-100	-100	-100
2021-03-31T16:28:50	-100	-100	-100	-100
2021-03-31T16:29:00	-100	-100	-100	-100
2021-03-31T16:29:10	-100	-100	-100	-100
2021-03-31T16:29:20	-100	-100	-100	-100
2021-03-31T16:29:30	-100	-100	-100	-100
2021-03-31T16:29:40	-100	-100	-100	-100
2021-03-31T16:29:50	-100	-100	-100	-100
2021-03-31T16:30:00	-100	-100	-100	-100
2021-03-31T16:30:10	-100	-100	-100	-100
2021-03-31T16:30:20	-100	-100	-100	-100
2021-03-31T16:30:30	-100	-100	-100	-100
2021-03-31T16:30:40	-100	-100	-100	-100
2021-03-31T16:30:50	-100	-100	-100	-100
2021-03-31T16:31:00	-100	-100	-100	-100
2021-03-31T16:31:10	-100	-100	-100	-100
2021-03-31T16:31:20	-100	-100	-100	-100
2021-03-31T16:31:30	-100	-100	-100	-100
2021-03-31T16:31:40	-100	-100	-100	-100
2021-03-31T16:31:50	-100	-100	-100	-100
2021-03-31T16:32:00	-100	-100	-100	-100
2021-03-31T16:32:10	-100	-100	-100	-100
2021-03-31T16:32:20	-100	-100	-100	-100
2021-03-31T16:32:30	-100	-100	-100	-100
2021-03-31T16:32:40	-100	-100	-100	-100
2021-03-31T16:32:50	-100	-100	-100	-100
2021-03-31T16:33:00	-100	-100	-100	-100
2021-03-31T16:33:10	-100	-100	-100	-100
2021-03-31T16:33:20	-100	-100	-100	-100
2021-03-31T16:33:30	-100	-100	-100	-100
2021-03-31T16:33:40	-100	-100	-100	-100
2021-03-31T16:33:50	-100	-100	-100	-100
2021-03-31T16:34:00	-100	-100	-100	-100
2021-03-31T16:34:10	-100	-100	-100	-100
2021-03-31T16:34:20	-100	-100	-100	-100
2021-03-31T16:34:30	-100	-100	-100	-100
2021-03-31T16:34:40	-100	-100	-100	-100
2021-03-31T16:34:50	-100	-100	-100	-100
2021-03-31T16:35:00	-100	-100	-100	-100
2021-03-31T16:35:10	-100	-100	-100	-100
2021-03-31T16:35:20	-100	-100	-100	-100
2021-03-31T16:35:30	-100	-100	-100	-100
2021-03-31T16:35:40	-100	-100	-100	-100
2021-03-31T16:35:50	-100	-100	-100	-100
2021-03-31T16:36:00	-100	-100	-100	-100
2021-03-31T16:36:10	-100	-100	-100	-100
2021-03-31T16:36:20	-100	-100	-100	-100
2021-03-31T16:36:30	-100	-100	-100	-100
2021-03-31T16:36:40	-100	-100	-100	-100
2021-03-31T16:36:50	-100	-100	-100	-100
2021-03-31T16:37:00	-100	-100	-100	-100
2021-03-31T16:37:10	-100	-100	-100	-100
2021-03-31T16:37:20	-100	-100	-100	-100
2021-03-31T16:37:30	-100	-100	-100	-100
2021-03-31T16:37:40	-100	-100	-100	-100
2021-03-31T16:37:50	-100	-100	-100	-100
2021-03-31T16:38:00	-100	-100	-100	-100
2021-03-31T16:38:10	-100	-100	-100	-100
2021-03-31T16:38:20	-100	-100	-100	-100
2021-03-31T16:38:30	-100	-100	-100	-100
2021-03-31T16:38:40	-100	-100	-100	-100
2021-03-31T16:38:50	-100	-100	-100	-100
2021-03-31T16:39:00	-100	-100	-100	-100
2021-03-31T16:39:10	-100	-100	-100	-100
2021-03-31T16:39:20	-100	-100	-100	-100
2021-03-31T16:39:30	-100	-100	-100	-100
2021-03-31T16:39:40	-100	-100	-100	-100
2021-03-31T16:39:50	-100	-100	-100	-100
2021-03-31T16:40:00	-100	-100	-100	-100
2021-03-31T16:40:10	-100	-100	-100	-100
2021-03-31T16:40:20	-100	-100	-100	-100
2021-03-31T16:40:30	-100	-100	-100	-100
2021-03-31T16:40:40	-100	-100	-100	-100
2021-03-31T16:40:50	-100	-100	-100	-100
2021-03-31T16:41:00	-100	-100	-100	-100
2021-03-31T16:41:10	-100	-100	-100	-100
2021-03-31T16:41:20	-100	-100	-100	-100
2021-03-31T16:41:30	-100	-100	-100	-100
2021-03-31T16:41:40	-100	-100	-100	-100
2021-03-31T16:41:50	-100	-100	-100	-100
2021-03-31T16:42:00	-100	-100	-100	-100
2021-03-31T16:42:10	-100	-100	-100	-100
2021-03-31T16:42:20	-100	-100	-100	-100
2021-03-31T16:42:30	-100	-100	-100	-100
2021-03-31T16:42:40	-100	-100	-100	-100
2021-03-31T16:42:50	-100	-100	-100	-100
2021-03-31T16:43:00	-100	-100	-100	-100
2021-03-31T16:43:10	-100	-100	-100	-100
2021-03-31T16:43:20	-100	-100	-100	-100
2021-03-31T16:43:30	-100	-100	-100	-100
2021-03-31T16:43:40	-100	-100	-100	-100
2021-03-31T16:43:50	-100	-100	-100	-100
2021-03-31T16:44:00	-100	-100	-100	-100
2021-03-31T16:44:10	-100	-100	-100	-100
2021-03-31T16:44:20	-100	-100	-100	-100
2021-03-31T16:44:30	-100	-100	-100	-100
2021-03-31T16:44:40	-100	-100	-100	-100
2021-03-31T16:44:50	-100	-100	-100	-100
2021-03-31T16:45:00	-100	-100	-100	-100
2021-03-31T16:45:10	-100	-100	-100	-100
2021-03-31T16:45:20	-100	-100	-100	-100
2021-03-31T16:45:30	-100	-100	-100	-100
2021-03-31T16:45:40	-100	-100	-100	-100
2021-03-31T16:45:50	-100	-100	-100	-100
2021-03-31T16:46:00	-100	-100	-100	-100
2021-03-31T16:46:10	-100	-100	-100	-100
2021-03-31T16:46:20	-100	-100	-100	-100
2021-03-31T16:46:30	-100	-100	-100	-100
2021-03-31T16:46:40	-100	-100	-100	-100
2021-03-31T16:46:50	-100	-100	-100	-100
2021-03-31T16:47:00	-100	-100	-100	-100
2021-03-31T16:47:10	-100	-100	-100	-100
2021-03-31T16:47:20	-100	-100	-100	-100
2021-03-31T16:47:30	-100	-100	-100	-100
2021-03-31T16:47:40	-100	-100	-100	-100
2021-03-31T16:47:50	-100	-100	-100	-100
2021-03-31T16:48:00	-100	-100	-100	-100
2021-03-31T16:48:10	-100	-100	-100	-100
2021-03-31T16:48:20	-100	-100	-100	-100
2021-03-31T16:48:30	-100	-100	-100	-100
2021-03-31T16:48:40	-100	-100	-100	-100
2021-03-31T16:48:50	-100	-100	-100	-100
2021-03-31T16:49:00	-100	-100	-100	-100
2021-03-31T16:49:10	-100	-100	-100	-100
2021-03-31T16:49:20	-100	-100	-100	-100
2021-03-31T16:49:30	-100	-100	-100	-100
2021-03-31T16:49:40	-100	-100	-100	-100
2021-03-31T16:49:50	-100	-100	-100	-100
2021-03-31T16:50:00	-100	-100	-100	-100
2021-03-31T16:50:10	-100	-100	-100	-100
2021-03-31T16:50:20	-100	-100	-100	-100
2021-03-31T16:50:30	-100	-100	-100	-100
2021-03-31T16:50:40	-100	-100	-100	-100
2021-03-31T16:50:50	-100	-100	-100	-100
2021-03-31T16:51:00	-100	-100	-100	-100
2021-03-31T16:51:10	-100	-100	-100	-100
2021-03-31T16:51:20	-100	-100	-100	-100
2021-03-31T16:51:30	-100	-100	-100	-100
2021-03-31T16:51:40	-100	-100	-100	-100
2021-03-31T16:51:50	-100	-100	-100	-100
2021-03-31T16:52:00	-100	-100	-100	-100
2021-03-31T16:52:10	-100	-100	-100	-100
2021-03-31T16:52:20	-100	-100	-100	-100
2021-03-31T16:52:30	-100	-100	-100	-100
2021-03-31T16:52:40	-100	-100	-100	-100
2021-03-31T16:52:50	-100	-100	-100	-100
2021-03-31T16:53:00	-100	-100	-100	-100
2021-03-31T16:53:10	-100	-100	-100	-100
2021-03-31T16:53:20	-100	-100	-100	-100
2021-03-31T16:53:30	-100	-100	-100	-100
2021-03-31T16:53:40	-100	-100	-100	-100
2021-03-31T16:53:50	-100	-100	-100	-100
2021-03-31T16:54:00	-100	-100	-100	-100
2021-03-31T16:54:10	-100	-100	-100	-100
2021-03-31T16:54:20	-100	-100	-100	-100
2021-03-31T16:54:30	-100	-100	-100	-100
2021-03-31T16:54:40	-100	-100	-100	-100
2021-03-31T16:54:50	-100	-100	-100	-100
2021-03-31T16:55:00	63	67	69	67
2021-03-31T16:55:10	61	67	69	67
2021-03-31T16:55:20	55	63	67	67
2021-03-31T16:55:30	51	58	63	67
2021-03-31T16:55:40	47	54	59	66
2021-03-31T16:55:50	45	51	56	66
2021-03-31T16:56:00	44	48	54	66
2021-03-31T16:56:10	42	46	53	65
2021-03-31T16:56:20	42	45	53	66
2021-03-31T16:56:30	41	45	52	64
2021-03-31T16:56:40	40	43	51	64
2021-03-31T16:56:50	39	42	50	63
2021-03-31T16:57:00	39	41	49	63
2021-03-31T16:57:10	38	39	48	62
2021-03-31T16:57:20	37	37	47	62
2021-03-31T16:57:30	36	37	46	60
2021-03-31T16:57:40	35	36	46	60
2021-03-31T16:57:50	35	35	45	60
2021-03-31T16:58:00	35	34	45	60
2021-03-31T16:58:10	34	34	44	58
2021-03-31T16:58:20	33	34	44	59
2021-03-31T16:58:30	33	34	44	58
2021-03-31T16:58:40	32	33	43	57
2021-03-31T16:58:50	32	33	43	56
2021-03-31T16:59:00	32	32	43	56
2021-03-31T16:59:10	31	32	42	56
2021-03-31T16:59:20	31	31	42	55
2021-03-31T16:59:30	31	31	42	55
2021-03-31T16:59:40	30	31	42	54
2021-03-31T16:59:50	30	30	42	54
2021-03-31T17:00:00	29	30	42	53
2021-03-31T17:00:10	29	31	43	53
2021-03-31T17:00:20	29	33	44	53
2021-03-31T17:00:30	30	34	44	52
2021-03-31T17:00:40	31	36	45	52
2021-03-31T17:00:50	32	38	47	51
2021-03-31T17:01:00	33	38	48	51
2021-03-31T17:01:10	33	39	48	51
2021-03-31T17:01:20	34	40	49	50
2021-03-31T17:01:30	35	41	50	50
2021-03-31T17:01:40	35	42	50	50
2021-03-31T17:01:50	36	43	51	50
2021-03-31T17:02:00	37	44	51	50
2021-03-31T17:02:10	38	45	52	50
2021-03-31T17:02:20	38	46	52	50
2021-03-31T17:02:30	39	46	52	50
2021-03-31T17:02:40	39	47	52	49
2021-03-31T17:02:50	40	47	53	49
2021-03-31T17:03:00	40	48	53	49
2021-03-31T17:03:10	41	48	53	49
2021-03-31T17:03:20	41	48	54	49
2021-03-31T17:03:30	41	49	54	49
2021-03-31T17:03:40	42	49	54	49
2021-03-31T17:03:50	42	49	54	49
2021-03-31T17:04:00	42	50	54	49
2021-03-31T17:04:10	43	50	54	49
2021-03-31T17:04:20	43	50	55	49
2021-03-31T17:04:30	43	50	55	49
2021-03-31T17:04:40	44	50	55	49
2021-03-31T17:04:50	44	51	55	49
2021-03-31T17:05:00	44	51	55	49
2021-03-31T17:05:10	44	51	55	49
2021-03-31T17:05:20	45	51	54	49
2021-03-31T17:05:30	45	51	55	49
2021-03-31T17:05:40	45	51	54	49
2021-03-31T17:05:50	45	51	55	49
2021-03-31T17:06:00	45	51	54	49
2021-03-31T17:06:10	45	52	54	49
2021-03-31T17:06:20	46	52	54	49
2021-03-31T17:06:30	46	52	55	49
2021-03-31T17:06:40	46	52	55	49
2021-03-31T17:06:50	46	52	55	49
2021-03-31T17:07:00	46	52	55	49
2021-03-31T17:07:10	46	52	55	49
2021-03-31T17:07:20	47	52	55	49
2021-03-31T17:07:30	47	52	55	49
2021-03-31T17:07:40	47	52	55	49
2021-03-31T17:07:50	47	52	55	49
2021-03-31T17:08:00	47	52	55	49
2021-03-31T17:08:10	47	52	55	49
2021-03-31T17:08:20	47	52	55	49
2021-03-31T17:08:30	47	52	55	49
2021-03-31T17:08:40	47	52	55	49
2021-03-31T17:08:50	47	52	55	49
2021-03-31T17:09:00	47	52	55	49
2021-03-31T17:09:10	47	52	55	49
2021-03-31T17:09:20	47	52	55	49
2021-03-31T17:09:30	48	52	55	49
2021-03-31T17:09:40	48	52	55	49
2021-03-31T17:09:50	48	52	55	49
2021-03-31T17:10:00	48	52	55	49
2021-03-31T17:10:10	48	52	55	49
2021-03-31T17:10:20	48	52	55	49
2021-03-31T17:10:30	48	52	55	49
2021-03-31T17:10:40	48	52	55	49
2021-03-31T17:10:50	48	52	55	49
2021-03-31T17:11:00	48	52	55	49
2021-03-31T17:11:10	48	52	55	49
2021-03-31T17:11:20	48	52	55	49
2021-03-31T17:11:30	48	52	55	49
2021-03-31T17:11:40	48	52	55	49
2021-03-31T17:11:50	48	52	55	50
2021-03-31T17:12:00	48	52	55	50
2021-03-31T17:12:10	48	52	55	49
2021-03-31T17:12:20	48	52	55	50
2021-03-31T17:12:30	48	52	55	50
2021-03-31T17:12:40	48	52	55	50
2021-03-31T17:12:50	48	52	55	50
2021-03-31T17:13:00	48	52	55	50
2021-03-31T17:13:10	48	52	55	50
2021-03-31T17:13:20	48	52	55	50
2021-03-31T17:13:30	48	52	54	50
2021-03-31T17:13:40	48	52	55	50
2021-03-31T17:13:50	48	52	54	50
2021-03-31T17:14:00	48	52	55	50
2021-03-31T17:14:10	48	52	54	50
2021-03-31T17:14:20	48	52	54	50
2021-03-31T17:14:30	48	52	54	50
2021-03-31T17:14:40	48	52	54	50
2021-03-31T17:14:50	48	52	54	50
2021-03-31T17:15:00	48	52	54	50
2021-03-31T17:15:10	48	52	54	50
2021-03-31T17:15:20	48	52	54	50
2021-03-31T17:15:30	48	52	54	50
2021-03-31T17:15:40	48	52	54	50
2021-03-31T17:15:50	48	52	54	50
2021-03-31T17:16:00	48	52	54	50
2021-03-31T17:16:10	48	52	54	50
2021-03-31T17:16:20	48	52	54	50
2021-03-31T17:16:30	48	52	54	50
2021-03-31T17:16:40	48	52	54	50
2021-03-31T17:16:50	48	52	54	50
2021-03-31T17:17:00	48	51	54	50
2021-03-31T17:17:10	48	52	54	50
2021-03-31T17:17:20	48	51	54	50
2021-03-31T17:17:30	48	51	54	50
2021-03-31T17:17:40	48	51	54	50
2021-03-31T17:17:50	48	51	54	50
2021-03-31T17:18:00	48	51	54	50
2021-03-31T17:18:10	48	51	54	50
2021-03-31T17:18:20	48	51	54	50
2021-03-31T17:18:30	48	51	54	50
2021-03-31T17:18:40	48	51	54	50
2021-03-31T17:18:50	48	51	54	50
2021-03-31T17:19:00	48	51	54	50
2021-03-31T17:19:10	48	51	54	50
2021-03-31T17:19:20	48	51	54	50
2021-03-31T17:19:30	48	51	54	49
2021-03-31T17:19:40	48	51	54	50
2021-03-31T17:19:50	48	51	54	49
2021-03-31T17:20:00	48	51	54	49
2021-03-31T17:20:10	48	51	54	50
2021-03-31T17:20:20	48	51	54	50
2021-03-31T17:20:30	48	51	53	49
2021-03-31T17:20:40	48	51	54	49
2021-03-31T17:20:50	48	51	53	50
2021-03-31T17:21:00	48	51	53	49
2021-03-31T17:21:10	48	51	53	49
2021-03-31T17:21:20	48	51	53	49
2021-03-31T17:21:30	48	51	53	49
2021-03-31T17:21:40	48	51	53	49
2021-03-31T17:21:50	48	51	53	49
2021-03-31T17:22:00	48	51	53	49
2021-03-31T17:22:10	48	51	53	49
2021-03-31T17:22:20	48	50	53	49
2021-03-31T17:22:30	48	50	53	49
2021-03-31T17:22:40	48	50	53	49
2021-03-31T17:22:50	48	50	53	49
2021-03-31T17:23:00	47	50	53	49
2021-03-31T17:23:10	47	50	53	49
2021-03-31T17:23:20	47	50	53	49
2021-03-31T17:23:30	47	50	53	49
2021-03-31T17:23:40	47	50	53	49
2021-03-31T17:23:50	47	50	53	49
2021-03-31T17:24:00	47	50	53	49
2021-03-31T17:24:10	47	50	53	49
2021-03-31T17:24:20	47	50	53	49
2021-03-31T17:24:30	47	50	53	49
2021-03-31T17:24:40	47	50	53	49
2021-03-31T17:24:50	47	50	53	49
2021-03-31T17:25:00	47	50	53	49
2021-03-31T17:25:10	47	50	53	49
2021-03-31T17:25:20	47	50	53	49
2021-03-31T17:25:30	47	50	53	49
2021-03-31T17:25:40	47	50	53	49
2021-03-31T17:25:50	47	50	53	49
2021-03-31T17:26:00	47	50	52	49
2021-03-31T17:26:10	47	50	52	49
2021-03-31T17:26:20	47	50	52	49
2021-03-31T17:26:30	47	50	52	49
2021-03-31T17:26:40	47	50	52	49
2021-03-31T17:26:50	47	50	52	49
