time	T1	T2	T3	T4
2021-07-10T12:26:13	46	47	54	42
2021-07-10T12:26:43	48	49	56	42
2021-07-10T12:27:13	50	50	56	43
2021-07-10T12:27:43	52	53	60	44
2021-07-10T12:28:13	54	55	62	45
2021-07-10T12:28:43	55	56	63	47
2021-07-10T12:29:13	56	57	64	49
2021-07-10T12:29:43	57	57	64	51
2021-07-10T12:30:13	57	57	63	52
2021-07-10T12:30:43	58	58	63	53
2021-07-10T12:31:13	59	59	66	54
2021-07-10T12:31:43	60	61	68	55
2021-07-10T12:32:13	61	62	69	56
2021-07-10T12:32:43	61	63	70	57
2021-07-10T12:33:13	62	63	69	58
2021-07-10T12:33:43	62	63	69	59
2021-07-10T12:34:13	62	63	69	60
2021-07-10T12:34:43	64	67	75	60
2021-07-10T12:35:13	65	68	76	61
2021-07-10T12:35:43	66	68	76	62
2021-07-10T12:36:13	66	68	76	63
2021-07-10T12:36:43	66	68	75	63
2021-07-10T12:37:13	66	69	75	64
2021-07-10T12:37:43	72	73	80	65
2021-07-10T12:38:13	75	75	82	66
2021-07-10T12:38:43	76	75	82	67
2021-07-10T12:39:13	76	75	82	68
2021-07-10T12:39:43	76	75	81	69
2021-07-10T12:40:13	76	75	80	68
2021-07-10T12:40:43	77	77	85	70
2021-07-10T12:41:13	78	79	87	71
2021-07-10T12:41:43	78	79	86	72
2021-07-10T12:42:13	78	79	86	72
2021-07-10T12:42:43	78	79	86	72
2021-07-10T12:43:13	78	81	89	73
2021-07-10T12:43:43	80	84	92	74
2021-07-10T12:44:13	80	85	91	75
2021-07-10T12:44:43	82	85	92	75
2021-07-10T12:45:13	86	86	92	77
2021-07-10T12:45:43	86	86	92	78
2021-07-10T12:46:13	87	88	95	78
2021-07-10T12:46:43	88	87	95	78
2021-07-10T12:47:13	88	88	94	79
2021-07-10T12:47:43	89	91	97	80
2021-07-10T12:48:13	89	91	97	81
2021-07-10T12:48:43	89	91	98	81
2021-07-10T12:49:13	93	93	102	82
2021-07-10T12:49:43	96	95	104	83
2021-07-10T12:50:13	96	96	102	84
2021-07-10T12:50:43	95	95	103	85
2021-07-10T12:51:13	96	96	103	86
2021-07-10T12:51:43	96	98	106	86
2021-07-10T12:52:13	96	98	104	87
2021-07-10T12:52:43	96	100	108	87
2021-07-10T12:53:13	101	101	109	88
2021-07-10T12:53:43	101	102	109	90
2021-07-10T12:54:13	101	101	108	91
2021-07-10T12:54:43	102	103	110	92
2021-07-10T12:55:13	102	104	110	92
2021-07-10T12:55:43	102	104	111	92
2021-07-10T12:56:13	105	107	114	94
2021-07-10T12:56:43	109	109	116	95
2021-07-10T12:57:13	109	109	115	95
2021-07-10T12:57:43	109	109	115	96
2021-07-10T12:58:13	109	110	118	97
2021-07-10T12:58:43	109	111	118	98
2021-07-10T12:59:13	109	111	117	99
2021-07-10T12:59:43	112	114	121	98
2021-07-10T13:00:13	115	115	124	100
2021-07-10T13:00:43	115	115	123	101
2021-07-10T13:01:13	115	115	122	102
2021-07-10T13:01:43	115	117	125	101
2021-07-10T13:02:13	115	118	126	103
2021-07-10T13:02:43	115	118	125	104
2021-07-10T13:03:13	120	119	125	104
2021-07-10T13:03:43	122	122	129	104
2021-07-10T13:04:13	123	123	131	105
2021-07-10T13:04:43	123	123	130	107
2021-07-10T13:05:13	122	122	129	108
2021-07-10T13:05:43	122	124	132	109
2021-07-10T13:06:13	122	124	132	109
2021-07-10T13:06:43	126	126	132	110
2021-07-10T13:07:13	127	127	133	111
2021-07-10T13:07:43	129	129	137	112
2021-07-10T13:08:13	129	130	137	112
2021-07-10T13:08:43	128	129	135	112
2021-07-10T13:09:13	128	131	140	114
2021-07-10T13:09:43	131	132	141	115
2021-07-10T13:10:13	134	132	139	116
2021-07-10T13:10:43	134	133	139	116
2021-07-10T13:11:13	135	135	143	117
2021-07-10T13:11:43	135	136	144	117
2021-07-10T13:12:13	133	136	143	119
2021-07-10T13:12:43	139	139	147	119
2021-07-10T13:13:13	140	140	148	121
2021-07-10T13:13:43	140	139	147	121
2021-07-10T13:14:13	139	139	146	122
2021-07-10T13:14:43	139	142	149	122
2021-07-10T13:15:13	140	142	148	123
2021-07-10T13:15:43	145	144	150	124
2021-07-10T13:16:13	147	145	152	125
2021-07-10T13:16:43	146	145	151	127
2021-07-10T13:17:13	145	145	153	128
2021-07-10T13:17:43	146	148	156	128
2021-07-10T13:18:13	145	148	156	129
2021-07-10T13:18:43	149	149	156	130
2021-07-10T13:19:13	150	149	155	131
2021-07-10T13:19:43	151	152	160	132
2021-07-10T13:20:13	151	151	158	132
2021-07-10T13:20:43	150	153	160	132
2021-07-10T13:21:13	154	154	162	133
2021-07-10T13:21:43	155	154	162	135
2021-07-10T13:22:13	155	155	161	135
2021-07-10T13:22:43	156	159	166	136
2021-07-10T13:23:13	155	158	166	137
2021-07-10T13:23:43	159	158	165	137
2021-07-10T13:24:13	161	159	167	138
2021-07-10T13:24:43	162	161	166	140
2021-07-10T13:25:13	162	162	169	140
2021-07-10T13:25:43	161	162	169	142
2021-07-10T13:26:13	163	162	169	143
2021-07-10T13:26:43	165	166	173	143
2021-07-10T13:27:13	165	165	172	145
2021-07-10T13:27:43	165	166	174	144
2021-07-10T13:28:13	165	168	176	145
2021-07-10T13:28:43	166	168	175	146
2021-07-10T13:29:13	170	169	176	146
2021-07-10T13:29:43	172	171	179	148
2021-07-10T13:30:13	171	170	177	148
2021-07-10T13:30:43	171	172	180	150
2021-07-10T13:31:13	171	174	182	150
2021-07-10T13:31:43	173	174	182	151
2021-07-10T13:32:13	174	174	182	151
2021-07-10T13:32:43	174	175	182	153
2021-07-10T13:33:13	175	177	187	154
2021-07-10T13:33:43	177	178	187	153
2021-07-10T13:34:13	178	178	186	155
2021-07-10T13:34:43	178	179	187	156
2021-07-10T13:35:13	178	181	187	157
2021-07-10T13:35:43	182	182	190	157
2021-07-10T13:36:13	185	183	190	159
2021-07-10T13:36:43	184	182	189	160
2021-07-10T13:37:13	185	184	193	161
2021-07-10T13:37:43	184	185	194	162
2021-07-10T13:38:13	185	186	193	161
2021-07-10T13:38:43	188	188	196	163
2021-07-10T13:39:13	188	189	196	164
2021-07-10T13:39:43	188	189	195	165
2021-07-10T13:40:13	190	191	200	166
2021-07-10T13:40:43	191	190	198	167
2021-07-10T13:41:13	191	191	200	168
2021-07-10T13:41:43	193	194	202	167
2021-07-10T13:42:13	193	193	200	169
2021-07-10T13:42:43	192	193	200	170
2021-07-10T13:43:13	197	197	205	171
2021-07-10T13:43:43	197	196	204	172
2021-07-10T13:44:13	196	197	204	172
2021-07-10T13:44:43	197	198	206	173
2021-07-10T13:45:13	201	200	206	174
2021-07-10T13:45:43	201	201	207	175
2021-07-10T13:46:13	201	200	208	176
2021-07-10T13:46:43	200	202	209	176
2021-07-10T13:47:13	204	203	209	177
2021-07-10T13:47:43	206	205	213	178
2021-07-10T13:48:13	206	206	213	179
2021-07-10T13:48:43	204	205	211	180
2021-07-10T13:49:13	208	209	218	179
2021-07-10T13:49:43	209	209	218	180
2021-07-10T13:50:13	208	208	216	183
2021-07-10T13:50:43	210	209	218	183
2021-07-10T13:51:13	212	211	219	184
2021-07-10T13:51:43	211	211	217	185
2021-07-10T13:52:13	211	213	221	186
2021-07-10T13:52:43	214	213	221	186
2021-07-10T13:53:13	216	215	220	187
2021-07-10T13:53:43	217	217	224	188
2021-07-10T13:54:13	216	216	223	189
2021-07-10T13:54:43	216	218	226	190
2021-07-10T13:55:13	220	219	225	191
2021-07-10T13:55:43	219	219	224	192
2021-07-10T13:56:13	219	222	230	192
2021-07-10T13:56:43	218	221	229	193
2021-07-10T13:57:13	224	222	229	194
2021-07-10T13:57:43	224	224	231	195
2021-07-10T13:58:13	223	224	230	196
2021-07-10T13:58:43	223	226	234	197
2021-07-10T13:59:13	227	227	234	198
2021-07-10T13:59:43	227	226	233	199
2021-07-10T14:00:13	227	228	238	200
2021-07-10T14:00:43	230	230	238	200
2021-07-10T14:01:13	231	230	237	202
2021-07-10T14:01:43	230	230	238	202
2021-07-10T14:02:13	230	233	241	203
2021-07-10T14:02:43	234	233	239	204
2021-07-10T14:03:13	233	234	241	205
2021-07-10T14:03:43	233	235	243	205
2021-07-10T14:04:13	236	236	243	207
2021-07-10T14:04:43	237	236	243	208
2021-07-10T14:05:13	238	239	246	209
2021-07-10T14:05:43	237	238	245	210
2021-07-10T14:06:13	240	241	249	210
2021-07-10T14:06:43	239	240	248	211
2021-07-10T14:07:13	239	241	248	212
2021-07-10T14:07:43	245	243	250	213
2021-07-10T14:08:13	244	243	249	215
2021-07-10T14:08:43	244	245	251	215
2021-07-10T14:09:13	244	245	252	215
2021-07-10T14:09:43	249	246	253	216
2021-07-10T14:10:13	248	247	253	217
2021-07-10T14:10:43	248	249	256	218
2021-07-10T14:11:13	247	248	255	219
2021-07-10T14:11:43	253	252	260	220
2021-07-10T14:12:13	253	252	260	221
2021-07-10T14:12:43	251	251	257	222
2021-07-10T14:13:13	253	253	262	223
2021-07-10T14:13:43	253	253	261	224
2021-07-10T14:14:13	256	254	263	224
2021-07-10T14:14:43	257	256	264	226
2021-07-10T14:15:13	254	255	263	227
2021-07-10T14:15:43	259	258	267	227
2021-07-10T14:16:13	259	259	266	228
2021-07-10T14:16:43	257	259	266	229
2021-07-10T14:17:13	263	262	271	230
2021-07-10T14:17:43	263	261	269	231
2021-07-10T14:18:13	261	261	269	231
2021-07-10T14:18:43	263	262	270	233
2021-07-10T14:19:13	263	263	272	234
2021-07-10T14:19:43	267	264	272	234
2021-07-10T14:20:13	266	266	273	236
2021-07-10T14:20:43	267	266	274	236
2021-07-10T14:21:13	269	268	277	237
2021-07-10T14:21:43	267	268	277	238
2021-07-10T14:22:13	270	268	276	239
2021-07-10T14:22:43	270	270	279	240
2021-07-10T14:23:13	273	271	279	241
2021-07-10T14:23:43	273	274	281	242
2021-07-10T14:24:13	272	275	282	243
2021-07-10T14:24:43	277	275	281	244
2021-07-10T14:25:13	277	277	285	245
2021-07-10T14:25:43	276	276	284	244
2021-07-10T14:26:13	279	276	284	245
2021-07-10T14:26:43	279	279	285	246
2021-07-10T14:27:13	278	279	285	247
2021-07-10T14:27:43	281	282	290	249
2021-07-10T14:28:13	281	280	289	249
2021-07-10T14:28:43	284	282	290	251
2021-07-10T14:29:13	284	284	293	252
2021-07-10T14:29:43	283	283	290	253
2021-07-10T14:30:13	286	286	293	254
2021-07-10T14:30:43	285	285	293	255
2021-07-10T14:31:13	290	287	296	256
2021-07-10T14:31:43	290	288	294	257
2021-07-10T14:32:13	288	288	299	257
2021-07-10T14:32:43	292	288	298	258
2021-07-10T14:33:13	293	290	297	259
2021-07-10T14:33:43	291	290	298	260
2021-07-10T14:34:13	295	292	301	261
2021-07-10T14:34:43	296	292	301	262
2021-07-10T14:35:13	295	295	302	263
2021-07-10T14:35:43	294	295	303	264
2021-07-10T14:36:13	300	295	303	265
2021-07-10T14:36:43	299	296	305	266
2021-07-10T14:37:13	298	297	307	267
2021-07-10T14:37:43	300	298	308	267
2021-07-10T14:38:13	299	298	308	268
2021-07-10T14:38:43	303	300	308	269
2021-07-10T14:39:13	302	301	311	270
2021-07-10T14:39:43	305	302	311	271
2021-07-10T14:40:13	303	302	312	271
2021-07-10T14:40:43	306	304	315	273
2021-07-10T14:41:13	305	303	313	273
2021-07-10T14:41:43	308	305	316	275
2021-07-10T14:42:13	307	305	314	276
2021-07-10T14:42:43	311	308	318	275
2021-07-10T14:43:13	311	307	317	278
2021-07-10T14:43:43	310	309	320	279
2021-07-10T14:44:13	311	308	318	280
2021-07-10T14:44:43	315	311	322	280
2021-07-10T14:45:13	314	312	322	283
2021-07-10T14:45:43	315	311	322	283
2021-07-10T14:46:13	315	312	321	283
2021-07-10T14:46:43	316	313	324	284
2021-07-10T14:47:13	318	314	326	285
2021-07-10T14:47:43	319	315	325	286
2021-07-10T14:48:13	320	315	326	287
2021-07-10T14:48:43	319	317	330	288
2021-07-10T14:49:13	323	317	328	289
2021-07-10T14:49:43	321	318	331	290
2021-07-10T14:50:13	326	319	330	291
2021-07-10T14:50:43	323	320	332	292
2021-07-10T14:51:13	328	320	333	293
2021-07-10T14:51:43	325	321	332	292
2021-07-10T14:52:13	331	324	336	295
2021-07-10T14:52:43	327	324	334	296
2021-07-10T14:53:13	329	324	338	297
2021-07-10T14:53:43	331	325	336	297
2021-07-10T14:54:13	331	326	339	298
2021-07-10T14:54:43	333	326	338	299
2021-07-10T14:55:13	333	328	340	300
2021-07-10T14:55:43	334	329	340	301
2021-07-10T14:56:13	334	330	342	302
2021-07-10T14:56:43	337	331	343	303
2021-07-10T14:57:13	336	332	344	304
2021-07-10T14:57:43	340	332	345	305
2021-07-10T14:58:13	338	334	348	306
2021-07-10T14:58:43	341	334	348	307
2021-07-10T14:59:13	341	334	346	308
2021-07-10T14:59:43	343	336	349	308
2021-07-10T15:00:13	342	337	349	310
2021-07-10T15:00:43	344	336	350	311
2021-07-10T15:01:13	344	338	351	311
2021-07-10T15:01:43	347	340	354	312
2021-07-10T15:02:13	347	342	356	314
2021-07-10T15:02:43	346	341	353	315
2021-07-10T15:03:13	349	342	355	315
2021-07-10T15:03:43	350	341	354	316
2021-07-10T15:04:13	352	345	359	318
2021-07-10T15:04:43	350	344	357	319
2021-07-10T15:05:13	354	346	359	319
2021-07-10T15:05:43	352	346	360	319
2021-07-10T15:06:13	354	347	359	321
2021-07-10T15:06:43	356	350	365	321
2021-07-10T15:07:13	354	348	363	323
2021-07-10T15:07:43	359	350	365	323
2021-07-10T15:08:13	358	350	365	325
2021-07-10T15:08:43	360	352	366	326
2021-07-10T15:09:13	359	352	369	327
2021-07-10T15:09:43	362	353	367	328
2021-07-10T15:10:13	361	354	369	328
2021-07-10T15:10:43	364	354	369	330
2021-07-10T15:11:13	363	355	370	331
2021-07-10T15:11:43	363	357	372	332
2021-07-10T15:12:13	368	358	371	332
2021-07-10T15:12:43	366	358	373	333
2021-07-10T15:13:13	368	359	376	335
2021-07-10T15:13:43	368	359	375	335
2021-07-10T15:14:13	371	361	377	336
2021-07-10T15:14:43	370	361	377	337
2021-07-10T15:15:13	372	363	380	337
2021-07-10T15:15:43	371	363	378	338
2021-07-10T15:16:13	374	365	383	339
2021-07-10T15:16:43	375	363	380	341
2021-07-10T15:17:13	375	365	383	341
2021-07-10T15:17:43	378	365	383	342
2021-07-10T15:18:13	378	366	383	344
2021-07-10T15:18:43	380	369	387	345
2021-07-10T15:19:13	378	369	385	345
2021-07-10T15:19:43	381	369	386	347
2021-07-10T15:20:13	380	370	390	348
2021-07-10T15:20:43	383	372	389	348
2021-07-10T15:21:13	382	372	389	349
2021-07-10T15:21:43	385	373	391	351
2021-07-10T15:22:13	385	374	391	352
2021-07-10T15:22:43	386	375	393	353
2021-07-10T15:23:13	388	376	393	354
2021-07-10T15:23:43	388	377	396	355
2021-07-10T15:24:13	388	377	396	356
2021-07-10T15:24:43	390	378	397	357
2021-07-10T15:25:13	390	379	398	357
2021-07-10T15:25:43	392	380	399	359
2021-07-10T15:26:13	393	381	399	359
2021-07-10T15:26:43	393	382	400	361
2021-07-10T15:27:13	396	382	401	362
2021-07-10T15:27:43	394	384	400	362
2021-07-10T15:28:13	397	386	404	364
2021-07-10T15:28:43	397	384	405	365
2021-07-10T15:29:13	399	386	403	366
2021-07-10T15:29:43	400	387	407	367
2021-07-10T15:30:13	400	387	404	367
2021-07-10T15:30:43	402	389	410	369
2021-07-10T15:31:13	401	389	408	369
2021-07-10T15:31:43	403	390	408	369
2021-07-10T15:32:13	405	392	411	372
2021-07-10T15:32:43	406	394	413	371
2021-07-10T15:33:13	406	392	411	373
2021-07-10T15:33:43	406	393	414	374
2021-07-10T15:34:13	409	395	416	375
2021-07-10T15:34:43	409	396	415	376
2021-07-10T15:35:13	411	396	415	378
2021-07-10T15:35:43	411	398	418	378
2021-07-10T15:36:13	410	397	418	379
2021-07-10T15:36:43	413	400	420	379
2021-07-10T15:37:13	414	401	422	381
2021-07-10T15:37:43	414	401	421	381
2021-07-10T15:38:13	418	402	424	383
2021-07-10T15:38:43	416	402	423	384
2021-07-10T15:39:13	418	404	424	384
2021-07-10T15:39:43	419	404	427	386
2021-07-10T15:40:13	421	404	425	386
2021-07-10T15:40:43	420	406	427	388
2021-07-10T15:41:13	422	407	430	388
2021-07-10T15:41:43	421	406	427	390
2021-07-10T15:42:13	424	409	431	390
2021-07-10T15:42:43	423	410	430	391
2021-07-10T15:43:13	427	412	434	392
2021-07-10T15:43:43	427	411	433	394
2021-07-10T15:44:13	426	413	432	396
2021-07-10T15:44:43	428	413	436	396
2021-07-10T15:45:13	430	413	434	397
2021-07-10T15:45:43	430	414	436	397
2021-07-10T15:46:13	433	417	439	399
2021-07-10T15:46:43	431	416	439	400
2021-07-10T15:47:13	434	418	439	401
2021-07-10T15:47:43	432	417	441	402
2021-07-10T15:48:13	436	420	442	401
2021-07-10T15:48:43	434	419	442	403
2021-07-10T15:49:13	438	420	443	404
2021-07-10T15:49:43	438	421	445	406
2021-07-10T15:50:13	440	421	444	406
2021-07-10T15:50:43	440	424	447	408
2021-07-10T15:51:13	441	425	449	409
2021-07-10T15:51:43	442	425	448	410
2021-07-10T15:52:13	441	425	448	410
2021-07-10T15:52:43	445	427	450	411
2021-07-10T15:53:13	446	428	451	413
2021-07-10T15:53:43	445	429	453	414
2021-07-10T15:54:13	448	430	453	415
2021-07-10T15:54:43	447	431	455	415
2021-07-10T15:55:13	447	432	455	417
2021-07-10T15:55:43	449	432	455	418
2021-07-10T15:56:13	453	434	457	419
2021-07-10T15:56:43	450	433	455	420
2021-07-10T15:57:13	453	435	458	419
2021-07-10T15:57:43	454	437	462	422
2021-07-10T15:58:13	453	435	459	423
2021-07-10T15:58:43	456	438	463	424
2021-07-10T15:59:13	456	438	461	424
2021-07-10T15:59:43	457	439	462	426
2021-07-10T16:00:13	458	441	466	427
2021-07-10T16:00:43	458	440	464	427
2021-07-10T16:01:13	459	442	467	429
2021-07-10T16:01:43	461	443	466	430
2021-07-10T16:02:13	463	444	470	431
2021-07-10T16:02:43	462	443	468	432
2021-07-10T16:03:13	464	445	469	433
2021-07-10T16:03:43	465	446	470	434
2021-07-10T16:04:13	466	447	474	434
2021-07-10T16:04:43	466	447	472	435
2021-07-10T16:05:13	467	448	473	436
2021-07-10T16:05:43	470	450	476	436
2021-07-10T16:06:13	468	449	475	438
2021-07-10T16:06:43	470	449	475	439
2021-07-10T16:07:13	472	452	477	440
2021-07-10T16:07:43	472	454	480	440
2021-07-10T16:08:13	472	453	479	443
2021-07-10T16:08:43	475	455	482	443
2021-07-10T16:09:13	474	455	482	443
2021-07-10T16:09:43	476	456	482	446
2021-07-10T16:10:13	477	456	481	446
2021-07-10T16:10:43	478	457	483	447
2021-07-10T16:11:13	481	458	486	448
2021-07-10T16:11:43	479	459	486	447
2021-07-10T16:12:13	480	460	486	450
2021-07-10T16:12:43	482	462	488	451
2021-07-10T16:13:13	483	463	490	452
2021-07-10T16:13:43	484	463	489	452
2021-07-10T16:14:13	485	464	493	454
2021-07-10T16:14:43	486	464	493	455
2021-07-10T16:15:13	485	466	494	455
2021-07-10T16:15:43	487	467	494	457
2021-07-10T16:16:13	489	467	494	459
2021-07-10T16:16:43	489	467	495	459
2021-07-10T16:17:13	491	469	498	459
2021-07-10T16:17:43	493	470	498	461
2021-07-10T16:18:13	492	470	499	463
2021-07-10T16:18:43	492	472	501	463
2021-07-10T16:19:13	495	473	499	464
2021-07-10T16:19:43	496	474	502	464
2021-07-10T16:20:13	496	475	503	466
2021-07-10T16:20:43	497	474	504	468
2021-07-10T16:21:13	499	475	504	468
2021-07-10T16:21:43	499	477	504	470
2021-07-10T16:22:13	499	477	506	471
2021-07-10T16:22:43	503	479	509	472
2021-07-10T16:23:13	502	480	506	472
2021-07-10T16:23:43	504	482	510	474
2021-07-10T16:24:13	502	482	510	475
2021-07-10T16:24:43	505	483	510	476
2021-07-10T16:25:13	506	484	511	478
2021-07-10T16:25:43	508	485	511	478
2021-07-10T16:26:13	509	487	515	479
2021-07-10T16:26:43	508	488	515	480
2021-07-10T16:27:13	512	489	516	482
2021-07-10T16:27:43	508	490	517	483
2021-07-10T16:28:13	511	490	518	485
2021-07-10T16:28:43	512	491	520	486
2021-07-10T16:29:13	513	493	520	484
2021-07-10T16:29:43	515	494	520	487
2021-07-10T16:30:13	515	494	521	487
2021-07-10T16:30:43	518	495	522	489
2021-07-10T16:31:13	519	497	524	491
2021-07-10T16:31:43	520	497	525	493
2021-07-10T16:32:13	518	498	526	493
2021-07-10T16:32:43	521	499	527	495
2021-07-10T16:33:13	523	501	528	496
2021-07-10T16:33:43	521	500	528	497
2021-07-10T16:34:13	523	499	529	497
2021-07-10T16:34:43	525	499	529	497
2021-07-10T16:35:13	524	501	531	499
2021-07-10T16:35:43	528	501	533	499
2021-07-10T16:36:13	528	501	532	499
2021-07-10T16:36:43	527	503	534	502
2021-07-10T16:37:13	528	503	535	504
2021-07-10T16:37:43	529	505	536	505
2021-07-10T16:38:13	531	504	535	504
2021-07-10T16:38:43	532	506	539	505
2021-07-10T16:39:13	533	507	539	508
2021-07-10T16:39:43	533	507	541	508
2021-07-10T16:40:13	534	507	539	509
2021-07-10T16:40:43	535	509	542	511
2021-07-10T16:41:13	536	509	542	512
2021-07-10T16:41:43	537	510	546	511
2021-07-10T16:42:13	538	510	543	514
2021-07-10T16:42:43	540	512	545	514
2021-07-10T16:43:13	541	511	547	515
2021-07-10T16:43:43	542	513	548	516
2021-07-10T16:44:13	542	514	550	515
2021-07-10T16:44:43	542	513	549	518
2021-07-10T16:45:13	545	514	549	520
2021-07-10T16:45:43	546	516	551	520
2021-07-10T16:46:13	545	516	552	521
2021-07-10T16:46:43	547	517	552	522
2021-07-10T16:47:13	549	518	554	524
2021-07-10T16:47:43	550	520	555	525
2021-07-10T16:48:13	551	520	556	527
2021-07-10T16:48:43	552	520	555	526
2021-07-10T16:49:13	551	521	556	528
2021-07-10T16:49:43	552	522	558	529
2021-07-10T16:50:13	553	522	558	528
2021-07-10T16:50:43	556	524	559	530
2021-07-10T16:51:13	556	524	561	532
2021-07-10T16:51:43	556	525	563	533
2021-07-10T16:52:13	559	526	564	534
2021-07-10T16:52:43	560	528	566	535
2021-07-10T16:53:13	560	528	567	536
2021-07-10T16:53:43	560	527	566	537
2021-07-10T16:54:13	561	529	569	538
2021-07-10T16:54:43	562	530	568	539
2021-07-10T16:55:13	563	530	569	539
2021-07-10T16:55:43	563	531	570	541
2021-07-10T16:56:13	567	534	570	542
2021-07-10T16:56:43	567	533	571	544
2021-07-10T16:57:13	566	535	574	544
2021-07-10T16:57:43	569	534	573	545
2021-07-10T16:58:13	570	535	574	547
2021-07-10T16:58:43	572	537	576	548
2021-07-10T16:59:13	570	537	576	548
2021-07-10T16:59:43	571	539	578	549
2021-07-10T17:00:13	574	540	577	551
2021-07-10T17:00:43	574	540	578	553
2021-07-10T17:01:13	576	540	580	553
2021-07-10T17:01:43	577	543	581	555
2021-07-10T17:02:13	577	543	583	555
2021-07-10T17:02:43	578	542	582	556
2021-07-10T17:03:13	580	544	586	556
2021-07-10T17:03:43	579	544	584	557
2021-07-10T17:04:13	582	547	587	560
2021-07-10T17:04:43	582	547	587	562
2021-07-10T17:05:13	584	550	589	562
2021-07-10T17:05:43	584	551	589	563
2021-07-10T17:06:13	585	548	590	565
2021-07-10T17:06:43	585	551	591	566
2021-07-10T17:07:13	586	552	592	567
2021-07-10T17:07:43	587	552	592	567
2021-07-10T17:08:13	588	554	592	568
2021-07-10T17:08:43	589	556	596	570
2021-07-10T17:09:13	591	555	595	569
2021-07-10T17:09:43	592	557	597	572
2021-07-10T17:10:13	594	557	599	574
2021-07-10T17:10:43	595	558	601	574
2021-07-10T17:11:13	594	559	596	575
2021-07-10T17:11:43	594	560	600	576
2021-07-10T17:12:13	597	562	602	575
2021-07-10T17:12:43	598	564	603	577
2021-07-10T17:13:13	598	564	602	579
2021-07-10T17:13:43	600	566	605	579
2021-07-10T17:14:13	601	566	606	581
2021-07-10T17:14:43	601	567	605	581
2021-07-10T17:15:13	603	568	607	583
2021-07-10T17:15:43	604	568	608	584
2021-07-10T17:16:13	604	571	611	585
2021-07-10T17:16:43	606	571	612	587
2021-07-10T17:17:13	606	572	613	588
2021-07-10T17:17:43	606	574	612	588
2021-07-10T17:18:13	607	574	613	589
2021-07-10T17:18:43	608	574	615	590
2021-07-10T17:19:13	610	575	616	591
2021-07-10T17:19:43	610	577	617	592
2021-07-10T17:20:13	611	578	617	593
2021-07-10T17:20:43	611	578	619	594
2021-07-10T17:21:13	615	579	621	595
2021-07-10T17:21:43	613	581	620	596
2021-07-10T17:22:13	615	581	620	596
2021-07-10T17:22:43	616	581	622	599
2021-07-10T17:23:13	617	582	622	600
2021-07-10T17:23:43	617	583	625	601
2021-07-10T17:24:13	619	583	624	601
2021-07-10T17:24:43	620	585	626	604
2021-07-10T17:25:13	622	586	625	603
2021-07-10T17:25:43	621	587	627	606
2021-07-10T17:26:13	624	590	629	605
2021-07-10T17:26:43	625	590	630	607
2021-07-10T17:27:13	626	591	630	608
2021-07-10T17:27:43	627	592	633	609
2021-07-10T17:28:13	628	594	633	611
2021-07-10T17:28:43	629	594	635	611
2021-07-10T17:29:13	630	594	635	613
2021-07-10T17:29:43	630	597	635	613
2021-07-10T17:30:13	630	595	638	615
2021-07-10T17:30:43	633	597	638	615
2021-07-10T17:31:13	634	598	637	618
2021-07-10T17:31:43	635	599	640	617
2021-07-10T17:32:13	634	599	640	617
2021-07-10T17:32:43	636	600	641	618
2021-07-10T17:33:13	638	602	644	619
2021-07-10T17:33:43	638	602	643	621
2021-07-10T17:34:13	638	603	643	622
2021-07-10T17:34:43	639	604	645	624
2021-07-10T17:35:13	640	606	647	624
2021-07-10T17:35:43	642	606	646	626
2021-07-10T17:36:13	642	608	647	627
2021-07-10T17:36:43	641	607	647	628
2021-07-10T17:37:13	644	609	649	628
2021-07-10T17:37:43	645	611	652	629
2021-07-10T17:38:13	647	611	652	630
2021-07-10T17:38:43	648	612	653	632
2021-07-10T17:39:13	649	613	653	633
2021-07-10T17:39:43	650	614	655	634
2021-07-10T17:40:13	651	615	655	635
2021-07-10T17:40:43	651	615	656	636
2021-07-10T17:41:13	653	618	658	635
2021-07-10T17:41:43	654	618	660	638
2021-07-10T17:42:13	654	618	661	640
2021-07-10T17:42:43	656	619	660	641
2021-07-10T17:43:13	657	621	662	640
2021-07-10T17:43:43	658	621	663	641
2021-07-10T17:44:13	658	622	663	644
2021-07-10T17:44:43	660	624	664	644
2021-07-10T17:45:13	660	624	664	644
2021-07-10T17:45:43	660	624	665	646
2021-07-10T17:46:13	662	626	666	648
2021-07-10T17:46:43	662	626	667	648
2021-07-10T17:47:13	664	628	667	649
2021-07-10T17:47:43	665	628	669	650
2021-07-10T17:48:13	666	629	669	652
2021-07-10T17:48:43	667	630	671	653
2021-07-10T17:49:13	667	632	672	653
2021-07-10T17:49:43	668	633	673	654
2021-07-10T17:50:13	669	634	675	654
2021-07-10T17:50:43	670	634	677	656
2021-07-10T17:51:13	672	636	677	657
2021-07-10T17:51:43	671	637	677	658
2021-07-10T17:52:13	672	637	679	659
2021-07-10T17:52:43	675	640	679	660
2021-07-10T17:53:13	675	641	681	661
2021-07-10T17:53:43	676	641	682	662
2021-07-10T17:54:13	678	641	682	663
2021-07-10T17:54:43	678	643	683	665
2021-07-10T17:55:13	680	643	685	666
2021-07-10T17:55:43	681	645	684	666
2021-07-10T17:56:13	681	645	686	667
2021-07-10T17:56:43	683	646	686	668
2021-07-10T17:57:13	684	647	689	669
2021-07-10T17:57:43	685	647	689	670
2021-07-10T17:58:13	686	649	691	670
2021-07-10T17:58:43	686	649	691	672
2021-07-10T17:59:13	688	651	690	674
2021-07-10T17:59:43	687	651	692	675
2021-07-10T18:00:13	688	652	693	676
2021-07-10T18:00:43	691	655	695	675
2021-07-10T18:01:13	691	655	694	676
2021-07-10T18:01:43	691	656	696	678
2021-07-10T18:02:13	692	656	697	679
2021-07-10T18:02:43	694	657	699	680
2021-07-10T18:03:13	693	658	699	681
2021-07-10T18:03:43	695	661	701	682
2021-07-10T18:04:13	696	661	701	682
2021-07-10T18:04:43	698	662	703	683
2021-07-10T18:05:13	699	661	703	685
2021-07-10T18:05:43	701	663	704	686
2021-07-10T18:06:13	700	666	706	687
2021-07-10T18:06:43	700	667	707	688
2021-07-10T18:07:13	702	666	707	689
2021-07-10T18:07:43	702	666	705	689
2021-07-10T18:08:13	704	669	707	691
2021-07-10T18:08:43	706	670	709	692
2021-07-10T18:09:13	706	671	709	693
2021-07-10T18:09:43	707	672	711	694
2021-07-10T18:10:13	709	673	713	695
2021-07-10T18:10:43	710	674	713	695
2021-07-10T18:11:13	710	675	713	696
2021-07-10T18:11:43	710	676	714	696
2021-07-10T18:12:13	711	677	715	698
2021-07-10T18:12:43	714	677	716	700
2021-07-10T18:13:13	714	679	719	701
2021-07-10T18:13:43	713	679	720	701
2021-07-10T18:14:13	715	681	720	703
2021-07-10T18:14:43	717	682	722	703
2021-07-10T18:15:13	717	681	722	704
2021-07-10T18:15:43	717	684	722	705
2021-07-10T18:16:13	719	683	723	706
2021-07-10T18:16:43	721	687	725	708
2021-07-10T18:17:13	720	687	727	708
2021-07-10T18:17:43	724	688	728	709
2021-07-10T18:18:13	724	690	727	710
2021-07-10T18:18:43	723	689	728	711
2021-07-10T18:19:13	725	691	729	712
2021-07-10T18:19:43	725	691	731	714
2021-07-10T18:20:13	727	692	731	715
2021-07-10T18:20:43	728	693	732	715
2021-07-10T18:21:13	730	694	732	716
2021-07-10T18:21:43	730	696	735	718
2021-07-10T18:22:13	731	696	735	719
2021-07-10T18:22:43	733	697	735	718
2021-07-10T18:23:13	732	697	736	721
2021-07-10T18:23:43	735	700	739	720
2021-07-10T18:24:13	737	701	740	722
2021-07-10T18:24:43	737	701	739	722
2021-07-10T18:25:13	738	702	741	724
2021-07-10T18:25:43	738	702	742	724
2021-07-10T18:26:13	738	703	742	726
2021-07-10T18:26:43	741	705	744	726
2021-07-10T18:27:13	740	706	744	727
2021-07-10T18:27:43	741	706	745	728
2021-07-10T18:28:13	743	707	746	729
2021-07-10T18:28:43	743	709	748	731
2021-07-10T18:29:13	744	710	750	732
2021-07-10T18:29:43	745	710	751	732
2021-07-10T18:30:13	747	712	750	733
2021-07-10T18:30:43	746	713	751	734
2021-07-10T18:31:13	747	713	753	734
2021-07-10T18:31:43	748	715	755	737
2021-07-10T18:32:13	750	716	755	737
2021-07-10T18:32:43	752	715	755	738
2021-07-10T18:33:13	751	715	756	739
2021-07-10T18:33:43	752	718	756	741
2021-07-10T18:34:13	753	719	757	741
2021-07-10T18:34:43	753	719	758	743
2021-07-10T18:35:13	757	720	759	742
2021-07-10T18:35:43	757	722	762	745
2021-07-10T18:36:13	759	722	761	745
2021-07-10T18:36:43	760	723	762	746
2021-07-10T18:37:13	760	724	764	748
2021-07-10T18:37:43	761	725	764	749
2021-07-10T18:38:13	761	725	766	749
2021-07-10T18:38:43	764	726	767	750
2021-07-10T18:39:13	764	728	767	751
2021-07-10T18:39:43	765	727	768	751
2021-07-10T18:40:13	766	730	769	753
2021-07-10T18:40:43	768	731	771	754
2021-07-10T18:41:13	766	731	772	754
2021-07-10T18:41:43	769	731	773	755
2021-07-10T18:42:13	769	734	772	756
2021-07-10T18:42:43	770	733	773	756
2021-07-10T18:43:13	770	735	773	758
2021-07-10T18:43:43	771	736	777	757
2021-07-10T18:44:13	774	736	775	759
2021-07-10T18:44:43	773	738	777	760
2021-07-10T18:45:13	775	738	778	760
2021-07-10T18:45:43	774	739	779	762
2021-07-10T18:46:13	777	741	782	763
2021-07-10T18:46:43	777	742	783	763
2021-07-10T18:47:13	777	741	782	763
2021-07-10T18:47:43	780	744	784	765
2021-07-10T18:48:13	782	744	784	766
2021-07-10T18:48:43	782	745	785	768
2021-07-10T18:49:13	782	746	788	768
2021-07-10T18:49:43	783	748	788	767
2021-07-10T18:50:13	783	749	790	770
2021-07-10T18:50:43	786	749	790	771
2021-07-10T18:51:13	786	751	790	770
2021-07-10T18:51:43	786	752	792	773
2021-07-10T18:52:13	790	754	793	772
2021-07-10T18:52:43	789	755	794	774
2021-07-10T18:53:13	792	754	795	773
2021-07-10T18:53:43	792	757	797	775
2021-07-10T18:54:13	793	757	797	776
2021-07-10T18:54:43	791	756	795	776
2021-07-10T18:55:13	796	758	798	778
2021-07-10T18:55:43	795	759	799	779
2021-07-10T18:56:13	797	760	799	779
2021-07-10T18:56:43	796	762	801	782
2021-07-10T18:57:13	798	763	804	782
2021-07-10T18:57:43	800	763	804	783
2021-07-10T18:58:13	799	763	803	785
2021-07-10T18:58:43	802	766	804	786
2021-07-10T18:59:13	801	766	805	786
2021-07-10T18:59:43	802	767	807	787
2021-07-10T19:00:13	804	768	808	788
2021-07-10T19:00:43	804	768	809	789
2021-07-10T19:01:13	807	770	811	790
2021-07-10T19:01:43	806	770	810	792
2021-07-10T19:02:13	809	772	812	792
2021-07-10T19:02:43	808	772	813	793
2021-07-10T19:03:13	808	772	813	794
2021-07-10T19:03:43	810	773	814	796
2021-07-10T19:04:13	811	775	816	797
2021-07-10T19:04:43	813	775	816	797
2021-07-10T19:05:13	813	777	818	799
2021-07-10T19:05:43	814	777	819	799
2021-07-10T19:06:13	817	779	818	800
2021-07-10T19:06:43	816	779	821	802
2021-07-10T19:07:13	818	779	821	804
2021-07-10T19:07:43	818	781	823	804
2021-07-10T19:08:13	819	780	821	805
2021-07-10T19:08:43	821	783	824	806
2021-07-10T19:09:13	823	782	825	807
2021-07-10T19:09:43	821	784	825	806
2021-07-10T19:10:13	824	785	828	809
2021-07-10T19:10:43	824	785	828	809
2021-07-10T19:11:13	824	786	830	810
2021-07-10T19:11:43	826	788	830	812
2021-07-10T19:12:13	826	789	831	814
2021-07-10T19:12:43	829	790	833	814
2021-07-10T19:13:13	826	789	831	816
2021-07-10T19:13:43	829	790	834	816
2021-07-10T19:14:13	831	792	835	815
2021-07-10T19:14:43	831	793	837	819
2021-07-10T19:15:13	833	794	836	820
2021-07-10T19:15:43	834	794	838	820
2021-07-10T19:16:13	833	795	838	822
2021-07-10T19:16:43	835	796	838	823
2021-07-10T19:17:13	836	796	841	824
2021-07-10T19:17:43	838	797	840	826
2021-07-10T19:18:13	839	798	841	826
2021-07-10T19:18:43	839	799	841	826
2021-07-10T19:19:13	842	799	838	829
2021-07-10T19:19:43	840	799	835	827
2021-07-10T19:20:13	843	799	835	826
2021-07-10T19:20:43	844	798	833	826
2021-07-10T19:21:13	845	799	833	827
2021-07-10T19:21:43	845	799	831	827
2021-07-10T19:22:14	847	800	832	828
2021-07-10T19:22:44	847	800	832	827
2021-07-10T19:23:14	846	800	831	829
2021-07-10T19:23:44	848	800	833	828
2021-07-10T19:24:14	850	803	841	830
2021-07-10T19:24:44	850	806	847	831
2021-07-10T19:25:14	853	809	849	836
2021-07-10T19:25:44	852	810	853	839
2021-07-10T19:26:14	855	812	856	839
2021-07-10T19:26:44	854	813	858	840
2021-07-10T19:27:14	855	814	860	843
2021-07-10T19:27:44	858	815	859	844
2021-07-10T19:28:14	857	815	859	845
2021-07-10T19:28:44	860	817	864	847
2021-07-10T19:29:14	860	817	861	848
2021-07-10T19:29:44	859	818	864	849
2021-07-10T19:30:14	863	819	867	848
2021-07-10T19:30:44	862	819	866	850
2021-07-10T19:31:14	862	821	866	853
2021-07-10T19:31:44	866	822	866	853
2021-07-10T19:32:14	865	823	869	854
2021-07-10T19:32:44	866	823	869	856
2021-07-10T19:33:14	868	825	871	855
2021-07-10T19:33:44	869	824	871	859
2021-07-10T19:34:14	870	825	872	860
2021-07-10T19:34:44	870	828	875	861
2021-07-10T19:35:14	871	829	875	861
2021-07-10T19:35:44	871	829	875	862
2021-07-10T19:36:14	874	829	876	864
2021-07-10T19:36:44	873	832	878	864
2021-07-10T19:37:14	876	832	880	869
2021-07-10T19:37:44	875	832	880	867
2021-07-10T19:38:14	879	833	880	869
2021-07-10T19:38:44	879	836	882	868
2021-07-10T19:39:14	879	835	882	872
2021-07-10T19:39:44	880	836	882	872
2021-07-10T19:40:14	880	839	885	874
2021-07-10T19:40:44	883	838	879	874
2021-07-10T19:41:14	881	838	878	874
2021-07-10T19:41:44	882	838	876	873
2021-07-10T19:42:14	885	838	876	871
2021-07-10T19:42:44	886	839	875	872
2021-07-10T19:43:14	887	839	874	872
2021-07-10T19:43:44	889	840	875	873
2021-07-10T19:44:14	889	840	875	874
2021-07-10T19:44:44	890	840	874	874
2021-07-10T19:45:14	890	840	875	875
2021-07-10T19:45:44	892	842	881	876
2021-07-10T19:46:14	894	847	887	880
2021-07-10T19:46:44	894	849	893	880
2021-07-10T19:47:14	894	853	895	883
2021-07-10T19:47:44	895	854	897	885
2021-07-10T19:48:14	897	855	899	888
2021-07-10T19:48:44	897	856	901	888
2021-07-10T19:49:14	900	857	901	889
2021-07-10T19:49:44	899	857	900	892
2021-07-10T19:50:14	898	857	901	893
2021-07-10T19:50:44	898	857	901	892
2021-07-10T19:51:14	898	859	902	893
2021-07-10T19:51:44	900	860	903	893
2021-07-10T19:52:14	900	861	903	894
2021-07-10T19:52:44	900	860	902	894
2021-07-10T19:53:14	900	862	903	895
2021-07-10T19:53:44	899	861	901	894
2021-07-10T19:54:14	899	863	901	895
2021-07-10T19:54:44	898	863	902	896
2021-07-10T19:55:14	900	863	903	896
2021-07-10T19:55:44	897	865	902	895
2021-07-10T19:56:14	900	864	902	896
2021-07-10T19:56:44	899	865	901	896
2021-07-10T19:57:14	899	865	901	897
2021-07-10T19:57:44	898	867	903	898
2021-07-10T19:58:14	900	867	903	897
2021-07-10T19:58:44	899	867	901	897
2021-07-10T19:59:14	899	867	900	898
2021-07-10T19:59:44	898	868	902	898
2021-07-10T20:00:14	899	869	903	898
2021-07-10T20:00:44	899	869	901	898
2021-07-10T20:01:14	900	869	903	898
2021-07-10T20:01:44	898	871	902	899
2021-07-10T20:02:14	900	870	902	899
2021-07-10T20:02:44	900	871	903	899
2021-07-10T20:03:14	899	871	901	898
2021-07-10T20:03:44	899	872	901	900
2021-07-10T20:04:14	898	872	902	900
2021-07-10T20:04:44	900	873	903	899
2021-07-10T20:05:14	900	873	901	899
2021-07-10T20:05:44	899	874	903	899
2021-07-10T20:06:14	899	874	901	899
2021-07-10T20:06:44	899	874	903	900
2021-07-10T20:07:14	901	875	903	900
2021-07-10T20:07:44	900	875	901	900
2021-07-10T20:08:14	899	876	902	901
2021-07-10T20:08:44	900	876	901	900
2021-07-10T20:09:14	901	876	902	901
2021-07-10T20:09:44	900	877	903	902
2021-07-10T20:10:14	899	877	903	900
2021-07-10T20:10:44	901	877	902	901
2021-07-10T20:11:14	900	877	901	901
2021-07-10T20:11:44	900	878	903	901
2021-07-10T20:12:14	900	878	903	901
2021-07-10T20:12:44	900	879	903	901
2021-07-10T20:13:14	900	878	902	901
2021-07-10T20:13:44	900	879	902	901
2021-07-10T20:14:14	901	879	902	902
2021-07-10T20:14:44	899	880	903	902
2021-07-10T20:15:14	898	880	903	902
2021-07-10T20:15:44	899	880	903	902
2021-07-10T20:16:14	899	880	902	902
2021-07-10T20:16:44	900	880	902	902
2021-07-10T20:17:14	900	881	903	902
2021-07-10T20:17:44	898	881	902	902
2021-07-10T20:18:14	899	882	903	902
2021-07-10T20:18:44	900	881	902	902
2021-07-10T20:19:14	900	882	904	902
2021-07-10T20:19:44	898	884	904	902
2021-07-10T20:20:14	899	884	903	903
2021-07-10T20:20:44	901	884	903	903
2021-07-10T20:21:14	901	884	903	903
2021-07-10T20:21:44	898	884	904	902
2021-07-10T20:22:14	899	884	902	903
2021-07-10T20:22:44	899	884	904	903
2021-07-10T20:23:14	900	885	903	903
2021-07-10T20:23:44	900	885	903	902
2021-07-10T20:24:14	900	885	902	903
2021-07-10T20:24:44	899	885	903	902
2021-07-10T20:25:14	899	886	902	903
2021-07-10T20:25:44	898	886	903	902
2021-07-10T20:26:14	899	886	903	902
2021-07-10T20:26:44	901	886	903	903
2021-07-10T20:27:14	900	887	903	903
2021-07-10T20:27:44	901	887	904	903
2021-07-10T20:28:14	898	887	902	904
2021-07-10T20:28:44	900	887	902	904
2021-07-10T20:29:14	899	888	902	903
2021-07-10T20:29:44	900	888	904	903
2021-07-10T20:30:14	899	889	903	903
2021-07-10T20:30:44	899	889	903	903
2021-07-10T20:31:14	899	889	902	903
2021-07-10T20:31:44	900	890	904	903
2021-07-10T20:32:14	899	889	902	903
2021-07-10T20:32:44	900	890	902	903
2021-07-10T20:33:14	900	890	902	903
2021-07-10T20:33:44	899	890	902	903
2021-07-10T20:34:14	900	890	903	903
2021-07-10T20:34:44	900	889	903	904
2021-07-10T20:35:14	901	891	902	904
2021-07-10T20:35:44	899	890	904	904
2021-07-10T20:36:14	900	891	903	904
2021-07-10T20:36:44	900	891	903	904
2021-07-10T20:37:14	900	891	903	904
2021-07-10T20:37:44	900	891	902	904
2021-07-10T20:38:14	900	892	903	904
2021-07-10T20:38:44	899	893	903	904
2021-07-10T20:39:14	899	892	903	904
2021-07-10T20:39:44	899	894	904	904
2021-07-10T20:40:14	899	893	902	904
2021-07-10T20:40:44	900	893	903	904
2021-07-10T20:41:14	900	894	903	904
2021-07-10T20:41:44	899	894	901	904
2021-07-10T20:42:14	900	893	902	904
2021-07-10T20:42:44	898	894	904	904
2021-07-10T20:43:14	900	894	903	904
2021-07-10T20:43:44	900	894	902	904
2021-07-10T20:44:14	899	895	903	904
2021-07-10T20:44:44	900	894	901	904
2021-07-10T20:45:14	899	895	903	904
2021-07-10T20:45:44	899	894	902	904
2021-07-10T20:46:14	900	894	903	903
2021-07-10T20:46:44	900	896	904	903
2021-07-10T20:47:14	899	895	902	905
2021-07-10T20:47:44	900	895	903	905
2021-07-10T20:48:14	901	895	902	905
2021-07-10T20:48:44	899	896	903	904
2021-07-10T20:49:14	900	895	902	904
2021-07-10T20:49:44	900	896	903	904
2021-07-10T20:50:14	899	897	902	904
2021-07-10T20:50:44	900	896	903	904
2021-07-10T20:51:14	899	897	904	904
2021-07-10T20:51:44	900	896	902	904
2021-07-10T20:52:14	901	897	904	904
2021-07-10T20:52:44	900	896	903	906
2021-07-10T20:53:14	900	896	902	905
2021-07-10T20:53:44	898	897	903	905
2021-07-10T20:54:14	899	897	902	905
2021-07-10T20:54:44	900	897	903	905
2021-07-10T20:55:14	899	896	902	904
2021-07-10T20:55:44	901	898	904	905
2021-07-10T20:56:14	899	897	902	906
2021-07-10T20:56:44	901	898	903	906
2021-07-10T20:57:14	899	898	902	905
2021-07-10T20:57:44	901	899	904	905
2021-07-10T20:58:14	899	898	902	906
2021-07-10T20:58:44	901	898	902	906
2021-07-10T20:59:14	899	898	904	905
2021-07-10T20:59:44	900	898	902	906
2021-07-10T21:00:14	899	898	903	906
2021-07-10T21:00:44	900	899	903	906
2021-07-10T21:01:14	899	898	902	905
2021-07-10T21:01:44	899	899	904	906
2021-07-10T21:02:14	901	899	903	906
2021-07-10T21:02:44	899	899	902	905
2021-07-10T21:03:14	899	899	903	905
2021-07-10T21:03:44	900	899	902	906
2021-07-10T21:04:14	899	900	904	906
2021-07-10T21:04:44	900	899	903	906
2021-07-10T21:05:14	899	899	902	905
2021-07-10T21:05:44	901	899	903	905
2021-07-10T21:06:14	899	899	902	906
2021-07-10T21:06:44	901	899	902	906
2021-07-10T21:07:14	899	900	903	905
2021-07-10T21:07:44	901	900	902	905
2021-07-10T21:08:14	899	900	902	905
2021-07-10T21:08:44	899	900	904	905
2021-07-10T21:09:14	900	899	902	905
2021-07-10T21:09:44	899	899	902	906
2021-07-10T21:10:14	900	900	904	905
2021-07-10T21:10:44	900	900	902	905
2021-07-10T21:11:14	899	899	902	905
2021-07-10T21:11:44	900	900	903	905
2021-07-10T21:12:14	899	899	902	905
2021-07-10T21:12:44	901	900	902	905
2021-07-10T21:13:14	900	901	904	906
2021-07-10T21:13:44	899	899	902	905
2021-07-10T21:14:14	900	900	902	905
2021-07-10T21:14:44	899	900	903	905
2021-07-10T21:15:14	899	900	902	905
2021-07-10T21:15:44	900	899	902	905
2021-07-10T21:16:14	899	901	903	905
2021-07-10T21:16:44	901	900	903	905
2021-07-10T21:17:14	900	899	902	905
2021-07-10T21:17:44	899	900	903	905
2021-07-10T21:18:14	901	900	902	906
2021-07-10T21:18:44	899	900	902	907
2021-07-10T21:19:14	899	900	903	906
2021-07-10T21:19:44	900	900	902	906
2021-07-10T21:20:14	812	873	892	904
2021-07-10T21:20:44	781	787	851	887
2021-07-10T21:21:14	654	681	738	841
2021-07-10T21:21:44	544	560	665	793
2021-07-10T21:22:14	501	506	599	720
2021-07-10T21:22:44	462	461	563	665
2021-07-10T21:23:14	435	439	536	636
2021-07-10T21:23:44	410	422	523	602
2021-07-10T21:24:14	397	400	501	575
2021-07-10T21:24:44	379	386	484	551
2021-07-10T21:25:14	364	366	472	537
2021-07-10T21:25:44	355	352	452	513
2021-07-10T21:26:14	338	343	442	493
