time	T1	T2	T3	T4
2021-07-13T10:15:03	28	27	30	28
2021-07-13T10:15:33	28	27	30	28
2021-07-13T10:16:03	28	27	30	28
2021-07-13T10:16:33	29	28	30	28
2021-07-13T10:17:03	32	29	33	28
2021-07-13T10:17:33	36	31	36	29
2021-07-13T10:18:03	40	33	40	30
2021-07-13T10:18:33	42	34	42	32
2021-07-13T10:19:03	45	35	45	34
2021-07-13T10:19:33	47	36	48	37
2021-07-13T10:20:03	49	36	50	39
2021-07-13T10:20:33	51	37	54	42
2021-07-13T10:21:03	53	38	57	43
2021-07-13T10:21:33	55	39	58	46
2021-07-13T10:22:03	57	40	60	48
2021-07-13T10:22:33	58	41	64	50
2021-07-13T10:23:03	60	42	67	52
2021-07-13T10:23:33	62	43	68	55
2021-07-13T10:24:03	64	44	70	57
2021-07-13T10:24:33	65	45	72	58
2021-07-13T10:25:03	68	46	75	61
2021-07-13T10:25:33	68	47	76	63
2021-07-13T10:26:03	69	48	77	65
2021-07-13T10:26:33	71	49	81	67
2021-07-13T10:27:03	72	50	82	69
2021-07-13T10:27:33	75	51	83	70
2021-07-13T10:28:03	77	52	85	72
2021-07-13T10:28:33	78	52	88	73
2021-07-13T10:29:03	78	53	90	75
2021-07-13T10:29:33	79	55	93	77
2021-07-13T10:30:03	80	56	93	78
2021-07-13T10:30:33	82	57	93	79
2021-07-13T10:31:03	83	58	96	80
2021-07-13T10:31:33	84	58	97	82
2021-07-13T10:32:03	85	59	99	83
2021-07-13T10:32:33	86	60	100	85
2021-07-13T10:33:03	88	62	101	86
2021-07-13T10:33:33	90	63	101	87
2021-07-13T10:34:03	91	64	104	89
2021-07-13T10:34:33	92	64	104	90
2021-07-13T10:35:03	93	66	103	91
2021-07-13T10:35:33	93	67	108	93
2021-07-13T10:36:03	95	67	109	94
2021-07-13T10:36:33	96	68	108	95
2021-07-13T10:37:03	96	69	109	97
2021-07-13T10:37:33	98	70	112	97
2021-07-13T10:38:03	99	71	113	99
2021-07-13T10:38:33	98	72	115	100
2021-07-13T10:39:03	100	73	113	101
2021-07-13T10:39:33	101	75	118	102
2021-07-13T10:40:03	101	75	121	104
2021-07-13T10:40:33	103	76	119	105
2021-07-13T10:41:03	105	77	119	105
2021-07-13T10:41:33	104	78	122	108
2021-07-13T10:42:03	106	80	123	108
2021-07-13T10:42:33	107	80	123	110
2021-07-13T10:43:03	109	82	125	110
2021-07-13T10:43:33	109	82	126	111
2021-07-13T10:44:03	110	82	127	113
2021-07-13T10:44:33	110	84	125	114
2021-07-13T10:45:03	111	85	129	115
2021-07-13T10:45:33	112	86	128	116
2021-07-13T10:46:03	114	87	129	116
2021-07-13T10:46:33	115	88	130	118
2021-07-13T10:47:03	115	89	131	119
2021-07-13T10:47:33	117	90	135	120
2021-07-13T10:48:03	117	91	132	121
2021-07-13T10:48:33	117	91	133	122
2021-07-13T10:49:03	119	93	138	123
2021-07-13T10:49:33	118	94	138	124
2021-07-13T10:50:03	120	95	139	124
2021-07-13T10:50:33	121	96	139	126
2021-07-13T10:51:03	123	96	141	127
2021-07-13T10:51:33	123	98	143	128
2021-07-13T10:52:03	123	99	144	129
2021-07-13T10:52:33	124	100	142	129
2021-07-13T10:53:03	126	101	141	131
2021-07-13T10:53:33	127	102	145	132
2021-07-13T10:54:03	128	102	145	133
2021-07-13T10:54:33	130	103	147	134
2021-07-13T10:55:03	131	104	146	135
2021-07-13T10:55:33	131	106	148	136
2021-07-13T10:56:03	132	106	150	138
2021-07-13T10:56:33	132	107	149	138
2021-07-13T10:57:03	133	109	151	139
2021-07-13T10:57:33	134	109	153	140
2021-07-13T10:58:03	135	111	150	141
2021-07-13T10:58:33	135	111	153	141
2021-07-13T10:59:03	136	112	152	142
2021-07-13T10:59:33	137	114	153	143
2021-07-13T11:00:03	138	114	155	144
2021-07-13T11:00:33	139	114	155	145
2021-07-13T11:01:03	141	116	155	145
2021-07-13T11:01:33	142	117	159	146
2021-07-13T11:02:03	143	119	157	147
2021-07-13T11:02:33	143	120	159	147
2021-07-13T11:03:03	143	120	160	148
2021-07-13T11:03:33	145	121	160	149
2021-07-13T11:04:03	147	121	162	150
2021-07-13T11:04:33	147	123	162	151
2021-07-13T11:05:03	149	124	165	152
2021-07-13T11:05:33	149	126	161	153
2021-07-13T11:06:03	149	125	163	154
2021-07-13T11:06:33	149	127	164	155
2021-07-13T11:07:03	151	127	164	155
2021-07-13T11:07:33	152	128	169	156
2021-07-13T11:08:03	152	131	169	157
2021-07-13T11:08:33	155	132	167	158
2021-07-13T11:09:03	154	132	170	159
2021-07-13T11:09:33	155	132	169	159
2021-07-13T11:10:03	156	132	167	160
2021-07-13T11:10:33	158	134	171	161
2021-07-13T11:11:03	159	135	170	162
2021-07-13T11:11:33	161	136	169	164
2021-07-13T11:12:03	160	136	173	163
2021-07-13T11:12:33	161	139	174	165
2021-07-13T11:13:03	161	140	174	165
2021-07-13T11:13:33	162	140	176	166
2021-07-13T11:14:03	163	141	176	167
2021-07-13T11:14:33	164	142	177	168
2021-07-13T11:15:03	165	143	179	169
2021-07-13T11:15:33	166	144	179	170
2021-07-13T11:16:03	166	145	179	171
2021-07-13T11:16:33	167	145	182	172
2021-07-13T11:17:03	168	146	182	172
2021-07-13T11:17:33	169	148	181	173
2021-07-13T11:18:03	169	149	184	174
2021-07-13T11:18:33	170	150	181	175
2021-07-13T11:19:03	172	149	181	175
2021-07-13T11:19:33	174	150	182	175
2021-07-13T11:20:03	173	151	182	176
2021-07-13T11:20:33	175	152	186	176
2021-07-13T11:21:03	175	153	185	177
2021-07-13T11:21:33	175	154	186	179
2021-07-13T11:22:03	176	155	188	179
2021-07-13T11:22:33	178	155	188	180
2021-07-13T11:23:03	178	157	188	180
2021-07-13T11:23:33	179	158	190	181
2021-07-13T11:24:03	180	160	190	181
2021-07-13T11:24:33	179	161	193	182
2021-07-13T11:25:03	180	160	191	183
2021-07-13T11:25:33	181	160	191	184
2021-07-13T11:26:03	182	162	191	185
2021-07-13T11:26:33	182	163	198	186
2021-07-13T11:27:03	183	164	196	186
2021-07-13T11:27:33	184	165	196	187
2021-07-13T11:28:03	186	166	198	188
2021-07-13T11:28:33	186	167	198	189
2021-07-13T11:29:03	186	169	198	190
2021-07-13T11:29:33	187	169	197	189
2021-07-13T11:30:03	188	169	201	190
2021-07-13T11:30:33	188	171	200	191
2021-07-13T11:31:03	189	171	198	193
2021-07-13T11:31:33	191	171	198	193
2021-07-13T11:32:03	191	173	203	193
2021-07-13T11:32:33	191	173	204	194
2021-07-13T11:33:03	192	174	202	196
2021-07-13T11:33:33	192	174	205	195
2021-07-13T11:34:03	192	174	203	197
2021-07-13T11:34:33	194	175	205	197
2021-07-13T11:35:03	196	177	205	198
2021-07-13T11:35:33	197	177	205	199
2021-07-13T11:36:03	198	178	207	200
2021-07-13T11:36:33	198	179	208	201
2021-07-13T11:37:03	198	180	208	201
2021-07-13T11:37:33	199	182	208	202
2021-07-13T11:38:03	199	182	208	203
2021-07-13T11:38:33	199	182	211	204
2021-07-13T11:39:03	201	182	210	203
2021-07-13T11:39:33	201	183	210	205
2021-07-13T11:40:03	202	184	212	206
2021-07-13T11:40:33	202	185	213	207
2021-07-13T11:41:03	201	187	214	207
2021-07-13T11:41:33	204	187	213	208
2021-07-13T11:42:03	203	188	213	209
2021-07-13T11:42:33	204	188	215	209
2021-07-13T11:43:03	204	189	216	210
2021-07-13T11:43:33	206	189	214	210
2021-07-13T11:44:03	206	190	216	211
2021-07-13T11:44:33	207	190	216	212
2021-07-13T11:45:03	207	192	218	213
2021-07-13T11:45:33	208	192	218	213
2021-07-13T11:46:03	209	193	217	214
2021-07-13T11:46:33	210	193	219	215
2021-07-13T11:47:03	210	193	221	215
2021-07-13T11:47:33	210	194	222	216
2021-07-13T11:48:03	212	195	224	217
2021-07-13T11:48:33	212	196	222	217
2021-07-13T11:49:03	212	196	221	218
2021-07-13T11:49:33	213	197	220	218
2021-07-13T11:50:03	213	197	221	219
2021-07-13T11:50:33	215	198	222	220
2021-07-13T11:51:03	216	200	224	220
2021-07-13T11:51:33	217	199	224	221
2021-07-13T11:52:03	217	198	224	222
2021-07-13T11:52:33	218	198	224	223
2021-07-13T11:53:03	218	200	224	223
2021-07-13T11:53:33	219	201	227	224
2021-07-13T11:54:03	222	202	227	224
2021-07-13T11:54:33	226	203	227	226
2021-07-13T11:55:03	228	203	227	226
2021-07-13T11:55:33	228	203	229	227
2021-07-13T11:56:03	227	205	231	228
2021-07-13T11:56:33	227	206	233	228
2021-07-13T11:57:03	229	206	232	230
2021-07-13T11:57:33	229	207	233	229
2021-07-13T11:58:03	230	208	231	230
2021-07-13T11:58:33	230	208	233	231
2021-07-13T11:59:03	232	209	235	231
2021-07-13T11:59:33	232	209	234	232
2021-07-13T12:00:03	233	210	235	233
2021-07-13T12:00:33	234	212	236	234
2021-07-13T12:01:03	237	213	239	234
2021-07-13T12:01:33	238	212	238	235
2021-07-13T12:02:03	238	215	241	236
2021-07-13T12:02:33	238	215	241	237
2021-07-13T12:03:03	239	216	241	238
2021-07-13T12:03:33	238	216	241	238
2021-07-13T12:04:03	243	218	246	241
2021-07-13T12:04:33	245	219	244	241
2021-07-13T12:05:03	245	220	245	242
2021-07-13T12:05:33	245	221	247	242
2021-07-13T12:06:03	246	222	245	243
2021-07-13T12:06:33	245	223	248	244
2021-07-13T12:07:03	248	224	251	245
2021-07-13T12:07:33	250	224	252	245
2021-07-13T12:08:03	252	224	250	246
2021-07-13T12:08:33	252	224	252	247
2021-07-13T12:09:03	252	227	257	248
2021-07-13T12:09:33	253	229	259	249
2021-07-13T12:10:03	254	230	258	250
2021-07-13T12:10:33	254	230	256	251
2021-07-13T12:11:03	254	231	258	251
2021-07-13T12:11:33	256	231	259	252
2021-07-13T12:12:03	257	231	260	253
2021-07-13T12:12:33	257	233	260	254
2021-07-13T12:13:03	258	233	260	255
2021-07-13T12:13:33	262	235	262	255
2021-07-13T12:14:03	262	237	268	256
2021-07-13T12:14:33	263	237	265	259
2021-07-13T12:15:03	262	238	266	258
2021-07-13T12:15:33	266	237	265	259
2021-07-13T12:16:03	267	239	266	260
2021-07-13T12:16:33	266	239	267	261
2021-07-13T12:17:03	266	240	268	262
2021-07-13T12:17:33	270	240	268	263
2021-07-13T12:18:03	271	242	272	263
2021-07-13T12:18:33	271	243	271	265
2021-07-13T12:19:03	271	244	274	265
2021-07-13T12:19:33	271	244	274	266
2021-07-13T12:20:03	272	246	275	268
2021-07-13T12:20:33	275	247	277	269
2021-07-13T12:21:03	276	247	277	270
2021-07-13T12:21:33	275	247	277	270
2021-07-13T12:22:03	276	247	279	271
2021-07-13T12:22:33	281	247	277	271
2021-07-13T12:23:03	282	252	285	272
2021-07-13T12:23:33	283	254	283	274
2021-07-13T12:24:03	282	253	282	275
2021-07-13T12:24:33	281	253	283	276
2021-07-13T12:25:03	283	253	284	276
2021-07-13T12:25:33	286	255	287	277
2021-07-13T12:26:03	285	257	288	277
2021-07-13T12:26:33	286	256	288	280
2021-07-13T12:27:03	286	258	291	279
2021-07-13T12:27:33	286	260	289	280
2021-07-13T12:28:03	290	260	290	280
2021-07-13T12:28:33	289	262	291	283
2021-07-13T12:29:03	289	263	294	283
2021-07-13T12:29:33	291	262	295	284
2021-07-13T12:30:03	293	263	295	285
2021-07-13T12:30:33	292	264	295	286
2021-07-13T12:31:03	293	265	297	286
2021-07-13T12:31:33	295	267	298	287
2021-07-13T12:32:03	298	267	298	288
2021-07-13T12:32:33	296	267	297	289
2021-07-13T12:33:03	300	271	303	290
2021-07-13T12:33:33	301	271	303	291
2021-07-13T12:34:03	300	271	304	292
2021-07-13T12:34:33	302	271	304	293
2021-07-13T12:35:03	303	272	303	294
2021-07-13T12:35:33	302	273	307	295
2021-07-13T12:36:03	306	274	307	296
2021-07-13T12:36:33	306	277	310	297
2021-07-13T12:37:03	306	277	308	298
2021-07-13T12:37:33	307	277	308	299
2021-07-13T12:38:03	310	278	310	299
2021-07-13T12:38:33	309	278	312	300
2021-07-13T12:39:03	309	278	312	301
2021-07-13T12:39:33	312	280	310	302
2021-07-13T12:40:03	312	284	318	303
2021-07-13T12:40:33	311	285	318	304
2021-07-13T12:41:03	315	285	316	305
2021-07-13T12:41:33	315	283	314	305
2021-07-13T12:42:03	316	286	321	306
2021-07-13T12:42:33	316	288	321	307
2021-07-13T12:43:03	319	288	321	308
2021-07-13T12:43:33	318	288	319	309
2021-07-13T12:44:03	321	290	322	310
2021-07-13T12:44:33	319	289	322	311
2021-07-13T12:45:03	323	291	325	312
2021-07-13T12:45:33	325	292	326	313
2021-07-13T12:46:03	324	293	326	314
2021-07-13T12:46:33	323	292	326	315
2021-07-13T12:47:03	327	293	327	316
2021-07-13T12:47:33	329	294	327	317
2021-07-13T12:48:03	328	297	330	318
2021-07-13T12:48:33	327	297	330	318
2021-07-13T12:49:03	332	297	333	319
2021-07-13T12:49:33	332	297	333	320
2021-07-13T12:50:03	331	299	331	321
2021-07-13T12:50:33	331	301	336	322
2021-07-13T12:51:03	336	301	334	323
2021-07-13T12:51:33	335	302	338	324
2021-07-13T12:52:03	334	302	335	324
2021-07-13T12:52:33	337	303	336	325
2021-07-13T12:53:03	339	305	344	326
2021-07-13T12:53:33	338	307	344	328
2021-07-13T12:54:03	337	306	341	328
2021-07-13T12:54:33	343	306	340	329
2021-07-13T12:55:03	343	306	342	330
2021-07-13T12:55:33	342	309	344	331
2021-07-13T12:56:03	342	309	345	332
2021-07-13T12:56:33	347	309	344	333
2021-07-13T12:57:03	347	312	350	334
2021-07-13T12:57:33	345	311	348	334
2021-07-13T12:58:03	348	314	351	335
2021-07-13T12:58:33	350	315	353	336
2021-07-13T12:59:03	349	315	349	337
2021-07-13T12:59:33	352	317	355	338
2021-07-13T13:00:03	350	317	354	339
2021-07-13T13:00:33	354	318	355	340
2021-07-13T13:01:03	351	317	354	341
2021-07-13T13:01:33	356	319	355	342
2021-07-13T13:02:03	355	319	355	343
2021-07-13T13:02:33	354	322	361	343
2021-07-13T13:03:03	358	323	361	344
2021-07-13T13:03:33	360	323	360	345
2021-07-13T13:04:03	359	323	359	346
2021-07-13T13:04:33	361	326	365	347
2021-07-13T13:05:03	361	326	364	348
2021-07-13T13:05:33	363	325	362	349
2021-07-13T13:06:03	364	329	368	350
2021-07-13T13:06:33	364	329	369	350
2021-07-13T13:07:03	365	329	366	351
2021-07-13T13:07:33	366	330	369	352
2021-07-13T13:08:03	369	330	369	354
2021-07-13T13:08:33	367	332	371	354
2021-07-13T13:09:03	370	333	370	355
2021-07-13T13:09:33	369	333	371	356
2021-07-13T13:10:03	370	334	375	357
2021-07-13T13:10:33	372	335	374	358
2021-07-13T13:11:03	373	335	374	360
2021-07-13T13:11:33	373	338	378	360
2021-07-13T13:12:03	376	339	375	360
2021-07-13T13:12:33	376	339	376	362
2021-07-13T13:13:03	376	341	380	362
2021-07-13T13:13:33	378	342	380	364
2021-07-13T13:14:03	377	343	383	365
2021-07-13T13:14:33	381	342	379	365
2021-07-13T13:15:03	380	344	383	366
2021-07-13T13:15:33	383	344	381	366
2021-07-13T13:16:03	385	344	383	368
2021-07-13T13:16:33	382	346	384	369
2021-07-13T13:17:03	385	347	387	370
2021-07-13T13:17:33	385	347	386	370
2021-07-13T13:18:03	388	350	390	371
2021-07-13T13:18:33	387	349	388	372
2021-07-13T13:19:03	390	350	390	373
2021-07-13T13:19:33	389	351	391	374
2021-07-13T13:20:03	388	354	392	375
2021-07-13T13:20:33	392	354	393	376
2021-07-13T13:21:03	392	356	395	376
2021-07-13T13:21:33	393	355	396	377
2021-07-13T13:22:03	395	356	397	378
2021-07-13T13:22:33	395	359	400	380
2021-07-13T13:23:03	397	359	400	381
2021-07-13T13:23:33	397	357	397	382
2021-07-13T13:24:03	400	359	400	383
2021-07-13T13:24:33	399	361	402	384
2021-07-13T13:25:03	401	361	401	385
2021-07-13T13:25:33	400	361	401	385
2021-07-13T13:26:03	404	363	405	387
2021-07-13T13:26:33	403	364	405	388
2021-07-13T13:27:03	402	365	406	389
2021-07-13T13:27:33	406	367	406	389
2021-07-13T13:28:03	404	369	410	390
2021-07-13T13:28:33	409	368	408	392
2021-07-13T13:29:03	408	369	412	392
2021-07-13T13:29:33	407	369	411	392
2021-07-13T13:30:03	412	372	413	394
2021-07-13T13:30:33	410	373	416	395
2021-07-13T13:31:03	412	373	415	396
2021-07-13T13:31:33	412	373	415	397
2021-07-13T13:32:03	415	375	415	398
2021-07-13T13:32:33	415	377	419	399
2021-07-13T13:33:03	417	377	418	399
2021-07-13T13:33:33	415	378	418	401
2021-07-13T13:34:03	421	380	420	401
2021-07-13T13:34:33	419	379	421	403
2021-07-13T13:35:03	420	380	423	404
2021-07-13T13:35:33	419	381	423	405
2021-07-13T13:36:03	423	382	424	406
2021-07-13T13:36:33	423	384	426	407
2021-07-13T13:37:03	424	383	427	408
2021-07-13T13:37:33	425	384	426	409
2021-07-13T13:38:03	425	387	427	410
2021-07-13T13:38:33	427	387	428	411
2021-07-13T13:39:03	427	389	430	411
2021-07-13T13:39:33	427	390	432	412
2021-07-13T13:40:03	432	390	431	413
2021-07-13T13:40:33	431	393	433	414
2021-07-13T13:41:03	430	393	434	415
2021-07-13T13:41:33	432	393	434	416
2021-07-13T13:42:03	433	394	435	417
2021-07-13T13:42:33	436	395	436	418
2021-07-13T13:43:03	434	397	441	419
2021-07-13T13:43:33	438	396	439	420
2021-07-13T13:44:03	437	396	437	421
2021-07-13T13:44:33	438	400	445	422
2021-07-13T13:45:03	440	398	444	423
2021-07-13T13:45:33	439	397	443	424
2021-07-13T13:46:03	441	396	446	425
2021-07-13T13:46:33	442	395	448	426
2021-07-13T13:47:03	445	395	449	427
2021-07-13T13:47:33	443	394	450	428
2021-07-13T13:48:03	445	394	453	429
2021-07-13T13:48:33	446	394	455	430
2021-07-13T13:49:03	446	393	456	431
2021-07-13T13:49:33	448	394	459	432
2021-07-13T13:50:03	449	394	461	433
2021-07-13T13:50:33	451	394	460	434
2021-07-13T13:51:03	450	394	463	436
2021-07-13T13:51:33	453	395	467	437
2021-07-13T13:52:03	453	395	462	439
2021-07-13T13:52:33	454	395	466	440
2021-07-13T13:53:03	454	395	467	440
2021-07-13T13:53:33	457	396	470	441
2021-07-13T13:54:03	455	397	471	443
2021-07-13T13:54:33	459	397	471	444
2021-07-13T13:55:03	459	397	471	445
2021-07-13T13:55:33	460	398	471	445
2021-07-13T13:56:03	462	398	474	446
2021-07-13T13:56:33	462	398	476	447
2021-07-13T13:57:03	464	398	475	449
2021-07-13T13:57:33	462	400	475	450
2021-07-13T13:58:03	465	400	477	451
2021-07-13T13:58:33	465	401	478	452
2021-07-13T13:59:03	466	401	478	453
2021-07-13T13:59:33	468	401	481	454
2021-07-13T14:00:03	467	402	479	454
2021-07-13T14:00:33	470	403	478	455
2021-07-13T14:01:03	471	404	481	456
2021-07-13T14:01:33	469	404	483	456
2021-07-13T14:02:03	474	405	481	456
2021-07-13T14:02:33	472	406	483	457
2021-07-13T14:03:03	475	408	483	459
2021-07-13T14:03:33	474	408	486	460
2021-07-13T14:04:03	478	409	483	461
2021-07-13T14:04:33	478	409	486	462
2021-07-13T14:05:03	477	411	489	463
2021-07-13T14:05:33	480	411	487	464
2021-07-13T14:06:03	480	412	489	465
2021-07-13T14:06:33	481	412	488	465
2021-07-13T14:07:03	483	412	491	466
2021-07-13T14:07:33	483	414	491	468
2021-07-13T14:08:03	486	415	490	469
2021-07-13T14:08:33	486	415	494	469
2021-07-13T14:09:03	486	416	494	471
2021-07-13T14:09:33	489	416	493	473
2021-07-13T14:10:03	489	417	495	474
2021-07-13T14:10:33	490	418	494	474
2021-07-13T14:11:03	492	419	494	474
2021-07-13T14:11:33	490	420	497	476
2021-07-13T14:12:03	493	420	498	477
2021-07-13T14:12:33	494	421	500	477
2021-07-13T14:13:03	493	422	499	478
2021-07-13T14:13:33	497	423	503	480
2021-07-13T14:14:03	496	424	502	480
2021-07-13T14:14:33	497	424	502	482
2021-07-13T14:15:03	498	425	502	483
2021-07-13T14:15:33	500	427	504	484
2021-07-13T14:16:03	499	428	506	485
2021-07-13T14:16:33	502	429	503	486
2021-07-13T14:17:22	502	430	507	487
2021-07-13T14:17:52	503	431	511	487
2021-07-13T14:18:22	504	431	507	489
2021-07-13T14:18:52	503	432	512	489
2021-07-13T14:19:22	507	434	510	490
2021-07-13T14:19:52	508	435	512	491
2021-07-13T14:20:22	507	436	514	492
2021-07-13T14:20:52	509	437	511	493
2021-07-13T14:21:22	511	439	516	494
2021-07-13T14:21:52	511	440	513	495
2021-07-13T14:22:24	511	440	512	496
2021-07-13T14:22:54	512	443	518	497
2021-07-13T14:23:24	514	444	521	498
2021-07-13T14:23:52	515	444	516	498
2021-07-13T14:24:22	517	445	522	499
2021-07-13T14:24:52	517	446	521	501
2021-07-13T14:25:22	518	446	521	502
2021-07-13T14:25:52	519	446	523	502
2021-07-13T14:26:22	521	446	523	505
2021-07-13T14:26:52	521	447	524	504
2021-07-13T14:27:22	522	449	524	505
2021-07-13T14:27:52	521	450	528	506
2021-07-13T14:28:22	525	450	527	507
2021-07-13T14:28:52	525	452	528	508
2021-07-13T14:29:22	526	453	527	509
2021-07-13T14:29:52	526	454	530	510
2021-07-13T14:30:22	528	455	531	510
2021-07-13T14:30:52	529	457	529	512
2021-07-13T14:31:22	530	458	530	512
2021-07-13T14:31:52	530	461	535	513
2021-07-13T14:32:22	532	461	537	514
2021-07-13T14:32:52	532	461	538	515
2021-07-13T14:33:22	533	461	539	516
2021-07-13T14:33:52	536	463	540	517
2021-07-13T14:34:22	536	463	538	518
2021-07-13T14:34:52	537	466	539	519
2021-07-13T14:35:22	539	468	545	520
2021-07-13T14:35:52	538	469	545	521
2021-07-13T14:36:22	540	470	544	522
2021-07-13T14:36:52	541	469	545	523
2021-07-13T14:37:22	540	468	543	524
2021-07-13T14:37:52	542	472	547	525
2021-07-13T14:38:22	541	472	548	526
2021-07-13T14:38:52	545	473	548	528
2021-07-13T14:39:22	547	473	549	528
2021-07-13T14:39:52	545	474	547	528
2021-07-13T14:40:22	546	475	552	529
2021-07-13T14:40:52	549	477	553	531
2021-07-13T14:41:22	549	477	553	532
2021-07-13T14:41:52	549	478	553	533
2021-07-13T14:42:22	552	479	553	534
2021-07-13T14:42:52	553	482	556	534
2021-07-13T14:43:22	553	482	559	535
2021-07-13T14:43:52	553	482	558	537
2021-07-13T14:44:22	557	482	557	537
2021-07-13T14:44:52	556	483	558	538
2021-07-13T14:45:22	556	487	563	539
2021-07-13T14:45:52	558	487	562	541
2021-07-13T14:46:22	560	489	561	541
2021-07-13T14:46:52	561	490	563	542
2021-07-13T14:47:22	560	490	565	544
2021-07-13T14:47:52	563	490	565	544
2021-07-13T14:48:22	562	490	566	546
2021-07-13T14:48:52	563	493	568	546
2021-07-13T14:49:22	566	493	567	547
2021-07-13T14:49:52	567	493	568	548
2021-07-13T14:50:22	567	495	571	550
2021-07-13T14:50:52	568	497	572	551
2021-07-13T14:51:22	568	497	572	551
2021-07-13T14:51:52	571	497	573	552
2021-07-13T14:52:22	572	500	575	553
2021-07-13T14:52:52	571	501	576	554
2021-07-13T14:53:22	572	500	574	556
2021-07-13T14:53:52	574	503	579	557
2021-07-13T14:54:22	574	503	578	557
2021-07-13T14:54:52	577	506	580	559
2021-07-13T14:55:22	576	506	581	559
2021-07-13T14:55:52	578	508	582	560
2021-07-13T14:56:22	580	509	585	562
2021-07-13T14:56:52	579	509	584	563
2021-07-13T14:57:22	583	510	583	564
2021-07-13T14:57:52	582	510	584	564
2021-07-13T14:58:22	582	512	586	565
2021-07-13T14:58:52	583	513	587	566
2021-07-13T14:59:22	584	514	587	568
2021-07-13T14:59:52	585	516	589	569
2021-07-13T15:00:22	589	521	588	569
2021-07-13T15:00:52	587	522	591	571
2021-07-13T15:01:22	590	524	590	572
2021-07-13T15:01:52	590	528	592	573
2021-07-13T15:02:22	589	530	594	574
2021-07-13T15:02:52	592	533	593	575
2021-07-13T15:03:22	591	534	594	575
2021-07-13T15:03:52	594	536	596	577
2021-07-13T15:04:22	595	538	598	578
2021-07-13T15:04:52	596	539	600	579
2021-07-13T15:05:22	598	540	599	580
2021-07-13T15:05:52	596	542	598	581
2021-07-13T15:06:22	600	545	601	582
2021-07-13T15:06:52	599	545	602	583
2021-07-13T15:07:22	599	546	601	584
2021-07-13T15:07:52	601	548	605	585
2021-07-13T15:08:22	603	549	604	587
2021-07-13T15:08:52	603	551	604	588
2021-07-13T15:09:22	605	553	608	589
2021-07-13T15:09:52	606	554	607	590
2021-07-13T15:10:22	606	554	607	591
2021-07-13T15:10:52	608	555	609	592
2021-07-13T15:11:22	610	559	612	593
2021-07-13T15:11:52	610	559	610	594
2021-07-13T15:12:22	610	560	612	595
2021-07-13T15:12:52	611	561	612	596
2021-07-13T15:13:22	612	563	615	597
2021-07-13T15:13:52	614	564	615	597
2021-07-13T15:14:22	614	565	618	599
2021-07-13T15:14:52	615	566	617	600
2021-07-13T15:15:22	617	568	617	601
2021-07-13T15:15:52	618	570	620	603
2021-07-13T15:16:22	617	570	620	604
2021-07-13T15:16:52	618	571	620	604
2021-07-13T15:17:22	619	572	622	605
2021-07-13T15:17:52	622	574	625	606
2021-07-13T15:18:22	623	575	624	607
2021-07-13T15:18:52	623	577	626	608
2021-07-13T15:19:22	625	577	626	609
2021-07-13T15:19:52	626	579	627	611
2021-07-13T15:20:22	627	580	628	611
2021-07-13T15:20:52	627	581	628	612
2021-07-13T15:21:22	628	583	630	612
2021-07-13T15:21:52	629	584	632	614
2021-07-13T15:22:22	631	585	632	615
2021-07-13T15:22:52	631	586	634	616
2021-07-13T15:23:22	632	587	635	617
2021-07-13T15:23:52	633	588	635	618
2021-07-13T15:24:22	635	590	637	618
2021-07-13T15:24:52	635	591	638	620
2021-07-13T15:25:22	636	591	638	622
2021-07-13T15:25:52	638	593	638	622
2021-07-13T15:26:22	637	594	640	623
2021-07-13T15:26:52	639	595	641	625
2021-07-13T15:27:22	640	596	643	625
2021-07-13T15:27:52	641	597	643	626
2021-07-13T15:28:22	642	598	644	627
2021-07-13T15:28:52	642	599	645	629
2021-07-13T15:29:22	644	600	646	629
2021-07-13T15:29:52	645	601	647	630
2021-07-13T15:30:22	645	603	649	632
2021-07-13T15:30:52	648	604	651	632
2021-07-13T15:31:22	649	604	651	634
2021-07-13T15:31:52	647	605	652	635
2021-07-13T15:32:22	649	606	652	635
2021-07-13T15:32:52	650	607	653	636
2021-07-13T15:33:22	652	609	653	638
2021-07-13T15:33:52	652	610	656	639
2021-07-13T15:34:22	653	611	656	640
2021-07-13T15:34:52	655	611	658	640
2021-07-13T15:35:22	656	613	659	642
2021-07-13T15:35:52	657	614	660	643
2021-07-13T15:36:22	658	615	660	644
2021-07-13T15:36:52	658	616	662	645
2021-07-13T15:37:22	659	617	661	646
2021-07-13T15:37:52	659	617	664	645
2021-07-13T15:38:22	662	618	664	647
2021-07-13T15:38:52	661	619	665	648
2021-07-13T15:39:22	664	621	666	649
2021-07-13T15:39:52	664	622	667	650
2021-07-13T15:40:22	664	623	667	651
2021-07-13T15:40:52	664	623	667	653
2021-07-13T15:41:22	667	625	668	653
2021-07-13T15:41:52	669	626	671	655
2021-07-13T15:42:22	669	626	669	656
2021-07-13T15:42:52	669	628	672	657
2021-07-13T15:43:22	671	630	675	658
2021-07-13T15:43:52	673	631	675	659
2021-07-13T15:44:22	674	631	676	660
2021-07-13T15:44:52	674	632	676	661
2021-07-13T15:45:22	675	632	677	662
2021-07-13T15:45:52	679	635	679	663
2021-07-13T15:46:22	678	635	679	664
2021-07-13T15:46:52	679	636	680	665
2021-07-13T15:47:22	680	637	681	666
2021-07-13T15:47:52	680	638	682	667
2021-07-13T15:48:22	682	639	682	669
2021-07-13T15:48:52	682	641	685	669
2021-07-13T15:49:22	682	641	686	670
2021-07-13T15:49:52	684	644	688	671
2021-07-13T15:50:22	686	643	687	671
2021-07-13T15:50:52	687	645	689	673
2021-07-13T15:51:22	687	645	689	675
2021-07-13T15:51:52	690	648	691	675
2021-07-13T15:52:22	688	649	691	676
2021-07-13T15:52:52	691	650	693	678
2021-07-13T15:53:22	692	651	695	678
2021-07-13T15:53:52	693	652	693	679
2021-07-13T15:54:22	693	653	695	680
2021-07-13T15:54:52	695	653	696	682
2021-07-13T15:55:22	696	655	696	682
2021-07-13T15:55:52	696	656	699	683
2021-07-13T15:56:22	697	658	700	684
2021-07-13T15:56:52	698	658	700	685
2021-07-13T15:57:22	699	659	700	686
2021-07-13T15:57:52	700	660	702	687
2021-07-13T15:58:22	701	662	703	688
2021-07-13T15:58:52	702	663	703	688
2021-07-13T15:59:22	701	664	706	690
2021-07-13T15:59:52	704	665	706	691
2021-07-13T16:00:22	705	666	708	691
2021-07-13T16:00:52	704	667	707	693
2021-07-13T16:01:23	706	668	710	693
2021-07-13T16:01:53	707	669	710	694
2021-07-13T16:02:23	708	670	711	696
2021-07-13T16:02:53	711	670	711	697
2021-07-13T16:03:23	711	672	712	698
2021-07-13T16:03:53	711	673	715	698
2021-07-13T16:04:23	712	673	715	699
2021-07-13T16:04:53	713	675	716	700
2021-07-13T16:05:23	714	676	717	702
2021-07-13T16:05:53	715	677	717	703
2021-07-13T16:06:23	715	677	718	704
2021-07-13T16:06:53	717	679	719	705
2021-07-13T16:07:23	718	679	721	706
2021-07-13T16:07:53	719	680	721	706
2021-07-13T16:08:23	720	682	723	707
2021-07-13T16:08:53	721	682	722	708
2021-07-13T16:09:23	722	683	725	709
2021-07-13T16:09:53	723	685	727	711
2021-07-13T16:10:23	724	686	727	713
2021-07-13T16:10:53	726	687	727	713
2021-07-13T16:11:23	727	687	730	714
2021-07-13T16:11:53	728	689	730	716
2021-07-13T16:12:23	728	690	731	716
2021-07-13T16:12:53	728	691	732	717
2021-07-13T16:13:23	730	691	732	719
2021-07-13T16:13:53	731	692	733	719
2021-07-13T16:14:23	732	693	735	719
2021-07-13T16:14:53	734	695	736	720
2021-07-13T16:15:23	737	696	738	722
2021-07-13T16:15:53	735	697	738	723
2021-07-13T16:16:23	736	697	739	725
2021-07-13T16:16:53	736	697	740	725
2021-07-13T16:17:23	738	698	741	725
2021-07-13T16:17:53	739	700	742	727
2021-07-13T16:18:23	741	700	743	728
2021-07-13T16:18:53	742	700	743	729
2021-07-13T16:19:23	742	701	745	730
2021-07-13T16:19:53	743	701	745	731
2021-07-13T16:20:23	744	702	746	732
2021-07-13T16:20:53	746	703	747	733
2021-07-13T16:21:23	745	703	750	735
2021-07-13T16:21:53	748	705	751	737
2021-07-13T16:22:23	748	705	751	737
2021-07-13T16:22:53	750	706	751	737
2021-07-13T16:23:23	750	706	754	738
2021-07-13T16:23:53	752	708	755	740
2021-07-13T16:24:23	753	708	755	741
2021-07-13T16:24:53	753	709	757	742
2021-07-13T16:25:23	753	710	759	743
2021-07-13T16:25:53	756	711	758	744
2021-07-13T16:26:23	756	714	761	745
2021-07-13T16:26:53	758	713	760	747
2021-07-13T16:27:23	757	715	761	746
2021-07-13T16:27:53	760	716	764	748
2021-07-13T16:28:23	760	717	763	748
2021-07-13T16:28:53	761	717	764	750
2021-07-13T16:29:23	762	719	765	751
2021-07-13T16:29:53	764	719	766	751
2021-07-13T16:30:23	763	721	766	752
2021-07-13T16:30:53	764	720	767	753
2021-07-13T16:31:23	766	722	769	755
2021-07-13T16:31:53	766	725	770	756
2021-07-13T16:32:23	768	725	770	757
2021-07-13T16:32:53	768	726	771	757
2021-07-13T16:33:23	769	726	772	758
2021-07-13T16:33:53	771	727	774	759
2021-07-13T16:34:23	770	729	775	759
2021-07-13T16:34:53	774	729	775	761
2021-07-13T16:35:23	773	729	777	762
2021-07-13T16:35:53	773	730	777	763
2021-07-13T16:36:23	775	732	778	763
2021-07-13T16:36:53	776	733	780	764
2021-07-13T16:37:23	777	734	780	765
2021-07-13T16:37:53	777	735	781	766
2021-07-13T16:38:23	779	737	783	767
2021-07-13T16:38:53	780	737	783	769
2021-07-13T16:39:23	781	738	784	769
2021-07-13T16:39:53	782	739	784	770
2021-07-13T16:40:23	781	740	785	770
2021-07-13T16:40:53	784	742	788	771
2021-07-13T16:41:23	783	742	787	772
2021-07-13T16:41:53	786	744	790	773
2021-07-13T16:42:23	786	745	790	774
2021-07-13T16:42:53	788	747	792	774
2021-07-13T16:43:23	789	747	792	775
2021-07-13T16:43:53	791	748	794	777
2021-07-13T16:44:23	790	749	794	779
2021-07-13T16:44:53	792	751	795	780
2021-07-13T16:45:23	793	752	796	780
2021-07-13T16:45:53	794	753	798	781
2021-07-13T16:46:23	793	754	799	781
2021-07-13T16:46:53	796	754	800	782
2021-07-13T16:47:23	796	756	801	783
2021-07-13T16:47:53	796	757	800	784
2021-07-13T16:48:23	800	758	802	784
2021-07-13T16:48:53	800	759	803	786
2021-07-13T16:49:23	802	760	803	787
2021-07-13T16:49:53	803	761	805	788
2021-07-13T16:50:23	803	762	806	787
2021-07-13T16:50:53	802	764	807	789
2021-07-13T16:51:23	805	764	805	790
2021-07-13T16:51:53	804	764	801	790
2021-07-13T16:52:23	807	765	802	791
2021-07-13T16:52:53	807	766	800	791
2021-07-13T16:53:23	808	767	800	791
2021-07-13T16:53:53	810	768	799	793
2021-07-13T16:54:23	811	769	799	793
2021-07-13T16:54:53	812	769	799	794
2021-07-13T16:55:23	812	770	799	794
2021-07-13T16:55:53	814	771	800	796
2021-07-13T16:56:23	815	772	800	796
2021-07-13T16:56:53	815	774	800	797
2021-07-13T16:57:23	811	774	799	797
2021-07-13T16:57:53	799	771	798	795
2021-07-13T16:58:23	791	770	798	791
2021-07-13T16:58:53	786	774	804	788
2021-07-13T16:59:23	784	775	806	786
2021-07-13T16:59:53	779	776	808	784
2021-07-13T17:00:23	778	776	809	784
2021-07-13T17:00:53	776	778	812	783
2021-07-13T17:01:23	774	778	813	782
2021-07-13T17:01:53	773	778	814	782
2021-07-13T17:02:23	771	779	814	781
2021-07-13T17:02:53	770	779	815	781
2021-07-13T17:03:23	769	780	815	780
2021-07-13T17:03:53	769	780	815	780
2021-07-13T17:04:23	768	781	817	781
2021-07-13T17:04:53	767	781	817	780
2021-07-13T17:05:23	766	781	817	780
2021-07-13T17:05:53	766	781	817	780
2021-07-13T17:06:23	765	780	811	779
2021-07-13T17:06:53	763	780	806	779
2021-07-13T17:07:23	762	779	803	777
2021-07-13T17:07:53	762	779	801	776
2021-07-13T17:08:23	761	778	800	775
2021-07-13T17:08:53	760	778	799	774
2021-07-13T17:09:23	760	778	796	775
2021-07-13T17:09:53	760	778	796	773
2021-07-13T17:10:23	759	778	796	774
2021-07-13T17:10:53	759	778	795	772
2021-07-13T17:11:23	758	779	793	772
2021-07-13T17:11:53	758	778	793	772
2021-07-13T17:12:23	757	778	792	772
2021-07-13T17:12:53	758	777	792	772
2021-07-13T17:13:23	757	777	795	772
2021-07-13T17:13:53	758	780	801	772
2021-07-13T17:14:23	759	781	805	773
2021-07-13T17:14:53	759	782	807	773
2021-07-13T17:15:23	759	783	810	775
2021-07-13T17:15:53	760	784	811	775
2021-07-13T17:16:23	760	785	812	777
2021-07-13T17:16:53	760	786	814	777
2021-07-13T17:17:23	761	786	816	778
2021-07-13T17:17:53	761	787	816	778
2021-07-13T17:18:23	761	788	817	780
2021-07-13T17:18:53	762	788	817	779
2021-07-13T17:19:23	762	789	819	781
2021-07-13T17:19:53	763	790	819	782
2021-07-13T17:20:23	762	790	820	780
2021-07-13T17:20:53	762	790	820	781
2021-07-13T17:21:23	762	789	813	783
2021-07-13T17:21:53	762	788	809	780
2021-07-13T17:22:23	761	788	807	780
2021-07-13T17:22:53	761	788	804	780
2021-07-13T17:23:23	760	788	803	779
2021-07-13T17:23:53	761	788	803	779
2021-07-13T17:24:23	761	788	801	779
2021-07-13T17:24:53	760	788	801	778
2021-07-13T17:25:23	761	789	801	777
2021-07-13T17:25:53	760	789	799	777
2021-07-13T17:26:23	760	788	800	777
2021-07-13T17:26:53	760	789	800	777
2021-07-13T17:27:23	760	789	800	777
2021-07-13T17:27:53	760	788	799	777
2021-07-13T17:28:23	760	788	801	778
2021-07-13T17:28:53	761	790	808	778
2021-07-13T17:29:23	762	792	812	779
2021-07-13T17:29:53	763	794	814	781
2021-07-13T17:30:23	763	795	816	781
2021-07-13T17:30:53	763	795	818	782
2021-07-13T17:31:23	764	796	820	783
2021-07-13T17:31:53	765	797	821	784
2021-07-13T17:32:23	765	798	823	785
2021-07-13T17:32:53	765	798	824	785
2021-07-13T17:33:23	766	799	825	786
2021-07-13T17:33:53	766	800	825	787
2021-07-13T17:34:23	767	800	826	787
2021-07-13T17:34:53	769	801	827	788
2021-07-13T17:35:23	768	802	828	789
2021-07-13T17:35:53	767	802	826	789
2021-07-13T17:36:23	769	801	822	789
2021-07-13T17:36:53	768	800	818	788
2021-07-13T17:37:23	768	800	816	788
2021-07-13T17:37:53	768	800	813	787
2021-07-13T17:38:23	768	800	813	787
2021-07-13T17:38:53	768	800	812	786
2021-07-13T17:39:23	768	800	810	786
2021-07-13T17:39:53	767	800	810	786
2021-07-13T17:40:23	768	800	810	786
2021-07-13T17:40:53	768	800	809	786
2021-07-13T17:41:23	768	801	809	786
2021-07-13T17:41:53	768	801	809	786
2021-07-13T17:42:23	769	801	808	786
2021-07-13T17:42:53	769	800	808	786
2021-07-13T17:43:23	769	801	812	786
2021-07-13T17:43:53	770	803	818	787
2021-07-13T17:44:23	770	805	821	789
2021-07-13T17:44:53	771	806	825	790
2021-07-13T17:45:23	772	807	827	791
2021-07-13T17:45:53	773	808	828	792
2021-07-13T17:46:23	773	809	830	793
2021-07-13T17:46:53	774	811	831	794
2021-07-13T17:47:23	774	811	832	793
2021-07-13T17:47:53	775	812	833	795
2021-07-13T17:48:23	775	813	834	796
2021-07-13T17:48:53	776	813	835	797
2021-07-13T17:49:23	776	814	835	797
2021-07-13T17:49:53	777	815	837	798
2021-07-13T17:50:23	777	816	837	799
2021-07-13T17:50:53	778	815	836	799
2021-07-13T17:51:23	777	815	830	799
2021-07-13T17:51:53	777	814	828	797
2021-07-13T17:52:23	777	814	825	797
2021-07-13T17:52:53	777	814	823	797
2021-07-13T17:53:23	777	814	822	796
2021-07-13T17:53:53	777	814	821	796
2021-07-13T17:54:23	777	814	820	796
2021-07-13T17:54:53	777	815	820	796
2021-07-13T17:55:23	778	815	820	796
2021-07-13T17:55:53	778	815	820	796
2021-07-13T17:56:23	778	815	820	796
2021-07-13T17:56:53	778	815	819	796
2021-07-13T17:57:23	778	815	818	796
2021-07-13T17:57:53	778	814	818	796
2021-07-13T17:58:23	779	816	822	797
2021-07-13T17:58:53	780	817	828	798
2021-07-13T17:59:23	780	819	832	799
2021-07-13T17:59:53	782	820	835	801
2021-07-13T18:00:23	782	821	837	802
2021-07-13T18:00:53	783	822	839	803
2021-07-13T18:01:23	784	823	840	805
2021-07-13T18:01:53	784	824	841	804
2021-07-13T18:02:23	785	824	842	804
2021-07-13T18:02:53	785	825	844	806
2021-07-13T18:03:23	786	826	844	806
2021-07-13T18:03:53	786	826	845	807
2021-07-13T18:04:23	787	828	846	808
2021-07-13T18:04:53	788	828	847	808
2021-07-13T18:05:23	788	828	848	810
2021-07-13T18:05:53	789	829	846	809
2021-07-13T18:06:23	788	828	840	810
2021-07-13T18:06:53	788	827	837	810
2021-07-13T18:07:23	788	827	835	808
2021-07-13T18:07:53	788	827	834	809
2021-07-13T18:08:23	788	827	832	809
2021-07-13T18:08:53	789	827	832	808
2021-07-13T18:09:23	788	827	832	808
2021-07-13T18:09:53	789	827	831	808
2021-07-13T18:10:23	796	827	830	807
2021-07-13T18:10:53	809	825	827	808
2021-07-13T18:11:23	818	824	825	812
2021-07-13T18:11:53	823	822	826	817
2021-07-13T18:12:23	829	828	838	821
2021-07-13T18:12:53	835	833	846	825
2021-07-13T18:13:23	840	835	851	830
2021-07-13T18:13:53	845	838	855	834
2021-07-13T18:14:23	848	839	859	838
2021-07-13T18:14:53	851	841	863	843
2021-07-13T18:15:23	855	843	866	846
2021-07-13T18:15:53	858	844	868	849
2021-07-13T18:16:23	861	847	871	850
2021-07-13T18:16:53	864	848	873	853
2021-07-13T18:17:23	865	850	875	856
2021-07-13T18:17:53	868	852	877	859
2021-07-13T18:18:23	870	853	879	860
2021-07-13T18:18:53	873	855	881	864
2021-07-13T18:19:23	875	856	883	865
2021-07-13T18:19:53	876	856	879	866
2021-07-13T18:20:23	877	855	877	867
2021-07-13T18:20:53	879	856	877	869
2021-07-13T18:21:23	880	857	876	870
2021-07-13T18:21:53	881	858	876	870
2021-07-13T18:22:23	883	858	876	870
2021-07-13T18:22:53	884	859	877	872
2021-07-13T18:23:23	886	860	877	874
2021-07-13T18:23:53	888	861	878	875
2021-07-13T18:24:23	889	862	879	877
2021-07-13T18:24:53	890	863	880	878
2021-07-13T18:25:23	892	864	881	879
2021-07-13T18:25:53	893	865	882	879
2021-07-13T18:26:23	895	866	882	881
2021-07-13T18:26:53	897	867	884	883
2021-07-13T18:27:23	898	868	885	884
2021-07-13T18:27:53	899	868	886	884
2021-07-13T18:28:23	898	870	891	886
2021-07-13T18:28:53	898	873	896	888
2021-07-13T18:29:23	897	875	900	889
2021-07-13T18:29:53	899	876	903	892
2021-07-13T18:30:23	899	875	902	892
2021-07-13T18:30:53	900	875	902	893
2021-07-13T18:31:23	900	875	902	893
2021-07-13T18:31:53	899	875	902	894
2021-07-13T18:32:23	898	874	902	895
2021-07-13T18:32:53	899	875	903	897
2021-07-13T18:33:23	900	874	902	896
2021-07-13T18:33:53	900	874	902	897
2021-07-13T18:34:23	900	874	902	897
2021-07-13T18:34:53	898	875	903	898
2021-07-13T18:35:23	898	874	902	898
2021-07-13T18:35:53	899	875	903	898
2021-07-13T18:36:23	900	875	903	899
2021-07-13T18:36:53	900	875	903	899
2021-07-13T18:37:23	900	876	903	899
2021-07-13T18:37:53	900	875	903	902
2021-07-13T18:38:23	898	876	903	900
2021-07-13T18:38:53	900	877	901	900
2021-07-13T18:39:23	899	879	902	901
2021-07-13T18:39:53	899	880	903	901
2021-07-13T18:40:23	899	881	903	901
2021-07-13T18:40:53	898	881	902	902
2021-07-13T18:41:23	899	882	901	903
2021-07-13T18:41:53	899	882	903	903
2021-07-13T18:42:23	899	882	902	902
2021-07-13T18:42:53	898	884	902	902
2021-07-13T18:43:23	898	885	902	903
2021-07-13T18:43:53	900	885	902	903
2021-07-13T18:44:23	900	886	903	903
2021-07-13T18:44:53	901	887	903	903
2021-07-13T18:45:23	900	887	902	904
2021-07-13T18:45:53	899	887	903	904
2021-07-13T18:46:23	899	887	903	904
2021-07-13T18:46:53	900	887	902	904
2021-07-13T18:47:23	898	886	901	905
2021-07-13T18:47:53	899	886	902	905
2021-07-13T18:48:23	900	886	902	905
2021-07-13T18:48:53	900	887	903	905
2021-07-13T18:49:23	899	887	903	905
2021-07-13T18:49:53	900	888	903	905
2021-07-13T18:50:23	900	888	901	906
2021-07-13T18:50:53	900	887	902	907
2021-07-13T18:51:23	901	887	902	907
2021-07-13T18:51:53	899	888	903	907
2021-07-13T18:52:23	900	887	902	906
2021-07-13T18:52:53	899	888	902	906
2021-07-13T18:53:23	901	888	903	907
2021-07-13T18:53:53	899	889	902	908
2021-07-13T18:54:23	901	889	902	908
2021-07-13T18:54:53	900	889	903	907
2021-07-13T18:55:23	901	889	903	907
2021-07-13T18:55:53	900	889	903	909
2021-07-13T18:56:23	900	890	903	907
2021-07-13T18:56:53	899	889	902	908
2021-07-13T18:57:23	899	890	903	908
2021-07-13T18:57:53	900	890	902	908
2021-07-13T18:58:23	899	891	903	909
2021-07-13T18:58:53	899	890	902	909
2021-07-13T18:59:23	901	890	903	908
2021-07-13T18:59:53	900	891	902	909
2021-07-13T19:00:23	899	890	903	909
2021-07-13T19:00:53	899	891	903	910
2021-07-13T19:01:23	899	891	902	910
2021-07-13T19:01:53	899	892	903	909
2021-07-13T19:02:23	899	891	902	909
2021-07-13T19:02:53	899	891	902	911
2021-07-13T19:03:23	899	892	903	910
2021-07-13T19:03:53	901	892	902	910
2021-07-13T19:04:23	900	892	902	911
2021-07-13T19:04:53	900	893	904	911
2021-07-13T19:05:23	900	893	903	911
2021-07-13T19:05:53	900	893	902	911
2021-07-13T19:06:23	900	893	902	911
2021-07-13T19:06:53	900	892	902	911
2021-07-13T19:07:23	900	893	902	910
2021-07-13T19:07:53	900	893	902	911
2021-07-13T19:08:23	900	894	904	910
2021-07-13T19:08:53	900	894	903	912
2021-07-13T19:09:23	900	894	903	911
2021-07-13T19:09:53	900	894	902	912
2021-07-13T19:10:23	901	894	902	912
2021-07-13T19:10:53	901	894	902	911
2021-07-13T19:11:23	901	894	902	911
2021-07-13T19:11:53	901	894	903	912
2021-07-13T19:12:23	901	894	902	913
2021-07-13T19:12:53	900	895	903	912
2021-07-13T19:13:23	900	895	903	912
2021-07-13T19:13:53	901	895	903	914
2021-07-13T19:14:23	901	895	903	913
2021-07-13T19:14:53	901	896	903	913
2021-07-13T19:15:23	902	897	904	913
2021-07-13T19:15:53	902	896	903	915
2021-07-13T19:16:23	901	896	903	914
2021-07-13T19:16:53	902	896	904	914
2021-07-13T19:17:23	902	897	904	914
2021-07-13T19:17:53	902	897	904	913
2021-07-13T19:18:23	903	897	904	914
2021-07-13T19:18:53	903	897	904	915
2021-07-13T19:19:23	903	897	904	915
2021-07-13T19:19:53	903	898	905	915
2021-07-13T19:20:23	903	898	905	916
2021-07-13T19:20:53	903	898	905	915
2021-07-13T19:21:23	904	898	906	916
2021-07-13T19:21:53	904	898	907	915
2021-07-13T19:22:23	904	898	906	915
2021-07-13T19:22:53	905	899	906	915
2021-07-13T19:23:23	905	899	907	916
2021-07-13T19:23:53	905	899	908	916
2021-07-13T19:24:23	905	899	908	916
2021-07-13T19:24:53	905	900	906	916
2021-07-13T19:25:23	904	900	906	915
2021-07-13T19:25:53	903	900	905	914
2021-07-13T19:26:23	903	900	905	914
2021-07-13T19:26:53	902	900	905	913
2021-07-13T19:27:23	902	900	904	911
2021-07-13T19:27:53	902	900	904	912
2021-07-13T19:28:23	902	900	904	912
2021-07-13T19:28:53	901	900	904	911
2021-07-13T19:29:23	901	900	903	911
2021-07-13T19:29:53	901	900	904	912
2021-07-13T19:30:23	901	900	903	911
2021-07-13T19:30:53	901	900	903	911
2021-07-13T19:31:23	901	900	903	910
2021-07-13T19:31:53	901	900	903	910
2021-07-13T19:32:23	900	900	903	909
2021-07-13T19:32:53	900	900	903	910
2021-07-13T19:33:23	900	900	903	910
2021-07-13T19:33:53	900	900	902	910
2021-07-13T19:34:23	900	900	903	910
2021-07-13T19:34:53	900	900	902	909
2021-07-13T19:35:23	900	900	902	909
2021-07-13T19:35:53	900	900	902	909
2021-07-13T19:36:23	900	900	902	910
2021-07-13T19:36:53	899	900	902	910
2021-07-13T19:37:23	900	900	902	909
2021-07-13T19:37:53	899	900	902	909
2021-07-13T19:38:23	899	900	902	910
2021-07-13T19:38:53	899	900	902	909
2021-07-13T19:39:23	899	901	902	908
2021-07-13T19:39:53	899	900	902	908
2021-07-13T19:40:23	899	901	904	907
2021-07-13T19:40:53	899	901	903	908
2021-07-13T19:41:23	899	900	902	908
2021-07-13T19:41:53	899	900	902	907
2021-07-13T19:42:23	899	900	902	907
2021-07-13T19:42:53	899	900	902	908
2021-07-13T19:43:23	899	900	902	907
2021-07-13T19:43:53	899	900	902	907
2021-07-13T19:44:23	899	900	902	907
2021-07-13T19:44:53	899	900	901	907
2021-07-13T19:45:23	899	901	903	908
2021-07-13T19:45:53	899	900	902	908
2021-07-13T19:46:23	899	900	902	907
2021-07-13T19:46:53	901	900	902	908
2021-07-13T19:47:23	900	900	902	908
2021-07-13T19:47:53	900	900	902	909
2021-07-13T19:48:23	899	900	902	908
2021-07-13T19:48:53	899	900	902	908
2021-07-13T19:49:23	899	900	902	908
2021-07-13T19:49:53	899	900	902	908
2021-07-13T19:50:23	899	901	904	909
2021-07-13T19:50:53	899	901	903	908
2021-07-13T19:51:23	900	900	902	908
2021-07-13T19:51:53	901	900	902	908
2021-07-13T19:52:23	900	900	902	908
2021-07-13T19:52:53	900	901	904	908
2021-07-13T19:53:23	899	900	903	908
2021-07-13T19:53:53	899	900	902	908
2021-07-13T19:54:23	899	900	902	908
2021-07-13T19:54:53	899	900	902	908
2021-07-13T19:55:23	899	900	902	908
2021-07-13T19:55:53	899	901	904	908
2021-07-13T19:56:23	899	900	902	907
2021-07-13T19:56:53	899	900	902	908
2021-07-13T19:57:23	899	900	902	908
2021-07-13T19:57:53	899	900	902	908
2021-07-13T19:58:23	899	900	902	908
2021-07-13T19:58:53	898	900	901	907
2021-07-13T19:59:23	897	899	900	906
2021-07-13T19:59:53	896	898	899	905
2021-07-13T20:00:23	895	897	899	904
2021-07-13T20:00:53	827	845	887	902
2021-07-13T20:01:23	751	743	844	892
2021-07-13T20:01:53	699	750	817	883
2021-07-13T20:02:23	606	655	708	876
2021-07-13T20:02:53	522	532	615	860
2021-07-13T20:03:23	476	476	580	836
2021-07-13T20:03:53	444	441	545	810
2021-07-13T20:04:23	422	422	523	792
2021-07-13T20:04:53	402	400	509	767
2021-07-13T20:05:23	388	391	495	743
2021-07-13T20:05:53	369	373	471	719
2021-07-13T20:06:23	357	358	457	698
2021-07-13T20:06:53	344	345	443	678
2021-07-13T20:07:23	333	333	431	666
