time	T1	T2	T3	T4
2021-10-02T10:41:25	34	36	40	27
2021-10-02T10:41:55	37	39	42	28
2021-10-02T10:42:25	39	40	43	28
2021-10-02T10:42:55	40	42	43	30
2021-10-02T10:43:25	41	43	44	31
2021-10-02T10:43:55	42	44	44	32
2021-10-02T10:44:25	42	45	48	34
2021-10-02T10:44:55	44	48	48	35
2021-10-02T10:45:25	45	49	49	36
2021-10-02T10:45:55	46	49	50	37
2021-10-02T10:46:25	46	50	50	38
2021-10-02T10:46:55	46	51	50	39
2021-10-02T10:47:25	47	52	53	41
2021-10-02T10:47:55	50	54	55	42
2021-10-02T10:48:25	50	55	56	43
2021-10-02T10:48:55	51	55	56	44
2021-10-02T10:49:25	51	56	56	45
2021-10-02T10:49:55	51	56	56	45
2021-10-02T10:50:25	53	56	58	46
2021-10-02T10:50:55	58	59	62	46
2021-10-02T10:51:25	60	61	62	48
2021-10-02T10:51:55	60	61	62	49
2021-10-02T10:52:25	60	62	62	50
2021-10-02T10:52:55	60	62	62	50
2021-10-02T10:53:25	60	62	63	51
2021-10-02T10:53:55	63	64	66	52
2021-10-02T10:54:25	62	65	67	53
2021-10-02T10:54:55	62	65	67	53
2021-10-02T10:55:25	62	65	67	54
2021-10-02T10:55:55	64	67	70	55
2021-10-02T10:56:25	64	68	70	55
2021-10-02T10:56:55	65	68	69	56
2021-10-02T10:57:25	70	70	73	56
2021-10-02T10:57:55	72	72	75	57
2021-10-02T10:58:25	73	72	75	58
2021-10-02T10:58:55	72	73	73	59
2021-10-02T10:59:25	74	74	76	60
2021-10-02T10:59:55	74	75	77	60
2021-10-02T11:00:25	74	75	77	61
2021-10-02T11:00:55	75	76	79	63
2021-10-02T11:01:25	75	77	79	64
2021-10-02T11:01:55	75	77	79	64
2021-10-02T11:02:25	79	78	82	64
2021-10-02T11:02:55	80	80	84	66
2021-10-02T11:03:25	81	81	84	67
2021-10-02T11:03:55	80	81	83	66
2021-10-02T11:04:25	81	82	84	68
2021-10-02T11:04:55	83	84	87	69
2021-10-02T11:05:25	82	84	87	70
2021-10-02T11:05:55	82	85	88	70
2021-10-02T11:06:25	83	86	90	71
2021-10-02T11:06:55	85	86	89	71
2021-10-02T11:07:25	88	87	91	72
2021-10-02T11:07:55	90	88	92	73
2021-10-02T11:08:25	89	89	91	74
2021-10-02T11:08:55	90	90	94	75
2021-10-02T11:09:25	90	91	94	75
2021-10-02T11:09:55	90	91	93	76
2021-10-02T11:10:25	92	93	98	77
2021-10-02T11:10:55	93	94	98	78
2021-10-02T11:11:25	93	94	98	78
2021-10-02T11:11:55	98	95	98	79
2021-10-02T11:12:25	100	97	102	80
2021-10-02T11:12:55	100	98	102	81
2021-10-02T11:13:25	100	98	101	82
2021-10-02T11:13:55	101	99	105	82
2021-10-02T11:14:25	101	101	105	83
2021-10-02T11:14:55	100	101	104	84
2021-10-02T11:15:25	101	101	107	85
2021-10-02T11:15:55	101	103	107	85
2021-10-02T11:16:25	106	104	107	86
2021-10-02T11:16:55	109	105	110	87
2021-10-02T11:17:25	109	107	111	88
2021-10-02T11:17:55	108	107	110	89
2021-10-02T11:18:25	109	108	114	90
2021-10-02T11:18:55	109	109	114	91
2021-10-02T11:19:25	109	110	113	91
2021-10-02T11:19:55	112	111	117	92
2021-10-02T11:20:25	115	113	117	93
2021-10-02T11:20:55	115	113	117	94
2021-10-02T11:21:25	115	114	119	95
2021-10-02T11:21:55	115	114	118	95
2021-10-02T11:22:25	116	115	120	96
2021-10-02T11:22:55	116	117	122	97
2021-10-02T11:23:25	116	117	121	98
2021-10-02T11:23:55	121	119	123	98
2021-10-02T11:24:25	124	121	127	100
2021-10-02T11:24:55	124	121	126	101
2021-10-02T11:25:25	124	121	127	101
2021-10-02T11:25:55	124	122	127	102
2021-10-02T11:26:25	124	123	128	103
2021-10-02T11:26:55	124	124	129	104
2021-10-02T11:27:25	126	124	129	104
2021-10-02T11:27:55	129	126	132	105
2021-10-02T11:28:25	130	127	132	106
2021-10-02T11:28:55	131	128	132	107
2021-10-02T11:29:25	133	130	135	108
2021-10-02T11:29:55	132	131	135	109
2021-10-02T11:30:25	131	131	134	110
2021-10-02T11:30:55	132	132	137	110
2021-10-02T11:31:25	132	133	136	111
2021-10-02T11:31:55	134	134	140	112
2021-10-02T11:32:25	136	135	139	113
2021-10-02T11:32:55	136	134	138	113
2021-10-02T11:33:25	138	136	143	114
2021-10-02T11:33:55	139	138	142	116
2021-10-02T11:34:25	138	138	141	116
2021-10-02T11:34:55	140	140	146	117
2021-10-02T11:35:25	140	141	146	118
2021-10-02T11:35:55	140	141	145	118
2021-10-02T11:36:25	145	143	149	119
2021-10-02T11:36:55	148	145	149	121
2021-10-02T11:37:25	147	145	148	121
2021-10-02T11:37:55	148	145	151	122
2021-10-02T11:38:25	148	147	152	124
2021-10-02T11:38:55	147	147	151	124
2021-10-02T11:39:25	149	149	153	125
2021-10-02T11:39:55	148	149	154	126
2021-10-02T11:40:25	153	150	156	127
2021-10-02T11:40:55	156	152	156	128
2021-10-02T11:41:25	155	152	156	129
2021-10-02T11:41:55	155	152	158	130
2021-10-02T11:42:25	157	155	160	130
2021-10-02T11:42:55	155	155	159	130
2021-10-02T11:43:25	155	155	161	131
2021-10-02T11:43:55	157	157	163	132
2021-10-02T11:44:25	157	158	162	133
2021-10-02T11:44:55	162	158	163	133
2021-10-02T11:45:25	164	161	167	135
2021-10-02T11:45:55	164	161	165	136
2021-10-02T11:46:25	163	162	165	137
2021-10-02T11:46:55	165	163	169	138
2021-10-02T11:47:25	164	164	168	138
2021-10-02T11:47:55	165	164	170	138
2021-10-02T11:48:25	169	166	172	140
2021-10-02T11:48:55	169	167	171	141
2021-10-02T11:49:25	169	167	173	142
2021-10-02T11:49:55	169	169	173	143
2021-10-02T11:50:25	170	170	175	144
2021-10-02T11:50:55	170	170	174	144
2021-10-02T11:51:25	175	173	178	145
2021-10-02T11:51:55	176	173	177	146
2021-10-02T11:52:25	175	173	178	147
2021-10-02T11:52:55	177	175	181	148
2021-10-02T11:53:25	177	175	180	149
2021-10-02T11:53:55	178	177	182	150
2021-10-02T11:54:25	177	177	181	151
2021-10-02T11:54:55	179	179	184	151
2021-10-02T11:55:25	178	180	184	152
2021-10-02T11:55:55	183	180	186	153
2021-10-02T11:56:25	183	181	185	154
2021-10-02T11:56:55	184	182	188	155
2021-10-02T11:57:25	185	184	189	156
2021-10-02T11:57:55	184	184	188	157
2021-10-02T11:58:25	186	186	192	158
2021-10-02T11:58:55	185	186	191	159
2021-10-02T11:59:25	190	187	193	159
2021-10-02T11:59:55	192	188	193	160
2021-10-02T12:00:25	193	189	194	161
2021-10-02T12:00:55	193	190	195	162
2021-10-02T12:01:25	193	191	196	163
2021-10-02T12:01:55	193	192	196	164
2021-10-02T12:02:25	193	193	198	165
2021-10-02T12:02:55	194	195	199	166
2021-10-02T12:03:25	194	195	200	166
2021-10-02T12:03:55	199	196	202	168
2021-10-02T12:04:25	199	196	200	168
2021-10-02T12:04:55	200	198	204	169
2021-10-02T12:05:25	200	199	203	170
2021-10-02T12:05:55	200	199	204	172
2021-10-02T12:06:25	202	202	207	172
2021-10-02T12:06:55	201	202	207	172
2021-10-02T12:07:25	205	203	208	173
2021-10-02T12:07:55	204	203	207	174
2021-10-02T12:08:25	206	205	210	176
2021-10-02T12:08:55	206	205	210	176
2021-10-02T12:09:25	207	207	212	177
2021-10-02T12:09:55	207	208	212	178
2021-10-02T12:10:25	210	209	214	179
2021-10-02T12:10:55	210	210	213	180
2021-10-02T12:11:25	212	211	216	181
2021-10-02T12:11:55	211	211	215	182
2021-10-02T12:12:25	213	213	218	182
2021-10-02T12:12:55	216	214	218	183
2021-10-02T12:13:25	216	213	218	184
2021-10-02T12:13:55	217	215	222	186
2021-10-02T12:14:25	216	216	220	186
2021-10-02T12:14:55	218	217	223	187
2021-10-02T12:15:25	221	218	224	188
2021-10-02T12:15:55	220	219	222	188
2021-10-02T12:16:25	222	220	226	190
2021-10-02T12:16:55	222	221	226	191
2021-10-02T12:17:25	222	221	227	190
2021-10-02T12:17:55	223	223	228	193
2021-10-02T12:18:25	226	225	230	194
2021-10-02T12:18:55	227	225	229	193
2021-10-02T12:19:25	228	225	230	195
2021-10-02T12:19:55	227	227	232	196
2021-10-02T12:20:25	230	228	234	197
2021-10-02T12:20:55	230	228	233	198
2021-10-02T12:21:25	232	228	233	198
2021-10-02T12:21:55	232	231	236	200
2021-10-02T12:22:25	232	232	237	201
2021-10-02T12:22:55	235	234	238	201
2021-10-02T12:23:25	235	233	238	203
2021-10-02T12:23:55	237	235	240	204
2021-10-02T12:24:25	235	235	239	205
2021-10-02T12:24:55	241	237	242	205
2021-10-02T12:25:25	241	237	242	206
2021-10-02T12:25:55	241	238	244	207
2021-10-02T12:26:25	240	238	244	208
2021-10-02T12:26:55	242	240	246	209
2021-10-02T12:27:25	241	240	245	210
2021-10-02T12:27:55	244	243	248	210
2021-10-02T12:28:25	245	243	247	211
2021-10-02T12:28:55	246	245	252	212
2021-10-02T12:29:25	245	245	249	213
2021-10-02T12:29:55	248	247	253	214
2021-10-02T12:30:25	250	247	251	215
2021-10-02T12:30:55	250	248	254	216
2021-10-02T12:31:25	249	249	252	216
2021-10-02T12:31:55	251	250	256	217
2021-10-02T12:32:25	253	250	254	218
2021-10-02T12:32:55	254	251	259	219
2021-10-02T12:33:25	253	252	258	219
2021-10-02T12:33:55	256	253	261	220
2021-10-02T12:34:25	258	255	261	221
2021-10-02T12:34:55	257	254	260	222
2021-10-02T12:35:25	258	256	264	223
2021-10-02T12:35:55	258	256	262	224
2021-10-02T12:36:25	261	257	265	225
2021-10-02T12:36:55	263	259	264	226
2021-10-02T12:37:25	262	259	266	227
2021-10-02T12:37:55	262	260	267	228
2021-10-02T12:38:25	264	261	269	229
2021-10-02T12:38:55	267	263	269	230
2021-10-02T12:39:25	266	263	270	231
2021-10-02T12:39:55	266	264	270	232
2021-10-02T12:40:25	270	265	273	233
2021-10-02T12:40:55	271	267	272	234
2021-10-02T12:41:25	270	267	272	234
2021-10-02T12:41:55	270	267	274	235
2021-10-02T12:42:25	272	269	275	236
2021-10-02T12:42:55	275	271	277	237
2021-10-02T12:43:25	274	272	278	238
2021-10-02T12:43:55	274	272	278	239
2021-10-02T12:44:25	277	273	280	240
2021-10-02T12:44:55	278	274	280	241
2021-10-02T12:45:25	277	275	282	241
2021-10-02T12:45:55	277	276	283	242
2021-10-02T12:46:25	280	277	283	243
2021-10-02T12:46:55	283	278	284	244
2021-10-02T12:47:25	281	279	284	246
2021-10-02T12:47:55	282	280	287	246
2021-10-02T12:48:25	284	280	287	247
2021-10-02T12:48:55	287	282	289	249
2021-10-02T12:49:25	285	282	287	249
2021-10-02T12:49:55	286	283	291	250
2021-10-02T12:50:25	287	284	291	251
2021-10-02T12:50:55	290	285	291	252
2021-10-02T12:51:25	289	286	294	253
2021-10-02T12:51:55	289	286	293	254
2021-10-02T12:52:25	290	288	295	255
2021-10-02T12:52:55	292	289	296	256
2021-10-02T12:53:25	293	289	295	257
2021-10-02T12:53:55	294	291	299	258
2021-10-02T12:54:25	294	292	299	259
2021-10-02T12:54:55	297	293	300	260
2021-10-02T12:55:25	297	294	301	261
2021-10-02T12:55:55	297	294	301	262
2021-10-02T12:56:25	300	295	304	263
2021-10-02T12:56:55	301	296	303	264
2021-10-02T12:57:25	300	297	303	264
2021-10-02T12:57:55	303	299	307	265
2021-10-02T12:58:25	303	299	307	266
2021-10-02T12:58:55	303	300	307	267
2021-10-02T12:59:25	305	300	309	268
2021-10-02T12:59:55	305	301	310	269
2021-10-02T13:00:25	305	302	310	269
2021-10-02T13:00:55	310	303	312	270
2021-10-02T13:01:25	309	304	311	271
2021-10-02T13:01:55	309	305	314	272
2021-10-02T13:02:25	310	305	315	273
2021-10-02T13:02:55	313	306	315	274
2021-10-02T13:03:25	312	306	317	275
2021-10-02T13:03:55	312	308	318	276
2021-10-02T13:04:25	316	309	319	277
2021-10-02T13:04:55	318	311	319	279
2021-10-02T13:05:25	316	311	320	280
2021-10-02T13:05:55	317	311	319	280
2021-10-02T13:06:25	319	313	323	281
2021-10-02T13:06:55	318	313	322	282
2021-10-02T13:07:25	322	314	325	283
2021-10-02T13:07:55	321	314	323	284
2021-10-02T13:08:25	324	316	327	285
2021-10-02T13:08:55	323	317	326	286
2021-10-02T13:09:25	328	318	329	287
2021-10-02T13:09:55	327	319	328	289
2021-10-02T13:10:25	326	320	331	289
2021-10-02T13:10:55	326	320	330	290
2021-10-02T13:11:25	331	322	332	291
2021-10-02T13:11:55	330	322	334	292
2021-10-02T13:12:25	329	323	333	293
2021-10-02T13:12:55	332	324	335	294
2021-10-02T13:13:25	331	325	335	294
2021-10-02T13:13:55	335	326	336	295
2021-10-02T13:14:25	333	327	338	297
2021-10-02T13:14:55	334	327	339	298
2021-10-02T13:15:25	336	328	339	298
2021-10-02T13:15:55	336	329	339	300
2021-10-02T13:16:25	340	331	343	300
2021-10-02T13:16:55	338	331	342	302
2021-10-02T13:17:25	338	332	343	303
2021-10-02T13:17:55	342	333	345	303
2021-10-02T13:18:25	341	334	345	305
2021-10-02T13:18:55	342	335	348	305
2021-10-02T13:19:25	342	336	346	306
2021-10-02T13:19:55	347	338	349	308
2021-10-02T13:20:25	345	337	349	308
2021-10-02T13:20:55	346	339	350	309
2021-10-02T13:21:25	349	340	351	309
2021-10-02T13:21:55	348	340	352	310
2021-10-02T13:22:25	347	342	353	312
2021-10-02T13:22:55	352	342	354	312
2021-10-02T13:23:25	352	343	354	313
2021-10-02T13:23:55	351	345	357	314
2021-10-02T13:24:25	354	344	355	316
2021-10-02T13:24:55	354	347	359	317
2021-10-02T13:25:25	358	347	359	318
2021-10-02T13:25:55	358	349	360	319
2021-10-02T13:26:25	356	349	361	320
2021-10-02T13:26:55	359	350	362	320
2021-10-02T13:27:25	359	351	363	321
2021-10-02T13:27:55	359	351	362	322
2021-10-02T13:28:25	363	353	365	323
2021-10-02T13:28:55	362	354	366	325
2021-10-02T13:29:25	364	354	366	324
2021-10-02T13:29:55	365	356	369	326
2021-10-02T13:30:25	364	355	368	327
2021-10-02T13:30:55	366	358	370	329
2021-10-02T13:31:25	368	358	371	329
2021-10-02T13:31:55	367	358	370	330
2021-10-02T13:32:25	369	360	374	331
2021-10-02T13:32:55	370	361	373	332
2021-10-02T13:33:25	372	362	373	333
2021-10-02T13:33:55	372	363	376	334
2021-10-02T13:34:25	373	363	376	335
2021-10-02T13:34:55	374	364	378	336
2021-10-02T13:35:25	375	366	378	337
2021-10-02T13:35:55	376	366	378	338
2021-10-02T13:36:25	377	367	381	339
2021-10-02T13:36:55	377	368	381	340
2021-10-02T13:37:25	379	369	382	341
2021-10-02T13:37:55	380	369	383	342
2021-10-02T13:38:25	381	371	384	343
2021-10-02T13:38:55	382	371	385	344
2021-10-02T13:39:25	381	372	387	345
2021-10-02T13:39:55	383	373	386	346
2021-10-02T13:40:25	385	375	390	347
2021-10-02T13:40:55	385	376	389	348
2021-10-02T13:41:25	387	377	392	349
2021-10-02T13:41:55	387	377	390	350
2021-10-02T13:42:25	389	378	393	350
2021-10-02T13:42:55	390	379	393	351
2021-10-02T13:43:25	393	380	394	353
2021-10-02T13:43:55	390	381	395	354
2021-10-02T13:44:25	393	382	395	355
2021-10-02T13:44:55	392	383	397	356
2021-10-02T13:45:25	396	384	399	357
2021-10-02T13:45:55	394	385	399	358
2021-10-02T13:46:25	398	386	400	359
2021-10-02T13:46:55	397	387	401	360
2021-10-02T13:47:25	397	388	402	361
2021-10-02T13:47:55	401	389	403	362
2021-10-02T13:48:25	399	389	403	363
2021-10-02T13:48:55	402	391	406	364
2021-10-02T13:49:25	401	391	404	365
2021-10-02T13:49:55	405	392	408	366
2021-10-02T13:50:25	403	393	407	367
2021-10-02T13:50:55	405	395	410	368
2021-10-02T13:51:25	404	395	408	369
2021-10-02T13:51:55	409	396	411	370
2021-10-02T13:52:25	407	396	411	371
2021-10-02T13:52:55	410	398	413	373
2021-10-02T13:53:25	410	399	414	374
2021-10-02T13:53:55	411	399	414	373
2021-10-02T13:54:25	412	401	417	376
2021-10-02T13:54:55	413	401	418	376
2021-10-02T13:55:25	413	402	416	378
2021-10-02T13:55:55	415	403	419	378
2021-10-02T13:56:25	416	404	419	378
2021-10-02T13:56:55	416	404	422	380
2021-10-02T13:57:25	417	406	421	381
2021-10-02T13:57:55	419	406	422	382
2021-10-02T13:58:25	420	407	424	382
2021-10-02T13:58:55	420	407	423	384
2021-10-02T13:59:25	422	408	425	384
2021-10-02T13:59:55	423	409	425	387
2021-10-02T14:00:25	422	411	426	387
2021-10-02T14:00:55	425	412	428	387
2021-10-02T14:01:25	425	412	428	388
2021-10-02T14:01:55	427	414	428	391
2021-10-02T14:02:25	426	415	431	392
2021-10-02T14:02:55	429	415	432	393
2021-10-02T14:03:25	428	416	432	394
2021-10-02T14:03:55	431	417	434	394
2021-10-02T14:04:25	431	418	435	395
2021-10-02T14:04:55	432	418	435	397
2021-10-02T14:05:25	434	420	437	398
2021-10-02T14:05:55	433	420	437	398
2021-10-02T14:06:25	437	422	439	400
2021-10-02T14:06:55	435	423	439	400
2021-10-02T14:07:25	437	424	439	401
2021-10-02T14:07:55	438	424	441	402
2021-10-02T14:08:25	438	425	442	403
2021-10-02T14:08:55	439	426	443	404
2021-10-02T14:09:25	443	427	445	405
2021-10-02T14:09:55	442	428	445	406
2021-10-02T14:10:25	444	429	447	407
2021-10-02T14:10:55	443	430	446	409
2021-10-02T14:11:25	446	431	447	409
2021-10-02T14:11:55	446	432	449	410
2021-10-02T14:12:25	448	433	450	411
2021-10-02T14:12:55	447	434	452	412
2021-10-02T14:13:25	448	435	453	413
2021-10-02T14:13:55	451	436	452	414
2021-10-02T14:14:25	451	437	455	415
2021-10-02T14:14:55	451	438	455	417
2021-10-02T14:15:25	453	439	458	417
2021-10-02T14:15:55	454	439	458	419
2021-10-02T14:16:25	456	439	458	420
2021-10-02T14:16:55	455	441	459	420
2021-10-02T14:17:25	457	442	459	422
2021-10-02T14:17:55	457	443	462	423
2021-10-02T14:18:25	460	443	462	423
2021-10-02T14:18:55	459	444	462	425
2021-10-02T14:19:25	462	446	465	426
2021-10-02T14:19:55	461	447	466	428
2021-10-02T14:20:25	462	447	466	428
2021-10-02T14:20:55	461	448	466	430
2021-10-02T14:21:25	466	450	469	431
2021-10-02T14:21:55	466	450	468	432
2021-10-02T14:22:25	467	451	470	432
2021-10-02T14:22:55	467	452	471	433
2021-10-02T14:23:25	468	453	470	435
2021-10-02T14:23:55	470	454	473	436
2021-10-02T14:24:25	471	455	473	436
2021-10-02T14:24:55	471	455	472	437
2021-10-02T14:25:25	472	457	476	438
2021-10-02T14:25:55	473	457	476	439
2021-10-02T14:26:25	473	459	476	440
2021-10-02T14:26:55	477	460	480	441
2021-10-02T14:27:25	475	460	480	443
2021-10-02T14:27:55	478	462	479	443
2021-10-02T14:28:25	478	463	482	444
2021-10-02T14:28:55	480	463	483	444
2021-10-02T14:29:25	479	465	485	447
2021-10-02T14:29:55	482	465	484	448
2021-10-02T14:30:25	480	467	485	449
2021-10-02T14:30:55	484	468	485	449
2021-10-02T14:31:25	484	469	487	451
2021-10-02T14:31:55	484	469	487	451
2021-10-02T14:32:25	486	470	489	452
2021-10-02T14:32:55	486	471	492	453
2021-10-02T14:33:25	487	472	490	455
2021-10-02T14:33:55	490	473	493	455
2021-10-02T14:34:25	490	474	493	456
2021-10-02T14:34:55	491	474	493	457
2021-10-02T14:35:25	490	475	495	458
2021-10-02T14:35:55	492	476	495	459
2021-10-02T14:36:25	493	478	497	461
2021-10-02T14:36:55	496	479	499	462
2021-10-02T14:37:25	496	479	499	463
2021-10-02T14:37:55	496	481	500	463
2021-10-02T14:38:25	498	481	500	464
2021-10-02T14:38:55	497	482	501	466
2021-10-02T14:39:25	500	484	503	467
2021-10-02T14:39:55	499	484	503	468
2021-10-02T14:40:25	502	485	505	468
2021-10-02T14:40:55	504	486	506	470
2021-10-02T14:41:25	503	486	507	471
2021-10-02T14:41:55	506	488	508	472
2021-10-02T14:42:25	506	489	509	473
2021-10-02T14:42:55	505	490	509	474
2021-10-02T14:43:25	509	491	511	474
2021-10-02T14:43:55	509	492	512	476
2021-10-02T14:44:25	508	493	513	477
2021-10-02T14:44:55	510	493	514	479
2021-10-02T14:45:25	512	494	513	480
2021-10-02T14:45:55	513	495	516	481
2021-10-02T14:46:25	512	496	516	481
2021-10-02T14:46:55	514	497	517	482
2021-10-02T14:47:25	515	497	519	483
2021-10-02T14:47:55	515	500	520	485
2021-10-02T14:48:25	517	500	521	486
2021-10-02T14:48:55	516	500	521	486
2021-10-02T14:49:25	519	501	521	488
2021-10-02T14:49:55	521	502	523	488
2021-10-02T14:50:25	522	504	524	489
2021-10-02T14:50:55	520	504	524	490
2021-10-02T14:51:25	524	505	526	492
2021-10-02T14:51:55	525	506	528	493
2021-10-02T14:52:26	525	508	529	494
2021-10-02T14:52:56	524	508	530	494
2021-10-02T14:53:26	527	509	530	495
2021-10-02T14:53:56	529	509	530	496
2021-10-02T14:54:26	528	511	532	497
2021-10-02T14:54:56	531	512	533	498
2021-10-02T14:55:26	531	513	534	500
2021-10-02T14:55:56	531	515	535	500
2021-10-02T14:56:26	533	515	535	501
2021-10-02T14:56:56	534	516	536	503
2021-10-02T14:57:26	533	517	537	503
2021-10-02T14:57:56	536	519	538	505
2021-10-02T14:58:26	536	520	540	506
2021-10-02T14:58:56	536	521	542	507
2021-10-02T14:59:26	537	521	540	508
2021-10-02T14:59:56	539	522	543	509
2021-10-02T15:00:26	541	524	544	509
2021-10-02T15:00:56	540	525	545	511
2021-10-02T15:01:26	541	525	545	512
2021-10-02T15:01:56	542	526	545	513
2021-10-02T15:02:26	543	528	548	514
2021-10-02T15:02:56	545	529	548	515
2021-10-02T15:03:26	546	529	548	516
2021-10-02T15:03:56	546	529	550	517
2021-10-02T15:04:26	547	530	552	518
2021-10-02T15:04:56	549	532	552	520
2021-10-02T15:05:26	550	533	552	520
2021-10-02T15:05:56	550	533	554	521
2021-10-02T15:06:26	552	534	556	522
2021-10-02T15:06:56	554	535	556	523
2021-10-02T15:07:26	553	536	558	524
2021-10-02T15:07:56	554	537	559	525
2021-10-02T15:08:26	556	537	558	526
2021-10-02T15:08:56	557	539	561	527
2021-10-02T15:09:26	558	539	561	528
2021-10-02T15:09:56	558	540	563	529
2021-10-02T15:10:26	560	541	563	530
2021-10-02T15:10:56	559	543	564	532
2021-10-02T15:11:26	561	544	564	533
2021-10-02T15:11:56	563	545	567	533
2021-10-02T15:12:26	564	545	566	535
2021-10-02T15:12:56	564	546	567	536
2021-10-02T15:13:26	566	548	570	537
2021-10-02T15:13:56	567	549	571	538
2021-10-02T15:14:26	569	550	572	540
2021-10-02T15:14:56	568	550	572	540
2021-10-02T15:15:26	570	551	572	541
2021-10-02T15:15:56	570	552	574	542
2021-10-02T15:16:26	571	553	573	544
2021-10-02T15:16:56	571	554	575	545
2021-10-02T15:17:26	574	556	576	546
2021-10-02T15:17:56	574	556	577	547
2021-10-02T15:18:26	574	557	579	548
2021-10-02T15:18:56	575	558	579	549
2021-10-02T15:19:26	578	560	580	550
2021-10-02T15:19:56	579	560	581	552
2021-10-02T15:20:26	579	561	583	553
2021-10-02T15:20:56	580	562	585	554
2021-10-02T15:21:26	580	563	582	554
2021-10-02T15:21:56	582	564	586	556
2021-10-02T15:22:26	582	565	587	557
2021-10-02T15:22:56	584	566	587	559
2021-10-02T15:23:26	584	567	587	560
2021-10-02T15:23:56	587	568	589	560
2021-10-02T15:24:26	588	569	591	562
2021-10-02T15:24:56	587	570	592	563
2021-10-02T15:25:26	588	571	592	564
2021-10-02T15:25:56	589	572	594	564
2021-10-02T15:26:26	590	573	595	565
2021-10-02T15:26:56	593	574	595	568
2021-10-02T15:27:26	593	574	596	567
2021-10-02T15:27:56	593	575	598	568
2021-10-02T15:28:26	595	576	599	570
2021-10-02T15:28:56	597	577	600	572
2021-10-02T15:29:26	597	578	601	572
2021-10-02T15:29:56	598	579	602	574
2021-10-02T15:30:26	597	580	603	573
2021-10-02T15:30:56	600	581	603	575
2021-10-02T15:31:26	602	582	604	577
2021-10-02T15:31:56	601	583	604	578
2021-10-02T15:32:26	601	583	605	579
2021-10-02T15:32:56	604	585	606	580
2021-10-02T15:33:26	605	585	607	581
2021-10-02T15:33:56	606	586	608	582
2021-10-02T15:34:26	607	587	610	583
2021-10-02T15:34:56	607	588	611	584
2021-10-02T15:35:26	608	589	611	585
2021-10-02T15:35:56	608	590	612	587
2021-10-02T15:36:26	611	591	613	587
2021-10-02T15:36:56	612	593	615	588
2021-10-02T15:37:26	613	593	615	590
2021-10-02T15:37:56	612	594	615	590
2021-10-02T15:38:26	613	596	617	592
2021-10-02T15:38:56	615	597	618	593
2021-10-02T15:39:26	616	598	620	594
2021-10-02T15:39:56	616	599	620	595
2021-10-02T15:40:26	617	600	621	596
2021-10-02T15:40:56	620	601	622	597
2021-10-02T15:41:26	619	603	623	599
2021-10-02T15:41:56	621	603	624	600
2021-10-02T15:42:26	622	604	625	601
2021-10-02T15:42:56	623	605	626	602
2021-10-02T15:43:26	626	607	628	603
2021-10-02T15:43:56	624	607	629	604
2021-10-02T15:44:26	626	608	628	605
2021-10-02T15:44:56	627	609	630	606
2021-10-02T15:45:26	628	610	631	607
2021-10-02T15:45:56	629	611	633	608
2021-10-02T15:46:26	630	611	633	608
2021-10-02T15:46:56	631	613	635	610
2021-10-02T15:47:26	631	614	635	611
2021-10-02T15:47:56	632	615	636	612
2021-10-02T15:48:26	633	616	638	613
2021-10-02T15:48:56	634	616	637	614
2021-10-02T15:49:26	636	618	639	615
2021-10-02T15:49:56	637	619	640	617
2021-10-02T15:50:26	639	619	642	618
2021-10-02T15:50:56	639	620	643	618
2021-10-02T15:51:26	640	622	642	619
2021-10-02T15:51:56	639	622	643	621
2021-10-02T15:52:26	641	623	644	622
2021-10-02T15:52:56	643	624	645	623
2021-10-02T15:53:26	644	626	646	624
2021-10-02T15:53:56	645	627	648	625
2021-10-02T15:54:26	647	627	647	626
2021-10-02T15:54:56	645	628	649	627
2021-10-02T15:55:26	647	629	650	628
2021-10-02T15:55:56	648	630	652	629
2021-10-02T15:56:26	650	631	651	630
2021-10-02T15:56:56	650	632	653	631
2021-10-02T15:57:26	650	633	654	632
2021-10-02T15:57:56	652	634	655	633
2021-10-02T15:58:26	653	635	656	634
2021-10-02T15:58:56	655	636	658	635
2021-10-02T15:59:26	655	637	659	636
2021-10-02T15:59:56	657	638	661	637
2021-10-02T16:00:26	658	640	662	638
2021-10-02T16:00:56	659	639	660	638
2021-10-02T16:01:26	657	641	663	640
2021-10-02T16:01:56	659	642	663	642
2021-10-02T16:02:26	660	642	665	642
2021-10-02T16:02:56	662	643	665	643
2021-10-02T16:03:26	664	645	667	644
2021-10-02T16:03:56	663	646	667	645
2021-10-02T16:04:26	664	647	667	646
2021-10-02T16:04:56	666	648	670	647
2021-10-02T16:05:26	667	649	669	649
2021-10-02T16:05:56	667	650	671	649
2021-10-02T16:06:26	670	651	673	650
2021-10-02T16:06:56	672	651	674	652
2021-10-02T16:07:26	670	652	675	653
2021-10-02T16:07:56	673	653	676	654
2021-10-02T16:08:26	672	654	675	655
2021-10-02T16:08:56	672	655	677	656
2021-10-02T16:09:26	674	656	677	657
2021-10-02T16:09:56	675	657	679	658
2021-10-02T16:10:26	675	658	680	659
2021-10-02T16:10:56	676	659	681	660
2021-10-02T16:11:26	677	660	681	661
2021-10-02T16:11:56	680	661	683	662
2021-10-02T16:12:26	680	662	683	663
2021-10-02T16:12:56	681	663	684	663
2021-10-02T16:13:26	682	664	684	665
2021-10-02T16:13:56	684	665	687	666
2021-10-02T16:14:26	685	666	687	667
2021-10-02T16:14:56	685	667	689	668
2021-10-02T16:15:26	687	667	689	669
2021-10-02T16:15:56	686	669	690	670
2021-10-02T16:16:26	688	670	691	671
2021-10-02T16:16:56	691	672	692	672
2021-10-02T16:17:26	691	672	693	673
2021-10-02T16:17:56	692	673	694	674
2021-10-02T16:18:26	693	674	696	675
2021-10-02T16:18:56	694	675	696	677
2021-10-02T16:19:26	695	676	697	677
2021-10-02T16:19:56	696	677	699	678
2021-10-02T16:20:26	695	678	699	679
2021-10-02T16:20:56	698	679	701	680
2021-10-02T16:21:26	699	680	701	681
2021-10-02T16:21:56	699	681	703	682
2021-10-02T16:22:26	702	682	704	683
2021-10-02T16:22:56	702	684	704	684
2021-10-02T16:23:26	703	684	705	685
2021-10-02T16:23:56	702	685	706	686
2021-10-02T16:24:26	703	686	708	687
2021-10-02T16:24:56	705	687	707	688
2021-10-02T16:25:26	705	687	708	689
2021-10-02T16:25:56	706	689	711	690
2021-10-02T16:26:26	709	690	712	691
2021-10-02T16:26:56	710	690	712	692
2021-10-02T16:27:26	709	691	712	693
2021-10-02T16:27:56	709	693	713	694
2021-10-02T16:28:26	711	694	715	695
2021-10-02T16:28:56	712	694	716	696
2021-10-02T16:29:26	713	695	717	697
2021-10-02T16:29:56	713	696	719	698
2021-10-02T16:30:26	715	697	717	699
2021-10-02T16:30:56	716	699	719	700
2021-10-02T16:31:26	716	699	720	701
2021-10-02T16:31:56	718	701	721	702
2021-10-02T16:32:26	720	701	721	703
2021-10-02T16:32:56	720	703	722	705
2021-10-02T16:33:26	721	703	724	705
2021-10-02T16:33:56	721	704	725	706
2021-10-02T16:34:26	724	706	727	707
2021-10-02T16:34:56	724	706	727	708
2021-10-02T16:35:26	725	707	727	709
2021-10-02T16:35:56	727	707	728	710
2021-10-02T16:36:26	727	709	730	711
2021-10-02T16:36:56	729	710	731	712
2021-10-02T16:37:26	729	711	732	713
2021-10-02T16:37:56	731	712	732	714
2021-10-02T16:38:26	732	713	733	715
2021-10-02T16:38:56	733	713	735	716
2021-10-02T16:39:26	734	715	737	717
2021-10-02T16:39:56	735	717	738	718
2021-10-02T16:40:26	736	718	738	719
2021-10-02T16:40:56	737	719	740	721
2021-10-02T16:41:26	737	720	741	721
2021-10-02T16:41:56	738	721	741	722
2021-10-02T16:42:26	740	721	742	723
2021-10-02T16:42:56	740	722	744	724
2021-10-02T16:43:26	742	724	745	725
2021-10-02T16:43:56	743	724	745	726
2021-10-02T16:44:26	741	725	746	728
2021-10-02T16:44:56	744	727	747	728
2021-10-02T16:45:26	745	728	749	729
2021-10-02T16:45:56	746	728	748	730
2021-10-02T16:46:26	746	729	749	732
2021-10-02T16:46:56	747	731	751	732
2021-10-02T16:47:26	749	732	751	733
2021-10-02T16:47:56	748	732	752	734
2021-10-02T16:48:26	750	733	754	735
2021-10-02T16:48:56	750	734	754	737
2021-10-02T16:49:26	752	735	755	737
2021-10-02T16:49:56	752	736	756	738
2021-10-02T16:50:26	753	737	758	740
2021-10-02T16:50:56	755	738	757	740
2021-10-02T16:51:26	756	739	759	741
2021-10-02T16:51:56	757	740	760	742
2021-10-02T16:52:26	757	741	761	744
2021-10-02T16:52:56	759	742	762	745
2021-10-02T16:53:26	759	744	763	746
2021-10-02T16:53:56	760	744	764	746
2021-10-02T16:54:26	761	745	765	747
2021-10-02T16:54:56	764	746	766	749
2021-10-02T16:55:26	765	747	768	749
2021-10-02T16:55:56	765	748	767	751
2021-10-02T16:56:26	765	749	770	751
2021-10-02T16:56:56	769	750	770	753
2021-10-02T16:57:26	768	751	770	753
2021-10-02T16:57:56	769	753	773	755
2021-10-02T16:58:26	771	753	773	756
2021-10-02T16:58:56	772	754	774	757
2021-10-02T16:59:26	773	756	774	758
2021-10-02T16:59:56	774	756	776	759
2021-10-02T17:00:26	774	757	778	760
2021-10-02T17:00:56	776	758	779	761
2021-10-02T17:01:26	777	760	779	761
2021-10-02T17:01:56	777	760	780	763
2021-10-02T17:02:26	778	761	781	764
2021-10-02T17:02:56	779	762	782	764
2021-10-02T17:03:26	781	763	783	765
2021-10-02T17:03:56	781	764	784	767
2021-10-02T17:04:26	782	765	786	767
2021-10-02T17:04:56	784	766	785	768
2021-10-02T17:05:26	783	767	787	769
2021-10-02T17:05:56	784	768	788	770
2021-10-02T17:06:26	786	769	788	771
2021-10-02T17:06:56	785	769	789	772
2021-10-02T17:07:26	787	770	790	773
2021-10-02T17:07:56	788	772	792	774
2021-10-02T17:08:26	790	772	793	774
2021-10-02T17:08:56	793	773	793	775
2021-10-02T17:09:26	790	774	794	776
2021-10-02T17:09:56	792	775	796	777
2021-10-02T17:10:26	792	776	796	778
2021-10-02T17:10:56	793	776	796	779
2021-10-02T17:11:26	795	778	799	780
2021-10-02T17:11:56	796	778	799	780
2021-10-02T17:12:26	798	780	800	781
2021-10-02T17:12:56	798	780	800	782
2021-10-02T17:13:26	799	782	803	783
2021-10-02T17:13:56	799	782	802	784
2021-10-02T17:14:26	801	784	805	785
2021-10-02T17:14:56	803	784	804	786
2021-10-02T17:15:26	803	785	806	787
2021-10-02T17:15:56	803	786	805	788
2021-10-02T17:16:26	805	787	808	789
2021-10-02T17:16:56	804	788	809	790
2021-10-02T17:17:26	808	789	810	791
2021-10-02T17:17:56	808	790	810	792
2021-10-02T17:18:26	809	790	812	793
2021-10-02T17:18:56	811	792	813	794
2021-10-02T17:19:26	812	792	813	795
2021-10-02T17:19:56	812	794	815	796
2021-10-02T17:20:26	814	795	816	797
2021-10-02T17:20:56	815	796	816	799
2021-10-02T17:21:26	816	796	816	799
2021-10-02T17:21:56	817	797	819	800
2021-10-02T17:22:26	816	798	820	801
2021-10-02T17:22:56	819	800	822	803
2021-10-02T17:23:26	819	800	821	803
2021-10-02T17:23:56	820	801	823	805
2021-10-02T17:24:26	821	802	824	806
2021-10-02T17:24:56	822	802	824	807
2021-10-02T17:25:26	824	804	825	808
2021-10-02T17:25:56	825	804	825	809
2021-10-02T17:26:26	824	806	828	810
2021-10-02T17:26:56	825	806	827	811
2021-10-02T17:27:26	826	807	830	812
2021-10-02T17:27:56	828	808	831	813
2021-10-02T17:28:26	827	809	830	815
2021-10-02T17:28:56	829	810	832	816
2021-10-02T17:29:26	831	811	833	817
2021-10-02T17:29:56	831	812	835	817
2021-10-02T17:30:26	832	813	834	819
2021-10-02T17:30:56	833	814	837	820
2021-10-02T17:31:26	833	814	836	821
2021-10-02T17:31:56	834	816	838	822
2021-10-02T17:32:26	835	817	838	822
2021-10-02T17:32:56	836	818	840	823
2021-10-02T17:33:26	837	819	841	824
2021-10-02T17:33:56	839	820	842	827
2021-10-02T17:34:26	839	821	843	828
2021-10-02T17:34:56	840	822	843	828
2021-10-02T17:35:26	841	822	846	830
2021-10-02T17:35:56	843	823	845	831
2021-10-02T17:36:26	843	824	848	832
2021-10-02T17:36:56	844	827	848	833
2021-10-02T17:37:26	847	828	848	833
2021-10-02T17:37:56	848	828	851	834
2021-10-02T17:38:26	847	829	850	836
2021-10-02T17:38:56	848	830	852	837
2021-10-02T17:39:26	850	831	852	838
2021-10-02T17:39:56	850	831	854	839
2021-10-02T17:40:26	851	833	855	840
2021-10-02T17:40:56	853	834	856	841
2021-10-02T17:41:26	855	835	856	842
2021-10-02T17:41:56	855	836	857	843
2021-10-02T17:42:26	856	837	859	844
2021-10-02T17:42:56	856	837	859	845
2021-10-02T17:43:26	858	840	861	845
2021-10-02T17:43:56	860	840	861	846
2021-10-02T17:44:26	860	841	863	848
2021-10-02T17:44:56	861	842	863	849
2021-10-02T17:45:26	863	843	865	850
2021-10-02T17:45:56	862	843	865	851
2021-10-02T17:46:26	863	845	867	852
2021-10-02T17:46:56	866	845	867	852
2021-10-02T17:47:26	866	847	869	853
2021-10-02T17:47:56	868	847	868	855
2021-10-02T17:48:26	868	849	871	856
2021-10-02T17:48:56	869	850	870	858
2021-10-02T17:49:26	868	851	872	859
2021-10-02T17:49:56	869	852	873	859
2021-10-02T17:50:26	870	854	875	861
2021-10-02T17:50:56	872	854	874	861
2021-10-02T17:51:26	873	856	877	862
2021-10-02T17:51:56	873	856	876	863
2021-10-02T17:52:26	875	858	878	865
2021-10-02T17:52:56	875	859	877	866
2021-10-02T17:53:26	876	860	880	868
2021-10-02T17:53:56	877	861	880	869
2021-10-02T17:54:26	878	862	882	870
2021-10-02T17:54:56	880	863	881	871
2021-10-02T17:55:26	880	864	884	872
2021-10-02T17:55:56	881	865	885	873
2021-10-02T17:56:26	883	865	886	874
2021-10-02T17:56:56	883	867	886	875
2021-10-02T17:57:26	884	868	888	876
2021-10-02T17:57:56	886	869	887	877
2021-10-02T17:58:26	886	870	890	878
2021-10-02T17:58:56	887	871	891	879
2021-10-02T17:59:26	888	873	892	880
2021-10-02T17:59:56	889	873	892	882
2021-10-02T18:00:26	890	875	896	883
2021-10-02T18:00:56	891	875	893	883
2021-10-02T18:01:26	892	876	896	885
2021-10-02T18:01:56	894	877	896	886
2021-10-02T18:02:26	894	878	898	887
2021-10-02T18:02:56	895	879	900	888
2021-10-02T18:03:26	898	880	900	889
2021-10-02T18:03:56	898	881	901	890
2021-10-02T18:04:26	899	882	902	891
2021-10-02T18:04:56	900	882	902	892
2021-10-02T18:05:26	898	883	903	893
2021-10-02T18:05:56	900	883	903	893
2021-10-02T18:06:26	899	883	902	893
2021-10-02T18:06:56	900	883	902	894
2021-10-02T18:07:26	899	884	901	894
2021-10-02T18:07:56	898	884	901	893
2021-10-02T18:08:26	899	884	901	894
2021-10-02T18:08:56	899	885	903	895
2021-10-02T18:09:26	900	885	902	895
2021-10-02T18:09:56	899	886	903	896
2021-10-02T18:10:26	901	886	903	896
2021-10-02T18:10:56	900	886	902	895
2021-10-02T18:11:26	899	886	903	895
2021-10-02T18:11:56	900	887	901	896
2021-10-02T18:12:26	899	887	902	896
2021-10-02T18:12:56	898	887	903	896
2021-10-02T18:13:26	899	887	901	896
2021-10-02T18:13:56	899	888	901	897
2021-10-02T18:14:26	899	888	902	897
2021-10-02T18:14:56	900	889	901	897
2021-10-02T18:15:26	898	888	902	897
2021-10-02T18:15:56	899	889	902	897
2021-10-02T18:16:26	899	889	903	897
2021-10-02T18:16:56	899	889	901	898
2021-10-02T18:17:26	900	889	901	898
2021-10-02T18:17:56	900	890	902	898
2021-10-02T18:18:26	899	890	901	898
2021-10-02T18:18:56	899	890	901	898
2021-10-02T18:19:26	899	890	902	898
2021-10-02T18:19:56	900	891	902	897
2021-10-02T18:20:26	900	891	902	898
2021-10-02T18:20:56	899	891	902	898
2021-10-02T18:21:26	899	892	902	899
2021-10-02T18:21:56	899	892	902	899
2021-10-02T18:22:26	900	892	902	899
2021-10-02T18:22:56	899	893	903	899
2021-10-02T18:23:26	899	894	902	899
2021-10-02T18:23:56	898	894	902	898
2021-10-02T18:24:26	899	894	901	899
2021-10-02T18:24:56	900	894	902	899
2021-10-02T18:25:26	901	895	903	899
2021-10-02T18:25:56	900	895	903	899
2021-10-02T18:26:26	901	895	903	899
2021-10-02T18:26:56	900	896	903	899
2021-10-02T18:27:26	899	895	902	899
2021-10-02T18:27:56	900	896	901	899
2021-10-02T18:28:26	899	896	902	899
2021-10-02T18:28:56	901	896	902	900
2021-10-02T18:29:26	899	896	903	900
2021-10-02T18:29:56	899	896	902	900
2021-10-02T18:30:26	900	897	903	900
2021-10-02T18:30:56	900	897	902	900
2021-10-02T18:31:26	900	897	903	900
2021-10-02T18:31:56	899	898	903	900
2021-10-02T18:32:26	900	897	902	900
2021-10-02T18:32:56	900	898	902	900
2021-10-02T18:33:26	899	898	903	900
2021-10-02T18:33:56	901	898	903	900
2021-10-02T18:34:26	900	898	901	901
2021-10-02T18:34:56	899	898	902	900
2021-10-02T18:35:26	901	899	903	901
2021-10-02T18:35:56	899	898	902	901
2021-10-02T18:36:26	900	899	902	901
2021-10-02T18:36:56	900	899	902	901
2021-10-02T18:37:26	901	899	903	901
2021-10-02T18:37:56	899	899	902	901
2021-10-02T18:38:26	900	899	902	901
2021-10-02T18:38:56	899	899	902	901
2021-10-02T18:39:26	901	899	903	901
2021-10-02T18:39:56	899	899	902	900
2021-10-02T18:40:26	899	899	902	900
2021-10-02T18:40:56	901	899	903	901
2021-10-02T18:41:26	899	899	903	901
2021-10-02T18:41:56	900	899	903	901
2021-10-02T18:42:26	899	899	904	901
2021-10-02T18:42:56	900	899	903	901
2021-10-02T18:43:26	900	899	902	901
2021-10-02T18:43:56	899	899	902	901
2021-10-02T18:44:26	901	899	903	902
2021-10-02T18:44:56	899	899	903	901
2021-10-02T18:45:26	901	899	904	901
2021-10-02T18:45:56	900	899	902	902
2021-10-02T18:46:26	899	900	903	901
2021-10-02T18:46:56	901	899	903	901
2021-10-02T18:47:26	899	899	902	902
2021-10-02T18:47:56	901	899	903	901
2021-10-02T18:48:26	900	899	902	902
2021-10-02T18:48:56	899	899	902	902
2021-10-02T18:49:26	901	899	903	902
2021-10-02T18:49:56	900	899	903	902
2021-10-02T18:50:26	898	899	902	902
2021-10-02T18:50:56	901	899	901	902
2021-10-02T18:51:26	899	899	903	901
2021-10-02T18:51:56	901	899	902	900
2021-10-02T18:52:26	900	899	901	902
2021-10-02T18:52:56	899	899	903	902
2021-10-02T18:53:26	901	899	903	902
2021-10-02T18:53:56	899	899	903	902
2021-10-02T18:54:26	900	899	902	901
2021-10-02T18:54:56	900	899	903	901
2021-10-02T18:55:26	899	899	902	902
2021-10-02T18:55:56	901	899	902	902
2021-10-02T18:56:26	900	899	903	902
2021-10-02T18:56:56	899	898	902	902
2021-10-02T18:57:26	900	899	902	901
2021-10-02T18:57:56	899	900	903	902
2021-10-02T18:58:26	901	900	902	902
2021-10-02T18:58:56	899	900	901	901
2021-10-02T18:59:26	899	900	902	901
2021-10-02T18:59:56	901	900	902	901
2021-10-02T19:00:26	899	900	902	901
2021-10-02T19:00:56	901	899	903	902
2021-10-02T19:01:26	899	899	902	901
2021-10-02T19:01:56	901	899	902	901
2021-10-02T19:02:26	900	899	902	901
2021-10-02T19:02:56	899	899	902	902
2021-10-02T19:03:26	900	899	902	901
2021-10-02T19:03:56	899	899	901	901
2021-10-02T19:04:26	900	900	902	901
2021-10-02T19:04:56	900	900	903	902
2021-10-02T19:05:26	901	900	903	902
2021-10-02T19:05:56	899	899	902	902
2021-10-02T19:06:26	899	899	902	901
2021-10-02T19:06:56	900	899	902	902
2021-10-02T19:07:26	899	899	902	902
2021-10-02T19:07:56	901	899	902	902
2021-10-02T19:08:26	899	899	903	902
2021-10-02T19:08:56	901	899	903	902
2021-10-02T19:09:26	899	899	902	901
2021-10-02T19:09:56	899	899	902	902
2021-10-02T19:10:26	899	899	903	902
2021-10-02T19:10:56	899	899	903	902
2021-10-02T19:11:26	900	899	902	902
2021-10-02T19:11:56	900	899	902	901
2021-10-02T19:12:26	901	899	902	901
2021-10-02T19:12:56	899	899	902	902
2021-10-02T19:13:26	900	900	903	902
2021-10-02T19:13:56	899	900	903	902
2021-10-02T19:14:26	901	899	902	902
2021-10-02T19:14:56	900	899	902	902
2021-10-02T19:15:26	898	899	902	902
2021-10-02T19:15:56	900	899	902	903
2021-10-02T19:16:26	899	899	902	902
2021-10-02T19:16:56	901	899	903	901
2021-10-02T19:17:26	900	899	903	902
2021-10-02T19:17:56	899	899	903	902
2021-10-02T19:18:26	900	899	902	902
2021-10-02T19:18:56	898	899	902	902
2021-10-02T19:19:26	900	899	902	903
2021-10-02T19:19:56	898	899	902	902
2021-10-02T19:20:26	901	899	903	903
2021-10-02T19:20:56	899	899	903	902
2021-10-02T19:21:26	901	899	902	902
2021-10-02T19:21:56	899	899	902	902
2021-10-02T19:22:26	898	900	902	902
2021-10-02T19:22:56	900	899	903	902
2021-10-02T19:23:26	899	899	902	902
2021-10-02T19:23:56	900	898	901	902
2021-10-02T19:24:26	899	899	902	902
2021-10-02T19:24:56	900	899	903	902
2021-10-02T19:25:26	899	899	903	902
2021-10-02T19:25:56	900	899	902	902
2021-10-02T19:26:26	899	899	902	902
2021-10-02T19:26:56	899	899	902	902
2021-10-02T19:27:26	900	899	903	902
2021-10-02T19:27:56	901	899	902	902
2021-10-02T19:28:26	899	899	901	902
2021-10-02T19:28:56	898	900	902	902
2021-10-02T19:29:26	900	899	902	902
2021-10-02T19:29:56	899	900	902	902
2021-10-02T19:30:26	900	900	902	902
2021-10-02T19:30:56	899	900	903	902
2021-10-02T19:31:26	900	899	902	902
2021-10-02T19:31:56	899	899	902	902
2021-10-02T19:32:26	900	899	902	902
2021-10-02T19:32:56	899	899	902	902
2021-10-02T19:33:26	900	899	903	902
2021-10-02T19:33:56	899	899	903	902
2021-10-02T19:34:26	900	899	903	902
2021-10-02T19:34:56	899	899	902	902
2021-10-02T19:35:26	812	876	877	896
2021-10-02T19:35:56	733	789	793	877
2021-10-02T19:36:26	609	691	737	837
2021-10-02T19:36:56	520	615	631	766
2021-10-02T19:37:26	489	530	582	698
2021-10-02T19:37:56	447	480	550	646
2021-10-02T19:38:26	418	446	519	619
2021-10-02T19:38:56	394	422	504	587
2021-10-02T19:39:26	377	408	488	561
2021-10-02T19:39:56	366	391	470	538
2021-10-02T19:40:26	351	374	452	515
2021-10-02T19:40:56	337	356	435	493
2021-10-02T19:41:26	324	342	419	480
2021-10-02T19:41:56	314	331	415	461
2021-10-02T19:42:26	304	323	402	444
2021-10-02T19:42:56	298	313	391	428
2021-10-02T19:43:26	289	304	379	412
2021-10-02T19:43:56	279	297	370	399
2021-10-02T19:44:26	269	289	364	390
2021-10-02T19:44:56	263	286	358	379
2021-10-02T19:45:26	258	281	351	369
2021-10-02T19:45:56	254	273	341	359
2021-10-02T19:46:26	247	266	335	349
2021-10-02T19:46:56	241	260	327	342
2021-10-02T19:47:26	236	254	323	333
