time	T1	T2	T3	T4
2021-08-15T09:17:51	21	-100	23	24
2021-08-15T09:18:21	21	-100	23	23
2021-08-15T09:18:51	21	-100	23	23
2021-08-15T09:23:02	21	-100	-100	-100
2021-08-15T09:23:32	21	-100	23	22
2021-08-15T09:24:02	21	-100	23	22
2021-08-15T09:24:32	23	-100	23	22
2021-08-15T09:25:02	22	-100	24	22
2021-08-15T09:25:32	22	-100	24	22
2021-08-15T09:26:02	22	-100	25	22
2021-08-15T09:28:29	22	26	-100	-100
2021-08-15T09:28:59	22	26	25	24
2021-08-15T09:29:29	23	26	25	24
2021-08-15T09:29:59	26	29	27	25
2021-08-15T09:30:29	29	32	29	24
2021-08-15T09:30:59	31	33	30	25
2021-08-15T09:31:29	32	34	30	27
2021-08-15T09:31:59	33	35	30	28
2021-08-15T09:32:29	34	35	31	29
2021-08-15T09:32:59	35	37	33	31
2021-08-15T09:33:29	39	42	36	32
2021-08-15T09:33:59	40	42	37	34
2021-08-15T09:34:29	40	43	37	36
2021-08-15T09:34:59	41	43	37	38
2021-08-15T09:35:29	41	43	37	39
2021-08-15T09:35:59	43	46	40	40
2021-08-15T09:36:29	45	49	42	42
2021-08-15T09:36:59	46	49	42	44
2021-08-15T09:37:29	46	49	42	45
2021-08-15T09:37:59	46	49	42	46
2021-08-15T09:38:29	50	54	47	48
2021-08-15T09:38:59	50	55	47	50
2021-08-15T09:39:29	50	55	47	51
2021-08-15T09:39:59	51	55	47	52
2021-08-15T09:40:29	53	58	50	53
2021-08-15T09:40:59	54	58	50	55
2021-08-15T09:41:29	53	58	50	56
2021-08-15T09:41:59	56	61	53	57
2021-08-15T09:42:29	57	63	54	58
2021-08-15T09:42:59	57	63	54	60
2021-08-15T09:43:29	59	65	54	60
2021-08-15T09:43:59	61	67	58	62
2021-08-15T09:44:29	61	68	58	63
2021-08-15T09:44:59	62	69	60	64
2021-08-15T09:45:29	62	70	60	65
2021-08-15T09:45:59	64	70	60	67
2021-08-15T09:46:29	64	72	63	68
2021-08-15T09:46:59	67	74	64	69
2021-08-15T09:47:29	67	73	63	70
2021-08-15T09:47:59	69	75	66	71
2021-08-15T09:48:29	68	76	66	72
2021-08-15T09:48:59	68	76	66	73
2021-08-15T09:49:29	71	80	70	74
2021-08-15T09:49:59	71	80	70	75
2021-08-15T09:50:29	71	80	70	76
2021-08-15T09:50:59	73	83	72	77
2021-08-15T09:51:29	73	82	73	78
2021-08-15T09:51:59	74	84	75	79
2021-08-15T09:52:29	76	85	75	80
2021-08-15T09:52:59	76	86	76	81
2021-08-15T09:53:29	76	85	77	82
2021-08-15T09:53:59	78	88	79	83
2021-08-15T09:54:29	78	89	79	84
2021-08-15T09:54:59	80	92	81	85
2021-08-15T09:55:29	80	90	81	86
2021-08-15T09:55:59	82	94	84	86
2021-08-15T09:56:29	83	95	85	88
2021-08-15T09:56:59	83	94	85	88
2021-08-15T09:57:29	84	96	86	89
2021-08-15T09:57:59	85	98	87	90
2021-08-15T09:58:29	86	98	88	91
2021-08-15T09:58:59	87	100	91	92
2021-08-15T09:59:29	88	100	90	93
2021-08-15T09:59:59	89	101	91	94
2021-08-15T10:00:29	93	105	94	95
2021-08-15T10:00:59	96	104	93	96
2021-08-15T10:01:29	99	103	93	97
2021-08-15T10:01:59	103	107	97	98
2021-08-15T10:02:29	106	106	96	100
2021-08-15T10:02:59	110	108	99	100
2021-08-15T10:03:29	114	108	99	102
2021-08-15T10:03:59	115	109	101	103
2021-08-15T10:04:29	119	110	101	104
2021-08-15T10:04:59	123	111	103	106
2021-08-15T10:05:29	125	111	103	106
2021-08-15T10:05:59	128	113	105	108
2021-08-15T10:06:29	131	114	106	109
2021-08-15T10:06:59	132	115	106	111
2021-08-15T10:07:29	137	117	108	111
2021-08-15T10:07:59	138	116	108	112
2021-08-15T10:08:29	140	118	111	114
2021-08-15T10:08:59	145	119	111	114
2021-08-15T10:09:29	146	120	111	115
2021-08-15T10:09:59	148	120	113	117
2021-08-15T10:10:29	151	122	114	117
2021-08-15T10:10:59	153	124	116	119
2021-08-15T10:11:29	156	124	117	120
2021-08-15T10:11:59	156	123	116	121
2021-08-15T10:12:29	160	127	121	122
2021-08-15T10:12:59	162	126	120	123
2021-08-15T10:13:29	164	127	120	124
2021-08-15T10:13:59	165	129	123	125
2021-08-15T10:14:29	166	129	123	126
2021-08-15T10:14:59	170	130	124	127
2021-08-15T10:15:29	170	132	127	128
2021-08-15T10:15:59	172	133	126	129
2021-08-15T10:16:29	173	135	127	129
2021-08-15T10:16:59	178	136	129	131
2021-08-15T10:17:29	177	135	129	132
2021-08-15T10:17:59	177	137	130	132
2021-08-15T10:18:29	178	137	131	133
2021-08-15T10:18:59	181	139	132	135
2021-08-15T10:19:29	183	141	135	136
2021-08-15T10:19:59	183	140	134	136
2021-08-15T10:20:29	183	142	137	137
2021-08-15T10:20:59	186	142	136	138
2021-08-15T10:21:29	189	146	139	139
2021-08-15T10:21:59	189	145	138	140
2021-08-15T10:22:29	192	147	141	141
2021-08-15T10:22:59	192	147	141	142
2021-08-15T10:23:29	195	149	144	143
2021-08-15T10:23:59	195	149	144	144
2021-08-15T10:24:29	195	151	145	146
2021-08-15T10:24:59	196	153	147	146
2021-08-15T10:25:29	195	153	146	147
2021-08-15T10:25:59	196	154	149	148
2021-08-15T10:26:29	198	154	149	149
2021-08-15T10:26:59	201	157	151	150
2021-08-15T10:27:29	201	156	151	151
2021-08-15T10:27:59	203	157	152	152
2021-08-15T10:28:29	203	160	155	152
2021-08-15T10:28:59	203	159	153	153
2021-08-15T10:29:29	204	160	156	154
2021-08-15T10:29:59	204	162	157	155
2021-08-15T10:30:29	207	162	158	156
2021-08-15T10:30:59	207	163	159	157
2021-08-15T10:31:29	208	163	159	158
2021-08-15T10:31:59	210	168	162	158
2021-08-15T10:32:29	209	167	161	159
2021-08-15T10:32:59	210	169	164	160
2021-08-15T10:33:29	210	168	164	161
2021-08-15T10:33:59	215	170	167	162
2021-08-15T10:34:29	214	170	165	163
2021-08-15T10:34:59	216	173	168	164
2021-08-15T10:35:29	215	173	169	164
2021-08-15T10:35:59	216	172	169	165
2021-08-15T10:36:29	218	176	172	166
2021-08-15T10:36:59	219	177	173	167
2021-08-15T10:37:29	220	176	171	167
2021-08-15T10:37:59	222	179	175	168
2021-08-15T10:38:29	220	178	174	169
2021-08-15T10:38:59	223	182	177	169
2021-08-15T10:39:29	224	180	176	170
2021-08-15T10:39:59	224	182	179	171
2021-08-15T10:40:29	226	183	181	171
2021-08-15T10:40:59	226	184	181	172
2021-08-15T10:41:29	226	184	181	173
2021-08-15T10:41:59	226	186	182	173
2021-08-15T10:42:29	228	188	185	174
2021-08-15T10:42:59	231	186	184	175
2021-08-15T10:43:29	233	190	186	175
2021-08-15T10:43:59	231	189	185	176
2021-08-15T10:44:29	230	191	188	177
2021-08-15T10:44:59	231	191	188	178
2021-08-15T10:45:29	232	193	190	178
2021-08-15T10:45:59	234	195	191	179
2021-08-15T10:46:29	234	195	193	180
2021-08-15T10:46:59	235	195	193	181
2021-08-15T10:47:29	236	197	194	181
2021-08-15T10:47:59	238	198	197	182
2021-08-15T10:48:29	237	197	195	183
2021-08-15T10:48:59	241	201	199	184
2021-08-15T10:49:29	239	200	198	185
2021-08-15T10:49:59	240	203	200	185
2021-08-15T10:50:29	242	203	202	186
2021-08-15T10:50:59	243	203	201	187
2021-08-15T10:51:29	245	205	204	188
2021-08-15T10:51:59	245	206	206	190
2021-08-15T10:52:29	244	205	204	191
2021-08-15T10:52:59	248	210	207	191
2021-08-15T10:53:29	247	209	208	192
2021-08-15T10:53:59	247	210	209	193
2021-08-15T10:54:29	249	211	210	194
2021-08-15T10:54:59	251	213	212	195
2021-08-15T10:55:29	250	214	211	197
2021-08-15T10:55:59	251	214	213	198
2021-08-15T10:56:29	252	213	211	198
2021-08-15T10:56:59	254	217	216	199
2021-08-15T10:57:29	253	216	215	200
2021-08-15T10:57:59	254	218	218	201
2021-08-15T10:58:29	254	217	217	202
2021-08-15T10:58:59	256	221	221	203
2021-08-15T10:59:29	257	220	220	204
2021-08-15T10:59:59	251	221	221	205
2021-08-15T11:00:29	248	223	223	206
2021-08-15T11:00:59	243	223	224	205
2021-08-15T11:01:29	239	226	224	205
2021-08-15T11:01:59	237	228	227	205
2021-08-15T11:02:29	234	229	227	204
2021-08-15T11:02:59	230	229	228	204
2021-08-15T11:03:29	230	231	229	203
2021-08-15T11:03:59	228	231	229	203
2021-08-15T11:04:29	230	233	232	203
2021-08-15T11:04:59	234	235	233	203
2021-08-15T11:05:29	238	236	235	203
2021-08-15T11:05:59	241	233	233	204
2021-08-15T11:06:29	246	237	237	205
2021-08-15T11:06:59	248	236	236	206
2021-08-15T11:07:29	251	239	239	207
2021-08-15T11:07:59	253	237	239	209
2021-08-15T11:08:29	257	240	241	210
2021-08-15T11:08:59	258	239	241	212
2021-08-15T11:09:29	260	240	242	214
2021-08-15T11:09:59	262	242	245	215
2021-08-15T11:10:29	263	242	244	216
2021-08-15T11:10:59	265	243	248	218
2021-08-15T11:11:29	269	243	246	220
2021-08-15T11:11:59	270	245	249	221
2021-08-15T11:12:29	271	243	247	223
2021-08-15T11:12:59	272	245	250	225
2021-08-15T11:13:29	274	246	252	226
2021-08-15T11:13:59	276	246	252	227
2021-08-15T11:14:29	278	248	255	228
2021-08-15T11:14:59	278	247	254	230
2021-08-15T11:15:29	281	250	257	231
2021-08-15T11:15:59	280	249	256	233
2021-08-15T11:16:29	283	251	258	234
2021-08-15T11:16:59	285	251	258	235
2021-08-15T11:17:29	286	252	261	237
2021-08-15T11:17:59	287	251	261	238
2021-08-15T11:18:29	287	253	260	240
2021-08-15T11:18:59	290	256	264	241
2021-08-15T11:19:29	291	256	265	242
2021-08-15T11:19:59	292	257	266	243
2021-08-15T11:20:29	293	257	267	244
2021-08-15T11:20:59	294	258	267	245
2021-08-15T11:21:29	295	259	270	247
2021-08-15T11:21:59	295	258	270	248
2021-08-15T11:22:29	296	260	271	249
2021-08-15T11:22:59	297	261	272	250
2021-08-15T11:23:29	297	262	274	251
2021-08-15T11:23:59	300	263	274	252
2021-08-15T11:24:29	300	262	274	253
2021-08-15T11:24:59	302	263	276	254
2021-08-15T11:25:29	303	266	279	256
2021-08-15T11:25:59	303	265	277	256
2021-08-15T11:26:29	304	268	280	258
2021-08-15T11:26:59	304	266	279	259
2021-08-15T11:27:29	307	271	284	259
2021-08-15T11:27:59	308	269	283	260
2021-08-15T11:28:29	308	270	284	261
2021-08-15T11:28:59	310	271	285	262
2021-08-15T11:29:29	310	271	286	263
2021-08-15T11:29:59	312	273	287	264
2021-08-15T11:30:29	312	275	289	265
2021-08-15T11:30:59	312	276	289	266
2021-08-15T11:31:29	314	277	291	267
2021-08-15T11:31:59	314	278	290	269
2021-08-15T11:32:29	316	279	293	270
2021-08-15T11:32:59	318	279	294	270
2021-08-15T11:33:29	317	280	295	272
2021-08-15T11:33:59	318	280	295	273
2021-08-15T11:34:29	319	282	297	274
2021-08-15T11:34:59	320	282	297	275
2021-08-15T11:35:29	322	286	302	276
2021-08-15T11:35:59	321	283	298	278
2021-08-15T11:36:29	324	286	303	279
2021-08-15T11:36:59	325	285	302	279
2021-08-15T11:37:29	325	287	304	280
2021-08-15T11:37:59	326	286	303	281
2021-08-15T11:38:29	327	289	305	282
2021-08-15T11:38:59	327	289	306	283
2021-08-15T11:39:29	328	290	307	284
2021-08-15T11:39:59	329	291	309	285
2021-08-15T11:40:29	329	292	310	286
2021-08-15T11:40:59	331	293	310	287
2021-08-15T11:41:29	332	295	313	288
2021-08-15T11:41:59	332	295	313	289
2021-08-15T11:42:29	333	296	315	290
2021-08-15T11:42:59	335	298	317	291
2021-08-15T11:43:29	336	298	315	292
2021-08-15T11:43:59	335	300	318	293
2021-08-15T11:44:29	336	301	319	294
2021-08-15T11:44:59	336	302	320	295
2021-08-15T11:45:29	339	303	321	297
2021-08-15T11:45:59	339	302	322	297
2021-08-15T11:46:29	341	304	323	298
2021-08-15T11:46:59	342	303	324	299
2021-08-15T11:47:29	342	304	324	300
2021-08-15T11:47:59	343	308	327	301
2021-08-15T11:48:29	344	306	327	302
2021-08-15T11:48:59	345	308	329	303
2021-08-15T11:49:29	346	308	329	304
2021-08-15T11:49:59	346	309	331	305
2021-08-15T11:50:29	348	312	331	306
2021-08-15T11:50:59	348	312	333	307
2021-08-15T11:51:29	350	313	334	308
2021-08-15T11:51:59	350	313	336	309
2021-08-15T11:52:29	351	315	337	310
2021-08-15T11:52:59	352	317	338	311
2021-08-15T11:53:29	353	318	339	312
2021-08-15T11:53:59	353	319	338	313
2021-08-15T11:54:29	355	320	341	314
2021-08-15T11:54:59	355	321	342	315
2021-08-15T11:55:29	355	322	342	315
2021-08-15T11:55:59	357	324	345	316
2021-08-15T11:56:29	358	323	344	318
2021-08-15T11:56:59	359	324	345	319
2021-08-15T11:57:29	360	327	347	320
2021-08-15T11:57:59	360	327	347	321
2021-08-15T11:58:29	361	329	350	322
2021-08-15T11:58:59	363	329	350	323
2021-08-15T11:59:29	364	329	352	324
2021-08-15T11:59:59	364	331	353	325
2021-08-15T12:00:29	365	331	354	326
2021-08-15T12:00:59	367	333	355	327
2021-08-15T12:01:29	367	334	354	328
2021-08-15T12:01:59	367	335	356	329
2021-08-15T12:02:29	369	337	359	330
2021-08-15T12:02:59	367	337	359	331
2021-08-15T12:03:29	371	337	359	332
2021-08-15T12:03:59	373	338	362	333
2021-08-15T12:04:29	372	338	361	334
2021-08-15T12:04:59	373	338	362	335
2021-08-15T12:05:29	372	341	364	337
2021-08-15T12:05:59	375	342	365	337
2021-08-15T12:06:29	376	344	367	338
2021-08-15T12:06:59	377	345	369	339
2021-08-15T12:07:29	377	345	368	340
2021-08-15T12:07:59	379	347	370	341
2021-08-15T12:08:29	379	349	371	342
2021-08-15T12:08:59	380	350	372	343
2021-08-15T12:09:29	381	350	372	345
2021-08-15T12:09:59	381	352	374	345
2021-08-15T12:10:29	383	352	375	346
2021-08-15T12:10:59	384	351	375	347
2021-08-15T12:11:29	384	352	376	348
2021-08-15T12:11:59	387	355	379	349
2021-08-15T12:12:29	386	356	380	350
2021-08-15T12:12:59	387	357	380	351
2021-08-15T12:13:29	388	359	383	352
2021-08-15T12:13:59	390	359	382	353
2021-08-15T12:14:29	390	361	385	354
2021-08-15T12:14:59	391	361	384	355
2021-08-15T12:15:29	391	361	385	356
2021-08-15T12:15:59	392	364	386	356
2021-08-15T12:16:29	394	366	389	357
2021-08-15T12:16:59	394	366	389	358
2021-08-15T12:17:29	394	367	390	359
2021-08-15T12:17:59	396	368	392	360
2021-08-15T12:18:29	396	369	392	361
2021-08-15T12:18:59	397	371	395	362
2021-08-15T12:19:29	398	369	394	364
2021-08-15T12:19:59	399	371	396	364
2021-08-15T12:20:29	400	373	397	365
2021-08-15T12:20:59	401	375	399	367
2021-08-15T12:21:29	401	374	399	367
2021-08-15T12:21:59	402	376	399	369
2021-08-15T12:22:29	404	377	401	369
2021-08-15T12:22:59	404	378	402	370
2021-08-15T12:23:29	404	379	403	371
2021-08-15T12:23:59	406	379	403	372
2021-08-15T12:24:29	407	381	407	373
2021-08-15T12:24:59	407	381	405	374
2021-08-15T12:25:29	409	383	408	375
2021-08-15T12:25:59	409	383	409	377
2021-08-15T12:26:29	411	384	410	377
2021-08-15T12:26:59	412	384	411	378
2021-08-15T12:27:29	411	384	411	380
2021-08-15T12:27:59	412	387	413	381
2021-08-15T12:28:29	414	388	414	382
2021-08-15T12:28:59	415	389	415	383
2021-08-15T12:29:29	416	389	417	384
2021-08-15T12:29:59	417	393	419	385
2021-08-15T12:30:29	417	391	418	386
2021-08-15T12:30:59	417	393	420	387
2021-08-15T12:31:29	419	395	422	388
2021-08-15T12:31:59	420	397	422	389
2021-08-15T12:32:29	420	396	421	391
2021-08-15T12:32:59	424	398	425	391
2021-08-15T12:33:29	424	397	423	393
2021-08-15T12:33:59	426	401	425	394
2021-08-15T12:34:29	427	400	427	396
2021-08-15T12:34:59	427	402	430	397
2021-08-15T12:35:29	427	402	428	398
2021-08-15T12:35:59	429	403	432	399
2021-08-15T12:36:29	430	404	431	400
2021-08-15T12:36:59	431	405	432	401
2021-08-15T12:37:29	433	405	431	402
2021-08-15T12:37:59	433	407	434	403
2021-08-15T12:38:29	434	407	436	404
2021-08-15T12:38:59	436	410	437	405
2021-08-15T12:39:29	438	412	439	406
2021-08-15T12:39:59	438	411	439	408
2021-08-15T12:40:29	439	412	441	409
2021-08-15T12:40:59	440	413	442	410
2021-08-15T12:41:29	442	415	444	412
2021-08-15T12:41:59	442	414	442	412
2021-08-15T12:42:29	443	414	444	413
2021-08-15T12:42:59	443	418	446	415
2021-08-15T12:43:29	444	419	446	416
2021-08-15T12:43:59	447	420	449	417
2021-08-15T12:44:29	449	421	449	418
2021-08-15T12:44:59	450	422	450	419
2021-08-15T12:45:29	449	421	450	420
2021-08-15T12:45:59	451	424	452	422
2021-08-15T12:46:29	451	425	454	423
2021-08-15T12:46:59	454	427	455	424
2021-08-15T12:47:29	454	426	454	425
2021-08-15T12:47:59	455	428	458	426
2021-08-15T12:48:29	455	427	458	427
2021-08-15T12:48:59	458	431	460	428
2021-08-15T12:49:29	459	431	460	430
2021-08-15T12:49:59	459	431	461	431
2021-08-15T12:50:29	460	432	461	432
2021-08-15T12:50:59	463	435	463	433
2021-08-15T12:51:29	463	433	463	434
2021-08-15T12:51:59	464	436	465	436
2021-08-15T12:52:29	465	438	466	436
2021-08-15T12:52:59	467	439	466	438
2021-08-15T12:53:29	467	439	468	439
2021-08-15T12:53:59	468	441	470	441
2021-08-15T12:54:29	469	440	470	442
2021-08-15T12:54:59	470	441	471	443
2021-08-15T12:55:29	473	441	471	444
2021-08-15T12:55:59	472	444	474	444
2021-08-15T12:56:29	472	446	475	446
2021-08-15T12:56:59	474	447	476	447
2021-08-15T12:57:29	475	448	478	448
2021-08-15T12:57:59	477	447	478	449
2021-08-15T12:58:29	479	448	480	451
2021-08-15T12:58:59	480	450	481	452
2021-08-15T12:59:29	479	450	482	453
2021-08-15T12:59:59	483	454	483	454
2021-08-15T13:00:29	481	453	482	456
2021-08-15T13:00:59	485	455	485	457
2021-08-15T13:01:29	485	456	487	458
2021-08-15T13:01:59	486	455	486	459
2021-08-15T13:02:29	486	456	487	460
2021-08-15T13:02:59	489	458	489	461
2021-08-15T13:03:29	487	460	490	463
2021-08-15T13:03:59	491	459	491	464
2021-08-15T13:04:29	491	460	492	465
2021-08-15T13:04:59	491	462	492	466
2021-08-15T13:05:29	494	462	495	467
2021-08-15T13:05:59	494	464	497	468
2021-08-15T13:06:29	496	466	497	469
2021-08-15T13:06:59	496	465	497	471
2021-08-15T13:07:29	498	467	498	472
2021-08-15T13:07:59	499	467	501	473
2021-08-15T13:08:29	499	469	501	474
2021-08-15T13:08:59	503	471	503	475
2021-08-15T13:09:29	502	471	502	476
2021-08-15T13:09:59	502	472	503	477
2021-08-15T13:10:29	505	473	506	479
2021-08-15T13:10:59	504	474	506	480
2021-08-15T13:11:29	506	475	509	482
2021-08-15T13:11:59	506	477	508	482
2021-08-15T13:12:29	510	478	510	483
2021-08-15T13:12:59	510	478	511	486
2021-08-15T13:13:29	510	479	513	486
2021-08-15T13:13:59	511	480	512	487
2021-08-15T13:14:29	513	481	514	489
2021-08-15T13:14:59	514	482	515	489
2021-08-15T13:15:29	515	483	516	491
2021-08-15T13:15:59	517	484	517	492
2021-08-15T13:16:29	516	484	518	493
2021-08-15T13:16:59	518	485	518	494
2021-08-15T13:17:29	518	486	519	496
2021-08-15T13:17:59	521	487	520	497
2021-08-15T13:18:29	522	487	522	497
2021-08-15T13:18:59	522	489	523	499
2021-08-15T13:19:29	523	490	523	500
2021-08-15T13:19:59	524	491	525	501
2021-08-15T13:20:29	526	493	526	502
2021-08-15T13:20:59	526	494	527	503
2021-08-15T13:21:29	528	495	528	504
2021-08-15T13:21:59	529	495	529	505
2021-08-15T13:22:29	531	495	531	507
2021-08-15T13:22:59	529	497	531	508
2021-08-15T13:23:29	533	498	532	509
2021-08-15T13:23:59	532	499	532	510
2021-08-15T13:24:29	535	499	534	510
2021-08-15T13:24:59	536	500	535	512
2021-08-15T13:25:29	536	501	535	513
2021-08-15T13:25:59	538	502	537	514
2021-08-15T13:26:29	537	503	537	515
2021-08-15T13:26:59	540	504	539	517
2021-08-15T13:27:29	538	504	539	518
2021-08-15T13:27:59	543	506	541	518
2021-08-15T13:28:29	543	506	540	520
2021-08-15T13:28:59	544	508	543	521
2021-08-15T13:29:29	545	507	543	522
2021-08-15T13:29:59	546	509	544	523
2021-08-15T13:30:29	547	509	545	525
2021-08-15T13:30:59	547	511	545	526
2021-08-15T13:31:29	550	512	547	527
2021-08-15T13:31:59	550	513	548	529
2021-08-15T13:32:29	550	514	549	529
2021-08-15T13:32:59	553	515	551	532
2021-08-15T13:33:29	556	516	551	533
2021-08-15T13:33:59	554	516	552	533
2021-08-15T13:34:29	556	516	554	534
2021-08-15T13:34:59	558	518	553	536
2021-08-15T13:35:29	558	518	554	536
2021-08-15T13:35:59	560	520	555	537
2021-08-15T13:36:29	561	521	556	539
2021-08-15T13:36:59	562	522	558	540
2021-08-15T13:37:29	563	522	558	541
2021-08-15T13:37:59	563	523	560	543
2021-08-15T13:38:29	565	525	561	544
2021-08-15T13:38:59	567	525	561	545
2021-08-15T13:39:29	567	526	562	546
2021-08-15T13:39:59	568	526	564	547
2021-08-15T13:40:29	568	528	562	548
2021-08-15T13:40:59	571	529	564	549
2021-08-15T13:41:29	571	529	565	550
2021-08-15T13:41:59	573	530	568	551
2021-08-15T13:42:29	574	531	568	552
2021-08-15T13:42:59	575	532	569	554
2021-08-15T13:43:29	576	534	569	555
2021-08-15T13:43:59	578	535	570	557
2021-08-15T13:44:29	576	534	571	558
2021-08-15T13:44:59	579	536	572	558
2021-08-15T13:45:29	581	537	573	560
2021-08-15T13:45:59	579	537	574	561
2021-08-15T13:46:29	582	538	576	563
2021-08-15T13:46:59	584	539	577	563
2021-08-15T13:47:29	585	540	577	564
2021-08-15T13:47:59	585	541	579	565
2021-08-15T13:48:29	585	542	580	567
2021-08-15T13:48:59	589	544	581	569
2021-08-15T13:49:29	589	543	583	569
2021-08-15T13:49:59	589	544	583	571
2021-08-15T13:50:29	591	545	584	572
2021-08-15T13:50:59	592	547	586	573
2021-08-15T13:51:29	592	547	585	574
2021-08-15T13:51:59	594	549	587	575
2021-08-15T13:52:29	595	550	588	576
2021-08-15T13:52:59	598	550	588	577
2021-08-15T13:53:29	597	551	590	579
2021-08-15T13:53:59	599	552	591	579
2021-08-15T13:54:29	599	552	591	580
2021-08-15T13:54:59	600	554	593	583
2021-08-15T13:55:29	602	554	595	584
2021-08-15T13:55:59	603	555	595	584
2021-08-15T13:56:29	606	556	595	586
2021-08-15T13:56:59	604	556	596	587
2021-08-15T13:57:29	607	558	597	588
2021-08-15T13:57:59	606	558	599	589
2021-08-15T13:58:29	608	560	599	589
2021-08-15T13:58:59	610	561	601	591
2021-08-15T13:59:29	608	561	601	591
2021-08-15T13:59:59	611	563	601	593
2021-08-15T14:00:29	613	563	603	595
2021-08-15T14:00:59	613	564	604	596
2021-08-15T14:01:29	613	566	606	597
2021-08-15T14:01:59	615	566	606	598
2021-08-15T14:02:29	617	567	605	599
2021-08-15T14:02:59	618	568	607	600
2021-08-15T14:03:29	618	569	609	602
2021-08-15T14:03:59	621	570	610	603
2021-08-15T14:04:29	622	570	612	604
2021-08-15T14:04:59	622	571	611	605
2021-08-15T14:05:29	623	572	612	606
2021-08-15T14:05:59	626	573	614	608
2021-08-15T14:06:29	626	574	614	610
2021-08-15T14:06:59	626	575	615	609
2021-08-15T14:07:29	627	575	617	611
2021-08-15T14:07:59	630	577	618	611
2021-08-15T14:08:29	629	577	618	613
2021-08-15T14:08:59	632	578	619	614
2021-08-15T14:09:29	631	579	621	615
2021-08-15T14:09:59	633	580	623	617
2021-08-15T14:10:29	635	581	623	618
2021-08-15T14:10:59	635	582	624	619
2021-08-15T14:11:29	636	583	624	621
2021-08-15T14:11:59	639	584	626	621
2021-08-15T14:12:29	639	585	627	623
2021-08-15T14:12:59	640	586	629	623
2021-08-15T14:13:29	642	586	629	624
2021-08-15T14:13:59	643	588	630	625
2021-08-15T14:14:29	644	589	631	627
2021-08-15T14:14:59	645	589	632	628
2021-08-15T14:15:29	645	591	632	629
2021-08-15T14:15:59	648	593	633	630
2021-08-15T14:16:29	648	593	634	631
2021-08-15T14:16:59	648	594	635	633
2021-08-15T14:17:29	651	595	636	634
2021-08-15T14:17:59	651	596	637	634
2021-08-15T14:18:29	650	596	637	635
2021-08-15T14:18:59	654	597	637	637
2021-08-15T14:19:29	655	598	639	637
2021-08-15T14:19:59	655	599	641	639
2021-08-15T14:20:29	657	600	641	639
2021-08-15T14:20:59	658	601	642	641
2021-08-15T14:21:29	659	601	643	643
2021-08-15T14:21:59	660	603	644	643
2021-08-15T14:22:29	660	603	644	643
2021-08-15T14:22:59	662	604	646	645
2021-08-15T14:23:29	661	606	646	645
2021-08-15T14:23:59	664	607	648	647
2021-08-15T14:24:29	663	607	648	649
2021-08-15T14:24:59	666	608	649	650
2021-08-15T14:25:29	667	610	650	651
2021-08-15T14:25:59	669	611	651	652
2021-08-15T14:26:29	670	611	653	653
2021-08-15T14:26:59	671	612	653	654
2021-08-15T14:27:29	671	613	654	654
2021-08-15T14:27:59	673	614	655	656
2021-08-15T14:28:29	673	615	656	658
2021-08-15T14:28:59	673	616	658	658
2021-08-15T14:29:29	676	618	658	661
2021-08-15T14:29:59	675	618	658	660
2021-08-15T14:30:29	677	619	660	662
2021-08-15T14:30:59	680	619	662	662
2021-08-15T14:31:29	679	621	662	664
2021-08-15T14:32:00	680	621	662	665
2021-08-15T14:32:30	682	622	664	665
2021-08-15T14:33:00	683	623	666	667
2021-08-15T14:33:30	685	624	667	669
2021-08-15T14:34:00	686	625	667	670
2021-08-15T14:34:30	686	626	668	670
2021-08-15T14:35:00	689	627	669	671
2021-08-15T14:35:30	689	629	671	672
2021-08-15T14:36:00	689	630	672	674
2021-08-15T14:36:30	691	629	672	674
2021-08-15T14:37:00	692	630	672	677
2021-08-15T14:37:30	693	632	674	678
2021-08-15T14:38:00	694	633	675	679
2021-08-15T14:38:30	695	633	676	680
2021-08-15T14:39:00	697	634	676	680
2021-08-15T14:39:30	698	636	678	682
2021-08-15T14:40:00	698	636	677	683
2021-08-15T14:40:30	700	638	680	685
2021-08-15T14:41:00	702	639	681	686
2021-08-15T14:41:30	703	639	681	685
2021-08-15T14:42:00	702	640	682	685
2021-08-15T14:42:30	704	641	684	688
2021-08-15T14:43:00	705	642	684	687
2021-08-15T14:43:30	706	643	685	691
2021-08-15T14:44:00	707	644	686	692
2021-08-15T14:44:30	710	646	687	693
2021-08-15T14:45:00	709	645	687	694
2021-08-15T14:45:30	709	646	688	695
2021-08-15T14:46:00	711	648	689	695
2021-08-15T14:46:30	713	649	691	697
2021-08-15T14:47:00	713	649	691	698
2021-08-15T14:47:30	715	650	691	699
2021-08-15T14:48:00	716	651	693	700
2021-08-15T14:48:30	717	653	694	700
2021-08-15T14:49:00	719	653	694	701
2021-08-15T14:49:30	719	654	695	703
2021-08-15T14:50:00	719	654	696	704
2021-08-15T14:50:30	722	655	697	705
2021-08-15T14:51:00	721	656	697	706
2021-08-15T14:51:30	724	658	699	707
2021-08-15T14:52:00	723	658	699	708
2021-08-15T14:52:30	726	659	701	709
2021-08-15T14:53:00	726	661	702	710
2021-08-15T14:53:30	729	662	702	711
2021-08-15T14:54:00	729	661	703	712
2021-08-15T14:54:30	730	663	704	713
2021-08-15T14:55:00	730	663	705	715
2021-08-15T14:55:30	734	664	706	716
2021-08-15T14:56:00	734	666	707	717
2021-08-15T14:56:30	733	667	709	717
2021-08-15T14:57:00	736	668	709	719
2021-08-15T14:57:30	737	669	710	720
2021-08-15T14:58:00	736	670	711	721
2021-08-15T14:58:30	738	671	712	722
2021-08-15T14:59:00	740	672	713	723
2021-08-15T14:59:30	740	673	714	724
2021-08-15T15:00:00	742	674	715	725
2021-08-15T15:00:30	743	675	716	726
2021-08-15T15:01:00	744	676	717	728
2021-08-15T15:01:30	745	676	718	728
2021-08-15T15:02:00	746	678	719	729
2021-08-15T15:02:30	747	679	720	731
2021-08-15T15:03:00	747	680	720	732
2021-08-15T15:03:30	750	681	721	733
2021-08-15T15:04:00	750	681	721	734
2021-08-15T15:04:30	752	682	723	735
2021-08-15T15:05:00	752	683	724	736
2021-08-15T15:05:30	753	684	725	737
2021-08-15T15:06:00	754	685	724	738
2021-08-15T15:06:30	756	686	725	740
2021-08-15T15:07:00	757	687	728	740
2021-08-15T15:07:30	757	688	728	742
2021-08-15T15:08:00	759	688	729	744
2021-08-15T15:08:30	758	689	729	745
2021-08-15T15:09:00	762	690	731	745
2021-08-15T15:09:30	763	691	731	745
2021-08-15T15:10:00	763	692	732	747
2021-08-15T15:10:30	766	693	733	749
2021-08-15T15:11:00	766	694	734	750
2021-08-15T15:11:30	767	694	735	751
2021-08-15T15:12:00	768	695	735	752
2021-08-15T15:12:30	770	696	736	753
2021-08-15T15:13:00	769	698	738	754
2021-08-15T15:13:30	771	697	738	754
2021-08-15T15:14:00	773	699	739	754
2021-08-15T15:14:30	773	700	740	756
2021-08-15T15:15:00	774	700	740	757
2021-08-15T15:15:30	775	702	742	758
2021-08-15T15:16:00	777	703	742	758
2021-08-15T15:16:30	776	703	743	760
2021-08-15T15:17:00	778	703	744	761
2021-08-15T15:17:30	780	705	745	762
2021-08-15T15:18:00	781	706	746	764
2021-08-15T15:18:30	782	706	747	765
2021-08-15T15:19:00	784	708	748	765
2021-08-15T15:19:30	783	709	748	767
2021-08-15T15:20:00	784	709	750	768
2021-08-15T15:20:30	786	711	750	769
2021-08-15T15:21:00	787	711	751	769
2021-08-15T15:21:30	789	712	752	770
2021-08-15T15:22:00	789	713	752	772
2021-08-15T15:22:30	789	714	753	773
2021-08-15T15:23:00	791	715	754	774
2021-08-15T15:23:30	791	716	755	775
2021-08-15T15:24:00	793	717	757	777
2021-08-15T15:24:30	793	718	757	776
2021-08-15T15:25:00	794	719	758	778
2021-08-15T15:25:30	796	719	760	779
2021-08-15T15:26:00	796	719	761	778
2021-08-15T15:26:30	797	721	760	780
2021-08-15T15:27:00	798	722	762	780
2021-08-15T15:27:30	798	723	762	782
2021-08-15T15:28:00	800	725	764	781
2021-08-15T15:28:30	800	724	764	782
2021-08-15T15:29:00	801	725	765	784
2021-08-15T15:29:30	802	725	765	783
2021-08-15T15:30:00	802	727	766	786
2021-08-15T15:30:30	803	728	768	786
2021-08-15T15:31:00	804	730	768	788
2021-08-15T15:31:30	804	730	769	789
2021-08-15T15:32:00	805	731	769	790
2021-08-15T15:32:30	806	732	770	790
2021-08-15T15:33:00	807	733	771	792
2021-08-15T15:33:30	808	734	772	792
2021-08-15T15:34:00	809	734	772	793
2021-08-15T15:34:30	809	735	773	794
2021-08-15T15:35:00	810	737	774	794
2021-08-15T15:35:30	810	737	774	794
2021-08-15T15:36:00	813	738	775	794
2021-08-15T15:36:30	814	739	775	796
2021-08-15T15:37:00	814	740	776	797
2021-08-15T15:37:30	815	740	777	797
2021-08-15T15:38:00	816	742	778	799
2021-08-15T15:38:30	815	742	778	799
2021-08-15T15:39:00	817	744	779	800
2021-08-15T15:39:30	817	745	780	799
2021-08-15T15:40:00	818	745	780	801
2021-08-15T15:40:30	818	745	781	801
2021-08-15T15:41:00	820	746	782	801
2021-08-15T15:41:30	819	747	782	803
2021-08-15T15:42:00	820	748	783	804
2021-08-15T15:42:30	822	748	784	804
2021-08-15T15:43:00	821	749	785	806
2021-08-15T15:43:30	822	750	785	806
2021-08-15T15:44:00	823	751	786	806
2021-08-15T15:44:30	824	752	786	808
2021-08-15T15:45:00	824	753	787	808
2021-08-15T15:45:30	825	753	788	809
2021-08-15T15:46:00	825	754	788	809
2021-08-15T15:46:30	828	754	789	810
2021-08-15T15:47:00	829	756	790	809
2021-08-15T15:47:30	830	756	790	811
2021-08-15T15:48:00	830	757	791	812
2021-08-15T15:48:30	831	758	792	812
2021-08-15T15:49:00	831	758	792	814
2021-08-15T15:49:30	833	760	793	814
2021-08-15T15:50:00	833	759	794	815
2021-08-15T15:50:30	833	760	794	816
2021-08-15T15:51:00	834	762	795	817
2021-08-15T15:51:30	834	762	796	817
2021-08-15T15:52:00	837	763	797	817
2021-08-15T15:52:30	837	764	797	818
2021-08-15T15:53:00	838	764	799	820
2021-08-15T15:53:30	838	765	800	820
2021-08-15T15:54:00	840	765	801	821
2021-08-15T15:54:30	840	766	801	823
2021-08-15T15:55:00	840	767	802	823
2021-08-15T15:55:30	841	768	803	823
2021-08-15T15:56:00	843	768	803	824
2021-08-15T15:56:30	844	769	805	824
2021-08-15T15:57:00	845	769	805	826
2021-08-15T15:57:30	845	770	806	827
2021-08-15T15:58:00	846	771	807	828
2021-08-15T15:58:30	847	772	808	829
2021-08-15T15:59:00	849	772	809	830
2021-08-15T15:59:30	849	773	810	832
2021-08-15T16:00:00	851	773	810	831
2021-08-15T16:00:30	851	774	811	833
2021-08-15T16:01:00	852	775	812	834
2021-08-15T16:01:30	853	776	813	835
2021-08-15T16:02:00	854	777	814	836
2021-08-15T16:02:30	855	777	814	836
2021-08-15T16:03:00	856	778	815	838
2021-08-15T16:03:30	857	779	816	839
2021-08-15T16:04:00	858	779	817	841
2021-08-15T16:04:30	858	780	817	841
2021-08-15T16:05:00	860	780	818	843
2021-08-15T16:05:30	859	781	819	843
2021-08-15T16:06:00	862	782	820	844
2021-08-15T16:06:30	863	782	821	845
2021-08-15T16:07:00	863	783	822	846
2021-08-15T16:07:30	865	784	823	848
2021-08-15T16:08:00	865	784	824	848
2021-08-15T16:08:30	866	785	824	849
2021-08-15T16:09:00	867	786	825	851
2021-08-15T16:09:30	868	786	826	851
2021-08-15T16:10:00	869	787	826	853
2021-08-15T16:10:30	870	788	827	854
2021-08-15T16:11:00	871	788	828	854
2021-08-15T16:11:30	872	788	830	856
2021-08-15T16:12:00	873	789	830	857
2021-08-15T16:12:30	873	790	830	857
2021-08-15T16:13:00	875	790	832	858
2021-08-15T16:13:30	875	792	833	860
2021-08-15T16:14:00	876	792	834	860
2021-08-15T16:14:30	878	792	835	861
2021-08-15T16:15:00	878	793	835	861
2021-08-15T16:15:30	880	794	836	863
2021-08-15T16:16:00	881	795	838	864
2021-08-15T16:16:30	882	796	839	866
2021-08-15T16:17:00	882	796	840	867
2021-08-15T16:17:30	883	797	841	867
2021-08-15T16:18:00	884	798	842	869
2021-08-15T16:18:30	885	799	842	870
2021-08-15T16:19:00	886	799	843	870
2021-08-15T16:19:30	887	801	844	872
2021-08-15T16:20:00	888	801	845	873
2021-08-15T16:20:30	889	802	846	872
2021-08-15T16:21:00	890	803	846	875
2021-08-15T16:21:30	891	803	848	876
2021-08-15T16:22:00	892	805	848	875
2021-08-15T16:22:30	893	805	850	876
2021-08-15T16:23:00	893	807	851	878
2021-08-15T16:23:30	895	807	851	880
2021-08-15T16:24:00	896	809	852	880
2021-08-15T16:24:30	897	808	853	881
2021-08-15T16:25:00	898	810	854	881
2021-08-15T16:25:30	900	811	855	882
2021-08-15T16:26:00	900	811	856	884
2021-08-15T16:26:30	902	811	857	885
2021-08-15T16:27:00	902	813	858	887
2021-08-15T16:27:30	904	814	859	888
2021-08-15T16:28:00	905	815	860	888
2021-08-15T16:28:30	905	815	861	890
2021-08-15T16:29:00	906	817	861	892
2021-08-15T16:29:30	907	817	862	891
2021-08-15T16:30:00	909	818	864	891
2021-08-15T16:30:30	909	819	864	893
2021-08-15T16:31:00	911	820	865	895
2021-08-15T16:31:30	912	821	866	896
2021-08-15T16:32:00	913	821	868	896
2021-08-15T16:32:30	914	822	868	898
2021-08-15T16:33:00	914	823	869	898
2021-08-15T16:33:30	915	824	870	899
2021-08-15T16:34:00	917	825	871	900
2021-08-15T16:34:30	918	825	872	902
2021-08-15T16:35:00	920	827	873	903
2021-08-15T16:35:30	920	827	874	904
2021-08-15T16:36:00	922	829	875	905
2021-08-15T16:36:30	923	830	876	907
2021-08-15T16:37:00	924	831	877	908
2021-08-15T16:37:30	925	832	878	908
2021-08-15T16:38:00	927	833	879	909
2021-08-15T16:38:30	928	833	882	911
2021-08-15T16:39:00	920	834	882	910
2021-08-15T16:39:30	909	834	882	909
2021-08-15T16:40:00	902	834	882	903
2021-08-15T16:40:30	899	835	882	899
2021-08-15T16:41:00	899	835	882	896
2021-08-15T16:41:30	910	838	884	897
2021-08-15T16:42:00	917	838	885	901
2021-08-15T16:42:30	919	839	886	906
2021-08-15T16:43:00	922	840	887	909
2021-08-15T16:43:30	926	841	889	911
2021-08-15T16:44:00	929	842	889	915
2021-08-15T16:44:30	930	843	891	917
2021-08-15T16:45:00	932	844	892	918
2021-08-15T16:45:30	934	845	893	919
2021-08-15T16:46:00	935	846	894	920
2021-08-15T16:46:30	936	847	894	922
2021-08-15T16:47:00	938	848	896	924
2021-08-15T16:47:30	939	849	897	924
2021-08-15T16:48:00	940	850	898	927
2021-08-15T16:48:30	942	851	899	928
2021-08-15T16:49:00	942	852	900	928
2021-08-15T16:49:30	944	853	901	930
2021-08-15T16:50:00	946	855	902	932
2021-08-15T16:50:30	948	855	903	933
2021-08-15T16:51:00	949	857	905	935
2021-08-15T16:51:30	950	858	905	936
2021-08-15T16:52:00	950	859	907	937
2021-08-15T16:52:30	952	860	908	938
2021-08-15T16:53:00	953	861	909	938
2021-08-15T16:53:30	952	862	909	939
2021-08-15T16:54:00	954	863	911	940
2021-08-15T16:54:30	954	864	912	940
2021-08-15T16:55:00	953	865	913	942
2021-08-15T16:55:30	953	866	913	941
2021-08-15T16:56:00	953	866	915	943
2021-08-15T16:56:30	954	867	916	943
2021-08-15T16:57:00	954	869	917	944
2021-08-15T16:57:30	954	869	918	943
2021-08-15T16:58:00	954	870	919	943
2021-08-15T16:58:30	954	871	919	944
2021-08-15T16:59:00	953	872	920	944
2021-08-15T16:59:30	954	873	921	944
2021-08-15T17:00:00	953	874	922	946
2021-08-15T17:00:30	954	875	923	946
2021-08-15T17:01:00	954	876	924	946
2021-08-15T17:01:30	954	876	925	947
2021-08-15T17:02:00	955	878	926	946
2021-08-15T17:02:30	955	879	927	948
2021-08-15T17:03:00	955	880	928	948
2021-08-15T17:03:30	954	881	929	946
2021-08-15T17:04:00	954	882	930	946
2021-08-15T17:04:30	954	884	931	949
2021-08-15T17:05:00	955	885	931	947
2021-08-15T17:05:30	954	886	932	948
2021-08-15T17:06:00	953	886	933	949
2021-08-15T17:06:30	955	887	934	948
2021-08-15T17:07:00	955	888	934	950
2021-08-15T17:07:30	955	889	936	950
2021-08-15T17:08:00	954	891	936	949
2021-08-15T17:08:30	955	891	937	951
2021-08-15T17:09:00	953	892	937	950
2021-08-15T17:09:30	955	893	938	950
2021-08-15T17:10:00	954	894	939	950
2021-08-15T17:10:30	955	895	940	950
2021-08-15T17:11:00	954	895	940	951
2021-08-15T17:11:30	955	897	941	951
2021-08-15T17:12:00	954	898	942	952
2021-08-15T17:12:30	954	899	942	951
2021-08-15T17:13:00	955	900	943	952
2021-08-15T17:13:30	954	901	944	952
2021-08-15T17:14:00	954	902	945	952
2021-08-15T17:14:30	954	903	945	953
2021-08-15T17:15:00	954	904	946	953
2021-08-15T17:15:30	954	905	946	953
2021-08-15T17:16:00	955	906	947	954
2021-08-15T17:16:30	954	907	948	954
2021-08-15T17:17:00	956	907	948	955
2021-08-15T17:17:30	956	908	949	956
2021-08-15T17:18:00	956	910	950	956
2021-08-15T17:18:30	955	911	950	956
2021-08-15T17:19:00	956	911	951	957
2021-08-15T17:19:30	957	912	952	957
2021-08-15T17:20:00	957	913	952	958
2021-08-15T17:20:30	957	914	954	957
2021-08-15T17:21:00	957	915	954	959
2021-08-15T17:21:30	957	916	955	959
2021-08-15T17:22:00	958	917	956	960
2021-08-15T17:22:30	957	918	957	959
2021-08-15T17:23:00	958	918	956	961
2021-08-15T17:23:30	958	918	956	961
2021-08-15T17:24:00	958	919	956	961
2021-08-15T17:24:30	958	919	956	961
2021-08-15T17:25:00	958	920	957	960
2021-08-15T17:25:30	958	920	956	961
2021-08-15T17:26:00	959	920	955	961
2021-08-15T17:26:30	959	921	956	961
2021-08-15T17:27:00	960	921	956	961
2021-08-15T17:27:30	960	922	957	962
2021-08-15T17:28:00	960	922	957	963
2021-08-15T17:28:30	962	923	957	962
2021-08-15T17:29:00	961	923	956	963
2021-08-15T17:29:30	961	923	956	963
2021-08-15T17:30:00	962	924	957	963
2021-08-15T17:30:30	962	924	957	963
2021-08-15T17:31:00	962	926	957	963
2021-08-15T17:31:30	962	925	957	964
2021-08-15T17:32:00	963	927	958	964
2021-08-15T17:32:30	963	926	956	964
2021-08-15T17:33:00	963	926	956	964
2021-08-15T17:33:30	964	927	957	964
2021-08-15T17:34:00	964	928	956	965
2021-08-15T17:34:30	965	928	957	965
2021-08-15T17:35:00	965	930	957	965
2021-08-15T17:35:30	965	930	957	965
2021-08-15T17:36:00	965	929	956	966
2021-08-15T17:36:30	966	930	957	967
2021-08-15T17:37:00	966	931	956	966
2021-08-15T17:37:30	966	931	957	966
2021-08-15T17:38:00	967	932	957	966
2021-08-15T17:38:30	967	932	956	967
2021-08-15T17:39:00	967	932	957	967
2021-08-15T17:39:30	968	932	957	967
2021-08-15T17:40:00	968	932	956	967
2021-08-15T17:40:30	968	932	956	967
2021-08-15T17:41:00	968	933	957	967
2021-08-15T17:41:30	969	933	956	967
2021-08-15T17:42:00	969	934	957	967
2021-08-15T17:42:30	969	934	957	968
2021-08-15T17:43:00	969	933	958	968
2021-08-15T17:43:30	970	935	956	968
2021-08-15T17:44:00	970	933	957	968
2021-08-15T17:44:30	970	934	958	968
2021-08-15T17:45:00	970	935	958	968
2021-08-15T17:45:30	971	934	957	968
2021-08-15T17:46:00	971	933	957	968
2021-08-15T17:46:30	971	934	957	969
2021-08-15T17:47:00	971	933	957	969
2021-08-15T17:47:30	972	933	957	969
2021-08-15T17:48:00	972	934	957	969
2021-08-15T17:48:30	969	935	958	969
2021-08-15T17:49:00	965	936	957	968
2021-08-15T17:49:30	962	935	958	966
2021-08-15T17:50:00	959	936	957	965
2021-08-15T17:50:30	959	935	957	964
2021-08-15T17:51:00	957	936	957	963
2021-08-15T17:51:30	956	937	958	962
2021-08-15T17:52:00	956	937	957	962
2021-08-15T17:52:30	954	937	958	961
2021-08-15T17:53:00	954	938	957	961
2021-08-15T17:53:30	954	937	957	962
2021-08-15T17:54:00	958	937	957	964
2021-08-15T17:54:30	962	937	957	965
2021-08-15T17:55:00	964	937	957	966
2021-08-15T17:55:30	966	937	957	967
2021-08-15T17:56:00	966	937	957	967
2021-08-15T17:56:30	967	937	957	968
2021-08-15T17:57:00	968	937	957	968
2021-08-15T17:57:30	969	937	957	968
2021-08-15T17:58:00	970	938	957	969
2021-08-15T17:58:30	970	937	957	969
2021-08-15T17:59:00	972	938	957	969
2021-08-15T17:59:30	972	937	956	969
2021-08-15T18:00:00	972	937	957	970
2021-08-15T18:00:30	973	938	957	970
2021-08-15T18:01:00	973	938	958	970
2021-08-15T18:01:30	974	937	957	970
2021-08-15T18:02:00	974	938	957	970
2021-08-15T18:02:30	974	938	957	971
2021-08-15T18:03:00	975	939	958	971
2021-08-15T18:03:30	975	938	957	971
2021-08-15T18:04:00	976	939	958	971
2021-08-15T18:04:30	976	939	959	971
2021-08-15T18:05:00	976	938	957	971
2021-08-15T18:05:30	976	940	957	972
2021-08-15T18:06:00	977	940	958	972
2021-08-15T18:06:30	977	941	958	972
2021-08-15T18:07:00	978	940	958	972
2021-08-15T18:07:30	978	939	957	972
2021-08-15T18:08:00	978	940	958	972
2021-08-15T18:08:30	979	940	958	972
2021-08-15T18:09:00	979	939	957	973
2021-08-15T18:09:30	979	940	957	973
2021-08-15T18:10:00	979	940	957	973
2021-08-15T18:10:30	979	940	957	973
2021-08-15T18:11:00	980	941	957	973
2021-08-15T18:11:30	980	940	957	973
2021-08-15T18:12:00	975	941	957	972
2021-08-15T18:12:30	971	942	958	971
2021-08-15T18:13:00	969	942	959	969
2021-08-15T18:13:30	967	942	957	968
2021-08-15T18:14:00	965	942	958	967
2021-08-15T18:14:30	965	943	957	967
2021-08-15T18:15:00	964	942	957	966
2021-08-15T18:15:30	963	942	958	966
2021-08-15T18:16:00	962	942	958	965
2021-08-15T18:16:30	961	942	958	965
2021-08-15T18:17:00	961	942	957	964
2021-08-15T18:17:30	960	942	958	964
2021-08-15T18:18:00	960	943	958	964
2021-08-15T18:18:30	959	944	958	964
2021-08-15T18:19:00	959	944	958	963
2021-08-15T18:19:30	958	942	957	963
2021-08-15T18:20:00	958	942	957	963
2021-08-15T18:20:30	957	943	957	963
2021-08-15T18:21:00	957	943	957	962
2021-08-15T18:21:30	957	944	957	962
2021-08-15T18:22:00	956	945	958	962
2021-08-15T18:22:30	956	945	958	962
2021-08-15T18:23:00	956	944	957	961
2021-08-15T18:23:30	955	943	956	961
2021-08-15T18:24:00	955	944	956	962
2021-08-15T18:24:30	828	831	945	959
2021-08-15T18:25:00	805	827	855	928
2021-08-15T18:25:30	652	680	741	851
2021-08-15T18:26:00	564	567	660	769
2021-08-15T18:26:30	506	507	630	723
2021-08-15T18:27:00	485	481	595	671
2021-08-15T18:27:30	454	451	560	628
2021-08-15T18:28:00	428	433	535	599
2021-08-15T18:28:30	406	409	513	579
