time	T1	T2	T3	T4
2021-07-08T16:49:16	33	30	37	61
2021-07-08T16:49:46	33	30	37	61
2021-07-08T16:50:16	33	-100	37	-100
2021-07-08T16:50:46	33	-100	-100	-100
2021-07-08T16:51:16	-100	-100	-100	-100
2021-07-08T16:51:46	-100	-100	-100	-100
2021-07-08T16:52:16	-100	-100	-100	-100
2021-07-08T16:52:46	-100	-100	-100	-100
2021-07-08T16:53:16	-100	-100	-100	-100
2021-07-08T16:53:46	-100	-100	-100	-100
2021-07-08T16:54:16	-100	900	45	-100
2021-07-08T16:54:46	7	900	42	47
2021-07-08T16:55:16	7	44	48	60
2021-07-08T16:55:46	44	45	49	49
2021-07-08T16:56:16	45	45	50	59
2021-07-08T16:56:46	45	46	46	58
2021-07-08T16:58:55	48	49	-100	-100
2021-07-08T16:59:25	48	49	52	56
2021-07-08T16:59:55	48	50	52	56
2021-07-08T17:00:25	48	49	51	56
2021-07-08T17:00:55	54	53	58	55
2021-07-08T17:01:25	57	56	60	55
2021-07-08T17:01:55	58	56	61	56
2021-07-08T17:02:25	58	57	61	56
2021-07-08T17:02:55	58	57	61	56
2021-07-08T17:03:25	58	57	61	56
2021-07-08T17:03:55	59	57	61	56
2021-07-08T17:04:25	59	58	61	56
2021-07-08T17:04:55	60	59	61	56
2021-07-08T17:05:25	61	62	64	56
2021-07-08T17:05:55	62	64	66	56
2021-07-08T17:06:25	61	65	67	57
2021-07-08T17:06:55	62	65	67	57
2021-07-08T17:07:25	63	64	67	57
2021-07-08T17:07:55	64	65	67	58
2021-07-08T17:08:25	68	66	68	58
2021-07-08T17:08:55	69	67	69	59
2021-07-08T17:09:25	70	70	73	59
2021-07-08T17:09:55	71	71	74	60
2021-07-08T17:10:25	70	71	74	61
2021-07-08T17:10:55	71	71	74	61
2021-07-08T17:11:25	71	71	74	62
2021-07-08T17:11:55	71	72	74	63
2021-07-08T17:12:25	75	76	79	63
2021-07-08T17:12:55	76	77	80	64
2021-07-08T17:13:25	77	78	80	65
2021-07-08T17:13:55	77	78	80	66
2021-07-08T17:14:25	76	78	79	66
2021-07-08T17:14:55	77	79	83	67
2021-07-08T17:15:25	77	81	84	68
2021-07-08T17:15:55	78	80	84	68
2021-07-08T17:16:25	82	81	85	69
2021-07-08T17:16:55	84	83	85	70
2021-07-08T17:17:25	86	84	85	70
2021-07-08T17:17:55	87	85	88	71
2021-07-08T17:18:25	87	87	91	72
2021-07-08T17:18:55	88	88	92	73
2021-07-08T17:19:25	87	87	91	74
2021-07-08T17:19:55	87	88	91	74
2021-07-08T17:20:25	87	89	92	75
2021-07-08T17:20:55	91	92	96	76
2021-07-08T17:21:25	93	93	96	77
2021-07-08T17:21:55	93	93	95	77
2021-07-08T17:22:25	92	92	95	78
2021-07-08T17:22:55	92	93	97	78
2021-07-08T17:23:25	93	95	98	79
2021-07-08T17:23:55	94	96	99	80
2021-07-08T17:24:25	96	97	98	81
2021-07-08T17:24:55	98	100	103	81
2021-07-08T17:25:25	98	100	103	82
2021-07-08T17:25:55	97	99	102	83
2021-07-08T17:26:25	103	99	103	84
2021-07-08T17:26:55	105	101	103	85
2021-07-08T17:27:25	105	105	107	86
2021-07-08T17:27:55	106	105	109	86
2021-07-08T17:28:25	105	105	108	87
2021-07-08T17:28:55	105	105	107	88
2021-07-08T17:29:25	105	108	111	90
2021-07-08T17:29:55	106	108	112	90
2021-07-08T17:30:25	109	108	112	90
2021-07-08T17:30:55	111	109	112	91
2021-07-08T17:31:25	111	110	112	92
2021-07-08T17:31:55	112	113	114	92
2021-07-08T17:32:25	113	114	117	94
2021-07-08T17:32:55	113	114	117	95
2021-07-08T17:33:25	112	113	115	94
2021-07-08T17:33:55	115	116	119	95
2021-07-08T17:34:25	116	117	120	96
2021-07-08T17:34:55	116	117	119	96
2021-07-08T17:35:25	117	117	122	98
2021-07-08T17:35:55	119	120	123	98
2021-07-08T17:36:25	119	120	122	99
2021-07-08T17:36:55	119	120	122	99
2021-07-08T17:37:25	120	124	128	100
2021-07-08T17:37:55	121	124	128	101
2021-07-08T17:38:25	124	123	128	101
2021-07-08T17:38:55	126	123	127	103
2021-07-08T17:39:25	126	125	129	104
2021-07-08T17:39:55	126	126	130	105
2021-07-08T17:40:25	126	127	130	105
2021-07-08T17:40:55	130	130	133	105
2021-07-08T17:41:25	131	131	134	106
2021-07-08T17:41:55	130	130	133	107
2021-07-08T17:42:25	131	131	136	108
2021-07-08T17:42:55	130	132	136	109
2021-07-08T17:43:25	134	133	136	109
2021-07-08T17:43:55	135	135	136	110
2021-07-08T17:44:25	136	136	138	111
2021-07-08T17:44:55	135	136	138	112
2021-07-08T17:45:25	135	137	141	112
2021-07-08T17:45:55	138	138	141	114
2021-07-08T17:46:25	141	139	142	115
2021-07-08T17:46:55	142	141	144	116
2021-07-08T17:47:25	142	141	144	116
2021-07-08T17:47:55	141	141	143	117
2021-07-08T17:48:25	141	144	148	117
2021-07-08T17:48:55	143	144	148	117
2021-07-08T17:49:25	143	144	148	118
2021-07-08T17:49:55	144	144	147	119
2021-07-08T17:50:25	149	148	153	120
2021-07-08T17:50:55	149	148	152	121
2021-07-08T17:51:25	148	148	152	122
2021-07-08T17:51:55	148	149	153	122
2021-07-08T17:52:25	148	151	155	123
2021-07-08T17:52:55	153	151	155	124
2021-07-08T17:53:25	154	152	155	124
2021-07-08T17:53:55	155	154	156	126
2021-07-08T17:54:25	155	155	157	126
2021-07-08T17:54:55	154	156	159	128
2021-07-08T17:55:25	155	155	159	128
2021-07-08T17:55:55	158	157	161	130
2021-07-08T17:56:25	158	158	162	130
2021-07-08T17:56:55	157	157	161	130
2021-07-08T17:57:25	161	161	167	131
2021-07-08T17:57:55	163	162	166	132
2021-07-08T17:58:25	162	161	165	134
2021-07-08T17:58:55	161	160	165	133
2021-07-08T17:59:25	164	164	171	134
2021-07-08T17:59:55	166	166	169	135
2021-07-08T18:00:25	165	165	168	137
2021-07-08T18:00:55	165	166	169	137
2021-07-08T18:01:25	169	167	174	137
2021-07-08T18:01:55	169	169	174	139
2021-07-08T18:02:25	167	169	172	140
2021-07-08T18:02:55	172	169	174	141
2021-07-08T18:03:25	172	170	173	140
2021-07-08T18:03:55	172	172	177	142
2021-07-08T18:04:25	171	173	178	143
2021-07-08T18:04:55	175	173	177	143
2021-07-08T18:05:25	175	175	179	143
2021-07-08T18:05:55	174	175	179	145
2021-07-08T18:06:25	177	177	180	146
2021-07-08T18:06:55	179	179	181	147
2021-07-08T18:07:25	179	178	181	148
2021-07-08T18:07:55	179	181	185	149
2021-07-08T18:08:25	182	180	185	150
2021-07-08T18:08:55	182	181	184	149
2021-07-08T18:09:25	182	183	187	151
2021-07-08T18:09:55	183	184	186	152
2021-07-08T18:10:25	184	185	190	152
2021-07-08T18:10:55	184	186	190	153
2021-07-08T18:11:25	186	186	190	155
2021-07-08T18:11:55	189	189	192	155
2021-07-08T18:12:25	190	188	191	155
2021-07-08T18:12:55	189	190	194	157
2021-07-08T18:13:25	190	189	194	158
2021-07-08T18:13:55	193	189	194	158
2021-07-08T18:14:25	194	192	196	158
2021-07-08T18:14:55	192	192	196	159
2021-07-08T18:15:25	194	195	199	161
2021-07-08T18:15:55	198	195	200	161
2021-07-08T18:16:25	197	194	199	163
2021-07-08T18:16:55	197	196	201	164
2021-07-08T18:17:25	197	197	202	165
2021-07-08T18:17:55	200	197	201	164
2021-07-08T18:18:25	200	200	207	166
2021-07-08T18:18:55	199	200	206	167
2021-07-08T18:19:25	202	200	205	168
2021-07-08T18:19:55	202	203	208	168
2021-07-08T18:20:25	204	203	210	169
2021-07-08T18:20:55	203	204	208	170
2021-07-08T18:21:25	206	204	210	170
2021-07-08T18:21:55	208	206	211	172
2021-07-08T18:22:25	207	207	210	172
2021-07-08T18:22:55	206	209	213	174
2021-07-08T18:23:25	211	208	214	175
2021-07-08T18:23:55	212	209	215	175
2021-07-08T18:24:25	212	212	218	175
2021-07-08T18:24:55	212	212	217	176
2021-07-08T18:25:25	213	212	216	177
2021-07-08T18:25:55	217	215	220	178
2021-07-08T18:26:25	217	215	220	180
2021-07-08T18:26:55	216	214	219	180
2021-07-08T18:27:25	217	216	223	181
2021-07-08T18:27:55	219	217	222	183
2021-07-08T18:28:25	219	216	221	182
2021-07-08T18:28:55	219	219	226	183
2021-07-08T18:29:25	224	219	227	184
2021-07-08T18:29:55	223	219	225	185
2021-07-08T18:30:25	223	221	227	186
2021-07-08T18:30:55	221	221	226	188
2021-07-08T18:31:25	228	224	230	188
2021-07-08T18:31:55	229	225	230	188
2021-07-08T18:32:25	228	224	231	189
2021-07-08T18:32:55	227	225	231	190
2021-07-08T18:33:25	231	225	232	191
2021-07-08T18:33:55	231	226	232	192
2021-07-08T18:34:25	230	229	237	193
2021-07-08T18:34:55	232	231	237	193
2021-07-08T18:35:25	232	229	236	194
2021-07-08T18:35:55	235	230	238	195
2021-07-08T18:36:25	236	231	239	197
2021-07-08T18:36:55	235	231	237	198
2021-07-08T18:37:25	237	233	241	199
2021-07-08T18:37:55	238	233	240	199
2021-07-08T18:38:25	237	234	242	200
2021-07-08T18:38:55	240	235	242	201
2021-07-08T18:39:25	244	236	244	202
2021-07-08T18:39:55	242	237	243	203
2021-07-08T18:40:25	241	238	247	204
2021-07-08T18:40:55	243	238	247	205
2021-07-08T18:41:25	243	239	249	205
2021-07-08T18:41:55	247	241	249	206
2021-07-08T18:42:25	248	242	248	206
2021-07-08T18:42:55	246	243	252	207
2021-07-08T18:43:25	250	243	251	208
2021-07-08T18:43:55	251	244	252	209
2021-07-08T18:44:25	251	246	254	211
2021-07-08T18:44:55	249	246	255	211
2021-07-08T18:45:25	254	247	256	212
2021-07-08T18:45:55	253	247	255	212
2021-07-08T18:46:25	252	249	260	213
2021-07-08T18:46:55	256	250	260	214
2021-07-08T18:47:25	256	249	258	215
2021-07-08T18:47:55	255	251	262	217
2021-07-08T18:48:25	259	252	261	216
2021-07-08T18:48:55	259	252	263	218
2021-07-08T18:49:25	257	253	263	219
2021-07-08T18:49:55	260	254	264	219
2021-07-08T18:50:25	262	255	266	221
2021-07-08T18:50:55	262	256	265	222
2021-07-08T18:51:25	263	257	267	222
2021-07-08T18:51:55	264	257	267	223
2021-07-08T18:52:25	264	260	272	223
2021-07-08T18:52:55	266	259	270	225
2021-07-08T18:53:25	266	260	272	226
2021-07-08T18:53:55	269	261	273	226
2021-07-08T18:54:25	268	261	271	227
2021-07-08T18:54:55	271	262	275	228
2021-07-08T18:55:25	271	263	274	229
2021-07-08T18:55:55	271	264	277	230
2021-07-08T18:56:25	274	265	278	231
2021-07-08T18:56:55	273	264	276	231
2021-07-08T18:57:25	275	267	281	233
2021-07-08T18:57:55	274	267	278	234
2021-07-08T18:58:25	277	269	282	235
2021-07-08T18:58:55	276	269	280	234
2021-07-08T18:59:25	281	270	283	236
2021-07-08T18:59:55	281	270	282	237
2021-07-08T19:00:25	279	272	286	237
2021-07-08T19:00:55	283	273	286	239
2021-07-08T19:01:25	282	271	285	240
2021-07-08T19:01:55	282	275	289	240
2021-07-08T19:02:25	285	275	288	241
2021-07-08T19:02:55	284	276	288	242
2021-07-08T19:03:25	286	278	290	243
2021-07-08T19:03:55	287	278	292	243
2021-07-08T19:04:25	289	279	293	245
2021-07-08T19:04:55	288	279	291	245
2021-07-08T19:05:25	290	280	295	247
2021-07-08T19:05:55	291	280	294	248
2021-07-08T19:06:25	292	282	296	249
2021-07-08T19:06:55	293	282	295	249
2021-07-08T19:07:25	294	284	299	250
2021-07-08T19:07:55	296	285	298	252
2021-07-08T19:08:25	297	285	300	252
2021-07-08T19:08:55	296	285	299	254
2021-07-08T19:09:25	300	286	303	255
2021-07-08T19:09:55	297	286	302	255
2021-07-08T19:10:25	301	288	303	256
2021-07-08T19:10:55	299	290	305	257
2021-07-08T19:11:25	303	290	304	258
2021-07-08T19:11:55	303	291	304	260
2021-07-08T19:12:25	301	292	307	260
2021-07-08T19:12:55	306	293	309	261
2021-07-08T19:13:25	305	293	310	261
2021-07-08T19:13:55	305	293	309	262
2021-07-08T19:14:25	309	295	311	264
2021-07-08T19:14:55	307	295	312	265
2021-07-08T19:15:25	310	296	313	266
2021-07-08T19:15:55	310	296	314	267
2021-07-08T19:16:25	311	298	314	267
2021-07-08T19:16:55	310	298	315	268
2021-07-08T19:17:25	313	301	318	269
2021-07-08T19:17:55	316	301	317	270
2021-07-08T19:18:25	317	301	318	271
2021-07-08T19:18:55	315	303	321	273
2021-07-08T19:19:25	317	304	320	274
2021-07-08T19:19:55	318	304	321	274
2021-07-08T19:20:25	320	304	319	276
2021-07-08T19:20:55	320	307	325	276
2021-07-08T19:21:25	319	307	325	277
2021-07-08T19:21:55	323	307	326	278
2021-07-08T19:22:25	323	308	325	279
2021-07-08T19:22:55	322	310	329	280
2021-07-08T19:23:25	326	310	328	281
2021-07-08T19:23:55	325	312	330	282
2021-07-08T19:24:25	328	312	331	283
2021-07-08T19:24:55	327	312	331	284
2021-07-08T19:25:25	329	313	335	284
2021-07-08T19:25:55	328	313	332	285
2021-07-08T19:26:25	331	315	335	286
2021-07-08T19:26:55	329	315	334	286
2021-07-08T19:27:25	333	316	337	287
2021-07-08T19:27:55	333	317	336	289
2021-07-08T19:28:25	335	318	338	290
2021-07-08T19:28:55	336	317	338	292
2021-07-08T19:29:25	334	320	340	291
2021-07-08T19:29:55	339	321	342	292
2021-07-08T19:30:25	337	320	341	293
2021-07-08T19:30:55	339	323	344	294
2021-07-08T19:31:25	342	324	344	295
2021-07-08T19:31:55	342	324	344	297
2021-07-08T19:32:25	342	325	344	297
2021-07-08T19:32:55	343	327	348	298
2021-07-08T19:33:25	344	325	347	299
2021-07-08T19:33:55	346	328	350	300
2021-07-08T19:34:25	345	327	347	301
2021-07-08T19:34:55	349	329	353	302
2021-07-08T19:35:25	348	329	350	303
2021-07-08T19:35:55	347	331	353	304
2021-07-08T19:36:25	351	331	354	305
2021-07-08T19:36:55	350	333	354	305
2021-07-08T19:37:25	351	332	353	306
2021-07-08T19:37:55	353	334	355	308
2021-07-08T19:38:25	352	335	357	308
2021-07-08T19:38:55	355	336	357	309
2021-07-08T19:39:25	354	337	359	310
2021-07-08T19:39:55	356	337	359	312
2021-07-08T19:40:25	355	338	360	312
2021-07-08T19:40:55	358	339	363	314
2021-07-08T19:41:25	357	339	362	314
2021-07-08T19:41:55	362	341	364	315
2021-07-08T19:42:25	360	341	364	316
2021-07-08T19:42:55	364	344	369	318
2021-07-08T19:43:25	361	343	365	318
2021-07-08T19:43:55	365	344	367	319
2021-07-08T19:44:25	366	345	369	321
2021-07-08T19:44:55	366	346	367	322
2021-07-08T19:45:25	366	350	372	323
2021-07-08T19:45:55	367	348	370	323
2021-07-08T19:46:25	369	351	374	324
2021-07-08T19:46:55	369	350	372	325
2021-07-08T19:47:25	371	352	376	326
2021-07-08T19:47:55	372	352	375	327
2021-07-08T19:48:25	372	353	375	329
2021-07-08T19:48:55	374	355	378	329
2021-07-08T19:49:25	375	355	376	330
2021-07-08T19:49:55	375	355	378	332
2021-07-08T19:50:25	377	358	380	332
2021-07-08T19:50:55	377	358	379	333
2021-07-08T19:51:25	380	358	383	334
2021-07-08T19:51:55	378	359	383	335
2021-07-08T19:52:25	381	359	383	336
2021-07-08T19:52:55	382	361	384	337
2021-07-08T19:53:25	381	361	386	338
2021-07-08T19:53:55	383	363	387	339
2021-07-08T19:54:25	385	363	387	341
2021-07-08T19:54:55	383	365	389	341
2021-07-08T19:55:25	387	365	390	342
2021-07-08T19:55:55	385	365	388	343
2021-07-08T19:56:25	390	368	393	344
2021-07-08T19:56:55	388	368	391	346
2021-07-08T19:57:25	391	368	393	346
2021-07-08T19:57:55	392	369	394	348
2021-07-08T19:58:25	392	370	396	348
2021-07-08T19:58:55	392	370	396	349
2021-07-08T19:59:25	391	371	398	350
2021-07-08T19:59:55	397	372	399	351
2021-07-08T20:00:25	396	373	398	352
2021-07-08T20:00:55	397	373	400	353
2021-07-08T20:01:25	397	375	401	354
2021-07-08T20:01:55	400	377	403	355
2021-07-08T20:02:25	399	377	403	356
2021-07-08T20:02:55	399	378	404	357
2021-07-08T20:03:25	404	378	405	359
2021-07-08T20:03:55	401	381	407	359
2021-07-08T20:04:25	403	379	406	360
2021-07-08T20:04:55	404	381	410	361
2021-07-08T20:05:25	403	382	409	363
2021-07-08T20:05:55	406	382	409	363
2021-07-08T20:06:25	409	385	412	364
2021-07-08T20:06:55	408	384	412	365
2021-07-08T20:07:25	409	386	413	366
2021-07-08T20:07:55	408	387	412	367
2021-07-08T20:08:25	412	388	414	368
2021-07-08T20:08:55	410	388	417	369
2021-07-08T20:09:25	414	389	415	370
2021-07-08T20:09:55	414	391	418	371
2021-07-08T20:10:25	413	390	418	372
2021-07-08T20:10:55	418	392	420	373
2021-07-08T20:11:25	415	392	420	374
2021-07-08T20:11:55	419	393	420	375
2021-07-08T20:12:25	416	394	421	377
2021-07-08T20:12:55	419	395	423	377
2021-07-08T20:13:25	422	397	424	378
2021-07-08T20:13:55	420	396	424	379
2021-07-08T20:14:25	422	397	425	380
2021-07-08T20:14:55	426	400	428	381
2021-07-08T20:15:25	424	399	426	382
2021-07-08T20:15:55	426	401	430	383
2021-07-08T20:16:25	428	402	432	385
2021-07-08T20:16:55	426	402	430	385
2021-07-08T20:17:25	429	403	432	387
2021-07-08T20:17:55	427	402	433	387
2021-07-08T20:18:25	431	405	434	388
2021-07-08T20:18:55	430	405	435	390
2021-07-08T20:19:25	433	406	436	391
2021-07-08T20:19:55	432	406	436	391
2021-07-08T20:20:25	433	407	436	392
2021-07-08T20:20:55	433	409	439	393
2021-07-08T20:21:25	437	409	439	395
2021-07-08T20:21:55	438	411	440	396
2021-07-08T20:22:25	436	411	441	396
2021-07-08T20:22:55	438	413	442	397
2021-07-08T20:23:25	440	412	442	398
2021-07-08T20:23:55	440	413	444	400
2021-07-08T20:24:25	443	416	447	401
2021-07-08T20:24:55	441	416	444	401
2021-07-08T20:25:25	443	416	446	403
2021-07-08T20:25:55	444	418	448	404
2021-07-08T20:26:25	445	418	447	405
2021-07-08T20:26:55	448	419	450	406
2021-07-08T20:27:25	446	419	451	407
2021-07-08T20:27:55	449	421	454	408
2021-07-08T20:28:25	450	423	455	409
2021-07-08T20:28:55	449	422	452	410
2021-07-08T20:29:25	451	424	454	412
2021-07-08T20:29:55	450	424	455	412
2021-07-08T20:30:25	453	425	456	413
2021-07-08T20:30:55	454	426	458	414
2021-07-08T20:31:25	455	427	459	415
2021-07-08T20:31:55	458	428	459	416
2021-07-08T20:32:25	458	430	462	417
2021-07-08T20:32:55	458	430	463	418
2021-07-08T20:33:25	458	430	461	419
2021-07-08T20:33:55	460	432	464	420
2021-07-08T20:34:25	462	433	466	421
2021-07-08T20:34:55	460	434	465	422
2021-07-08T20:35:25	462	435	466	423
2021-07-08T20:35:55	465	436	467	424
2021-07-08T20:36:25	464	436	469	425
2021-07-08T20:36:55	465	437	469	426
2021-07-08T20:37:25	465	439	471	427
2021-07-08T20:37:55	469	438	469	429
2021-07-08T20:38:25	467	439	472	429
2021-07-08T20:38:55	470	441	472	430
2021-07-08T20:39:25	470	441	472	431
2021-07-08T20:39:55	470	442	474	432
2021-07-08T20:40:25	473	443	475	433
2021-07-08T20:40:55	471	445	477	434
2021-07-08T20:41:25	474	446	478	435
2021-07-08T20:41:55	478	446	481	436
2021-07-08T20:42:25	475	446	479	437
2021-07-08T20:42:55	478	447	480	438
2021-07-08T20:43:25	479	448	480	440
2021-07-08T20:43:55	479	449	483	440
2021-07-08T20:44:25	480	450	482	441
2021-07-08T20:44:55	479	450	482	442
2021-07-08T20:45:25	483	452	485	443
2021-07-08T20:45:55	484	452	487	444
2021-07-08T20:46:25	484	455	489	445
2021-07-08T20:46:55	483	455	487	447
2021-07-08T20:47:25	486	456	489	448
2021-07-08T20:47:55	485	457	491	448
2021-07-08T20:48:25	487	458	493	449
2021-07-08T20:48:55	490	458	491	451
2021-07-08T20:49:25	490	459	494	451
2021-07-08T20:49:55	489	459	493	452
2021-07-08T20:50:25	493	460	495	454
2021-07-08T20:50:55	494	460	496	455
2021-07-08T20:51:25	495	461	496	455
2021-07-08T20:51:55	492	462	496	456
2021-07-08T20:52:25	494	463	498	458
2021-07-08T20:52:55	495	465	498	458
2021-07-08T20:53:25	499	466	502	459
2021-07-08T20:53:55	497	467	501	461
2021-07-08T20:54:25	498	468	505	461
2021-07-08T20:54:55	502	468	503	462
2021-07-08T20:55:25	501	470	506	463
2021-07-08T20:55:55	501	470	506	464
2021-07-08T20:56:25	501	472	508	465
2021-07-08T20:56:55	503	472	507	467
2021-07-08T20:57:25	505	473	510	467
2021-07-08T20:57:55	506	473	510	468
2021-07-08T20:58:25	507	474	511	469
2021-07-08T20:58:55	508	476	513	471
2021-07-08T20:59:25	508	478	513	471
2021-07-08T20:59:55	511	476	513	472
2021-07-08T21:00:25	510	478	513	474
2021-07-08T21:00:55	510	480	514	474
2021-07-08T21:01:25	513	481	515	476
2021-07-08T21:01:55	514	482	516	476
2021-07-08T21:02:25	513	482	517	478
2021-07-08T21:02:55	517	483	520	478
2021-07-08T21:03:25	517	484	521	481
2021-07-08T21:03:55	516	484	520	481
2021-07-08T21:04:25	520	486	522	481
2021-07-08T21:04:55	520	486	522	483
2021-07-08T21:05:25	518	486	521	485
2021-07-08T21:05:55	523	488	523	485
2021-07-08T21:06:25	523	490	527	486
2021-07-08T21:06:55	523	490	527	486
2021-07-08T21:07:25	523	492	528	488
2021-07-08T21:07:55	524	492	529	490
2021-07-08T21:08:25	528	494	530	490
2021-07-08T21:08:55	527	495	530	492
2021-07-08T21:09:25	528	494	531	493
2021-07-08T21:09:55	527	495	531	494
2021-07-08T21:10:25	529	496	532	494
2021-07-08T21:10:55	529	498	533	496
2021-07-08T21:11:25	533	498	535	497
2021-07-08T21:11:55	533	499	536	499
2021-07-08T21:12:25	533	499	536	499
2021-07-08T21:12:55	534	500	537	499
2021-07-08T21:13:25	537	502	538	501
2021-07-08T21:13:55	537	503	541	501
2021-07-08T21:14:25	536	504	539	503
2021-07-08T21:14:55	539	505	541	503
2021-07-08T21:15:25	538	505	543	505
2021-07-08T21:15:55	541	507	545	506
2021-07-08T21:16:25	541	508	547	506
2021-07-08T21:16:55	542	507	544	508
2021-07-08T21:17:25	544	510	548	509
2021-07-08T21:17:55	543	510	548	509
2021-07-08T21:18:25	545	511	549	512
2021-07-08T21:18:55	545	511	548	512
2021-07-08T21:19:25	546	514	550	513
2021-07-08T21:19:55	551	514	552	514
2021-07-08T21:20:25	549	515	553	516
2021-07-08T21:20:55	550	516	553	517
2021-07-08T21:21:25	551	517	555	517
2021-07-08T21:21:55	550	518	555	518
2021-07-08T21:22:25	552	519	558	520
2021-07-08T21:22:55	553	519	557	520
2021-07-08T21:23:25	555	521	558	521
2021-07-08T21:23:55	557	521	560	524
2021-07-08T21:24:25	555	523	561	524
2021-07-08T21:24:55	557	523	561	525
2021-07-08T21:25:25	556	525	560	526
2021-07-08T21:25:55	559	525	563	528
2021-07-08T21:26:25	561	526	562	529
2021-07-08T21:26:55	562	527	564	529
2021-07-08T21:27:25	563	527	566	530
2021-07-08T21:27:55	564	529	568	532
2021-07-08T21:28:25	566	529	569	533
2021-07-08T21:28:55	565	529	567	534
2021-07-08T21:29:25	564	531	569	534
2021-07-08T21:29:55	568	532	570	536
2021-07-08T21:30:25	570	534	572	537
2021-07-08T21:30:55	571	536	573	538
2021-07-08T21:31:25	570	535	573	539
2021-07-08T21:31:55	572	536	574	540
2021-07-08T21:32:25	570	537	576	541
2021-07-08T21:32:55	571	539	577	542
2021-07-08T21:33:25	574	538	577	542
2021-07-08T21:33:55	575	540	577	543
2021-07-08T21:34:25	576	541	580	545
2021-07-08T21:34:55	577	541	579	546
2021-07-08T21:35:25	578	543	582	547
2021-07-08T21:35:55	581	544	583	548
2021-07-08T21:36:25	579	545	585	548
2021-07-08T21:36:55	581	544	584	550
2021-07-08T21:37:25	583	547	586	551
2021-07-08T21:37:55	581	547	585	552
2021-07-08T21:38:25	585	548	587	554
2021-07-08T21:38:55	582	548	587	555
2021-07-08T21:39:25	584	549	589	554
2021-07-08T21:39:55	586	550	590	556
2021-07-08T21:40:25	586	552	591	556
2021-07-08T21:40:55	588	552	590	559
2021-07-08T21:41:25	588	552	592	560
2021-07-08T21:41:55	589	554	593	560
2021-07-08T21:42:25	593	554	593	562
2021-07-08T21:42:55	593	556	596	563
2021-07-08T21:43:25	593	557	596	564
2021-07-08T21:43:55	593	558	597	565
2021-07-08T21:44:25	596	559	598	566
2021-07-08T21:44:55	596	559	598	567
2021-07-08T21:45:25	597	561	602	568
2021-07-08T21:45:55	597	562	600	569
2021-07-08T21:46:25	599	564	603	570
2021-07-08T21:46:55	601	565	605	571
2021-07-08T21:47:25	600	567	606	572
2021-07-08T21:47:55	601	567	607	575
2021-07-08T21:48:25	601	568	607	575
2021-07-08T21:48:55	604	568	605	575
2021-07-08T21:49:25	603	571	608	576
2021-07-08T21:49:55	606	570	610	578
2021-07-08T21:50:25	605	571	609	579
2021-07-08T21:50:55	606	572	611	580
2021-07-08T21:51:25	610	574	614	581
2021-07-08T21:51:55	610	574	614	582
2021-07-08T21:52:25	609	575	612	583
2021-07-08T21:52:55	612	575	613	585
2021-07-08T21:53:25	612	577	614	586
2021-07-08T21:53:55	614	578	617	586
2021-07-08T21:54:25	615	579	618	588
2021-07-08T21:54:55	615	579	618	589
2021-07-08T21:55:25	617	580	618	590
2021-07-08T21:55:55	617	581	619	591
2021-07-08T21:56:25	619	582	620	591
2021-07-08T21:56:55	618	584	623	593
2021-07-08T21:57:25	619	584	622	594
2021-07-08T21:57:55	621	585	624	595
2021-07-08T21:58:25	622	587	625	595
2021-07-08T21:58:55	624	587	627	597
2021-07-08T21:59:25	624	588	628	598
2021-07-08T21:59:55	625	589	629	599
2021-07-08T22:00:25	625	590	630	601
2021-07-08T22:00:55	626	592	633	601
2021-07-08T22:01:25	627	593	632	602
2021-07-08T22:01:55	628	593	632	603
2021-07-08T22:02:25	629	594	633	604
2021-07-08T22:02:55	632	595	634	605
2021-07-08T22:03:25	632	596	636	607
2021-07-08T22:03:55	631	596	636	607
2021-07-08T22:04:25	633	598	637	607
2021-07-08T22:04:55	633	599	636	609
2021-07-08T22:05:25	635	599	638	611
2021-07-08T22:05:55	635	600	639	612
2021-07-08T22:06:25	635	601	639	613
2021-07-08T22:06:55	639	602	641	614
2021-07-08T22:07:25	639	604	643	615
2021-07-08T22:07:55	640	604	643	616
2021-07-08T22:08:25	642	606	645	617
2021-07-08T22:08:55	642	607	646	618
2021-07-08T22:09:25	643	609	647	620
2021-07-08T22:09:55	645	609	648	620
2021-07-08T22:10:25	645	608	649	621
2021-07-08T22:10:55	645	611	649	622
2021-07-08T22:11:25	645	611	650	623
2021-07-08T22:11:55	647	611	650	625
2021-07-08T22:12:25	650	613	652	625
2021-07-08T22:12:55	651	613	653	627
2021-07-08T22:13:25	651	615	655	629
2021-07-08T22:13:55	651	616	656	628
2021-07-08T22:14:25	653	616	657	629
2021-07-08T22:14:55	653	616	656	630
2021-07-08T22:15:25	655	618	659	631
2021-07-08T22:15:55	655	618	660	633
2021-07-08T22:16:25	656	620	661	634
2021-07-08T22:16:55	656	621	663	634
2021-07-08T22:17:25	659	622	660	636
2021-07-08T22:17:55	659	622	661	637
2021-07-08T22:18:25	660	623	663	638
2021-07-08T22:18:55	662	624	665	639
2021-07-08T22:19:25	663	626	667	640
2021-07-08T22:19:55	662	627	668	640
2021-07-08T22:20:25	666	628	666	643
2021-07-08T22:20:55	666	628	667	642
2021-07-08T22:21:25	667	630	667	644
2021-07-08T22:21:55	668	631	670	645
2021-07-08T22:22:25	669	632	671	647
2021-07-08T22:22:55	670	634	674	646
2021-07-08T22:23:25	671	634	673	648
2021-07-08T22:23:55	672	635	674	649
2021-07-08T22:24:25	670	636	676	650
2021-07-08T22:24:55	672	637	676	651
2021-07-08T22:25:25	674	639	678	653
2021-07-08T22:25:55	675	639	677	654
2021-07-08T22:26:25	676	640	680	653
2021-07-08T22:26:55	678	640	681	655
2021-07-08T22:27:25	676	643	682	657
2021-07-08T22:27:55	678	644	683	658
2021-07-08T22:28:25	678	644	684	659
2021-07-08T22:28:55	680	644	685	659
2021-07-08T22:29:25	681	646	683	661
2021-07-08T22:29:55	682	646	684	662
2021-07-08T22:30:25	684	647	686	662
2021-07-08T22:30:55	685	650	689	664
2021-07-08T22:31:25	686	650	690	665
2021-07-08T22:31:55	687	651	689	666
2021-07-08T22:32:25	687	651	691	667
2021-07-08T22:32:55	688	652	691	668
2021-07-08T22:33:25	690	653	691	669
2021-07-08T22:33:55	691	654	691	670
2021-07-08T22:34:25	691	655	694	670
2021-07-08T22:34:55	690	655	696	671
2021-07-08T22:35:25	693	657	696	673
2021-07-08T22:35:55	694	658	697	673
2021-07-08T22:36:25	696	658	697	675
2021-07-08T22:36:55	697	659	697	676
2021-07-08T22:37:25	698	661	701	676
2021-07-08T22:37:55	697	661	701	676
2021-07-08T22:38:25	698	663	703	677
2021-07-08T22:38:55	698	663	702	680
2021-07-08T22:39:25	701	664	703	680
2021-07-08T22:39:55	703	666	705	682
2021-07-08T22:40:25	704	667	706	683
2021-07-08T22:40:55	704	667	706	684
2021-07-08T22:41:25	703	668	708	684
2021-07-08T22:41:55	706	670	710	686
2021-07-08T22:42:25	705	670	709	687
2021-07-08T22:42:55	706	672	711	688
2021-07-08T22:43:25	707	671	710	689
2021-07-08T22:43:55	708	672	712	690
2021-07-08T22:44:25	710	674	714	690
2021-07-08T22:44:55	710	674	713	692
2021-07-08T22:45:25	711	677	715	692
2021-07-08T22:45:55	713	677	715	693
2021-07-08T22:46:25	714	677	716	695
2021-07-08T22:46:55	715	679	718	696
2021-07-08T22:47:25	716	680	718	697
2021-07-08T22:47:55	716	680	719	698
2021-07-08T22:48:25	716	681	721	699
2021-07-08T22:48:55	720	683	723	700
2021-07-08T22:49:25	721	684	724	701
2021-07-08T22:49:55	722	685	724	702
2021-07-08T22:50:25	723	686	725	702
2021-07-08T22:50:55	722	687	726	703
2021-07-08T22:51:25	722	687	727	705
2021-07-08T22:51:55	725	690	729	705
2021-07-08T22:52:25	726	690	730	707
2021-07-08T22:52:55	726	691	731	709
2021-07-08T22:53:25	728	691	731	709
2021-07-08T22:53:55	727	692	732	710
2021-07-08T22:54:25	728	693	732	711
2021-07-08T22:54:55	730	695	734	711
2021-07-08T22:55:25	729	695	735	713
2021-07-08T22:55:55	733	696	737	714
2021-07-08T22:56:25	734	697	737	714
2021-07-08T22:56:55	735	699	739	716
2021-07-08T22:57:25	734	698	739	717
2021-07-08T22:57:55	734	699	737	718
2021-07-08T22:58:25	737	701	740	719
2021-07-08T22:58:55	738	701	739	720
2021-07-08T22:59:25	739	703	743	720
2021-07-08T22:59:55	740	703	742	723
2021-07-08T23:00:25	742	705	744	723
2021-07-08T23:00:55	743	706	745	724
2021-07-08T23:01:25	744	706	746	725
2021-07-08T23:01:55	744	707	747	725
2021-07-08T23:02:25	745	709	747	727
2021-07-08T23:02:55	747	710	749	727
2021-07-08T23:03:25	747	711	751	728
2021-07-08T23:03:55	749	712	752	730
2021-07-08T23:04:25	749	713	752	733
2021-07-08T23:04:55	751	714	754	732
2021-07-08T23:05:25	749	715	755	733
2021-07-08T23:05:55	752	716	756	733
2021-07-08T23:06:25	753	717	756	734
2021-07-08T23:06:55	754	718	757	735
2021-07-08T23:07:25	756	718	758	737
2021-07-08T23:07:55	756	720	758	738
2021-07-08T23:08:25	757	721	758	738
2021-07-08T23:08:55	757	720	758	740
2021-07-08T23:09:25	758	722	762	741
2021-07-08T23:09:55	759	724	763	741
2021-07-08T23:10:25	761	724	762	741
2021-07-08T23:10:55	760	725	762	743
2021-07-08T23:11:25	760	726	763	745
2021-07-08T23:11:55	762	727	765	746
2021-07-08T23:12:25	764	728	766	745
2021-07-08T23:12:55	764	729	767	748
2021-07-08T23:13:25	766	730	767	748
2021-07-08T23:13:55	768	732	771	749
2021-07-08T23:14:25	769	732	771	750
2021-07-08T23:14:55	768	733	771	751
2021-07-08T23:15:25	770	734	771	753
2021-07-08T23:15:55	770	734	773	753
2021-07-08T23:16:25	771	735	774	754
2021-07-08T23:16:55	772	736	777	755
2021-07-08T23:17:25	774	738	778	756
2021-07-08T23:17:55	774	739	778	758
2021-07-08T23:18:25	776	739	779	759
2021-07-08T23:18:55	775	741	780	758
2021-07-08T23:19:25	776	741	780	760
2021-07-08T23:19:55	779	742	781	761
2021-07-08T23:20:25	778	744	783	761
2021-07-08T23:20:55	780	745	782	763
2021-07-08T23:21:25	782	745	783	764
2021-07-08T23:21:55	780	745	785	765
2021-07-08T23:22:25	785	747	786	765
2021-07-08T23:22:55	785	749	787	766
2021-07-08T23:23:25	783	748	787	766
2021-07-08T23:23:55	785	749	787	768
2021-07-08T23:24:25	786	751	790	769
2021-07-08T23:24:55	789	752	791	769
2021-07-08T23:25:25	787	752	791	771
2021-07-08T23:25:55	790	754	792	772
2021-07-08T23:26:25	792	754	794	772
2021-07-08T23:26:55	790	756	796	773
2021-07-08T23:27:25	794	757	794	774
2021-07-08T23:27:55	794	759	793	773
2021-07-08T23:28:25	795	760	792	775
2021-07-08T23:28:55	795	762	792	776
2021-07-08T23:29:25	797	763	792	778
2021-07-08T23:29:55	798	764	791	778
2021-07-08T23:30:25	799	765	793	779
2021-07-08T23:30:55	799	765	793	781
2021-07-08T23:31:25	801	767	794	782
2021-07-08T23:31:55	800	768	794	782
2021-07-08T23:32:25	803	768	795	782
2021-07-08T23:32:55	802	769	795	784
2021-07-08T23:33:25	806	771	796	784
2021-07-08T23:33:55	804	771	797	785
2021-07-08T23:34:25	805	773	797	787
2021-07-08T23:34:55	808	774	799	787
2021-07-08T23:35:25	809	774	799	789
2021-07-08T23:35:56	807	775	799	788
2021-07-08T23:36:26	811	776	801	789
2021-07-08T23:36:56	809	777	801	791
2021-07-08T23:37:26	812	777	802	791
2021-07-08T23:37:56	811	778	803	793
2021-07-08T23:38:26	814	779	804	792
2021-07-08T23:38:56	814	780	804	795
2021-07-08T23:39:26	816	781	805	795
2021-07-08T23:39:56	817	783	806	797
2021-07-08T23:40:26	816	783	807	799
2021-07-08T23:40:56	818	783	807	798
2021-07-08T23:41:26	820	783	799	798
2021-07-08T23:41:56	820	782	793	798
2021-07-08T23:42:26	820	782	791	796
2021-07-08T23:42:56	821	782	789	794
2021-07-08T23:43:26	823	781	788	794
2021-07-08T23:43:56	824	780	787	795
2021-07-08T23:44:26	824	779	787	795
2021-07-08T23:44:56	826	783	794	796
2021-07-08T23:45:26	828	787	800	798
2021-07-08T23:45:56	827	788	803	802
2021-07-08T23:46:26	830	789	806	802
2021-07-08T23:46:56	830	790	808	804
2021-07-08T23:47:26	831	791	810	806
2021-07-08T23:47:56	832	792	812	808
2021-07-08T23:48:26	831	793	813	810
2021-07-08T23:48:56	833	794	815	810
2021-07-08T23:49:26	835	795	817	813
2021-07-08T23:49:56	835	795	818	812
2021-07-08T23:50:26	838	797	820	814
2021-07-08T23:50:56	836	797	820	816
2021-07-08T23:51:26	837	798	822	818
2021-07-08T23:51:56	840	799	824	818
2021-07-08T23:52:26	839	800	825	819
2021-07-08T23:52:56	840	801	826	821
2021-07-08T23:53:26	842	802	828	821
2021-07-08T23:53:56	843	802	828	822
2021-07-08T23:54:26	844	803	829	824
2021-07-08T23:54:56	846	804	831	824
2021-07-08T23:55:26	846	805	831	826
2021-07-08T23:55:56	847	806	832	828
2021-07-08T23:56:26	849	807	834	829
2021-07-08T23:56:56	850	808	835	830
2021-07-08T23:57:26	850	809	836	830
2021-07-08T23:57:56	853	810	837	831
2021-07-08T23:58:26	851	810	837	831
2021-07-08T23:58:56	853	811	839	832
2021-07-08T23:59:26	855	813	840	834
2021-07-08T23:59:56	854	813	840	836
2021-07-09T00:00:26	857	814	842	837
2021-07-09T00:00:56	856	815	843	837
2021-07-09T00:01:26	859	816	844	840
2021-07-09T00:01:56	860	817	845	840
2021-07-09T00:02:26	858	818	846	841
2021-07-09T00:02:56	860	819	847	840
2021-07-09T00:03:26	862	820	848	843
2021-07-09T00:03:56	862	820	849	844
2021-07-09T00:04:26	862	822	850	845
2021-07-09T00:04:56	865	822	851	846
2021-07-09T00:05:26	866	823	852	847
2021-07-09T00:05:56	866	824	851	848
2021-07-09T00:06:26	866	823	845	848
2021-07-09T00:06:56	868	823	841	847
2021-07-09T00:07:26	869	823	839	846
2021-07-09T00:07:56	870	822	836	845
2021-07-09T00:08:26	870	822	835	846
2021-07-09T00:08:56	872	821	834	847
2021-07-09T00:09:26	872	824	839	847
2021-07-09T00:09:56	874	826	844	847
2021-07-09T00:10:26	875	828	849	850
2021-07-09T00:10:56	876	830	852	854
2021-07-09T00:11:26	878	831	854	854
2021-07-09T00:11:56	878	833	856	857
2021-07-09T00:12:26	878	834	859	857
2021-07-09T00:12:56	881	835	860	859
2021-07-09T00:13:26	881	836	861	860
2021-07-09T00:13:56	882	837	864	863
2021-07-09T00:14:26	882	838	865	864
2021-07-09T00:14:56	885	840	866	865
2021-07-09T00:15:26	885	840	868	866
2021-07-09T00:15:56	884	842	869	868
2021-07-09T00:16:26	886	843	871	868
2021-07-09T00:16:56	888	844	872	871
2021-07-09T00:17:26	888	845	873	870
2021-07-09T00:17:56	890	846	875	872
2021-07-09T00:18:26	889	848	875	873
2021-07-09T00:18:56	890	848	877	874
2021-07-09T00:19:26	891	849	877	875
2021-07-09T00:19:56	894	851	879	876
2021-07-09T00:20:26	893	852	880	877
2021-07-09T00:20:56	896	853	881	879
2021-07-09T00:21:26	896	854	882	879
2021-07-09T00:21:56	897	855	883	880
2021-07-09T00:22:26	897	856	884	883
2021-07-09T00:22:56	898	857	885	883
2021-07-09T00:23:26	897	858	886	883
2021-07-09T00:23:56	897	859	887	885
2021-07-09T00:24:26	899	860	889	885
2021-07-09T00:24:56	899	861	890	886
2021-07-09T00:25:26	900	862	890	887
2021-07-09T00:25:56	899	863	891	886
2021-07-09T00:26:26	899	864	891	887
2021-07-09T00:26:56	898	865	892	888
2021-07-09T00:27:26	898	866	893	889
2021-07-09T00:27:56	899	867	894	889
2021-07-09T00:28:26	899	868	895	890
2021-07-09T00:28:56	899	869	896	890
2021-07-09T00:29:26	898	870	896	892
2021-07-09T00:29:56	898	871	897	891
2021-07-09T00:30:26	898	872	899	892
2021-07-09T00:30:56	900	872	900	893
2021-07-09T00:31:26	899	874	901	893
2021-07-09T00:31:56	899	874	901	894
2021-07-09T00:32:26	899	875	902	894
2021-07-09T00:32:56	899	875	902	895
2021-07-09T00:33:26	899	875	902	896
2021-07-09T00:33:56	898	876	902	895
2021-07-09T00:34:26	899	877	902	895
2021-07-09T00:34:56	898	877	903	895
2021-07-09T00:35:26	899	877	902	896
2021-07-09T00:35:56	899	878	901	896
2021-07-09T00:36:26	898	878	901	896
2021-07-09T00:36:56	899	878	901	896
2021-07-09T00:37:26	899	879	901	898
2021-07-09T00:37:56	897	879	901	897
2021-07-09T00:38:26	898	880	902	897
2021-07-09T00:38:56	898	880	901	898
2021-07-09T00:39:26	901	880	901	897
2021-07-09T00:39:56	901	881	901	898
2021-07-09T00:40:26	900	882	902	899
2021-07-09T00:40:56	900	882	901	898
2021-07-09T00:41:26	899	883	902	899
2021-07-09T00:41:56	898	883	901	898
2021-07-09T00:42:26	898	883	902	898
2021-07-09T00:42:56	900	884	902	898
2021-07-09T00:43:26	900	885	903	898
2021-07-09T00:43:56	899	885	902	899
2021-07-09T00:44:26	899	886	903	899
2021-07-09T00:44:56	900	886	902	899
2021-07-09T00:45:26	899	886	901	899
2021-07-09T00:45:56	899	886	901	899
2021-07-09T00:46:26	899	886	901	899
2021-07-09T00:46:56	898	886	902	899
2021-07-09T00:47:26	900	887	902	900
2021-07-09T00:47:56	899	886	901	900
2021-07-09T00:48:26	899	887	901	900
2021-07-09T00:48:56	899	887	902	899
2021-07-09T00:49:26	899	888	901	899
2021-07-09T00:49:56	900	887	901	899
2021-07-09T00:50:26	898	887	902	899
2021-07-09T00:50:56	898	888	902	899
2021-07-09T00:51:26	898	889	903	900
2021-07-09T00:51:56	900	889	903	900
2021-07-09T00:52:26	900	890	901	900
2021-07-09T00:52:56	901	889	902	900
2021-07-09T00:53:26	899	890	903	901
2021-07-09T00:53:56	899	890	903	900
2021-07-09T00:54:26	899	891	903	900
2021-07-09T00:54:56	898	891	903	900
2021-07-09T00:55:26	898	890	901	900
2021-07-09T00:55:56	900	890	901	900
2021-07-09T00:56:26	900	891	902	901
2021-07-09T00:56:56	900	891	901	900
2021-07-09T00:57:26	900	892	902	902
2021-07-09T00:57:56	900	893	902	901
2021-07-09T00:58:26	898	893	903	902
2021-07-09T00:58:56	898	894	903	901
2021-07-09T00:59:26	900	894	902	901
2021-07-09T00:59:56	900	894	903	902
2021-07-09T01:00:26	901	894	903	901
2021-07-09T01:00:56	901	895	903	901
2021-07-09T01:01:26	900	895	902	902
2021-07-09T01:01:56	899	894	902	902
2021-07-09T01:02:26	899	894	902	902
2021-07-09T01:02:56	900	895	902	902
2021-07-09T01:03:26	900	895	902	902
2021-07-09T01:03:56	901	896	903	902
2021-07-09T01:04:26	901	896	903	901
2021-07-09T01:04:56	901	895	902	901
2021-07-09T01:05:26	899	895	902	902
2021-07-09T01:05:56	900	896	902	902
2021-07-09T01:06:26	900	896	902	902
2021-07-09T01:06:56	900	897	903	902
2021-07-09T01:07:26	900	897	903	902
2021-07-09T01:07:56	899	897	904	902
2021-07-09T01:08:26	899	896	902	902
2021-07-09T01:08:56	900	897	903	902
2021-07-09T01:09:26	900	897	904	902
2021-07-09T01:09:56	899	897	904	902
2021-07-09T01:10:26	899	897	902	902
2021-07-09T01:10:56	900	897	903	902
2021-07-09T01:11:26	901	898	902	902
2021-07-09T01:11:56	900	897	902	902
2021-07-09T01:12:26	900	897	903	902
2021-07-09T01:12:56	901	898	903	902
2021-07-09T01:13:26	900	898	902	902
2021-07-09T01:13:56	899	898	903	902
2021-07-09T01:14:26	899	897	902	902
2021-07-09T01:14:56	900	898	903	901
2021-07-09T01:15:26	900	898	903	902
2021-07-09T01:15:56	899	897	901	902
2021-07-09T01:16:26	900	898	902	901
2021-07-09T01:16:56	901	899	903	901
2021-07-09T01:17:26	899	899	903	902
2021-07-09T01:17:56	899	898	902	902
2021-07-09T01:18:26	900	899	903	902
2021-07-09T01:18:56	899	898	902	902
2021-07-09T01:19:26	900	900	902	903
2021-07-09T01:19:56	901	900	902	902
2021-07-09T01:20:26	899	900	903	903
2021-07-09T01:20:56	900	899	902	902
2021-07-09T01:21:26	900	901	903	903
2021-07-09T01:21:56	900	898	902	903
2021-07-09T01:22:26	901	900	902	903
2021-07-09T01:22:56	899	901	903	903
2021-07-09T01:23:26	899	899	902	903
2021-07-09T01:23:56	899	900	903	902
2021-07-09T01:24:26	901	900	903	903
2021-07-09T01:24:56	899	899	902	902
2021-07-09T01:25:26	899	900	902	902
2021-07-09T01:25:56	899	901	903	902
2021-07-09T01:26:26	901	900	902	902
2021-07-09T01:26:56	899	900	903	902
2021-07-09T01:27:26	900	900	902	903
2021-07-09T01:27:56	899	900	902	903
2021-07-09T01:28:26	899	900	902	903
2021-07-09T01:28:56	901	900	902	903
2021-07-09T01:29:26	899	901	903	903
2021-07-09T01:29:56	900	900	902	902
2021-07-09T01:30:26	900	900	903	903
2021-07-09T01:30:56	900	900	902	903
2021-07-09T01:31:26	900	900	902	902
2021-07-09T01:31:56	899	901	903	902
2021-07-09T01:32:26	900	900	902	902
2021-07-09T01:32:56	899	900	902	903
2021-07-09T01:33:26	899	901	901	903
2021-07-09T01:33:56	899	900	902	903
2021-07-09T01:34:26	898	901	903	903
2021-07-09T01:34:56	900	899	901	903
2021-07-09T01:35:26	900	900	902	903
2021-07-09T01:35:56	900	901	903	903
2021-07-09T01:36:26	900	899	902	903
2021-07-09T01:36:56	899	901	903	903
2021-07-09T01:37:26	901	899	902	903
2021-07-09T01:37:56	899	900	902	903
2021-07-09T01:38:26	901	901	904	903
2021-07-09T01:38:56	899	900	902	903
2021-07-09T01:39:26	900	900	902	903
2021-07-09T01:39:56	899	901	903	903
2021-07-09T01:40:26	900	899	902	903
2021-07-09T01:40:56	899	900	903	902
2021-07-09T01:41:26	900	901	903	902
2021-07-09T01:41:56	900	900	902	902
2021-07-09T01:42:26	900	900	903	902
2021-07-09T01:42:56	900	900	902	902
2021-07-09T01:43:26	899	901	903	902
2021-07-09T01:43:56	901	900	902	902
2021-07-09T01:44:26	899	900	902	903
2021-07-09T01:44:56	900	901	903	903
2021-07-09T01:45:26	899	901	903	903
2021-07-09T01:45:56	900	900	903	903
2021-07-09T01:46:26	900	901	903	903
2021-07-09T01:46:56	900	900	902	903
2021-07-09T01:47:26	899	900	902	903
2021-07-09T01:47:56	900	900	903	904
2021-07-09T01:48:26	899	900	901	904
2021-07-09T01:48:56	900	900	903	904
2021-07-09T01:49:26	898	899	902	904
2021-07-09T01:49:56	900	900	903	904
2021-07-09T01:50:26	899	901	903	904
2021-07-09T01:50:56	900	899	902	904
2021-07-09T01:51:26	900	900	903	902
2021-07-09T01:51:56	900	902	903	904
2021-07-09T01:52:26	901	901	903	904
2021-07-09T01:52:56	900	901	904	904
2021-07-09T01:53:26	901	900	903	903
2021-07-09T01:53:56	817	844	873	901
2021-07-09T01:54:26	748	767	835	881
2021-07-09T01:54:56	637	690	738	854
2021-07-09T01:55:26	538	565	672	785
2021-07-09T01:55:56	485	508	600	714
2021-07-09T01:56:26	459	466	565	660
2021-07-09T01:56:56	432	433	536	620
2021-07-09T01:57:26	405	410	512	588
2021-07-09T01:57:56	387	392	491	570
2021-07-09T01:58:26	369	367	478	545
2021-07-09T01:58:56	357	355	460	522
2021-07-09T01:59:26	346	345	445	501
2021-07-09T01:59:56	332	335	438	482
2021-07-09T02:00:26	321	323	422	464
2021-07-09T02:00:56	310	311	406	453
