time	T1	T2	T3	T4
2021-07-21T10:50:27	27	26	27	23
2021-07-21T10:50:57	27	26	27	23
2021-07-21T10:51:27	28	26	28	24
2021-07-21T10:51:57	30	27	29	24
2021-07-21T10:52:27	32	29	31	25
2021-07-21T10:52:57	33	30	32	27
2021-07-21T10:53:27	35	31	33	27
2021-07-21T10:53:57	36	32	34	28
2021-07-21T10:54:27	39	33	36	29
2021-07-21T10:54:57	38	34	36	31
2021-07-21T10:55:27	40	35	38	32
2021-07-21T10:55:57	42	36	39	33
2021-07-21T10:56:27	42	37	40	35
2021-07-21T10:56:57	43	38	41	36
2021-07-21T10:57:27	45	39	42	37
2021-07-21T10:57:57	45	39	42	38
2021-07-21T10:58:27	45	40	43	39
2021-07-21T10:58:57	47	41	44	40
2021-07-21T10:59:27	48	42	46	41
2021-07-21T10:59:57	50	44	47	41
2021-07-21T11:00:27	51	45	48	42
2021-07-21T11:00:57	52	46	49	43
2021-07-21T11:01:27	53	47	50	44
2021-07-21T11:01:57	53	48	52	46
2021-07-21T11:02:27	54	48	52	47
2021-07-21T11:02:57	54	49	53	48
2021-07-21T11:03:27	56	50	54	49
2021-07-21T11:03:57	56	51	55	50
2021-07-21T11:04:27	57	52	56	51
2021-07-21T11:04:57	57	53	57	52
2021-07-21T11:05:27	59	55	58	53
2021-07-21T11:05:57	60	56	59	53
2021-07-21T11:06:27	61	56	60	54
2021-07-21T11:06:57	61	57	60	55
2021-07-21T11:07:27	62	58	62	56
2021-07-21T11:07:57	63	60	63	56
2021-07-21T11:08:27	64	61	64	58
2021-07-21T11:08:57	65	61	65	59
2021-07-21T11:09:27	65	62	65	59
2021-07-21T11:09:57	66	63	65	61
2021-07-21T11:10:27	66	63	67	62
2021-07-21T11:10:57	68	65	68	63
2021-07-21T11:11:27	69	66	69	63
2021-07-21T11:11:57	70	67	70	64
2021-07-21T11:12:27	70	68	70	65
2021-07-21T11:12:57	71	69	71	66
2021-07-21T11:13:27	72	70	72	67
2021-07-21T11:13:57	72	71	73	67
2021-07-21T11:14:27	73	71	73	68
2021-07-21T11:14:57	74	73	74	69
2021-07-21T11:15:27	75	74	76	70
2021-07-21T11:15:57	79	76	77	70
2021-07-21T11:16:27	81	76	78	71
2021-07-21T11:16:57	81	77	78	73
2021-07-21T11:17:27	82	77	79	73
2021-07-21T11:17:57	82	78	80	74
2021-07-21T11:18:27	84	82	85	75
2021-07-21T11:18:57	85	83	85	76
2021-07-21T11:19:27	86	85	86	77
2021-07-21T11:19:57	85	84	87	78
2021-07-21T11:20:27	86	84	86	79
2021-07-21T11:20:57	87	84	87	79
2021-07-21T11:21:27	87	85	88	80
2021-07-21T11:21:57	88	86	89	81
2021-07-21T11:22:27	91	88	90	81
2021-07-21T11:22:57	91	89	91	82
2021-07-21T11:23:27	91	89	91	83
2021-07-21T11:23:57	92	90	92	84
2021-07-21T11:24:27	93	94	96	85
2021-07-21T11:24:57	94	95	97	86
2021-07-21T11:25:27	95	96	97	87
2021-07-21T11:25:57	98	95	98	88
2021-07-21T11:26:27	99	96	98	88
2021-07-21T11:26:57	98	96	98	90
2021-07-21T11:27:27	99	97	99	91
2021-07-21T11:27:57	101	100	100	91
2021-07-21T11:28:27	102	100	101	92
2021-07-21T11:28:57	101	100	101	93
2021-07-21T11:29:27	105	103	105	94
2021-07-21T11:29:57	107	105	107	95
2021-07-21T11:30:27	107	105	107	96
2021-07-21T11:30:57	107	105	107	96
2021-07-21T11:31:27	107	104	107	98
2021-07-21T11:31:57	108	106	108	98
2021-07-21T11:32:27	108	109	110	99
2021-07-21T11:32:57	111	109	110	100
2021-07-21T11:33:27	113	110	111	101
2021-07-21T11:33:57	114	109	112	101
2021-07-21T11:34:27	116	113	115	102
2021-07-21T11:34:57	116	114	116	103
2021-07-21T11:35:27	116	114	116	104
2021-07-21T11:35:57	116	114	116	105
2021-07-21T11:36:27	116	115	118	106
2021-07-21T11:36:57	117	117	119	107
2021-07-21T11:37:27	120	117	120	107
2021-07-21T11:37:57	122	119	121	108
2021-07-21T11:38:27	123	119	121	109
2021-07-21T11:38:57	123	121	122	110
2021-07-21T11:39:27	123	121	122	110
2021-07-21T11:39:57	124	124	126	112
2021-07-21T11:40:27	125	126	127	112
2021-07-21T11:40:57	125	126	127	113
2021-07-21T11:41:27	127	125	127	114
2021-07-21T11:41:57	131	126	128	115
2021-07-21T11:42:27	132	127	128	116
2021-07-21T11:42:57	134	129	132	117
2021-07-21T11:43:27	135	132	133	117
2021-07-21T11:43:57	134	132	133	119
2021-07-21T11:44:27	134	132	132	120
2021-07-21T11:44:57	134	133	135	120
2021-07-21T11:45:27	134	134	137	121
2021-07-21T11:45:57	135	135	137	122
2021-07-21T11:46:27	138	135	137	123
2021-07-21T11:46:57	139	135	137	123
2021-07-21T11:47:27	140	137	139	124
2021-07-21T11:47:57	140	140	142	125
2021-07-21T11:48:27	140	140	143	126
2021-07-21T11:48:57	140	139	141	127
2021-07-21T11:49:27	146	142	145	128
2021-07-21T11:49:57	148	144	146	129
2021-07-21T11:50:27	148	144	146	130
2021-07-21T11:50:57	147	144	146	131
2021-07-21T11:51:27	147	145	147	132
2021-07-21T11:51:57	148	148	150	132
2021-07-21T11:52:27	148	148	150	133
2021-07-21T11:52:57	151	148	150	134
2021-07-21T11:53:27	152	148	150	135
2021-07-21T11:53:57	153	149	151	135
2021-07-21T11:54:27	154	153	155	136
2021-07-21T11:54:57	154	153	154	137
2021-07-21T11:55:27	153	152	154	138
2021-07-21T11:55:57	158	154	157	140
2021-07-21T11:56:27	160	157	159	140
2021-07-21T11:56:57	161	157	159	141
2021-07-21T11:57:27	160	156	157	142
2021-07-21T11:57:57	160	157	159	143
2021-07-21T11:58:27	160	159	161	144
2021-07-21T11:58:57	161	161	163	144
2021-07-21T11:59:27	162	161	163	145
2021-07-21T11:59:57	167	162	164	146
2021-07-21T12:00:27	168	162	164	148
2021-07-21T12:00:57	168	164	165	147
2021-07-21T12:01:27	168	167	169	150
2021-07-21T12:01:57	167	167	169	150
2021-07-21T12:02:27	167	166	169	150
2021-07-21T12:02:57	171	167	169	152
2021-07-21T12:03:27	173	170	173	153
2021-07-21T12:03:57	173	171	172	154
2021-07-21T12:04:27	173	170	171	155
2021-07-21T12:04:57	173	172	174	155
2021-07-21T12:05:27	175	173	175	155
2021-07-21T12:05:57	177	173	175	157
2021-07-21T12:06:27	178	174	175	158
2021-07-21T12:06:57	178	178	180	159
2021-07-21T12:07:27	178	178	180	160
2021-07-21T12:07:57	181	177	180	161
2021-07-21T12:08:27	182	178	180	161
2021-07-21T12:08:57	183	181	183	161
2021-07-21T12:09:27	183	181	183	163
2021-07-21T12:09:57	182	181	182	163
2021-07-21T12:10:27	185	185	186	165
2021-07-21T12:10:57	188	185	187	166
2021-07-21T12:11:27	186	184	186	167
2021-07-21T12:11:57	186	186	188	168
2021-07-21T12:12:27	188	187	189	169
2021-07-21T12:12:57	191	188	189	169
2021-07-21T12:13:27	191	189	191	170
2021-07-21T12:13:57	191	190	191	171
2021-07-21T12:14:27	191	191	192	172
2021-07-21T12:14:57	193	191	194	173
2021-07-21T12:15:27	197	192	193	174
2021-07-21T12:15:57	197	194	196	174
2021-07-21T12:16:27	197	194	196	176
2021-07-21T12:16:57	196	195	196	176
2021-07-21T12:17:27	198	198	200	176
2021-07-21T12:17:57	199	198	200	178
2021-07-21T12:18:27	199	198	200	178
2021-07-21T12:18:57	203	199	201	180
2021-07-21T12:19:27	206	201	203	181
2021-07-21T12:19:57	206	201	202	182
2021-07-21T12:20:27	206	203	205	183
2021-07-21T12:20:57	205	203	204	184
2021-07-21T12:21:27	207	206	207	183
2021-07-21T12:21:57	208	207	208	186
2021-07-21T12:22:27	208	206	207	187
2021-07-21T12:22:57	209	209	211	187
2021-07-21T12:23:27	210	210	212	188
2021-07-21T12:23:57	210	209	211	189
2021-07-21T12:24:27	211	210	213	190
2021-07-21T12:24:57	215	212	214	191
2021-07-21T12:25:27	215	211	213	192
2021-07-21T12:25:57	215	213	216	193
2021-07-21T12:26:27	215	215	216	194
2021-07-21T12:26:57	217	215	216	194
2021-07-21T12:27:27	220	216	218	195
2021-07-21T12:27:57	220	218	220	196
2021-07-21T12:28:27	219	217	219	198
2021-07-21T12:28:57	222	220	221	198
2021-07-21T12:29:27	224	221	223	199
2021-07-21T12:29:57	224	221	222	200
2021-07-21T12:30:27	223	223	226	201
2021-07-21T12:30:57	223	224	226	202
2021-07-21T12:31:27	227	224	225	203
2021-07-21T12:31:57	228	226	228	204
2021-07-21T12:32:27	228	227	229	205
2021-07-21T12:32:57	227	227	228	206
2021-07-21T12:33:27	231	229	231	207
2021-07-21T12:33:57	234	231	233	207
2021-07-21T12:34:27	234	230	232	209
2021-07-21T12:34:57	232	231	234	210
2021-07-21T12:35:27	232	232	235	210
2021-07-21T12:35:57	237	232	235	211
2021-07-21T12:36:27	237	233	236	212
2021-07-21T12:36:57	237	236	237	213
2021-07-21T12:37:27	236	236	237	214
2021-07-21T12:37:57	239	239	241	215
2021-07-21T12:38:27	242	241	242	216
2021-07-21T12:38:57	241	238	240	217
2021-07-21T12:39:27	240	239	241	218
2021-07-21T12:39:57	243	242	244	219
2021-07-21T12:40:27	243	241	244	220
2021-07-21T12:40:57	243	242	244	220
2021-07-21T12:41:27	247	245	247	222
2021-07-21T12:41:57	247	244	246	223
2021-07-21T12:42:27	247	245	248	223
2021-07-21T12:42:57	250	246	249	224
2021-07-21T12:43:27	251	248	251	226
2021-07-21T12:43:57	249	248	250	226
2021-07-21T12:44:27	252	250	251	228
2021-07-21T12:44:57	254	252	254	229
2021-07-21T12:45:27	254	251	253	230
2021-07-21T12:45:57	253	253	255	229
2021-07-21T12:46:27	256	253	256	230
2021-07-21T12:46:57	257	254	256	232
2021-07-21T12:47:27	258	256	258	232
2021-07-21T12:47:57	258	256	258	233
2021-07-21T12:48:27	259	258	261	234
2021-07-21T12:48:57	260	259	261	236
2021-07-21T12:49:27	261	259	262	236
2021-07-21T12:49:57	265	261	264	237
2021-07-21T12:50:27	264	261	263	238
2021-07-21T12:50:57	262	262	264	238
2021-07-21T12:51:27	268	264	265	239
2021-07-21T12:51:57	269	266	268	241
2021-07-21T12:52:27	267	265	268	242
2021-07-21T12:52:57	269	266	266	242
2021-07-21T12:53:27	270	269	271	244
2021-07-21T12:53:57	268	268	270	244
2021-07-21T12:54:27	271	270	273	244
2021-07-21T12:54:57	271	269	271	245
2021-07-21T12:55:27	274	271	273	246
2021-07-21T12:55:57	274	271	273	247
2021-07-21T12:56:27	274	274	277	248
2021-07-21T12:56:57	277	274	277	249
2021-07-21T12:57:27	276	274	276	250
2021-07-21T12:57:57	278	277	279	252
2021-07-21T12:58:27	279	277	278	252
2021-07-21T12:58:57	278	279	280	253
2021-07-21T12:59:27	282	279	281	254
2021-07-21T12:59:57	281	281	284	255
2021-07-21T13:00:27	284	281	283	257
2021-07-21T13:00:57	283	283	285	257
2021-07-21T13:01:27	283	283	284	258
2021-07-21T13:01:57	288	285	288	259
2021-07-21T13:02:27	287	284	286	260
2021-07-21T13:02:57	286	288	290	262
2021-07-21T13:03:27	290	287	289	262
2021-07-21T13:03:57	290	288	291	263
2021-07-21T13:04:27	288	289	291	264
2021-07-21T13:04:57	293	290	292	265
2021-07-21T13:05:27	292	291	293	266
2021-07-21T13:05:57	292	292	293	267
2021-07-21T13:06:27	297	295	297	268
2021-07-21T13:06:57	297	294	296	269
2021-07-21T13:07:27	295	295	298	270
2021-07-21T13:07:57	299	296	298	271
2021-07-21T13:08:27	299	297	299	272
2021-07-21T13:08:57	298	298	300	273
2021-07-21T13:09:27	303	299	300	274
2021-07-21T13:09:57	303	301	303	275
2021-07-21T13:10:27	301	300	302	276
2021-07-21T13:10:57	304	302	304	277
2021-07-21T13:11:27	304	303	306	278
2021-07-21T13:11:57	304	305	306	279
2021-07-21T13:12:27	309	305	306	280
2021-07-21T13:12:57	308	306	309	281
2021-07-21T13:13:27	307	306	308	282
2021-07-21T13:13:57	311	308	311	283
2021-07-21T13:14:27	309	309	311	284
2021-07-21T13:14:57	312	309	312	285
2021-07-21T13:15:27	313	311	312	285
2021-07-21T13:15:57	312	312	315	287
2021-07-21T13:16:27	316	313	316	287
2021-07-21T13:16:57	315	313	314	288
2021-07-21T13:17:27	313	315	317	289
2021-07-21T13:17:57	317	316	318	290
2021-07-21T13:18:27	317	316	318	291
2021-07-21T13:18:57	321	319	319	292
2021-07-21T13:19:27	320	320	321	293
2021-07-21T13:19:57	321	319	321	294
2021-07-21T13:20:27	324	320	323	296
2021-07-21T13:20:57	323	321	324	295
2021-07-21T13:21:27	324	321	325	297
2021-07-21T13:21:57	325	323	326	298
2021-07-21T13:22:27	326	325	327	299
2021-07-21T13:22:57	328	325	328	301
2021-07-21T13:23:27	329	326	328	301
2021-07-21T13:23:57	328	328	330	302
2021-07-21T13:24:27	332	329	331	304
2021-07-21T13:24:57	331	330	332	305
2021-07-21T13:25:27	332	330	332	305
2021-07-21T13:25:57	333	332	334	306
2021-07-21T13:26:27	334	332	335	307
2021-07-21T13:26:57	334	332	335	308
2021-07-21T13:27:27	335	333	337	309
2021-07-21T13:27:57	336	334	338	311
2021-07-21T13:28:27	338	335	338	311
2021-07-21T13:28:57	338	336	340	312
2021-07-21T13:29:27	340	338	342	313
2021-07-21T13:29:57	341	339	341	314
2021-07-21T13:30:27	343	341	343	315
2021-07-21T13:30:57	342	341	344	316
2021-07-21T13:31:27	344	342	344	318
2021-07-21T13:31:57	344	343	348	318
2021-07-21T13:32:27	345	344	347	319
2021-07-21T13:32:57	347	344	347	320
2021-07-21T13:33:27	350	346	349	321
2021-07-21T13:33:57	348	347	351	322
2021-07-21T13:34:27	350	346	350	324
2021-07-21T13:34:57	350	347	350	324
2021-07-21T13:35:27	354	350	354	325
2021-07-21T13:35:57	352	350	352	326
2021-07-21T13:36:27	355	350	354	327
2021-07-21T13:36:57	353	352	356	328
2021-07-21T13:37:27	356	351	355	329
2021-07-21T13:37:57	355	354	358	330
2021-07-21T13:38:27	359	353	357	331
2021-07-21T13:38:57	358	355	359	332
2021-07-21T13:39:27	361	356	361	334
2021-07-21T13:39:57	359	358	361	334
2021-07-21T13:40:27	362	358	361	336
2021-07-21T13:40:57	362	359	364	336
2021-07-21T13:41:27	364	360	364	337
2021-07-21T13:41:57	364	362	365	338
2021-07-21T13:42:27	367	361	366	339
2021-07-21T13:42:57	365	362	367	340
2021-07-21T13:43:27	369	363	369	341
2021-07-21T13:43:57	369	364	367	342
2021-07-21T13:44:27	367	366	371	343
2021-07-21T13:44:57	371	366	371	344
2021-07-21T13:45:27	370	366	372	346
2021-07-21T13:45:57	375	369	374	346
2021-07-21T13:46:27	372	368	373	347
2021-07-21T13:46:57	376	370	377	348
2021-07-21T13:47:27	375	370	375	349
2021-07-21T13:47:57	378	372	377	350
2021-07-21T13:48:27	375	371	376	351
2021-07-21T13:48:57	380	375	381	352
2021-07-21T13:49:27	378	373	380	354
2021-07-21T13:49:57	380	377	381	354
2021-07-21T13:50:27	379	376	382	355
2021-07-21T13:50:57	382	377	383	356
2021-07-21T13:51:27	383	378	385	357
2021-07-21T13:51:57	383	378	384	358
2021-07-21T13:52:27	386	380	386	359
2021-07-21T13:52:57	385	379	385	359
2021-07-21T13:53:27	387	384	390	362
2021-07-21T13:53:57	387	383	388	362
2021-07-21T13:54:27	390	383	391	364
2021-07-21T13:54:57	389	385	390	365
2021-07-21T13:55:27	392	386	392	365
2021-07-21T13:55:57	392	387	394	366
2021-07-21T13:56:27	391	387	393	368
2021-07-21T13:56:57	395	389	396	369
2021-07-21T13:57:27	395	388	394	369
2021-07-21T13:57:57	397	390	397	370
2021-07-21T13:58:27	395	392	398	371
2021-07-21T13:58:57	401	392	398	371
2021-07-21T13:59:27	399	392	400	373
2021-07-21T13:59:57	398	392	400	373
2021-07-21T14:00:27	401	397	402	376
2021-07-21T14:00:57	401	395	404	376
2021-07-21T14:01:27	403	396	402	377
2021-07-21T14:01:57	405	399	405	378
2021-07-21T14:02:27	404	398	405	378
2021-07-21T14:02:57	405	400	407	379
2021-07-21T14:03:27	407	399	406	381
2021-07-21T14:03:57	408	402	410	382
2021-07-21T14:04:27	407	402	408	383
2021-07-21T14:04:57	410	404	412	384
2021-07-21T14:05:27	411	403	411	384
2021-07-21T14:05:57	412	407	414	386
2021-07-21T14:06:27	411	406	413	387
2021-07-21T14:06:57	414	407	413	388
2021-07-21T14:07:27	415	408	416	389
2021-07-21T14:07:57	415	408	417	389
2021-07-21T14:08:27	418	411	418	391
2021-07-21T14:08:57	419	411	419	392
2021-07-21T14:09:27	420	412	420	393
2021-07-21T14:09:57	417	411	421	394
2021-07-21T14:10:27	422	414	422	395
2021-07-21T14:10:57	421	415	423	396
2021-07-21T14:11:27	422	415	423	398
2021-07-21T14:11:57	423	415	424	399
2021-07-21T14:12:27	423	416	425	399
2021-07-21T14:12:57	427	418	426	400
2021-07-21T14:13:27	424	419	426	401
2021-07-21T14:13:57	428	421	429	401
2021-07-21T14:14:27	428	422	428	403
2021-07-21T14:14:57	429	422	430	404
2021-07-21T14:15:27	429	424	432	406
2021-07-21T14:15:57	430	424	431	406
2021-07-21T14:16:27	433	426	435	407
2021-07-21T14:16:57	433	426	435	408
2021-07-21T14:17:27	434	426	436	410
2021-07-21T14:17:57	436	428	435	410
2021-07-21T14:18:27	434	429	438	412
2021-07-21T14:18:57	438	428	438	412
2021-07-21T14:19:27	436	429	439	413
2021-07-21T14:19:57	440	430	440	414
2021-07-21T14:20:27	439	432	442	415
2021-07-21T14:20:57	441	433	443	416
2021-07-21T14:21:27	443	433	443	417
2021-07-21T14:21:57	443	435	444	418
2021-07-21T14:22:27	442	437	446	419
2021-07-21T14:22:57	445	436	446	420
2021-07-21T14:23:27	447	438	448	421
2021-07-21T14:23:57	445	439	447	422
2021-07-21T14:24:27	449	441	451	423
2021-07-21T14:24:57	447	440	449	424
2021-07-21T14:25:27	450	441	451	425
2021-07-21T14:25:57	452	444	454	427
2021-07-21T14:26:27	450	443	454	427
2021-07-21T14:26:57	454	444	453	428
2021-07-21T14:27:27	453	445	454	429
2021-07-21T14:27:57	456	447	456	430
2021-07-21T14:28:27	454	447	456	431
2021-07-21T14:28:57	459	447	457	432
2021-07-21T14:29:27	456	449	458	434
2021-07-21T14:29:57	460	449	459	435
2021-07-21T14:30:27	458	451	462	435
2021-07-21T14:30:57	462	451	462	436
2021-07-21T14:31:27	461	452	464	436
2021-07-21T14:31:57	464	454	464	438
2021-07-21T14:32:27	462	453	464	439
2021-07-21T14:32:57	466	454	466	440
2021-07-21T14:33:27	466	456	467	441
2021-07-21T14:33:57	465	457	468	442
2021-07-21T14:34:27	469	458	470	443
2021-07-21T14:34:57	469	459	469	444
2021-07-21T14:35:27	468	460	471	445
2021-07-21T14:35:57	472	462	472	445
2021-07-21T14:36:27	472	462	473	447
2021-07-21T14:36:57	473	462	473	447
2021-07-21T14:37:27	472	464	474	449
2021-07-21T14:37:57	474	466	476	450
2021-07-21T14:38:27	478	465	476	450
2021-07-21T14:38:57	476	467	478	452
2021-07-21T14:39:27	476	468	480	453
2021-07-21T14:39:57	481	468	480	454
2021-07-21T14:40:27	478	469	481	455
2021-07-21T14:40:57	479	469	481	456
2021-07-21T14:41:27	480	471	483	457
2021-07-21T14:41:57	482	473	485	458
2021-07-21T14:42:27	484	474	485	459
2021-07-21T14:42:57	485	474	486	461
2021-07-21T14:43:27	484	475	486	461
2021-07-21T14:43:57	486	477	488	462
2021-07-21T14:44:27	488	477	488	463
2021-07-21T14:44:57	487	478	491	464
2021-07-21T14:45:27	489	478	491	465
2021-07-21T14:45:57	492	480	493	466
2021-07-21T14:46:27	492	479	492	467
2021-07-21T14:46:57	491	481	494	468
2021-07-21T14:47:27	493	482	495	469
2021-07-21T14:47:57	495	484	496	470
2021-07-21T14:48:27	496	485	497	471
2021-07-21T14:48:57	496	484	498	473
2021-07-21T14:49:27	496	485	498	473
2021-07-21T14:49:57	497	485	499	474
2021-07-21T14:50:27	499	488	499	475
2021-07-21T14:50:57	498	489	502	476
2021-07-21T14:51:27	500	490	503	477
2021-07-21T14:51:57	501	490	503	478
2021-07-21T14:52:27	503	492	505	479
2021-07-21T14:52:57	504	492	505	480
2021-07-21T14:53:27	504	495	507	482
2021-07-21T14:53:57	505	494	509	482
2021-07-21T14:54:27	508	496	509	483
2021-07-21T14:54:57	509	497	510	484
2021-07-21T14:55:27	506	496	510	485
2021-07-21T14:55:57	511	496	510	486
2021-07-21T14:56:27	511	500	513	487
2021-07-21T14:56:57	512	499	514	489
2021-07-21T14:57:27	513	502	515	490
2021-07-21T14:57:57	515	501	517	490
2021-07-21T14:58:27	515	502	515	492
2021-07-21T14:58:57	515	504	517	492
2021-07-21T14:59:27	517	505	518	494
2021-07-21T14:59:57	518	505	518	494
2021-07-21T15:00:27	519	506	521	496
2021-07-21T15:00:57	520	507	522	496
2021-07-21T15:01:27	521	508	521	497
2021-07-21T15:01:57	520	509	523	499
2021-07-21T15:02:27	524	509	524	500
2021-07-21T15:02:57	522	510	525	500
2021-07-21T15:03:27	524	511	525	502
2021-07-21T15:03:57	527	515	528	503
2021-07-21T15:04:27	525	514	528	504
2021-07-21T15:04:57	527	515	528	504
2021-07-21T15:05:27	528	515	529	505
2021-07-21T15:05:57	529	516	532	506
2021-07-21T15:06:27	529	516	532	507
2021-07-21T15:06:57	532	518	534	509
2021-07-21T15:07:27	533	519	535	510
2021-07-21T15:07:57	533	519	533	510
2021-07-21T15:08:27	536	521	536	512
2021-07-21T15:08:57	535	521	537	513
2021-07-21T15:09:27	536	522	538	513
2021-07-21T15:09:57	536	522	539	514
2021-07-21T15:10:27	539	525	540	515
2021-07-21T15:10:57	540	525	541	517
2021-07-21T15:11:27	541	527	541	518
2021-07-21T15:11:57	541	527	543	520
2021-07-21T15:12:27	544	529	545	520
2021-07-21T15:12:57	542	527	544	522
2021-07-21T15:13:27	543	529	545	521
2021-07-21T15:13:57	544	529	547	523
2021-07-21T15:14:27	547	531	548	524
2021-07-21T15:14:57	545	532	548	526
2021-07-21T15:15:27	547	534	549	526
2021-07-21T15:15:57	548	535	550	527
2021-07-21T15:16:27	551	535	551	528
2021-07-21T15:16:57	552	538	552	529
2021-07-21T15:17:27	552	536	553	530
2021-07-21T15:17:57	553	538	554	532
2021-07-21T15:18:27	555	539	555	533
2021-07-21T15:18:57	553	539	557	535
2021-07-21T15:19:27	555	540	557	535
2021-07-21T15:19:57	556	542	559	537
2021-07-21T15:20:27	560	543	560	537
2021-07-21T15:20:57	557	543	560	538
2021-07-21T15:21:27	559	543	560	539
2021-07-21T15:21:57	560	545	561	540
2021-07-21T15:22:27	562	546	563	542
2021-07-21T15:22:57	564	547	565	543
2021-07-21T15:23:27	564	548	565	544
2021-07-21T15:23:57	565	550	567	547
2021-07-21T15:24:27	567	551	566	548
2021-07-21T15:24:57	568	551	569	550
2021-07-21T15:25:27	566	551	568	552
2021-07-21T15:25:57	569	555	571	553
2021-07-21T15:26:27	569	554	570	554
2021-07-21T15:26:57	570	555	572	556
2021-07-21T15:27:27	572	557	574	557
2021-07-21T15:27:57	573	558	574	558
2021-07-21T15:28:27	574	559	575	560
2021-07-21T15:28:57	575	560	576	561
2021-07-21T15:29:27	576	560	579	562
2021-07-21T15:29:57	577	562	579	562
2021-07-21T15:30:27	577	563	579	564
2021-07-21T15:30:57	578	563	578	566
2021-07-21T15:31:27	580	564	582	567
2021-07-21T15:31:57	582	567	584	568
2021-07-21T15:32:27	581	566	583	568
2021-07-21T15:32:57	582	567	583	571
2021-07-21T15:33:27	584	568	585	570
2021-07-21T15:33:57	586	570	587	571
2021-07-21T15:34:27	586	571	588	572
2021-07-21T15:34:57	586	573	589	574
2021-07-21T15:35:27	589	572	589	575
2021-07-21T15:35:57	589	573	591	575
2021-07-21T15:36:27	589	574	592	577
2021-07-21T15:36:57	591	575	592	578
2021-07-21T15:37:27	593	575	592	579
2021-07-21T15:37:57	593	577	594	581
2021-07-21T15:38:27	595	579	596	582
2021-07-21T15:38:57	594	579	597	584
2021-07-21T15:39:27	596	580	598	584
2021-07-21T15:39:57	597	579	599	585
2021-07-21T15:40:27	599	582	600	587
2021-07-21T15:40:57	599	584	602	588
2021-07-21T15:41:27	601	584	602	589
2021-07-21T15:41:57	599	585	601	591
2021-07-21T15:42:27	603	586	604	590
2021-07-21T15:42:57	602	587	606	591
2021-07-21T15:43:27	602	588	606	594
2021-07-21T15:43:57	605	588	607	595
2021-07-21T15:44:27	607	590	609	595
2021-07-21T15:44:57	606	590	609	596
2021-07-21T15:45:27	607	590	608	598
2021-07-21T15:45:57	609	591	610	599
2021-07-21T15:46:27	610	593	613	600
2021-07-21T15:46:57	610	594	612	602
2021-07-21T15:47:27	610	595	612	603
2021-07-21T15:47:57	611	596	614	603
2021-07-21T15:48:27	613	599	615	605
2021-07-21T15:48:57	615	599	617	606
2021-07-21T15:49:27	614	600	617	607
2021-07-21T15:49:57	616	602	618	608
2021-07-21T15:50:27	616	602	620	609
2021-07-21T15:50:57	619	603	621	610
2021-07-21T15:51:27	620	605	620	611
2021-07-21T15:51:57	621	605	622	612
2021-07-21T15:52:27	620	606	622	613
2021-07-21T15:52:57	622	606	624	615
2021-07-21T15:53:27	625	608	626	615
2021-07-21T15:53:57	624	608	626	616
2021-07-21T15:54:27	623	609	627	618
2021-07-21T15:54:57	625	611	629	618
2021-07-21T15:55:27	628	611	628	620
2021-07-21T15:55:57	627	612	630	621
2021-07-21T15:56:27	628	614	631	622
2021-07-21T15:56:57	630	614	632	623
2021-07-21T15:57:27	630	617	633	623
2021-07-21T15:57:57	632	616	634	624
2021-07-21T15:58:27	632	618	634	626
2021-07-21T15:58:57	634	619	636	627
2021-07-21T15:59:27	635	620	637	628
2021-07-21T15:59:57	636	619	638	630
2021-07-21T16:00:27	637	620	637	630
2021-07-21T16:00:57	638	621	639	631
2021-07-21T16:01:27	639	622	641	633
2021-07-21T16:01:57	639	624	641	633
2021-07-21T16:02:27	639	624	642	635
2021-07-21T16:02:57	641	625	644	636
2021-07-21T16:03:27	642	626	644	637
2021-07-21T16:03:57	644	628	645	637
2021-07-21T16:04:27	644	628	646	638
2021-07-21T16:04:57	644	630	647	639
2021-07-21T16:05:27	647	630	647	640
2021-07-21T16:05:57	648	632	650	641
2021-07-21T16:06:27	649	633	650	642
2021-07-21T16:06:57	649	633	650	644
2021-07-21T16:07:27	652	635	652	645
2021-07-21T16:07:57	651	635	653	645
2021-07-21T16:08:27	652	637	653	648
2021-07-21T16:08:57	654	637	655	648
2021-07-21T16:09:27	656	639	656	648
2021-07-21T16:09:57	655	639	658	650
2021-07-21T16:10:27	657	640	657	651
2021-07-21T16:10:57	658	643	659	652
2021-07-21T16:11:27	658	642	660	653
2021-07-21T16:11:57	658	642	661	653
2021-07-21T16:12:27	661	646	663	655
2021-07-21T16:12:57	662	647	664	656
2021-07-21T16:13:27	662	647	664	656
2021-07-21T16:13:57	665	648	665	658
2021-07-21T16:14:27	665	649	666	659
2021-07-21T16:14:57	666	649	667	659
2021-07-21T16:15:27	665	651	669	661
2021-07-21T16:15:57	668	653	669	662
2021-07-21T16:16:27	669	653	670	663
2021-07-21T16:16:57	669	653	671	664
2021-07-21T16:17:27	671	654	673	665
2021-07-21T16:17:57	672	656	674	666
2021-07-21T16:18:27	674	657	674	667
2021-07-21T16:18:57	673	658	674	669
2021-07-21T16:19:27	675	660	677	670
2021-07-21T16:19:57	676	662	677	671
2021-07-21T16:20:27	676	662	679	671
2021-07-21T16:20:57	679	662	680	672
2021-07-21T16:21:27	679	663	681	673
2021-07-21T16:21:57	680	664	680	674
2021-07-21T16:22:27	681	665	682	676
2021-07-21T16:22:57	682	666	684	677
2021-07-21T16:23:27	683	666	684	677
2021-07-21T16:23:57	684	669	686	678
2021-07-21T16:24:27	684	670	687	679
2021-07-21T16:24:57	686	670	687	680
2021-07-21T16:25:27	688	671	688	681
2021-07-21T16:25:57	688	672	690	682
2021-07-21T16:26:27	688	673	690	684
2021-07-21T16:26:57	689	673	692	686
2021-07-21T16:27:27	691	676	693	687
2021-07-21T16:27:57	692	677	694	687
2021-07-21T16:28:27	693	678	694	688
2021-07-21T16:28:57	695	679	695	690
2021-07-21T16:29:27	694	681	696	691
2021-07-21T16:29:57	695	681	698	691
2021-07-21T16:30:27	696	682	699	693
2021-07-21T16:30:57	698	683	700	694
2021-07-21T16:31:27	699	683	700	695
2021-07-21T16:31:57	699	685	702	696
2021-07-21T16:32:27	700	686	703	696
2021-07-21T16:32:57	700	686	703	698
2021-07-21T16:33:27	701	688	704	698
2021-07-21T16:33:57	704	688	705	699
2021-07-21T16:34:27	705	690	706	700
2021-07-21T16:34:57	704	690	708	701
2021-07-21T16:35:27	706	692	707	702
2021-07-21T16:35:57	707	693	709	703
2021-07-21T16:36:27	707	695	710	703
2021-07-21T16:36:57	708	695	712	705
2021-07-21T16:37:27	710	695	712	706
2021-07-21T16:37:57	711	695	712	706
2021-07-21T16:38:27	711	698	714	707
2021-07-21T16:38:57	712	700	716	707
2021-07-21T16:39:27	714	700	716	709
2021-07-21T16:39:57	714	700	717	710
2021-07-21T16:40:27	714	701	718	711
2021-07-21T16:40:57	715	702	719	712
2021-07-21T16:41:27	717	703	719	713
2021-07-21T16:41:57	719	704	720	714
2021-07-21T16:42:27	719	706	722	715
2021-07-21T16:42:57	720	707	724	716
2021-07-21T16:43:27	721	706	723	717
2021-07-21T16:43:57	722	708	724	718
2021-07-21T16:44:27	722	710	726	719
2021-07-21T16:44:57	724	713	726	719
2021-07-21T16:45:27	726	712	727	720
2021-07-21T16:45:57	727	713	729	722
2021-07-21T16:46:27	727	714	729	723
2021-07-21T16:46:57	727	715	730	722
2021-07-21T16:47:27	730	716	732	725
2021-07-21T16:47:57	731	717	732	726
2021-07-21T16:48:27	732	720	733	725
2021-07-21T16:48:57	733	719	734	728
2021-07-21T16:49:27	733	720	735	729
2021-07-21T16:49:57	734	721	737	729
2021-07-21T16:50:27	734	721	736	730
2021-07-21T16:50:57	735	722	738	731
2021-07-21T16:51:27	736	724	739	732
2021-07-21T16:51:57	739	726	740	733
2021-07-21T16:52:27	740	726	741	734
2021-07-21T16:52:57	741	727	742	735
2021-07-21T16:53:27	740	728	744	736
2021-07-21T16:53:57	742	729	743	737
2021-07-21T16:54:27	744	731	745	738
2021-07-21T16:54:57	745	731	746	739
2021-07-21T16:55:27	747	732	747	740
2021-07-21T16:55:57	747	733	747	742
2021-07-21T16:56:27	748	735	749	742
2021-07-21T16:56:57	749	735	750	743
2021-07-21T16:57:27	749	735	750	743
2021-07-21T16:57:57	750	738	752	745
2021-07-21T16:58:27	753	738	753	746
2021-07-21T16:58:57	751	740	755	747
2021-07-21T16:59:27	754	740	754	748
2021-07-21T16:59:57	754	743	757	748
2021-07-21T17:00:27	756	744	757	749
2021-07-21T17:00:57	756	744	758	750
2021-07-21T17:01:27	758	745	759	751
2021-07-21T17:01:57	759	745	760	751
2021-07-21T17:02:27	760	745	762	752
2021-07-21T17:02:57	759	748	763	753
2021-07-21T17:03:27	761	749	764	755
2021-07-21T17:03:57	763	749	763	755
2021-07-21T17:04:27	764	752	766	755
2021-07-21T17:04:57	763	751	765	756
2021-07-21T17:05:27	765	752	767	757
2021-07-21T17:05:57	767	752	769	757
2021-07-21T17:06:27	766	755	770	758
2021-07-21T17:06:57	767	756	770	759
2021-07-21T17:07:27	769	756	770	760
2021-07-21T17:07:57	771	758	772	761
2021-07-21T17:08:27	769	758	773	762
2021-07-21T17:08:57	772	761	775	763
2021-07-21T17:09:27	772	762	776	764
2021-07-21T17:09:57	774	763	776	765
2021-07-21T17:10:27	774	762	777	766
2021-07-21T17:10:57	775	763	777	767
2021-07-21T17:11:27	776	764	778	767
2021-07-21T17:11:57	779	765	780	768
2021-07-21T17:12:27	778	766	781	770
2021-07-21T17:12:57	779	768	782	770
2021-07-21T17:13:27	780	768	783	771
2021-07-21T17:13:57	781	768	784	772
2021-07-21T17:14:27	781	770	786	772
2021-07-21T17:14:57	782	771	786	774
2021-07-21T17:15:27	784	772	788	775
2021-07-21T17:15:57	784	772	788	777
2021-07-21T17:16:27	786	774	790	777
2021-07-21T17:16:57	787	775	790	778
2021-07-21T17:17:27	788	776	791	780
2021-07-21T17:17:57	789	776	791	780
2021-07-21T17:18:27	790	778	792	781
2021-07-21T17:18:57	790	780	795	781
2021-07-21T17:19:27	792	780	794	783
2021-07-21T17:19:57	794	781	796	784
2021-07-21T17:20:27	793	782	797	785
2021-07-21T17:20:57	796	783	798	786
2021-07-21T17:21:27	796	784	799	787
2021-07-21T17:21:57	796	784	800	788
2021-07-21T17:22:27	798	786	801	789
2021-07-21T17:22:57	799	786	801	790
2021-07-21T17:23:27	801	788	802	791
2021-07-21T17:23:57	802	788	804	792
2021-07-21T17:24:27	802	789	804	795
2021-07-21T17:24:57	803	791	806	795
2021-07-21T17:25:27	805	791	806	796
2021-07-21T17:25:57	806	793	807	797
2021-07-21T17:26:27	806	794	809	798
2021-07-21T17:26:57	808	794	809	799
2021-07-21T17:27:27	809	795	811	800
2021-07-21T17:27:57	810	796	812	801
2021-07-21T17:28:27	810	798	813	803
2021-07-21T17:28:57	811	797	813	803
2021-07-21T17:29:27	813	799	816	804
2021-07-21T17:29:57	814	800	815	805
2021-07-21T17:30:27	814	802	817	806
2021-07-21T17:30:57	815	801	817	808
2021-07-21T17:31:27	817	802	819	809
2021-07-21T17:31:57	817	803	819	810
2021-07-21T17:32:27	819	804	820	811
2021-07-21T17:32:57	819	805	822	812
2021-07-21T17:33:27	821	805	822	814
2021-07-21T17:33:57	822	806	823	814
2021-07-21T17:34:27	822	807	824	816
2021-07-21T17:34:57	824	809	826	817
2021-07-21T17:35:27	825	810	825	818
2021-07-21T17:35:57	824	811	828	818
2021-07-21T17:36:27	825	812	829	819
2021-07-21T17:36:57	828	811	828	820
2021-07-21T17:37:27	829	813	830	822
2021-07-21T17:37:57	828	815	831	823
2021-07-21T17:38:27	830	816	833	825
2021-07-21T17:38:57	831	816	831	826
2021-07-21T17:39:27	831	816	834	826
2021-07-21T17:39:57	832	819	834	828
2021-07-21T17:40:27	835	820	837	829
2021-07-21T17:40:57	836	820	837	830
2021-07-21T17:41:27	835	821	839	831
2021-07-21T17:41:57	836	822	840	832
2021-07-21T17:42:27	838	822	840	832
2021-07-21T17:42:57	838	823	842	833
2021-07-21T17:43:27	838	825	843	834
2021-07-21T17:43:57	840	824	842	834
2021-07-21T17:44:27	841	826	844	836
2021-07-21T17:44:57	841	827	844	838
2021-07-21T17:45:27	844	828	846	839
2021-07-21T17:45:57	845	830	847	839
2021-07-21T17:46:27	844	832	849	840
2021-07-21T17:46:57	845	832	848	841
2021-07-21T17:47:27	847	833	851	844
2021-07-21T17:47:57	848	833	850	844
2021-07-21T17:48:27	848	834	852	844
2021-07-21T17:48:57	850	835	851	847
2021-07-21T17:49:27	850	836	853	847
2021-07-21T17:49:57	852	838	855	847
2021-07-21T17:50:27	852	840	857	849
2021-07-21T17:50:57	853	840	857	850
2021-07-21T17:51:27	856	839	857	851
2021-07-21T17:51:57	857	841	857	852
2021-07-21T17:52:27	859	842	860	853
2021-07-21T17:52:57	859	844	861	854
2021-07-21T17:53:27	858	845	862	855
2021-07-21T17:53:57	859	846	863	857
2021-07-21T17:54:27	860	847	864	857
2021-07-21T17:54:57	861	846	864	859
2021-07-21T17:55:27	863	848	865	860
2021-07-21T17:55:57	863	850	866	861
2021-07-21T17:56:28	864	851	868	860
2021-07-21T17:56:58	865	852	868	864
2021-07-21T17:57:28	868	853	870	864
2021-07-21T17:57:58	867	852	869	865
2021-07-21T17:58:28	869	855	871	866
2021-07-21T17:58:58	869	856	872	868
2021-07-21T17:59:28	871	856	873	868
2021-07-21T17:59:58	871	858	875	870
2021-07-21T18:00:28	873	860	876	872
2021-07-21T18:00:58	873	860	877	872
2021-07-21T18:01:28	875	861	877	873
2021-07-21T18:01:58	876	862	879	874
2021-07-21T18:02:28	876	863	880	876
2021-07-21T18:02:58	877	863	880	876
2021-07-21T18:03:28	880	866	882	878
2021-07-21T18:03:58	881	866	883	878
2021-07-21T18:04:28	881	868	884	881
2021-07-21T18:04:58	881	867	885	880
2021-07-21T18:05:28	882	869	886	881
2021-07-21T18:05:58	885	870	887	883
2021-07-21T18:06:28	886	870	887	885
2021-07-21T18:06:58	887	874	889	884
2021-07-21T18:07:28	888	874	890	886
2021-07-21T18:07:58	888	875	892	887
2021-07-21T18:08:28	890	875	892	888
2021-07-21T18:08:58	891	877	893	890
2021-07-21T18:09:28	892	876	893	890
2021-07-21T18:09:58	893	879	895	892
2021-07-21T18:10:28	894	879	895	892
2021-07-21T18:10:58	894	880	896	893
2021-07-21T18:11:28	895	881	898	895
2021-07-21T18:11:58	896	883	900	896
2021-07-21T18:12:28	898	884	899	898
2021-07-21T18:12:58	899	885	900	898
2021-07-21T18:13:28	900	884	902	899
2021-07-21T18:13:58	898	886	903	900
2021-07-21T18:14:28	899	887	903	901
2021-07-21T18:14:58	899	887	902	901
2021-07-21T18:15:28	899	887	901	902
2021-07-21T18:15:58	900	887	901	902
2021-07-21T18:16:28	900	889	902	902
2021-07-21T18:16:58	900	888	903	903
2021-07-21T18:17:28	900	889	903	903
2021-07-21T18:17:58	900	888	902	904
2021-07-21T18:18:28	900	889	902	904
2021-07-21T18:18:58	900	888	901	904
2021-07-21T18:19:28	900	890	903	905
2021-07-21T18:19:58	899	890	901	905
2021-07-21T18:20:28	900	890	903	904
2021-07-21T18:20:58	899	891	903	904
2021-07-21T18:21:28	900	891	902	904
2021-07-21T18:21:58	900	891	901	905
2021-07-21T18:22:28	900	890	902	906
2021-07-21T18:22:58	899	892	901	906
2021-07-21T18:23:28	898	891	901	906
2021-07-21T18:23:58	900	892	901	907
2021-07-21T18:24:28	900	891	902	906
2021-07-21T18:24:58	900	892	901	906
2021-07-21T18:25:28	900	893	902	906
2021-07-21T18:25:58	899	894	901	907
2021-07-21T18:26:28	898	893	901	907
2021-07-21T18:26:58	901	893	901	907
2021-07-21T18:27:28	900	893	902	907
2021-07-21T18:27:58	899	893	902	907
2021-07-21T18:28:28	900	893	902	907
2021-07-21T18:28:58	899	893	902	907
2021-07-21T18:29:28	899	894	902	908
2021-07-21T18:29:58	898	894	902	909
2021-07-21T18:30:28	900	894	902	909
2021-07-21T18:30:58	900	894	902	908
2021-07-21T18:31:28	899	895	902	908
2021-07-21T18:31:58	901	895	903	908
2021-07-21T18:32:28	900	895	903	908
2021-07-21T18:32:58	901	895	903	908
2021-07-21T18:33:28	900	894	902	909
2021-07-21T18:33:58	899	895	902	909
2021-07-21T18:34:28	900	896	902	909
2021-07-21T18:34:58	899	896	902	909
2021-07-21T18:35:28	901	897	903	910
2021-07-21T18:35:58	900	896	903	909
2021-07-21T18:36:28	900	896	902	909
2021-07-21T18:36:58	900	898	903	909
2021-07-21T18:37:28	900	898	902	909
2021-07-21T18:37:58	899	898	902	909
2021-07-21T18:38:28	900	899	903	910
2021-07-21T18:38:58	900	898	903	910
2021-07-21T18:39:28	900	898	903	909
2021-07-21T18:39:58	900	899	903	909
2021-07-21T18:40:28	899	898	902	909
2021-07-21T18:40:58	899	900	903	909
2021-07-21T18:41:28	901	899	902	910
2021-07-21T18:41:58	901	900	903	910
2021-07-21T18:42:28	899	899	902	910
2021-07-21T18:42:58	901	900	904	910
2021-07-21T18:43:28	900	900	902	910
2021-07-21T18:43:58	899	899	902	910
2021-07-21T18:44:28	900	900	902	910
2021-07-21T18:44:58	899	899	902	910
2021-07-21T18:45:28	900	900	903	910
2021-07-21T18:45:58	899	900	903	910
2021-07-21T18:46:28	899	899	902	911
2021-07-21T18:46:58	899	901	903	910
2021-07-21T18:47:28	900	900	903	910
2021-07-21T18:47:58	899	901	904	910
2021-07-21T18:48:28	900	900	904	910
2021-07-21T18:48:58	900	900	903	910
2021-07-21T18:49:28	901	900	902	910
2021-07-21T18:49:58	900	901	903	911
2021-07-21T18:50:28	900	900	902	911
2021-07-21T18:50:58	900	900	903	911
2021-07-21T18:51:28	900	900	903	910
2021-07-21T18:51:58	900	900	902	911
2021-07-21T18:52:28	901	900	903	911
2021-07-21T18:52:58	900	900	903	911
2021-07-21T18:53:28	901	900	902	911
2021-07-21T18:53:58	901	900	902	911
2021-07-21T18:54:28	901	900	902	911
2021-07-21T18:54:58	901	900	902	911
2021-07-21T18:55:28	901	901	902	911
2021-07-21T18:55:58	901	901	902	911
2021-07-21T18:56:28	901	900	902	911
2021-07-21T18:56:58	901	900	903	911
2021-07-21T18:57:28	902	900	902	911
2021-07-21T18:57:58	901	900	902	911
2021-07-21T18:58:28	902	900	903	911
2021-07-21T18:58:58	902	900	902	912
2021-07-21T18:59:28	902	900	902	911
2021-07-21T18:59:58	902	900	902	911
2021-07-21T19:00:28	902	901	903	911
2021-07-21T19:00:58	902	901	902	911
2021-07-21T19:01:28	902	901	902	912
2021-07-21T19:01:58	902	900	903	912
2021-07-21T19:02:28	902	900	902	912
2021-07-21T19:02:58	902	901	902	912
2021-07-21T19:03:28	903	900	902	912
2021-07-21T19:03:58	903	900	903	912
2021-07-21T19:04:28	902	900	903	912
2021-07-21T19:04:58	903	900	902	912
2021-07-21T19:05:28	903	901	902	912
2021-07-21T19:05:58	902	901	903	912
2021-07-21T19:06:28	903	900	903	912
2021-07-21T19:06:58	903	901	903	912
2021-07-21T19:07:28	903	901	902	912
2021-07-21T19:07:58	903	901	902	912
2021-07-21T19:08:28	903	901	902	912
2021-07-21T19:08:58	903	901	902	912
2021-07-21T19:09:28	903	900	902	912
2021-07-21T19:09:58	903	900	902	912
2021-07-21T19:10:28	903	900	902	912
2021-07-21T19:10:58	904	901	902	912
2021-07-21T19:11:28	903	901	902	912
2021-07-21T19:11:58	903	901	902	912
2021-07-21T19:12:28	903	900	902	912
2021-07-21T19:12:58	904	901	902	912
2021-07-21T19:13:28	904	900	902	912
2021-07-21T19:13:58	904	901	902	912
2021-07-21T19:14:28	904	901	902	913
2021-07-21T19:14:58	904	901	902	913
2021-07-21T19:15:28	904	901	902	913
2021-07-21T19:15:58	904	901	902	913
2021-07-21T19:16:28	904	900	902	913
2021-07-21T19:16:58	904	901	902	913
2021-07-21T19:17:28	904	900	902	913
2021-07-21T19:17:58	904	901	902	913
2021-07-21T19:18:28	904	901	903	913
2021-07-21T19:18:58	904	900	902	913
2021-07-21T19:19:28	904	900	902	913
2021-07-21T19:19:58	904	901	902	913
2021-07-21T19:20:28	904	901	902	913
2021-07-21T19:20:58	905	900	902	913
2021-07-21T19:21:28	905	901	902	913
2021-07-21T19:21:58	904	901	903	913
2021-07-21T19:22:28	905	901	902	913
2021-07-21T19:22:58	905	901	902	913
2021-07-21T19:23:28	905	901	902	913
2021-07-21T19:23:58	906	901	902	913
2021-07-21T19:24:28	905	900	902	913
2021-07-21T19:24:58	905	901	903	913
2021-07-21T19:25:28	906	901	902	913
2021-07-21T19:25:58	905	902	903	913
2021-07-21T19:26:28	906	901	903	913
2021-07-21T19:26:58	905	901	903	913
2021-07-21T19:27:28	906	901	903	913
2021-07-21T19:27:58	905	901	903	913
2021-07-21T19:28:28	906	900	903	913
2021-07-21T19:28:58	906	900	903	913
2021-07-21T19:29:28	905	900	903	913
2021-07-21T19:29:58	905	901	903	914
2021-07-21T19:30:28	906	901	903	914
2021-07-21T19:30:58	906	901	903	913
2021-07-21T19:31:28	906	901	903	913
2021-07-21T19:31:58	906	901	903	913
2021-07-21T19:32:28	906	901	902	913
2021-07-21T19:32:58	906	901	903	913
2021-07-21T19:33:28	906	901	902	913
2021-07-21T19:33:58	906	900	902	913
2021-07-21T19:34:28	906	901	902	913
2021-07-21T19:34:58	906	901	902	914
2021-07-21T19:35:28	905	901	902	913
2021-07-21T19:35:58	906	901	902	913
2021-07-21T19:36:28	905	900	902	914
2021-07-21T19:36:58	906	901	902	914
2021-07-21T19:37:28	906	901	902	913
2021-07-21T19:37:58	907	900	902	914
2021-07-21T19:38:28	907	900	903	914
2021-07-21T19:38:58	906	901	902	914
2021-07-21T19:39:28	906	900	902	914
2021-07-21T19:39:58	907	901	903	914
2021-07-21T19:40:28	905	901	902	914
2021-07-21T19:40:58	907	901	902	914
2021-07-21T19:41:28	906	900	902	914
2021-07-21T19:41:58	906	901	902	914
2021-07-21T19:42:28	907	900	902	914
2021-07-21T19:42:58	907	901	902	914
2021-07-21T19:43:28	907	901	902	914
2021-07-21T19:43:58	906	901	902	914
2021-07-21T19:44:28	904	899	901	913
2021-07-21T19:44:58	806	826	885	910
2021-07-21T19:45:28	754	770	830	897
2021-07-21T19:45:58	708	715	780	897
2021-07-21T19:46:28	585	605	672	887
2021-07-21T19:46:58	502	512	602	867
2021-07-21T19:47:28	460	463	578	847
2021-07-21T19:47:58	430	433	542	833
2021-07-21T19:48:28	408	405	528	813
2021-07-21T19:48:58	392	391	505	795
2021-07-21T19:49:28	375	371	492	778
2021-07-21T19:49:58	360	353	471	763
2021-07-21T19:50:28	345	340	454	750
2021-07-21T19:50:58	336	326	439	741
2021-07-21T19:51:28	323	313	429	729
2021-07-21T19:51:58	309	307	417	718
2021-07-21T19:52:28	304	294	406	708
