time	T1	T2	T3	T4
2021-09-24T18:13:05	25	28	29	27
2021-09-24T18:13:35	25	29	29	27
2021-09-24T18:14:05	26	29	29	27
2021-09-24T18:14:35	28	30	31	27
2021-09-24T18:15:05	31	33	34	28
2021-09-24T18:15:35	31	35	34	28
2021-09-24T18:16:05	31	35	34	29
2021-09-24T18:16:35	31	35	34	29
2021-09-24T18:17:05	31	35	34	29
2021-09-24T18:17:35	34	38	38	30
2021-09-24T18:18:05	35	40	38	31
2021-09-24T18:18:35	34	40	38	31
2021-09-24T18:19:05	36	40	38	32
2021-09-24T18:19:35	40	42	42	32
2021-09-24T18:20:05	41	45	43	33
2021-09-24T18:20:35	41	45	42	34
2021-09-24T18:21:05	40	44	42	35
2021-09-24T18:21:35	43	47	46	35
2021-09-24T18:22:05	43	48	46	36
2021-09-24T18:22:35	42	48	45	37
2021-09-24T18:23:05	44	49	48	38
2021-09-24T18:23:35	44	51	48	38
2021-09-24T18:24:05	45	50	48	40
2021-09-24T18:24:35	51	54	52	41
2021-09-24T18:25:05	52	56	52	42
2021-09-24T18:25:35	51	55	52	42
2021-09-24T18:26:05	53	56	53	43
2021-09-24T18:26:35	54	57	54	44
2021-09-24T18:27:05	52	57	54	45
2021-09-24T18:27:35	54	58	58	45
2021-09-24T18:28:05	55	60	58	46
2021-09-24T18:28:35	53	60	57	47
2021-09-24T18:29:05	58	61	60	47
2021-09-24T18:29:35	59	64	61	48
2021-09-24T18:30:05	58	64	61	48
2021-09-24T18:30:35	59	65	63	49
2021-09-24T18:31:05	59	65	63	49
2021-09-24T18:31:35	59	67	64	50
2021-09-24T18:32:05	61	67	64	50
2021-09-24T18:32:35	63	68	66	51
2021-09-24T18:33:05	65	70	67	52
2021-09-24T18:33:35	64	70	68	53
2021-09-24T18:34:05	65	71	69	53
2021-09-24T18:34:35	65	72	70	54
2021-09-24T18:35:05	66	73	71	54
2021-09-24T18:35:35	66	73	71	55
2021-09-24T18:36:05	72	77	74	56
2021-09-24T18:36:35	72	77	73	57
2021-09-24T18:37:05	72	78	76	57
2021-09-24T18:37:35	73	80	76	58
2021-09-24T18:38:05	73	79	75	59
2021-09-24T18:38:35	73	81	78	60
2021-09-24T18:39:05	73	81	77	60
2021-09-24T18:39:35	79	84	80	61
2021-09-24T18:40:05	79	84	79	62
2021-09-24T18:40:35	80	85	82	62
2021-09-24T18:41:05	79	86	82	63
2021-09-24T18:41:35	80	87	84	64
2021-09-24T18:42:05	79	87	83	65
2021-09-24T18:42:35	85	89	87	65
2021-09-24T18:43:05	84	90	86	66
2021-09-24T18:43:35	85	92	88	67
2021-09-24T18:44:05	84	91	87	68
2021-09-24T18:44:35	85	93	90	68
2021-09-24T18:45:05	85	93	89	70
2021-09-24T18:45:35	90	95	92	70
2021-09-24T18:46:05	91	96	91	71
2021-09-24T18:46:35	92	97	93	72
2021-09-24T18:47:05	91	98	93	72
2021-09-24T18:47:35	91	99	96	73
2021-09-24T18:48:05	91	101	95	74
2021-09-24T18:48:35	95	101	99	74
2021-09-24T18:49:05	96	102	97	75
2021-09-24T18:49:35	96	103	99	76
2021-09-24T18:50:05	96	104	100	76
2021-09-24T18:50:35	97	104	100	77
2021-09-24T18:51:05	99	106	101	78
2021-09-24T18:51:35	100	107	103	78
2021-09-24T18:52:05	99	108	103	79
2021-09-24T18:52:35	103	108	104	80
2021-09-24T18:53:05	105	110	106	81
2021-09-24T18:53:35	104	110	106	81
2021-09-24T18:54:05	104	112	108	82
2021-09-24T18:54:35	107	113	110	83
2021-09-24T18:55:05	109	114	110	84
2021-09-24T18:55:35	108	114	109	85
2021-09-24T18:56:05	109	116	111	85
2021-09-24T18:56:35	108	116	112	86
2021-09-24T18:57:05	112	119	115	87
2021-09-24T18:57:35	110	119	113	88
2021-09-24T18:58:05	111	121	116	88
2021-09-24T18:58:35	112	121	116	89
2021-09-24T18:59:05	117	123	117	90
2021-09-24T18:59:35	117	123	118	91
2021-09-24T19:00:05	116	124	119	92
2021-09-24T19:00:35	117	125	119	92
2021-09-24T19:01:05	120	127	122	93
2021-09-24T19:01:35	120	126	121	94
2021-09-24T19:02:05	120	128	123	95
2021-09-24T19:02:35	120	130	124	95
2021-09-24T19:03:05	122	129	123	96
2021-09-24T19:03:35	123	132	127	97
2021-09-24T19:04:05	122	132	126	98
2021-09-24T19:04:35	127	134	128	98
2021-09-24T19:05:05	126	134	127	99
2021-09-24T19:05:35	127	135	130	100
2021-09-24T19:06:05	126	136	130	101
2021-09-24T19:06:35	132	139	133	101
2021-09-24T19:07:05	130	139	131	102
2021-09-24T19:07:35	131	140	135	103
2021-09-24T19:08:05	130	141	135	104
2021-09-24T19:08:35	133	141	134	105
2021-09-24T19:09:05	133	141	135	105
2021-09-24T19:09:35	134	144	138	106
2021-09-24T19:10:05	137	145	139	107
2021-09-24T19:10:35	137	146	139	108
2021-09-24T19:11:05	136	147	139	109
2021-09-24T19:11:35	140	149	143	110
2021-09-24T19:12:05	140	149	142	111
2021-09-24T19:12:35	139	148	142	111
2021-09-24T19:13:05	142	151	145	112
2021-09-24T19:13:35	142	151	147	113
2021-09-24T19:14:05	143	152	145	114
2021-09-24T19:14:35	145	154	148	115
2021-09-24T19:15:05	146	155	149	116
2021-09-24T19:15:35	144	155	148	116
2021-09-24T19:16:05	151	155	151	117
2021-09-24T19:16:35	151	158	151	118
2021-09-24T19:17:05	148	156	151	119
2021-09-24T19:17:35	152	160	155	119
2021-09-24T19:18:05	152	159	153	121
2021-09-24T19:18:35	152	160	157	121
2021-09-24T19:19:05	154	162	156	122
2021-09-24T19:19:35	153	162	156	123
2021-09-24T19:20:05	154	164	158	124
2021-09-24T19:20:35	157	164	159	124
2021-09-24T19:21:05	158	166	160	125
2021-09-24T19:21:35	157	165	161	126
2021-09-24T19:22:05	161	168	162	127
2021-09-24T19:22:35	161	169	163	128
2021-09-24T19:23:05	159	170	164	129
2021-09-24T19:23:35	162	170	164	130
2021-09-24T19:24:05	166	172	167	131
2021-09-24T19:24:35	164	172	167	132
2021-09-24T19:25:05	163	173	167	132
2021-09-24T19:25:35	167	174	170	133
2021-09-24T19:26:05	165	173	169	134
2021-09-24T19:26:35	169	174	171	135
2021-09-24T19:27:05	170	176	170	136
2021-09-24T19:27:35	169	177	173	136
2021-09-24T19:28:05	169	177	171	137
2021-09-24T19:28:35	174	181	177	138
2021-09-24T19:29:05	173	180	175	139
2021-09-24T19:29:35	172	182	177	139
2021-09-24T19:30:05	175	183	178	140
2021-09-24T19:30:35	174	184	179	141
2021-09-24T19:31:05	176	183	178	141
2021-09-24T19:31:35	179	185	183	142
2021-09-24T19:32:05	178	186	181	143
2021-09-24T19:32:35	179	187	182	144
2021-09-24T19:33:05	181	188	184	145
2021-09-24T19:33:35	181	189	183	146
2021-09-24T19:34:05	183	191	187	147
2021-09-24T19:34:35	181	191	185	148
2021-09-24T19:35:05	186	192	187	148
2021-09-24T19:35:35	185	192	188	149
2021-09-24T19:36:05	185	193	190	150
2021-09-24T19:36:35	187	195	190	151
2021-09-24T19:37:05	190	196	192	152
2021-09-24T19:37:35	190	197	192	153
2021-09-24T19:38:05	189	199	192	154
2021-09-24T19:38:35	191	199	194	155
2021-09-24T19:39:05	195	200	196	155
2021-09-24T19:39:35	194	200	195	156
2021-09-24T19:40:05	194	201	197	157
2021-09-24T19:40:35	195	201	198	158
2021-09-24T19:41:05	197	203	199	159
2021-09-24T19:41:35	196	204	200	160
2021-09-24T19:42:05	199	205	202	161
2021-09-24T19:42:35	199	204	201	161
2021-09-24T19:43:05	200	206	203	162
2021-09-24T19:43:35	201	207	204	163
2021-09-24T19:44:05	202	209	206	164
2021-09-24T19:44:35	202	210	204	165
2021-09-24T19:45:05	208	211	208	166
2021-09-24T19:45:35	206	211	207	167
2021-09-24T19:46:05	205	213	208	168
2021-09-24T19:46:35	207	214	210	168
2021-09-24T19:47:05	208	215	210	169
2021-09-24T19:47:35	211	217	211	170
2021-09-24T19:48:05	210	217	213	171
2021-09-24T19:48:35	210	217	213	172
2021-09-24T19:49:05	214	220	215	173
2021-09-24T19:49:35	212	220	215	174
2021-09-24T19:50:05	216	222	219	175
2021-09-24T19:50:35	213	221	217	176
2021-09-24T19:51:05	217	223	219	177
2021-09-24T19:51:35	216	224	220	177
2021-09-24T19:52:05	218	225	219	179
2021-09-24T19:52:35	218	225	220	179
2021-09-24T19:53:05	219	226	221	180
2021-09-24T19:53:35	223	227	224	181
2021-09-24T19:54:05	222	227	225	182
2021-09-24T19:54:35	223	228	225	183
2021-09-24T19:55:05	223	230	225	184
2021-09-24T19:55:35	226	230	226	184
2021-09-24T19:56:05	225	232	228	185
2021-09-24T19:56:35	227	231	229	186
2021-09-24T19:57:05	227	233	229	187
2021-09-24T19:57:35	230	236	234	188
2021-09-24T19:58:05	228	236	232	189
2021-09-24T19:58:35	230	237	233	190
2021-09-24T19:59:05	230	237	235	191
2021-09-24T19:59:35	232	238	235	192
2021-09-24T20:00:05	234	239	236	193
2021-09-24T20:00:35	233	240	237	194
2021-09-24T20:01:05	235	242	239	194
2021-09-24T20:01:35	236	242	239	195
2021-09-24T20:02:05	237	243	239	196
2021-09-24T20:02:35	236	245	241	197
2021-09-24T20:03:05	239	246	242	198
2021-09-24T20:03:35	241	247	243	199
2021-09-24T20:04:05	241	249	244	200
2021-09-24T20:04:35	244	249	245	201
2021-09-24T20:05:05	242	249	244	202
2021-09-24T20:05:35	243	250	247	203
2021-09-24T20:06:05	247	253	248	204
2021-09-24T20:06:35	245	253	248	205
2021-09-24T20:07:05	247	254	248	206
2021-09-24T20:07:35	248	255	249	206
2021-09-24T20:08:05	250	256	253	208
2021-09-24T20:08:35	248	256	252	209
2021-09-24T20:09:05	252	258	254	210
2021-09-24T20:09:35	251	259	255	210
2021-09-24T20:10:05	252	259	254	211
2021-09-24T20:10:35	256	261	258	212
2021-09-24T20:11:05	254	262	258	213
2021-09-24T20:11:35	256	264	260	214
2021-09-24T20:12:05	257	264	260	215
2021-09-24T20:12:35	255	265	258	216
2021-09-24T20:13:05	260	267	262	217
2021-09-24T20:13:35	258	267	262	218
2021-09-24T20:14:05	262	268	263	218
2021-09-24T20:14:35	262	270	265	220
2021-09-24T20:15:05	261	270	263	221
2021-09-24T20:15:35	265	272	267	222
2021-09-24T20:16:05	264	273	267	223
2021-09-24T20:16:35	266	274	269	224
2021-09-24T20:17:05	265	274	268	224
2021-09-24T20:17:35	270	276	270	225
2021-09-24T20:18:05	268	277	270	226
2021-09-24T20:18:35	270	279	273	227
2021-09-24T20:19:05	269	279	272	228
2021-09-24T20:19:35	274	280	275	229
2021-09-24T20:20:05	271	281	274	230
2021-09-24T20:20:35	275	282	277	231
2021-09-24T20:21:05	274	282	276	232
2021-09-24T20:21:35	275	283	277	233
2021-09-24T20:22:05	278	284	280	235
2021-09-24T20:22:35	276	285	279	235
2021-09-24T20:23:05	279	286	280	236
2021-09-24T20:23:35	277	286	281	237
2021-09-24T20:24:05	280	288	283	237
2021-09-24T20:24:35	282	288	282	240
2021-09-24T20:25:05	284	289	286	241
2021-09-24T20:25:35	281	289	284	242
2021-09-24T20:26:05	285	292	287	241
2021-09-24T20:26:35	283	292	286	242
2021-09-24T20:27:05	288	293	290	244
2021-09-24T20:27:35	286	294	288	245
2021-09-24T20:28:05	287	294	289	246
2021-09-24T20:28:35	290	296	291	247
2021-09-24T20:29:05	288	296	293	248
2021-09-24T20:29:35	291	297	294	249
2021-09-24T20:30:05	290	298	295	250
2021-09-24T20:30:35	292	299	294	251
2021-09-24T20:31:05	293	300	296	252
2021-09-24T20:31:35	293	301	297	253
2021-09-24T20:32:05	297	302	299	254
2021-09-24T20:32:35	296	303	301	255
2021-09-24T20:33:05	298	304	300	256
2021-09-24T20:33:35	298	305	301	257
2021-09-24T20:34:05	300	305	302	258
2021-09-24T20:34:35	298	306	303	259
2021-09-24T20:35:05	302	306	304	260
2021-09-24T20:35:35	302	309	308	261
2021-09-24T20:36:05	303	309	307	262
2021-09-24T20:36:35	304	311	307	263
2021-09-24T20:37:05	305	312	308	264
2021-09-24T20:37:35	306	312	308	265
2021-09-24T20:38:05	308	313	311	266
2021-09-24T20:38:35	308	312	309	267
2021-09-24T20:39:05	309	314	312	268
2021-09-24T20:39:35	311	315	312	268
2021-09-24T20:40:05	310	316	313	270
2021-09-24T20:40:35	312	317	315	271
2021-09-24T20:41:05	310	318	315	272
2021-09-24T20:41:35	316	319	318	273
2021-09-24T20:42:05	314	320	317	274
2021-09-24T20:42:35	317	322	320	275
2021-09-24T20:43:05	315	322	319	276
2021-09-24T20:43:35	320	323	322	277
2021-09-24T20:44:05	318	322	321	278
2021-09-24T20:44:35	320	324	322	279
2021-09-24T20:45:05	321	324	323	280
2021-09-24T20:45:35	322	325	325	281
2021-09-24T20:46:05	321	326	324	282
2021-09-24T20:46:35	324	327	326	283
2021-09-24T20:47:05	325	327	327	284
2021-09-24T20:47:35	328	329	330	285
2021-09-24T20:48:05	324	330	329	286
2021-09-24T20:48:35	329	330	331	286
2021-09-24T20:49:05	328	330	330	287
2021-09-24T20:49:35	329	332	332	289
2021-09-24T20:50:05	330	333	333	289
2021-09-24T20:50:35	333	335	334	290
2021-09-24T20:51:05	332	336	334	292
2021-09-24T20:51:35	335	336	337	293
2021-09-24T20:52:05	336	337	338	294
2021-09-24T20:52:35	334	339	339	294
2021-09-24T20:53:05	339	338	339	295
2021-09-24T20:53:35	338	340	341	297
2021-09-24T20:54:05	341	340	341	298
2021-09-24T20:54:35	338	341	340	298
2021-09-24T20:55:05	343	341	342	299
2021-09-24T20:55:35	341	343	345	300
2021-09-24T20:56:05	341	343	343	301
2021-09-24T20:56:35	344	345	346	302
2021-09-24T20:57:05	346	344	345	303
2021-09-24T20:57:35	347	346	348	305
2021-09-24T20:58:05	347	347	348	305
2021-09-24T20:58:35	345	348	350	306
2021-09-24T20:59:05	349	349	352	307
2021-09-24T20:59:35	348	349	351	309
2021-09-24T21:00:05	350	350	352	310
2021-09-24T21:00:35	354	352	355	311
2021-09-24T21:01:05	350	353	355	312
2021-09-24T21:01:35	354	353	357	313
2021-09-24T21:02:05	352	354	356	314
2021-09-24T21:02:35	359	356	359	315
2021-09-24T21:03:05	354	355	357	316
2021-09-24T21:03:35	357	356	361	317
2021-09-24T21:04:05	359	358	361	319
2021-09-24T21:04:35	356	358	360	320
2021-09-24T21:05:05	361	359	362	321
2021-09-24T21:05:35	362	360	364	322
2021-09-24T21:06:05	360	360	363	323
2021-09-24T21:06:35	364	361	366	324
2021-09-24T21:07:05	364	362	366	325
2021-09-24T21:07:35	366	364	368	326
2021-09-24T21:08:05	364	364	367	327
2021-09-24T21:08:35	366	365	370	328
2021-09-24T21:09:05	371	366	371	330
2021-09-24T21:09:35	367	366	369	331
2021-09-24T21:10:05	371	367	372	331
2021-09-24T21:10:35	370	368	371	333
2021-09-24T21:11:05	373	369	375	334
2021-09-24T21:11:35	372	370	375	335
2021-09-24T21:12:05	372	372	377	336
2021-09-24T21:12:35	374	372	375	337
2021-09-24T21:13:05	378	373	379	338
2021-09-24T21:13:35	378	373	379	339
2021-09-24T21:14:05	376	375	380	340
2021-09-24T21:14:35	378	374	381	341
2021-09-24T21:15:05	378	375	381	343
2021-09-24T21:15:35	382	377	384	344
2021-09-24T21:16:05	383	377	384	344
2021-09-24T21:16:35	381	378	385	346
2021-09-24T21:17:05	384	380	387	347
2021-09-24T21:17:35	383	380	387	348
2021-09-24T21:18:05	385	382	389	349
2021-09-24T21:18:35	386	381	387	350
2021-09-24T21:19:05	386	382	390	351
2021-09-24T21:19:35	388	383	391	352
2021-09-24T21:20:05	390	383	391	353
2021-09-24T21:20:35	391	385	392	354
2021-09-24T21:21:05	390	387	394	355
2021-09-24T21:21:35	392	387	394	356
2021-09-24T21:22:05	392	388	396	357
2021-09-24T21:22:35	395	388	396	358
2021-09-24T21:23:05	394	390	398	359
2021-09-24T21:23:35	397	389	399	360
2021-09-24T21:24:05	399	392	399	361
2021-09-24T21:24:35	397	391	399	362
2021-09-24T21:25:05	401	392	403	364
2021-09-24T21:25:35	400	393	402	364
2021-09-24T21:26:05	399	394	403	366
2021-09-24T21:26:35	404	396	404	366
2021-09-24T21:27:05	401	396	405	368
2021-09-24T21:27:35	405	397	406	369
2021-09-24T21:28:05	404	398	407	370
2021-09-24T21:28:35	406	399	410	371
2021-09-24T21:29:05	406	401	409	372
2021-09-24T21:29:35	408	401	411	373
2021-09-24T21:30:05	408	401	411	374
2021-09-24T21:30:35	408	401	411	375
2021-09-24T21:31:05	412	402	413	376
2021-09-24T21:31:35	412	403	415	377
2021-09-24T21:32:05	411	404	416	378
2021-09-24T21:32:35	415	405	417	379
2021-09-24T21:33:05	413	406	418	381
2021-09-24T21:33:35	417	407	418	381
2021-09-24T21:34:05	415	408	418	382
2021-09-24T21:34:35	418	409	421	383
2021-09-24T21:35:05	419	410	420	384
2021-09-24T21:35:35	419	411	422	385
2021-09-24T21:36:05	419	412	422	386
2021-09-24T21:36:35	422	413	424	387
2021-09-24T21:37:05	424	413	425	388
2021-09-24T21:37:35	422	414	424	389
2021-09-24T21:38:05	425	415	426	390
2021-09-24T21:38:35	424	416	429	391
2021-09-24T21:39:05	426	417	428	392
2021-09-24T21:39:35	427	417	430	393
2021-09-24T21:40:05	429	419	431	395
2021-09-24T21:40:35	429	419	432	396
2021-09-24T21:41:05	428	420	432	397
2021-09-24T21:41:35	430	421	434	399
2021-09-24T21:42:05	432	421	434	399
2021-09-24T21:42:35	433	423	436	400
2021-09-24T21:43:05	435	424	436	401
2021-09-24T21:43:35	435	424	438	402
2021-09-24T21:44:05	434	425	439	403
2021-09-24T21:44:35	438	426	440	404
2021-09-24T21:45:05	436	427	440	405
2021-09-24T21:45:35	440	428	442	406
2021-09-24T21:46:05	441	429	444	407
2021-09-24T21:46:35	441	429	442	408
2021-09-24T21:47:05	444	431	445	409
2021-09-24T21:47:35	443	432	445	411
2021-09-24T21:48:05	442	432	445	411
2021-09-24T21:48:35	446	433	448	414
2021-09-24T21:49:05	444	433	446	414
2021-09-24T21:49:35	447	435	451	416
2021-09-24T21:50:05	449	436	449	416
2021-09-24T21:50:35	447	437	451	418
2021-09-24T21:51:05	449	438	451	419
2021-09-24T21:51:35	451	439	454	419
2021-09-24T21:52:05	451	439	451	420
2021-09-24T21:52:35	453	440	456	421
2021-09-24T21:53:05	454	441	455	422
2021-09-24T21:53:35	453	442	456	423
2021-09-24T21:54:05	456	442	459	424
2021-09-24T21:54:35	455	443	459	425
2021-09-24T21:55:05	457	445	460	427
2021-09-24T21:55:35	458	446	461	428
2021-09-24T21:56:05	459	447	462	428
2021-09-24T21:56:35	460	448	463	429
2021-09-24T21:57:05	461	448	464	430
2021-09-24T21:57:35	462	450	465	432
2021-09-24T21:58:05	461	450	464	432
2021-09-24T21:58:35	464	451	468	434
2021-09-24T21:59:05	467	453	468	436
2021-09-24T21:59:35	464	454	469	436
2021-09-24T22:00:05	468	455	471	436
2021-09-24T22:00:35	467	455	469	438
2021-09-24T22:01:05	468	456	473	439
2021-09-24T22:01:35	472	457	474	440
2021-09-24T22:02:05	469	458	472	442
2021-09-24T22:02:35	472	459	474	441
2021-09-24T22:03:05	473	460	474	443
2021-09-24T22:03:35	473	461	477	443
2021-09-24T22:04:05	474	462	476	445
2021-09-24T22:04:35	476	463	479	447
2021-09-24T22:05:05	478	464	478	448
2021-09-24T22:05:35	477	465	482	448
2021-09-24T22:06:05	478	466	481	450
2021-09-24T22:06:35	479	467	483	450
2021-09-24T22:07:05	480	468	484	451
2021-09-24T22:07:35	482	468	483	453
2021-09-24T22:08:05	483	469	487	454
2021-09-24T22:08:35	484	470	485	455
2021-09-24T22:09:05	484	471	488	456
2021-09-24T22:09:35	485	472	489	457
2021-09-24T22:10:05	487	473	489	458
2021-09-24T22:10:35	488	473	489	459
2021-09-24T22:11:05	489	474	493	459
2021-09-24T22:11:35	489	474	490	460
2021-09-24T22:12:05	491	475	492	461
2021-09-24T22:12:35	490	476	494	463
2021-09-24T22:13:05	493	477	495	463
2021-09-24T22:13:35	494	479	496	465
2021-09-24T22:14:05	495	481	497	467
2021-09-24T22:14:35	495	481	498	468
2021-09-24T22:15:05	497	482	500	468
2021-09-24T22:15:35	497	482	499	470
2021-09-24T22:16:05	498	482	499	471
2021-09-24T22:16:35	500	484	503	472
2021-09-24T22:17:05	500	485	502	473
2021-09-24T22:17:35	501	486	503	473
2021-09-24T22:18:05	505	486	504	474
2021-09-24T22:18:35	504	487	506	476
2021-09-24T22:19:05	505	488	507	477
2021-09-24T22:19:35	503	488	507	478
2021-09-24T22:20:05	507	491	510	479
2021-09-24T22:20:35	508	491	510	480
2021-09-24T22:21:05	507	492	511	481
2021-09-24T22:21:35	508	492	510	482
2021-09-24T22:22:05	510	494	513	482
2021-09-24T22:22:35	509	495	513	484
2021-09-24T22:23:05	514	496	514	485
2021-09-24T22:23:35	514	497	516	486
2021-09-24T22:24:05	514	498	515	488
2021-09-24T22:24:35	514	498	518	488
2021-09-24T22:25:05	516	499	517	490
2021-09-24T22:25:35	516	500	520	491
2021-09-24T22:26:05	517	502	519	492
2021-09-24T22:26:35	519	502	521	493
2021-09-24T22:27:05	519	503	522	494
2021-09-24T22:27:35	520	504	524	495
2021-09-24T22:28:05	523	504	523	496
2021-09-24T22:28:35	523	505	525	497
2021-09-24T22:29:05	524	506	524	498
2021-09-24T22:29:35	525	507	526	499
2021-09-24T22:30:05	526	508	528	500
2021-09-24T22:30:35	526	509	529	501
2021-09-24T22:31:05	527	510	530	502
2021-09-24T22:31:35	528	511	530	503
2021-09-24T22:32:05	529	511	531	504
2021-09-24T22:32:35	531	512	533	505
2021-09-24T22:33:05	532	514	534	506
2021-09-24T22:33:35	531	513	534	507
2021-09-24T22:34:05	534	515	535	508
2021-09-24T22:34:35	533	516	537	509
2021-09-24T22:35:05	536	516	538	510
2021-09-24T22:35:35	536	517	538	511
2021-09-24T22:36:05	535	518	538	512
2021-09-24T22:36:35	539	518	540	513
2021-09-24T22:37:05	540	520	541	514
2021-09-24T22:37:35	540	521	542	515
2021-09-24T22:38:05	540	521	544	516
2021-09-24T22:38:35	541	523	545	518
2021-09-24T22:39:05	544	523	545	519
2021-09-24T22:39:35	543	524	547	520
2021-09-24T22:40:05	546	524	547	521
2021-09-24T22:40:35	545	526	549	521
2021-09-24T22:41:05	546	527	549	523
2021-09-24T22:41:35	548	527	548	524
2021-09-24T22:42:05	548	528	552	525
2021-09-24T22:42:35	552	529	554	526
2021-09-24T22:43:05	550	529	553	527
2021-09-24T22:43:35	551	530	554	528
2021-09-24T22:44:05	553	531	556	529
2021-09-24T22:44:35	553	532	555	530
2021-09-24T22:45:05	554	533	558	531
2021-09-24T22:45:35	555	534	558	533
2021-09-24T22:46:05	557	535	561	533
2021-09-24T22:46:35	558	536	560	534
2021-09-24T22:47:05	558	537	562	536
2021-09-24T22:47:35	560	537	561	537
2021-09-24T22:48:05	559	538	563	537
2021-09-24T22:48:35	562	540	565	539
2021-09-24T22:49:05	563	541	566	540
2021-09-24T22:49:35	565	541	565	541
2021-09-24T22:50:05	564	542	567	542
2021-09-24T22:50:35	564	543	568	543
2021-09-24T22:51:05	566	545	570	544
2021-09-24T22:51:35	567	545	568	545
2021-09-24T22:52:05	569	546	571	546
2021-09-24T22:52:35	570	548	573	547
2021-09-24T22:53:05	571	548	573	548
2021-09-24T22:53:35	569	549	575	549
2021-09-24T22:54:05	572	549	573	551
2021-09-24T22:54:35	571	550	574	551
2021-09-24T22:55:05	576	551	577	552
2021-09-24T22:55:35	575	553	578	554
2021-09-24T22:56:05	576	553	578	555
2021-09-24T22:56:35	576	554	579	556
2021-09-24T22:57:05	579	555	580	557
2021-09-24T22:57:35	578	556	580	558
2021-09-24T22:58:05	581	556	582	559
2021-09-24T22:58:35	582	558	584	560
2021-09-24T22:59:05	583	559	585	561
2021-09-24T22:59:35	583	559	585	562
2021-09-24T23:00:05	585	560	586	563
2021-09-24T23:00:35	585	561	588	564
2021-09-24T23:01:05	585	562	589	565
2021-09-24T23:01:35	587	562	589	566
2021-09-24T23:02:05	588	563	591	567
2021-09-24T23:02:35	587	565	591	568
2021-09-24T23:03:05	591	565	593	569
2021-09-24T23:03:35	591	566	595	570
2021-09-24T23:04:05	590	566	594	572
2021-09-24T23:04:35	592	567	595	572
2021-09-24T23:05:05	595	569	598	574
2021-09-24T23:05:35	594	569	597	575
2021-09-24T23:06:05	596	571	599	576
2021-09-24T23:06:35	597	572	600	577
2021-09-24T23:07:05	597	572	600	578
2021-09-24T23:07:35	598	574	603	579
2021-09-24T23:08:05	599	574	599	580
2021-09-24T23:08:35	601	575	602	581
2021-09-24T23:09:05	601	576	604	582
2021-09-24T23:09:35	601	577	605	583
2021-09-24T23:10:05	603	578	607	584
2021-09-24T23:10:35	605	579	606	585
2021-09-24T23:11:05	606	579	608	587
2021-09-24T23:11:35	606	581	610	587
2021-09-24T23:12:05	608	581	608	589
2021-09-24T23:12:35	608	582	611	590
2021-09-24T23:13:05	608	583	611	590
2021-09-24T23:13:35	610	584	613	592
2021-09-24T23:14:05	612	585	615	593
2021-09-24T23:14:35	613	587	616	594
2021-09-24T23:15:05	614	587	615	595
2021-09-24T23:15:35	614	587	617	596
2021-09-24T23:16:05	614	589	618	597
2021-09-24T23:16:35	616	590	618	598
2021-09-24T23:17:05	616	590	619	599
2021-09-24T23:17:35	620	592	621	601
2021-09-24T23:18:05	619	593	622	602
2021-09-24T23:18:35	621	594	622	603
2021-09-24T23:19:05	621	594	623	604
2021-09-24T23:19:35	623	595	625	605
2021-09-24T23:20:05	625	597	626	607
2021-09-24T23:20:35	624	597	628	607
2021-09-24T23:21:05	624	598	627	608
2021-09-24T23:21:35	625	599	629	609
2021-09-24T23:22:05	626	601	630	610
2021-09-24T23:22:35	629	601	631	611
2021-09-24T23:23:05	630	601	631	612
2021-09-24T23:23:35	631	602	633	613
2021-09-24T23:24:05	632	603	634	614
2021-09-24T23:24:35	631	604	634	616
2021-09-24T23:25:05	633	605	636	617
2021-09-24T23:25:35	635	607	637	618
2021-09-24T23:26:05	633	608	638	619
2021-09-24T23:26:35	635	609	639	620
2021-09-24T23:27:05	637	610	639	621
2021-09-24T23:27:35	639	610	640	622
2021-09-24T23:28:05	637	611	640	623
2021-09-24T23:28:35	639	612	643	624
2021-09-24T23:29:05	642	613	642	625
2021-09-24T23:29:35	641	614	644	626
2021-09-24T23:30:05	642	615	645	627
2021-09-24T23:30:35	643	616	645	628
2021-09-24T23:31:05	644	617	648	629
2021-09-24T23:31:35	645	617	646	630
2021-09-24T23:32:05	646	618	649	631
2021-09-24T23:32:35	646	619	650	632
2021-09-24T23:33:05	648	620	650	633
2021-09-24T23:33:35	648	621	651	635
2021-09-24T23:34:05	649	622	652	635
2021-09-24T23:34:35	652	623	654	637
2021-09-24T23:35:05	652	624	655	637
2021-09-24T23:35:35	653	625	657	638
2021-09-24T23:36:05	653	626	656	640
2021-09-24T23:36:35	656	626	657	640
2021-09-24T23:37:05	656	628	658	642
2021-09-24T23:37:35	659	629	660	642
2021-09-24T23:38:05	659	630	661	644
2021-09-24T23:38:35	660	631	663	645
2021-09-24T23:39:05	661	632	664	646
2021-09-24T23:39:35	661	633	665	647
2021-09-24T23:40:05	662	633	664	648
2021-09-24T23:40:35	664	635	666	649
2021-09-24T23:41:05	663	636	667	650
2021-09-24T23:41:35	667	636	668	651
2021-09-24T23:42:05	667	637	669	653
2021-09-24T23:42:35	668	639	670	653
2021-09-24T23:43:05	668	639	671	654
2021-09-24T23:43:35	668	640	671	655
2021-09-24T23:44:05	671	641	673	656
2021-09-24T23:44:35	672	642	674	657
2021-09-24T23:45:05	672	643	674	658
2021-09-24T23:45:35	673	644	676	660
2021-09-24T23:46:05	675	645	677	660
2021-09-24T23:46:35	676	646	677	661
2021-09-24T23:47:05	675	647	678	663
2021-09-24T23:47:35	676	648	680	663
2021-09-24T23:48:05	679	649	680	665
2021-09-24T23:48:35	678	650	681	666
2021-09-24T23:49:05	679	651	682	668
2021-09-24T23:49:35	681	652	683	667
2021-09-24T23:50:05	681	653	684	668
2021-09-24T23:50:35	682	653	685	671
2021-09-24T23:51:05	683	654	686	671
2021-09-24T23:51:35	684	655	687	672
2021-09-24T23:52:05	684	656	687	673
2021-09-24T23:52:35	686	657	688	674
2021-09-24T23:53:05	686	658	688	675
2021-09-24T23:53:35	688	658	690	676
2021-09-24T23:54:05	688	660	690	677
2021-09-24T23:54:35	690	661	692	677
2021-09-24T23:55:05	690	661	693	679
2021-09-24T23:55:35	692	662	693	680
2021-09-24T23:56:05	692	663	694	681
2021-09-24T23:56:35	694	664	695	681
2021-09-24T23:57:05	695	665	695	682
2021-09-24T23:57:35	697	666	697	685
2021-09-24T23:58:05	696	667	698	684
2021-09-24T23:58:35	698	667	699	686
2021-09-24T23:59:05	699	668	700	686
2021-09-24T23:59:35	700	669	700	688
2021-09-25T00:00:05	701	670	701	688
2021-09-25T00:00:35	703	671	702	690
2021-09-25T00:01:05	704	672	703	690
2021-09-25T00:01:35	706	673	704	691
2021-09-25T00:02:05	706	673	704	692
2021-09-25T00:02:35	706	674	706	694
2021-09-25T00:03:05	707	676	707	694
2021-09-25T00:03:35	710	676	708	695
2021-09-25T00:04:05	708	677	709	696
2021-09-25T00:04:35	710	678	710	697
2021-09-25T00:05:05	711	679	711	697
2021-09-25T00:05:36	712	680	712	699
2021-09-25T00:06:06	713	681	713	700
2021-09-25T00:06:36	714	682	713	701
2021-09-25T00:07:06	716	683	715	702
2021-09-25T00:07:36	717	683	716	702
2021-09-25T00:08:06	717	684	716	705
2021-09-25T00:08:36	718	685	717	705
2021-09-25T00:09:06	719	686	717	705
2021-09-25T00:09:36	719	686	718	706
2021-09-25T00:10:06	720	687	719	708
2021-09-25T00:10:36	721	688	719	709
2021-09-25T00:11:06	722	689	721	710
2021-09-25T00:11:36	724	690	722	711
2021-09-25T00:12:06	724	691	722	712
2021-09-25T00:12:36	725	691	723	712
2021-09-25T00:13:06	726	692	724	713
2021-09-25T00:13:36	727	693	724	715
2021-09-25T00:14:06	728	694	725	715
2021-09-25T00:14:36	728	694	725	716
2021-09-25T00:15:06	731	695	727	717
2021-09-25T00:15:36	731	696	728	718
2021-09-25T00:16:06	731	698	728	719
2021-09-25T00:16:36	733	698	729	720
2021-09-25T00:17:06	733	700	730	721
2021-09-25T00:17:36	735	700	731	722
2021-09-25T00:18:06	736	700	732	722
2021-09-25T00:18:36	737	702	733	724
2021-09-25T00:19:06	739	702	733	724
2021-09-25T00:19:36	738	704	734	725
2021-09-25T00:20:06	740	705	735	727
2021-09-25T00:20:36	741	706	736	728
2021-09-25T00:21:06	741	707	737	728
2021-09-25T00:21:36	743	707	737	729
2021-09-25T00:22:06	745	708	738	731
2021-09-25T00:22:36	746	709	739	732
2021-09-25T00:23:06	745	710	739	732
2021-09-25T00:23:36	748	711	741	733
2021-09-25T00:24:06	749	712	742	734
2021-09-25T00:24:36	750	713	743	735
2021-09-25T00:25:06	749	713	743	736
2021-09-25T00:25:36	751	714	744	737
2021-09-25T00:26:06	754	715	745	738
2021-09-25T00:26:36	754	716	745	738
2021-09-25T00:27:06	754	716	746	739
2021-09-25T00:27:36	755	718	747	739
2021-09-25T00:28:06	756	718	748	741
2021-09-25T00:28:36	757	719	749	742
2021-09-25T00:29:06	757	720	750	743
2021-09-25T00:29:36	759	720	751	744
2021-09-25T00:30:06	761	721	751	745
2021-09-25T00:30:36	759	723	752	746
2021-09-25T00:31:06	761	723	752	747
2021-09-25T00:31:36	762	724	753	748
2021-09-25T00:32:06	764	725	755	749
2021-09-25T00:32:36	765	726	756	750
2021-09-25T00:33:06	767	727	757	750
2021-09-25T00:33:36	767	727	757	751
2021-09-25T00:34:06	765	728	758	752
2021-09-25T00:34:36	768	729	759	753
2021-09-25T00:35:06	770	730	760	754
2021-09-25T00:35:36	771	731	761	754
2021-09-25T00:36:06	771	732	762	756
2021-09-25T00:36:36	771	733	762	757
2021-09-25T00:37:06	773	733	763	757
2021-09-25T00:37:36	774	734	764	758
2021-09-25T00:38:06	775	735	765	759
2021-09-25T00:38:36	777	736	766	760
2021-09-25T00:39:06	775	737	766	761
2021-09-25T00:39:36	778	738	767	762
2021-09-25T00:40:06	779	738	768	763
2021-09-25T00:40:36	780	739	768	764
2021-09-25T00:41:06	781	740	769	764
2021-09-25T00:41:36	781	741	770	765
2021-09-25T00:42:06	781	742	771	766
2021-09-25T00:42:36	784	742	771	766
2021-09-25T00:43:06	785	743	772	767
2021-09-25T00:43:36	784	744	773	768
2021-09-25T00:44:06	787	745	773	769
2021-09-25T00:44:36	789	746	774	770
2021-09-25T00:45:06	789	747	775	770
2021-09-25T00:45:36	790	747	775	771
2021-09-25T00:46:06	789	748	776	772
2021-09-25T00:46:36	792	749	777	773
2021-09-25T00:47:06	793	750	777	773
2021-09-25T00:47:36	792	751	778	774
2021-09-25T00:48:06	795	751	779	775
2021-09-25T00:48:36	796	752	780	776
2021-09-25T00:49:06	797	753	780	776
2021-09-25T00:49:36	797	754	781	777
2021-09-25T00:50:06	799	754	781	778
2021-09-25T00:50:36	798	755	783	779
2021-09-25T00:51:06	802	756	783	780
2021-09-25T00:51:36	799	757	784	780
2021-09-25T00:52:06	803	757	785	781
2021-09-25T00:52:36	804	758	785	782
2021-09-25T00:53:06	806	759	786	783
2021-09-25T00:53:36	804	760	786	784
2021-09-25T00:54:06	807	761	787	785
2021-09-25T00:54:36	806	761	788	786
2021-09-25T00:55:06	809	762	789	786
2021-09-25T00:55:36	808	763	790	787
2021-09-25T00:56:06	812	764	790	788
2021-09-25T00:56:36	810	764	791	788
2021-09-25T00:57:06	812	765	792	790
2021-09-25T00:57:36	812	766	792	791
2021-09-25T00:58:06	814	766	793	792
2021-09-25T00:58:36	814	767	794	793
2021-09-25T00:59:06	817	768	795	792
2021-09-25T00:59:36	816	768	796	793
2021-09-25T01:00:06	818	769	796	795
2021-09-25T01:00:36	819	770	797	796
2021-09-25T01:01:06	820	770	798	796
2021-09-25T01:01:36	822	771	800	798
2021-09-25T01:02:06	822	772	800	799
2021-09-25T01:02:36	820	773	801	800
2021-09-25T01:03:06	823	773	801	799
2021-09-25T01:03:36	824	774	803	801
2021-09-25T01:04:06	827	775	803	802
2021-09-25T01:04:36	826	775	804	803
2021-09-25T01:05:06	827	775	805	804
2021-09-25T01:05:36	827	777	806	805
2021-09-25T01:06:06	829	777	807	805
2021-09-25T01:06:36	831	778	807	807
2021-09-25T01:07:06	833	778	808	808
2021-09-25T01:07:36	831	780	809	809
2021-09-25T01:08:06	832	780	810	810
2021-09-25T01:08:36	835	781	811	810
2021-09-25T01:09:06	836	782	811	812
2021-09-25T01:09:36	836	782	813	812
2021-09-25T01:10:06	838	783	814	813
2021-09-25T01:10:36	839	783	814	815
2021-09-25T01:11:06	838	784	815	815
2021-09-25T01:11:36	840	785	816	816
2021-09-25T01:12:06	842	786	817	818
2021-09-25T01:12:36	841	786	818	819
2021-09-25T01:13:06	844	787	819	819
2021-09-25T01:13:36	844	788	820	820
2021-09-25T01:14:06	844	788	820	821
2021-09-25T01:14:36	846	789	821	822
2021-09-25T01:15:06	847	790	822	823
2021-09-25T01:15:36	848	790	823	824
2021-09-25T01:16:06	848	791	824	825
2021-09-25T01:16:36	850	792	824	827
2021-09-25T01:17:06	853	793	825	827
2021-09-25T01:17:36	850	793	826	829
2021-09-25T01:18:06	853	794	827	830
2021-09-25T01:18:36	853	795	829	830
2021-09-25T01:19:06	855	795	829	831
2021-09-25T01:19:36	857	796	830	833
2021-09-25T01:20:06	856	797	831	834
2021-09-25T01:20:36	859	798	832	835
2021-09-25T01:21:06	858	800	833	836
2021-09-25T01:21:36	861	800	833	837
2021-09-25T01:22:06	860	800	835	838
2021-09-25T01:22:36	862	801	836	839
2021-09-25T01:23:06	862	802	836	840
2021-09-25T01:23:36	865	802	837	841
2021-09-25T01:24:06	865	804	838	842
2021-09-25T01:24:36	867	805	839	843
2021-09-25T01:25:06	866	806	842	844
2021-09-25T01:25:36	869	807	841	845
2021-09-25T01:26:06	866	807	842	846
2021-09-25T01:26:36	870	808	844	847
2021-09-25T01:27:06	869	809	845	848
2021-09-25T01:27:36	871	810	846	849
2021-09-25T01:28:06	873	811	846	850
2021-09-25T01:28:36	874	812	848	851
2021-09-25T01:29:06	874	813	848	852
2021-09-25T01:29:36	875	814	850	854
2021-09-25T01:30:06	877	814	851	854
2021-09-25T01:30:36	878	815	851	855
2021-09-25T01:31:06	876	816	853	857
2021-09-25T01:31:36	879	817	854	857
2021-09-25T01:32:06	882	818	855	859
2021-09-25T01:32:36	881	819	856	860
2021-09-25T01:33:06	884	820	857	861
2021-09-25T01:33:36	883	820	857	862
2021-09-25T01:34:06	884	821	859	863
2021-09-25T01:34:36	885	822	860	864
2021-09-25T01:35:06	887	823	860	865
2021-09-25T01:35:36	886	824	861	866
2021-09-25T01:36:06	889	825	863	867
2021-09-25T01:36:36	889	826	862	868
2021-09-25T01:37:06	890	827	864	868
2021-09-25T01:37:36	891	828	865	870
2021-09-25T01:38:06	894	829	866	872
2021-09-25T01:38:36	894	830	867	873
2021-09-25T01:39:06	893	830	868	874
2021-09-25T01:39:36	895	831	869	875
2021-09-25T01:40:06	896	832	870	876
2021-09-25T01:40:36	898	833	871	877
2021-09-25T01:41:06	897	834	872	878
2021-09-25T01:41:36	899	835	873	879
2021-09-25T01:42:06	899	836	875	879
2021-09-25T01:42:36	901	837	875	881
2021-09-25T01:43:06	901	838	876	882
2021-09-25T01:43:36	904	839	877	884
2021-09-25T01:44:06	904	840	878	885
2021-09-25T01:44:36	904	841	879	886
2021-09-25T01:45:06	904	842	880	887
2021-09-25T01:45:36	906	843	881	888
2021-09-25T01:46:06	907	844	883	889
2021-09-25T01:46:36	909	845	883	890
2021-09-25T01:47:06	908	846	884	891
2021-09-25T01:47:36	908	847	885	892
2021-09-25T01:48:06	908	848	887	893
2021-09-25T01:48:36	909	849	887	894
2021-09-25T01:49:06	910	850	888	894
2021-09-25T01:49:36	908	850	890	895
2021-09-25T01:50:06	909	851	891	895
2021-09-25T01:50:36	908	852	892	897
2021-09-25T01:51:06	909	854	893	897
2021-09-25T01:51:36	909	855	894	897
2021-09-25T01:52:06	908	856	895	898
2021-09-25T01:52:36	909	857	896	899
2021-09-25T01:53:06	909	858	897	900
2021-09-25T01:53:36	910	859	898	900
2021-09-25T01:54:06	909	860	898	901
2021-09-25T01:54:36	908	861	900	901
2021-09-25T01:55:06	909	861	901	902
2021-09-25T01:55:36	910	862	902	902
2021-09-25T01:56:06	909	863	902	903
2021-09-25T01:56:36	910	864	903	904
2021-09-25T01:57:06	909	865	904	904
2021-09-25T01:57:36	908	867	905	905
2021-09-25T01:58:06	909	867	906	905
2021-09-25T01:58:36	910	869	906	906
2021-09-25T01:59:06	910	869	907	907
2021-09-25T01:59:36	910	870	909	907
2021-09-25T02:00:06	910	871	909	908
2021-09-25T02:00:36	910	872	910	909
2021-09-25T02:01:06	909	873	911	909
2021-09-25T02:01:36	909	875	911	910
2021-09-25T02:02:06	909	875	912	910
2021-09-25T02:02:36	909	876	911	910
2021-09-25T02:03:06	908	876	913	911
2021-09-25T02:03:36	910	877	912	910
2021-09-25T02:04:06	910	878	912	910
2021-09-25T02:04:36	910	879	911	911
2021-09-25T02:05:06	909	879	910	911
2021-09-25T02:05:36	910	880	911	911
2021-09-25T02:06:06	909	880	911	911
2021-09-25T02:06:36	909	881	911	912
2021-09-25T02:07:06	909	881	911	912
2021-09-25T02:07:36	909	882	911	912
2021-09-25T02:08:06	908	883	912	912
2021-09-25T02:08:36	910	883	911	912
2021-09-25T02:09:06	909	884	912	913
2021-09-25T02:09:36	909	884	912	913
2021-09-25T02:10:06	910	885	912	913
2021-09-25T02:10:36	910	886	911	913
2021-09-25T02:11:06	911	886	911	913
2021-09-25T02:11:36	909	887	912	913
2021-09-25T02:12:06	909	887	913	913
2021-09-25T02:12:36	910	888	913	914
2021-09-25T02:13:06	911	889	912	914
2021-09-25T02:13:36	910	889	912	914
2021-09-25T02:14:06	909	889	912	914
2021-09-25T02:14:36	909	890	912	914
2021-09-25T02:15:06	910	890	912	914
2021-09-25T02:15:36	911	891	912	914
2021-09-25T02:16:06	910	890	912	914
2021-09-25T02:16:36	909	890	913	914
2021-09-25T02:17:06	909	891	911	914
2021-09-25T02:17:36	910	891	913	915
2021-09-25T02:18:06	909	891	914	915
2021-09-25T02:18:36	909	891	913	915
2021-09-25T02:19:06	910	891	913	915
2021-09-25T02:19:36	910	892	914	915
2021-09-25T02:20:06	909	892	913	915
2021-09-25T02:20:36	910	892	911	915
2021-09-25T02:21:06	910	893	913	914
2021-09-25T02:21:36	909	893	912	915
2021-09-25T02:22:06	909	893	911	915
2021-09-25T02:22:36	911	893	912	915
2021-09-25T02:23:06	909	894	913	916
2021-09-25T02:23:36	911	894	911	915
2021-09-25T02:24:06	910	894	912	916
2021-09-25T02:24:36	909	894	913	915
2021-09-25T02:25:06	911	894	912	916
2021-09-25T02:25:36	910	893	913	915
2021-09-25T02:26:06	911	893	911	916
2021-09-25T02:26:36	910	893	912	915
2021-09-25T02:27:06	909	893	912	915
2021-09-25T02:27:36	910	893	913	915
2021-09-25T02:28:06	912	893	913	916
2021-09-25T02:28:36	909	893	912	916
2021-09-25T02:29:06	911	893	912	915
2021-09-25T02:29:36	909	893	912	915
2021-09-25T02:30:06	910	893	912	915
2021-09-25T02:30:36	910	894	912	915
2021-09-25T02:31:06	909	894	912	916
2021-09-25T02:31:36	910	894	913	915
2021-09-25T02:32:06	910	894	912	915
2021-09-25T02:32:36	910	894	912	917
2021-09-25T02:33:06	908	894	911	916
2021-09-25T02:33:36	910	894	912	916
2021-09-25T02:34:06	908	894	912	916
2021-09-25T02:34:36	911	894	912	916
2021-09-25T02:35:06	910	894	911	916
2021-09-25T02:35:36	910	895	912	916
2021-09-25T02:36:06	909	895	913	916
2021-09-25T02:36:36	911	895	913	916
2021-09-25T02:37:06	909	895	913	916
2021-09-25T02:37:36	911	895	912	916
2021-09-25T02:38:06	910	895	912	916
2021-09-25T02:38:36	909	897	913	916
2021-09-25T02:39:06	910	895	913	916
2021-09-25T02:39:36	909	897	912	916
2021-09-25T02:40:06	908	897	912	916
2021-09-25T02:40:36	910	897	912	916
2021-09-25T02:41:06	909	897	911	916
2021-09-25T02:41:36	910	898	913	916
2021-09-25T02:42:06	910	898	913	916
2021-09-25T02:42:36	909	897	912	916
2021-09-25T02:43:06	911	898	912	916
2021-09-25T02:43:36	909	898	913	916
2021-09-25T02:44:06	909	898	912	916
2021-09-25T02:44:36	910	898	912	916
2021-09-25T02:45:06	910	899	913	916
2021-09-25T02:45:36	910	898	913	916
2021-09-25T02:46:06	910	898	912	916
2021-09-25T02:46:36	909	899	913	916
2021-09-25T02:47:06	909	899	913	916
2021-09-25T02:47:36	910	899	912	916
2021-09-25T02:48:06	909	899	913	916
2021-09-25T02:48:36	911	899	912	916
2021-09-25T02:49:06	910	900	913	916
2021-09-25T02:49:36	910	899	913	916
2021-09-25T02:50:06	909	900	912	916
2021-09-25T02:50:36	911	900	913	916
2021-09-25T02:51:06	910	900	913	916
2021-09-25T02:51:36	909	900	912	916
2021-09-25T02:52:06	909	900	913	916
2021-09-25T02:52:36	911	900	912	916
2021-09-25T02:53:06	910	901	912	916
2021-09-25T02:53:36	909	900	913	916
2021-09-25T02:54:06	909	900	912	916
2021-09-25T02:54:36	911	900	912	916
2021-09-25T02:55:06	910	901	913	917
2021-09-25T02:55:36	910	901	913	916
2021-09-25T02:56:06	909	901	912	916
2021-09-25T02:56:36	909	901	913	916
2021-09-25T02:57:06	911	902	914	916
2021-09-25T02:57:36	910	902	912	917
2021-09-25T02:58:06	909	901	914	916
2021-09-25T02:58:36	909	902	912	917
2021-09-25T02:59:06	910	901	913	916
2021-09-25T02:59:36	911	902	913	917
2021-09-25T03:00:06	910	901	912	917
2021-09-25T03:00:36	909	902	912	916
2021-09-25T03:01:06	909	901	912	916
2021-09-25T03:01:36	909	903	912	916
2021-09-25T03:02:06	911	902	912	916
2021-09-25T03:02:36	910	902	914	917
2021-09-25T03:03:06	910	902	912	917
2021-09-25T03:03:36	909	903	913	917
2021-09-25T03:04:06	909	902	912	917
2021-09-25T03:04:36	909	903	913	916
2021-09-25T03:05:06	909	902	912	916
2021-09-25T03:05:36	911	902	913	916
2021-09-25T03:06:06	910	902	913	917
2021-09-25T03:06:36	909	902	913	916
2021-09-25T03:07:06	909	902	912	916
2021-09-25T03:07:36	909	902	912	916
2021-09-25T03:08:06	909	903	913	916
2021-09-25T03:08:36	909	902	912	916
2021-09-25T03:09:06	911	902	912	915
2021-09-25T03:09:36	911	903	913	916
2021-09-25T03:10:06	910	902	912	916
2021-09-25T03:10:36	910	903	913	916
2021-09-25T03:11:06	909	904	912	915
2021-09-25T03:11:36	909	904	912	916
2021-09-25T03:12:06	909	904	913	916
2021-09-25T03:12:36	909	904	913	916
2021-09-25T03:13:06	911	904	912	916
2021-09-25T03:13:36	911	904	913	916
2021-09-25T03:14:06	910	904	913	916
2021-09-25T03:14:36	909	904	912	916
2021-09-25T03:15:06	910	905	913	916
2021-09-25T03:15:36	909	904	912	916
2021-09-25T03:16:06	909	904	913	916
2021-09-25T03:16:36	909	905	913	916
2021-09-25T03:17:06	909	905	913	916
2021-09-25T03:17:36	790	847	879	909
2021-09-25T03:18:06	736	803	828	904
2021-09-25T03:18:36	646	704	709	891
2021-09-25T03:19:06	542	598	632	870
2021-09-25T03:19:36	488	527	599	853
2021-09-25T03:20:06	462	494	564	774
2021-09-25T03:20:36	431	459	533	706
2021-09-25T03:21:06	407	433	513	673
