time	T1	T2	T3	T4
2021-09-29T18:16:41	22	24	26	22
2021-09-29T18:17:11	22	25	27	23
2021-09-29T18:17:41	24	26	27	23
2021-09-29T18:18:11	25	27	29	24
2021-09-29T18:18:41	28	30	32	25
2021-09-29T18:19:11	28	32	32	26
2021-09-29T18:19:41	28	32	32	27
2021-09-29T18:20:11	28	32	32	27
2021-09-29T18:20:41	30	32	33	28
2021-09-29T18:21:11	32	36	36	29
2021-09-29T18:21:41	32	37	37	30
2021-09-29T18:22:11	32	37	36	30
2021-09-29T18:22:41	33	37	38	31
2021-09-29T18:23:11	35	40	40	32
2021-09-29T18:23:41	35	42	40	32
2021-09-29T18:24:11	35	41	40	33
2021-09-29T18:24:41	37	43	42	34
2021-09-29T18:25:11	37	43	42	35
2021-09-29T18:25:41	40	47	46	37
2021-09-29T18:26:11	40	48	46	37
2021-09-29T18:26:41	41	48	44	38
2021-09-29T18:27:11	45	50	48	39
2021-09-29T18:27:41	46	51	48	40
2021-09-29T18:28:11	45	50	48	41
2021-09-29T18:28:41	47	52	50	42
2021-09-29T18:29:11	47	53	50	42
2021-09-29T18:29:41	48	54	52	43
2021-09-29T18:30:11	47	54	51	44
2021-09-29T18:30:41	49	56	54	45
2021-09-29T18:31:11	49	57	54	46
2021-09-29T18:31:41	53	58	56	46
2021-09-29T18:32:11	54	60	56	47
2021-09-29T18:32:41	53	59	56	48
2021-09-29T18:33:11	56	61	59	49
2021-09-29T18:33:41	56	63	59	50
2021-09-29T18:34:11	55	62	59	50
2021-09-29T18:34:41	57	65	63	51
2021-09-29T18:35:11	57	65	62	52
2021-09-29T18:35:41	61	67	64	53
2021-09-29T18:36:11	62	69	65	55
2021-09-29T18:36:41	62	68	64	55
2021-09-29T18:37:11	63	70	67	57
2021-09-29T18:37:41	63	71	66	56
2021-09-29T18:38:11	63	72	69	57
2021-09-29T18:38:41	64	73	69	59
2021-09-29T18:39:11	67	73	70	60
2021-09-29T18:39:41	68	75	70	61
2021-09-29T18:40:11	68	75	72	62
2021-09-29T18:40:41	70	78	74	63
2021-09-29T18:41:11	70	78	74	64
2021-09-29T18:41:41	70	79	74	64
2021-09-29T18:42:11	73	80	75	65
2021-09-29T18:42:41	76	82	78	66
2021-09-29T18:43:11	75	82	76	67
2021-09-29T18:43:41	75	83	79	68
2021-09-29T18:44:11	76	84	80	69
2021-09-29T18:44:41	77	86	80	70
2021-09-29T18:45:11	76	86	80	70
2021-09-29T18:45:41	77	88	84	71
2021-09-29T18:46:11	78	88	83	72
2021-09-29T18:46:41	84	90	86	73
2021-09-29T18:47:11	83	90	85	74
2021-09-29T18:47:41	84	92	87	75
2021-09-29T18:48:11	84	92	86	76
2021-09-29T18:48:41	85	93	89	77
2021-09-29T18:49:11	84	94	88	78
2021-09-29T18:49:41	85	95	91	79
2021-09-29T18:50:11	85	96	90	80
2021-09-29T18:50:41	92	100	93	81
2021-09-29T18:51:11	92	99	93	82
2021-09-29T18:51:41	93	101	94	83
2021-09-29T18:52:11	92	101	95	84
2021-09-29T18:52:41	92	102	95	84
2021-09-29T18:53:11	92	104	98	85
2021-09-29T18:53:41	93	104	98	86
2021-09-29T18:54:11	97	107	100	86
2021-09-29T18:54:41	96	106	99	87
2021-09-29T18:55:11	99	107	102	88
2021-09-29T18:55:41	97	109	102	89
2021-09-29T18:56:11	97	109	103	90
2021-09-29T18:56:41	101	110	104	91
2021-09-29T18:57:11	100	110	106	91
2021-09-29T18:57:41	101	112	106	92
2021-09-29T18:58:11	104	112	107	93
2021-09-29T18:58:41	104	113	106	94
2021-09-29T18:59:11	104	115	109	94
2021-09-29T18:59:41	109	116	111	96
2021-09-29T19:00:11	108	116	109	96
2021-09-29T19:00:41	109	118	112	97
2021-09-29T19:01:11	107	117	112	99
2021-09-29T19:01:41	110	120	114	100
2021-09-29T19:02:11	111	121	115	101
2021-09-29T19:02:41	112	122	116	101
2021-09-29T19:03:11	111	122	116	101
2021-09-29T19:03:41	117	124	119	103
2021-09-29T19:04:11	117	125	117	104
2021-09-29T19:04:41	118	127	121	105
2021-09-29T19:05:11	116	127	119	106
2021-09-29T19:05:41	117	128	121	106
2021-09-29T19:06:11	121	128	122	107
2021-09-29T19:06:41	123	130	124	108
2021-09-29T19:07:11	122	130	125	109
2021-09-29T19:07:41	122	132	125	109
2021-09-29T19:08:11	122	132	127	110
2021-09-29T19:08:41	121	133	126	111
2021-09-29T19:09:11	126	134	128	112
2021-09-29T19:09:41	126	135	130	113
2021-09-29T19:10:11	126	136	130	114
2021-09-29T19:10:41	126	137	131	114
2021-09-29T19:11:11	130	139	133	115
2021-09-29T19:11:41	132	141	134	116
2021-09-29T19:12:11	132	140	133	117
2021-09-29T19:12:41	131	141	134	119
2021-09-29T19:13:11	131	142	136	120
2021-09-29T19:13:41	135	144	138	120
2021-09-29T19:14:11	135	144	138	121
2021-09-29T19:14:41	135	146	140	122
2021-09-29T19:15:11	137	146	141	123
2021-09-29T19:15:41	139	147	141	124
2021-09-29T19:16:11	137	147	142	124
2021-09-29T19:16:41	137	149	143	125
2021-09-29T19:17:11	143	151	145	125
2021-09-29T19:17:41	142	151	144	126
2021-09-29T19:18:11	142	153	147	127
2021-09-29T19:18:41	141	154	147	128
2021-09-29T19:19:11	148	154	149	128
2021-09-29T19:19:41	147	155	147	129
2021-09-29T19:20:11	147	158	150	130
2021-09-29T19:20:41	148	158	150	131
2021-09-29T19:21:11	148	159	151	132
2021-09-29T19:21:41	149	160	154	132
2021-09-29T19:22:11	150	160	153	133
2021-09-29T19:22:41	153	161	154	133
2021-09-29T19:23:11	153	163	155	134
2021-09-29T19:23:41	152	164	157	136
2021-09-29T19:24:11	153	164	158	136
2021-09-29T19:24:41	155	165	158	137
2021-09-29T19:25:11	156	165	159	138
2021-09-29T19:25:41	156	168	160	139
2021-09-29T19:26:11	159	168	162	139
2021-09-29T19:26:41	161	170	162	140
2021-09-29T19:27:11	160	170	162	141
2021-09-29T19:27:41	160	170	164	141
2021-09-29T19:28:11	162	172	165	142
2021-09-29T19:28:41	162	173	168	143
2021-09-29T19:29:11	164	174	166	144
2021-09-29T19:29:41	166	175	168	145
2021-09-29T19:30:11	164	174	168	145
2021-09-29T19:30:41	168	177	170	146
2021-09-29T19:31:11	167	177	169	147
2021-09-29T19:31:41	168	179	172	148
2021-09-29T19:32:11	169	179	174	149
2021-09-29T19:32:41	171	181	173	149
2021-09-29T19:33:11	171	182	175	150
2021-09-29T19:33:41	173	184	176	151
2021-09-29T19:34:11	173	184	176	152
2021-09-29T19:34:41	175	185	178	153
2021-09-29T19:35:11	175	186	180	154
2021-09-29T19:35:41	175	186	180	155
2021-09-29T19:36:11	178	187	180	155
2021-09-29T19:36:41	178	189	182	156
2021-09-29T19:37:11	181	190	185	157
2021-09-29T19:37:41	182	191	183	158
2021-09-29T19:38:11	182	192	186	159
2021-09-29T19:38:41	182	193	187	160
2021-09-29T19:39:11	182	194	187	161
2021-09-29T19:39:41	184	194	187	162
2021-09-29T19:40:11	187	196	188	163
2021-09-29T19:40:41	187	197	191	164
2021-09-29T19:41:11	186	198	190	164
2021-09-29T19:41:41	190	199	193	165
2021-09-29T19:42:11	189	199	193	166
2021-09-29T19:42:41	189	201	194	167
2021-09-29T19:43:11	192	201	194	168
2021-09-29T19:43:41	191	202	194	169
2021-09-29T19:44:11	195	203	197	170
2021-09-29T19:44:41	195	204	197	171
2021-09-29T19:45:11	194	205	199	172
2021-09-29T19:45:41	194	206	198	173
2021-09-29T19:46:11	199	207	202	174
2021-09-29T19:46:41	198	208	200	175
2021-09-29T19:47:11	198	208	202	175
2021-09-29T19:47:41	202	210	204	176
2021-09-29T19:48:11	200	210	203	177
2021-09-29T19:48:41	203	212	207	179
2021-09-29T19:49:11	204	213	206	180
2021-09-29T19:49:41	203	214	209	181
2021-09-29T19:50:11	204	215	208	180
2021-09-29T19:50:41	207	216	208	183
2021-09-29T19:51:11	208	217	212	184
2021-09-29T19:51:41	206	217	211	184
2021-09-29T19:52:11	210	219	212	185
2021-09-29T19:52:41	210	220	213	186
2021-09-29T19:53:11	209	221	214	187
2021-09-29T19:53:41	214	221	214	188
2021-09-29T19:54:11	215	223	216	189
2021-09-29T19:54:41	213	223	217	190
2021-09-29T19:55:11	214	224	219	191
2021-09-29T19:55:41	217	224	219	192
2021-09-29T19:56:11	218	225	221	193
2021-09-29T19:56:41	215	225	220	194
2021-09-29T19:57:11	220	227	222	195
2021-09-29T19:57:41	220	229	224	196
2021-09-29T19:58:11	218	229	223	197
2021-09-29T19:58:41	223	230	225	197
2021-09-29T19:59:11	223	233	226	198
2021-09-29T19:59:41	221	232	225	199
2021-09-29T20:00:11	227	234	228	200
2021-09-29T20:00:41	226	234	228	201
2021-09-29T20:01:11	225	236	229	202
2021-09-29T20:01:41	228	237	230	203
2021-09-29T20:02:11	227	239	231	204
2021-09-29T20:02:41	229	240	234	205
2021-09-29T20:03:11	230	240	231	206
2021-09-29T20:03:41	233	242	236	206
2021-09-29T20:04:11	232	243	234	207
2021-09-29T20:04:41	233	243	238	208
2021-09-29T20:05:11	232	244	237	209
2021-09-29T20:05:41	236	246	238	210
2021-09-29T20:06:11	234	247	239	211
2021-09-29T20:06:41	238	250	242	212
2021-09-29T20:07:11	237	248	240	213
2021-09-29T20:07:41	241	250	242	214
2021-09-29T20:08:11	240	252	243	215
2021-09-29T20:08:41	239	252	243	216
2021-09-29T20:09:11	244	254	245	217
2021-09-29T20:09:41	243	255	245	218
2021-09-29T20:10:11	244	256	247	219
2021-09-29T20:10:41	245	257	249	220
2021-09-29T20:11:11	244	258	250	221
2021-09-29T20:11:41	247	259	251	222
2021-09-29T20:12:11	247	260	251	223
2021-09-29T20:12:41	251	262	251	224
2021-09-29T20:13:11	250	263	254	225
2021-09-29T20:13:41	248	262	252	226
2021-09-29T20:14:11	255	264	254	226
2021-09-29T20:14:41	254	265	255	228
2021-09-29T20:15:11	253	267	257	228
2021-09-29T20:15:41	255	267	259	229
2021-09-29T20:16:11	254	268	258	230
2021-09-29T20:16:41	257	270	260	231
2021-09-29T20:17:11	256	270	260	232
2021-09-29T20:17:41	260	272	261	233
2021-09-29T20:18:11	258	273	262	234
2021-09-29T20:18:41	261	274	263	235
2021-09-29T20:19:11	261	275	267	236
2021-09-29T20:19:41	264	276	266	237
2021-09-29T20:20:11	263	277	267	238
2021-09-29T20:20:41	263	277	268	239
2021-09-29T20:21:11	267	279	268	240
2021-09-29T20:21:41	265	280	270	241
2021-09-29T20:22:11	270	280	270	241
2021-09-29T20:22:41	269	281	272	242
2021-09-29T20:23:11	269	281	272	243
2021-09-29T20:23:41	271	282	272	244
2021-09-29T20:24:11	270	283	275	245
2021-09-29T20:24:41	270	283	273	246
2021-09-29T20:25:11	276	284	277	248
2021-09-29T20:25:41	274	285	275	248
2021-09-29T20:26:11	276	286	277	248
2021-09-29T20:26:41	277	288	279	250
2021-09-29T20:27:11	278	288	281	251
2021-09-29T20:27:41	277	289	281	251
2021-09-29T20:28:11	281	290	281	252
2021-09-29T20:28:41	281	291	282	253
2021-09-29T20:29:11	281	291	284	254
2021-09-29T20:29:41	281	293	285	256
2021-09-29T20:30:11	285	294	287	256
2021-09-29T20:30:41	285	294	287	257
2021-09-29T20:31:11	284	295	289	258
2021-09-29T20:31:41	286	296	290	259
2021-09-29T20:32:11	285	297	289	261
2021-09-29T20:32:41	289	298	291	263
2021-09-29T20:33:11	288	299	292	263
2021-09-29T20:33:41	291	299	293	263
2021-09-29T20:34:11	293	301	295	264
2021-09-29T20:34:41	291	301	294	266
2021-09-29T20:35:11	294	304	296	267
2021-09-29T20:35:41	294	304	296	268
2021-09-29T20:36:11	296	305	298	269
2021-09-29T20:36:41	294	305	298	270
2021-09-29T20:37:11	299	307	301	271
2021-09-29T20:37:41	297	308	301	272
2021-09-29T20:38:11	299	308	302	274
2021-09-29T20:38:41	299	309	303	275
2021-09-29T20:39:11	301	311	303	275
2021-09-29T20:39:41	302	312	305	277
2021-09-29T20:40:11	301	312	305	278
2021-09-29T20:40:41	304	312	306	279
2021-09-29T20:41:11	302	313	308	280
2021-09-29T20:41:41	305	314	308	281
2021-09-29T20:42:11	307	316	310	282
2021-09-29T20:42:41	307	315	309	283
2021-09-29T20:43:11	310	317	312	284
2021-09-29T20:43:41	308	318	310	285
2021-09-29T20:44:11	312	320	316	285
2021-09-29T20:44:41	310	319	312	287
2021-09-29T20:45:11	313	320	315	288
2021-09-29T20:45:41	313	322	316	289
2021-09-29T20:46:11	316	323	319	290
2021-09-29T20:46:41	313	324	317	291
2021-09-29T20:47:11	317	324	319	292
2021-09-29T20:47:41	316	325	321	293
2021-09-29T20:48:11	318	325	319	294
2021-09-29T20:48:41	318	326	324	295
2021-09-29T20:49:11	322	326	323	295
2021-09-29T20:49:41	322	328	323	297
2021-09-29T20:50:11	321	329	326	298
2021-09-29T20:50:41	323	331	326	299
2021-09-29T20:51:11	324	331	326	300
2021-09-29T20:51:41	324	332	327	300
2021-09-29T20:52:11	327	332	328	302
2021-09-29T20:52:41	328	333	331	302
2021-09-29T20:53:11	326	334	331	304
2021-09-29T20:53:41	331	335	331	305
2021-09-29T20:54:11	330	336	332	306
2021-09-29T20:54:41	332	337	335	307
2021-09-29T20:55:11	330	338	333	308
2021-09-29T20:55:41	332	340	336	309
2021-09-29T20:56:11	334	340	338	310
2021-09-29T20:56:41	334	341	337	311
2021-09-29T20:57:11	336	342	340	312
2021-09-29T20:57:41	338	342	339	313
2021-09-29T20:58:11	339	344	341	314
2021-09-29T20:58:41	339	345	342	315
2021-09-29T20:59:11	338	346	343	316
2021-09-29T20:59:41	342	346	342	317
2021-09-29T21:00:11	341	347	344	318
2021-09-29T21:00:41	343	348	345	319
2021-09-29T21:01:11	339	348	345	320
2021-09-29T21:01:41	348	350	348	321
2021-09-29T21:02:11	346	350	347	322
2021-09-29T21:02:41	345	351	350	323
2021-09-29T21:03:11	349	351	351	324
2021-09-29T21:03:41	350	353	353	325
2021-09-29T21:04:11	348	354	351	326
2021-09-29T21:04:41	350	354	352	327
2021-09-29T21:05:11	351	356	354	328
2021-09-29T21:05:41	353	358	356	329
2021-09-29T21:06:11	354	358	355	330
2021-09-29T21:06:41	355	359	357	331
2021-09-29T21:07:11	355	361	359	332
2021-09-29T21:07:41	357	362	357	333
2021-09-29T21:08:11	357	363	360	334
2021-09-29T21:08:41	357	364	360	335
2021-09-29T21:09:11	361	365	362	336
2021-09-29T21:09:41	361	365	362	337
2021-09-29T21:10:11	362	367	364	338
2021-09-29T21:10:41	361	368	364	339
2021-09-29T21:11:11	364	369	366	340
2021-09-29T21:11:41	362	370	367	342
2021-09-29T21:12:11	365	371	368	342
2021-09-29T21:12:41	365	371	368	344
2021-09-29T21:13:11	368	373	370	344
2021-09-29T21:13:41	367	374	371	345
2021-09-29T21:14:11	366	374	373	347
2021-09-29T21:14:41	370	374	372	348
2021-09-29T21:15:11	373	376	375	349
2021-09-29T21:15:41	372	376	376	350
2021-09-29T21:16:11	372	377	375	351
2021-09-29T21:16:41	373	379	377	352
2021-09-29T21:17:11	373	380	377	353
2021-09-29T21:17:41	376	380	379	354
2021-09-29T21:18:11	375	380	379	355
2021-09-29T21:18:41	378	381	380	356
2021-09-29T21:19:11	378	383	383	357
2021-09-29T21:19:41	379	383	384	358
2021-09-29T21:20:11	382	384	382	359
2021-09-29T21:20:41	381	385	384	360
2021-09-29T21:21:11	382	386	385	361
2021-09-29T21:21:41	383	387	387	362
2021-09-29T21:22:11	386	387	388	363
2021-09-29T21:22:41	384	388	389	364
2021-09-29T21:23:11	385	389	390	365
2021-09-29T21:23:41	389	390	390	366
2021-09-29T21:24:11	387	390	390	368
2021-09-29T21:24:41	391	391	393	369
2021-09-29T21:25:11	389	393	393	370
2021-09-29T21:25:42	391	393	392	371
2021-09-29T21:26:12	392	395	396	372
2021-09-29T21:26:42	396	395	395	373
2021-09-29T21:27:12	396	396	397	374
2021-09-29T21:27:42	394	397	398	375
2021-09-29T21:28:12	397	398	400	376
2021-09-29T21:28:42	396	399	398	377
2021-09-29T21:29:12	398	400	401	378
2021-09-29T21:29:42	401	401	403	379
2021-09-29T21:30:12	400	401	403	380
2021-09-29T21:30:42	402	402	405	381
2021-09-29T21:31:12	401	402	403	382
2021-09-29T21:31:42	403	403	406	384
2021-09-29T21:32:12	403	405	407	384
2021-09-29T21:32:42	404	406	408	385
2021-09-29T21:33:12	407	407	409	386
2021-09-29T21:33:42	405	408	411	387
2021-09-29T21:34:12	408	408	409	389
2021-09-29T21:34:42	411	409	411	391
2021-09-29T21:35:12	409	410	413	390
2021-09-29T21:35:42	411	412	413	392
2021-09-29T21:36:12	414	413	414	394
2021-09-29T21:36:42	413	414	417	395
2021-09-29T21:37:12	414	414	416	395
2021-09-29T21:37:42	417	414	416	396
2021-09-29T21:38:12	414	416	420	398
2021-09-29T21:38:42	416	417	418	397
2021-09-29T21:39:12	417	417	420	398
2021-09-29T21:39:42	420	419	422	400
2021-09-29T21:40:12	419	420	424	402
2021-09-29T21:40:42	422	421	424	403
2021-09-29T21:41:12	424	422	424	404
2021-09-29T21:41:42	421	423	424	405
2021-09-29T21:42:12	425	424	427	406
2021-09-29T21:42:42	423	425	428	407
2021-09-29T21:43:12	426	427	428	408
2021-09-29T21:43:42	426	428	430	409
2021-09-29T21:44:12	429	428	431	410
2021-09-29T21:44:42	427	429	432	411
2021-09-29T21:45:12	431	430	432	412
2021-09-29T21:45:42	432	431	434	412
2021-09-29T21:46:12	431	432	434	414
2021-09-29T21:46:42	432	433	436	415
2021-09-29T21:47:12	435	433	435	416
2021-09-29T21:47:42	434	435	439	416
2021-09-29T21:48:12	436	435	438	417
2021-09-29T21:48:42	437	436	437	419
2021-09-29T21:49:12	438	436	439	420
2021-09-29T21:49:42	438	438	441	421
2021-09-29T21:50:12	440	438	443	422
2021-09-29T21:50:42	440	439	442	423
2021-09-29T21:51:12	442	440	445	423
2021-09-29T21:51:42	442	440	444	425
2021-09-29T21:52:12	443	441	447	426
2021-09-29T21:52:42	444	442	447	427
2021-09-29T21:53:12	443	442	447	428
2021-09-29T21:53:42	446	443	450	429
2021-09-29T21:54:12	446	444	449	430
2021-09-29T21:54:42	448	445	451	431
2021-09-29T21:55:12	451	446	453	432
2021-09-29T21:55:42	449	447	452	433
2021-09-29T21:56:12	450	448	454	435
2021-09-29T21:56:42	452	449	455	436
2021-09-29T21:57:12	452	450	455	436
2021-09-29T21:57:42	455	451	457	437
2021-09-29T21:58:12	453	451	457	438
2021-09-29T21:58:42	457	451	460	439
2021-09-29T21:59:12	457	453	459	441
2021-09-29T21:59:42	459	453	461	442
2021-09-29T22:00:12	459	455	463	442
2021-09-29T22:00:42	460	456	461	443
2021-09-29T22:01:12	461	456	464	444
2021-09-29T22:01:42	463	457	465	446
2021-09-29T22:02:12	462	458	465	447
2021-09-29T22:02:42	465	459	468	448
2021-09-29T22:03:12	465	460	468	449
2021-09-29T22:03:42	464	461	469	450
2021-09-29T22:04:12	467	461	471	451
2021-09-29T22:04:42	467	462	470	452
2021-09-29T22:05:12	469	463	471	453
2021-09-29T22:05:42	471	463	472	454
2021-09-29T22:06:12	471	465	474	455
2021-09-29T22:06:42	470	465	473	456
2021-09-29T22:07:12	473	466	473	457
2021-09-29T22:07:42	474	467	476	458
2021-09-29T22:08:12	475	468	478	459
2021-09-29T22:08:42	474	469	478	460
2021-09-29T22:09:12	476	470	480	462
2021-09-29T22:09:42	477	471	481	463
2021-09-29T22:10:12	480	472	479	463
2021-09-29T22:10:42	478	472	483	465
2021-09-29T22:11:12	481	474	484	466
2021-09-29T22:11:42	481	474	483	467
2021-09-29T22:12:12	482	474	485	468
2021-09-29T22:12:42	484	476	489	469
2021-09-29T22:13:12	483	476	486	470
2021-09-29T22:13:42	488	477	490	471
2021-09-29T22:14:12	486	477	487	472
2021-09-29T22:14:42	487	478	490	473
2021-09-29T22:15:12	489	479	492	474
2021-09-29T22:15:42	489	480	492	475
2021-09-29T22:16:12	489	481	493	476
2021-09-29T22:16:42	492	482	492	477
2021-09-29T22:17:12	491	482	494	478
2021-09-29T22:17:42	491	483	496	479
2021-09-29T22:18:12	496	484	499	480
2021-09-29T22:18:42	495	485	498	481
2021-09-29T22:19:12	495	486	499	482
2021-09-29T22:19:42	496	487	500	482
2021-09-29T22:20:12	501	487	501	483
2021-09-29T22:20:42	496	488	501	484
2021-09-29T22:21:12	501	489	503	486
2021-09-29T22:21:42	503	490	505	487
2021-09-29T22:22:12	501	490	501	487
2021-09-29T22:22:42	503	490	503	488
2021-09-29T22:23:12	503	492	506	489
2021-09-29T22:23:42	505	493	507	490
2021-09-29T22:24:12	507	494	509	491
2021-09-29T22:24:42	508	496	510	493
2021-09-29T22:25:12	507	497	511	495
2021-09-29T22:25:42	508	497	512	497
2021-09-29T22:26:12	510	497	511	500
2021-09-29T22:26:42	511	498	513	502
2021-09-29T22:27:12	510	499	515	504
2021-09-29T22:27:42	511	500	515	505
2021-09-29T22:28:12	515	501	515	507
2021-09-29T22:28:42	514	502	517	508
2021-09-29T22:29:12	516	503	518	509
2021-09-29T22:29:42	516	504	520	510
2021-09-29T22:30:12	518	504	520	511
2021-09-29T22:30:42	519	505	521	512
2021-09-29T22:31:12	519	506	524	513
2021-09-29T22:31:42	522	507	524	514
2021-09-29T22:32:12	522	508	525	515
2021-09-29T22:32:42	523	508	525	517
2021-09-29T22:33:12	525	509	527	517
2021-09-29T22:33:42	525	511	528	518
2021-09-29T22:34:12	524	510	525	519
2021-09-29T22:34:42	525	512	528	520
2021-09-29T22:35:12	526	513	529	521
2021-09-29T22:35:42	529	513	530	522
2021-09-29T22:36:12	529	515	532	523
2021-09-29T22:36:42	529	516	533	524
2021-09-29T22:37:12	532	517	535	525
2021-09-29T22:37:42	533	518	536	526
2021-09-29T22:38:12	534	518	534	527
2021-09-29T22:38:42	535	518	536	528
2021-09-29T22:39:12	534	519	537	529
2021-09-29T22:39:42	536	520	538	530
2021-09-29T22:40:12	535	522	541	531
2021-09-29T22:40:42	536	522	541	532
2021-09-29T22:41:12	540	524	543	533
2021-09-29T22:41:42	541	524	542	534
2021-09-29T22:42:12	540	525	543	535
2021-09-29T22:42:42	540	526	544	536
2021-09-29T22:43:12	543	526	544	537
2021-09-29T22:43:42	545	527	546	538
2021-09-29T22:44:12	545	528	547	539
2021-09-29T22:44:42	546	529	548	541
2021-09-29T22:45:12	546	530	550	541
2021-09-29T22:45:42	548	531	552	543
2021-09-29T22:46:12	548	532	552	543
2021-09-29T22:46:42	549	533	553	544
2021-09-29T22:47:12	550	534	554	545
2021-09-29T22:47:42	550	534	554	547
2021-09-29T22:48:12	552	535	555	547
2021-09-29T22:48:42	553	536	556	548
2021-09-29T22:49:12	554	537	558	549
2021-09-29T22:49:42	554	538	558	550
2021-09-29T22:50:12	556	539	559	551
2021-09-29T22:50:42	558	540	561	552
2021-09-29T22:51:12	559	541	561	553
2021-09-29T22:51:42	560	541	563	554
2021-09-29T22:52:12	559	542	564	556
2021-09-29T22:52:42	562	543	565	556
2021-09-29T22:53:12	562	544	566	557
2021-09-29T22:53:42	564	545	567	559
2021-09-29T22:54:12	563	546	568	560
2021-09-29T22:54:42	566	547	568	560
2021-09-29T22:55:12	566	547	570	561
2021-09-29T22:55:42	566	547	568	562
2021-09-29T22:56:12	568	548	570	564
2021-09-29T22:56:42	570	549	571	565
2021-09-29T22:57:12	571	550	573	566
2021-09-29T22:57:42	571	552	574	566
2021-09-29T22:58:12	572	552	575	568
2021-09-29T22:58:42	574	553	576	569
2021-09-29T22:59:12	574	554	578	569
2021-09-29T22:59:42	575	555	578	571
2021-09-29T23:00:12	577	556	580	572
2021-09-29T23:00:42	577	557	581	573
2021-09-29T23:01:12	579	558	582	574
2021-09-29T23:01:42	580	558	582	575
2021-09-29T23:02:12	580	559	584	576
2021-09-29T23:02:42	583	560	584	577
2021-09-29T23:03:12	584	561	586	577
2021-09-29T23:03:42	583	562	587	578
2021-09-29T23:04:12	584	562	585	580
2021-09-29T23:04:42	585	563	587	581
2021-09-29T23:05:12	586	564	588	582
2021-09-29T23:05:42	587	565	590	583
2021-09-29T23:06:12	588	566	591	584
2021-09-29T23:06:42	589	567	591	585
2021-09-29T23:07:12	589	568	592	586
2021-09-29T23:07:42	590	568	594	587
2021-09-29T23:08:12	591	569	595	588
2021-09-29T23:08:42	594	570	596	589
2021-09-29T23:09:12	591	571	597	590
2021-09-29T23:09:42	594	572	598	591
2021-09-29T23:10:12	597	573	598	592
2021-09-29T23:10:42	595	573	599	593
2021-09-29T23:11:12	597	575	600	595
2021-09-29T23:11:42	599	576	601	595
2021-09-29T23:12:12	598	576	602	597
2021-09-29T23:12:42	600	577	603	597
2021-09-29T23:13:12	601	578	604	598
2021-09-29T23:13:42	603	579	605	599
2021-09-29T23:14:12	604	580	606	601
2021-09-29T23:14:42	604	581	607	602
2021-09-29T23:15:12	605	582	607	603
2021-09-29T23:15:42	606	582	609	604
2021-09-29T23:16:12	607	583	610	605
2021-09-29T23:16:42	607	584	611	606
2021-09-29T23:17:12	610	585	611	607
2021-09-29T23:17:42	609	586	613	607
2021-09-29T23:18:12	610	587	613	608
2021-09-29T23:18:42	612	588	614	609
2021-09-29T23:19:12	614	588	614	611
2021-09-29T23:19:42	614	589	616	612
2021-09-29T23:20:12	615	590	617	613
2021-09-29T23:20:42	615	591	618	614
2021-09-29T23:21:12	618	592	618	615
2021-09-29T23:21:42	617	593	619	616
2021-09-29T23:22:12	619	593	620	617
2021-09-29T23:22:42	622	594	621	618
2021-09-29T23:23:12	623	595	622	619
2021-09-29T23:23:42	623	597	624	620
2021-09-29T23:24:12	624	597	625	621
2021-09-29T23:24:42	625	598	625	622
2021-09-29T23:25:12	626	599	627	622
2021-09-29T23:25:42	627	600	627	624
2021-09-29T23:26:12	628	601	628	625
2021-09-29T23:26:42	629	602	629	626
2021-09-29T23:27:12	630	603	630	627
2021-09-29T23:27:42	632	603	630	628
2021-09-29T23:28:12	632	605	632	629
2021-09-29T23:28:42	633	605	633	630
2021-09-29T23:29:12	634	606	633	631
2021-09-29T23:29:42	634	607	634	632
2021-09-29T23:30:12	636	608	636	633
2021-09-29T23:30:42	637	609	636	634
2021-09-29T23:31:12	638	610	637	635
2021-09-29T23:31:42	638	611	638	636
2021-09-29T23:32:12	639	611	639	636
2021-09-29T23:32:42	640	613	639	638
2021-09-29T23:33:12	640	613	641	639
2021-09-29T23:33:42	642	614	642	639
2021-09-29T23:34:12	644	615	642	640
2021-09-29T23:34:42	645	617	643	641
2021-09-29T23:35:12	645	618	644	643
2021-09-29T23:35:42	646	619	645	644
2021-09-29T23:36:12	647	618	647	644
2021-09-29T23:36:42	647	621	648	645
2021-09-29T23:37:12	647	620	649	646
2021-09-29T23:37:42	649	622	649	647
2021-09-29T23:38:12	650	623	650	648
2021-09-29T23:38:42	651	624	651	649
2021-09-29T23:39:12	652	625	653	650
2021-09-29T23:39:42	654	626	653	651
2021-09-29T23:40:12	654	626	654	652
2021-09-29T23:40:42	654	627	655	653
2021-09-29T23:41:12	656	628	656	653
2021-09-29T23:41:42	657	629	657	654
2021-09-29T23:42:12	657	630	657	655
2021-09-29T23:42:42	658	631	658	656
2021-09-29T23:43:12	659	631	659	657
2021-09-29T23:43:42	660	632	660	658
2021-09-29T23:44:12	662	633	661	658
2021-09-29T23:44:42	662	634	661	659
2021-09-29T23:45:12	665	635	662	660
2021-09-29T23:45:42	664	635	663	661
2021-09-29T23:46:12	666	636	664	662
2021-09-29T23:46:42	666	637	664	663
2021-09-29T23:47:12	670	638	666	664
2021-09-29T23:47:42	670	639	666	665
2021-09-29T23:48:12	669	640	667	666
2021-09-29T23:48:42	672	640	667	667
2021-09-29T23:49:12	672	642	669	668
2021-09-29T23:49:42	673	642	670	669
2021-09-29T23:50:12	675	643	670	670
2021-09-29T23:50:42	676	644	672	671
2021-09-29T23:51:12	677	645	672	672
2021-09-29T23:51:42	677	646	674	673
2021-09-29T23:52:12	678	647	675	673
2021-09-29T23:52:42	680	648	675	675
2021-09-29T23:53:12	681	649	676	675
2021-09-29T23:53:42	681	649	677	677
2021-09-29T23:54:12	683	650	677	678
2021-09-29T23:54:42	683	651	679	678
2021-09-29T23:55:12	685	652	679	679
2021-09-29T23:55:42	686	653	680	681
2021-09-29T23:56:12	686	654	681	681
2021-09-29T23:56:42	687	655	682	682
2021-09-29T23:57:12	688	655	683	683
2021-09-29T23:57:42	688	656	684	684
2021-09-29T23:58:12	690	658	685	685
2021-09-29T23:58:42	691	658	685	686
2021-09-29T23:59:12	691	659	686	687
2021-09-29T23:59:42	692	660	686	688
2021-09-30T00:00:12	693	661	688	689
2021-09-30T00:00:42	694	662	689	690
2021-09-30T00:01:12	695	662	691	691
2021-09-30T00:01:42	698	671	702	692
2021-09-30T00:02:12	700	662	692	744
2021-09-30T00:02:42	697	659	695	823
2021-09-30T00:03:12	699	657	696	845
2021-09-30T00:03:42	701	655	697	854
2021-09-30T00:04:12	700	655	697	868
2021-09-30T00:04:42	701	655	697	871
2021-09-30T00:05:12	704	655	698	876
2021-09-30T00:05:42	704	655	699	885
2021-09-30T00:06:12	705	656	699	804
2021-09-30T00:06:42	706	657	701	777
2021-09-30T00:07:12	708	658	702	747
2021-09-30T00:07:42	708	659	702	735
2021-09-30T00:08:12	708	660	702	729
2021-09-30T00:08:42	710	661	704	727
2021-09-30T00:09:12	710	662	704	726
2021-09-30T00:09:42	712	663	705	725
2021-09-30T00:10:12	713	663	706	725
2021-09-30T00:10:42	713	664	706	725
2021-09-30T00:11:12	715	665	706	725
2021-09-30T00:11:42	717	666	709	726
2021-09-30T00:12:12	717	667	708	726
2021-09-30T00:12:42	717	667	710	727
2021-09-30T00:13:12	717	668	710	728
2021-09-30T00:13:42	721	669	711	728
2021-09-30T00:14:12	722	670	712	729
2021-09-30T00:14:42	723	671	713	730
2021-09-30T00:15:12	723	671	713	730
2021-09-30T00:15:42	724	672	714	731
2021-09-30T00:16:12	725	673	715	732
2021-09-30T00:16:42	726	674	715	733
2021-09-30T00:17:12	726	675	716	732
2021-09-30T00:17:42	729	675	717	734
2021-09-30T00:18:12	730	676	718	735
2021-09-30T00:18:42	731	677	719	736
2021-09-30T00:19:12	732	678	720	737
2021-09-30T00:19:42	732	679	721	738
2021-09-30T00:20:12	733	680	722	739
2021-09-30T00:20:42	736	680	723	740
2021-09-30T00:21:12	734	681	724	741
2021-09-30T00:21:42	735	681	725	742
2021-09-30T00:22:12	738	682	725	742
2021-09-30T00:22:42	738	683	726	743
2021-09-30T00:23:12	739	684	727	744
2021-09-30T00:23:42	741	685	728	745
2021-09-30T00:24:12	742	686	729	746
2021-09-30T00:24:42	741	686	730	747
2021-09-30T00:25:12	742	687	731	748
2021-09-30T00:25:42	744	688	731	749
2021-09-30T00:26:12	745	689	732	750
2021-09-30T00:26:42	745	690	732	751
2021-09-30T00:27:12	746	691	733	752
2021-09-30T00:27:42	747	692	734	753
2021-09-30T00:28:12	747	692	735	753
2021-09-30T00:28:42	748	693	736	754
2021-09-30T00:29:12	750	694	737	755
2021-09-30T00:29:42	751	695	737	756
2021-09-30T00:30:12	751	696	738	758
2021-09-30T00:30:42	753	696	739	759
2021-09-30T00:31:12	753	697	739	758
2021-09-30T00:31:42	757	698	740	760
2021-09-30T00:32:12	757	699	742	760
2021-09-30T00:32:42	757	700	742	761
2021-09-30T00:33:12	757	700	743	763
2021-09-30T00:33:42	759	701	744	764
2021-09-30T00:34:12	761	702	745	765
2021-09-30T00:34:42	760	703	745	765
2021-09-30T00:35:12	761	703	746	766
2021-09-30T00:35:42	763	705	747	767
2021-09-30T00:36:12	764	705	748	767
2021-09-30T00:36:42	764	706	749	768
2021-09-30T00:37:12	767	707	750	769
2021-09-30T00:37:42	768	708	751	770
2021-09-30T00:38:12	769	709	751	771
2021-09-30T00:38:42	768	709	752	773
2021-09-30T00:39:12	768	710	753	773
2021-09-30T00:39:42	771	711	753	774
2021-09-30T00:40:12	773	712	754	776
2021-09-30T00:40:42	773	713	755	776
2021-09-30T00:41:12	774	714	756	776
2021-09-30T00:41:42	774	714	756	777
2021-09-30T00:42:12	776	715	757	779
2021-09-30T00:42:42	777	716	758	780
2021-09-30T00:43:12	778	717	759	781
2021-09-30T00:43:42	778	718	759	781
2021-09-30T00:44:12	781	718	760	783
2021-09-30T00:44:42	780	719	761	783
2021-09-30T00:45:12	781	720	761	784
2021-09-30T00:45:42	784	721	762	785
2021-09-30T00:46:12	783	722	763	786
2021-09-30T00:46:42	785	723	764	787
2021-09-30T00:47:12	785	723	765	787
2021-09-30T00:47:42	786	724	764	788
2021-09-30T00:48:12	789	725	767	789
2021-09-30T00:48:42	789	725	767	790
2021-09-30T00:49:12	790	727	768	791
2021-09-30T00:49:42	790	727	769	791
2021-09-30T00:50:12	792	728	770	792
2021-09-30T00:50:42	792	729	770	793
2021-09-30T00:51:12	791	729	771	794
2021-09-30T00:51:42	796	731	772	795
2021-09-30T00:52:12	796	731	772	796
2021-09-30T00:52:42	796	732	773	797
2021-09-30T00:53:12	798	733	774	798
2021-09-30T00:53:42	799	734	774	798
2021-09-30T00:54:12	798	735	775	799
2021-09-30T00:54:42	801	735	776	800
2021-09-30T00:55:12	800	737	776	801
2021-09-30T00:55:42	802	737	777	802
2021-09-30T00:56:12	802	738	778	803
2021-09-30T00:56:42	804	739	779	803
2021-09-30T00:57:12	803	739	779	804
2021-09-30T00:57:42	805	740	780	805
2021-09-30T00:58:12	808	741	781	806
2021-09-30T00:58:42	807	742	781	806
2021-09-30T00:59:12	809	742	782	807
2021-09-30T00:59:42	808	744	783	808
2021-09-30T01:00:12	809	744	784	809
2021-09-30T01:00:42	812	745	784	811
2021-09-30T01:01:12	813	745	785	811
2021-09-30T01:01:42	812	747	786	812
2021-09-30T01:02:12	814	747	786	812
2021-09-30T01:02:42	816	748	787	813
2021-09-30T01:03:12	817	749	788	814
2021-09-30T01:03:42	817	749	789	815
2021-09-30T01:04:12	819	751	790	816
2021-09-30T01:04:42	820	751	790	817
2021-09-30T01:05:12	822	752	791	819
2021-09-30T01:05:42	820	752	792	819
2021-09-30T01:06:12	822	753	792	820
2021-09-30T01:06:42	824	754	794	821
2021-09-30T01:07:12	824	754	794	822
2021-09-30T01:07:42	825	756	795	824
2021-09-30T01:08:12	825	757	796	824
2021-09-30T01:08:42	827	757	797	825
2021-09-30T01:09:12	828	758	797	826
2021-09-30T01:09:42	829	758	798	826
2021-09-30T01:10:12	831	760	799	828
2021-09-30T01:10:42	832	760	800	829
2021-09-30T01:11:12	833	760	800	830
2021-09-30T01:11:42	834	762	801	831
2021-09-30T01:12:12	833	763	801	831
2021-09-30T01:12:42	836	763	803	832
2021-09-30T01:13:12	836	764	804	833
2021-09-30T01:13:42	837	765	804	834
2021-09-30T01:14:12	839	766	806	835
2021-09-30T01:14:42	839	766	806	836
2021-09-30T01:15:12	841	767	807	837
2021-09-30T01:15:42	840	767	808	838
2021-09-30T01:16:12	841	768	810	839
2021-09-30T01:16:42	843	769	810	840
2021-09-30T01:17:12	846	770	811	841
2021-09-30T01:17:42	843	770	812	842
2021-09-30T01:18:12	846	770	813	843
2021-09-30T01:18:42	848	772	814	843
2021-09-30T01:19:12	849	773	815	844
2021-09-30T01:19:42	850	773	816	845
2021-09-30T01:20:12	849	774	817	847
2021-09-30T01:20:42	851	774	818	848
2021-09-30T01:21:12	851	775	819	848
2021-09-30T01:21:42	852	776	819	849
2021-09-30T01:22:12	853	776	820	850
2021-09-30T01:22:42	855	777	820	851
2021-09-30T01:23:12	855	778	822	852
2021-09-30T01:23:42	857	779	823	853
2021-09-30T01:24:12	858	779	824	854
2021-09-30T01:24:42	859	780	825	855
2021-09-30T01:25:12	859	780	825	856
2021-09-30T01:25:42	861	781	827	856
2021-09-30T01:26:12	861	782	827	857
2021-09-30T01:26:42	863	783	828	858
2021-09-30T01:27:12	864	783	829	859
2021-09-30T01:27:42	863	784	830	860
2021-09-30T01:28:12	865	785	831	861
2021-09-30T01:28:42	867	785	832	862
2021-09-30T01:29:12	867	786	832	863
2021-09-30T01:29:42	868	787	834	864
2021-09-30T01:30:12	870	788	834	865
2021-09-30T01:30:42	871	789	835	866
2021-09-30T01:31:12	873	789	836	867
2021-09-30T01:31:42	872	790	837	868
2021-09-30T01:32:12	874	791	838	868
2021-09-30T01:32:42	875	792	839	870
2021-09-30T01:33:12	874	792	840	871
2021-09-30T01:33:42	877	793	841	871
2021-09-30T01:34:12	876	794	842	872
2021-09-30T01:34:42	878	795	843	873
2021-09-30T01:35:12	880	796	844	874
2021-09-30T01:35:42	879	796	845	875
2021-09-30T01:36:12	882	797	845	876
2021-09-30T01:36:42	883	798	846	877
2021-09-30T01:37:12	883	799	847	878
2021-09-30T01:37:42	885	800	848	879
2021-09-30T01:38:12	884	800	850	880
2021-09-30T01:38:42	887	801	850	881
2021-09-30T01:39:12	886	803	851	882
2021-09-30T01:39:42	889	803	852	883
2021-09-30T01:40:12	891	804	853	884
2021-09-30T01:40:42	890	805	854	885
2021-09-30T01:41:12	892	806	855	886
2021-09-30T01:41:42	893	807	856	886
2021-09-30T01:42:12	892	808	857	888
2021-09-30T01:42:42	894	808	858	888
2021-09-30T01:43:12	894	809	859	890
2021-09-30T01:43:42	897	810	860	891
2021-09-30T01:44:12	897	811	862	892
2021-09-30T01:44:42	899	812	864	893
2021-09-30T01:45:12	899	813	864	894
2021-09-30T01:45:42	901	814	866	895
2021-09-30T01:46:12	901	815	866	896
2021-09-30T01:46:42	902	816	868	896
2021-09-30T01:47:12	904	817	869	898
2021-09-30T01:47:42	905	818	869	899
2021-09-30T01:48:12	904	819	870	899
2021-09-30T01:48:42	906	820	871	901
2021-09-30T01:49:12	908	820	873	902
2021-09-30T01:49:42	907	822	874	903
2021-09-30T01:50:12	907	823	874	904
2021-09-30T01:50:42	909	823	876	904
2021-09-30T01:51:12	910	824	876	905
2021-09-30T01:51:42	910	825	878	906
2021-09-30T01:52:12	909	826	879	905
2021-09-30T01:52:42	909	827	879	907
2021-09-30T01:53:12	908	828	880	907
2021-09-30T01:53:42	910	829	882	907
2021-09-30T01:54:12	910	829	882	907
2021-09-30T01:54:42	909	830	883	907
2021-09-30T01:55:12	908	831	884	908
2021-09-30T01:55:42	909	833	885	908
2021-09-30T01:56:12	910	833	885	908
2021-09-30T01:56:42	909	834	887	909
2021-09-30T01:57:12	910	836	888	909
2021-09-30T01:57:42	908	836	888	909
2021-09-30T01:58:12	908	837	890	910
2021-09-30T01:58:42	910	839	890	910
2021-09-30T01:59:12	910	839	891	910
2021-09-30T01:59:42	910	840	892	910
2021-09-30T02:00:12	909	841	893	911
2021-09-30T02:00:42	908	842	894	911
2021-09-30T02:01:12	910	843	895	911
2021-09-30T02:01:42	910	844	896	912
2021-09-30T02:02:12	910	845	897	912
2021-09-30T02:02:42	909	846	898	912
2021-09-30T02:03:12	909	847	899	913
2021-09-30T02:03:42	910	848	900	913
2021-09-30T02:04:12	909	849	900	912
2021-09-30T02:04:42	910	850	901	914
2021-09-30T02:05:12	909	851	902	913
2021-09-30T02:05:42	909	852	903	913
2021-09-30T02:06:12	908	853	904	913
2021-09-30T02:06:42	908	854	904	914
2021-09-30T02:07:12	909	855	905	914
2021-09-30T02:07:42	908	856	906	914
2021-09-30T02:08:12	909	857	907	915
2021-09-30T02:08:42	910	858	908	915
2021-09-30T02:09:12	910	859	909	915
2021-09-30T02:09:42	910	860	909	916
2021-09-30T02:10:12	910	861	910	916
2021-09-30T02:10:42	910	862	911	916
2021-09-30T02:11:12	911	863	912	917
2021-09-30T02:11:42	911	864	912	917
2021-09-30T02:12:12	911	864	911	917
2021-09-30T02:12:42	908	865	911	917
2021-09-30T02:13:12	909	866	911	918
2021-09-30T02:13:42	909	866	912	918
2021-09-30T02:14:12	909	867	912	918
2021-09-30T02:14:42	909	868	912	918
2021-09-30T02:15:12	910	868	912	918
2021-09-30T02:15:42	910	869	912	918
2021-09-30T02:16:12	910	870	912	918
2021-09-30T02:16:42	911	871	912	918
2021-09-30T02:17:12	909	871	911	918
2021-09-30T02:17:42	909	872	912	918
2021-09-30T02:18:12	908	873	913	919
2021-09-30T02:18:42	908	874	911	918
2021-09-30T02:19:12	910	874	912	918
2021-09-30T02:19:42	910	875	912	918
2021-09-30T02:20:12	909	876	913	919
2021-09-30T02:20:42	909	876	912	918
2021-09-30T02:21:12	910	877	913	918
2021-09-30T02:21:42	910	878	913	919
2021-09-30T02:22:12	911	879	913	919
2021-09-30T02:22:42	909	879	912	919
2021-09-30T02:23:12	911	880	913	918
2021-09-30T02:23:42	909	881	913	918
2021-09-30T02:24:12	911	881	913	918
2021-09-30T02:24:42	909	882	913	919
2021-09-30T02:25:12	910	883	913	918
2021-09-30T02:25:42	910	884	912	918
2021-09-30T02:26:12	911	884	913	918
2021-09-30T02:26:42	908	885	912	919
2021-09-30T02:27:12	909	886	912	919
2021-09-30T02:27:42	910	886	913	919
2021-09-30T02:28:12	909	887	913	918
2021-09-30T02:28:42	909	887	913	919
2021-09-30T02:29:12	909	888	913	919
2021-09-30T02:29:42	910	888	911	919
2021-09-30T02:30:12	908	889	911	919
2021-09-30T02:30:42	910	890	912	919
2021-09-30T02:31:12	910	891	912	919
2021-09-30T02:31:42	909	891	912	919
2021-09-30T02:32:12	909	892	911	919
2021-09-30T02:32:42	910	892	912	918
2021-09-30T02:33:12	910	893	913	919
2021-09-30T02:33:42	910	893	913	918
2021-09-30T02:34:12	911	894	913	918
2021-09-30T02:34:42	909	896	912	918
2021-09-30T02:35:12	911	896	913	918
2021-09-30T02:35:42	909	897	913	918
2021-09-30T02:36:12	910	897	912	918
2021-09-30T02:36:42	910	898	911	918
2021-09-30T02:37:12	910	898	912	918
2021-09-30T02:37:42	909	899	912	918
2021-09-30T02:38:12	910	899	913	918
2021-09-30T02:38:42	909	900	912	918
2021-09-30T02:39:12	910	901	911	918
2021-09-30T02:39:42	909	901	913	918
2021-09-30T02:40:12	911	902	913	918
2021-09-30T02:40:42	909	902	912	918
2021-09-30T02:41:12	911	903	912	918
2021-09-30T02:41:42	909	903	913	918
2021-09-30T02:42:12	911	904	912	918
2021-09-30T02:42:42	909	904	913	918
2021-09-30T02:43:12	911	905	912	918
2021-09-30T02:43:42	911	905	913	918
2021-09-30T02:44:12	909	905	913	917
2021-09-30T02:44:42	910	906	912	917
2021-09-30T02:45:12	909	907	913	918
2021-09-30T02:45:42	911	907	912	918
2021-09-30T02:46:12	910	908	913	917
2021-09-30T02:46:42	909	908	912	916
2021-09-30T02:47:12	910	908	913	916
2021-09-30T02:47:42	910	909	912	917
2021-09-30T02:48:12	911	909	914	917
2021-09-30T02:48:42	910	910	912	917
2021-09-30T02:49:12	909	909	912	917
2021-09-30T02:49:42	909	910	913	917
2021-09-30T02:50:12	910	910	912	917
2021-09-30T02:50:42	909	910	912	917
2021-09-30T02:51:12	911	910	913	916
2021-09-30T02:51:42	910	910	913	917
2021-09-30T02:52:12	909	911	912	916
2021-09-30T02:52:42	911	910	913	916
2021-09-30T02:53:12	910	911	912	916
2021-09-30T02:53:42	909	911	913	916
2021-09-30T02:54:12	911	911	912	916
2021-09-30T02:54:42	910	912	912	916
2021-09-30T02:55:12	909	912	912	916
2021-09-30T02:55:42	910	912	912	916
2021-09-30T02:56:12	911	913	913	916
2021-09-30T02:56:42	910	913	912	916
2021-09-30T02:57:12	909	913	912	916
2021-09-30T02:57:42	911	913	912	915
2021-09-30T02:58:12	910	914	913	916
2021-09-30T02:58:42	909	914	913	916
2021-09-30T02:59:12	909	914	912	915
2021-09-30T02:59:42	910	914	912	915
2021-09-30T03:00:12	910	914	913	916
2021-09-30T03:00:42	909	914	912	915
2021-09-30T03:01:12	909	915	913	915
2021-09-30T03:01:42	910	915	912	915
2021-09-30T03:02:12	910	915	913	916
2021-09-30T03:02:42	909	915	912	916
2021-09-30T03:03:12	911	916	913	916
2021-09-30T03:03:42	910	916	912	916
2021-09-30T03:04:12	910	916	913	916
2021-09-30T03:04:42	909	916	912	916
2021-09-30T03:05:12	909	916	912	915
2021-09-30T03:05:42	910	916	912	916
2021-09-30T03:06:12	910	918	912	916
2021-09-30T03:06:42	909	917	911	915
2021-09-30T03:07:12	909	918	912	915
2021-09-30T03:07:42	910	917	912	915
2021-09-30T03:08:12	910	918	912	916
2021-09-30T03:08:42	909	918	913	915
2021-09-30T03:09:12	910	918	912	915
2021-09-30T03:09:42	910	919	913	916
2021-09-30T03:10:12	910	919	912	916
2021-09-30T03:10:42	909	919	913	916
2021-09-30T03:11:12	910	919	912	915
2021-09-30T03:11:42	910	919	913	916
2021-09-30T03:12:12	909	919	911	916
2021-09-30T03:12:42	909	919	913	916
2021-09-30T03:13:12	911	920	912	915
2021-09-30T03:13:42	910	920	912	916
2021-09-30T03:14:12	910	920	913	916
2021-09-30T03:14:42	909	920	912	916
2021-09-30T03:15:12	911	920	913	916
2021-09-30T03:15:42	910	920	912	916
2021-09-30T03:16:12	909	920	912	916
2021-09-30T03:16:42	911	921	913	916
2021-09-30T03:17:12	910	921	912	916
2021-09-30T03:17:42	909	921	912	915
2021-09-30T03:18:12	909	921	913	916
2021-09-30T03:18:42	911	921	912	915
2021-09-30T03:19:12	910	921	913	916
2021-09-30T03:19:42	909	921	912	916
2021-09-30T03:20:12	909	921	913	916
2021-09-30T03:20:42	911	921	911	915
2021-09-30T03:21:12	816	890	899	913
2021-09-30T03:21:42	764	812	802	904
2021-09-30T03:22:12	644	745	730	878
2021-09-30T03:22:42	571	641	659	863
2021-09-30T03:23:12	497	552	600	842
2021-09-30T03:23:42	455	496	568	828
2021-09-30T03:24:12	437	469	541	805
2021-09-30T03:24:42	410	439	511	785
2021-09-30T03:25:12	388	418	495	772
