time	T1	T2	T3	T4
2021-08-31T14:01:14	25	26	28	27
2021-08-31T14:01:44	25	26	28	27
2021-08-31T14:02:14	25	26	27	27
2021-08-31T14:02:44	25	26	27	27
2021-08-31T14:03:14	25	26	27	27
2021-08-31T14:03:44	25	26	27	27
2021-08-31T14:04:14	25	26	27	27
2021-08-31T14:04:44	25	26	27	26
2021-08-31T14:05:14	24	26	27	26
2021-08-31T14:05:44	24	26	27	26
2021-08-31T14:06:14	24	26	27	26
2021-08-31T14:06:44	24	26	27	26
2021-08-31T14:07:14	24	26	27	26
2021-08-31T14:07:44	24	26	28	26
2021-08-31T14:08:14	24	26	27	26
2021-08-31T14:08:44	24	26	27	26
2021-08-31T14:09:14	24	26	28	25
2021-08-31T14:09:44	24	26	28	25
2021-08-31T14:10:14	24	26	28	25
2021-08-31T14:10:44	24	26	28	25
2021-08-31T14:11:14	24	26	28	25
2021-08-31T14:11:44	24	26	28	25
2021-08-31T14:12:14	24	26	28	25
2021-08-31T14:12:44	24	26	27	26
2021-08-31T14:13:14	24	26	27	25
2021-08-31T14:13:44	25	26	27	26
2021-08-31T14:14:14	25	26	27	25
2021-08-31T14:14:44	25	26	27	25
2021-08-31T14:15:14	25	26	26	24
2021-08-31T14:15:44	25	26	27	25
2021-08-31T14:16:14	25	26	26	25
2021-08-31T14:16:44	25	26	27	25
2021-08-31T14:17:14	25	26	27	25
2021-08-31T14:17:44	24	26	27	25
2021-08-31T14:18:14	24	26	26	25
2021-08-31T14:18:44	24	26	27	25
2021-08-31T14:19:14	25	26	27	25
2021-08-31T14:19:44	25	26	27	25
2021-08-31T14:20:14	25	26	27	25
2021-08-31T14:20:44	25	26	27	25
2021-08-31T14:21:14	25	26	27	25
2021-08-31T14:21:44	25	26	27	25
2021-08-31T14:22:14	25	26	27	25
2021-08-31T14:22:44	25	26	27	25
2021-08-31T14:23:14	25	26	27	25
2021-08-31T14:23:44	25	26	27	25
2021-08-31T14:24:14	25	26	27	24
2021-08-31T14:24:44	25	26	27	24
2021-08-31T14:25:14	25	26	27	24
2021-08-31T14:25:44	25	26	27	24
2021-08-31T14:26:14	25	26	27	24
2021-08-31T14:26:44	25	26	27	24
2021-08-31T14:27:14	24	26	27	24
2021-08-31T14:27:44	25	26	27	24
2021-08-31T14:28:14	25	26	27	24
2021-08-31T14:28:44	25	26	27	24
2021-08-31T14:29:14	25	26	27	24
2021-08-31T14:29:44	25	26	27	24
2021-08-31T14:30:14	25	26	27	24
2021-08-31T14:30:44	24	26	27	24
2021-08-31T14:31:14	24	26	27	24
2021-08-31T14:31:44	25	26	27	24
2021-08-31T14:32:14	25	26	27	24
2021-08-31T14:32:44	24	26	27	24
2021-08-31T14:33:14	24	26	27	24
2021-08-31T14:33:44	25	26	27	24
2021-08-31T14:34:14	25	26	27	24
2021-08-31T14:34:44	25	26	27	24
2021-08-31T14:35:14	25	26	27	24
2021-08-31T14:35:44	25	25	27	24
2021-08-31T14:36:14	25	25	27	24
2021-08-31T14:36:44	25	25	27	24
2021-08-31T14:37:14	25	25	27	24
2021-08-31T14:37:44	25	25	27	24
2021-08-31T14:38:14	25	25	26	24
2021-08-31T14:38:44	25	25	27	25
2021-08-31T14:39:14	25	25	27	24
2021-08-31T14:39:44	24	25	27	23
2021-08-31T14:40:14	24	25	27	24
2021-08-31T14:40:44	24	25	27	24
2021-08-31T14:41:14	25	25	27	23
2021-08-31T14:41:44	25	25	27	23
2021-08-31T14:42:14	25	25	27	23
2021-08-31T14:42:44	24	25	27	23
2021-08-31T14:43:14	24	25	27	23
2021-08-31T14:43:44	25	25	27	24
2021-08-31T14:44:14	24	25	27	24
2021-08-31T14:44:44	25	25	27	23
2021-08-31T14:45:14	25	25	27	23
2021-08-31T14:45:44	25	25	27	23
2021-08-31T14:46:14	26	26	28	23
2021-08-31T14:46:44	26	26	29	23
2021-08-31T14:47:14	27	27	29	25
2021-08-31T14:47:44	28	28	30	25
2021-08-31T14:48:14	29	29	31	24
2021-08-31T14:48:44	29	30	31	25
2021-08-31T14:49:14	33	32	35	25
2021-08-31T14:49:44	37	35	37	27
2021-08-31T14:50:14	37	36	37	28
2021-08-31T14:50:44	37	36	37	28
2021-08-31T14:51:14	37	37	37	30
2021-08-31T14:51:44	37	37	38	30
2021-08-31T14:52:14	39	39	40	30
2021-08-31T14:52:44	39	40	40	31
2021-08-31T14:53:14	38	40	40	32
2021-08-31T14:53:44	41	42	43	32
2021-08-31T14:54:14	44	43	45	33
2021-08-31T14:54:44	44	45	44	34
2021-08-31T14:55:14	44	45	44	35
2021-08-31T14:55:44	45	46	45	36
2021-08-31T14:56:14	46	47	48	36
2021-08-31T14:56:44	45	48	47	37
2021-08-31T14:57:14	49	49	48	38
2021-08-31T14:57:44	51	51	51	39
2021-08-31T14:58:14	52	52	51	40
2021-08-31T14:58:44	52	53	53	41
2021-08-31T14:59:14	53	54	53	42
2021-08-31T14:59:44	52	55	53	42
2021-08-31T15:00:14	54	56	56	44
2021-08-31T15:00:44	54	57	56	45
2021-08-31T15:01:14	54	57	56	45
2021-08-31T15:01:44	57	58	59	46
2021-08-31T15:02:14	61	61	60	47
2021-08-31T15:02:44	61	61	60	47
2021-08-31T15:03:14	62	62	61	48
2021-08-31T15:03:44	62	63	62	49
2021-08-31T15:04:14	62	64	63	50
2021-08-31T15:04:44	62	65	62	52
2021-08-31T15:05:14	63	66	65	52
2021-08-31T15:05:44	63	67	66	52
2021-08-31T15:06:14	65	68	67	53
2021-08-31T15:06:44	67	69	67	54
2021-08-31T15:07:14	69	70	69	55
2021-08-31T15:07:44	69	71	68	56
2021-08-31T15:08:14	70	72	71	57
2021-08-31T15:08:44	69	73	71	58
2021-08-31T15:09:14	70	74	73	58
2021-08-31T15:09:44	71	74	72	59
2021-08-31T15:10:14	75	76	76	61
2021-08-31T15:10:44	76	77	76	62
2021-08-31T15:11:14	76	78	75	62
2021-08-31T15:11:44	77	79	78	62
2021-08-31T15:12:14	76	79	77	64
2021-08-31T15:12:44	78	80	80	65
2021-08-31T15:13:14	78	81	79	65
2021-08-31T15:13:44	82	83	82	67
2021-08-31T15:14:14	83	84	81	67
2021-08-31T15:14:44	84	85	84	68
2021-08-31T15:15:14	83	85	83	69
2021-08-31T15:15:44	84	87	86	69
2021-08-31T15:16:14	83	87	85	71
2021-08-31T15:16:44	88	89	88	70
2021-08-31T15:17:14	89	90	88	73
2021-08-31T15:17:44	88	91	89	72
2021-08-31T15:18:14	88	92	89	74
2021-08-31T15:18:44	89	93	91	74
2021-08-31T15:19:14	89	94	91	75
2021-08-31T15:19:44	93	96	94	77
2021-08-31T15:20:14	95	97	93	78
2021-08-31T15:20:44	95	98	96	78
2021-08-31T15:21:14	95	98	94	80
2021-08-31T15:21:44	95	99	98	80
2021-08-31T15:22:14	95	100	96	81
2021-08-31T15:22:44	100	101	100	82
2021-08-31T15:23:14	102	102	100	83
2021-08-31T15:23:44	102	103	101	84
2021-08-31T15:24:14	101	103	101	85
2021-08-31T15:24:44	102	105	104	85
2021-08-31T15:25:14	101	105	102	86
2021-08-31T15:25:44	104	106	106	86
2021-08-31T15:26:14	106	107	105	88
2021-08-31T15:26:44	106	108	108	89
2021-08-31T15:27:14	106	109	108	90
2021-08-31T15:27:44	107	110	108	90
2021-08-31T15:28:14	110	111	109	92
2021-08-31T15:28:44	111	112	112	92
2021-08-31T15:29:14	110	112	110	93
2021-08-31T15:29:44	111	113	114	94
2021-08-31T15:30:14	111	115	113	95
2021-08-31T15:30:44	115	115	115	96
2021-08-31T15:31:14	115	117	115	96
2021-08-31T15:31:44	116	117	117	97
2021-08-31T15:32:14	115	118	116	98
2021-08-31T15:32:44	118	120	120	99
2021-08-31T15:33:14	120	121	120	100
2021-08-31T15:33:44	120	121	120	101
2021-08-31T15:34:14	120	123	121	101
2021-08-31T15:34:44	121	123	122	102
2021-08-31T15:35:14	125	125	123	103
2021-08-31T15:35:44	126	124	123	104
2021-08-31T15:36:14	125	126	125	105
2021-08-31T15:36:44	124	127	127	106
2021-08-31T15:37:14	126	129	127	107
2021-08-31T15:37:44	127	129	127	108
2021-08-31T15:38:14	128	130	129	108
2021-08-31T15:38:44	128	131	131	109
2021-08-31T15:39:14	132	132	131	110
2021-08-31T15:39:44	130	132	131	111
2021-08-31T15:40:14	131	134	135	112
2021-08-31T15:40:44	131	135	134	113
2021-08-31T15:41:14	137	136	136	114
2021-08-31T15:41:44	138	136	136	115
2021-08-31T15:42:14	138	138	136	116
2021-08-31T15:42:44	137	139	139	117
2021-08-31T15:43:14	136	140	139	117
2021-08-31T15:43:44	140	141	141	118
2021-08-31T15:44:14	143	143	141	119
2021-08-31T15:44:44	142	142	141	120
2021-08-31T15:45:14	142	144	144	121
2021-08-31T15:45:44	141	143	142	122
2021-08-31T15:46:14	144	145	146	123
2021-08-31T15:46:44	145	145	145	124
2021-08-31T15:47:14	145	146	147	124
2021-08-31T15:47:44	148	147	149	125
2021-08-31T15:48:14	148	148	149	126
2021-08-31T15:48:44	148	150	151	127
2021-08-31T15:49:14	147	151	150	128
2021-08-31T15:49:44	152	152	153	129
2021-08-31T15:50:14	155	152	152	130
2021-08-31T15:50:44	156	153	154	131
2021-08-31T15:51:14	154	154	153	132
2021-08-31T15:51:44	154	154	156	132
2021-08-31T15:52:14	157	155	156	133
2021-08-31T15:52:44	158	157	158	134
2021-08-31T15:53:14	157	158	157	135
2021-08-31T15:53:44	157	159	161	135
2021-08-31T15:54:14	161	159	160	136
2021-08-31T15:54:44	163	160	163	137
2021-08-31T15:55:14	160	161	161	138
2021-08-31T15:55:44	165	163	165	139
2021-08-31T15:56:14	166	164	164	140
2021-08-31T15:56:44	166	166	166	141
2021-08-31T15:57:14	164	165	166	142
2021-08-31T15:57:44	168	167	168	143
2021-08-31T15:58:14	169	169	169	144
2021-08-31T15:58:44	168	169	169	145
2021-08-31T15:59:14	171	169	171	145
2021-08-31T15:59:44	171	170	170	146
2021-08-31T16:00:14	173	171	173	147
2021-08-31T16:00:44	170	171	172	148
2021-08-31T16:01:14	177	173	176	149
2021-08-31T16:01:44	176	173	174	150
2021-08-31T16:02:14	177	174	176	151
2021-08-31T16:02:44	176	175	176	152
2021-08-31T16:03:14	177	176	180	153
2021-08-31T16:03:44	178	176	178	154
2021-08-31T16:04:14	179	178	182	154
2021-08-31T16:04:44	180	178	181	155
2021-08-31T16:05:14	183	179	183	156
2021-08-31T16:05:44	183	181	182	157
2021-08-31T16:06:14	183	182	185	159
2021-08-31T16:06:44	185	183	185	160
2021-08-31T16:07:14	186	183	186	160
2021-08-31T16:07:44	186	183	187	161
2021-08-31T16:08:14	186	184	188	162
2021-08-31T16:08:44	189	185	191	163
2021-08-31T16:09:14	189	186	189	165
2021-08-31T16:09:44	191	187	192	165
2021-08-31T16:10:14	193	188	193	166
2021-08-31T16:10:44	193	188	194	168
2021-08-31T16:11:14	193	190	195	169
2021-08-31T16:11:44	193	190	195	170
2021-08-31T16:12:14	198	191	196	171
2021-08-31T16:12:44	197	191	197	172
2021-08-31T16:13:14	196	192	199	173
2021-08-31T16:13:44	196	193	199	174
2021-08-31T16:14:14	201	195	199	175
2021-08-31T16:14:44	202	196	203	176
2021-08-31T16:15:14	200	196	202	177
2021-08-31T16:15:44	202	198	205	177
2021-08-31T16:16:14	202	198	204	179
2021-08-31T16:16:44	204	199	206	180
2021-08-31T16:17:14	204	200	205	181
2021-08-31T16:17:44	205	202	209	182
2021-08-31T16:18:14	209	202	207	182
2021-08-31T16:18:44	209	201	209	183
2021-08-31T16:19:14	208	202	210	184
2021-08-31T16:19:44	210	203	212	185
2021-08-31T16:20:14	211	204	212	186
2021-08-31T16:20:44	212	206	215	187
2021-08-31T16:21:14	213	207	214	188
2021-08-31T16:21:44	213	207	215	189
2021-08-31T16:22:14	216	209	215	190
2021-08-31T16:22:44	216	209	217	191
2021-08-31T16:23:14	215	210	218	192
2021-08-31T16:23:44	221	211	219	193
2021-08-31T16:24:14	221	212	220	194
2021-08-31T16:24:44	220	213	221	195
2021-08-31T16:25:14	220	214	223	196
2021-08-31T16:25:44	221	215	224	197
2021-08-31T16:26:14	224	216	224	198
2021-08-31T16:26:44	224	216	225	199
2021-08-31T16:27:14	224	218	226	200
2021-08-31T16:27:44	226	219	228	202
2021-08-31T16:28:14	226	220	228	202
2021-08-31T16:28:44	228	220	230	203
2021-08-31T16:29:14	229	221	229	204
2021-08-31T16:29:44	228	222	232	205
2021-08-31T16:30:14	232	222	231	205
2021-08-31T16:30:44	233	224	233	207
2021-08-31T16:31:14	231	224	233	208
2021-08-31T16:31:44	234	226	236	208
2021-08-31T16:32:14	235	226	234	209
2021-08-31T16:32:44	234	227	238	210
2021-08-31T16:33:14	237	227	237	211
2021-08-31T16:33:44	240	229	239	212
2021-08-31T16:34:14	239	230	240	213
2021-08-31T16:34:44	238	231	241	215
2021-08-31T16:35:14	241	232	243	215
2021-08-31T16:35:44	242	233	243	217
2021-08-31T16:36:14	242	233	243	217
2021-08-31T16:36:44	241	234	245	218
2021-08-31T16:37:14	245	235	246	220
2021-08-31T16:37:44	246	236	245	220
2021-08-31T16:38:14	246	237	249	221
2021-08-31T16:38:44	247	237	247	223
2021-08-31T16:39:14	249	239	250	223
2021-08-31T16:39:44	248	239	251	223
2021-08-31T16:40:14	251	240	251	225
2021-08-31T16:40:44	252	241	251	226
2021-08-31T16:41:14	251	242	254	228
2021-08-31T16:41:44	254	243	254	228
2021-08-31T16:42:14	256	244	256	229
2021-08-31T16:42:44	255	245	256	229
2021-08-31T16:43:14	256	246	258	230
2021-08-31T16:43:44	256	246	258	231
2021-08-31T16:44:14	257	247	258	232
2021-08-31T16:44:44	260	248	262	234
2021-08-31T16:45:14	260	248	260	235
2021-08-31T16:45:44	259	250	263	236
2021-08-31T16:46:14	262	252	263	237
2021-08-31T16:46:44	263	253	266	238
2021-08-31T16:47:14	263	253	265	239
2021-08-31T16:47:44	266	254	267	239
2021-08-31T16:48:14	266	255	267	241
2021-08-31T16:48:44	266	257	270	241
2021-08-31T16:49:14	269	257	268	243
2021-08-31T16:49:44	270	258	271	244
2021-08-31T16:50:14	269	259	271	245
2021-08-31T16:50:44	270	259	271	245
2021-08-31T16:51:14	274	260	272	246
2021-08-31T16:51:44	274	261	275	247
2021-08-31T16:52:14	273	262	274	248
2021-08-31T16:52:44	276	264	277	249
2021-08-31T16:53:14	276	264	277	251
2021-08-31T16:53:44	276	265	278	250
2021-08-31T16:54:14	278	266	279	251
2021-08-31T16:54:44	277	266	280	253
2021-08-31T16:55:14	282	268	280	254
2021-08-31T16:55:44	282	269	282	255
2021-08-31T16:56:14	280	270	282	256
2021-08-31T16:56:44	285	270	283	256
2021-08-31T16:57:14	283	272	285	258
2021-08-31T16:57:44	283	273	285	258
2021-08-31T16:58:14	287	273	286	260
2021-08-31T16:58:44	287	274	289	260
2021-08-31T16:59:14	286	275	288	261
2021-08-31T16:59:44	290	276	290	262
2021-08-31T17:00:14	289	277	292	263
2021-08-31T17:00:44	290	278	291	264
2021-08-31T17:01:14	290	279	292	265
2021-08-31T17:01:44	294	280	294	265
2021-08-31T17:02:14	294	281	295	267
2021-08-31T17:02:44	293	282	296	268
2021-08-31T17:03:14	298	283	298	269
2021-08-31T17:03:44	298	283	297	270
2021-08-31T17:04:14	296	284	299	271
2021-08-31T17:04:44	299	285	299	272
2021-08-31T17:05:14	298	286	301	273
2021-08-31T17:05:44	302	287	301	274
2021-08-31T17:06:14	301	288	304	275
2021-08-31T17:06:44	303	289	303	275
2021-08-31T17:07:14	302	289	304	277
2021-08-31T17:07:44	308	290	307	278
2021-08-31T17:08:14	305	291	307	279
2021-08-31T17:08:44	305	293	307	280
2021-08-31T17:09:14	308	293	309	281
2021-08-31T17:09:44	308	294	310	282
2021-08-31T17:10:14	310	295	312	283
2021-08-31T17:10:44	311	295	310	284
2021-08-31T17:11:14	311	296	313	285
2021-08-31T17:11:44	315	298	313	286
2021-08-31T17:12:14	314	299	315	286
2021-08-31T17:12:44	315	299	314	287
2021-08-31T17:13:14	316	301	317	288
2021-08-31T17:13:44	315	300	317	289
2021-08-31T17:14:14	319	302	318	290
2021-08-31T17:14:44	318	303	320	291
2021-08-31T17:15:14	319	304	321	292
2021-08-31T17:15:44	320	305	322	293
2021-08-31T17:16:14	323	306	324	294
2021-08-31T17:16:44	321	306	323	295
2021-08-31T17:17:14	325	308	323	296
2021-08-31T17:17:44	324	309	326	297
2021-08-31T17:18:14	323	310	326	298
2021-08-31T17:18:44	329	311	327	299
2021-08-31T17:19:14	329	311	328	300
2021-08-31T17:19:44	327	312	330	301
2021-08-31T17:20:14	331	313	331	302
2021-08-31T17:20:44	332	314	331	303
2021-08-31T17:21:14	331	316	332	304
2021-08-31T17:21:44	331	317	333	305
2021-08-31T17:22:14	333	317	335	305
2021-08-31T17:22:44	334	318	336	306
2021-08-31T17:23:14	336	319	335	307
2021-08-31T17:23:44	337	320	337	308
2021-08-31T17:24:14	337	321	338	309
2021-08-31T17:24:44	338	322	339	311
2021-08-31T17:25:14	339	323	341	312
2021-08-31T17:25:44	341	325	342	313
2021-08-31T17:26:14	340	326	343	313
2021-08-31T17:26:44	341	327	341	315
2021-08-31T17:27:14	343	328	344	316
2021-08-31T17:27:44	343	328	344	317
2021-08-31T17:28:14	343	330	346	317
2021-08-31T17:28:44	345	331	346	319
2021-08-31T17:29:14	348	332	349	319
2021-08-31T17:29:44	346	333	348	320
2021-08-31T17:30:14	349	334	351	321
2021-08-31T17:30:44	349	335	352	322
2021-08-31T17:31:14	350	336	352	323
2021-08-31T17:31:44	352	337	354	325
2021-08-31T17:32:14	354	338	354	325
2021-08-31T17:32:44	353	339	355	327
2021-08-31T17:33:14	355	340	357	327
2021-08-31T17:33:44	356	341	357	328
2021-08-31T17:34:14	355	343	358	329
2021-08-31T17:34:44	360	343	360	330
2021-08-31T17:35:14	358	343	359	331
2021-08-31T17:35:44	358	345	362	332
2021-08-31T17:36:14	362	345	361	333
2021-08-31T17:36:44	359	347	363	334
2021-08-31T17:37:14	364	347	362	335
2021-08-31T17:37:44	365	348	366	336
2021-08-31T17:38:14	364	349	365	338
2021-08-31T17:38:45	366	350	366	339
2021-08-31T17:39:15	368	351	369	340
2021-08-31T17:39:45	365	352	368	341
2021-08-31T17:40:15	368	353	370	342
2021-08-31T17:40:45	368	353	370	342
2021-08-31T17:41:15	370	355	373	343
2021-08-31T17:41:45	371	355	373	344
2021-08-31T17:42:15	374	356	374	345
2021-08-31T17:42:45	372	356	373	346
2021-08-31T17:43:15	375	358	376	347
2021-08-31T17:43:45	374	359	377	348
2021-08-31T17:44:15	376	360	377	349
2021-08-31T17:44:45	377	361	378	350
2021-08-31T17:45:15	378	362	378	351
2021-08-31T17:45:45	380	363	380	352
2021-08-31T17:46:15	380	363	381	353
2021-08-31T17:46:45	382	364	383	354
2021-08-31T17:47:15	380	364	382	355
2021-08-31T17:47:45	384	366	386	356
2021-08-31T17:48:15	384	366	384	357
2021-08-31T17:48:45	384	366	387	358
2021-08-31T17:49:15	386	368	387	359
2021-08-31T17:49:45	387	369	388	360
2021-08-31T17:50:15	388	370	391	361
2021-08-31T17:50:45	388	372	389	362
2021-08-31T17:51:15	391	373	392	362
2021-08-31T17:51:45	390	373	393	364
2021-08-31T17:52:15	392	375	393	365
2021-08-31T17:52:45	391	375	394	366
2021-08-31T17:53:15	396	376	395	367
2021-08-31T17:53:45	394	377	396	368
2021-08-31T17:54:15	398	378	398	370
2021-08-31T17:54:45	397	379	399	370
2021-08-31T17:55:15	397	380	399	371
2021-08-31T17:55:45	399	381	399	373
2021-08-31T17:56:15	400	382	402	373
2021-08-31T17:56:45	399	383	401	374
2021-08-31T17:57:15	402	383	404	376
2021-08-31T17:57:45	404	384	403	375
2021-08-31T17:58:15	404	385	405	377
2021-08-31T17:58:45	405	386	407	378
2021-08-31T17:59:15	405	387	407	379
2021-08-31T17:59:45	406	388	407	381
2021-08-31T18:00:15	409	389	410	381
2021-08-31T18:00:45	407	390	409	381
2021-08-31T18:01:15	409	392	412	383
2021-08-31T18:01:45	411	392	413	384
2021-08-31T18:02:15	411	393	413	385
2021-08-31T18:02:45	413	394	415	387
2021-08-31T18:03:15	414	395	414	387
2021-08-31T18:03:45	414	396	415	387
2021-08-31T18:04:15	414	396	417	390
2021-08-31T18:04:45	417	397	418	391
2021-08-31T18:05:15	418	398	420	391
2021-08-31T18:05:45	419	398	420	393
2021-08-31T18:06:15	420	400	420	394
2021-08-31T18:06:45	421	400	421	394
2021-08-31T18:07:15	421	401	424	396
2021-08-31T18:07:45	421	401	423	397
2021-08-31T18:08:15	424	402	425	398
2021-08-31T18:08:45	424	403	426	399
2021-08-31T18:09:15	425	404	427	400
2021-08-31T18:09:45	427	405	428	400
2021-08-31T18:10:15	427	406	428	401
2021-08-31T18:10:45	428	407	430	402
2021-08-31T18:11:15	429	408	430	403
2021-08-31T18:11:45	431	409	433	404
2021-08-31T18:12:15	431	410	433	405
2021-08-31T18:12:45	432	411	432	406
2021-08-31T18:13:15	432	411	434	407
2021-08-31T18:13:45	436	412	435	408
2021-08-31T18:14:15	434	412	436	409
2021-08-31T18:14:45	436	414	439	410
2021-08-31T18:15:15	436	415	439	410
2021-08-31T18:15:45	438	416	438	412
2021-08-31T18:16:15	439	417	441	413
2021-08-31T18:16:45	441	418	441	414
2021-08-31T18:17:15	441	419	443	415
2021-08-31T18:17:45	442	420	443	416
2021-08-31T18:18:15	442	421	446	418
2021-08-31T18:18:45	445	421	444	418
2021-08-31T18:19:15	445	423	447	419
2021-08-31T18:19:45	446	423	446	420
2021-08-31T18:20:15	445	424	448	420
2021-08-31T18:20:45	448	425	449	422
2021-08-31T18:21:15	450	426	452	424
2021-08-31T18:21:45	449	427	451	424
2021-08-31T18:22:15	450	428	454	425
2021-08-31T18:22:45	452	429	452	427
2021-08-31T18:23:15	451	429	455	427
2021-08-31T18:23:45	452	430	455	428
2021-08-31T18:24:15	457	432	458	430
2021-08-31T18:24:45	454	432	456	431
2021-08-31T18:25:15	457	433	460	431
2021-08-31T18:25:45	458	433	458	432
2021-08-31T18:26:15	458	435	462	433
2021-08-31T18:26:45	459	435	460	434
2021-08-31T18:27:15	462	437	463	435
2021-08-31T18:27:45	461	438	463	436
2021-08-31T18:28:15	461	438	463	437
2021-08-31T18:28:45	465	439	465	438
2021-08-31T18:29:15	463	440	465	439
2021-08-31T18:29:45	465	440	469	440
2021-08-31T18:30:15	465	441	467	441
2021-08-31T18:30:45	469	442	470	442
2021-08-31T18:31:15	468	444	469	443
2021-08-31T18:31:45	469	446	471	444
2021-08-31T18:32:15	471	447	471	445
2021-08-31T18:32:45	472	447	473	446
2021-08-31T18:33:15	472	448	474	447
2021-08-31T18:33:45	474	449	475	448
2021-08-31T18:34:15	473	450	475	449
2021-08-31T18:34:45	475	451	477	450
2021-08-31T18:35:15	476	451	477	451
2021-08-31T18:35:45	478	452	479	452
2021-08-31T18:36:15	477	453	478	453
2021-08-31T18:36:45	478	454	481	454
2021-08-31T18:37:15	480	456	480	455
2021-08-31T18:37:45	483	456	483	456
2021-08-31T18:38:15	482	458	485	457
2021-08-31T18:38:45	484	458	485	458
2021-08-31T18:39:15	484	458	486	459
2021-08-31T18:39:45	485	459	486	460
2021-08-31T18:40:15	486	460	486	460
2021-08-31T18:40:45	486	461	489	462
2021-08-31T18:41:15	488	463	491	463
2021-08-31T18:41:45	490	463	491	464
2021-08-31T18:42:15	489	465	491	465
2021-08-31T18:42:45	490	466	492	466
2021-08-31T18:43:15	491	467	494	467
2021-08-31T18:43:45	492	468	495	468
2021-08-31T18:44:15	494	469	496	469
2021-08-31T18:44:45	496	470	497	470
2021-08-31T18:45:15	495	471	498	471
2021-08-31T18:45:45	498	471	498	472
2021-08-31T18:46:15	499	473	500	473
2021-08-31T18:46:45	498	474	502	474
2021-08-31T18:47:15	500	475	502	476
2021-08-31T18:47:45	500	475	503	476
2021-08-31T18:48:15	502	476	503	477
2021-08-31T18:48:45	503	477	505	478
2021-08-31T18:49:15	503	478	504	479
2021-08-31T18:49:45	506	480	506	480
2021-08-31T18:50:15	506	480	507	481
2021-08-31T18:50:45	507	481	509	481
2021-08-31T18:51:15	507	482	509	483
2021-08-31T18:51:45	509	483	511	484
2021-08-31T18:52:15	511	484	510	485
2021-08-31T18:52:45	508	485	514	486
2021-08-31T18:53:15	513	486	513	486
2021-08-31T18:53:45	513	487	514	487
2021-08-31T18:54:15	514	488	517	489
2021-08-31T18:54:45	515	488	516	490
2021-08-31T18:55:15	516	490	518	491
2021-08-31T18:55:45	516	490	518	492
2021-08-31T18:56:15	520	492	520	493
2021-08-31T18:56:45	519	492	519	494
2021-08-31T18:57:15	519	493	522	496
2021-08-31T18:57:45	521	494	521	496
2021-08-31T18:58:15	520	496	524	497
2021-08-31T18:58:45	522	496	522	498
2021-08-31T18:59:15	525	496	525	499
2021-08-31T18:59:45	525	497	526	500
2021-08-31T19:00:15	525	499	527	501
2021-08-31T19:00:45	526	500	529	502
2021-08-31T19:01:15	528	501	529	503
2021-08-31T19:01:45	528	501	531	504
2021-08-31T19:02:15	528	503	529	505
2021-08-31T19:02:45	532	504	531	505
2021-08-31T19:03:15	532	505	534	507
2021-08-31T19:03:45	532	506	533	509
2021-08-31T19:04:15	532	507	536	509
2021-08-31T19:04:45	535	507	535	511
2021-08-31T19:05:15	537	509	538	511
2021-08-31T19:05:45	537	509	537	511
2021-08-31T19:06:15	538	510	539	513
2021-08-31T19:06:45	539	511	538	515
2021-08-31T19:07:15	539	511	540	515
2021-08-31T19:07:45	538	512	540	517
2021-08-31T19:08:15	543	514	543	517
2021-08-31T19:08:45	544	515	544	518
2021-08-31T19:09:15	543	515	544	519
2021-08-31T19:09:45	546	516	546	521
2021-08-31T19:10:15	546	517	546	521
2021-08-31T19:10:45	547	519	548	522
2021-08-31T19:11:15	548	520	549	524
2021-08-31T19:11:45	548	520	551	524
2021-08-31T19:12:15	549	521	551	526
2021-08-31T19:12:45	550	522	551	527
2021-08-31T19:13:15	551	523	553	528
2021-08-31T19:13:45	552	524	553	529
2021-08-31T19:14:15	555	524	554	530
2021-08-31T19:14:45	554	526	556	531
2021-08-31T19:15:15	555	527	557	531
2021-08-31T19:15:45	555	528	558	533
2021-08-31T19:16:15	556	529	559	534
2021-08-31T19:16:45	558	529	559	534
2021-08-31T19:17:15	560	530	560	536
2021-08-31T19:17:45	560	530	561	537
2021-08-31T19:18:15	560	532	563	537
2021-08-31T19:18:45	561	533	564	538
2021-08-31T19:19:15	562	534	565	540
2021-08-31T19:19:45	565	534	566	541
2021-08-31T19:20:15	565	536	566	541
2021-08-31T19:20:45	567	536	568	543
2021-08-31T19:21:15	566	537	569	544
2021-08-31T19:21:45	568	537	569	545
2021-08-31T19:22:15	569	539	571	546
2021-08-31T19:22:45	571	540	571	547
2021-08-31T19:23:15	570	541	573	548
2021-08-31T19:23:45	571	541	573	548
2021-08-31T19:24:15	572	543	575	550
2021-08-31T19:24:45	574	543	574	551
2021-08-31T19:25:15	574	544	576	552
2021-08-31T19:25:45	574	545	579	553
2021-08-31T19:26:15	578	546	578	554
2021-08-31T19:26:45	578	547	580	556
2021-08-31T19:27:15	578	548	580	557
2021-08-31T19:27:45	579	548	580	557
2021-08-31T19:28:15	581	549	583	559
2021-08-31T19:28:45	580	550	583	560
2021-08-31T19:29:15	582	552	584	561
2021-08-31T19:29:45	583	552	584	562
2021-08-31T19:30:15	586	554	588	563
2021-08-31T19:30:45	586	554	586	564
2021-08-31T19:31:15	586	555	589	565
2021-08-31T19:31:45	587	556	590	566
2021-08-31T19:32:15	589	557	589	567
2021-08-31T19:32:45	590	558	592	568
2021-08-31T19:33:15	591	559	593	569
2021-08-31T19:33:45	590	559	592	571
2021-08-31T19:34:15	593	561	595	572
2021-08-31T19:34:45	593	562	597	573
2021-08-31T19:35:15	595	562	595	574
2021-08-31T19:35:45	596	563	598	575
2021-08-31T19:36:15	596	564	599	576
2021-08-31T19:36:45	595	565	601	577
2021-08-31T19:37:15	599	566	601	578
2021-08-31T19:37:45	600	568	601	579
2021-08-31T19:38:15	602	569	601	580
2021-08-31T19:38:45	600	569	603	581
2021-08-31T19:39:15	601	570	604	583
2021-08-31T19:39:45	603	571	606	583
2021-08-31T19:40:15	605	572	606	584
2021-08-31T19:40:45	606	573	607	586
2021-08-31T19:41:15	607	574	609	586
2021-08-31T19:41:45	608	575	610	588
2021-08-31T19:42:15	609	575	609	589
2021-08-31T19:42:45	611	577	611	590
2021-08-31T19:43:15	612	578	613	591
2021-08-31T19:43:45	612	578	611	592
2021-08-31T19:44:15	611	579	614	593
2021-08-31T19:44:45	612	581	616	594
2021-08-31T19:45:15	613	582	615	595
2021-08-31T19:45:45	617	582	616	596
2021-08-31T19:46:15	615	583	618	597
2021-08-31T19:46:45	617	585	619	598
2021-08-31T19:47:15	618	585	621	599
2021-08-31T19:47:45	618	586	620	601
2021-08-31T19:48:15	621	587	622	602
2021-08-31T19:48:45	621	587	623	603
2021-08-31T19:49:15	620	589	621	604
2021-08-31T19:49:45	622	589	624	605
2021-08-31T19:50:15	624	591	627	606
2021-08-31T19:50:45	626	592	627	607
2021-08-31T19:51:15	625	593	628	608
2021-08-31T19:51:45	627	594	629	609
2021-08-31T19:52:15	628	595	630	610
2021-08-31T19:52:45	628	595	631	611
2021-08-31T19:53:15	631	597	632	612
2021-08-31T19:53:45	631	597	633	613
2021-08-31T19:54:15	630	598	634	614
2021-08-31T19:54:45	635	599	635	615
2021-08-31T19:55:15	634	600	635	616
2021-08-31T19:55:45	637	601	637	618
2021-08-31T19:56:15	633	602	638	619
2021-08-31T19:56:45	637	603	637	620
2021-08-31T19:57:15	638	603	639	621
2021-08-31T19:57:45	637	604	640	622
2021-08-31T19:58:15	639	605	642	623
2021-08-31T19:58:45	642	606	643	623
2021-08-31T19:59:15	641	607	644	625
2021-08-31T19:59:45	643	609	644	626
2021-08-31T20:00:15	643	609	644	627
2021-08-31T20:00:45	644	610	646	627
2021-08-31T20:01:15	647	611	648	629
2021-08-31T20:01:45	648	612	649	630
2021-08-31T20:02:15	649	613	650	630
2021-08-31T20:02:45	648	614	652	632
2021-08-31T20:03:15	650	614	651	633
2021-08-31T20:03:45	650	616	653	634
2021-08-31T20:04:15	650	617	654	635
2021-08-31T20:04:45	653	617	654	636
2021-08-31T20:05:15	652	619	656	637
2021-08-31T20:05:45	653	620	657	638
2021-08-31T20:06:15	656	620	657	639
2021-08-31T20:06:45	656	621	659	640
2021-08-31T20:07:15	656	622	660	640
2021-08-31T20:07:45	659	622	659	642
2021-08-31T20:08:15	660	623	661	643
2021-08-31T20:08:45	661	625	663	644
2021-08-31T20:09:15	660	626	664	645
2021-08-31T20:09:45	663	627	665	646
2021-08-31T20:10:15	664	627	664	647
2021-08-31T20:10:45	665	628	666	648
2021-08-31T20:11:15	664	629	667	649
2021-08-31T20:11:45	667	631	669	650
2021-08-31T20:12:15	668	632	670	651
2021-08-31T20:12:45	667	633	670	652
2021-08-31T20:13:15	670	633	671	653
2021-08-31T20:13:45	671	634	673	655
2021-08-31T20:14:15	672	636	673	655
2021-08-31T20:14:45	672	636	673	657
2021-08-31T20:15:15	673	637	675	657
2021-08-31T20:15:45	674	638	676	659
2021-08-31T20:16:15	674	639	677	660
2021-08-31T20:16:45	677	640	678	661
2021-08-31T20:17:15	678	641	680	662
2021-08-31T20:17:45	679	642	681	663
2021-08-31T20:18:15	680	643	682	664
2021-08-31T20:18:45	679	644	683	665
2021-08-31T20:19:15	682	646	684	667
2021-08-31T20:19:45	683	646	683	667
2021-08-31T20:20:15	683	647	684	668
2021-08-31T20:20:45	684	648	686	669
2021-08-31T20:21:15	686	649	687	670
2021-08-31T20:21:45	686	649	687	671
2021-08-31T20:22:15	687	650	689	672
2021-08-31T20:22:45	687	652	690	673
2021-08-31T20:23:15	690	653	691	674
2021-08-31T20:23:45	691	653	692	675
2021-08-31T20:24:15	690	655	694	676
2021-08-31T20:24:45	692	655	694	678
2021-08-31T20:25:15	694	657	695	678
2021-08-31T20:25:45	694	658	696	679
2021-08-31T20:26:15	694	658	697	681
2021-08-31T20:26:45	695	659	698	681
2021-08-31T20:27:15	697	661	699	682
2021-08-31T20:27:45	698	661	700	683
2021-08-31T20:28:15	699	662	701	685
2021-08-31T20:28:45	699	663	701	686
2021-08-31T20:29:15	701	665	703	686
2021-08-31T20:29:45	701	666	703	687
2021-08-31T20:30:15	702	667	705	688
2021-08-31T20:30:45	703	668	706	690
2021-08-31T20:31:15	703	669	706	691
2021-08-31T20:31:45	706	670	707	691
2021-08-31T20:32:15	705	670	708	692
2021-08-31T20:32:45	707	671	708	694
2021-08-31T20:33:15	707	672	709	695
2021-08-31T20:33:45	709	673	711	695
2021-08-31T20:34:15	712	674	711	697
2021-08-31T20:34:45	711	675	713	697
2021-08-31T20:35:15	710	676	714	699
2021-08-31T20:35:45	714	677	715	699
2021-08-31T20:36:15	714	678	716	700
2021-08-31T20:36:45	715	679	717	701
2021-08-31T20:37:15	715	680	718	703
2021-08-31T20:37:45	718	680	719	703
2021-08-31T20:38:15	718	681	719	704
2021-08-31T20:38:45	717	682	720	705
2021-08-31T20:39:15	720	683	722	706
2021-08-31T20:39:45	721	685	723	707
2021-08-31T20:40:15	720	685	724	708
2021-08-31T20:40:45	724	686	725	709
2021-08-31T20:41:15	723	687	725	710
2021-08-31T20:41:45	725	688	726	711
2021-08-31T20:42:15	725	689	727	712
2021-08-31T20:42:45	728	690	728	713
2021-08-31T20:43:15	727	691	728	714
2021-08-31T20:43:45	728	691	730	715
2021-08-31T20:44:15	729	692	730	716
2021-08-31T20:44:45	731	693	732	717
2021-08-31T20:45:15	731	694	732	718
2021-08-31T20:45:45	732	695	733	719
2021-08-31T20:46:15	733	696	734	720
2021-08-31T20:46:45	736	697	735	721
2021-08-31T20:47:15	737	698	736	722
2021-08-31T20:47:45	736	699	737	723
2021-08-31T20:48:15	738	700	738	724
2021-08-31T20:48:45	740	701	739	725
2021-08-31T20:49:15	741	701	740	726
2021-08-31T20:49:45	741	702	741	727
2021-08-31T20:50:15	743	703	741	728
2021-08-31T20:50:45	744	704	742	729
2021-08-31T20:51:15	745	705	744	730
2021-08-31T20:51:45	747	706	744	731
2021-08-31T20:52:15	747	707	745	732
2021-08-31T20:52:45	748	708	746	733
2021-08-31T20:53:15	749	709	747	734
2021-08-31T20:53:45	750	710	748	735
2021-08-31T20:54:15	751	711	748	736
2021-08-31T20:54:45	752	711	749	736
2021-08-31T20:55:15	752	712	750	737
2021-08-31T20:55:45	754	713	751	738
2021-08-31T20:56:15	754	714	752	739
2021-08-31T20:56:45	756	715	752	740
2021-08-31T20:57:15	754	716	753	741
2021-08-31T20:57:45	756	717	755	742
2021-08-31T20:58:15	757	718	756	743
2021-08-31T20:58:45	760	719	756	744
2021-08-31T20:59:15	760	719	757	745
2021-08-31T20:59:45	761	721	758	746
2021-08-31T21:00:15	762	721	759	747
2021-08-31T21:00:45	762	722	760	748
2021-08-31T21:01:15	764	723	761	749
2021-08-31T21:01:45	764	724	762	750
2021-08-31T21:02:15	765	725	762	751
2021-08-31T21:02:45	766	726	763	752
2021-08-31T21:03:15	767	726	764	753
2021-08-31T21:03:45	768	727	765	755
2021-08-31T21:04:15	769	728	765	755
2021-08-31T21:04:45	771	729	767	757
2021-08-31T21:05:15	770	730	767	757
2021-08-31T21:05:45	772	731	768	758
2021-08-31T21:06:15	774	732	769	759
2021-08-31T21:06:45	775	733	769	759
2021-08-31T21:07:15	776	733	770	761
2021-08-31T21:07:45	775	734	771	761
2021-08-31T21:08:15	776	735	773	762
2021-08-31T21:08:45	778	736	773	763
2021-08-31T21:09:15	778	737	774	764
2021-08-31T21:09:45	780	738	776	765
2021-08-31T21:10:15	781	739	777	766
2021-08-31T21:10:45	782	740	777	768
2021-08-31T21:11:15	782	741	778	768
2021-08-31T21:11:45	784	741	779	769
2021-08-31T21:12:15	784	742	779	770
2021-08-31T21:12:45	785	743	780	770
2021-08-31T21:13:15	786	744	781	771
2021-08-31T21:13:45	789	744	782	773
2021-08-31T21:14:15	788	745	783	774
2021-08-31T21:14:45	789	746	783	774
2021-08-31T21:15:15	792	747	784	775
2021-08-31T21:15:45	794	748	785	776
2021-08-31T21:16:15	792	749	785	777
2021-08-31T21:16:45	793	750	787	777
2021-08-31T21:17:15	793	751	787	779
2021-08-31T21:17:45	797	751	788	779
2021-08-31T21:18:15	796	752	789	781
2021-08-31T21:18:45	796	753	790	782
2021-08-31T21:19:15	799	754	791	783
2021-08-31T21:19:45	801	755	791	782
2021-08-31T21:20:15	801	756	792	784
2021-08-31T21:20:45	802	757	793	786
2021-08-31T21:21:15	802	758	793	786
2021-08-31T21:21:45	804	759	795	787
2021-08-31T21:22:15	805	760	795	788
2021-08-31T21:22:45	807	761	796	789
2021-08-31T21:23:15	806	761	797	790
2021-08-31T21:23:45	808	762	798	791
2021-08-31T21:24:15	806	763	799	791
2021-08-31T21:24:45	811	764	799	792
2021-08-31T21:25:15	810	764	800	793
2021-08-31T21:25:45	810	765	801	794
2021-08-31T21:26:15	813	766	802	795
2021-08-31T21:26:45	813	766	802	796
2021-08-31T21:27:15	816	767	804	797
2021-08-31T21:27:45	815	768	805	798
2021-08-31T21:28:15	816	769	805	799
2021-08-31T21:28:45	819	770	806	800
2021-08-31T21:29:15	818	771	807	801
2021-08-31T21:29:45	819	771	808	802
2021-08-31T21:30:15	820	773	809	802
2021-08-31T21:30:45	820	773	810	804
2021-08-31T21:31:15	821	774	810	804
2021-08-31T21:31:45	824	774	812	805
2021-08-31T21:32:15	824	775	812	806
2021-08-31T21:32:45	824	776	813	807
2021-08-31T21:33:15	826	777	814	808
2021-08-31T21:33:45	828	777	815	810
2021-08-31T21:34:15	828	778	816	810
2021-08-31T21:34:45	830	779	816	811
2021-08-31T21:35:15	829	780	817	812
2021-08-31T21:35:45	832	780	819	814
2021-08-31T21:36:15	830	781	819	814
2021-08-31T21:36:45	834	781	820	815
2021-08-31T21:37:15	833	782	821	817
2021-08-31T21:37:45	835	783	822	817
2021-08-31T21:38:15	838	784	823	818
2021-08-31T21:38:45	836	784	824	819
2021-08-31T21:39:15	839	785	826	820
2021-08-31T21:39:45	838	786	827	821
2021-08-31T21:40:15	841	787	827	822
2021-08-31T21:40:45	842	787	828	823
2021-08-31T21:41:15	841	788	830	824
2021-08-31T21:41:45	843	789	831	825
2021-08-31T21:42:15	845	790	831	826
2021-08-31T21:42:45	843	790	832	827
2021-08-31T21:43:15	845	791	833	828
2021-08-31T21:43:45	846	792	834	829
2021-08-31T21:44:15	848	792	835	830
2021-08-31T21:44:45	849	794	836	831
2021-08-31T21:45:15	849	794	837	832
2021-08-31T21:45:45	851	795	838	834
2021-08-31T21:46:15	852	796	840	835
2021-08-31T21:46:45	851	797	840	836
2021-08-31T21:47:15	854	797	841	837
2021-08-31T21:47:45	853	798	843	839
2021-08-31T21:48:15	856	799	843	840
2021-08-31T21:48:45	856	800	844	840
2021-08-31T21:49:15	858	801	845	841
2021-08-31T21:49:45	858	801	846	842
2021-08-31T21:50:15	858	803	847	843
2021-08-31T21:50:45	861	803	848	843
2021-08-31T21:51:15	862	804	849	845
2021-08-31T21:51:45	862	805	850	846
2021-08-31T21:52:15	861	806	851	847
2021-08-31T21:52:45	866	807	852	848
2021-08-31T21:53:15	867	808	853	849
2021-08-31T21:53:45	866	809	853	850
2021-08-31T21:54:15	868	810	855	852
2021-08-31T21:54:45	867	810	856	853
2021-08-31T21:55:15	869	811	857	854
2021-08-31T21:55:45	871	812	858	855
2021-08-31T21:56:15	872	813	859	855
2021-08-31T21:56:45	874	814	860	856
2021-08-31T21:57:15	874	815	860	858
2021-08-31T21:57:45	875	816	862	859
2021-08-31T21:58:15	875	817	863	860
2021-08-31T21:58:45	875	818	864	861
2021-08-31T21:59:15	878	819	865	862
2021-08-31T21:59:45	879	820	866	862
2021-08-31T22:00:15	879	821	867	865
2021-08-31T22:00:45	881	822	868	866
2021-08-31T22:01:15	882	823	869	866
2021-08-31T22:01:45	884	824	870	867
2021-08-31T22:02:15	884	825	871	869
2021-08-31T22:02:45	885	826	872	870
2021-08-31T22:03:15	884	827	873	871
2021-08-31T22:03:45	887	828	875	872
2021-08-31T22:04:15	887	829	876	872
2021-08-31T22:04:45	890	830	878	873
2021-08-31T22:05:15	890	831	879	874
2021-08-31T22:05:45	891	832	880	876
2021-08-31T22:06:15	892	833	880	877
2021-08-31T22:06:45	891	834	882	878
2021-08-31T22:07:15	893	837	882	880
2021-08-31T22:07:45	895	838	883	880
2021-08-31T22:08:15	894	838	885	881
2021-08-31T22:08:45	897	839	886	883
2021-08-31T22:09:15	897	840	887	883
2021-08-31T22:09:45	899	842	888	884
2021-08-31T22:10:15	899	843	889	885
2021-08-31T22:10:45	898	844	889	885
2021-08-31T22:11:15	899	845	891	886
2021-08-31T22:11:45	900	846	892	888
2021-08-31T22:12:15	899	847	892	887
2021-08-31T22:12:45	900	848	893	888
2021-08-31T22:13:15	899	849	894	889
2021-08-31T22:13:45	898	850	894	889
2021-08-31T22:14:15	898	850	896	889
2021-08-31T22:14:45	898	852	896	890
2021-08-31T22:15:15	898	853	897	890
2021-08-31T22:15:45	899	854	898	891
2021-08-31T22:16:15	900	855	898	891
2021-08-31T22:16:45	899	855	899	892
2021-08-31T22:17:15	900	857	900	892
2021-08-31T22:17:45	899	858	900	893
2021-08-31T22:18:15	898	859	901	893
2021-08-31T22:18:45	899	859	902	894
2021-08-31T22:19:15	898	860	902	894
2021-08-31T22:19:45	899	861	901	895
2021-08-31T22:20:15	900	862	902	895
2021-08-31T22:20:45	900	862	901	895
2021-08-31T22:21:15	900	863	901	895
2021-08-31T22:21:45	900	864	902	895
2021-08-31T22:22:15	898	864	901	896
2021-08-31T22:22:45	898	865	902	896
2021-08-31T22:23:15	899	866	902	895
2021-08-31T22:23:45	898	866	902	895
2021-08-31T22:24:15	899	867	902	896
2021-08-31T22:24:45	901	867	901	896
2021-08-31T22:25:15	899	868	902	897
2021-08-31T22:25:45	900	869	903	896
2021-08-31T22:26:15	900	870	902	897
2021-08-31T22:26:45	901	870	902	896
2021-08-31T22:27:15	901	871	903	896
2021-08-31T22:27:45	900	871	901	896
2021-08-31T22:28:15	898	872	902	898
2021-08-31T22:28:45	899	873	901	897
2021-08-31T22:29:15	899	873	901	897
2021-08-31T22:29:45	899	874	902	897
2021-08-31T22:30:15	899	874	901	897
2021-08-31T22:30:45	898	875	901	897
2021-08-31T22:31:15	898	875	901	897
2021-08-31T22:31:45	898	876	901	898
2021-08-31T22:32:15	898	877	901	898
2021-08-31T22:32:45	899	877	901	898
2021-08-31T22:33:15	899	878	902	898
2021-08-31T22:33:45	899	879	903	898
2021-08-31T22:34:15	899	879	901	898
2021-08-31T22:34:45	900	880	902	898
2021-08-31T22:35:15	900	880	901	898
2021-08-31T22:35:45	900	881	901	898
2021-08-31T22:36:15	900	882	901	898
2021-08-31T22:36:45	901	882	902	898
2021-08-31T22:37:15	899	882	902	899
2021-08-31T22:37:45	900	882	901	899
2021-08-31T22:38:15	901	882	903	899
2021-08-31T22:38:45	899	882	903	899
2021-08-31T22:39:15	900	882	903	899
2021-08-31T22:39:45	900	882	902	899
2021-08-31T22:40:15	900	883	903	898
2021-08-31T22:40:45	899	883	903	899
2021-08-31T22:41:15	901	884	903	900
2021-08-31T22:41:45	899	884	902	900
2021-08-31T22:42:15	899	884	903	900
2021-08-31T22:42:45	899	885	903	900
2021-08-31T22:43:15	900	885	903	900
2021-08-31T22:43:45	899	886	902	900
2021-08-31T22:44:15	899	886	902	900
2021-08-31T22:44:45	899	885	902	900
2021-08-31T22:45:15	899	885	903	900
2021-08-31T22:45:45	901	886	903	901
2021-08-31T22:46:15	899	886	902	901
2021-08-31T22:46:45	899	886	902	901
2021-08-31T22:47:15	900	887	903	901
2021-08-31T22:47:45	899	887	903	900
2021-08-31T22:48:15	900	887	903	901
2021-08-31T22:48:45	901	886	902	901
2021-08-31T22:49:15	900	887	902	900
2021-08-31T22:49:45	901	887	903	900
2021-08-31T22:50:15	899	887	902	900
2021-08-31T22:50:45	899	887	902	901
2021-08-31T22:51:15	901	888	903	900
2021-08-31T22:51:45	899	888	903	900
2021-08-31T22:52:15	900	888	902	900
2021-08-31T22:52:45	899	888	902	901
2021-08-31T22:53:15	900	888	903	901
2021-08-31T22:53:45	899	888	902	901
2021-08-31T22:54:15	901	889	903	901
2021-08-31T22:54:45	899	889	903	901
2021-08-31T22:55:15	901	889	902	901
2021-08-31T22:55:45	899	890	903	901
2021-08-31T22:56:15	901	890	904	901
2021-08-31T22:56:45	900	890	902	901
2021-08-31T22:57:15	901	891	903	901
2021-08-31T22:57:45	899	890	902	901
2021-08-31T22:58:15	900	891	903	901
2021-08-31T22:58:45	900	890	902	901
2021-08-31T22:59:15	899	891	903	901
2021-08-31T22:59:45	900	891	902	901
2021-08-31T23:00:15	899	892	904	901
2021-08-31T23:00:45	900	892	902	901
2021-08-31T23:01:15	900	892	902	901
2021-08-31T23:01:45	899	892	902	901
2021-08-31T23:02:15	901	892	903	901
2021-08-31T23:02:45	899	892	902	901
2021-08-31T23:03:15	901	893	903	901
2021-08-31T23:03:45	899	893	902	902
2021-08-31T23:04:15	899	893	903	902
2021-08-31T23:04:45	901	893	902	901
2021-08-31T23:05:15	900	893	903	902
2021-08-31T23:05:45	899	894	902	902
2021-08-31T23:06:15	899	893	902	901
2021-08-31T23:06:45	901	894	903	902
2021-08-31T23:07:15	899	894	902	902
2021-08-31T23:07:45	899	895	903	902
2021-08-31T23:08:15	899	895	902	902
2021-08-31T23:08:45	900	894	902	902
2021-08-31T23:09:15	899	895	903	902
2021-08-31T23:09:45	899	895	902	902
2021-08-31T23:10:15	901	895	903	902
2021-08-31T23:10:45	900	895	902	902
2021-08-31T23:11:15	899	895	902	902
2021-08-31T23:11:45	899	896	903	902
2021-08-31T23:12:15	900	896	903	902
2021-08-31T23:12:45	899	895	902	902
2021-08-31T23:13:15	899	896	903	902
2021-08-31T23:13:45	900	896	902	902
2021-08-31T23:14:15	900	895	902	902
2021-08-31T23:14:45	900	896	903	902
2021-08-31T23:15:15	899	897	902	902
2021-08-31T23:15:45	899	896	902	902
2021-08-31T23:16:15	901	897	903	902
2021-08-31T23:16:45	899	897	902	903
2021-08-31T23:17:15	899	896	902	902
2021-08-31T23:17:45	899	898	903	902
2021-08-31T23:18:15	899	898	903	902
2021-08-31T23:18:45	901	898	902	902
2021-08-31T23:19:15	900	898	902	903
2021-08-31T23:19:45	899	899	903	903
2021-08-31T23:20:15	899	899	903	903
2021-08-31T23:20:45	899	898	902	901
2021-08-31T23:21:15	901	898	902	903
2021-08-31T23:21:45	900	898	902	903
2021-08-31T23:22:15	900	898	903	903
2021-08-31T23:22:45	899	899	902	903
2021-08-31T23:23:15	899	899	902	903
2021-08-31T23:23:45	899	899	903	902
2021-08-31T23:24:15	900	899	902	903
2021-08-31T23:24:45	900	898	902	903
2021-08-31T23:25:15	899	898	902	903
2021-08-31T23:25:45	900	899	903	903
2021-08-31T23:26:15	899	899	902	903
2021-08-31T23:26:45	899	899	903	902
2021-08-31T23:27:15	899	899	903	903
2021-08-31T23:27:45	899	899	902	902
2021-08-31T23:28:15	901	899	902	903
2021-08-31T23:28:45	900	898	903	902
2021-08-31T23:29:15	899	899	902	902
2021-08-31T23:29:45	899	899	903	902
2021-08-31T23:30:15	899	899	903	902
2021-08-31T23:30:45	899	899	902	903
2021-08-31T23:31:15	899	899	902	903
2021-08-31T23:31:45	899	899	903	901
2021-08-31T23:32:15	901	899	903	903
2021-08-31T23:32:45	900	899	902	902
2021-08-31T23:33:15	900	899	902	902
2021-08-31T23:33:45	899	899	902	903
2021-08-31T23:34:15	899	899	902	903
2021-08-31T23:34:45	899	899	902	903
2021-08-31T23:35:15	899	899	902	902
2021-08-31T23:35:45	899	899	902	901
2021-08-31T23:36:15	899	900	903	901
2021-08-31T23:36:45	900	900	903	902
2021-08-31T23:37:15	899	899	903	902
2021-08-31T23:37:45	899	898	902	902
2021-08-31T23:38:15	899	899	903	902
2021-08-31T23:38:45	899	899	902	902
2021-08-31T23:39:15	901	899	902	902
2021-08-31T23:39:45	900	899	902	902
2021-08-31T23:40:15	900	899	902	902
2021-08-31T23:40:45	899	899	902	902
2021-08-31T23:41:15	802	864	870	893
2021-08-31T23:41:45	722	779	810	865
2021-08-31T23:42:15	595	676	690	831
2021-08-31T23:42:45	512	593	630	756
2021-08-31T23:43:15	483	510	588	693
2021-08-31T23:43:45	445	463	551	644
2021-08-31T23:44:15	419	429	529	617
