time	T1	T2	T3	T4
2021-08-12T10:34:56	29	30	31	27
2021-08-12T10:35:26	29	30	31	27
2021-08-12T10:35:56	29	30	32	27
2021-08-12T10:36:26	30	30	33	28
2021-08-12T10:36:56	32	32	35	28
2021-08-12T10:37:26	33	33	37	29
2021-08-12T10:37:56	35	35	39	30
2021-08-12T10:38:26	36	36	41	31
2021-08-12T10:38:56	37	36	43	32
2021-08-12T10:39:26	38	37	45	35
2021-08-12T10:39:56	39	38	47	36
2021-08-12T10:40:26	40	39	47	37
2021-08-12T10:40:56	41	40	50	38
2021-08-12T10:41:26	42	41	50	40
2021-08-12T10:41:56	43	42	52	41
2021-08-12T10:42:26	43	42	54	42
2021-08-12T10:42:56	45	44	56	43
2021-08-12T10:43:26	46	46	56	44
2021-08-12T10:43:56	47	46	56	46
2021-08-12T10:44:26	47	46	58	47
2021-08-12T10:44:56	49	47	60	48
2021-08-12T10:45:26	50	49	61	49
2021-08-12T10:45:56	51	50	63	50
2021-08-12T10:46:26	51	51	64	52
2021-08-12T10:46:56	52	52	65	52
2021-08-12T10:47:26	53	52	66	54
2021-08-12T10:47:56	53	53	67	55
2021-08-12T10:48:26	54	54	68	56
2021-08-12T10:48:56	56	56	69	56
2021-08-12T10:49:26	57	57	69	58
2021-08-12T10:49:56	58	57	71	59
2021-08-12T10:50:26	58	59	70	59
2021-08-12T10:50:56	59	59	73	60
2021-08-12T10:51:26	59	60	73	62
2021-08-12T10:51:56	61	62	74	63
2021-08-12T10:52:26	62	63	75	63
2021-08-12T10:52:56	62	64	76	64
2021-08-12T10:53:26	63	64	78	66
2021-08-12T10:53:56	64	65	78	67
2021-08-12T10:54:26	66	66	79	68
2021-08-12T10:54:56	66	68	82	69
2021-08-12T10:55:26	68	69	83	69
2021-08-12T10:55:56	68	69	84	71
2021-08-12T10:56:26	68	70	84	72
2021-08-12T10:56:56	73	71	85	73
2021-08-12T10:57:26	82	73	86	73
2021-08-12T10:57:56	91	75	87	75
2021-08-12T10:58:26	96	75	90	76
2021-08-12T10:58:56	103	76	90	77
2021-08-12T10:59:26	108	76	90	79
2021-08-12T10:59:56	113	77	92	80
2021-08-12T11:00:26	118	78	92	83
2021-08-12T11:00:56	123	80	93	84
2021-08-12T11:01:26	126	80	94	86
2021-08-12T11:01:56	135	81	96	88
2021-08-12T11:02:26	136	83	96	89
2021-08-12T11:02:56	141	83	98	90
2021-08-12T11:03:26	144	84	100	92
2021-08-12T11:03:56	149	84	101	94
2021-08-12T11:04:26	151	86	100	94
2021-08-12T11:04:56	154	87	102	97
2021-08-12T11:05:26	157	89	104	99
2021-08-12T11:05:56	163	90	106	100
2021-08-12T11:06:26	167	90	105	102
2021-08-12T11:06:56	168	91	106	102
2021-08-12T11:07:26	170	91	108	105
2021-08-12T11:07:56	171	93	109	106
2021-08-12T11:08:26	173	93	110	107
2021-08-12T11:08:56	177	96	111	109
2021-08-12T11:09:26	180	96	111	110
2021-08-12T11:09:56	180	97	113	111
2021-08-12T11:10:26	181	97	114	113
2021-08-12T11:10:56	176	99	113	114
2021-08-12T11:11:26	172	100	113	115
2021-08-12T11:11:56	169	101	112	115
2021-08-12T11:12:26	163	102	111	114
2021-08-12T11:12:56	160	103	109	115
2021-08-12T11:13:26	156	103	108	114
2021-08-12T11:13:56	153	103	108	114
2021-08-12T11:14:26	150	104	108	112
2021-08-12T11:14:56	148	105	111	113
2021-08-12T11:15:26	146	106	110	111
2021-08-12T11:15:56	146	108	111	110
2021-08-12T11:16:26	146	111	112	110
2021-08-12T11:16:56	142	111	113	111
2021-08-12T11:17:26	140	111	114	111
2021-08-12T11:17:56	140	114	116	111
2021-08-12T11:18:26	139	114	115	110
2021-08-12T11:18:56	136	114	115	110
2021-08-12T11:19:26	136	117	118	110
2021-08-12T11:19:56	136	117	120	110
2021-08-12T11:20:26	134	117	119	110
2021-08-12T11:20:56	134	119	122	109
2021-08-12T11:21:26	133	120	122	110
2021-08-12T11:21:56	132	120	121	110
2021-08-12T11:22:26	133	122	124	110
2021-08-12T11:22:56	132	122	124	110
2021-08-12T11:23:26	130	123	124	110
2021-08-12T11:23:56	131	125	127	110
2021-08-12T11:24:26	131	126	127	110
2021-08-12T11:24:56	130	128	131	111
2021-08-12T11:25:26	130	130	131	110
2021-08-12T11:25:56	130	128	131	111
2021-08-12T11:26:26	129	128	131	112
2021-08-12T11:26:56	130	131	133	111
2021-08-12T11:27:26	130	131	134	112
2021-08-12T11:27:56	130	132	133	114
2021-08-12T11:28:26	134	134	139	113
2021-08-12T11:28:56	137	134	138	116
2021-08-12T11:29:26	136	133	138	117
2021-08-12T11:29:56	137	135	137	117
2021-08-12T11:30:26	138	136	139	119
2021-08-12T11:30:56	138	137	139	120
2021-08-12T11:31:26	139	139	142	121
2021-08-12T11:31:56	139	140	147	122
2021-08-12T11:32:26	139	140	144	123
2021-08-12T11:32:56	142	142	145	124
2021-08-12T11:33:26	144	142	146	126
2021-08-12T11:33:56	144	142	147	127
2021-08-12T11:34:26	144	144	147	128
2021-08-12T11:34:56	145	146	150	129
2021-08-12T11:35:26	146	149	152	130
2021-08-12T11:35:56	146	148	152	131
2021-08-12T11:36:26	149	148	153	132
2021-08-12T11:36:56	156	148	154	133
2021-08-12T11:37:26	162	149	153	134
2021-08-12T11:37:56	167	150	155	137
2021-08-12T11:38:26	173	152	158	137
2021-08-12T11:38:56	181	154	162	139
2021-08-12T11:39:26	185	156	160	142
2021-08-12T11:39:56	189	155	161	144
2021-08-12T11:40:26	193	155	161	145
2021-08-12T11:40:56	197	156	163	147
2021-08-12T11:41:26	200	157	162	149
2021-08-12T11:41:56	203	157	162	151
2021-08-12T11:42:26	208	159	164	152
2021-08-12T11:42:56	210	160	166	154
2021-08-12T11:43:26	214	161	167	156
2021-08-12T11:43:56	217	162	166	157
2021-08-12T11:44:26	219	162	166	158
2021-08-12T11:44:56	219	164	169	160
2021-08-12T11:45:26	215	166	168	161
2021-08-12T11:45:56	210	167	167	160
2021-08-12T11:46:26	209	169	173	162
2021-08-12T11:46:56	205	169	170	162
2021-08-12T11:47:26	203	172	175	161
2021-08-12T11:47:56	199	172	175	162
2021-08-12T11:48:26	198	173	174	162
2021-08-12T11:48:56	196	174	176	162
2021-08-12T11:49:26	193	174	175	161
2021-08-12T11:49:56	193	176	181	160
2021-08-12T11:50:26	191	175	180	160
2021-08-12T11:50:56	189	176	180	161
2021-08-12T11:51:26	187	177	180	160
2021-08-12T11:51:56	186	178	180	161
2021-08-12T11:52:26	186	181	184	160
2021-08-12T11:52:56	185	180	183	160
2021-08-12T11:53:26	184	182	185	160
2021-08-12T11:53:56	183	183	186	160
2021-08-12T11:54:26	183	182	186	160
2021-08-12T11:54:56	187	184	191	161
2021-08-12T11:55:26	189	186	189	163
2021-08-12T11:55:56	189	185	189	162
2021-08-12T11:56:26	188	186	192	163
2021-08-12T11:56:56	188	186	193	163
2021-08-12T11:57:26	191	188	193	165
2021-08-12T11:57:56	194	190	197	166
2021-08-12T11:58:26	194	191	196	167
2021-08-12T11:58:56	194	191	195	169
2021-08-12T11:59:26	193	192	196	171
2021-08-12T11:59:56	194	193	198	171
2021-08-12T12:00:26	197	196	203	172
2021-08-12T12:00:56	198	196	201	174
2021-08-12T12:01:26	198	197	199	174
2021-08-12T12:01:56	198	198	201	176
2021-08-12T12:02:26	198	199	203	177
2021-08-12T12:02:56	203	200	204	178
2021-08-12T12:03:26	203	200	203	179
2021-08-12T12:03:56	203	201	204	181
2021-08-12T12:04:26	203	202	206	182
2021-08-12T12:04:56	206	203	207	182
2021-08-12T12:05:26	206	205	210	184
2021-08-12T12:05:56	206	206	210	185
2021-08-12T12:06:26	208	207	212	186
2021-08-12T12:06:56	213	207	215	187
2021-08-12T12:07:26	218	207	211	188
2021-08-12T12:07:56	224	207	213	190
2021-08-12T12:08:26	229	209	212	192
2021-08-12T12:08:56	234	211	216	193
2021-08-12T12:09:26	241	212	219	195
2021-08-12T12:09:56	243	211	218	196
2021-08-12T12:10:26	245	212	217	198
2021-08-12T12:10:56	249	215	221	200
2021-08-12T12:11:26	253	215	223	201
2021-08-12T12:11:56	257	214	222	202
2021-08-12T12:12:26	257	214	222	204
2021-08-12T12:12:56	263	215	224	205
2021-08-12T12:13:26	262	216	225	206
2021-08-12T12:13:56	267	216	224	208
2021-08-12T12:14:26	268	218	229	210
2021-08-12T12:14:56	270	219	228	210
2021-08-12T12:15:26	273	219	227	211
2021-08-12T12:15:56	274	220	231	213
2021-08-12T12:16:26	276	221	233	214
2021-08-12T12:16:56	279	222	233	215
2021-08-12T12:17:26	280	223	233	217
2021-08-12T12:17:56	282	223	231	218
2021-08-12T12:18:26	283	226	235	219
2021-08-12T12:18:56	285	227	235	220
2021-08-12T12:19:26	286	227	236	221
2021-08-12T12:19:56	288	227	238	224
2021-08-12T12:20:26	287	227	236	223
2021-08-12T12:20:56	291	228	238	225
2021-08-12T12:21:26	292	230	243	226
2021-08-12T12:21:56	292	231	241	228
2021-08-12T12:22:26	294	231	242	228
2021-08-12T12:22:56	294	232	243	229
2021-08-12T12:23:26	295	233	244	230
2021-08-12T12:23:56	297	233	244	231
2021-08-12T12:24:26	293	233	243	232
2021-08-12T12:24:56	293	235	249	232
2021-08-12T12:25:26	287	238	248	232
2021-08-12T12:25:56	284	240	251	232
2021-08-12T12:26:26	280	240	250	233
2021-08-12T12:26:56	275	242	249	231
2021-08-12T12:27:26	272	245	253	232
2021-08-12T12:27:56	270	247	251	231
2021-08-12T12:28:26	268	248	252	230
2021-08-12T12:28:56	266	249	254	230
2021-08-12T12:29:26	264	249	254	230
2021-08-12T12:29:56	263	251	258	231
2021-08-12T12:30:26	261	250	256	231
2021-08-12T12:30:56	259	252	259	230
2021-08-12T12:31:26	257	252	258	229
2021-08-12T12:31:56	257	256	264	229
2021-08-12T12:32:26	257	257	264	231
2021-08-12T12:32:56	261	254	264	231
2021-08-12T12:33:26	260	254	264	232
2021-08-12T12:33:56	260	255	264	232
2021-08-12T12:34:26	265	258	269	232
2021-08-12T12:34:56	264	259	267	235
2021-08-12T12:35:26	262	258	266	235
2021-08-12T12:35:56	269	260	273	236
2021-08-12T12:36:26	273	261	271	238
2021-08-12T12:36:56	276	259	269	239
2021-08-12T12:37:26	280	261	272	241
2021-08-12T12:37:56	277	260	272	242
2021-08-12T12:38:26	276	262	273	242
2021-08-12T12:38:56	275	263	274	243
2021-08-12T12:39:26	273	263	276	244
2021-08-12T12:39:56	272	265	278	245
2021-08-12T12:40:26	274	264	277	246
2021-08-12T12:40:56	277	266	278	246
2021-08-12T12:41:26	277	269	284	248
2021-08-12T12:41:56	275	268	279	249
2021-08-12T12:42:26	280	270	284	251
2021-08-12T12:42:56	280	270	283	251
2021-08-12T12:43:26	280	269	283	253
2021-08-12T12:43:56	281	271	286	254
2021-08-12T12:44:26	290	272	288	255
2021-08-12T12:44:56	291	272	286	256
2021-08-12T12:45:26	296	273	287	258
2021-08-12T12:45:56	299	274	290	259
2021-08-12T12:46:26	301	273	289	260
2021-08-12T12:46:56	305	274	289	263
2021-08-12T12:47:26	312	276	290	263
2021-08-12T12:47:56	312	277	293	264
2021-08-12T12:48:26	314	278	294	266
2021-08-12T12:48:56	318	279	294	267
2021-08-12T12:49:26	319	280	297	269
2021-08-12T12:49:56	323	279	294	270
2021-08-12T12:50:26	324	280	295	271
2021-08-12T12:50:56	328	283	298	272
2021-08-12T12:51:26	328	282	300	273
2021-08-12T12:51:56	331	282	299	275
2021-08-12T12:52:26	331	284	301	276
2021-08-12T12:52:56	334	286	304	277
2021-08-12T12:53:26	333	286	302	278
2021-08-12T12:53:56	336	288	305	279
2021-08-12T12:54:26	336	289	303	280
2021-08-12T12:54:56	339	291	310	282
2021-08-12T12:55:26	338	289	306	283
2021-08-12T12:55:56	342	291	309	283
2021-08-12T12:56:26	342	290	309	285
2021-08-12T12:56:56	345	291	307	286
2021-08-12T12:57:26	345	292	310	287
2021-08-12T12:57:56	347	293	308	288
2021-08-12T12:58:26	348	293	312	289
2021-08-12T12:58:56	347	294	314	290
2021-08-12T12:59:26	349	296	316	290
2021-08-12T12:59:56	352	296	316	291
2021-08-12T13:00:26	349	297	315	291
2021-08-12T13:00:56	352	298	318	293
2021-08-12T13:01:26	350	298	319	293
2021-08-12T13:01:56	351	299	319	294
2021-08-12T13:02:26	352	300	322	295
2021-08-12T13:02:56	353	300	319	296
2021-08-12T13:03:26	354	303	324	296
2021-08-12T13:03:56	357	302	322	298
2021-08-12T13:04:26	355	304	325	298
2021-08-12T13:04:56	358	305	327	300
2021-08-12T13:05:26	359	306	325	301
2021-08-12T13:05:56	361	306	328	302
2021-08-12T13:06:26	362	305	326	303
2021-08-12T13:06:56	361	307	329	302
2021-08-12T13:07:26	363	309	330	304
2021-08-12T13:07:56	362	309	331	305
2021-08-12T13:08:26	364	310	333	306
2021-08-12T13:08:56	364	310	334	306
2021-08-12T13:09:26	361	309	331	307
2021-08-12T13:09:56	365	312	335	308
2021-08-12T13:10:26	360	314	339	308
2021-08-12T13:10:56	355	315	337	309
2021-08-12T13:11:26	351	316	336	309
2021-08-12T13:11:56	349	319	339	309
2021-08-12T13:12:26	344	321	339	309
2021-08-12T13:12:56	341	322	341	309
2021-08-12T13:13:26	338	325	341	308
2021-08-12T13:13:56	343	325	341	308
2021-08-12T13:14:26	349	325	344	308
2021-08-12T13:14:56	352	325	346	309
2021-08-12T13:15:26	353	325	345	310
2021-08-12T13:15:56	356	325	345	311
2021-08-12T13:16:26	360	327	351	311
2021-08-12T13:16:56	362	327	348	314
2021-08-12T13:17:26	366	331	354	315
2021-08-12T13:17:56	367	329	350	316
2021-08-12T13:18:26	370	331	354	318
2021-08-12T13:18:56	371	330	353	319
2021-08-12T13:19:26	370	331	354	320
2021-08-12T13:19:56	372	330	354	321
2021-08-12T13:20:26	374	333	356	322
2021-08-12T13:20:56	376	332	355	324
2021-08-12T13:21:26	377	334	356	325
2021-08-12T13:21:56	378	334	357	326
2021-08-12T13:22:26	379	337	362	326
2021-08-12T13:22:56	381	337	362	328
2021-08-12T13:23:26	381	337	362	329
2021-08-12T13:23:56	382	336	361	330
2021-08-12T13:24:26	385	339	363	331
2021-08-12T13:24:56	385	340	364	333
2021-08-12T13:25:26	385	341	366	334
2021-08-12T13:25:56	388	343	369	334
2021-08-12T13:26:26	387	343	368	335
2021-08-12T13:26:56	389	342	370	336
2021-08-12T13:27:26	387	342	366	337
2021-08-12T13:27:56	392	346	371	337
2021-08-12T13:28:26	392	345	369	339
2021-08-12T13:28:56	392	348	374	340
2021-08-12T13:29:26	391	347	374	342
2021-08-12T13:29:56	393	345	370	343
2021-08-12T13:30:26	396	348	376	342
2021-08-12T13:30:56	398	348	374	344
2021-08-12T13:31:26	396	348	377	345
2021-08-12T13:31:56	397	350	378	346
2021-08-12T13:32:26	399	352	383	347
2021-08-12T13:32:56	400	352	379	348
2021-08-12T13:33:26	401	354	384	349
2021-08-12T13:33:56	400	354	380	349
2021-08-12T13:34:26	403	357	383	350
2021-08-12T13:34:56	401	357	383	352
2021-08-12T13:35:26	402	357	383	353
2021-08-12T13:35:56	403	356	382	354
2021-08-12T13:36:26	404	358	387	355
2021-08-12T13:36:56	404	358	387	355
2021-08-12T13:37:26	405	360	390	356
2021-08-12T13:37:56	405	361	391	356
2021-08-12T13:38:26	408	362	392	357
2021-08-12T13:38:56	407	362	392	359
2021-08-12T13:39:26	408	364	393	359
2021-08-12T13:39:56	411	364	392	359
2021-08-12T13:40:26	410	365	394	360
2021-08-12T13:40:56	411	364	393	361
2021-08-12T13:41:26	412	367	398	363
2021-08-12T13:41:56	415	367	398	363
2021-08-12T13:42:26	412	368	399	365
2021-08-12T13:42:56	415	371	399	365
2021-08-12T13:43:26	416	370	400	367
2021-08-12T13:43:56	415	371	403	368
2021-08-12T13:44:26	417	373	403	369
2021-08-12T13:44:56	417	374	406	369
2021-08-12T13:45:26	418	374	403	370
2021-08-12T13:45:56	421	376	406	370
2021-08-12T13:46:26	420	377	409	372
2021-08-12T13:46:56	421	376	406	373
2021-08-12T13:47:26	422	378	409	374
2021-08-12T13:47:56	421	378	407	375
2021-08-12T13:48:26	423	381	412	375
2021-08-12T13:48:56	425	381	410	376
2021-08-12T13:49:26	426	383	413	377
2021-08-12T13:49:56	425	383	415	379
2021-08-12T13:50:26	428	384	412	379
2021-08-12T13:50:56	429	384	415	380
2021-08-12T13:51:26	431	384	416	381
2021-08-12T13:51:56	430	386	417	381
2021-08-12T13:52:26	430	387	417	383
2021-08-12T13:52:56	430	387	418	383
2021-08-12T13:53:26	430	387	417	384
2021-08-12T13:53:56	432	390	422	386
2021-08-12T13:54:26	433	391	423	386
2021-08-12T13:54:56	434	390	423	388
2021-08-12T13:55:26	433	392	423	388
2021-08-12T13:55:56	434	393	427	388
2021-08-12T13:56:26	435	393	425	389
2021-08-12T13:56:56	437	395	426	391
2021-08-12T13:57:26	438	397	428	391
2021-08-12T13:57:56	439	398	428	393
2021-08-12T13:58:26	439	398	430	394
2021-08-12T13:58:56	438	399	432	395
2021-08-12T13:59:26	439	398	431	396
2021-08-12T13:59:56	440	401	436	397
2021-08-12T14:00:26	441	400	432	398
2021-08-12T14:00:56	442	402	435	398
2021-08-12T14:01:26	444	404	439	399
2021-08-12T14:01:56	446	403	434	401
2021-08-12T14:02:26	447	406	439	401
2021-08-12T14:02:56	446	406	439	401
2021-08-12T14:03:26	448	405	437	403
2021-08-12T14:03:56	447	408	441	403
2021-08-12T14:04:26	452	409	443	404
2021-08-12T14:04:56	449	409	442	405
2021-08-12T14:05:26	449	411	446	406
2021-08-12T14:05:56	448	413	441	407
2021-08-12T14:06:26	451	413	445	407
2021-08-12T14:06:56	453	413	447	408
2021-08-12T14:07:26	452	415	450	410
2021-08-12T14:07:56	455	415	449	411
2021-08-12T14:08:26	455	415	449	412
2021-08-12T14:08:56	455	417	450	413
2021-08-12T14:09:26	456	418	449	414
2021-08-12T14:09:56	456	419	451	414
2021-08-12T14:10:26	456	420	452	415
2021-08-12T14:10:56	458	422	454	416
2021-08-12T14:11:26	459	422	458	417
2021-08-12T14:11:56	459	422	459	418
2021-08-12T14:12:26	459	423	458	418
2021-08-12T14:12:56	460	424	456	420
2021-08-12T14:13:26	460	425	459	420
2021-08-12T14:13:56	462	426	461	421
2021-08-12T14:14:26	462	427	461	422
2021-08-12T14:14:56	464	428	462	424
2021-08-12T14:15:26	464	429	462	425
2021-08-12T14:15:56	465	430	464	425
2021-08-12T14:16:26	467	433	465	427
2021-08-12T14:16:56	466	434	467	427
2021-08-12T14:17:26	468	434	467	428
2021-08-12T14:17:56	470	436	467	429
2021-08-12T14:18:26	471	436	468	430
2021-08-12T14:18:56	470	436	468	431
2021-08-12T14:19:26	470	437	472	432
2021-08-12T14:19:56	472	437	473	432
2021-08-12T14:20:26	470	439	471	433
2021-08-12T14:20:56	474	439	473	434
2021-08-12T14:21:26	476	441	476	436
2021-08-12T14:21:56	476	442	475	436
2021-08-12T14:22:26	476	443	476	438
2021-08-12T14:22:56	478	444	477	439
2021-08-12T14:23:26	478	446	478	439
2021-08-12T14:23:56	480	448	479	442
2021-08-12T14:24:26	479	447	480	443
2021-08-12T14:24:56	481	449	483	443
2021-08-12T14:25:26	482	451	483	443
2021-08-12T14:25:56	482	451	482	444
2021-08-12T14:26:26	484	451	482	445
2021-08-12T14:26:56	483	453	486	446
2021-08-12T14:27:26	485	453	486	448
2021-08-12T14:27:56	487	454	486	448
2021-08-12T14:28:26	489	455	490	451
2021-08-12T14:28:56	492	456	488	451
2021-08-12T14:29:26	490	459	494	453
2021-08-12T14:29:56	488	458	489	453
2021-08-12T14:30:26	491	458	491	454
2021-08-12T14:30:56	492	459	493	455
2021-08-12T14:31:26	494	460	494	457
2021-08-12T14:31:56	493	461	496	458
2021-08-12T14:32:26	496	462	496	459
2021-08-12T14:32:56	497	463	498	459
2021-08-12T14:33:26	497	466	500	460
2021-08-12T14:33:56	498	465	498	461
2021-08-12T14:34:26	499	468	502	463
2021-08-12T14:34:56	499	467	499	464
2021-08-12T14:35:26	500	468	502	465
2021-08-12T14:35:56	501	469	502	466
2021-08-12T14:36:26	504	471	503	467
2021-08-12T14:36:56	506	470	505	468
2021-08-12T14:37:26	504	472	506	469
2021-08-12T14:37:56	505	472	508	470
2021-08-12T14:38:26	506	474	511	471
2021-08-12T14:38:56	507	475	508	472
2021-08-12T14:39:26	510	474	510	474
2021-08-12T14:39:56	512	477	511	475
2021-08-12T14:40:26	511	475	509	476
2021-08-12T14:40:56	512	476	514	477
2021-08-12T14:41:26	511	479	514	478
2021-08-12T14:41:56	515	480	514	479
2021-08-12T14:42:26	516	480	515	479
2021-08-12T14:42:56	515	481	518	480
2021-08-12T14:43:26	517	481	516	482
2021-08-12T14:43:56	518	482	517	483
2021-08-12T14:44:26	518	485	518	484
2021-08-12T14:44:56	520	485	519	485
2021-08-12T14:45:26	520	485	521	486
2021-08-12T14:45:56	521	486	523	487
2021-08-12T14:46:26	523	487	521	489
2021-08-12T14:46:56	524	488	525	489
2021-08-12T14:47:26	524	488	524	490
2021-08-12T14:47:56	525	490	526	492
2021-08-12T14:48:26	528	491	528	493
2021-08-12T14:48:56	529	492	527	494
2021-08-12T14:49:26	530	492	531	496
2021-08-12T14:49:56	529	493	529	496
2021-08-12T14:50:26	530	495	532	497
2021-08-12T14:50:56	531	495	531	498
2021-08-12T14:51:26	532	497	534	499
2021-08-12T14:51:56	533	498	535	500
2021-08-12T14:52:26	533	498	536	501
2021-08-12T14:52:56	536	499	538	502
2021-08-12T14:53:26	537	499	536	503
2021-08-12T14:53:56	537	502	539	504
2021-08-12T14:54:26	536	502	538	505
2021-08-12T14:54:56	539	504	540	506
2021-08-12T14:55:26	540	503	542	507
2021-08-12T14:55:56	542	504	543	508
2021-08-12T14:56:26	543	505	544	509
2021-08-12T14:56:56	543	506	544	510
2021-08-12T14:57:26	543	508	545	512
2021-08-12T14:57:56	546	510	549	513
2021-08-12T14:58:26	545	509	547	514
2021-08-12T14:58:56	549	511	551	515
2021-08-12T14:59:26	548	510	549	516
2021-08-12T14:59:56	549	511	552	517
2021-08-12T15:00:26	549	513	550	518
2021-08-12T15:00:56	551	513	553	520
2021-08-12T15:01:26	552	516	552	520
2021-08-12T15:01:56	551	516	554	521
2021-08-12T15:02:26	555	517	557	523
2021-08-12T15:02:56	554	517	555	525
2021-08-12T15:03:26	556	520	559	525
2021-08-12T15:03:56	556	519	556	526
2021-08-12T15:04:26	558	521	560	527
2021-08-12T15:04:56	559	521	561	528
2021-08-12T15:05:26	558	522	562	529
2021-08-12T15:05:56	560	522	561	531
2021-08-12T15:06:26	561	524	565	531
2021-08-12T15:06:56	563	523	563	532
2021-08-12T15:07:26	565	525	566	534
2021-08-12T15:07:56	564	527	567	535
2021-08-12T15:08:26	567	529	568	536
2021-08-12T15:08:56	566	528	564	537
2021-08-12T15:09:26	568	529	568	537
2021-08-12T15:09:56	568	530	568	538
2021-08-12T15:10:26	569	530	570	539
2021-08-12T15:10:56	571	533	572	540
2021-08-12T15:11:26	572	533	572	542
2021-08-12T15:11:56	571	534	572	543
2021-08-12T15:12:26	575	533	575	544
2021-08-12T15:12:56	574	535	573	545
2021-08-12T15:13:26	575	537	575	546
2021-08-12T15:13:56	575	538	579	548
2021-08-12T15:14:26	577	538	579	550
2021-08-12T15:14:56	577	541	579	550
2021-08-12T15:15:26	580	541	581	552
2021-08-12T15:15:56	579	540	580	553
2021-08-12T15:16:26	582	542	586	554
2021-08-12T15:16:56	581	542	583	554
2021-08-12T15:17:26	583	544	585	555
2021-08-12T15:17:56	584	544	585	556
2021-08-12T15:18:26	587	546	586	558
2021-08-12T15:18:56	584	546	585	559
2021-08-12T15:19:26	587	547	588	560
2021-08-12T15:19:56	588	550	590	560
2021-08-12T15:20:26	588	550	592	561
2021-08-12T15:20:56	590	550	589	563
2021-08-12T15:21:26	591	552	593	564
2021-08-12T15:21:56	591	552	592	565
2021-08-12T15:22:26	595	553	594	567
2021-08-12T15:22:56	593	554	595	568
2021-08-12T15:23:26	595	555	597	569
2021-08-12T15:23:56	594	555	599	570
2021-08-12T15:24:26	598	557	600	570
2021-08-12T15:24:56	598	556	601	572
2021-08-12T15:25:26	599	557	599	572
2021-08-12T15:25:56	599	560	603	573
2021-08-12T15:26:26	602	561	603	575
2021-08-12T15:26:56	602	562	604	576
2021-08-12T15:27:26	604	562	604	577
2021-08-12T15:27:56	603	564	606	578
2021-08-12T15:28:26	606	564	607	578
2021-08-12T15:28:56	606	566	606	580
2021-08-12T15:29:26	606	568	609	580
2021-08-12T15:29:56	608	568	610	582
2021-08-12T15:30:26	610	568	611	583
2021-08-12T15:30:56	611	569	614	584
2021-08-12T15:31:26	610	569	611	585
2021-08-12T15:31:56	612	571	614	587
2021-08-12T15:32:26	613	572	612	587
2021-08-12T15:32:56	612	573	615	589
2021-08-12T15:33:26	617	573	614	590
2021-08-12T15:33:56	614	575	616	591
2021-08-12T15:34:26	618	576	618	593
2021-08-12T15:34:56	616	576	618	594
2021-08-12T15:35:26	618	578	619	595
2021-08-12T15:35:56	620	578	616	596
2021-08-12T15:36:26	621	579	624	597
2021-08-12T15:36:56	620	581	623	598
2021-08-12T15:37:26	623	581	625	599
2021-08-12T15:37:56	623	582	625	599
2021-08-12T15:38:26	624	584	628	601
2021-08-12T15:38:56	625	584	627	602
2021-08-12T15:39:26	627	586	629	603
2021-08-12T15:39:56	627	585	626	604
2021-08-12T15:40:26	628	587	629	605
2021-08-12T15:40:56	630	586	628	606
2021-08-12T15:41:26	630	588	630	607
2021-08-12T15:41:56	632	590	634	608
2021-08-12T15:42:26	631	590	633	609
2021-08-12T15:42:56	634	592	633	611
2021-08-12T15:43:26	633	592	635	611
2021-08-12T15:43:56	636	593	637	612
2021-08-12T15:44:26	635	593	638	614
2021-08-12T15:44:56	637	594	639	615
2021-08-12T15:45:26	637	595	638	616
2021-08-12T15:45:56	640	598	642	617
2021-08-12T15:46:26	640	598	641	618
2021-08-12T15:46:56	640	599	642	619
2021-08-12T15:47:26	641	599	644	620
2021-08-12T15:47:56	643	601	645	622
2021-08-12T15:48:26	644	601	644	623
2021-08-12T15:48:56	644	602	647	624
2021-08-12T15:49:26	646	603	647	625
2021-08-12T15:49:56	648	604	649	626
2021-08-12T15:50:26	646	605	648	626
2021-08-12T15:50:56	650	607	652	628
2021-08-12T15:51:26	650	606	649	629
2021-08-12T15:51:56	651	607	652	630
2021-08-12T15:52:26	652	609	652	632
2021-08-12T15:52:56	653	610	653	633
2021-08-12T15:53:26	655	610	657	633
2021-08-12T15:53:56	654	612	657	634
2021-08-12T15:54:26	655	613	659	636
2021-08-12T15:54:56	657	614	657	636
2021-08-12T15:55:26	659	615	660	637
2021-08-12T15:55:56	658	615	659	638
2021-08-12T15:56:26	661	617	662	639
2021-08-12T15:56:56	660	618	664	641
2021-08-12T15:57:26	662	619	661	642
2021-08-12T15:57:56	663	620	664	642
2021-08-12T15:58:26	662	621	662	644
2021-08-12T15:58:56	666	623	667	645
2021-08-12T15:59:26	665	621	666	646
2021-08-12T15:59:56	667	624	668	648
2021-08-12T16:00:26	669	624	668	648
2021-08-12T16:00:56	670	625	670	649
2021-08-12T16:01:26	670	627	672	650
2021-08-12T16:01:56	671	627	671	652
2021-08-12T16:02:26	672	628	674	653
2021-08-12T16:02:56	673	630	673	653
2021-08-12T16:03:26	672	630	675	654
2021-08-12T16:03:56	675	632	676	655
2021-08-12T16:04:26	676	633	677	656
2021-08-12T16:04:56	676	633	678	658
2021-08-12T16:05:26	677	633	678	659
2021-08-12T16:05:56	678	635	680	659
2021-08-12T16:06:26	681	637	681	660
2021-08-12T16:06:56	680	637	683	662
2021-08-12T16:07:26	682	639	682	662
2021-08-12T16:07:56	682	639	683	663
2021-08-12T16:08:26	685	639	686	665
2021-08-12T16:08:56	683	640	686	666
2021-08-12T16:09:26	686	642	688	667
2021-08-12T16:09:56	686	642	685	668
2021-08-12T16:10:26	688	642	687	669
2021-08-12T16:10:56	688	644	690	670
2021-08-12T16:11:26	690	644	690	672
2021-08-12T16:11:56	690	647	691	672
2021-08-12T16:12:26	690	648	694	673
2021-08-12T16:12:56	694	649	693	676
2021-08-12T16:13:26	692	650	693	675
2021-08-12T16:13:56	694	651	697	677
2021-08-12T16:14:26	696	652	695	677
2021-08-12T16:14:56	697	653	696	678
2021-08-12T16:15:26	696	653	696	679
2021-08-12T16:15:56	699	655	700	680
2021-08-12T16:16:26	699	656	701	681
2021-08-12T16:16:56	699	656	702	682
2021-08-12T16:17:26	701	657	705	683
2021-08-12T16:17:56	703	658	703	685
2021-08-12T16:18:26	703	660	704	685
2021-08-12T16:18:56	704	661	706	686
2021-08-12T16:19:26	705	661	707	687
2021-08-12T16:19:56	706	663	709	689
2021-08-12T16:20:26	707	663	708	689
2021-08-12T16:20:56	707	664	710	690
2021-08-12T16:21:26	708	666	710	691
2021-08-12T16:21:56	711	667	712	694
2021-08-12T16:22:26	711	668	711	693
2021-08-12T16:22:56	712	668	712	695
2021-08-12T16:23:26	713	670	714	696
2021-08-12T16:23:56	713	672	716	696
2021-08-12T16:24:26	715	673	714	698
2021-08-12T16:24:56	715	673	717	698
2021-08-12T16:25:26	717	675	717	700
2021-08-12T16:25:56	718	676	720	701
2021-08-12T16:26:26	718	675	719	702
2021-08-12T16:26:56	719	677	721	703
2021-08-12T16:27:26	720	678	724	704
2021-08-12T16:27:56	723	679	724	706
2021-08-12T16:28:26	723	679	723	706
2021-08-12T16:28:56	723	681	725	706
2021-08-12T16:29:26	725	681	727	708
2021-08-12T16:29:56	726	683	729	709
2021-08-12T16:30:26	725	683	727	710
2021-08-12T16:30:56	725	685	729	711
2021-08-12T16:31:26	729	686	730	712
2021-08-12T16:31:56	729	686	731	714
2021-08-12T16:32:26	732	688	732	715
2021-08-12T16:32:56	732	689	732	716
2021-08-12T16:33:26	732	690	733	718
2021-08-12T16:33:56	734	691	736	718
2021-08-12T16:34:26	735	691	734	719
2021-08-12T16:34:56	736	692	737	719
2021-08-12T16:35:26	737	693	737	721
2021-08-12T16:35:56	738	695	736	721
2021-08-12T16:36:26	738	696	738	723
2021-08-12T16:36:56	739	698	740	724
2021-08-12T16:37:26	740	697	740	725
2021-08-12T16:37:56	742	698	742	725
2021-08-12T16:38:26	743	699	744	727
2021-08-12T16:38:56	743	701	741	729
2021-08-12T16:39:26	743	701	744	728
2021-08-12T16:39:56	745	703	746	729
2021-08-12T16:40:26	746	705	747	732
2021-08-12T16:40:56	746	704	746	731
2021-08-12T16:41:26	747	705	746	733
2021-08-12T16:41:56	751	707	749	734
2021-08-12T16:42:26	751	708	750	735
2021-08-12T16:42:56	751	708	751	735
2021-08-12T16:43:26	751	709	754	737
2021-08-12T16:43:56	754	710	755	738
2021-08-12T16:44:26	754	711	757	739
2021-08-12T16:44:56	754	712	755	739
2021-08-12T16:45:26	756	713	756	740
2021-08-12T16:45:56	758	713	756	742
2021-08-12T16:46:26	757	715	758	743
2021-08-12T16:46:56	758	716	759	743
2021-08-12T16:47:26	760	717	761	744
2021-08-12T16:47:56	761	718	761	746
2021-08-12T16:48:26	763	719	761	747
2021-08-12T16:48:56	762	719	762	748
2021-08-12T16:49:26	764	719	764	749
2021-08-12T16:49:56	765	721	763	750
2021-08-12T16:50:26	765	721	765	751
2021-08-12T16:50:56	766	723	765	752
2021-08-12T16:51:26	767	724	765	753
2021-08-12T16:51:56	769	724	768	753
2021-08-12T16:52:26	769	725	768	755
2021-08-12T16:52:56	771	727	770	755
2021-08-12T16:53:26	771	727	770	757
2021-08-12T16:53:56	773	728	770	757
2021-08-12T16:54:26	772	728	772	758
2021-08-12T16:54:56	774	730	773	760
2021-08-12T16:55:26	775	730	774	761
2021-08-12T16:55:56	776	732	773	762
2021-08-12T16:56:26	776	733	773	762
2021-08-12T16:56:56	779	733	776	763
2021-08-12T16:57:26	780	735	776	764
2021-08-12T16:57:56	780	736	778	766
2021-08-12T16:58:26	781	736	778	766
2021-08-12T16:58:56	782	737	779	767
2021-08-12T16:59:26	783	738	780	767
2021-08-12T16:59:56	784	739	782	769
2021-08-12T17:00:26	784	740	781	770
2021-08-12T17:00:56	787	741	783	771
2021-08-12T17:01:26	788	741	784	772
2021-08-12T17:01:56	787	743	784	773
2021-08-12T17:02:26	790	743	786	774
2021-08-12T17:02:56	791	744	786	775
2021-08-12T17:03:26	791	745	787	775
2021-08-12T17:03:56	791	746	787	776
2021-08-12T17:04:26	793	747	789	777
2021-08-12T17:04:56	795	747	789	778
2021-08-12T17:05:26	795	749	791	779
2021-08-12T17:05:56	795	749	791	780
2021-08-12T17:06:26	797	750	793	781
2021-08-12T17:06:56	798	751	792	781
2021-08-12T17:07:26	798	751	793	783
2021-08-12T17:07:56	801	753	793	785
2021-08-12T17:08:26	801	754	797	784
2021-08-12T17:08:56	802	754	796	785
2021-08-12T17:09:26	803	756	798	786
2021-08-12T17:09:56	804	756	798	787
2021-08-12T17:10:26	805	757	797	788
2021-08-12T17:10:56	806	757	800	790
2021-08-12T17:11:26	806	758	800	790
2021-08-12T17:11:56	807	759	801	791
2021-08-12T17:12:26	809	760	801	791
2021-08-12T17:12:56	810	761	801	792
2021-08-12T17:13:26	810	762	802	793
2021-08-12T17:13:56	811	762	803	795
2021-08-12T17:14:26	813	764	802	795
2021-08-12T17:14:56	814	764	805	797
2021-08-12T17:15:26	814	765	806	797
2021-08-12T17:15:56	817	766	810	799
2021-08-12T17:16:26	815	766	806	799
2021-08-12T17:16:56	819	767	809	799
2021-08-12T17:17:26	819	768	811	800
2021-08-12T17:17:56	820	770	810	801
2021-08-12T17:18:26	822	770	812	803
2021-08-12T17:18:56	820	771	813	803
2021-08-12T17:19:26	823	771	814	804
2021-08-12T17:19:56	822	772	813	806
2021-08-12T17:20:26	825	773	814	807
2021-08-12T17:20:56	825	774	815	808
2021-08-12T17:21:26	825	775	817	809
2021-08-12T17:21:56	828	775	817	809
2021-08-12T17:22:26	826	776	818	810
2021-08-12T17:22:56	829	777	819	810
2021-08-12T17:23:26	831	778	819	813
2021-08-12T17:23:56	830	778	821	813
2021-08-12T17:24:26	833	779	822	814
2021-08-12T17:24:56	831	780	821	815
2021-08-12T17:25:26	834	781	822	816
2021-08-12T17:25:56	834	781	824	818
2021-08-12T17:26:26	836	782	827	818
2021-08-12T17:26:56	837	784	828	819
2021-08-12T17:27:26	838	785	826	821
2021-08-12T17:27:56	840	785	830	821
2021-08-12T17:28:26	841	787	830	822
2021-08-12T17:28:56	840	787	829	824
2021-08-12T17:29:26	843	788	831	824
2021-08-12T17:29:56	841	788	831	825
2021-08-12T17:30:26	844	790	833	827
2021-08-12T17:30:56	845	789	835	827
2021-08-12T17:31:26	845	791	835	830
2021-08-12T17:31:56	846	791	836	831
2021-08-12T17:32:26	848	792	838	832
2021-08-12T17:32:56	848	793	838	834
2021-08-12T17:33:26	849	794	839	833
2021-08-12T17:33:56	851	794	838	834
2021-08-12T17:34:26	850	795	839	835
2021-08-12T17:34:56	852	796	842	835
2021-08-12T17:35:26	854	797	841	837
2021-08-12T17:35:56	855	797	843	839
2021-08-12T17:36:26	855	798	846	840
2021-08-12T17:36:56	857	799	845	840
2021-08-12T17:37:26	858	801	847	842
2021-08-12T17:37:56	859	800	847	842
2021-08-12T17:38:26	860	801	849	844
2021-08-12T17:38:56	860	802	849	844
2021-08-12T17:39:26	862	803	851	845
2021-08-12T17:39:56	864	804	852	846
2021-08-12T17:40:26	864	804	851	847
2021-08-12T17:40:56	865	806	853	848
2021-08-12T17:41:26	865	807	854	850
2021-08-12T17:41:56	867	807	856	850
2021-08-12T17:42:26	868	808	856	852
2021-08-12T17:42:56	868	809	855	852
2021-08-12T17:43:26	869	810	858	855
2021-08-12T17:43:56	870	811	860	856
2021-08-12T17:44:26	872	811	858	855
2021-08-12T17:44:56	872	812	862	856
2021-08-12T17:45:26	874	814	863	857
2021-08-12T17:45:56	875	814	863	859
2021-08-12T17:46:26	877	815	865	860
2021-08-12T17:46:56	876	817	866	861
2021-08-12T17:47:26	879	817	867	862
2021-08-12T17:47:56	879	818	868	864
2021-08-12T17:48:26	879	819	868	865
2021-08-12T17:48:56	880	820	870	865
2021-08-12T17:49:26	882	821	870	867
2021-08-12T17:49:56	882	821	872	868
2021-08-12T17:50:26	884	823	874	869
2021-08-12T17:50:56	884	824	874	869
2021-08-12T17:51:26	886	825	872	871
2021-08-12T17:51:56	888	826	874	872
2021-08-12T17:52:26	888	827	876	872
2021-08-12T17:52:56	890	828	877	874
2021-08-12T17:53:26	887	829	878	875
2021-08-12T17:53:56	891	830	880	876
2021-08-12T17:54:26	890	831	881	878
2021-08-12T17:54:56	893	832	882	877
2021-08-12T17:55:26	894	833	884	879
2021-08-12T17:55:56	894	833	883	879
2021-08-12T17:56:26	896	835	887	881
2021-08-12T17:56:56	896	836	885	882
2021-08-12T17:57:26	896	837	886	884
2021-08-12T17:57:56	899	838	888	884
2021-08-12T17:58:26	899	839	888	885
2021-08-12T17:58:56	899	840	890	884
2021-08-12T17:59:26	899	841	890	886
2021-08-12T17:59:56	899	842	892	887
2021-08-12T18:00:26	898	842	893	888
2021-08-12T18:00:56	900	844	894	888
2021-08-12T18:01:26	900	844	893	888
2021-08-12T18:01:56	899	845	894	888
2021-08-12T18:02:26	900	846	895	888
2021-08-12T18:02:56	899	847	896	888
2021-08-12T18:03:26	901	848	897	889
2021-08-12T18:03:56	898	849	897	889
2021-08-12T18:04:26	900	850	898	890
2021-08-12T18:04:56	900	850	897	889
2021-08-12T18:05:26	898	851	898	890
2021-08-12T18:05:56	900	853	899	891
2021-08-12T18:06:26	899	853	900	891
2021-08-12T18:06:56	901	855	902	892
2021-08-12T18:07:26	900	856	902	893
2021-08-12T18:07:56	901	855	900	893
2021-08-12T18:08:26	899	856	901	892
2021-08-12T18:08:56	898	857	901	892
2021-08-12T18:09:26	901	859	903	892
2021-08-12T18:09:56	899	858	901	893
2021-08-12T18:10:26	900	859	902	892
2021-08-12T18:10:56	900	859	901	892
2021-08-12T18:11:26	900	860	903	894
2021-08-12T18:11:56	899	860	902	894
2021-08-12T18:12:26	900	861	902	893
2021-08-12T18:12:56	900	861	901	893
2021-08-12T18:13:26	900	862	902	893
2021-08-12T18:13:56	902	862	902	893
2021-08-12T18:14:26	900	862	901	893
2021-08-12T18:14:56	900	862	902	894
2021-08-12T18:15:26	900	864	902	894
2021-08-12T18:15:56	901	864	902	894
2021-08-12T18:16:26	901	865	903	894
2021-08-12T18:16:56	901	865	901	894
2021-08-12T18:17:26	901	866	902	894
2021-08-12T18:17:56	901	865	901	895
2021-08-12T18:18:26	901	866	901	895
2021-08-12T18:18:56	902	867	902	895
2021-08-12T18:19:26	902	867	902	895
2021-08-12T18:19:56	903	868	902	896
2021-08-12T18:20:26	903	869	900	895
2021-08-12T18:20:56	903	869	902	896
2021-08-12T18:21:26	903	870	903	896
2021-08-12T18:21:56	904	869	902	895
2021-08-12T18:22:26	904	870	903	897
2021-08-12T18:22:56	904	870	901	896
2021-08-12T18:23:26	905	871	902	896
2021-08-12T18:23:56	905	872	903	898
2021-08-12T18:24:26	905	872	902	897
2021-08-12T18:24:56	905	873	903	897
2021-08-12T18:25:26	905	873	902	897
2021-08-12T18:25:56	907	873	902	898
2021-08-12T18:26:26	906	873	903	898
2021-08-12T18:26:56	906	874	903	898
2021-08-12T18:27:26	905	875	903	898
2021-08-12T18:27:56	907	874	902	900
2021-08-12T18:28:26	906	875	903	899
2021-08-12T18:28:56	908	875	902	899
2021-08-12T18:29:26	908	875	903	899
2021-08-12T18:29:56	907	876	903	900
2021-08-12T18:30:26	908	876	902	900
2021-08-12T18:30:56	909	875	901	900
2021-08-12T18:31:26	909	877	901	900
2021-08-12T18:31:56	908	876	902	900
2021-08-12T18:32:26	909	877	903	901
2021-08-12T18:32:56	909	876	902	901
2021-08-12T18:33:26	910	877	903	901
2021-08-12T18:33:56	910	876	902	901
2021-08-12T18:34:26	910	877	901	901
2021-08-12T18:34:56	910	877	902	901
2021-08-12T18:35:26	910	877	902	902
2021-08-12T18:35:56	911	877	902	902
2021-08-12T18:36:26	912	878	902	902
2021-08-12T18:36:56	911	878	902	903
2021-08-12T18:37:26	911	878	902	902
2021-08-12T18:37:56	912	879	903	902
2021-08-12T18:38:26	912	879	903	903
2021-08-12T18:38:56	912	880	903	903
2021-08-12T18:39:26	913	879	901	904
2021-08-12T18:39:56	913	880	904	903
2021-08-12T18:40:26	913	879	901	904
2021-08-12T18:40:56	913	881	902	905
2021-08-12T18:41:26	914	881	902	904
2021-08-12T18:41:56	913	881	904	904
2021-08-12T18:42:26	915	882	903	904
2021-08-12T18:42:56	914	881	901	904
2021-08-12T18:43:26	914	882	902	905
2021-08-12T18:43:56	915	883	904	905
2021-08-12T18:44:26	915	882	901	905
2021-08-12T18:44:56	914	883	904	905
2021-08-12T18:45:26	915	882	902	906
2021-08-12T18:45:56	915	883	901	905
2021-08-12T18:46:26	916	883	904	905
2021-08-12T18:46:56	916	884	904	906
2021-08-12T18:47:26	916	883	904	905
2021-08-12T18:47:56	916	884	904	905
2021-08-12T18:48:26	916	883	903	906
2021-08-12T18:48:56	916	883	902	906
2021-08-12T18:49:26	917	884	902	906
2021-08-12T18:49:56	917	884	903	906
2021-08-12T18:50:26	917	884	902	906
2021-08-12T18:50:56	917	885	905	906
2021-08-12T18:51:26	917	885	904	906
2021-08-12T18:51:56	917	884	903	906
2021-08-12T18:52:26	918	884	902	906
2021-08-12T18:52:56	918	885	902	906
2021-08-12T18:53:26	918	885	902	906
2021-08-12T18:53:56	918	887	905	906
2021-08-12T18:54:26	918	886	904	907
2021-08-12T18:54:56	918	886	904	907
2021-08-12T18:55:26	918	885	902	907
2021-08-12T18:55:56	919	887	904	907
2021-08-12T18:56:26	919	886	903	908
2021-08-12T18:56:56	918	886	903	908
2021-08-12T18:57:26	915	886	902	907
2021-08-12T18:57:56	911	886	903	907
2021-08-12T18:58:26	908	888	904	907
2021-08-12T18:58:56	907	888	903	905
2021-08-12T18:59:26	905	888	903	905
2021-08-12T18:59:56	905	889	902	905
2021-08-12T19:00:26	903	888	902	904
2021-08-12T19:00:56	903	889	903	904
2021-08-12T19:01:26	903	889	902	904
2021-08-12T19:01:56	902	890	904	903
2021-08-12T19:02:26	902	889	902	903
2021-08-12T19:02:56	901	889	902	903
2021-08-12T19:03:26	901	890	903	903
2021-08-12T19:03:56	901	889	902	903
2021-08-12T19:04:26	901	891	903	904
2021-08-12T19:04:56	900	890	902	903
2021-08-12T19:05:26	900	890	902	903
2021-08-12T19:05:56	900	891	902	902
2021-08-12T19:06:26	900	892	903	903
2021-08-12T19:06:56	899	891	902	903
2021-08-12T19:07:26	899	893	904	903
2021-08-12T19:07:56	898	892	903	903
2021-08-12T19:08:26	901	893	903	903
2021-08-12T19:08:56	899	892	903	903
2021-08-12T19:09:26	901	892	902	903
2021-08-12T19:09:56	900	893	904	903
2021-08-12T19:10:26	907	893	903	903
2021-08-12T19:10:56	909	892	902	904
2021-08-12T19:11:26	910	892	902	905
2021-08-12T19:11:56	913	892	903	906
2021-08-12T19:12:26	913	892	902	906
2021-08-12T19:12:56	913	892	902	906
2021-08-12T19:13:26	915	893	902	907
2021-08-12T19:13:56	916	893	903	907
2021-08-12T19:14:26	917	893	903	907
2021-08-12T19:14:56	916	893	903	907
2021-08-12T19:15:26	918	893	903	908
2021-08-12T19:15:56	916	894	902	908
2021-08-12T19:16:26	918	894	903	908
2021-08-12T19:16:56	918	894	904	908
2021-08-12T19:17:26	918	894	904	909
2021-08-12T19:17:57	921	894	904	909
2021-08-12T19:18:27	919	894	904	909
2021-08-12T19:18:57	919	894	904	910
2021-08-12T19:19:27	920	894	904	910
2021-08-12T19:19:57	920	894	904	910
2021-08-12T19:20:27	921	895	905	910
2021-08-12T19:20:57	921	895	905	911
2021-08-12T19:21:27	921	895	905	911
2021-08-12T19:21:57	923	895	906	911
2021-08-12T19:22:27	922	896	906	911
2021-08-12T19:22:57	923	895	906	912
2021-08-12T19:23:27	922	896	906	912
2021-08-12T19:23:57	924	896	906	912
2021-08-12T19:24:27	923	896	907	912
2021-08-12T19:24:57	923	896	908	912
2021-08-12T19:25:27	924	896	908	913
2021-08-12T19:25:57	924	896	908	913
2021-08-12T19:26:27	924	897	908	913
2021-08-12T19:26:57	925	897	909	913
2021-08-12T19:27:27	925	897	907	914
2021-08-12T19:27:57	926	897	908	914
2021-08-12T19:28:27	924	897	908	914
2021-08-12T19:28:57	861	897	908	913
2021-08-12T19:29:27	793	820	858	897
2021-08-12T19:29:57	713	744	788	865
2021-08-12T19:30:27	575	593	707	819
2021-08-12T19:30:57	525	524	620	738
2021-08-12T19:31:27	479	468	579	676
2021-08-12T19:31:57	446	435	547	644
2021-08-12T19:32:27	418	414	529	604
2021-08-12T19:32:57	404	394	509	575
2021-08-12T19:33:27	384	374	486	548
2021-08-12T19:33:57	370	356	472	532
2021-08-12T19:34:27	359	347	466	509
2021-08-12T19:34:57	343	335	444	488
2021-08-12T19:35:27	328	323	429	476
