time	T1	T2	T3	T4
2021-06-30T17:06:59	30	28	31	33
2021-06-30T17:07:09	29	28	31	32
2021-06-30T17:07:19	30	28	31	33
2021-06-30T17:07:29	29	28	31	33
2021-06-30T17:07:39	29	28	31	33
2021-06-30T17:07:49	29	28	31	33
2021-06-30T17:07:59	29	28	31	33
2021-06-30T17:08:09	29	28	31	33
2021-06-30T17:08:19	29	28	31	33
2021-06-30T17:08:29	29	28	31	33
2021-06-30T17:08:39	30	28	31	33
2021-06-30T17:08:49	30	28	31	33
2021-06-30T17:08:59	29	28	31	33
2021-06-30T17:09:09	29	28	31	33
2021-06-30T17:09:19	29	28	31	33
2021-06-30T17:09:29	30	28	31	33
2021-06-30T17:09:39	30	28	31	33
2021-06-30T17:09:49	29	28	31	33
2021-06-30T17:09:59	29	28	31	33
2021-06-30T17:10:09	29	28	31	33
2021-06-30T17:10:19	29	28	32	33
2021-06-30T17:10:29	29	28	31	33
2021-06-30T17:10:39	30	28	31	33
2021-06-30T17:10:49	30	28	31	33
2021-06-30T17:10:59	29	28	31	33
2021-06-30T17:11:09	29	28	31	33
2021-06-30T17:11:19	29	28	31	33
2021-06-30T17:11:29	29	28	31	33
2021-06-30T17:11:39	29	28	31	33
2021-06-30T17:11:49	29	28	31	33
2021-06-30T17:11:59	29	28	31	33
2021-06-30T17:12:09	29	28	31	33
2021-06-30T17:12:19	29	28	31	33
2021-06-30T17:12:29	29	28	31	33
2021-06-30T17:12:39	29	28	31	33
2021-06-30T17:12:49	29	28	31	33
2021-06-30T17:12:59	29	28	31	33
2021-06-30T17:13:09	29	28	31	33
2021-06-30T17:13:19	29	28	31	33
2021-06-30T17:23:17	29	28	-100	-100
2021-06-30T17:23:27	29	28	31	33
2021-06-30T17:23:37	29	28	31	33
2021-06-30T17:23:47	29	28	31	33
2021-06-30T17:23:57	29	28	31	33
2021-06-30T17:24:07	29	28	31	33
2021-06-30T17:24:17	29	28	31	33
2021-06-30T17:24:27	29	28	31	33
2021-06-30T17:24:37	29	28	31	33
2021-06-30T17:24:47	29	28	31	33
2021-06-30T17:24:57	29	28	31	33
2021-06-30T17:25:07	29	28	31	33
2021-06-30T17:25:17	29	28	31	33
2021-06-30T17:25:27	29	28	31	33
2021-06-30T17:25:37	29	28	31	33
2021-06-30T17:25:47	29	28	31	33
2021-06-30T17:25:57	29	28	31	33
2021-06-30T17:26:07	29	28	31	33
2021-06-30T17:26:17	29	28	31	33
2021-06-30T17:26:27	29	28	31	33
2021-06-30T17:26:37	29	28	31	33
2021-06-30T17:26:47	29	28	31	33
2021-06-30T17:26:57	29	28	31	33
2021-06-30T17:27:07	29	28	31	33
2021-06-30T17:27:17	29	28	31	33
2021-06-30T17:27:27	29	28	31	33
2021-06-30T17:27:37	29	28	31	33
2021-06-30T17:27:47	29	28	31	33
2021-06-30T17:27:57	29	28	31	33
2021-06-30T17:28:07	29	28	31	33
2021-06-30T17:28:17	29	28	31	33
2021-06-30T17:28:27	29	28	31	33
2021-06-30T17:28:37	29	28	31	33
2021-06-30T17:28:47	29	28	31	33
2021-06-30T17:28:57	29	28	32	33
2021-06-30T17:29:07	29	28	31	33
2021-06-30T17:29:17	29	28	31	33
2021-06-30T17:29:27	29	28	31	33
2021-06-30T17:29:37	29	28	31	33
2021-06-30T17:29:47	29	28	31	33
2021-06-30T17:29:57	29	28	31	33
2021-06-30T17:30:07	29	28	31	33
2021-06-30T17:30:17	29	28	31	33
2021-06-30T17:30:27	29	28	31	33
2021-06-30T17:30:37	29	28	31	33
2021-06-30T17:30:47	29	28	31	33
2021-06-30T17:30:57	29	28	31	33
2021-06-30T17:31:07	29	28	31	33
2021-06-30T17:31:17	29	28	31	33
2021-06-30T17:31:27	29	28	31	33
2021-06-30T17:31:37	29	28	31	33
2021-06-30T17:31:47	29	28	31	33
2021-06-30T17:31:57	29	28	31	33
2021-06-30T17:32:07	29	28	31	33
2021-06-30T17:32:17	29	28	31	33
2021-06-30T17:32:27	29	28	31	33
2021-06-30T17:32:37	29	28	31	33
2021-06-30T17:32:47	29	28	31	33
2021-06-30T17:32:57	29	28	31	33
2021-06-30T17:33:07	29	28	31	33
2021-06-30T17:33:17	29	28	31	33
2021-06-30T17:33:27	29	28	31	33
2021-06-30T17:33:37	29	28	31	33
2021-06-30T17:33:47	29	28	31	33
2021-06-30T17:33:57	29	28	31	33
2021-06-30T17:34:07	29	28	31	33
2021-06-30T17:34:17	29	28	31	33
2021-06-30T17:34:27	29	28	31	33
2021-06-30T17:34:37	29	28	31	33
2021-06-30T17:34:47	29	28	31	33
2021-06-30T17:34:57	29	28	31	33
2021-06-30T17:35:07	29	28	31	33
2021-06-30T17:35:17	29	28	31	33
2021-06-30T17:35:27	29	28	31	33
2021-06-30T17:35:37	29	28	31	33
2021-06-30T17:35:47	29	28	31	33
2021-06-30T17:35:57	29	28	31	33
2021-06-30T17:36:07	29	28	31	33
2021-06-30T17:36:17	29	28	31	33
2021-06-30T17:36:27	29	28	31	33
2021-06-30T17:36:37	29	28	31	33
2021-06-30T17:36:47	29	28	31	33
2021-06-30T17:36:57	29	28	31	33
2021-06-30T17:37:07	29	28	31	33
2021-06-30T17:37:17	29	28	31	33
2021-06-30T17:37:27	29	28	31	33
2021-06-30T17:37:37	29	28	31	33
2021-06-30T17:37:47	29	28	31	33
2021-06-30T17:37:57	29	28	31	33
2021-06-30T17:38:07	29	28	31	33
2021-06-30T17:38:17	29	28	31	33
2021-06-30T17:38:27	29	28	31	33
2021-06-30T17:38:37	29	28	31	33
2021-06-30T17:38:47	29	28	31	32
2021-06-30T17:38:57	29	28	31	33
2021-06-30T17:39:07	29	28	31	33
2021-06-30T17:39:17	30	28	31	33
2021-06-30T17:39:27	29	28	31	33
2021-06-30T17:39:37	29	28	31	33
2021-06-30T17:39:47	29	28	31	33
2021-06-30T17:39:57	29	28	31	33
2021-06-30T17:40:07	29	28	31	33
2021-06-30T17:40:17	29	28	31	33
2021-06-30T17:40:27	29	28	31	33
2021-06-30T17:40:37	29	28	31	33
2021-06-30T17:40:47	29	28	31	32
2021-06-30T17:40:57	30	28	31	32
2021-06-30T17:41:07	29	28	31	33
2021-06-30T17:41:17	29	28	31	33
2021-06-30T17:41:27	29	28	31	33
2021-06-30T17:41:37	29	28	31	33
2021-06-30T17:41:47	29	28	31	33
2021-06-30T17:41:57	30	28	31	33
2021-06-30T17:42:07	29	28	31	33
2021-06-30T17:42:17	30	28	31	33
2021-06-30T17:42:27	30	28	31	33
2021-06-30T17:42:37	29	28	31	33
2021-06-30T17:42:47	29	28	31	33
2021-06-30T17:42:57	29	28	31	33
2021-06-30T17:43:07	29	28	31	33
2021-06-30T17:43:17	30	28	31	33
2021-06-30T17:43:27	29	28	31	33
2021-06-30T17:43:37	30	28	31	33
2021-06-30T17:43:47	30	28	31	33
2021-06-30T17:43:57	30	28	31	33
2021-06-30T17:44:07	30	28	31	33
2021-06-30T17:44:17	30	28	31	33
2021-06-30T17:44:27	30	28	31	33
2021-06-30T17:44:37	30	28	31	33
2021-06-30T17:44:47	29	28	31	33
2021-06-30T17:44:57	30	28	31	33
2021-06-30T17:45:08	30	28	31	33
2021-06-30T17:45:18	30	28	31	33
2021-06-30T17:45:28	29	28	31	33
2021-06-30T17:45:38	30	28	31	33
2021-06-30T17:45:48	30	28	31	33
2021-06-30T17:45:58	30	28	31	33
2021-06-30T17:46:08	30	28	31	33
2021-06-30T17:46:18	29	28	31	33
2021-06-30T17:46:28	30	28	31	33
2021-06-30T17:46:38	30	28	31	33
2021-06-30T17:46:48	29	28	31	33
2021-06-30T17:46:58	30	28	31	33
2021-06-30T17:47:08	29	28	31	33
2021-06-30T17:47:18	30	28	31	33
2021-06-30T17:47:28	29	28	31	33
2021-06-30T17:47:38	30	28	31	33
2021-06-30T17:47:48	29	28	31	33
2021-06-30T17:47:58	30	28	31	33
2021-06-30T17:48:08	29	28	31	33
2021-06-30T17:48:18	29	28	31	33
2021-06-30T17:48:28	29	28	31	33
2021-06-30T17:48:38	29	28	31	33
2021-06-30T17:48:48	30	28	31	33
2021-06-30T17:48:58	30	28	31	33
2021-06-30T17:49:08	29	28	31	33
2021-06-30T17:49:18	29	28	31	33
2021-06-30T17:49:28	29	28	31	33
2021-06-30T17:49:38	29	28	31	33
2021-06-30T17:49:48	29	28	31	33
2021-06-30T17:49:58	29	28	31	33
2021-06-30T17:50:08	29	28	31	33
2021-06-30T17:50:18	29	28	31	33
2021-06-30T17:50:28	30	28	31	33
2021-06-30T17:50:38	29	28	31	33
2021-06-30T17:50:48	29	28	31	33
2021-06-30T17:50:58	29	28	31	33
2021-06-30T17:51:08	29	28	31	33
2021-06-30T17:51:18	29	28	31	33
2021-06-30T17:51:28	29	28	31	33
2021-06-30T17:51:38	29	28	31	33
2021-06-30T17:51:48	29	28	31	33
2021-06-30T17:51:58	29	28	31	33
2021-06-30T17:52:08	29	28	31	33
2021-06-30T17:52:18	29	28	31	33
2021-06-30T17:52:28	29	28	31	33
2021-06-30T17:52:38	29	28	31	33
2021-06-30T17:52:48	29	28	31	32
2021-06-30T17:52:58	29	28	31	33
2021-06-30T17:53:08	29	28	31	33
2021-06-30T17:53:18	29	28	31	33
2021-06-30T17:53:28	29	28	31	33
2021-06-30T17:53:38	29	28	31	32
2021-06-30T17:53:48	29	28	31	32
2021-06-30T17:53:58	29	28	31	32
2021-06-30T17:54:08	29	28	31	33
2021-06-30T17:54:18	29	28	31	33
2021-06-30T17:54:28	29	28	31	33
2021-06-30T17:54:38	29	28	31	33
2021-06-30T17:54:48	29	28	31	33
2021-06-30T17:54:58	29	28	31	33
2021-06-30T17:55:08	29	28	31	33
2021-06-30T17:55:18	29	28	31	33
2021-06-30T17:55:28	29	28	31	33
2021-06-30T17:55:38	29	28	31	33
2021-06-30T17:55:48	29	28	31	33
2021-06-30T17:55:58	29	28	31	33
2021-06-30T17:56:08	29	28	31	33
2021-06-30T17:56:18	29	28	31	33
2021-06-30T17:56:28	29	28	31	33
2021-06-30T17:56:38	29	28	31	33
2021-06-30T17:56:48	29	28	31	33
2021-06-30T17:56:58	29	28	31	33
2021-06-30T17:57:08	29	28	31	33
2021-06-30T17:57:18	29	28	31	32
2021-06-30T17:57:28	29	28	31	33
2021-06-30T17:57:38	29	28	31	33
2021-06-30T17:57:48	29	28	31	33
2021-06-30T17:57:58	29	28	31	33
2021-06-30T17:58:08	29	28	31	33
2021-06-30T17:58:18	29	28	31	33
2021-06-30T17:58:28	29	28	31	33
2021-06-30T17:58:38	29	28	31	33
2021-06-30T17:58:48	29	28	31	33
2021-06-30T17:58:58	29	28	31	33
2021-06-30T17:59:08	29	28	31	33
2021-06-30T17:59:18	29	28	31	33
2021-06-30T17:59:28	29	28	31	33
2021-06-30T17:59:38	29	28	31	33
2021-06-30T17:59:48	29	28	31	33
2021-06-30T17:59:58	29	28	31	33
2021-06-30T18:00:08	29	28	31	33
2021-06-30T18:00:18	29	28	31	33
2021-06-30T18:00:28	29	28	31	33
2021-06-30T18:00:38	29	28	31	33
2021-06-30T18:00:48	29	28	31	33
2021-06-30T18:00:58	29	28	31	33
2021-06-30T18:01:08	29	28	31	33
2021-06-30T18:01:18	29	28	31	33
2021-06-30T18:01:28	29	28	31	33
2021-06-30T18:01:38	29	28	31	33
2021-06-30T18:01:48	29	28	31	33
2021-06-30T18:01:58	29	28	31	33
2021-06-30T18:02:08	29	28	31	33
2021-06-30T18:02:18	29	28	31	33
2021-06-30T18:02:28	29	28	31	33
2021-06-30T18:02:38	29	28	31	33
2021-06-30T18:02:48	29	28	31	33
2021-06-30T18:02:58	29	28	31	33
2021-06-30T18:03:08	29	28	31	33
2021-06-30T18:03:18	29	28	31	33
2021-06-30T18:03:28	29	28	31	33
2021-06-30T18:03:38	29	28	31	33
2021-06-30T18:03:48	29	28	31	33
2021-06-30T18:03:58	29	28	31	33
2021-06-30T18:04:08	29	28	31	33
2021-06-30T18:04:18	29	28	32	33
2021-06-30T18:04:28	29	29	32	33
2021-06-30T18:04:38	29	29	32	33
2021-06-30T18:04:48	29	29	32	33
2021-06-30T18:04:58	29	29	33	33
2021-06-30T18:05:08	30	29	33	33
2021-06-30T18:05:18	30	30	33	33
2021-06-30T18:05:28	30	30	33	33
2021-06-30T18:05:38	30	30	33	33
2021-06-30T18:05:48	30	30	34	33
2021-06-30T18:05:58	31	31	34	33
2021-06-30T18:06:08	30	31	34	33
2021-06-30T18:06:18	31	31	34	33
2021-06-30T18:06:28	31	31	34	32
2021-06-30T18:06:38	31	31	34	33
2021-06-30T18:06:48	32	32	35	33
2021-06-30T18:06:58	32	33	37	33
2021-06-30T18:07:08	34	34	39	33
2021-06-30T18:07:18	35	35	39	33
2021-06-30T18:07:28	34	35	40	33
2021-06-30T18:07:38	36	35	40	33
2021-06-30T18:07:48	36	35	40	34
2021-06-30T18:07:58	36	36	40	34
2021-06-30T18:08:08	36	36	41	34
2021-06-30T18:08:18	36	36	41	34
2021-06-30T18:08:28	36	36	40	34
2021-06-30T18:08:38	36	36	40	34
2021-06-30T18:08:48	37	36	40	35
2021-06-30T18:08:58	37	36	40	35
2021-06-30T18:09:08	37	36	40	35
2021-06-30T18:09:18	36	36	41	35
2021-06-30T18:09:28	36	37	41	35
2021-06-30T18:09:38	36	37	41	35
2021-06-30T18:09:48	38	37	41	35
2021-06-30T18:09:58	40	38	42	35
2021-06-30T18:10:08	40	40	42	36
2021-06-30T18:10:18	42	40	43	36
2021-06-30T18:10:28	42	40	43	36
2021-06-30T18:10:38	43	41	44	36
2021-06-30T18:10:48	43	41	43	37
2021-06-30T18:10:58	43	41	43	37
2021-06-30T18:11:08	42	41	44	37
2021-06-30T18:11:18	44	43	46	37
2021-06-30T18:11:28	45	43	47	37
2021-06-30T18:11:38	44	43	48	38
2021-06-30T18:11:48	45	44	48	38
2021-06-30T18:11:58	46	44	48	38
2021-06-30T18:12:08	46	44	48	39
2021-06-30T18:12:18	46	44	49	39
2021-06-30T18:12:28	46	44	48	39
2021-06-30T18:12:38	46	44	48	40
2021-06-30T18:12:48	46	44	48	40
2021-06-30T18:12:58	46	44	48	40
2021-06-30T18:13:08	46	44	49	40
2021-06-30T18:13:18	46	44	48	40
2021-06-30T18:13:28	47	45	48	40
2021-06-30T18:13:38	47	46	50	40
2021-06-30T18:13:48	46	47	52	41
2021-06-30T18:13:58	47	48	53	42
2021-06-30T18:14:08	47	48	53	42
2021-06-30T18:14:18	48	48	53	41
2021-06-30T18:14:28	49	48	54	42
2021-06-30T18:14:38	48	49	53	42
2021-06-30T18:14:48	49	48	54	42
2021-06-30T18:14:58	48	48	53	42
2021-06-30T18:15:08	49	49	53	42
2021-06-30T18:15:18	49	49	54	44
2021-06-30T18:15:28	50	49	53	44
2021-06-30T18:15:38	49	49	55	44
2021-06-30T18:15:48	50	50	54	44
2021-06-30T18:15:58	50	50	54	45
2021-06-30T18:16:08	51	51	54	45
2021-06-30T18:16:18	52	51	55	45
2021-06-30T18:16:28	52	52	55	46
2021-06-30T18:16:38	52	52	55	46
2021-06-30T18:16:48	52	52	55	46
2021-06-30T18:16:58	52	52	55	47
2021-06-30T18:17:08	53	53	58	47
2021-06-30T18:17:18	54	55	60	47
2021-06-30T18:17:28	55	56	60	47
2021-06-30T18:17:38	55	57	61	48
2021-06-30T18:17:48	56	57	61	48
2021-06-30T18:17:58	55	57	61	48
2021-06-30T18:18:08	56	57	61	49
2021-06-30T18:18:18	55	57	61	49
2021-06-30T18:18:28	56	56	61	49
2021-06-30T18:18:38	56	56	61	50
2021-06-30T18:18:48	56	57	62	49
2021-06-30T18:18:58	57	56	60	50
2021-06-30T18:19:08	57	56	61	50
2021-06-30T18:19:18	58	57	61	51
2021-06-30T18:19:28	59	57	62	51
2021-06-30T18:19:38	59	58	61	52
2021-06-30T18:19:48	59	59	61	52
2021-06-30T18:19:58	60	59	63	52
2021-06-30T18:20:08	60	59	63	52
2021-06-30T18:20:18	61	60	63	53
2021-06-30T18:20:28	61	60	64	53
2021-06-30T18:20:38	61	60	63	53
2021-06-30T18:20:48	61	60	65	53
2021-06-30T18:20:58	62	61	64	54
2021-06-30T18:21:08	62	61	65	54
2021-06-30T18:21:18	62	61	65	54
2021-06-30T18:21:28	62	62	64	55
2021-06-30T18:21:38	63	64	66	55
2021-06-30T18:21:48	64	64	68	54
2021-06-30T18:21:58	64	64	69	56
2021-06-30T18:22:08	64	65	69	56
2021-06-30T18:22:18	64	65	70	56
2021-06-30T18:22:28	64	65	70	57
2021-06-30T18:22:38	64	65	70	56
2021-06-30T18:22:48	64	65	70	57
2021-06-30T18:22:58	64	65	70	57
2021-06-30T18:23:08	64	64	70	58
2021-06-30T18:23:18	64	64	70	58
2021-06-30T18:23:28	65	64	70	58
2021-06-30T18:23:38	67	65	70	59
2021-06-30T18:23:48	68	65	71	59
2021-06-30T18:23:58	69	67	71	59
2021-06-30T18:24:08	70	67	71	59
2021-06-30T18:24:18	70	68	71	60
2021-06-30T18:24:28	70	68	71	60
2021-06-30T18:24:38	70	69	71	60
2021-06-30T18:24:48	70	69	71	61
2021-06-30T18:24:58	71	69	72	61
2021-06-30T18:25:08	72	70	74	61
2021-06-30T18:25:18	72	70	75	62
2021-06-30T18:25:28	72	71	76	62
2021-06-30T18:25:38	73	72	76	62
2021-06-30T18:25:48	73	71	76	63
2021-06-30T18:25:58	72	71	76	63
2021-06-30T18:26:08	73	71	76	64
2021-06-30T18:26:18	73	72	76	64
2021-06-30T18:26:28	72	71	76	64
2021-06-30T18:26:38	72	71	76	64
2021-06-30T18:26:48	72	72	76	65
2021-06-30T18:26:58	72	72	76	65
2021-06-30T18:27:08	72	71	76	65
2021-06-30T18:27:18	73	72	76	65
2021-06-30T18:27:28	75	74	76	66
2021-06-30T18:27:38	77	75	79	66
2021-06-30T18:27:48	78	77	81	66
2021-06-30T18:27:58	79	77	82	67
2021-06-30T18:28:08	79	77	82	67
2021-06-30T18:28:18	79	78	82	67
2021-06-30T18:28:28	79	78	82	68
2021-06-30T18:28:38	79	77	82	67
2021-06-30T18:28:48	79	78	82	68
2021-06-30T18:28:58	79	77	82	68
2021-06-30T18:29:08	79	77	81	69
2021-06-30T18:29:18	79	77	81	70
2021-06-30T18:29:28	79	76	81	70
2021-06-30T18:29:38	79	76	81	70
2021-06-30T18:29:48	79	76	82	70
2021-06-30T18:29:58	79	77	84	71
2021-06-30T18:30:08	80	78	85	71
2021-06-30T18:30:18	80	80	86	71
2021-06-30T18:30:28	80	80	86	71
2021-06-30T18:30:38	81	80	86	71
2021-06-30T18:30:48	81	81	86	72
2021-06-30T18:30:58	81	81	86	72
2021-06-30T18:31:08	81	81	86	73
2021-06-30T18:31:18	81	80	86	73
2021-06-30T18:31:28	81	81	86	73
2021-06-30T18:31:38	81	82	86	73
2021-06-30T18:31:48	81	82	86	74
2021-06-30T18:31:58	83	82	86	74
2021-06-30T18:32:08	85	83	87	74
2021-06-30T18:32:18	86	84	87	75
2021-06-30T18:32:28	86	84	87	75
2021-06-30T18:32:38	87	84	88	75
2021-06-30T18:32:48	87	85	88	76
2021-06-30T18:32:58	88	86	90	76
2021-06-30T18:33:08	88	87	92	76
2021-06-30T18:33:18	89	87	92	76
2021-06-30T18:33:28	89	87	92	77
2021-06-30T18:33:38	89	87	92	77
2021-06-30T18:33:48	89	87	92	78
2021-06-30T18:33:58	89	87	91	78
2021-06-30T18:34:08	89	87	91	78
2021-06-30T18:34:18	88	87	91	78
2021-06-30T18:34:28	88	87	91	79
2021-06-30T18:34:38	88	87	91	79
2021-06-30T18:34:48	88	87	92	79
2021-06-30T18:34:58	89	88	94	79
2021-06-30T18:35:08	90	90	96	80
2021-06-30T18:35:18	90	90	96	80
2021-06-30T18:35:28	90	91	97	80
2021-06-30T18:35:38	91	91	97	81
2021-06-30T18:35:48	91	91	97	81
2021-06-30T18:35:58	90	90	96	81
2021-06-30T18:36:08	90	91	96	82
2021-06-30T18:36:18	92	91	97	82
2021-06-30T18:36:28	93	92	97	82
2021-06-30T18:36:38	94	93	97	82
2021-06-30T18:36:48	95	93	97	83
2021-06-30T18:36:58	95	93	97	83
2021-06-30T18:37:08	96	93	97	83
2021-06-30T18:37:18	96	93	97	84
2021-06-30T18:37:28	96	93	97	84
2021-06-30T18:37:38	96	93	97	85
2021-06-30T18:37:48	96	93	98	85
2021-06-30T18:37:58	96	94	100	85
2021-06-30T18:38:08	97	96	102	86
2021-06-30T18:38:18	97	96	102	86
2021-06-30T18:38:28	98	96	102	86
2021-06-30T18:38:38	98	97	102	86
2021-06-30T18:38:48	98	97	102	87
2021-06-30T18:38:58	97	97	102	87
2021-06-30T18:39:08	97	97	102	87
2021-06-30T18:39:18	97	97	101	88
2021-06-30T18:39:28	97	96	101	88
2021-06-30T18:39:38	97	97	102	88
2021-06-30T18:39:48	100	99	104	87
2021-06-30T18:39:58	102	100	106	88
2021-06-30T18:40:08	103	101	106	89
2021-06-30T18:40:18	103	101	107	89
2021-06-30T18:40:28	104	101	107	90
2021-06-30T18:40:38	104	101	107	90
2021-06-30T18:40:48	104	101	107	91
2021-06-30T18:40:58	104	101	107	91
2021-06-30T18:41:08	104	101	107	91
2021-06-30T18:41:18	104	101	106	92
2021-06-30T18:41:28	104	101	106	92
2021-06-30T18:41:38	103	101	105	92
2021-06-30T18:41:48	104	101	107	93
2021-06-30T18:41:58	104	102	109	93
2021-06-30T18:42:08	104	103	109	93
2021-06-30T18:42:18	105	103	110	93
2021-06-30T18:42:28	105	103	110	94
2021-06-30T18:42:38	104	104	110	94
2021-06-30T18:42:48	104	104	110	94
2021-06-30T18:42:58	104	104	109	94
2021-06-30T18:43:08	106	103	109	95
2021-06-30T18:43:18	107	104	109	95
2021-06-30T18:43:28	108	106	110	95
2021-06-30T18:43:38	108	106	110	96
2021-06-30T18:43:48	109	105	110	96
2021-06-30T18:43:58	109	105	110	96
2021-06-30T18:44:08	109	105	110	97
2021-06-30T18:44:18	109	106	112	97
2021-06-30T18:44:28	109	108	114	97
2021-06-30T18:44:38	110	109	115	98
2021-06-30T18:44:48	111	109	115	98
2021-06-30T18:44:58	111	109	115	99
2021-06-30T18:45:08	111	110	115	99
2021-06-30T18:45:18	110	110	115	99
2021-06-30T18:45:28	110	109	114	100
2021-06-30T18:45:38	110	109	114	100
2021-06-30T18:45:48	110	108	114	100
2021-06-30T18:45:58	110	109	114	100
2021-06-30T18:46:08	112	110	117	100
2021-06-30T18:46:18	115	112	117	101
2021-06-30T18:46:28	116	113	118	101
2021-06-30T18:46:38	117	113	119	101
2021-06-30T18:46:48	117	113	120	102
2021-06-30T18:46:58	118	113	119	102
2021-06-30T18:47:08	118	113	120	102
2021-06-30T18:47:18	118	114	119	103
2021-06-30T18:47:28	118	113	119	103
2021-06-30T18:47:38	117	113	119	104
2021-06-30T18:47:48	117	113	119	104
2021-06-30T18:47:58	117	113	119	104
2021-06-30T18:48:08	117	113	118	105
2021-06-30T18:48:18	117	113	120	105
2021-06-30T18:48:28	117	114	121	105
2021-06-30T18:48:38	117	115	122	105
2021-06-30T18:48:48	117	116	123	106
2021-06-30T18:48:58	117	115	123	106
2021-06-30T18:49:08	117	116	123	106
2021-06-30T18:49:18	117	115	122	106
2021-06-30T18:49:28	118	115	122	107
2021-06-30T18:49:38	120	115	122	107
2021-06-30T18:49:48	121	115	122	107
2021-06-30T18:49:58	122	116	123	108
2021-06-30T18:50:08	122	116	123	108
2021-06-30T18:50:18	122	116	123	108
2021-06-30T18:50:28	122	117	123	109
2021-06-30T18:50:38	123	117	124	109
2021-06-30T18:50:48	123	119	127	109
2021-06-30T18:50:58	124	120	128	109
2021-06-30T18:51:08	124	120	129	110
2021-06-30T18:51:18	124	121	129	110
2021-06-30T18:51:28	124	121	128	110
2021-06-30T18:51:38	124	121	128	111
2021-06-30T18:51:48	124	121	128	111
2021-06-30T18:51:58	123	121	127	111
2021-06-30T18:52:08	123	121	127	112
2021-06-30T18:52:18	123	121	127	112
2021-06-30T18:52:28	124	122	127	112
2021-06-30T18:52:38	127	124	128	113
2021-06-30T18:52:48	129	124	131	113
2021-06-30T18:52:58	130	125	132	113
2021-06-30T18:53:08	130	125	133	114
2021-06-30T18:53:18	130	126	133	114
2021-06-30T18:53:28	130	126	132	114
2021-06-30T18:53:38	130	125	133	115
2021-06-30T18:53:48	130	125	132	115
2021-06-30T18:53:58	130	125	132	116
2021-06-30T18:54:08	130	125	132	116
2021-06-30T18:54:18	130	124	132	116
2021-06-30T18:54:28	129	125	132	116
2021-06-30T18:54:38	130	127	134	117
2021-06-30T18:54:48	130	127	135	117
2021-06-30T18:54:58	130	127	136	117
2021-06-30T18:55:08	130	127	136	117
2021-06-30T18:55:18	129	127	136	118
2021-06-30T18:55:28	130	127	135	118
2021-06-30T18:55:38	132	127	136	118
2021-06-30T18:55:48	133	127	136	118
2021-06-30T18:55:58	133	128	136	119
2021-06-30T18:56:08	133	129	135	119
2021-06-30T18:56:18	133	128	135	119
2021-06-30T18:56:28	133	129	137	120
2021-06-30T18:56:38	134	130	138	120
2021-06-30T18:56:48	134	131	139	120
2021-06-30T18:56:58	134	131	139	121
2021-06-30T18:57:08	134	131	139	121
2021-06-30T18:57:18	134	130	139	121
2021-06-30T18:57:28	134	131	138	121
2021-06-30T18:57:38	133	130	138	121
2021-06-30T18:57:48	134	130	138	122
2021-06-30T18:57:58	137	131	138	122
2021-06-30T18:58:08	139	133	142	122
2021-06-30T18:58:18	140	134	144	123
2021-06-30T18:58:28	141	134	144	123
2021-06-30T18:58:38	142	135	144	124
2021-06-30T18:58:48	142	135	144	124
2021-06-30T18:58:58	142	135	144	124
2021-06-30T18:59:08	142	134	144	125
2021-06-30T18:59:18	141	134	143	125
2021-06-30T18:59:28	141	135	143	125
2021-06-30T18:59:38	141	135	143	126
2021-06-30T18:59:48	140	134	143	126
2021-06-30T18:59:58	141	134	145	126
2021-06-30T19:00:08	141	136	146	126
2021-06-30T19:00:18	141	137	147	127
2021-06-30T19:00:28	141	137	147	127
2021-06-30T19:00:38	141	136	147	127
2021-06-30T19:00:48	141	136	147	127
2021-06-30T19:00:58	142	138	146	128
2021-06-30T19:01:08	143	138	146	128
2021-06-30T19:01:18	144	138	147	128
2021-06-30T19:01:28	144	137	146	129
2021-06-30T19:01:38	144	137	146	129
2021-06-30T19:01:48	144	137	147	129
2021-06-30T19:01:58	144	138	149	129
2021-06-30T19:02:08	145	139	150	130
2021-06-30T19:02:18	145	139	150	130
2021-06-30T19:02:28	145	139	151	130
2021-06-30T19:02:38	145	139	150	131
2021-06-30T19:02:48	145	139	150	131
2021-06-30T19:02:58	145	139	149	131
2021-06-30T19:03:08	146	140	149	131
2021-06-30T19:03:18	148	141	151	132
2021-06-30T19:03:28	150	142	151	132
2021-06-30T19:03:38	151	143	153	132
2021-06-30T19:03:48	151	143	154	132
2021-06-30T19:03:58	152	144	154	133
2021-06-30T19:04:08	152	144	155	133
2021-06-30T19:04:18	152	144	154	134
2021-06-30T19:04:28	152	143	154	134
2021-06-30T19:04:38	151	143	153	134
2021-06-30T19:04:48	151	143	153	135
2021-06-30T19:04:58	150	144	154	135
2021-06-30T19:05:08	151	145	156	135
2021-06-30T19:05:18	151	146	157	135
2021-06-30T19:05:28	151	145	156	135
2021-06-30T19:05:38	151	145	156	136
2021-06-30T19:05:48	150	145	156	136
2021-06-30T19:05:58	151	145	156	136
2021-06-30T19:06:08	153	145	156	137
2021-06-30T19:06:18	153	145	156	137
2021-06-30T19:06:28	155	146	158	138
2021-06-30T19:06:38	157	148	159	138
2021-06-30T19:06:48	158	149	159	138
2021-06-30T19:06:58	158	149	159	138
2021-06-30T19:07:08	158	150	159	139
2021-06-30T19:07:18	158	149	158	139
2021-06-30T19:07:28	158	147	158	139
2021-06-30T19:07:38	158	148	159	139
2021-06-30T19:07:48	158	149	161	140
2021-06-30T19:07:58	158	150	161	140
2021-06-30T19:08:08	158	151	162	140
2021-06-30T19:08:18	158	151	162	141
2021-06-30T19:08:28	157	150	161	141
2021-06-30T19:08:38	157	150	161	141
2021-06-30T19:08:48	157	150	161	142
2021-06-30T19:08:58	157	151	163	142
2021-06-30T19:09:08	157	151	164	142
2021-06-30T19:09:18	159	151	164	142
2021-06-30T19:09:28	160	152	164	143
2021-06-30T19:09:38	161	153	164	143
2021-06-30T19:09:48	161	152	164	144
2021-06-30T19:09:58	162	152	163	144
2021-06-30T19:10:08	161	153	164	144
2021-06-30T19:10:18	161	153	164	144
2021-06-30T19:10:28	162	153	166	144
2021-06-30T19:10:38	162	153	166	145
2021-06-30T19:10:48	162	153	166	146
2021-06-30T19:10:58	161	154	166	146
2021-06-30T19:11:08	161	154	166	147
2021-06-30T19:11:18	163	155	166	147
2021-06-30T19:11:28	164	155	166	146
2021-06-30T19:11:38	165	154	166	146
2021-06-30T19:11:48	166	156	169	146
2021-06-30T19:11:58	167	157	171	147
2021-06-30T19:12:08	167	158	171	147
2021-06-30T19:12:18	167	158	171	148
2021-06-30T19:12:28	167	159	171	148
2021-06-30T19:12:38	167	159	171	148
2021-06-30T19:12:48	166	159	170	149
2021-06-30T19:12:58	166	159	170	149
2021-06-30T19:13:08	166	158	169	149
2021-06-30T19:13:18	166	159	171	149
2021-06-30T19:13:28	168	161	174	150
2021-06-30T19:13:38	169	162	173	150
2021-06-30T19:13:48	170	162	173	150
2021-06-30T19:13:58	170	162	173	151
2021-06-30T19:14:08	170	161	173	151
2021-06-30T19:14:18	169	161	173	151
2021-06-30T19:14:28	169	161	172	152
2021-06-30T19:14:38	169	160	173	152
2021-06-30T19:14:48	169	160	173	152
2021-06-30T19:14:58	171	161	176	152
2021-06-30T19:15:08	172	162	177	153
2021-06-30T19:15:18	173	165	178	153
2021-06-30T19:15:28	173	164	177	153
2021-06-30T19:15:38	173	164	177	154
2021-06-30T19:15:48	173	163	177	154
2021-06-30T19:15:58	172	163	177	154
2021-06-30T19:16:08	171	164	176	155
2021-06-30T19:16:18	171	163	175	155
2021-06-30T19:16:28	172	164	177	155
2021-06-30T19:16:38	175	164	179	156
2021-06-30T19:16:48	177	165	180	156
2021-06-30T19:16:58	178	165	180	156
2021-06-30T19:17:08	178	166	179	157
2021-06-30T19:17:18	178	166	179	157
2021-06-30T19:17:28	177	166	179	157
2021-06-30T19:17:38	177	167	178	158
2021-06-30T19:17:48	177	167	179	158
2021-06-30T19:17:58	177	167	180	158
2021-06-30T19:18:08	177	167	181	159
2021-06-30T19:18:18	177	167	181	159
2021-06-30T19:18:28	176	167	181	159
2021-06-30T19:18:38	177	168	182	159
2021-06-30T19:18:48	180	169	184	160
2021-06-30T19:18:58	181	170	184	160
2021-06-30T19:19:08	182	170	184	160
2021-06-30T19:19:18	182	170	184	161
2021-06-30T19:19:28	182	170	185	161
2021-06-30T19:19:38	181	169	184	161
2021-06-30T19:19:48	181	169	183	162
2021-06-30T19:19:58	180	169	184	162
2021-06-30T19:20:08	180	171	185	162
2021-06-30T19:20:18	180	171	187	163
2021-06-30T19:20:28	181	171	187	163
2021-06-30T19:20:38	183	171	187	163
2021-06-30T19:20:48	184	172	186	163
2021-06-30T19:20:58	184	172	186	163
2021-06-30T19:21:08	185	172	187	164
2021-06-30T19:21:18	185	173	187	164
2021-06-30T19:21:28	185	173	189	164
2021-06-30T19:21:38	184	172	188	165
2021-06-30T19:21:48	184	172	188	165
2021-06-30T19:21:58	183	172	188	165
2021-06-30T19:22:08	185	173	189	166
2021-06-30T19:22:18	186	176	191	166
2021-06-30T19:22:28	188	177	192	166
2021-06-30T19:22:38	188	177	192	166
2021-06-30T19:22:48	188	177	193	167
2021-06-30T19:22:58	188	177	192	167
2021-06-30T19:23:08	188	177	191	167
2021-06-30T19:23:18	187	176	190	168
2021-06-30T19:23:28	187	176	190	168
2021-06-30T19:23:38	187	176	192	168
2021-06-30T19:23:48	189	178	194	168
2021-06-30T19:23:58	190	179	194	169
2021-06-30T19:24:08	190	179	194	169
2021-06-30T19:24:18	190	179	193	169
2021-06-30T19:24:28	190	178	193	169
2021-06-30T19:24:38	190	178	193	170
2021-06-30T19:24:48	190	178	192	170
2021-06-30T19:24:58	190	178	194	170
2021-06-30T19:25:08	192	180	198	171
2021-06-30T19:25:18	193	181	199	171
2021-06-30T19:25:28	193	182	199	171
2021-06-30T19:25:38	194	182	199	172
2021-06-30T19:25:48	193	182	198	172
2021-06-30T19:25:58	193	181	198	172
2021-06-30T19:26:08	193	181	198	172
2021-06-30T19:26:18	192	180	197	173
2021-06-30T19:26:28	195	180	197	173
2021-06-30T19:26:38	195	182	199	173
2021-06-30T19:26:48	197	184	200	174
2021-06-30T19:26:58	197	184	201	174
2021-06-30T19:27:08	197	184	200	174
2021-06-30T19:27:18	197	184	200	175
2021-06-30T19:27:28	196	184	200	175
2021-06-30T19:27:38	196	183	200	175
2021-06-30T19:27:48	196	183	200	175
2021-06-30T19:27:58	198	185	200	176
2021-06-30T19:28:08	199	185	201	176
2021-06-30T19:28:18	199	186	203	177
2021-06-30T19:28:28	201	186	204	177
2021-06-30T19:28:38	200	187	203	177
2021-06-30T19:28:48	200	186	203	177
2021-06-30T19:28:58	200	186	202	178
2021-06-30T19:29:08	199	186	202	178
2021-06-30T19:29:18	198	185	202	178
2021-06-30T19:29:28	199	187	205	178
2021-06-30T19:29:38	202	189	205	178
2021-06-30T19:29:48	202	189	207	179
2021-06-30T19:29:58	202	190	207	179
2021-06-30T19:30:08	202	190	207	180
2021-06-30T19:30:18	202	190	207	180
2021-06-30T19:30:28	202	189	206	180
2021-06-30T19:30:38	201	189	205	181
2021-06-30T19:30:48	201	189	205	181
2021-06-30T19:30:58	203	189	208	181
2021-06-30T19:31:08	206	190	208	181
2021-06-30T19:31:18	207	190	208	181
2021-06-30T19:31:28	206	191	208	182
2021-06-30T19:31:38	206	191	208	182
2021-06-30T19:31:48	206	190	208	183
2021-06-30T19:31:58	206	190	209	183
2021-06-30T19:32:08	206	191	209	183
2021-06-30T19:32:18	205	192	210	184
2021-06-30T19:32:28	205	191	210	184
2021-06-30T19:32:38	204	191	209	184
2021-06-30T19:32:48	206	191	210	184
2021-06-30T19:32:58	208	194	212	184
2021-06-30T19:33:08	210	195	212	185
2021-06-30T19:33:18	211	195	214	185
2021-06-30T19:33:28	211	196	214	185
2021-06-30T19:33:38	211	196	214	186
2021-06-30T19:33:48	211	196	214	186
2021-06-30T19:33:58	210	195	213	187
2021-06-30T19:34:08	210	195	212	187
2021-06-30T19:34:18	209	195	212	187
2021-06-30T19:34:28	209	196	214	187
2021-06-30T19:34:38	210	197	216	187
2021-06-30T19:34:48	211	197	216	188
2021-06-30T19:34:58	213	197	216	188
2021-06-30T19:35:08	213	198	217	188
2021-06-30T19:35:18	213	198	216	189
2021-06-30T19:35:28	213	198	215	189
2021-06-30T19:35:38	212	198	214	189
2021-06-30T19:35:48	211	198	216	190
2021-06-30T19:35:58	213	199	218	191
2021-06-30T19:36:08	215	200	220	191
2021-06-30T19:36:18	216	200	221	191
2021-06-30T19:36:28	216	200	220	192
2021-06-30T19:36:38	215	201	220	191
2021-06-30T19:36:48	215	201	219	192
2021-06-30T19:36:58	215	200	219	192
2021-06-30T19:37:08	214	200	218	192
2021-06-30T19:37:18	215	201	219	192
2021-06-30T19:37:28	217	202	222	193
2021-06-30T19:37:38	219	203	222	193
2021-06-30T19:37:48	219	203	221	194
2021-06-30T19:37:58	219	204	220	194
2021-06-30T19:38:08	219	204	221	195
2021-06-30T19:38:18	219	205	221	194
2021-06-30T19:38:28	219	205	223	194
2021-06-30T19:38:38	219	204	223	195
2021-06-30T19:38:48	219	205	223	195
2021-06-30T19:38:58	218	204	222	196
2021-06-30T19:39:08	217	203	221	196
2021-06-30T19:39:18	219	205	223	196
2021-06-30T19:39:28	222	207	226	196
2021-06-30T19:39:38	224	207	228	197
2021-06-30T19:39:48	224	208	228	197
2021-06-30T19:39:58	224	208	228	197
2021-06-30T19:40:08	223	208	226	198
2021-06-30T19:40:18	222	208	226	198
2021-06-30T19:40:28	222	206	225	198
2021-06-30T19:40:38	222	206	224	199
2021-06-30T19:40:48	222	207	226	199
2021-06-30T19:40:58	224	208	228	199
2021-06-30T19:41:08	225	210	229	201
2021-06-30T19:41:18	226	210	229	200
2021-06-30T19:41:28	226	209	229	200
2021-06-30T19:41:38	225	208	228	201
2021-06-30T19:41:48	224	208	228	201
2021-06-30T19:41:58	225	208	227	201
2021-06-30T19:42:08	227	209	229	201
2021-06-30T19:42:18	227	211	232	202
2021-06-30T19:42:28	228	212	233	202
2021-06-30T19:42:38	229	213	233	203
2021-06-30T19:42:48	229	212	232	203
2021-06-30T19:42:58	228	213	232	203
2021-06-30T19:43:08	227	213	231	205
2021-06-30T19:43:18	227	212	231	205
2021-06-30T19:43:28	227	212	231	204
2021-06-30T19:43:38	229	213	232	204
2021-06-30T19:43:48	231	213	233	204
2021-06-30T19:43:58	231	214	235	206
2021-06-30T19:44:08	231	214	234	206
2021-06-30T19:44:18	231	214	233	207
2021-06-30T19:44:28	230	213	232	207
2021-06-30T19:44:38	230	213	233	207
2021-06-30T19:44:48	230	215	236	206
2021-06-30T19:44:58	230	216	238	206
2021-06-30T19:45:08	232	217	238	208
2021-06-30T19:45:18	234	217	238	208
2021-06-30T19:45:28	234	217	238	207
2021-06-30T19:45:38	235	217	238	209
2021-06-30T19:45:48	235	217	237	209
2021-06-30T19:45:58	233	217	236	210
2021-06-30T19:46:08	233	217	236	210
2021-06-30T19:46:18	234	218	239	210
2021-06-30T19:46:28	234	218	240	210
2021-06-30T19:46:38	236	219	240	210
2021-06-30T19:46:48	236	219	239	210
2021-06-30T19:46:58	234	220	239	210
2021-06-30T19:47:08	236	220	239	211
2021-06-30T19:47:18	237	219	239	211
2021-06-30T19:47:28	237	220	239	212
2021-06-30T19:47:38	238	221	241	212
2021-06-30T19:47:48	238	222	242	212
2021-06-30T19:47:58	238	222	243	213
2021-06-30T19:48:08	238	222	242	212
2021-06-30T19:48:18	238	221	241	213
2021-06-30T19:48:28	237	221	241	213
2021-06-30T19:48:38	239	222	241	214
2021-06-30T19:48:48	241	224	243	213
2021-06-30T19:48:58	242	224	245	213
2021-06-30T19:49:08	242	224	245	214
2021-06-30T19:49:18	242	224	245	214
2021-06-30T19:49:28	241	224	245	215
2021-06-30T19:49:38	241	224	243	216
2021-06-30T19:49:48	240	225	244	215
2021-06-30T19:49:58	240	226	246	215
2021-06-30T19:50:08	242	226	247	215
2021-06-30T19:50:18	244	226	248	217
2021-06-30T19:50:28	244	226	248	216
2021-06-30T19:50:38	243	226	247	216
2021-06-30T19:50:48	243	226	246	217
2021-06-30T19:50:58	243	226	245	218
2021-06-30T19:51:08	244	227	247	218
2021-06-30T19:51:18	245	228	251	219
2021-06-30T19:51:28	247	230	252	219
2021-06-30T19:51:38	246	231	251	219
2021-06-30T19:51:48	246	230	251	220
2021-06-30T19:51:58	245	229	249	220
2021-06-30T19:52:08	245	230	249	219
2021-06-30T19:52:18	245	230	248	220
2021-06-30T19:52:28	247	230	250	221
2021-06-30T19:52:38	247	231	253	221
2021-06-30T19:52:48	249	233	255	221
2021-06-30T19:52:58	249	232	253	222
2021-06-30T19:53:08	249	232	252	221
2021-06-30T19:53:18	248	231	251	222
2021-06-30T19:53:28	248	231	251	223
2021-06-30T19:53:38	248	232	253	223
2021-06-30T19:53:48	248	232	256	223
2021-06-30T19:53:58	251	233	256	223
2021-06-30T19:54:08	251	234	257	224
2021-06-30T19:54:18	251	234	256	224
2021-06-30T19:54:28	251	234	256	225
2021-06-30T19:54:38	250	233	254	224
2021-06-30T19:54:48	250	233	253	225
2021-06-30T19:54:58	251	233	255	225
2021-06-30T19:55:08	253	233	257	226
2021-06-30T19:55:18	255	234	257	226
2021-06-30T19:55:28	255	233	257	226
2021-06-30T19:55:38	255	235	256	226
2021-06-30T19:55:48	255	233	256	227
2021-06-30T19:55:58	254	233	256	227
2021-06-30T19:56:08	253	234	258	228
2021-06-30T19:56:18	253	236	260	228
2021-06-30T19:56:28	255	237	260	228
2021-06-30T19:56:38	256	238	258	228
2021-06-30T19:56:48	256	239	258	229
2021-06-30T19:56:58	255	238	260	229
2021-06-30T19:57:08	256	238	261	229
2021-06-30T19:57:18	256	239	261	229
2021-06-30T19:57:28	257	239	261	230
2021-06-30T19:57:38	258	239	261	230
2021-06-30T19:57:48	258	239	261	230
2021-06-30T19:57:58	258	238	260	230
2021-06-30T19:58:08	259	239	262	231
2021-06-30T19:58:18	258	240	263	231
2021-06-30T19:58:28	258	240	262	230
2021-06-30T19:58:38	258	240	262	232
2021-06-30T19:58:48	259	239	262	232
2021-06-30T19:58:58	261	240	264	232
2021-06-30T19:59:08	263	243	266	232
2021-06-30T19:59:18	263	244	266	232
2021-06-30T19:59:28	263	243	266	233
2021-06-30T19:59:38	262	243	265	233
2021-06-30T19:59:48	261	243	264	234
2021-06-30T19:59:58	261	242	264	234
2021-06-30T20:00:08	261	243	266	234
2021-06-30T20:00:18	262	244	267	234
2021-06-30T20:00:28	264	244	267	235
2021-06-30T20:00:38	264	245	267	235
2021-06-30T20:00:48	264	244	267	235
2021-06-30T20:00:58	264	245	268	235
2021-06-30T20:01:08	263	245	268	236
2021-06-30T20:01:18	265	245	268	235
2021-06-30T20:01:28	265	246	269	236
2021-06-30T20:01:38	266	246	268	236
2021-06-30T20:01:48	266	246	268	237
2021-06-30T20:01:58	266	246	271	237
2021-06-30T20:02:08	266	247	271	237
2021-06-30T20:02:18	265	246	270	237
2021-06-30T20:02:28	266	247	270	238
2021-06-30T20:02:38	268	246	270	238
2021-06-30T20:02:48	269	246	269	238
2021-06-30T20:02:58	268	247	271	239
2021-06-30T20:03:08	268	248	274	239
2021-06-30T20:03:18	268	248	274	239
2021-06-30T20:03:28	267	248	274	239
2021-06-30T20:03:38	268	248	273	240
2021-06-30T20:03:48	270	248	272	240
2021-06-30T20:03:58	272	249	274	240
2021-06-30T20:04:08	272	250	275	240
2021-06-30T20:04:18	272	251	274	241
2021-06-30T20:04:28	272	250	274	240
2021-06-30T20:04:38	272	249	274	241
2021-06-30T20:04:48	271	251	276	242
2021-06-30T20:04:58	271	252	277	242
2021-06-30T20:05:08	271	251	277	242
2021-06-30T20:05:18	273	252	278	242
2021-06-30T20:05:28	274	254	276	243
2021-06-30T20:05:38	274	254	276	243
2021-06-30T20:05:48	274	254	276	243
2021-06-30T20:05:58	274	254	277	244
2021-06-30T20:06:08	274	254	278	244
2021-06-30T20:06:18	274	254	278	244
2021-06-30T20:06:28	275	254	278	245
2021-06-30T20:06:38	276	254	279	245
2021-06-30T20:06:48	275	254	279	245
2021-06-30T20:06:58	275	256	281	246
2021-06-30T20:07:08	276	256	280	245
2021-06-30T20:07:18	277	257	281	245
2021-06-30T20:07:28	279	257	281	246
2021-06-30T20:07:38	279	256	281	247
2021-06-30T20:07:48	279	257	281	247
2021-06-30T20:07:58	278	257	282	247
2021-06-30T20:08:08	278	257	283	248
2021-06-30T20:08:18	278	257	281	248
2021-06-30T20:08:28	277	257	282	248
2021-06-30T20:08:38	279	258	284	249
2021-06-30T20:08:48	281	259	284	249
2021-06-30T20:08:58	282	258	284	249
2021-06-30T20:09:08	281	259	284	250
2021-06-30T20:09:18	281	258	284	250
2021-06-30T20:09:28	281	259	286	250
2021-06-30T20:09:38	281	260	285	250
2021-06-30T20:09:48	282	261	284	251
2021-06-30T20:09:58	283	261	284	251
2021-06-30T20:10:08	283	263	286	251
2021-06-30T20:10:18	282	263	286	252
2021-06-30T20:10:28	282	262	287	252
2021-06-30T20:10:38	282	261	286	252
2021-06-30T20:10:48	284	263	287	253
2021-06-30T20:10:58	285	263	289	253
2021-06-30T20:11:08	286	264	290	254
2021-06-30T20:11:18	285	263	288	254
2021-06-30T20:11:28	285	263	288	254
2021-06-30T20:11:38	285	264	287	255
2021-06-30T20:11:48	286	265	291	255
2021-06-30T20:11:58	288	266	291	255
2021-06-30T20:12:08	289	266	291	255
2021-06-30T20:12:18	288	265	292	256
2021-06-30T20:12:28	287	265	292	256
2021-06-30T20:12:38	287	265	290	256
2021-06-30T20:12:48	287	265	291	257
2021-06-30T20:12:58	288	267	293	257
2021-06-30T20:13:08	290	269	294	257
2021-06-30T20:13:18	289	268	293	258
2021-06-30T20:13:28	288	267	292	258
2021-06-30T20:13:38	289	267	291	259
2021-06-30T20:13:48	291	268	294	259
2021-06-30T20:13:58	292	271	295	259
2021-06-30T20:14:08	292	271	295	260
2021-06-30T20:14:18	292	271	295	260
2021-06-30T20:14:28	291	270	294	260
2021-06-30T20:14:38	291	269	294	260
2021-06-30T20:14:48	292	270	295	261
2021-06-30T20:14:58	294	270	297	261
2021-06-30T20:15:08	295	271	298	261
2021-06-30T20:15:18	295	271	297	262
2021-06-30T20:15:28	294	271	297	262
2021-06-30T20:15:38	293	270	297	263
2021-06-30T20:15:48	293	272	298	263
2021-06-30T20:15:58	293	272	300	263
2021-06-30T20:16:08	294	272	300	263
2021-06-30T20:16:18	296	272	300	264
2021-06-30T20:16:28	297	272	298	264
2021-06-30T20:16:38	296	272	299	264
2021-06-30T20:16:48	296	274	301	265
2021-06-30T20:16:58	296	275	301	265
2021-06-30T20:17:08	296	274	302	265
2021-06-30T20:17:18	297	274	302	266
2021-06-30T20:17:28	297	275	301	266
2021-06-30T20:17:38	297	275	301	266
2021-06-30T20:17:48	297	276	302	267
2021-06-30T20:17:58	298	276	303	267
2021-06-30T20:18:08	299	277	302	267
2021-06-30T20:18:18	300	276	302	268
2021-06-30T20:18:28	300	276	302	268
2021-06-30T20:18:38	299	278	304	269
2021-06-30T20:18:48	299	277	305	269
2021-06-30T20:18:58	300	277	304	269
2021-06-30T20:19:08	302	277	304	269
2021-06-30T20:19:18	302	277	303	270
2021-06-30T20:19:28	303	277	305	270
2021-06-30T20:19:38	302	280	306	271
2021-06-30T20:19:48	301	280	308	271
2021-06-30T20:19:58	301	280	307	271
2021-06-30T20:20:08	302	279	305	272
2021-06-30T20:20:18	303	280	307	272
2021-06-30T20:20:28	304	282	308	273
2021-06-30T20:20:38	304	282	308	273
2021-06-30T20:20:48	304	282	309	273
2021-06-30T20:20:58	304	281	308	274
2021-06-30T20:21:08	305	281	309	274
2021-06-30T20:21:18	306	284	311	274
2021-06-30T20:21:28	305	283	311	274
2021-06-30T20:21:38	305	283	311	275
2021-06-30T20:21:48	305	283	309	275
2021-06-30T20:21:58	306	283	309	276
2021-06-30T20:22:08	308	283	310	276
2021-06-30T20:22:18	308	284	312	276
2021-06-30T20:22:28	309	286	311	277
2021-06-30T20:22:38	309	285	310	277
2021-06-30T20:22:48	308	284	312	278
2021-06-30T20:22:58	308	284	312	278
2021-06-30T20:23:08	310	286	315	278
2021-06-30T20:23:18	311	286	314	279
2021-06-30T20:23:28	310	286	314	279
2021-06-30T20:23:38	309	286	312	279
2021-06-30T20:23:48	309	286	314	279
2021-06-30T20:23:58	311	289	316	280
2021-06-30T20:24:08	312	289	316	280
2021-06-30T20:24:18	312	289	317	280
2021-06-30T20:24:28	312	289	315	281
2021-06-30T20:24:38	311	289	314	281
2021-06-30T20:24:48	312	288	315	281
2021-06-30T20:24:58	312	288	317	282
2021-06-30T20:25:08	314	289	318	282
2021-06-30T20:25:18	315	289	317	282
2021-06-30T20:25:28	314	289	316	283
2021-06-30T20:25:38	313	291	316	283
2021-06-30T20:25:48	313	292	319	283
2021-06-30T20:25:58	315	291	319	284
2021-06-30T20:26:08	317	292	318	284
2021-06-30T20:26:18	317	292	319	285
2021-06-30T20:26:28	316	293	319	285
2021-06-30T20:26:38	316	293	320	285
2021-06-30T20:26:48	316	295	320	285
2021-06-30T20:26:58	317	295	320	286
2021-06-30T20:27:08	318	296	320	286
2021-06-30T20:27:18	318	296	323	286
2021-06-30T20:27:28	318	298	323	287
2021-06-30T20:27:38	317	296	322	287
2021-06-30T20:27:48	317	294	321	288
2021-06-30T20:27:58	318	294	321	288
2021-06-30T20:28:08	321	296	324	288
2021-06-30T20:28:18	321	296	324	289
2021-06-30T20:28:28	320	295	323	289
2021-06-30T20:28:38	319	295	323	289
2021-06-30T20:28:48	320	297	323	290
2021-06-30T20:28:58	322	298	326	290
2021-06-30T20:29:08	323	298	326	291
2021-06-30T20:29:18	322	297	325	291
2021-06-30T20:29:28	321	297	325	291
2021-06-30T20:29:38	321	299	328	291
2021-06-30T20:29:48	323	299	328	292
2021-06-30T20:29:58	324	300	328	292
2021-06-30T20:30:08	324	300	327	293
2021-06-30T20:30:18	323	300	327	293
2021-06-30T20:30:28	323	299	326	293
2021-06-30T20:30:38	323	298	327	294
2021-06-30T20:30:48	324	299	329	294
2021-06-30T20:30:58	326	300	328	294
2021-06-30T20:31:08	326	300	328	295
2021-06-30T20:31:18	325	299	327	295
2021-06-30T20:31:28	325	299	328	296
2021-06-30T20:31:38	325	301	331	296
2021-06-30T20:31:48	326	301	333	296
2021-06-30T20:31:58	328	302	332	297
2021-06-30T20:32:08	328	302	332	297
2021-06-30T20:32:18	328	302	331	297
2021-06-30T20:32:28	327	303	331	298
2021-06-30T20:32:38	327	304	334	298
2021-06-30T20:32:48	329	305	334	298
2021-06-30T20:32:58	330	304	334	299
2021-06-30T20:33:08	330	304	333	299
2021-06-30T20:33:18	329	304	332	299
2021-06-30T20:33:28	329	304	332	300
2021-06-30T20:33:38	329	305	334	300
2021-06-30T20:33:48	330	305	336	300
2021-06-30T20:33:58	332	305	335	301
2021-06-30T20:34:08	332	306	333	301
2021-06-30T20:34:18	331	307	335	302
2021-06-30T20:34:28	331	308	337	302
2021-06-30T20:34:38	331	308	337	302
2021-06-30T20:34:48	333	308	337	303
2021-06-30T20:34:58	334	307	335	303
2021-06-30T20:35:08	334	307	337	303
2021-06-30T20:35:18	333	310	339	303
2021-06-30T20:35:28	333	310	341	304
2021-06-30T20:35:38	334	311	341	304
2021-06-30T20:35:48	335	311	341	305
2021-06-30T20:35:58	335	311	340	306
2021-06-30T20:36:08	334	310	338	305
2021-06-30T20:36:18	335	309	337	306
2021-06-30T20:36:28	335	311	340	306
2021-06-30T20:36:38	337	311	342	306
2021-06-30T20:36:48	337	311	340	307
2021-06-30T20:36:58	336	312	340	307
2021-06-30T20:37:08	336	312	339	308
2021-06-30T20:37:18	338	313	342	308
2021-06-30T20:37:28	340	315	344	309
2021-06-30T20:37:38	340	315	345	309
2021-06-30T20:37:48	339	315	343	309
2021-06-30T20:37:58	338	315	342	309
2021-06-30T20:38:08	339	316	343	310
2021-06-30T20:38:18	340	318	343	310
2021-06-30T20:38:28	341	318	345	311
2021-06-30T20:38:38	341	316	346	311
2021-06-30T20:38:48	340	316	345	311
2021-06-30T20:38:58	339	317	343	312
2021-06-30T20:39:08	339	318	344	312
2021-06-30T20:39:18	341	319	348	312
2021-06-30T20:39:28	344	321	348	313
2021-06-30T20:39:38	344	320	347	313
2021-06-30T20:39:48	343	319	345	314
2021-06-30T20:39:58	342	318	348	315
2021-06-30T20:40:08	343	319	349	314
2021-06-30T20:40:18	344	321	349	315
2021-06-30T20:40:28	345	320	347	315
2021-06-30T20:40:38	344	318	347	316
2021-06-30T20:40:48	343	319	348	316
2021-06-30T20:40:58	344	320	350	316
2021-06-30T20:41:08	347	320	350	316
2021-06-30T20:41:18	347	321	350	317
2021-06-30T20:41:28	346	321	350	317
2021-06-30T20:41:38	345	323	349	318
2021-06-30T20:41:48	347	322	349	319
2021-06-30T20:41:58	347	323	351	319
2021-06-30T20:42:08	349	323	353	319
2021-06-30T20:42:18	348	323	354	319
2021-06-30T20:42:28	347	322	352	319
2021-06-30T20:42:38	347	321	351	320
2021-06-30T20:42:48	349	323	353	320
2021-06-30T20:42:58	350	324	354	320
2021-06-30T20:43:08	350	324	353	321
2021-06-30T20:43:18	348	325	352	321
2021-06-30T20:43:28	349	325	354	321
2021-06-30T20:43:38	351	328	355	321
2021-06-30T20:43:48	353	328	354	322
2021-06-30T20:43:58	352	325	354	322
2021-06-30T20:44:08	351	325	354	323
2021-06-30T20:44:18	351	326	355	323
2021-06-30T20:44:28	352	328	358	324
2021-06-30T20:44:38	352	327	357	324
2021-06-30T20:44:48	354	329	357	324
2021-06-30T20:44:58	355	328	355	325
2021-06-30T20:45:08	354	330	357	325
2021-06-30T20:45:18	354	331	359	326
2021-06-30T20:45:28	353	331	359	326
2021-06-30T20:45:39	354	331	358	326
2021-06-30T20:45:49	355	331	358	327
2021-06-30T20:45:59	356	331	361	327
2021-06-30T20:46:09	355	331	361	327
2021-06-30T20:46:19	354	331	359	328
2021-06-30T20:46:29	355	331	360	328
2021-06-30T20:46:39	357	334	360	328
2021-06-30T20:46:49	359	334	361	329
2021-06-30T20:46:59	359	334	363	329
2021-06-30T20:47:09	358	334	361	329
2021-06-30T20:47:19	357	334	361	330
2021-06-30T20:47:29	357	333	363	330
2021-06-30T20:47:39	359	332	362	331
2021-06-30T20:47:49	360	332	362	331
2021-06-30T20:47:59	360	335	363	331
2021-06-30T20:48:09	359	335	363	332
2021-06-30T20:48:19	358	336	362	332
2021-06-30T20:48:29	359	336	366	332
2021-06-30T20:48:39	361	336	366	333
2021-06-30T20:48:49	363	335	365	333
2021-06-30T20:48:59	362	335	365	334
2021-06-30T20:49:09	362	336	366	334
2021-06-30T20:49:19	361	338	366	334
2021-06-30T20:49:29	363	337	366	334
2021-06-30T20:49:39	364	337	366	335
2021-06-30T20:49:49	363	336	365	336
2021-06-30T20:49:59	363	336	366	337
2021-06-30T20:50:09	362	337	368	337
2021-06-30T20:50:19	363	338	368	336
2021-06-30T20:50:29	363	338	367	338
2021-06-30T20:50:39	364	339	369	338
2021-06-30T20:50:49	367	339	371	338
2021-06-30T20:50:59	367	339	369	338
2021-06-30T20:51:09	366	338	369	338
2021-06-30T20:51:19	365	341	370	340
2021-06-30T20:51:29	366	341	372	339
2021-06-30T20:51:39	368	342	370	339
2021-06-30T20:51:49	368	340	369	340
2021-06-30T20:51:59	367	340	369	340
2021-06-30T20:52:09	367	341	373	340
2021-06-30T20:52:19	366	342	372	341
2021-06-30T20:52:29	368	342	372	342
2021-06-30T20:52:39	370	342	373	341
2021-06-30T20:52:49	371	343	371	342
2021-06-30T20:52:59	370	343	373	342
2021-06-30T20:53:09	369	343	374	342
2021-06-30T20:53:19	369	343	373	343
2021-06-30T20:53:29	369	342	371	343
2021-06-30T20:53:39	371	342	373	344
2021-06-30T20:53:49	373	344	375	344
2021-06-30T20:53:59	373	345	376	344
2021-06-30T20:54:09	371	344	375	345
2021-06-30T20:54:19	371	344	375	345
2021-06-30T20:54:29	373	344	376	345
2021-06-30T20:54:39	373	344	376	346
2021-06-30T20:54:49	373	345	376	346
2021-06-30T20:54:59	372	345	377	347
2021-06-30T20:55:09	374	345	378	347
2021-06-30T20:55:19	375	347	378	347
2021-06-30T20:55:29	376	346	378	347
2021-06-30T20:55:39	375	347	377	348
2021-06-30T20:55:49	375	348	377	348
2021-06-30T20:55:59	375	348	380	349
2021-06-30T20:56:09	377	349	382	349
2021-06-30T20:56:19	378	349	382	350
2021-06-30T20:56:29	378	349	380	350
2021-06-30T20:56:39	377	348	379	350
2021-06-30T20:56:49	377	349	380	351
2021-06-30T20:56:59	377	351	382	351
2021-06-30T20:57:09	378	352	383	351
2021-06-30T20:57:19	378	351	383	352
2021-06-30T20:57:29	377	350	382	352
2021-06-30T20:57:39	378	351	383	353
2021-06-30T20:57:49	380	353	383	354
2021-06-30T20:57:59	381	355	383	354
2021-06-30T20:58:09	381	353	383	354
2021-06-30T20:58:19	381	356	385	355
2021-06-30T20:58:29	380	355	384	355
2021-06-30T20:58:39	379	355	384	354
2021-06-30T20:58:49	381	355	383	355
2021-06-30T20:58:59	383	355	386	355
2021-06-30T20:59:09	383	355	387	355
2021-06-30T20:59:19	382	357	386	357
2021-06-30T20:59:29	382	356	386	356
2021-06-30T20:59:39	381	355	385	356
2021-06-30T20:59:49	382	354	386	357
2021-06-30T20:59:59	384	357	389	357
2021-06-30T21:00:09	385	359	390	357
2021-06-30T21:00:19	384	359	388	358
2021-06-30T21:00:29	383	358	387	358
2021-06-30T21:00:39	384	358	389	359
2021-06-30T21:00:49	386	358	388	359
2021-06-30T21:00:59	387	358	390	359
2021-06-30T21:01:09	387	359	390	361
2021-06-30T21:01:19	386	358	389	361
2021-06-30T21:01:29	386	359	390	361
2021-06-30T21:01:39	388	359	393	361
2021-06-30T21:01:49	388	360	393	362
2021-06-30T21:01:59	388	361	391	362
2021-06-30T21:02:09	387	360	392	363
2021-06-30T21:02:19	389	360	391	362
2021-06-30T21:02:29	390	363	392	362
2021-06-30T21:02:39	390	364	395	363
2021-06-30T21:02:49	390	363	392	363
2021-06-30T21:02:59	388	364	393	364
2021-06-30T21:03:09	389	366	394	364
2021-06-30T21:03:19	391	364	395	365
2021-06-30T21:03:29	391	363	394	366
2021-06-30T21:03:39	390	363	394	365
2021-06-30T21:03:49	392	364	394	365
2021-06-30T21:03:59	393	367	398	366
2021-06-30T21:04:09	393	365	397	366
2021-06-30T21:04:19	392	365	396	367
2021-06-30T21:04:29	391	365	397	367
2021-06-30T21:04:39	391	366	396	367
2021-06-30T21:04:49	394	366	399	367
2021-06-30T21:04:59	395	365	399	367
2021-06-30T21:05:09	395	365	399	368
2021-06-30T21:05:19	394	365	397	368
2021-06-30T21:05:29	394	364	398	369
2021-06-30T21:05:39	395	366	399	369
2021-06-30T21:05:49	395	367	399	369
2021-06-30T21:05:59	397	368	399	370
2021-06-30T21:06:09	397	367	398	370
2021-06-30T21:06:19	395	367	399	370
2021-06-30T21:06:29	396	368	400	371
2021-06-30T21:06:39	398	369	403	371
2021-06-30T21:06:49	399	369	402	372
2021-06-30T21:06:59	399	370	401	372
2021-06-30T21:07:09	397	369	401	373
2021-06-30T21:07:19	398	372	403	373
2021-06-30T21:07:29	400	371	403	373
2021-06-30T21:07:39	400	370	404	373
2021-06-30T21:07:49	399	370	401	373
2021-06-30T21:07:59	398	373	401	374
2021-06-30T21:08:09	400	372	403	374
2021-06-30T21:08:19	402	373	405	374
2021-06-30T21:08:29	402	373	406	375
2021-06-30T21:08:39	401	372	405	375
2021-06-30T21:08:49	401	372	403	376
2021-06-30T21:08:59	401	372	406	376
2021-06-30T21:09:09	403	374	406	376
2021-06-30T21:09:19	403	374	407	377
2021-06-30T21:09:29	403	373	406	377
2021-06-30T21:09:39	403	373	405	378
2021-06-30T21:09:49	404	375	407	378
2021-06-30T21:09:59	406	377	410	378
2021-06-30T21:10:09	405	377	408	379
2021-06-30T21:10:19	403	377	408	379
2021-06-30T21:10:29	404	377	410	379
2021-06-30T21:10:39	406	378	410	379
2021-06-30T21:10:49	406	376	408	380
2021-06-30T21:10:59	406	376	411	381
2021-06-30T21:11:09	405	377	411	382
2021-06-30T21:11:19	405	378	410	381
2021-06-30T21:11:29	408	378	409	381
2021-06-30T21:11:39	409	378	412	382
2021-06-30T21:11:49	408	377	411	383
2021-06-30T21:11:59	406	377	409	383
2021-06-30T21:12:09	406	377	411	383
2021-06-30T21:12:19	408	381	414	383
2021-06-30T21:12:29	411	382	413	383
2021-06-30T21:12:39	411	381	413	384
2021-06-30T21:12:49	409	382	412	384
2021-06-30T21:12:59	409	381	415	385
2021-06-30T21:13:09	411	381	415	385
2021-06-30T21:13:19	412	380	414	385
2021-06-30T21:13:29	411	380	414	386
2021-06-30T21:13:39	413	382	416	386
2021-06-30T21:13:49	413	384	415	386
2021-06-30T21:13:59	412	384	416	387
2021-06-30T21:14:09	413	384	415	387
2021-06-30T21:14:19	413	384	415	387
2021-06-30T21:14:29	412	383	416	387
2021-06-30T21:14:39	414	385	416	388
2021-06-30T21:14:49	414	385	418	388
2021-06-30T21:14:59	414	385	418	389
2021-06-30T21:15:09	414	386	417	389
2021-06-30T21:15:19	415	386	419	389
2021-06-30T21:15:29	415	387	419	390
2021-06-30T21:15:39	414	387	418	390
2021-06-30T21:15:49	416	386	418	391
2021-06-30T21:15:59	416	387	420	392
2021-06-30T21:16:09	417	387	420	392
2021-06-30T21:16:19	417	387	419	393
2021-06-30T21:16:29	416	387	422	393
2021-06-30T21:16:39	418	387	421	392
2021-06-30T21:16:49	418	388	420	393
2021-06-30T21:16:59	419	388	423	393
2021-06-30T21:17:09	419	389	422	393
2021-06-30T21:17:19	418	389	422	393
2021-06-30T21:17:29	419	391	422	394
2021-06-30T21:17:39	420	393	424	394
2021-06-30T21:17:49	420	393	424	396
2021-06-30T21:17:59	421	391	422	395
2021-06-30T21:18:09	423	392	425	395
2021-06-30T21:18:19	423	392	426	396
2021-06-30T21:18:29	421	392	424	396
2021-06-30T21:18:39	420	390	424	397
2021-06-30T21:18:49	420	393	426	397
2021-06-30T21:18:59	425	394	427	397
2021-06-30T21:19:09	425	394	426	398
2021-06-30T21:19:19	424	392	426	398
2021-06-30T21:19:30	423	392	-100	-100
2021-06-30T21:20:00	421	392	426	400
2021-06-30T21:20:30	418	391	420	400
2021-06-30T21:21:00	411	386	414	400
2021-06-30T21:21:30	407	383	411	398
2021-06-30T21:22:00	403	380	406	396
2021-06-30T21:22:30	400	377	402	395
2021-06-30T21:23:00	396	375	399	392
2021-06-30T21:23:30	394	373	397	391
2021-06-30T21:24:00	392	372	394	388
2021-06-30T21:24:30	389	370	392	387
2021-06-30T21:25:00	386	368	389	385
2021-06-30T21:25:30	390	370	394	383
2021-06-30T21:26:00	390	371	393	383
2021-06-30T21:26:30	389	371	392	382
2021-06-30T21:27:00	394	374	395	383
2021-06-30T21:27:30	392	373	395	382
2021-06-30T21:28:00	395	375	397	382
2021-06-30T21:28:30	396	377	398	383
2021-06-30T21:29:00	395	379	400	383
2021-06-30T21:29:30	398	378	401	384
2021-06-30T21:30:00	397	379	401	384
2021-06-30T21:30:30	399	379	404	386
2021-06-30T21:31:00	401	382	402	386
2021-06-30T21:31:30	400	381	403	387
2021-06-30T21:32:00	403	383	405	387
2021-06-30T21:32:30	403	383	406	388
2021-06-30T21:33:00	405	385	408	389
2021-06-30T21:33:30	406	385	410	390
2021-06-30T21:34:00	406	386	409	391
2021-06-30T21:34:30	409	389	412	392
2021-06-30T21:35:00	408	389	411	394
2021-06-30T21:35:30	410	390	413	395
2021-06-30T21:36:00	411	391	415	395
2021-06-30T21:36:30	411	393	417	396
2021-06-30T21:37:00	414	392	417	397
2021-06-30T21:37:30	416	394	420	398
2021-06-30T21:38:00	415	393	417	399
2021-06-30T21:38:30	418	396	421	400
2021-06-30T21:39:00	418	396	420	401
2021-06-30T21:39:30	418	398	421	402
2021-06-30T21:40:00	421	400	424	403
2021-06-30T21:40:30	421	402	424	404
2021-06-30T21:41:00	422	399	425	405
2021-06-30T21:41:30	422	400	426	406
2021-06-30T21:42:00	424	401	427	407
2021-06-30T21:42:30	426	403	428	408
2021-06-30T21:43:00	426	404	429	409
2021-06-30T21:43:30	428	406	432	410
2021-06-30T21:44:00	427	405	431	411
2021-06-30T21:44:30	431	407	433	412
2021-06-30T21:45:00	430	408	436	414
2021-06-30T21:45:30	433	407	435	415
2021-06-30T21:46:00	433	408	436	415
2021-06-30T21:46:30	433	412	437	416
2021-06-30T21:47:00	437	412	439	417
2021-06-30T21:47:30	435	412	439	419
2021-06-30T21:48:00	439	414	441	420
2021-06-30T21:48:30	438	414	443	421
2021-06-30T21:49:00	440	414	442	422
2021-06-30T21:49:30	441	417	445	423
2021-06-30T21:50:00	442	416	446	424
2021-06-30T21:50:30	443	419	447	425
2021-06-30T21:51:00	444	421	446	426
2021-06-30T21:51:30	444	423	448	427
2021-06-30T21:52:00	448	423	452	428
2021-06-30T21:52:30	446	425	449	429
2021-06-30T21:53:00	450	427	453	430
2021-06-30T21:53:30	449	426	453	431
2021-06-30T21:54:00	451	426	453	433
2021-06-30T21:54:30	452	428	454	434
2021-06-30T21:55:00	455	428	458	434
2021-06-30T21:55:30	454	428	457	436
2021-06-30T21:56:00	455	430	460	437
2021-06-30T21:56:30	456	430	460	438
2021-06-30T21:57:00	457	431	461	439
2021-06-30T21:57:30	459	434	461	440
2021-06-30T21:58:00	458	434	462	441
2021-06-30T21:58:30	461	434	464	442
2021-06-30T21:59:00	463	437	465	443
2021-06-30T21:59:30	463	439	466	444
2021-06-30T22:00:00	464	438	467	445
2021-06-30T22:00:30	465	437	467	446
2021-06-30T22:01:00	466	440	470	448
2021-06-30T22:01:30	469	442	471	449
2021-06-30T22:02:00	467	440	470	449
2021-06-30T22:02:30	471	444	475	451
2021-06-30T22:03:00	471	443	473	452
2021-06-30T22:03:30	473	444	474	453
2021-06-30T22:04:00	474	449	478	454
2021-06-30T22:04:30	474	447	477	455
2021-06-30T22:05:00	475	447	477	456
2021-06-30T22:05:30	478	449	479	457
2021-06-30T22:06:00	478	449	482	459
2021-06-30T22:06:30	479	450	483	460
2021-06-30T22:07:00	479	453	482	460
2021-06-30T22:07:30	481	453	483	462
2021-06-30T22:08:00	481	454	485	463
2021-06-30T22:08:30	483	455	486	464
2021-06-30T22:09:00	486	457	490	465
2021-06-30T22:09:30	484	456	488	466
2021-06-30T22:10:00	487	458	489	467
2021-06-30T22:10:30	488	459	491	468
2021-06-30T22:11:00	487	460	491	470
2021-06-30T22:11:30	490	461	491	471
2021-06-30T22:12:00	491	462	493	472
2021-06-30T22:12:30	492	463	496	473
2021-06-30T22:13:00	494	464	497	474
2021-06-30T22:13:30	494	464	497	475
2021-06-30T22:14:00	497	465	499	476
2021-06-30T22:14:30	497	468	500	477
2021-06-30T22:15:00	498	468	502	479
2021-06-30T22:15:30	500	468	500	479
2021-06-30T22:16:00	498	470	503	481
2021-06-30T22:16:30	502	471	503	483
2021-06-30T22:17:00	502	471	504	484
2021-06-30T22:17:30	504	473	506	485
2021-06-30T22:18:00	504	474	508	486
2021-06-30T22:18:30	505	477	507	487
2021-06-30T22:19:00	505	476	509	488
2021-06-30T22:19:30	509	478	511	489
2021-06-30T22:20:00	508	478	513	490
2021-06-30T22:20:30	510	480	512	491
2021-06-30T22:21:00	511	480	513	491
2021-06-30T22:21:30	511	481	516	493
2021-06-30T22:22:00	513	481	515	494
2021-06-30T22:22:30	515	481	515	496
2021-06-30T22:23:00	515	485	519	496
2021-06-30T22:23:30	517	485	518	498
2021-06-30T22:24:00	518	485	519	499
2021-06-30T22:24:30	518	488	523	499
2021-06-30T22:25:00	519	488	523	501
2021-06-30T22:25:30	521	490	522	502
2021-06-30T22:26:00	522	491	524	503
2021-06-30T22:26:30	523	489	525	505
2021-06-30T22:27:00	524	493	525	505
2021-06-30T22:27:30	524	494	528	507
2021-06-30T22:28:00	527	498	531	508
2021-06-30T22:28:30	528	497	531	509
2021-06-30T22:29:00	529	496	530	509
2021-06-30T22:29:30	529	495	531	512
2021-06-30T22:30:00	531	496	533	513
2021-06-30T22:30:30	532	499	533	513
2021-06-30T22:31:00	533	502	536	514
2021-06-30T22:31:30	533	501	534	515
2021-06-30T22:32:00	535	502	538	516
2021-06-30T22:32:30	536	501	538	517
2021-06-30T22:33:00	537	503	540	520
2021-06-30T22:33:30	538	505	542	521
2021-06-30T22:34:00	539	506	543	521
2021-06-30T22:34:30	541	508	546	522
2021-06-30T22:35:00	543	509	545	524
2021-06-30T22:35:30	542	509	546	525
2021-06-30T22:36:00	543	511	547	527
2021-06-30T22:36:30	544	512	546	528
2021-06-30T22:37:00	545	514	550	529
2021-06-30T22:37:30	548	512	551	530
2021-06-30T22:38:00	547	513	552	531
2021-06-30T22:38:30	550	516	553	532
2021-06-30T22:39:00	552	517	554	532
2021-06-30T22:39:30	553	518	555	533
2021-06-30T22:40:00	552	517	554	535
2021-06-30T22:40:30	554	520	558	536
2021-06-30T22:41:00	556	521	559	537
2021-06-30T22:41:30	557	519	559	538
2021-06-30T22:42:00	558	521	562	539
2021-06-30T22:42:30	558	524	562	541
2021-06-30T22:43:00	560	524	562	541
2021-06-30T22:43:30	560	525	563	543
2021-06-30T22:44:00	562	527	566	544
2021-06-30T22:44:30	563	527	566	545
2021-06-30T22:45:00	563	528	567	546
2021-06-30T22:45:30	565	529	566	547
2021-06-30T22:46:00	565	530	569	549
2021-06-30T22:46:30	567	533	572	550
2021-06-30T22:47:00	569	533	571	552
2021-06-30T22:47:30	570	534	573	553
2021-06-30T22:48:00	569	537	575	554
2021-06-30T22:48:30	571	536	575	555
2021-06-30T22:49:00	572	537	576	557
2021-06-30T22:49:30	573	538	577	558
2021-06-30T22:50:00	575	539	578	558
2021-06-30T22:50:30	577	542	581	560
2021-06-30T22:51:00	577	542	579	561
2021-06-30T22:51:30	578	542	581	563
2021-06-30T22:52:00	579	541	581	563
2021-06-30T22:52:30	581	543	582	564
2021-06-30T22:53:00	582	544	584	565
2021-06-30T22:53:30	581	545	584	566
2021-06-30T22:54:00	585	548	587	568
2021-06-30T22:54:30	586	550	589	569
2021-06-30T22:55:00	585	548	589	569
2021-06-30T22:55:30	587	549	588	571
2021-06-30T22:56:00	588	552	592	573
2021-06-30T22:56:30	589	553	593	573
2021-06-30T22:57:00	590	554	593	574
2021-06-30T22:57:30	590	554	594	576
2021-06-30T22:58:00	594	555	597	577
2021-06-30T22:58:30	594	556	595	579
2021-06-30T22:59:00	594	557	598	579
2021-06-30T22:59:30	596	558	597	580
2021-06-30T23:00:00	597	559	600	582
2021-06-30T23:00:30	598	560	603	583
2021-06-30T23:01:00	599	561	602	583
2021-06-30T23:01:30	601	562	602	585
2021-06-30T23:02:00	601	565	604	586
2021-06-30T23:02:30	601	565	604	587
2021-06-30T23:03:00	603	565	606	588
2021-06-30T23:03:30	604	567	607	590
2021-06-30T23:04:00	605	566	609	591
2021-06-30T23:04:30	608	569	610	592
2021-06-30T23:05:00	609	572	612	593
2021-06-30T23:05:30	610	572	614	596
2021-06-30T23:06:00	611	572	614	596
2021-06-30T23:06:30	612	576	615	597
2021-06-30T23:07:00	613	576	617	598
2021-06-30T23:07:30	614	576	617	601
2021-06-30T23:08:00	616	576	618	601
2021-06-30T23:08:30	616	578	618	602
2021-06-30T23:09:00	616	579	619	603
2021-06-30T23:09:30	618	579	621	604
2021-06-30T23:10:00	619	579	621	605
2021-06-30T23:10:30	620	581	623	606
2021-06-30T23:11:00	622	584	624	607
2021-06-30T23:11:30	622	583	625	609
2021-06-30T23:12:00	624	584	628	610
2021-06-30T23:12:30	625	586	627	611
2021-06-30T23:13:00	628	586	628	613
2021-06-30T23:13:30	627	588	630	613
2021-06-30T23:14:00	627	589	630	615
2021-06-30T23:14:30	630	589	632	616
2021-06-30T23:15:00	630	590	634	616
2021-06-30T23:15:30	631	592	636	618
2021-06-30T23:16:00	633	594	634	619
2021-06-30T23:16:30	632	593	636	620
2021-06-30T23:17:00	634	594	635	621
2021-06-30T23:17:30	636	597	638	622
2021-06-30T23:18:00	636	597	640	624
2021-06-30T23:18:30	638	599	642	624
2021-06-30T23:19:00	638	599	642	625
2021-06-30T23:19:30	641	600	642	627
2021-06-30T23:20:00	642	602	643	629
2021-06-30T23:20:30	643	603	646	629
2021-06-30T23:21:00	643	604	646	631
2021-06-30T23:21:30	644	606	647	632
2021-06-30T23:22:00	646	605	646	632
2021-06-30T23:22:30	646	607	648	635
2021-06-30T23:23:00	647	606	651	635
2021-06-30T23:23:30	649	610	653	637
2021-06-30T23:24:00	651	610	652	637
2021-06-30T23:24:30	652	611	655	639
2021-06-30T23:25:00	653	612	654	640
2021-06-30T23:25:30	653	614	656	641
2021-06-30T23:26:00	655	612	655	642
2021-06-30T23:26:30	656	617	660	643
2021-06-30T23:27:00	656	616	660	645
2021-06-30T23:27:30	657	616	663	646
2021-06-30T23:28:00	658	619	662	647
2021-06-30T23:28:30	661	619	663	648
2021-06-30T23:29:00	661	620	663	649
2021-06-30T23:29:30	663	621	665	651
2021-06-30T23:30:00	664	625	667	652
2021-06-30T23:30:30	665	624	665	653
2021-06-30T23:31:00	664	624	667	653
2021-06-30T23:31:30	666	626	669	655
2021-06-30T23:32:00	666	627	669	655
2021-06-30T23:32:30	669	629	672	657
2021-06-30T23:33:00	670	632	673	659
2021-06-30T23:33:30	670	633	674	660
2021-06-30T23:34:00	671	633	675	661
2021-06-30T23:34:30	674	634	677	662
2021-06-30T23:35:00	676	634	678	663
2021-06-30T23:35:30	677	635	677	663
2021-06-30T23:36:00	677	637	680	665
2021-06-30T23:36:30	677	639	682	667
2021-06-30T23:37:00	679	638	681	668
2021-06-30T23:37:30	680	640	682	669
2021-06-30T23:38:00	680	640	684	670
2021-06-30T23:38:30	681	642	685	671
2021-06-30T23:39:00	683	643	686	672
2021-06-30T23:39:30	684	644	687	673
2021-06-30T23:40:00	685	644	687	674
2021-06-30T23:40:30	687	645	688	676
2021-06-30T23:41:00	687	645	691	676
2021-06-30T23:41:30	689	647	693	678
2021-06-30T23:42:00	690	650	693	679
2021-06-30T23:42:30	692	651	693	680
2021-06-30T23:43:00	693	651	695	681
2021-06-30T23:43:30	694	653	697	682
2021-06-30T23:44:00	694	655	697	684
2021-06-30T23:44:30	695	655	698	685
2021-06-30T23:45:00	696	655	700	686
2021-06-30T23:45:30	697	657	700	688
2021-06-30T23:46:00	698	657	701	688
2021-06-30T23:46:30	701	657	703	690
2021-06-30T23:47:00	701	660	705	691
2021-06-30T23:47:30	702	662	705	692
2021-06-30T23:48:00	703	662	706	693
2021-06-30T23:48:30	704	663	706	694
2021-06-30T23:49:00	706	666	710	695
2021-06-30T23:49:30	705	666	707	696
2021-06-30T23:50:00	707	666	710	697
2021-06-30T23:50:30	709	668	710	699
2021-06-30T23:51:00	710	670	712	699
2021-06-30T23:51:30	712	671	715	700
2021-06-30T23:52:00	712	672	716	702
2021-06-30T23:52:30	714	673	716	703
2021-06-30T23:53:00	713	673	715	704
2021-06-30T23:53:30	715	674	716	705
2021-06-30T23:54:00	716	675	718	706
2021-06-30T23:54:30	717	676	720	707
2021-06-30T23:55:00	720	677	721	709
2021-06-30T23:55:30	719	679	721	710
2021-06-30T23:56:00	721	681	724	711
2021-06-30T23:56:30	722	681	725	711
2021-06-30T23:57:00	723	681	726	713
2021-06-30T23:57:30	724	684	724	715
2021-06-30T23:58:00	724	686	730	716
2021-06-30T23:58:30	727	685	729	717
2021-06-30T23:59:00	726	686	731	718
2021-06-30T23:59:30	728	687	731	719
2021-07-01T00:00:00	731	690	734	720
2021-07-01T00:00:30	730	691	735	720
2021-07-01T00:01:00	731	690	733	722
2021-07-01T00:01:30	732	693	735	723
2021-07-01T00:02:00	732	693	738	723
2021-07-01T00:02:30	736	695	737	725
2021-07-01T00:03:00	737	696	740	727
2021-07-01T00:03:30	737	697	739	728
2021-07-01T00:04:00	738	698	741	729
2021-07-01T00:04:30	738	699	741	730
2021-07-01T00:05:00	741	701	744	731
2021-07-01T00:05:30	743	701	744	732
2021-07-01T00:06:00	743	703	746	734
2021-07-01T00:06:30	745	704	748	735
2021-07-01T00:07:00	745	703	749	736
2021-07-01T00:07:30	746	707	749	737
2021-07-01T00:08:00	746	706	750	738
2021-07-01T00:08:30	748	708	751	739
2021-07-01T00:09:00	751	707	751	740
2021-07-01T00:09:30	750	709	755	741
2021-07-01T00:10:00	753	711	755	742
2021-07-01T00:10:30	754	713	757	743
2021-07-01T00:11:00	754	713	757	744
2021-07-01T00:11:30	756	714	758	745
2021-07-01T00:12:00	758	716	759	746
2021-07-01T00:12:30	757	716	761	747
2021-07-01T00:13:00	759	719	761	748
2021-07-01T00:13:30	760	719	764	749
2021-07-01T00:14:00	762	719	763	750
2021-07-01T00:14:30	762	720	764	752
2021-07-01T00:15:00	764	722	765	752
2021-07-01T00:15:30	765	723	765	754
2021-07-01T00:16:00	765	726	767	755
2021-07-01T00:16:30	765	727	769	756
2021-07-01T00:17:00	767	728	771	757
2021-07-01T00:17:30	769	728	771	757
2021-07-01T00:18:00	768	731	772	759
2021-07-01T00:18:30	770	731	774	761
2021-07-01T00:19:00	772	733	775	762
2021-07-01T00:19:30	772	733	776	762
2021-07-01T00:20:00	774	735	777	764
2021-07-01T00:20:30	775	737	776	765
2021-07-01T00:21:00	774	737	779	765
2021-07-01T00:21:30	777	737	780	766
2021-07-01T00:22:00	778	739	780	767
2021-07-01T00:22:30	778	740	782	768
2021-07-01T00:23:00	781	742	784	770
2021-07-01T00:23:30	782	742	785	770
2021-07-01T00:24:00	783	743	784	771
2021-07-01T00:24:30	782	745	787	772
2021-07-01T00:25:00	786	747	788	773
2021-07-01T00:25:30	784	747	790	775
2021-07-01T00:26:00	788	748	790	775
2021-07-01T00:26:30	787	749	791	776
2021-07-01T00:27:00	790	751	793	777
2021-07-01T00:27:30	788	750	792	778
2021-07-01T00:28:00	791	752	795	779
2021-07-01T00:28:30	793	753	795	780
2021-07-01T00:29:00	793	754	796	781
2021-07-01T00:29:30	794	756	798	782
2021-07-01T00:30:00	795	756	799	784
2021-07-01T00:30:30	797	758	800	784
2021-07-01T00:31:00	796	759	801	786
2021-07-01T00:31:30	800	761	802	787
2021-07-01T00:32:00	800	761	803	789
2021-07-01T00:32:30	802	763	805	790
2021-07-01T00:33:00	801	761	803	791
2021-07-01T00:33:30	804	764	806	792
2021-07-01T00:34:00	805	765	807	793
2021-07-01T00:34:30	806	765	808	794
2021-07-01T00:35:00	806	764	801	795
2021-07-01T00:35:30	808	762	796	794
2021-07-01T00:36:00	808	761	793	794
2021-07-01T00:36:30	810	760	791	794
2021-07-01T00:37:00	810	760	790	794
2021-07-01T00:37:30	812	762	795	795
2021-07-01T00:38:00	814	766	800	796
2021-07-01T00:38:30	815	768	806	800
2021-07-01T00:39:00	817	770	808	801
2021-07-01T00:39:30	816	772	810	802
2021-07-01T00:40:00	819	772	812	805
2021-07-01T00:40:30	818	774	812	806
2021-07-01T00:41:00	820	774	816	809
2021-07-01T00:41:30	821	776	817	810
2021-07-01T00:42:00	821	776	819	810
2021-07-01T00:42:30	825	779	820	812
2021-07-01T00:43:00	825	780	823	814
2021-07-01T00:43:30	825	781	823	815
2021-07-01T00:44:00	826	780	823	816
2021-07-01T00:44:30	827	783	826	818
2021-07-01T00:45:00	829	784	826	819
2021-07-01T00:45:30	831	784	827	820
2021-07-01T00:46:00	830	786	829	821
2021-07-01T00:46:30	832	786	829	822
2021-07-01T00:47:00	832	787	831	824
2021-07-01T00:47:30	834	789	832	824
2021-07-01T00:48:00	837	789	833	826
2021-07-01T00:48:30	835	790	833	827
2021-07-01T00:49:00	838	792	835	828
2021-07-01T00:49:30	839	792	836	830
2021-07-01T00:50:00	839	792	837	831
2021-07-01T00:50:30	841	794	839	832
2021-07-01T00:51:00	842	795	840	833
2021-07-01T00:51:30	844	797	841	834
2021-07-01T00:52:00	844	798	842	835
2021-07-01T00:52:30	847	799	843	836
2021-07-01T00:53:00	846	797	836	836
2021-07-01T00:53:30	848	794	831	837
2021-07-01T00:54:00	849	793	828	835
2021-07-01T00:54:30	851	792	827	836
2021-07-01T00:55:00	851	792	827	836
2021-07-01T00:55:30	852	794	830	836
2021-07-01T00:56:00	854	798	837	839
2021-07-01T00:56:30	855	800	840	841
2021-07-01T00:57:00	856	802	843	842
2021-07-01T00:57:30	857	803	844	844
2021-07-01T00:58:00	857	805	847	846
2021-07-01T00:58:30	858	806	849	847
2021-07-01T00:59:00	862	807	850	847
2021-07-01T00:59:30	861	809	852	849
2021-07-01T01:00:00	863	809	854	850
2021-07-01T01:00:30	862	811	856	853
2021-07-01T01:01:00	864	812	857	854
2021-07-01T01:01:30	866	812	857	854
2021-07-01T01:02:00	866	815	858	855
2021-07-01T01:02:30	867	815	860	858
2021-07-01T01:03:00	869	817	862	859
2021-07-01T01:03:30	868	817	862	860
2021-07-01T01:04:00	871	819	863	861
2021-07-01T01:04:30	870	820	865	863
2021-07-01T01:05:00	873	820	865	863
2021-07-01T01:05:30	874	823	867	865
2021-07-01T01:06:00	876	823	868	866
2021-07-01T01:06:30	876	824	870	867
2021-07-01T01:07:00	879	827	869	869
2021-07-01T01:07:30	878	827	872	870
2021-07-01T01:08:00	880	828	873	871
2021-07-01T01:08:30	882	829	875	871
2021-07-01T01:09:00	880	831	875	872
2021-07-01T01:09:30	884	831	876	873
2021-07-01T01:10:00	885	832	877	876
2021-07-01T01:10:30	885	833	878	877
2021-07-01T01:11:00	887	835	880	878
2021-07-01T01:11:30	888	836	875	879
2021-07-01T01:12:00	889	833	871	879
2021-07-01T01:12:30	887	831	867	877
2021-07-01T01:13:00	890	831	866	878
2021-07-01T01:13:30	891	830	865	878
2021-07-01T01:14:00	893	831	866	877
2021-07-01T01:14:30	895	836	873	880
2021-07-01T01:15:00	894	838	877	881
2021-07-01T01:15:30	898	840	880	883
2021-07-01T01:16:00	898	843	883	884
2021-07-01T01:16:30	897	843	884	887
2021-07-01T01:17:00	896	845	886	889
2021-07-01T01:17:30	898	847	887	889
2021-07-01T01:18:00	898	847	889	890
2021-07-01T01:18:30	899	849	891	891
2021-07-01T01:19:00	900	850	893	891
2021-07-01T01:19:30	900	853	893	892
2021-07-01T01:20:00	899	854	895	894
2021-07-01T01:20:30	898	855	896	893
2021-07-01T01:21:00	899	856	897	894
2021-07-01T01:21:30	898	856	898	895
2021-07-01T01:22:00	900	857	899	895
2021-07-01T01:22:30	899	860	900	896
2021-07-01T01:23:00	898	860	901	895
2021-07-01T01:23:30	900	860	901	897
2021-07-01T01:24:00	900	860	900	896
2021-07-01T01:24:30	898	862	902	897
2021-07-01T01:25:00	898	862	901	898
2021-07-01T01:25:30	898	862	900	898
2021-07-01T01:26:00	899	863	903	899
2021-07-01T01:26:30	899	864	903	898
2021-07-01T01:27:00	900	864	902	899
2021-07-01T01:27:30	899	865	902	899
2021-07-01T01:28:00	898	865	900	898
2021-07-01T01:28:30	899	866	901	899
2021-07-01T01:29:00	900	867	902	899
2021-07-01T01:29:30	898	867	901	899
2021-07-01T01:30:00	899	866	900	899
2021-07-01T01:30:30	898	867	901	899
2021-07-01T01:31:00	898	868	902	899
2021-07-01T01:31:30	899	869	902	900
2021-07-01T01:32:00	900	870	903	900
2021-07-01T01:32:30	899	870	902	899
2021-07-01T01:33:00	900	870	903	900
2021-07-01T01:33:30	899	871	902	899
2021-07-01T01:34:00	898	871	901	899
2021-07-01T01:34:30	898	871	901	900
2021-07-01T01:35:00	900	871	901	901
2021-07-01T01:35:30	900	871	901	901
2021-07-01T01:36:00	898	873	903	901
2021-07-01T01:36:30	898	873	900	901
2021-07-01T01:37:00	898	873	902	901
2021-07-01T01:37:30	899	874	904	900
2021-07-01T01:38:00	900	875	904	900
2021-07-01T01:38:30	900	875	903	900
2021-07-01T01:39:00	900	875	903	900
2021-07-01T01:39:30	901	875	903	901
2021-07-01T01:40:00	900	876	901	900
2021-07-01T01:40:30	899	876	901	901
2021-07-01T01:41:00	899	877	903	901
2021-07-01T01:41:30	900	876	903	901
2021-07-01T01:42:00	899	877	902	901
2021-07-01T01:42:30	900	877	901	901
2021-07-01T01:43:00	900	878	902	901
2021-07-01T01:43:30	900	878	900	901
2021-07-01T01:44:00	900	880	903	901
2021-07-01T01:44:30	900	879	903	901
2021-07-01T01:45:00	900	879	901	901
2021-07-01T01:45:30	900	880	903	901
2021-07-01T01:46:00	900	880	902	901
2021-07-01T01:46:30	900	880	902	901
2021-07-01T01:47:00	901	881	903	901
2021-07-01T01:47:30	900	881	903	901
2021-07-01T01:48:00	900	881	903	901
2021-07-01T01:48:30	898	882	901	900
2021-07-01T01:49:00	898	882	902	902
2021-07-01T01:49:30	898	883	903	902
2021-07-01T01:50:00	899	882	901	902
2021-07-01T01:50:30	899	883	902	901
2021-07-01T01:51:00	899	884	903	902
2021-07-01T01:51:30	899	884	902	902
2021-07-01T01:52:00	900	883	901	902
2021-07-01T01:52:30	899	884	903	901
2021-07-01T01:53:00	899	885	903	902
2021-07-01T01:53:30	898	884	902	902
2021-07-01T01:54:00	898	885	902	901
2021-07-01T01:54:30	899	885	902	901
2021-07-01T01:55:00	901	885	903	901
2021-07-01T01:55:30	899	885	901	901
2021-07-01T01:56:00	900	886	903	902
2021-07-01T01:56:30	900	886	903	901
2021-07-01T01:57:00	899	887	903	901
2021-07-01T01:57:30	900	886	903	901
2021-07-01T01:58:00	898	887	902	901
2021-07-01T01:58:30	899	887	903	901
2021-07-01T01:59:00	899	887	902	901
2021-07-01T01:59:30	900	887	903	901
2021-07-01T02:00:00	899	888	902	901
2021-07-01T02:00:30	899	888	901	903
2021-07-01T02:01:00	900	888	902	902
2021-07-01T02:01:30	900	889	903	903
2021-07-01T02:02:00	900	889	902	902
2021-07-01T02:02:30	900	888	903	902
2021-07-01T02:03:00	898	889	902	902
2021-07-01T02:03:30	900	889	901	902
2021-07-01T02:04:00	901	890	903	902
2021-07-01T02:04:30	900	890	903	902
2021-07-01T02:05:00	898	890	902	903
2021-07-01T02:05:30	900	890	902	903
2021-07-01T02:06:00	900	891	903	902
2021-07-01T02:06:30	900	891	903	902
2021-07-01T02:07:00	899	891	903	902
2021-07-01T02:07:30	899	890	902	902
2021-07-01T02:08:00	899	891	901	902
2021-07-01T02:08:30	901	890	901	902
2021-07-01T02:09:00	899	891	903	902
2021-07-01T02:09:30	900	891	902	902
2021-07-01T02:10:00	901	891	902	903
2021-07-01T02:10:30	900	892	903	902
2021-07-01T02:11:00	899	892	902	901
2021-07-01T02:11:30	901	892	902	902
2021-07-01T02:12:00	899	892	903	902
2021-07-01T02:12:30	899	893	903	902
2021-07-01T02:13:00	900	893	903	902
2021-07-01T02:13:30	901	893	902	902
2021-07-01T02:14:00	899	892	902	901
2021-07-01T02:14:30	900	892	902	902
2021-07-01T02:15:00	901	893	902	902
2021-07-01T02:15:30	899	893	902	902
2021-07-01T02:16:00	899	894	901	902
2021-07-01T02:16:30	901	893	902	902
2021-07-01T02:17:00	899	894	901	902
2021-07-01T02:17:30	899	893	902	902
2021-07-01T02:18:00	900	893	903	902
2021-07-01T02:18:30	899	895	903	902
2021-07-01T02:19:00	900	894	902	902
2021-07-01T02:19:30	900	895	903	902
2021-07-01T02:20:00	899	895	904	902
2021-07-01T02:20:30	900	895	903	902
2021-07-01T02:21:00	901	894	902	902
2021-07-01T02:21:30	899	894	902	903
2021-07-01T02:22:00	901	895	902	903
2021-07-01T02:22:30	899	895	902	903
2021-07-01T02:23:00	898	895	903	902
2021-07-01T02:23:30	901	895	903	902
2021-07-01T02:24:00	900	897	904	903
2021-07-01T02:24:30	900	895	902	903
2021-07-01T02:25:00	901	895	902	903
2021-07-01T02:25:30	901	896	903	901
2021-07-01T02:26:00	899	896	902	903
2021-07-01T02:26:30	901	896	903	903
2021-07-01T02:27:00	899	896	903	902
2021-07-01T02:27:30	899	896	902	903
2021-07-01T02:28:00	900	897	901	903
2021-07-01T02:28:30	899	897	902	903
2021-07-01T02:29:00	900	897	903	903
2021-07-01T02:29:30	901	898	904	902
2021-07-01T02:30:00	898	897	901	903
2021-07-01T02:30:30	901	897	902	903
2021-07-01T02:31:00	900	898	904	902
2021-07-01T02:31:30	899	897	902	903
2021-07-01T02:32:00	901	893	903	903
2021-07-01T02:32:30	787	800	871	892
2021-07-01T02:33:00	690	703	736	875
2021-07-01T02:33:30	564	608	669	806
2021-07-01T02:34:00	517	520	611	734
2021-07-01T02:34:30	474	473	575	675
2021-07-01T02:35:00	438	442	550	642
2021-07-01T02:35:30	414	421	527	603
