time	T1	T2	T3	T4
2021-07-28T09:59:26	34	34	37	31
2021-07-28T09:59:56	34	34	37	31
2021-07-28T10:00:26	34	34	36	31
2021-07-28T10:00:56	36	36	40	31
2021-07-28T10:01:26	38	38	42	32
2021-07-28T10:01:56	39	39	42	32
2021-07-28T10:02:26	41	40	43	33
2021-07-28T10:02:56	42	40	44	33
2021-07-28T10:03:26	42	41	45	34
2021-07-28T10:03:56	43	42	45	35
2021-07-28T10:04:26	44	42	46	35
2021-07-28T10:04:56	46	43	47	36
2021-07-28T10:05:26	48	44	48	37
2021-07-28T10:05:56	49	45	49	38
2021-07-28T10:06:26	50	46	50	38
2021-07-28T10:06:56	51	47	50	39
2021-07-28T10:07:26	53	48	51	40
2021-07-28T10:07:56	54	49	53	41
2021-07-28T10:08:26	55	50	54	42
2021-07-28T10:08:56	56	51	55	42
2021-07-28T10:09:26	57	52	55	43
2021-07-28T10:09:56	58	52	56	44
2021-07-28T10:10:26	59	54	57	45
2021-07-28T10:10:56	59	55	58	46
2021-07-28T10:11:26	61	56	59	47
2021-07-28T10:11:56	61	56	60	47
2021-07-28T10:12:26	62	58	61	48
2021-07-28T10:12:56	64	59	62	49
2021-07-28T10:13:26	65	61	64	50
2021-07-28T10:13:56	66	61	65	51
2021-07-28T10:14:26	66	62	66	53
2021-07-28T10:14:56	67	62	66	52
2021-07-28T10:15:26	67	64	67	54
2021-07-28T10:15:56	69	65	68	53
2021-07-28T10:16:26	70	66	69	56
2021-07-28T10:16:56	72	66	70	57
2021-07-28T10:17:26	78	68	71	58
2021-07-28T10:17:56	80	70	74	59
2021-07-28T10:18:26	85	71	76	60
2021-07-28T10:18:56	89	73	79	62
2021-07-28T10:19:26	92	75	81	64
2021-07-28T10:19:56	94	76	83	65
2021-07-28T10:20:26	98	77	84	67
2021-07-28T10:20:56	100	79	86	69
2021-07-28T10:21:26	102	80	88	70
2021-07-28T10:21:56	104	81	90	72
2021-07-28T10:22:26	106	83	92	74
2021-07-28T10:22:56	109	84	92	75
2021-07-28T10:23:26	111	85	94	77
2021-07-28T10:23:56	112	87	96	79
2021-07-28T10:24:26	114	88	97	80
2021-07-28T10:24:56	116	89	98	82
2021-07-28T10:25:26	118	91	101	83
2021-07-28T10:25:56	119	92	103	85
2021-07-28T10:26:26	121	93	103	86
2021-07-28T10:26:56	121	94	107	87
2021-07-28T10:27:26	123	96	107	89
2021-07-28T10:27:56	126	97	108	90
2021-07-28T10:28:26	127	98	110	91
2021-07-28T10:28:56	128	99	110	92
2021-07-28T10:29:26	130	100	111	93
2021-07-28T10:29:56	132	101	114	95
2021-07-28T10:30:26	132	102	115	96
2021-07-28T10:30:56	133	103	115	97
2021-07-28T10:31:26	135	104	116	98
2021-07-28T10:31:56	136	106	117	100
2021-07-28T10:32:26	136	106	118	101
2021-07-28T10:32:56	137	107	119	102
2021-07-28T10:33:26	138	108	121	103
2021-07-28T10:33:56	139	109	122	105
2021-07-28T10:34:26	141	110	123	105
2021-07-28T10:34:56	142	111	124	107
2021-07-28T10:35:26	144	112	125	108
2021-07-28T10:35:56	144	113	126	109
2021-07-28T10:36:26	146	114	126	110
2021-07-28T10:36:56	147	115	129	112
2021-07-28T10:37:26	148	116	129	112
2021-07-28T10:37:56	148	116	130	113
2021-07-28T10:38:26	150	117	133	116
2021-07-28T10:38:56	150	118	133	117
2021-07-28T10:39:26	151	119	134	117
2021-07-28T10:39:56	151	120	134	119
2021-07-28T10:40:26	152	121	134	120
2021-07-28T10:40:56	154	121	135	120
2021-07-28T10:41:26	156	122	137	122
2021-07-28T10:41:56	156	123	137	122
2021-07-28T10:42:26	156	124	138	123
2021-07-28T10:42:56	157	125	139	124
2021-07-28T10:43:26	157	125	140	125
2021-07-28T10:43:56	159	126	140	127
2021-07-28T10:44:26	160	127	140	127
2021-07-28T10:44:56	161	127	142	129
2021-07-28T10:45:26	162	128	142	129
2021-07-28T10:45:56	163	129	144	130
2021-07-28T10:46:26	163	130	144	131
2021-07-28T10:46:56	164	131	145	132
2021-07-28T10:47:26	164	132	146	133
2021-07-28T10:47:56	166	132	145	133
2021-07-28T10:48:26	168	132	147	135
2021-07-28T10:48:56	168	133	148	136
2021-07-28T10:49:26	169	134	149	136
2021-07-28T10:49:56	168	135	150	137
2021-07-28T10:50:26	170	136	150	138
2021-07-28T10:50:56	171	136	151	139
2021-07-28T10:51:26	171	137	151	140
2021-07-28T10:51:56	171	138	154	140
2021-07-28T10:52:26	172	138	153	141
2021-07-28T10:52:56	173	139	154	142
2021-07-28T10:53:26	174	140	155	143
2021-07-28T10:53:56	175	140	155	143
2021-07-28T10:54:26	175	141	155	144
2021-07-28T10:54:56	175	142	156	145
2021-07-28T10:55:26	176	142	157	146
2021-07-28T10:55:56	177	143	159	147
2021-07-28T10:56:26	177	144	158	147
2021-07-28T10:56:56	178	144	158	148
2021-07-28T10:57:26	179	145	158	149
2021-07-28T10:57:56	180	147	160	150
2021-07-28T10:58:26	183	148	162	150
2021-07-28T10:58:56	183	149	163	151
2021-07-28T10:59:26	184	150	165	152
2021-07-28T10:59:56	184	151	165	153
2021-07-28T11:00:26	186	152	165	154
2021-07-28T11:00:56	187	153	166	154
2021-07-28T11:01:26	187	154	168	155
2021-07-28T11:01:56	188	155	168	156
2021-07-28T11:02:26	189	155	169	157
2021-07-28T11:02:56	189	156	170	158
2021-07-28T11:03:26	192	157	171	159
2021-07-28T11:03:56	193	159	172	159
2021-07-28T11:04:26	194	160	172	160
2021-07-28T11:04:56	192	160	173	161
2021-07-28T11:05:26	193	161	174	162
2021-07-28T11:05:56	195	163	175	163
2021-07-28T11:06:26	196	164	177	164
2021-07-28T11:06:56	197	164	177	164
2021-07-28T11:07:26	197	165	178	165
2021-07-28T11:07:56	199	166	179	166
2021-07-28T11:08:26	200	168	180	167
2021-07-28T11:08:56	200	168	181	168
2021-07-28T11:09:26	200	169	182	169
2021-07-28T11:09:56	201	170	182	169
2021-07-28T11:10:26	202	172	184	170
2021-07-28T11:10:56	202	173	184	171
2021-07-28T11:11:26	203	173	184	173
2021-07-28T11:11:56	205	174	186	174
2021-07-28T11:12:26	205	176	187	174
2021-07-28T11:12:56	206	176	186	175
2021-07-28T11:13:26	206	176	188	176
2021-07-28T11:13:56	207	177	189	176
2021-07-28T11:14:26	209	179	189	178
2021-07-28T11:14:56	211	181	191	178
2021-07-28T11:15:26	211	181	191	179
2021-07-28T11:15:56	211	182	192	181
2021-07-28T11:16:26	211	182	193	182
2021-07-28T11:16:56	212	183	193	183
2021-07-28T11:17:26	214	185	194	184
2021-07-28T11:17:56	215	186	195	187
2021-07-28T11:18:26	216	187	196	187
2021-07-28T11:18:56	216	187	197	188
2021-07-28T11:19:26	217	188	199	189
2021-07-28T11:19:56	218	190	200	191
2021-07-28T11:20:26	219	191	200	192
2021-07-28T11:20:56	220	192	202	193
2021-07-28T11:21:26	221	192	202	194
2021-07-28T11:21:56	221	193	203	194
2021-07-28T11:22:26	222	194	203	195
2021-07-28T11:22:56	223	196	205	195
2021-07-28T11:23:26	223	196	207	197
2021-07-28T11:23:56	224	198	207	198
2021-07-28T11:24:26	224	199	208	198
2021-07-28T11:24:56	226	199	208	199
2021-07-28T11:25:26	226	200	209	200
2021-07-28T11:25:56	227	201	210	201
2021-07-28T11:26:26	229	203	211	201
2021-07-28T11:26:56	229	203	211	202
2021-07-28T11:27:26	230	204	212	203
2021-07-28T11:27:56	231	205	213	204
2021-07-28T11:28:26	232	206	214	205
2021-07-28T11:28:56	232	208	215	206
2021-07-28T11:29:26	233	208	215	207
2021-07-28T11:29:56	235	210	216	207
2021-07-28T11:30:26	235	209	216	209
2021-07-28T11:30:56	236	210	217	209
2021-07-28T11:31:26	237	211	218	210
2021-07-28T11:31:56	236	212	220	211
2021-07-28T11:32:26	237	214	221	211
2021-07-28T11:32:56	239	215	222	212
2021-07-28T11:33:26	239	216	223	213
2021-07-28T11:33:56	240	216	223	214
2021-07-28T11:34:26	243	217	224	215
2021-07-28T11:34:56	241	218	225	216
2021-07-28T11:35:26	242	219	225	216
2021-07-28T11:35:56	243	221	226	217
2021-07-28T11:36:26	244	222	227	218
2021-07-28T11:36:56	245	223	228	219
2021-07-28T11:37:26	245	224	229	220
2021-07-28T11:37:56	246	225	229	221
2021-07-28T11:38:26	246	225	230	221
2021-07-28T11:38:56	247	227	231	222
2021-07-28T11:39:26	248	228	232	223
2021-07-28T11:39:56	249	228	233	224
2021-07-28T11:40:26	250	229	233	225
2021-07-28T11:40:56	252	229	234	225
2021-07-28T11:41:26	252	231	235	226
2021-07-28T11:41:56	253	232	236	227
2021-07-28T11:42:26	255	233	237	228
2021-07-28T11:42:56	255	233	238	229
2021-07-28T11:43:26	256	235	240	229
2021-07-28T11:43:56	256	236	240	230
2021-07-28T11:44:26	257	238	241	231
2021-07-28T11:44:56	257	238	242	232
2021-07-28T11:45:26	257	240	242	233
2021-07-28T11:45:56	260	243	247	234
2021-07-28T11:46:26	262	244	247	234
2021-07-28T11:46:56	261	242	247	235
2021-07-28T11:47:26	262	242	247	236
2021-07-28T11:47:56	261	244	248	237
2021-07-28T11:48:26	262	244	249	238
2021-07-28T11:48:56	264	246	251	239
2021-07-28T11:49:26	265	249	254	240
2021-07-28T11:49:56	266	249	254	241
2021-07-28T11:50:26	266	249	252	241
2021-07-28T11:50:56	267	250	255	242
2021-07-28T11:51:26	268	252	256	243
2021-07-28T11:51:56	269	251	256	244
2021-07-28T11:52:26	269	251	257	244
2021-07-28T11:52:56	271	254	259	245
2021-07-28T11:53:26	271	255	261	246
2021-07-28T11:53:56	271	256	261	247
2021-07-28T11:54:26	272	256	261	248
2021-07-28T11:54:56	273	257	261	249
2021-07-28T11:55:26	274	258	263	249
2021-07-28T11:55:56	275	261	265	250
2021-07-28T11:56:26	276	261	266	251
2021-07-28T11:56:56	276	260	265	252
2021-07-28T11:57:26	277	262	267	253
2021-07-28T11:57:56	278	263	269	254
2021-07-28T11:58:26	278	264	270	255
2021-07-28T11:58:56	279	265	270	255
2021-07-28T11:59:26	279	266	270	256
2021-07-28T11:59:56	280	268	274	257
2021-07-28T12:00:26	282	269	274	258
2021-07-28T12:00:56	283	268	274	259
2021-07-28T12:01:26	283	269	275	260
2021-07-28T12:01:56	283	272	278	261
2021-07-28T12:02:26	285	272	278	262
2021-07-28T12:02:56	285	272	278	262
2021-07-28T12:03:26	286	272	278	263
2021-07-28T12:03:56	286	273	279	264
2021-07-28T12:04:26	289	277	281	265
2021-07-28T12:04:56	290	277	282	265
2021-07-28T12:05:26	289	277	281	266
2021-07-28T12:05:56	291	280	285	267
2021-07-28T12:06:26	292	281	286	268
2021-07-28T12:06:56	292	280	285	269
2021-07-28T12:07:26	295	282	288	271
2021-07-28T12:07:56	294	284	288	272
2021-07-28T12:08:26	294	283	288	272
2021-07-28T12:08:56	295	283	288	273
2021-07-28T12:09:26	296	285	292	274
2021-07-28T12:09:56	298	286	291	275
2021-07-28T12:10:26	298	287	291	276
2021-07-28T12:10:56	300	290	295	277
2021-07-28T12:11:26	299	290	295	278
2021-07-28T12:11:56	300	290	295	279
2021-07-28T12:12:26	300	289	295	281
2021-07-28T12:12:56	303	293	299	281
2021-07-28T12:13:26	303	295	299	282
2021-07-28T12:13:56	304	294	298	283
2021-07-28T12:14:26	305	297	301	283
2021-07-28T12:14:56	305	296	302	284
2021-07-28T12:15:26	305	296	301	285
2021-07-28T12:15:56	307	298	304	286
2021-07-28T12:16:26	308	300	306	287
2021-07-28T12:16:56	309	301	307	289
2021-07-28T12:17:26	309	301	305	289
2021-07-28T12:17:56	310	303	307	290
2021-07-28T12:18:26	310	304	310	290
2021-07-28T12:18:56	311	304	309	292
2021-07-28T12:19:26	312	304	311	293
2021-07-28T12:19:56	312	305	312	294
2021-07-28T12:20:26	314	305	311	294
2021-07-28T12:20:56	314	307	311	295
2021-07-28T12:21:26	316	310	315	295
2021-07-28T12:21:56	316	310	315	297
2021-07-28T12:22:26	315	310	315	297
2021-07-28T12:22:56	317	311	317	299
2021-07-28T12:23:26	318	314	319	300
2021-07-28T12:23:56	319	314	318	300
2021-07-28T12:24:26	320	315	319	301
2021-07-28T12:24:56	320	317	322	302
2021-07-28T12:25:26	321	317	322	303
2021-07-28T12:25:56	322	317	321	304
2021-07-28T12:26:26	324	320	325	305
2021-07-28T12:26:56	323	319	325	306
2021-07-28T12:27:26	324	320	324	307
2021-07-28T12:27:56	326	322	328	307
2021-07-28T12:28:26	327	323	327	308
2021-07-28T12:28:56	326	323	327	309
2021-07-28T12:29:26	328	325	331	309
2021-07-28T12:29:56	329	326	330	311
2021-07-28T12:30:26	329	325	331	311
2021-07-28T12:30:56	330	328	332	312
2021-07-28T12:31:26	330	327	332	313
2021-07-28T12:31:56	334	330	336	315
2021-07-28T12:32:26	333	331	335	316
2021-07-28T12:32:56	335	333	337	316
2021-07-28T12:33:26	336	332	337	317
2021-07-28T12:33:56	335	332	338	318
2021-07-28T12:34:26	337	334	340	319
2021-07-28T12:34:56	336	334	339	320
2021-07-28T12:35:26	338	337	343	321
2021-07-28T12:35:56	340	337	342	322
2021-07-28T12:36:26	341	338	342	323
2021-07-28T12:36:56	343	339	343	324
2021-07-28T12:37:26	343	340	345	325
2021-07-28T12:37:56	343	342	347	326
2021-07-28T12:38:26	344	340	346	327
2021-07-28T12:38:56	344	342	350	328
2021-07-28T12:39:26	347	344	350	329
2021-07-28T12:39:56	347	343	348	330
2021-07-28T12:40:26	347	345	351	331
2021-07-28T12:40:56	349	346	352	331
2021-07-28T12:41:26	352	348	353	332
2021-07-28T12:41:56	353	350	355	333
2021-07-28T12:42:26	354	350	355	334
2021-07-28T12:42:56	353	350	354	335
2021-07-28T12:43:26	355	352	358	336
2021-07-28T12:43:56	356	352	357	337
2021-07-28T12:44:26	355	355	360	337
2021-07-28T12:44:56	358	355	360	338
2021-07-28T12:45:26	359	356	362	339
2021-07-28T12:45:56	359	355	361	340
2021-07-28T12:46:26	360	357	362	341
2021-07-28T12:46:56	360	357	364	342
2021-07-28T12:47:26	363	359	365	343
2021-07-28T12:47:56	363	359	364	344
2021-07-28T12:48:26	365	361	367	344
2021-07-28T12:48:56	365	361	366	345
2021-07-28T12:49:26	366	363	369	347
2021-07-28T12:49:56	367	362	369	348
2021-07-28T12:50:26	369	364	371	348
2021-07-28T12:50:56	370	364	370	349
2021-07-28T12:51:26	370	366	373	350
2021-07-28T12:51:56	369	366	372	351
2021-07-28T12:52:26	374	369	376	352
2021-07-28T12:52:56	376	368	374	353
2021-07-28T12:53:26	375	371	377	354
2021-07-28T12:53:56	375	370	377	355
2021-07-28T12:54:26	376	372	380	355
2021-07-28T12:54:56	376	373	378	357
2021-07-28T12:55:26	378	374	381	358
2021-07-28T12:55:56	380	373	380	358
2021-07-28T12:56:26	380	376	383	359
2021-07-28T12:56:56	380	376	383	360
2021-07-28T12:57:26	380	378	385	361
2021-07-28T12:57:56	384	378	386	362
2021-07-28T12:58:26	383	379	386	363
2021-07-28T12:58:56	384	380	387	364
2021-07-28T12:59:26	385	382	389	366
2021-07-28T12:59:56	386	381	387	366
2021-07-28T13:00:26	388	383	390	367
2021-07-28T13:00:56	388	382	389	368
2021-07-28T13:01:26	387	386	393	369
2021-07-28T13:01:56	392	386	393	370
2021-07-28T13:02:26	393	387	395	370
2021-07-28T13:02:56	394	388	394	372
2021-07-28T13:03:26	392	389	398	372
2021-07-28T13:03:56	396	390	397	373
2021-07-28T13:04:26	396	390	397	374
2021-07-28T13:04:56	396	392	400	375
2021-07-28T13:05:26	397	393	400	376
2021-07-28T13:05:56	399	395	401	377
2021-07-28T13:06:26	401	395	401	379
2021-07-28T13:06:56	399	396	403	379
2021-07-28T13:07:26	400	396	403	380
2021-07-28T13:07:56	405	398	405	381
2021-07-28T13:08:26	404	399	404	382
2021-07-28T13:08:56	404	400	407	384
2021-07-28T13:09:26	405	399	407	385
2021-07-28T13:09:56	409	402	408	385
2021-07-28T13:10:26	407	403	408	387
2021-07-28T13:10:56	407	405	411	387
2021-07-28T13:11:26	407	403	410	388
2021-07-28T13:11:56	412	406	413	388
2021-07-28T13:12:26	412	405	412	390
2021-07-28T13:12:56	412	407	415	392
2021-07-28T13:13:26	412	407	414	392
2021-07-28T13:13:56	415	409	417	393
2021-07-28T13:14:26	415	409	416	394
2021-07-28T13:14:56	415	411	419	395
2021-07-28T13:15:26	416	412	418	395
2021-07-28T13:15:56	418	412	419	397
2021-07-28T13:16:26	419	414	422	398
2021-07-28T13:16:56	418	414	421	399
2021-07-28T13:17:26	422	416	423	400
2021-07-28T13:17:56	421	415	423	400
2021-07-28T13:18:26	422	418	425	402
2021-07-28T13:18:56	424	417	425	403
2021-07-28T13:19:26	424	419	427	404
2021-07-28T13:19:56	425	420	428	405
2021-07-28T13:20:26	426	421	429	406
2021-07-28T13:20:56	428	422	429	406
2021-07-28T13:21:26	428	424	432	408
2021-07-28T13:21:56	430	423	431	408
2021-07-28T13:22:26	431	425	433	409
2021-07-28T13:22:56	431	426	434	410
2021-07-28T13:23:26	433	428	436	411
2021-07-28T13:23:56	433	428	436	412
2021-07-28T13:24:26	435	429	437	413
2021-07-28T13:24:56	435	429	436	415
2021-07-28T13:25:26	437	431	438	417
2021-07-28T13:25:56	437	432	440	417
2021-07-28T13:26:26	437	432	440	419
2021-07-28T13:26:56	439	434	442	420
2021-07-28T13:27:26	439	436	444	420
2021-07-28T13:27:56	442	434	444	421
2021-07-28T13:28:26	444	436	445	423
2021-07-28T13:28:56	443	437	446	424
2021-07-28T13:29:26	445	439	446	424
2021-07-28T13:29:56	445	439	447	425
2021-07-28T13:30:26	445	441	449	426
2021-07-28T13:30:56	448	441	450	427
2021-07-28T13:31:26	448	442	450	428
2021-07-28T13:31:56	448	442	451	429
2021-07-28T13:32:26	450	443	453	429
2021-07-28T13:32:56	449	445	453	430
2021-07-28T13:33:26	452	444	454	432
2021-07-28T13:33:56	452	447	457	432
2021-07-28T13:34:26	453	447	456	433
2021-07-28T13:34:56	455	448	456	434
2021-07-28T13:35:26	455	450	458	435
2021-07-28T13:35:56	457	451	459	436
2021-07-28T13:36:26	458	452	460	437
2021-07-28T13:36:56	457	453	461	438
2021-07-28T13:37:26	460	454	463	439
2021-07-28T13:37:56	459	453	461	440
2021-07-28T13:38:26	462	457	465	441
2021-07-28T13:38:56	462	455	464	442
2021-07-28T13:39:26	464	458	466	443
2021-07-28T13:39:56	463	459	467	444
2021-07-28T13:40:26	465	459	467	445
2021-07-28T13:40:56	466	461	469	446
2021-07-28T13:41:26	468	462	471	447
2021-07-28T13:41:56	467	461	470	448
2021-07-28T13:42:26	471	464	473	449
2021-07-28T13:42:56	470	463	471	449
2021-07-28T13:43:26	472	466	475	451
2021-07-28T13:43:56	471	465	474	452
2021-07-28T13:44:26	473	466	474	453
2021-07-28T13:44:56	473	468	478	453
2021-07-28T13:45:26	474	468	477	455
2021-07-28T13:45:56	478	470	479	456
2021-07-28T13:46:26	475	470	481	457
2021-07-28T13:46:56	480	471	480	458
2021-07-28T13:47:26	479	472	482	459
2021-07-28T13:47:56	478	472	482	460
2021-07-28T13:48:26	482	473	483	461
2021-07-28T13:48:56	483	476	486	462
2021-07-28T13:49:26	483	475	485	463
2021-07-28T13:49:56	485	476	486	464
2021-07-28T13:50:26	485	476	487	465
2021-07-28T13:50:56	484	478	487	466
2021-07-28T13:51:26	487	480	489	467
2021-07-28T13:51:56	488	481	491	467
2021-07-28T13:52:26	488	481	491	468
2021-07-28T13:52:56	490	483	493	471
2021-07-28T13:53:26	491	483	494	470
2021-07-28T13:53:56	491	484	493	471
2021-07-28T13:54:26	491	485	495	472
2021-07-28T13:54:56	495	485	497	474
2021-07-28T13:55:26	495	486	497	475
2021-07-28T13:55:56	495	486	497	476
2021-07-28T13:56:26	496	488	500	477
2021-07-28T13:56:56	497	489	499	477
2021-07-28T13:57:26	497	490	501	479
2021-07-28T13:57:56	500	490	502	480
2021-07-28T13:58:26	499	492	503	481
2021-07-28T13:58:56	501	492	502	481
2021-07-28T13:59:26	501	494	506	482
2021-07-28T13:59:56	503	493	505	484
2021-07-28T14:00:26	503	495	507	484
2021-07-28T14:00:56	507	496	507	486
2021-07-28T14:01:26	506	497	508	486
2021-07-28T14:01:56	509	500	511	488
2021-07-28T14:02:26	507	501	510	488
2021-07-28T14:02:56	510	500	510	490
2021-07-28T14:03:26	510	501	513	490
2021-07-28T14:03:56	511	503	515	490
2021-07-28T14:04:26	514	502	515	492
2021-07-28T14:04:56	514	505	516	493
2021-07-28T14:05:26	513	505	518	495
2021-07-28T14:05:56	517	504	517	495
2021-07-28T14:06:26	516	506	519	495
2021-07-28T14:06:56	516	506	519	497
2021-07-28T14:07:26	517	509	521	498
2021-07-28T14:07:56	519	510	521	498
2021-07-28T14:08:26	521	510	522	501
2021-07-28T14:08:56	521	511	522	501
2021-07-28T14:09:26	523	513	525	502
2021-07-28T14:09:56	522	514	527	502
2021-07-28T14:10:26	525	513	527	505
2021-07-28T14:10:56	524	513	527	506
2021-07-28T14:11:26	526	515	527	507
2021-07-28T14:11:56	527	518	529	508
2021-07-28T14:12:26	528	519	531	509
2021-07-28T14:12:56	528	519	532	510
2021-07-28T14:13:26	529	521	533	511
2021-07-28T14:13:56	533	521	534	512
2021-07-28T14:14:26	531	521	533	513
2021-07-28T14:14:56	533	522	535	513
2021-07-28T14:15:26	532	523	536	514
2021-07-28T14:15:56	534	524	537	515
2021-07-28T14:16:26	536	526	539	517
2021-07-28T14:16:56	535	525	538	518
2021-07-28T14:17:26	538	527	539	519
2021-07-28T14:17:56	538	528	541	519
2021-07-28T14:18:26	540	529	543	520
2021-07-28T14:18:56	539	530	543	522
2021-07-28T14:19:26	541	531	543	523
2021-07-28T14:19:56	541	532	544	524
2021-07-28T14:20:26	544	533	546	525
2021-07-28T14:20:56	543	534	548	525
2021-07-28T14:21:26	545	534	547	527
2021-07-28T14:21:56	547	535	548	528
2021-07-28T14:22:26	548	537	550	528
2021-07-28T14:22:56	548	538	551	530
2021-07-28T14:23:26	549	537	551	531
2021-07-28T14:23:56	550	539	553	532
2021-07-28T14:24:26	551	541	554	533
2021-07-28T14:24:56	553	541	554	533
2021-07-28T14:25:26	551	542	556	534
2021-07-28T14:25:56	555	543	557	536
2021-07-28T14:26:26	555	544	559	536
2021-07-28T14:26:56	557	544	557	537
2021-07-28T14:27:26	557	546	559	539
2021-07-28T14:27:56	556	546	560	540
2021-07-28T14:28:26	560	548	562	541
2021-07-28T14:28:56	558	548	563	542
2021-07-28T14:29:26	562	550	564	543
2021-07-28T14:29:56	562	549	565	544
2021-07-28T14:30:26	563	551	566	545
2021-07-28T14:30:56	564	553	567	546
2021-07-28T14:31:26	566	553	568	547
2021-07-28T14:31:56	566	553	568	548
2021-07-28T14:32:26	565	555	570	548
2021-07-28T14:32:56	569	557	571	550
2021-07-28T14:33:26	569	559	572	550
2021-07-28T14:33:56	569	558	572	551
2021-07-28T14:34:26	570	559	573	553
2021-07-28T14:34:56	572	559	575	554
2021-07-28T14:35:26	572	561	576	555
2021-07-28T14:35:56	573	560	575	556
2021-07-28T14:36:26	575	562	577	557
2021-07-28T14:36:56	574	565	579	558
2021-07-28T14:37:26	579	564	580	559
2021-07-28T14:37:56	577	567	580	560
2021-07-28T14:38:26	579	566	580	561
2021-07-28T14:38:56	578	567	581	563
2021-07-28T14:39:26	580	567	583	564
2021-07-28T14:39:56	580	570	584	564
2021-07-28T14:40:26	582	571	585	565
2021-07-28T14:40:56	583	572	586	566
2021-07-28T14:41:26	584	572	587	567
2021-07-28T14:41:56	584	573	587	568
2021-07-28T14:42:26	586	575	588	569
2021-07-28T14:42:56	587	573	589	570
2021-07-28T14:43:26	588	576	591	571
2021-07-28T14:43:56	592	576	591	572
2021-07-28T14:44:26	590	578	593	572
2021-07-28T14:44:56	590	578	594	574
2021-07-28T14:45:26	592	579	593	575
2021-07-28T14:45:56	593	580	595	576
2021-07-28T14:46:26	594	583	597	577
2021-07-28T14:46:56	595	582	597	577
2021-07-28T14:47:26	596	583	598	579
2021-07-28T14:47:56	597	584	599	580
2021-07-28T14:48:26	598	587	602	580
2021-07-28T14:48:56	599	587	602	583
2021-07-28T14:49:26	599	589	603	583
2021-07-28T14:49:56	602	589	603	584
2021-07-28T14:50:26	603	591	604	584
2021-07-28T14:50:56	602	592	605	586
2021-07-28T14:51:26	604	594	606	587
2021-07-28T14:51:56	606	594	607	588
2021-07-28T14:52:26	606	595	609	590
2021-07-28T14:52:56	606	596	609	590
2021-07-28T14:53:26	609	597	610	591
2021-07-28T14:53:56	608	599	612	592
2021-07-28T14:54:26	608	597	612	593
2021-07-28T14:54:56	611	598	613	594
2021-07-28T14:55:26	612	599	613	596
2021-07-28T14:55:56	613	603	615	595
2021-07-28T14:56:26	615	602	616	597
2021-07-28T14:56:56	613	602	618	598
2021-07-28T14:57:26	616	604	619	599
2021-07-28T14:57:56	618	606	620	599
2021-07-28T14:58:26	618	606	620	602
2021-07-28T14:58:56	618	607	622	603
2021-07-28T14:59:26	619	607	623	603
2021-07-28T14:59:56	620	608	623	605
2021-07-28T15:00:26	620	609	624	606
2021-07-28T15:00:56	622	611	625	606
2021-07-28T15:01:26	623	611	625	608
2021-07-28T15:01:56	626	611	627	608
2021-07-28T15:02:26	625	613	628	610
2021-07-28T15:02:56	626	615	628	610
2021-07-28T15:03:26	626	617	629	612
2021-07-28T15:03:56	628	618	630	612
2021-07-28T15:04:26	629	616	631	614
2021-07-28T15:04:56	630	619	633	615
2021-07-28T15:05:26	633	619	632	616
2021-07-28T15:05:56	631	621	634	617
2021-07-28T15:06:26	633	622	636	618
2021-07-28T15:06:56	634	622	636	619
2021-07-28T15:07:26	635	622	637	619
2021-07-28T15:07:56	636	623	638	621
2021-07-28T15:08:26	636	625	639	622
2021-07-28T15:08:56	638	625	640	623
2021-07-28T15:09:26	639	627	641	623
2021-07-28T15:09:56	641	628	642	624
2021-07-28T15:10:26	641	630	643	625
2021-07-28T15:10:56	642	631	645	627
2021-07-28T15:11:26	643	632	644	628
2021-07-28T15:11:56	644	633	646	629
2021-07-28T15:12:26	645	634	648	630
2021-07-28T15:12:56	646	635	648	631
2021-07-28T15:13:26	648	635	649	632
2021-07-28T15:13:56	648	637	651	632
2021-07-28T15:14:26	650	638	652	633
2021-07-28T15:14:56	650	638	652	635
2021-07-28T15:15:26	651	639	654	636
2021-07-28T15:15:56	653	640	654	636
2021-07-28T15:16:26	653	641	654	637
2021-07-28T15:16:56	652	643	657	639
2021-07-28T15:17:26	654	644	658	639
2021-07-28T15:17:56	656	645	658	640
2021-07-28T15:18:26	657	645	660	642
2021-07-28T15:18:56	658	647	661	642
2021-07-28T15:19:26	660	647	661	644
2021-07-28T15:19:56	660	649	663	645
2021-07-28T15:20:26	661	651	664	646
2021-07-28T15:20:56	661	651	663	646
2021-07-28T15:21:26	662	651	666	648
2021-07-28T15:21:56	664	654	667	649
2021-07-28T15:22:26	665	655	667	650
2021-07-28T15:22:56	664	653	667	651
2021-07-28T15:23:26	666	657	670	652
2021-07-28T15:23:56	668	657	671	652
2021-07-28T15:24:26	669	657	670	653
2021-07-28T15:24:56	669	659	672	654
2021-07-28T15:25:26	670	659	673	655
2021-07-28T15:25:56	670	661	673	657
2021-07-28T15:26:26	671	661	674	658
2021-07-28T15:26:56	672	663	676	659
2021-07-28T15:27:26	674	663	677	660
2021-07-28T15:27:56	676	664	677	661
2021-07-28T15:28:26	675	664	678	662
2021-07-28T15:28:56	676	666	679	663
2021-07-28T15:29:26	678	668	681	664
2021-07-28T15:29:56	678	669	682	665
2021-07-28T15:30:26	680	669	682	666
2021-07-28T15:30:56	680	671	683	667
2021-07-28T15:31:26	681	672	684	668
2021-07-28T15:31:56	684	672	685	669
2021-07-28T15:32:26	685	673	687	670
2021-07-28T15:32:56	686	675	687	671
2021-07-28T15:33:26	683	675	687	672
2021-07-28T15:33:56	688	676	688	673
2021-07-28T15:34:26	688	677	691	673
2021-07-28T15:34:56	690	678	691	674
2021-07-28T15:35:26	690	680	692	676
2021-07-28T15:35:56	690	681	694	675
2021-07-28T15:36:26	691	681	695	677
2021-07-28T15:36:56	693	682	696	678
2021-07-28T15:37:26	694	683	696	679
2021-07-28T15:37:57	695	686	697	679
2021-07-28T15:38:27	696	685	698	681
2021-07-28T15:38:57	697	686	699	683
2021-07-28T15:39:27	698	687	700	683
2021-07-28T15:39:57	699	690	702	684
2021-07-28T15:40:27	699	691	702	686
2021-07-28T15:40:57	700	691	704	686
2021-07-28T15:41:27	702	691	704	687
2021-07-28T15:41:57	702	693	706	688
2021-07-28T15:42:27	704	693	707	689
2021-07-28T15:42:57	705	695	708	690
2021-07-28T15:43:27	706	694	708	690
2021-07-28T15:43:57	706	696	709	692
2021-07-28T15:44:27	707	699	711	693
2021-07-28T15:44:57	709	698	710	694
2021-07-28T15:45:27	708	698	711	695
2021-07-28T15:45:57	710	700	713	695
2021-07-28T15:46:27	712	700	715	696
2021-07-28T15:46:57	713	701	715	697
2021-07-28T15:47:27	713	702	715	697
2021-07-28T15:47:57	714	704	717	698
2021-07-28T15:48:27	715	705	717	699
2021-07-28T15:48:57	715	704	718	700
2021-07-28T15:49:27	716	706	719	700
2021-07-28T15:49:57	718	706	720	701
2021-07-28T15:50:27	719	708	721	702
2021-07-28T15:50:57	719	709	722	703
2021-07-28T15:51:27	720	710	723	704
2021-07-28T15:51:57	721	712	724	706
2021-07-28T15:52:27	722	711	724	705
2021-07-28T15:52:57	723	713	726	706
2021-07-28T15:53:27	723	713	727	707
2021-07-28T15:53:57	725	714	728	708
2021-07-28T15:54:27	725	716	728	710
2021-07-28T15:54:57	727	716	729	709
2021-07-28T15:55:27	727	717	732	710
2021-07-28T15:55:57	731	717	731	711
2021-07-28T15:56:27	731	721	734	712
2021-07-28T15:56:57	731	719	733	713
2021-07-28T15:57:27	733	719	734	713
2021-07-28T15:57:57	735	722	736	714
2021-07-28T15:58:27	734	722	737	715
2021-07-28T15:58:57	736	723	738	716
2021-07-28T15:59:27	737	723	738	717
2021-07-28T15:59:57	738	725	739	718
2021-07-28T16:00:27	738	726	742	718
2021-07-28T16:00:57	740	727	742	719
2021-07-28T16:01:27	742	729	743	721
2021-07-28T16:01:57	742	729	744	720
2021-07-28T16:02:27	742	730	745	723
2021-07-28T16:02:57	744	731	747	722
2021-07-28T16:03:27	745	733	747	724
2021-07-28T16:03:57	745	732	747	725
2021-07-28T16:04:27	747	732	748	726
2021-07-28T16:04:57	748	735	751	726
2021-07-28T16:05:27	749	736	751	726
2021-07-28T16:05:57	750	737	752	727
2021-07-28T16:06:27	751	736	752	727
2021-07-28T16:06:57	752	738	753	729
2021-07-28T16:07:27	753	741	754	729
2021-07-28T16:07:57	753	740	756	731
2021-07-28T16:08:27	753	740	757	732
2021-07-28T16:08:57	754	742	758	733
2021-07-28T16:09:27	755	744	759	733
2021-07-28T16:09:57	758	744	760	734
2021-07-28T16:10:27	758	745	761	735
2021-07-28T16:10:57	758	745	761	736
2021-07-28T16:11:27	760	746	761	737
2021-07-28T16:11:57	760	749	764	738
2021-07-28T16:12:27	763	748	764	738
2021-07-28T16:12:57	764	749	765	739
2021-07-28T16:13:27	763	749	766	740
2021-07-28T16:13:57	764	752	768	741
2021-07-28T16:14:27	765	750	767	742
2021-07-28T16:14:57	767	753	769	742
2021-07-28T16:15:27	767	753	769	743
2021-07-28T16:15:57	767	755	772	744
2021-07-28T16:16:27	769	756	772	745
2021-07-28T16:16:57	770	757	774	746
2021-07-28T16:17:27	770	758	773	746
2021-07-28T16:17:57	771	759	776	747
2021-07-28T16:18:27	774	760	776	748
2021-07-28T16:18:57	773	762	776	749
2021-07-28T16:19:27	775	763	779	749
2021-07-28T16:19:57	776	762	777	750
2021-07-28T16:20:27	777	764	780	752
2021-07-28T16:20:57	777	765	780	752
2021-07-28T16:21:27	778	765	781	754
2021-07-28T16:21:57	781	768	782	754
2021-07-28T16:22:27	781	768	784	754
2021-07-28T16:22:57	781	767	785	755
2021-07-28T16:23:27	783	769	785	757
2021-07-28T16:23:57	786	771	787	758
2021-07-28T16:24:27	787	771	787	758
2021-07-28T16:24:57	785	772	789	759
2021-07-28T16:25:27	788	772	789	761
2021-07-28T16:25:57	788	773	790	762
2021-07-28T16:26:27	790	775	792	762
2021-07-28T16:26:57	790	775	792	764
2021-07-28T16:27:27	791	778	794	765
2021-07-28T16:27:57	791	778	794	765
2021-07-28T16:28:27	793	779	796	766
2021-07-28T16:28:57	793	780	796	767
2021-07-28T16:29:27	795	782	798	769
2021-07-28T16:29:57	796	782	797	770
2021-07-28T16:30:27	798	784	800	770
2021-07-28T16:30:57	798	784	800	771
2021-07-28T16:31:27	798	785	801	772
2021-07-28T16:31:57	799	786	803	774
2021-07-28T16:32:27	800	785	802	775
2021-07-28T16:32:57	801	788	805	776
2021-07-28T16:33:27	802	788	803	777
2021-07-28T16:33:57	803	789	805	778
2021-07-28T16:34:27	803	791	807	779
2021-07-28T16:34:57	806	792	809	780
2021-07-28T16:35:27	805	791	807	781
2021-07-28T16:35:57	807	793	810	782
2021-07-28T16:36:27	807	793	811	783
2021-07-28T16:36:57	808	795	812	784
2021-07-28T16:37:27	810	796	813	786
2021-07-28T16:37:57	810	797	815	787
2021-07-28T16:38:27	812	797	813	788
2021-07-28T16:38:57	813	797	815	789
2021-07-28T16:39:27	814	799	817	790
2021-07-28T16:39:57	813	800	818	792
2021-07-28T16:40:27	816	801	819	793
2021-07-28T16:40:57	816	800	819	794
2021-07-28T16:41:27	818	802	821	796
2021-07-28T16:41:57	818	803	821	796
2021-07-28T16:42:27	821	805	823	797
2021-07-28T16:42:57	821	805	823	799
2021-07-28T16:43:27	823	807	824	799
2021-07-28T16:43:57	823	806	825	800
2021-07-28T16:44:27	823	810	827	803
2021-07-28T16:44:57	824	809	827	803
2021-07-28T16:45:27	827	810	828	804
2021-07-28T16:45:57	827	811	829	805
2021-07-28T16:46:27	829	813	830	806
2021-07-28T16:46:57	829	814	832	807
2021-07-28T16:47:27	830	815	832	809
2021-07-28T16:47:57	831	816	833	810
2021-07-28T16:48:27	832	816	835	812
2021-07-28T16:48:57	834	816	835	812
2021-07-28T16:49:27	835	818	836	813
2021-07-28T16:49:57	836	819	838	814
2021-07-28T16:50:27	835	817	832	816
2021-07-28T16:50:57	836	817	828	816
2021-07-28T16:51:27	838	818	828	817
2021-07-28T16:51:57	839	815	822	817
2021-07-28T16:52:27	840	814	820	817
2021-07-28T16:52:57	842	817	824	817
2021-07-28T16:53:27	842	819	817	817
2021-07-28T16:53:57	843	815	817	818
2021-07-28T16:54:27	843	813	816	818
2021-07-28T16:54:57	846	817	822	818
2021-07-28T16:55:27	845	819	829	820
2021-07-28T16:55:57	847	822	832	820
2021-07-28T16:56:27	847	823	835	821
2021-07-28T16:56:57	848	825	838	823
2021-07-28T16:57:27	850	826	841	824
2021-07-28T16:57:57	851	826	842	824
2021-07-28T16:58:27	853	829	845	826
2021-07-28T16:58:57	851	830	846	829
2021-07-28T16:59:27	853	832	848	829
2021-07-28T16:59:57	856	834	849	832
2021-07-28T17:00:27	855	834	851	831
2021-07-28T17:00:57	856	835	853	833
2021-07-28T17:01:27	858	836	853	833
2021-07-28T17:01:57	857	837	855	836
2021-07-28T17:02:27	858	839	857	837
2021-07-28T17:02:57	860	839	858	837
2021-07-28T17:03:27	861	841	859	838
2021-07-28T17:03:57	862	842	861	840
2021-07-28T17:04:27	864	843	863	841
2021-07-28T17:04:57	864	844	863	842
2021-07-28T17:05:27	865	845	864	843
2021-07-28T17:05:57	867	845	865	845
2021-07-28T17:06:27	868	846	866	846
2021-07-28T17:06:57	867	848	867	847
2021-07-28T17:07:27	870	849	869	849
2021-07-28T17:07:57	870	849	869	849
2021-07-28T17:08:27	871	852	871	851
2021-07-28T17:08:57	872	851	871	852
2021-07-28T17:09:27	874	852	873	853
2021-07-28T17:09:57	875	854	874	854
2021-07-28T17:10:27	875	855	874	855
2021-07-28T17:10:57	877	856	875	856
2021-07-28T17:11:27	877	857	876	858
2021-07-28T17:11:57	879	859	878	860
2021-07-28T17:12:27	879	860	879	860
2021-07-28T17:12:57	881	861	880	861
2021-07-28T17:13:27	882	862	881	862
2021-07-28T17:13:57	882	862	881	863
2021-07-28T17:14:27	884	864	883	865
2021-07-28T17:14:57	885	866	884	867
2021-07-28T17:15:27	886	868	886	868
2021-07-28T17:15:57	887	865	880	868
2021-07-28T17:16:27	887	863	875	869
2021-07-28T17:16:57	887	863	872	869
2021-07-28T17:17:27	889	863	870	870
2021-07-28T17:17:57	889	863	869	870
2021-07-28T17:18:27	891	863	868	871
2021-07-28T17:18:57	892	863	868	871
2021-07-28T17:19:27	891	863	867	871
2021-07-28T17:19:57	894	863	868	871
2021-07-28T17:20:27	895	866	876	872
2021-07-28T17:20:57	896	870	881	873
2021-07-28T17:21:27	898	871	884	874
2021-07-28T17:21:57	898	873	887	876
2021-07-28T17:22:27	898	875	889	877
2021-07-28T17:22:57	898	876	891	878
2021-07-28T17:23:27	898	877	893	880
2021-07-28T17:23:57	898	879	895	881
2021-07-28T17:24:27	900	879	896	882
2021-07-28T17:24:57	899	881	898	883
2021-07-28T17:25:27	899	882	899	885
2021-07-28T17:25:57	899	883	900	886
2021-07-28T17:26:27	900	884	901	887
2021-07-28T17:26:57	900	885	902	887
2021-07-28T17:27:27	899	883	901	889
2021-07-28T17:27:57	900	885	903	889
2021-07-28T17:28:27	900	885	901	889
2021-07-28T17:28:57	900	886	901	891
2021-07-28T17:29:27	900	886	901	891
2021-07-28T17:29:57	900	886	901	892
2021-07-28T17:30:27	899	886	902	892
2021-07-28T17:30:57	899	887	902	893
2021-07-28T17:31:27	899	887	902	894
2021-07-28T17:31:57	901	887	901	894
2021-07-28T17:32:27	900	887	902	894
2021-07-28T17:32:57	900	888	901	895
2021-07-28T17:33:27	900	887	902	894
2021-07-28T17:33:57	900	888	903	895
2021-07-28T17:34:27	900	889	901	896
2021-07-28T17:34:57	900	888	900	895
2021-07-28T17:35:27	900	889	902	896
2021-07-28T17:35:57	900	889	901	896
2021-07-28T17:36:27	901	889	903	896
2021-07-28T17:36:57	901	890	902	896
2021-07-28T17:37:27	901	890	902	897
2021-07-28T17:37:57	901	891	903	897
2021-07-28T17:38:27	902	890	902	897
2021-07-28T17:38:57	902	890	901	898
2021-07-28T17:39:27	902	891	903	897
2021-07-28T17:39:57	902	891	902	897
2021-07-28T17:40:27	902	893	901	898
2021-07-28T17:40:57	903	891	901	899
2021-07-28T17:41:27	903	891	903	898
2021-07-28T17:41:57	903	892	903	898
2021-07-28T17:42:27	904	891	902	898
2021-07-28T17:42:57	904	892	903	899
2021-07-28T17:43:27	904	891	903	899
2021-07-28T17:43:57	898	891	901	899
2021-07-28T17:44:27	899	892	902	899
2021-07-28T17:44:57	899	892	903	899
2021-07-28T17:45:27	900	892	903	900
2021-07-28T17:45:57	899	892	902	900
2021-07-28T17:46:27	900	892	902	900
2021-07-28T17:46:57	900	893	902	900
2021-07-28T17:47:27	899	893	903	901
2021-07-28T17:47:57	898	894	903	901
2021-07-28T17:48:27	899	895	903	901
2021-07-28T17:48:57	899	894	902	900
2021-07-28T17:49:27	900	895	903	900
2021-07-28T17:49:57	899	895	903	902
2021-07-28T17:50:27	898	895	903	901
2021-07-28T17:50:57	898	894	903	902
2021-07-28T17:51:27	899	895	903	902
2021-07-28T17:51:57	899	894	902	902
2021-07-28T17:52:27	899	895	902	903
2021-07-28T17:52:57	901	896	903	903
2021-07-28T17:53:27	899	896	903	902
2021-07-28T17:53:57	899	897	903	903
2021-07-28T17:54:27	900	895	902	902
2021-07-28T17:54:57	901	895	902	903
2021-07-28T17:55:27	900	896	902	903
2021-07-28T17:55:57	899	895	902	902
2021-07-28T17:56:27	899	896	902	903
2021-07-28T17:56:57	900	897	903	903
2021-07-28T17:57:27	900	897	903	904
2021-07-28T17:57:57	899	897	903	903
2021-07-28T17:58:27	899	896	901	904
2021-07-28T17:58:57	900	897	903	904
2021-07-28T17:59:27	900	898	903	904
2021-07-28T17:59:57	899	897	902	904
2021-07-28T18:00:27	899	897	902	904
2021-07-28T18:00:57	900	897	902	903
2021-07-28T18:01:27	901	898	903	904
2021-07-28T18:01:57	899	898	903	904
2021-07-28T18:02:27	899	898	902	905
2021-07-28T18:02:57	901	899	903	905
2021-07-28T18:03:27	899	898	902	904
2021-07-28T18:03:57	900	898	902	905
2021-07-28T18:04:27	901	899	903	905
2021-07-28T18:04:57	899	898	902	905
2021-07-28T18:05:27	899	898	903	905
2021-07-28T18:05:57	900	900	903	904
2021-07-28T18:06:27	899	900	903	904
2021-07-28T18:06:57	899	898	902	904
2021-07-28T18:07:27	900	899	902	905
2021-07-28T18:07:57	901	900	903	905
2021-07-28T18:08:27	899	899	902	904
2021-07-28T18:08:57	900	899	903	904
2021-07-28T18:09:27	898	899	903	904
2021-07-28T18:09:57	899	898	902	905
2021-07-28T18:10:27	901	899	902	905
2021-07-28T18:10:57	899	900	903	905
2021-07-28T18:11:27	900	898	902	905
2021-07-28T18:11:57	900	899	902	905
2021-07-28T18:12:27	900	900	903	905
2021-07-28T18:12:57	900	898	902	905
2021-07-28T18:13:27	899	899	902	905
2021-07-28T18:13:57	901	899	903	906
2021-07-28T18:14:27	899	899	903	905
2021-07-28T18:14:57	899	899	902	906
2021-07-28T18:15:27	898	900	903	906
2021-07-28T18:15:57	899	899	903	906
2021-07-28T18:16:27	901	898	902	905
2021-07-28T18:16:57	899	899	902	906
2021-07-28T18:17:27	901	900	903	905
2021-07-28T18:17:57	898	899	902	905
2021-07-28T18:18:27	899	899	902	905
2021-07-28T18:18:57	901	900	903	906
2021-07-28T18:19:27	899	899	903	906
2021-07-28T18:19:57	900	898	902	906
2021-07-28T18:20:27	899	899	903	905
2021-07-28T18:20:57	900	899	902	906
2021-07-28T18:21:27	901	899	902	905
2021-07-28T18:21:57	900	900	903	905
2021-07-28T18:22:27	901	900	903	906
2021-07-28T18:22:57	899	899	903	906
2021-07-28T18:23:27	901	898	902	906
2021-07-28T18:23:57	899	899	903	905
2021-07-28T18:24:27	900	898	901	905
2021-07-28T18:24:57	899	899	902	906
2021-07-28T18:25:27	900	900	903	905
2021-07-28T18:25:57	898	900	903	905
2021-07-28T18:26:27	900	898	902	905
2021-07-28T18:26:57	900	899	902	905
2021-07-28T18:27:27	900	900	903	905
2021-07-28T18:27:57	899	899	902	905
2021-07-28T18:28:27	899	899	901	905
2021-07-28T18:28:57	900	900	902	905
2021-07-28T18:29:27	899	900	903	905
2021-07-28T18:29:57	901	900	902	905
2021-07-28T18:30:27	899	899	902	906
2021-07-28T18:30:57	901	899	902	906
2021-07-28T18:31:27	899	900	904	906
2021-07-28T18:31:57	901	899	903	906
2021-07-28T18:32:27	899	899	901	906
2021-07-28T18:32:57	900	899	902	905
2021-07-28T18:33:27	898	899	903	905
2021-07-28T18:33:57	900	899	902	905
2021-07-28T18:34:27	899	899	903	905
2021-07-28T18:34:57	899	900	903	905
2021-07-28T18:35:27	901	898	901	905
2021-07-28T18:35:57	899	900	903	905
2021-07-28T18:36:27	901	900	903	905
2021-07-28T18:36:57	899	899	902	905
2021-07-28T18:37:27	901	899	902	906
2021-07-28T18:37:57	899	899	903	906
2021-07-28T18:38:27	901	900	903	906
2021-07-28T18:38:57	899	899	902	905
2021-07-28T18:39:27	900	899	902	905
2021-07-28T18:39:57	899	900	903	905
2021-07-28T18:40:27	900	899	903	905
2021-07-28T18:40:57	900	899	902	905
2021-07-28T18:41:27	899	899	902	905
2021-07-28T18:41:57	901	900	903	905
2021-07-28T18:42:27	899	899	902	905
2021-07-28T18:42:57	900	899	902	905
2021-07-28T18:43:27	899	899	902	905
2021-07-28T18:43:57	901	900	903	905
2021-07-28T18:44:27	899	900	901	905
2021-07-28T18:44:57	902	899	902	905
2021-07-28T18:45:27	900	899	902	905
2021-07-28T18:45:57	901	900	903	905
2021-07-28T18:46:27	900	900	903	905
2021-07-28T18:46:57	900	899	902	905
2021-07-28T18:47:27	898	899	902	905
2021-07-28T18:47:57	899	900	903	905
2021-07-28T18:48:27	901	900	903	905
2021-07-28T18:48:57	900	898	901	905
2021-07-28T18:49:27	901	899	902	905
2021-07-28T18:49:57	900	900	903	905
2021-07-28T18:50:27	899	899	903	905
2021-07-28T18:50:57	900	899	902	905
2021-07-28T18:51:27	899	899	902	905
2021-07-28T18:51:57	899	901	903	905
2021-07-28T18:52:27	901	901	903	905
2021-07-28T18:52:57	900	901	902	905
2021-07-28T18:53:27	846	877	890	905
2021-07-28T18:53:57	764	771	837	903
2021-07-28T18:54:27	739	732	789	791
2021-07-28T18:54:57	649	681	743	657
2021-07-28T18:55:27	546	572	671	596
2021-07-28T18:55:57	480	513	607	525
2021-07-28T18:56:27	455	459	567	468
2021-07-28T18:56:57	425	426	538	418
2021-07-28T18:57:27	398	401	508	376
2021-07-28T18:57:57	378	381	491	352
