time	T1	T2	T3	T4
2021-09-13T11:34:28	24	25	25	26
2021-09-13T11:34:58	24	25	25	26
2021-09-13T11:35:28	24	-100	-100	-100
2021-09-13T11:35:58	-100	-100	-100	-100
2021-09-13T11:36:28	-100	-100	-100	-100
2021-09-13T11:36:58	-100	-100	-100	-100
2021-09-13T11:37:28	-100	-100	-100	-100
2021-09-13T11:37:58	-100	25	-100	-100
2021-09-13T11:38:28	-100	-100	-100	-100
2021-09-13T11:38:58	-100	-100	-100	-100
2021-09-13T11:39:28	-100	-100	-100	-100
2021-09-13T11:39:58	-100	-100	-100	-100
2021-09-13T11:40:28	-100	-100	-100	-100
2021-09-13T11:40:58	-100	-100	-100	-100
2021-09-13T11:41:28	-100	-100	-100	-100
2021-09-13T11:41:58	-100	-100	-100	-100
2021-09-13T11:42:28	-100	-100	-100	-100
2021-09-13T11:42:58	-100	-100	-100	-100
2021-09-13T11:43:28	-100	-100	-100	-100
2021-09-13T11:43:58	-100	-100	25	-100
2021-09-13T11:44:28	-100	-100	-100	-100
2021-09-13T11:44:58	-100	25	-100	-100
2021-09-13T11:45:28	23	25	25	25
2021-09-13T11:45:58	23	25	25	25
2021-09-13T11:46:28	23	25	25	25
2021-09-13T11:46:58	23	25	-100	24
2021-09-13T11:47:28	23	-100	-100	24
2021-09-13T11:47:58	23	-100	-100	24
2021-09-13T11:48:28	23	25	-100	24
2021-09-13T11:48:58	-100	-100	-100	24
2021-09-13T11:49:28	23	-100	-100	-100
2021-09-13T11:49:58	-100	-100	-100	-100
2021-09-13T11:50:28	-100	-100	-100	-100
2021-09-13T11:50:58	-100	-100	-100	-100
2021-09-13T11:51:28	-100	-100	-100	-100
2021-09-13T11:51:58	-100	-100	-100	-100
2021-09-13T11:52:28	-100	-100	-100	-100
2021-09-13T11:52:58	-100	-100	-100	-100
2021-09-13T11:53:28	-100	-100	-100	-100
2021-09-13T11:53:58	-100	-100	-100	-100
2021-09-13T11:54:28	-100	-100	-100	-100
2021-09-13T11:54:58	-100	-100	-100	-100
2021-09-13T11:55:28	-100	-100	-100	-100
2021-09-13T11:55:58	-100	-100	-100	-100
2021-09-13T11:56:28	-100	-100	-100	-100
2021-09-13T11:56:58	-100	-100	-100	-100
2021-09-13T11:57:28	-100	-100	-100	-100
2021-09-13T11:57:58	-100	-100	-100	-100
2021-09-13T11:58:28	-100	-100	-100	-100
2021-09-13T11:58:58	-100	-100	-100	-100
2021-09-13T11:59:28	-100	-100	-100	-100
2021-09-13T11:59:58	-100	-100	-100	-100
2021-09-13T12:00:28	-100	-100	-100	-100
2021-09-13T12:00:58	-100	-100	-100	-100
2021-09-13T12:01:28	-100	-100	-100	-100
2021-09-13T12:01:58	-100	-100	-100	-100
2021-09-13T12:02:28	-100	-100	-100	-100
2021-09-13T12:02:58	-100	-100	-100	-100
2021-09-13T12:05:34	24	26	-100	-100
2021-09-13T12:06:04	24	26	26	24
2021-09-13T12:06:34	24	26	26	24
2021-09-13T12:07:04	24	26	26	24
2021-09-13T12:07:34	24	26	26	24
2021-09-13T12:08:04	25	27	28	24
2021-09-13T12:08:34	28	30	32	25
2021-09-13T12:09:04	28	32	32	25
2021-09-13T12:09:34	29	32	33	26
2021-09-13T12:10:04	29	33	32	27
2021-09-13T12:10:34	31	33	33	27
2021-09-13T12:11:04	35	34	34	28
2021-09-13T12:11:34	36	34	34	29
2021-09-13T12:12:04	37	35	37	29
2021-09-13T12:12:34	39	38	39	30
2021-09-13T12:13:04	40	39	40	31
2021-09-13T12:13:34	39	40	40	32
2021-09-13T12:14:04	39	40	39	33
2021-09-13T12:14:34	39	40	41	34
2021-09-13T12:15:04	40	42	43	34
2021-09-13T12:15:34	41	43	43	35
2021-09-13T12:16:04	42	43	43	36
2021-09-13T12:16:34	45	44	45	37
2021-09-13T12:17:04	48	46	48	38
2021-09-13T12:17:34	48	47	48	39
2021-09-13T12:18:04	48	48	47	40
2021-09-13T12:18:34	48	48	47	41
2021-09-13T12:19:04	49	49	52	42
2021-09-13T12:19:34	50	51	52	43
2021-09-13T12:20:04	50	52	52	43
2021-09-13T12:20:34	50	51	52	44
2021-09-13T12:21:04	56	55	57	45
2021-09-13T12:21:34	57	56	57	46
2021-09-13T12:22:04	57	57	57	48
2021-09-13T12:22:34	57	57	56	48
2021-09-13T12:23:04	56	56	56	49
2021-09-13T12:23:34	58	59	61	50
2021-09-13T12:24:04	59	61	62	51
2021-09-13T12:24:34	58	61	61	52
2021-09-13T12:25:04	59	61	60	53
2021-09-13T12:25:34	65	63	65	54
2021-09-13T12:26:04	66	64	65	55
2021-09-13T12:26:34	66	65	65	56
2021-09-13T12:27:04	65	64	64	57
2021-09-13T12:27:34	67	67	68	57
2021-09-13T12:28:04	67	68	69	59
2021-09-13T12:28:34	66	68	68	59
2021-09-13T12:29:04	66	68	69	61
2021-09-13T12:29:34	72	70	74	61
2021-09-13T12:30:04	74	72	73	63
2021-09-13T12:30:34	73	72	73	64
2021-09-13T12:31:04	72	72	72	65
2021-09-13T12:31:34	73	73	76	65
2021-09-13T12:32:04	74	75	77	66
2021-09-13T12:32:34	73	76	76	67
2021-09-13T12:33:04	78	76	76	68
2021-09-13T12:33:34	81	78	80	69
2021-09-13T12:34:04	81	80	81	70
2021-09-13T12:34:34	81	80	80	71
2021-09-13T12:35:04	80	80	81	72
2021-09-13T12:35:34	81	81	82	73
2021-09-13T12:36:04	81	82	82	74
2021-09-13T12:36:34	82	84	86	75
2021-09-13T12:37:04	82	86	86	75
2021-09-13T12:37:34	87	86	86	77
2021-09-13T12:38:04	87	86	86	78
2021-09-13T12:38:34	88	87	90	78
2021-09-13T12:39:04	89	89	91	80
2021-09-13T12:39:34	89	89	90	81
2021-09-13T12:40:04	89	90	92	81
2021-09-13T12:40:34	89	92	93	82
2021-09-13T12:41:04	92	92	93	83
2021-09-13T12:41:34	95	93	93	84
2021-09-13T12:42:04	96	94	97	86
2021-09-13T12:42:34	97	96	98	87
2021-09-13T12:43:04	96	96	96	87
2021-09-13T12:43:34	97	98	99	88
2021-09-13T12:44:04	97	99	100	89
2021-09-13T12:44:34	97	99	99	90
2021-09-13T12:45:04	102	100	103	91
2021-09-13T12:45:34	104	101	103	92
2021-09-13T12:46:04	103	101	101	93
2021-09-13T12:46:34	104	102	105	94
2021-09-13T12:47:04	104	105	107	95
2021-09-13T12:47:34	103	105	106	96
2021-09-13T12:48:04	107	106	109	97
2021-09-13T12:48:34	111	109	111	98
2021-09-13T12:49:04	110	109	111	99
2021-09-13T12:49:34	109	109	109	100
2021-09-13T12:50:04	110	109	112	101
2021-09-13T12:50:34	110	111	114	101
2021-09-13T12:51:04	110	111	112	102
2021-09-13T12:51:34	114	113	117	103
2021-09-13T12:52:04	118	116	117	104
2021-09-13T12:52:34	117	116	117	106
2021-09-13T12:53:04	117	116	116	107
2021-09-13T12:53:34	117	117	120	108
2021-09-13T12:54:04	117	118	120	108
2021-09-13T12:54:34	117	118	119	109
2021-09-13T12:55:04	121	119	121	110
2021-09-13T12:55:34	124	121	122	111
2021-09-13T12:56:04	125	121	123	112
2021-09-13T12:56:34	125	122	124	113
2021-09-13T12:57:04	125	123	124	114
2021-09-13T12:57:34	125	124	127	115
2021-09-13T12:58:04	125	126	127	116
2021-09-13T12:58:34	125	126	128	117
2021-09-13T12:59:04	128	127	129	117
2021-09-13T12:59:34	131	129	131	119
2021-09-13T13:00:04	132	130	131	120
2021-09-13T13:00:34	133	130	133	121
2021-09-13T13:01:04	133	132	134	122
2021-09-13T13:01:34	132	132	134	123
2021-09-13T13:02:04	132	132	135	124
2021-09-13T13:02:34	133	135	138	125
2021-09-13T13:03:04	135	136	138	125
2021-09-13T13:03:34	138	137	138	127
2021-09-13T13:04:04	138	137	139	128
2021-09-13T13:04:34	140	139	141	128
2021-09-13T13:05:04	139	139	141	129
2021-09-13T13:05:34	139	140	140	130
2021-09-13T13:06:04	143	142	144	131
2021-09-13T13:06:34	145	143	145	133
2021-09-13T13:07:04	144	143	144	133
2021-09-13T13:07:34	144	144	147	134
2021-09-13T13:08:04	145	147	149	135
2021-09-13T13:08:34	145	147	148	136
2021-09-13T13:09:04	149	147	148	137
2021-09-13T13:09:34	150	147	150	138
2021-09-13T13:10:04	153	149	153	139
2021-09-13T13:10:34	152	150	153	140
2021-09-13T13:11:04	151	151	152	141
2021-09-13T13:11:34	151	151	152	142
2021-09-13T13:12:04	152	153	157	143
2021-09-13T13:12:34	152	154	157	144
2021-09-13T13:13:04	157	155	157	144
2021-09-13T13:13:34	158	155	157	146
2021-09-13T13:14:04	158	156	158	147
2021-09-13T13:14:34	159	159	162	148
2021-09-13T13:15:04	159	160	161	149
2021-09-13T13:15:34	158	159	161	151
2021-09-13T13:16:04	164	161	165	151
2021-09-13T13:16:34	166	163	165	152
2021-09-13T13:17:04	164	162	164	153
2021-09-13T13:17:34	165	163	166	154
2021-09-13T13:18:05	165	164	167	155
2021-09-13T13:18:35	165	165	166	155
2021-09-13T13:19:05	169	167	171	156
2021-09-13T13:19:35	170	169	171	158
2021-09-13T13:20:05	169	168	169	159
2021-09-13T13:20:35	170	169	172	159
2021-09-13T13:21:05	170	170	173	160
2021-09-13T13:21:35	172	171	173	161
2021-09-13T13:22:05	176	173	176	162
2021-09-13T13:22:35	176	174	177	164
2021-09-13T13:23:05	175	174	176	165
2021-09-13T13:23:35	176	175	178	165
2021-09-13T13:24:05	175	176	179	167
2021-09-13T13:24:35	178	176	178	168
2021-09-13T13:25:05	181	179	182	169
2021-09-13T13:25:35	181	180	182	169
2021-09-13T13:26:05	180	180	182	170
2021-09-13T13:26:35	182	181	184	171
2021-09-13T13:27:05	181	182	185	172
2021-09-13T13:27:35	182	183	184	173
2021-09-13T13:28:05	186	184	188	174
2021-09-13T13:28:35	188	186	188	175
2021-09-13T13:29:05	187	186	187	176
2021-09-13T13:29:35	188	187	191	177
2021-09-13T13:30:05	188	188	191	178
2021-09-13T13:30:35	192	189	191	179
2021-09-13T13:31:05	192	189	191	180
2021-09-13T13:31:35	194	191	195	181
2021-09-13T13:32:05	194	193	195	182
2021-09-13T13:32:35	192	193	195	183
2021-09-13T13:33:05	194	194	197	184
2021-09-13T13:33:35	198	196	198	185
2021-09-13T13:34:05	197	196	198	186
2021-09-13T13:34:35	198	196	200	187
2021-09-13T13:35:05	197	198	200	189
2021-09-13T13:35:35	199	198	200	188
2021-09-13T13:36:05	201	199	203	189
2021-09-13T13:36:35	202	201	204	191
2021-09-13T13:37:05	201	202	203	191
2021-09-13T13:37:35	205	203	205	193
2021-09-13T13:38:05	207	204	206	194
2021-09-13T13:38:35	207	204	207	195
2021-09-13T13:39:05	207	205	210	195
2021-09-13T13:39:35	206	206	209	196
2021-09-13T13:40:05	207	206	209	197
2021-09-13T13:40:35	214	208	213	199
2021-09-13T13:41:05	214	210	214	200
2021-09-13T13:41:35	214	210	213	200
2021-09-13T13:42:05	213	211	215	201
2021-09-13T13:42:35	213	212	216	202
2021-09-13T13:43:05	214	213	215	203
2021-09-13T13:43:35	215	213	218	204
2021-09-13T13:44:05	219	216	220	205
2021-09-13T13:44:35	218	216	219	206
2021-09-13T13:45:05	219	217	221	207
2021-09-13T13:45:35	219	218	222	208
2021-09-13T13:46:05	222	219	222	209
2021-09-13T13:46:35	224	220	223	210
2021-09-13T13:47:05	224	221	225	211
2021-09-13T13:47:35	223	221	224	212
2021-09-13T13:48:05	224	222	227	213
2021-09-13T13:48:35	225	224	229	214
2021-09-13T13:49:05	228	225	229	214
2021-09-13T13:49:35	228	225	228	216
2021-09-13T13:50:05	228	226	232	217
2021-09-13T13:50:35	228	228	232	217
2021-09-13T13:51:05	229	228	232	218
2021-09-13T13:51:35	233	229	232	219
2021-09-13T13:52:05	236	230	235	221
2021-09-13T13:52:35	234	230	234	223
2021-09-13T13:53:05	235	233	238	223
2021-09-13T13:53:35	234	234	238	223
2021-09-13T13:54:05	235	234	237	224
2021-09-13T13:54:35	240	235	240	226
2021-09-13T13:55:05	240	236	240	227
2021-09-13T13:55:35	241	237	240	227
2021-09-13T13:56:05	240	238	242	229
2021-09-13T13:56:35	239	238	241	230
2021-09-13T13:57:05	245	240	244	231
2021-09-13T13:57:35	245	241	244	231
2021-09-13T13:58:05	245	242	248	233
2021-09-13T13:58:35	245	243	248	234
2021-09-13T13:59:05	244	243	247	234
2021-09-13T13:59:35	249	245	250	236
2021-09-13T14:00:05	250	246	249	236
2021-09-13T14:00:35	249	246	250	237
2021-09-13T14:01:05	249	248	253	239
2021-09-13T14:01:35	252	249	252	239
2021-09-13T14:02:05	252	249	253	240
2021-09-13T14:02:35	253	251	256	242
2021-09-13T14:03:05	252	251	255	242
2021-09-13T14:03:35	256	253	258	242
2021-09-13T14:04:05	256	255	259	244
2021-09-13T14:04:35	256	254	257	245
2021-09-13T14:05:05	260	256	261	245
2021-09-13T14:05:35	260	257	260	246
2021-09-13T14:06:05	260	257	262	248
2021-09-13T14:06:35	259	258	263	248
2021-09-13T14:07:05	264	260	263	249
2021-09-13T14:07:35	264	260	265	250
2021-09-13T14:08:05	264	263	267	251
2021-09-13T14:08:35	262	263	266	252
2021-09-13T14:09:05	268	266	270	253
2021-09-13T14:09:35	268	266	269	254
2021-09-13T14:10:05	267	266	268	256
2021-09-13T14:10:35	268	268	272	256
2021-09-13T14:11:05	271	268	271	257
2021-09-13T14:11:35	271	269	271	259
2021-09-13T14:12:05	271	269	274	259
2021-09-13T14:12:35	271	270	274	260
2021-09-13T14:13:05	275	272	277	261
2021-09-13T14:13:35	276	273	277	262
2021-09-13T14:14:05	275	273	277	264
2021-09-13T14:14:35	275	275	279	264
2021-09-13T14:15:05	279	276	279	265
2021-09-13T14:15:35	280	276	280	266
2021-09-13T14:16:05	280	277	280	267
2021-09-13T14:16:35	279	279	283	268
2021-09-13T14:17:05	282	280	283	270
2021-09-13T14:17:35	282	280	285	270
2021-09-13T14:18:05	282	282	286	271
2021-09-13T14:18:35	285	282	286	272
2021-09-13T14:19:05	285	283	288	273
2021-09-13T14:19:35	284	284	287	274
2021-09-13T14:20:05	291	286	290	275
2021-09-13T14:20:35	291	287	289	276
2021-09-13T14:21:05	290	287	293	277
2021-09-13T14:21:35	289	289	293	279
2021-09-13T14:22:05	292	289	294	279
2021-09-13T14:22:35	292	290	293	280
2021-09-13T14:23:05	292	291	296	281
2021-09-13T14:23:35	296	291	296	282
2021-09-13T14:24:05	297	292	297	282
2021-09-13T14:24:35	295	293	297	283
2021-09-13T14:25:05	298	295	300	284
2021-09-13T14:25:35	299	296	300	286
2021-09-13T14:26:05	299	297	301	286
2021-09-13T14:26:35	301	297	301	287
2021-09-13T14:27:05	303	299	304	288
2021-09-13T14:27:35	302	300	304	289
2021-09-13T14:28:05	304	300	306	290
2021-09-13T14:28:35	305	302	306	291
2021-09-13T14:29:05	304	302	306	293
2021-09-13T14:29:35	307	302	308	294
2021-09-13T14:30:05	307	303	308	294
2021-09-13T14:30:35	308	305	311	296
2021-09-13T14:31:05	309	306	310	297
2021-09-13T14:31:35	312	307	312	298
2021-09-13T14:32:05	310	308	311	299
2021-09-13T14:32:35	312	309	316	299
2021-09-13T14:33:05	314	310	315	300
2021-09-13T14:33:35	314	311	317	301
2021-09-13T14:34:05	315	313	317	303
2021-09-13T14:34:35	315	313	318	303
2021-09-13T14:35:05	318	314	319	305
2021-09-13T14:35:35	320	315	321	305
2021-09-13T14:36:05	320	316	320	307
2021-09-13T14:36:35	320	316	323	307
2021-09-13T14:37:05	323	319	324	308
2021-09-13T14:37:35	321	318	322	309
2021-09-13T14:38:05	322	319	325	311
2021-09-13T14:38:35	326	320	324	311
2021-09-13T14:39:05	326	322	328	313
2021-09-13T14:39:35	326	323	327	314
2021-09-13T14:40:05	329	324	329	315
2021-09-13T14:40:35	327	325	329	316
2021-09-13T14:41:05	329	325	331	317
2021-09-13T14:41:35	331	327	332	318
2021-09-13T14:42:05	330	328	333	318
2021-09-13T14:42:35	330	328	332	319
2021-09-13T14:43:05	335	330	336	320
2021-09-13T14:43:35	335	330	336	321
2021-09-13T14:44:05	334	331	337	322
2021-09-13T14:44:35	337	332	339	323
2021-09-13T14:45:05	336	333	338	324
2021-09-13T14:45:35	339	334	340	325
2021-09-13T14:46:05	340	336	341	326
2021-09-13T14:46:35	338	336	341	327
2021-09-13T14:47:05	342	338	343	329
2021-09-13T14:47:35	341	338	344	330
2021-09-13T14:48:05	345	340	345	331
2021-09-13T14:48:35	344	340	346	331
2021-09-13T14:49:05	343	341	346	332
2021-09-13T14:49:35	347	342	348	333
2021-09-13T14:50:05	346	343	348	334
2021-09-13T14:50:35	348	344	348	335
2021-09-13T14:51:05	350	345	351	337
2021-09-13T14:51:35	349	345	351	338
2021-09-13T14:52:05	349	347	352	338
2021-09-13T14:52:35	354	348	355	339
2021-09-13T14:53:05	353	349	355	341
2021-09-13T14:53:35	352	348	355	341
2021-09-13T14:54:05	356	351	357	343
2021-09-13T14:54:35	355	351	357	344
2021-09-13T14:55:05	358	353	359	344
2021-09-13T14:55:35	357	353	358	346
2021-09-13T14:56:05	357	354	360	347
2021-09-13T14:56:35	361	355	362	348
2021-09-13T14:57:05	361	357	361	348
2021-09-13T14:57:35	360	358	363	350
2021-09-13T14:58:05	364	358	363	350
2021-09-13T14:58:35	364	360	366	351
2021-09-13T14:59:05	362	360	365	352
2021-09-13T14:59:35	367	362	369	353
2021-09-13T15:00:05	366	362	367	354
2021-09-13T15:00:35	365	363	369	355
2021-09-13T15:01:05	368	364	370	356
2021-09-13T15:01:35	369	366	372	358
2021-09-13T15:02:05	370	366	371	358
2021-09-13T15:02:35	372	368	374	359
2021-09-13T15:03:05	371	367	374	360
2021-09-13T15:03:35	374	370	376	361
2021-09-13T15:04:05	373	369	375	362
2021-09-13T15:04:35	377	371	378	363
2021-09-13T15:05:05	376	372	377	364
2021-09-13T15:05:35	378	373	380	365
2021-09-13T15:06:05	378	373	380	367
2021-09-13T15:06:35	380	375	382	367
2021-09-13T15:07:05	380	376	382	368
2021-09-13T15:07:35	380	376	382	369
2021-09-13T15:08:05	384	379	385	371
2021-09-13T15:08:35	383	379	383	371
2021-09-13T15:09:05	383	380	387	372
2021-09-13T15:09:35	384	381	386	373
2021-09-13T15:10:05	387	383	389	374
2021-09-13T15:10:35	386	383	387	375
2021-09-13T15:11:05	389	384	391	378
2021-09-13T15:11:35	389	385	389	378
2021-09-13T15:12:05	391	387	393	378
2021-09-13T15:12:35	390	386	392	380
2021-09-13T15:13:05	394	388	396	382
2021-09-13T15:13:35	393	388	394	382
2021-09-13T15:14:05	395	390	397	383
2021-09-13T15:14:35	394	390	395	384
2021-09-13T15:15:05	397	392	399	385
2021-09-13T15:15:35	395	391	398	387
2021-09-13T15:16:05	399	393	402	388
2021-09-13T15:16:35	399	394	399	388
2021-09-13T15:17:05	400	395	403	389
2021-09-13T15:17:35	400	395	402	390
2021-09-13T15:18:05	403	396	403	391
2021-09-13T15:18:35	404	397	405	392
2021-09-13T15:19:05	404	397	406	393
2021-09-13T15:19:35	405	399	408	393
2021-09-13T15:20:05	406	400	408	395
2021-09-13T15:20:35	406	401	409	396
2021-09-13T15:21:05	409	402	409	397
2021-09-13T15:21:35	410	402	410	397
2021-09-13T15:22:05	409	404	413	399
2021-09-13T15:22:35	412	405	411	400
2021-09-13T15:23:05	413	406	415	400
2021-09-13T15:23:35	413	406	413	402
2021-09-13T15:24:05	416	408	417	404
2021-09-13T15:24:35	413	408	415	404
2021-09-13T15:25:05	416	411	419	406
2021-09-13T15:25:35	416	412	417	406
2021-09-13T15:26:05	419	413	421	408
2021-09-13T15:26:35	417	413	420	409
2021-09-13T15:27:05	422	415	423	410
2021-09-13T15:27:35	420	414	422	411
2021-09-13T15:28:05	422	416	425	411
2021-09-13T15:28:35	421	417	425	412
2021-09-13T15:29:05	423	419	425	414
2021-09-13T15:29:35	425	419	428	413
2021-09-13T15:30:05	425	420	426	414
2021-09-13T15:30:35	427	421	428	415
2021-09-13T15:31:05	426	421	430	417
2021-09-13T15:31:35	428	424	430	418
2021-09-13T15:32:05	429	425	433	418
2021-09-13T15:32:35	431	426	433	420
2021-09-13T15:33:05	430	426	434	420
2021-09-13T15:33:35	432	427	434	422
2021-09-13T15:34:05	432	428	434	423
2021-09-13T15:34:35	436	430	437	424
2021-09-13T15:35:05	435	430	437	424
2021-09-13T15:35:35	436	431	438	426
2021-09-13T15:36:05	437	432	441	428
2021-09-13T15:36:35	438	433	439	428
2021-09-13T15:37:05	439	434	442	429
2021-09-13T15:37:35	441	435	441	431
2021-09-13T15:38:05	440	436	444	432
2021-09-13T15:38:35	443	437	443	433
2021-09-13T15:39:05	442	438	446	432
2021-09-13T15:39:35	444	439	446	435
2021-09-13T15:40:05	444	440	448	436
2021-09-13T15:40:35	448	441	449	437
2021-09-13T15:41:05	447	442	448	437
2021-09-13T15:41:35	448	443	450	439
2021-09-13T15:42:05	450	444	453	439
2021-09-13T15:42:35	449	445	452	439
2021-09-13T15:43:05	453	447	454	440
2021-09-13T15:43:35	451	446	453	442
2021-09-13T15:44:05	455	449	456	444
2021-09-13T15:44:35	453	449	456	445
2021-09-13T15:45:05	456	450	457	446
2021-09-13T15:45:35	457	450	458	446
2021-09-13T15:46:05	459	452	459	448
2021-09-13T15:46:35	459	453	462	448
2021-09-13T15:47:05	458	454	461	450
2021-09-13T15:47:35	462	455	463	451
2021-09-13T15:48:05	460	455	463	451
2021-09-13T15:48:35	462	457	464	453
2021-09-13T15:49:05	464	458	465	453
2021-09-13T15:49:35	462	459	466	454
2021-09-13T15:50:05	466	460	467	455
2021-09-13T15:50:35	467	462	469	457
2021-09-13T15:51:05	466	462	469	458
2021-09-13T15:51:35	470	463	471	459
2021-09-13T15:52:05	468	464	472	460
2021-09-13T15:52:35	471	465	472	461
2021-09-13T15:53:05	470	466	473	461
2021-09-13T15:53:35	473	467	475	462
2021-09-13T15:54:05	472	468	474	464
2021-09-13T15:54:35	475	469	476	464
2021-09-13T15:55:05	474	469	477	465
2021-09-13T15:55:35	477	471	478	466
2021-09-13T15:56:05	476	471	479	467
2021-09-13T15:56:35	479	472	480	469
2021-09-13T15:57:05	477	473	481	469
2021-09-13T15:57:35	481	475	483	470
2021-09-13T15:58:05	482	475	483	472
2021-09-13T15:58:35	481	477	484	473
2021-09-13T15:59:05	484	478	485	473
2021-09-13T15:59:35	485	479	486	475
2021-09-13T16:00:05	484	480	487	476
2021-09-13T16:00:35	487	481	488	477
2021-09-13T16:01:05	485	481	489	478
2021-09-13T16:01:35	489	482	490	478
2021-09-13T16:02:05	488	483	491	480
2021-09-13T16:02:35	489	485	492	480
2021-09-13T16:03:05	492	486	493	482
2021-09-13T16:03:35	491	486	494	483
2021-09-13T16:04:05	494	487	495	484
2021-09-13T16:04:35	493	489	497	485
2021-09-13T16:05:05	496	489	495	486
2021-09-13T16:05:35	496	490	498	487
2021-09-13T16:06:05	495	490	498	487
2021-09-13T16:06:35	498	493	501	488
2021-09-13T16:07:05	498	492	501	490
2021-09-13T16:07:35	499	494	501	491
2021-09-13T16:08:05	502	496	504	491
2021-09-13T16:08:35	501	495	504	493
2021-09-13T16:09:05	502	496	503	494
2021-09-13T16:09:35	505	498	506	494
2021-09-13T16:10:05	504	498	505	495
2021-09-13T16:10:35	506	500	509	496
2021-09-13T16:11:05	506	501	510	497
2021-09-13T16:11:35	507	502	509	498
2021-09-13T16:12:05	507	503	511	499
2021-09-13T16:12:35	509	504	511	500
2021-09-13T16:13:05	512	505	513	501
2021-09-13T16:13:35	511	505	513	502
2021-09-13T16:14:05	513	506	513	503
2021-09-13T16:14:35	513	508	517	504
2021-09-13T16:15:05	513	509	515	505
2021-09-13T16:15:35	516	510	518	506
2021-09-13T16:16:05	518	511	519	508
2021-09-13T16:16:35	517	512	521	508
2021-09-13T16:17:05	518	512	520	509
2021-09-13T16:17:35	520	513	521	510
2021-09-13T16:18:05	520	515	521	511
2021-09-13T16:18:35	522	516	524	512
2021-09-13T16:19:05	521	517	525	513
2021-09-13T16:19:35	522	517	525	514
2021-09-13T16:20:05	525	519	528	515
2021-09-13T16:20:35	525	519	528	516
2021-09-13T16:21:05	526	520	528	517
2021-09-13T16:21:35	526	521	528	518
2021-09-13T16:22:05	528	522	531	518
2021-09-13T16:22:35	529	524	532	521
2021-09-13T16:23:05	531	525	534	521
2021-09-13T16:23:35	531	526	533	522
2021-09-13T16:24:05	532	526	533	523
2021-09-13T16:24:35	533	528	534	525
2021-09-13T16:25:05	535	529	537	525
2021-09-13T16:25:35	537	529	537	526
2021-09-13T16:26:05	536	531	538	528
2021-09-13T16:26:35	537	532	538	529
2021-09-13T16:27:05	539	533	541	529
2021-09-13T16:27:35	537	533	542	530
2021-09-13T16:28:05	540	534	542	531
2021-09-13T16:28:35	541	535	543	532
2021-09-13T16:29:05	541	536	544	533
2021-09-13T16:29:35	543	537	544	534
2021-09-13T16:30:05	544	539	546	536
2021-09-13T16:30:35	546	540	547	536
2021-09-13T16:31:05	544	540	549	537
2021-09-13T16:31:35	547	541	550	539
2021-09-13T16:32:05	548	542	550	539
2021-09-13T16:32:35	549	543	551	540
2021-09-13T16:33:05	548	544	551	542
2021-09-13T16:33:35	552	546	554	543
2021-09-13T16:34:05	553	546	553	543
2021-09-13T16:34:35	552	547	556	545
2021-09-13T16:35:05	555	548	557	545
2021-09-13T16:35:35	554	549	559	547
2021-09-13T16:36:05	555	550	557	548
2021-09-13T16:36:35	558	551	559	549
2021-09-13T16:37:05	559	552	562	550
2021-09-13T16:37:35	559	553	560	551
2021-09-13T16:38:05	560	554	562	552
2021-09-13T16:38:35	562	555	564	553
2021-09-13T16:39:05	562	556	565	553
2021-09-13T16:39:35	562	557	565	555
2021-09-13T16:40:05	564	558	565	556
2021-09-13T16:40:35	566	560	567	556
2021-09-13T16:41:05	567	560	570	558
2021-09-13T16:41:35	566	561	568	559
2021-09-13T16:42:05	566	562	570	560
2021-09-13T16:42:35	569	564	571	561
2021-09-13T16:43:05	570	564	572	562
2021-09-13T16:43:35	570	565	572	563
2021-09-13T16:44:05	571	566	574	564
2021-09-13T16:44:35	571	567	576	565
2021-09-13T16:45:05	575	568	576	566
2021-09-13T16:45:35	576	569	578	567
2021-09-13T16:46:05	575	569	576	568
2021-09-13T16:46:35	577	571	578	569
2021-09-13T16:47:05	579	572	580	570
2021-09-13T16:47:35	580	573	583	571
2021-09-13T16:48:05	579	573	581	572
2021-09-13T16:48:35	581	575	582	573
2021-09-13T16:49:05	583	576	583	574
2021-09-13T16:49:35	584	577	585	575
2021-09-13T16:50:05	584	577	586	576
2021-09-13T16:50:35	584	579	588	577
2021-09-13T16:51:05	585	579	587	578
2021-09-13T16:51:35	585	580	588	579
2021-09-13T16:52:05	589	582	589	580
2021-09-13T16:52:35	589	583	590	581
2021-09-13T16:53:05	589	584	592	582
2021-09-13T16:53:35	591	585	593	583
2021-09-13T16:54:05	592	586	595	584
2021-09-13T16:54:35	593	587	595	585
2021-09-13T16:55:05	595	587	596	586
2021-09-13T16:55:35	593	588	595	587
2021-09-13T16:56:05	595	589	597	588
2021-09-13T16:56:35	595	591	599	589
2021-09-13T16:57:05	598	592	599	591
2021-09-13T16:57:35	597	593	600	591
2021-09-13T16:58:05	598	594	601	592
2021-09-13T16:58:35	599	595	603	594
2021-09-13T16:59:05	601	596	603	595
2021-09-13T16:59:35	602	597	604	595
2021-09-13T17:00:05	603	598	605	596
2021-09-13T17:00:35	605	599	607	598
2021-09-13T17:01:05	605	600	607	599
2021-09-13T17:01:35	605	601	609	600
2021-09-13T17:02:05	608	602	610	601
2021-09-13T17:02:35	609	603	611	602
2021-09-13T17:03:05	610	604	612	602
2021-09-13T17:03:35	611	604	613	604
2021-09-13T17:04:05	611	606	614	605
2021-09-13T17:04:35	613	607	615	606
2021-09-13T17:05:05	613	607	614	607
2021-09-13T17:05:35	614	609	616	608
2021-09-13T17:06:05	616	610	618	608
2021-09-13T17:06:35	616	611	618	609
2021-09-13T17:07:05	617	612	620	611
2021-09-13T17:07:35	619	613	621	611
2021-09-13T17:08:05	620	614	622	613
2021-09-13T17:08:35	619	615	623	614
2021-09-13T17:09:05	622	616	623	614
2021-09-13T17:09:35	622	617	625	615
2021-09-13T17:10:05	624	618	625	616
2021-09-13T17:10:35	626	618	627	617
2021-09-13T17:11:05	624	619	628	619
2021-09-13T17:11:35	625	620	629	621
2021-09-13T17:12:05	627	622	629	619
2021-09-13T17:12:35	627	622	629	622
2021-09-13T17:13:05	629	624	630	624
2021-09-13T17:13:35	630	625	632	624
2021-09-13T17:14:05	632	626	634	626
2021-09-13T17:14:35	633	627	635	626
2021-09-13T17:15:05	633	628	636	628
2021-09-13T17:15:35	633	629	636	628
2021-09-13T17:16:05	635	629	636	629
2021-09-13T17:16:35	636	630	638	631
2021-09-13T17:17:05	637	631	639	631
2021-09-13T17:17:35	638	632	639	631
2021-09-13T17:18:05	639	633	641	633
2021-09-13T17:18:35	641	635	643	634
2021-09-13T17:19:05	642	635	643	635
2021-09-13T17:19:35	642	636	645	635
2021-09-13T17:20:05	644	637	646	638
2021-09-13T17:20:35	645	639	647	638
2021-09-13T17:21:05	645	639	648	639
2021-09-13T17:21:35	646	640	649	640
2021-09-13T17:22:05	647	642	650	641
2021-09-13T17:22:35	649	643	650	642
2021-09-13T17:23:05	647	643	651	644
2021-09-13T17:23:35	649	644	653	645
2021-09-13T17:24:05	651	646	653	645
2021-09-13T17:24:35	653	646	655	646
2021-09-13T17:25:05	652	648	656	648
2021-09-13T17:25:35	653	649	657	648
2021-09-13T17:26:05	656	649	657	650
2021-09-13T17:26:35	656	650	659	650
2021-09-13T17:27:05	657	651	660	652
2021-09-13T17:27:35	658	653	660	652
2021-09-13T17:28:05	658	653	661	653
2021-09-13T17:28:35	659	654	662	655
2021-09-13T17:29:05	660	655	664	655
2021-09-13T17:29:35	662	656	664	656
2021-09-13T17:30:05	661	657	665	657
2021-09-13T17:30:35	663	658	667	658
2021-09-13T17:31:05	664	659	666	659
2021-09-13T17:31:35	666	660	667	660
2021-09-13T17:32:05	667	661	668	661
2021-09-13T17:32:35	668	663	670	662
2021-09-13T17:33:05	670	663	670	663
2021-09-13T17:33:35	669	664	673	664
2021-09-13T17:34:05	671	665	673	665
2021-09-13T17:34:35	672	667	674	666
2021-09-13T17:35:05	672	667	675	667
2021-09-13T17:35:35	673	668	676	668
2021-09-13T17:36:05	673	669	677	670
2021-09-13T17:36:35	675	671	677	670
2021-09-13T17:37:05	675	671	678	672
2021-09-13T17:37:35	676	672	680	673
2021-09-13T17:38:05	678	673	681	673
2021-09-13T17:38:35	679	675	681	675
2021-09-13T17:39:05	680	675	682	676
2021-09-13T17:39:35	681	676	684	677
2021-09-13T17:40:05	683	677	684	677
2021-09-13T17:40:35	684	679	686	679
2021-09-13T17:41:05	685	680	686	680
2021-09-13T17:41:35	685	680	687	681
2021-09-13T17:42:05	685	681	688	682
2021-09-13T17:42:35	686	682	689	683
2021-09-13T17:43:05	687	683	691	684
2021-09-13T17:43:35	689	685	691	685
2021-09-13T17:44:05	689	686	691	686
2021-09-13T17:44:35	690	686	693	687
2021-09-13T17:45:05	691	687	694	688
2021-09-13T17:45:35	692	688	696	689
2021-09-13T17:46:05	695	690	697	690
2021-09-13T17:46:35	697	690	698	691
2021-09-13T17:47:05	695	691	698	692
2021-09-13T17:47:35	696	691	698	693
2021-09-13T17:48:05	697	693	700	695
2021-09-13T17:48:35	698	694	700	695
2021-09-13T17:49:05	700	695	703	696
2021-09-13T17:49:35	701	696	703	697
2021-09-13T17:50:05	701	697	704	698
2021-09-13T17:50:35	702	698	705	699
2021-09-13T17:51:05	704	699	706	700
2021-09-13T17:51:35	704	700	707	700
2021-09-13T17:52:05	705	701	708	701
2021-09-13T17:52:35	707	702	709	702
2021-09-13T17:53:05	708	703	710	703
2021-09-13T17:53:35	708	704	710	705
2021-09-13T17:54:05	709	705	712	706
2021-09-13T17:54:35	710	706	713	707
2021-09-13T17:55:05	711	707	714	708
2021-09-13T17:55:35	713	708	715	709
2021-09-13T17:56:05	714	709	715	710
2021-09-13T17:56:35	715	710	716	711
2021-09-13T17:57:05	715	711	717	712
2021-09-13T17:57:35	716	712	720	712
2021-09-13T17:58:05	717	713	720	713
2021-09-13T17:58:35	719	715	721	714
2021-09-13T17:59:05	720	715	722	717
2021-09-13T17:59:35	721	717	723	717
2021-09-13T18:00:05	722	718	723	718
2021-09-13T18:00:35	722	719	726	719
2021-09-13T18:01:05	723	720	727	720
2021-09-13T18:01:35	725	722	729	720
2021-09-13T18:02:05	726	721	727	723
2021-09-13T18:02:35	727	723	729	724
2021-09-13T18:03:05	727	723	730	724
2021-09-13T18:03:35	728	725	731	725
2021-09-13T18:04:05	729	725	733	726
2021-09-13T18:04:35	731	727	734	727
2021-09-13T18:05:05	733	728	734	728
2021-09-13T18:05:35	733	729	735	729
2021-09-13T18:06:05	732	730	736	729
2021-09-13T18:06:35	735	731	738	731
2021-09-13T18:07:05	736	732	739	732
2021-09-13T18:07:35	737	733	740	733
2021-09-13T18:08:05	738	734	741	733
2021-09-13T18:08:35	738	735	742	735
2021-09-13T18:09:05	738	736	742	736
2021-09-13T18:09:35	740	737	742	736
2021-09-13T18:10:05	741	738	745	738
2021-09-13T18:10:35	744	739	746	739
2021-09-13T18:11:05	744	740	746	740
2021-09-13T18:11:35	745	741	747	741
2021-09-13T18:12:05	747	742	748	741
2021-09-13T18:12:35	747	743	749	743
2021-09-13T18:13:05	747	744	750	744
2021-09-13T18:13:35	749	745	751	744
2021-09-13T18:14:05	750	746	753	746
2021-09-13T18:14:35	751	747	753	747
2021-09-13T18:15:05	753	749	755	748
2021-09-13T18:15:35	753	750	755	749
2021-09-13T18:16:05	753	751	756	750
2021-09-13T18:16:35	754	751	757	751
2021-09-13T18:17:05	757	752	759	752
2021-09-13T18:17:35	758	753	760	753
2021-09-13T18:18:05	759	755	761	754
2021-09-13T18:18:35	760	756	762	755
2021-09-13T18:19:05	760	757	762	756
2021-09-13T18:19:35	761	757	763	757
2021-09-13T18:20:05	763	758	765	758
2021-09-13T18:20:35	764	759	765	759
2021-09-13T18:21:05	764	760	767	760
2021-09-13T18:21:35	766	762	768	761
2021-09-13T18:22:05	766	763	769	761
2021-09-13T18:22:35	767	763	769	763
2021-09-13T18:23:05	768	764	770	764
2021-09-13T18:23:35	769	765	771	765
2021-09-13T18:24:05	770	766	772	766
2021-09-13T18:24:35	771	767	774	768
2021-09-13T18:25:05	773	768	774	768
2021-09-13T18:25:35	772	769	776	770
2021-09-13T18:26:05	774	770	777	770
2021-09-13T18:26:35	775	771	777	771
2021-09-13T18:27:05	776	772	779	772
2021-09-13T18:27:35	777	773	780	772
2021-09-13T18:28:05	778	774	780	773
2021-09-13T18:28:35	780	775	780	774
2021-09-13T18:29:05	780	775	781	775
2021-09-13T18:29:35	780	776	782	776
2021-09-13T18:30:05	781	777	784	779
2021-09-13T18:30:35	783	778	785	780
2021-09-13T18:31:05	784	780	787	779
2021-09-13T18:31:35	786	781	786	781
2021-09-13T18:32:05	786	781	787	782
2021-09-13T18:32:35	785	782	788	782
2021-09-13T18:33:05	787	783	790	783
2021-09-13T18:33:35	787	784	790	784
2021-09-13T18:34:05	789	785	792	785
2021-09-13T18:34:35	791	786	793	786
2021-09-13T18:35:05	792	787	793	787
2021-09-13T18:35:35	791	788	793	788
2021-09-13T18:36:05	793	789	795	789
2021-09-13T18:36:35	793	790	796	790
2021-09-13T18:37:05	796	791	798	792
2021-09-13T18:37:35	796	792	799	792
2021-09-13T18:38:05	797	793	798	793
2021-09-13T18:38:35	799	794	800	794
2021-09-13T18:39:05	798	795	801	795
2021-09-13T18:39:35	800	796	802	797
2021-09-13T18:40:05	800	797	803	798
2021-09-13T18:40:35	802	798	805	798
2021-09-13T18:41:05	803	799	804	800
2021-09-13T18:41:35	805	800	805	801
2021-09-13T18:42:05	803	800	806	802
2021-09-13T18:42:35	804	802	807	803
2021-09-13T18:43:05	805	803	808	804
2021-09-13T18:43:35	807	804	810	805
2021-09-13T18:44:05	808	805	810	806
2021-09-13T18:44:35	810	806	811	807
2021-09-13T18:45:05	810	807	812	808
2021-09-13T18:45:35	810	808	814	808
2021-09-13T18:46:05	811	809	814	810
2021-09-13T18:46:35	813	810	816	811
2021-09-13T18:47:05	814	810	816	812
2021-09-13T18:47:35	815	812	818	813
2021-09-13T18:48:05	816	813	819	813
2021-09-13T18:48:35	816	815	819	815
2021-09-13T18:49:05	818	816	821	816
2021-09-13T18:49:35	818	817	821	817
2021-09-13T18:50:05	820	817	822	818
2021-09-13T18:50:35	820	819	824	819
2021-09-13T18:51:05	822	820	825	820
2021-09-13T18:51:35	822	820	826	821
2021-09-13T18:52:05	823	821	828	822
2021-09-13T18:52:35	824	822	828	823
2021-09-13T18:53:05	825	822	828	823
2021-09-13T18:53:35	826	824	830	824
2021-09-13T18:54:05	828	825	832	825
2021-09-13T18:54:35	829	826	831	827
2021-09-13T18:55:05	830	827	832	828
2021-09-13T18:55:35	830	828	833	829
2021-09-13T18:56:05	832	829	834	829
2021-09-13T18:56:35	832	830	837	830
2021-09-13T18:57:05	833	831	838	831
2021-09-13T18:57:35	836	832	838	832
2021-09-13T18:58:05	837	833	839	834
2021-09-13T18:58:35	838	834	840	835
2021-09-13T18:59:05	838	835	841	836
2021-09-13T18:59:35	838	836	842	837
2021-09-13T19:00:05	840	837	843	838
2021-09-13T19:00:35	844	838	845	839
2021-09-13T19:01:05	843	839	846	840
2021-09-13T19:01:35	844	840	847	840
2021-09-13T19:02:05	845	841	846	842
2021-09-13T19:02:35	845	842	847	842
2021-09-13T19:03:05	846	843	850	843
2021-09-13T19:03:35	846	843	851	844
2021-09-13T19:04:05	850	844	851	845
2021-09-13T19:04:35	851	845	853	846
2021-09-13T19:05:05	850	847	852	847
2021-09-13T19:05:35	852	848	854	848
2021-09-13T19:06:05	852	849	855	849
2021-09-13T19:06:35	854	849	856	850
2021-09-13T19:07:05	855	851	858	851
2021-09-13T19:07:35	856	852	858	852
2021-09-13T19:08:05	856	852	860	853
2021-09-13T19:08:35	856	853	860	854
2021-09-13T19:09:05	857	854	862	855
2021-09-13T19:09:35	858	855	862	856
2021-09-13T19:10:05	861	856	864	857
2021-09-13T19:10:35	863	858	865	858
2021-09-13T19:11:05	864	859	865	859
2021-09-13T19:11:35	864	860	866	860
2021-09-13T19:12:05	865	860	867	861
2021-09-13T19:12:35	866	862	869	862
2021-09-13T19:13:05	867	863	870	864
2021-09-13T19:13:35	868	864	870	864
2021-09-13T19:14:05	869	865	871	865
2021-09-13T19:14:35	870	866	872	866
2021-09-13T19:15:05	871	867	873	867
2021-09-13T19:15:35	872	868	874	868
2021-09-13T19:16:05	872	869	875	869
2021-09-13T19:16:35	873	870	876	870
2021-09-13T19:17:05	875	871	877	871
2021-09-13T19:17:35	876	872	879	872
2021-09-13T19:18:05	877	873	879	873
2021-09-13T19:18:35	879	874	879	874
2021-09-13T19:19:05	880	875	880	875
2021-09-13T19:19:35	879	876	882	876
2021-09-13T19:20:05	880	877	883	877
2021-09-13T19:20:35	882	878	884	878
2021-09-13T19:21:05	883	879	885	879
2021-09-13T19:21:35	885	880	885	880
2021-09-13T19:22:05	886	881	886	881
2021-09-13T19:22:35	884	882	887	882
2021-09-13T19:23:05	886	883	888	883
2021-09-13T19:23:35	887	884	890	884
2021-09-13T19:24:05	889	885	891	885
2021-09-13T19:24:35	890	886	891	886
2021-09-13T19:25:05	892	887	892	888
2021-09-13T19:25:35	890	888	893	888
2021-09-13T19:26:05	891	889	894	889
2021-09-13T19:26:35	892	890	895	890
2021-09-13T19:27:05	895	891	897	892
2021-09-13T19:27:35	896	892	899	892
2021-09-13T19:28:05	897	894	898	893
2021-09-13T19:28:35	898	894	899	895
2021-09-13T19:29:05	899	895	900	896
2021-09-13T19:29:35	900	897	903	897
2021-09-13T19:30:05	899	897	901	898
2021-09-13T19:30:35	899	897	901	898
2021-09-13T19:31:05	899	897	902	898
2021-09-13T19:31:35	898	897	901	898
2021-09-13T19:32:05	899	897	901	898
2021-09-13T19:32:35	898	898	902	899
2021-09-13T19:33:05	898	898	903	899
2021-09-13T19:33:35	900	898	903	899
2021-09-13T19:34:05	900	898	903	899
2021-09-13T19:34:35	900	898	902	899
2021-09-13T19:35:05	901	899	903	899
2021-09-13T19:35:35	899	899	903	899
2021-09-13T19:36:05	901	900	902	899
2021-09-13T19:36:35	898	899	901	899
2021-09-13T19:37:05	899	899	902	899
2021-09-13T19:37:35	899	900	901	899
2021-09-13T19:38:05	898	898	901	899
2021-09-13T19:38:35	900	900	902	899
2021-09-13T19:39:05	900	900	903	899
2021-09-13T19:39:35	900	900	902	899
2021-09-13T19:40:05	901	900	903	899
2021-09-13T19:40:35	900	900	903	899
2021-09-13T19:41:05	900	900	902	899
2021-09-13T19:41:35	899	900	902	899
2021-09-13T19:42:05	898	899	902	899
2021-09-13T19:42:35	899	899	902	899
2021-09-13T19:43:05	900	900	901	899
2021-09-13T19:43:35	901	899	902	899
2021-09-13T19:44:05	899	900	902	899
2021-09-13T19:44:35	899	900	903	899
2021-09-13T19:45:05	898	899	903	899
2021-09-13T19:45:35	898	899	901	899
2021-09-13T19:46:05	899	899	902	899
2021-09-13T19:46:35	899	899	901	899
2021-09-13T19:47:05	899	899	901	899
2021-09-13T19:47:35	899	899	901	900
2021-09-13T19:48:05	899	899	902	900
2021-09-13T19:48:35	899	899	902	900
2021-09-13T19:49:05	900	899	902	900
2021-09-13T19:49:35	900	899	901	900
2021-09-13T19:50:05	900	899	901	900
2021-09-13T19:50:35	900	899	902	899
2021-09-13T19:51:05	899	899	902	900
2021-09-13T19:51:35	899	899	902	900
2021-09-13T19:52:05	899	899	903	900
2021-09-13T19:52:35	900	900	903	900
2021-09-13T19:53:05	900	899	902	900
2021-09-13T19:53:35	901	899	902	900
2021-09-13T19:54:05	901	899	903	900
2021-09-13T19:54:35	899	899	903	900
2021-09-13T19:55:05	899	899	902	900
2021-09-13T19:55:35	900	899	903	900
2021-09-13T19:56:05	900	899	903	899
2021-09-13T19:56:35	899	899	903	899
2021-09-13T19:57:05	899	899	903	900
2021-09-13T19:57:35	899	899	902	899
2021-09-13T19:58:05	901	899	903	899
2021-09-13T19:58:35	901	899	903	900
2021-09-13T19:59:05	901	899	902	899
2021-09-13T19:59:35	899	899	903	899
2021-09-13T20:00:05	900	899	903	900
2021-09-13T20:00:35	900	899	901	900
2021-09-13T20:01:05	900	899	903	900
2021-09-13T20:01:35	899	899	902	899
2021-09-13T20:02:05	899	899	901	900
2021-09-13T20:02:35	900	899	903	899
2021-09-13T20:03:05	900	900	902	899
2021-09-13T20:03:35	900	900	903	899
2021-09-13T20:04:05	899	899	902	899
2021-09-13T20:04:35	899	900	903	899
2021-09-13T20:05:05	900	900	902	899
2021-09-13T20:05:35	900	900	902	899
2021-09-13T20:06:05	900	900	902	900
2021-09-13T20:06:35	900	900	902	899
2021-09-13T20:07:05	900	900	901	899
2021-09-13T20:07:35	900	900	901	899
2021-09-13T20:08:05	900	900	902	899
2021-09-13T20:08:35	900	900	901	899
2021-09-13T20:09:05	899	900	902	899
2021-09-13T20:09:35	900	900	901	899
2021-09-13T20:10:05	898	900	902	899
2021-09-13T20:10:35	899	899	903	899
2021-09-13T20:11:05	899	900	903	899
2021-09-13T20:11:35	900	900	902	899
2021-09-13T20:12:05	900	900	902	899
2021-09-13T20:12:35	898	900	902	899
2021-09-13T20:13:05	899	899	903	899
2021-09-13T20:13:35	901	900	901	899
2021-09-13T20:14:05	900	899	902	899
2021-09-13T20:14:35	900	900	902	899
2021-09-13T20:15:05	899	899	902	899
2021-09-13T20:15:35	900	899	902	899
2021-09-13T20:16:05	901	900	903	899
2021-09-13T20:16:35	900	900	902	899
2021-09-13T20:17:05	899	899	903	899
2021-09-13T20:17:35	900	900	903	899
2021-09-13T20:18:05	901	900	902	899
2021-09-13T20:18:35	900	900	903	899
2021-09-13T20:19:05	899	899	903	899
2021-09-13T20:19:35	899	899	903	899
2021-09-13T20:20:05	899	900	902	899
2021-09-13T20:20:35	900	899	902	899
2021-09-13T20:21:05	899	900	903	899
2021-09-13T20:21:35	899	899	903	899
2021-09-13T20:22:05	900	900	901	899
2021-09-13T20:22:35	901	900	901	899
2021-09-13T20:23:05	899	900	902	899
2021-09-13T20:23:35	899	900	901	899
2021-09-13T20:24:05	900	900	901	899
2021-09-13T20:24:35	900	899	902	899
2021-09-13T20:25:05	899	900	902	899
2021-09-13T20:25:35	900	900	902	899
2021-09-13T20:26:05	901	901	903	899
2021-09-13T20:26:35	900	900	903	899
2021-09-13T20:27:05	900	901	902	899
2021-09-13T20:27:35	899	900	902	899
2021-09-13T20:28:05	899	901	902	899
2021-09-13T20:28:35	900	901	902	899
2021-09-13T20:29:05	899	901	902	899
2021-09-13T20:29:35	899	901	902	899
2021-09-13T20:30:05	899	901	903	899
2021-09-13T20:30:35	900	901	902	900
2021-09-13T20:31:05	899	901	902	899
2021-09-13T20:31:35	899	901	903	900
2021-09-13T20:32:05	899	901	901	900
2021-09-13T20:32:35	900	901	902	899
2021-09-13T20:33:05	899	901	902	900
2021-09-13T20:33:35	899	901	902	900
2021-09-13T20:34:05	899	901	902	900
2021-09-13T20:34:35	901	901	902	900
2021-09-13T20:35:05	898	901	902	900
2021-09-13T20:35:35	899	901	902	900
2021-09-13T20:36:05	901	901	903	900
2021-09-13T20:36:35	899	901	902	900
2021-09-13T20:37:05	899	901	901	900
2021-09-13T20:37:35	901	902	903	900
2021-09-13T20:38:05	900	901	902	900
2021-09-13T20:38:35	899	901	902	900
2021-09-13T20:39:05	899	901	904	900
2021-09-13T20:39:35	901	901	904	900
2021-09-13T20:40:05	900	901	903	900
2021-09-13T20:40:35	898	901	902	900
2021-09-13T20:41:05	902	901	902	900
2021-09-13T20:41:35	900	901	902	900
2021-09-13T20:42:05	899	901	902	900
2021-09-13T20:42:35	899	901	903	900
2021-09-13T20:43:05	900	901	903	900
2021-09-13T20:43:35	901	901	903	900
2021-09-13T20:44:05	901	901	903	900
2021-09-13T20:44:35	901	901	903	899
2021-09-13T20:45:05	902	900	903	899
2021-09-13T20:45:35	900	901	903	900
2021-09-13T20:46:05	900	901	902	900
2021-09-13T20:46:35	899	901	903	900
2021-09-13T20:47:05	900	901	903	900
2021-09-13T20:47:35	899	900	902	900
2021-09-13T20:48:05	900	902	902	899
2021-09-13T20:48:35	899	902	902	900
2021-09-13T20:49:05	901	902	902	900
2021-09-13T20:49:35	900	901	902	900
2021-09-13T20:50:05	898	901	902	899
2021-09-13T20:50:35	899	902	903	900
2021-09-13T20:51:05	900	902	902	900
2021-09-13T20:51:35	899	901	901	900
2021-09-13T20:52:05	900	902	903	900
2021-09-13T20:52:35	898	902	902	899
2021-09-13T20:53:05	900	902	902	900
2021-09-13T20:53:35	901	902	902	899
2021-09-13T20:54:05	899	902	903	900
2021-09-13T20:54:35	900	902	903	900
2021-09-13T20:55:05	901	902	903	899
2021-09-13T20:55:35	899	902	903	900
2021-09-13T20:56:05	900	902	903	900
2021-09-13T20:56:35	901	902	903	900
2021-09-13T20:57:05	899	902	903	900
2021-09-13T20:57:35	900	901	902	900
2021-09-13T20:58:05	900	902	903	900
2021-09-13T20:58:35	899	902	903	900
2021-09-13T20:59:05	901	902	903	900
2021-09-13T20:59:35	899	902	903	900
2021-09-13T21:00:05	841	885	876	897
2021-09-13T21:00:35	733	781	816	876
2021-09-13T21:01:05	647	725	746	823
2021-09-13T21:01:35	531	604	629	747
2021-09-13T21:02:05	476	521	577	702
2021-09-13T21:02:35	439	485	556	647
2021-09-13T21:03:05	424	444	529	607
2021-09-13T21:03:35	394	420	502	576
2021-09-13T21:04:05	376	398	487	558
2021-09-13T21:04:35	362	387	471	533
2021-09-13T21:05:05	348	371	454	510
2021-09-13T21:05:35	333	354	437	496
2021-09-13T21:06:05	321	344	426	474
2021-09-13T21:06:35	313	333	416	457
2021-09-13T21:07:05	304	320	399	440
2021-09-13T21:07:35	296	310	392	428
2021-09-13T21:08:05	288	304	387	414
2021-09-13T21:08:35	280	294	375	401
2021-09-13T21:09:05	270	287	363	392
2021-09-13T21:09:35	263	281	357	381
2021-09-13T21:10:05	256	273	350	370
