time	T1	T2	T3	T4
2021-07-07T18:39:42	29	28	30	28
2021-07-07T18:40:12	28	28	30	28
2021-07-07T18:40:42	29	28	30	28
2021-07-07T18:41:12	29	28	30	28
2021-07-07T18:41:42	29	28	30	28
2021-07-07T18:42:12	28	28	30	28
2021-07-07T18:42:42	28	28	30	28
2021-07-07T18:43:12	28	28	30	28
2021-07-07T18:43:42	28	28	30	28
2021-07-07T18:44:12	28	28	30	28
2021-07-07T18:44:42	28	28	30	28
2021-07-07T18:45:12	28	28	30	28
2021-07-07T18:45:42	28	28	30	28
2021-07-07T18:46:12	29	28	31	28
2021-07-07T18:46:42	29	28	31	28
2021-07-07T18:47:12	29	28	31	28
2021-07-07T18:47:42	29	29	32	28
2021-07-07T18:48:12	30	30	33	28
2021-07-07T18:48:42	32	35	37	29
2021-07-07T18:49:12	34	37	38	29
2021-07-07T18:49:42	34	37	38	30
2021-07-07T18:50:12	34	36	39	31
2021-07-07T18:50:42	34	36	38	31
2021-07-07T18:51:12	38	37	39	32
2021-07-07T18:51:42	40	37	39	32
2021-07-07T18:52:12	42	41	43	33
2021-07-07T18:52:42	43	42	44	34
2021-07-07T18:53:12	44	42	44	35
2021-07-07T18:53:42	44	42	44	36
2021-07-07T18:54:12	43	42	44	36
2021-07-07T18:54:42	45	47	49	37
2021-07-07T18:55:12	46	48	50	38
2021-07-07T18:55:42	46	47	49	39
2021-07-07T18:56:12	45	47	49	39
2021-07-07T18:56:42	49	48	51	40
2021-07-07T18:57:12	51	51	53	41
2021-07-07T18:57:42	53	51	53	42
2021-07-07T18:58:12	52	50	52	42
2021-07-07T18:58:42	53	54	55	43
2021-07-07T18:59:14	54	56	58	44
2021-07-07T18:59:43	54	55	57	45
2021-07-07T19:00:13	54	54	56	46
2021-07-07T19:00:43	56	57	60	46
2021-07-07T19:01:13	59	59	62	47
2021-07-07T19:01:43	59	60	62	48
2021-07-07T19:02:13	59	59	61	49
2021-07-07T19:02:43	59	59	62	50
2021-07-07T19:03:13	60	62	65	50
2021-07-07T19:03:43	60	61	64	51
2021-07-07T19:04:13	62	62	66	51
2021-07-07T19:04:43	66	65	68	52
2021-07-07T19:05:13	67	65	68	53
2021-07-07T19:05:43	66	65	67	54
2021-07-07T19:06:13	67	67	70	55
2021-07-07T19:06:43	69	69	72	56
2021-07-07T19:07:13	68	69	71	57
2021-07-07T19:07:43	68	70	74	57
2021-07-07T19:08:13	73	72	76	58
2021-07-07T19:08:43	75	73	75	59
2021-07-07T19:09:13	74	72	74	60
2021-07-07T19:09:43	73	72	75	61
2021-07-07T19:10:13	76	76	79	62
2021-07-07T19:10:43	75	75	78	63
2021-07-07T19:11:13	75	76	78	63
2021-07-07T19:11:43	76	78	80	64
2021-07-07T19:12:13	76	77	80	65
2021-07-07T19:12:43	79	78	81	66
2021-07-07T19:13:13	80	80	84	67
2021-07-07T19:13:43	81	82	84	67
2021-07-07T19:14:13	82	81	84	68
2021-07-07T19:14:43	83	83	87	69
2021-07-07T19:15:13	82	85	87	70
2021-07-07T19:15:43	86	85	87	71
2021-07-07T19:16:13	86	86	89	71
2021-07-07T19:16:43	89	89	93	72
2021-07-07T19:17:13	89	89	92	73
2021-07-07T19:17:43	89	87	90	74
2021-07-07T19:18:13	89	90	95	75
2021-07-07T19:18:43	89	90	93	76
2021-07-07T19:19:13	92	91	94	77
2021-07-07T19:19:43	96	93	96	78
2021-07-07T19:20:13	97	94	96	78
2021-07-07T19:20:43	96	95	97	79
2021-07-07T19:21:13	96	96	100	80
2021-07-07T19:21:43	96	98	100	81
2021-07-07T19:22:13	96	98	99	82
2021-07-07T19:22:43	100	101	105	83
2021-07-07T19:23:13	102	101	103	84
2021-07-07T19:23:43	101	100	102	84
2021-07-07T19:24:13	102	103	106	85
2021-07-07T19:24:43	103	104	108	86
2021-07-07T19:25:13	102	102	106	87
2021-07-07T19:25:43	105	103	108	87
2021-07-07T19:26:13	107	105	109	88
2021-07-07T19:26:43	107	105	108	89
2021-07-07T19:27:13	109	109	113	90
2021-07-07T19:27:43	109	112	114	91
2021-07-07T19:28:13	109	111	113	92
2021-07-07T19:28:43	109	110	112	93
2021-07-07T19:29:13	113	111	116	93
2021-07-07T19:29:43	116	112	118	94
2021-07-07T19:30:13	116	112	117	96
2021-07-07T19:30:43	115	113	117	96
2021-07-07T19:31:13	117	117	119	97
2021-07-07T19:31:43	117	115	118	98
2021-07-07T19:32:13	117	117	122	99
2021-07-07T19:32:43	117	119	122	101
2021-07-07T19:33:13	118	119	121	100
2021-07-07T19:33:43	123	120	123	101
2021-07-07T19:34:13	123	119	124	102
2021-07-07T19:34:43	124	120	124	103
2021-07-07T19:35:13	127	125	131	104
2021-07-07T19:35:43	127	126	129	105
2021-07-07T19:36:13	126	125	126	106
2021-07-07T19:36:43	126	126	129	107
2021-07-07T19:37:13	127	129	130	108
2021-07-07T19:37:43	127	129	133	109
2021-07-07T19:38:13	128	127	132	109
2021-07-07T19:38:43	130	128	134	110
2021-07-07T19:39:13	130	131	134	111
2021-07-07T19:39:43	132	131	134	112
2021-07-07T19:40:13	132	132	134	114
2021-07-07T19:40:43	136	133	139	114
2021-07-07T19:41:13	135	134	137	115
2021-07-07T19:41:43	137	135	140	115
2021-07-07T19:42:13	138	139	144	117
2021-07-07T19:42:43	139	140	144	118
2021-07-07T19:43:13	138	139	140	118
2021-07-07T19:43:43	139	140	143	119
2021-07-07T19:44:13	138	142	144	121
2021-07-07T19:44:43	142	144	144	120
2021-07-07T19:45:13	143	144	149	122
2021-07-07T19:45:43	143	145	147	123
2021-07-07T19:46:13	142	143	145	124
2021-07-07T19:46:43	146	148	156	125
2021-07-07T19:47:13	147	149	152	125
2021-07-07T19:47:43	147	147	152	126
2021-07-07T19:48:13	147	146	149	126
2021-07-07T19:48:43	148	150	154	128
2021-07-07T19:49:13	147	149	153	128
2021-07-07T19:49:43	149	148	153	128
2021-07-07T19:50:13	152	150	152	130
2021-07-07T19:50:43	152	152	154	131
2021-07-07T19:51:13	154	153	155	132
2021-07-07T19:51:43	153	156	157	132
2021-07-07T19:52:13	154	155	158	133
2021-07-07T19:52:43	153	154	157	134
2021-07-07T19:53:13	158	155	159	135
2021-07-07T19:53:43	158	156	159	135
2021-07-07T19:54:13	161	161	165	136
2021-07-07T19:54:43	161	162	164	138
2021-07-07T19:55:13	158	160	162	139
2021-07-07T19:55:43	159	160	165	138
2021-07-07T19:56:13	163	162	167	139
2021-07-07T19:56:43	162	161	163	140
2021-07-07T19:57:13	163	164	166	141
2021-07-07T19:57:43	163	163	165	141
2021-07-07T19:58:13	163	164	167	142
2021-07-07T19:58:43	165	165	169	144
2021-07-07T19:59:13	165	166	169	145
2021-07-07T19:59:43	166	167	171	144
2021-07-07T20:00:13	167	170	171	146
2021-07-07T20:00:43	167	171	171	147
2021-07-07T20:01:13	168	171	172	148
2021-07-07T20:01:43	167	171	175	148
2021-07-07T20:02:13	175	172	180	149
2021-07-07T20:02:43	177	173	177	150
2021-07-07T20:03:13	178	171	176	152
2021-07-07T20:03:43	179	173	179	153
2021-07-07T20:04:13	177	176	178	154
2021-07-07T20:04:43	178	174	176	154
2021-07-07T20:05:13	177	177	181	155
2021-07-07T20:05:43	177	176	179	156
2021-07-07T20:06:13	177	178	183	156
2021-07-07T20:06:43	176	179	180	157
2021-07-07T20:07:13	178	180	184	157
2021-07-07T20:07:43	181	181	184	158
2021-07-07T20:08:13	177	180	184	158
2021-07-07T20:08:43	182	180	184	159
2021-07-07T20:09:13	183	181	184	160
2021-07-07T20:09:43	184	183	187	161
2021-07-07T20:10:13	185	185	186	162
2021-07-07T20:10:43	185	186	190	163
2021-07-07T20:11:13	183	186	188	163
2021-07-07T20:11:43	185	187	189	164
2021-07-07T20:12:13	188	188	189	165
2021-07-07T20:12:43	187	190	194	166
2021-07-07T20:13:13	187	189	192	166
2021-07-07T20:13:43	192	190	195	167
2021-07-07T20:14:13	192	192	195	167
2021-07-07T20:14:43	191	191	193	169
2021-07-07T20:15:13	190	192	196	169
2021-07-07T20:15:43	194	194	198	170
2021-07-07T20:16:13	194	194	197	171
2021-07-07T20:16:43	194	195	198	172
2021-07-07T20:17:13	195	197	201	172
2021-07-07T20:17:43	195	196	198	173
2021-07-07T20:18:13	197	199	205	174
2021-07-07T20:18:43	199	199	202	175
2021-07-07T20:19:13	198	198	202	175
2021-07-07T20:19:43	198	199	204	176
2021-07-07T20:20:13	199	198	203	177
2021-07-07T20:20:43	203	201	205	178
2021-07-07T20:21:13	204	202	205	179
2021-07-07T20:21:43	202	203	207	179
2021-07-07T20:22:13	202	205	209	180
2021-07-07T20:22:43	204	204	207	181
2021-07-07T20:23:13	206	205	209	181
2021-07-07T20:23:43	205	206	210	182
2021-07-07T20:24:13	206	208	211	183
2021-07-07T20:24:43	207	210	211	184
2021-07-07T20:25:13	206	209	211	184
2021-07-07T20:25:43	209	209	213	185
2021-07-07T20:26:13	214	210	214	186
2021-07-07T20:26:43	215	211	213	187
2021-07-07T20:27:13	214	211	216	188
2021-07-07T20:27:43	214	213	215	188
2021-07-07T20:28:13	213	213	216	189
2021-07-07T20:28:43	213	214	217	190
2021-07-07T20:29:13	218	217	221	191
2021-07-07T20:29:43	216	217	221	192
2021-07-07T20:30:13	216	216	219	192
2021-07-07T20:30:43	216	220	223	193
2021-07-07T20:31:13	219	218	223	194
2021-07-07T20:31:43	219	220	223	195
2021-07-07T20:32:13	220	221	223	195
2021-07-07T20:32:43	222	221	224	196
2021-07-07T20:33:13	222	223	229	198
2021-07-07T20:33:43	221	223	226	198
2021-07-07T20:34:13	223	223	226	198
2021-07-07T20:34:43	227	224	229	200
2021-07-07T20:35:13	228	225	229	201
2021-07-07T20:35:43	227	227	230	201
2021-07-07T20:36:13	227	227	228	202
2021-07-07T20:36:43	227	228	231	203
2021-07-07T20:37:13	228	229	234	204
2021-07-07T20:37:43	229	229	233	205
2021-07-07T20:38:13	229	231	232	205
2021-07-07T20:38:43	229	231	233	206
2021-07-07T20:39:13	232	232	237	207
2021-07-07T20:39:43	233	233	237	208
2021-07-07T20:40:13	234	233	239	208
2021-07-07T20:40:43	233	233	235	209
2021-07-07T20:41:13	236	237	241	210
2021-07-07T20:41:43	235	236	238	211
2021-07-07T20:42:13	237	237	243	211
2021-07-07T20:42:43	239	237	240	212
2021-07-07T20:43:13	238	238	242	213
2021-07-07T20:43:43	239	239	243	214
2021-07-07T20:44:13	239	241	244	214
2021-07-07T20:44:43	238	239	242	215
2021-07-07T20:45:13	245	244	248	216
2021-07-07T20:45:43	244	242	245	217
2021-07-07T20:46:13	245	242	247	218
2021-07-07T20:46:43	245	244	249	219
2021-07-07T20:47:13	244	246	250	220
2021-07-07T20:47:43	246	245	251	220
2021-07-07T20:48:13	249	247	251	221
2021-07-07T20:48:43	249	248	251	223
2021-07-07T20:49:13	249	247	253	223
2021-07-07T20:49:43	249	250	252	223
2021-07-07T20:50:13	249	249	250	224
2021-07-07T20:50:43	251	252	255	225
2021-07-07T20:51:13	250	252	256	226
2021-07-07T20:51:43	253	252	256	226
2021-07-07T20:52:13	256	253	256	228
2021-07-07T20:52:43	256	255	259	228
2021-07-07T20:53:13	256	255	256	229
2021-07-07T20:53:43	255	257	260	230
2021-07-07T20:54:13	256	256	258	231
2021-07-07T20:54:43	258	260	263	232
2021-07-07T20:55:13	258	258	260	232
2021-07-07T20:55:43	259	258	261	233
2021-07-07T20:56:13	260	258	263	234
2021-07-07T20:56:43	264	261	265	236
2021-07-07T20:57:13	265	262	266	236
2021-07-07T20:57:43	262	262	264	236
2021-07-07T20:58:13	263	263	266	237
2021-07-07T20:58:43	264	263	266	238
2021-07-07T20:59:13	264	265	270	238
2021-07-07T20:59:43	266	265	269	239
2021-07-07T21:00:13	267	267	267	240
2021-07-07T21:00:43	268	267	270	241
2021-07-07T21:01:13	269	269	273	241
2021-07-07T21:01:43	266	269	274	242
2021-07-07T21:02:13	268	269	274	243
2021-07-07T21:02:43	274	270	274	244
2021-07-07T21:03:13	273	271	275	245
2021-07-07T21:03:43	272	273	276	245
2021-07-07T21:04:13	270	272	277	246
2021-07-07T21:04:43	274	273	278	247
2021-07-07T21:05:13	278	273	276	248
2021-07-07T21:05:43	278	275	282	249
2021-07-07T21:06:13	278	275	280	250
2021-07-07T21:06:43	276	278	282	250
2021-07-07T21:07:13	280	279	284	251
2021-07-07T21:07:43	278	278	281	252
2021-07-07T21:08:13	281	279	285	253
2021-07-07T21:08:43	281	278	283	253
2021-07-07T21:09:13	279	281	286	254
2021-07-07T21:09:43	282	283	288	255
2021-07-07T21:10:13	282	282	286	256
2021-07-07T21:10:43	282	283	289	257
2021-07-07T21:11:13	286	284	292	257
2021-07-07T21:11:43	288	285	290	258
2021-07-07T21:12:13	286	285	292	259
2021-07-07T21:12:43	286	286	291	260
2021-07-07T21:13:13	289	286	292	261
2021-07-07T21:13:43	290	288	292	262
2021-07-07T21:14:13	291	289	292	262
2021-07-07T21:14:44	292	291	299	263
2021-07-07T21:15:14	290	290	293	264
2021-07-07T21:15:44	294	290	297	265
2021-07-07T21:16:14	293	291	296	265
2021-07-07T21:16:44	293	293	297	266
2021-07-07T21:17:14	299	293	299	267
2021-07-07T21:17:44	296	293	299	268
2021-07-07T21:18:14	298	295	301	270
2021-07-07T21:18:44	296	295	301	270
2021-07-07T21:19:14	295	296	301	270
2021-07-07T21:19:44	301	297	302	271
2021-07-07T21:20:14	301	299	305	272
2021-07-07T21:20:44	303	298	301	273
2021-07-07T21:21:14	302	301	309	275
2021-07-07T21:21:44	302	300	305	274
2021-07-07T21:22:14	303	301	308	275
2021-07-07T21:22:44	301	299	305	276
2021-07-07T21:23:14	308	303	313	276
2021-07-07T21:23:44	306	303	308	277
2021-07-07T21:24:14	304	304	310	278
2021-07-07T21:24:44	306	307	312	279
2021-07-07T21:25:14	310	305	310	280
2021-07-07T21:25:44	309	307	311	281
2021-07-07T21:26:14	308	306	312	282
2021-07-07T21:26:44	312	310	316	283
2021-07-07T21:27:14	311	307	312	283
2021-07-07T21:27:44	315	310	318	284
2021-07-07T21:28:14	314	311	314	285
2021-07-07T21:28:44	313	312	316	286
2021-07-07T21:29:14	314	312	318	286
2021-07-07T21:29:44	317	313	320	287
2021-07-07T21:30:14	317	314	321	288
2021-07-07T21:30:44	318	315	322	289
2021-07-07T21:31:14	320	314	319	290
2021-07-07T21:31:44	318	317	324	291
2021-07-07T21:32:14	318	316	322	291
2021-07-07T21:32:44	323	317	324	292
2021-07-07T21:33:14	323	317	325	293
2021-07-07T21:33:44	321	318	326	294
2021-07-07T21:34:14	320	319	326	294
2021-07-07T21:34:44	324	321	328	295
2021-07-07T21:35:14	324	321	330	296
2021-07-07T21:35:44	325	322	331	297
2021-07-07T21:36:14	327	325	331	298
2021-07-07T21:36:44	329	325	332	299
2021-07-07T21:37:14	328	323	330	300
2021-07-07T21:37:44	329	325	331	300
2021-07-07T21:38:14	329	325	332	301
2021-07-07T21:38:44	332	325	331	302
2021-07-07T21:39:14	332	330	338	303
2021-07-07T21:39:44	333	328	337	303
2021-07-07T21:40:14	332	328	335	304
2021-07-07T21:40:44	332	333	342	305
2021-07-07T21:41:14	335	331	337	306
2021-07-07T21:41:44	335	331	341	307
2021-07-07T21:42:14	337	333	339	307
2021-07-07T21:42:44	341	334	343	308
2021-07-07T21:43:14	337	333	340	309
2021-07-07T21:43:44	340	336	344	310
2021-07-07T21:44:14	339	333	342	311
2021-07-07T21:44:44	339	337	346	312
2021-07-07T21:45:14	342	337	344	312
2021-07-07T21:45:44	342	336	345	313
2021-07-07T21:46:14	344	338	345	314
2021-07-07T21:46:44	344	339	346	315
2021-07-07T21:47:14	343	340	346	315
2021-07-07T21:47:44	347	340	348	316
2021-07-07T21:48:14	348	341	349	317
2021-07-07T21:48:44	345	342	350	318
2021-07-07T21:49:14	349	342	352	318
2021-07-07T21:49:44	347	343	350	319
2021-07-07T21:50:14	350	344	354	320
2021-07-07T21:50:44	351	343	352	321
2021-07-07T21:51:14	350	344	356	322
2021-07-07T21:51:44	350	345	355	323
2021-07-07T21:52:14	356	347	359	323
2021-07-07T21:52:44	355	347	356	324
2021-07-07T21:53:14	354	350	358	325
2021-07-07T21:53:44	357	350	359	326
2021-07-07T21:54:14	355	351	359	327
2021-07-07T21:54:44	358	352	360	328
2021-07-07T21:55:14	356	350	360	328
2021-07-07T21:55:44	357	354	365	329
2021-07-07T21:56:14	363	353	361	330
2021-07-07T21:56:44	361	354	364	331
2021-07-07T21:57:14	359	355	365	332
2021-07-07T21:57:44	362	356	364	332
2021-07-07T21:58:14	362	359	368	333
2021-07-07T21:58:44	362	359	365	334
2021-07-07T21:59:14	367	359	368	335
2021-07-07T21:59:44	366	359	368	336
2021-07-07T22:00:14	365	359	369	336
2021-07-07T22:00:44	368	360	372	337
2021-07-07T22:01:14	367	361	370	338
2021-07-07T22:01:44	368	364	373	338
2021-07-07T22:02:14	370	364	372	339
2021-07-07T22:02:44	367	364	374	340
2021-07-07T22:03:14	371	364	375	341
2021-07-07T22:03:44	372	364	376	342
2021-07-07T22:04:14	373	366	377	343
2021-07-07T22:04:44	375	367	376	344
2021-07-07T22:05:14	374	367	376	344
2021-07-07T22:05:44	376	368	379	345
2021-07-07T22:06:14	374	368	378	346
2021-07-07T22:06:44	381	367	380	347
2021-07-07T22:07:14	377	368	382	347
2021-07-07T22:07:44	380	369	380	348
2021-07-07T22:08:14	379	371	384	350
2021-07-07T22:08:44	381	370	383	350
2021-07-07T22:09:14	380	373	387	351
2021-07-07T22:09:44	384	372	383	352
2021-07-07T22:10:14	382	375	388	352
2021-07-07T22:10:44	386	374	386	353
2021-07-07T22:11:14	385	373	385	354
2021-07-07T22:11:44	384	378	392	355
2021-07-07T22:12:14	387	376	387	355
2021-07-07T22:12:44	387	378	391	356
2021-07-07T22:13:14	387	380	390	356
2021-07-07T22:13:44	386	380	394	357
2021-07-07T22:14:14	392	379	392	358
2021-07-07T22:14:44	391	381	395	359
2021-07-07T22:15:14	389	381	392	360
2021-07-07T22:15:44	391	381	395	361
2021-07-07T22:16:14	392	383	398	362
2021-07-07T22:16:44	393	383	397	362
2021-07-07T22:17:14	398	385	398	363
2021-07-07T22:17:44	394	384	399	364
2021-07-07T22:18:14	396	388	400	365
2021-07-07T22:18:44	395	386	397	366
2021-07-07T22:19:14	399	387	401	367
2021-07-07T22:19:44	397	388	401	366
2021-07-07T22:20:14	398	390	404	367
2021-07-07T22:20:44	401	390	404	369
2021-07-07T22:21:14	402	392	405	371
2021-07-07T22:21:44	402	391	406	371
2021-07-07T22:22:14	403	392	406	371
2021-07-07T22:22:44	403	392	407	372
2021-07-07T22:23:14	404	393	408	373
2021-07-07T22:23:44	406	394	408	374
2021-07-07T22:24:14	405	394	410	375
2021-07-07T22:24:44	408	395	410	376
2021-07-07T22:25:14	406	395	410	377
2021-07-07T22:25:44	411	399	416	378
2021-07-07T22:26:14	407	397	413	378
2021-07-07T22:26:44	409	398	415	379
2021-07-07T22:27:14	412	399	414	380
2021-07-07T22:27:44	411	399	414	381
2021-07-07T22:28:14	410	399	416	382
2021-07-07T22:28:44	417	401	421	383
2021-07-07T22:29:14	416	401	416	384
2021-07-07T22:29:44	414	404	419	386
2021-07-07T22:30:14	418	403	418	385
2021-07-07T22:30:44	418	406	421	386
2021-07-07T22:31:14	418	405	421	387
2021-07-07T22:31:44	419	407	423	388
2021-07-07T22:32:14	418	406	420	387
2021-07-07T22:32:44	419	409	424	389
2021-07-07T22:33:14	422	409	427	390
2021-07-07T22:33:44	421	410	425	391
2021-07-07T22:34:14	420	411	425	391
2021-07-07T22:34:44	424	413	427	392
2021-07-07T22:35:14	422	412	426	393
2021-07-07T22:35:44	427	414	430	394
2021-07-07T22:36:14	428	415	429	395
2021-07-07T22:36:44	426	416	429	396
2021-07-07T22:37:14	427	416	432	396
2021-07-07T22:37:44	430	414	429	397
2021-07-07T22:38:14	428	418	433	398
2021-07-07T22:38:44	430	417	433	399
2021-07-07T22:39:14	431	418	433	400
2021-07-07T22:39:44	431	419	435	401
2021-07-07T22:40:14	432	420	436	401
2021-07-07T22:40:44	431	420	436	402
2021-07-07T22:41:14	435	424	439	403
2021-07-07T22:41:44	433	424	439	404
2021-07-07T22:42:14	434	422	438	404
2021-07-07T22:42:44	438	425	443	405
2021-07-07T22:43:14	436	424	439	406
2021-07-07T22:43:44	438	425	443	407
2021-07-07T22:44:14	439	427	443	408
2021-07-07T22:44:44	441	429	446	408
2021-07-07T22:45:14	442	426	443	409
2021-07-07T22:45:44	441	428	443	410
2021-07-07T22:46:14	444	429	447	411
2021-07-07T22:46:44	443	429	445	412
2021-07-07T22:47:14	442	431	447	413
2021-07-07T22:47:44	446	430	447	414
2021-07-07T22:48:14	443	432	451	415
2021-07-07T22:48:44	447	433	451	415
2021-07-07T22:49:14	447	433	450	416
2021-07-07T22:49:44	446	435	451	417
2021-07-07T22:50:14	450	436	452	418
2021-07-07T22:50:44	449	437	455	419
2021-07-07T22:51:14	453	437	454	419
2021-07-07T22:51:44	451	436	454	420
2021-07-07T22:52:14	453	437	455	421
2021-07-07T22:52:44	454	441	459	422
2021-07-07T22:53:14	452	438	456	423
2021-07-07T22:53:44	455	442	458	423
2021-07-07T22:54:14	456	441	459	424
2021-07-07T22:54:44	459	439	459	425
2021-07-07T22:55:14	459	443	460	426
2021-07-07T22:55:44	455	445	462	427
2021-07-07T22:56:14	459	445	463	428
2021-07-07T22:56:44	459	443	461	428
2021-07-07T22:57:14	462	447	461	429
2021-07-07T22:57:44	460	445	464	430
2021-07-07T22:58:14	461	446	465	430
2021-07-07T22:58:44	464	448	465	432
2021-07-07T22:59:14	466	450	469	432
2021-07-07T22:59:44	463	448	470	433
2021-07-07T23:00:14	466	449	470	433
2021-07-07T23:00:44	467	450	469	434
2021-07-07T23:01:14	467	450	469	435
2021-07-07T23:01:44	469	453	473	436
2021-07-07T23:02:14	468	452	474	437
2021-07-07T23:02:44	470	455	473	438
2021-07-07T23:03:14	469	454	474	440
2021-07-07T23:03:44	474	456	475	439
2021-07-07T23:04:14	471	456	476	440
2021-07-07T23:04:44	474	457	476	441
2021-07-07T23:05:14	473	457	477	443
2021-07-07T23:05:44	474	459	477	443
2021-07-07T23:06:14	474	460	478	443
2021-07-07T23:06:44	476	460	479	444
2021-07-07T23:07:14	477	460	481	447
2021-07-07T23:07:44	477	461	478	446
2021-07-07T23:08:14	481	463	483	447
2021-07-07T23:08:44	480	464	487	449
2021-07-07T23:09:14	478	461	484	449
2021-07-07T23:09:44	484	464	486	449
2021-07-07T23:10:14	481	465	486	450
2021-07-07T23:10:44	483	465	486	451
2021-07-07T23:11:14	481	465	486	452
2021-07-07T23:11:44	486	467	489	453
2021-07-07T23:12:14	487	467	489	454
2021-07-07T23:12:44	486	467	491	454
2021-07-07T23:13:14	488	468	489	454
2021-07-07T23:13:44	487	470	492	455
2021-07-07T23:14:14	490	471	494	456
2021-07-07T23:14:44	491	473	494	457
2021-07-07T23:15:14	492	471	492	458
2021-07-07T23:15:44	491	473	493	458
2021-07-07T23:16:14	492	474	497	459
2021-07-07T23:16:44	491	472	494	460
2021-07-07T23:17:14	494	474	494	461
2021-07-07T23:17:44	496	477	498	462
2021-07-07T23:18:14	495	478	500	464
2021-07-07T23:18:44	497	478	502	464
2021-07-07T23:19:14	498	478	497	464
2021-07-07T23:19:44	500	478	503	465
2021-07-07T23:20:14	499	481	503	466
2021-07-07T23:20:44	501	480	501	467
2021-07-07T23:21:14	499	481	503	468
2021-07-07T23:21:44	503	482	504	468
2021-07-07T23:22:14	501	484	506	469
2021-07-07T23:22:44	502	483	507	470
2021-07-07T23:23:14	506	484	507	471
2021-07-07T23:23:44	504	485	508	471
2021-07-07T23:24:14	505	486	510	473
2021-07-07T23:24:44	506	486	511	473
2021-07-07T23:25:14	509	487	512	473
2021-07-07T23:25:44	506	487	513	475
2021-07-07T23:26:14	510	489	513	475
2021-07-07T23:26:44	507	489	510	476
2021-07-07T23:27:14	511	490	513	477
2021-07-07T23:27:44	511	491	514	478
2021-07-07T23:28:14	510	490	514	478
2021-07-07T23:28:44	512	491	515	480
2021-07-07T23:29:14	514	493	513	480
2021-07-07T23:29:44	512	494	517	481
2021-07-07T23:30:14	513	491	514	482
2021-07-07T23:30:44	518	495	518	482
2021-07-07T23:31:14	517	497	522	484
2021-07-07T23:31:44	519	498	520	484
2021-07-07T23:32:14	517	496	521	486
2021-07-07T23:32:44	521	499	523	486
2021-07-07T23:33:14	518	498	521	488
2021-07-07T23:33:44	521	498	522	487
2021-07-07T23:34:14	520	500	525	488
2021-07-07T23:34:44	522	500	526	489
2021-07-07T23:35:14	526	503	528	490
2021-07-07T23:35:44	522	504	529	491
2021-07-07T23:36:14	528	504	529	492
2021-07-07T23:36:44	526	505	531	492
2021-07-07T23:37:14	526	504	529	493
2021-07-07T23:37:44	526	505	529	495
2021-07-07T23:38:14	528	507	533	494
2021-07-07T23:38:44	529	507	533	495
2021-07-07T23:39:14	529	508	532	498
2021-07-07T23:39:44	532	510	534	497
2021-07-07T23:40:14	533	512	537	498
2021-07-07T23:40:44	534	513	533	499
2021-07-07T23:41:14	532	513	536	500
2021-07-07T23:41:44	533	513	536	501
2021-07-07T23:42:14	535	513	538	502
2021-07-07T23:42:44	537	516	541	502
2021-07-07T23:43:14	538	515	540	503
2021-07-07T23:43:44	535	515	542	505
2021-07-07T23:44:14	539	517	542	504
2021-07-07T23:44:44	539	517	541	506
2021-07-07T23:45:14	540	518	543	506
2021-07-07T23:45:44	541	519	545	507
2021-07-07T23:46:14	542	520	546	507
2021-07-07T23:46:44	542	521	548	510
2021-07-07T23:47:14	544	521	548	510
2021-07-07T23:47:44	547	522	550	510
2021-07-07T23:48:14	545	522	549	511
2021-07-07T23:48:44	546	522	547	513
2021-07-07T23:49:14	548	523	551	513
2021-07-07T23:49:44	547	525	551	514
2021-07-07T23:50:14	550	526	553	514
2021-07-07T23:50:44	551	527	552	515
2021-07-07T23:51:14	551	527	553	516
2021-07-07T23:51:44	552	528	555	518
2021-07-07T23:52:14	553	528	556	519
2021-07-07T23:52:44	552	529	556	520
2021-07-07T23:53:14	553	531	557	520
2021-07-07T23:53:44	554	531	558	521
2021-07-07T23:54:14	557	531	560	522
2021-07-07T23:54:44	556	533	559	523
2021-07-07T23:55:14	558	534	561	524
2021-07-07T23:55:44	557	535	561	525
2021-07-07T23:56:14	559	535	563	525
2021-07-07T23:56:44	560	536	564	525
2021-07-07T23:57:14	560	535	564	527
2021-07-07T23:57:44	561	536	564	528
2021-07-07T23:58:14	564	538	566	529
2021-07-07T23:58:44	562	538	566	529
2021-07-07T23:59:14	563	539	567	529
2021-07-07T23:59:44	563	540	566	532
2021-07-08T00:00:14	565	541	566	533
2021-07-08T00:00:44	567	542	570	532
2021-07-08T00:01:14	568	542	571	533
2021-07-08T00:01:44	568	543	571	534
2021-07-08T00:02:14	569	545	573	534
2021-07-08T00:02:44	568	543	571	536
2021-07-08T00:03:14	569	545	572	537
2021-07-08T00:03:44	573	545	573	538
2021-07-08T00:04:14	573	547	577	539
2021-07-08T00:04:44	571	546	574	540
2021-07-08T00:05:14	573	549	577	540
2021-07-08T00:05:44	574	550	578	541
2021-07-08T00:06:14	576	551	579	542
2021-07-08T00:06:44	575	551	578	544
2021-07-08T00:07:14	577	552	579	544
2021-07-08T00:07:44	579	553	582	544
2021-07-08T00:08:14	580	553	582	546
2021-07-08T00:08:44	579	553	581	547
2021-07-08T00:09:14	579	554	582	548
2021-07-08T00:09:44	583	556	585	547
2021-07-08T00:10:14	579	557	586	549
2021-07-08T00:10:44	584	557	586	550
2021-07-08T00:11:14	584	560	588	551
2021-07-08T00:11:44	585	558	587	552
2021-07-08T00:12:14	584	559	588	553
2021-07-08T00:12:44	584	560	588	553
2021-07-08T00:13:14	588	562	590	554
2021-07-08T00:13:44	587	561	591	556
2021-07-08T00:14:14	587	562	593	556
2021-07-08T00:14:44	588	563	592	556
2021-07-08T00:15:14	589	563	593	558
2021-07-08T00:15:44	591	564	594	559
2021-07-08T00:16:14	592	567	595	560
2021-07-08T00:16:44	591	565	595	561
2021-07-08T00:17:14	593	567	596	561
2021-07-08T00:17:44	595	568	597	561
2021-07-08T00:18:14	596	568	599	563
2021-07-08T00:18:44	594	570	600	564
2021-07-08T00:19:14	596	570	600	565
2021-07-08T00:19:44	595	571	600	565
2021-07-08T00:20:14	600	572	601	565
2021-07-08T00:20:44	597	573	601	567
2021-07-08T00:21:14	600	572	601	569
2021-07-08T00:21:44	603	575	604	569
2021-07-08T00:22:14	601	575	605	570
2021-07-08T00:22:44	600	577	607	570
2021-07-08T00:23:14	604	578	608	572
2021-07-08T00:23:44	605	578	607	573
2021-07-08T00:24:14	606	578	607	573
2021-07-08T00:24:44	605	579	609	575
2021-07-08T00:25:14	607	580	610	576
2021-07-08T00:25:44	606	580	609	575
2021-07-08T00:26:14	610	582	611	577
2021-07-08T00:26:44	610	581	611	577
2021-07-08T00:27:14	610	582	612	579
2021-07-08T00:27:44	610	585	615	581
2021-07-08T00:28:14	611	585	614	581
2021-07-08T00:28:44	611	586	615	582
2021-07-08T00:29:14	613	586	615	583
2021-07-08T00:29:44	614	587	617	583
2021-07-08T00:30:14	615	588	618	584
2021-07-08T00:30:44	617	589	619	586
2021-07-08T00:31:14	616	590	619	587
2021-07-08T00:31:44	616	591	620	587
2021-07-08T00:32:14	618	592	622	588
2021-07-08T00:32:44	620	593	622	590
2021-07-08T00:33:14	621	594	622	591
2021-07-08T00:33:44	622	594	624	590
2021-07-08T00:34:14	620	594	624	591
2021-07-08T00:34:44	622	595	625	593
2021-07-08T00:35:14	622	596	627	594
2021-07-08T00:35:44	624	596	626	595
2021-07-08T00:36:14	626	599	629	596
2021-07-08T00:36:44	626	599	629	597
2021-07-08T00:37:14	626	601	630	598
2021-07-08T00:37:44	626	599	629	599
2021-07-08T00:38:14	629	601	631	599
2021-07-08T00:38:44	630	601	631	600
2021-07-08T00:39:14	631	603	633	601
2021-07-08T00:39:44	630	605	633	602
2021-07-08T00:40:14	630	605	634	603
2021-07-08T00:40:44	630	606	635	604
2021-07-08T00:41:14	635	605	635	605
2021-07-08T00:41:44	635	606	636	606
2021-07-08T00:42:14	635	608	639	606
2021-07-08T00:42:44	636	609	640	606
2021-07-08T00:43:14	634	609	639	607
2021-07-08T00:43:44	636	610	641	609
2021-07-08T00:44:14	637	610	639	610
2021-07-08T00:44:44	639	612	641	611
2021-07-08T00:45:14	641	612	641	612
2021-07-08T00:45:44	642	614	644	611
2021-07-08T00:46:14	642	614	646	613
2021-07-08T00:46:44	641	615	647	614
2021-07-08T00:47:14	642	617	647	615
2021-07-08T00:47:44	644	617	648	616
2021-07-08T00:48:14	644	619	649	616
2021-07-08T00:48:44	645	619	649	617
2021-07-08T00:49:14	645	619	649	618
2021-07-08T00:49:44	645	620	650	620
2021-07-08T00:50:14	649	622	650	621
2021-07-08T00:50:44	650	622	651	621
2021-07-08T00:51:14	649	623	654	622
2021-07-08T00:51:44	652	623	653	623
2021-07-08T00:52:14	652	625	656	625
2021-07-08T00:52:44	653	626	654	624
2021-07-08T00:53:14	652	625	655	626
2021-07-08T00:53:44	653	626	656	627
2021-07-08T00:54:14	656	626	656	627
2021-07-08T00:54:44	656	628	659	628
2021-07-08T00:55:14	655	629	658	628
2021-07-08T00:55:44	658	630	659	630
2021-07-08T00:56:14	658	632	662	631
2021-07-08T00:56:44	659	631	661	632
2021-07-08T00:57:14	659	632	662	633
2021-07-08T00:57:44	661	634	663	634
2021-07-08T00:58:14	662	634	665	635
2021-07-08T00:58:44	660	636	667	636
2021-07-08T00:59:14	664	636	667	637
2021-07-08T00:59:44	664	639	667	638
2021-07-08T01:00:14	663	638	667	639
2021-07-08T01:00:44	665	641	671	639
2021-07-08T01:01:14	667	640	671	640
2021-07-08T01:01:44	666	639	668	641
2021-07-08T01:02:14	667	640	670	642
2021-07-08T01:02:44	669	641	671	643
2021-07-08T01:03:14	671	644	673	644
2021-07-08T01:03:44	670	644	673	644
2021-07-08T01:04:14	670	645	676	645
2021-07-08T01:04:44	673	645	676	646
2021-07-08T01:05:14	674	645	676	646
2021-07-08T01:05:44	673	646	677	648
2021-07-08T01:06:14	674	647	678	649
2021-07-08T01:06:44	676	648	680	649
2021-07-08T01:07:14	676	649	680	651
2021-07-08T01:07:44	676	650	681	650
2021-07-08T01:08:14	677	650	680	652
2021-07-08T01:08:44	680	652	683	653
2021-07-08T01:09:14	678	653	682	654
2021-07-08T01:09:44	681	654	685	655
2021-07-08T01:10:14	683	655	685	655
2021-07-08T01:10:44	680	654	685	657
2021-07-08T01:11:14	683	654	684	658
2021-07-08T01:11:44	684	656	685	658
2021-07-08T01:12:14	686	658	689	659
2021-07-08T01:12:44	684	659	689	660
2021-07-08T01:13:14	686	661	691	661
2021-07-08T01:13:44	687	659	689	662
2021-07-08T01:14:14	687	661	689	663
2021-07-08T01:14:44	690	662	691	664
2021-07-08T01:15:14	691	663	693	664
2021-07-08T01:15:44	689	663	694	665
2021-07-08T01:16:14	690	663	693	666
2021-07-08T01:16:44	691	664	695	667
2021-07-08T01:17:14	694	667	697	667
2021-07-08T01:17:44	694	667	698	667
2021-07-08T01:18:14	694	669	700	670
2021-07-08T01:18:44	695	668	698	670
2021-07-08T01:19:14	695	669	698	672
2021-07-08T01:19:44	696	670	700	672
2021-07-08T01:20:14	698	671	700	673
2021-07-08T01:20:44	700	672	703	674
2021-07-08T01:21:14	699	673	703	675
2021-07-08T01:21:44	700	674	704	676
2021-07-08T01:22:14	700	674	703	677
2021-07-08T01:22:44	703	674	704	677
2021-07-08T01:23:14	704	677	706	678
2021-07-08T01:23:44	704	676	707	679
2021-07-08T01:24:14	705	677	707	680
2021-07-08T01:24:44	703	677	708	681
2021-07-08T01:25:14	706	679	710	682
2021-07-08T01:25:44	707	680	708	682
2021-07-08T01:26:14	707	680	710	684
2021-07-08T01:26:44	709	681	711	684
2021-07-08T01:27:14	711	683	714	685
2021-07-08T01:27:44	710	682	712	686
2021-07-08T01:28:14	710	683	714	687
2021-07-08T01:28:44	710	684	715	688
2021-07-08T01:29:14	712	686	717	688
2021-07-08T01:29:44	713	687	718	689
2021-07-08T01:30:14	714	687	719	690
2021-07-08T01:30:44	713	688	719	692
2021-07-08T01:31:14	717	688	719	692
2021-07-08T01:31:44	716	690	719	693
2021-07-08T01:32:14	716	690	720	694
2021-07-08T01:32:44	719	692	723	693
2021-07-08T01:33:14	719	692	722	696
2021-07-08T01:33:44	719	693	724	696
2021-07-08T01:34:14	720	695	723	697
2021-07-08T01:34:44	722	695	723	698
2021-07-08T01:35:14	722	697	727	700
2021-07-08T01:35:44	725	696	726	700
2021-07-08T01:36:14	726	697	728	701
2021-07-08T01:36:44	723	699	729	701
2021-07-08T01:37:14	727	700	730	702
2021-07-08T01:37:44	727	700	730	703
2021-07-08T01:38:14	727	700	730	704
2021-07-08T01:38:44	729	701	731	706
2021-07-08T01:39:14	730	702	732	705
2021-07-08T01:39:44	730	703	734	706
2021-07-08T01:40:14	730	703	733	708
2021-07-08T01:40:44	733	705	734	708
2021-07-08T01:41:14	733	706	735	709
2021-07-08T01:41:44	732	706	736	710
2021-07-08T01:42:14	734	708	738	711
2021-07-08T01:42:44	737	709	739	711
2021-07-08T01:43:14	736	709	739	712
2021-07-08T01:43:44	735	710	740	713
2021-07-08T01:44:14	739	711	739	714
2021-07-08T01:44:44	738	712	743	715
2021-07-08T01:45:14	739	713	743	717
2021-07-08T01:45:44	739	713	743	717
2021-07-08T01:46:14	739	714	743	717
2021-07-08T01:46:44	741	715	745	718
2021-07-08T01:47:14	743	717	747	719
2021-07-08T01:47:44	743	718	747	720
2021-07-08T01:48:14	745	718	746	721
2021-07-08T01:48:44	744	718	748	721
2021-07-08T01:49:14	745	719	749	723
2021-07-08T01:49:44	747	720	749	723
2021-07-08T01:50:14	749	722	751	724
2021-07-08T01:50:44	749	723	752	724
2021-07-08T01:51:14	748	724	753	726
2021-07-08T01:51:44	750	723	751	727
2021-07-08T01:52:14	751	725	752	729
2021-07-08T01:52:44	752	726	755	729
2021-07-08T01:53:14	752	726	755	730
2021-07-08T01:53:44	753	727	757	730
2021-07-08T01:54:14	755	729	757	731
2021-07-08T01:54:44	755	729	758	732
2021-07-08T01:55:14	755	731	760	733
2021-07-08T01:55:44	758	731	759	734
2021-07-08T01:56:14	759	732	762	736
2021-07-08T01:56:44	758	732	762	735
2021-07-08T01:57:14	758	732	762	736
2021-07-08T01:57:44	759	733	762	737
2021-07-08T01:58:14	762	735	764	738
2021-07-08T01:58:44	761	736	765	739
2021-07-08T01:59:14	763	736	767	740
2021-07-08T01:59:44	764	738	768	741
2021-07-08T02:00:14	764	738	768	741
2021-07-08T02:00:44	765	738	768	742
2021-07-08T02:01:14	766	740	770	743
2021-07-08T02:01:44	766	740	770	744
2021-07-08T02:02:14	766	741	771	746
2021-07-08T02:02:44	769	742	772	746
2021-07-08T02:03:14	768	743	772	746
2021-07-08T02:03:44	768	743	772	747
2021-07-08T02:04:14	770	744	773	748
2021-07-08T02:04:44	772	745	776	750
2021-07-08T02:05:14	771	745	775	750
2021-07-08T02:05:44	774	747	778	751
2021-07-08T02:06:14	774	748	778	752
2021-07-08T02:06:44	776	748	778	752
2021-07-08T02:07:14	776	750	779	753
2021-07-08T02:07:44	776	750	779	754
2021-07-08T02:08:14	778	752	781	756
2021-07-08T02:08:44	778	752	782	756
2021-07-08T02:09:14	778	752	781	756
2021-07-08T02:09:44	780	754	784	758
2021-07-08T02:10:14	779	753	783	758
2021-07-08T02:10:44	782	755	786	759
2021-07-08T02:11:14	782	756	786	759
2021-07-08T02:11:44	783	757	786	761
2021-07-08T02:12:14	784	757	787	761
2021-07-08T02:12:44	783	758	789	762
2021-07-08T02:13:14	787	758	786	763
2021-07-08T02:13:44	787	759	789	765
2021-07-08T02:14:14	787	760	790	766
2021-07-08T02:14:44	789	763	793	766
2021-07-08T02:15:14	788	762	791	766
2021-07-08T02:15:44	791	763	793	767
2021-07-08T02:16:14	790	764	792	768
2021-07-08T02:16:44	791	765	796	770
2021-07-08T02:17:14	791	766	796	769
2021-07-08T02:17:44	795	766	795	771
2021-07-08T02:18:14	793	768	798	771
2021-07-08T02:18:44	796	768	798	773
2021-07-08T02:19:14	794	769	799	773
2021-07-08T02:19:44	797	769	799	773
2021-07-08T02:20:14	796	771	801	774
2021-07-08T02:20:44	800	771	801	775
2021-07-08T02:21:14	797	773	803	776
2021-07-08T02:21:44	800	773	803	778
2021-07-08T02:22:14	800	774	804	779
2021-07-08T02:22:44	802	775	804	779
2021-07-08T02:23:14	801	776	806	780
2021-07-08T02:23:44	804	777	805	780
2021-07-08T02:24:14	804	777	808	781
2021-07-08T02:24:44	806	777	806	782
2021-07-08T02:25:14	804	778	810	784
2021-07-08T02:25:44	806	779	810	784
2021-07-08T02:26:14	806	780	810	785
2021-07-08T02:26:44	809	781	811	786
2021-07-08T02:27:14	809	782	812	786
2021-07-08T02:27:44	810	783	813	787
2021-07-08T02:28:14	812	782	813	789
2021-07-08T02:28:44	811	784	816	789
2021-07-08T02:29:14	812	784	815	789
2021-07-08T02:29:44	812	785	816	790
2021-07-08T02:30:14	815	787	819	790
2021-07-08T02:30:44	813	786	816	792
2021-07-08T02:31:14	815	787	819	792
2021-07-08T02:31:44	818	789	821	795
2021-07-08T02:32:14	818	790	821	794
2021-07-08T02:32:44	819	790	821	795
2021-07-08T02:33:14	819	791	822	796
2021-07-08T02:33:44	820	791	822	797
2021-07-08T02:34:14	822	792	824	798
2021-07-08T02:34:44	821	793	824	799
2021-07-08T02:35:14	823	794	826	799
2021-07-08T02:35:44	821	794	826	801
2021-07-08T02:36:14	824	795	826	801
2021-07-08T02:36:44	825	797	828	801
2021-07-08T02:37:14	824	797	828	803
2021-07-08T02:37:44	827	798	830	803
2021-07-08T02:38:14	827	798	830	805
2021-07-08T02:38:44	829	800	831	806
2021-07-08T02:39:14	827	800	831	807
2021-07-08T02:39:44	829	801	833	807
2021-07-08T02:40:14	830	801	832	808
2021-07-08T02:40:44	832	803	835	810
2021-07-08T02:41:14	833	803	835	810
2021-07-08T02:41:44	832	804	836	810
2021-07-08T02:42:14	834	805	838	811
2021-07-08T02:42:44	835	805	838	812
2021-07-08T02:43:14	835	805	837	814
2021-07-08T02:43:44	835	806	840	814
2021-07-08T02:44:14	838	808	841	815
2021-07-08T02:44:44	840	808	841	816
2021-07-08T02:45:14	838	809	843	817
2021-07-08T02:45:44	839	809	842	816
2021-07-08T02:46:14	841	810	842	820
2021-07-08T02:46:44	841	811	844	820
2021-07-08T02:47:14	842	813	847	819
2021-07-08T02:47:44	843	812	845	821
2021-07-08T02:48:14	844	814	848	822
2021-07-08T02:48:44	845	813	847	823
2021-07-08T02:49:14	845	815	849	824
2021-07-08T02:49:44	846	817	851	824
2021-07-08T02:50:14	848	817	850	825
2021-07-08T02:50:44	849	816	849	826
2021-07-08T02:51:14	849	818	851	827
2021-07-08T02:51:44	849	819	853	829
2021-07-08T02:52:14	850	819	853	829
2021-07-08T02:52:44	851	820	854	830
2021-07-08T02:53:14	853	821	856	831
2021-07-08T02:53:44	852	821	855	831
2021-07-08T02:54:14	853	823	856	832
2021-07-08T02:54:44	855	823	857	833
2021-07-08T02:55:14	856	824	859	834
2021-07-08T02:55:44	857	827	861	835
2021-07-08T02:56:14	856	825	860	836
2021-07-08T02:56:44	859	827	862	836
2021-07-08T02:57:14	857	826	861	837
2021-07-08T02:57:44	859	829	863	838
2021-07-08T02:58:14	861	830	862	839
2021-07-08T02:58:44	862	831	864	840
2021-07-08T02:59:14	863	831	866	841
2021-07-08T02:59:44	864	831	866	842
2021-07-08T03:00:14	864	832	867	842
2021-07-08T03:00:44	865	833	867	844
2021-07-08T03:01:14	864	834	869	844
2021-07-08T03:01:44	865	835	870	845
2021-07-08T03:02:14	867	835	870	846
2021-07-08T03:02:44	867	837	872	846
2021-07-08T03:03:14	868	838	872	847
2021-07-08T03:03:44	870	838	873	848
2021-07-08T03:04:14	871	838	873	850
2021-07-08T03:04:44	871	840	876	849
2021-07-08T03:05:14	873	841	875	851
2021-07-08T03:05:44	872	841	876	852
2021-07-08T03:06:14	874	843	878	853
2021-07-08T03:06:44	875	843	877	854
2021-07-08T03:07:14	874	843	878	856
2021-07-08T03:07:44	876	845	880	856
2021-07-08T03:08:14	878	846	881	857
2021-07-08T03:08:44	878	846	881	857
2021-07-08T03:09:14	880	848	881	859
2021-07-08T03:09:44	881	849	883	859
2021-07-08T03:10:14	881	850	884	861
2021-07-08T03:10:44	881	850	884	861
2021-07-08T03:11:14	883	851	885	862
2021-07-08T03:11:44	883	853	886	864
2021-07-08T03:12:14	885	852	886	864
2021-07-08T03:12:44	884	854	889	864
2021-07-08T03:13:14	886	855	890	865
2021-07-08T03:13:44	887	855	891	867
2021-07-08T03:14:14	887	856	892	867
2021-07-08T03:14:44	889	857	890	868
2021-07-08T03:15:14	888	859	894	869
2021-07-08T03:15:44	891	859	894	871
2021-07-08T03:16:14	889	859	894	872
2021-07-08T03:16:44	892	861	894	872
2021-07-08T03:17:14	892	861	895	873
2021-07-08T03:17:44	894	863	896	875
2021-07-08T03:18:14	894	864	896	874
2021-07-08T03:18:44	895	864	897	875
2021-07-08T03:19:14	894	865	898	876
2021-07-08T03:19:44	897	866	901	877
2021-07-08T03:20:14	899	867	900	879
2021-07-08T03:20:44	897	868	902	880
2021-07-08T03:21:14	899	869	902	880
2021-07-08T03:21:44	899	869	901	881
2021-07-08T03:22:14	897	869	900	882
2021-07-08T03:22:44	899	870	901	882
2021-07-08T03:23:14	898	870	900	882
2021-07-08T03:23:44	900	871	902	882
2021-07-08T03:24:14	899	871	901	883
2021-07-08T03:24:44	898	871	901	883
2021-07-08T03:25:14	899	871	902	882
2021-07-08T03:25:44	898	872	900	883
2021-07-08T03:26:14	898	872	901	883
2021-07-08T03:26:44	900	873	902	883
2021-07-08T03:27:14	900	873	902	884
2021-07-08T03:27:44	899	874	902	884
2021-07-08T03:28:14	898	874	900	884
2021-07-08T03:28:44	899	874	901	884
2021-07-08T03:29:14	898	874	902	885
2021-07-08T03:29:44	899	876	903	885
2021-07-08T03:30:14	900	876	902	886
2021-07-08T03:30:44	900	876	902	885
2021-07-08T03:31:14	899	876	901	886
2021-07-08T03:31:44	899	876	902	886
2021-07-08T03:32:14	899	877	902	886
2021-07-08T03:32:44	899	876	903	886
2021-07-08T03:33:14	899	877	901	887
2021-07-08T03:33:44	900	876	900	887
2021-07-08T03:34:14	900	878	903	887
2021-07-08T03:34:44	899	877	903	886
2021-07-08T03:35:14	898	878	902	888
2021-07-08T03:35:44	899	878	902	887
2021-07-08T03:36:14	898	878	902	889
2021-07-08T03:36:44	900	879	902	889
2021-07-08T03:37:14	898	878	902	889
2021-07-08T03:37:44	898	878	901	889
2021-07-08T03:38:14	898	879	901	888
2021-07-08T03:38:44	899	881	903	888
2021-07-08T03:39:14	899	880	903	889
2021-07-08T03:39:44	900	880	902	889
2021-07-08T03:40:14	900	879	901	889
2021-07-08T03:40:44	898	882	903	889
2021-07-08T03:41:14	900	881	902	889
2021-07-08T03:41:44	900	882	903	890
2021-07-08T03:42:14	899	881	901	890
2021-07-08T03:42:44	899	882	903	890
2021-07-08T03:43:14	900	882	903	890
2021-07-08T03:43:44	900	882	903	890
2021-07-08T03:44:14	899	882	902	889
2021-07-08T03:44:44	899	883	903	891
2021-07-08T03:45:14	900	884	902	891
2021-07-08T03:45:44	900	884	903	890
2021-07-08T03:46:14	899	884	902	891
2021-07-08T03:46:44	898	883	901	891
2021-07-08T03:47:14	899	884	901	892
2021-07-08T03:47:44	898	884	902	892
2021-07-08T03:48:14	900	886	904	891
2021-07-08T03:48:44	900	885	903	891
2021-07-08T03:49:14	900	885	903	892
2021-07-08T03:49:44	900	885	902	892
2021-07-08T03:50:14	898	885	901	891
2021-07-08T03:50:44	898	885	902	892
2021-07-08T03:51:14	900	886	901	892
2021-07-08T03:51:44	898	886	902	892
2021-07-08T03:52:14	899	886	903	892
2021-07-08T03:52:44	900	887	903	892
2021-07-08T03:53:14	900	887	903	892
2021-07-08T03:53:44	900	888	903	892
2021-07-08T03:54:14	900	888	903	893
2021-07-08T03:54:44	900	888	903	893
2021-07-08T03:55:14	899	888	902	893
2021-07-08T03:55:44	899	887	903	893
2021-07-08T03:56:14	899	888	901	893
2021-07-08T03:56:44	898	888	901	893
2021-07-08T03:57:14	898	888	903	893
2021-07-08T03:57:44	899	888	902	894
2021-07-08T03:58:14	899	888	902	894
2021-07-08T03:58:44	899	889	903	894
2021-07-08T03:59:14	898	889	903	894
2021-07-08T03:59:44	899	889	902	894
2021-07-08T04:00:14	898	890	904	894
2021-07-08T04:00:44	899	890	902	894
2021-07-08T04:01:14	899	889	902	894
2021-07-08T04:01:44	899	890	903	894
2021-07-08T04:02:14	899	890	903	894
2021-07-08T04:02:44	899	890	902	895
2021-07-08T04:03:14	899	890	901	895
2021-07-08T04:03:44	899	890	901	895
2021-07-08T04:04:14	899	890	901	895
2021-07-08T04:04:44	899	891	904	895
2021-07-08T04:05:14	900	891	903	895
2021-07-08T04:05:44	900	891	903	895
2021-07-08T04:06:14	900	891	903	895
2021-07-08T04:06:44	900	891	903	895
2021-07-08T04:07:14	900	892	903	895
2021-07-08T04:07:44	899	892	903	895
2021-07-08T04:08:14	900	892	904	895
2021-07-08T04:08:44	900	892	903	895
2021-07-08T04:09:14	899	892	902	895
2021-07-08T04:09:44	899	891	902	894
2021-07-08T04:10:14	899	892	902	896
2021-07-08T04:10:44	899	892	902	896
2021-07-08T04:11:14	899	893	903	895
2021-07-08T04:11:44	901	893	903	896
2021-07-08T04:12:14	900	893	903	896
2021-07-08T04:12:44	899	893	903	896
2021-07-08T04:13:14	898	892	902	896
2021-07-08T04:13:44	899	893	903	896
2021-07-08T04:14:14	901	894	904	896
2021-07-08T04:14:44	900	894	904	895
2021-07-08T04:15:14	899	893	902	895
2021-07-08T04:15:44	899	894	902	897
2021-07-08T04:16:14	900	894	902	896
2021-07-08T04:16:44	900	894	902	897
2021-07-08T04:17:14	898	895	903	896
2021-07-08T04:17:44	899	896	904	896
2021-07-08T04:18:14	900	894	902	897
2021-07-08T04:18:44	900	896	903	897
2021-07-08T04:19:14	899	895	902	896
2021-07-08T04:19:44	898	895	902	897
2021-07-08T04:20:14	900	896	904	896
2021-07-08T04:20:44	901	896	903	896
2021-07-08T04:21:14	900	896	902	896
2021-07-08T04:21:44	899	896	903	896
2021-07-08T04:22:14	900	896	902	896
2021-07-08T04:22:44	901	896	902	896
2021-07-08T04:23:14	899	898	903	897
2021-07-08T04:23:44	900	896	902	896
2021-07-08T04:24:14	900	897	902	896
2021-07-08T04:24:44	899	897	903	897
2021-07-08T04:25:14	899	897	903	896
2021-07-08T04:25:44	900	897	903	896
2021-07-08T04:26:14	899	898	904	896
2021-07-08T04:26:44	899	897	902	897
2021-07-08T04:27:14	900	898	903	897
2021-07-08T04:27:44	901	898	904	897
2021-07-08T04:28:14	900	897	902	897
2021-07-08T04:28:44	900	898	903	897
2021-07-08T04:29:14	899	897	902	897
2021-07-08T04:29:44	900	898	903	897
2021-07-08T04:30:14	900	898	904	897
2021-07-08T04:30:44	899	898	902	897
2021-07-08T04:31:14	899	899	903	897
2021-07-08T04:31:44	900	898	902	897
2021-07-08T04:32:14	899	899	904	897
2021-07-08T04:32:44	899	898	902	897
2021-07-08T04:33:14	901	899	903	898
2021-07-08T04:33:44	900	898	903	897
2021-07-08T04:34:14	899	898	902	898
2021-07-08T04:34:44	900	899	903	898
2021-07-08T04:35:14	899	898	902	898
2021-07-08T04:35:44	900	899	902	898
2021-07-08T04:36:14	901	899	904	898
2021-07-08T04:36:44	899	898	902	898
2021-07-08T04:37:14	900	900	903	898
2021-07-08T04:37:44	901	899	902	898
2021-07-08T04:38:14	900	900	904	898
2021-07-08T04:38:44	901	899	902	898
2021-07-08T04:39:14	899	899	903	898
2021-07-08T04:39:44	900	898	901	898
2021-07-08T04:40:14	899	899	903	898
2021-07-08T04:40:44	900	899	902	898
2021-07-08T04:41:14	899	900	903	898
2021-07-08T04:41:44	899	899	902	898
2021-07-08T04:42:14	901	900	903	898
2021-07-08T04:42:44	898	899	902	898
2021-07-08T04:43:14	900	899	903	898
2021-07-08T04:43:44	901	899	902	898
2021-07-08T04:44:14	900	900	902	898
2021-07-08T04:44:44	901	900	904	898
2021-07-08T04:45:14	899	899	902	898
2021-07-08T04:45:44	900	900	904	898
2021-07-08T04:46:14	899	899	902	898
2021-07-08T04:46:44	900	899	902	898
2021-07-08T04:47:14	899	899	902	898
2021-07-08T04:47:44	900	900	903	898
2021-07-08T04:48:14	900	900	902	898
2021-07-08T04:48:44	899	901	903	898
2021-07-08T04:49:14	900	900	902	898
2021-07-08T04:49:44	900	901	903	898
2021-07-08T04:50:14	900	900	902	899
2021-07-08T04:50:44	900	900	903	898
2021-07-08T04:51:14	899	900	902	898
2021-07-08T04:51:44	901	900	902	898
2021-07-08T04:52:14	899	901	902	898
2021-07-08T04:52:44	900	900	903	899
2021-07-08T04:53:14	899	901	903	898
2021-07-08T04:53:44	900	900	901	899
2021-07-08T04:54:14	900	900	903	899
2021-07-08T04:54:44	899	900	903	899
2021-07-08T04:55:14	901	901	903	899
2021-07-08T04:55:44	899	899	902	899
2021-07-08T04:56:14	901	900	903	899
2021-07-08T04:56:44	899	900	903	899
2021-07-08T04:57:14	900	900	902	899
2021-07-08T04:57:44	899	900	904	899
2021-07-08T04:58:14	899	900	903	899
2021-07-08T04:58:44	900	900	903	899
2021-07-08T04:59:14	899	900	903	899
2021-07-08T04:59:44	900	900	903	899
2021-07-08T05:00:14	899	900	903	898
2021-07-08T05:00:44	900	900	903	899
2021-07-08T05:01:14	901	900	903	899
2021-07-08T05:01:44	899	900	902	899
2021-07-08T05:02:14	901	899	902	899
2021-07-08T05:02:44	899	900	902	899
2021-07-08T05:03:14	900	900	902	899
2021-07-08T05:03:44	900	901	903	898
2021-07-08T05:04:14	900	900	902	899
2021-07-08T05:04:44	900	900	903	899
2021-07-08T05:05:14	899	900	901	899
2021-07-08T05:05:44	900	900	903	899
2021-07-08T05:06:14	901	899	902	899
2021-07-08T05:06:44	899	899	901	899
2021-07-08T05:07:14	897	898	900	898
2021-07-08T05:07:44	896	897	899	897
2021-07-08T05:08:14	894	896	898	897
2021-07-08T05:08:44	893	895	897	896
2021-07-08T05:09:14	893	895	897	895
2021-07-08T05:09:44	892	894	896	894
2021-07-08T05:10:14	892	893	895	893
2021-07-08T05:10:44	891	893	894	893
2021-07-08T05:11:14	891	893	894	893
2021-07-08T05:11:44	890	893	894	892
2021-07-08T05:12:14	889	892	893	891
2021-07-08T05:12:44	889	892	892	891
2021-07-08T05:13:14	888	891	892	890
2021-07-08T05:13:44	888	891	892	890
2021-07-08T05:14:14	888	891	891	889
2021-07-08T05:14:44	887	890	891	889
2021-07-08T05:15:14	887	890	890	889
2021-07-08T05:15:44	886	889	890	888
2021-07-08T05:16:14	886	889	889	889
2021-07-08T05:16:44	886	888	889	888
2021-07-08T05:17:14	885	888	888	888
2021-07-08T05:17:44	885	888	888	887
2021-07-08T05:18:14	884	887	887	887
2021-07-08T05:18:44	884	887	887	887
2021-07-08T05:19:14	884	886	887	886
2021-07-08T05:19:44	883	886	886	886
2021-07-08T05:20:14	883	886	886	886
2021-07-08T05:20:44	883	885	886	884
2021-07-08T05:21:14	882	885	885	884
2021-07-08T05:21:44	882	885	885	884
2021-07-08T05:22:15	882	884	884	883
2021-07-08T05:22:45	881	884	884	883
2021-07-08T05:23:15	881	884	884	883
2021-07-08T05:23:45	880	883	883	883
2021-07-08T05:24:15	880	883	883	883
2021-07-08T05:24:45	880	882	883	883
2021-07-08T05:25:15	879	882	882	882
2021-07-08T05:25:45	879	882	882	881
2021-07-08T05:26:15	879	881	882	880
2021-07-08T05:26:45	878	881	881	881
2021-07-08T05:27:15	878	881	881	881
2021-07-08T05:27:45	878	880	880	880
2021-07-08T05:28:15	877	880	880	879
2021-07-08T05:28:45	877	880	880	879
2021-07-08T05:29:15	877	879	879	879
2021-07-08T05:29:45	876	879	879	878
2021-07-08T05:30:15	876	879	879	878
2021-07-08T05:30:45	876	878	878	878
2021-07-08T05:31:15	875	878	878	877
2021-07-08T05:31:45	875	877	877	878
2021-07-08T05:32:15	875	877	877	877
2021-07-08T05:32:45	875	877	877	876
2021-07-08T05:33:15	874	876	876	876
2021-07-08T05:33:45	874	876	876	875
2021-07-08T05:34:15	873	876	876	876
2021-07-08T05:34:45	873	877	875	875
2021-07-08T05:35:15	873	876	875	875
2021-07-08T05:35:45	872	876	875	874
2021-07-08T05:36:15	872	876	874	874
2021-07-08T05:36:45	872	875	874	874
2021-07-08T05:37:15	871	875	873	873
2021-07-08T05:37:45	871	875	873	873
2021-07-08T05:38:15	871	874	873	873
2021-07-08T05:38:45	870	874	872	872
2021-07-08T05:39:15	870	874	872	872
2021-07-08T05:39:45	870	873	872	872
2021-07-08T05:40:15	869	873	871	871
2021-07-08T05:40:45	869	873	871	871
2021-07-08T05:41:15	869	872	871	871
2021-07-08T05:41:45	868	872	870	870
2021-07-08T05:42:15	868	872	870	870
2021-07-08T05:42:45	868	871	870	870
2021-07-08T05:43:15	868	871	869	870
2021-07-08T05:43:45	867	871	869	869
2021-07-08T05:44:15	867	870	869	869
2021-07-08T05:44:45	867	870	868	869
2021-07-08T05:45:15	866	870	868	868
2021-07-08T05:45:45	866	869	868	868
2021-07-08T05:46:15	866	869	867	868
2021-07-08T05:46:45	865	869	867	867
2021-07-08T05:47:15	865	868	867	867
2021-07-08T05:47:45	865	868	866	867
2021-07-08T05:48:15	864	868	866	866
2021-07-08T05:48:45	864	867	866	866
2021-07-08T05:49:15	864	867	865	866
2021-07-08T05:49:45	863	866	865	865
2021-07-08T05:50:15	863	866	865	865
2021-07-08T05:50:45	863	866	864	865
2021-07-08T05:51:15	862	865	864	864
2021-07-08T05:51:45	862	865	864	864
2021-07-08T05:52:15	862	865	863	864
2021-07-08T05:52:45	861	865	863	863
2021-07-08T05:53:15	861	864	863	863
2021-07-08T05:53:45	861	864	862	863
2021-07-08T05:54:15	860	864	862	862
2021-07-08T05:54:45	860	863	862	862
2021-07-08T05:55:15	860	863	861	862
2021-07-08T05:55:45	859	863	861	862
2021-07-08T05:56:15	859	862	861	861
2021-07-08T05:56:45	859	862	860	861
2021-07-08T05:57:15	858	862	860	860
2021-07-08T05:57:45	858	862	860	860
2021-07-08T05:58:15	858	862	859	860
2021-07-08T05:58:45	857	862	859	860
2021-07-08T05:59:15	857	861	859	859
2021-07-08T05:59:45	857	861	858	859
2021-07-08T06:00:15	856	861	858	859
2021-07-08T06:00:45	856	860	858	858
2021-07-08T06:01:15	856	860	857	858
2021-07-08T06:01:45	856	860	857	858
2021-07-08T06:02:15	855	859	857	858
2021-07-08T06:02:45	855	859	856	857
2021-07-08T06:03:15	854	859	856	857
2021-07-08T06:03:45	854	858	856	857
2021-07-08T06:04:15	854	858	855	856
2021-07-08T06:04:45	854	858	855	856
2021-07-08T06:05:15	853	857	855	856
2021-07-08T06:05:45	853	857	855	856
2021-07-08T06:06:15	853	857	854	855
2021-07-08T06:06:45	852	856	854	855
2021-07-08T06:07:15	852	856	854	855
2021-07-08T06:07:45	852	856	854	854
2021-07-08T06:08:15	851	856	854	854
2021-07-08T06:08:45	851	855	853	854
2021-07-08T06:09:15	851	855	853	853
2021-07-08T06:09:45	851	855	852	853
2021-07-08T06:10:15	850	854	853	853
2021-07-08T06:10:45	850	854	852	852
2021-07-08T06:11:15	850	854	852	852
2021-07-08T06:11:45	849	853	852	852
2021-07-08T06:12:15	849	853	852	851
2021-07-08T06:12:45	849	853	851	851
2021-07-08T06:13:15	849	852	851	851
2021-07-08T06:13:45	848	852	851	851
2021-07-08T06:14:15	848	852	850	850
2021-07-08T06:14:45	848	851	850	850
2021-07-08T06:15:15	847	851	850	850
2021-07-08T06:15:45	847	851	849	850
2021-07-08T06:16:15	848	850	849	849
2021-07-08T06:16:45	847	850	849	849
2021-07-08T06:17:15	847	850	848	849
2021-07-08T06:17:45	847	850	848	848
2021-07-08T06:18:15	845	849	848	848
2021-07-08T06:18:45	845	849	848	848
2021-07-08T06:19:15	846	849	847	847
2021-07-08T06:19:45	846	849	847	847
2021-07-08T06:20:15	845	849	847	847
2021-07-08T06:20:45	845	849	846	847
2021-07-08T06:21:15	845	848	846	846
2021-07-08T06:21:45	844	848	846	846
2021-07-08T06:22:15	843	848	845	846
2021-07-08T06:22:45	844	848	845	845
2021-07-08T06:23:15	843	847	845	845
2021-07-08T06:23:45	843	847	844	845
2021-07-08T06:24:15	843	847	844	845
2021-07-08T06:24:45	843	846	844	844
2021-07-08T06:25:15	842	846	844	844
2021-07-08T06:25:45	842	846	843	844
2021-07-08T06:26:15	842	845	843	843
2021-07-08T06:26:45	841	845	843	843
2021-07-08T06:27:15	841	845	842	843
2021-07-08T06:27:45	841	845	842	843
2021-07-08T06:28:15	841	844	842	842
2021-07-08T06:28:45	840	844	842	842
2021-07-08T06:29:15	840	844	841	842
2021-07-08T06:29:45	840	843	841	842
2021-07-08T06:30:15	840	843	841	841
2021-07-08T06:30:45	839	843	840	841
2021-07-08T06:31:15	839	843	840	841
2021-07-08T06:31:45	839	842	840	840
2021-07-08T06:32:15	839	842	840	840
2021-07-08T06:32:45	838	842	840	840
2021-07-08T06:33:15	838	841	839	840
2021-07-08T06:33:45	838	841	839	840
2021-07-08T06:34:15	837	841	839	839
2021-07-08T06:34:45	837	840	838	839
2021-07-08T06:35:15	837	840	838	839
2021-07-08T06:35:45	837	840	838	839
2021-07-08T06:36:15	836	840	837	838
2021-07-08T06:36:45	836	839	837	838
2021-07-08T06:37:15	836	839	837	838
2021-07-08T06:37:45	835	839	837	837
2021-07-08T06:38:15	835	839	836	837
2021-07-08T06:38:45	835	838	836	837
2021-07-08T06:39:15	834	838	836	837
2021-07-08T06:39:45	834	838	836	836
2021-07-08T06:40:15	834	838	835	836
2021-07-08T06:40:45	834	837	835	836
2021-07-08T06:41:15	833	837	835	836
2021-07-08T06:41:45	833	838	834	835
2021-07-08T06:42:15	833	837	834	835
2021-07-08T06:42:45	832	837	834	835
2021-07-08T06:43:15	832	837	834	833
2021-07-08T06:43:45	832	836	833	834
2021-07-08T06:44:15	832	836	833	834
2021-07-08T06:44:45	831	836	833	834
2021-07-08T06:45:15	831	836	833	833
2021-07-08T06:45:45	831	835	832	833
2021-07-08T06:46:15	831	835	832	833
2021-07-08T06:46:45	830	835	832	833
2021-07-08T06:47:15	830	835	831	831
2021-07-08T06:47:45	830	834	831	832
2021-07-08T06:48:15	830	834	831	832
2021-07-08T06:48:45	830	834	831	832
2021-07-08T06:49:15	829	833	830	831
2021-07-08T06:49:45	829	833	830	831
2021-07-08T06:50:15	829	833	830	831
2021-07-08T06:50:45	829	833	830	831
2021-07-08T06:51:15	828	832	830	830
2021-07-08T06:51:45	828	832	829	830
2021-07-08T06:52:15	828	832	829	830
2021-07-08T06:52:45	827	831	829	830
2021-07-08T06:53:15	827	831	829	829
2021-07-08T06:53:45	827	831	828	829
2021-07-08T06:54:15	827	831	828	829
2021-07-08T06:54:45	826	830	828	829
2021-07-08T06:55:15	826	830	828	828
2021-07-08T06:55:45	826	830	827	828
2021-07-08T06:56:15	826	830	827	828
2021-07-08T06:56:45	825	830	826	828
2021-07-08T06:57:15	825	829	826	827
2021-07-08T06:57:45	825	829	826	827
2021-07-08T06:58:15	824	829	826	827
2021-07-08T06:58:45	824	829	826	827
2021-07-08T06:59:15	824	828	825	826
2021-07-08T06:59:45	824	828	825	826
2021-07-08T07:00:15	823	828	825	826
2021-07-08T07:00:45	823	827	825	825
2021-07-08T07:01:15	823	827	824	826
2021-07-08T07:01:45	823	827	824	826
2021-07-08T07:02:15	822	827	824	825
2021-07-08T07:02:45	822	826	823	824
2021-07-08T07:03:15	822	826	823	824
2021-07-08T07:03:45	822	826	823	824
2021-07-08T07:04:15	821	826	823	824
2021-07-08T07:04:45	821	825	823	824
2021-07-08T07:05:15	821	825	822	823
2021-07-08T07:05:45	821	825	822	823
2021-07-08T07:06:15	820	825	822	823
2021-07-08T07:06:45	820	824	822	823
2021-07-08T07:07:15	820	824	821	822
2021-07-08T07:07:45	820	824	821	822
2021-07-08T07:08:15	820	824	821	822
2021-07-08T07:08:45	819	823	821	822
2021-07-08T07:09:15	819	824	820	822
2021-07-08T07:09:45	819	824	820	821
2021-07-08T07:10:15	819	823	820	821
2021-07-08T07:10:45	818	823	820	821
2021-07-08T07:11:15	818	823	820	821
2021-07-08T07:11:45	818	823	819	820
2021-07-08T07:12:15	818	822	819	820
2021-07-08T07:12:45	817	822	819	820
2021-07-08T07:13:15	817	822	819	820
2021-07-08T07:13:45	817	822	818	820
2021-07-08T07:14:15	817	821	818	819
2021-07-08T07:14:45	817	821	819	819
2021-07-08T07:15:15	816	821	818	819
2021-07-08T07:15:45	817	821	818	819
2021-07-08T07:16:15	816	820	818	818
2021-07-08T07:16:45	817	820	817	818
2021-07-08T07:17:15	816	820	818	818
2021-07-08T07:17:45	815	820	816	818
2021-07-08T07:18:15	815	820	816	816
2021-07-08T07:18:45	815	819	817	817
2021-07-08T07:19:15	814	819	817	817
2021-07-08T07:19:45	814	819	816	817
2021-07-08T07:20:15	814	819	816	816
2021-07-08T07:20:45	814	818	816	815
2021-07-08T07:21:15	813	818	816	816
2021-07-08T07:21:45	813	818	815	816
2021-07-08T07:22:15	813	818	815	816
2021-07-08T07:22:45	813	817	815	815
2021-07-08T07:23:15	813	817	815	815
2021-07-08T07:23:45	812	817	813	815
2021-07-08T07:24:15	812	817	814	815
2021-07-08T07:24:45	812	816	814	814
2021-07-08T07:25:15	812	816	814	814
2021-07-08T07:25:45	811	816	814	814
2021-07-08T07:26:15	811	815	813	814
2021-07-08T07:26:45	811	815	813	814
2021-07-08T07:27:15	812	815	813	813
2021-07-08T07:27:45	810	815	813	813
2021-07-08T07:28:15	811	815	812	813
2021-07-08T07:28:45	811	814	812	813
2021-07-08T07:29:15	811	814	812	813
2021-07-08T07:29:45	810	814	812	812
2021-07-08T07:30:15	810	814	811	812
2021-07-08T07:30:45	810	813	811	812
2021-07-08T07:31:15	810	813	811	811
2021-07-08T07:31:45	810	813	811	811
2021-07-08T07:32:15	809	813	810	811
2021-07-08T07:32:45	809	812	810	812
2021-07-08T07:33:15	809	812	810	810
2021-07-08T07:33:45	809	812	810	810
2021-07-08T07:34:15	809	812	810	810
2021-07-08T07:34:45	808	812	810	810
2021-07-08T07:35:15	808	811	809	810
2021-07-08T07:35:45	808	811	809	809
2021-07-08T07:36:15	808	811	809	809
2021-07-08T07:36:45	807	811	809	810
2021-07-08T07:37:15	807	810	808	810
2021-07-08T07:37:45	807	810	808	809
2021-07-08T07:38:15	807	810	808	808
2021-07-08T07:38:45	806	810	808	809
2021-07-08T07:39:15	806	810	808	808
2021-07-08T07:39:45	806	809	807	808
2021-07-08T07:40:15	806	809	807	809
2021-07-08T07:40:45	805	809	807	808
2021-07-08T07:41:15	805	809	807	807
2021-07-08T07:41:45	805	809	806	807
2021-07-08T07:42:15	805	808	806	807
2021-07-08T07:42:45	805	808	806	806
2021-07-08T07:43:15	804	808	806	806
2021-07-08T07:43:45	804	808	806	806
2021-07-08T07:44:15	804	807	805	806
2021-07-08T07:44:45	763	805	803	806
2021-07-08T07:45:15	703	744	767	794
2021-07-08T07:45:45	597	668	712	775
2021-07-08T07:46:15	485	529	586	743
2021-07-08T07:46:45	434	446	547	682
2021-07-08T07:47:15	396	416	507	632
2021-07-08T07:47:45	379	387	483	592
2021-07-08T07:48:15	360	366	465	561
2021-07-08T07:48:45	341	351	451	534
2021-07-08T07:49:15	328	337	432	517
2021-07-08T07:49:45	315	320	422	494
2021-07-08T07:50:15	303	312	405	472
2021-07-08T07:50:45	294	298	394	451
