time	T1	T2	T3	T4
2021-07-17T13:03:59	33	32	36	30
2021-07-17T13:04:29	33	33	36	30
2021-07-17T13:04:59	34	33	36	30
2021-07-17T13:05:29	34	34	38	30
2021-07-17T13:05:59	37	37	41	30
2021-07-17T13:06:29	38	39	42	32
2021-07-17T13:06:59	40	40	43	33
2021-07-17T13:07:29	41	40	44	33
2021-07-17T13:07:59	42	41	44	34
2021-07-17T13:08:29	42	41	45	35
2021-07-17T13:08:59	43	41	45	36
2021-07-17T13:09:29	44	42	45	37
2021-07-17T13:09:59	45	44	47	38
2021-07-17T13:10:29	46	45	47	39
2021-07-17T13:10:59	47	45	48	40
2021-07-17T13:11:29	48	46	49	41
2021-07-17T13:11:59	49	47	50	42
2021-07-17T13:12:29	50	49	51	43
2021-07-17T13:12:59	51	49	52	43
2021-07-17T13:13:29	53	52	55	44
2021-07-17T13:13:59	54	53	57	45
2021-07-17T13:14:29	55	54	57	47
2021-07-17T13:14:59	55	54	58	48
2021-07-17T13:15:29	56	54	58	49
2021-07-17T13:15:59	56	55	59	50
2021-07-17T13:16:29	57	56	59	51
2021-07-17T13:16:59	58	57	60	52
2021-07-17T13:17:29	59	58	61	52
2021-07-17T13:17:59	60	59	61	53
2021-07-17T13:18:29	60	60	62	54
2021-07-17T13:18:59	62	63	67	55
2021-07-17T13:19:29	64	65	68	56
2021-07-17T13:19:59	64	65	69	57
2021-07-17T13:20:29	65	65	69	58
2021-07-17T13:20:59	65	65	69	59
2021-07-17T13:21:29	66	66	69	59
2021-07-17T13:21:59	67	67	70	60
2021-07-17T13:22:29	68	68	70	61
2021-07-17T13:22:59	70	70	73	62
2021-07-17T13:23:29	73	72	75	63
2021-07-17T13:23:59	75	72	76	64
2021-07-17T13:24:29	75	72	76	65
2021-07-17T13:24:59	75	72	76	66
2021-07-17T13:25:29	76	74	77	67
2021-07-17T13:25:59	77	75	77	68
2021-07-17T13:26:29	77	76	78	69
2021-07-17T13:26:59	78	77	80	70
2021-07-17T13:27:29	80	80	84	71
2021-07-17T13:27:59	81	81	85	71
2021-07-17T13:28:29	81	81	85	72
2021-07-17T13:28:59	81	80	85	74
2021-07-17T13:29:29	81	81	85	74
2021-07-17T13:29:59	83	82	86	75
2021-07-17T13:30:29	87	84	86	76
2021-07-17T13:30:59	88	85	87	77
2021-07-17T13:31:29	88	85	88	78
2021-07-17T13:31:59	89	87	88	78
2021-07-17T13:32:29	91	89	93	79
2021-07-17T13:32:59	91	90	93	81
2021-07-17T13:33:29	91	90	93	81
2021-07-17T13:33:59	91	89	93	82
2021-07-17T13:34:29	92	91	94	83
2021-07-17T13:34:59	94	94	99	84
2021-07-17T13:35:29	94	95	100	85
2021-07-17T13:35:59	94	95	100	86
2021-07-17T13:36:29	94	94	100	86
2021-07-17T13:36:59	99	96	100	87
2021-07-17T13:37:29	101	97	101	88
2021-07-17T13:37:59	102	98	101	89
2021-07-17T13:38:29	104	101	104	90
2021-07-17T13:38:59	104	101	105	91
2021-07-17T13:39:29	104	101	105	92
2021-07-17T13:39:59	103	101	104	93
2021-07-17T13:40:29	105	104	108	94
2021-07-17T13:40:59	105	105	108	95
2021-07-17T13:41:29	104	104	108	95
2021-07-17T13:41:59	106	105	108	96
2021-07-17T13:42:29	109	107	109	97
2021-07-17T13:42:59	109	110	113	98
2021-07-17T13:43:29	110	111	115	99
2021-07-17T13:43:59	111	111	115	100
2021-07-17T13:44:29	110	110	114	101
2021-07-17T13:44:59	113	111	114	101
2021-07-17T13:45:29	115	114	117	102
2021-07-17T13:45:59	115	115	119	103
2021-07-17T13:46:29	116	115	119	104
2021-07-17T13:46:59	116	115	119	105
2021-07-17T13:47:29	117	117	119	105
2021-07-17T13:47:59	118	118	122	106
2021-07-17T13:48:29	123	121	125	107
2021-07-17T13:48:59	123	121	125	108
2021-07-17T13:49:29	123	121	125	109
2021-07-17T13:49:59	122	120	124	110
2021-07-17T13:50:29	125	124	128	111
2021-07-17T13:50:59	124	124	128	112
2021-07-17T13:51:29	124	124	129	113
2021-07-17T13:51:59	125	124	128	113
2021-07-17T13:52:29	129	127	131	114
2021-07-17T13:52:59	131	129	132	115
2021-07-17T13:53:29	130	129	132	116
2021-07-17T13:53:59	131	129	133	117
2021-07-17T13:54:29	131	131	136	117
2021-07-17T13:54:59	131	131	134	118
2021-07-17T13:55:29	132	131	135	119
2021-07-17T13:55:59	137	135	139	120
2021-07-17T13:56:29	138	135	139	121
2021-07-17T13:56:59	138	135	138	122
2021-07-17T13:57:29	138	136	141	123
2021-07-17T13:57:59	138	138	140	124
2021-07-17T13:58:29	138	138	141	125
2021-07-17T13:58:59	140	139	143	125
2021-07-17T13:59:29	141	140	143	126
2021-07-17T13:59:59	142	142	145	127
2021-07-17T14:00:29	143	143	146	128
2021-07-17T14:00:59	142	142	146	129
2021-07-17T14:01:29	147	145	149	129
2021-07-17T14:01:59	149	146	149	130
2021-07-17T14:02:29	149	145	149	131
2021-07-17T14:02:59	150	148	152	132
2021-07-17T14:03:29	150	149	153	134
2021-07-17T14:03:59	150	148	152	134
2021-07-17T14:04:29	149	149	152	134
2021-07-17T14:04:59	154	154	157	135
2021-07-17T14:05:29	156	154	158	136
2021-07-17T14:05:59	155	153	157	138
2021-07-17T14:06:29	155	153	156	138
2021-07-17T14:06:59	156	155	159	139
2021-07-17T14:07:29	156	156	161	140
2021-07-17T14:07:59	157	156	161	141
2021-07-17T14:08:29	160	157	160	141
2021-07-17T14:08:59	161	159	163	143
2021-07-17T14:09:29	161	159	163	143
2021-07-17T14:09:59	161	161	165	144
2021-07-17T14:10:29	161	162	166	146
2021-07-17T14:10:59	163	163	166	146
2021-07-17T14:11:29	166	162	166	147
2021-07-17T14:11:59	167	165	167	148
2021-07-17T14:12:29	167	166	170	148
2021-07-17T14:12:59	166	166	170	149
2021-07-17T14:13:29	169	168	171	150
2021-07-17T14:13:59	173	170	174	151
2021-07-17T14:14:29	172	169	174	152
2021-07-17T14:14:59	171	170	175	153
2021-07-17T14:15:29	173	171	176	155
2021-07-17T14:15:59	172	172	175	155
2021-07-17T14:16:29	173	172	175	156
2021-07-17T14:16:59	178	175	179	156
2021-07-17T14:17:29	178	175	179	157
2021-07-17T14:17:59	177	175	179	158
2021-07-17T14:18:29	178	178	182	159
2021-07-17T14:18:59	179	179	182	160
2021-07-17T14:19:29	179	179	182	161
2021-07-17T14:19:59	183	181	185	162
2021-07-17T14:20:29	184	181	185	163
2021-07-17T14:20:59	183	181	186	164
2021-07-17T14:21:29	183	181	185	166
2021-07-17T14:21:59	184	185	189	166
2021-07-17T14:22:29	184	186	189	167
2021-07-17T14:22:59	189	185	189	167
2021-07-17T14:23:29	189	186	188	168
2021-07-17T14:23:59	191	189	194	170
2021-07-17T14:24:29	190	190	193	170
2021-07-17T14:24:59	189	189	192	171
2021-07-17T14:25:29	193	192	196	172
2021-07-17T14:25:59	195	193	197	173
2021-07-17T14:26:29	194	192	195	174
2021-07-17T14:26:59	195	193	198	175
2021-07-17T14:27:29	194	195	199	176
2021-07-17T14:27:59	198	195	199	177
2021-07-17T14:28:29	199	197	201	177
2021-07-17T14:28:59	199	198	201	178
2021-07-17T14:29:29	199	199	202	179
2021-07-17T14:29:59	202	201	204	180
2021-07-17T14:30:29	202	200	203	181
2021-07-17T14:30:59	202	202	206	182
2021-07-17T14:31:29	202	203	207	183
2021-07-17T14:31:59	206	203	206	183
2021-07-17T14:32:29	208	205	209	184
2021-07-17T14:32:59	209	206	209	186
2021-07-17T14:33:29	208	207	211	186
2021-07-17T14:33:59	208	208	211	187
2021-07-17T14:34:29	208	209	213	188
2021-07-17T14:34:59	211	210	214	189
2021-07-17T14:35:29	213	210	214	190
2021-07-17T14:35:59	213	212	216	191
2021-07-17T14:36:29	213	213	217	192
2021-07-17T14:36:59	212	213	217	193
2021-07-17T14:37:29	218	214	218	194
2021-07-17T14:37:59	218	215	219	195
2021-07-17T14:38:29	218	216	220	195
2021-07-17T14:38:59	218	218	221	196
2021-07-17T14:39:29	218	217	220	197
2021-07-17T14:39:59	221	220	225	198
2021-07-17T14:40:29	221	220	224	199
2021-07-17T14:40:59	222	220	224	200
2021-07-17T14:41:29	224	223	227	202
2021-07-17T14:41:59	224	223	226	202
2021-07-17T14:42:29	224	225	228	203
2021-07-17T14:42:59	224	225	228	204
2021-07-17T14:43:29	228	226	229	205
2021-07-17T14:43:59	230	228	231	206
2021-07-17T14:44:29	229	227	230	207
2021-07-17T14:44:59	230	230	233	208
2021-07-17T14:45:29	229	229	232	208
2021-07-17T14:45:59	235	232	237	209
2021-07-17T14:46:29	234	233	237	210
2021-07-17T14:46:59	234	231	235	211
2021-07-17T14:47:29	234	233	238	212
2021-07-17T14:47:59	236	235	238	213
2021-07-17T14:48:29	236	234	238	214
2021-07-17T14:48:59	237	237	242	215
2021-07-17T14:49:29	236	237	242	216
2021-07-17T14:49:59	242	238	241	216
2021-07-17T14:50:29	244	241	244	217
2021-07-17T14:50:59	243	241	244	219
2021-07-17T14:51:29	242	242	246	220
2021-07-17T14:51:59	245	243	247	221
2021-07-17T14:52:29	247	244	246	222
2021-07-17T14:52:59	248	245	249	222
2021-07-17T14:53:29	247	245	248	223
2021-07-17T14:53:59	246	246	252	224
2021-07-17T14:54:29	249	247	252	226
2021-07-17T14:54:59	250	248	251	226
2021-07-17T14:55:29	251	250	254	228
2021-07-17T14:55:59	250	251	255	228
2021-07-17T14:56:29	253	250	253	228
2021-07-17T14:56:59	255	253	260	229
2021-07-17T14:57:29	256	253	257	230
2021-07-17T14:57:59	254	253	256	231
2021-07-17T14:58:29	257	256	259	232
2021-07-17T14:58:59	259	257	261	233
2021-07-17T14:59:29	258	258	262	234
2021-07-17T14:59:59	258	256	261	235
2021-07-17T15:00:29	262	260	264	236
2021-07-17T15:00:59	261	260	264	236
2021-07-17T15:01:29	262	261	265	237
2021-07-17T15:01:59	263	262	266	238
2021-07-17T15:02:29	265	263	267	239
2021-07-17T15:02:59	266	265	269	240
2021-07-17T15:03:29	265	264	267	241
2021-07-17T15:03:59	267	266	271	242
2021-07-17T15:04:29	267	267	270	243
2021-07-17T15:04:59	270	267	269	244
2021-07-17T15:05:29	272	270	273	245
2021-07-17T15:05:59	271	270	273	246
2021-07-17T15:06:29	271	272	276	247
2021-07-17T15:06:59	271	271	275	248
2021-07-17T15:07:29	277	274	277	249
2021-07-17T15:07:59	275	273	278	250
2021-07-17T15:08:29	274	274	278	251
2021-07-17T15:08:59	277	274	279	252
2021-07-17T15:09:29	279	277	282	253
2021-07-17T15:09:59	279	278	283	254
2021-07-17T15:10:29	278	278	280	255
2021-07-17T15:10:59	282	281	285	256
2021-07-17T15:11:29	281	280	284	258
2021-07-17T15:11:59	281	281	286	258
2021-07-17T15:12:29	285	281	285	258
2021-07-17T15:12:59	286	284	288	259
2021-07-17T15:13:29	284	284	288	260
2021-07-17T15:13:59	287	285	290	261
2021-07-17T15:14:29	288	286	290	263
2021-07-17T15:14:59	288	287	291	264
2021-07-17T15:15:29	289	287	291	264
2021-07-17T15:15:59	290	290	295	265
2021-07-17T15:16:29	289	289	294	266
2021-07-17T15:16:59	295	292	295	266
2021-07-17T15:17:29	295	291	295	268
2021-07-17T15:17:59	294	293	299	269
2021-07-17T15:18:29	296	294	297	269
2021-07-17T15:18:59	298	295	299	270
2021-07-17T15:19:29	297	297	300	272
2021-07-17T15:19:59	299	297	299	272
2021-07-17T15:20:29	299	299	303	273
2021-07-17T15:20:59	298	298	301	274
2021-07-17T15:21:29	302	301	305	275
2021-07-17T15:21:59	301	301	305	276
2021-07-17T15:22:29	303	301	306	277
2021-07-17T15:22:59	306	304	307	279
2021-07-17T15:23:29	305	302	307	279
2021-07-17T15:23:59	308	305	310	280
2021-07-17T15:24:29	309	303	309	281
2021-07-17T15:24:59	307	306	312	282
2021-07-17T15:25:29	310	307	311	284
2021-07-17T15:25:59	310	308	312	284
2021-07-17T15:26:29	309	310	314	285
2021-07-17T15:26:59	315	311	316	285
2021-07-17T15:27:29	316	312	316	287
2021-07-17T15:27:59	315	312	317	289
2021-07-17T15:28:29	314	312	317	289
2021-07-17T15:28:59	317	313	318	289
2021-07-17T15:29:29	317	314	319	291
2021-07-17T15:29:59	317	316	322	291
2021-07-17T15:30:29	319	317	320	293
2021-07-17T15:30:59	320	317	323	293
2021-07-17T15:31:29	322	318	323	294
2021-07-17T15:31:59	322	319	324	295
2021-07-17T15:32:29	324	322	325	296
2021-07-17T15:32:59	322	321	325	298
2021-07-17T15:33:29	327	323	328	298
2021-07-17T15:33:59	326	323	327	299
2021-07-17T15:34:29	325	324	329	300
2021-07-17T15:34:59	329	326	331	301
2021-07-17T15:35:29	328	325	331	302
2021-07-17T15:35:59	328	327	333	303
2021-07-17T15:36:29	332	327	332	304
2021-07-17T15:36:59	331	329	333	304
2021-07-17T15:37:29	332	330	336	305
2021-07-17T15:37:59	335	330	335	306
2021-07-17T15:38:29	334	332	338	307
2021-07-17T15:38:59	336	332	337	308
2021-07-17T15:39:29	336	334	341	309
2021-07-17T15:39:59	339	334	339	310
2021-07-17T15:40:29	339	336	341	312
2021-07-17T15:40:59	340	337	340	312
2021-07-17T15:41:29	341	338	344	313
2021-07-17T15:41:59	339	338	344	314
2021-07-17T15:42:29	344	339	344	315
2021-07-17T15:42:59	343	341	346	316
2021-07-17T15:43:29	343	342	348	317
2021-07-17T15:43:59	347	342	347	318
2021-07-17T15:44:29	345	343	348	319
2021-07-17T15:44:59	347	344	350	320
2021-07-17T15:45:29	348	345	351	321
2021-07-17T15:45:59	350	347	352	322
2021-07-17T15:46:29	350	347	353	323
2021-07-17T15:46:59	351	347	353	324
2021-07-17T15:47:29	352	349	356	325
2021-07-17T15:47:59	354	349	356	325
2021-07-17T15:48:29	354	350	357	326
2021-07-17T15:48:59	353	351	358	328
2021-07-17T15:49:29	357	351	357	329
2021-07-17T15:49:59	357	354	360	329
2021-07-17T15:50:29	357	354	361	331
2021-07-17T15:50:59	359	355	361	332
2021-07-17T15:51:29	361	357	361	333
2021-07-17T15:51:59	362	357	364	335
2021-07-17T15:52:29	361	356	364	335
2021-07-17T15:52:59	362	359	366	336
2021-07-17T15:53:29	363	360	367	337
2021-07-17T15:53:59	364	361	367	338
2021-07-17T15:54:29	368	362	370	338
2021-07-17T15:54:59	366	362	369	339
2021-07-17T15:55:29	368	363	371	340
2021-07-17T15:55:59	367	364	372	342
2021-07-17T15:56:29	370	365	370	342
2021-07-17T15:56:59	370	368	374	343
2021-07-17T15:57:29	371	367	373	344
2021-07-17T15:57:59	371	369	375	345
2021-07-17T15:58:29	373	370	376	347
2021-07-17T15:58:59	373	370	378	347
2021-07-17T15:59:29	376	371	378	349
2021-07-17T15:59:59	375	373	378	350
2021-07-17T16:00:29	378	375	381	351
2021-07-17T16:00:59	376	372	380	352
2021-07-17T16:01:29	380	375	382	352
2021-07-17T16:01:59	379	374	382	354
2021-07-17T16:02:29	383	378	386	354
2021-07-17T16:02:59	380	378	384	356
2021-07-17T16:03:29	385	379	386	357
2021-07-17T16:03:59	383	378	386	358
2021-07-17T16:04:29	386	381	389	359
2021-07-17T16:04:59	385	380	387	361
2021-07-17T16:05:30	388	382	391	361
2021-07-17T16:06:00	386	383	390	361
2021-07-17T16:06:30	390	386	392	363
2021-07-17T16:07:00	389	387	392	364
2021-07-17T16:07:30	392	386	393	365
2021-07-17T16:08:00	391	388	396	366
2021-07-17T16:08:30	393	388	395	367
2021-07-17T16:09:00	393	391	397	368
2021-07-17T16:09:30	395	389	397	369
2021-07-17T16:10:00	396	390	398	370
2021-07-17T16:10:30	398	392	399	371
2021-07-17T16:11:00	397	393	400	372
2021-07-17T16:11:30	400	394	401	373
2021-07-17T16:12:00	399	395	404	374
2021-07-17T16:12:30	401	396	403	375
2021-07-17T16:13:00	402	398	406	376
2021-07-17T16:13:30	402	397	405	377
2021-07-17T16:14:00	403	399	405	378
2021-07-17T16:14:30	404	400	409	379
2021-07-17T16:15:00	406	400	409	380
2021-07-17T16:15:30	407	401	408	381
2021-07-17T16:16:00	408	404	411	381
2021-07-17T16:16:30	408	402	411	383
2021-07-17T16:17:00	410	405	413	383
2021-07-17T16:17:30	411	404	413	384
2021-07-17T16:18:00	411	406	414	385
2021-07-17T16:18:30	411	408	415	387
2021-07-17T16:19:00	414	407	417	387
2021-07-17T16:19:30	413	409	417	389
2021-07-17T16:20:00	415	409	417	390
2021-07-17T16:20:30	417	411	419	391
2021-07-17T16:21:00	417	410	418	392
2021-07-17T16:21:30	419	413	423	392
2021-07-17T16:22:00	419	413	420	394
2021-07-17T16:22:30	420	415	424	394
2021-07-17T16:23:00	421	415	424	395
2021-07-17T16:23:30	421	416	425	396
2021-07-17T16:24:00	424	418	425	397
2021-07-17T16:24:30	423	418	427	398
2021-07-17T16:25:00	425	418	428	399
2021-07-17T16:25:30	426	419	429	401
2021-07-17T16:26:00	427	421	430	401
2021-07-17T16:26:30	429	421	431	402
2021-07-17T16:27:00	428	422	432	403
2021-07-17T16:27:30	431	423	433	404
2021-07-17T16:28:00	431	424	433	405
2021-07-17T16:28:30	430	425	436	406
2021-07-17T16:29:00	435	426	436	407
2021-07-17T16:29:30	433	427	436	407
2021-07-17T16:30:00	436	427	437	409
2021-07-17T16:30:30	435	430	439	410
2021-07-17T16:31:00	438	430	440	411
2021-07-17T16:31:30	437	431	441	412
2021-07-17T16:32:00	439	432	442	413
2021-07-17T16:32:30	440	433	443	414
2021-07-17T16:33:00	439	435	444	415
2021-07-17T16:33:30	443	435	444	416
2021-07-17T16:34:00	441	436	446	417
2021-07-17T16:34:30	444	436	446	419
2021-07-17T16:35:00	445	439	449	420
2021-07-17T16:35:30	444	438	449	420
2021-07-17T16:36:00	447	439	449	421
2021-07-17T16:36:30	447	440	449	422
2021-07-17T16:37:00	448	440	450	423
2021-07-17T16:37:30	451	442	452	424
2021-07-17T16:38:00	451	444	454	425
2021-07-17T16:38:30	451	444	454	426
2021-07-17T16:39:00	452	443	453	427
2021-07-17T16:39:30	454	447	458	428
2021-07-17T16:40:00	454	448	459	429
2021-07-17T16:40:30	455	448	458	430
2021-07-17T16:41:00	456	449	460	431
2021-07-17T16:41:30	456	450	460	432
2021-07-17T16:42:00	458	451	461	433
2021-07-17T16:42:30	461	453	462	434
2021-07-17T16:43:00	459	453	462	435
2021-07-17T16:43:30	462	453	463	436
2021-07-17T16:44:00	461	455	466	437
2021-07-17T16:44:30	462	455	465	438
2021-07-17T16:45:00	464	457	466	439
2021-07-17T16:45:30	463	458	468	440
2021-07-17T16:46:00	467	459	471	441
2021-07-17T16:46:30	465	457	468	443
2021-07-17T16:47:00	469	460	471	443
2021-07-17T16:47:30	469	461	473	444
2021-07-17T16:48:00	470	462	473	445
2021-07-17T16:48:30	471	463	472	446
2021-07-17T16:49:00	472	464	475	447
2021-07-17T16:49:30	472	464	475	448
2021-07-17T16:50:00	474	466	477	449
2021-07-17T16:50:30	476	467	477	450
2021-07-17T16:51:00	475	467	477	451
2021-07-17T16:51:30	477	469	480	452
2021-07-17T16:52:00	478	469	479	453
2021-07-17T16:52:30	478	470	482	454
2021-07-17T16:53:00	480	471	483	455
2021-07-17T16:53:30	482	471	483	457
2021-07-17T16:54:00	482	473	484	457
2021-07-17T16:54:30	481	474	486	458
2021-07-17T16:55:00	485	476	487	459
2021-07-17T16:55:30	485	475	487	460
2021-07-17T16:56:00	485	477	489	461
2021-07-17T16:56:30	487	478	490	462
2021-07-17T16:57:00	487	478	489	463
2021-07-17T16:57:30	490	480	492	464
2021-07-17T16:58:00	490	481	493	465
2021-07-17T16:58:30	489	481	493	467
2021-07-17T16:59:00	492	483	495	468
2021-07-17T16:59:30	493	484	496	469
2021-07-17T17:00:00	493	485	497	469
2021-07-17T17:00:30	495	485	496	470
2021-07-17T17:01:00	493	486	497	471
2021-07-17T17:01:30	498	489	500	472
2021-07-17T17:02:00	498	489	501	473
2021-07-17T17:02:30	498	490	502	475
2021-07-17T17:03:00	498	490	503	475
2021-07-17T17:03:30	500	489	502	477
2021-07-17T17:04:00	500	492	504	477
2021-07-17T17:04:30	502	494	505	478
2021-07-17T17:05:00	502	494	506	480
2021-07-17T17:05:30	506	495	508	480
2021-07-17T17:06:00	503	495	507	481
2021-07-17T17:06:30	505	496	508	483
2021-07-17T17:07:00	509	498	511	484
2021-07-17T17:07:30	509	498	511	485
2021-07-17T17:08:00	508	499	510	485
2021-07-17T17:08:30	510	501	514	486
2021-07-17T17:09:00	511	501	514	487
2021-07-17T17:09:30	513	501	516	488
2021-07-17T17:10:00	512	502	515	489
2021-07-17T17:10:30	513	503	516	490
2021-07-17T17:11:00	515	505	517	492
2021-07-17T17:11:30	516	506	518	492
2021-07-17T17:12:00	518	507	520	493
2021-07-17T17:12:30	517	507	521	495
2021-07-17T17:13:00	518	506	519	496
2021-07-17T17:13:30	518	508	522	497
2021-07-17T17:14:00	521	510	524	498
2021-07-17T17:14:30	521	511	525	499
2021-07-17T17:15:00	523	512	525	500
2021-07-17T17:15:30	525	513	527	501
2021-07-17T17:16:00	524	514	528	502
2021-07-17T17:16:30	525	516	528	503
2021-07-17T17:17:00	527	515	528	505
2021-07-17T17:17:30	529	517	531	506
2021-07-17T17:18:00	529	517	532	506
2021-07-17T17:18:30	530	519	533	507
2021-07-17T17:19:00	530	521	533	508
2021-07-17T17:19:30	530	520	533	509
2021-07-17T17:20:00	533	521	535	510
2021-07-17T17:20:30	534	521	537	512
2021-07-17T17:21:00	534	523	538	513
2021-07-17T17:21:30	537	525	539	513
2021-07-17T17:22:00	537	525	538	515
2021-07-17T17:22:30	537	526	540	516
2021-07-17T17:23:00	539	528	542	517
2021-07-17T17:23:30	541	529	543	518
2021-07-17T17:24:00	542	530	544	519
2021-07-17T17:24:30	541	530	544	520
2021-07-17T17:25:00	544	531	545	522
2021-07-17T17:25:30	543	532	547	523
2021-07-17T17:26:00	544	532	547	523
2021-07-17T17:26:30	546	535	548	525
2021-07-17T17:27:00	547	535	549	525
2021-07-17T17:27:30	546	535	549	526
2021-07-17T17:28:00	548	535	550	527
2021-07-17T17:28:30	550	538	552	529
2021-07-17T17:29:00	550	539	554	530
2021-07-17T17:29:30	551	539	553	530
2021-07-17T17:30:00	552	541	554	532
2021-07-17T17:30:30	553	541	556	533
2021-07-17T17:31:00	552	541	558	534
2021-07-17T17:31:30	554	543	558	535
2021-07-17T17:32:00	555	544	559	536
2021-07-17T17:32:30	558	545	559	537
2021-07-17T17:33:00	559	547	560	538
2021-07-17T17:33:30	558	547	561	539
2021-07-17T17:34:00	559	547	561	541
2021-07-17T17:34:30	560	548	563	541
2021-07-17T17:35:00	563	549	564	542
2021-07-17T17:35:30	564	552	567	544
2021-07-17T17:36:00	564	550	565	544
2021-07-17T17:36:30	564	553	568	545
2021-07-17T17:37:00	566	554	568	547
2021-07-17T17:37:30	567	555	569	547
2021-07-17T17:38:00	568	556	571	548
2021-07-17T17:38:30	569	558	571	549
2021-07-17T17:39:00	569	558	572	551
2021-07-17T17:39:30	569	558	573	551
2021-07-17T17:40:00	572	559	573	553
2021-07-17T17:40:30	572	560	575	554
2021-07-17T17:41:00	574	562	576	555
2021-07-17T17:41:30	575	563	578	556
2021-07-17T17:42:00	575	564	579	556
2021-07-17T17:42:30	576	565	579	558
2021-07-17T17:43:00	578	565	580	560
2021-07-17T17:43:30	577	567	582	559
2021-07-17T17:44:00	579	567	582	561
2021-07-17T17:44:30	581	569	584	563
2021-07-17T17:45:00	582	570	585	564
2021-07-17T17:45:30	583	570	586	565
2021-07-17T17:46:00	584	572	588	566
2021-07-17T17:46:30	585	573	587	567
2021-07-17T17:47:00	587	573	589	568
2021-07-17T17:47:30	585	574	589	569
2021-07-17T17:48:00	588	574	589	571
2021-07-17T17:48:30	589	576	592	572
2021-07-17T17:49:00	590	575	592	573
2021-07-17T17:49:30	590	577	594	573
2021-07-17T17:50:00	591	578	594	573
2021-07-17T17:50:30	591	580	596	575
2021-07-17T17:51:00	595	581	597	576
2021-07-17T17:51:30	594	581	597	577
2021-07-17T17:52:00	594	582	598	577
2021-07-17T17:52:30	596	583	598	580
2021-07-17T17:53:00	598	583	599	582
2021-07-17T17:53:30	597	585	600	581
2021-07-17T17:54:00	599	585	602	582
2021-07-17T17:54:30	600	587	602	583
2021-07-17T17:55:00	600	587	604	586
2021-07-17T17:55:30	602	589	604	585
2021-07-17T17:56:00	602	590	605	588
2021-07-17T17:56:30	606	590	607	588
2021-07-17T17:57:00	603	591	607	589
2021-07-17T17:57:30	606	593	610	590
2021-07-17T17:58:00	606	594	610	592
2021-07-17T17:58:30	607	594	610	592
2021-07-17T17:59:00	609	596	611	594
2021-07-17T17:59:30	609	596	613	595
2021-07-17T18:00:00	611	598	614	595
2021-07-17T18:00:30	613	598	615	596
2021-07-17T18:01:00	611	599	614	598
2021-07-17T18:01:30	613	601	616	598
2021-07-17T18:02:00	614	600	617	599
2021-07-17T18:02:30	616	603	619	600
2021-07-17T18:03:00	617	603	620	602
2021-07-17T18:03:30	618	604	620	603
2021-07-17T18:04:00	619	605	621	605
2021-07-17T18:04:30	619	607	622	605
2021-07-17T18:05:00	620	608	624	607
2021-07-17T18:05:30	621	609	625	607
2021-07-17T18:06:00	622	610	625	608
2021-07-17T18:06:30	624	611	626	609
2021-07-17T18:07:00	624	612	628	610
2021-07-17T18:07:30	625	613	629	611
2021-07-17T18:08:00	626	615	630	612
2021-07-17T18:08:30	628	616	631	613
2021-07-17T18:09:00	628	616	632	615
2021-07-17T18:09:30	628	617	632	616
2021-07-17T18:10:00	629	618	633	616
2021-07-17T18:10:30	631	619	634	617
2021-07-17T18:11:00	633	620	635	618
2021-07-17T18:11:30	633	621	636	619
2021-07-17T18:12:00	634	623	638	620
2021-07-17T18:12:30	635	623	638	621
2021-07-17T18:13:00	637	624	639	622
2021-07-17T18:13:30	638	626	641	624
2021-07-17T18:14:00	639	627	642	626
2021-07-17T18:14:30	641	628	641	625
2021-07-17T18:15:00	641	627	642	626
2021-07-17T18:15:30	642	627	643	627
2021-07-17T18:16:00	642	630	645	628
2021-07-17T18:16:30	643	631	648	630
2021-07-17T18:17:00	644	631	646	630
2021-07-17T18:17:30	645	633	647	631
2021-07-17T18:18:00	647	634	648	632
2021-07-17T18:18:30	646	634	649	633
2021-07-17T18:19:00	648	636	651	634
2021-07-17T18:19:30	649	636	651	635
2021-07-17T18:20:00	649	639	654	636
2021-07-17T18:20:30	651	639	653	638
2021-07-17T18:21:00	653	639	654	638
2021-07-17T18:21:30	651	640	656	639
2021-07-17T18:22:00	654	641	656	641
2021-07-17T18:22:30	654	641	657	641
2021-07-17T18:23:00	655	642	658	642
2021-07-17T18:23:30	656	644	659	643
2021-07-17T18:24:00	657	645	660	644
2021-07-17T18:24:30	659	648	662	645
2021-07-17T18:25:00	660	648	661	646
2021-07-17T18:25:30	660	650	664	649
2021-07-17T18:26:00	660	648	663	649
2021-07-17T18:26:30	662	652	665	649
2021-07-17T18:27:00	662	651	666	650
2021-07-17T18:27:30	665	653	668	652
2021-07-17T18:28:00	664	653	669	653
2021-07-17T18:28:30	666	653	668	654
2021-07-17T18:29:00	667	656	671	655
2021-07-17T18:29:30	668	656	670	656
2021-07-17T18:30:00	667	658	672	657
2021-07-17T18:30:30	670	660	674	658
2021-07-17T18:31:00	672	660	674	659
2021-07-17T18:31:30	673	661	676	661
2021-07-17T18:32:00	674	662	676	660
2021-07-17T18:32:30	674	664	678	662
2021-07-17T18:33:00	676	664	678	663
2021-07-17T18:33:30	675	665	679	664
2021-07-17T18:34:00	678	667	681	665
2021-07-17T18:34:30	679	668	682	666
2021-07-17T18:35:00	680	669	682	667
2021-07-17T18:35:30	681	670	684	668
2021-07-17T18:36:00	683	671	684	669
2021-07-17T18:36:30	683	671	685	671
2021-07-17T18:37:00	683	672	686	671
2021-07-17T18:37:30	684	672	687	672
2021-07-17T18:38:00	685	674	689	674
2021-07-17T18:38:30	687	675	690	676
2021-07-17T18:39:00	688	676	690	675
2021-07-17T18:39:30	689	677	691	676
2021-07-17T18:40:00	689	678	692	679
2021-07-17T18:40:30	689	679	694	678
2021-07-17T18:41:00	690	679	694	680
2021-07-17T18:41:30	692	681	695	681
2021-07-17T18:42:00	694	683	697	681
2021-07-17T18:42:30	695	683	695	683
2021-07-17T18:43:00	695	683	696	683
2021-07-17T18:43:30	695	685	698	685
2021-07-17T18:44:00	697	686	700	686
2021-07-17T18:44:30	697	687	700	686
2021-07-17T18:45:00	699	689	702	688
2021-07-17T18:45:30	700	688	701	688
2021-07-17T18:46:00	700	689	703	689
2021-07-17T18:46:30	700	690	704	690
2021-07-17T18:47:00	701	690	704	691
2021-07-17T18:47:30	703	692	706	693
2021-07-17T18:48:00	704	692	707	694
2021-07-17T18:48:30	706	695	708	694
2021-07-17T18:49:00	705	695	708	695
2021-07-17T18:49:30	707	697	711	697
2021-07-17T18:50:00	707	697	712	698
2021-07-17T18:50:30	708	698	711	699
2021-07-17T18:51:00	710	699	713	700
2021-07-17T18:51:30	711	700	714	701
2021-07-17T18:52:00	712	701	714	701
2021-07-17T18:52:30	713	702	716	703
2021-07-17T18:53:00	713	703	718	703
2021-07-17T18:53:30	715	704	717	704
2021-07-17T18:54:00	715	704	719	706
2021-07-17T18:54:30	716	706	720	707
2021-07-17T18:55:00	719	706	721	708
2021-07-17T18:55:30	719	706	721	708
2021-07-17T18:56:00	721	709	723	710
2021-07-17T18:56:30	720	710	725	711
2021-07-17T18:57:00	723	710	725	712
2021-07-17T18:57:30	724	711	726	712
2021-07-17T18:58:00	725	712	728	713
2021-07-17T18:58:30	726	714	727	713
2021-07-17T18:59:00	727	714	728	715
2021-07-17T18:59:30	728	716	729	717
2021-07-17T19:00:00	727	716	731	717
2021-07-17T19:00:30	730	718	732	719
2021-07-17T19:01:00	731	719	733	720
2021-07-17T19:01:30	732	720	733	722
2021-07-17T19:02:00	733	721	735	722
2021-07-17T19:02:30	734	721	736	723
2021-07-17T19:03:00	734	722	737	724
2021-07-17T19:03:30	734	722	738	725
2021-07-17T19:04:00	736	724	739	726
2021-07-17T19:04:30	738	725	741	726
2021-07-17T19:05:00	738	726	740	727
2021-07-17T19:05:30	740	728	742	728
2021-07-17T19:06:00	739	727	743	730
2021-07-17T19:06:30	740	729	744	731
2021-07-17T19:07:00	741	730	744	732
2021-07-17T19:07:30	743	732	745	733
2021-07-17T19:08:00	745	732	747	734
2021-07-17T19:08:30	743	732	746	735
2021-07-17T19:09:00	745	735	750	736
2021-07-17T19:09:30	745	734	749	736
2021-07-17T19:10:00	748	736	750	738
2021-07-17T19:10:30	748	738	752	738
2021-07-17T19:11:00	749	737	751	739
2021-07-17T19:11:30	750	738	753	741
2021-07-17T19:12:00	751	739	753	742
2021-07-17T19:12:30	752	741	756	743
2021-07-17T19:13:00	752	740	755	744
2021-07-17T19:13:30	754	742	757	745
2021-07-17T19:14:00	754	743	757	746
2021-07-17T19:14:30	755	745	760	746
2021-07-17T19:15:00	757	745	759	747
2021-07-17T19:15:30	758	747	761	749
2021-07-17T19:16:00	759	746	762	750
2021-07-17T19:16:30	760	747	762	751
2021-07-17T19:17:00	762	751	765	751
2021-07-17T19:17:30	762	751	764	752
2021-07-17T19:18:00	763	753	767	753
2021-07-17T19:18:30	763	754	767	754
2021-07-17T19:19:00	766	754	768	756
2021-07-17T19:19:30	765	754	770	757
2021-07-17T19:20:00	766	756	770	757
2021-07-17T19:20:30	769	757	771	758
2021-07-17T19:21:00	768	758	772	760
2021-07-17T19:21:30	770	758	773	759
2021-07-17T19:22:00	770	760	774	761
2021-07-17T19:22:30	772	761	774	761
2021-07-17T19:23:00	772	762	774	763
2021-07-17T19:23:30	773	763	777	763
2021-07-17T19:24:00	774	764	778	764
2021-07-17T19:24:30	777	764	777	765
2021-07-17T19:25:00	778	767	780	765
2021-07-17T19:25:30	778	767	781	766
2021-07-17T19:26:00	778	767	781	767
2021-07-17T19:26:30	780	769	781	768
2021-07-17T19:27:00	782	770	784	770
2021-07-17T19:27:30	783	771	785	770
2021-07-17T19:28:00	783	772	785	771
2021-07-17T19:28:30	783	773	787	771
2021-07-17T19:29:00	785	773	787	772
2021-07-17T19:29:30	786	774	788	773
2021-07-17T19:30:00	785	775	789	774
2021-07-17T19:30:30	787	777	791	776
2021-07-17T19:31:00	788	777	790	776
2021-07-17T19:31:30	790	778	793	777
2021-07-17T19:32:00	789	778	792	779
2021-07-17T19:32:30	791	780	794	778
2021-07-17T19:33:00	791	780	795	781
2021-07-17T19:33:30	795	782	796	781
2021-07-17T19:34:00	796	783	798	781
2021-07-17T19:34:30	795	783	797	783
2021-07-17T19:35:00	795	785	799	783
2021-07-17T19:35:30	797	785	798	785
2021-07-17T19:36:00	797	786	799	787
2021-07-17T19:36:30	799	787	801	787
2021-07-17T19:37:00	799	787	801	789
2021-07-17T19:37:30	801	789	804	788
2021-07-17T19:38:00	802	790	804	789
2021-07-17T19:38:30	802	792	806	790
2021-07-17T19:39:00	803	792	807	792
2021-07-17T19:39:30	804	794	808	793
2021-07-17T19:40:00	806	794	809	795
2021-07-17T19:40:30	806	795	810	796
2021-07-17T19:41:00	808	796	811	796
2021-07-17T19:41:30	809	798	812	797
2021-07-17T19:42:00	810	797	812	800
2021-07-17T19:42:30	811	799	814	800
2021-07-17T19:43:00	811	800	814	801
2021-07-17T19:43:30	813	801	817	801
2021-07-17T19:44:00	814	799	808	803
2021-07-17T19:44:30	813	798	804	801
2021-07-17T19:45:00	817	798	802	801
2021-07-17T19:45:30	815	797	800	800
2021-07-17T19:46:00	818	797	798	801
2021-07-17T19:46:30	818	797	797	800
2021-07-17T19:47:00	820	797	797	800
2021-07-17T19:47:30	821	796	796	800
2021-07-17T19:48:00	822	796	795	802
2021-07-17T19:48:30	821	799	803	803
2021-07-17T19:49:00	824	802	809	805
2021-07-17T19:49:30	824	805	813	808
2021-07-17T19:50:00	824	806	816	808
2021-07-17T19:50:30	826	807	818	811
2021-07-17T19:51:00	827	809	821	814
2021-07-17T19:51:30	828	811	822	814
2021-07-17T19:52:00	830	811	824	818
2021-07-17T19:52:30	829	813	826	818
2021-07-17T19:53:00	832	815	828	819
2021-07-17T19:53:30	833	815	829	820
2021-07-17T19:54:00	833	817	830	821
2021-07-17T19:54:30	834	818	832	823
2021-07-17T19:55:00	836	819	833	824
2021-07-17T19:55:30	836	820	834	825
2021-07-17T19:56:00	837	821	835	828
2021-07-17T19:56:30	838	823	837	829
2021-07-17T19:57:00	840	823	838	829
2021-07-17T19:57:30	840	824	841	830
2021-07-17T19:58:00	841	825	841	832
2021-07-17T19:58:30	843	827	843	833
2021-07-17T19:59:00	841	828	843	833
2021-07-17T19:59:30	846	829	845	834
2021-07-17T20:00:00	845	830	846	836
2021-07-17T20:00:30	845	830	847	836
2021-07-17T20:01:00	848	832	848	839
2021-07-17T20:01:30	849	833	849	839
2021-07-17T20:02:00	849	834	850	839
2021-07-17T20:02:30	849	834	851	841
2021-07-17T20:03:00	851	836	852	843
2021-07-17T20:03:30	850	836	853	843
2021-07-17T20:04:00	854	837	854	843
2021-07-17T20:04:30	853	838	854	844
2021-07-17T20:05:00	853	836	846	845
2021-07-17T20:05:30	856	835	844	844
2021-07-17T20:06:00	856	835	841	843
2021-07-17T20:06:30	859	834	839	844
2021-07-17T20:07:00	857	834	838	843
2021-07-17T20:07:30	860	835	837	844
2021-07-17T20:08:00	860	835	836	844
2021-07-17T20:08:30	861	835	836	844
2021-07-17T20:09:00	864	836	839	844
2021-07-17T20:09:30	862	838	846	847
2021-07-17T20:10:00	865	842	851	848
2021-07-17T20:10:30	866	845	854	850
2021-07-17T20:11:00	867	846	857	852
2021-07-17T20:11:30	869	848	860	854
2021-07-17T20:12:00	869	849	862	858
2021-07-17T20:12:30	869	851	863	858
2021-07-17T20:13:00	872	852	865	859
2021-07-17T20:13:30	872	854	868	861
2021-07-17T20:14:00	874	855	869	862
2021-07-17T20:14:30	873	856	870	864
2021-07-17T20:15:00	875	857	872	866
2021-07-17T20:15:30	875	859	874	867
2021-07-17T20:16:00	875	860	875	868
2021-07-17T20:16:30	879	862	876	870
2021-07-17T20:17:00	879	863	878	870
2021-07-17T20:17:30	880	864	878	872
2021-07-17T20:18:00	880	865	880	873
2021-07-17T20:18:30	881	866	881	873
2021-07-17T20:19:00	883	867	882	876
2021-07-17T20:19:30	884	868	884	875
2021-07-17T20:20:00	884	870	884	876
2021-07-17T20:20:30	885	870	886	878
2021-07-17T20:21:00	887	872	886	880
2021-07-17T20:21:30	886	872	888	881
2021-07-17T20:22:00	888	874	889	882
2021-07-17T20:22:30	889	875	890	883
2021-07-17T20:23:00	889	875	891	884
2021-07-17T20:23:30	891	877	892	884
2021-07-17T20:24:00	892	878	894	888
2021-07-17T20:24:30	893	880	895	888
2021-07-17T20:25:00	893	880	896	889
2021-07-17T20:25:30	893	880	892	890
2021-07-17T20:26:00	898	878	887	891
2021-07-17T20:26:30	899	878	885	889
2021-07-17T20:27:00	898	878	883	889
2021-07-17T20:27:30	898	878	882	888
2021-07-17T20:28:00	898	878	881	888
2021-07-17T20:28:30	898	878	880	889
2021-07-17T20:29:00	898	878	879	887
2021-07-17T20:29:30	898	877	879	889
2021-07-17T20:30:00	899	879	884	887
2021-07-17T20:30:30	898	882	891	890
2021-07-17T20:31:00	899	885	895	893
2021-07-17T20:31:30	900	887	898	893
2021-07-17T20:32:00	900	888	900	894
2021-07-17T20:32:30	900	890	901	897
2021-07-17T20:33:00	898	889	901	897
2021-07-17T20:33:30	898	889	901	897
2021-07-17T20:34:00	898	890	902	898
2021-07-17T20:34:30	900	891	902	899
2021-07-17T20:35:00	898	890	901	899
2021-07-17T20:35:30	898	890	901	899
2021-07-17T20:36:00	899	890	902	900
2021-07-17T20:36:30	900	890	901	899
2021-07-17T20:37:00	899	891	902	899
2021-07-17T20:37:30	900	891	903	900
2021-07-17T20:38:00	900	892	903	900
2021-07-17T20:38:30	899	892	903	900
2021-07-17T20:39:00	899	893	903	899
2021-07-17T20:39:30	900	893	902	901
2021-07-17T20:40:00	900	893	902	900
2021-07-17T20:40:30	899	893	902	900
2021-07-17T20:41:00	898	892	903	900
2021-07-17T20:41:30	899	894	902	901
2021-07-17T20:42:00	898	893	902	902
2021-07-17T20:42:30	899	893	902	902
2021-07-17T20:43:00	900	895	903	902
2021-07-17T20:43:30	900	894	901	901
2021-07-17T20:44:00	899	893	902	901
2021-07-17T20:44:30	900	894	903	902
2021-07-17T20:45:00	900	895	903	902
2021-07-17T20:45:30	901	895	902	903
2021-07-17T20:46:00	900	894	903	903
2021-07-17T20:46:30	899	895	903	903
2021-07-17T20:47:00	900	895	903	903
2021-07-17T20:47:30	900	895	903	902
2021-07-17T20:48:00	900	894	901	902
2021-07-17T20:48:30	899	894	901	902
2021-07-17T20:49:00	898	894	902	902
2021-07-17T20:49:30	900	895	902	902
2021-07-17T20:50:00	900	895	902	903
2021-07-17T20:50:30	900	895	902	903
2021-07-17T20:51:00	900	896	902	903
2021-07-17T20:51:30	901	896	902	903
2021-07-17T20:52:00	900	896	902	903
2021-07-17T20:52:30	900	897	903	903
2021-07-17T20:53:00	900	897	903	903
2021-07-17T20:53:30	899	896	903	903
2021-07-17T20:54:00	899	896	902	904
2021-07-17T20:54:30	898	896	902	903
2021-07-17T20:55:00	899	896	902	903
2021-07-17T20:55:30	899	897	903	903
2021-07-17T20:56:00	900	898	903	903
2021-07-17T20:56:30	900	897	903	903
2021-07-17T20:57:00	898	898	903	903
2021-07-17T20:57:30	899	898	904	904
2021-07-17T20:58:00	900	897	902	903
2021-07-17T20:58:30	898	898	903	904
2021-07-17T20:59:00	899	898	903	904
2021-07-17T20:59:30	900	898	903	904
2021-07-17T21:00:00	900	897	902	904
2021-07-17T21:00:30	899	898	902	903
2021-07-17T21:01:00	899	899	903	904
2021-07-17T21:01:30	901	899	904	904
2021-07-17T21:02:00	899	898	903	903
2021-07-17T21:02:30	900	897	901	903
2021-07-17T21:03:00	900	898	902	903
2021-07-17T21:03:30	899	899	903	903
2021-07-17T21:04:00	899	898	902	904
2021-07-17T21:04:30	900	898	902	903
2021-07-17T21:05:00	899	899	902	903
2021-07-17T21:05:30	900	899	903	903
2021-07-17T21:06:00	901	900	903	903
2021-07-17T21:06:30	899	899	902	903
2021-07-17T21:07:00	901	899	903	903
2021-07-17T21:07:30	899	899	902	904
2021-07-17T21:08:00	899	900	903	904
2021-07-17T21:08:30	901	899	903	904
2021-07-17T21:09:00	900	899	902	904
2021-07-17T21:09:30	899	900	903	904
2021-07-17T21:10:00	900	899	902	903
2021-07-17T21:10:30	898	899	903	904
2021-07-17T21:11:00	900	900	903	904
2021-07-17T21:11:30	901	899	902	904
2021-07-17T21:12:00	899	900	903	904
2021-07-17T21:12:30	900	899	902	904
2021-07-17T21:13:00	899	900	903	904
2021-07-17T21:13:30	900	899	902	903
2021-07-17T21:14:00	900	900	902	904
2021-07-17T21:14:30	900	900	903	904
2021-07-17T21:15:00	901	900	902	904
2021-07-17T21:15:30	899	900	903	904
2021-07-17T21:16:00	900	900	902	904
2021-07-17T21:16:30	899	901	903	904
2021-07-17T21:17:00	900	899	902	904
2021-07-17T21:17:30	898	900	903	904
2021-07-17T21:18:00	900	900	903	904
2021-07-17T21:18:30	901	900	902	905
2021-07-17T21:19:00	899	900	903	905
2021-07-17T21:19:30	900	900	902	905
2021-07-17T21:20:00	899	901	903	904
2021-07-17T21:20:30	901	899	902	905
2021-07-17T21:21:00	899	900	903	905
2021-07-17T21:21:30	901	901	902	905
2021-07-17T21:22:00	899	900	902	905
2021-07-17T21:22:30	901	899	902	905
2021-07-17T21:23:00	899	900	902	905
2021-07-17T21:23:30	901	899	901	905
2021-07-17T21:24:00	898	899	902	905
2021-07-17T21:24:30	900	900	903	905
2021-07-17T21:25:00	899	900	903	905
2021-07-17T21:25:30	900	899	902	904
2021-07-17T21:26:00	899	901	902	904
2021-07-17T21:26:30	900	901	903	905
2021-07-17T21:27:00	900	900	903	905
2021-07-17T21:27:30	899	900	902	905
2021-07-17T21:28:00	901	900	903	904
2021-07-17T21:28:30	899	899	902	904
2021-07-17T21:29:00	899	900	903	904
2021-07-17T21:29:30	900	901	903	905
2021-07-17T21:30:00	900	899	901	904
2021-07-17T21:30:30	900	900	902	905
2021-07-17T21:31:00	899	900	902	905
2021-07-17T21:31:30	900	900	903	905
2021-07-17T21:32:00	899	900	902	904
2021-07-17T21:32:30	901	900	903	905
2021-07-17T21:33:00	899	900	902	904
2021-07-17T21:33:30	900	900	903	905
2021-07-17T21:34:00	899	900	903	905
2021-07-17T21:34:30	900	900	902	905
2021-07-17T21:35:00	899	900	903	904
2021-07-17T21:35:30	901	901	903	904
2021-07-17T21:36:00	899	900	902	904
2021-07-17T21:36:30	900	900	902	904
2021-07-17T21:37:00	898	900	903	904
2021-07-17T21:37:30	900	901	903	904
2021-07-17T21:38:00	899	900	902	904
2021-07-17T21:38:30	901	901	903	904
2021-07-17T21:39:00	899	900	903	904
2021-07-17T21:39:30	900	900	902	904
2021-07-17T21:40:00	899	901	903	904
2021-07-17T21:40:30	900	900	903	903
2021-07-17T21:41:00	899	900	902	904
2021-07-17T21:41:30	901	900	903	904
2021-07-17T21:42:00	899	901	903	904
2021-07-17T21:42:30	901	900	902	903
2021-07-17T21:43:00	900	901	903	904
2021-07-17T21:43:30	900	900	902	904
2021-07-17T21:44:00	900	899	902	904
2021-07-17T21:44:30	899	901	903	905
2021-07-17T21:45:00	900	899	902	904
2021-07-17T21:45:30	899	901	903	904
2021-07-17T21:46:00	901	900	902	904
2021-07-17T21:46:30	899	900	903	904
2021-07-17T21:47:00	901	899	902	903
2021-07-17T21:47:30	900	901	904	904
2021-07-17T21:48:00	899	900	902	904
2021-07-17T21:48:30	900	901	903	905
2021-07-17T21:49:00	899	900	902	904
2021-07-17T21:49:30	901	901	903	904
2021-07-17T21:50:00	899	900	902	905
2021-07-17T21:50:30	901	901	903	904
2021-07-17T21:51:00	899	900	902	904
2021-07-17T21:51:30	901	901	903	904
2021-07-17T21:52:00	899	900	901	904
2021-07-17T21:52:30	901	900	903	904
2021-07-17T21:53:00	899	900	902	905
2021-07-17T21:53:30	901	900	903	904
2021-07-17T21:54:00	900	899	901	904
2021-07-17T21:54:30	899	900	903	904
2021-07-17T21:55:00	901	900	902	904
2021-07-17T21:55:30	899	900	902	905
2021-07-17T21:56:00	901	900	902	904
2021-07-17T21:56:30	899	900	903	905
2021-07-17T21:57:00	900	900	902	905
2021-07-17T21:57:30	900	900	902	905
2021-07-17T21:58:00	898	899	901	904
2021-07-17T21:58:30	896	897	899	903
2021-07-17T21:59:00	895	896	898	902
2021-07-17T21:59:30	894	895	897	901
2021-07-17T22:00:00	894	894	896	900
2021-07-17T22:00:30	893	893	895	900
2021-07-17T22:01:00	892	892	894	899
2021-07-17T22:01:30	891	892	893	898
2021-07-17T22:02:00	891	891	893	897
2021-07-17T22:02:30	890	890	892	896
2021-07-17T22:03:00	889	890	891	895
2021-07-17T22:03:30	889	889	891	894
2021-07-17T22:04:00	888	889	890	893
2021-07-17T22:04:30	888	888	889	893
2021-07-17T22:05:00	887	888	889	892
2021-07-17T22:05:30	887	887	888	893
2021-07-17T22:06:00	886	887	888	891
2021-07-17T22:06:30	885	886	887	890
2021-07-17T22:07:00	885	885	886	890
2021-07-17T22:07:30	884	885	886	889
2021-07-17T22:08:00	884	884	885	889
2021-07-17T22:08:30	883	884	885	889
2021-07-17T22:09:00	883	883	884	888
2021-07-17T22:09:30	882	883	883	887
2021-07-17T22:10:00	882	882	883	886
2021-07-17T22:10:30	881	881	882	886
2021-07-17T22:11:00	881	881	882	885
2021-07-17T22:11:30	880	880	881	885
2021-07-17T22:12:00	880	880	881	885
2021-07-17T22:12:30	879	879	880	884
2021-07-17T22:13:00	879	879	879	884
2021-07-17T22:13:30	878	878	879	884
2021-07-17T22:14:00	878	878	878	883
2021-07-17T22:14:30	877	877	878	882
2021-07-17T22:15:00	877	876	877	882
2021-07-17T22:15:30	876	876	877	881
2021-07-17T22:16:00	876	875	876	881
2021-07-17T22:16:30	875	875	876	880
2021-07-17T22:17:00	875	874	875	880
2021-07-17T22:17:30	875	874	875	879
2021-07-17T22:18:00	874	873	875	879
2021-07-17T22:18:30	874	873	875	878
2021-07-17T22:19:00	873	872	874	878
2021-07-17T22:19:30	873	872	874	876
2021-07-17T22:20:00	872	871	873	877
2021-07-17T22:20:30	872	871	873	877
2021-07-17T22:21:00	871	870	872	875
2021-07-17T22:21:30	871	870	872	875
2021-07-17T22:22:00	870	869	871	874
2021-07-17T22:22:30	870	869	871	874
2021-07-17T22:23:00	869	868	870	873
2021-07-17T22:23:30	869	868	870	873
2021-07-17T22:24:00	868	867	869	872
2021-07-17T22:24:30	868	867	869	872
2021-07-17T22:25:00	868	867	868	872
2021-07-17T22:25:30	867	866	868	871
2021-07-17T22:26:00	867	866	867	870
2021-07-17T22:26:30	866	865	867	870
2021-07-17T22:27:00	866	864	866	870
2021-07-17T22:27:30	865	864	866	869
2021-07-17T22:28:00	865	865	865	868
2021-07-17T22:28:30	864	864	865	868
2021-07-17T22:29:00	864	864	864	869
2021-07-17T22:29:30	864	863	864	868
2021-07-17T22:30:00	863	863	864	867
2021-07-17T22:30:30	863	862	863	866
2021-07-17T22:31:00	862	862	863	866
2021-07-17T22:31:30	862	861	862	865
2021-07-17T22:32:00	861	861	862	865
2021-07-17T22:32:30	861	861	861	864
2021-07-17T22:33:00	860	860	861	864
2021-07-17T22:33:30	860	860	860	863
2021-07-17T22:34:00	859	859	860	863
2021-07-17T22:34:30	859	859	859	862
2021-07-17T22:35:00	859	858	859	862
2021-07-17T22:35:30	858	858	859	862
2021-07-17T22:36:00	858	857	858	861
2021-07-17T22:36:30	857	857	857	861
2021-07-17T22:37:00	857	856	857	860
2021-07-17T22:37:30	856	856	857	860
2021-07-17T22:38:00	856	855	856	859
2021-07-17T22:38:30	855	855	856	859
2021-07-17T22:39:00	855	854	855	858
2021-07-17T22:39:30	854	854	855	858
2021-07-17T22:40:00	854	854	854	857
2021-07-17T22:40:30	854	853	854	857
2021-07-17T22:41:00	853	852	853	857
2021-07-17T22:41:30	853	852	853	856
2021-07-17T22:42:00	852	852	852	855
2021-07-17T22:42:30	852	851	852	855
2021-07-17T22:43:00	851	851	852	855
2021-07-17T22:43:30	851	850	851	854
2021-07-17T22:44:00	851	850	851	854
2021-07-17T22:44:30	850	849	850	853
2021-07-17T22:45:00	850	849	850	853
2021-07-17T22:45:30	849	848	849	852
2021-07-17T22:46:00	849	848	849	852
2021-07-17T22:46:30	848	848	849	852
2021-07-17T22:47:00	848	847	848	851
2021-07-17T22:47:30	848	847	847	851
2021-07-17T22:48:00	847	846	847	850
2021-07-17T22:48:30	847	846	847	850
2021-07-17T22:49:00	846	845	846	850
2021-07-17T22:49:30	846	846	846	849
2021-07-17T22:50:00	845	845	845	849
2021-07-17T22:50:30	845	845	845	848
2021-07-17T22:51:00	845	845	845	848
2021-07-17T22:51:30	767	829	839	847
2021-07-17T22:52:00	709	709	766	834
2021-07-17T22:52:30	599	631	682	791
2021-07-17T22:53:00	530	576	645	759
2021-07-17T22:53:30	481	514	588	768
2021-07-17T22:54:00	431	443	534	780
2021-07-17T22:54:30	400	413	506	784
2021-07-17T22:55:00	377	394	488	786
2021-07-17T22:55:30	365	369	470	784
2021-07-17T22:56:00	347	351	449	781
2021-07-17T22:56:30	332	337	443	778
2021-07-17T22:57:00	323	325	429	773
2021-07-17T22:57:30	311	314	412	768
