time	T1	T2	T3	T4
2021-07-05T15:10:47	-100	-100	-100	-100
2021-07-05T15:11:17	-100	-100	-100	-100
2021-07-05T15:11:47	-100	-100	-100	-100
2021-07-05T15:12:17	-100	-100	-100	-100
2021-07-05T15:12:47	-100	-100	-100	-100
2021-07-05T15:13:17	-100	-100	-100	-100
2021-07-05T15:13:47	-100	-100	-100	-100
2021-07-05T15:14:17	-100	-100	-100	-100
2021-07-05T15:14:47	-100	-100	-100	-100
2021-07-05T15:15:17	-100	-100	-100	-100
2021-07-05T15:15:47	-100	-100	-100	-100
2021-07-05T15:16:17	-100	-100	-100	-100
2021-07-05T15:16:47	-100	-100	-100	-100
2021-07-05T15:17:17	-100	-100	-100	-100
2021-07-05T15:17:47	-100	-100	-100	-100
2021-07-05T15:18:17	-100	-100	-100	-100
2021-07-05T15:18:47	-100	-100	-100	-100
2021-07-05T15:19:17	-100	-100	-100	-100
2021-07-05T15:19:47	-100	-100	-100	-100
2021-07-05T15:20:17	-100	-100	-100	-100
2021-07-05T15:20:47	-100	-100	-100	-100
2021-07-05T15:21:17	-100	-100	-100	-100
2021-07-05T15:21:47	-100	-100	-100	-100
2021-07-05T15:22:17	-100	-100	-100	-100
2021-07-05T15:22:47	-100	-100	-100	-100
2021-07-05T15:23:17	-100	-100	-100	-100
2021-07-05T15:23:47	-100	-100	-100	-100
2021-07-05T15:24:17	-100	-100	-100	-100
2021-07-05T15:24:47	-100	-100	-100	-100
2021-07-05T15:25:17	-100	-100	-100	-100
2021-07-05T15:25:47	-100	-100	-100	-100
2021-07-05T15:26:17	-100	-100	-100	-100
2021-07-05T15:26:47	-100	-100	-100	-100
2021-07-05T15:27:17	-100	-100	-100	-100
2021-07-05T15:27:47	-100	-100	-100	-100
2021-07-05T15:28:17	-100	-100	-100	-100
2021-07-05T15:28:47	-100	-100	-100	-100
2021-07-05T15:29:17	-100	-100	-100	-100
2021-07-05T15:29:47	-100	-100	-100	-100
2021-07-05T15:30:17	-100	-100	-100	-100
2021-07-05T15:30:47	-100	-100	-100	-100
2021-07-05T15:31:17	-100	-100	-100	-100
2021-07-05T15:31:47	-100	-100	-100	-100
2021-07-05T15:32:17	-100	-100	-100	-100
2021-07-05T15:32:47	-100	-100	-100	-100
2021-07-05T15:33:17	-100	-100	-100	-100
2021-07-05T15:33:47	-100	-100	-100	-100
2021-07-05T15:34:17	-100	-100	-100	-100
2021-07-05T15:34:47	-100	-100	-100	-100
2021-07-05T15:35:17	-100	-100	-100	-100
2021-07-05T15:35:47	-100	-100	-100	-100
2021-07-05T15:36:17	-100	-100	-100	-100
2021-07-05T15:36:47	-100	-100	-100	-100
2021-07-05T15:37:17	-100	-100	-100	-100
2021-07-05T15:37:47	-100	-100	-100	-100
2021-07-05T15:38:17	-100	-100	-100	-100
2021-07-05T15:38:47	-100	-100	-100	-100
2021-07-05T15:39:17	-100	-100	-100	-100
2021-07-05T15:39:47	-100	-100	-100	-100
2021-07-05T15:40:17	-100	-100	-100	-100
2021-07-05T15:40:47	-100	-100	-100	-100
2021-07-05T15:41:17	-100	-100	-100	-100
2021-07-05T15:41:47	-100	-100	-100	-100
2021-07-05T15:42:17	-100	-100	-100	-100
2021-07-05T15:42:47	-100	-100	-100	-100
2021-07-05T15:43:17	-100	-100	-100	-100
2021-07-05T15:43:47	-100	-100	-100	-100
2021-07-05T15:44:17	-100	-100	-100	-100
2021-07-05T15:44:47	-100	-100	-100	-100
2021-07-05T15:45:17	-100	-100	-100	-100
2021-07-05T15:45:47	-100	-100	-100	-100
2021-07-05T15:46:17	-100	-100	-100	-100
2021-07-05T15:46:47	-100	-100	-100	-100
2021-07-05T15:47:17	-100	-100	-100	-100
2021-07-05T15:47:47	-100	-100	-100	-100
2021-07-05T15:48:17	-100	-100	-100	-100
2021-07-05T15:48:47	-100	-100	-100	-100
2021-07-05T15:49:17	-100	-100	-100	-100
2021-07-05T15:49:47	-100	-100	-100	-100
2021-07-05T15:50:17	-100	-100	-100	-100
2021-07-05T15:50:47	-100	-100	-100	-100
2021-07-05T15:51:17	-100	-100	-100	-100
2021-07-05T15:51:47	-100	-100	-100	-100
2021-07-05T15:52:17	-100	-100	-100	-100
2021-07-05T15:52:47	-100	-100	-100	-100
2021-07-05T15:53:17	-100	-100	-100	-100
2021-07-05T15:53:47	-100	-100	-100	-100
2021-07-05T15:54:17	-100	-100	-100	-100
2021-07-05T15:54:47	-100	-100	-100	-100
2021-07-05T15:55:17	-100	-100	-100	-100
2021-07-05T15:55:47	-100	-100	-100	-100
2021-07-05T15:56:17	-100	-100	-100	-100
2021-07-05T15:56:47	-100	-100	-100	-100
2021-07-05T15:57:17	-100	-100	-100	-100
2021-07-05T15:57:47	-100	-100	-100	-100
2021-07-05T15:58:17	-100	-100	-100	-100
2021-07-05T15:58:47	-100	-100	-100	-100
2021-07-05T15:59:17	-100	-100	-100	-100
2021-07-05T15:59:47	-100	-100	-100	-100
2021-07-05T16:00:17	-100	-100	-100	-100
2021-07-05T16:00:47	-100	-100	-100	-100
2021-07-05T16:01:17	-100	-100	-100	-100
2021-07-05T16:01:47	-100	-100	-100	-100
2021-07-05T16:02:17	-100	-100	-100	-100
2021-07-05T16:02:47	-100	-100	-100	-100
2021-07-05T16:03:17	-100	-100	-100	-100
2021-07-05T16:03:47	-100	-100	-100	-100
2021-07-05T16:04:17	-100	-100	-100	-100
2021-07-05T16:04:47	-100	-100	-100	-100
2021-07-05T16:05:17	-100	-100	-100	-100
2021-07-05T16:05:47	-100	-100	-100	-100
2021-07-05T16:06:17	-100	-100	-100	-100
2021-07-05T16:06:47	-100	-100	-100	-100
2021-07-05T16:07:17	-100	-100	-100	-100
2021-07-05T16:07:47	-100	-100	-100	-100
2021-07-05T16:08:17	-100	-100	-100	-100
2021-07-05T16:08:47	-100	-100	-100	-100
2021-07-05T16:09:17	-100	-100	-100	-100
2021-07-05T16:09:47	-100	-100	-100	-100
2021-07-05T16:10:17	-100	-100	-100	-100
2021-07-05T16:10:47	-100	-100	-100	-100
2021-07-05T16:11:17	-100	-100	-100	-100
2021-07-05T16:11:47	-100	-100	-100	-100
2021-07-05T16:12:17	-100	-100	-100	-100
2021-07-05T16:12:47	-100	-100	-100	-100
2021-07-05T16:13:17	-100	-100	-100	-100
2021-07-05T16:13:47	-100	-100	-100	-100
2021-07-05T16:14:17	-100	-100	-100	-100
2021-07-05T16:14:47	-100	-100	-100	-100
2021-07-05T16:15:17	-100	-100	-100	-100
2021-07-05T16:15:47	-100	-100	-100	-100
2021-07-05T16:16:17	-100	-100	-100	-100
2021-07-05T16:16:47	-100	-100	-100	-100
2021-07-05T16:17:17	-100	-100	-100	-100
2021-07-05T16:17:47	-100	-100	-100	-100
2021-07-05T16:18:17	-100	-100	-100	-100
2021-07-05T16:18:47	-100	-100	-100	-100
2021-07-05T16:19:17	-100	-100	-100	-100
2021-07-05T16:19:47	-100	-100	-100	-100
2021-07-05T16:20:17	-100	-100	-100	-100
2021-07-05T16:20:47	-100	-100	-100	-100
2021-07-05T16:21:17	-100	-100	-100	-100
2021-07-05T16:21:47	-100	-100	-100	-100
2021-07-05T16:22:17	-100	-100	-100	-100
2021-07-05T16:22:47	-100	-100	-100	-100
2021-07-05T16:23:17	-100	-100	-100	-100
2021-07-05T16:23:47	-100	-100	-100	-100
2021-07-05T16:24:17	-100	-100	-100	-100
2021-07-05T16:24:47	-100	-100	-100	-100
2021-07-05T16:25:17	-100	-100	-100	-100
2021-07-05T16:25:47	-100	-100	-100	-100
2021-07-05T16:26:17	-100	-100	-100	-100
2021-07-05T16:26:47	-100	-100	-100	-100
2021-07-05T16:27:17	-100	-100	-100	-100
2021-07-05T16:27:47	-100	-100	-100	-100
2021-07-05T16:28:17	-100	-100	-100	-100
2021-07-05T16:28:47	-100	-100	-100	-100
2021-07-05T16:29:17	-100	-100	-100	-100
2021-07-05T16:29:47	-100	-100	-100	-100
2021-07-05T16:30:17	-100	-100	-100	-100
2021-07-05T16:30:47	-100	-100	-100	-100
2021-07-05T16:31:17	-100	-100	-100	-100
2021-07-05T16:31:47	-100	-100	-100	-100
2021-07-05T16:32:17	-100	-100	-100	-100
2021-07-05T16:32:47	-100	-100	-100	-100
2021-07-05T16:33:17	-100	-100	-100	-100
2021-07-05T16:33:47	-100	-100	-100	-100
2021-07-05T16:34:17	-100	-100	-100	-100
2021-07-05T16:34:47	-100	-100	-100	-100
2021-07-05T16:35:17	-100	-100	-100	-100
2021-07-05T16:35:47	-100	-100	-100	-100
2021-07-05T16:36:17	-100	-100	-100	-100
2021-07-05T16:36:47	-100	-100	-100	-100
2021-07-05T16:37:17	-100	-100	-100	-100
2021-07-05T16:37:47	-100	-100	-100	-100
2021-07-05T16:38:17	-100	-100	-100	-100
2021-07-05T16:38:47	-100	-100	-100	-100
2021-07-05T16:39:17	-100	-100	-100	-100
2021-07-05T16:39:47	-100	-100	-100	-100
2021-07-05T16:40:17	-100	-100	-100	-100
2021-07-05T16:40:47	-100	-100	-100	-100
2021-07-05T16:41:17	-100	-100	-100	-100
2021-07-05T16:41:47	-100	-100	-100	-100
2021-07-05T16:42:17	-100	-100	-100	-100
2021-07-05T16:42:47	-100	-100	-100	-100
2021-07-05T16:43:17	-100	-100	-100	-100
2021-07-05T16:43:47	-100	-100	-100	-100
2021-07-05T16:44:17	-100	-100	-100	-100
2021-07-05T16:44:47	-100	-100	-100	-100
2021-07-05T16:45:17	-100	-100	-100	-100
2021-07-05T16:45:47	-100	-100	-100	-100
2021-07-05T16:46:17	-100	-100	-100	-100
2021-07-05T16:46:47	-100	-100	-100	-100
2021-07-05T16:47:17	-100	-100	-100	-100
2021-07-05T16:47:47	-100	-100	-100	-100
2021-07-05T16:48:17	-100	-100	-100	-100
2021-07-05T16:48:47	-100	-100	-100	-100
2021-07-05T16:49:17	-100	-100	-100	-100
2021-07-05T16:49:47	-100	-100	-100	-100
2021-07-05T16:50:17	-100	-100	-100	-100
2021-07-05T16:50:47	-100	-100	-100	-100
2021-07-05T16:51:17	-100	-100	-100	-100
2021-07-05T16:51:47	-100	-100	-100	-100
2021-07-05T16:52:17	-100	-100	-100	-100
2021-07-05T16:52:47	-100	-100	-100	-100
2021-07-05T16:53:17	-100	-100	-100	-100
2021-07-05T16:53:47	-100	-100	-100	-100
2021-07-05T16:54:17	-100	-100	-100	-100
2021-07-05T16:54:47	-100	-100	-100	-100
2021-07-05T16:55:17	-100	-100	-100	-100
2021-07-05T16:55:47	-100	-100	-100	-100
2021-07-05T16:56:17	-100	-100	-100	-100
2021-07-05T16:56:47	-100	-100	-100	-100
2021-07-05T16:57:17	-100	-100	-100	-100
2021-07-05T16:57:47	-100	-100	-100	-100
2021-07-05T16:58:17	-100	-100	-100	-100
2021-07-05T16:58:47	-100	-100	-100	-100
2021-07-05T16:59:17	-100	-100	-100	-100
2021-07-05T16:59:47	-100	-100	-100	-100
2021-07-05T17:00:17	-100	-100	-100	-100
2021-07-05T17:00:47	-100	-100	-100	-100
2021-07-05T17:01:17	-100	-100	-100	-100
2021-07-05T17:01:47	-100	-100	-100	-100
2021-07-05T17:02:17	-100	-100	-100	-100
2021-07-05T17:02:47	-100	-100	-100	-100
2021-07-05T17:03:17	-100	-100	-100	-100
2021-07-05T17:03:47	-100	-100	-100	-100
2021-07-05T17:04:17	-100	-100	-100	-100
2021-07-05T17:04:47	-100	-100	-100	-100
2021-07-05T17:05:17	-100	-100	-100	-100
2021-07-05T17:05:47	-100	-100	-100	-100
2021-07-05T17:06:17	-100	-100	-100	-100
2021-07-05T17:06:47	-100	-100	-100	-100
2021-07-05T17:07:17	-100	-100	-100	-100
2021-07-05T17:07:47	-100	-100	-100	-100
2021-07-05T17:08:17	-100	-100	-100	-100
2021-07-05T17:08:47	-100	-100	-100	-100
2021-07-05T17:09:17	-100	-100	-100	-100
2021-07-05T17:09:47	-100	-100	-100	-100
2021-07-05T17:10:17	-100	-100	-100	-100
2021-07-05T17:10:47	-100	-100	-100	-100
2021-07-05T17:11:17	-100	-100	-100	-100
2021-07-05T17:11:47	-100	-100	-100	-100
2021-07-05T17:12:17	-100	-100	-100	-100
2021-07-05T17:12:47	-100	-100	-100	-100
2021-07-05T17:13:17	-100	-100	-100	-100
2021-07-05T17:13:47	-100	-100	-100	-100
2021-07-05T17:14:17	-100	-100	-100	-100
2021-07-05T17:14:47	-100	-100	-100	-100
2021-07-05T17:15:17	-100	-100	-100	-100
2021-07-05T17:15:47	-100	-100	-100	-100
2021-07-05T17:16:17	-100	-100	-100	-100
2021-07-05T17:16:47	-100	-100	-100	-100
2021-07-05T17:17:17	-100	-100	-100	-100
2021-07-05T17:17:47	-100	-100	-100	-100
2021-07-05T17:18:17	-100	-100	-100	-100
2021-07-05T17:18:47	-100	-100	-100	-100
2021-07-05T17:19:17	-100	-100	-100	-100
2021-07-05T17:19:47	-100	-100	-100	-100
2021-07-05T17:20:17	-100	-100	-100	-100
2021-07-05T17:20:47	-100	-100	-100	-100
2021-07-05T17:21:17	-100	-100	-100	-100
2021-07-05T17:21:47	-100	-100	-100	-100
2021-07-05T17:22:17	-100	-100	-100	-100
2021-07-05T17:22:47	-100	-100	-100	-100
2021-07-05T17:23:17	-100	-100	-100	-100
2021-07-05T17:23:47	-100	-100	-100	-100
2021-07-05T17:24:17	-100	-100	-100	-100
2021-07-05T17:24:47	-100	-100	-100	-100
2021-07-05T17:25:17	-100	-100	-100	-100
2021-07-05T17:25:47	-100	-100	-100	-100
2021-07-05T17:26:17	-100	-100	-100	-100
2021-07-05T17:26:47	-100	-100	-100	-100
2021-07-05T17:27:17	-100	-100	-100	-100
2021-07-05T17:27:47	-100	-100	-100	-100
2021-07-05T17:28:17	-100	-100	-100	-100
2021-07-05T17:28:47	-100	-100	-100	-100
2021-07-05T17:29:17	-100	-100	-100	-100
2021-07-05T17:29:47	-100	-100	-100	-100
2021-07-05T17:30:17	-100	-100	-100	-100
2021-07-05T17:30:47	-100	-100	-100	-100
2021-07-05T17:31:17	-100	-100	-100	-100
2021-07-05T17:31:47	-100	-100	-100	-100
2021-07-05T17:32:17	-100	-100	-100	-100
2021-07-05T17:32:47	-100	-100	-100	-100
2021-07-05T17:33:17	-100	-100	-100	-100
2021-07-05T17:33:47	-100	-100	-100	-100
2021-07-05T17:34:17	-100	-100	-100	-100
2021-07-05T17:34:47	-100	-100	-100	-100
2021-07-05T17:35:17	-100	-100	-100	-100
2021-07-05T17:35:47	-100	-100	-100	-100
2021-07-05T17:36:17	-100	-100	-100	-100
2021-07-05T17:36:47	-100	-100	-100	-100
2021-07-05T17:37:17	-100	-100	-100	-100
2021-07-05T17:37:47	-100	-100	-100	-100
2021-07-05T17:38:17	-100	-100	-100	-100
2021-07-05T17:38:47	-100	-100	-100	-100
2021-07-05T17:39:17	-100	-100	-100	-100
2021-07-05T17:39:47	-100	-100	-100	-100
2021-07-05T17:40:17	-100	-100	-100	-100
2021-07-05T17:40:47	-100	-100	-100	-100
2021-07-05T17:41:18	-100	-100	-100	-100
2021-07-05T17:41:48	-100	-100	-100	-100
2021-07-05T17:42:18	-100	-100	-100	-100
2021-07-05T17:42:48	-100	-100	-100	-100
2021-07-05T17:43:18	-100	-100	-100	-100
2021-07-05T17:43:48	-100	-100	-100	-100
2021-07-05T17:44:18	-100	-100	-100	-100
2021-07-05T17:44:48	-100	-100	-100	-100
2021-07-05T17:45:18	-100	-100	-100	-100
2021-07-05T17:45:48	-100	-100	-100	-100
2021-07-05T17:46:18	-100	-100	-100	-100
2021-07-05T17:46:48	-100	-100	-100	-100
2021-07-05T17:47:18	-100	-100	-100	-100
2021-07-05T17:47:48	-100	-100	-100	-100
2021-07-05T17:48:18	-100	-100	-100	-100
2021-07-05T17:48:48	-100	-100	-100	-100
2021-07-05T17:49:18	-100	-100	-100	-100
2021-07-05T17:49:48	-100	-100	-100	-100
2021-07-05T17:50:18	-100	-100	-100	-100
2021-07-05T17:50:48	-100	-100	-100	-100
2021-07-05T17:51:18	-100	-100	-100	-100
2021-07-05T17:51:48	-100	-100	-100	-100
2021-07-05T17:52:18	-100	-100	-100	-100
2021-07-05T17:52:48	-100	-100	-100	-100
2021-07-05T17:53:18	-100	-100	-100	-100
2021-07-05T17:53:48	-100	-100	-100	-100
2021-07-05T17:54:18	-100	-100	-100	-100
2021-07-05T17:54:48	-100	-100	-100	-100
2021-07-05T17:55:18	-100	-100	-100	-100
2021-07-05T17:55:48	-100	-100	-100	-100
2021-07-05T17:56:18	-100	-100	-100	-100
2021-07-05T17:56:48	-100	-100	-100	-100
2021-07-05T17:57:18	-100	-100	-100	-100
2021-07-05T17:57:48	-100	-100	-100	-100
2021-07-05T17:58:18	-100	-100	-100	-100
2021-07-05T17:58:48	-100	-100	-100	-100
2021-07-05T17:59:18	-100	-100	-100	-100
2021-07-05T17:59:48	-100	-100	-100	-100
2021-07-05T18:00:18	-100	-100	-100	-100
2021-07-05T18:00:48	-100	-100	-100	-100
2021-07-05T18:01:18	-100	-100	-100	-100
2021-07-05T18:01:48	-100	-100	-100	-100
2021-07-05T18:02:18	-100	-100	-100	-100
2021-07-05T18:02:48	-100	-100	-100	-100
2021-07-05T18:03:18	-100	-100	-100	-100
2021-07-05T18:03:48	-100	-100	-100	-100
2021-07-05T18:04:18	-100	-100	-100	-100
2021-07-05T18:04:48	-100	-100	-100	-100
2021-07-05T18:05:18	-100	-100	-100	-100
2021-07-05T18:05:48	-100	-100	-100	-100
2021-07-05T18:06:18	-100	-100	-100	-100
2021-07-05T18:06:48	-100	-100	-100	-100
2021-07-05T18:07:18	-100	-100	-100	-100
2021-07-05T18:07:48	-100	-100	-100	-100
2021-07-05T18:08:18	-100	-100	-100	-100
2021-07-05T18:08:48	-100	-100	-100	-100
2021-07-05T18:09:18	-100	-100	-100	-100
2021-07-05T18:09:48	-100	-100	-100	-100
2021-07-05T18:10:18	-100	-100	-100	-100
2021-07-05T18:10:48	-100	-100	-100	-100
2021-07-05T18:11:18	-100	-100	-100	-100
2021-07-05T18:11:48	-100	-100	-100	-100
2021-07-05T18:12:18	-100	26	28	-100
2021-07-05T18:12:48	28	26	28	28
2021-07-05T18:13:18	28	26	28	28
2021-07-05T18:13:48	28	26	28	28
2021-07-05T18:14:18	28	26	28	28
2021-07-05T18:14:48	27	27	28	28
2021-07-05T18:15:18	27	27	28	28
2021-07-05T18:15:48	27	27	29	28
2021-07-05T18:16:18	27	27	29	28
2021-07-05T18:16:48	28	27	29	28
2021-07-05T18:17:18	28	27	29	28
2021-07-05T18:17:48	30	29	33	28
2021-07-05T18:18:18	36	33	36	29
2021-07-05T18:18:48	38	35	38	29
2021-07-05T18:19:18	38	35	38	30
2021-07-05T18:19:48	38	35	38	31
2021-07-05T18:20:18	38	35	38	32
2021-07-05T18:20:48	38	35	38	32
2021-07-05T18:21:18	38	36	38	33
2021-07-05T18:21:48	39	37	39	33
2021-07-05T18:22:18	40	38	40	34
2021-07-05T18:22:48	41	40	41	35
2021-07-05T18:23:18	41	40	41	35
2021-07-05T18:23:48	42	41	42	36
2021-07-05T18:24:18	44	45	46	37
2021-07-05T18:24:48	45	46	47	37
2021-07-05T18:25:18	45	46	47	38
2021-07-05T18:25:48	45	46	46	39
2021-07-05T18:26:18	47	46	48	40
2021-07-05T18:26:48	51	50	51	40
2021-07-05T18:27:18	52	51	52	41
2021-07-05T18:27:48	52	50	52	42
2021-07-05T18:28:18	52	50	51	43
2021-07-05T18:28:48	52	50	51	43
2021-07-05T18:29:18	54	54	56	44
2021-07-05T18:29:48	54	55	56	45
2021-07-05T18:30:18	54	55	56	46
2021-07-05T18:30:48	54	55	55	46
2021-07-05T18:31:18	59	59	61	47
2021-07-05T18:31:48	62	60	62	48
2021-07-05T18:32:18	62	60	62	49
2021-07-05T18:32:48	61	60	61	50
2021-07-05T18:33:18	61	59	60	51
2021-07-05T18:33:48	63	63	65	53
2021-07-05T18:34:18	63	64	66	53
2021-07-05T18:34:48	63	64	65	54
2021-07-05T18:35:18	63	63	64	55
2021-07-05T18:35:48	68	68	70	56
2021-07-05T18:36:18	71	70	71	56
2021-07-05T18:36:48	71	69	70	57
2021-07-05T18:37:18	71	69	70	59
2021-07-05T18:37:48	70	68	69	59
2021-07-05T18:38:18	72	71	74	60
2021-07-05T18:38:48	73	73	74	61
2021-07-05T18:39:18	72	73	74	62
2021-07-05T18:39:48	71	72	73	62
2021-07-05T18:40:18	78	77	79	63
2021-07-05T18:40:48	80	78	80	64
2021-07-05T18:41:18	80	78	79	65
2021-07-05T18:41:48	80	77	78	66
2021-07-05T18:42:18	79	77	78	67
2021-07-05T18:42:48	81	81	83	68
2021-07-05T18:43:18	82	82	84	69
2021-07-05T18:43:48	81	82	82	70
2021-07-05T18:44:18	81	81	82	70
2021-07-05T18:44:48	86	85	86	71
2021-07-05T18:45:18	87	85	87	72
2021-07-05T18:45:48	86	84	85	73
2021-07-05T18:46:18	87	87	89	73
2021-07-05T18:46:48	88	88	90	74
2021-07-05T18:47:18	87	87	89	75
2021-07-05T18:47:48	88	87	89	76
2021-07-05T18:48:18	93	91	93	77
2021-07-05T18:48:48	94	92	93	78
2021-07-05T18:49:18	94	91	92	78
2021-07-05T18:49:48	94	93	94	79
2021-07-05T18:50:18	96	96	98	80
2021-07-05T18:50:48	95	95	96	82
2021-07-05T18:51:18	95	96	98	82
2021-07-05T18:51:48	99	98	101	83
2021-07-05T18:52:18	100	99	100	84
2021-07-05T18:52:48	99	98	99	85
2021-07-05T18:53:18	100	100	101	86
2021-07-05T18:53:48	100	100	101	86
2021-07-05T18:54:18	104	101	103	88
2021-07-05T18:54:48	107	106	108	88
2021-07-05T18:55:18	108	105	107	90
2021-07-05T18:55:48	107	104	105	91
2021-07-05T18:56:18	107	106	106	93
2021-07-05T18:56:48	108	107	109	93
2021-07-05T18:57:18	107	108	108	93
2021-07-05T18:57:48	109	109	111	94
2021-07-05T18:58:18	114	113	114	95
2021-07-05T18:58:48	114	111	113	96
2021-07-05T18:59:18	113	110	112	97
2021-07-05T18:59:48	114	112	114	98
2021-07-05T19:00:18	113	113	114	99
2021-07-05T19:00:48	114	115	117	101
2021-07-05T19:01:18	118	118	120	101
2021-07-05T19:01:48	118	118	120	103
2021-07-05T19:02:18	118	117	118	104
2021-07-05T19:02:48	118	118	121	104
2021-07-05T19:03:18	121	120	122	104
2021-07-05T19:03:48	121	119	120	105
2021-07-05T19:04:18	122	121	122	107
2021-07-05T19:04:48	122	122	123	107
2021-07-05T19:05:18	124	122	124	108
2021-07-05T19:05:48	127	124	125	109
2021-07-05T19:06:18	128	128	129	110
2021-07-05T19:06:48	128	127	129	112
2021-07-05T19:07:18	127	127	127	113
2021-07-05T19:07:48	128	129	131	113
2021-07-05T19:08:18	129	129	130	115
2021-07-05T19:08:48	132	129	130	116
2021-07-05T19:09:18	133	131	133	117
2021-07-05T19:09:48	133	133	133	117
2021-07-05T19:10:18	133	134	136	118
2021-07-05T19:10:48	133	134	136	119
2021-07-05T19:11:18	136	135	135	120
2021-07-05T19:11:48	138	134	136	121
2021-07-05T19:12:18	140	138	141	122
2021-07-05T19:12:48	139	138	139	123
2021-07-05T19:13:18	139	140	141	124
2021-07-05T19:13:48	140	140	141	124
2021-07-05T19:14:18	142	140	141	126
2021-07-05T19:14:48	143	142	144	127
2021-07-05T19:15:18	144	142	144	127
2021-07-05T19:15:48	144	144	146	128
2021-07-05T19:16:18	144	146	146	129
2021-07-05T19:16:48	147	146	148	130
2021-07-05T19:17:18	148	147	148	131
2021-07-05T19:17:48	148	149	151	132
2021-07-05T19:18:18	148	149	151	133
2021-07-05T19:18:48	151	148	150	134
2021-07-05T19:19:18	154	151	155	135
2021-07-05T19:19:48	155	150	154	136
2021-07-05T19:20:18	154	151	154	137
2021-07-05T19:20:48	154	153	154	138
2021-07-05T19:21:18	154	156	157	139
2021-07-05T19:21:48	155	156	156	140
2021-07-05T19:22:18	159	157	159	141
2021-07-05T19:22:48	159	157	158	142
2021-07-05T19:23:18	159	159	161	142
2021-07-05T19:23:48	159	160	160	144
2021-07-05T19:24:18	160	160	162	144
2021-07-05T19:24:48	163	159	162	145
2021-07-05T19:25:18	164	163	165	146
2021-07-05T19:25:48	164	164	165	147
2021-07-05T19:26:18	165	164	165	148
2021-07-05T19:26:48	168	165	168	149
2021-07-05T19:27:18	170	166	168	150
2021-07-05T19:27:48	169	169	170	151
2021-07-05T19:28:18	170	167	170	152
2021-07-05T19:28:48	169	169	170	153
2021-07-05T19:29:18	173	171	174	154
2021-07-05T19:29:48	173	169	172	155
2021-07-05T19:30:18	173	173	175	156
2021-07-05T19:30:48	174	174	176	157
2021-07-05T19:31:18	174	173	174	157
2021-07-05T19:31:48	179	177	179	159
2021-07-05T19:32:18	179	175	178	160
2021-07-05T19:32:48	178	176	179	161
2021-07-05T19:33:18	178	179	180	162
2021-07-05T19:33:48	180	180	182	162
2021-07-05T19:34:18	184	180	184	163
2021-07-05T19:34:48	183	180	182	165
2021-07-05T19:35:18	183	181	184	165
2021-07-05T19:35:48	183	184	186	166
2021-07-05T19:36:18	184	184	185	167
2021-07-05T19:36:48	188	185	187	168
2021-07-05T19:37:18	188	184	186	169
2021-07-05T19:37:48	189	189	189	170
2021-07-05T19:38:18	187	187	189	171
2021-07-05T19:38:48	191	189	193	172
2021-07-05T19:39:18	191	190	192	172
2021-07-05T19:39:48	191	191	191	173
2021-07-05T19:40:18	195	193	197	174
2021-07-05T19:40:48	195	192	195	175
2021-07-05T19:41:18	194	191	195	176
2021-07-05T19:41:48	195	197	197	177
2021-07-05T19:42:18	196	194	198	178
2021-07-05T19:42:48	196	196	199	179
2021-07-05T19:43:18	199	199	199	181
2021-07-05T19:43:48	200	198	201	181
2021-07-05T19:44:18	201	201	202	182
2021-07-05T19:44:48	199	200	201	183
2021-07-05T19:45:18	204	202	205	183
2021-07-05T19:45:48	206	203	205	185
2021-07-05T19:46:18	205	200	204	187
2021-07-05T19:46:48	205	203	207	187
2021-07-05T19:47:18	205	205	207	187
2021-07-05T19:47:48	209	208	211	188
2021-07-05T19:48:18	211	210	211	189
2021-07-05T19:48:48	209	207	209	190
2021-07-05T19:49:18	210	210	213	191
2021-07-05T19:49:48	210	210	213	192
2021-07-05T19:50:18	213	211	212	193
2021-07-05T19:50:48	215	213	216	194
2021-07-05T19:51:18	213	214	214	195
2021-07-05T19:51:48	216	216	219	196
2021-07-05T19:52:18	218	217	219	197
2021-07-05T19:52:48	216	216	217	198
2021-07-05T19:53:18	219	218	223	198
2021-07-05T19:53:48	220	219	222	200
2021-07-05T19:54:18	220	218	220	201
2021-07-05T19:54:48	221	220	222	202
2021-07-05T19:55:18	224	221	223	203
2021-07-05T19:55:48	223	225	225	204
2021-07-05T19:56:18	222	223	223	204
2021-07-05T19:56:48	228	225	229	204
2021-07-05T19:57:18	227	225	227	206
2021-07-05T19:57:48	227	225	229	207
2021-07-05T19:58:18	230	227	230	208
2021-07-05T19:58:48	229	225	228	209
2021-07-05T19:59:18	231	230	233	210
2021-07-05T19:59:48	232	230	234	210
2021-07-05T20:00:18	231	228	232	211
2021-07-05T20:00:48	234	229	236	212
2021-07-05T20:01:18	236	234	236	213
2021-07-05T20:01:48	235	232	235	215
2021-07-05T20:02:18	237	235	239	216
2021-07-05T20:02:48	237	236	240	217
2021-07-05T20:03:18	236	236	237	218
2021-07-05T20:03:48	241	238	243	219
2021-07-05T20:04:18	242	239	242	220
2021-07-05T20:04:48	241	239	240	221
2021-07-05T20:05:18	240	241	245	221
2021-07-05T20:05:48	244	242	246	223
2021-07-05T20:06:18	242	240	243	224
2021-07-05T20:06:48	247	246	248	225
2021-07-05T20:07:18	246	244	247	225
2021-07-05T20:07:48	245	245	248	227
2021-07-05T20:08:18	249	246	250	228
2021-07-05T20:08:48	249	248	251	229
2021-07-05T20:09:18	248	249	251	230
2021-07-05T20:09:48	253	249	252	230
2021-07-05T20:10:18	255	250	253	232
2021-07-05T20:10:48	253	253	254	233
2021-07-05T20:11:18	251	252	255	233
2021-07-05T20:11:48	255	253	257	234
2021-07-05T20:12:18	256	255	258	235
2021-07-05T20:12:48	256	255	258	235
2021-07-05T20:13:18	257	256	258	237
2021-07-05T20:13:48	258	257	261	238
2021-07-05T20:14:18	259	258	260	239
2021-07-05T20:14:48	263	257	262	240
2021-07-05T20:15:18	263	261	262	240
2021-07-05T20:15:48	261	259	263	242
2021-07-05T20:16:18	264	263	266	243
2021-07-05T20:16:48	264	263	264	244
2021-07-05T20:17:18	265	266	269	245
2021-07-05T20:17:48	266	262	267	246
2021-07-05T20:18:18	268	265	270	246
2021-07-05T20:18:48	268	266	269	248
2021-07-05T20:19:18	270	268	270	249
2021-07-05T20:19:48	269	269	274	250
2021-07-05T20:20:18	271	271	274	250
2021-07-05T20:20:48	273	270	273	251
2021-07-05T20:21:18	274	272	276	252
2021-07-05T20:21:48	272	273	274	254
2021-07-05T20:22:18	276	274	279	254
2021-07-05T20:22:48	275	274	277	256
2021-07-05T20:23:18	278	276	281	256
2021-07-05T20:23:48	279	278	280	257
2021-07-05T20:24:18	280	278	280	259
2021-07-05T20:24:48	281	280	282	260
2021-07-05T20:25:18	279	279	282	261
2021-07-05T20:25:48	284	280	285	261
2021-07-05T20:26:18	283	280	284	261
2021-07-05T20:26:48	284	282	287	263
2021-07-05T20:27:18	287	284	288	264
2021-07-05T20:27:48	285	285	286	265
2021-07-05T20:28:18	287	286	290	266
2021-07-05T20:28:48	287	286	289	267
2021-07-05T20:29:18	290	288	290	268
2021-07-05T20:29:48	291	286	291	269
2021-07-05T20:30:18	290	288	292	270
2021-07-05T20:30:48	293	289	294	271
2021-07-05T20:31:18	293	292	293	272
2021-07-05T20:31:48	293	292	294	273
2021-07-05T20:32:18	296	293	298	274
2021-07-05T20:32:48	294	292	295	275
2021-07-05T20:33:18	298	295	300	276
2021-07-05T20:33:48	296	296	298	277
2021-07-05T20:34:18	301	299	301	278
2021-07-05T20:34:48	299	297	300	279
2021-07-05T20:35:18	302	297	303	280
2021-07-05T20:35:48	300	297	302	280
2021-07-05T20:36:18	304	298	305	282
2021-07-05T20:36:48	304	299	305	283
2021-07-05T20:37:18	303	302	308	284
2021-07-05T20:37:48	306	303	308	285
2021-07-05T20:38:18	305	304	310	286
2021-07-05T20:38:48	308	305	310	287
2021-07-05T20:39:18	307	305	308	287
2021-07-05T20:39:48	312	308	313	288
2021-07-05T20:40:18	312	308	312	290
2021-07-05T20:40:48	310	306	314	291
2021-07-05T20:41:18	313	311	315	291
2021-07-05T20:41:48	312	310	315	292
2021-07-05T20:42:18	317	311	315	293
2021-07-05T20:42:48	316	312	318	294
2021-07-05T20:43:18	316	313	318	295
2021-07-05T20:43:48	319	313	319	296
2021-07-05T20:44:18	318	313	318	297
2021-07-05T20:44:48	321	317	324	298
2021-07-05T20:45:18	320	317	321	299
2021-07-05T20:45:48	323	320	325	300
2021-07-05T20:46:18	322	318	323	301
2021-07-05T20:46:48	325	321	325	302
2021-07-05T20:47:18	325	321	326	303
2021-07-05T20:47:48	327	322	328	304
2021-07-05T20:48:18	326	321	327	305
2021-07-05T20:48:48	327	325	331	306
2021-07-05T20:49:18	328	326	331	307
2021-07-05T20:49:48	331	324	331	308
2021-07-05T20:50:18	330	326	331	309
2021-07-05T20:50:48	332	328	333	310
2021-07-05T20:51:18	332	329	335	311
2021-07-05T20:51:48	334	326	334	312
2021-07-05T20:52:18	333	329	337	313
2021-07-05T20:52:48	336	329	337	314
2021-07-05T20:53:18	337	329	337	314
2021-07-05T20:53:48	336	331	339	316
2021-07-05T20:54:18	339	333	340	316
2021-07-05T20:54:48	340	332	339	317
2021-07-05T20:55:18	338	333	342	318
2021-07-05T20:55:48	343	336	343	319
2021-07-05T20:56:18	341	336	344	321
2021-07-05T20:56:48	344	337	345	321
2021-07-05T20:57:18	342	337	343	323
2021-07-05T20:57:48	344	340	346	323
2021-07-05T20:58:18	347	341	349	324
2021-07-05T20:58:48	347	340	349	325
2021-07-05T20:59:18	348	341	350	326
2021-07-05T20:59:48	348	344	350	328
2021-07-05T21:00:18	352	346	352	328
2021-07-05T21:00:48	352	344	351	330
2021-07-05T21:01:18	351	347	354	331
2021-07-05T21:01:48	351	346	355	331
2021-07-05T21:02:18	355	347	355	332
2021-07-05T21:02:48	354	348	356	333
2021-07-05T21:03:18	357	350	359	335
2021-07-05T21:03:48	357	349	358	336
2021-07-05T21:04:18	356	351	362	337
2021-07-05T21:04:48	358	351	359	338
2021-07-05T21:05:18	361	354	362	338
2021-07-05T21:05:48	362	353	361	339
2021-07-05T21:06:18	362	354	363	340
2021-07-05T21:06:48	364	355	366	342
2021-07-05T21:07:18	364	355	367	342
2021-07-05T21:07:48	364	359	368	343
2021-07-05T21:08:18	367	358	366	344
2021-07-05T21:08:48	366	359	370	345
2021-07-05T21:09:18	367	357	368	346
2021-07-05T21:09:48	369	361	372	348
2021-07-05T21:10:18	368	361	370	348
2021-07-05T21:10:48	372	365	373	349
2021-07-05T21:11:18	370	360	371	350
2021-07-05T21:11:48	374	364	376	351
2021-07-05T21:12:18	373	366	373	352
2021-07-05T21:12:48	376	367	376	353
2021-07-05T21:13:18	374	369	378	354
2021-07-05T21:13:48	377	368	378	354
2021-07-05T21:14:18	377	370	380	355
2021-07-05T21:14:48	378	369	379	357
2021-07-05T21:15:18	380	370	383	358
2021-07-05T21:15:48	379	370	381	359
2021-07-05T21:16:18	382	374	385	360
2021-07-05T21:16:48	381	373	383	361
2021-07-05T21:17:18	384	375	385	362
2021-07-05T21:17:48	384	373	386	364
2021-07-05T21:18:18	386	373	385	364
2021-07-05T21:18:48	385	378	389	366
2021-07-05T21:19:18	389	378	389	366
2021-07-05T21:19:48	387	378	388	367
2021-07-05T21:20:18	390	378	392	367
2021-07-05T21:20:48	389	379	393	368
2021-07-05T21:21:18	391	381	392	370
2021-07-05T21:21:48	392	383	394	370
2021-07-05T21:22:18	391	382	393	371
2021-07-05T21:22:48	395	385	397	373
2021-07-05T21:23:18	393	383	397	373
2021-07-05T21:23:48	397	385	397	374
2021-07-05T21:24:18	398	386	401	375
2021-07-05T21:24:48	397	385	399	376
2021-07-05T21:25:18	400	387	400	378
2021-07-05T21:25:48	398	388	401	378
2021-07-05T21:26:18	403	389	402	380
2021-07-05T21:26:48	401	390	403	380
2021-07-05T21:27:18	404	392	406	381
2021-07-05T21:27:48	404	393	407	382
2021-07-05T21:28:18	404	392	405	384
2021-07-05T21:28:48	407	396	408	385
2021-07-05T21:29:18	407	397	410	385
2021-07-05T21:29:48	407	397	409	386
2021-07-05T21:30:18	409	397	410	387
2021-07-05T21:30:48	410	400	411	388
2021-07-05T21:31:18	410	400	412	389
2021-07-05T21:31:48	410	401	414	390
2021-07-05T21:32:18	412	401	414	392
2021-07-05T21:32:48	413	403	417	393
2021-07-05T21:33:18	415	402	417	394
2021-07-05T21:33:48	415	405	418	394
2021-07-05T21:34:18	415	406	418	396
2021-07-05T21:34:48	417	406	419	397
2021-07-05T21:35:18	418	407	422	397
2021-07-05T21:35:48	418	408	421	398
2021-07-05T21:36:18	421	409	421	398
2021-07-05T21:36:48	423	410	425	400
2021-07-05T21:37:18	421	409	424	401
2021-07-05T21:37:48	424	409	424	402
2021-07-05T21:38:18	425	414	427	402
2021-07-05T21:38:48	426	413	428	404
2021-07-05T21:39:18	427	414	428	405
2021-07-05T21:39:48	427	415	430	407
2021-07-05T21:40:18	427	415	429	407
2021-07-05T21:40:48	430	416	431	408
2021-07-05T21:41:18	431	418	433	410
2021-07-05T21:41:48	430	417	432	411
2021-07-05T21:42:18	433	421	433	411
2021-07-05T21:42:48	433	419	435	412
2021-07-05T21:43:18	433	421	435	413
2021-07-05T21:43:48	436	423	439	414
2021-07-05T21:44:18	433	422	437	415
2021-07-05T21:44:48	438	424	440	416
2021-07-05T21:45:18	439	424	441	417
2021-07-05T21:45:48	439	424	439	418
2021-07-05T21:46:18	440	427	443	419
2021-07-05T21:46:48	442	428	446	420
2021-07-05T21:47:18	441	428	443	421
2021-07-05T21:47:48	443	429	445	422
2021-07-05T21:48:18	443	431	445	423
2021-07-05T21:48:48	446	430	447	424
2021-07-05T21:49:18	445	432	449	425
2021-07-05T21:49:48	444	434	449	426
2021-07-05T21:50:18	449	432	451	426
2021-07-05T21:50:48	447	434	452	427
2021-07-05T21:51:18	449	435	451	428
2021-07-05T21:51:48	450	436	452	430
2021-07-05T21:52:18	453	436	456	430
2021-07-05T21:52:48	451	436	453	431
2021-07-05T21:53:18	454	439	455	433
2021-07-05T21:53:48	455	440	458	434
2021-07-05T21:54:18	456	440	459	434
2021-07-05T21:54:48	455	440	459	436
2021-07-05T21:55:18	457	443	460	436
2021-07-05T21:55:48	458	443	460	438
2021-07-05T21:56:18	461	444	463	439
2021-07-05T21:56:48	459	446	462	440
2021-07-05T21:57:18	463	444	462	440
2021-07-05T21:57:48	464	446	466	441
2021-07-05T21:58:18	462	446	463	443
2021-07-05T21:58:48	466	447	467	443
2021-07-05T21:59:18	466	449	469	445
2021-07-05T21:59:48	467	450	469	445
2021-07-05T22:00:18	466	451	470	446
2021-07-05T22:00:48	468	451	470	447
2021-07-05T22:01:18	471	455	473	447
2021-07-05T22:01:48	469	455	471	449
2021-07-05T22:02:18	474	455	473	450
2021-07-05T22:02:48	474	457	477	451
2021-07-05T22:03:18	475	456	474	451
2021-07-05T22:03:48	474	457	475	454
2021-07-05T22:04:18	476	459	477	454
2021-07-05T22:04:48	477	461	480	455
2021-07-05T22:05:18	478	461	479	456
2021-07-05T22:05:48	477	462	481	456
2021-07-05T22:06:18	480	463	480	457
2021-07-05T22:06:48	481	466	485	458
2021-07-05T22:07:18	480	464	483	460
2021-07-05T22:07:48	485	465	485	461
2021-07-05T22:08:18	482	464	483	462
2021-07-05T22:08:48	484	468	486	463
2021-07-05T22:09:18	486	467	486	463
2021-07-05T22:09:48	487	469	489	464
2021-07-05T22:10:18	486	468	487	465
2021-07-05T22:10:48	489	469	490	466
2021-07-05T22:11:18	490	472	493	467
2021-07-05T22:11:48	489	472	493	467
2021-07-05T22:12:18	490	473	492	468
2021-07-05T22:12:48	491	474	493	469
2021-07-05T22:13:18	493	476	496	471
2021-07-05T22:13:48	494	476	498	472
2021-07-05T22:14:18	494	476	496	473
2021-07-05T22:14:48	496	477	498	474
2021-07-05T22:15:18	496	479	498	474
2021-07-05T22:15:48	499	480	499	476
2021-07-05T22:16:18	498	480	502	476
2021-07-05T22:16:48	499	482	502	477
2021-07-05T22:17:18	500	483	504	479
2021-07-05T22:17:48	502	482	503	480
2021-07-05T22:18:18	504	483	505	481
2021-07-05T22:18:48	504	484	506	482
2021-07-05T22:19:18	503	484	508	483
2021-07-05T22:19:48	506	485	508	484
2021-07-05T22:20:18	508	489	507	484
2021-07-05T22:20:48	507	488	508	486
2021-07-05T22:21:18	509	488	512	486
2021-07-05T22:21:48	511	491	513	487
2021-07-05T22:22:18	511	494	514	488
2021-07-05T22:22:48	513	492	513	489
2021-07-05T22:23:18	512	493	514	490
2021-07-05T22:23:48	513	494	516	491
2021-07-05T22:24:18	514	495	516	492
2021-07-05T22:24:48	515	497	518	493
2021-07-05T22:25:18	517	499	519	494
2021-07-05T22:25:48	517	498	520	495
2021-07-05T22:26:18	518	497	520	496
2021-07-05T22:26:48	519	499	521	497
2021-07-05T22:27:18	521	500	523	497
2021-07-05T22:27:48	523	503	524	499
2021-07-05T22:28:18	522	502	526	500
2021-07-05T22:28:48	522	504	524	501
2021-07-05T22:29:18	524	504	526	502
2021-07-05T22:29:48	526	504	527	503
2021-07-05T22:30:18	527	507	528	504
2021-07-05T22:30:48	529	507	531	505
2021-07-05T22:31:18	529	508	531	505
2021-07-05T22:31:48	529	507	532	506
2021-07-05T22:32:18	530	509	534	506
2021-07-05T22:32:48	532	510	533	507
2021-07-05T22:33:18	533	510	535	509
2021-07-05T22:33:48	535	513	537	511
2021-07-05T22:34:18	535	513	537	511
2021-07-05T22:34:48	536	515	539	512
2021-07-05T22:35:18	536	515	539	512
2021-07-05T22:35:48	538	516	541	513
2021-07-05T22:36:18	536	518	542	514
2021-07-05T22:36:48	538	517	541	515
2021-07-05T22:37:18	541	518	544	517
2021-07-05T22:37:48	542	519	544	518
2021-07-05T22:38:18	541	522	545	518
2021-07-05T22:38:48	544	522	546	521
2021-07-05T22:39:18	545	525	548	521
2021-07-05T22:39:48	546	524	548	522
2021-07-05T22:40:18	547	524	547	523
2021-07-05T22:40:48	546	524	549	524
2021-07-05T22:41:18	547	523	549	526
2021-07-05T22:41:48	550	526	550	526
2021-07-05T22:42:18	551	528	553	527
2021-07-05T22:42:48	551	531	553	528
2021-07-05T22:43:18	552	528	553	529
2021-07-05T22:43:48	553	531	556	530
2021-07-05T22:44:18	555	531	556	531
2021-07-05T22:44:48	556	533	558	532
2021-07-05T22:45:18	555	532	560	533
2021-07-05T22:45:48	557	533	559	534
2021-07-05T22:46:18	558	534	560	535
2021-07-05T22:46:48	558	536	560	536
2021-07-05T22:47:18	559	537	563	537
2021-07-05T22:47:48	560	536	564	538
2021-07-05T22:48:18	562	537	564	539
2021-07-05T22:48:48	562	539	564	540
2021-07-05T22:49:18	564	541	566	541
2021-07-05T22:49:48	563	541	567	543
2021-07-05T22:50:18	566	541	567	544
2021-07-05T22:50:48	567	542	569	544
2021-07-05T22:51:18	568	544	571	545
2021-07-05T22:51:48	567	543	570	546
2021-07-05T22:52:18	569	546	571	547
2021-07-05T22:52:48	570	547	572	549
2021-07-05T22:53:18	570	547	574	550
2021-07-05T22:53:48	571	549	576	551
2021-07-05T22:54:18	574	550	575	552
2021-07-05T22:54:48	573	552	577	553
2021-07-05T22:55:18	576	552	577	554
2021-07-05T22:55:48	578	554	579	555
2021-07-05T22:56:18	578	553	581	556
2021-07-05T22:56:48	576	554	581	557
2021-07-05T22:57:18	579	554	583	558
2021-07-05T22:57:48	581	558	584	559
2021-07-05T22:58:18	582	556	582	560
2021-07-05T22:58:48	583	558	584	561
2021-07-05T22:59:18	584	560	586	562
2021-07-05T22:59:48	586	560	585	563
2021-07-05T23:00:18	586	560	587	564
2021-07-05T23:00:48	585	561	588	565
2021-07-05T23:01:18	588	562	589	567
2021-07-05T23:01:48	590	564	591	568
2021-07-05T23:02:18	591	567	593	568
2021-07-05T23:02:48	591	569	593	570
2021-07-05T23:03:18	590	567	592	571
2021-07-05T23:03:48	593	569	594	572
2021-07-05T23:04:18	595	568	595	573
2021-07-05T23:04:48	595	571	598	574
2021-07-05T23:05:18	596	572	597	575
2021-07-05T23:05:48	597	572	598	576
2021-07-05T23:06:18	596	573	599	577
2021-07-05T23:06:48	598	574	600	578
2021-07-05T23:07:18	600	575	601	580
2021-07-05T23:07:48	601	575	602	580
2021-07-05T23:08:18	602	576	604	581
2021-07-05T23:08:48	603	577	605	582
2021-07-05T23:09:18	604	578	607	583
2021-07-05T23:09:48	603	579	607	584
2021-07-05T23:10:18	606	581	609	585
2021-07-05T23:10:48	606	581	609	586
2021-07-05T23:11:18	607	580	609	587
2021-07-05T23:11:48	608	583	609	589
2021-07-05T23:12:18	610	584	611	590
2021-07-05T23:12:48	611	585	612	591
2021-07-05T23:13:18	612	586	613	592
2021-07-05T23:13:48	613	588	616	593
2021-07-05T23:14:18	614	588	616	594
2021-07-05T23:14:48	613	589	618	595
2021-07-05T23:15:18	615	590	618	596
2021-07-05T23:15:48	617	591	618	598
2021-07-05T23:16:18	618	592	620	598
2021-07-05T23:16:48	617	595	622	599
2021-07-05T23:17:18	618	594	621	601
2021-07-05T23:17:48	619	595	622	602
2021-07-05T23:18:18	622	594	622	603
2021-07-05T23:18:48	623	597	625	604
2021-07-05T23:19:18	621	598	625	605
2021-07-05T23:19:48	623	598	626	606
2021-07-05T23:20:18	626	597	626	607
2021-07-05T23:20:48	627	599	629	608
2021-07-05T23:21:18	625	600	629	609
2021-07-05T23:21:48	628	600	630	610
2021-07-05T23:22:18	630	603	633	611
2021-07-05T23:22:48	630	605	631	612
2021-07-05T23:23:18	630	604	632	613
2021-07-05T23:23:48	631	604	633	614
2021-07-05T23:24:18	633	607	636	615
2021-07-05T23:24:48	632	607	638	616
2021-07-05T23:25:18	635	609	636	617
2021-07-05T23:25:48	635	610	639	618
2021-07-05T23:26:18	636	610	639	618
2021-07-05T23:26:48	638	611	641	619
2021-07-05T23:27:18	640	611	642	621
2021-07-05T23:27:48	638	612	642	621
2021-07-05T23:28:18	638	613	643	623
2021-07-05T23:28:48	641	616	646	624
2021-07-05T23:29:18	641	617	645	626
2021-07-05T23:29:48	644	619	646	626
2021-07-05T23:30:18	645	617	648	627
2021-07-05T23:30:48	646	619	649	627
2021-07-05T23:31:18	647	620	650	630
2021-07-05T23:31:48	648	621	651	630
2021-07-05T23:32:18	649	621	653	630
2021-07-05T23:32:48	649	623	653	632
2021-07-05T23:33:18	651	624	654	634
2021-07-05T23:33:48	652	625	654	635
2021-07-05T23:34:18	650	625	654	636
2021-07-05T23:34:48	654	626	655	637
2021-07-05T23:35:18	655	628	657	638
2021-07-05T23:35:48	656	630	657	639
2021-07-05T23:36:18	657	629	658	640
2021-07-05T23:36:48	657	629	660	641
2021-07-05T23:37:18	659	632	662	641
2021-07-05T23:37:48	659	632	660	643
2021-07-05T23:38:18	661	635	663	644
2021-07-05T23:38:48	662	634	663	645
2021-07-05T23:39:18	662	634	665	646
2021-07-05T23:39:48	663	636	665	647
2021-07-05T23:40:18	665	637	667	648
2021-07-05T23:40:48	666	638	668	649
2021-07-05T23:41:18	666	639	668	650
2021-07-05T23:41:48	667	639	669	651
2021-07-05T23:42:18	669	641	671	652
2021-07-05T23:42:48	670	643	670	653
2021-07-05T23:43:18	671	643	671	654
2021-07-05T23:43:48	671	643	672	655
2021-07-05T23:44:18	672	645	673	656
2021-07-05T23:44:48	673	647	677	657
2021-07-05T23:45:18	673	647	677	658
2021-07-05T23:45:48	676	648	677	659
2021-07-05T23:46:18	677	649	680	660
2021-07-05T23:46:48	676	652	681	661
2021-07-05T23:47:18	677	651	681	662
2021-07-05T23:47:48	679	653	681	663
2021-07-05T23:48:18	681	655	682	664
2021-07-05T23:48:48	680	655	683	665
2021-07-05T23:49:18	682	654	683	666
2021-07-05T23:49:48	683	658	686	667
2021-07-05T23:50:18	683	658	687	669
2021-07-05T23:50:48	684	659	687	670
2021-07-05T23:51:18	686	659	689	670
2021-07-05T23:51:48	686	660	688	672
2021-07-05T23:52:18	687	662	690	672
2021-07-05T23:52:48	688	662	691	673
2021-07-05T23:53:18	689	662	691	675
2021-07-05T23:53:48	689	663	691	675
2021-07-05T23:54:18	691	665	694	677
2021-07-05T23:54:48	693	666	696	677
2021-07-05T23:55:18	692	668	697	678
2021-07-05T23:55:48	695	669	698	680
2021-07-05T23:56:18	694	669	698	680
2021-07-05T23:56:48	697	669	698	681
2021-07-05T23:57:18	696	671	699	682
2021-07-05T23:57:48	697	671	702	683
2021-07-05T23:58:18	699	672	703	685
2021-07-05T23:58:48	701	675	704	685
2021-07-05T23:59:18	701	676	704	686
2021-07-05T23:59:48	702	677	705	688
2021-07-06T00:00:18	704	676	708	688
2021-07-06T00:00:48	703	680	708	690
2021-07-06T00:01:18	704	681	710	691
2021-07-06T00:01:48	706	681	710	691
2021-07-06T00:02:18	708	682	712	692
2021-07-06T00:02:48	707	682	711	694
2021-07-06T00:03:18	709	682	710	694
2021-07-06T00:03:48	710	685	716	695
2021-07-06T00:04:18	712	685	715	696
2021-07-06T00:04:48	713	686	715	697
2021-07-06T00:05:18	713	687	718	698
2021-07-06T00:05:48	716	688	718	699
2021-07-06T00:06:18	716	688	716	700
2021-07-06T00:06:48	715	689	718	701
2021-07-06T00:07:18	716	691	721	702
2021-07-06T00:07:48	719	691	720	703
2021-07-06T00:08:18	720	693	724	704
2021-07-06T00:08:48	720	693	723	705
2021-07-06T00:09:18	722	694	724	706
2021-07-06T00:09:48	723	695	724	708
2021-07-06T00:10:18	723	696	726	709
2021-07-06T00:10:48	723	697	728	709
2021-07-06T00:11:18	726	700	729	710
2021-07-06T00:11:48	727	700	730	711
2021-07-06T00:12:18	728	701	730	713
2021-07-06T00:12:48	729	703	732	713
2021-07-06T00:13:18	728	703	732	714
2021-07-06T00:13:48	731	703	733	715
2021-07-06T00:14:18	731	704	733	717
2021-07-06T00:14:48	733	704	735	717
2021-07-06T00:15:18	733	707	737	718
2021-07-06T00:15:48	734	707	737	719
2021-07-06T00:16:18	734	707	737	720
2021-07-06T00:16:48	735	709	739	721
2021-07-06T00:17:18	738	711	740	722
2021-07-06T00:17:48	738	709	739	723
2021-07-06T00:18:18	738	711	739	724
2021-07-06T00:18:48	740	712	742	725
2021-07-06T00:19:18	740	713	742	726
2021-07-06T00:19:48	742	714	744	727
2021-07-06T00:20:18	742	714	744	728
2021-07-06T00:20:48	742	717	745	730
2021-07-06T00:21:18	745	719	746	730
2021-07-06T00:21:48	745	719	748	731
2021-07-06T00:22:18	746	719	748	732
2021-07-06T00:22:48	747	720	750	733
2021-07-06T00:23:18	748	722	749	735
2021-07-06T00:23:48	750	723	751	736
2021-07-06T00:24:18	749	725	753	737
2021-07-06T00:24:48	752	725	753	738
2021-07-06T00:25:18	751	726	754	738
2021-07-06T00:25:48	754	726	755	739
2021-07-06T00:26:18	754	727	756	740
2021-07-06T00:26:48	754	729	759	741
2021-07-06T00:27:18	757	730	761	742
2021-07-06T00:27:48	759	732	760	743
2021-07-06T00:28:18	757	732	760	745
2021-07-06T00:28:48	759	732	762	746
2021-07-06T00:29:18	759	732	763	746
2021-07-06T00:29:48	761	734	763	747
2021-07-06T00:30:18	762	734	764	748
2021-07-06T00:30:48	762	736	766	749
2021-07-06T00:31:18	764	738	767	751
2021-07-06T00:31:48	765	738	768	751
2021-07-06T00:32:18	766	739	769	752
2021-07-06T00:32:48	767	740	769	754
2021-07-06T00:33:18	767	741	770	755
2021-07-06T00:33:48	769	743	773	755
2021-07-06T00:34:18	770	744	772	757
2021-07-06T00:34:48	770	743	773	758
2021-07-06T00:35:18	772	745	774	758
2021-07-06T00:35:48	771	745	775	759
2021-07-06T00:36:18	775	747	777	761
2021-07-06T00:36:48	773	747	778	761
2021-07-06T00:37:18	775	749	778	762
2021-07-06T00:37:48	776	750	779	762
2021-07-06T00:38:18	777	751	782	764
2021-07-06T00:38:48	780	753	782	764
2021-07-06T00:39:18	780	753	783	767
2021-07-06T00:39:48	781	754	784	767
2021-07-06T00:40:18	780	756	785	767
2021-07-06T00:40:48	784	755	785	768
2021-07-06T00:41:18	784	757	786	770
2021-07-06T00:41:48	784	757	789	770
2021-07-06T00:42:18	786	759	789	771
2021-07-06T00:42:48	787	760	790	771
2021-07-06T00:43:18	787	763	791	772
2021-07-06T00:43:48	790	762	792	773
2021-07-06T00:44:18	790	763	794	775
2021-07-06T00:44:48	791	765	795	776
2021-07-06T00:45:18	793	765	794	776
2021-07-06T00:45:48	793	766	796	777
2021-07-06T00:46:18	794	767	797	779
2021-07-06T00:46:48	795	768	800	779
2021-07-06T00:47:18	794	769	798	781
2021-07-06T00:47:48	796	770	800	781
2021-07-06T00:48:18	798	772	802	782
2021-07-06T00:48:48	798	772	800	783
2021-07-06T00:49:18	801	771	802	784
2021-07-06T00:49:48	800	774	804	786
2021-07-06T00:50:18	800	775	805	786
2021-07-06T00:50:48	803	775	805	787
2021-07-06T00:51:18	804	775	806	788
2021-07-06T00:51:48	804	777	808	790
2021-07-06T00:52:18	807	778	807	790
2021-07-06T00:52:48	805	778	809	791
2021-07-06T00:53:18	807	780	811	793
2021-07-06T00:53:48	809	782	813	794
2021-07-06T00:54:18	808	781	812	793
2021-07-06T00:54:48	811	784	815	795
2021-07-06T00:55:18	810	784	816	796
2021-07-06T00:55:48	813	784	814	798
2021-07-06T00:56:18	811	785	816	798
2021-07-06T00:56:48	815	787	818	799
2021-07-06T00:57:18	814	788	820	800
2021-07-06T00:57:48	817	788	819	801
2021-07-06T00:58:18	816	789	820	802
2021-07-06T00:58:48	819	790	822	804
2021-07-06T00:59:18	818	792	821	804
2021-07-06T00:59:48	820	792	823	806
2021-07-06T01:00:18	820	793	825	807
2021-07-06T01:00:48	823	794	825	808
2021-07-06T01:01:18	821	795	824	808
2021-07-06T01:01:48	824	795	826	809
2021-07-06T01:02:18	824	796	827	810
2021-07-06T01:02:48	827	798	828	811
2021-07-06T01:03:18	825	799	829	813
2021-07-06T01:03:48	827	799	830	814
2021-07-06T01:04:18	830	800	831	816
2021-07-06T01:04:48	828	800	832	816
2021-07-06T01:05:18	831	803	833	817
2021-07-06T01:05:48	833	804	835	818
2021-07-06T01:06:18	831	804	835	820
2021-07-06T01:06:48	834	803	837	821
2021-07-06T01:07:18	835	806	837	821
2021-07-06T01:07:48	837	807	838	822
2021-07-06T01:08:18	837	806	841	823
2021-07-06T01:08:48	838	808	841	825
2021-07-06T01:09:18	838	810	842	825
2021-07-06T01:09:48	840	810	842	826
2021-07-06T01:10:18	839	811	844	828
2021-07-06T01:10:48	841	812	844	828
2021-07-06T01:11:18	840	814	846	830
2021-07-06T01:11:48	844	814	847	830
2021-07-06T01:12:18	846	816	848	832
2021-07-06T01:12:48	845	816	849	832
2021-07-06T01:13:18	846	817	848	833
2021-07-06T01:13:48	848	819	852	834
2021-07-06T01:14:18	849	820	853	837
2021-07-06T01:14:48	848	821	853	837
2021-07-06T01:15:18	851	821	853	839
2021-07-06T01:15:48	851	823	855	839
2021-07-06T01:16:18	853	824	858	840
2021-07-06T01:16:48	853	824	858	842
2021-07-06T01:17:18	855	824	857	842
2021-07-06T01:17:48	857	826	858	843
2021-07-06T01:18:18	856	827	860	845
2021-07-06T01:18:48	859	828	861	845
2021-07-06T01:19:18	858	829	863	846
2021-07-06T01:19:48	859	830	864	848
2021-07-06T01:20:18	860	831	865	848
2021-07-06T01:20:48	863	831	865	849
2021-07-06T01:21:18	863	833	867	851
2021-07-06T01:21:48	864	834	868	852
2021-07-06T01:22:18	863	835	867	853
2021-07-06T01:22:48	866	835	870	854
2021-07-06T01:23:18	867	837	870	855
2021-07-06T01:23:48	867	838	871	856
2021-07-06T01:24:18	869	840	874	857
2021-07-06T01:24:48	870	839	874	858
2021-07-06T01:25:18	870	840	874	859
2021-07-06T01:25:48	872	840	875	860
2021-07-06T01:26:18	871	842	876	861
2021-07-06T01:26:48	874	845	878	862
2021-07-06T01:27:18	874	846	877	863
2021-07-06T01:27:48	876	844	879	864
2021-07-06T01:28:18	876	847	880	865
2021-07-06T01:28:48	876	848	881	866
2021-07-06T01:29:18	880	850	881	868
2021-07-06T01:29:48	878	851	883	868
2021-07-06T01:30:18	881	851	884	870
2021-07-06T01:30:48	882	852	885	870
2021-07-06T01:31:18	881	853	887	872
2021-07-06T01:31:48	885	855	887	873
2021-07-06T01:32:18	884	856	889	874
2021-07-06T01:32:48	885	856	889	875
2021-07-06T01:33:18	887	856	889	876
2021-07-06T01:33:48	887	859	890	877
2021-07-06T01:34:18	887	859	890	878
2021-07-06T01:34:48	890	861	893	880
2021-07-06T01:35:18	890	862	894	880
2021-07-06T01:35:48	891	865	895	881
2021-07-06T01:36:18	892	864	895	882
2021-07-06T01:36:48	893	865	895	883
2021-07-06T01:37:18	894	866	897	884
2021-07-06T01:37:48	895	868	897	886
2021-07-06T01:38:18	896	868	899	887
2021-07-06T01:38:48	895	868	900	888
2021-07-06T01:39:18	897	870	901	889
2021-07-06T01:39:48	898	871	901	890
2021-07-06T01:40:18	898	872	900	891
2021-07-06T01:40:48	898	872	901	891
2021-07-06T01:41:18	898	873	900	892
2021-07-06T01:41:48	898	873	902	892
2021-07-06T01:42:18	899	875	903	892
2021-07-06T01:42:48	899	874	900	892
2021-07-06T01:43:18	898	875	902	893
2021-07-06T01:43:48	899	875	901	893
2021-07-06T01:44:18	898	876	904	893
2021-07-06T01:44:48	900	874	902	892
2021-07-06T01:45:18	899	875	901	894
2021-07-06T01:45:48	900	875	901	894
2021-07-06T01:46:18	900	877	903	894
2021-07-06T01:46:48	899	877	903	894
2021-07-06T01:47:18	900	877	901	895
2021-07-06T01:47:48	898	878	902	894
2021-07-06T01:48:18	900	877	901	894
2021-07-06T01:48:48	899	879	903	895
2021-07-06T01:49:18	900	880	903	895
2021-07-06T01:49:48	899	879	902	896
2021-07-06T01:50:18	900	880	901	896
2021-07-06T01:50:48	898	880	903	895
2021-07-06T01:51:18	899	881	903	895
2021-07-06T01:51:48	900	881	903	895
2021-07-06T01:52:18	900	881	902	896
2021-07-06T01:52:48	898	880	902	896
2021-07-06T01:53:18	899	883	901	897
2021-07-06T01:53:48	899	881	903	896
2021-07-06T01:54:18	900	883	903	896
2021-07-06T01:54:48	899	882	900	896
2021-07-06T01:55:18	898	883	902	896
2021-07-06T01:55:48	898	883	902	896
2021-07-06T01:56:18	900	884	903	896
2021-07-06T01:56:48	900	885	903	896
2021-07-06T01:57:18	900	885	905	897
2021-07-06T01:57:48	900	884	902	898
2021-07-06T01:58:18	898	885	901	897
2021-07-06T01:58:48	900	885	901	896
2021-07-06T01:59:18	898	886	904	897
2021-07-06T01:59:48	900	887	903	897
2021-07-06T02:00:18	900	886	904	897
2021-07-06T02:00:48	900	887	903	896
2021-07-06T02:01:18	900	886	901	896
2021-07-06T02:01:48	898	886	902	897
2021-07-06T02:02:18	900	887	902	898
2021-07-06T02:02:48	899	888	902	897
2021-07-06T02:03:18	900	889	903	898
2021-07-06T02:03:48	900	889	902	898
2021-07-06T02:04:18	900	889	902	897
2021-07-06T02:04:48	900	889	902	897
2021-07-06T02:05:18	899	889	902	897
2021-07-06T02:05:48	899	890	902	897
2021-07-06T02:06:18	899	890	902	897
2021-07-06T02:06:48	898	890	902	897
2021-07-06T02:07:18	899	890	902	897
2021-07-06T02:07:48	899	891	902	897
2021-07-06T02:08:18	899	892	903	899
2021-07-06T02:08:48	900	892	903	898
2021-07-06T02:09:18	898	891	903	898
2021-07-06T02:09:48	899	892	903	898
2021-07-06T02:10:18	900	893	903	898
2021-07-06T02:10:48	900	892	903	898
2021-07-06T02:11:18	899	892	903	898
2021-07-06T02:11:48	899	892	902	898
2021-07-06T02:12:18	899	893	902	898
2021-07-06T02:12:48	898	892	902	898
2021-07-06T02:13:18	898	893	903	898
2021-07-06T02:13:48	899	893	903	898
2021-07-06T02:14:18	899	893	901	898
2021-07-06T02:14:48	899	893	901	898
2021-07-06T02:15:18	899	894	902	898
2021-07-06T02:15:48	899	894	902	899
2021-07-06T02:16:18	900	894	902	898
2021-07-06T02:16:48	900	894	903	900
2021-07-06T02:17:18	900	895	902	899
2021-07-06T02:17:48	900	896	903	899
2021-07-06T02:18:18	900	895	903	899
2021-07-06T02:18:48	901	896	903	899
2021-07-06T02:19:18	901	896	903	899
2021-07-06T02:19:48	899	896	904	898
2021-07-06T02:20:18	899	896	903	899
2021-07-06T02:20:48	899	896	903	899
2021-07-06T02:21:18	899	895	902	899
2021-07-06T02:21:48	899	895	902	899
2021-07-06T02:22:18	899	896	902	899
2021-07-06T02:22:48	899	896	902	899
2021-07-06T02:23:18	899	897	903	899
2021-07-06T02:23:48	901	897	903	899
2021-07-06T02:24:18	901	897	903	900
2021-07-06T02:24:48	901	897	904	899
2021-07-06T02:25:18	899	897	903	900
2021-07-06T02:25:48	898	897	902	898
2021-07-06T02:26:18	899	897	902	900
2021-07-06T02:26:48	899	897	902	900
2021-07-06T02:27:18	900	898	903	900
2021-07-06T02:27:48	901	898	904	900
2021-07-06T02:28:18	901	898	902	900
2021-07-06T02:28:48	898	897	902	899
2021-07-06T02:29:18	899	898	902	900
2021-07-06T02:29:48	899	898	902	900
2021-07-06T02:30:18	900	899	903	899
2021-07-06T02:30:48	900	898	903	900
2021-07-06T02:31:18	899	899	903	900
2021-07-06T02:31:48	899	899	901	900
2021-07-06T02:32:18	900	899	902	900
2021-07-06T02:32:48	900	899	903	900
2021-07-06T02:33:18	899	899	903	900
2021-07-06T02:33:48	899	899	902	900
2021-07-06T02:34:18	900	900	902	900
2021-07-06T02:34:49	900	900	903	900
2021-07-06T02:35:19	900	900	903	900
2021-07-06T02:35:49	898	899	902	900
2021-07-06T02:36:19	899	899	902	900
2021-07-06T02:36:49	899	900	903	900
2021-07-06T02:37:19	900	900	903	900
2021-07-06T02:37:49	900	901	903	900
2021-07-06T02:38:19	901	901	904	900
2021-07-06T02:38:49	900	899	902	900
2021-07-06T02:39:19	899	899	902	900
2021-07-06T02:39:49	899	900	902	900
2021-07-06T02:40:19	900	900	903	900
2021-07-06T02:40:49	900	902	904	899
2021-07-06T02:41:19	899	900	903	900
2021-07-06T02:41:49	899	900	903	901
2021-07-06T02:42:19	899	900	901	901
2021-07-06T02:42:49	900	900	902	901
2021-07-06T02:43:19	900	900	903	901
2021-07-06T02:43:49	899	900	904	901
2021-07-06T02:44:19	899	900	902	900
2021-07-06T02:44:49	900	900	902	901
2021-07-06T02:45:19	900	900	902	901
2021-07-06T02:45:49	899	901	903	901
2021-07-06T02:46:19	900	901	904	901
2021-07-06T02:46:49	901	901	903	900
2021-07-06T02:47:19	899	901	902	901
2021-07-06T02:47:49	900	900	902	901
2021-07-06T02:48:19	900	901	903	900
2021-07-06T02:48:49	901	901	904	901
2021-07-06T02:49:19	899	900	901	901
2021-07-06T02:49:49	899	900	902	900
2021-07-06T02:50:19	900	900	904	900
2021-07-06T02:50:49	900	900	903	901
2021-07-06T02:51:19	899	900	902	900
2021-07-06T02:51:49	900	901	904	900
2021-07-06T02:52:19	901	900	903	900
2021-07-06T02:52:49	900	900	903	901
2021-07-06T02:53:19	899	899	901	901
2021-07-06T02:53:49	901	900	903	900
2021-07-06T02:54:19	899	901	903	901
2021-07-06T02:54:49	900	899	902	900
2021-07-06T02:55:19	900	900	902	901
2021-07-06T02:55:49	899	901	903	900
2021-07-06T02:56:19	899	900	902	900
2021-07-06T02:56:49	901	900	903	900
2021-07-06T02:57:19	901	901	903	900
2021-07-06T02:57:49	899	901	904	900
2021-07-06T02:58:19	898	900	902	900
2021-07-06T02:58:49	900	900	903	900
2021-07-06T02:59:19	901	901	903	900
2021-07-06T02:59:49	901	902	904	901
2021-07-06T03:00:19	899	900	902	900
2021-07-06T03:00:49	900	900	903	900
2021-07-06T03:01:19	900	901	903	901
2021-07-06T03:01:49	901	901	903	900
2021-07-06T03:02:19	899	901	902	901
2021-07-06T03:02:49	900	900	902	900
2021-07-06T03:03:19	901	901	903	900
2021-07-06T03:03:49	900	901	904	900
2021-07-06T03:04:19	899	900	902	900
2021-07-06T03:04:49	900	900	902	901
2021-07-06T03:05:19	900	901	903	901
2021-07-06T03:05:49	901	901	904	901
2021-07-06T03:06:19	899	900	902	900
2021-07-06T03:06:49	900	900	902	901
2021-07-06T03:07:19	901	900	903	900
2021-07-06T03:07:49	898	901	903	900
2021-07-06T03:08:19	899	901	902	900
2021-07-06T03:08:49	900	900	902	900
2021-07-06T03:09:19	899	900	902	901
2021-07-06T03:09:49	900	900	903	901
2021-07-06T03:10:19	897	898	901	900
2021-07-06T03:10:49	896	898	898	900
2021-07-06T03:11:19	894	896	896	897
2021-07-06T03:11:49	893	895	895	896
2021-07-06T03:12:19	891	894	894	895
2021-07-06T03:12:49	890	893	893	894
2021-07-06T03:13:19	890	891	892	893
2021-07-06T03:13:49	889	891	890	892
2021-07-06T03:14:19	777	812	847	890
2021-07-06T03:14:49	725	737	806	861
2021-07-06T03:15:19	656	683	736	819
2021-07-06T03:15:49	539	564	639	752
2021-07-06T03:16:19	481	483	580	689
2021-07-06T03:16:49	445	448	554	656
2021-07-06T03:17:19	416	424	523	616
2021-07-06T03:17:49	401	402	499	585
2021-07-06T03:18:19	381	379	482	558
2021-07-06T03:18:49	365	361	460	542
2021-07-06T03:19:19	349	348	448	519
2021-07-06T03:19:49	339	336	434	498
2021-07-06T03:20:19	324	326	425	479
2021-07-06T03:20:49	314	318	407	461
2021-07-06T03:21:19	304	304	394	450
2021-07-06T03:21:49	293	297	390	433
2021-07-06T03:22:19	289	286	377	419
2021-07-06T03:22:49	282	279	372	405
