time	T1	T2	T3	T4
2021-05-13T19:52:24	26	26	29	22
2021-05-13T19:52:34	26	27	29	22
2021-05-13T19:52:44	27	27	30	23
2021-05-13T19:52:54	27	28	30	23
2021-05-13T19:53:04	27	28	30	22
2021-05-13T19:53:14	28	28	30	22
2021-05-13T19:53:24	29	28	31	22
2021-05-13T19:53:34	29	29	31	22
2021-05-13T19:53:44	29	29	31	23
2021-05-13T19:53:54	30	30	31	23
2021-05-13T19:54:04	30	30	31	23
2021-05-13T19:54:14	31	30	32	23
2021-05-13T19:54:24	31	32	34	23
2021-05-13T19:54:34	32	33	35	23
2021-05-13T19:54:44	33	34	36	24
2021-05-13T19:54:54	34	35	36	24
2021-05-13T19:55:04	34	35	36	24
2021-05-13T19:55:14	34	35	37	25
2021-05-13T19:55:24	34	36	37	25
2021-05-13T19:55:34	35	36	37	25
2021-05-13T19:55:44	35	36	37	25
2021-05-13T19:55:54	35	36	37	26
2021-05-13T19:56:04	35	36	37	26
2021-05-13T19:56:14	35	36	37	26
2021-05-13T19:56:24	35	36	37	26
2021-05-13T19:56:34	35	36	37	26
2021-05-13T19:56:44	35	36	37	27
2021-05-13T19:56:54	35	36	37	27
2021-05-13T19:57:04	35	36	37	27
2021-05-13T19:57:14	35	36	38	28
2021-05-13T19:57:24	36	37	39	28
2021-05-13T19:57:34	36	39	40	28
2021-05-13T19:57:44	37	39	41	28
2021-05-13T19:57:54	37	40	42	28
2021-05-13T19:58:04	37	41	42	29
2021-05-13T19:58:14	38	41	42	29
2021-05-13T19:58:24	37	41	42	29
2021-05-13T19:58:34	38	41	42	29
2021-05-13T19:58:44	38	41	42	29
2021-05-13T19:58:54	38	41	42	29
2021-05-13T19:59:04	38	41	42	30
2021-05-13T19:59:14	38	41	42	30
2021-05-13T19:59:24	38	41	42	30
2021-05-13T19:59:34	41	41	42	31
2021-05-13T19:59:44	42	41	43	31
2021-05-13T19:59:54	44	41	43	31
2021-05-13T20:00:04	44	41	43	31
2021-05-13T20:00:14	45	42	43	32
2021-05-13T20:00:24	46	42	45	32
2021-05-13T20:00:34	47	44	47	32
2021-05-13T20:00:44	48	45	48	33
2021-05-13T20:00:54	49	46	48	33
2021-05-13T20:01:04	49	46	49	33
2021-05-13T20:01:14	49	46	49	33
2021-05-13T20:01:24	50	47	49	34
2021-05-13T20:01:34	50	47	49	34
2021-05-13T20:01:44	50	47	49	35
2021-05-13T20:01:54	50	47	49	35
2021-05-13T20:02:04	50	47	49	35
2021-05-13T20:02:14	49	47	49	36
2021-05-13T20:02:24	49	47	48	36
2021-05-13T20:02:34	49	46	48	36
2021-05-13T20:02:44	49	46	48	37
2021-05-13T20:02:54	49	47	49	37
2021-05-13T20:03:04	50	48	51	37
2021-05-13T20:03:14	50	49	52	37
2021-05-13T20:03:24	51	50	52	38
2021-05-13T20:03:34	52	51	53	38
2021-05-13T20:03:44	52	51	53	38
2021-05-13T20:03:54	52	51	53	38
2021-05-13T20:04:04	52	51	53	38
2021-05-13T20:04:14	51	51	53	39
2021-05-13T20:04:24	51	51	53	40
2021-05-13T20:04:34	51	51	53	40
2021-05-13T20:04:44	51	51	53	40
2021-05-13T20:04:54	51	51	52	40
2021-05-13T20:05:04	51	51	54	40
2021-05-13T20:05:14	52	52	56	41
2021-05-13T20:05:24	53	53	56	41
2021-05-13T20:05:34	53	54	56	41
2021-05-13T20:05:44	53	54	56	41
2021-05-13T20:05:54	53	54	56	42
2021-05-13T20:06:04	53	54	56	42
2021-05-13T20:06:14	53	54	56	42
2021-05-13T20:06:24	53	54	56	42
2021-05-13T20:06:34	53	54	56	42
2021-05-13T20:06:44	53	54	56	42
2021-05-13T20:06:54	54	54	57	43
2021-05-13T20:07:04	57	56	57	43
2021-05-13T20:07:14	59	57	59	43
2021-05-13T20:07:24	60	57	61	43
2021-05-13T20:07:34	61	58	61	44
2021-05-13T20:07:44	61	59	62	44
2021-05-13T20:07:54	61	59	62	45
2021-05-13T20:08:04	62	59	62	45
2021-05-13T20:08:14	62	59	62	45
2021-05-13T20:08:24	62	59	62	46
2021-05-13T20:08:34	62	59	61	46
2021-05-13T20:08:44	62	59	61	46
2021-05-13T20:08:54	61	58	61	47
2021-05-13T20:09:04	62	58	61	47
2021-05-13T20:09:14	62	58	60	47
2021-05-13T20:09:24	61	59	62	47
2021-05-13T20:09:34	62	60	64	48
2021-05-13T20:09:44	63	62	64	48
2021-05-13T20:09:54	64	63	65	48
2021-05-13T20:10:04	64	63	65	48
2021-05-13T20:10:14	64	63	66	49
2021-05-13T20:10:24	64	63	66	49
2021-05-13T20:10:34	64	63	66	50
2021-05-13T20:10:44	64	63	65	50
2021-05-13T20:10:54	64	63	65	50
2021-05-13T20:11:04	64	63	65	50
2021-05-13T20:11:14	64	63	65	51
2021-05-13T20:11:24	63	63	65	51
2021-05-13T20:11:34	64	64	67	51
2021-05-13T20:11:44	66	66	69	51
2021-05-13T20:11:54	66	67	69	52
2021-05-13T20:12:04	66	67	70	52
2021-05-13T20:12:14	67	68	70	52
2021-05-13T20:12:24	66	68	70	52
2021-05-13T20:12:34	66	67	70	53
2021-05-13T20:12:44	66	67	70	53
2021-05-13T20:12:54	66	67	70	53
2021-05-13T20:13:04	66	67	69	53
2021-05-13T20:13:14	66	67	69	54
2021-05-13T20:13:24	66	67	69	54
2021-05-13T20:13:34	66	67	70	54
2021-05-13T20:13:44	70	69	73	55
2021-05-13T20:13:54	72	71	75	55
2021-05-13T20:14:04	74	71	75	55
2021-05-13T20:14:14	75	72	76	56
2021-05-13T20:14:24	75	72	75	56
2021-05-13T20:14:34	75	71	75	56
2021-05-13T20:14:44	75	71	75	56
2021-05-13T20:14:54	75	71	75	57
2021-05-13T20:15:04	75	71	74	57
2021-05-13T20:15:14	75	71	74	57
2021-05-13T20:15:24	76	71	74	58
2021-05-13T20:15:34	75	71	74	58
2021-05-13T20:15:44	75	71	74	58
2021-05-13T20:15:54	76	71	74	59
2021-05-13T20:16:04	76	72	75	59
2021-05-13T20:16:14	77	74	77	59
2021-05-13T20:16:24	78	75	79	61
2021-05-13T20:16:34	78	76	79	61
2021-05-13T20:16:44	78	76	79	61
2021-05-13T20:16:54	79	76	79	61
2021-05-13T20:17:04	78	76	79	62
2021-05-13T20:17:14	78	76	79	61
2021-05-13T20:17:24	78	75	78	61
2021-05-13T20:17:34	77	75	78	62
2021-05-13T20:17:44	77	75	78	62
2021-05-13T20:17:54	77	75	78	62
2021-05-13T20:18:04	77	76	80	62
2021-05-13T20:18:14	78	77	81	63
2021-05-13T20:18:24	78	78	81	63
2021-05-13T20:18:34	79	78	81	63
2021-05-13T20:18:44	78	78	80	63
2021-05-13T20:18:54	78	79	80	65
2021-05-13T20:19:04	78	79	80	65
2021-05-13T20:19:14	79	80	83	65
2021-05-13T20:19:24	79	81	84	64
2021-05-13T20:19:34	80	82	84	66
2021-05-13T20:19:44	81	81	84	65
2021-05-13T20:19:54	81	81	84	65
2021-05-13T20:20:04	80	81	84	65
2021-05-13T20:20:14	80	81	84	66
2021-05-13T20:20:24	80	81	83	66
2021-05-13T20:20:34	80	81	83	66
2021-05-13T20:20:44	82	81	85	67
2021-05-13T20:20:54	84	84	86	67
2021-05-13T20:21:04	85	85	87	67
2021-05-13T20:21:14	86	85	87	67
2021-05-13T20:21:24	87	85	87	67
2021-05-13T20:21:34	86	85	87	68
2021-05-13T20:21:44	86	85	87	69
2021-05-13T20:21:54	86	84	86	69
2021-05-13T20:22:04	86	84	86	69
2021-05-13T20:22:14	86	84	87	69
2021-05-13T20:22:24	87	85	88	70
2021-05-13T20:22:34	88	86	90	70
2021-05-13T20:22:44	88	88	90	70
2021-05-13T20:22:54	88	88	90	71
2021-05-13T20:23:04	88	87	90	71
2021-05-13T20:23:14	88	88	90	71
2021-05-13T20:23:24	87	86	90	72
2021-05-13T20:23:34	88	86	89	72
2021-05-13T20:23:44	88	86	90	72
2021-05-13T20:23:54	89	87	92	72
2021-05-13T20:24:04	89	88	92	73
2021-05-13T20:24:14	89	89	93	74
2021-05-13T20:24:24	89	90	93	74
2021-05-13T20:24:34	88	90	93	74
2021-05-13T20:24:44	89	89	93	74
2021-05-13T20:24:54	93	89	92	75
2021-05-13T20:25:04	93	90	92	75
2021-05-13T20:25:14	94	90	94	75
2021-05-13T20:25:24	95	92	95	76
2021-05-13T20:25:34	95	93	95	75
2021-05-13T20:25:44	95	93	95	75
2021-05-13T20:25:54	95	93	95	76
2021-05-13T20:26:04	95	93	95	76
2021-05-13T20:26:14	96	93	95	76
2021-05-13T20:26:24	96	93	96	76
2021-05-13T20:26:34	96	94	96	77
2021-05-13T20:26:44	96	94	97	77
2021-05-13T20:26:54	97	94	97	78
2021-05-13T20:27:04	97	94	97	79
2021-05-13T20:27:14	96	93	97	79
2021-05-13T20:27:24	96	94	97	79
2021-05-13T20:27:34	97	94	96	79
2021-05-13T20:27:44	97	95	98	79
2021-05-13T20:27:54	97	97	99	79
2021-05-13T20:28:04	98	98	100	80
2021-05-13T20:28:14	98	98	100	80
2021-05-13T20:28:24	97	97	99	80
2021-05-13T20:28:34	97	97	99	80
2021-05-13T20:28:44	97	97	99	81
2021-05-13T20:28:54	98	99	101	81
2021-05-13T20:29:04	98	100	101	81
2021-05-13T20:29:14	99	100	102	81
2021-05-13T20:29:24	99	100	103	82
2021-05-13T20:29:34	99	100	103	82
2021-05-13T20:29:44	98	100	103	82
2021-05-13T20:29:54	100	100	103	83
2021-05-13T20:30:04	101	100	103	83
2021-05-13T20:30:14	101	100	103	83
2021-05-13T20:30:24	102	101	104	84
2021-05-13T20:30:34	103	101	105	84
2021-05-13T20:30:44	104	102	106	84
2021-05-13T20:30:54	105	103	106	84
2021-05-13T20:31:04	105	103	106	85
2021-05-13T20:31:14	105	102	105	85
2021-05-13T20:31:24	105	102	105	86
2021-05-13T20:31:34	105	103	107	86
2021-05-13T20:31:44	106	104	106	86
2021-05-13T20:31:54	107	105	107	87
2021-05-13T20:32:04	107	106	108	87
2021-05-13T20:32:14	107	106	108	87
2021-05-13T20:32:24	107	106	109	87
2021-05-13T20:32:34	106	105	109	88
2021-05-13T20:32:44	106	105	109	88
2021-05-13T20:32:54	106	105	109	89
2021-05-13T20:33:04	106	106	108	89
2021-05-13T20:33:14	106	106	107	89
2021-05-13T20:33:24	105	106	108	89
2021-05-13T20:33:34	106	108	111	90
2021-05-13T20:33:44	108	109	113	90
2021-05-13T20:33:54	111	110	115	90
2021-05-13T20:34:04	113	111	116	90
2021-05-13T20:34:14	114	111	116	91
2021-05-13T20:34:24	114	110	116	91
2021-05-13T20:34:34	114	110	115	92
2021-05-13T20:34:44	114	110	115	93
2021-05-13T20:34:54	114	109	114	94
2021-05-13T20:35:04	113	109	114	93
2021-05-13T20:35:14	113	108	113	93
2021-05-13T20:35:24	112	108	112	94
2021-05-13T20:35:34	112	109	113	94
2021-05-13T20:35:44	112	110	115	94
2021-05-13T20:35:54	112	111	115	94
2021-05-13T20:36:04	112	112	115	94
2021-05-13T20:36:14	113	112	115	95
2021-05-13T20:36:24	112	113	115	95
2021-05-13T20:36:34	112	113	116	95
2021-05-13T20:36:44	113	113	115	96
2021-05-13T20:36:54	113	113	117	96
2021-05-13T20:37:04	116	114	118	96
2021-05-13T20:37:14	118	115	118	97
2021-05-13T20:37:24	118	116	119	97
2021-05-13T20:37:34	118	115	118	97
2021-05-13T20:37:44	119	115	118	97
2021-05-13T20:37:54	119	115	120	98
2021-05-13T20:38:04	119	115	119	99
2021-05-13T20:38:14	119	114	118	99
2021-05-13T20:38:24	120	114	118	99
2021-05-13T20:38:34	119	116	119	100
2021-05-13T20:38:44	118	118	121	100
2021-05-13T20:38:54	118	119	122	100
2021-05-13T20:39:04	118	119	123	100
2021-05-13T20:39:14	119	119	122	100
2021-05-13T20:39:24	120	119	122	101
2021-05-13T20:39:34	120	118	122	101
2021-05-13T20:39:44	119	118	121	101
2021-05-13T20:39:54	119	118	121	102
2021-05-13T20:40:04	119	119	122	102
2021-05-13T20:40:14	122	121	124	102
2021-05-13T20:40:24	123	122	126	102
2021-05-13T20:40:34	125	123	126	103
2021-05-13T20:40:44	126	123	125	104
2021-05-13T20:40:54	125	122	125	104
2021-05-13T20:41:04	124	121	124	104
2021-05-13T20:41:14	124	121	124	104
2021-05-13T20:41:24	124	122	124	104
2021-05-13T20:41:34	124	122	124	105
2021-05-13T20:41:44	124	124	128	105
2021-05-13T20:41:54	126	126	129	106
2021-05-13T20:42:04	126	127	129	106
2021-05-13T20:42:14	125	125	129	106
2021-05-13T20:42:24	126	124	128	107
2021-05-13T20:42:34	124	124	128	107
2021-05-13T20:42:44	125	125	127	107
2021-05-13T20:42:54	126	126	127	107
2021-05-13T20:43:04	127	125	128	107
2021-05-13T20:43:14	128	125	131	108
2021-05-13T20:43:24	128	126	130	108
2021-05-13T20:43:34	129	126	131	109
2021-05-13T20:43:44	130	126	130	109
2021-05-13T20:43:54	130	126	130	109
2021-05-13T20:44:04	130	126	131	109
2021-05-13T20:44:14	130	127	129	110
2021-05-13T20:44:24	128	127	130	110
2021-05-13T20:44:34	128	129	131	110
2021-05-13T20:44:44	128	131	131	110
2021-05-13T20:44:54	131	131	134	110
2021-05-13T20:45:04	132	132	136	111
2021-05-13T20:45:14	132	132	137	111
2021-05-13T20:45:24	133	132	136	112
2021-05-13T20:45:34	132	131	134	112
2021-05-13T20:45:44	130	132	134	112
2021-05-13T20:45:54	130	131	133	112
2021-05-13T20:46:04	132	132	135	112
2021-05-13T20:46:14	134	131	136	113
2021-05-13T20:46:24	136	132	136	113
2021-05-13T20:46:34	137	133	136	114
2021-05-13T20:46:44	138	133	138	114
2021-05-13T20:46:54	138	133	138	115
2021-05-13T20:47:04	138	132	138	115
2021-05-13T20:47:14	138	132	136	115
2021-05-13T20:47:24	138	133	136	116
2021-05-13T20:47:34	138	135	138	116
2021-05-13T20:47:44	138	138	140	116
2021-05-13T20:47:54	139	136	140	116
2021-05-13T20:48:04	139	135	140	117
2021-05-13T20:48:14	139	135	139	117
2021-05-13T20:48:24	138	135	139	118
2021-05-13T20:48:34	138	135	137	118
2021-05-13T20:48:44	139	135	141	118
2021-05-13T20:48:54	140	137	144	119
2021-05-13T20:49:04	140	139	145	119
2021-05-13T20:49:14	141	140	144	120
2021-05-13T20:49:24	140	140	143	120
2021-05-13T20:49:34	140	138	143	120
2021-05-13T20:49:44	139	138	142	120
2021-05-13T20:49:54	138	137	142	120
2021-05-13T20:50:04	138	137	141	121
2021-05-13T20:50:14	142	138	142	121
2021-05-13T20:50:24	142	140	145	121
2021-05-13T20:50:34	144	141	145	122
2021-05-13T20:50:44	144	142	145	122
2021-05-13T20:50:54	145	142	146	123
2021-05-13T20:51:04	146	140	146	123
2021-05-13T20:51:14	146	141	145	124
2021-05-13T20:51:24	146	141	144	124
2021-05-13T20:51:34	145	142	144	125
2021-05-13T20:51:44	145	143	145	125
2021-05-13T20:51:54	145	143	147	124
2021-05-13T20:52:04	145	144	146	125
2021-05-13T20:52:14	144	144	145	125
2021-05-13T20:52:24	145	144	147	125
2021-05-13T20:52:34	146	145	147	125
2021-05-13T20:52:44	145	145	148	126
2021-05-13T20:52:54	145	145	148	126
2021-05-13T20:53:04	145	145	147	126
2021-05-13T20:53:14	146	146	150	127
2021-05-13T20:53:24	149	147	150	127
2021-05-13T20:53:34	151	147	151	127
2021-05-13T20:53:44	152	147	151	127
2021-05-13T20:53:54	152	148	151	128
2021-05-13T20:54:04	152	148	150	128
2021-05-13T20:54:14	151	148	151	129
2021-05-13T20:54:24	149	146	149	129
2021-05-13T20:54:34	150	148	151	129
2021-05-13T20:54:44	151	149	153	129
2021-05-13T20:54:54	152	150	155	129
2021-05-13T20:55:04	152	152	155	130
2021-05-13T20:55:14	152	151	155	130
2021-05-13T20:55:24	152	151	154	131
2021-05-13T20:55:34	152	150	156	131
2021-05-13T20:55:44	153	149	154	132
2021-05-13T20:55:54	152	149	152	132
2021-05-13T20:56:04	150	148	152	132
2021-05-13T20:56:14	151	149	154	132
2021-05-13T20:56:24	153	152	158	132
2021-05-13T20:56:34	155	154	159	132
2021-05-13T20:56:44	156	154	159	133
2021-05-13T20:56:54	157	154	159	133
2021-05-13T20:57:04	157	154	159	133
2021-05-13T20:57:14	157	154	159	134
2021-05-13T20:57:24	157	154	158	134
2021-05-13T20:57:34	156	153	157	134
2021-05-13T20:57:44	156	153	156	135
2021-05-13T20:57:54	154	153	156	135
2021-05-13T20:58:04	155	154	158	135
2021-05-13T20:58:14	157	157	160	135
2021-05-13T20:58:24	159	157	162	135
2021-05-13T20:58:34	161	157	162	136
2021-05-13T20:58:44	160	157	164	136
2021-05-13T20:58:54	160	156	163	136
2021-05-13T20:59:04	160	156	165	138
2021-05-13T20:59:14	161	156	163	138
2021-05-13T20:59:24	160	156	164	138
2021-05-13T20:59:34	160	155	161	138
2021-05-13T20:59:44	160	155	162	138
2021-05-13T20:59:54	160	155	162	138
2021-05-13T21:00:04	159	157	162	139
2021-05-13T21:00:14	158	156	162	139
2021-05-13T21:00:24	159	158	162	140
2021-05-13T21:00:34	161	158	164	140
2021-05-13T21:00:44	161	160	165	140
2021-05-13T21:00:54	164	160	167	141
2021-05-13T21:01:04	167	161	168	141
2021-05-13T21:01:14	167	162	166	142
2021-05-13T21:01:24	167	162	166	142
2021-05-13T21:01:34	167	161	165	143
2021-05-13T21:01:44	167	161	168	143
2021-05-13T21:01:54	167	160	168	143
2021-05-13T21:02:04	166	159	166	143
2021-05-13T21:02:14	165	159	163	144
2021-05-13T21:02:24	164	161	163	144
2021-05-13T21:02:34	164	163	167	144
2021-05-13T21:02:44	165	164	170	145
2021-05-13T21:02:54	165	165	170	145
2021-05-13T21:03:04	165	166	167	145
2021-05-13T21:03:14	164	166	170	145
2021-05-13T21:03:24	168	167	171	145
2021-05-13T21:03:34	169	166	170	146
2021-05-13T21:03:44	169	167	170	146
2021-05-13T21:03:54	171	166	171	146
2021-05-13T21:04:04	170	166	172	147
2021-05-13T21:04:14	170	167	171	147
2021-05-13T21:04:24	169	165	171	147
2021-05-13T21:04:34	169	164	169	148
2021-05-13T21:04:44	171	165	168	148
2021-05-13T21:04:54	169	166	171	148
2021-05-13T21:05:04	169	168	174	149
2021-05-13T21:05:14	169	170	174	149
2021-05-13T21:05:24	169	171	174	150
2021-05-13T21:05:34	169	169	174	150
2021-05-13T21:05:44	169	169	174	149
2021-05-13T21:05:54	169	170	173	150
2021-05-13T21:06:04	171	169	173	150
2021-05-13T21:06:14	174	170	175	150
2021-05-13T21:06:24	178	172	179	150
2021-05-13T21:06:34	179	172	179	151
2021-05-13T21:06:44	179	171	179	152
2021-05-13T21:06:54	179	171	177	152
2021-05-13T21:07:04	179	171	175	152
2021-05-13T21:07:14	177	171	175	153
2021-05-13T21:07:24	178	171	175	153
2021-05-13T21:07:34	178	173	178	154
2021-05-13T21:07:44	178	174	178	154
2021-05-13T21:07:54	177	174	177	154
2021-05-13T21:08:04	176	175	178	154
2021-05-13T21:08:14	176	175	176	155
2021-05-13T21:08:24	174	176	177	155
2021-05-13T21:08:34	176	177	181	155
2021-05-13T21:08:44	179	178	181	155
2021-05-13T21:08:54	180	178	181	156
2021-05-13T21:09:04	180	178	182	156
2021-05-13T21:09:14	180	178	181	156
2021-05-13T21:09:24	180	177	179	157
2021-05-13T21:09:34	179	177	181	158
2021-05-13T21:09:44	179	178	182	158
2021-05-13T21:09:54	179	178	182	159
2021-05-13T21:10:04	179	178	181	158
2021-05-13T21:10:14	179	179	182	158
2021-05-13T21:10:24	181	181	185	158
2021-05-13T21:10:34	182	181	185	159
2021-05-13T21:10:44	183	181	185	160
2021-05-13T21:10:54	182	181	185	159
2021-05-13T21:11:04	182	180	186	160
2021-05-13T21:11:14	182	180	186	160
2021-05-13T21:11:24	181	180	184	161
2021-05-13T21:11:34	180	179	183	161
2021-05-13T21:11:44	182	181	185	161
2021-05-13T21:11:54	185	183	187	161
2021-05-13T21:12:04	186	184	187	161
2021-05-13T21:12:14	186	184	188	163
2021-05-13T21:12:24	185	185	188	162
2021-05-13T21:12:34	185	185	189	163
2021-05-13T21:12:44	185	184	189	163
2021-05-13T21:12:54	185	183	186	163
2021-05-13T21:13:04	186	182	186	164
2021-05-13T21:13:14	185	183	188	164
2021-05-13T21:13:24	185	184	188	164
2021-05-13T21:13:34	185	184	189	164
2021-05-13T21:13:44	186	184	191	165
2021-05-13T21:13:54	188	183	190	165
2021-05-13T21:14:04	188	183	190	165
2021-05-13T21:14:14	188	182	189	165
2021-05-13T21:14:24	186	182	188	166
2021-05-13T21:14:34	186	184	189	166
2021-05-13T21:14:44	187	186	191	166
2021-05-13T21:14:54	188	189	194	166
2021-05-13T21:15:04	192	189	196	167
2021-05-13T21:15:14	193	190	196	167
2021-05-13T21:15:24	195	189	197	169
2021-05-13T21:15:34	195	188	196	169
2021-05-13T21:15:44	195	187	194	170
2021-05-13T21:15:54	196	186	194	169
2021-05-13T21:16:04	195	186	194	170
2021-05-13T21:16:14	195	186	193	170
2021-05-13T21:16:24	194	186	192	170
2021-05-13T21:16:34	194	187	194	171
2021-05-13T21:16:44	194	189	196	171
2021-05-13T21:16:54	194	191	196	171
2021-05-13T21:17:04	194	191	198	171
2021-05-13T21:17:14	193	191	196	171
2021-05-13T21:17:24	193	191	195	172
2021-05-13T21:17:34	194	191	195	172
2021-05-13T21:17:44	196	190	197	172
2021-05-13T21:17:54	197	190	198	172
2021-05-13T21:18:04	197	192	197	173
2021-05-13T21:18:14	196	191	197	173
2021-05-13T21:18:24	196	192	197	174
2021-05-13T21:18:34	196	192	198	174
2021-05-13T21:18:44	196	194	200	174
2021-05-13T21:18:54	196	195	201	175
2021-05-13T21:19:04	196	197	202	175
2021-05-13T21:19:14	199	195	202	175
2021-05-13T21:19:24	201	197	202	175
2021-05-13T21:19:34	200	197	201	177
2021-05-13T21:19:44	200	195	200	176
2021-05-13T21:19:54	200	195	200	176
2021-05-13T21:20:04	198	195	199	177
2021-05-13T21:20:14	199	197	202	177
2021-05-13T21:20:24	200	197	204	177
2021-05-13T21:20:34	200	198	207	178
2021-05-13T21:20:44	201	197	205	178
2021-05-13T21:20:54	200	198	203	178
2021-05-13T21:21:04	200	197	203	178
2021-05-13T21:21:14	199	197	201	178
2021-05-13T21:21:24	199	197	201	178
2021-05-13T21:21:34	201	199	204	179
2021-05-13T21:21:44	204	201	207	179
2021-05-13T21:21:54	204	201	208	179
2021-05-13T21:22:04	205	201	209	180
2021-05-13T21:22:14	205	201	208	180
2021-05-13T21:22:24	205	201	205	180
2021-05-13T21:22:34	205	201	206	180
2021-05-13T21:22:44	205	201	206	181
2021-05-13T21:22:54	203	202	207	181
2021-05-13T21:23:04	204	202	208	183
2021-05-13T21:23:14	204	201	206	182
2021-05-13T21:23:24	207	202	208	182
2021-05-13T21:23:34	210	201	210	182
2021-05-13T21:23:44	210	201	209	183
2021-05-13T21:23:54	209	200	207	183
2021-05-13T21:24:04	208	200	207	184
2021-05-13T21:24:14	208	202	209	184
2021-05-13T21:24:24	209	205	209	184
2021-05-13T21:24:34	209	207	212	184
2021-05-13T21:24:44	209	207	214	184
2021-05-13T21:24:54	209	207	214	185
2021-05-13T21:25:04	208	207	214	185
2021-05-13T21:25:14	208	208	215	186
2021-05-13T21:25:24	209	207	215	186
2021-05-13T21:25:34	208	206	212	186
2021-05-13T21:25:44	210	205	213	187
2021-05-13T21:25:54	211	205	211	187
2021-05-13T21:26:04	211	205	212	187
2021-05-13T21:26:14	211	207	212	187
2021-05-13T21:26:24	212	207	214	187
2021-05-13T21:26:34	212	209	216	188
2021-05-13T21:26:44	212	208	215	188
2021-05-13T21:26:54	212	209	214	188
2021-05-13T21:27:04	211	208	214	188
2021-05-13T21:27:14	212	208	217	189
2021-05-13T21:27:24	216	210	218	189
2021-05-13T21:27:34	218	210	217	190
2021-05-13T21:27:44	218	210	216	190
2021-05-13T21:27:54	220	210	216	190
2021-05-13T21:28:04	219	210	218	191
2021-05-13T21:28:14	218	210	216	191
2021-05-13T21:28:24	218	210	216	192
2021-05-13T21:28:34	217	212	217	192
2021-05-13T21:28:44	217	213	222	192
2021-05-13T21:28:54	217	215	221	193
2021-05-13T21:29:04	215	215	222	194
2021-05-13T21:29:14	216	214	221	194
2021-05-13T21:29:24	218	214	221	194
2021-05-13T21:29:34	221	215	219	194
2021-05-13T21:29:44	220	215	219	195
2021-05-13T21:29:54	220	215	221	195
2021-05-13T21:30:04	220	217	223	195
2021-05-13T21:30:14	221	217	222	196
2021-05-13T21:30:24	220	216	222	196
2021-05-13T21:30:34	219	216	221	197
2021-05-13T21:30:44	218	217	222	197
2021-05-13T21:30:54	221	217	224	197
2021-05-13T21:31:04	222	217	224	197
2021-05-13T21:31:14	223	217	223	197
2021-05-13T21:31:24	223	216	223	198
2021-05-13T21:31:34	222	216	221	198
2021-05-13T21:31:44	223	216	224	198
2021-05-13T21:31:54	222	219	226	198
2021-05-13T21:32:04	222	220	227	199
2021-05-13T21:32:14	223	220	227	199
2021-05-13T21:32:24	222	220	226	200
2021-05-13T21:32:34	221	219	227	200
2021-05-13T21:32:44	223	220	225	200
2021-05-13T21:32:54	225	220	226	201
2021-05-13T21:33:04	226	221	229	201
2021-05-13T21:33:14	228	223	229	201
2021-05-13T21:33:24	228	223	230	201
2021-05-13T21:33:34	226	223	229	202
2021-05-13T21:33:44	226	223	228	202
2021-05-13T21:33:54	226	222	226	202
2021-05-13T21:34:04	226	222	227	203
2021-05-13T21:34:14	227	222	229	203
2021-05-13T21:34:24	228	225	231	203
2021-05-13T21:34:34	228	225	231	204
2021-05-13T21:34:44	227	225	230	204
2021-05-13T21:34:54	227	224	229	204
2021-05-13T21:35:04	227	225	231	204
2021-05-13T21:35:14	230	226	231	205
2021-05-13T21:35:24	230	226	234	205
2021-05-13T21:35:34	231	226	235	205
2021-05-13T21:35:44	231	227	233	206
2021-05-13T21:35:54	232	226	232	207
2021-05-13T21:36:04	231	226	232	207
2021-05-13T21:36:14	232	225	232	208
2021-05-13T21:36:24	232	226	235	208
2021-05-13T21:36:34	231	227	235	208
2021-05-13T21:36:44	230	227	234	208
2021-05-13T21:36:54	232	228	234	208
2021-05-13T21:37:04	234	228	237	209
2021-05-13T21:37:14	235	227	238	209
2021-05-13T21:37:24	236	227	237	209
2021-05-13T21:37:34	235	226	234	210
2021-05-13T21:37:44	234	227	234	211
2021-05-13T21:37:54	235	228	235	211
2021-05-13T21:38:04	234	228	236	211
2021-05-13T21:38:14	235	228	239	212
2021-05-13T21:38:24	235	230	239	211
2021-05-13T21:38:34	237	229	239	211
2021-05-13T21:38:44	237	230	237	212
2021-05-13T21:38:54	237	230	239	212
2021-05-13T21:39:04	237	232	240	212
2021-05-13T21:39:14	237	232	240	213
2021-05-13T21:39:24	236	231	240	213
2021-05-13T21:39:34	235	230	238	213
2021-05-13T21:39:44	237	229	240	213
2021-05-13T21:39:54	240	230	242	213
2021-05-13T21:40:04	241	231	242	214
2021-05-13T21:40:14	241	232	243	214
2021-05-13T21:40:24	242	232	241	215
2021-05-13T21:40:34	240	232	239	215
2021-05-13T21:40:44	240	232	241	215
2021-05-13T21:40:54	240	233	243	216
2021-05-13T21:41:04	240	233	242	216
2021-05-13T21:41:14	239	235	244	217
2021-05-13T21:41:24	240	237	245	217
2021-05-13T21:41:34	242	237	245	217
2021-05-13T21:41:44	243	237	246	218
2021-05-13T21:41:54	243	236	245	218
2021-05-13T21:42:04	243	236	245	218
2021-05-13T21:42:14	242	236	246	218
2021-05-13T21:42:24	243	236	246	219
2021-05-13T21:42:34	241	236	246	219
2021-05-13T21:42:44	240	236	244	219
2021-05-13T21:42:54	242	236	243	219
2021-05-13T21:43:04	247	237	245	220
2021-05-13T21:43:14	247	239	250	220
2021-05-13T21:43:24	249	241	250	221
2021-05-13T21:43:34	251	241	251	221
2021-05-13T21:43:44	251	240	249	222
2021-05-13T21:43:54	250	239	248	222
2021-05-13T21:44:04	249	239	248	222
2021-05-13T21:44:14	248	240	249	223
2021-05-13T21:44:24	248	240	249	223
2021-05-13T21:44:34	247	241	249	223
2021-05-13T21:44:44	247	241	251	223
2021-05-13T21:44:54	247	241	251	224
2021-05-13T21:45:04	248	241	251	224
2021-05-13T21:45:14	248	242	249	224
2021-05-13T21:45:24	249	242	251	225
2021-05-13T21:45:34	249	244	251	225
2021-05-13T21:45:44	249	245	253	225
2021-05-13T21:45:54	250	246	254	226
2021-05-13T21:46:04	249	245	252	226
2021-05-13T21:46:14	248	245	251	226
2021-05-13T21:46:24	250	247	252	227
2021-05-13T21:46:34	255	247	255	227
2021-05-13T21:46:44	256	247	254	227
2021-05-13T21:46:54	255	246	255	228
2021-05-13T21:47:04	256	246	254	228
2021-05-13T21:47:14	254	246	253	228
2021-05-13T21:47:24	253	246	255	229
2021-05-13T21:47:34	253	247	255	229
2021-05-13T21:47:44	252	247	255	229
2021-05-13T21:47:54	255	248	257	229
2021-05-13T21:48:04	256	248	258	230
2021-05-13T21:48:14	257	248	257	230
2021-05-13T21:48:24	257	248	258	231
2021-05-13T21:48:34	255	247	255	231
2021-05-13T21:48:44	256	247	256	232
2021-05-13T21:48:54	255	249	258	232
2021-05-13T21:49:04	255	251	259	232
2021-05-13T21:49:14	255	251	260	232
2021-05-13T21:49:24	257	252	261	233
2021-05-13T21:49:34	259	251	260	233
2021-05-13T21:49:44	258	251	259	233
2021-05-13T21:49:54	258	252	260	234
2021-05-13T21:50:04	259	253	263	234
2021-05-13T21:50:14	258	253	261	234
2021-05-13T21:50:24	258	252	263	235
2021-05-13T21:50:34	260	252	263	235
2021-05-13T21:50:44	260	252	263	235
2021-05-13T21:50:54	259	252	261	236
2021-05-13T21:51:04	257	252	262	236
2021-05-13T21:51:14	257	254	262	236
2021-05-13T21:51:24	260	253	263	236
2021-05-13T21:51:34	263	253	265	236
2021-05-13T21:51:44	263	253	263	237
2021-05-13T21:51:54	264	252	264	238
2021-05-13T21:52:04	265	253	263	238
2021-05-13T21:52:14	263	253	263	238
2021-05-13T21:52:24	262	255	265	239
2021-05-13T21:52:34	263	257	266	239
2021-05-13T21:52:44	262	257	266	240
2021-05-13T21:52:54	265	256	267	240
2021-05-13T21:53:04	266	256	267	240
2021-05-13T21:53:14	266	256	263	240
2021-05-13T21:53:24	264	255	263	241
2021-05-13T21:53:34	264	257	266	240
2021-05-13T21:53:44	265	257	266	241
2021-05-13T21:53:54	266	259	269	241
2021-05-13T21:54:04	266	261	272	241
2021-05-13T21:54:14	266	261	271	243
2021-05-13T21:54:24	267	261	270	242
2021-05-13T21:54:34	266	261	268	243
2021-05-13T21:54:44	266	260	267	244
2021-05-13T21:54:54	266	260	271	244
2021-05-13T21:55:04	270	261	276	243
2021-05-13T21:55:14	272	260	275	244
2021-05-13T21:55:24	271	260	273	245
2021-05-13T21:55:34	271	260	270	246
2021-05-13T21:55:44	270	261	271	246
2021-05-13T21:55:54	269	262	274	246
2021-05-13T21:56:04	269	262	272	246
2021-05-13T21:56:14	271	262	272	247
2021-05-13T21:56:24	273	262	271	247
2021-05-13T21:56:34	273	262	273	247
2021-05-13T21:56:44	273	263	274	248
2021-05-13T21:56:54	273	265	274	247
2021-05-13T21:57:04	272	266	275	248
2021-05-13T21:57:14	272	266	275	249
2021-05-13T21:57:24	271	265	276	248
2021-05-13T21:57:34	272	264	275	248
2021-05-13T21:57:44	273	264	275	249
2021-05-13T21:57:54	274	265	275	250
2021-05-13T21:58:04	274	265	277	250
2021-05-13T21:58:14	274	266	277	250
2021-05-13T21:58:24	272	266	277	250
2021-05-13T21:58:34	274	265	277	250
2021-05-13T21:58:44	277	265	278	250
2021-05-13T21:58:54	278	265	278	250
2021-05-13T21:59:04	279	265	278	252
2021-05-13T21:59:14	278	267	276	251
2021-05-13T21:59:24	279	268	279	253
2021-05-13T21:59:34	277	268	280	252
2021-05-13T21:59:44	277	267	278	252
2021-05-13T21:59:54	277	268	279	253
2021-05-13T22:00:04	276	271	280	254
2021-05-13T22:00:14	278	272	281	254
2021-05-13T22:00:24	280	271	281	254
2021-05-13T22:00:34	281	272	282	255
2021-05-13T22:00:44	280	270	281	255
2021-05-13T22:00:54	279	269	281	255
2021-05-13T22:01:04	280	270	282	255
2021-05-13T22:01:14	281	271	283	255
2021-05-13T22:01:24	281	272	283	257
2021-05-13T22:01:34	279	273	283	257
2021-05-13T22:01:44	280	273	283	257
2021-05-13T22:01:54	282	273	284	257
2021-05-13T22:02:04	283	273	284	257
2021-05-13T22:02:14	283	271	284	258
2021-05-13T22:02:24	285	270	285	258
2021-05-13T22:02:34	284	270	284	258
2021-05-13T22:02:44	284	270	283	259
2021-05-13T22:02:54	283	272	286	258
2021-05-13T22:03:04	283	273	287	260
2021-05-13T22:03:14	282	271	285	259
2021-05-13T22:03:24	284	273	286	260
2021-05-13T22:03:34	284	274	288	259
2021-05-13T22:03:44	285	274	288	261
2021-05-13T22:03:54	286	273	285	261
2021-05-13T22:04:04	286	274	288	262
2021-05-13T22:04:14	287	275	287	262
2021-05-13T22:04:24	287	278	290	261
2021-05-13T22:04:34	286	278	290	262
2021-05-13T22:04:44	285	279	291	262
2021-05-13T22:04:54	286	277	290	262
2021-05-13T22:05:04	289	277	289	262
2021-05-13T22:05:14	290	278	289	263
2021-05-13T22:05:24	290	278	292	264
2021-05-13T22:05:34	292	277	293	264
2021-05-13T22:05:44	289	277	290	265
2021-05-13T22:05:54	288	277	289	265
2021-05-13T22:06:04	290	277	289	265
2021-05-13T22:06:14	290	278	294	266
2021-05-13T22:06:24	292	280	294	266
2021-05-13T22:06:34	293	280	293	267
2021-05-13T22:06:44	292	281	294	267
2021-05-13T22:06:54	291	282	295	266
2021-05-13T22:07:04	291	281	294	267
2021-05-13T22:07:14	290	281	294	267
2021-05-13T22:07:24	291	280	294	267
2021-05-13T22:07:34	293	280	294	268
2021-05-13T22:07:44	295	281	297	269
2021-05-13T22:07:54	296	281	294	269
2021-05-13T22:08:04	296	280	295	269
2021-05-13T22:08:14	296	281	295	269
2021-05-13T22:08:24	295	283	295	269
2021-05-13T22:08:34	295	284	296	270
2021-05-13T22:08:44	295	285	297	271
2021-05-13T22:08:54	294	285	297	271
2021-05-13T22:09:04	293	284	298	271
2021-05-13T22:09:14	295	284	298	271
2021-05-13T22:09:24	295	284	300	271
2021-05-13T22:09:34	298	286	299	271
2021-05-13T22:09:44	299	286	297	272
2021-05-13T22:09:54	299	286	299	273
2021-05-13T22:10:04	299	287	302	273
2021-05-13T22:10:14	300	287	302	273
2021-05-13T22:10:24	299	286	301	273
2021-05-13T22:10:34	298	285	301	274
2021-05-13T22:10:44	297	286	300	274
2021-05-13T22:10:54	299	286	299	274
2021-05-13T22:11:04	299	287	302	274
2021-05-13T22:11:14	299	287	303	275
2021-05-13T22:11:24	300	288	301	275
2021-05-13T22:11:34	301	288	301	276
2021-05-13T22:11:44	302	290	304	276
2021-05-13T22:11:54	301	289	305	277
2021-05-13T22:12:04	300	289	303	277
2021-05-13T22:12:14	302	290	302	276
2021-05-13T22:12:24	302	291	306	277
2021-05-13T22:12:34	304	291	308	279
2021-05-13T22:12:44	304	291	305	279
2021-05-13T22:12:54	302	290	303	279
2021-05-13T22:13:04	301	291	306	279
2021-05-13T22:13:14	304	292	306	280
2021-05-13T22:13:24	305	292	308	280
2021-05-13T22:13:34	306	290	307	280
2021-05-13T22:13:44	305	291	306	281
2021-05-13T22:13:54	304	291	306	280
2021-05-13T22:14:04	303	292	308	281
2021-05-13T22:14:14	306	294	311	281
2021-05-13T22:14:24	309	295	311	281
2021-05-13T22:14:34	310	295	309	283
2021-05-13T22:14:44	308	295	309	282
2021-05-13T22:14:54	306	297	308	284
2021-05-13T22:15:04	307	297	310	283
2021-05-13T22:15:14	308	297	311	285
2021-05-13T22:15:24	308	296	311	285
2021-05-13T22:15:34	308	296	311	285
2021-05-13T22:15:44	310	295	311	286
2021-05-13T22:15:54	310	295	311	286
2021-05-13T22:16:04	309	296	311	286
2021-05-13T22:16:14	309	295	310	286
2021-05-13T22:16:25	310	296	314	286
2021-05-13T22:16:35	309	296	313	287
2021-05-13T22:16:45	309	296	312	286
2021-05-13T22:16:55	311	298	314	288
2021-05-13T22:17:05	313	299	315	288
2021-05-13T22:17:15	313	299	315	288
2021-05-13T22:17:25	313	297	313	288
2021-05-13T22:17:35	312	298	314	288
2021-05-13T22:17:45	311	299	314	288
2021-05-13T22:17:55	314	300	314	289
2021-05-13T22:18:05	316	301	317	289
2021-05-13T22:18:15	315	301	320	290
2021-05-13T22:18:25	315	300	318	290
2021-05-13T22:18:35	313	300	316	292
2021-05-13T22:18:45	313	300	316	292
2021-05-13T22:18:55	315	300	319	292
2021-05-13T22:19:05	317	300	316	292
2021-05-13T22:19:15	317	300	316	293
2021-05-13T22:19:25	316	302	317	293
2021-05-13T22:19:35	316	303	319	293
2021-05-13T22:19:45	315	303	320	293
2021-05-13T22:19:55	316	304	322	293
2021-05-13T22:20:05	319	303	322	295
2021-05-13T22:20:15	319	303	323	295
2021-05-13T22:20:25	319	302	319	295
2021-05-13T22:20:35	318	302	318	295
2021-05-13T22:20:45	317	303	320	295
2021-05-13T22:20:55	319	303	320	295
2021-05-13T22:21:05	321	305	322	296
2021-05-13T22:21:15	319	305	321	296
2021-05-13T22:21:25	319	305	323	296
2021-05-13T22:21:35	319	305	321	297
2021-05-13T22:21:45	322	305	322	297
2021-05-13T22:21:55	322	306	324	298
2021-05-13T22:22:05	322	307	325	298
2021-05-13T22:22:15	322	306	324	298
2021-05-13T22:22:25	320	306	323	298
2021-05-13T22:22:35	321	306	324	299
2021-05-13T22:22:45	322	307	323	299
2021-05-13T22:22:55	323	308	323	299
2021-05-13T22:23:05	325	309	325	300
2021-05-13T22:23:15	325	310	329	301
2021-05-13T22:23:25	325	311	329	301
2021-05-13T22:23:35	324	310	326	301
2021-05-13T22:23:45	322	309	324	301
2021-05-13T22:23:55	323	309	327	301
2021-05-13T22:24:05	327	310	327	302
2021-05-13T22:24:15	326	310	327	302
2021-05-13T22:24:25	325	311	327	302
2021-05-13T22:24:35	326	311	327	302
2021-05-13T22:24:45	325	311	330	303
2021-05-13T22:24:55	325	312	330	303
2021-05-13T22:25:05	327	311	329	303
2021-05-13T22:25:15	329	312	332	304
2021-05-13T22:25:25	328	312	329	304
2021-05-13T22:25:35	326	312	330	305
2021-05-13T22:25:45	327	312	330	305
2021-05-13T22:25:55	330	314	331	305
2021-05-13T22:26:05	330	314	332	305
2021-05-13T22:26:15	331	313	331	306
2021-05-13T22:26:25	330	314	332	306
2021-05-13T22:26:35	331	314	333	306
2021-05-13T22:26:45	329	315	332	306
2021-05-13T22:26:55	330	316	333	306
2021-05-13T22:27:05	331	316	334	307
2021-05-13T22:27:15	331	316	334	307
2021-05-13T22:27:25	332	317	333	307
2021-05-13T22:27:35	331	317	334	308
2021-05-13T22:27:45	334	318	337	308
2021-05-13T22:27:55	331	316	335	309
2021-05-13T22:28:05	331	316	334	309
2021-05-13T22:28:15	333	317	335	310
2021-05-13T22:28:25	334	319	337	310
2021-05-13T22:28:35	333	319	337	311
2021-05-13T22:28:45	335	318	339	310
2021-05-13T22:28:55	334	318	337	311
2021-05-13T22:29:05	332	319	336	311
2021-05-13T22:29:15	334	319	336	312
2021-05-13T22:29:25	339	320	337	312
2021-05-13T22:29:35	340	322	340	312
2021-05-13T22:29:45	338	322	340	313
2021-05-13T22:29:55	339	321	339	313
2021-05-13T22:30:05	338	319	337	313
2021-05-13T22:30:15	336	320	338	314
2021-05-13T22:30:25	337	320	338	314
2021-05-13T22:30:35	337	323	340	314
2021-05-13T22:30:45	338	323	340	315
2021-05-13T22:30:55	337	323	341	315
2021-05-13T22:31:05	338	323	339	315
2021-05-13T22:31:15	338	324	342	317
2021-05-13T22:31:25	341	324	344	316
2021-05-13T22:31:35	340	324	341	317
2021-05-13T22:31:45	340	323	340	317
2021-05-13T22:31:55	339	324	344	318
2021-05-13T22:32:05	340	326	344	318
2021-05-13T22:32:15	342	326	343	318
2021-05-13T22:32:25	342	324	342	319
2021-05-13T22:32:35	342	325	344	319
2021-05-13T22:32:45	342	325	344	319
2021-05-13T22:32:55	341	326	343	319
2021-05-13T22:33:05	342	327	346	319
2021-05-13T22:33:15	345	328	347	320
2021-05-13T22:33:25	346	327	347	320
2021-05-13T22:33:35	345	326	348	320
2021-05-13T22:33:45	344	326	345	321
2021-05-13T22:33:55	344	326	344	321
2021-05-13T22:34:05	343	326	346	322
2021-05-13T22:34:15	345	328	348	322
2021-05-13T22:34:25	345	329	349	322
2021-05-13T22:34:35	347	329	350	323
2021-05-13T22:34:45	347	327	346	323
2021-05-13T22:34:55	345	327	347	324
2021-05-13T22:35:05	346	329	349	324
2021-05-13T22:35:15	348	330	350	324
2021-05-13T22:35:25	349	330	350	325
2021-05-13T22:35:35	347	330	349	326
2021-05-13T22:35:45	347	331	350	326
2021-05-13T22:35:55	350	330	351	325
2021-05-13T22:36:05	350	331	351	325
2021-05-13T22:36:15	349	331	349	326
2021-05-13T22:36:25	348	332	352	327
2021-05-13T22:36:35	349	333	352	328
2021-05-13T22:36:45	351	334	352	327
2021-05-13T22:36:55	351	335	351	328
2021-05-13T22:37:05	350	335	353	329
2021-05-13T22:37:15	351	336	354	328
2021-05-13T22:37:25	351	337	354	329
2021-05-13T22:37:35	351	336	355	329
2021-05-13T22:37:45	353	335	355	330
2021-05-13T22:37:55	353	333	354	330
2021-05-13T22:38:05	353	334	355	331
2021-05-13T22:38:15	351	335	354	331
2021-05-13T22:38:25	352	336	356	331
2021-05-13T22:38:35	354	337	356	332
2021-05-13T22:38:45	355	336	356	332
2021-05-13T22:38:55	356	335	356	333
2021-05-13T22:39:05	355	337	356	333
2021-05-13T22:39:15	353	338	357	333
2021-05-13T22:39:25	354	339	359	334
2021-05-13T22:39:35	356	339	360	334
2021-05-13T22:39:45	357	338	360	334
2021-05-13T22:39:55	357	338	358	335
2021-05-13T22:40:05	357	338	358	335
2021-05-13T22:40:15	356	338	361	336
2021-05-13T22:40:25	356	339	358	336
2021-05-13T22:40:35	356	339	359	335
2021-05-13T22:40:45	359	340	360	336
2021-05-13T22:40:55	361	341	362	337
2021-05-13T22:41:05	361	342	362	337
2021-05-13T22:41:15	359	342	360	338
2021-05-13T22:41:25	359	341	359	338
2021-05-13T22:41:35	357	342	359	338
2021-05-13T22:41:45	359	342	364	339
2021-05-13T22:41:55	362	344	365	339
2021-05-13T22:42:05	361	344	364	340
2021-05-13T22:42:15	360	343	364	340
2021-05-13T22:42:25	361	341	362	340
2021-05-13T22:42:35	359	341	361	340
2021-05-13T22:42:45	362	340	362	340
2021-05-13T22:42:55	364	343	362	340
2021-05-13T22:43:05	364	344	363	341
2021-05-13T22:43:15	364	344	365	341
2021-05-13T22:43:25	363	347	368	341
2021-05-13T22:43:35	361	347	366	342
2021-05-13T22:43:45	361	347	365	342
2021-05-13T22:43:55	363	347	367	343
2021-05-13T22:44:05	366	348	367	343
2021-05-13T22:44:15	367	346	369	343
2021-05-13T22:44:25	366	346	366	344
2021-05-13T22:44:35	364	346	365	344
2021-05-13T22:44:45	365	346	367	344
2021-05-13T22:44:55	367	347	370	345
2021-05-13T22:45:05	367	349	371	345
2021-05-13T22:45:15	364	348	369	345
2021-05-13T22:45:25	366	348	368	345
2021-05-13T22:45:35	368	348	369	345
2021-05-13T22:45:45	367	350	370	346
2021-05-13T22:45:55	368	350	370	346
2021-05-13T22:46:05	368	350	369	346
2021-05-13T22:46:15	367	352	370	347
2021-05-13T22:46:25	369	352	372	347
2021-05-13T22:46:35	369	353	373	347
2021-05-13T22:46:45	370	352	371	348
2021-05-13T22:46:55	370	353	373	348
2021-05-13T22:47:05	370	354	371	349
2021-05-13T22:47:15	370	354	373	349
2021-05-13T22:47:25	373	354	376	349
2021-05-13T22:47:35	373	353	374	350
2021-05-13T22:47:45	373	352	373	350
2021-05-13T22:47:55	371	352	373	350
2021-05-13T22:48:05	371	353	374	351
2021-05-13T22:48:15	373	353	375	351
2021-05-13T22:48:25	375	355	378	351
2021-05-13T22:48:35	375	355	377	351
2021-05-13T22:48:45	375	355	374	352
2021-05-13T22:48:55	372	354	376	352
2021-05-13T22:49:05	373	354	376	352
2021-05-13T22:49:15	375	355	375	353
2021-05-13T22:49:25	376	356	377	353
2021-05-13T22:49:35	376	356	377	353
2021-05-13T22:49:45	375	357	378	354
2021-05-13T22:49:55	374	357	378	354
2021-05-13T22:50:05	374	357	378	354
2021-05-13T22:50:15	375	357	377	355
2021-05-13T22:50:25	377	358	380	356
2021-05-13T22:50:35	378	358	380	356
2021-05-13T22:50:45	378	358	377	357
2021-05-13T22:50:55	377	357	378	357
2021-05-13T22:51:05	377	358	382	356
2021-05-13T22:51:15	379	359	381	358
2021-05-13T22:51:25	379	359	382	357
2021-05-13T22:51:35	378	359	378	357
2021-05-13T22:51:45	379	360	381	357
2021-05-13T22:51:55	380	360	383	358
2021-05-13T22:52:05	381	360	384	359
2021-05-13T22:52:15	380	359	384	359
2021-05-13T22:52:25	379	359	382	359
2021-05-13T22:52:35	380	360	383	361
2021-05-13T22:52:45	382	360	385	361
2021-05-13T22:52:55	384	361	385	360
2021-05-13T22:53:05	384	361	384	362
2021-05-13T22:53:15	383	360	382	362
2021-05-13T22:53:25	382	361	383	362
2021-05-13T22:53:35	382	364	385	361
2021-05-13T22:53:45	382	363	385	363
2021-05-13T22:53:55	383	366	386	362
2021-05-13T22:54:05	385	365	387	364
2021-05-13T22:54:15	385	365	387	364
2021-05-13T22:54:25	384	364	388	364
2021-05-13T22:54:35	383	365	387	365
2021-05-13T22:54:45	385	365	387	365
2021-05-13T22:54:55	387	367	390	365
2021-05-13T22:55:05	386	367	386	366
2021-05-13T22:55:15	386	366	386	366
2021-05-13T22:55:25	385	368	386	367
2021-05-13T22:55:35	387	369	388	367
2021-05-13T22:55:45	388	369	390	367
2021-05-13T22:55:55	387	370	391	367
2021-05-13T22:56:05	386	370	389	368
2021-05-13T22:56:15	386	371	393	368
2021-05-13T22:56:25	387	369	394	368
2021-05-13T22:56:35	389	369	390	369
2021-05-13T22:56:45	387	368	389	369
2021-05-13T22:56:55	388	368	392	369
2021-05-13T22:57:05	392	369	394	370
2021-05-13T22:57:15	392	370	393	370
2021-05-13T22:57:25	390	369	392	371
2021-05-13T22:57:35	390	369	393	371
2021-05-13T22:57:45	390	370	396	372
2021-05-13T22:57:55	392	370	394	372
2021-05-13T22:58:05	392	369	392	372
2021-05-13T22:58:15	391	369	392	372
2021-05-13T22:58:25	391	371	396	372
2021-05-13T22:58:35	394	373	396	373
2021-05-13T22:58:45	395	372	397	373
2021-05-13T22:58:55	394	372	395	373
2021-05-13T22:59:05	394	372	394	374
2021-05-13T22:59:15	393	374	397	374
2021-05-13T22:59:25	393	373	397	374
2021-05-13T22:59:35	393	373	396	374
2021-05-13T22:59:45	395	373	399	375
2021-05-13T22:59:55	395	374	398	375
2021-05-13T23:00:05	395	375	398	375
2021-05-13T23:00:15	395	375	397	375
2021-05-13T23:00:25	397	375	401	376
2021-05-13T23:00:35	399	375	402	377
2021-05-13T23:00:45	399	374	398	377
2021-05-13T23:00:55	396	375	396	377
2021-05-13T23:01:05	397	376	400	378
2021-05-13T23:01:15	399	378	401	378
2021-05-13T23:01:25	400	378	402	378
2021-05-13T23:01:35	399	378	402	378
2021-05-13T23:01:45	398	378	401	378
2021-05-13T23:01:55	398	378	400	379
2021-05-13T23:02:05	401	378	402	379
2021-05-13T23:02:15	401	379	404	380
2021-05-13T23:02:25	400	378	404	380
2021-05-13T23:02:35	400	377	402	381
2021-05-13T23:02:45	398	378	402	381
2021-05-13T23:02:55	400	380	405	381
2021-05-13T23:03:05	401	380	404	381
2021-05-13T23:03:15	404	380	403	382
2021-05-13T23:03:25	405	380	405	382
2021-05-13T23:03:35	404	382	405	383
2021-05-13T23:03:45	402	382	406	383
2021-05-13T23:03:55	403	382	406	384
2021-05-13T23:04:05	405	383	406	384
2021-05-13T23:04:15	404	383	406	384
2021-05-13T23:04:25	403	382	406	384
2021-05-13T23:04:35	404	383	408	385
2021-05-13T23:04:45	406	385	408	385
2021-05-13T23:04:55	406	385	407	385
2021-05-13T23:05:05	405	384	408	386
2021-05-13T23:05:15	405	384	408	386
2021-05-13T23:05:25	406	384	406	386
2021-05-13T23:05:35	406	384	409	387
2021-05-13T23:05:45	409	385	411	387
2021-05-13T23:05:55	410	384	411	387
2021-05-13T23:06:05	408	384	407	388
2021-05-13T23:06:15	407	384	407	388
2021-05-13T23:06:25	406	385	408	388
2021-05-13T23:06:35	410	386	412	389
2021-05-13T23:06:45	409	387	415	389
2021-05-13T23:06:55	409	387	411	390
2021-05-13T23:07:05	410	387	412	390
2021-05-13T23:07:15	410	388	415	390
2021-05-13T23:07:25	410	388	413	390
2021-05-13T23:07:35	412	387	414	391
2021-05-13T23:07:45	410	387	410	391
2021-05-13T23:07:55	409	387	410	391
2021-05-13T23:08:05	411	387	410	392
2021-05-13T23:08:15	413	390	412	391
2021-05-13T23:08:25	415	390	414	392
2021-05-13T23:08:35	414	390	416	392
2021-05-13T23:08:45	414	390	417	393
2021-05-13T23:08:55	412	389	414	394
2021-05-13T23:09:05	411	388	412	393
2021-05-13T23:09:15	414	389	414	394
2021-05-13T23:09:25	415	392	415	394
2021-05-13T23:09:35	414	394	417	394
2021-05-13T23:09:45	414	394	417	395
2021-05-13T23:09:55	415	394	419	395
2021-05-13T23:10:05	414	393	416	396
2021-05-13T23:10:15	415	392	417	397
2021-05-13T23:10:25	416	393	420	396
2021-05-13T23:10:35	417	393	420	396
2021-05-13T23:10:45	415	393	417	396
2021-05-13T23:10:55	415	393	420	396
2021-05-13T23:11:05	418	394	420	397
2021-05-13T23:11:15	419	394	420	397
2021-05-13T23:11:25	419	394	419	397
2021-05-13T23:11:35	418	395	420	398
2021-05-13T23:11:45	417	395	421	398
2021-05-13T23:11:55	417	397	420	399
2021-05-13T23:12:05	420	399	421	399
2021-05-13T23:12:15	422	400	423	400
2021-05-13T23:12:25	421	399	424	400
2021-05-13T23:12:35	419	398	422	401
2021-05-13T23:12:45	420	398	424	401
2021-05-13T23:12:55	421	397	421	401
2021-05-13T23:13:05	422	398	425	402
2021-05-13T23:13:15	424	399	424	402
2021-05-13T23:13:25	422	398	425	403
2021-05-13T23:13:35	421	398	424	403
2021-05-13T23:13:45	421	399	427	403
2021-05-13T23:13:55	424	399	427	403
2021-05-13T23:14:05	425	398	427	403
2021-05-13T23:14:15	424	397	427	404
2021-05-13T23:14:25	421	398	424	404
2021-05-13T23:14:35	421	398	423	405
2021-05-13T23:14:45	424	399	424	405
2021-05-13T23:14:55	426	400	427	405
2021-05-13T23:15:05	426	402	427	405
2021-05-13T23:15:15	427	403	428	406
2021-05-13T23:15:25	425	402	427	406
2021-05-13T23:15:35	424	403	429	406
2021-05-13T23:15:45	426	404	432	406
2021-05-13T23:15:55	428	402	430	408
2021-05-13T23:16:05	427	401	428	408
2021-05-13T23:16:15	426	402	426	407
2021-05-13T23:16:25	426	402	427	409
2021-05-13T23:16:35	428	403	430	409
2021-05-13T23:16:45	431	405	432	409
2021-05-13T23:16:55	431	405	429	409
2021-05-13T23:17:05	430	405	430	409
2021-05-13T23:17:15	427	406	430	410
2021-05-13T23:17:25	429	407	434	410
2021-05-13T23:17:35	431	407	432	411
2021-05-13T23:17:45	433	407	433	412
2021-05-13T23:17:55	432	407	434	411
2021-05-13T23:18:05	432	406	431	413
2021-05-13T23:18:15	430	407	432	412
2021-05-13T23:18:25	431	408	433	413
2021-05-13T23:18:35	433	409	436	414
2021-05-13T23:18:45	432	410	434	413
2021-05-13T23:18:55	431	410	434	413
2021-05-13T23:19:05	433	411	435	415
2021-05-13T23:19:15	434	411	438	414
2021-05-13T23:19:25	435	411	436	415
2021-05-13T23:19:35	436	410	435	416
2021-05-13T23:19:45	434	410	436	416
2021-05-13T23:19:55	433	411	437	416
2021-05-13T23:20:05	435	413	439	416
2021-05-13T23:20:15	436	415	440	416
2021-05-13T23:20:25	436	415	440	417
2021-05-13T23:20:35	435	413	438	418
2021-05-13T23:20:45	437	414	438	418
2021-05-13T23:20:55	438	414	439	419
2021-05-13T23:21:05	437	414	438	419
2021-05-13T23:21:15	437	414	441	419
2021-05-13T23:21:25	438	415	440	420
2021-05-13T23:21:35	437	415	441	420
2021-05-13T23:21:45	439	415	441	420
2021-05-13T23:21:55	439	417	443	420
2021-05-13T23:22:05	439	415	440	420
2021-05-13T23:22:15	438	415	441	421
2021-05-13T23:22:25	439	415	441	422
2021-05-13T23:22:35	441	416	442	422
2021-05-13T23:22:45	440	416	442	422
2021-05-13T23:22:55	440	418	446	422
2021-05-13T23:23:05	441	418	443	422
2021-05-13T23:23:15	440	417	444	422
2021-05-13T23:23:25	440	416	442	423
2021-05-13T23:23:35	443	417	442	424
2021-05-13T23:23:45	444	418	446	424
2021-05-13T23:23:55	443	418	446	424
2021-05-13T23:24:05	442	417	444	425
2021-05-13T23:24:15	444	418	443	425
2021-05-13T23:24:25	444	419	444	425
2021-05-13T23:24:35	445	421	446	425
2021-05-13T23:24:45	445	422	448	425
2021-05-13T23:24:55	443	420	445	425
2021-05-13T23:25:05	444	420	447	427
2021-05-13T23:25:15	446	421	448	426
2021-05-13T23:25:25	446	422	447	427
2021-05-13T23:25:35	445	423	448	428
2021-05-13T23:25:45	445	423	451	428
2021-05-13T23:25:55	448	422	450	428
2021-05-13T23:26:05	446	421	448	429
2021-05-13T23:26:15	446	420	450	429
2021-05-13T23:26:25	448	422	449	428
2021-05-13T23:26:35	449	422	449	429
2021-05-13T23:26:45	448	423	449	429
2021-05-13T23:26:55	447	424	449	430
2021-05-13T23:27:05	448	424	452	431
2021-05-13T23:27:15	451	425	453	431
2021-05-13T23:27:25	450	425	450	432
2021-05-13T23:27:35	450	425	451	432
2021-05-13T23:27:45	449	426	453	432
2021-05-13T23:27:55	451	426	453	432
2021-05-13T23:28:05	452	425	451	433
2021-05-13T23:28:15	451	425	451	433
2021-05-13T23:28:25	450	425	451	434
2021-05-13T23:28:35	453	427	454	434
2021-05-13T23:28:45	452	429	456	433
2021-05-13T23:28:55	452	429	456	434
2021-05-13T23:29:05	451	428	453	434
2021-05-13T23:29:15	451	429	455	434
2021-05-13T23:29:25	454	429	458	435
2021-05-13T23:29:35	454	429	455	436
2021-05-13T23:29:45	454	429	455	436
2021-05-13T23:29:55	457	429	455	436
2021-05-13T23:30:05	456	430	455	437
2021-05-13T23:30:15	454	430	456	437
2021-05-13T23:30:25	455	432	459	437
2021-05-13T23:30:35	455	432	455	437
2021-05-13T23:30:45	456	432	460	438
2021-05-13T23:30:55	458	432	460	438
2021-05-13T23:31:05	458	432	458	439
2021-05-13T23:31:15	456	432	459	439
2021-05-13T23:31:25	457	432	458	439
2021-05-13T23:31:35	459	434	460	439
2021-05-13T23:31:45	459	433	460	440
2021-05-13T23:31:55	457	434	459	440
2021-05-13T23:32:05	459	435	461	440
2021-05-13T23:32:15	459	435	462	441
2021-05-13T23:32:25	460	436	462	441
2021-05-13T23:32:35	462	435	462	442
2021-05-13T23:32:45	461	434	459	441
2021-05-13T23:32:55	459	435	459	441
2021-05-13T23:33:05	460	435	461	442
2021-05-13T23:33:15	462	436	464	442
2021-05-13T23:33:25	463	436	464	444
2021-05-13T23:33:35	462	437	465	444
2021-05-13T23:33:45	462	436	464	444
2021-05-13T23:33:55	461	436	463	445
2021-05-13T23:34:05	461	436	463	445
2021-05-13T23:34:15	463	437	467	445
2021-05-13T23:34:25	463	437	464	445
2021-05-13T23:34:35	461	437	466	446
2021-05-13T23:34:45	463	437	464	446
2021-05-13T23:34:55	466	437	468	447
2021-05-13T23:35:05	464	438	464	447
2021-05-13T23:35:15	463	438	465	447
2021-05-13T23:35:25	464	439	467	448
2021-05-13T23:35:35	467	440	468	448
2021-05-13T23:35:45	466	440	466	447
2021-05-13T23:35:55	466	440	467	447
2021-05-13T23:36:05	466	441	467	449
2021-05-13T23:36:15	466	441	468	449
2021-05-13T23:36:25	468	441	470	449
2021-05-13T23:36:35	468	442	471	450
2021-05-13T23:36:45	468	441	469	450
2021-05-13T23:36:55	468	441	469	451
2021-05-13T23:37:05	469	442	469	451
2021-05-13T23:37:15	467	443	471	451
2021-05-13T23:37:25	468	444	474	451
2021-05-13T23:37:35	470	444	472	451
2021-05-13T23:37:45	469	444	472	452
2021-05-13T23:37:55	469	444	473	452
2021-05-13T23:38:05	472	446	473	451
2021-05-13T23:38:15	472	445	474	453
2021-05-13T23:38:25	471	445	474	453
2021-05-13T23:38:35	471	445	475	454
2021-05-13T23:38:45	473	444	474	454
2021-05-13T23:38:55	473	445	474	454
2021-05-13T23:39:05	472	446	474	454
2021-05-13T23:39:15	471	447	474	454
2021-05-13T23:39:25	474	447	477	455
2021-05-13T23:39:35	474	447	476	455
2021-05-13T23:39:45	473	446	473	456
2021-05-13T23:39:55	474	446	473	456
2021-05-13T23:40:05	474	447	474	456
2021-05-13T23:40:15	476	448	476	457
2021-05-13T23:40:25	476	450	478	457
2021-05-13T23:40:35	476	451	478	458
2021-05-13T23:40:45	474	452	478	458
2021-05-13T23:40:55	475	451	478	458
2021-05-13T23:41:05	478	452	479	459
2021-05-13T23:41:15	476	451	476	459
2021-05-13T23:41:25	476	451	476	459
2021-05-13T23:41:35	478	450	477	459
2021-05-13T23:41:45	478	452	479	459
2021-05-13T23:41:55	477	453	480	460
2021-05-13T23:42:05	478	454	482	460
2021-05-13T23:42:15	479	453	482	460
2021-05-13T23:42:25	478	453	481	461
2021-05-13T23:42:35	480	452	482	461
2021-05-13T23:42:45	481	452	481	462
2021-05-13T23:42:55	479	454	483	462
2021-05-13T23:43:05	478	455	482	463
2021-05-13T23:43:15	478	455	480	463
2021-05-13T23:43:25	481	455	482	463
2021-05-13T23:43:35	484	456	485	464
2021-05-13T23:43:45	484	455	484	464
2021-05-13T23:43:55	482	455	484	464
2021-05-13T23:44:05	481	454	485	465
2021-05-13T23:44:15	483	456	483	465
2021-05-13T23:44:25	482	457	486	465
2021-05-13T23:44:35	484	457	488	466
2021-05-13T23:44:45	483	456	486	466
2021-05-13T23:44:55	483	455	483	466
2021-05-13T23:45:05	484	455	487	467
2021-05-13T23:45:15	486	456	487	467
2021-05-13T23:45:25	486	456	487	467
2021-05-13T23:45:35	483	456	489	467
2021-05-13T23:45:45	485	457	487	468
2021-05-13T23:45:55	487	457	487	468
2021-05-13T23:46:05	488	458	488	468
2021-05-13T23:46:15	488	458	488	469
2021-05-13T23:46:25	486	459	489	469
2021-05-13T23:46:35	486	459	492	470
2021-05-13T23:46:45	490	459	489	470
2021-05-13T23:46:55	489	459	490	470
2021-05-13T23:47:05	487	459	489	471
2021-05-13T23:47:15	488	461	490	471
2021-05-13T23:47:25	489	462	492	471
2021-05-13T23:47:35	490	462	490	471
2021-05-13T23:47:45	490	462	490	471
2021-05-13T23:47:55	489	463	491	472
2021-05-13T23:48:05	491	464	494	472
2021-05-13T23:48:15	490	462	494	473
2021-05-13T23:48:25	489	461	494	473
2021-05-13T23:48:35	491	462	490	473
2021-05-13T23:48:45	492	462	491	474
2021-05-13T23:48:55	492	462	492	474
2021-05-13T23:49:05	492	464	494	474
2021-05-13T23:49:15	491	464	496	474
2021-05-13T23:49:25	493	465	494	475
2021-05-13T23:49:35	493	465	495	475
2021-05-13T23:49:45	492	466	494	475
2021-05-13T23:49:55	493	467	497	476
2021-05-13T23:50:05	497	466	497	476
2021-05-13T23:50:15	495	467	496	477
2021-05-13T23:50:25	493	468	498	477
2021-05-13T23:50:35	494	468	499	477
2021-05-13T23:50:45	497	467	498	477
2021-05-13T23:50:55	495	466	498	478
2021-05-13T23:51:05	496	466	498	478
2021-05-13T23:51:15	497	467	498	478
2021-05-13T23:51:25	496	468	499	479
2021-05-13T23:51:35	498	468	499	479
2021-05-13T23:51:45	498	468	499	479
2021-05-13T23:51:55	496	470	500	480
2021-05-13T23:52:05	496	470	500	480
2021-05-13T23:52:15	497	470	500	481
2021-05-13T23:52:25	500	470	504	481
2021-05-13T23:52:35	501	470	500	481
2021-05-13T23:52:45	498	470	501	482
2021-05-13T23:52:55	499	470	502	482
2021-05-13T23:53:05	501	472	505	482
2021-05-13T23:53:15	502	471	502	483
2021-05-13T23:53:25	499	470	500	483
2021-05-13T23:53:35	500	471	502	483
2021-05-13T23:53:45	501	472	502	483
2021-05-13T23:53:55	502	472	503	484
2021-05-13T23:54:05	503	474	503	484
2021-05-13T23:54:15	501	473	505	485
2021-05-13T23:54:25	502	473	506	485
2021-05-13T23:54:35	503	473	503	485
2021-05-13T23:54:45	503	473	505	486
2021-05-13T23:54:55	502	473	504	486
2021-05-13T23:55:05	503	474	505	486
2021-05-13T23:55:15	506	474	507	486
2021-05-13T23:55:25	507	476	507	486
2021-05-13T23:55:35	504	475	506	487
2021-05-13T23:55:45	504	476	507	487
2021-05-13T23:55:55	506	477	508	488
2021-05-13T23:56:05	506	478	507	488
2021-05-13T23:56:15	506	478	509	488
2021-05-13T23:56:25	507	479	509	488
2021-05-13T23:56:35	506	478	509	489
2021-05-13T23:56:45	507	477	509	489
2021-05-13T23:56:55	509	479	508	489
2021-05-13T23:57:05	508	479	510	490
2021-05-13T23:57:15	506	480	511	490
2021-05-13T23:57:25	509	481	512	491
2021-05-13T23:57:35	509	481	509	491
2021-05-13T23:57:45	510	480	511	491
2021-05-13T23:57:55	510	481	510	492
2021-05-13T23:58:05	509	481	513	492
2021-05-13T23:58:15	510	481	514	493
2021-05-13T23:58:25	511	482	512	493
2021-05-13T23:58:35	510	480	511	493
2021-05-13T23:58:45	511	480	511	494
2021-05-13T23:58:55	511	483	510	494
2021-05-13T23:59:05	512	483	514	494
2021-05-13T23:59:15	513	484	515	494
2021-05-13T23:59:25	512	485	515	494
2021-05-13T23:59:35	509	483	515	494
2021-05-13T23:59:45	511	483	513	495
2021-05-13T23:59:55	513	483	512	495
2021-05-14T00:00:05	515	484	515	495
2021-05-14T00:00:15	515	486	516	496
2021-05-14T00:00:25	513	486	516	497
2021-05-14T00:00:35	513	487	517	496
2021-05-14T00:00:45	515	486	519	497
2021-05-14T00:00:55	514	485	515	498
2021-05-14T00:01:05	515	486	514	498
2021-05-14T00:01:15	517	486	517	498
2021-05-14T00:01:25	517	488	518	498
2021-05-14T00:01:35	515	489	518	500
2021-05-14T00:01:45	516	489	520	500
2021-05-14T00:01:55	519	490	521	499
2021-05-14T00:02:05	518	488	521	499
2021-05-14T00:02:15	517	488	518	500
2021-05-14T00:02:25	519	488	517	500
2021-05-14T00:02:35	519	489	518	500
2021-05-14T00:02:45	519	489	520	501
2021-05-14T00:02:55	518	491	521	501
2021-05-14T00:03:05	519	492	523	502
2021-05-14T00:03:15	520	490	522	501
2021-05-14T00:03:25	519	490	521	502
2021-05-14T00:03:35	520	489	521	502
2021-05-14T00:03:45	524	491	522	503
2021-05-14T00:03:55	522	491	524	503
2021-05-14T00:04:05	520	492	525	503
2021-05-14T00:04:15	521	493	525	504
2021-05-14T00:04:25	523	494	521	504
2021-05-14T00:04:35	523	494	524	505
2021-05-14T00:04:45	523	495	525	505
2021-05-14T00:04:55	522	496	527	505
2021-05-14T00:05:05	524	495	526	505
2021-05-14T00:05:15	525	494	525	506
2021-05-14T00:05:25	523	494	525	506
2021-05-14T00:05:35	525	495	526	506
2021-05-14T00:05:45	525	496	527	507
2021-05-14T00:05:55	523	498	528	507
2021-05-14T00:06:05	526	498	528	507
2021-05-14T00:06:15	525	498	528	507
2021-05-14T00:06:25	525	498	529	507
2021-05-14T00:06:35	527	498	529	508
2021-05-14T00:06:45	526	499	529	509
2021-05-14T00:06:55	526	499	529	510
2021-05-14T00:07:05	526	499	529	509
2021-05-14T00:07:15	528	501	531	509
2021-05-14T00:07:25	527	501	530	511
2021-05-14T00:07:35	528	501	532	510
2021-05-14T00:07:45	529	499	529	511
2021-05-14T00:07:55	531	500	529	511
2021-05-14T00:08:05	528	500	528	511
2021-05-14T00:08:15	527	501	529	511
2021-05-14T00:08:25	529	502	530	511
2021-05-14T00:08:35	531	502	530	511
2021-05-14T00:08:45	530	502	533	512
2021-05-14T00:08:55	533	502	534	512
2021-05-14T00:09:05	533	502	535	513
2021-05-14T00:09:15	531	502	532	513
2021-05-14T00:09:25	530	501	530	514
2021-05-14T00:09:35	532	501	534	514
2021-05-14T00:09:45	534	502	534	515
2021-05-14T00:09:55	533	504	532	514
2021-05-14T00:10:05	533	504	534	515
2021-05-14T00:10:15	536	505	535	515
2021-05-14T00:10:25	534	505	533	515
2021-05-14T00:10:35	533	506	533	515
2021-05-14T00:10:45	536	506	535	517
2021-05-14T00:10:55	535	506	535	517
2021-05-14T00:11:05	535	507	538	517
2021-05-14T00:11:15	534	508	538	518
2021-05-14T00:11:25	536	509	540	518
2021-05-14T00:11:35	537	507	537	518
2021-05-14T00:11:45	535	507	537	518
2021-05-14T00:11:55	535	506	537	518
2021-05-14T00:12:05	537	507	539	520
2021-05-14T00:12:15	540	507	538	520
2021-05-14T00:12:25	537	508	540	520
2021-05-14T00:12:35	538	508	540	519
2021-05-14T00:12:45	539	508	540	520
2021-05-14T00:12:55	539	508	541	521
2021-05-14T00:13:05	541	510	543	521
2021-05-14T00:13:15	541	510	541	521
2021-05-14T00:13:25	538	509	538	522
2021-05-14T00:13:35	539	509	540	523
2021-05-14T00:13:45	542	509	540	523
2021-05-14T00:13:55	540	511	542	522
2021-05-14T00:14:05	540	511	543	524
2021-05-14T00:14:15	542	512	543	524
2021-05-14T00:14:25	541	513	544	524
2021-05-14T00:14:35	543	514	544	524
2021-05-14T00:14:45	541	513	543	525
2021-05-14T00:14:55	542	513	546	525
2021-05-14T00:15:05	544	514	544	525
2021-05-14T00:15:15	544	515	547	525
2021-05-14T00:15:25	542	513	545	526
2021-05-14T00:15:35	543	513	544	525
2021-05-14T00:15:45	545	513	546	527
2021-05-14T00:15:55	545	514	545	526
2021-05-14T00:16:05	544	514	545	526
2021-05-14T00:16:15	545	515	546	527
2021-05-14T00:16:25	549	515	547	527
2021-05-14T00:16:35	547	517	547	528
2021-05-14T00:16:45	545	516	547	528
2021-05-14T00:16:55	546	516	547	528
2021-05-14T00:17:05	547	516	549	529
2021-05-14T00:17:15	548	518	549	529
2021-05-14T00:17:25	548	516	548	530
2021-05-14T00:17:35	548	517	547	530
2021-05-14T00:17:45	548	518	550	530
2021-05-14T00:17:55	549	518	549	531
2021-05-14T00:18:05	548	518	550	530
2021-05-14T00:18:15	549	518	551	531
2021-05-14T00:18:25	550	519	552	532
2021-05-14T00:18:35	549	520	551	532
2021-05-14T00:18:45	550	519	553	532
2021-05-14T00:18:55	552	521	553	533
2021-05-14T00:19:05	553	522	553	533
2021-05-14T00:19:15	550	522	553	533
2021-05-14T00:19:25	551	521	555	534
2021-05-14T00:19:35	551	521	553	534
2021-05-14T00:19:45	553	520	554	534
2021-05-14T00:19:55	551	522	553	535
2021-05-14T00:20:05	554	522	553	535
2021-05-14T00:20:15	554	522	554	534
2021-05-14T00:20:25	551	523	557	536
2021-05-14T00:20:35	552	523	556	536
2021-05-14T00:20:45	555	523	556	536
2021-05-14T00:20:55	556	523	556	537
2021-05-14T00:21:05	553	525	557	537
2021-05-14T00:21:15	554	525	557	537
2021-05-14T00:21:25	557	525	557	536
2021-05-14T00:21:35	556	525	557	538
2021-05-14T00:21:45	556	526	559	537
2021-05-14T00:21:55	555	525	558	538
2021-05-14T00:22:05	557	527	560	539
2021-05-14T00:22:15	560	526	561	539
2021-05-14T00:22:25	556	524	558	540
2021-05-14T00:22:35	557	524	558	540
2021-05-14T00:22:45	558	524	557	540
2021-05-14T00:22:55	558	525	558	541
2021-05-14T00:23:05	558	525	558	541
2021-05-14T00:23:15	560	525	558	541
2021-05-14T00:23:25	560	526	558	541
2021-05-14T00:23:35	560	527	559	540
2021-05-14T00:23:45	562	527	562	542
2021-05-14T00:23:55	560	527	562	542
2021-05-14T00:24:05	560	528	562	542
2021-05-14T00:24:15	560	529	562	543
2021-05-14T00:24:25	562	529	561	543
2021-05-14T00:24:35	561	530	562	543
2021-05-14T00:24:45	564	530	563	544
2021-05-14T00:24:55	562	530	563	544
2021-05-14T00:25:05	561	531	564	544
2021-05-14T00:25:15	564	531	565	544
2021-05-14T00:25:25	564	531	565	545
2021-05-14T00:25:35	562	532	565	545
2021-05-14T00:25:45	564	531	565	546
2021-05-14T00:25:55	566	531	566	546
2021-05-14T00:26:05	563	533	567	546
2021-05-14T00:26:15	563	534	566	547
2021-05-14T00:26:25	563	534	566	547
2021-05-14T00:26:35	567	533	569	548
2021-05-14T00:26:45	567	533	568	548
2021-05-14T00:26:55	564	534	568	548
2021-05-14T00:27:05	566	534	567	548
2021-05-14T00:27:15	568	534	569	548
2021-05-14T00:27:25	567	536	568	549
2021-05-14T00:27:35	567	536	569	549
2021-05-14T00:27:45	568	536	569	549
2021-05-14T00:27:55	568	536	569	549
2021-05-14T00:28:05	568	537	569	550
2021-05-14T00:28:15	570	537	569	551
2021-05-14T00:28:25	567	537	570	551
2021-05-14T00:28:35	567	538	570	551
2021-05-14T00:28:45	569	538	571	552
2021-05-14T00:28:55	570	538	572	552
2021-05-14T00:29:05	571	539	572	552
2021-05-14T00:29:15	570	538	570	553
2021-05-14T00:29:25	571	539	572	553
2021-05-14T00:29:35	573	540	574	553
2021-05-14T00:29:45	572	540	572	554
2021-05-14T00:29:55	571	540	573	554
2021-05-14T00:30:05	573	541	574	554
2021-05-14T00:30:15	574	541	574	555
2021-05-14T00:30:25	573	541	572	555
2021-05-14T00:30:35	573	541	575	555
2021-05-14T00:30:45	575	541	575	554
2021-05-14T00:30:55	575	542	576	555
2021-05-14T00:31:05	575	542	576	556
2021-05-14T00:31:15	575	543	575	557
2021-05-14T00:31:25	576	544	576	557
2021-05-14T00:31:35	575	543	575	557
2021-05-14T00:31:45	575	544	576	557
2021-05-14T00:31:55	577	544	577	558
2021-05-14T00:32:05	576	545	578	558
2021-05-14T00:32:15	578	544	578	558
2021-05-14T00:32:25	576	544	578	559
2021-05-14T00:32:35	577	544	579	559
2021-05-14T00:32:45	579	545	578	560
2021-05-14T00:32:55	578	545	581	560
2021-05-14T00:33:05	578	545	579	560
2021-05-14T00:33:15	578	546	580	561
2021-05-14T00:33:25	579	547	581	561
2021-05-14T00:33:35	580	547	581	561
2021-05-14T00:33:45	578	546	581	562
2021-05-14T00:33:55	579	547	580	562
2021-05-14T00:34:05	581	547	581	562
2021-05-14T00:34:15	582	547	581	563
2021-05-14T00:34:25	580	548	580	563
2021-05-14T00:34:35	580	548	581	563
2021-05-14T00:34:45	582	549	581	563
2021-05-14T00:34:55	582	548	581	564
2021-05-14T00:35:05	581	549	582	564
2021-05-14T00:35:15	583	549	583	565
2021-05-14T00:35:25	583	549	584	566
2021-05-14T00:35:35	583	550	585	565
2021-05-14T00:35:45	583	551	585	566
2021-05-14T00:35:55	584	550	585	565
2021-05-14T00:36:05	584	551	585	567
2021-05-14T00:36:15	584	551	585	567
2021-05-14T00:36:25	586	551	586	566
2021-05-14T00:36:35	586	551	586	568
2021-05-14T00:36:45	585	552	586	568
2021-05-14T00:36:55	586	552	586	568
2021-05-14T00:37:05	587	552	586	568
2021-05-14T00:37:15	585	552	586	569
2021-05-14T00:37:25	588	554	588	569
2021-05-14T00:37:35	588	554	588	569
2021-05-14T00:37:45	588	554	588	571
2021-05-14T00:37:55	588	555	589	570
2021-05-14T00:38:05	587	554	590	570
2021-05-14T00:38:15	588	554	589	571
2021-05-14T00:38:25	591	555	590	571
2021-05-14T00:38:35	588	555	589	572
2021-05-14T00:38:45	589	555	590	572
2021-05-14T00:38:55	591	555	591	572
2021-05-14T00:39:05	591	556	591	573
2021-05-14T00:39:15	589	556	591	573
2021-05-14T00:39:25	590	555	592	573
2021-05-14T00:39:35	592	556	592	573
2021-05-14T00:39:45	593	556	593	574
2021-05-14T00:39:55	591	557	593	574
2021-05-14T00:40:05	591	557	592	575
2021-05-14T00:40:15	591	558	593	575
2021-05-14T00:40:25	592	559	594	575
2021-05-14T00:40:35	595	558	595	577
2021-05-14T00:40:45	593	558	595	576
2021-05-14T00:40:55	593	559	595	576
2021-05-14T00:41:05	594	558	595	577
2021-05-14T00:41:15	595	559	595	577
2021-05-14T00:41:25	596	560	595	577
2021-05-14T00:41:35	594	561	596	578
2021-05-14T00:41:45	595	561	596	577
2021-05-14T00:41:55	597	561	596	579
2021-05-14T00:42:05	595	561	597	579
2021-05-14T00:42:15	595	561	598	579
2021-05-14T00:42:25	595	561	598	580
2021-05-14T00:42:35	598	562	598	580
2021-05-14T00:42:45	596	561	598	580
2021-05-14T00:42:55	598	562	599	581
2021-05-14T00:43:05	598	562	599	581
2021-05-14T00:43:15	597	563	599	582
2021-05-14T00:43:25	598	563	600	582
2021-05-14T00:43:35	600	564	601	582
2021-05-14T00:43:45	599	565	601	582
2021-05-14T00:43:55	600	565	601	582
2021-05-14T00:44:05	600	565	601	583
2021-05-14T00:44:15	600	565	601	583
2021-05-14T00:44:25	601	565	601	584
2021-05-14T00:44:35	601	565	600	585
2021-05-14T00:44:45	602	565	602	585
2021-05-14T00:44:55	602	565	602	585
2021-05-14T00:45:05	603	565	602	585
2021-05-14T00:45:15	600	566	603	586
2021-05-14T00:45:25	601	567	602	585
2021-05-14T00:45:35	603	566	604	586
2021-05-14T00:45:45	603	569	603	587
2021-05-14T00:45:55	604	567	604	587
2021-05-14T00:46:05	603	568	604	587
2021-05-14T00:46:15	603	568	604	588
2021-05-14T00:46:25	605	568	606	587
2021-05-14T00:46:35	605	569	606	588
2021-05-14T00:46:45	606	569	606	588
2021-05-14T00:46:55	607	569	605	588
2021-05-14T00:47:05	607	569	606	589
2021-05-14T00:47:15	605	569	606	589
2021-05-14T00:47:25	607	570	606	590
2021-05-14T00:47:35	607	571	607	591
2021-05-14T00:47:45	605	571	607	591
2021-05-14T00:47:55	606	570	607	591
2021-05-14T00:48:05	609	570	607	591
2021-05-14T00:48:15	607	571	608	592
2021-05-14T00:48:25	608	572	609	592
2021-05-14T00:48:35	608	572	609	592
2021-05-14T00:48:45	611	572	609	593
2021-05-14T00:48:55	610	572	610	594
2021-05-14T00:49:05	608	572	609	594
2021-05-14T00:49:15	608	572	610	595
2021-05-14T00:49:25	608	573	610	595
2021-05-14T00:49:35	611	573	611	595
2021-05-14T00:49:45	611	574	611	595
2021-05-14T00:49:55	611	574	611	595
2021-05-14T00:50:05	612	574	612	596
2021-05-14T00:50:15	611	573	612	597
2021-05-14T00:50:25	610	574	612	596
2021-05-14T00:50:35	612	576	612	597
2021-05-14T00:50:45	613	575	613	597
2021-05-14T00:50:55	615	576	613	598
2021-05-14T00:51:05	614	576	613	599
2021-05-14T00:51:15	612	575	613	598
2021-05-14T00:51:25	612	576	613	598
2021-05-14T00:51:35	613	576	614	599
2021-05-14T00:51:45	615	576	616	600
2021-05-14T00:51:55	616	577	616	600
2021-05-14T00:52:05	616	577	616	601
2021-05-14T00:52:15	616	579	615	600
2021-05-14T00:52:25	617	579	618	600
2021-05-14T00:52:35	617	579	617	601
2021-05-14T00:52:45	615	579	616	601
2021-05-14T00:52:55	616	579	616	601
2021-05-14T00:53:05	618	580	616	603
2021-05-14T00:53:15	620	580	618	602
2021-05-14T00:53:25	620	580	618	603
2021-05-14T00:53:35	618	580	618	603
2021-05-14T00:53:45	615	580	619	604
2021-05-14T00:53:55	617	580	618	604
2021-05-14T00:54:05	619	581	619	605
2021-05-14T00:54:15	621	582	619	605
2021-05-14T00:54:25	620	582	619	605
2021-05-14T00:54:35	621	582	619	605
2021-05-14T00:54:45	619	583	620	605
2021-05-14T00:54:55	620	583	620	606
2021-05-14T00:55:05	620	583	619	606
2021-05-14T00:55:15	622	583	620	608
2021-05-14T00:55:25	623	583	621	607
2021-05-14T00:55:35	622	583	623	608
2021-05-14T00:55:45	623	584	623	608
2021-05-14T00:55:55	624	584	622	610
2021-05-14T00:56:05	625	585	623	609
2021-05-14T00:56:15	623	585	624	609
2021-05-14T00:56:25	622	585	624	610
2021-05-14T00:56:35	624	585	624	609
2021-05-14T00:56:45	626	585	624	610
2021-05-14T00:56:55	626	586	625	609
2021-05-14T00:57:05	627	585	625	611
2021-05-14T00:57:15	625	585	624	610
2021-05-14T00:57:25	626	586	625	612
2021-05-14T00:57:35	627	587	625	612
2021-05-14T00:57:45	627	586	625	613
2021-05-14T00:57:55	626	587	626	613
2021-05-14T00:58:05	628	588	626	612
2021-05-14T00:58:15	628	589	625	613
2021-05-14T00:58:25	627	589	627	614
2021-05-14T00:58:35	627	588	628	614
2021-05-14T00:58:45	628	589	629	614
2021-05-14T00:58:55	630	588	629	615
2021-05-14T00:59:05	629	589	629	615
2021-05-14T00:59:15	631	589	629	615
2021-05-14T00:59:25	629	589	630	616
2021-05-14T00:59:35	629	590	630	616
2021-05-14T00:59:45	631	590	631	616
2021-05-14T00:59:55	632	591	631	616
2021-05-14T01:00:05	631	591	632	617
2021-05-14T01:00:15	632	592	631	618
2021-05-14T01:00:25	632	592	631	617
2021-05-14T01:00:35	634	592	633	617
2021-05-14T01:00:45	632	592	631	619
2021-05-14T01:00:55	631	593	633	618
2021-05-14T01:01:05	633	592	633	619
2021-05-14T01:01:15	635	593	635	619
2021-05-14T01:01:25	633	594	633	619
2021-05-14T01:01:35	632	595	633	620
2021-05-14T01:01:45	634	595	633	620
2021-05-14T01:01:55	638	595	633	621
2021-05-14T01:02:05	638	594	634	621
2021-05-14T01:02:15	637	594	635	621
2021-05-14T01:02:25	635	594	635	622
2021-05-14T01:02:35	635	594	635	622
2021-05-14T01:02:45	636	595	635	623
2021-05-14T01:02:55	637	595	636	623
2021-05-14T01:03:05	639	596	637	623
2021-05-14T01:03:15	636	596	637	624
2021-05-14T01:03:25	636	595	637	624
2021-05-14T01:03:35	639	595	636	624
2021-05-14T01:03:45	639	596	638	625
2021-05-14T01:03:55	641	597	638	625
2021-05-14T01:04:05	638	598	638	625
2021-05-14T01:04:15	639	597	639	626
2021-05-14T01:04:25	641	599	639	626
2021-05-14T01:04:35	641	599	639	625
2021-05-14T01:04:45	639	598	641	627
2021-05-14T01:04:55	643	599	640	627
2021-05-14T01:05:05	640	599	640	626
2021-05-14T01:05:16	643	600	640	628
2021-05-14T01:05:26	641	600	641	628
2021-05-14T01:05:36	642	600	641	627
2021-05-14T01:05:46	644	600	640	629
2021-05-14T01:05:56	644	601	641	629
2021-05-14T01:06:06	642	602	642	628
2021-05-14T01:06:16	644	601	642	630
2021-05-14T01:06:26	644	602	642	630
2021-05-14T01:06:36	643	602	643	630
2021-05-14T01:06:46	644	602	642	631
2021-05-14T01:06:56	646	602	644	631
2021-05-14T01:07:06	644	603	644	630
2021-05-14T01:07:16	646	603	644	632
2021-05-14T01:07:26	646	603	645	632
2021-05-14T01:07:36	645	603	644	631
2021-05-14T01:07:46	645	604	645	632
2021-05-14T01:07:56	646	604	645	632
2021-05-14T01:08:06	647	604	647	634
2021-05-14T01:08:16	649	605	645	632
2021-05-14T01:08:26	648	605	646	635
2021-05-14T01:08:36	649	606	646	635
2021-05-14T01:08:46	649	606	648	635
2021-05-14T01:08:56	647	606	648	635
2021-05-14T01:09:06	649	607	647	635
2021-05-14T01:09:16	650	607	646	636
2021-05-14T01:09:26	650	608	647	636
2021-05-14T01:09:36	650	607	648	637
2021-05-14T01:09:46	650	607	649	636
2021-05-14T01:09:56	652	607	649	636
2021-05-14T01:10:06	651	608	650	637
2021-05-14T01:10:16	650	609	649	638
2021-05-14T01:10:26	652	609	651	638
2021-05-14T01:10:36	653	608	649	638
2021-05-14T01:10:46	651	609	649	638
2021-05-14T01:10:56	653	609	651	638
2021-05-14T01:11:06	655	610	652	639
2021-05-14T01:11:16	655	610	652	640
2021-05-14T01:11:26	653	610	652	640
2021-05-14T01:11:36	654	610	652	641
2021-05-14T01:11:46	654	611	653	641
2021-05-14T01:11:56	656	611	653	641
2021-05-14T01:12:06	655	611	653	642
2021-05-14T01:12:16	656	612	654	642
2021-05-14T01:12:26	657	612	654	641
2021-05-14T01:12:36	657	612	654	643
2021-05-14T01:12:46	654	612	654	643
2021-05-14T01:12:56	654	613	654	642
2021-05-14T01:13:06	656	614	656	644
2021-05-14T01:13:16	657	614	656	643
2021-05-14T01:13:26	658	614	656	643
2021-05-14T01:13:36	657	614	655	644
2021-05-14T01:13:46	657	614	656	645
2021-05-14T01:13:56	658	614	657	645
2021-05-14T01:14:06	660	615	657	645
2021-05-14T01:14:16	657	615	657	646
2021-05-14T01:14:26	660	615	657	646
2021-05-14T01:14:36	660	615	659	645
2021-05-14T01:14:46	662	616	658	647
2021-05-14T01:14:56	660	617	658	647
2021-05-14T01:15:06	661	618	659	647
2021-05-14T01:15:16	663	617	659	647
2021-05-14T01:15:26	662	617	659	649
2021-05-14T01:15:36	660	617	659	649
2021-05-14T01:15:46	660	617	661	649
2021-05-14T01:15:56	661	618	661	649
2021-05-14T01:16:06	664	618	659	649
2021-05-14T01:16:16	665	618	660	649
2021-05-14T01:16:26	665	619	661	649
2021-05-14T01:16:36	663	619	661	651
2021-05-14T01:16:46	663	620	661	651
2021-05-14T01:16:56	665	620	662	650
2021-05-14T01:17:06	665	621	663	652
2021-05-14T01:17:16	664	621	662	652
2021-05-14T01:17:26	664	622	663	652
2021-05-14T01:17:36	667	622	663	651
2021-05-14T01:17:46	665	622	663	652
2021-05-14T01:17:56	666	622	663	652
2021-05-14T01:18:06	666	622	664	654
2021-05-14T01:18:16	669	623	664	654
2021-05-14T01:18:26	667	623	665	654
2021-05-14T01:18:36	668	624	664	655
2021-05-14T01:18:46	667	624	664	655
2021-05-14T01:18:56	668	623	665	654
2021-05-14T01:19:06	670	623	666	654
2021-05-14T01:19:16	669	624	666	656
2021-05-14T01:19:26	671	625	666	656
2021-05-14T01:19:36	667	625	666	657
2021-05-14T01:19:46	670	625	667	657
2021-05-14T01:19:56	670	626	667	656
2021-05-14T01:20:06	671	626	667	658
2021-05-14T01:20:16	669	626	668	657
2021-05-14T01:20:26	672	626	668	658
2021-05-14T01:20:36	672	627	669	659
2021-05-14T01:20:46	672	626	671	659
2021-05-14T01:20:56	674	627	670	659
2021-05-14T01:21:06	673	627	670	660
2021-05-14T01:21:16	673	627	669	659
2021-05-14T01:21:26	674	628	670	660
2021-05-14T01:21:36	674	628	671	660
2021-05-14T01:21:46	674	628	671	662
2021-05-14T01:21:56	673	630	671	661
2021-05-14T01:22:06	675	630	672	662
2021-05-14T01:22:16	675	630	670	663
2021-05-14T01:22:26	675	630	672	663
2021-05-14T01:22:36	676	630	673	663
2021-05-14T01:22:46	674	631	673	663
2021-05-14T01:22:56	677	630	672	663
2021-05-14T01:23:06	676	630	673	664
2021-05-14T01:23:16	676	632	673	664
2021-05-14T01:23:26	678	632	673	663
2021-05-14T01:23:36	678	633	673	665
2021-05-14T01:23:46	677	632	673	664
2021-05-14T01:23:56	678	633	674	666
2021-05-14T01:24:06	678	633	675	667
2021-05-14T01:24:16	679	633	675	667
2021-05-14T01:24:26	680	633	675	666
2021-05-14T01:24:36	680	634	675	667
2021-05-14T01:24:46	680	634	675	666
2021-05-14T01:24:56	682	634	676	667
2021-05-14T01:25:06	682	635	677	667
2021-05-14T01:25:16	681	635	677	668
2021-05-14T01:25:26	682	635	676	669
2021-05-14T01:25:36	682	636	677	669
2021-05-14T01:25:46	681	635	677	668
2021-05-14T01:25:56	681	636	678	670
2021-05-14T01:26:06	682	636	678	670
2021-05-14T01:26:16	683	637	678	670
2021-05-14T01:26:26	684	637	679	670
2021-05-14T01:26:36	682	638	678	669
2021-05-14T01:26:46	682	637	679	670
2021-05-14T01:26:56	682	638	680	671
2021-05-14T01:27:06	684	638	679	671
2021-05-14T01:27:16	686	639	680	672
2021-05-14T01:27:26	685	639	681	672
2021-05-14T01:27:36	684	639	682	672
2021-05-14T01:27:46	687	638	682	672
2021-05-14T01:27:56	687	639	682	673
2021-05-14T01:28:06	688	639	682	673
2021-05-14T01:28:16	688	639	682	675
2021-05-14T01:28:26	688	639	683	675
2021-05-14T01:28:36	685	640	683	674
2021-05-14T01:28:46	685	641	683	675
2021-05-14T01:28:56	686	642	683	676
2021-05-14T01:29:06	689	641	684	677
2021-05-14T01:29:16	690	642	684	676
2021-05-14T01:29:26	688	642	684	676
2021-05-14T01:29:36	690	643	685	677
2021-05-14T01:29:46	691	644	685	678
2021-05-14T01:29:56	688	643	685	677
2021-05-14T01:30:06	689	643	685	678
2021-05-14T01:30:16	689	644	685	678
2021-05-14T01:30:26	690	644	686	679
2021-05-14T01:30:36	692	644	687	679
2021-05-14T01:30:46	692	645	687	680
2021-05-14T01:30:56	689	645	687	680
2021-05-14T01:31:06	691	645	687	680
2021-05-14T01:31:16	692	646	689	680
2021-05-14T01:31:26	695	646	689	679
2021-05-14T01:31:36	693	646	689	679
2021-05-14T01:31:46	694	646	688	680
2021-05-14T01:31:56	694	646	689	680
2021-05-14T01:32:06	695	647	689	682
2021-05-14T01:32:16	695	647	690	682
2021-05-14T01:32:26	693	647	689	682
2021-05-14T01:32:36	693	648	689	683
2021-05-14T01:32:46	695	649	691	682
2021-05-14T01:32:56	697	649	692	683
2021-05-14T01:33:06	696	649	691	683
2021-05-14T01:33:16	694	649	691	684
2021-05-14T01:33:26	695	649	691	684
2021-05-14T01:33:36	697	649	691	684
2021-05-14T01:33:46	697	650	693	685
2021-05-14T01:33:56	700	650	692	685
2021-05-14T01:34:06	697	652	692	686
2021-05-14T01:34:16	698	652	693	685
2021-05-14T01:34:26	699	652	693	686
2021-05-14T01:34:36	698	652	694	687
2021-05-14T01:34:46	700	653	695	687
2021-05-14T01:34:56	701	654	695	687
2021-05-14T01:35:06	702	653	696	687
2021-05-14T01:35:16	699	653	695	688
2021-05-14T01:35:26	699	654	695	688
2021-05-14T01:35:36	701	654	695	689
2021-05-14T01:35:46	703	655	698	689
2021-05-14T01:35:56	701	654	696	689
2021-05-14T01:36:06	699	655	697	690
2021-05-14T01:36:16	700	655	697	690
2021-05-14T01:36:26	703	657	697	690
2021-05-14T01:36:36	704	656	697	690
2021-05-14T01:36:46	704	656	698	691
2021-05-14T01:36:56	702	656	698	690
2021-05-14T01:37:06	702	657	699	691
2021-05-14T01:37:16	704	656	698	691
2021-05-14T01:37:26	705	658	698	691
2021-05-14T01:37:36	706	659	698	693
2021-05-14T01:37:46	707	659	699	693
2021-05-14T01:37:56	706	659	699	694
2021-05-14T01:38:06	705	658	700	694
2021-05-14T01:38:16	708	658	701	693
2021-05-14T01:38:26	706	659	701	694
2021-05-14T01:38:36	706	659	701	694
2021-05-14T01:38:46	707	659	701	695
2021-05-14T01:38:56	707	660	703	695
2021-05-14T01:39:06	710	660	702	695
2021-05-14T01:39:16	709	661	702	696
2021-05-14T01:39:26	708	661	703	696
2021-05-14T01:39:36	711	661	704	696
2021-05-14T01:39:46	708	661	703	697
2021-05-14T01:39:56	710	662	703	697
2021-05-14T01:40:06	712	663	703	696
2021-05-14T01:40:16	710	663	703	697
2021-05-14T01:40:26	709	663	704	698
2021-05-14T01:40:36	709	663	705	698
2021-05-14T01:40:46	711	663	705	699
2021-05-14T01:40:56	713	663	706	699
2021-05-14T01:41:06	711	664	705	699
2021-05-14T01:41:16	711	665	706	700
2021-05-14T01:41:26	714	665	706	700
2021-05-14T01:41:36	713	665	707	700
2021-05-14T01:41:46	714	665	707	700
2021-05-14T01:41:56	713	666	707	701
2021-05-14T01:42:06	715	666	707	701
2021-05-14T01:42:16	715	666	708	702
2021-05-14T01:42:26	715	667	708	702
2021-05-14T01:42:36	714	667	709	702
2021-05-14T01:42:46	715	667	709	703
2021-05-14T01:42:56	716	667	709	703
2021-05-14T01:43:06	717	667	710	703
2021-05-14T01:43:16	715	668	709	703
2021-05-14T01:43:26	717	668	711	704
2021-05-14T01:43:36	718	668	711	705
2021-05-14T01:43:46	718	669	710	705
2021-05-14T01:43:56	718	669	711	705
2021-05-14T01:44:06	718	669	710	705
2021-05-14T01:44:16	718	669	712	706
2021-05-14T01:44:26	719	669	713	706
2021-05-14T01:44:36	718	670	711	706
2021-05-14T01:44:46	718	671	713	707
2021-05-14T01:44:56	720	671	713	707
2021-05-14T01:45:06	720	670	714	707
2021-05-14T01:45:16	719	671	714	708
2021-05-14T01:45:26	721	672	714	708
2021-05-14T01:45:36	722	672	715	708
2021-05-14T01:45:46	722	672	714	709
2021-05-14T01:45:56	721	672	714	709
2021-05-14T01:46:06	720	673	716	709
2021-05-14T01:46:16	722	673	716	710
2021-05-14T01:46:26	724	673	718	710
2021-05-14T01:46:36	722	674	716	711
2021-05-14T01:46:46	722	673	716	711
2021-05-14T01:46:56	723	674	717	711
2021-05-14T01:47:06	724	675	717	711
2021-05-14T01:47:16	725	675	718	711
2021-05-14T01:47:26	724	675	719	712
2021-05-14T01:47:36	724	674	718	712
2021-05-14T01:47:46	725	676	718	713
2021-05-14T01:47:56	726	676	719	713
2021-05-14T01:48:06	727	676	719	714
2021-05-14T01:48:16	724	677	719	713
2021-05-14T01:48:26	725	676	720	714
2021-05-14T01:48:36	728	677	720	714
2021-05-14T01:48:46	728	677	720	714
2021-05-14T01:48:56	728	677	720	715
2021-05-14T01:49:06	726	678	720	715
2021-05-14T01:49:16	726	678	720	715
2021-05-14T01:49:26	727	680	721	715
2021-05-14T01:49:36	729	678	721	716
2021-05-14T01:49:46	731	679	722	717
2021-05-14T01:49:56	727	680	721	717
2021-05-14T01:50:06	729	681	722	717
2021-05-14T01:50:16	730	681	723	717
2021-05-14T01:50:26	731	681	723	718
2021-05-14T01:50:36	730	681	723	718
2021-05-14T01:50:46	732	681	723	718
2021-05-14T01:50:56	732	682	724	719
2021-05-14T01:51:06	732	682	724	719
2021-05-14T01:51:16	732	682	725	719
2021-05-14T01:51:26	732	683	725	720
2021-05-14T01:51:36	734	684	725	720
2021-05-14T01:51:46	732	684	725	720
2021-05-14T01:51:56	734	684	725	720
2021-05-14T01:52:06	735	685	727	721
2021-05-14T01:52:16	734	684	727	721
2021-05-14T01:52:26	735	684	727	722
2021-05-14T01:52:36	736	683	727	722
2021-05-14T01:52:46	736	685	727	722
2021-05-14T01:52:56	732	685	726	723
2021-05-14T01:53:06	733	686	727	723
2021-05-14T01:53:16	736	687	728	723
2021-05-14T01:53:26	737	687	728	723
2021-05-14T01:53:36	736	687	729	724
2021-05-14T01:53:46	738	688	729	724
2021-05-14T01:53:56	739	687	729	724
2021-05-14T01:54:06	737	688	729	725
2021-05-14T01:54:16	736	688	729	725
2021-05-14T01:54:26	737	688	731	725
2021-05-14T01:54:36	737	688	730	727
2021-05-14T01:54:46	739	689	731	727
2021-05-14T01:54:56	740	690	731	727
2021-05-14T01:55:06	738	690	731	727
2021-05-14T01:55:16	738	691	731	727
2021-05-14T01:55:26	740	691	731	727
2021-05-14T01:55:36	742	691	732	727
2021-05-14T01:55:46	740	691	732	728
2021-05-14T01:55:56	741	691	733	728
2021-05-14T01:56:06	742	691	732	728
2021-05-14T01:56:16	742	691	734	729
2021-05-14T01:56:26	744	692	734	729
2021-05-14T01:56:36	742	692	735	731
2021-05-14T01:56:46	742	692	734	731
2021-05-14T01:56:56	744	692	735	731
2021-05-14T01:57:06	745	692	735	731
2021-05-14T01:57:16	741	694	734	731
2021-05-14T01:57:26	741	694	734	731
2021-05-14T01:57:36	744	694	735	731
2021-05-14T01:57:46	746	694	736	732
2021-05-14T01:57:56	746	694	737	732
2021-05-14T01:58:06	747	694	737	732
2021-05-14T01:58:16	745	695	737	732
2021-05-14T01:58:26	745	695	737	734
2021-05-14T01:58:36	747	695	738	734
2021-05-14T01:58:46	748	696	738	733
2021-05-14T01:58:56	749	696	738	733
2021-05-14T01:59:06	746	696	738	734
2021-05-14T01:59:16	746	697	738	734
2021-05-14T01:59:26	749	697	738	735
2021-05-14T01:59:36	748	697	739	736
2021-05-14T01:59:46	748	698	740	735
2021-05-14T01:59:56	750	698	740	736
2021-05-14T02:00:06	749	698	740	737
2021-05-14T02:00:16	748	698	740	738
2021-05-14T02:00:26	751	699	741	737
2021-05-14T02:00:36	751	699	742	738
2021-05-14T02:00:46	751	699	740	738
2021-05-14T02:00:56	749	700	740	738
2021-05-14T02:01:06	750	700	741	739
2021-05-14T02:01:16	751	700	743	738
2021-05-14T02:01:26	751	701	742	739
2021-05-14T02:01:36	754	701	744	739
2021-05-14T02:01:46	750	701	743	739
2021-05-14T02:01:56	751	701	743	740
2021-05-14T02:02:06	752	702	743	741
2021-05-14T02:02:16	754	702	744	741
2021-05-14T02:02:26	755	702	744	741
2021-05-14T02:02:36	755	702	745	742
2021-05-14T02:02:46	754	703	745	742
2021-05-14T02:02:56	754	703	744	742
2021-05-14T02:03:06	754	704	745	743
2021-05-14T02:03:16	755	703	745	743
2021-05-14T02:03:26	756	704	746	743
2021-05-14T02:03:36	757	704	746	743
2021-05-14T02:03:46	755	705	746	744
2021-05-14T02:03:56	754	704	746	744
2021-05-14T02:04:06	755	705	746	744
2021-05-14T02:04:16	757	706	748	744
2021-05-14T02:04:26	760	706	748	744
2021-05-14T02:04:36	757	706	748	746
2021-05-14T02:04:46	759	706	748	745
2021-05-14T02:04:56	759	706	749	746
2021-05-14T02:05:06	760	707	749	746
2021-05-14T02:05:16	759	706	749	747
2021-05-14T02:05:26	758	707	749	747
2021-05-14T02:05:36	760	708	749	747
2021-05-14T02:05:46	760	708	750	747
2021-05-14T02:05:56	761	708	750	747
2021-05-14T02:06:06	762	709	750	748
2021-05-14T02:06:16	761	708	751	749
2021-05-14T02:06:26	762	708	751	750
2021-05-14T02:06:36	762	710	751	750
2021-05-14T02:06:46	763	710	752	750
2021-05-14T02:06:56	763	710	752	751
2021-05-14T02:07:06	763	710	752	751
2021-05-14T02:07:16	764	711	753	751
2021-05-14T02:07:26	764	711	753	752
2021-05-14T02:07:36	766	711	753	752
2021-05-14T02:07:46	762	711	752	752
2021-05-14T02:07:56	764	712	752	751
2021-05-14T02:08:06	765	712	753	752
2021-05-14T02:08:16	767	712	753	752
2021-05-14T02:08:26	767	712	755	753
2021-05-14T02:08:36	766	713	754	754
2021-05-14T02:08:46	764	713	756	754
2021-05-14T02:08:56	765	713	757	753
2021-05-14T02:09:06	767	713	756	754
2021-05-14T02:09:16	768	714	755	755
2021-05-14T02:09:26	769	714	758	755
2021-05-14T02:09:36	768	714	758	756
2021-05-14T02:09:46	766	715	757	756
2021-05-14T02:09:56	766	715	757	756
2021-05-14T02:10:06	766	715	757	756
2021-05-14T02:10:16	768	715	758	756
2021-05-14T02:10:26	769	716	758	757
2021-05-14T02:10:36	770	716	759	757
2021-05-14T02:10:46	772	717	759	758
2021-05-14T02:10:56	769	716	759	758
2021-05-14T02:11:06	769	717	759	758
2021-05-14T02:11:16	771	717	759	758
2021-05-14T02:11:26	772	718	759	758
2021-05-14T02:11:36	773	718	760	759
2021-05-14T02:11:46	773	718	760	760
2021-05-14T02:11:56	772	718	760	760
2021-05-14T02:12:06	771	718	761	760
2021-05-14T02:12:16	771	719	760	760
2021-05-14T02:12:26	772	719	761	761
2021-05-14T02:12:36	773	720	761	761
2021-05-14T02:12:46	775	720	762	761
2021-05-14T02:12:56	776	721	763	761
2021-05-14T02:13:06	775	721	763	762
2021-05-14T02:13:16	776	721	763	762
2021-05-14T02:13:26	776	720	763	763
2021-05-14T02:13:36	776	721	763	763
2021-05-14T02:13:46	777	721	764	764
2021-05-14T02:13:56	776	722	764	764
2021-05-14T02:14:06	775	722	763	764
2021-05-14T02:14:16	777	722	764	764
2021-05-14T02:14:26	776	723	765	764
2021-05-14T02:14:36	777	723	765	764
2021-05-14T02:14:46	779	722	765	765
2021-05-14T02:14:56	778	724	765	764
2021-05-14T02:15:06	780	724	765	766
2021-05-14T02:15:16	780	724	767	765
2021-05-14T02:15:26	779	724	767	767
2021-05-14T02:15:36	779	725	766	767
2021-05-14T02:15:46	779	725	767	767
2021-05-14T02:15:56	779	725	767	768
2021-05-14T02:16:06	781	726	768	768
2021-05-14T02:16:16	782	726	768	768
2021-05-14T02:16:26	782	726	768	768
2021-05-14T02:16:36	780	726	768	769
2021-05-14T02:16:46	781	726	769	769
2021-05-14T02:16:56	781	726	769	769
2021-05-14T02:17:06	784	727	770	770
2021-05-14T02:17:16	784	728	769	770
2021-05-14T02:17:26	784	728	770	770
2021-05-14T02:17:36	781	728	770	770
2021-05-14T02:17:46	782	728	770	771
2021-05-14T02:17:56	783	728	770	771
2021-05-14T02:18:06	783	729	771	771
2021-05-14T02:18:16	785	729	771	771
2021-05-14T02:18:26	786	729	771	772
2021-05-14T02:18:36	786	729	772	772
2021-05-14T02:18:46	786	730	772	773
2021-05-14T02:18:56	787	730	772	772
2021-05-14T02:19:06	788	730	772	773
2021-05-14T02:19:16	788	731	772	774
2021-05-14T02:19:26	786	732	773	774
2021-05-14T02:19:36	787	731	774	774
2021-05-14T02:19:46	788	732	774	774
2021-05-14T02:19:56	787	732	774	774
2021-05-14T02:20:06	788	732	776	775
2021-05-14T02:20:16	789	732	774	775
2021-05-14T02:20:26	789	732	774	776
2021-05-14T02:20:36	788	733	774	776
2021-05-14T02:20:46	789	733	775	776
2021-05-14T02:20:56	790	733	775	777
2021-05-14T02:21:06	791	734	776	777
2021-05-14T02:21:16	792	734	776	778
2021-05-14T02:21:26	792	734	776	778
2021-05-14T02:21:36	792	735	777	777
2021-05-14T02:21:46	793	735	777	778
2021-05-14T02:21:56	792	735	777	779
2021-05-14T02:22:06	794	735	778	779
2021-05-14T02:22:16	794	735	777	780
2021-05-14T02:22:26	792	736	778	779
2021-05-14T02:22:36	792	736	779	780
2021-05-14T02:22:46	794	736	779	780
2021-05-14T02:22:56	794	736	779	780
2021-05-14T02:23:06	795	738	780	780
2021-05-14T02:23:16	796	737	780	780
2021-05-14T02:23:26	796	738	780	781
2021-05-14T02:23:36	795	738	780	781
2021-05-14T02:23:46	796	738	780	782
2021-05-14T02:23:56	796	738	781	781
2021-05-14T02:24:06	796	739	782	782
2021-05-14T02:24:16	796	739	782	783
2021-05-14T02:24:26	797	739	781	783
2021-05-14T02:24:36	797	739	783	783
2021-05-14T02:24:46	799	740	781	785
2021-05-14T02:24:56	797	740	783	785
2021-05-14T02:25:06	796	740	783	784
2021-05-14T02:25:16	796	741	783	784
2021-05-14T02:25:26	796	741	782	784
2021-05-14T02:25:36	796	740	784	784
2021-05-14T02:25:46	798	741	784	784
2021-05-14T02:25:56	798	742	784	785
2021-05-14T02:26:06	800	742	784	785
2021-05-14T02:26:16	801	743	784	784
2021-05-14T02:26:26	802	743	785	786
2021-05-14T02:26:36	803	743	786	786
2021-05-14T02:26:46	802	743	785	787
2021-05-14T02:26:56	803	743	785	788
2021-05-14T02:27:06	803	743	785	787
2021-05-14T02:27:16	804	744	786	788
2021-05-14T02:27:26	804	745	786	788
2021-05-14T02:27:36	804	745	788	789
2021-05-14T02:27:46	805	745	787	790
2021-05-14T02:27:56	805	745	787	789
2021-05-14T02:28:06	804	745	788	789
2021-05-14T02:28:16	805	745	788	790
2021-05-14T02:28:26	805	745	789	790
2021-05-14T02:28:36	806	746	789	791
2021-05-14T02:28:46	806	746	789	791
2021-05-14T02:28:56	807	746	789	792
2021-05-14T02:29:06	807	747	790	792
2021-05-14T02:29:16	807	747	790	793
2021-05-14T02:29:26	808	748	790	793
2021-05-14T02:29:36	808	748	790	792
2021-05-14T02:29:46	807	749	791	794
2021-05-14T02:29:56	809	748	790	793
2021-05-14T02:30:06	807	748	791	793
2021-05-14T02:30:16	807	749	790	795
2021-05-14T02:30:26	806	749	790	793
2021-05-14T02:30:36	807	749	791	794
2021-05-14T02:30:46	810	750	791	794
2021-05-14T02:30:56	810	749	792	794
2021-05-14T02:31:06	810	750	792	794
2021-05-14T02:31:16	810	751	792	795
2021-05-14T02:31:26	810	751	793	796
2021-05-14T02:31:36	810	751	792	795
2021-05-14T02:31:46	811	751	793	795
2021-05-14T02:31:56	811	751	794	795
2021-05-14T02:32:06	811	752	794	796
2021-05-14T02:32:16	812	752	794	796
2021-05-14T02:32:26	811	752	794	797
2021-05-14T02:32:36	811	752	795	798
2021-05-14T02:32:46	812	753	795	798
2021-05-14T02:32:56	813	753	795	799
2021-05-14T02:33:06	813	754	795	799
2021-05-14T02:33:16	813	754	795	799
2021-05-14T02:33:26	814	754	795	799
2021-05-14T02:33:36	813	754	796	799
2021-05-14T02:33:46	813	755	796	799
2021-05-14T02:33:56	815	756	796	800
2021-05-14T02:34:06	815	756	797	800
2021-05-14T02:34:16	815	756	797	800
2021-05-14T02:34:26	815	755	798	801
2021-05-14T02:34:36	815	755	797	800
2021-05-14T02:34:46	815	756	798	801
2021-05-14T02:34:56	815	756	798	801
2021-05-14T02:35:06	817	757	798	801
2021-05-14T02:35:16	817	757	798	801
2021-05-14T02:35:26	817	757	799	803
2021-05-14T02:35:36	817	758	799	803
2021-05-14T02:35:46	817	758	799	803
2021-05-14T02:35:56	818	758	800	803
2021-05-14T02:36:06	818	758	800	804
2021-05-14T02:36:16	818	758	800	803
2021-05-14T02:36:26	819	759	801	804
2021-05-14T02:36:36	818	759	801	804
2021-05-14T02:36:46	819	759	801	805
2021-05-14T02:36:56	820	759	801	805
2021-05-14T02:37:06	820	760	801	805
2021-05-14T02:37:16	819	760	801	805
2021-05-14T02:37:26	820	760	801	805
2021-05-14T02:37:36	820	761	802	805
2021-05-14T02:37:46	820	761	802	805
2021-05-14T02:37:56	820	761	803	807
2021-05-14T02:38:06	821	761	804	807
2021-05-14T02:38:16	821	762	803	807
2021-05-14T02:38:26	821	762	804	808
2021-05-14T02:38:36	822	762	803	808
2021-05-14T02:38:46	822	762	803	808
2021-05-14T02:38:56	822	763	804	807
2021-05-14T02:39:06	822	763	804	807
2021-05-14T02:39:16	824	763	805	809
2021-05-14T02:39:26	823	764	805	809
2021-05-14T02:39:36	824	764	805	809
2021-05-14T02:39:46	824	764	806	809
2021-05-14T02:39:56	824	764	805	810
2021-05-14T02:40:06	824	764	807	809
2021-05-14T02:40:16	825	765	807	809
2021-05-14T02:40:26	825	764	807	811
2021-05-14T02:40:36	826	765	807	810
2021-05-14T02:40:46	824	765	807	810
2021-05-14T02:40:56	825	766	808	812
2021-05-14T02:41:06	827	766	807	812
2021-05-14T02:41:16	826	766	808	812
2021-05-14T02:41:26	826	766	808	812
2021-05-14T02:41:36	826	767	809	812
2021-05-14T02:41:46	827	767	809	813
2021-05-14T02:41:56	827	768	809	813
2021-05-14T02:42:06	827	768	810	813
2021-05-14T02:42:16	827	767	809	813
2021-05-14T02:42:26	827	768	809	813
2021-05-14T02:42:36	828	768	810	814
2021-05-14T02:42:46	828	769	809	815
2021-05-14T02:42:56	827	769	810	814
2021-05-14T02:43:06	828	769	810	815
2021-05-14T02:43:16	828	770	811	815
2021-05-14T02:43:26	829	769	811	815
2021-05-14T02:43:36	829	770	812	814
2021-05-14T02:43:46	830	770	811	814
2021-05-14T02:43:56	831	770	811	816
2021-05-14T02:44:06	830	771	812	815
2021-05-14T02:44:16	830	771	812	816
2021-05-14T02:44:26	830	771	812	817
2021-05-14T02:44:36	832	771	813	817
2021-05-14T02:44:46	832	771	813	818
2021-05-14T02:44:56	832	771	812	818
2021-05-14T02:45:06	833	772	813	818
2021-05-14T02:45:16	832	772	814	819
2021-05-14T02:45:26	834	773	814	818
2021-05-14T02:45:36	834	772	814	819
2021-05-14T02:45:46	834	772	815	818
2021-05-14T02:45:56	834	772	815	820
2021-05-14T02:46:06	834	773	815	820
2021-05-14T02:46:16	835	773	815	820
2021-05-14T02:46:26	835	773	817	821
2021-05-14T02:46:36	835	774	817	820
2021-05-14T02:46:46	835	774	815	821
2021-05-14T02:46:56	835	774	816	821
2021-05-14T02:47:06	836	774	817	822
2021-05-14T02:47:16	836	774	816	821
2021-05-14T02:47:26	836	775	817	822
2021-05-14T02:47:36	837	775	818	822
2021-05-14T02:47:46	837	776	818	823
2021-05-14T02:47:56	836	775	818	822
2021-05-14T02:48:06	837	775	819	823
2021-05-14T02:48:16	837	776	819	823
2021-05-14T02:48:26	838	777	819	824
2021-05-14T02:48:36	837	777	819	823
2021-05-14T02:48:46	838	777	819	824
2021-05-14T02:48:56	837	777	820	824
2021-05-14T02:49:06	838	777	820	825
2021-05-14T02:49:16	839	778	820	825
2021-05-14T02:49:26	838	779	820	825
2021-05-14T02:49:36	839	779	820	825
2021-05-14T02:49:46	840	778	821	827
2021-05-14T02:49:56	841	778	821	826
2021-05-14T02:50:06	841	778	821	826
2021-05-14T02:50:16	841	779	822	827
2021-05-14T02:50:26	841	779	822	827
2021-05-14T02:50:36	841	779	822	827
2021-05-14T02:50:46	841	780	823	827
2021-05-14T02:50:56	841	780	823	829
2021-05-14T02:51:06	842	780	823	828
2021-05-14T02:51:16	842	781	824	828
2021-05-14T02:51:26	843	781	824	828
2021-05-14T02:51:36	844	781	824	828
2021-05-14T02:51:46	842	781	824	829
2021-05-14T02:51:56	844	782	824	830
2021-05-14T02:52:06	844	782	824	830
2021-05-14T02:52:16	844	783	825	830
2021-05-14T02:52:26	843	783	825	830
2021-05-14T02:52:36	845	783	826	831
2021-05-14T02:52:46	844	783	827	831
2021-05-14T02:52:56	844	782	826	832
2021-05-14T02:53:06	845	783	827	831
2021-05-14T02:53:16	846	783	827	832
2021-05-14T02:53:26	846	784	827	833
2021-05-14T02:53:36	846	784	827	833
2021-05-14T02:53:46	847	784	828	833
2021-05-14T02:53:56	846	784	829	834
2021-05-14T02:54:06	847	784	829	833
2021-05-14T02:54:16	847	786	829	834
2021-05-14T02:54:26	847	785	828	834
2021-05-14T02:54:36	846	786	830	835
2021-05-14T02:54:46	848	786	830	835
2021-05-14T02:54:56	849	786	830	835
2021-05-14T02:55:06	849	787	830	836
2021-05-14T02:55:16	850	787	830	836
2021-05-14T02:55:26	850	787	830	836
2021-05-14T02:55:36	850	787	832	836
2021-05-14T02:55:46	850	788	831	837
2021-05-14T02:55:56	850	788	832	835
2021-05-14T02:56:06	851	788	833	837
2021-05-14T02:56:16	851	788	833	838
2021-05-14T02:56:26	852	788	834	838
2021-05-14T02:56:36	853	789	834	838
2021-05-14T02:56:46	853	789	834	839
2021-05-14T02:56:56	853	789	834	839
2021-05-14T02:57:06	852	789	835	839
2021-05-14T04:58:47	387	387	484	587
