time	T1	T2	T3	T4
2021-09-17T14:02:36	27	28	29	28
2021-09-17T14:03:06	27	28	29	29
2021-09-17T14:03:36	27	28	29	29
2021-09-17T14:04:06	27	28	29	29
2021-09-17T14:04:36	26	28	29	29
2021-09-17T14:05:06	26	28	29	29
2021-09-17T14:05:36	26	28	29	29
2021-09-17T14:06:06	26	28	29	30
2021-09-17T14:06:36	27	28	29	30
2021-09-17T14:07:06	27	28	29	30
2021-09-17T14:07:36	27	28	30	30
2021-09-17T14:08:06	27	28	30	30
2021-09-17T14:08:36	27	28	29	30
2021-09-17T14:09:06	27	28	29	30
2021-09-17T14:09:36	27	28	29	30
2021-09-17T14:10:06	27	28	29	30
2021-09-17T14:10:36	27	28	29	30
2021-09-17T14:11:06	27	28	29	30
2021-09-17T14:11:36	27	28	29	30
2021-09-17T14:12:06	27	28	29	30
2021-09-17T14:12:36	27	28	29	29
2021-09-17T14:13:06	27	28	29	29
2021-09-17T14:13:36	28	29	30	29
2021-09-17T14:14:06	28	29	30	29
2021-09-17T14:14:36	29	30	31	29
2021-09-17T14:15:06	30	31	32	29
2021-09-17T14:15:36	31	32	33	30
2021-09-17T14:16:06	32	33	33	30
2021-09-17T14:16:36	33	34	34	30
2021-09-17T14:17:06	34	36	38	31
2021-09-17T14:17:36	35	37	38	32
2021-09-17T14:18:06	35	38	39	32
2021-09-17T14:18:36	37	38	39	33
2021-09-17T14:19:06	39	39	40	33
2021-09-17T14:19:36	40	40	40	34
2021-09-17T14:20:06	41	40	40	35
2021-09-17T14:20:36	42	42	45	35
2021-09-17T14:21:06	43	44	45	36
2021-09-17T14:21:36	43	44	45	38
2021-09-17T14:22:06	43	44	45	39
2021-09-17T14:22:36	44	45	47	39
2021-09-17T14:23:06	48	47	50	40
2021-09-17T14:23:36	49	48	50	41
2021-09-17T14:24:06	49	48	49	42
2021-09-17T14:24:36	48	48	49	42
2021-09-17T14:25:06	51	51	53	43
2021-09-17T14:25:36	52	52	54	44
2021-09-17T14:26:06	52	53	54	45
2021-09-17T14:26:36	51	53	54	46
2021-09-17T14:27:06	56	54	56	46
2021-09-17T14:27:36	57	55	57	48
2021-09-17T14:28:06	57	56	57	49
2021-09-17T14:28:36	57	56	57	49
2021-09-17T14:29:06	59	58	60	50
2021-09-17T14:29:36	59	59	60	51
2021-09-17T14:30:06	59	59	60	52
2021-09-17T14:30:36	61	60	63	52
2021-09-17T14:31:06	62	63	65	53
2021-09-17T14:31:36	61	63	64	54
2021-09-17T14:32:06	65	63	65	55
2021-09-17T14:32:36	66	64	65	56
2021-09-17T14:33:06	68	66	69	57
2021-09-17T14:33:36	70	68	70	57
2021-09-17T14:34:06	69	68	70	59
2021-09-17T14:34:36	69	68	69	60
2021-09-17T14:35:06	70	70	73	60
2021-09-17T14:35:36	71	72	74	61
2021-09-17T14:36:06	71	72	74	62
2021-09-17T14:36:36	71	72	73	63
2021-09-17T14:37:06	78	74	77	64
2021-09-17T14:37:36	79	76	78	65
2021-09-17T14:38:06	79	76	77	66
2021-09-17T14:38:36	79	76	77	67
2021-09-17T14:39:06	80	77	79	68
2021-09-17T14:39:36	81	79	82	69
2021-09-17T14:40:06	80	80	81	70
2021-09-17T14:40:36	81	80	82	71
2021-09-17T14:41:06	81	81	84	71
2021-09-17T14:41:36	82	81	83	72
2021-09-17T14:42:06	86	83	86	73
2021-09-17T14:42:36	87	84	87	74
2021-09-17T14:43:06	87	85	86	75
2021-09-17T14:43:36	87	85	88	76
2021-09-17T14:44:06	89	88	90	77
2021-09-17T14:44:36	89	88	90	78
2021-09-17T14:45:06	89	89	91	78
2021-09-17T14:45:36	90	90	93	79
2021-09-17T14:46:06	90	91	92	80
2021-09-17T14:46:36	93	92	94	81
2021-09-17T14:47:06	96	94	97	82
2021-09-17T14:47:36	96	95	97	83
2021-09-17T14:48:06	96	95	96	84
2021-09-17T14:48:36	97	96	99	85
2021-09-17T14:49:06	96	97	98	86
2021-09-17T14:49:36	99	97	99	86
2021-09-17T14:50:06	101	100	103	87
2021-09-17T14:50:36	101	101	102	89
2021-09-17T14:51:06	101	101	102	89
2021-09-17T14:51:36	101	102	104	90
2021-09-17T14:52:06	102	102	104	91
2021-09-17T14:52:36	107	105	108	92
2021-09-17T14:53:06	108	106	107	93
2021-09-17T14:53:36	107	105	107	94
2021-09-17T14:54:06	109	107	110	95
2021-09-17T14:54:36	108	108	110	96
2021-09-17T14:55:06	108	108	109	96
2021-09-17T14:55:36	109	110	114	97
2021-09-17T14:56:06	110	111	114	98
2021-09-17T14:56:36	114	111	113	99
2021-09-17T14:57:06	115	112	115	100
2021-09-17T14:57:36	116	114	116	101
2021-09-17T14:58:06	116	114	115	102
2021-09-17T14:58:36	117	116	119	103
2021-09-17T14:59:06	117	117	118	104
2021-09-17T14:59:36	117	117	119	104
2021-09-17T15:00:06	117	118	120	105
2021-09-17T15:00:36	121	118	121	106
2021-09-17T15:01:06	123	119	121	107
2021-09-17T15:01:36	125	121	125	108
2021-09-17T15:02:06	125	124	126	109
2021-09-17T15:02:36	124	123	124	110
2021-09-17T15:03:06	125	125	127	111
2021-09-17T15:03:36	125	126	128	112
2021-09-17T15:04:06	126	125	127	113
2021-09-17T15:04:36	130	127	131	113
2021-09-17T15:05:06	131	128	131	115
2021-09-17T15:05:36	131	128	130	117
2021-09-17T15:06:06	132	130	133	117
2021-09-17T15:06:36	132	132	133	117
2021-09-17T15:07:06	131	131	132	119
2021-09-17T15:07:36	135	133	138	119
2021-09-17T15:08:06	137	135	138	120
2021-09-17T15:08:36	136	135	137	122
2021-09-17T15:09:06	136	135	139	123
2021-09-17T15:09:36	137	137	139	123
2021-09-17T15:10:06	139	137	139	123
2021-09-17T15:10:36	141	138	142	124
2021-09-17T15:11:06	143	140	143	125
2021-09-17T15:11:36	142	140	142	126
2021-09-17T15:12:06	142	141	144	127
2021-09-17T15:12:36	143	143	146	128
2021-09-17T15:13:06	145	144	146	130
2021-09-17T15:13:36	147	144	146	131
2021-09-17T15:14:06	148	145	149	132
2021-09-17T15:14:36	149	147	150	133
2021-09-17T15:15:06	148	148	149	133
2021-09-17T15:15:36	149	148	152	134
2021-09-17T15:16:06	150	150	153	135
2021-09-17T15:16:36	151	150	153	136
2021-09-17T15:17:06	155	152	154	137
2021-09-17T15:17:36	154	152	154	138
2021-09-17T15:18:06	155	153	156	139
2021-09-17T15:18:36	155	154	155	139
2021-09-17T15:19:06	155	155	158	139
2021-09-17T15:19:36	156	156	158	141
2021-09-17T15:20:06	160	157	161	141
2021-09-17T15:20:36	161	159	161	142
2021-09-17T15:21:06	161	159	161	144
2021-09-17T15:21:36	162	160	164	144
2021-09-17T15:22:06	161	161	163	146
2021-09-17T15:22:36	161	161	164	147
2021-09-17T15:23:06	166	164	168	148
2021-09-17T15:23:36	166	165	166	149
2021-09-17T15:24:06	165	164	166	150
2021-09-17T15:24:36	169	167	170	151
2021-09-17T15:25:06	169	167	169	152
2021-09-17T15:25:36	169	167	169	152
2021-09-17T15:26:06	170	169	173	153
2021-09-17T15:26:36	169	170	171	154
2021-09-17T15:27:06	175	171	174	155
2021-09-17T15:27:36	175	172	174	156
2021-09-17T15:28:06	176	173	176	157
2021-09-17T15:28:36	176	174	175	158
2021-09-17T15:29:06	176	176	178	159
2021-09-17T15:29:36	175	176	178	160
2021-09-17T15:30:06	180	177	180	161
2021-09-17T15:30:36	181	178	180	161
2021-09-17T15:31:06	181	178	181	163
2021-09-17T15:31:36	181	179	182	164
2021-09-17T15:32:06	181	180	183	164
2021-09-17T15:32:36	182	182	186	165
2021-09-17T15:33:06	182	182	186	166
2021-09-17T15:33:36	186	183	185	167
2021-09-17T15:34:06	188	185	188	167
2021-09-17T15:34:36	188	185	189	169
2021-09-17T15:35:06	189	186	190	170
2021-09-17T15:35:36	189	187	190	171
2021-09-17T15:36:06	188	188	192	171
2021-09-17T15:36:36	191	189	192	172
2021-09-17T15:37:06	192	190	194	173
2021-09-17T15:37:36	191	190	193	174
2021-09-17T15:38:06	197	192	197	175
2021-09-17T15:38:36	197	193	197	176
2021-09-17T15:39:06	196	194	195	177
2021-09-17T15:39:36	196	195	199	177
2021-09-17T15:40:06	198	196	199	179
2021-09-17T15:40:36	199	197	202	179
2021-09-17T15:41:06	198	198	201	180
2021-09-17T15:41:36	200	198	203	181
2021-09-17T15:42:06	203	200	203	182
2021-09-17T15:42:36	202	199	202	183
2021-09-17T15:43:06	204	201	206	184
2021-09-17T15:43:36	203	203	207	185
2021-09-17T15:44:06	205	203	206	186
2021-09-17T15:44:36	208	204	207	186
2021-09-17T15:45:06	209	205	210	187
2021-09-17T15:45:36	207	206	209	189
2021-09-17T15:46:06	210	207	212	189
2021-09-17T15:46:36	212	209	213	190
2021-09-17T15:47:06	211	210	212	191
2021-09-17T15:47:36	212	210	215	192
2021-09-17T15:48:06	212	212	216	193
2021-09-17T15:48:36	212	212	215	194
2021-09-17T15:49:06	217	212	216	195
2021-09-17T15:49:36	219	214	218	196
2021-09-17T15:50:06	218	214	218	197
2021-09-17T15:50:36	218	216	220	198
2021-09-17T15:51:06	219	217	222	199
2021-09-17T15:51:36	222	218	222	200
2021-09-17T15:52:06	222	218	223	201
2021-09-17T15:52:36	221	220	224	202
2021-09-17T15:53:06	224	221	226	202
2021-09-17T15:53:36	227	222	226	204
2021-09-17T15:54:06	226	223	227	205
2021-09-17T15:54:36	226	223	228	206
2021-09-17T15:55:06	227	225	229	206
2021-09-17T15:55:36	226	225	228	207
2021-09-17T15:56:06	230	227	232	208
2021-09-17T15:56:36	230	228	230	209
2021-09-17T15:57:06	230	228	233	210
2021-09-17T15:57:36	230	230	234	211
2021-09-17T15:58:06	233	230	234	212
2021-09-17T15:58:36	234	231	235	212
2021-09-17T15:59:06	235	233	237	214
2021-09-17T15:59:36	233	233	236	214
2021-09-17T16:00:06	239	235	241	215
2021-09-17T16:00:36	239	235	239	216
2021-09-17T16:01:06	239	235	241	218
2021-09-17T16:01:36	239	236	241	219
2021-09-17T16:02:06	241	238	243	220
2021-09-17T16:02:36	240	238	242	220
2021-09-17T16:03:06	244	240	245	221
2021-09-17T16:03:36	245	241	245	222
2021-09-17T16:04:06	244	242	246	223
2021-09-17T16:04:36	244	242	248	224
2021-09-17T16:05:06	247	244	249	225
2021-09-17T16:05:36	247	244	247	226
2021-09-17T16:06:06	250	246	252	227
2021-09-17T16:06:36	249	246	250	228
2021-09-17T16:07:06	252	248	254	228
2021-09-17T16:07:36	253	249	253	230
2021-09-17T16:08:06	253	249	254	231
2021-09-17T16:08:36	252	250	255	232
2021-09-17T16:09:06	255	251	257	233
2021-09-17T16:09:36	256	252	257	234
2021-09-17T16:10:06	257	253	259	235
2021-09-17T16:10:36	255	253	258	236
2021-09-17T16:11:06	261	255	261	236
2021-09-17T16:11:36	262	255	260	238
2021-09-17T16:12:06	261	256	263	239
2021-09-17T16:12:36	260	257	262	239
2021-09-17T16:13:06	264	259	266	240
2021-09-17T16:13:36	265	259	264	242
2021-09-17T16:14:06	265	261	266	243
2021-09-17T16:14:36	264	261	266	242
2021-09-17T16:15:06	267	263	268	244
2021-09-17T16:15:36	269	264	269	245
2021-09-17T16:16:06	268	265	271	246
2021-09-17T16:16:36	269	265	270	247
2021-09-17T16:17:06	271	267	272	248
2021-09-17T16:17:36	270	268	274	248
2021-09-17T16:18:06	272	268	275	249
2021-09-17T16:18:36	274	270	275	251
2021-09-17T16:19:06	274	270	276	251
2021-09-17T16:19:36	276	269	277	252
2021-09-17T16:20:06	275	272	277	253
2021-09-17T16:20:36	278	272	280	254
2021-09-17T16:21:06	279	274	279	254
2021-09-17T16:21:36	279	274	281	256
2021-09-17T16:22:06	279	275	282	257
2021-09-17T16:22:36	281	276	281	258
2021-09-17T16:23:06	281	277	285	258
2021-09-17T16:23:36	283	278	284	259
2021-09-17T16:24:06	284	278	285	260
2021-09-17T16:24:36	283	280	286	261
2021-09-17T16:25:06	288	281	289	262
2021-09-17T16:25:36	287	282	289	263
2021-09-17T16:26:06	287	282	289	264
2021-09-17T16:26:36	287	284	290	265
2021-09-17T16:27:06	291	285	291	266
2021-09-17T16:27:36	291	286	293	267
2021-09-17T16:28:06	291	286	293	268
2021-09-17T16:28:36	293	287	295	269
2021-09-17T16:29:06	293	288	296	270
2021-09-17T16:29:36	295	290	297	271
2021-09-17T16:30:06	295	290	296	272
2021-09-17T16:30:36	298	292	299	273
2021-09-17T16:31:06	297	292	299	274
2021-09-17T16:31:36	300	294	301	275
2021-09-17T16:32:06	298	294	300	276
2021-09-17T16:32:36	301	295	302	277
2021-09-17T16:33:06	301	295	304	278
2021-09-17T16:33:36	303	297	304	279
2021-09-17T16:34:06	302	297	305	280
2021-09-17T16:34:36	307	299	307	280
2021-09-17T16:35:06	305	299	306	282
2021-09-17T16:35:36	305	300	309	283
2021-09-17T16:36:06	308	301	309	284
2021-09-17T16:36:36	309	303	311	285
2021-09-17T16:37:06	308	303	309	285
2021-09-17T16:37:36	312	304	313	287
2021-09-17T16:38:06	312	305	311	288
2021-09-17T16:38:36	311	306	314	289
2021-09-17T16:39:06	315	307	316	289
2021-09-17T16:39:36	314	308	315	289
2021-09-17T16:40:06	314	309	317	291
2021-09-17T16:40:36	316	310	318	292
2021-09-17T16:41:06	318	311	318	293
2021-09-17T16:41:36	317	312	320	294
2021-09-17T16:42:06	321	312	320	295
2021-09-17T16:42:36	321	314	324	296
2021-09-17T16:43:06	319	314	321	297
2021-09-17T16:43:36	325	316	325	298
2021-09-17T16:44:06	323	316	324	298
2021-09-17T16:44:36	323	316	326	299
2021-09-17T16:45:06	323	317	326	300
2021-09-17T16:45:36	329	318	329	301
2021-09-17T16:46:06	327	319	328	302
2021-09-17T16:46:36	326	321	331	303
2021-09-17T16:47:06	330	321	330	304
2021-09-17T16:47:36	331	322	331	305
2021-09-17T16:48:06	332	323	333	306
2021-09-17T16:48:36	331	323	332	307
2021-09-17T16:49:06	332	325	336	308
2021-09-17T16:49:36	333	325	335	309
2021-09-17T16:50:06	336	328	337	310
2021-09-17T16:50:36	336	329	337	311
2021-09-17T16:51:06	336	329	340	312
2021-09-17T16:51:36	339	330	339	313
2021-09-17T16:52:06	340	331	343	314
2021-09-17T16:52:36	339	332	341	315
2021-09-17T16:53:06	341	334	344	316
2021-09-17T16:53:36	343	334	342	317
2021-09-17T16:54:06	341	336	344	318
2021-09-17T16:54:36	344	337	346	319
2021-09-17T16:55:06	346	337	347	320
2021-09-17T16:55:36	345	338	347	321
2021-09-17T16:56:06	348	338	348	322
2021-09-17T16:56:36	347	340	348	323
2021-09-17T16:57:06	349	341	352	325
2021-09-17T16:57:36	349	342	351	325
2021-09-17T16:58:06	350	343	352	327
2021-09-17T16:58:36	350	343	354	328
2021-09-17T16:59:06	354	344	354	329
2021-09-17T16:59:36	353	344	353	330
2021-09-17T17:00:06	355	346	357	331
2021-09-17T17:00:36	355	347	358	331
2021-09-17T17:01:06	356	348	358	333
2021-09-17T17:01:36	357	349	360	334
2021-09-17T17:02:06	356	350	360	335
2021-09-17T17:02:36	361	351	362	336
2021-09-17T17:03:06	359	351	362	337
2021-09-17T17:03:36	363	353	364	338
2021-09-17T17:04:06	361	353	363	339
2021-09-17T17:04:36	364	355	367	340
2021-09-17T17:05:06	363	355	364	341
2021-09-17T17:05:36	365	356	368	342
2021-09-17T17:06:06	364	357	366	343
2021-09-17T17:06:36	369	359	370	344
2021-09-17T17:07:06	367	359	368	345
2021-09-17T17:07:36	371	360	372	346
2021-09-17T17:08:06	369	360	371	347
2021-09-17T17:08:36	372	363	374	348
2021-09-17T17:09:06	370	363	373	349
2021-09-17T17:09:36	375	364	375	350
2021-09-17T17:10:06	373	365	376	351
2021-09-17T17:10:36	377	366	378	352
2021-09-17T17:11:06	374	366	376	353
2021-09-17T17:11:36	378	368	380	354
2021-09-17T17:12:06	376	368	378	355
2021-09-17T17:12:36	380	370	382	356
2021-09-17T17:13:06	380	370	381	357
2021-09-17T17:13:36	382	372	383	358
2021-09-17T17:14:06	383	373	384	359
2021-09-17T17:14:36	382	373	384	360
2021-09-17T17:15:06	385	375	386	361
2021-09-17T17:15:36	383	375	386	362
2021-09-17T17:16:06	388	376	388	363
2021-09-17T17:16:36	387	378	388	364
2021-09-17T17:17:06	389	379	391	364
2021-09-17T17:17:36	388	379	390	365
2021-09-17T17:18:06	390	381	393	366
2021-09-17T17:18:36	389	381	393	367
2021-09-17T17:19:06	391	382	392	369
2021-09-17T17:19:36	394	383	397	369
2021-09-17T17:20:06	392	384	395	371
2021-09-17T17:20:36	395	385	398	372
2021-09-17T17:21:06	396	386	399	373
2021-09-17T17:21:36	396	387	397	373
2021-09-17T17:22:06	398	388	401	374
2021-09-17T17:22:36	398	388	400	376
2021-09-17T17:23:06	399	390	402	377
2021-09-17T17:23:36	400	391	403	378
2021-09-17T17:24:06	402	392	403	378
2021-09-17T17:24:36	404	392	405	379
2021-09-17T17:25:06	402	393	405	381
2021-09-17T17:25:36	405	395	406	382
2021-09-17T17:26:06	406	396	408	383
2021-09-17T17:26:36	408	397	409	383
2021-09-17T17:27:06	406	397	410	384
2021-09-17T17:27:36	407	398	409	386
2021-09-17T17:28:06	409	400	413	386
2021-09-17T17:28:36	411	401	413	387
2021-09-17T17:29:06	412	401	413	389
2021-09-17T17:29:36	411	402	414	390
2021-09-17T17:30:06	413	404	415	390
2021-09-17T17:30:36	413	404	416	392
2021-09-17T17:31:06	415	404	416	392
2021-09-17T17:31:36	414	405	417	394
2021-09-17T17:32:06	418	407	419	395
2021-09-17T17:32:36	416	407	420	396
2021-09-17T17:33:06	420	409	421	396
2021-09-17T17:33:36	419	410	424	397
2021-09-17T17:34:06	421	411	423	399
2021-09-17T17:34:36	422	411	424	400
2021-09-17T17:35:06	424	412	424	401
2021-09-17T17:35:36	422	413	426	402
2021-09-17T17:36:06	426	415	426	403
2021-09-17T17:36:36	425	415	429	404
2021-09-17T17:37:06	427	416	429	405
2021-09-17T17:37:36	427	417	429	405
2021-09-17T17:38:06	430	418	430	407
2021-09-17T17:38:36	431	420	432	408
2021-09-17T17:39:06	428	420	432	409
2021-09-17T17:39:36	432	421	434	411
2021-09-17T17:40:06	431	422	434	411
2021-09-17T17:40:36	434	423	436	412
2021-09-17T17:41:06	435	423	437	413
2021-09-17T17:41:36	435	424	438	414
2021-09-17T17:42:06	438	425	439	415
2021-09-17T17:42:36	437	426	440	416
2021-09-17T17:43:06	439	427	441	417
2021-09-17T17:43:36	439	428	442	418
2021-09-17T17:44:06	440	429	442	419
2021-09-17T17:44:36	443	430	445	420
2021-09-17T17:45:06	442	430	444	421
2021-09-17T17:45:36	444	432	446	422
2021-09-17T17:46:06	445	432	447	423
2021-09-17T17:46:36	446	433	448	424
2021-09-17T17:47:06	447	435	450	425
2021-09-17T17:47:36	446	435	450	426
2021-09-17T17:48:06	450	436	452	427
2021-09-17T17:48:36	448	437	451	428
2021-09-17T17:49:06	452	438	454	428
2021-09-17T17:49:36	451	438	454	429
2021-09-17T17:50:06	452	440	456	431
2021-09-17T17:50:36	453	441	454	432
2021-09-17T17:51:06	454	442	457	432
2021-09-17T17:51:36	455	442	458	433
2021-09-17T17:52:06	456	443	458	435
2021-09-17T17:52:36	458	445	460	436
2021-09-17T17:53:06	458	446	461	436
2021-09-17T17:53:36	459	447	461	438
2021-09-17T17:54:06	459	447	461	439
2021-09-17T17:54:36	462	448	464	440
2021-09-17T17:55:06	462	450	465	440
2021-09-17T17:55:36	463	451	464	441
2021-09-17T17:56:06	466	451	465	443
2021-09-17T17:56:36	466	453	468	444
2021-09-17T17:57:06	467	454	469	445
2021-09-17T17:57:36	466	455	470	446
2021-09-17T17:58:06	469	455	471	447
2021-09-17T17:58:36	468	456	471	447
2021-09-17T17:59:06	470	457	471	449
2021-09-17T17:59:36	472	458	474	450
2021-09-17T18:00:06	471	460	475	451
2021-09-17T18:00:36	473	460	474	452
2021-09-17T18:01:06	475	462	477	453
2021-09-17T18:01:36	474	462	478	453
2021-09-17T18:02:06	475	463	478	455
2021-09-17T18:02:36	477	465	481	455
2021-09-17T18:03:06	477	464	480	456
2021-09-17T18:03:36	479	466	480	458
2021-09-17T18:04:06	481	467	484	459
2021-09-17T18:04:36	482	468	484	459
2021-09-17T18:05:06	481	468	484	460
2021-09-17T18:05:36	483	470	486	461
2021-09-17T18:06:06	482	469	485	463
2021-09-17T18:06:36	485	471	486	464
2021-09-17T18:07:06	486	472	489	465
2021-09-17T18:07:36	486	472	489	466
2021-09-17T18:08:06	486	474	489	466
2021-09-17T18:08:36	489	475	490	467
2021-09-17T18:09:06	489	476	492	468
2021-09-17T18:09:36	491	477	493	469
2021-09-17T18:10:06	491	478	494	470
2021-09-17T18:10:36	493	479	494	472
2021-09-17T18:11:06	495	480	495	473
2021-09-17T18:11:36	493	481	498	474
2021-09-17T18:12:06	497	482	498	475
2021-09-17T18:12:36	495	482	498	476
2021-09-17T18:13:06	498	484	500	478
2021-09-17T18:13:36	500	485	501	478
2021-09-17T18:14:06	499	486	501	479
2021-09-17T18:14:36	502	487	503	480
2021-09-17T18:15:06	503	488	505	481
2021-09-17T18:15:36	504	489	505	482
2021-09-17T18:16:06	502	489	505	483
2021-09-17T18:16:36	505	491	507	484
2021-09-17T18:17:06	506	491	507	485
2021-09-17T18:17:36	507	493	509	486
2021-09-17T18:18:06	509	494	510	487
2021-09-17T18:18:36	510	494	512	488
2021-09-17T18:19:06	510	494	511	489
2021-09-17T18:19:36	509	497	513	490
2021-09-17T18:20:06	510	498	514	490
2021-09-17T18:20:36	514	498	515	491
2021-09-17T18:21:06	512	500	517	493
2021-09-17T18:21:36	513	500	515	494
2021-09-17T18:22:06	517	502	518	495
2021-09-17T18:22:36	517	503	519	496
2021-09-17T18:23:06	516	503	519	497
2021-09-17T18:23:36	517	505	519	498
2021-09-17T18:24:06	519	506	521	499
2021-09-17T18:24:36	521	507	523	500
2021-09-17T18:25:06	519	508	524	501
2021-09-17T18:25:36	522	508	524	502
2021-09-17T18:26:06	525	510	526	503
2021-09-17T18:26:36	525	511	527	504
2021-09-17T18:27:06	525	511	527	505
2021-09-17T18:27:36	527	512	528	506
2021-09-17T18:28:06	528	514	530	507
2021-09-17T18:28:36	529	513	529	508
2021-09-17T18:29:06	528	515	532	509
2021-09-17T18:29:36	530	516	532	510
2021-09-17T18:30:06	530	517	532	511
2021-09-17T18:30:36	532	518	536	512
2021-09-17T18:31:06	533	519	537	513
2021-09-17T18:31:36	534	520	537	514
2021-09-17T18:32:06	534	521	537	515
2021-09-17T18:32:36	535	522	539	516
2021-09-17T18:33:06	537	523	540	517
2021-09-17T18:33:36	539	524	541	518
2021-09-17T18:34:06	538	526	541	519
2021-09-17T18:34:36	540	526	542	521
2021-09-17T18:35:06	541	527	543	521
2021-09-17T18:35:36	542	528	545	522
2021-09-17T18:36:06	542	529	545	523
2021-09-17T18:36:36	544	529	545	525
2021-09-17T18:37:06	546	531	548	525
2021-09-17T18:37:36	547	531	547	526
2021-09-17T18:38:06	546	533	549	528
2021-09-17T18:38:36	547	534	550	529
2021-09-17T18:39:06	549	535	550	529
2021-09-17T18:39:36	549	535	551	531
2021-09-17T18:40:06	551	536	552	532
2021-09-17T18:40:36	552	538	554	532
2021-09-17T18:41:06	552	538	555	534
2021-09-17T18:41:36	555	539	556	535
2021-09-17T18:42:06	555	540	557	536
2021-09-17T18:42:36	556	541	557	537
2021-09-17T18:43:06	555	542	558	537
2021-09-17T18:43:36	558	543	560	539
2021-09-17T18:44:06	560	544	562	539
2021-09-17T18:44:36	560	544	561	541
2021-09-17T18:45:06	559	546	562	541
2021-09-17T18:45:36	562	547	563	543
2021-09-17T18:46:06	563	548	565	544
2021-09-17T18:46:36	564	548	566	544
2021-09-17T18:47:06	565	549	568	546
2021-09-17T18:47:36	566	550	567	547
2021-09-17T18:48:06	566	551	568	548
2021-09-17T18:48:36	568	552	569	549
2021-09-17T18:49:06	569	554	570	550
2021-09-17T18:49:36	571	555	572	551
2021-09-17T18:50:06	571	556	573	552
2021-09-17T18:50:36	572	557	574	553
2021-09-17T18:51:06	573	558	575	554
2021-09-17T18:51:36	574	559	575	555
2021-09-17T18:52:06	574	560	577	556
2021-09-17T18:52:36	576	562	579	558
2021-09-17T18:53:06	577	562	578	558
2021-09-17T18:53:36	576	562	578	559
2021-09-17T18:54:06	577	563	581	560
2021-09-17T18:54:36	578	564	582	561
2021-09-17T18:55:06	580	565	584	562
2021-09-17T18:55:36	581	566	584	564
2021-09-17T18:56:06	581	567	583	564
2021-09-17T18:56:36	582	569	586	565
2021-09-17T18:57:06	584	570	587	567
2021-09-17T18:57:36	586	571	587	568
2021-09-17T18:58:06	586	572	588	568
2021-09-17T18:58:36	586	573	591	570
2021-09-17T18:59:06	588	573	591	571
2021-09-17T18:59:36	588	574	592	572
2021-09-17T19:00:06	591	575	592	573
2021-09-17T19:00:36	590	576	593	574
2021-09-17T19:01:06	592	577	593	575
2021-09-17T19:01:36	592	579	596	576
2021-09-17T19:02:06	595	579	597	577
2021-09-17T19:02:36	595	580	598	578
2021-09-17T19:03:06	597	582	598	579
2021-09-17T19:03:36	597	582	600	580
2021-09-17T19:04:06	597	583	600	581
2021-09-17T19:04:36	599	584	601	582
2021-09-17T19:05:06	599	585	603	583
2021-09-17T19:05:36	601	586	604	584
2021-09-17T19:06:06	603	587	605	585
2021-09-17T19:06:36	603	588	607	586
2021-09-17T19:07:06	605	589	606	588
2021-09-17T19:07:36	603	590	608	588
2021-09-17T19:08:06	606	591	609	589
2021-09-17T19:08:36	607	592	609	590
2021-09-17T19:09:06	607	594	611	593
2021-09-17T19:09:36	609	594	611	593
2021-09-17T19:10:06	609	595	612	594
2021-09-17T19:10:36	610	597	614	595
2021-09-17T19:11:06	613	598	615	596
2021-09-17T19:11:36	613	598	616	597
2021-09-17T19:12:06	614	600	616	598
2021-09-17T19:12:37	615	601	618	599
2021-09-17T19:13:07	616	602	618	600
2021-09-17T19:13:37	617	603	620	601
2021-09-17T19:14:07	618	603	620	602
2021-09-17T19:14:37	619	605	621	604
2021-09-17T19:15:07	620	607	623	605
2021-09-17T19:15:37	620	607	622	606
2021-09-17T19:16:07	622	608	624	606
2021-09-17T19:16:37	623	609	625	609
2021-09-17T19:17:07	625	611	626	609
2021-09-17T19:17:37	623	611	626	611
2021-09-17T19:18:07	625	613	628	611
2021-09-17T19:18:37	626	613	629	612
2021-09-17T19:19:07	628	614	629	613
2021-09-17T19:19:37	626	615	630	614
2021-09-17T19:20:07	628	616	631	615
2021-09-17T19:20:37	629	617	631	616
2021-09-17T19:21:07	631	618	632	616
2021-09-17T19:21:37	631	618	634	618
2021-09-17T19:22:07	632	620	635	618
2021-09-17T19:22:37	634	621	636	620
2021-09-17T19:23:07	634	622	638	621
2021-09-17T19:23:37	636	622	639	622
2021-09-17T19:24:07	637	623	639	623
2021-09-17T19:24:37	638	625	639	624
2021-09-17T19:25:07	639	626	641	625
2021-09-17T19:25:37	642	627	642	626
2021-09-17T19:26:07	642	627	644	627
2021-09-17T19:26:37	641	629	644	628
2021-09-17T19:27:07	642	630	645	629
2021-09-17T19:27:37	643	631	648	630
2021-09-17T19:28:07	646	631	648	631
2021-09-17T19:28:37	646	633	649	632
2021-09-17T19:29:07	647	634	649	633
2021-09-17T19:29:37	649	634	650	634
2021-09-17T19:30:07	647	635	651	635
2021-09-17T19:30:37	649	636	652	636
2021-09-17T19:31:07	651	637	653	637
2021-09-17T19:31:37	651	638	653	639
2021-09-17T19:32:07	652	639	655	639
2021-09-17T19:32:37	654	641	656	640
2021-09-17T19:33:07	655	642	658	641
2021-09-17T19:33:37	655	642	659	644
2021-09-17T19:34:07	656	643	658	644
2021-09-17T19:34:37	658	644	661	644
2021-09-17T19:35:07	658	645	661	646
2021-09-17T19:35:37	659	646	662	647
2021-09-17T19:36:07	659	647	663	648
2021-09-17T19:36:37	662	649	664	649
2021-09-17T19:37:07	663	649	665	651
2021-09-17T19:37:37	663	650	666	650
2021-09-17T19:38:07	664	651	667	652
2021-09-17T19:38:37	666	652	669	653
2021-09-17T19:39:07	665	653	670	655
2021-09-17T19:39:37	667	654	670	656
2021-09-17T19:40:07	671	655	672	656
2021-09-17T19:40:37	671	656	673	658
2021-09-17T19:41:07	671	657	673	658
2021-09-17T19:41:37	673	658	675	659
2021-09-17T19:42:07	673	658	676	661
2021-09-17T19:42:37	674	660	677	662
2021-09-17T19:43:07	674	661	677	663
2021-09-17T19:43:37	675	662	678	663
2021-09-17T19:44:07	675	663	679	665
2021-09-17T19:44:37	677	664	680	666
2021-09-17T19:45:07	680	665	681	667
2021-09-17T19:45:37	680	666	682	668
2021-09-17T19:46:07	680	667	684	669
2021-09-17T19:46:37	682	668	683	670
2021-09-17T19:47:07	681	669	684	671
2021-09-17T19:47:37	685	669	686	672
2021-09-17T19:48:07	686	671	687	673
2021-09-17T19:48:37	686	671	687	674
2021-09-17T19:49:07	684	673	688	675
2021-09-17T19:49:37	686	674	690	676
2021-09-17T19:50:07	687	675	690	677
2021-09-17T19:50:37	689	676	691	677
2021-09-17T19:51:07	691	677	693	679
2021-09-17T19:51:37	690	678	694	680
2021-09-17T19:52:07	693	679	694	681
2021-09-17T19:52:37	694	680	695	682
2021-09-17T19:53:07	694	681	696	683
2021-09-17T19:53:37	696	682	697	684
2021-09-17T19:54:07	697	683	698	685
2021-09-17T19:54:37	698	683	699	686
2021-09-17T19:55:07	698	685	701	687
2021-09-17T19:55:37	699	685	700	687
2021-09-17T19:56:07	700	686	702	689
2021-09-17T19:56:37	702	688	703	690
2021-09-17T19:57:07	703	688	704	691
2021-09-17T19:57:37	702	689	705	692
2021-09-17T19:58:07	704	690	706	693
2021-09-17T19:58:37	704	691	707	694
2021-09-17T19:59:07	705	692	707	694
2021-09-17T19:59:37	706	694	709	696
2021-09-17T20:00:07	708	695	710	696
2021-09-17T20:00:37	709	695	710	698
2021-09-17T20:01:07	709	696	711	699
2021-09-17T20:01:37	709	697	712	700
2021-09-17T20:02:07	711	698	714	701
2021-09-17T20:02:37	712	700	716	702
2021-09-17T20:03:07	713	700	715	703
2021-09-17T20:03:37	714	702	717	704
2021-09-17T20:04:07	716	703	717	705
2021-09-17T20:04:37	716	705	719	706
2021-09-17T20:05:07	717	705	720	707
2021-09-17T20:05:37	718	706	722	708
2021-09-17T20:06:07	720	707	722	709
2021-09-17T20:06:37	721	708	724	710
2021-09-17T20:07:07	721	709	722	711
2021-09-17T20:07:37	722	709	725	712
2021-09-17T20:08:07	722	711	726	713
2021-09-17T20:08:37	724	712	727	714
2021-09-17T20:09:07	725	713	728	715
2021-09-17T20:09:37	726	714	728	716
2021-09-17T20:10:07	727	715	729	718
2021-09-17T20:10:37	727	716	730	718
2021-09-17T20:11:07	729	717	732	719
2021-09-17T20:11:37	730	718	733	720
2021-09-17T20:12:07	731	719	734	721
2021-09-17T20:12:37	732	719	736	722
2021-09-17T20:13:07	734	720	737	723
2021-09-17T20:13:37	735	721	737	724
2021-09-17T20:14:07	735	723	739	725
2021-09-17T20:14:37	735	723	740	726
2021-09-17T20:15:07	738	724	741	727
2021-09-17T20:15:37	738	725	741	728
2021-09-17T20:16:07	739	726	742	729
2021-09-17T20:16:37	741	727	743	730
2021-09-17T20:17:07	742	728	745	732
2021-09-17T20:17:37	743	729	746	732
2021-09-17T20:18:07	743	730	747	733
2021-09-17T20:18:37	745	731	748	734
2021-09-17T20:19:07	746	732	749	735
2021-09-17T20:19:37	746	733	748	736
2021-09-17T20:20:07	747	733	749	737
2021-09-17T20:20:37	749	735	751	738
2021-09-17T20:21:07	750	736	752	739
2021-09-17T20:21:37	751	737	753	740
2021-09-17T20:22:07	752	738	754	741
2021-09-17T20:22:37	753	739	755	742
2021-09-17T20:23:07	754	740	755	743
2021-09-17T20:23:37	755	741	756	744
2021-09-17T20:24:07	755	742	757	745
2021-09-17T20:24:37	757	743	759	746
2021-09-17T20:25:07	758	744	759	747
2021-09-17T20:25:37	759	745	760	748
2021-09-17T20:26:07	760	746	761	749
2021-09-17T20:26:37	760	747	762	750
2021-09-17T20:27:07	761	748	763	751
2021-09-17T20:27:37	763	749	765	752
2021-09-17T20:28:07	764	749	764	753
2021-09-17T20:28:37	763	750	766	754
2021-09-17T20:29:07	764	751	766	755
2021-09-17T20:29:37	766	753	769	756
2021-09-17T20:30:07	767	754	768	757
2021-09-17T20:30:37	769	755	769	758
2021-09-17T20:31:07	768	755	770	759
2021-09-17T20:31:37	770	757	772	760
2021-09-17T20:32:07	769	758	773	761
2021-09-17T20:32:37	772	759	774	762
2021-09-17T20:33:07	773	760	774	763
2021-09-17T20:33:37	772	761	775	764
2021-09-17T20:34:07	774	762	776	764
2021-09-17T20:34:37	774	763	777	765
2021-09-17T20:35:07	776	764	779	766
2021-09-17T20:35:37	776	765	780	767
2021-09-17T20:36:07	778	766	782	768
2021-09-17T20:36:37	778	767	783	769
2021-09-17T20:37:07	779	768	783	770
2021-09-17T20:37:37	781	769	784	771
2021-09-17T20:38:07	783	770	786	772
2021-09-17T20:38:37	783	770	786	773
2021-09-17T20:39:07	784	771	786	774
2021-09-17T20:39:37	784	772	787	775
2021-09-17T20:40:07	785	773	788	775
2021-09-17T20:40:37	786	774	790	776
2021-09-17T20:41:07	787	775	791	777
2021-09-17T20:41:37	788	776	792	778
2021-09-17T20:42:07	792	777	792	779
2021-09-17T20:42:37	791	778	794	780
2021-09-17T20:43:07	791	779	795	781
2021-09-17T20:43:37	792	780	795	782
2021-09-17T20:44:07	792	780	797	783
2021-09-17T20:44:37	794	781	799	784
2021-09-17T20:45:07	797	782	800	785
2021-09-17T20:45:37	797	783	800	786
2021-09-17T20:46:07	797	784	800	787
2021-09-17T20:46:37	798	785	802	787
2021-09-17T20:47:07	801	786	803	789
2021-09-17T20:47:37	801	787	804	790
2021-09-17T20:48:07	803	788	805	790
2021-09-17T20:48:37	804	789	807	792
2021-09-17T20:49:07	804	790	807	793
2021-09-17T20:49:37	804	790	808	794
2021-09-17T20:50:07	806	792	809	795
2021-09-17T20:50:37	807	792	810	796
2021-09-17T20:51:07	809	794	811	797
2021-09-17T20:51:37	809	795	812	798
2021-09-17T20:52:07	811	795	814	800
2021-09-17T20:52:37	811	796	814	800
2021-09-17T20:53:07	813	797	815	801
2021-09-17T20:53:37	814	798	816	802
2021-09-17T20:54:07	815	798	816	803
2021-09-17T20:54:37	815	800	817	805
2021-09-17T20:55:07	816	801	819	805
2021-09-17T20:55:37	817	801	819	806
2021-09-17T20:56:07	818	803	820	807
2021-09-17T20:56:37	819	804	822	808
2021-09-17T20:57:07	821	804	822	809
2021-09-17T20:57:37	820	805	822	810
2021-09-17T20:58:07	822	807	826	811
2021-09-17T20:58:37	823	807	826	813
2021-09-17T20:59:07	824	808	826	813
2021-09-17T20:59:37	825	810	827	814
2021-09-17T21:00:07	826	810	827	815
2021-09-17T21:00:37	825	811	828	817
2021-09-17T21:01:07	827	812	831	818
2021-09-17T21:01:37	829	813	831	819
2021-09-17T21:02:07	829	814	832	821
2021-09-17T21:02:37	830	815	833	822
2021-09-17T21:03:07	831	816	833	822
2021-09-17T21:03:37	832	818	835	824
2021-09-17T21:04:07	832	818	835	825
2021-09-17T21:04:37	833	819	837	825
2021-09-17T21:05:07	835	821	840	827
2021-09-17T21:05:37	835	821	840	827
2021-09-17T21:06:07	837	823	840	829
2021-09-17T21:06:37	837	824	841	829
2021-09-17T21:07:07	838	824	842	830
2021-09-17T21:07:37	840	826	843	832
2021-09-17T21:08:07	840	826	845	833
2021-09-17T21:08:37	841	827	845	833
2021-09-17T21:09:07	842	828	845	835
2021-09-17T21:09:37	843	829	846	835
2021-09-17T21:10:07	845	830	847	837
2021-09-17T21:10:37	845	831	850	837
2021-09-17T21:11:07	845	832	849	839
2021-09-17T21:11:37	847	833	851	840
2021-09-17T21:12:07	848	834	852	841
2021-09-17T21:12:37	849	835	852	842
2021-09-17T21:13:07	852	836	854	843
2021-09-17T21:13:37	852	837	856	845
2021-09-17T21:14:07	853	838	855	846
2021-09-17T21:14:37	853	839	856	847
2021-09-17T21:15:07	855	840	858	847
2021-09-17T21:15:37	855	841	859	848
2021-09-17T21:16:07	858	842	860	850
2021-09-17T21:16:37	859	843	862	850
2021-09-17T21:17:07	860	844	863	852
2021-09-17T21:17:37	860	845	862	853
2021-09-17T21:18:07	861	846	864	853
2021-09-17T21:18:37	861	847	865	854
2021-09-17T21:19:07	862	848	866	855
2021-09-17T21:19:37	865	849	867	856
2021-09-17T21:20:07	866	850	869	857
2021-09-17T21:20:37	867	851	870	859
2021-09-17T21:21:07	868	852	871	859
2021-09-17T21:21:37	868	853	871	861
2021-09-17T21:22:07	869	854	872	862
2021-09-17T21:22:37	871	855	873	864
2021-09-17T21:23:07	872	856	874	865
2021-09-17T21:23:37	873	858	876	865
2021-09-17T21:24:07	874	859	876	866
2021-09-17T21:24:37	874	860	876	867
2021-09-17T21:25:07	875	860	878	868
2021-09-17T21:25:37	877	861	878	869
2021-09-17T21:26:07	877	863	880	871
2021-09-17T21:26:37	879	864	881	872
2021-09-17T21:27:07	880	865	882	873
2021-09-17T21:27:37	881	866	883	874
2021-09-17T21:28:07	882	867	883	875
2021-09-17T21:28:37	881	867	885	876
2021-09-17T21:29:07	883	869	886	877
2021-09-17T21:29:37	884	870	887	878
2021-09-17T21:30:07	885	871	888	879
2021-09-17T21:30:37	886	872	888	880
2021-09-17T21:31:07	887	873	889	881
2021-09-17T21:31:37	889	874	890	882
2021-09-17T21:32:07	887	875	891	883
2021-09-17T21:32:37	888	876	892	884
2021-09-17T21:33:07	891	876	893	885
2021-09-17T21:33:37	892	878	895	886
2021-09-17T21:34:07	893	879	894	887
2021-09-17T21:34:37	895	880	896	888
2021-09-17T21:35:07	893	881	897	890
2021-09-17T21:35:37	894	882	897	891
2021-09-17T21:36:07	896	883	899	892
2021-09-17T21:36:37	897	884	901	893
2021-09-17T21:37:07	899	886	902	894
2021-09-17T21:37:37	899	886	901	895
2021-09-17T21:38:07	899	887	902	896
2021-09-17T21:38:37	900	887	902	896
2021-09-17T21:39:07	899	888	902	897
2021-09-17T21:39:37	898	888	903	897
2021-09-17T21:40:07	899	889	902	897
2021-09-17T21:40:37	898	889	903	897
2021-09-17T21:41:07	899	889	902	897
2021-09-17T21:41:37	900	890	901	897
2021-09-17T21:42:07	900	890	902	898
2021-09-17T21:42:37	899	891	902	898
2021-09-17T21:43:07	900	891	903	898
2021-09-17T21:43:37	900	892	902	898
2021-09-17T21:44:07	900	892	901	898
2021-09-17T21:44:37	899	893	902	898
2021-09-17T21:45:07	899	893	902	898
2021-09-17T21:45:37	899	893	903	898
2021-09-17T21:46:07	899	894	903	899
2021-09-17T21:46:37	900	895	902	899
2021-09-17T21:47:07	900	895	902	899
2021-09-17T21:47:37	899	895	902	899
2021-09-17T21:48:07	898	896	902	899
2021-09-17T21:48:37	898	897	902	900
2021-09-17T21:49:07	899	896	901	900
2021-09-17T21:49:37	900	896	901	899
2021-09-17T21:50:07	899	896	902	899
2021-09-17T21:50:37	900	896	903	899
2021-09-17T21:51:07	898	896	903	899
2021-09-17T21:51:37	900	896	902	899
2021-09-17T21:52:07	901	896	902	899
2021-09-17T21:52:37	900	897	902	899
2021-09-17T21:53:07	901	897	903	899
2021-09-17T21:53:37	901	897	902	900
2021-09-17T21:54:07	901	897	902	900
2021-09-17T21:54:37	899	897	902	900
2021-09-17T21:55:07	898	897	902	900
2021-09-17T21:55:37	900	897	903	900
2021-09-17T21:56:07	900	897	903	900
2021-09-17T21:56:37	898	897	901	900
2021-09-17T21:57:07	899	897	903	901
2021-09-17T21:57:37	901	897	903	901
2021-09-17T21:58:07	899	897	903	901
2021-09-17T21:58:37	898	896	902	901
2021-09-17T21:59:07	900	897	902	901
2021-09-17T21:59:37	899	897	903	901
2021-09-17T22:00:07	901	897	902	901
2021-09-17T22:00:37	902	897	902	901
2021-09-17T22:01:07	900	897	903	901
2021-09-17T22:01:37	901	897	903	901
2021-09-17T22:02:07	899	897	902	902
2021-09-17T22:02:37	900	898	902	902
2021-09-17T22:03:07	901	898	903	901
2021-09-17T22:03:37	899	898	902	902
2021-09-17T22:04:07	901	898	903	902
2021-09-17T22:04:37	899	898	903	902
2021-09-17T22:05:07	900	898	902	902
2021-09-17T22:05:37	899	898	903	902
2021-09-17T22:06:07	899	898	902	902
2021-09-17T22:06:37	900	899	902	902
2021-09-17T22:07:07	900	898	903	902
2021-09-17T22:07:37	899	899	902	902
2021-09-17T22:08:07	900	899	903	902
2021-09-17T22:08:37	899	899	903	902
2021-09-17T22:09:07	900	899	903	902
2021-09-17T22:09:37	898	899	903	902
2021-09-17T22:10:07	900	898	901	902
2021-09-17T22:10:37	899	899	903	902
2021-09-17T22:11:07	901	899	903	902
2021-09-17T22:11:37	899	899	903	902
2021-09-17T22:12:07	901	899	902	902
2021-09-17T22:12:37	900	899	903	902
2021-09-17T22:13:07	898	899	902	902
2021-09-17T22:13:37	900	899	902	903
2021-09-17T22:14:07	899	899	903	902
2021-09-17T22:14:37	899	898	903	903
2021-09-17T22:15:07	899	899	902	902
2021-09-17T22:15:37	901	898	902	902
2021-09-17T22:16:07	899	899	902	902
2021-09-17T22:16:37	899	900	902	902
2021-09-17T22:17:07	901	899	903	902
2021-09-17T22:17:37	899	899	902	902
2021-09-17T22:18:07	900	899	902	901
2021-09-17T22:18:37	900	899	903	902
2021-09-17T22:19:07	899	899	903	901
2021-09-17T22:19:37	900	899	902	902
2021-09-17T22:20:07	899	899	903	902
2021-09-17T22:20:37	900	899	902	902
2021-09-17T22:21:07	899	899	902	902
2021-09-17T22:21:37	899	899	903	902
2021-09-17T22:22:07	900	899	903	902
2021-09-17T22:22:37	899	900	903	902
2021-09-17T22:23:07	900	899	902	902
2021-09-17T22:23:37	899	900	903	902
2021-09-17T22:24:07	901	900	903	902
2021-09-17T22:24:37	899	899	903	902
2021-09-17T22:25:07	901	899	902	902
2021-09-17T22:25:37	899	899	902	902
2021-09-17T22:26:07	899	900	903	902
2021-09-17T22:26:37	901	899	903	902
2021-09-17T22:27:07	899	899	903	902
2021-09-17T22:27:37	901	899	902	902
2021-09-17T22:28:07	900	899	903	902
2021-09-17T22:28:37	899	900	903	902
2021-09-17T22:29:07	901	899	903	902
2021-09-17T22:29:37	899	899	901	902
2021-09-17T22:30:07	899	899	902	902
2021-09-17T22:30:37	900	899	903	902
2021-09-17T22:31:07	900	899	904	902
2021-09-17T22:31:37	899	899	903	902
2021-09-17T22:32:07	901	899	901	902
2021-09-17T22:32:37	900	899	901	902
2021-09-17T22:33:07	899	899	902	902
2021-09-17T22:33:37	900	899	902	902
2021-09-17T22:34:07	899	899	903	902
2021-09-17T22:34:37	901	899	904	902
2021-09-17T22:35:07	899	899	903	902
2021-09-17T22:35:37	899	899	901	902
2021-09-17T22:36:07	900	899	903	902
2021-09-17T22:36:37	899	899	903	902
2021-09-17T22:37:07	900	899	901	902
2021-09-17T22:37:37	899	899	902	902
2021-09-17T22:38:07	900	899	902	902
2021-09-17T22:38:37	899	899	903	902
2021-09-17T22:39:07	900	899	903	902
2021-09-17T22:39:37	900	899	903	902
2021-09-17T22:40:07	900	899	903	902
2021-09-17T22:40:37	900	899	902	902
2021-09-17T22:41:07	899	899	902	902
2021-09-17T22:41:37	900	899	902	902
2021-09-17T22:42:07	899	899	903	902
2021-09-17T22:42:37	900	900	903	902
2021-09-17T22:43:07	899	899	903	902
2021-09-17T22:43:37	901	899	903	902
2021-09-17T22:44:07	899	899	902	902
2021-09-17T22:44:37	899	899	902	902
2021-09-17T22:45:07	900	898	902	902
2021-09-17T22:45:37	899	899	902	902
2021-09-17T22:46:07	901	900	903	902
2021-09-17T22:46:37	899	899	903	902
2021-09-17T22:47:07	901	899	903	902
2021-09-17T22:47:37	899	898	901	902
2021-09-17T22:48:07	898	899	902	902
2021-09-17T22:48:37	900	899	901	902
2021-09-17T22:49:07	899	899	902	902
2021-09-17T22:49:37	901	899	902	902
2021-09-17T22:50:07	899	899	902	902
2021-09-17T22:50:37	901	899	902	901
2021-09-17T22:51:07	899	899	903	902
2021-09-17T22:51:37	901	899	903	902
2021-09-17T22:52:07	899	900	903	902
2021-09-17T22:52:37	899	900	902	902
2021-09-17T22:53:07	900	899	902	902
2021-09-17T22:53:37	899	900	902	902
2021-09-17T22:54:07	901	900	903	902
2021-09-17T22:54:37	899	900	903	902
2021-09-17T22:55:07	901	900	903	902
2021-09-17T22:55:37	899	900	903	902
2021-09-17T22:56:07	901	899	903	902
2021-09-17T22:56:37	900	899	902	902
2021-09-17T22:57:07	900	899	903	902
2021-09-17T22:57:37	899	899	902	902
2021-09-17T22:58:07	899	899	902	902
2021-09-17T22:58:37	900	899	902	902
2021-09-17T22:59:07	899	899	902	902
2021-09-17T22:59:37	900	899	902	902
2021-09-17T23:00:07	899	899	901	902
2021-09-17T23:00:37	900	899	901	902
2021-09-17T23:01:07	899	899	902	902
2021-09-17T23:01:37	901	899	902	902
2021-09-17T23:02:07	899	899	903	902
2021-09-17T23:02:37	901	899	903	902
2021-09-17T23:03:07	899	899	902	902
2021-09-17T23:03:37	901	899	904	902
2021-09-17T23:04:07	900	899	903	902
2021-09-17T23:04:37	901	899	902	902
2021-09-17T23:05:07	900	899	902	901
2021-09-17T23:05:37	901	899	903	902
2021-09-17T23:06:07	899	899	902	903
2021-09-17T23:06:37	901	899	903	902
2021-09-17T23:07:07	900	899	901	902
2021-09-17T23:07:37	898	898	901	901
2021-09-17T23:08:07	897	897	900	901
2021-09-17T23:08:37	896	895	898	900
2021-09-17T23:09:07	895	894	896	899
2021-09-17T23:09:37	894	893	895	898
2021-09-17T23:10:07	893	893	894	897
2021-09-17T23:10:37	893	892	893	896
2021-09-17T23:11:07	892	891	893	895
2021-09-17T23:11:37	891	891	892	894
2021-09-17T23:12:07	891	890	891	895
2021-09-17T23:12:37	890	889	891	893
2021-09-17T23:13:07	788	854	876	891
2021-09-17T23:13:37	742	793	784	866
2021-09-17T23:14:07	620	694	699	818
2021-09-17T23:14:37	521	582	610	767
2021-09-17T23:15:07	463	526	577	698
2021-09-17T23:15:37	443	473	545	645
2021-09-17T23:16:07	413	440	518	605
2021-09-17T23:16:37	395	414	502	584
2021-09-17T23:17:07	383	399	482	557
2021-09-17T23:17:37	362	384	468	533
2021-09-17T23:18:07	343	367	442	518
