time	T1	T2	T3	T4
2021-09-23T17:25:27	24	26	27	26
2021-09-23T17:25:57	24	26	26	26
2021-09-23T17:26:27	24	26	26	26
2021-09-23T17:26:57	24	26	26	26
2021-09-23T17:27:27	24	26	27	26
2021-09-23T17:27:57	24	26	27	26
2021-09-23T17:28:27	24	26	27	26
2021-09-23T17:28:57	24	26	27	26
2021-09-23T17:29:27	24	27	27	26
2021-09-23T17:29:57	24	26	27	26
2021-09-23T17:30:27	24	26	27	25
2021-09-23T17:30:57	24	26	27	25
2021-09-23T17:31:27	24	26	27	25
2021-09-23T17:31:57	24	26	27	25
2021-09-23T17:32:27	24	26	27	25
2021-09-23T17:32:57	24	26	27	25
2021-09-23T17:33:27	24	25	27	25
2021-09-23T17:33:57	24	25	26	26
2021-09-23T17:34:27	24	25	26	25
2021-09-23T17:34:57	24	26	26	25
2021-09-23T17:35:27	24	26	26	25
2021-09-23T17:35:57	24	26	26	25
2021-09-23T17:36:27	24	26	26	25
2021-09-23T17:36:57	24	26	26	25
2021-09-23T17:37:27	24	26	26	25
2021-09-23T17:37:57	24	26	26	25
2021-09-23T17:38:27	24	26	26	25
2021-09-23T17:38:57	24	25	26	25
2021-09-23T17:39:27	24	26	26	25
2021-09-23T17:39:57	24	26	26	25
2021-09-23T17:40:27	24	26	26	25
2021-09-23T17:40:57	24	26	26	25
2021-09-23T17:41:27	25	26	27	25
2021-09-23T17:41:57	25	27	28	25
2021-09-23T17:42:27	26	27	28	25
2021-09-23T17:42:57	27	28	29	25
2021-09-23T17:43:27	28	29	30	25
2021-09-23T17:43:57	29	30	30	26
2021-09-23T17:44:27	29	30	31	26
2021-09-23T17:44:57	31	32	34	26
2021-09-23T17:45:27	32	34	35	27
2021-09-23T17:45:57	32	34	35	28
2021-09-23T17:46:27	32	35	35	28
2021-09-23T17:46:57	38	37	38	29
2021-09-23T17:47:27	39	39	39	30
2021-09-23T17:47:57	40	40	39	30
2021-09-23T17:48:27	39	40	39	31
2021-09-23T17:48:57	39	41	39	32
2021-09-23T17:49:27	41	41	42	33
2021-09-23T17:49:57	42	43	43	34
2021-09-23T17:50:27	42	44	43	34
2021-09-23T17:50:57	42	45	44	35
2021-09-23T17:51:27	43	46	45	37
2021-09-23T17:51:57	43	47	45	36
2021-09-23T17:52:27	48	49	49	38
2021-09-23T17:52:57	51	50	50	39
2021-09-23T17:53:27	50	51	50	40
2021-09-23T17:53:57	50	52	49	41
2021-09-23T17:54:27	52	53	52	42
2021-09-23T17:54:57	52	54	53	42
2021-09-23T17:55:27	51	54	52	42
2021-09-23T17:55:57	52	56	55	43
2021-09-23T17:56:27	53	57	56	45
2021-09-23T17:56:57	53	58	55	45
2021-09-23T17:57:27	58	59	58	46
2021-09-23T17:57:57	60	62	60	47
2021-09-23T17:58:27	60	62	59	48
2021-09-23T17:58:57	59	62	59	49
2021-09-23T17:59:27	61	64	63	50
2021-09-23T17:59:57	61	66	63	51
2021-09-23T18:00:27	61	66	62	51
2021-09-23T18:00:57	64	66	65	52
2021-09-23T18:01:27	66	69	66	53
2021-09-23T18:01:57	66	69	65	54
2021-09-23T18:02:27	66	70	67	55
2021-09-23T18:02:57	67	71	69	56
2021-09-23T18:03:27	66	71	68	56
2021-09-23T18:03:57	70	72	71	57
2021-09-23T18:04:27	72	75	73	58
2021-09-23T18:04:57	72	75	71	59
2021-09-23T18:05:27	72	76	73	60
2021-09-23T18:05:57	73	77	74	61
2021-09-23T18:06:27	72	78	75	62
2021-09-23T18:06:57	73	79	76	62
2021-09-23T18:07:27	75	80	77	63
2021-09-23T18:07:57	79	82	78	64
2021-09-23T18:08:27	78	82	78	65
2021-09-23T18:08:57	80	84	80	66
2021-09-23T18:09:27	80	85	81	67
2021-09-23T18:09:57	79	85	81	68
2021-09-23T18:10:27	82	87	84	69
2021-09-23T18:10:57	82	87	82	69
2021-09-23T18:11:27	86	88	85	70
2021-09-23T18:11:57	85	88	85	71
2021-09-23T18:12:27	86	89	87	72
2021-09-23T18:12:57	87	91	88	73
2021-09-23T18:13:27	86	92	88	73
2021-09-23T18:13:57	87	93	90	74
2021-09-23T18:14:27	88	94	89	75
2021-09-23T18:14:57	93	96	93	76
2021-09-23T18:15:27	93	96	91	77
2021-09-23T18:15:57	94	97	93	78
2021-09-23T18:16:27	93	98	93	78
2021-09-23T18:16:57	94	100	96	79
2021-09-23T18:17:27	93	100	96	80
2021-09-23T18:17:57	98	102	98	81
2021-09-23T18:18:27	98	102	97	82
2021-09-23T18:18:57	98	102	99	83
2021-09-23T18:19:27	99	104	101	84
2021-09-23T18:19:57	98	104	100	84
2021-09-23T18:20:27	104	105	103	85
2021-09-23T18:20:57	104	106	103	86
2021-09-23T18:21:27	105	108	105	87
2021-09-23T18:21:57	104	108	103	88
2021-09-23T18:22:27	105	109	107	90
2021-09-23T18:22:57	104	109	106	90
2021-09-23T18:23:27	110	112	110	91
2021-09-23T18:23:57	110	112	109	92
2021-09-23T18:24:27	110	113	111	92
2021-09-23T18:24:57	110	115	111	93
2021-09-23T18:25:27	110	116	113	94
2021-09-23T18:25:57	110	116	112	96
2021-09-23T18:26:27	115	117	115	97
2021-09-23T18:26:57	115	117	114	97
2021-09-23T18:27:27	116	119	117	98
2021-09-23T18:27:57	116	120	116	99
2021-09-23T18:28:27	115	122	118	100
2021-09-23T18:28:57	118	122	118	101
2021-09-23T18:29:27	120	123	121	102
2021-09-23T18:29:57	119	124	119	103
2021-09-23T18:30:27	120	125	123	103
2021-09-23T18:30:57	120	126	121	104
2021-09-23T18:31:27	126	127	125	105
2021-09-23T18:31:57	126	128	123	106
2021-09-23T18:32:27	127	128	126	107
2021-09-23T18:32:57	126	130	126	108
2021-09-23T18:33:27	126	131	129	109
2021-09-23T18:33:57	129	132	128	110
2021-09-23T18:34:27	130	132	131	111
2021-09-23T18:34:57	130	133	130	112
2021-09-23T18:35:27	130	135	133	112
2021-09-23T18:35:57	130	135	132	113
2021-09-23T18:36:27	136	136	135	114
2021-09-23T18:36:57	136	137	134	115
2021-09-23T18:37:27	137	138	136	116
2021-09-23T18:37:57	136	139	137	117
2021-09-23T18:38:27	135	139	137	118
2021-09-23T18:38:57	138	141	139	118
2021-09-23T18:39:27	138	142	139	120
2021-09-23T18:39:57	139	143	141	120
2021-09-23T18:40:27	139	144	141	121
2021-09-23T18:40:57	144	146	144	122
2021-09-23T18:41:27	144	146	142	123
2021-09-23T18:41:57	144	147	146	124
2021-09-23T18:42:27	143	147	144	125
2021-09-23T18:42:57	147	149	147	126
2021-09-23T18:43:27	150	151	148	127
2021-09-23T18:43:57	149	151	149	128
2021-09-23T18:44:27	149	152	149	129
2021-09-23T18:44:57	148	153	151	129
2021-09-23T18:45:27	151	154	151	130
2021-09-23T18:45:57	151	155	152	131
2021-09-23T18:46:27	151	156	153	132
2021-09-23T18:46:57	155	157	155	133
2021-09-23T18:47:27	157	158	155	133
2021-09-23T18:47:57	157	159	157	135
2021-09-23T18:48:28	156	160	157	136
2021-09-23T18:48:58	156	161	158	137
2021-09-23T18:49:28	158	161	158	137
2021-09-23T18:49:58	162	163	161	138
2021-09-23T18:50:28	163	163	161	139
2021-09-23T18:50:58	161	164	161	140
2021-09-23T18:51:28	161	165	163	141
2021-09-23T18:51:58	161	166	164	142
2021-09-23T18:52:28	165	168	167	143
2021-09-23T18:52:58	166	169	166	144
2021-09-23T18:53:28	166	169	167	145
2021-09-23T18:53:58	166	170	168	146
2021-09-23T18:54:28	169	172	169	146
2021-09-23T18:54:58	168	171	168	147
2021-09-23T18:55:28	169	173	172	148
2021-09-23T18:55:58	173	174	172	149
2021-09-23T18:56:28	172	175	173	150
2021-09-23T18:56:58	171	175	174	151
2021-09-23T18:57:28	174	177	175	152
2021-09-23T18:57:58	174	177	175	152
2021-09-23T18:58:28	174	179	177	153
2021-09-23T18:58:58	178	179	178	154
2021-09-23T18:59:28	178	180	180	155
2021-09-23T18:59:58	179	182	180	156
2021-09-23T19:00:28	180	183	181	158
2021-09-23T19:00:58	180	182	183	158
2021-09-23T19:01:28	179	183	182	158
2021-09-23T19:01:58	185	184	185	160
2021-09-23T19:02:28	185	185	186	161
2021-09-23T19:02:58	185	186	185	161
2021-09-23T19:03:28	185	187	187	163
2021-09-23T19:03:58	187	188	188	164
2021-09-23T19:04:28	187	188	189	165
2021-09-23T19:04:58	187	190	189	166
2021-09-23T19:05:28	192	191	192	167
2021-09-23T19:05:58	191	192	191	168
2021-09-23T19:06:28	191	194	194	169
2021-09-23T19:06:58	190	194	192	169
2021-09-23T19:07:28	195	195	195	170
2021-09-23T19:07:58	196	195	195	171
2021-09-23T19:08:28	196	196	197	171
2021-09-23T19:08:58	196	198	197	172
2021-09-23T19:09:28	199	200	200	174
2021-09-23T19:09:58	198	199	198	174
2021-09-23T19:10:28	198	200	201	176
2021-09-23T19:10:58	201	201	201	177
2021-09-23T19:11:28	202	203	203	178
2021-09-23T19:11:58	200	203	202	179
2021-09-23T19:12:28	204	204	206	180
2021-09-23T19:12:58	206	204	204	181
2021-09-23T19:13:28	204	206	207	181
2021-09-23T19:13:58	208	206	206	181
2021-09-23T19:14:28	210	207	210	184
2021-09-23T19:14:58	209	208	209	185
2021-09-23T19:15:28	207	209	211	185
2021-09-23T19:15:58	213	209	213	186
2021-09-23T19:16:28	214	210	211	187
2021-09-23T19:16:58	214	212	215	189
2021-09-23T19:17:28	212	212	213	189
2021-09-23T19:17:58	217	213	217	190
2021-09-23T19:18:28	217	214	216	191
2021-09-23T19:18:58	217	215	218	193
2021-09-23T19:19:28	216	215	217	193
2021-09-23T19:19:58	220	217	222	194
2021-09-23T19:20:28	220	217	219	196
2021-09-23T19:20:58	220	219	223	196
2021-09-23T19:21:28	219	219	222	197
2021-09-23T19:21:58	223	220	225	198
2021-09-23T19:22:28	226	221	224	200
2021-09-23T19:22:58	225	221	226	201
2021-09-23T19:23:28	225	223	226	201
2021-09-23T19:23:58	226	223	226	202
2021-09-23T19:24:28	229	225	230	203
2021-09-23T19:24:58	230	225	230	205
2021-09-23T19:25:28	229	226	229	205
2021-09-23T19:25:58	229	228	233	206
2021-09-23T19:26:28	230	228	232	207
2021-09-23T19:26:58	234	229	233	208
2021-09-23T19:27:28	235	229	236	209
2021-09-23T19:27:58	233	231	235	210
2021-09-23T19:28:28	234	231	236	211
2021-09-23T19:28:58	239	233	238	212
2021-09-23T19:29:28	237	234	238	213
2021-09-23T19:29:58	237	235	240	214
2021-09-23T19:30:28	239	235	240	215
2021-09-23T19:30:58	242	237	241	216
2021-09-23T19:31:28	242	237	242	217
2021-09-23T19:31:58	241	238	244	218
2021-09-23T19:32:28	241	238	243	219
2021-09-23T19:32:58	246	240	246	220
2021-09-23T19:33:28	246	241	247	221
2021-09-23T19:33:58	245	242	246	222
2021-09-23T19:34:28	245	243	248	223
2021-09-23T19:34:58	250	243	250	224
2021-09-23T19:35:28	250	244	250	225
2021-09-23T19:35:58	250	246	252	226
2021-09-23T19:36:28	249	246	253	227
2021-09-23T19:36:58	252	247	252	228
2021-09-23T19:37:28	253	248	254	228
2021-09-23T19:37:58	254	249	254	229
2021-09-23T19:38:28	256	250	256	230
2021-09-23T19:38:58	256	251	259	231
2021-09-23T19:39:28	255	252	259	232
2021-09-23T19:39:58	260	252	259	233
2021-09-23T19:40:28	260	253	260	234
2021-09-23T19:40:58	258	253	261	235
2021-09-23T19:41:28	263	255	263	236
2021-09-23T19:41:58	261	255	262	237
2021-09-23T19:42:28	262	258	265	238
2021-09-23T19:42:58	263	257	264	239
2021-09-23T19:43:28	268	259	267	240
2021-09-23T19:43:58	267	259	266	241
2021-09-23T19:44:28	266	260	268	242
2021-09-23T19:44:58	268	261	271	243
2021-09-23T19:45:28	269	262	271	244
2021-09-23T19:45:58	269	262	271	245
2021-09-23T19:46:28	271	263	272	245
2021-09-23T19:46:58	270	264	271	246
2021-09-23T19:47:28	274	266	275	247
2021-09-23T19:47:58	273	265	273	248
2021-09-23T19:48:28	273	267	277	248
2021-09-23T19:48:58	277	268	275	249
2021-09-23T19:49:28	278	269	278	251
2021-09-23T19:49:58	276	269	279	251
2021-09-23T19:50:28	278	271	280	252
2021-09-23T19:50:58	280	271	281	253
2021-09-23T19:51:28	280	272	281	254
2021-09-23T19:51:58	280	274	284	255
2021-09-23T19:52:28	284	274	286	256
2021-09-23T19:52:58	285	275	285	257
2021-09-23T19:53:28	285	276	286	258
2021-09-23T19:53:58	284	276	287	259
2021-09-23T19:54:28	288	278	288	261
2021-09-23T19:54:58	287	280	289	261
2021-09-23T19:55:28	287	280	288	262
2021-09-23T19:55:58	291	281	292	263
2021-09-23T19:56:28	290	281	291	264
2021-09-23T19:56:58	293	283	293	265
2021-09-23T19:57:28	291	284	294	266
2021-09-23T19:57:58	291	284	294	267
2021-09-23T19:58:28	295	286	295	268
2021-09-23T19:58:58	295	287	297	269
2021-09-23T19:59:28	297	287	297	270
2021-09-23T19:59:58	298	288	298	271
2021-09-23T20:00:28	297	289	300	272
2021-09-23T20:00:58	300	291	302	273
2021-09-23T20:01:28	300	291	300	274
2021-09-23T20:01:58	302	292	304	275
2021-09-23T20:02:28	301	293	303	276
2021-09-23T20:02:58	304	294	305	277
2021-09-23T20:03:28	303	295	305	278
2021-09-23T20:03:58	304	295	306	279
2021-09-23T20:04:28	307	297	307	280
2021-09-23T20:04:58	306	298	309	281
2021-09-23T20:05:28	309	298	308	282
2021-09-23T20:05:58	311	299	312	283
2021-09-23T20:06:28	309	300	312	284
2021-09-23T20:06:58	312	301	313	285
2021-09-23T20:07:28	312	302	314	286
2021-09-23T20:07:58	313	303	315	287
2021-09-23T20:08:28	314	303	314	288
2021-09-23T20:08:58	315	304	317	289
2021-09-23T20:09:28	315	305	318	289
2021-09-23T20:09:58	317	306	317	290
2021-09-23T20:10:28	320	308	321	291
2021-09-23T20:10:58	318	308	320	293
2021-09-23T20:11:28	320	309	321	293
2021-09-23T20:11:58	321	310	321	294
2021-09-23T20:12:28	321	311	323	295
2021-09-23T20:12:58	322	312	325	296
2021-09-23T20:13:28	325	312	324	297
2021-09-23T20:13:58	325	314	327	298
2021-09-23T20:14:28	325	315	327	299
2021-09-23T20:14:58	328	315	327	300
2021-09-23T20:15:28	329	316	331	301
2021-09-23T20:15:58	327	317	329	302
2021-09-23T20:16:28	331	319	333	303
2021-09-23T20:16:58	330	320	331	304
2021-09-23T20:17:28	331	321	332	306
2021-09-23T20:17:58	333	321	335	306
2021-09-23T20:18:28	333	322	334	307
2021-09-23T20:18:58	334	323	336	308
2021-09-23T20:19:28	336	324	336	309
2021-09-23T20:19:58	336	325	338	310
2021-09-23T20:20:28	338	326	338	311
2021-09-23T20:20:58	338	327	341	312
2021-09-23T20:21:28	338	328	341	314
2021-09-23T20:21:58	341	329	341	314
2021-09-23T20:22:28	341	331	344	315
2021-09-23T20:22:58	343	331	344	316
2021-09-23T20:23:28	346	332	345	317
2021-09-23T20:23:58	344	332	346	318
2021-09-23T20:24:28	344	334	347	319
2021-09-23T20:24:58	347	335	348	320
2021-09-23T20:25:28	347	336	349	321
2021-09-23T20:25:58	349	337	351	322
2021-09-23T20:26:28	348	337	350	323
2021-09-23T20:26:58	351	338	351	325
2021-09-23T20:27:28	351	339	353	325
2021-09-23T20:27:58	354	340	354	326
2021-09-23T20:28:28	352	340	354	328
2021-09-23T20:28:58	356	343	356	328
2021-09-23T20:29:28	354	342	356	329
2021-09-23T20:29:58	356	343	356	330
2021-09-23T20:30:28	358	344	359	331
2021-09-23T20:30:58	356	345	360	332
2021-09-23T20:31:28	359	346	360	333
2021-09-23T20:31:58	361	347	362	334
2021-09-23T20:32:28	361	348	363	335
2021-09-23T20:32:58	362	348	364	335
2021-09-23T20:33:28	362	350	365	337
2021-09-23T20:33:58	365	350	365	338
2021-09-23T20:34:28	365	351	367	339
2021-09-23T20:34:58	367	352	368	340
2021-09-23T20:35:28	367	353	369	341
2021-09-23T20:35:58	369	355	370	342
2021-09-23T20:36:28	368	355	370	343
2021-09-23T20:36:58	371	357	371	344
2021-09-23T20:37:28	370	357	373	345
2021-09-23T20:37:58	374	358	375	346
2021-09-23T20:38:28	373	359	373	347
2021-09-23T20:38:58	374	360	377	348
2021-09-23T20:39:28	374	360	376	349
2021-09-23T20:39:58	376	362	378	350
2021-09-23T20:40:28	378	363	378	351
2021-09-23T20:40:58	378	364	379	352
2021-09-23T20:41:28	379	365	381	354
2021-09-23T20:41:58	379	365	380	354
2021-09-23T20:42:28	381	367	383	355
2021-09-23T20:42:58	383	368	384	355
2021-09-23T20:43:28	382	368	383	357
2021-09-23T20:43:58	384	370	385	358
2021-09-23T20:44:28	385	371	386	359
2021-09-23T20:44:58	385	372	388	360
2021-09-23T20:45:28	388	373	389	361
2021-09-23T20:45:58	387	373	389	362
2021-09-23T20:46:28	389	375	391	364
2021-09-23T20:46:58	390	376	391	364
2021-09-23T20:47:28	391	377	392	365
2021-09-23T20:47:58	392	377	392	366
2021-09-23T20:48:28	391	379	394	367
2021-09-23T20:48:58	394	380	395	369
2021-09-23T20:49:28	396	381	397	369
2021-09-23T20:49:58	395	381	396	370
2021-09-23T20:50:28	397	382	399	371
2021-09-23T20:50:58	397	383	399	372
2021-09-23T20:51:28	397	385	401	373
2021-09-23T20:51:58	400	387	402	374
2021-09-23T20:52:28	400	387	401	375
2021-09-23T20:52:58	402	388	402	376
2021-09-23T20:53:28	402	389	405	378
2021-09-23T20:53:58	404	391	405	379
2021-09-23T20:54:28	406	392	407	380
2021-09-23T20:54:58	405	392	407	381
2021-09-23T20:55:28	406	393	409	382
2021-09-23T20:55:58	407	394	409	383
2021-09-23T20:56:28	409	395	409	384
2021-09-23T20:56:58	409	397	412	385
2021-09-23T20:57:28	411	398	412	386
2021-09-23T20:57:58	411	399	414	387
2021-09-23T20:58:28	412	399	414	388
2021-09-23T20:58:58	411	400	414	389
2021-09-23T20:59:28	416	402	418	390
2021-09-23T20:59:58	414	402	417	391
2021-09-23T21:00:28	415	404	417	392
2021-09-23T21:00:58	418	404	420	393
2021-09-23T21:01:28	417	404	419	394
2021-09-23T21:01:58	419	406	420	395
2021-09-23T21:02:28	420	407	424	396
2021-09-23T21:02:58	420	408	424	397
2021-09-23T21:03:28	422	409	424	398
2021-09-23T21:03:58	424	410	424	399
2021-09-23T21:04:28	424	411	425	400
2021-09-23T21:04:58	423	412	427	401
2021-09-23T21:05:28	428	413	427	402
2021-09-23T21:05:58	425	414	430	403
2021-09-23T21:06:28	429	414	429	404
2021-09-23T21:06:58	428	416	431	405
2021-09-23T21:07:28	430	416	432	406
2021-09-23T21:07:58	430	416	431	407
2021-09-23T21:08:28	432	418	434	408
2021-09-23T21:08:58	435	419	436	409
2021-09-23T21:09:28	433	420	435	410
2021-09-23T21:09:58	436	421	437	411
2021-09-23T21:10:28	437	422	439	412
2021-09-23T21:10:58	435	422	436	413
2021-09-23T21:11:28	440	424	439	414
2021-09-23T21:11:58	438	425	442	415
2021-09-23T21:12:28	438	425	440	416
2021-09-23T21:12:58	442	426	442	417
2021-09-23T21:13:28	441	427	444	418
2021-09-23T21:13:58	444	428	443	419
2021-09-23T21:14:28	442	428	446	420
2021-09-23T21:14:58	443	429	445	421
2021-09-23T21:15:28	447	431	448	422
2021-09-23T21:15:58	447	432	449	423
2021-09-23T21:16:28	447	432	448	424
2021-09-23T21:16:58	447	434	451	425
2021-09-23T21:17:28	451	435	452	426
2021-09-23T21:17:58	451	435	452	427
2021-09-23T21:18:28	450	437	452	428
2021-09-23T21:18:58	454	438	454	429
2021-09-23T21:19:28	455	439	455	430
2021-09-23T21:19:58	453	439	455	431
2021-09-23T21:20:28	457	440	459	432
2021-09-23T21:20:58	455	440	458	433
2021-09-23T21:21:28	459	441	458	434
2021-09-23T21:21:58	458	442	460	435
2021-09-23T21:22:28	458	443	462	436
2021-09-23T21:22:58	462	443	463	437
2021-09-23T21:23:28	461	445	464	438
2021-09-23T21:23:58	462	446	464	439
2021-09-23T21:24:28	462	447	465	440
2021-09-23T21:24:58	464	448	466	441
2021-09-23T21:25:28	467	449	467	442
2021-09-23T21:25:58	467	450	468	443
2021-09-23T21:26:28	466	451	470	443
2021-09-23T21:26:58	468	451	471	444
2021-09-23T21:27:28	471	452	472	445
2021-09-23T21:27:58	471	454	472	447
2021-09-23T21:28:28	472	455	474	447
2021-09-23T21:28:58	472	455	473	448
2021-09-23T21:29:28	474	456	476	449
2021-09-23T21:29:58	474	456	476	450
2021-09-23T21:30:28	475	457	477	451
2021-09-23T21:30:58	476	459	478	452
2021-09-23T21:31:28	476	460	478	453
2021-09-23T21:31:58	479	461	480	454
2021-09-23T21:32:28	481	461	482	455
2021-09-23T21:32:58	480	462	482	456
2021-09-23T21:33:28	481	463	482	458
2021-09-23T21:33:58	484	464	485	459
2021-09-23T21:34:28	482	465	486	459
2021-09-23T21:34:58	484	467	487	460
2021-09-23T21:35:28	487	467	486	461
2021-09-23T21:35:58	486	468	488	463
2021-09-23T21:36:28	488	470	490	463
2021-09-23T21:36:58	488	469	490	464
2021-09-23T21:37:28	489	471	491	465
2021-09-23T21:37:58	489	471	492	466
2021-09-23T21:38:28	490	472	494	467
2021-09-23T21:38:58	493	473	494	468
2021-09-23T21:39:28	492	474	495	469
2021-09-23T21:39:58	493	475	494	470
2021-09-23T21:40:28	495	476	497	471
2021-09-23T21:40:58	498	477	499	472
2021-09-23T21:41:28	495	478	498	473
2021-09-23T21:41:58	499	478	500	474
2021-09-23T21:42:28	497	480	500	475
2021-09-23T21:42:58	501	481	502	476
2021-09-23T21:43:28	501	482	503	477
2021-09-23T21:43:58	502	484	504	478
2021-09-23T21:44:28	504	484	503	479
2021-09-23T21:44:58	502	485	506	480
2021-09-23T21:45:28	506	486	506	481
2021-09-23T21:45:58	504	487	509	482
2021-09-23T21:46:28	508	488	508	483
2021-09-23T21:46:58	506	489	509	484
2021-09-23T21:47:28	510	490	512	485
2021-09-23T21:47:58	510	490	510	486
2021-09-23T21:48:28	511	491	512	487
2021-09-23T21:48:58	512	493	515	488
2021-09-23T21:49:28	513	493	515	489
2021-09-23T21:49:58	514	494	516	490
2021-09-23T21:50:28	514	495	517	491
2021-09-23T21:50:58	516	496	517	492
2021-09-23T21:51:28	516	497	518	493
2021-09-23T21:51:58	517	498	519	494
2021-09-23T21:52:28	520	499	520	495
2021-09-23T21:52:58	521	500	523	496
2021-09-23T21:53:28	521	500	523	497
2021-09-23T21:53:58	520	502	522	498
2021-09-23T21:54:28	523	503	524	499
2021-09-23T21:54:58	524	504	526	500
2021-09-23T21:55:28	524	505	526	501
2021-09-23T21:55:58	524	505	527	502
2021-09-23T21:56:28	526	507	527	503
2021-09-23T21:56:58	528	508	529	504
2021-09-23T21:57:28	528	509	529	505
2021-09-23T21:57:58	532	509	533	506
2021-09-23T21:58:28	530	510	532	507
2021-09-23T21:58:58	530	511	533	508
2021-09-23T21:59:28	533	512	536	509
2021-09-23T21:59:58	533	513	534	509
2021-09-23T22:00:28	533	514	536	511
2021-09-23T22:00:58	537	515	538	512
2021-09-23T22:01:28	536	515	538	513
2021-09-23T22:01:58	536	516	538	514
2021-09-23T22:02:28	537	517	539	515
2021-09-23T22:02:58	541	519	543	516
2021-09-23T22:03:28	541	519	541	517
2021-09-23T22:03:58	541	520	543	518
2021-09-23T22:04:28	543	521	544	519
2021-09-23T22:04:58	544	523	547	521
2021-09-23T22:05:28	543	523	545	521
2021-09-23T22:05:58	545	524	546	522
2021-09-23T22:06:28	548	525	548	523
2021-09-23T22:06:58	546	526	548	524
2021-09-23T22:07:28	549	527	551	525
2021-09-23T22:07:58	549	528	552	526
2021-09-23T22:08:28	549	529	551	527
2021-09-23T22:08:58	551	530	554	529
2021-09-23T22:09:28	552	531	553	530
2021-09-23T22:09:58	552	531	556	530
2021-09-23T22:10:28	556	533	556	532
2021-09-23T22:10:58	556	533	557	533
2021-09-23T22:11:28	554	534	557	533
2021-09-23T22:11:58	557	536	560	535
2021-09-23T22:12:28	558	537	561	536
2021-09-23T22:12:58	560	537	561	536
2021-09-23T22:13:28	558	538	562	537
2021-09-23T22:13:58	560	538	563	538
2021-09-23T22:14:28	562	540	564	539
2021-09-23T22:14:58	562	541	564	540
2021-09-23T22:15:28	564	542	566	542
2021-09-23T22:15:58	566	542	567	543
2021-09-23T22:16:28	566	543	568	543
2021-09-23T22:16:58	568	544	570	545
2021-09-23T22:17:28	569	544	570	546
2021-09-23T22:17:58	568	546	572	547
2021-09-23T22:18:28	568	547	571	548
2021-09-23T22:18:58	570	548	573	549
2021-09-23T22:19:28	571	549	575	550
2021-09-23T22:19:58	573	549	575	551
2021-09-23T22:20:28	574	550	576	551
2021-09-23T22:20:58	573	551	577	553
2021-09-23T22:21:28	576	552	578	553
2021-09-23T22:21:58	578	553	579	555
2021-09-23T22:22:28	579	554	580	556
2021-09-23T22:22:58	577	555	580	557
2021-09-23T22:23:28	579	556	581	558
2021-09-23T22:23:58	582	558	583	560
2021-09-23T22:24:28	582	558	584	560
2021-09-23T22:24:58	583	560	585	562
2021-09-23T22:25:28	583	560	585	563
2021-09-23T22:25:58	585	561	587	564
2021-09-23T22:26:28	586	562	587	565
2021-09-23T22:26:58	586	563	589	565
2021-09-23T22:27:28	588	564	590	567
2021-09-23T22:27:58	589	564	590	568
2021-09-23T22:28:28	590	565	593	569
2021-09-23T22:28:58	590	566	592	570
2021-09-23T22:29:28	591	568	595	571
2021-09-23T22:29:58	591	568	593	572
2021-09-23T22:30:28	595	570	597	573
2021-09-23T22:30:58	595	570	596	574
2021-09-23T22:31:28	596	572	599	575
2021-09-23T22:31:58	597	572	598	576
2021-09-23T22:32:28	597	573	599	577
2021-09-23T22:32:58	598	574	600	578
2021-09-23T22:33:28	599	576	602	579
2021-09-23T22:33:58	601	576	601	580
2021-09-23T22:34:28	600	578	603	581
2021-09-23T22:34:58	603	579	604	582
2021-09-23T22:35:28	604	579	606	583
2021-09-23T22:35:58	606	580	607	584
2021-09-23T22:36:28	606	580	607	586
2021-09-23T22:36:58	607	582	608	587
2021-09-23T22:37:28	609	583	609	587
2021-09-23T22:37:58	609	584	609	588
2021-09-23T22:38:28	610	585	611	590
2021-09-23T22:38:58	610	586	612	591
2021-09-23T22:39:28	611	588	614	592
2021-09-23T22:39:58	614	588	614	593
2021-09-23T22:40:28	613	589	615	595
2021-09-23T22:40:58	612	590	615	595
2021-09-23T22:41:28	615	591	617	597
2021-09-23T22:41:58	616	592	618	597
2021-09-23T22:42:28	616	594	618	599
2021-09-23T22:42:58	617	595	620	600
2021-09-23T22:43:28	618	596	621	601
2021-09-23T22:43:58	619	598	622	602
2021-09-23T22:44:28	620	598	622	603
2021-09-23T22:44:58	623	599	624	604
2021-09-23T22:45:28	621	600	625	605
2021-09-23T22:45:58	623	601	625	606
2021-09-23T22:46:28	626	603	627	607
2021-09-23T22:46:58	625	603	627	608
2021-09-23T22:47:28	627	604	628	609
2021-09-23T22:47:58	627	605	630	610
2021-09-23T22:48:28	630	606	631	611
2021-09-23T22:48:58	629	607	633	612
2021-09-23T22:49:28	631	608	634	614
2021-09-23T22:49:58	631	609	633	614
2021-09-23T22:50:28	632	610	633	615
2021-09-23T22:50:58	634	611	636	617
2021-09-23T22:51:28	635	612	635	617
2021-09-23T22:51:58	638	612	638	618
2021-09-23T22:52:28	636	614	639	620
2021-09-23T22:52:58	637	614	641	621
2021-09-23T22:53:28	639	615	639	622
2021-09-23T22:53:58	639	616	642	623
2021-09-23T22:54:28	640	617	642	624
2021-09-23T22:54:58	641	618	644	625
2021-09-23T22:55:28	641	619	644	626
2021-09-23T22:55:58	644	620	647	627
2021-09-23T22:56:28	645	622	646	628
2021-09-23T22:56:58	646	622	648	629
2021-09-23T22:57:28	646	623	649	630
2021-09-23T22:57:58	647	624	651	630
2021-09-23T22:58:28	648	626	650	631
2021-09-23T22:58:58	650	626	652	633
2021-09-23T22:59:28	649	627	653	634
2021-09-23T22:59:58	651	628	654	635
2021-09-23T23:00:28	651	629	655	636
2021-09-23T23:00:58	655	630	657	637
2021-09-23T23:01:28	655	631	658	639
2021-09-23T23:01:58	656	632	658	639
2021-09-23T23:02:28	657	633	658	640
2021-09-23T23:02:58	658	634	659	641
2021-09-23T23:03:28	660	635	661	642
2021-09-23T23:03:58	661	635	663	643
2021-09-23T23:04:28	659	636	662	644
2021-09-23T23:04:58	661	638	663	646
2021-09-23T23:05:28	662	639	665	646
2021-09-23T23:05:58	664	639	665	647
2021-09-23T23:06:28	665	641	667	648
2021-09-23T23:06:58	665	641	668	649
2021-09-23T23:07:28	665	643	669	651
2021-09-23T23:07:58	668	644	670	652
2021-09-23T23:08:28	669	644	671	653
2021-09-23T23:08:58	670	646	672	654
2021-09-23T23:09:28	671	647	672	655
2021-09-23T23:09:58	672	648	674	656
2021-09-23T23:10:28	673	649	675	657
2021-09-23T23:10:58	672	650	676	658
2021-09-23T23:11:28	675	651	676	659
2021-09-23T23:11:58	676	652	677	661
2021-09-23T23:12:28	677	653	677	661
2021-09-23T23:12:58	678	653	680	662
2021-09-23T23:13:28	680	654	680	663
2021-09-23T23:13:58	680	656	681	664
2021-09-23T23:14:28	681	656	682	665
2021-09-23T23:14:58	682	657	683	667
2021-09-23T23:15:28	683	658	685	668
2021-09-23T23:15:58	684	660	685	669
2021-09-23T23:16:28	684	660	686	670
2021-09-23T23:16:58	686	662	688	671
2021-09-23T23:17:28	687	662	689	671
2021-09-23T23:17:58	688	663	688	672
2021-09-23T23:18:28	689	664	691	674
2021-09-23T23:18:58	690	665	692	675
2021-09-23T23:19:28	691	667	692	676
2021-09-23T23:19:58	691	667	693	677
2021-09-23T23:20:28	692	668	694	678
2021-09-23T23:20:58	695	669	695	679
2021-09-23T23:21:28	695	670	696	680
2021-09-23T23:21:58	695	671	697	681
2021-09-23T23:22:28	696	671	698	682
2021-09-23T23:22:58	699	673	699	683
2021-09-23T23:23:28	698	674	701	684
2021-09-23T23:23:58	699	675	700	685
2021-09-23T23:24:28	700	676	702	686
2021-09-23T23:24:58	700	677	704	687
2021-09-23T23:25:28	701	678	704	688
2021-09-23T23:25:58	703	679	705	689
2021-09-23T23:26:28	705	679	706	690
2021-09-23T23:26:58	705	681	706	691
2021-09-23T23:27:28	705	682	709	692
2021-09-23T23:27:58	707	683	707	693
2021-09-23T23:28:28	708	683	710	694
2021-09-23T23:28:58	708	684	711	695
2021-09-23T23:29:28	710	686	713	696
2021-09-23T23:29:58	711	686	712	697
2021-09-23T23:30:28	711	687	714	699
2021-09-23T23:30:58	712	688	714	700
2021-09-23T23:31:28	713	690	717	700
2021-09-23T23:31:58	714	690	717	701
2021-09-23T23:32:28	714	691	718	702
2021-09-23T23:32:58	716	693	718	703
2021-09-23T23:33:28	718	693	719	704
2021-09-23T23:33:58	717	694	720	706
2021-09-23T23:34:28	719	695	722	707
2021-09-23T23:34:58	720	696	723	707
2021-09-23T23:35:28	721	698	723	708
2021-09-23T23:35:58	721	697	725	709
2021-09-23T23:36:28	723	700	726	710
2021-09-23T23:36:58	724	700	726	711
2021-09-23T23:37:28	725	702	728	713
2021-09-23T23:37:58	725	703	730	713
2021-09-23T23:38:28	726	703	729	714
2021-09-23T23:38:58	728	704	729	715
2021-09-23T23:39:28	728	705	731	716
2021-09-23T23:39:58	730	707	732	717
2021-09-23T23:40:28	731	707	733	718
2021-09-23T23:40:58	732	708	734	719
2021-09-23T23:41:28	733	709	736	720
2021-09-23T23:41:58	733	710	737	721
2021-09-23T23:42:28	737	711	737	722
2021-09-23T23:42:58	736	713	739	724
2021-09-23T23:43:28	737	714	741	725
2021-09-23T23:43:58	737	714	741	726
2021-09-23T23:44:28	739	715	742	727
2021-09-23T23:44:58	740	716	741	728
2021-09-23T23:45:28	741	717	743	729
2021-09-23T23:45:58	743	718	745	730
2021-09-23T23:46:28	744	719	745	731
2021-09-23T23:46:58	743	720	746	732
2021-09-23T23:47:28	745	721	748	732
2021-09-23T23:47:58	747	722	748	734
2021-09-23T23:48:28	747	723	750	735
2021-09-23T23:48:58	747	724	751	736
2021-09-23T23:49:28	750	725	753	737
2021-09-23T23:49:58	751	725	752	738
2021-09-23T23:50:28	751	727	754	738
2021-09-23T23:50:58	752	728	755	740
2021-09-23T23:51:28	754	728	755	741
2021-09-23T23:51:58	754	729	757	742
2021-09-23T23:52:28	755	730	758	743
2021-09-23T23:52:58	757	732	759	744
2021-09-23T23:53:28	758	733	760	745
2021-09-23T23:53:58	759	733	760	746
2021-09-23T23:54:28	759	734	761	747
2021-09-23T23:54:58	761	735	763	748
2021-09-23T23:55:28	762	736	764	749
2021-09-23T23:55:58	763	737	764	750
2021-09-23T23:56:28	764	738	766	751
2021-09-23T23:56:58	765	739	766	752
2021-09-23T23:57:28	766	741	768	753
2021-09-23T23:57:58	767	741	769	754
2021-09-23T23:58:28	767	743	770	755
2021-09-23T23:58:58	768	743	769	756
2021-09-23T23:59:28	770	744	771	757
2021-09-23T23:59:58	771	745	772	758
2021-09-24T00:00:28	770	746	773	759
2021-09-24T00:00:58	772	747	774	760
2021-09-24T00:01:28	772	748	775	761
2021-09-24T00:01:58	774	749	776	762
2021-09-24T00:02:28	774	749	777	763
2021-09-24T00:02:58	776	751	779	764
2021-09-24T00:03:28	777	752	780	765
2021-09-24T00:03:58	777	752	779	766
2021-09-24T00:04:28	779	753	780	766
2021-09-24T00:04:58	780	754	782	768
2021-09-24T00:05:28	780	755	783	768
2021-09-24T00:05:58	783	756	784	769
2021-09-24T00:06:28	781	757	784	770
2021-09-24T00:06:58	782	758	785	771
2021-09-24T00:07:28	785	759	787	773
2021-09-24T00:07:58	785	760	787	773
2021-09-24T00:08:28	787	760	788	774
2021-09-24T00:08:58	788	761	789	775
2021-09-24T00:09:28	789	762	790	775
2021-09-24T00:09:58	791	763	790	776
2021-09-24T00:10:28	789	763	791	777
2021-09-24T00:10:58	791	764	792	779
2021-09-24T00:11:28	791	765	792	779
2021-09-24T00:11:58	792	766	793	780
2021-09-24T00:12:28	794	766	794	780
2021-09-24T00:12:58	794	768	795	781
2021-09-24T00:13:28	795	769	796	783
2021-09-24T00:13:58	797	770	796	783
2021-09-24T00:14:28	797	770	797	784
2021-09-24T00:14:58	798	771	798	785
2021-09-24T00:15:28	800	772	799	787
2021-09-24T00:15:58	800	772	800	788
2021-09-24T00:16:28	802	773	801	789
2021-09-24T00:16:58	802	774	801	789
2021-09-24T00:17:28	805	775	802	790
2021-09-24T00:17:58	804	776	803	791
2021-09-24T00:18:28	805	777	804	792
2021-09-24T00:18:58	806	777	805	793
2021-09-24T00:19:28	809	778	806	793
2021-09-24T00:19:58	808	779	806	794
2021-09-24T00:20:28	810	780	807	796
2021-09-24T00:20:58	812	780	808	796
2021-09-24T00:21:28	812	781	809	797
2021-09-24T00:21:58	813	782	810	799
2021-09-24T00:22:28	813	782	811	800
2021-09-24T00:22:58	816	783	811	801
2021-09-24T00:23:28	815	784	812	801
2021-09-24T00:23:58	817	785	813	802
2021-09-24T00:24:28	818	785	815	804
2021-09-24T00:24:58	819	787	815	804
2021-09-24T00:25:28	820	787	816	805
2021-09-24T00:25:58	819	788	817	807
2021-09-24T00:26:28	822	789	818	808
2021-09-24T00:26:58	823	790	819	809
2021-09-24T00:27:28	825	790	820	810
2021-09-24T00:27:58	825	791	821	811
2021-09-24T00:28:28	826	792	822	812
2021-09-24T00:28:58	828	793	823	813
2021-09-24T00:29:28	827	793	824	814
2021-09-24T00:29:58	829	794	825	815
2021-09-24T00:30:28	831	795	826	816
2021-09-24T00:30:58	832	796	827	817
2021-09-24T00:31:28	832	797	827	818
2021-09-24T00:31:58	833	798	829	819
2021-09-24T00:32:28	834	798	830	820
2021-09-24T00:32:58	834	799	830	821
2021-09-24T00:33:28	836	800	832	822
2021-09-24T00:33:58	837	801	832	823
2021-09-24T00:34:28	839	803	833	824
2021-09-24T00:34:58	838	803	835	825
2021-09-24T00:35:28	840	804	836	826
2021-09-24T00:35:58	840	806	837	827
2021-09-24T00:36:28	842	806	838	828
2021-09-24T00:36:58	843	807	839	829
2021-09-24T00:37:28	844	808	840	830
2021-09-24T00:37:58	845	809	841	831
2021-09-24T00:38:28	845	810	842	833
2021-09-24T00:38:58	846	810	843	834
2021-09-24T00:39:28	847	811	844	834
2021-09-24T00:39:58	849	812	845	836
2021-09-24T00:40:28	849	813	846	837
2021-09-24T00:40:58	851	814	847	838
2021-09-24T00:41:28	852	815	848	839
2021-09-24T00:41:58	851	816	849	840
2021-09-24T00:42:28	853	817	850	841
2021-09-24T00:42:58	854	818	851	841
2021-09-24T00:43:28	855	819	852	843
2021-09-24T00:43:58	855	819	852	844
2021-09-24T00:44:28	858	821	854	845
2021-09-24T00:44:58	858	822	854	846
2021-09-24T00:45:28	859	823	855	847
2021-09-24T00:45:58	860	823	856	848
2021-09-24T00:46:28	862	825	857	849
2021-09-24T00:46:58	862	825	859	850
2021-09-24T00:47:28	862	826	860	851
2021-09-24T00:47:58	863	827	861	852
2021-09-24T00:48:28	866	828	862	853
2021-09-24T00:48:58	866	829	862	854
2021-09-24T00:49:28	866	830	864	855
2021-09-24T00:49:58	868	832	864	856
2021-09-24T00:50:28	868	833	866	857
2021-09-24T00:50:58	871	834	867	858
2021-09-24T00:51:28	872	835	868	859
2021-09-24T00:51:58	873	835	868	860
2021-09-24T00:52:28	872	837	870	861
2021-09-24T00:52:58	873	838	871	862
2021-09-24T00:53:28	875	839	872	863
2021-09-24T00:53:58	875	840	872	865
2021-09-24T00:54:28	876	841	874	866
2021-09-24T00:54:58	877	842	875	867
2021-09-24T00:55:28	878	843	876	868
2021-09-24T00:55:58	879	844	877	869
2021-09-24T00:56:28	881	845	878	870
2021-09-24T00:56:58	881	846	879	871
2021-09-24T00:57:28	883	847	880	872
2021-09-24T00:57:58	883	848	881	873
2021-09-24T00:58:28	884	849	882	874
2021-09-24T00:58:58	885	850	883	875
2021-09-24T00:59:28	886	852	884	876
2021-09-24T00:59:58	887	853	885	877
2021-09-24T01:00:28	889	854	886	878
2021-09-24T01:00:58	889	855	888	879
2021-09-24T01:01:28	889	856	889	881
2021-09-24T01:01:58	891	858	891	882
2021-09-24T01:02:28	893	859	891	883
2021-09-24T01:02:58	894	860	892	884
2021-09-24T01:03:28	895	861	894	885
2021-09-24T01:03:58	896	862	894	886
2021-09-24T01:04:28	897	863	896	887
2021-09-24T01:04:58	898	864	897	888
2021-09-24T01:05:28	899	865	897	889
2021-09-24T01:05:58	898	866	898	890
2021-09-24T01:06:28	899	867	900	891
2021-09-24T01:06:58	899	868	900	891
2021-09-24T01:07:28	898	870	901	892
2021-09-24T01:07:58	899	870	902	893
2021-09-24T01:08:28	898	871	902	893
2021-09-24T01:08:58	900	871	901	894
2021-09-24T01:09:28	900	872	902	894
2021-09-24T01:09:58	898	873	902	894
2021-09-24T01:10:28	898	874	901	894
2021-09-24T01:10:58	898	874	901	894
2021-09-24T01:11:28	898	875	901	895
2021-09-24T01:11:58	899	875	902	895
2021-09-24T01:12:28	898	876	901	895
2021-09-24T01:12:58	899	877	902	895
2021-09-24T01:13:28	900	877	901	896
2021-09-24T01:13:58	899	877	901	896
2021-09-24T01:14:28	898	878	902	896
2021-09-24T01:14:58	899	878	902	896
2021-09-24T01:15:28	900	880	902	896
2021-09-24T01:15:58	899	881	902	897
2021-09-24T01:16:28	898	881	901	897
2021-09-24T01:16:58	899	882	901	897
2021-09-24T01:17:28	898	882	902	897
2021-09-24T01:17:58	900	883	902	897
2021-09-24T01:18:28	900	884	902	897
2021-09-24T01:18:58	900	884	903	897
2021-09-24T01:19:28	900	885	903	897
2021-09-24T01:19:58	899	885	903	897
2021-09-24T01:20:28	901	886	902	897
2021-09-24T01:20:58	900	886	903	897
2021-09-24T01:21:28	899	887	903	897
2021-09-24T01:21:58	900	887	903	898
2021-09-24T01:22:28	901	887	903	898
2021-09-24T01:22:58	898	887	902	898
2021-09-24T01:23:28	899	887	902	898
2021-09-24T01:23:58	900	887	901	898
2021-09-24T01:24:28	899	888	901	899
2021-09-24T01:24:58	899	888	902	899
2021-09-24T01:25:28	899	889	901	899
2021-09-24T01:25:58	900	889	901	899
2021-09-24T01:26:28	900	889	901	899
2021-09-24T01:26:58	900	890	902	899
2021-09-24T01:27:28	900	891	901	899
2021-09-24T01:27:58	899	891	901	899
2021-09-24T01:28:28	900	891	902	900
2021-09-24T01:28:58	899	891	901	900
2021-09-24T01:29:28	901	892	901	900
2021-09-24T01:29:58	901	892	903	900
2021-09-24T01:30:28	899	891	903	900
2021-09-24T01:30:58	900	891	902	900
2021-09-24T01:31:28	901	891	902	900
2021-09-24T01:31:58	899	891	902	899
2021-09-24T01:32:28	900	892	904	900
2021-09-24T01:32:58	899	892	904	900
2021-09-24T01:33:28	899	892	902	901
2021-09-24T01:33:58	901	892	903	900
2021-09-24T01:34:28	899	892	903	900
2021-09-24T01:34:58	900	892	902	900
2021-09-24T01:35:28	899	893	902	901
2021-09-24T01:35:58	900	893	903	901
2021-09-24T01:36:28	901	893	903	900
2021-09-24T01:36:58	900	893	903	900
2021-09-24T01:37:28	900	893	903	901
2021-09-24T01:37:58	899	893	902	901
2021-09-24T01:38:28	901	893	903	900
2021-09-24T01:38:58	899	893	902	901
2021-09-24T01:39:28	901	893	903	901
2021-09-24T01:39:58	899	894	903	901
2021-09-24T01:40:28	901	894	902	901
2021-09-24T01:40:58	899	894	902	901
2021-09-24T01:41:28	900	894	903	901
2021-09-24T01:41:58	899	894	903	901
2021-09-24T01:42:28	901	894	903	901
2021-09-24T01:42:58	899	895	903	901
2021-09-24T01:43:28	900	895	903	901
2021-09-24T01:43:58	898	895	902	901
2021-09-24T01:44:28	900	895	903	901
2021-09-24T01:44:58	898	895	902	901
2021-09-24T01:45:28	900	896	903	901
2021-09-24T01:45:58	899	896	901	901
2021-09-24T01:46:28	900	896	903	901
2021-09-24T01:46:58	899	896	902	901
2021-09-24T01:47:28	901	896	903	901
2021-09-24T01:47:58	899	896	902	901
2021-09-24T01:48:28	898	897	903	901
2021-09-24T01:48:58	900	897	902	902
2021-09-24T01:49:28	899	898	903	901
2021-09-24T01:49:58	900	897	902	901
2021-09-24T01:50:28	900	898	902	902
2021-09-24T01:50:58	899	898	902	902
2021-09-24T01:51:28	901	898	902	901
2021-09-24T01:51:58	900	898	904	902
2021-09-24T01:52:28	899	898	902	902
2021-09-24T01:52:58	901	898	902	902
2021-09-24T01:53:28	900	899	903	902
2021-09-24T01:53:58	899	899	902	902
2021-09-24T01:54:28	899	899	903	901
2021-09-24T01:54:58	900	899	902	902
2021-09-24T01:55:28	899	899	904	902
2021-09-24T01:55:58	899	899	902	902
2021-09-24T01:56:28	901	899	903	902
2021-09-24T01:56:58	899	899	903	902
2021-09-24T01:57:28	899	900	903	902
2021-09-24T01:57:58	901	899	902	902
2021-09-24T01:58:28	900	899	903	902
2021-09-24T01:58:58	899	899	902	902
2021-09-24T01:59:28	901	900	903	902
2021-09-24T01:59:58	899	899	902	902
2021-09-24T02:00:28	899	899	903	902
2021-09-24T02:00:58	900	899	902	902
2021-09-24T02:01:28	900	899	903	902
2021-09-24T02:01:58	898	899	902	901
2021-09-24T02:02:28	901	900	903	902
2021-09-24T02:02:58	899	899	902	902
2021-09-24T02:03:28	898	899	902	902
2021-09-24T02:03:58	900	899	903	902
2021-09-24T02:04:28	899	899	902	902
2021-09-24T02:04:58	899	899	903	902
2021-09-24T02:05:28	900	899	902	901
2021-09-24T02:05:58	899	899	903	902
2021-09-24T02:06:28	899	899	903	902
2021-09-24T02:06:58	901	900	902	901
2021-09-24T02:07:28	900	899	903	902
2021-09-24T02:07:58	900	899	902	902
2021-09-24T02:08:28	900	899	902	903
2021-09-24T02:08:58	899	899	902	902
2021-09-24T02:09:28	901	899	903	903
2021-09-24T02:09:58	899	899	903	903
2021-09-24T02:10:28	899	899	903	902
2021-09-24T02:10:58	900	899	902	902
2021-09-24T02:11:28	899	899	902	901
2021-09-24T02:11:58	899	899	903	901
2021-09-24T02:12:28	900	899	902	903
2021-09-24T02:12:58	899	899	903	902
2021-09-24T02:13:28	899	899	904	901
2021-09-24T02:13:58	901	899	902	902
2021-09-24T02:14:28	900	899	904	902
2021-09-24T02:14:58	899	899	903	902
2021-09-24T02:15:28	900	899	903	902
2021-09-24T02:15:58	899	899	901	902
2021-09-24T02:16:28	901	899	902	901
2021-09-24T02:16:58	901	899	902	902
2021-09-24T02:17:28	899	899	902	902
2021-09-24T02:17:58	899	899	901	901
2021-09-24T02:18:28	900	899	902	901
2021-09-24T02:18:58	900	899	903	902
2021-09-24T02:19:28	898	900	902	901
2021-09-24T02:19:58	900	900	903	902
2021-09-24T02:20:28	899	900	902	902
2021-09-24T02:20:58	901	900	903	903
2021-09-24T02:21:28	899	900	903	901
2021-09-24T02:21:58	901	899	902	901
2021-09-24T02:22:28	900	900	903	902
2021-09-24T02:22:58	900	899	903	901
2021-09-24T02:23:28	900	899	902	902
2021-09-24T02:23:58	899	899	903	902
2021-09-24T02:24:28	901	899	903	902
2021-09-24T02:24:58	899	899	902	902
2021-09-24T02:25:28	900	899	902	902
2021-09-24T02:25:58	899	900	903	902
2021-09-24T02:26:28	901	899	903	902
2021-09-24T02:26:58	900	899	903	902
2021-09-24T02:27:28	901	899	902	902
2021-09-24T02:27:58	900	899	902	902
2021-09-24T02:28:28	899	899	902	902
2021-09-24T02:28:58	900	899	903	902
2021-09-24T02:29:28	899	899	902	902
2021-09-24T02:29:58	899	899	902	902
2021-09-24T02:30:28	900	899	903	902
2021-09-24T02:30:58	899	899	901	902
2021-09-24T02:31:28	901	899	902	902
2021-09-24T02:31:58	899	899	902	902
2021-09-24T02:32:28	901	899	903	902
2021-09-24T02:32:58	899	899	903	902
2021-09-24T02:33:28	900	899	902	902
2021-09-24T02:33:58	899	899	902	902
2021-09-24T02:34:28	901	900	903	902
2021-09-24T02:34:58	899	899	902	902
2021-09-24T02:35:28	900	899	902	902
2021-09-24T02:35:58	900	899	902	902
2021-09-24T02:36:28	898	898	900	902
2021-09-24T02:36:58	897	897	899	901
2021-09-24T02:37:28	896	896	898	900
2021-09-24T02:37:58	895	895	897	899
2021-09-24T02:38:28	895	894	896	898
2021-09-24T02:38:58	894	894	896	897
2021-09-24T02:39:28	893	893	895	897
2021-09-24T02:39:58	893	893	894	896
2021-09-24T02:40:28	893	892	894	896
2021-09-24T02:40:58	892	892	893	895
2021-09-24T02:41:28	892	891	893	895
2021-09-24T02:41:58	891	891	892	895
2021-09-24T02:42:28	891	891	892	894
2021-09-24T02:42:58	890	890	891	894
2021-09-24T02:43:28	890	890	891	894
2021-09-24T02:43:58	890	890	891	893
2021-09-24T02:44:28	889	889	890	893
2021-09-24T02:44:58	889	889	890	892
2021-09-24T02:45:28	889	889	889	892
2021-09-24T02:45:58	888	889	889	892
2021-09-24T02:46:28	888	889	889	891
2021-09-24T02:46:58	888	889	888	891
2021-09-24T02:47:28	887	888	888	890
2021-09-24T02:47:58	887	888	887	890
2021-09-24T02:48:28	887	888	887	890
2021-09-24T02:48:58	886	887	887	889
2021-09-24T02:49:28	886	887	887	889
2021-09-24T02:49:58	885	887	886	889
2021-09-24T02:50:28	885	886	887	888
2021-09-24T02:50:58	885	886	886	888
2021-09-24T02:51:28	885	886	886	888
2021-09-24T02:51:58	828	885	885	887
2021-09-24T02:52:28	748	823	829	869
2021-09-24T02:52:58	672	747	757	835
2021-09-24T02:53:28	548	632	678	793
2021-09-24T02:53:58	500	563	592	721
2021-09-24T02:54:28	453	498	550	662
2021-09-24T02:54:58	425	460	527	631
