time	T1	T2	T3	T4
2021-08-16T11:57:22	24	25	26	24
2021-08-16T11:57:52	24	25	26	24
2021-08-16T11:58:22	24	25	26	25
2021-08-16T11:58:52	24	25	26	24
2021-08-16T11:59:22	24	25	26	24
2021-08-16T11:59:52	24	25	26	25
2021-08-16T12:00:22	24	25	26	24
2021-08-16T12:00:52	24	25	26	24
2021-08-16T12:01:22	24	25	26	24
2021-08-16T12:01:52	24	25	26	24
2021-08-16T12:02:22	24	25	26	24
2021-08-16T12:02:52	24	25	26	25
2021-08-16T12:03:22	24	25	26	24
2021-08-16T12:03:52	24	25	26	24
2021-08-16T12:04:22	24	25	26	24
2021-08-16T12:04:52	24	25	26	24
2021-08-16T12:05:22	24	25	26	24
2021-08-16T12:05:52	24	25	26	24
2021-08-16T12:06:22	24	25	26	24
2021-08-16T12:06:52	24	25	26	24
2021-08-16T12:07:22	24	25	26	24
2021-08-16T12:07:52	24	25	26	24
2021-08-16T12:08:22	24	25	26	25
2021-08-16T12:08:52	24	25	26	24
2021-08-16T12:09:22	24	25	26	24
2021-08-16T12:09:52	24	25	26	24
2021-08-16T12:10:22	24	25	26	25
2021-08-16T12:10:52	24	25	26	25
2021-08-16T12:11:22	24	25	26	25
2021-08-16T12:11:52	24	25	26	25
2021-08-16T12:12:22	24	25	26	25
2021-08-16T12:12:52	24	25	26	25
2021-08-16T12:13:22	24	25	26	25
2021-08-16T12:13:52	24	25	26	25
2021-08-16T12:14:22	24	25	26	25
2021-08-16T12:14:52	24	25	26	25
2021-08-16T12:15:22	24	25	26	25
2021-08-16T12:15:52	24	25	26	25
2021-08-16T12:16:22	24	25	26	24
2021-08-16T12:16:52	24	25	26	24
2021-08-16T12:17:22	24	25	26	25
2021-08-16T12:17:52	24	25	26	24
2021-08-16T12:18:22	24	25	26	24
2021-08-16T12:18:52	24	25	26	24
2021-08-16T12:19:22	24	26	26	24
2021-08-16T12:19:52	24	25	26	24
2021-08-16T12:20:22	24	25	26	24
2021-08-16T12:20:52	24	25	26	24
2021-08-16T12:21:22	24	26	26	24
2021-08-16T12:21:52	24	26	26	24
2021-08-16T12:22:22	24	26	26	24
2021-08-16T12:22:52	24	26	26	24
2021-08-16T12:23:22	24	26	26	24
2021-08-16T12:23:52	24	26	26	24
2021-08-16T12:24:22	24	26	26	24
2021-08-16T12:24:52	24	26	26	24
2021-08-16T12:25:22	24	26	26	24
2021-08-16T12:25:52	24	26	26	24
2021-08-16T12:26:22	24	26	26	24
2021-08-16T12:26:52	24	26	26	23
2021-08-16T12:27:22	24	26	26	24
2021-08-16T12:27:52	24	26	26	24
2021-08-16T12:28:22	24	26	26	24
2021-08-16T12:28:52	24	26	26	24
2021-08-16T12:29:22	24	26	26	24
2021-08-16T12:29:52	24	26	26	24
2021-08-16T12:30:22	24	26	26	24
2021-08-16T12:30:52	24	26	26	24
2021-08-16T12:31:22	24	26	26	24
2021-08-16T12:31:52	24	26	26	24
2021-08-16T12:32:22	24	26	26	24
2021-08-16T12:32:52	25	26	26	24
2021-08-16T12:33:22	24	26	26	24
2021-08-16T12:33:52	25	26	27	24
2021-08-16T12:34:22	25	26	27	24
2021-08-16T12:34:52	25	26	27	24
2021-08-16T12:35:22	25	26	27	24
2021-08-16T12:35:52	25	26	27	24
2021-08-16T12:36:22	25	26	27	24
2021-08-16T12:36:52	25	26	27	24
2021-08-16T12:37:22	25	26	27	24
2021-08-16T12:37:52	25	26	27	24
2021-08-16T12:38:22	25	26	27	24
2021-08-16T12:38:52	25	26	27	24
2021-08-16T12:39:22	25	26	27	24
2021-08-16T12:39:52	25	26	27	24
2021-08-16T12:40:22	25	26	27	24
2021-08-16T12:40:52	25	26	27	24
2021-08-16T12:41:22	25	26	27	24
2021-08-16T12:41:52	25	26	27	24
2021-08-16T12:42:22	25	26	27	24
2021-08-16T12:42:52	25	26	27	24
2021-08-16T12:43:22	25	26	27	24
2021-08-16T12:43:52	25	26	27	24
2021-08-16T12:44:22	25	26	27	24
2021-08-16T12:44:52	25	26	27	24
2021-08-16T12:45:22	25	26	27	24
2021-08-16T12:45:52	25	26	27	24
2021-08-16T12:46:22	25	26	27	24
2021-08-16T12:46:52	25	26	27	24
2021-08-16T12:47:22	25	26	27	24
2021-08-16T12:47:52	25	26	27	24
2021-08-16T12:48:22	25	26	27	23
2021-08-16T12:48:52	25	26	27	24
2021-08-16T12:49:22	25	26	27	24
2021-08-16T12:49:52	25	26	27	24
2021-08-16T12:50:22	25	26	27	24
2021-08-16T12:50:52	25	26	27	24
2021-08-16T12:51:22	25	26	27	23
2021-08-16T12:51:52	25	27	27	23
2021-08-16T12:52:22	25	27	28	23
2021-08-16T12:52:52	25	28	28	24
2021-08-16T12:53:22	27	28	29	24
2021-08-16T12:53:52	29	30	29	25
2021-08-16T12:54:22	32	35	33	25
2021-08-16T12:54:52	35	37	34	25
2021-08-16T12:55:22	36	38	35	26
2021-08-16T12:55:52	38	39	36	28
2021-08-16T12:56:22	39	40	36	29
2021-08-16T12:56:52	39	41	37	31
2021-08-16T12:57:22	40	41	37	33
2021-08-16T12:57:52	41	42	38	34
2021-08-16T12:58:22	43	44	40	35
2021-08-16T12:58:52	45	48	43	37
2021-08-16T12:59:22	46	48	43	39
2021-08-16T12:59:52	46	49	43	40
2021-08-16T13:00:22	47	49	44	42
2021-08-16T13:00:52	48	50	44	44
2021-08-16T13:01:22	51	55	49	46
2021-08-16T13:01:52	52	56	49	47
2021-08-16T13:02:22	52	56	49	49
2021-08-16T13:02:52	53	56	50	50
2021-08-16T13:03:22	54	56	50	51
2021-08-16T13:03:52	55	59	52	53
2021-08-16T13:04:22	56	60	54	54
2021-08-16T13:04:52	56	60	53	55
2021-08-16T13:05:22	57	62	56	56
2021-08-16T13:05:52	59	64	57	58
2021-08-16T13:06:22	60	64	57	59
2021-08-16T13:06:52	59	64	57	60
2021-08-16T13:07:22	62	68	60	61
2021-08-16T13:07:52	63	69	61	63
2021-08-16T13:08:22	63	68	61	63
2021-08-16T13:08:52	64	70	63	64
2021-08-16T13:09:22	66	73	66	66
2021-08-16T13:09:52	67	73	65	67
2021-08-16T13:10:22	67	72	65	68
2021-08-16T13:10:52	69	75	69	70
2021-08-16T13:11:22	70	77	69	71
2021-08-16T13:11:52	70	76	69	71
2021-08-16T13:12:22	70	78	70	73
2021-08-16T13:12:52	72	79	71	74
2021-08-16T13:13:22	73	81	73	75
2021-08-16T13:13:52	73	81	73	76
2021-08-16T13:14:22	74	82	74	76
2021-08-16T13:14:52	76	85	77	78
2021-08-16T13:15:22	76	84	76	79
2021-08-16T13:15:52	76	85	78	80
2021-08-16T13:16:22	78	88	80	80
2021-08-16T13:16:52	78	88	78	81
2021-08-16T13:17:22	81	90	82	82
2021-08-16T13:17:52	82	93	83	84
2021-08-16T13:18:22	81	92	82	85
2021-08-16T13:18:52	83	94	85	85
2021-08-16T13:19:22	82	94	84	86
2021-08-16T13:19:52	84	96	87	87
2021-08-16T13:20:22	85	96	88	88
2021-08-16T13:20:52	87	99	89	89
2021-08-16T13:21:22	87	99	90	90
2021-08-16T13:21:52	87	99	90	91
2021-08-16T13:22:22	92	103	92	92
2021-08-16T13:22:52	95	104	94	94
2021-08-16T13:23:22	97	103	93	95
2021-08-16T13:23:52	101	106	96	96
2021-08-16T13:24:22	105	106	96	98
2021-08-16T13:24:52	107	106	97	99
2021-08-16T13:25:22	111	106	98	100
2021-08-16T13:25:52	115	108	99	101
2021-08-16T13:26:22	118	110	101	102
2021-08-16T13:26:52	121	109	101	104
2021-08-16T13:27:22	125	112	104	104
2021-08-16T13:27:52	126	113	105	107
2021-08-16T13:28:22	131	111	103	107
2021-08-16T13:28:52	134	115	108	108
2021-08-16T13:29:22	138	116	108	110
2021-08-16T13:29:52	138	114	107	111
2021-08-16T13:30:22	142	117	110	111
2021-08-16T13:30:52	144	116	110	111
2021-08-16T13:31:22	145	117	111	113
2021-08-16T13:31:52	146	118	112	113
2021-08-16T13:32:22	151	121	114	114
2021-08-16T13:32:52	150	120	113	116
2021-08-16T13:33:22	153	122	117	117
2021-08-16T13:33:52	155	122	116	118
2021-08-16T13:34:22	159	124	118	118
2021-08-16T13:34:52	160	125	120	120
2021-08-16T13:35:22	162	126	120	121
2021-08-16T13:35:52	162	128	122	122
2021-08-16T13:36:22	163	127	121	122
2021-08-16T13:36:52	165	130	124	123
2021-08-16T13:37:22	168	129	124	124
2021-08-16T13:37:52	169	132	126	124
2021-08-16T13:38:22	172	131	125	125
2021-08-16T13:38:52	173	134	128	126
2021-08-16T13:39:22	173	135	129	127
2021-08-16T13:39:52	175	136	130	128
2021-08-16T13:40:22	176	136	131	129
2021-08-16T13:40:52	177	137	131	130
2021-08-16T13:41:22	181	139	134	131
2021-08-16T13:41:52	179	139	133	132
2021-08-16T13:42:22	181	141	136	133
2021-08-16T13:42:52	182	141	137	135
2021-08-16T13:43:22	185	143	138	135
2021-08-16T13:43:52	185	143	138	136
2021-08-16T13:44:22	190	145	139	137
2021-08-16T13:44:52	188	148	142	138
2021-08-16T13:45:22	190	148	143	139
2021-08-16T13:45:52	192	148	143	140
2021-08-16T13:46:22	192	148	143	141
2021-08-16T13:46:52	194	150	145	142
2021-08-16T13:47:22	193	149	145	143
2021-08-16T13:47:52	194	153	148	144
2021-08-16T13:48:22	196	152	147	145
2021-08-16T13:48:52	200	155	150	146
2021-08-16T13:49:22	198	154	150	146
2021-08-16T13:49:52	200	156	152	148
2021-08-16T13:50:22	200	158	153	148
2021-08-16T13:50:52	203	158	153	150
2021-08-16T13:51:22	202	160	154	150
2021-08-16T13:51:52	203	160	156	151
2021-08-16T13:52:22	204	161	157	152
2021-08-16T13:52:52	205	161	158	153
2021-08-16T13:53:22	208	165	161	154
2021-08-16T13:53:52	208	164	160	155
2021-08-16T13:54:22	207	164	161	156
2021-08-16T13:54:52	207	165	161	157
2021-08-16T13:55:22	210	168	164	158
2021-08-16T13:55:52	210	168	166	158
2021-08-16T13:56:22	211	169	166	159
2021-08-16T13:56:52	212	170	166	160
2021-08-16T13:57:22	213	172	167	163
2021-08-16T13:57:52	215	173	170	164
2021-08-16T13:58:22	214	174	171	163
2021-08-16T13:58:52	216	176	172	165
2021-08-16T13:59:22	215	174	170	165
2021-08-16T13:59:52	218	178	173	166
2021-08-16T14:00:22	220	176	173	167
2021-08-16T14:00:52	219	179	176	169
2021-08-16T14:01:22	221	179	176	170
2021-08-16T14:01:52	222	180	177	171
2021-08-16T14:02:22	224	181	181	172
2021-08-16T14:02:52	223	182	179	172
2021-08-16T14:03:22	226	184	183	173
2021-08-16T14:03:52	225	183	180	174
2021-08-16T14:04:22	227	186	185	174
2021-08-16T14:04:52	225	184	184	175
2021-08-16T14:05:22	228	188	187	176
2021-08-16T14:05:52	228	187	185	177
2021-08-16T14:06:22	228	188	187	178
2021-08-16T14:06:52	229	190	188	179
2021-08-16T14:07:22	230	189	188	180
2021-08-16T14:07:52	232	192	192	181
2021-08-16T14:08:22	233	191	191	183
2021-08-16T14:08:52	234	193	193	183
2021-08-16T14:09:22	235	193	194	183
2021-08-16T14:09:52	235	195	196	184
2021-08-16T14:10:22	236	195	195	185
2021-08-16T14:10:52	239	198	198	187
2021-08-16T14:11:22	239	197	197	187
2021-08-16T14:11:52	240	199	200	187
2021-08-16T14:12:22	240	198	198	188
2021-08-16T14:12:52	241	202	201	190
2021-08-16T14:13:22	242	202	203	191
2021-08-16T14:13:52	243	203	203	192
2021-08-16T14:14:22	243	203	204	192
2021-08-16T14:14:52	244	205	206	193
2021-08-16T14:15:22	245	204	205	194
2021-08-16T14:15:52	247	207	209	195
2021-08-16T14:16:22	246	206	208	197
2021-08-16T14:16:52	251	207	211	199
2021-08-16T14:17:22	250	207	211	199
2021-08-16T14:17:52	251	209	213	200
2021-08-16T14:18:22	251	209	214	201
2021-08-16T14:18:52	251	210	214	202
2021-08-16T14:19:22	251	210	215	204
2021-08-16T14:19:52	252	211	216	204
2021-08-16T14:20:22	254	213	218	206
2021-08-16T14:20:52	256	214	220	208
2021-08-16T14:21:22	256	214	220	208
2021-08-16T14:21:52	256	215	221	209
2021-08-16T14:22:22	259	216	222	210
2021-08-16T14:22:52	258	215	223	211
2021-08-16T14:23:22	260	218	225	212
2021-08-16T14:23:52	260	217	225	213
2021-08-16T14:24:22	262	219	227	214
2021-08-16T14:24:52	264	220	228	215
2021-08-16T14:25:22	264	221	228	216
2021-08-16T14:25:52	265	221	229	217
2021-08-16T14:26:22	267	223	233	219
2021-08-16T14:26:52	266	222	231	221
2021-08-16T14:27:22	268	225	234	222
2021-08-16T14:27:52	268	224	233	222
2021-08-16T14:28:22	270	226	236	224
2021-08-16T14:28:52	270	227	236	224
2021-08-16T14:29:22	271	229	238	226
2021-08-16T14:29:52	272	229	238	226
2021-08-16T14:30:22	272	229	238	227
2021-08-16T14:30:52	274	232	242	229
2021-08-16T14:31:22	275	231	241	229
2021-08-16T14:31:52	277	234	243	231
2021-08-16T14:32:22	277	233	243	231
2021-08-16T14:32:52	278	235	244	232
2021-08-16T14:33:22	279	237	247	233
2021-08-16T14:33:52	279	235	246	234
2021-08-16T14:34:22	280	238	250	236
2021-08-16T14:34:52	280	238	248	236
2021-08-16T14:35:22	282	241	250	238
2021-08-16T14:35:52	283	239	252	238
2021-08-16T14:36:22	284	241	252	239
2021-08-16T14:36:52	286	243	254	241
2021-08-16T14:37:22	286	241	254	244
2021-08-16T14:37:52	287	243	256	244
2021-08-16T14:38:22	287	244	257	245
2021-08-16T14:38:52	288	245	258	245
2021-08-16T14:39:22	289	245	258	247
2021-08-16T14:39:52	290	246	261	248
2021-08-16T14:40:22	292	248	263	249
2021-08-16T14:40:52	292	249	262	250
2021-08-16T14:41:22	293	250	265	250
2021-08-16T14:41:52	293	250	264	252
2021-08-16T14:42:22	294	251	266	253
2021-08-16T14:42:52	295	252	267	253
2021-08-16T14:43:22	296	252	266	254
2021-08-16T14:43:52	297	254	269	255
2021-08-16T14:44:22	298	256	271	256
2021-08-16T14:44:52	299	258	274	257
2021-08-16T14:45:22	300	258	272	258
2021-08-16T14:45:52	301	258	273	259
2021-08-16T14:46:22	301	260	274	261
2021-08-16T14:46:52	301	261	275	262
2021-08-16T14:47:22	304	261	277	262
2021-08-16T14:47:52	304	262	278	263
2021-08-16T14:48:22	305	263	279	264
2021-08-16T14:48:52	306	265	279	265
2021-08-16T14:49:22	307	264	281	266
2021-08-16T14:49:52	307	266	282	266
2021-08-16T14:50:22	308	265	281	269
2021-08-16T14:50:52	309	268	286	269
2021-08-16T14:51:22	309	268	284	270
2021-08-16T14:51:52	312	269	286	270
2021-08-16T14:52:22	312	269	286	271
2021-08-16T14:52:52	313	270	289	272
2021-08-16T14:53:22	314	273	290	273
2021-08-16T14:53:52	315	274	291	275
2021-08-16T14:54:22	315	274	290	275
2021-08-16T14:54:52	317	276	293	276
2021-08-16T14:55:22	316	275	293	277
2021-08-16T14:55:52	318	277	294	280
2021-08-16T14:56:22	319	279	297	279
2021-08-16T14:56:52	320	279	297	281
2021-08-16T14:57:22	321	280	299	281
2021-08-16T14:57:52	321	280	298	282
2021-08-16T14:58:22	322	284	302	283
2021-08-16T14:58:52	323	284	300	284
2021-08-16T14:59:22	323	284	302	285
2021-08-16T14:59:52	325	285	305	287
2021-08-16T15:00:22	326	287	306	288
2021-08-16T15:00:52	327	287	305	288
2021-08-16T15:01:22	327	289	307	289
2021-08-16T15:01:52	328	289	308	290
2021-08-16T15:02:22	329	290	309	291
2021-08-16T15:02:52	331	291	311	292
2021-08-16T15:03:22	331	291	310	293
2021-08-16T15:03:52	333	293	313	293
2021-08-16T15:04:22	334	295	313	295
2021-08-16T15:04:52	335	296	315	297
2021-08-16T15:05:22	335	295	314	296
2021-08-16T15:05:52	336	296	316	297
2021-08-16T15:06:22	338	297	316	299
2021-08-16T15:06:52	339	300	319	300
2021-08-16T15:07:22	339	299	319	301
2021-08-16T15:07:52	339	300	320	302
2021-08-16T15:08:22	341	302	321	303
2021-08-16T15:08:52	342	303	324	303
2021-08-16T15:09:22	343	304	323	303
2021-08-16T15:09:52	344	303	324	305
2021-08-16T15:10:22	344	305	328	306
2021-08-16T15:10:52	346	306	328	309
2021-08-16T15:11:22	346	308	327	308
2021-08-16T15:11:52	347	308	329	309
2021-08-16T15:12:22	349	309	330	310
2021-08-16T15:12:52	350	312	332	311
2021-08-16T15:13:22	351	311	334	312
2021-08-16T15:13:52	350	310	332	313
2021-08-16T15:14:22	351	313	335	314
2021-08-16T15:14:52	352	315	337	315
2021-08-16T15:15:22	353	315	337	316
2021-08-16T15:15:52	353	316	337	317
2021-08-16T15:16:22	354	318	341	318
2021-08-16T15:16:52	353	318	340	319
2021-08-16T15:17:22	356	318	340	320
2021-08-16T15:17:52	356	319	343	320
2021-08-16T15:18:22	356	321	343	321
2021-08-16T15:18:52	358	321	344	322
2021-08-16T15:19:22	358	321	344	323
2021-08-16T15:19:52	360	325	347	324
2021-08-16T15:20:22	360	325	348	325
2021-08-16T15:20:52	362	326	351	326
2021-08-16T15:21:22	363	325	349	327
2021-08-16T15:21:52	364	327	351	328
2021-08-16T15:22:22	364	329	352	329
2021-08-16T15:22:52	365	331	353	331
2021-08-16T15:23:22	365	331	355	331
2021-08-16T15:23:52	366	332	354	332
2021-08-16T15:24:22	368	332	356	333
2021-08-16T15:24:52	369	334	358	335
2021-08-16T15:25:22	369	334	358	335
2021-08-16T15:25:52	370	337	359	336
2021-08-16T15:26:22	372	335	361	337
2021-08-16T15:26:52	372	338	362	338
2021-08-16T15:27:22	373	340	364	339
2021-08-16T15:27:52	373	340	363	340
2021-08-16T15:28:22	375	341	364	341
2021-08-16T15:28:52	376	342	367	342
2021-08-16T15:29:22	376	343	367	343
2021-08-16T15:29:52	377	343	368	344
2021-08-16T15:30:22	378	344	370	345
2021-08-16T15:30:52	379	347	370	346
2021-08-16T15:31:22	380	349	370	347
2021-08-16T15:31:52	380	348	372	348
2021-08-16T15:32:22	381	350	373	349
2021-08-16T15:32:52	383	352	375	351
2021-08-16T15:33:22	383	353	375	352
2021-08-16T15:33:52	383	354	377	353
2021-08-16T15:34:22	384	356	379	353
2021-08-16T15:34:52	385	355	377	354
2021-08-16T15:35:22	387	357	381	355
2021-08-16T15:35:52	388	358	382	357
2021-08-16T15:36:22	388	359	383	357
2021-08-16T15:36:52	389	359	383	358
2021-08-16T15:37:22	391	359	385	359
2021-08-16T15:37:52	391	362	386	360
2021-08-16T15:38:22	392	363	386	362
2021-08-16T15:38:52	393	364	388	363
2021-08-16T15:39:22	394	365	389	364
2021-08-16T15:39:52	394	365	390	365
2021-08-16T15:40:22	394	368	391	365
2021-08-16T15:40:52	396	369	393	367
2021-08-16T15:41:22	397	369	395	368
2021-08-16T15:41:52	398	371	392	368
2021-08-16T15:42:22	399	371	395	370
2021-08-16T15:42:52	400	372	398	371
2021-08-16T15:43:22	401	373	398	371
2021-08-16T15:43:52	403	375	400	372
2021-08-16T15:44:22	402	373	399	373
2021-08-16T15:44:52	402	375	401	375
2021-08-16T15:45:22	403	378	402	375
2021-08-16T15:45:52	404	378	403	377
2021-08-16T15:46:22	406	381	405	378
2021-08-16T15:46:52	406	380	405	379
2021-08-16T15:47:22	407	381	407	379
2021-08-16T15:47:52	407	382	408	381
2021-08-16T15:48:22	408	382	407	382
2021-08-16T15:48:52	409	384	409	383
2021-08-16T15:49:22	409	383	410	384
2021-08-16T15:49:52	411	385	411	384
2021-08-16T15:50:22	412	386	415	385
2021-08-16T15:50:52	412	386	411	386
2021-08-16T15:51:22	414	389	415	386
2021-08-16T15:51:52	413	388	415	388
2021-08-16T15:52:22	416	389	416	389
2021-08-16T15:52:52	416	392	419	389
2021-08-16T15:53:22	417	393	417	390
2021-08-16T15:53:52	419	393	421	392
2021-08-16T15:54:22	420	395	421	393
2021-08-16T15:54:52	420	395	421	394
2021-08-16T15:55:22	422	398	424	395
2021-08-16T15:55:52	424	396	425	397
2021-08-16T15:56:22	424	398	424	397
2021-08-16T15:56:52	424	399	427	398
2021-08-16T15:57:22	426	399	428	400
2021-08-16T15:57:52	428	402	431	401
2021-08-16T15:58:22	429	402	430	402
2021-08-16T15:58:52	431	403	432	403
2021-08-16T15:59:22	432	403	430	404
2021-08-16T15:59:52	432	405	433	405
2021-08-16T16:00:22	434	406	434	406
2021-08-16T16:00:52	435	406	435	407
2021-08-16T16:01:22	436	408	438	409
2021-08-16T16:01:52	435	409	437	410
2021-08-16T16:02:22	439	412	439	411
2021-08-16T16:02:52	440	413	440	412
2021-08-16T16:03:22	439	411	441	413
2021-08-16T16:03:52	440	414	442	414
2021-08-16T16:04:22	441	415	445	416
2021-08-16T16:04:52	442	415	443	417
2021-08-16T16:05:22	443	417	446	418
2021-08-16T16:05:52	446	418	446	419
2021-08-16T16:06:22	447	419	448	421
2021-08-16T16:06:52	447	418	447	422
2021-08-16T16:07:22	447	419	449	422
2021-08-16T16:07:52	450	421	452	424
2021-08-16T16:08:22	451	421	451	425
2021-08-16T16:08:52	451	422	452	426
2021-08-16T16:09:22	453	424	454	427
2021-08-16T16:09:52	453	425	454	428
2021-08-16T16:10:22	455	427	455	430
2021-08-16T16:10:52	457	429	459	430
2021-08-16T16:11:22	456	426	455	432
2021-08-16T16:11:52	459	428	457	432
2021-08-16T16:12:22	458	430	461	434
2021-08-16T16:12:52	459	431	460	435
2021-08-16T16:13:22	462	433	463	436
2021-08-16T16:13:52	463	434	464	437
2021-08-16T16:14:22	463	435	464	438
2021-08-16T16:14:52	463	436	467	439
2021-08-16T16:15:22	466	436	467	441
2021-08-16T16:15:52	466	437	468	442
2021-08-16T16:16:22	468	438	470	443
2021-08-16T16:16:52	468	438	470	444
2021-08-16T16:17:22	471	442	471	446
2021-08-16T16:17:52	471	441	471	447
2021-08-16T16:18:22	471	442	473	447
2021-08-16T16:18:52	473	444	476	449
2021-08-16T16:19:22	472	444	474	450
2021-08-16T16:19:52	477	446	476	451
2021-08-16T16:20:22	475	445	476	452
2021-08-16T16:20:52	479	448	480	453
2021-08-16T16:21:22	479	449	480	454
2021-08-16T16:21:52	480	448	481	456
2021-08-16T16:22:22	481	451	481	457
2021-08-16T16:22:52	482	453	484	458
2021-08-16T16:23:22	482	452	483	459
2021-08-16T16:23:52	483	452	483	461
2021-08-16T16:24:22	486	454	486	461
2021-08-16T16:24:52	486	456	487	462
2021-08-16T16:25:22	487	456	489	463
2021-08-16T16:25:52	488	459	490	466
2021-08-16T16:26:22	490	457	488	466
2021-08-16T16:26:52	490	457	491	468
2021-08-16T16:27:22	490	460	491	468
2021-08-16T16:27:52	494	463	495	470
2021-08-16T16:28:22	493	462	493	471
2021-08-16T16:28:52	494	460	494	471
2021-08-16T16:29:22	496	464	496	472
2021-08-16T16:29:52	497	465	498	473
2021-08-16T16:30:22	498	466	500	475
2021-08-16T16:30:52	499	468	502	476
2021-08-16T16:31:22	499	468	501	478
2021-08-16T16:31:52	502	470	502	479
2021-08-16T16:32:22	502	470	504	479
2021-08-16T16:32:52	504	471	504	481
2021-08-16T16:33:22	504	473	507	481
2021-08-16T16:33:52	505	474	506	484
2021-08-16T16:34:22	508	474	506	484
2021-08-16T16:34:52	509	475	509	486
2021-08-16T16:35:22	508	475	510	486
2021-08-16T16:35:52	510	477	510	489
2021-08-16T16:36:22	511	478	512	489
2021-08-16T16:36:52	512	480	514	491
2021-08-16T16:37:22	513	479	514	491
2021-08-16T16:37:52	513	480	515	492
2021-08-16T16:38:22	515	482	517	493
2021-08-16T16:38:52	515	483	518	494
2021-08-16T16:39:22	519	484	520	496
2021-08-16T16:39:52	518	485	519	498
2021-08-16T16:40:22	520	487	521	499
2021-08-16T16:40:52	519	487	521	500
2021-08-16T16:41:22	522	487	522	501
2021-08-16T16:41:52	522	489	522	502
2021-08-16T16:42:22	525	490	524	502
2021-08-16T16:42:52	523	490	526	504
2021-08-16T16:43:22	526	491	528	505
2021-08-16T16:43:52	528	493	529	506
2021-08-16T16:44:22	526	494	529	508
2021-08-16T16:44:52	530	495	526	509
2021-08-16T16:45:22	531	497	519	509
2021-08-16T16:45:52	531	495	515	509
2021-08-16T16:46:22	532	496	515	508
2021-08-16T16:46:52	532	497	506	508
2021-08-16T16:47:22	535	496	504	507
2021-08-16T16:47:52	534	494	501	507
2021-08-16T16:48:22	535	494	498	507
2021-08-16T16:48:52	536	494	496	507
2021-08-16T16:49:22	537	494	496	506
2021-08-16T16:49:52	539	494	493	506
2021-08-16T16:50:22	540	494	493	506
2021-08-16T16:50:52	543	495	492	506
2021-08-16T16:51:22	542	497	499	507
2021-08-16T16:51:52	543	499	506	509
2021-08-16T16:52:22	546	502	513	510
2021-08-16T16:52:52	548	503	515	512
2021-08-16T16:53:22	547	505	520	516
2021-08-16T16:53:52	547	506	523	517
2021-08-16T16:54:22	551	508	526	520
2021-08-16T16:54:52	548	509	527	521
2021-08-16T16:55:22	554	509	532	524
2021-08-16T16:55:52	552	511	534	525
2021-08-16T16:56:22	555	512	535	527
2021-08-16T16:56:52	556	513	537	528
2021-08-16T16:57:22	558	514	541	530
2021-08-16T16:57:52	557	516	541	530
2021-08-16T16:58:22	558	516	543	533
2021-08-16T16:58:52	560	518	546	534
2021-08-16T16:59:22	560	519	547	535
2021-08-16T16:59:52	561	519	547	537
2021-08-16T17:00:22	563	521	548	538
2021-08-16T17:00:52	565	522	552	539
2021-08-16T17:01:22	564	523	553	542
2021-08-16T17:01:52	566	524	555	544
2021-08-16T17:02:22	567	524	556	545
2021-08-16T17:02:52	568	525	556	546
2021-08-16T17:03:22	569	525	558	547
2021-08-16T17:03:52	569	527	559	548
2021-08-16T17:04:22	570	527	560	548
2021-08-16T17:04:52	572	528	561	551
2021-08-16T17:05:22	573	529	562	552
2021-08-16T17:05:52	575	531	564	553
2021-08-16T17:06:22	576	531	564	553
2021-08-16T17:06:52	577	532	566	555
2021-08-16T17:07:22	576	533	567	557
2021-08-16T17:07:52	580	535	569	557
2021-08-16T17:08:22	581	535	568	559
2021-08-16T17:08:52	580	537	571	560
2021-08-16T17:09:22	583	537	572	562
2021-08-16T17:09:52	584	539	572	563
2021-08-16T17:10:22	584	539	574	564
2021-08-16T17:10:52	583	540	575	565
2021-08-16T17:11:22	587	541	577	566
2021-08-16T17:11:52	588	541	576	567
2021-08-16T17:12:22	590	543	577	568
2021-08-16T17:12:52	589	544	579	570
2021-08-16T17:13:22	590	544	581	571
2021-08-16T17:13:52	592	545	582	572
2021-08-16T17:14:22	591	545	583	573
2021-08-16T17:14:52	593	547	583	574
2021-08-16T17:15:22	594	547	583	576
2021-08-16T17:15:52	596	550	586	576
2021-08-16T17:16:22	597	550	586	577
2021-08-16T17:16:52	599	550	588	579
2021-08-16T17:17:22	599	551	589	580
2021-08-16T17:17:52	601	552	590	582
2021-08-16T17:18:22	602	553	591	581
2021-08-16T17:18:52	605	554	591	583
2021-08-16T17:19:22	603	556	592	584
2021-08-16T17:19:52	605	556	594	586
2021-08-16T17:20:22	607	557	594	587
2021-08-16T17:20:52	607	558	595	588
2021-08-16T17:21:22	608	559	597	589
2021-08-16T17:21:52	609	560	599	590
2021-08-16T17:22:22	611	560	599	591
2021-08-16T17:22:52	611	561	599	593
2021-08-16T17:23:22	613	562	601	593
2021-08-16T17:23:52	615	563	601	593
2021-08-16T17:24:22	615	564	602	595
2021-08-16T17:24:52	616	565	603	596
2021-08-16T17:25:22	617	566	604	599
2021-08-16T17:25:52	618	566	606	600
2021-08-16T17:26:22	619	569	607	601
2021-08-16T17:26:52	621	569	607	602
2021-08-16T17:27:22	623	569	608	603
2021-08-16T17:27:52	622	570	611	604
2021-08-16T17:28:22	625	571	611	606
2021-08-16T17:28:52	626	575	613	607
2021-08-16T17:29:22	624	572	603	607
2021-08-16T17:29:52	626	571	601	607
2021-08-16T17:30:22	626	569	594	607
2021-08-16T17:30:52	630	567	593	606
2021-08-16T17:31:22	627	569	587	605
2021-08-16T17:31:52	631	574	585	605
2021-08-16T17:32:22	632	575	586	605
2021-08-16T17:32:52	632	571	582	605
2021-08-16T17:33:22	633	574	582	604
2021-08-16T17:33:52	633	571	579	605
2021-08-16T17:34:22	636	573	587	606
2021-08-16T17:34:52	636	576	593	608
2021-08-16T17:35:22	639	578	599	610
2021-08-16T17:35:52	639	579	603	612
2021-08-16T17:36:22	640	580	605	614
2021-08-16T17:36:52	642	582	609	616
2021-08-16T17:37:22	642	584	611	619
2021-08-16T17:37:52	644	585	613	621
2021-08-16T17:38:22	646	585	615	621
2021-08-16T17:38:52	645	586	617	622
2021-08-16T17:39:22	646	589	619	624
2021-08-16T17:39:52	648	589	621	626
2021-08-16T17:40:22	649	591	623	628
2021-08-16T17:40:52	649	591	623	629
2021-08-16T17:41:22	651	592	625	630
2021-08-16T17:41:52	652	593	627	632
2021-08-16T17:42:22	654	595	628	631
2021-08-16T17:42:52	655	596	630	634
2021-08-16T17:43:22	656	596	632	636
2021-08-16T17:43:52	658	596	634	637
2021-08-16T17:44:23	658	598	634	638
2021-08-16T17:44:53	660	600	635	639
2021-08-16T17:45:23	660	601	636	640
2021-08-16T17:45:53	662	602	638	642
2021-08-16T17:46:23	663	603	639	643
2021-08-16T17:46:53	664	603	640	644
2021-08-16T17:47:23	663	604	642	646
2021-08-16T17:47:53	666	606	642	646
2021-08-16T17:48:23	667	606	643	647
2021-08-16T17:48:53	668	607	644	648
2021-08-16T17:49:23	669	609	645	649
2021-08-16T17:49:53	669	610	646	651
2021-08-16T17:50:23	672	610	649	652
2021-08-16T17:50:53	673	612	651	653
2021-08-16T17:51:23	673	613	650	655
2021-08-16T17:51:53	673	613	652	655
2021-08-16T17:52:23	676	614	652	656
2021-08-16T17:52:53	676	615	653	658
2021-08-16T17:53:23	678	615	654	659
2021-08-16T17:53:53	678	616	656	661
2021-08-16T17:54:23	679	618	656	660
2021-08-16T17:54:53	681	619	658	662
2021-08-16T17:55:23	683	619	659	664
2021-08-16T17:55:53	683	621	660	664
2021-08-16T17:56:23	684	622	662	664
2021-08-16T17:56:53	686	623	662	667
2021-08-16T17:57:23	685	623	664	668
2021-08-16T17:57:53	689	624	664	670
2021-08-16T17:58:23	688	625	665	671
2021-08-16T17:58:53	689	627	667	672
2021-08-16T17:59:23	691	627	667	672
2021-08-16T17:59:53	691	629	668	673
2021-08-16T18:00:23	692	628	669	675
2021-08-16T18:00:53	694	631	670	675
2021-08-16T18:01:23	695	631	671	677
2021-08-16T18:01:53	696	632	671	679
2021-08-16T18:02:23	697	633	673	679
2021-08-16T18:02:53	699	634	674	681
2021-08-16T18:03:23	700	636	674	682
2021-08-16T18:03:53	700	637	677	683
2021-08-16T18:04:23	703	637	677	684
2021-08-16T18:04:53	702	638	677	683
2021-08-16T18:05:23	703	639	679	686
2021-08-16T18:05:53	704	640	680	687
2021-08-16T18:06:23	705	640	681	689
2021-08-16T18:06:53	706	642	682	689
2021-08-16T18:07:23	707	643	682	691
2021-08-16T18:07:53	708	644	684	692
2021-08-16T18:08:23	710	645	685	692
2021-08-16T18:08:53	712	646	686	694
2021-08-16T18:09:23	713	647	687	694
2021-08-16T18:09:53	712	648	688	695
2021-08-16T18:10:23	715	649	688	696
2021-08-16T18:10:53	715	649	689	698
2021-08-16T18:11:23	717	650	690	700
2021-08-16T18:11:53	716	652	691	701
2021-08-16T18:12:23	719	652	692	700
2021-08-16T18:12:53	720	653	693	703
2021-08-16T18:13:23	722	655	694	703
2021-08-16T18:13:53	723	655	695	703
2021-08-16T18:14:23	724	656	695	706
2021-08-16T18:14:53	724	657	695	707
2021-08-16T18:15:23	725	659	698	708
2021-08-16T18:15:53	727	659	698	709
2021-08-16T18:16:23	726	660	699	710
2021-08-16T18:16:53	728	660	701	711
2021-08-16T18:17:23	731	662	701	713
2021-08-16T18:17:53	730	663	703	713
2021-08-16T18:18:23	730	664	702	714
2021-08-16T18:18:53	732	664	704	716
2021-08-16T18:19:23	732	666	705	717
2021-08-16T18:19:53	735	667	706	717
2021-08-16T18:20:23	735	668	707	718
2021-08-16T18:20:53	736	668	707	719
2021-08-16T18:21:23	738	669	708	722
2021-08-16T18:21:53	739	670	709	723
2021-08-16T18:22:23	741	671	711	723
2021-08-16T18:22:53	741	672	712	725
2021-08-16T18:23:23	743	673	712	726
2021-08-16T18:23:53	743	674	713	727
2021-08-16T18:24:23	744	675	714	727
2021-08-16T18:24:53	745	675	714	728
2021-08-16T18:25:23	747	677	716	729
2021-08-16T18:25:53	749	678	716	731
2021-08-16T18:26:23	748	679	711	731
2021-08-16T18:26:53	750	676	704	732
2021-08-16T18:27:23	751	675	700	731
2021-08-16T18:27:53	751	675	698	728
2021-08-16T18:28:23	753	676	695	728
2021-08-16T18:28:53	754	676	694	727
2021-08-16T18:29:23	755	676	693	728
2021-08-16T18:29:53	749	676	691	728
2021-08-16T18:30:23	739	676	689	727
2021-08-16T18:30:53	729	677	691	722
2021-08-16T18:31:23	724	678	698	718
2021-08-16T18:31:53	721	680	702	715
2021-08-16T18:32:23	718	682	705	714
2021-08-16T18:32:53	716	683	707	713
2021-08-16T18:33:23	714	684	709	711
2021-08-16T18:33:53	713	683	710	710
2021-08-16T18:34:23	711	686	713	711
2021-08-16T18:34:53	719	687	715	710
2021-08-16T18:35:23	732	688	717	714
2021-08-16T18:35:53	739	688	719	718
2021-08-16T18:36:23	743	690	722	722
2021-08-16T18:36:53	748	691	724	728
2021-08-16T18:37:23	751	693	725	732
2021-08-16T18:37:53	755	694	726	736
2021-08-16T18:38:23	758	695	729	739
2021-08-16T18:38:53	761	697	729	741
2021-08-16T18:39:23	762	697	731	744
2021-08-16T18:39:53	765	699	732	747
2021-08-16T18:40:23	766	699	733	749
2021-08-16T18:40:53	769	701	735	750
2021-08-16T18:41:23	771	702	736	753
2021-08-16T18:41:53	770	703	736	753
2021-08-16T18:42:23	773	704	738	755
2021-08-16T18:42:53	775	704	739	757
2021-08-16T18:43:23	776	706	740	758
2021-08-16T18:43:53	776	706	741	759
2021-08-16T18:44:23	778	707	743	760
2021-08-16T18:44:53	780	708	744	761
2021-08-16T18:45:23	781	709	744	763
2021-08-16T18:45:53	783	711	746	764
2021-08-16T18:46:23	783	711	747	764
2021-08-16T18:46:53	784	712	747	764
2021-08-16T18:47:23	785	713	748	767
2021-08-16T18:47:53	788	714	750	769
2021-08-16T18:48:23	789	714	750	771
2021-08-16T18:48:53	790	717	751	773
2021-08-16T18:49:23	790	716	753	773
2021-08-16T18:49:53	791	718	753	773
2021-08-16T18:50:23	792	718	754	774
2021-08-16T18:50:53	794	719	755	775
2021-08-16T18:51:23	794	720	756	776
2021-08-16T18:51:53	795	721	757	778
2021-08-16T18:52:23	796	723	757	779
2021-08-16T18:52:53	796	723	758	779
2021-08-16T18:53:23	797	724	759	781
2021-08-16T18:53:53	798	725	761	782
2021-08-16T18:54:23	799	726	761	781
2021-08-16T18:54:53	800	726	763	783
2021-08-16T18:55:23	801	728	764	783
2021-08-16T18:55:53	802	728	764	785
2021-08-16T18:56:23	802	730	765	786
2021-08-16T18:56:53	803	729	765	786
2021-08-16T18:57:23	805	731	766	787
2021-08-16T18:57:53	805	732	768	786
2021-08-16T18:58:23	806	732	768	790
2021-08-16T18:58:53	807	734	769	790
2021-08-16T18:59:23	809	735	770	790
2021-08-16T18:59:53	809	735	770	791
2021-08-16T19:00:23	810	736	771	791
2021-08-16T19:00:53	810	737	772	792
2021-08-16T19:01:23	811	738	773	794
2021-08-16T19:01:53	811	739	773	794
2021-08-16T19:02:23	813	739	774	795
2021-08-16T19:02:53	811	739	774	796
2021-08-16T19:03:23	814	741	776	798
2021-08-16T19:03:53	815	742	776	797
2021-08-16T19:04:23	815	743	777	798
2021-08-16T19:04:53	817	743	778	798
2021-08-16T19:05:23	818	745	779	800
2021-08-16T19:05:53	819	745	780	801
2021-08-16T19:06:23	820	746	780	802
2021-08-16T19:06:53	820	747	780	802
2021-08-16T19:07:23	821	748	782	804
2021-08-16T19:07:53	822	749	782	804
2021-08-16T19:08:23	823	750	783	804
2021-08-16T19:08:53	823	750	783	806
2021-08-16T19:09:23	824	751	785	804
2021-08-16T19:09:53	825	751	785	807
2021-08-16T19:10:23	826	753	786	806
2021-08-16T19:10:53	826	753	786	807
2021-08-16T19:11:23	816	753	787	807
2021-08-16T19:11:53	805	754	786	802
2021-08-16T19:12:23	798	755	786	798
2021-08-16T19:12:53	792	754	786	794
2021-08-16T19:13:23	790	755	785	790
2021-08-16T19:13:53	786	755	785	787
2021-08-16T19:14:23	783	756	786	786
2021-08-16T19:14:53	782	756	786	783
2021-08-16T19:15:23	780	756	786	781
2021-08-16T19:15:53	777	757	786	780
2021-08-16T19:16:23	776	757	786	779
2021-08-16T19:16:53	775	758	787	778
2021-08-16T19:17:23	773	757	788	778
2021-08-16T19:17:53	772	758	787	777
2021-08-16T19:18:23	771	759	787	776
2021-08-16T19:18:53	770	760	788	776
2021-08-16T19:19:23	770	759	788	776
2021-08-16T19:19:53	769	760	789	776
2021-08-16T19:20:23	768	762	789	774
2021-08-16T19:20:53	768	761	790	775
2021-08-16T19:21:23	767	761	790	774
2021-08-16T19:21:53	767	762	790	775
2021-08-16T19:22:23	767	763	791	774
2021-08-16T19:22:53	766	763	791	774
2021-08-16T19:23:23	766	764	791	774
2021-08-16T19:23:53	765	764	792	774
2021-08-16T19:24:23	765	764	792	774
2021-08-16T19:24:53	764	764	792	774
2021-08-16T19:25:23	765	765	793	775
2021-08-16T19:25:53	764	765	793	775
2021-08-16T19:26:23	765	766	793	775
2021-08-16T19:26:53	764	767	793	775
2021-08-16T19:27:23	764	767	794	775
2021-08-16T19:27:53	764	767	795	775
2021-08-16T19:28:23	763	767	794	776
2021-08-16T19:28:53	763	769	795	776
2021-08-16T19:29:23	763	769	795	776
2021-08-16T19:29:53	763	769	796	776
2021-08-16T19:30:23	763	770	796	777
2021-08-16T19:30:53	763	770	796	776
2021-08-16T19:31:23	763	771	797	777
2021-08-16T19:31:53	764	770	797	777
2021-08-16T19:32:23	763	771	798	778
2021-08-16T19:32:53	763	771	798	779
2021-08-16T19:33:23	761	772	792	778
2021-08-16T19:33:53	760	773	785	776
2021-08-16T19:34:23	759	774	781	772
2021-08-16T19:34:53	758	774	778	771
2021-08-16T19:35:23	757	774	776	770
2021-08-16T19:35:53	757	775	773	768
2021-08-16T19:36:23	756	774	771	767
2021-08-16T19:36:53	756	775	770	766
2021-08-16T19:37:23	755	774	769	766
2021-08-16T19:37:53	755	774	767	766
2021-08-16T19:38:23	754	772	766	764
2021-08-16T19:38:53	754	772	765	763
2021-08-16T19:39:23	754	771	764	763
2021-08-16T19:39:53	752	772	764	762
2021-08-16T19:40:23	753	772	764	761
2021-08-16T19:40:53	755	774	772	762
2021-08-16T19:41:23	756	775	778	764
2021-08-16T19:41:53	757	776	781	766
2021-08-16T19:42:23	758	777	784	769
2021-08-16T19:42:53	758	777	787	770
2021-08-16T19:43:23	758	779	789	771
2021-08-16T19:43:53	759	778	791	771
2021-08-16T19:44:23	759	779	792	774
2021-08-16T19:44:53	759	780	793	775
2021-08-16T19:45:23	760	781	795	775
2021-08-16T19:45:53	760	781	796	776
2021-08-16T19:46:23	760	782	797	777
2021-08-16T19:46:53	762	782	798	778
2021-08-16T19:47:23	761	783	798	779
2021-08-16T19:47:53	761	783	799	779
2021-08-16T19:48:23	761	783	800	779
2021-08-16T19:48:53	762	784	801	780
2021-08-16T19:49:23	762	784	801	780
2021-08-16T19:49:53	762	785	802	782
2021-08-16T19:50:23	762	785	802	782
2021-08-16T19:50:53	763	785	803	781
2021-08-16T19:51:23	763	786	804	782
2021-08-16T19:51:53	763	787	804	782
2021-08-16T19:52:23	763	787	805	782
2021-08-16T19:52:53	763	787	806	783
2021-08-16T19:53:23	764	788	807	783
2021-08-16T19:53:53	764	789	806	784
2021-08-16T19:54:23	764	789	807	785
2021-08-16T19:54:53	764	790	808	786
2021-08-16T19:55:23	764	790	808	786
2021-08-16T19:55:53	767	789	809	785
2021-08-16T19:56:23	777	791	809	789
2021-08-16T19:56:53	788	792	811	794
2021-08-16T19:57:23	797	793	813	799
2021-08-16T19:57:53	804	794	814	803
2021-08-16T19:58:23	807	794	815	809
2021-08-16T19:58:53	812	795	817	813
2021-08-16T19:59:23	816	796	817	816
2021-08-16T19:59:53	819	796	818	819
2021-08-16T20:00:23	821	798	820	821
2021-08-16T20:00:53	823	798	820	824
2021-08-16T20:01:23	826	800	821	827
2021-08-16T20:01:53	828	800	823	829
2021-08-16T20:02:23	830	800	823	831
2021-08-16T20:02:53	833	801	826	832
2021-08-16T20:03:23	836	801	826	834
2021-08-16T20:03:53	837	803	827	837
2021-08-16T20:04:23	838	804	829	837
2021-08-16T20:04:53	841	804	829	840
2021-08-16T20:05:23	843	804	830	841
2021-08-16T20:05:53	844	805	831	842
2021-08-16T20:06:23	845	806	832	845
2021-08-16T20:06:53	848	806	833	845
2021-08-16T20:07:23	849	807	834	846
2021-08-16T20:07:53	851	808	835	848
2021-08-16T20:08:23	853	809	836	851
2021-08-16T20:08:53	854	810	837	851
2021-08-16T20:09:23	855	810	837	852
2021-08-16T20:09:53	856	811	839	852
2021-08-16T20:10:23	859	811	839	853
2021-08-16T20:10:53	859	813	840	856
2021-08-16T20:11:23	861	813	841	857
2021-08-16T20:11:53	862	814	841	858
2021-08-16T20:12:23	863	814	842	859
2021-08-16T20:12:53	864	815	844	861
2021-08-16T20:13:23	866	816	844	861
2021-08-16T20:13:53	866	816	845	863
2021-08-16T20:14:23	868	817	846	864
2021-08-16T20:14:53	869	818	847	866
2021-08-16T20:15:23	871	818	848	866
2021-08-16T20:15:53	871	819	849	868
2021-08-16T20:16:23	873	820	850	869
2021-08-16T20:16:53	874	821	851	868
2021-08-16T20:17:23	876	821	851	869
2021-08-16T20:17:53	877	822	853	872
2021-08-16T20:18:23	878	822	854	872
2021-08-16T20:18:53	879	823	854	874
2021-08-16T20:19:23	880	824	855	874
2021-08-16T20:19:53	881	824	856	876
2021-08-16T20:20:23	883	826	857	877
2021-08-16T20:20:53	884	826	857	879
2021-08-16T20:21:23	886	827	859	880
2021-08-16T20:21:53	887	828	860	881
2021-08-16T20:22:23	887	828	861	882
2021-08-16T20:22:53	888	829	862	883
2021-08-16T20:23:23	890	830	863	884
2021-08-16T20:23:53	892	831	863	885
2021-08-16T20:24:23	893	831	864	887
2021-08-16T20:24:53	894	833	865	887
2021-08-16T20:25:23	895	833	866	887
2021-08-16T20:25:53	896	834	868	888
2021-08-16T20:26:23	898	835	867	890
2021-08-16T20:26:53	900	835	870	892
2021-08-16T20:27:23	900	836	871	893
2021-08-16T20:27:53	902	836	872	892
2021-08-16T20:28:23	903	838	873	895
2021-08-16T20:28:53	904	839	874	896
2021-08-16T20:29:23	906	839	875	897
2021-08-16T20:29:53	907	840	875	897
2021-08-16T20:30:23	908	841	877	900
2021-08-16T20:30:53	910	841	878	901
2021-08-16T20:31:23	911	842	878	901
2021-08-16T20:31:53	912	844	880	905
2021-08-16T20:32:23	914	844	881	904
2021-08-16T20:32:53	916	845	882	907
2021-08-16T20:33:23	916	846	883	909
2021-08-16T20:33:53	917	847	884	908
2021-08-16T20:34:23	919	848	885	908
2021-08-16T20:34:53	919	849	885	911
2021-08-16T20:35:23	921	850	887	913
2021-08-16T20:35:53	923	850	888	915
2021-08-16T20:36:23	924	851	888	916
2021-08-16T20:36:53	925	852	889	916
2021-08-16T20:37:23	926	853	891	917
2021-08-16T20:37:53	928	854	892	918
2021-08-16T20:38:23	930	855	893	919
2021-08-16T20:38:53	930	856	894	921
2021-08-16T20:39:23	932	857	896	922
2021-08-16T20:39:53	934	858	896	924
2021-08-16T20:40:23	934	858	897	925
2021-08-16T20:40:53	934	859	898	924
2021-08-16T20:41:23	920	860	898	922
2021-08-16T20:41:53	915	860	898	918
2021-08-16T20:42:23	908	862	898	912
2021-08-16T20:42:53	904	862	898	911
2021-08-16T20:43:23	901	863	899	909
2021-08-16T20:43:53	900	864	900	906
2021-08-16T20:44:23	898	865	899	904
2021-08-16T20:44:53	895	865	900	905
2021-08-16T20:45:23	894	865	901	904
2021-08-16T20:45:53	893	867	901	903
2021-08-16T20:46:23	892	867	901	903
2021-08-16T20:46:53	891	867	902	902
2021-08-16T20:47:23	889	868	903	901
2021-08-16T20:47:53	889	869	903	901
2021-08-16T20:48:23	888	870	903	901
2021-08-16T20:48:53	887	871	904	900
2021-08-16T20:49:23	887	872	904	901
2021-08-16T20:49:53	886	872	905	900
2021-08-16T20:50:23	886	873	905	900
2021-08-16T20:50:53	886	875	906	900
2021-08-16T20:51:23	884	875	906	900
2021-08-16T20:51:53	885	875	906	901
2021-08-16T20:52:23	885	876	907	900
2021-08-16T20:52:53	884	877	907	900
2021-08-16T20:53:23	884	878	908	899
2021-08-16T20:53:53	894	878	909	901
2021-08-16T20:54:23	906	880	911	907
2021-08-16T20:54:53	914	881	912	913
2021-08-16T20:55:23	918	882	912	918
2021-08-16T20:55:53	922	883	914	923
2021-08-16T20:56:23	911	884	914	923
2021-08-16T20:56:53	903	875	908	920
2021-08-16T20:57:23	900	870	901	914
2021-08-16T20:57:53	898	873	903	908
2021-08-16T20:58:23	911	879	909	911
2021-08-16T20:58:53	914	881	910	917
2021-08-16T20:59:23	908	883	912	919
2021-08-16T20:59:53	904	885	913	918
2021-08-16T21:00:23	902	886	914	917
2021-08-16T21:00:53	899	887	915	916
2021-08-16T21:01:23	899	888	915	915
2021-08-16T21:01:53	907	889	917	915
2021-08-16T21:02:23	918	890	919	921
2021-08-16T21:02:53	926	892	920	925
2021-08-16T21:03:23	930	893	922	930
2021-08-16T21:03:53	921	886	914	931
2021-08-16T21:04:23	914	881	909	926
2021-08-16T21:04:53	907	877	905	923
2021-08-16T21:05:23	905	875	903	918
2021-08-16T21:05:53	902	873	900	912
2021-08-16T21:06:23	901	872	899	910
2021-08-16T21:06:53	900	875	903	909
2021-08-16T21:07:23	900	884	908	911
2021-08-16T21:07:53	899	886	910	912
2021-08-16T21:08:23	899	889	914	913
2021-08-16T21:08:53	899	890	915	913
2021-08-16T21:09:23	906	886	912	915
2021-08-16T21:09:53	917	881	908	916
2021-08-16T21:10:23	921	879	906	920
2021-08-16T21:10:53	927	877	904	922
2021-08-16T21:11:23	922	882	909	925
2021-08-16T21:11:53	915	889	914	924
2021-08-16T21:12:23	912	891	916	924
2021-08-16T21:12:53	909	894	918	922
2021-08-16T21:13:23	909	895	919	921
2021-08-16T21:13:53	907	892	916	921
2021-08-16T21:14:23	915	892	917	919
2021-08-16T21:14:53	923	896	921	924
2021-08-16T21:15:23	932	899	924	931
2021-08-16T21:15:53	938	900	926	936
2021-08-16T21:16:23	941	902	928	940
2021-08-16T21:16:53	945	904	930	943
2021-08-16T21:17:23	948	905	931	947
2021-08-16T21:17:53	952	907	933	949
2021-08-16T21:18:23	954	907	934	952
2021-08-16T21:18:53	954	909	936	954
2021-08-16T21:19:23	953	910	937	954
2021-08-16T21:19:53	955	911	939	955
2021-08-16T21:20:23	954	912	940	955
2021-08-16T21:20:53	953	913	942	956
2021-08-16T21:21:23	955	914	941	955
2021-08-16T21:21:53	954	915	942	956
2021-08-16T21:22:23	955	915	945	956
2021-08-16T21:22:53	956	917	945	956
2021-08-16T21:23:23	954	917	947	957
2021-08-16T21:23:53	956	919	948	957
2021-08-16T21:24:23	956	920	949	957
2021-08-16T21:24:53	954	920	949	959
2021-08-16T21:25:23	954	921	950	958
2021-08-16T21:25:53	955	922	951	958
2021-08-16T21:26:23	955	923	952	959
2021-08-16T21:26:53	955	924	953	959
2021-08-16T21:27:23	955	925	953	958
2021-08-16T21:27:53	955	925	955	959
2021-08-16T21:28:23	956	926	955	959
2021-08-16T21:28:53	955	928	956	960
2021-08-16T21:29:23	955	928	957	960
2021-08-16T21:29:53	956	928	955	961
2021-08-16T21:30:23	955	929	956	960
2021-08-16T21:30:53	957	928	956	961
2021-08-16T21:31:23	957	929	956	961
2021-08-16T21:31:53	957	930	957	961
2021-08-16T21:32:23	957	930	957	962
2021-08-16T21:32:53	957	931	957	961
2021-08-16T21:33:23	958	931	956	963
2021-08-16T21:33:53	958	932	957	964
2021-08-16T21:34:23	959	932	958	961
2021-08-16T21:34:53	959	932	957	962
2021-08-16T21:35:23	960	932	958	963
2021-08-16T21:35:53	960	933	958	964
2021-08-16T21:36:23	961	932	957	964
2021-08-16T21:36:53	961	934	956	964
2021-08-16T21:37:23	961	935	957	964
2021-08-16T21:37:53	961	935	957	965
2021-08-16T21:38:23	962	934	956	965
2021-08-16T21:38:53	963	935	956	965
2021-08-16T21:39:23	963	935	957	965
2021-08-16T21:39:53	963	936	958	965
2021-08-16T21:40:23	964	936	957	965
2021-08-16T21:40:53	965	936	958	965
2021-08-16T21:41:23	965	937	959	965
2021-08-16T21:41:53	965	937	958	967
2021-08-16T21:42:23	965	937	958	966
2021-08-16T21:42:53	965	936	956	966
2021-08-16T21:43:23	966	937	957	967
2021-08-16T21:43:53	966	937	956	967
2021-08-16T21:44:23	967	938	956	967
2021-08-16T21:44:53	967	938	956	968
2021-08-16T21:45:23	968	938	957	968
2021-08-16T21:45:53	969	938	957	968
2021-08-16T21:46:23	969	939	956	967
2021-08-16T21:46:53	969	939	958	968
2021-08-16T21:47:23	970	938	956	968
2021-08-16T21:47:53	970	938	957	968
2021-08-16T21:48:23	970	938	958	968
2021-08-16T21:48:53	971	938	958	969
2021-08-16T21:49:23	972	938	958	968
2021-08-16T21:49:53	971	937	956	970
2021-08-16T21:50:23	971	938	957	969
2021-08-16T21:50:53	971	937	956	970
2021-08-16T21:51:23	972	937	957	969
2021-08-16T21:51:53	972	936	956	970
2021-08-16T21:52:23	972	937	957	969
2021-08-16T21:52:53	973	938	957	971
2021-08-16T21:53:23	973	937	957	970
2021-08-16T21:53:53	974	936	956	971
2021-08-16T21:54:23	974	937	957	971
2021-08-16T21:54:53	974	938	957	971
2021-08-16T21:55:23	974	937	957	972
2021-08-16T21:55:53	975	938	957	971
2021-08-16T21:56:23	976	939	958	971
2021-08-16T21:56:53	976	938	956	971
2021-08-16T21:57:23	976	937	956	972
2021-08-16T21:57:53	976	937	956	972
2021-08-16T21:58:23	977	938	957	971
2021-08-16T21:58:53	977	938	958	972
2021-08-16T21:59:23	977	939	958	972
2021-08-16T21:59:53	977	938	957	971
2021-08-16T22:00:23	972	939	957	971
2021-08-16T22:00:53	968	940	956	969
2021-08-16T22:01:23	966	938	956	968
2021-08-16T22:01:53	964	939	957	967
2021-08-16T22:02:23	963	939	957	964
2021-08-16T22:02:53	961	941	957	965
2021-08-16T22:03:23	960	940	956	965
2021-08-16T22:03:53	959	942	957	963
2021-08-16T22:04:23	959	942	957	963
2021-08-16T22:04:53	958	942	957	964
2021-08-16T22:05:23	958	942	957	962
2021-08-16T22:05:53	957	943	957	962
2021-08-16T22:06:23	956	943	958	962
2021-08-16T22:06:53	956	943	958	961
2021-08-16T22:07:23	956	943	957	961
2021-08-16T22:07:53	955	943	957	962
2021-08-16T22:08:23	955	943	957	962
2021-08-16T22:08:53	955	944	958	961
2021-08-16T22:09:23	954	944	957	960
2021-08-16T22:09:53	954	944	957	959
2021-08-16T22:10:23	954	944	957	960
2021-08-16T22:10:53	953	944	957	960
2021-08-16T22:11:23	953	945	958	960
2021-08-16T22:11:53	953	945	958	959
2021-08-16T22:12:23	952	946	958	960
2021-08-16T22:12:53	952	946	958	961
2021-08-16T22:13:23	952	945	958	960
2021-08-16T22:13:53	952	945	957	961
2021-08-16T22:14:23	952	945	956	960
2021-08-16T22:14:53	951	945	957	959
2021-08-16T22:15:23	951	946	958	960
2021-08-16T22:15:53	951	947	958	960
2021-08-16T22:16:23	951	947	958	959
2021-08-16T22:16:53	951	947	957	958
2021-08-16T22:17:23	951	946	957	959
2021-08-16T22:17:53	950	946	957	958
2021-08-16T22:18:23	950	947	957	959
2021-08-16T22:18:53	950	947	957	959
2021-08-16T22:19:23	950	947	958	959
2021-08-16T22:19:53	950	947	958	959
2021-08-16T22:20:23	950	948	958	959
2021-08-16T22:20:53	950	948	958	959
2021-08-16T22:21:23	950	948	958	959
2021-08-16T22:21:53	949	948	958	958
2021-08-16T22:22:23	949	947	957	958
2021-08-16T22:22:53	949	948	957	958
2021-08-16T22:23:23	949	947	957	958
2021-08-16T22:23:53	949	948	957	958
2021-08-16T22:24:23	949	949	957	959
2021-08-16T22:24:53	949	948	957	959
2021-08-16T22:25:23	949	948	958	959
2021-08-16T22:25:53	949	949	958	959
2021-08-16T22:26:23	949	949	958	958
2021-08-16T22:26:53	949	950	958	958
2021-08-16T22:27:23	949	950	958	958
2021-08-16T22:27:53	948	949	957	958
2021-08-16T22:28:23	949	948	957	958
2021-08-16T22:28:53	949	948	957	958
2021-08-16T22:29:23	959	948	957	961
2021-08-16T22:29:53	961	948	958	964
2021-08-16T22:30:23	963	949	959	966
2021-08-16T22:30:53	965	947	958	967
2021-08-16T22:31:23	965	948	958	966
2021-08-16T22:31:53	967	947	958	968
2021-08-16T22:32:23	968	946	957	968
2021-08-16T22:32:53	969	947	958	969
2021-08-16T22:33:23	970	947	957	969
2021-08-16T22:33:53	971	947	958	970
2021-08-16T22:34:23	971	946	957	970
2021-08-16T22:34:53	972	948	958	969
2021-08-16T22:35:23	973	947	957	971
2021-08-16T22:35:53	974	948	958	970
2021-08-16T22:36:23	974	947	957	970
2021-08-16T22:36:53	975	947	958	971
2021-08-16T22:37:23	975	947	957	972
2021-08-16T22:37:53	976	948	959	972
2021-08-16T22:38:23	976	947	957	971
2021-08-16T22:38:53	977	947	957	972
2021-08-16T22:39:23	978	948	958	973
2021-08-16T22:39:53	978	947	957	973
2021-08-16T22:40:23	978	947	957	973
2021-08-16T22:40:53	979	947	958	973
2021-08-16T22:41:23	979	947	957	973
2021-08-16T22:41:53	980	947	958	973
2021-08-16T22:42:23	980	947	957	974
2021-08-16T22:42:53	981	946	957	974
2021-08-16T22:43:23	982	946	957	974
2021-08-16T22:43:53	982	947	958	973
2021-08-16T22:44:23	857	843	918	966
2021-08-16T22:44:53	786	779	811	942
2021-08-16T22:45:23	628	690	747	864
2021-08-16T22:45:53	574	572	668	779
2021-08-16T22:46:23	517	516	614	713
2021-08-16T22:46:53	480	482	578	678
2021-08-16T22:47:23	455	462	572	636
2021-08-16T22:47:53	435	437	544	604
2021-08-16T22:48:23	412	411	518	577
2021-08-16T22:48:53	396	393	504	563
2021-08-16T22:49:23	379	379	487	539
2021-08-16T22:49:53	370	367	473	519
