time	T1	T2	T3	T4
2021-07-29T09:58:16	29	29	33	25
2021-07-29T09:58:47	29	29	33	26
2021-07-29T09:59:17	29	29	34	26
2021-07-29T09:59:47	30	30	34	26
2021-07-29T10:00:17	34	36	37	27
2021-07-29T10:00:47	37	37	39	28
2021-07-29T10:01:17	39	39	40	29
2021-07-29T10:01:47	40	39	40	31
2021-07-29T10:02:17	42	39	41	33
2021-07-29T10:02:47	42	41	41	35
2021-07-29T10:03:17	43	42	42	37
2021-07-29T10:03:47	44	42	42	40
2021-07-29T10:04:17	47	43	43	41
2021-07-29T10:04:47	47	45	44	43
2021-07-29T10:05:17	51	48	47	46
2021-07-29T10:05:47	51	49	49	48
2021-07-29T10:06:17	51	50	49	51
2021-07-29T10:06:47	53	50	51	53
2021-07-29T10:07:17	53	50	51	55
2021-07-29T10:07:47	53	51	51	56
2021-07-29T10:08:17	55	51	52	58
2021-07-29T10:08:47	54	52	52	60
2021-07-29T10:09:17	55	52	52	61
2021-07-29T10:09:47	57	56	56	63
2021-07-29T10:10:17	59	57	57	65
2021-07-29T10:10:47	59	58	58	66
2021-07-29T10:11:17	60	58	58	68
2021-07-29T10:11:47	61	58	58	70
2021-07-29T10:12:17	61	58	59	71
2021-07-29T10:12:47	61	58	60	73
2021-07-29T10:13:17	63	61	63	74
2021-07-29T10:13:47	63	63	64	75
2021-07-29T10:14:17	65	63	65	77
2021-07-29T10:14:47	65	63	65	78
2021-07-29T10:15:17	65	63	65	80
2021-07-29T10:15:47	65	63	65	80
2021-07-29T10:16:17	67	66	69	81
2021-07-29T10:16:47	68	67	70	82
2021-07-29T10:17:17	69	67	70	84
2021-07-29T10:17:47	69	67	70	84
2021-07-29T10:18:17	69	67	70	86
2021-07-29T10:18:47	69	70	73	87
2021-07-29T10:19:17	72	72	75	88
2021-07-29T10:19:47	72	72	77	90
2021-07-29T10:20:17	72	72	75	91
2021-07-29T10:20:47	73	71	75	90
2021-07-29T10:21:17	73	73	77	92
2021-07-29T10:21:47	75	76	80	93
2021-07-29T10:22:17	76	77	81	94
2021-07-29T10:22:47	76	76	81	95
2021-07-29T10:23:17	76	75	81	96
2021-07-29T10:23:47	78	77	81	96
2021-07-29T10:24:17	81	79	85	98
2021-07-29T10:24:47	81	80	86	99
2021-07-29T10:25:17	81	80	85	100
2021-07-29T10:25:47	81	79	85	101
2021-07-29T10:26:17	83	81	88	101
2021-07-29T10:26:47	84	84	89	102
2021-07-29T10:27:17	85	84	90	103
2021-07-29T10:27:47	85	84	89	104
2021-07-29T10:28:17	85	86	92	105
2021-07-29T10:28:47	86	86	92	106
2021-07-29T10:29:17	88	86	92	107
2021-07-29T10:29:47	92	88	92	108
2021-07-29T10:30:17	94	92	97	109
2021-07-29T10:30:47	95	92	98	110
2021-07-29T10:31:17	94	92	97	111
2021-07-29T10:31:47	94	91	97	112
2021-07-29T10:32:17	96	95	101	113
2021-07-29T10:32:47	96	95	101	114
2021-07-29T10:33:17	96	95	100	115
2021-07-29T10:33:47	96	94	100	116
2021-07-29T10:34:17	97	98	104	117
2021-07-29T10:34:47	98	98	104	118
2021-07-29T10:35:17	99	97	104	118
2021-07-29T10:35:47	103	100	106	120
2021-07-29T10:36:17	104	101	106	120
2021-07-29T10:36:47	104	101	107	121
2021-07-29T10:37:17	106	104	109	123
2021-07-29T10:37:47	106	105	110	124
2021-07-29T10:38:17	106	104	110	125
2021-07-29T10:38:47	106	104	110	125
2021-07-29T10:39:17	111	109	114	126
2021-07-29T10:39:47	112	109	115	127
2021-07-29T10:40:17	112	109	115	129
2021-07-29T10:40:47	111	108	114	130
2021-07-29T10:41:17	113	111	117	131
2021-07-29T10:41:47	113	112	118	132
2021-07-29T10:42:17	113	111	117	133
2021-07-29T10:42:47	118	114	121	134
2021-07-29T10:43:17	119	116	122	135
2021-07-29T10:43:47	119	116	122	136
2021-07-29T10:44:17	118	115	121	137
2021-07-29T10:44:47	119	118	125	138
2021-07-29T10:45:17	120	120	125	139
2021-07-29T10:45:47	119	120	125	140
2021-07-29T10:46:17	122	119	125	141
2021-07-29T10:46:47	125	122	127	142
2021-07-29T10:47:17	126	123	129	143
2021-07-29T10:47:47	125	123	129	144
2021-07-29T10:48:17	125	123	130	145
2021-07-29T10:48:47	126	126	132	146
2021-07-29T10:49:17	126	125	132	147
2021-07-29T10:49:47	129	125	132	148
2021-07-29T10:50:17	131	128	135	149
2021-07-29T10:50:47	133	130	135	150
2021-07-29T10:51:17	132	129	135	151
2021-07-29T10:51:47	132	131	136	151
2021-07-29T10:52:17	133	133	139	152
2021-07-29T10:52:47	133	133	139	153
2021-07-29T10:53:17	137	133	140	154
2021-07-29T10:53:47	140	135	141	155
2021-07-29T10:54:17	139	135	141	156
2021-07-29T10:54:47	140	136	141	157
2021-07-29T10:55:17	141	140	145	158
2021-07-29T10:55:47	141	140	146	159
2021-07-29T10:56:17	140	139	145	160
2021-07-29T10:56:47	144	140	147	161
2021-07-29T10:57:17	146	140	147	162
2021-07-29T10:57:47	148	143	150	163
2021-07-29T10:58:17	148	143	150	164
2021-07-29T10:58:47	147	143	149	165
2021-07-29T10:59:17	148	146	153	166
2021-07-29T10:59:47	148	146	153	167
2021-07-29T11:00:17	148	146	153	168
2021-07-29T11:00:47	153	150	156	168
2021-07-29T11:01:17	152	150	156	169
2021-07-29T11:01:47	152	149	155	170
2021-07-29T11:02:17	153	153	159	171
2021-07-29T11:02:47	153	153	159	172
2021-07-29T11:03:17	155	152	159	173
2021-07-29T11:03:47	159	152	159	174
2021-07-29T11:04:17	160	157	163	175
2021-07-29T11:04:47	160	156	163	176
2021-07-29T11:05:17	159	155	163	177
2021-07-29T11:05:47	160	157	165	178
2021-07-29T11:06:17	163	160	166	179
2021-07-29T11:06:47	162	159	165	180
2021-07-29T11:07:17	163	161	167	180
2021-07-29T11:07:47	162	161	167	181
2021-07-29T11:08:17	167	163	170	182
2021-07-29T11:08:47	168	164	170	183
2021-07-29T11:09:17	167	164	171	184
2021-07-29T11:09:47	168	166	173	185
2021-07-29T11:10:17	168	166	172	186
2021-07-29T11:10:47	172	169	175	187
2021-07-29T11:11:17	173	169	175	188
2021-07-29T11:11:47	173	170	176	189
2021-07-29T11:12:17	173	171	177	190
2021-07-29T11:12:47	172	170	177	191
2021-07-29T11:13:17	177	174	180	192
2021-07-29T11:13:47	179	175	180	193
2021-07-29T11:14:17	177	173	180	194
2021-07-29T11:14:47	177	175	180	195
2021-07-29T11:15:17	178	177	184	195
2021-07-29T11:15:47	180	177	185	196
2021-07-29T11:16:17	181	177	184	197
2021-07-29T11:16:47	181	180	187	198
2021-07-29T11:17:17	181	179	187	199
2021-07-29T11:17:47	186	180	187	200
2021-07-29T11:18:17	188	183	190	201
2021-07-29T11:18:47	187	183	189	202
2021-07-29T11:19:17	186	185	191	203
2021-07-29T11:19:47	186	186	193	204
2021-07-29T11:20:17	190	185	192	205
2021-07-29T11:20:47	191	186	194	206
2021-07-29T11:21:17	191	187	195	207
2021-07-29T11:21:47	190	188	196	208
2021-07-29T11:22:17	193	190	198	209
2021-07-29T11:22:47	193	190	197	209
2021-07-29T11:23:17	192	189	197	210
2021-07-29T11:23:47	198	194	201	211
2021-07-29T11:24:17	197	194	201	212
2021-07-29T11:24:47	196	193	201	213
2021-07-29T11:25:17	199	196	203	214
2021-07-29T11:25:47	199	195	202	216
2021-07-29T11:26:17	201	199	206	215
2021-07-29T11:26:47	202	198	206	217
2021-07-29T11:27:17	200	197	205	218
2021-07-29T11:27:47	205	201	209	218
2021-07-29T11:28:17	205	201	208	221
2021-07-29T11:28:47	204	200	207	220
2021-07-29T11:29:17	208	205	211	222
2021-07-29T11:29:47	208	205	212	223
2021-07-29T11:30:17	206	203	211	224
2021-07-29T11:30:47	211	207	215	224
2021-07-29T11:31:17	211	207	215	226
2021-07-29T11:31:47	210	207	215	227
2021-07-29T11:32:17	212	208	215	228
2021-07-29T11:32:47	216	211	218	228
2021-07-29T11:33:17	215	210	218	229
2021-07-29T11:33:47	214	211	220	230
2021-07-29T11:34:17	216	212	220	230
2021-07-29T11:34:47	218	211	219	232
2021-07-29T11:35:17	219	215	224	233
2021-07-29T11:35:47	218	216	223	234
2021-07-29T11:36:17	221	219	225	235
2021-07-29T11:36:47	222	218	225	235
2021-07-29T11:37:17	221	217	226	237
2021-07-29T11:37:47	223	221	227	238
2021-07-29T11:38:17	223	219	227	239
2021-07-29T11:38:47	227	221	230	240
2021-07-29T11:39:17	227	222	230	241
2021-07-29T11:39:47	226	224	230	241
2021-07-29T11:40:17	225	224	232	242
2021-07-29T11:40:47	230	223	232	243
2021-07-29T11:41:17	230	226	234	244
2021-07-29T11:41:47	230	227	235	245
2021-07-29T11:42:17	231	227	236	246
2021-07-29T11:42:47	235	229	237	247
2021-07-29T11:43:17	234	229	237	248
2021-07-29T11:43:47	232	230	238	249
2021-07-29T11:44:17	238	231	240	250
2021-07-29T11:44:47	238	232	241	251
2021-07-29T11:45:17	236	231	241	251
2021-07-29T11:45:47	239	234	242	253
2021-07-29T11:46:17	239	235	244	253
2021-07-29T11:46:47	240	236	245	254
2021-07-29T11:47:17	241	236	245	255
2021-07-29T11:47:47	241	237	247	257
2021-07-29T11:48:17	245	238	246	257
2021-07-29T11:48:47	246	240	250	258
2021-07-29T11:49:17	244	239	249	259
2021-07-29T11:49:47	247	241	251	260
2021-07-29T11:50:17	247	241	251	261
2021-07-29T11:50:47	246	242	252	262
2021-07-29T11:51:17	251	245	255	263
2021-07-29T11:51:47	251	245	255	264
2021-07-29T11:52:17	251	244	254	265
2021-07-29T11:52:47	252	248	258	266
2021-07-29T11:53:17	253	247	256	267
2021-07-29T11:53:47	256	250	260	268
2021-07-29T11:54:17	254	249	258	269
2021-07-29T11:54:47	257	252	262	270
2021-07-29T11:55:17	257	251	262	270
2021-07-29T11:55:47	259	252	262	271
2021-07-29T11:56:17	260	254	263	272
2021-07-29T11:56:47	260	254	265	273
2021-07-29T11:57:17	261	256	266	274
2021-07-29T11:57:47	261	255	264	275
2021-07-29T11:58:17	264	259	269	276
2021-07-29T11:58:47	262	257	268	277
2021-07-29T11:59:17	266	259	269	279
2021-07-29T11:59:47	266	259	269	280
2021-07-29T12:00:17	268	261	272	280
2021-07-29T12:00:47	267	260	270	280
2021-07-29T12:01:17	270	263	274	281
2021-07-29T12:01:47	269	264	275	282
2021-07-29T12:02:17	271	264	275	283
2021-07-29T12:02:47	273	263	275	284
2021-07-29T12:03:17	272	266	277	286
2021-07-29T12:03:47	274	265	277	286
2021-07-29T12:04:17	277	267	279	286
2021-07-29T12:04:47	276	268	279	288
2021-07-29T12:05:17	277	270	282	288
2021-07-29T12:05:47	278	270	282	289
2021-07-29T12:06:17	277	271	283	290
2021-07-29T12:06:47	280	271	283	291
2021-07-29T12:07:17	281	274	284	292
2021-07-29T12:07:47	282	275	285	293
2021-07-29T12:08:17	282	276	288	294
2021-07-29T12:08:47	283	276	288	297
2021-07-29T12:09:17	286	276	287	296
2021-07-29T12:09:47	288	280	290	297
2021-07-29T12:10:17	286	280	291	299
2021-07-29T12:10:47	289	280	291	300
2021-07-29T12:11:17	290	281	292	300
2021-07-29T12:11:47	288	281	293	301
2021-07-29T12:12:17	293	284	296	302
2021-07-29T12:12:47	291	284	295	303
2021-07-29T12:13:17	293	285	297	304
2021-07-29T12:13:47	293	285	297	305
2021-07-29T12:14:17	295	286	298	306
2021-07-29T12:14:47	293	287	299	307
2021-07-29T12:15:17	298	287	301	309
2021-07-29T12:15:47	296	288	301	309
2021-07-29T12:16:17	300	288	301	311
2021-07-29T12:16:47	300	291	304	311
2021-07-29T12:17:17	300	290	304	312
2021-07-29T12:17:47	303	293	305	313
2021-07-29T12:18:17	302	293	306	314
2021-07-29T12:18:47	304	294	307	315
2021-07-29T12:19:17	305	294	308	316
2021-07-29T12:19:47	306	294	308	316
2021-07-29T12:20:17	306	296	310	318
2021-07-29T12:20:47	308	297	312	319
2021-07-29T12:21:17	307	298	313	320
2021-07-29T12:21:47	309	301	315	321
2021-07-29T12:22:17	308	300	315	321
2021-07-29T12:22:47	310	302	317	321
2021-07-29T12:23:17	311	302	316	323
2021-07-29T12:23:47	312	303	318	324
2021-07-29T12:24:17	313	304	321	324
2021-07-29T12:24:47	313	304	319	326
2021-07-29T12:25:17	317	307	324	327
2021-07-29T12:25:47	316	307	322	328
2021-07-29T12:26:17	318	308	323	328
2021-07-29T12:26:47	319	309	325	330
2021-07-29T12:27:17	319	310	326	331
2021-07-29T12:27:47	321	310	327	331
2021-07-29T12:28:17	325	312	329	333
2021-07-29T12:28:47	326	312	330	334
2021-07-29T12:29:17	328	312	330	335
2021-07-29T12:29:47	329	315	332	335
2021-07-29T12:30:17	331	316	333	336
2021-07-29T12:30:47	332	317	335	336
2021-07-29T12:31:17	333	317	335	337
2021-07-29T12:31:47	334	318	337	336
2021-07-29T12:32:17	335	318	337	337
2021-07-29T12:32:47	337	320	339	338
2021-07-29T12:33:17	338	321	340	338
2021-07-29T12:33:47	338	322	340	338
2021-07-29T12:34:17	339	321	342	339
2021-07-29T12:34:47	341	323	344	339
2021-07-29T12:35:17	341	323	344	340
2021-07-29T12:35:47	343	325	346	340
2021-07-29T12:36:17	344	326	345	341
2021-07-29T12:36:47	345	327	347	341
2021-07-29T12:37:17	346	328	349	342
2021-07-29T12:37:47	346	329	350	343
2021-07-29T12:38:17	347	329	350	343
2021-07-29T12:38:47	348	331	353	344
2021-07-29T12:39:17	348	330	353	344
2021-07-29T12:39:47	350	332	354	345
2021-07-29T12:40:17	350	332	356	345
2021-07-29T12:40:47	351	333	356	346
2021-07-29T12:41:17	353	336	358	347
2021-07-29T12:41:47	353	337	359	348
2021-07-29T12:42:17	353	336	359	348
2021-07-29T12:42:47	354	337	361	349
2021-07-29T12:43:17	358	339	363	350
2021-07-29T12:43:47	360	340	363	351
2021-07-29T12:44:17	361	342	365	352
2021-07-29T12:44:47	361	342	365	353
2021-07-29T12:45:17	361	345	367	354
2021-07-29T12:45:47	364	346	369	355
2021-07-29T12:46:17	363	345	369	356
2021-07-29T12:46:47	365	347	369	356
2021-07-29T12:47:17	365	347	371	358
2021-07-29T12:47:47	365	348	371	359
2021-07-29T12:48:17	368	350	374	359
2021-07-29T12:48:47	368	350	374	360
2021-07-29T12:49:17	369	351	376	361
2021-07-29T12:49:47	372	353	376	362
2021-07-29T12:50:17	372	352	376	364
2021-07-29T12:50:47	373	355	379	364
2021-07-29T12:51:17	374	356	380	366
2021-07-29T12:51:47	377	357	381	366
2021-07-29T12:52:17	378	357	382	367
2021-07-29T12:52:47	379	360	385	368
2021-07-29T12:53:17	378	359	384	369
2021-07-29T12:53:47	380	362	386	370
2021-07-29T12:54:17	382	361	385	373
2021-07-29T12:54:47	382	363	388	373
2021-07-29T12:55:17	383	363	387	373
2021-07-29T12:55:47	385	364	389	374
2021-07-29T12:56:17	387	366	392	376
2021-07-29T12:56:47	386	366	393	378
2021-07-29T12:57:17	387	368	395	378
2021-07-29T12:57:47	389	369	395	380
2021-07-29T12:58:17	389	368	395	380
2021-07-29T12:58:47	393	369	396	381
2021-07-29T12:59:17	393	370	396	382
2021-07-29T12:59:47	393	371	399	383
2021-07-29T13:00:17	393	373	400	384
2021-07-29T13:00:47	396	375	401	385
2021-07-29T13:01:17	397	377	403	387
2021-07-29T13:01:47	399	377	405	388
2021-07-29T13:02:17	399	378	404	390
2021-07-29T13:02:47	399	379	406	391
2021-07-29T13:03:17	401	379	406	390
2021-07-29T13:03:47	403	381	410	393
2021-07-29T13:04:17	402	381	407	393
2021-07-29T13:04:47	406	384	411	395
2021-07-29T13:05:17	405	384	412	396
2021-07-29T13:05:47	406	385	412	397
2021-07-29T13:06:17	409	386	413	398
2021-07-29T13:06:47	410	387	414	400
2021-07-29T13:07:17	411	389	416	400
2021-07-29T13:07:47	411	390	416	402
2021-07-29T13:08:17	412	391	418	403
2021-07-29T13:08:47	415	392	419	403
2021-07-29T13:09:17	415	394	420	405
2021-07-29T13:09:47	415	393	420	406
2021-07-29T13:10:17	419	395	421	407
2021-07-29T13:10:47	418	397	424	408
2021-07-29T13:11:17	419	397	424	410
2021-07-29T13:11:47	421	399	426	411
2021-07-29T13:12:17	421	400	425	412
2021-07-29T13:12:47	422	402	429	413
2021-07-29T13:13:17	423	402	429	414
2021-07-29T13:13:47	426	403	431	415
2021-07-29T13:14:17	425	404	431	415
2021-07-29T13:14:47	428	407	434	417
2021-07-29T13:15:17	427	406	433	418
2021-07-29T13:15:47	430	408	435	420
2021-07-29T13:16:17	430	407	434	420
2021-07-29T13:16:47	433	410	436	421
2021-07-29T13:17:17	431	411	438	423
2021-07-29T13:17:47	434	411	438	424
2021-07-29T13:18:17	436	414	441	425
2021-07-29T13:18:47	436	413	440	426
2021-07-29T13:19:17	437	416	443	427
2021-07-29T13:19:47	438	416	441	428
2021-07-29T13:20:17	439	419	444	430
2021-07-29T13:20:47	442	418	444	431
2021-07-29T13:21:17	440	421	445	433
2021-07-29T13:21:47	444	424	449	435
2021-07-29T13:22:17	443	424	449	436
2021-07-29T13:22:47	443	427	451	437
2021-07-29T13:23:17	445	426	451	439
2021-07-29T13:23:47	447	428	453	441
2021-07-29T13:24:17	448	428	451	443
2021-07-29T13:24:47	449	429	455	444
2021-07-29T13:25:17	451	431	456	445
2021-07-29T13:25:47	449	432	456	446
2021-07-29T13:26:17	454	433	457	447
2021-07-29T13:26:47	454	434	458	449
2021-07-29T13:27:17	455	436	461	450
2021-07-29T13:27:47	456	435	460	452
2021-07-29T13:28:17	459	438	463	453
2021-07-29T13:28:47	457	439	463	456
2021-07-29T13:29:17	458	441	464	456
2021-07-29T13:29:47	461	441	465	458
2021-07-29T13:30:17	461	443	467	460
2021-07-29T13:30:47	462	444	468	461
2021-07-29T13:31:17	464	446	470	462
2021-07-29T13:31:47	465	445	469	463
2021-07-29T13:32:17	467	448	473	465
2021-07-29T13:32:47	468	448	471	465
2021-07-29T13:33:17	468	450	474	467
2021-07-29T13:33:47	468	451	476	468
2021-07-29T13:34:17	470	451	476	471
2021-07-29T13:34:47	472	452	477	471
2021-07-29T13:35:17	474	453	480	471
2021-07-29T13:35:47	472	453	476	473
2021-07-29T13:36:17	474	455	480	475
2021-07-29T13:36:47	477	456	481	476
2021-07-29T13:37:17	477	458	483	477
2021-07-29T13:37:47	478	457	483	478
2021-07-29T13:38:17	480	459	486	479
2021-07-29T13:38:47	481	460	485	479
2021-07-29T13:39:17	482	460	487	480
2021-07-29T13:39:47	481	460	487	481
2021-07-29T13:40:17	485	463	490	481
2021-07-29T13:40:47	485	463	489	482
2021-07-29T13:41:17	486	465	492	482
2021-07-29T13:41:47	488	466	493	483
2021-07-29T13:42:17	488	467	494	484
2021-07-29T13:42:47	490	469	496	485
2021-07-29T13:43:17	489	469	495	486
2021-07-29T13:43:47	493	469	496	486
2021-07-29T13:44:17	493	471	498	487
2021-07-29T13:44:47	493	471	499	488
2021-07-29T13:45:17	496	473	499	488
2021-07-29T13:45:47	496	474	502	490
2021-07-29T13:46:17	499	474	502	490
2021-07-29T13:46:47	498	476	504	492
2021-07-29T13:47:17	500	476	505	492
2021-07-29T13:47:47	501	477	506	492
2021-07-29T13:48:17	502	478	507	494
2021-07-29T13:48:47	503	480	508	495
2021-07-29T13:49:17	504	481	510	497
2021-07-29T13:49:47	505	479	508	498
2021-07-29T13:50:17	507	482	511	498
2021-07-29T13:50:47	507	484	513	499
2021-07-29T13:51:17	509	484	515	500
2021-07-29T13:51:47	512	485	512	502
2021-07-29T13:52:17	511	486	515	503
2021-07-29T13:52:47	513	488	518	504
2021-07-29T13:53:17	513	490	519	505
2021-07-29T13:53:47	513	490	520	506
2021-07-29T13:54:17	516	492	520	506
2021-07-29T13:54:47	518	491	520	507
2021-07-29T13:55:17	518	491	522	509
2021-07-29T13:55:47	520	493	524	510
2021-07-29T13:56:17	521	494	525	512
2021-07-29T13:56:47	521	495	525	512
2021-07-29T13:57:17	524	497	528	513
2021-07-29T13:57:47	521	496	527	514
2021-07-29T13:58:17	526	498	529	515
2021-07-29T13:58:47	526	499	529	517
2021-07-29T13:59:17	528	501	532	518
2021-07-29T13:59:47	528	502	531	519
2021-07-29T14:00:17	530	503	533	521
2021-07-29T14:00:47	531	505	535	521
2021-07-29T14:01:17	531	504	535	524
2021-07-29T14:01:47	533	505	534	523
2021-07-29T14:02:17	534	507	538	525
2021-07-29T14:02:47	534	508	539	527
2021-07-29T14:03:17	535	508	537	528
2021-07-29T14:03:47	537	507	530	529
2021-07-29T14:04:17	537	506	524	527
2021-07-29T14:04:47	540	507	520	528
2021-07-29T14:05:17	539	506	516	525
2021-07-29T14:05:47	541	506	511	525
2021-07-29T14:06:17	543	506	509	525
2021-07-29T14:06:47	541	506	506	525
2021-07-29T14:07:17	546	506	506	525
2021-07-29T14:07:47	544	506	503	525
2021-07-29T14:08:17	548	506	506	524
2021-07-29T14:08:47	547	509	512	526
2021-07-29T14:09:17	550	513	520	528
2021-07-29T14:09:47	550	514	525	528
2021-07-29T14:10:17	552	516	528	532
2021-07-29T14:10:47	552	517	532	533
2021-07-29T14:11:17	553	518	535	537
2021-07-29T14:11:47	554	520	538	539
2021-07-29T14:12:17	557	521	541	541
2021-07-29T14:12:47	558	522	543	542
2021-07-29T14:13:17	558	524	545	543
2021-07-29T14:13:47	558	525	547	544
2021-07-29T14:14:17	561	526	550	547
2021-07-29T14:14:47	561	528	551	548
2021-07-29T14:15:17	564	528	553	551
2021-07-29T14:15:47	563	529	555	552
2021-07-29T14:16:17	565	530	556	553
2021-07-29T14:16:47	567	531	559	555
2021-07-29T14:17:17	567	532	559	556
2021-07-29T14:17:47	569	534	561	557
2021-07-29T14:18:17	569	535	563	558
2021-07-29T14:18:47	570	536	564	560
2021-07-29T14:19:17	572	537	565	560
2021-07-29T14:19:47	574	538	567	563
2021-07-29T14:20:17	573	539	568	563
2021-07-29T14:20:47	574	540	570	566
2021-07-29T14:21:17	576	541	572	567
2021-07-29T14:21:47	578	542	572	568
2021-07-29T14:22:17	577	543	574	569
2021-07-29T14:22:47	581	544	575	571
2021-07-29T14:23:17	581	545	576	572
2021-07-29T14:23:47	581	547	577	573
2021-07-29T14:24:17	583	547	578	575
2021-07-29T14:24:47	582	548	579	576
2021-07-29T14:25:17	585	548	575	577
2021-07-29T14:25:47	587	547	570	578
2021-07-29T14:26:17	586	546	564	576
2021-07-29T14:26:47	588	546	560	577
2021-07-29T14:27:17	589	545	556	576
2021-07-29T14:27:47	591	549	555	576
2021-07-29T14:28:17	591	546	551	576
2021-07-29T14:28:47	593	545	551	575
2021-07-29T14:29:17	594	546	548	575
2021-07-29T14:29:47	595	546	546	575
2021-07-29T14:30:17	596	546	548	575
2021-07-29T14:30:47	597	549	554	576
2021-07-29T14:31:17	600	553	561	578
2021-07-29T14:31:47	600	554	564	580
2021-07-29T14:32:17	602	556	569	582
2021-07-29T14:32:47	599	557	572	586
2021-07-29T14:33:17	603	559	576	587
2021-07-29T14:33:47	605	561	579	590
2021-07-29T14:34:17	605	563	580	592
2021-07-29T14:34:47	607	564	584	595
2021-07-29T14:35:17	606	564	587	596
2021-07-29T14:35:47	609	566	589	597
2021-07-29T14:36:17	610	567	591	600
2021-07-29T14:36:47	609	569	592	600
2021-07-29T14:37:17	613	569	594	603
2021-07-29T14:37:47	611	571	595	604
2021-07-29T14:38:17	615	572	597	605
2021-07-29T14:38:47	614	572	599	606
2021-07-29T14:39:17	618	574	600	608
2021-07-29T14:39:47	617	575	602	610
2021-07-29T14:40:17	617	576	603	611
2021-07-29T14:40:47	620	577	605	612
2021-07-29T14:41:17	622	578	606	614
2021-07-29T14:41:47	623	579	608	615
2021-07-29T14:42:17	624	580	609	615
2021-07-29T14:42:47	625	581	610	616
2021-07-29T14:43:17	626	582	610	618
2021-07-29T14:43:47	627	583	613	620
2021-07-29T14:44:17	627	584	614	621
2021-07-29T14:44:47	628	585	616	623
2021-07-29T14:45:17	631	585	617	624
2021-07-29T14:45:47	630	587	618	625
2021-07-29T14:46:17	634	588	619	626
2021-07-29T14:46:47	632	588	620	627
2021-07-29T14:47:17	635	588	614	629
2021-07-29T14:47:47	636	586	609	629
2021-07-29T14:48:17	636	586	604	627
2021-07-29T14:48:47	638	586	600	627
2021-07-29T14:49:17	639	585	597	625
2021-07-29T14:49:47	641	586	595	625
2021-07-29T14:50:17	641	586	593	624
2021-07-29T14:50:47	643	586	591	624
2021-07-29T14:51:17	644	586	590	624
2021-07-29T14:51:47	643	585	589	624
2021-07-29T14:52:17	647	588	596	625
2021-07-29T14:52:47	646	591	603	628
2021-07-29T14:53:17	647	593	606	630
2021-07-29T14:53:47	649	595	611	632
2021-07-29T14:54:17	650	596	614	635
2021-07-29T14:54:47	652	598	617	636
2021-07-29T14:55:17	650	599	620	639
2021-07-29T14:55:47	654	601	623	641
2021-07-29T14:56:17	656	602	625	642
2021-07-29T14:56:47	655	604	626	644
2021-07-29T14:57:17	657	605	628	645
2021-07-29T14:57:47	659	605	631	647
2021-07-29T14:58:17	659	607	632	649
2021-07-29T14:58:47	661	608	634	651
2021-07-29T14:59:17	661	610	637	652
2021-07-29T14:59:47	664	611	637	653
2021-07-29T15:00:17	664	611	639	654
2021-07-29T15:00:47	666	612	640	656
2021-07-29T15:01:17	666	614	642	657
2021-07-29T15:01:47	665	615	644	659
2021-07-29T15:02:17	669	616	645	659
2021-07-29T15:02:47	669	617	647	661
2021-07-29T15:03:17	670	618	647	662
2021-07-29T15:03:47	670	619	649	663
2021-07-29T15:04:17	674	620	650	664
2021-07-29T15:04:47	674	622	651	666
2021-07-29T15:05:17	674	623	653	666
2021-07-29T15:05:47	677	623	654	668
2021-07-29T15:06:17	675	625	655	669
2021-07-29T15:06:47	679	626	657	671
2021-07-29T15:07:17	679	626	657	672
2021-07-29T15:07:47	680	628	657	672
2021-07-29T15:08:17	682	627	653	674
2021-07-29T15:08:47	683	626	645	673
2021-07-29T15:09:17	683	625	641	673
2021-07-29T15:09:47	686	625	638	672
2021-07-29T15:10:17	686	626	635	670
2021-07-29T15:10:47	688	630	636	671
2021-07-29T15:11:17	688	626	632	671
2021-07-29T15:11:47	690	626	631	669
2021-07-29T15:12:17	690	625	629	669
2021-07-29T15:12:47	693	626	632	670
2021-07-29T15:13:17	692	629	639	672
2021-07-29T15:13:47	695	632	647	673
2021-07-29T15:14:17	693	634	650	676
2021-07-29T15:14:47	697	636	653	677
2021-07-29T15:15:17	698	638	658	681
2021-07-29T15:15:47	698	639	661	683
2021-07-29T15:16:17	700	641	663	684
2021-07-29T15:16:47	701	642	665	686
2021-07-29T15:17:17	703	643	667	689
2021-07-29T15:17:47	702	644	668	689
2021-07-29T15:18:17	705	646	671	691
2021-07-29T15:18:47	704	647	672	692
2021-07-29T15:19:17	707	648	674	694
2021-07-29T15:19:47	708	649	676	694
2021-07-29T15:20:17	708	649	677	696
2021-07-29T15:20:47	710	651	679	696
2021-07-29T15:21:17	711	653	681	699
2021-07-29T15:21:47	714	653	681	700
2021-07-29T15:22:17	710	654	682	700
2021-07-29T15:22:47	714	656	684	702
2021-07-29T15:23:17	715	657	685	703
2021-07-29T15:23:47	718	658	686	705
2021-07-29T15:24:17	718	659	688	705
2021-07-29T15:24:47	718	660	689	708
2021-07-29T15:25:17	720	661	690	708
2021-07-29T15:25:47	722	662	691	708
2021-07-29T15:26:17	722	663	692	710
2021-07-29T15:26:47	723	664	693	712
2021-07-29T15:27:17	724	665	695	714
2021-07-29T15:27:47	726	666	695	714
2021-07-29T15:28:17	728	665	690	715
2021-07-29T15:28:47	727	664	683	715
2021-07-29T15:29:17	729	663	679	713
2021-07-29T15:29:47	731	663	677	713
2021-07-29T15:30:17	730	663	674	712
2021-07-29T15:30:47	732	664	672	712
2021-07-29T15:31:17	733	664	670	712
2021-07-29T15:31:47	733	665	670	711
2021-07-29T15:32:17	735	665	668	711
2021-07-29T15:32:47	735	665	667	711
2021-07-29T15:33:17	738	666	671	712
2021-07-29T15:33:47	738	669	678	714
2021-07-29T15:34:17	741	672	685	717
2021-07-29T15:34:47	742	674	688	718
2021-07-29T15:35:17	743	675	692	721
2021-07-29T15:35:47	742	675	694	723
2021-07-29T15:36:17	745	678	696	724
2021-07-29T15:36:47	746	679	699	727
2021-07-29T15:37:17	748	681	702	729
2021-07-29T15:37:47	749	681	703	731
2021-07-29T15:38:17	749	683	705	731
2021-07-29T15:38:47	750	684	706	733
2021-07-29T15:39:17	751	685	708	734
2021-07-29T15:39:47	752	686	710	735
2021-07-29T15:40:17	754	687	712	738
2021-07-29T15:40:47	756	689	713	738
2021-07-29T15:41:17	757	690	715	740
2021-07-29T15:41:47	758	690	717	741
2021-07-29T15:42:17	758	692	717	743
2021-07-29T15:42:47	760	693	719	744
2021-07-29T15:43:17	760	694	719	744
2021-07-29T15:43:47	762	695	721	745
2021-07-29T15:44:17	763	695	723	745
2021-07-29T15:44:47	763	696	724	748
2021-07-29T15:45:17	765	697	725	748
2021-07-29T15:45:47	766	699	726	750
2021-07-29T15:46:17	767	700	727	752
2021-07-29T15:46:47	769	701	728	751
2021-07-29T15:47:17	769	701	730	754
2021-07-29T15:47:47	770	703	731	756
2021-07-29T15:48:17	770	702	727	756
2021-07-29T15:48:47	771	702	722	755
2021-07-29T15:49:17	771	701	718	754
2021-07-29T15:49:47	771	700	714	753
2021-07-29T15:50:17	772	700	712	752
2021-07-29T15:50:47	773	701	710	751
2021-07-29T15:51:17	775	701	708	750
2021-07-29T15:51:47	774	701	707	752
2021-07-29T15:52:17	776	702	706	751
2021-07-29T15:52:47	776	702	705	751
2021-07-29T15:53:17	777	703	708	751
2021-07-29T15:53:47	778	706	713	753
2021-07-29T15:54:17	780	707	720	755
2021-07-29T15:54:47	780	710	725	758
2021-07-29T15:55:17	781	711	727	759
2021-07-29T15:55:47	782	713	730	760
2021-07-29T15:56:17	784	714	732	763
2021-07-29T15:56:47	784	715	734	765
2021-07-29T15:57:17	786	717	737	765
2021-07-29T15:57:47	786	717	739	767
2021-07-29T15:58:17	787	720	741	769
2021-07-29T15:58:47	789	721	741	771
2021-07-29T15:59:17	789	721	744	772
2021-07-29T15:59:47	790	723	745	772
2021-07-29T16:00:17	791	724	746	774
2021-07-29T16:00:47	792	725	747	774
2021-07-29T16:01:17	793	726	748	775
2021-07-29T16:01:47	794	727	750	776
2021-07-29T16:02:17	795	728	751	777
2021-07-29T16:02:47	795	729	752	779
2021-07-29T16:03:17	796	729	753	780
2021-07-29T16:03:47	797	730	755	781
2021-07-29T16:04:17	798	732	757	782
2021-07-29T16:04:47	799	733	757	783
2021-07-29T16:05:17	800	733	758	785
2021-07-29T16:05:47	801	734	759	784
2021-07-29T16:06:17	801	735	760	785
2021-07-29T16:06:47	802	736	761	787
2021-07-29T16:07:17	803	737	762	787
2021-07-29T16:07:47	803	737	760	788
2021-07-29T16:08:17	804	736	753	787
2021-07-29T16:08:47	804	735	748	786
2021-07-29T16:09:17	804	735	746	786
2021-07-29T16:09:47	805	736	744	784
2021-07-29T16:10:17	806	736	742	784
2021-07-29T16:10:47	807	735	741	784
2021-07-29T16:11:17	807	736	740	782
2021-07-29T16:11:47	808	736	739	782
2021-07-29T16:12:17	808	736	738	782
2021-07-29T16:12:47	808	736	739	782
2021-07-29T16:13:17	810	739	747	784
2021-07-29T16:13:47	811	742	753	787
2021-07-29T16:14:17	812	744	756	789
2021-07-29T16:14:47	813	745	759	791
2021-07-29T16:15:17	814	747	762	793
2021-07-29T16:15:47	801	747	764	793
2021-07-29T16:16:17	794	748	765	790
2021-07-29T16:16:47	785	748	766	785
2021-07-29T16:17:17	780	748	766	782
2021-07-29T16:17:47	776	748	767	777
2021-07-29T16:18:17	774	749	768	773
2021-07-29T16:18:47	771	750	769	772
2021-07-29T16:19:17	768	750	770	770
2021-07-29T16:19:47	767	751	770	769
2021-07-29T16:20:17	764	751	771	766
2021-07-29T16:20:47	763	752	772	766
2021-07-29T16:21:17	762	752	772	765
2021-07-29T16:21:47	761	753	773	764
2021-07-29T16:22:17	759	753	773	764
2021-07-29T16:22:47	758	754	773	763
2021-07-29T16:23:17	758	754	774	763
2021-07-29T16:23:47	757	755	775	762
2021-07-29T16:24:17	755	755	775	762
2021-07-29T16:24:47	755	756	776	761
2021-07-29T16:25:17	755	756	777	760
2021-07-29T16:25:47	754	757	777	761
2021-07-29T16:26:17	752	757	777	761
2021-07-29T16:26:47	752	757	773	761
2021-07-29T16:27:17	750	755	765	758
2021-07-29T16:27:47	748	755	760	757
2021-07-29T16:28:17	748	754	757	753
2021-07-29T16:28:47	746	753	754	751
2021-07-29T16:29:17	745	753	752	750
2021-07-29T16:29:47	745	753	750	749
2021-07-29T16:30:17	744	753	748	747
2021-07-29T16:30:47	743	753	746	746
2021-07-29T16:31:17	743	753	745	746
2021-07-29T16:31:47	742	752	745	745
2021-07-29T16:32:17	743	755	753	746
2021-07-29T16:32:47	744	757	759	747
2021-07-29T16:33:17	744	759	761	748
2021-07-29T16:33:47	744	760	764	750
2021-07-29T16:34:17	745	760	767	751
2021-07-29T16:34:47	745	760	769	752
2021-07-29T16:35:17	745	761	770	752
2021-07-29T16:35:47	745	763	771	754
2021-07-29T16:36:17	745	763	773	755
2021-07-29T16:36:47	745	764	774	755
2021-07-29T16:37:17	745	764	775	756
2021-07-29T16:37:47	745	764	776	756
2021-07-29T16:38:17	745	765	777	757
2021-07-29T16:38:47	745	766	778	757
2021-07-29T16:39:17	745	766	779	757
2021-07-29T16:39:47	745	767	780	758
2021-07-29T16:40:17	745	767	780	757
2021-07-29T16:40:47	745	768	781	759
2021-07-29T16:41:17	745	768	782	759
2021-07-29T16:41:47	745	769	782	760
2021-07-29T16:42:17	745	769	783	759
2021-07-29T16:42:47	745	770	784	760
2021-07-29T16:43:17	745	770	784	760
2021-07-29T16:43:47	745	770	785	760
2021-07-29T16:44:17	745	771	786	761
2021-07-29T16:44:47	745	771	786	762
2021-07-29T16:45:17	745	772	787	761
2021-07-29T16:45:47	745	772	788	763
2021-07-29T16:46:17	745	773	788	762
2021-07-29T16:46:47	744	771	780	762
2021-07-29T16:47:17	743	770	775	760
2021-07-29T16:47:47	742	770	770	759
2021-07-29T16:48:17	741	769	767	756
2021-07-29T16:48:47	741	769	765	755
2021-07-29T16:49:17	740	768	763	753
2021-07-29T16:49:47	740	768	761	752
2021-07-29T16:50:17	740	768	759	751
2021-07-29T16:50:47	739	768	758	751
2021-07-29T16:51:17	739	766	757	750
2021-07-29T16:51:47	740	769	764	750
2021-07-29T16:52:17	741	771	769	751
2021-07-29T16:52:47	742	772	773	753
2021-07-29T16:53:17	742	773	777	755
2021-07-29T16:53:47	743	774	779	756
2021-07-29T16:54:17	743	775	780	758
2021-07-29T16:54:47	743	775	782	759
2021-07-29T16:55:17	744	776	784	760
2021-07-29T16:55:47	744	777	785	761
2021-07-29T16:56:17	744	777	786	761
2021-07-29T16:56:47	744	778	788	762
2021-07-29T16:57:17	744	778	789	763
2021-07-29T16:57:47	745	779	790	763
2021-07-29T16:58:17	745	780	791	764
2021-07-29T16:58:47	745	780	792	764
2021-07-29T16:59:17	745	780	792	765
2021-07-29T16:59:47	745	781	793	766
2021-07-29T17:00:17	745	781	794	766
2021-07-29T17:00:47	746	782	794	766
2021-07-29T17:01:17	745	782	795	767
2021-07-29T17:01:47	746	783	795	767
2021-07-29T17:02:17	746	783	796	768
2021-07-29T17:02:47	746	783	797	768
2021-07-29T17:03:17	746	784	798	769
2021-07-29T17:03:47	746	784	798	769
2021-07-29T17:04:17	746	785	799	769
2021-07-29T17:04:47	747	785	799	770
2021-07-29T17:05:17	747	786	800	770
2021-07-29T17:05:47	746	785	793	770
2021-07-29T17:06:17	745	783	788	769
2021-07-29T17:06:47	744	783	783	767
2021-07-29T17:07:17	744	782	780	764
2021-07-29T17:07:47	744	782	777	762
2021-07-29T17:08:17	758	782	776	764
2021-07-29T17:08:47	766	783	776	766
2021-07-29T17:09:17	775	783	775	773
2021-07-29T17:09:47	781	784	774	777
2021-07-29T17:10:17	786	782	774	780
2021-07-29T17:10:47	791	784	780	785
2021-07-29T17:11:17	794	787	787	790
2021-07-29T17:11:47	798	790	791	795
2021-07-29T17:12:17	801	791	794	799
2021-07-29T17:12:47	805	792	797	801
2021-07-29T17:13:17	807	793	799	805
2021-07-29T17:13:48	810	794	802	810
2021-07-29T17:14:18	812	795	803	811
2021-07-29T17:14:48	815	796	805	813
2021-07-29T17:15:18	816	797	807	816
2021-07-29T17:15:48	818	798	809	817
2021-07-29T17:16:18	820	799	810	820
2021-07-29T17:16:48	822	800	811	820
2021-07-29T17:17:18	825	800	813	823
2021-07-29T17:17:48	825	801	815	826
2021-07-29T17:18:18	828	802	817	826
2021-07-29T17:18:48	830	803	817	829
2021-07-29T17:19:18	831	804	819	830
2021-07-29T17:19:48	833	804	820	831
2021-07-29T17:20:18	834	805	821	832
2021-07-29T17:20:48	835	806	822	834
2021-07-29T17:21:18	837	808	823	835
2021-07-29T17:21:48	838	808	824	836
2021-07-29T17:22:18	840	809	825	838
2021-07-29T17:22:48	841	810	826	839
2021-07-29T17:23:18	842	810	827	841
2021-07-29T17:23:48	843	811	828	842
2021-07-29T17:24:18	844	812	829	843
2021-07-29T17:24:48	846	812	830	843
2021-07-29T17:25:18	847	813	831	845
2021-07-29T17:25:48	848	814	831	846
2021-07-29T17:26:18	850	815	833	848
2021-07-29T17:26:48	851	815	834	850
2021-07-29T17:27:18	852	814	827	850
2021-07-29T17:27:48	853	813	823	849
2021-07-29T17:28:18	854	813	819	848
2021-07-29T17:28:48	854	813	816	847
2021-07-29T17:29:18	855	813	815	846
2021-07-29T17:29:48	857	813	814	846
2021-07-29T17:30:18	857	813	812	847
2021-07-29T17:30:48	859	813	811	846
2021-07-29T17:31:18	860	813	811	847
2021-07-29T17:31:48	861	812	810	848
2021-07-29T17:32:18	863	815	817	849
2021-07-29T17:32:48	864	817	824	852
2021-07-29T17:33:18	866	819	828	853
2021-07-29T17:33:48	867	820	830	856
2021-07-29T17:34:18	868	821	832	859
2021-07-29T17:34:48	870	822	835	858
2021-07-29T17:35:18	871	823	837	862
2021-07-29T17:35:48	871	824	839	863
2021-07-29T17:36:18	873	825	841	864
2021-07-29T17:36:48	875	827	842	866
2021-07-29T17:37:18	876	827	844	867
2021-07-29T17:37:48	877	828	846	871
2021-07-29T17:38:18	878	830	847	870
2021-07-29T17:38:48	879	830	848	872
2021-07-29T17:39:18	881	831	849	874
2021-07-29T17:39:48	882	832	851	876
2021-07-29T17:40:18	883	832	852	875
2021-07-29T17:40:48	884	833	854	878
2021-07-29T17:41:18	886	834	854	878
2021-07-29T17:41:48	887	835	855	881
2021-07-29T17:42:18	888	836	857	880
2021-07-29T17:42:48	890	837	859	881
2021-07-29T17:43:18	891	838	860	883
2021-07-29T17:43:48	892	839	861	884
2021-07-29T17:44:18	893	839	862	885
2021-07-29T17:44:48	894	840	863	887
2021-07-29T17:45:18	895	841	864	888
2021-07-29T17:45:48	896	842	866	890
2021-07-29T17:46:18	898	842	866	890
2021-07-29T17:46:48	899	843	867	892
2021-07-29T17:47:18	900	844	868	891
2021-07-29T17:47:48	901	845	868	894
2021-07-29T17:48:18	902	843	861	893
2021-07-29T17:48:48	903	843	857	893
2021-07-29T17:49:18	904	843	854	892
2021-07-29T17:49:48	905	843	853	892
2021-07-29T17:50:18	907	843	851	892
2021-07-29T17:50:48	907	843	851	891
2021-07-29T17:51:18	909	844	850	893
2021-07-29T17:51:48	910	844	849	892
2021-07-29T17:52:18	910	843	848	894
2021-07-29T17:52:48	912	846	852	892
2021-07-29T17:53:18	914	848	859	896
2021-07-29T17:53:48	915	850	864	898
2021-07-29T17:54:18	915	851	868	898
2021-07-29T17:54:48	917	853	870	902
2021-07-29T17:55:18	919	854	874	905
2021-07-29T17:55:48	920	856	875	907
2021-07-29T17:56:18	922	857	877	907
2021-07-29T17:56:48	923	858	879	911
2021-07-29T17:57:18	925	859	881	912
2021-07-29T17:57:48	927	860	883	913
2021-07-29T17:58:18	926	861	885	915
2021-07-29T17:58:48	929	863	886	916
2021-07-29T17:59:18	929	864	887	917
2021-07-29T17:59:48	931	864	889	919
2021-07-29T18:00:18	932	866	891	921
2021-07-29T18:00:48	935	867	892	921
2021-07-29T18:01:18	935	868	893	923
2021-07-29T18:01:48	937	869	895	924
2021-07-29T18:02:18	938	871	896	926
2021-07-29T18:02:48	940	871	897	928
2021-07-29T18:03:18	940	872	899	929
2021-07-29T18:03:48	941	874	900	931
2021-07-29T18:04:18	943	875	902	932
2021-07-29T18:04:48	945	876	903	933
2021-07-29T18:05:18	946	876	905	934
2021-07-29T18:05:48	947	878	906	936
2021-07-29T18:06:18	948	879	907	938
2021-07-29T18:06:48	950	880	908	938
2021-07-29T18:07:18	952	882	909	940
2021-07-29T18:07:48	953	883	911	940
2021-07-29T18:08:18	954	883	912	943
2021-07-29T18:08:48	954	884	913	944
2021-07-29T18:09:18	954	885	914	945
2021-07-29T18:09:48	954	886	916	943
2021-07-29T18:10:18	954	888	917	945
2021-07-29T18:10:48	953	888	918	946
2021-07-29T18:11:18	954	889	919	946
2021-07-29T18:11:48	954	890	921	946
2021-07-29T18:12:18	954	891	922	946
2021-07-29T18:12:48	954	892	923	946
2021-07-29T18:13:18	953	893	924	947
2021-07-29T18:13:48	953	894	925	948
2021-07-29T18:14:18	954	895	926	948
2021-07-29T18:14:48	954	896	927	948
2021-07-29T18:15:18	953	897	928	949
2021-07-29T18:15:48	954	898	929	949
2021-07-29T18:16:18	954	899	930	948
2021-07-29T18:16:48	955	900	931	950
2021-07-29T18:17:18	955	901	933	950
2021-07-29T18:17:48	955	902	934	950
2021-07-29T18:18:18	955	903	935	951
2021-07-29T18:18:48	955	904	935	951
2021-07-29T18:19:18	955	905	937	951
2021-07-29T18:19:48	955	906	937	951
2021-07-29T18:20:18	954	907	938	951
2021-07-29T18:20:48	955	908	939	952
2021-07-29T18:21:18	954	909	940	952
2021-07-29T18:21:48	954	910	941	954
2021-07-29T18:22:18	955	911	942	953
2021-07-29T18:22:48	954	912	943	954
2021-07-29T18:23:18	955	913	943	954
2021-07-29T18:23:48	954	914	944	954
2021-07-29T18:24:18	954	915	943	954
2021-07-29T18:24:48	955	914	937	953
2021-07-29T18:25:18	954	914	933	952
2021-07-29T18:25:48	954	914	932	950
2021-07-29T18:26:18	955	915	930	949
2021-07-29T18:26:48	954	915	928	948
2021-07-29T18:27:18	954	915	925	946
2021-07-29T18:27:48	956	914	924	948
2021-07-29T18:28:18	955	914	925	947
2021-07-29T18:28:48	955	917	932	948
2021-07-29T18:29:18	955	920	937	949
2021-07-29T18:29:48	955	921	939	952
2021-07-29T18:30:18	955	922	942	952
2021-07-29T18:30:48	955	923	944	953
2021-07-29T18:31:18	955	925	946	954
2021-07-29T18:31:48	956	926	948	955
2021-07-29T18:32:18	955	926	949	956
2021-07-29T18:32:48	957	928	951	956
2021-07-29T18:33:18	956	929	952	957
2021-07-29T18:33:48	957	930	954	958
2021-07-29T18:34:18	957	931	955	959
2021-07-29T18:34:48	957	932	956	959
2021-07-29T18:35:18	957	933	958	959
2021-07-29T18:35:48	958	933	957	960
2021-07-29T18:36:18	958	933	956	961
2021-07-29T18:36:48	956	934	957	961
2021-07-29T18:37:18	953	934	957	961
2021-07-29T18:37:48	954	934	957	962
2021-07-29T18:38:18	953	934	958	963
2021-07-29T18:38:48	954	935	956	964
2021-07-29T18:39:18	953	935	956	965
2021-07-29T18:39:48	954	936	957	965
2021-07-29T18:40:18	955	936	956	966
2021-07-29T18:40:48	954	937	957	967
2021-07-29T18:41:18	955	939	957	967
2021-07-29T18:41:48	956	939	957	967
2021-07-29T18:42:18	953	939	957	968
2021-07-29T18:42:48	954	940	958	968
2021-07-29T18:43:18	955	940	957	969
2021-07-29T18:43:48	956	940	957	969
2021-07-29T18:44:18	953	940	956	970
2021-07-29T18:44:48	954	940	957	970
2021-07-29T18:45:18	953	941	956	970
2021-07-29T18:45:48	954	941	957	971
2021-07-29T18:46:18	955	942	958	971
2021-07-29T18:46:48	954	942	957	971
2021-07-29T18:47:18	954	943	958	971
2021-07-29T18:47:48	956	943	957	972
2021-07-29T18:48:18	956	943	957	972
2021-07-29T18:48:48	956	943	958	972
2021-07-29T18:49:18	954	943	957	972
2021-07-29T18:49:48	954	942	957	972
2021-07-29T18:50:18	954	942	957	973
2021-07-29T18:50:48	955	943	957	973
2021-07-29T18:51:18	955	942	957	973
2021-07-29T18:51:48	954	943	958	974
2021-07-29T18:52:18	954	944	957	974
2021-07-29T18:52:48	955	942	957	974
2021-07-29T18:53:18	955	943	958	974
2021-07-29T18:53:48	956	943	958	975
2021-07-29T18:54:18	955	944	957	974
2021-07-29T18:54:48	954	943	957	974
2021-07-29T18:55:18	955	943	957	975
2021-07-29T18:55:48	956	943	957	975
2021-07-29T18:56:18	955	943	957	975
2021-07-29T18:56:48	954	943	957	975
2021-07-29T18:57:18	955	943	957	975
2021-07-29T18:57:48	955	944	957	975
2021-07-29T18:58:18	954	944	958	975
2021-07-29T18:58:48	956	945	958	975
2021-07-29T18:59:18	954	945	958	976
2021-07-29T18:59:48	955	945	958	976
2021-07-29T19:00:18	956	944	958	975
2021-07-29T19:00:48	954	944	957	975
2021-07-29T19:01:18	955	943	957	976
2021-07-29T19:01:48	955	944	957	975
2021-07-29T19:02:18	954	944	957	976
2021-07-29T19:02:48	956	945	958	976
2021-07-29T19:03:18	954	945	958	977
2021-07-29T19:03:48	955	946	958	976
2021-07-29T19:04:18	956	945	957	976
2021-07-29T19:04:48	955	945	957	976
2021-07-29T19:05:18	954	946	958	976
2021-07-29T19:05:48	954	946	958	976
2021-07-29T19:06:18	956	946	958	976
2021-07-29T19:06:48	954	945	957	976
2021-07-29T19:07:18	956	946	957	976
2021-07-29T19:07:48	954	946	958	977
2021-07-29T19:08:18	956	946	958	976
2021-07-29T19:08:48	954	946	957	976
2021-07-29T19:09:18	956	947	958	977
2021-07-29T19:09:48	954	945	957	977
2021-07-29T19:10:18	956	946	957	977
2021-07-29T19:10:48	955	947	958	977
2021-07-29T19:11:18	955	946	958	977
2021-07-29T19:11:48	955	946	957	977
2021-07-29T19:12:18	954	947	957	977
2021-07-29T19:12:48	956	948	958	977
2021-07-29T19:13:18	954	947	957	977
2021-07-29T19:13:48	953	949	958	978
2021-07-29T19:14:18	955	947	957	977
2021-07-29T19:14:48	954	949	958	977
2021-07-29T19:15:18	955	947	957	977
2021-07-29T19:15:48	954	949	958	977
2021-07-29T19:16:18	956	947	957	977
2021-07-29T19:16:48	955	949	958	977
2021-07-29T19:17:18	953	949	958	977
2021-07-29T19:17:48	955	949	957	978
2021-07-29T19:18:18	954	949	958	977
2021-07-29T19:18:48	953	949	957	977
2021-07-29T19:19:18	955	949	958	977
2021-07-29T19:19:48	954	949	957	978
2021-07-29T19:20:18	955	950	958	977
2021-07-29T19:20:48	956	949	957	978
2021-07-29T19:21:18	954	950	958	978
2021-07-29T19:21:48	954	949	957	978
2021-07-29T19:22:18	955	950	958	978
2021-07-29T19:22:48	954	949	957	978
2021-07-29T19:23:18	954	950	958	978
2021-07-29T19:23:48	955	950	957	978
2021-07-29T19:24:18	955	949	957	978
2021-07-29T19:24:48	954	950	958	978
2021-07-29T19:25:18	954	949	957	978
2021-07-29T19:25:48	956	951	958	978
2021-07-29T19:26:18	955	950	957	978
2021-07-29T19:26:48	954	949	957	978
2021-07-29T19:27:18	954	950	957	978
2021-07-29T19:27:48	956	950	957	978
2021-07-29T19:28:18	955	951	958	978
2021-07-29T19:28:48	954	950	957	978
2021-07-29T19:29:18	954	950	958	978
2021-07-29T19:29:48	954	951	957	978
2021-07-29T19:30:18	955	950	957	978
2021-07-29T19:30:48	954	951	958	978
2021-07-29T19:31:18	954	951	957	978
2021-07-29T19:31:48	954	950	957	978
2021-07-29T19:32:18	955	951	958	978
2021-07-29T19:32:48	954	951	957	978
2021-07-29T19:33:18	954	950	957	978
2021-07-29T19:33:48	954	951	958	978
2021-07-29T19:34:18	955	951	958	978
2021-07-29T19:34:48	955	950	958	978
2021-07-29T19:35:18	954	952	957	978
2021-07-29T19:35:48	954	952	957	978
2021-07-29T19:36:18	954	951	957	978
2021-07-29T19:36:48	956	952	958	978
2021-07-29T19:37:18	955	952	958	978
2021-07-29T19:37:48	954	951	957	978
2021-07-29T19:38:18	954	951	957	978
2021-07-29T19:38:48	953	951	957	978
2021-07-29T19:39:18	956	951	957	978
2021-07-29T19:39:48	954	942	955	859
2021-07-29T19:40:18	820	833	906	697
2021-07-29T19:40:48	747	774	843	624
2021-07-29T19:41:18	646	674	736	546
2021-07-29T19:41:48	558	564	659	483
2021-07-29T19:42:18	513	508	621	429
2021-07-29T19:42:48	478	473	597	397
2021-07-29T19:43:18	445	455	564	358
2021-07-29T19:43:48	427	429	538	322
2021-07-29T19:44:18	407	406	520	293
2021-07-29T19:44:48	389	393	503	274
2021-07-29T19:45:18	380	379	485	250
2021-07-29T19:45:48	365	361	475	229
2021-07-29T19:46:18	353	350	462	216
