time	T1	T2	T3	T4
2021-09-19T08:56:26	28	30	32	29
2021-09-19T08:56:56	28	31	32	29
2021-09-19T08:57:26	29	31	33	29
2021-09-19T08:57:56	30	32	33	29
2021-09-19T08:58:26	31	32	34	29
2021-09-19T08:58:56	34	36	37	29
2021-09-19T08:59:26	35	37	38	30
2021-09-19T08:59:56	35	38	38	31
2021-09-19T09:00:26	35	38	38	31
2021-09-19T09:00:56	35	38	38	32
2021-09-19T09:01:26	38	41	42	32
2021-09-19T09:01:56	38	43	42	33
2021-09-19T09:02:26	38	43	42	35
2021-09-19T09:02:56	38	43	42	35
2021-09-19T09:03:26	44	45	46	36
2021-09-19T09:03:56	46	48	47	37
2021-09-19T09:04:26	46	49	47	38
2021-09-19T09:04:56	45	48	46	38
2021-09-19T09:05:26	47	50	49	39
2021-09-19T09:05:56	47	51	50	40
2021-09-19T09:06:26	46	51	49	40
2021-09-19T09:06:56	48	52	52	41
2021-09-19T09:07:26	49	54	53	42
2021-09-19T09:07:56	48	54	52	42
2021-09-19T09:08:26	53	56	54	43
2021-09-19T09:08:56	56	58	57	43
2021-09-19T09:09:26	55	59	56	44
2021-09-19T09:09:56	54	59	56	45
2021-09-19T09:10:26	56	60	59	46
2021-09-19T09:10:56	56	62	60	46
2021-09-19T09:11:26	57	62	59	47
2021-09-19T09:11:56	57	63	62	48
2021-09-19T09:12:26	59	65	63	48
2021-09-19T09:12:56	58	65	62	49
2021-09-19T09:13:26	61	66	64	50
2021-09-19T09:13:56	63	67	64	51
2021-09-19T09:14:26	64	69	68	51
2021-09-19T09:14:56	65	71	68	52
2021-09-19T09:15:26	63	71	67	54
2021-09-19T09:15:56	65	71	69	54
2021-09-19T09:16:26	65	72	68	54
2021-09-19T09:16:56	67	74	71	56
2021-09-19T09:17:26	69	75	71	56
2021-09-19T09:17:56	69	74	71	57
2021-09-19T09:18:26	71	77	75	57
2021-09-19T09:18:56	70	78	74	58
2021-09-19T09:19:26	70	78	75	59
2021-09-19T09:19:56	76	81	78	60
2021-09-19T09:20:26	76	81	77	61
2021-09-19T09:20:56	76	82	78	62
2021-09-19T09:21:26	76	83	79	62
2021-09-19T09:21:56	77	84	81	63
2021-09-19T09:22:26	76	85	81	64
2021-09-19T09:22:56	80	86	84	65
2021-09-19T09:23:26	81	87	83	66
2021-09-19T09:23:56	82	88	84	66
2021-09-19T09:24:26	81	89	85	67
2021-09-19T09:24:56	82	89	87	68
2021-09-19T09:25:26	82	91	86	69
2021-09-19T09:25:56	86	92	89	69
2021-09-19T09:26:26	88	94	89	70
2021-09-19T09:26:56	89	94	91	71
2021-09-19T09:27:26	88	95	90	72
2021-09-19T09:27:56	89	95	93	73
2021-09-19T09:28:26	89	97	92	74
2021-09-19T09:28:56	91	97	94	74
2021-09-19T09:29:26	94	99	96	75
2021-09-19T09:29:56	93	100	96	76
2021-09-19T09:30:26	93	101	96	77
2021-09-19T09:30:56	94	101	98	78
2021-09-19T09:31:26	94	103	98	78
2021-09-19T09:31:56	98	104	101	79
2021-09-19T09:32:26	98	106	100	80
2021-09-19T09:32:56	97	105	101	81
2021-09-19T09:33:26	99	108	103	81
2021-09-19T09:33:56	100	107	101	82
2021-09-19T09:34:26	104	110	106	83
2021-09-19T09:34:56	103	110	104	84
2021-09-19T09:35:26	104	112	108	85
2021-09-19T09:35:56	103	112	107	86
2021-09-19T09:36:26	104	113	108	86
2021-09-19T09:36:56	107	113	107	88
2021-09-19T09:37:26	109	115	111	88
2021-09-19T09:37:56	108	116	111	89
2021-09-19T09:38:26	108	117	112	90
2021-09-19T09:38:56	110	118	112	90
2021-09-19T09:39:26	111	119	115	91
2021-09-19T09:39:56	110	120	113	93
2021-09-19T09:40:26	115	122	117	94
2021-09-19T09:40:56	115	123	116	95
2021-09-19T09:41:26	115	124	118	95
2021-09-19T09:41:56	114	124	118	96
2021-09-19T09:42:26	118	124	120	97
2021-09-19T09:42:56	120	126	121	98
2021-09-19T09:43:26	120	127	123	99
2021-09-19T09:43:56	119	127	122	100
2021-09-19T09:44:26	122	128	124	100
2021-09-19T09:44:56	125	131	125	101
2021-09-19T09:45:26	124	131	126	102
2021-09-19T09:45:56	124	132	125	103
2021-09-19T09:46:26	124	133	128	104
2021-09-19T09:46:56	126	133	128	105
2021-09-19T09:47:26	127	136	129	105
2021-09-19T09:47:56	126	136	130	106
2021-09-19T09:48:26	127	137	132	107
2021-09-19T09:48:56	130	137	132	108
2021-09-19T09:49:26	133	140	133	109
2021-09-19T09:49:56	131	139	133	109
2021-09-19T09:50:26	132	141	136	110
2021-09-19T09:50:56	132	141	136	111
2021-09-19T09:51:26	136	144	138	112
2021-09-19T09:51:56	136	143	136	113
2021-09-19T09:52:26	137	145	139	114
2021-09-19T09:52:56	136	144	138	114
2021-09-19T09:53:26	141	146	142	115
2021-09-19T09:53:56	140	147	141	116
2021-09-19T09:54:26	140	149	142	117
2021-09-19T09:54:56	140	150	145	117
2021-09-19T09:55:26	142	150	143	118
2021-09-19T09:55:56	143	151	147	119
2021-09-19T09:56:26	142	152	147	120
2021-09-19T09:56:56	147	153	148	121
2021-09-19T09:57:26	147	153	149	122
2021-09-19T09:57:56	146	154	149	123
2021-09-19T09:58:26	148	155	152	123
2021-09-19T09:58:56	147	156	151	124
2021-09-19T09:59:26	151	158	153	125
2021-09-19T09:59:56	150	159	155	126
2021-09-19T10:00:26	150	159	153	126
2021-09-19T10:00:56	155	160	158	127
2021-09-19T10:01:26	153	160	156	128
2021-09-19T10:01:56	154	162	158	129
2021-09-19T10:02:26	155	163	159	130
2021-09-19T10:02:56	156	163	159	131
2021-09-19T10:03:26	157	166	162	131
2021-09-19T10:03:56	159	165	160	132
2021-09-19T10:04:26	160	166	162	133
2021-09-19T10:04:56	160	167	163	134
2021-09-19T10:05:26	161	168	164	134
2021-09-19T10:05:56	164	169	166	135
2021-09-19T10:06:26	162	169	165	136
2021-09-19T10:06:56	164	172	168	137
2021-09-19T10:07:26	165	171	167	138
2021-09-19T10:07:56	165	174	169	139
2021-09-19T10:08:26	165	173	169	139
2021-09-19T10:08:56	171	176	172	140
2021-09-19T10:09:26	170	176	171	141
2021-09-19T10:09:56	170	178	173	142
2021-09-19T10:10:26	172	179	173	143
2021-09-19T10:10:56	175	180	176	144
2021-09-19T10:11:26	173	179	175	145
2021-09-19T10:11:56	173	182	177	146
2021-09-19T10:12:26	177	182	178	147
2021-09-19T10:12:56	176	182	177	148
2021-09-19T10:13:26	176	184	180	149
2021-09-19T10:13:56	179	185	180	149
2021-09-19T10:14:26	181	187	182	150
2021-09-19T10:14:56	180	188	183	151
2021-09-19T10:15:26	179	188	182	152
2021-09-19T10:15:56	184	189	186	153
2021-09-19T10:16:26	183	189	184	154
2021-09-19T10:16:56	183	191	188	155
2021-09-19T10:17:26	185	191	186	156
2021-09-19T10:17:56	189	192	189	157
2021-09-19T10:18:26	188	193	190	159
2021-09-19T10:18:56	186	195	191	158
2021-09-19T10:19:26	188	195	191	159
2021-09-19T10:19:56	191	196	193	160
2021-09-19T10:20:26	190	198	194	161
2021-09-19T10:20:56	189	198	193	163
2021-09-19T10:21:26	193	199	194	163
2021-09-19T10:21:56	194	201	196	165
2021-09-19T10:22:26	194	201	198	165
2021-09-19T10:22:56	194	202	197	167
2021-09-19T10:23:26	197	203	201	168
2021-09-19T10:23:56	198	203	199	169
2021-09-19T10:24:26	197	205	200	168
2021-09-19T10:24:56	199	207	202	169
2021-09-19T10:25:26	201	207	204	170
2021-09-19T10:25:56	202	208	204	172
2021-09-19T10:26:26	200	209	204	173
2021-09-19T10:26:56	204	211	205	173
2021-09-19T10:27:26	206	212	207	174
2021-09-19T10:27:56	204	213	208	176
2021-09-19T10:28:26	204	214	209	177
2021-09-19T10:28:56	208	215	209	178
2021-09-19T10:29:26	208	216	211	177
2021-09-19T10:29:56	209	217	212	178
2021-09-19T10:30:26	211	218	212	179
2021-09-19T10:30:56	211	219	214	180
2021-09-19T10:31:26	213	220	215	181
2021-09-19T10:31:56	213	221	215	183
2021-09-19T10:32:26	212	222	216	184
2021-09-19T10:32:56	216	223	217	185
2021-09-19T10:33:26	214	224	219	186
2021-09-19T10:33:56	216	225	219	187
2021-09-19T10:34:26	218	226	222	187
2021-09-19T10:34:56	217	227	221	188
2021-09-19T10:35:26	221	228	223	189
2021-09-19T10:35:56	219	228	223	190
2021-09-19T10:36:26	223	230	225	190
2021-09-19T10:36:56	223	229	225	192
2021-09-19T10:37:26	224	232	227	193
2021-09-19T10:37:56	224	233	226	194
2021-09-19T10:38:26	226	234	230	195
2021-09-19T10:38:56	225	235	229	195
2021-09-19T10:39:26	228	236	230	197
2021-09-19T10:39:56	228	236	231	197
2021-09-19T10:40:26	229	236	231	198
2021-09-19T10:40:56	232	239	233	199
2021-09-19T10:41:26	231	240	235	200
2021-09-19T10:41:56	232	241	235	201
2021-09-19T10:42:26	233	242	235	202
2021-09-19T10:42:56	235	243	236	203
2021-09-19T10:43:26	236	245	239	204
2021-09-19T10:43:56	237	245	239	205
2021-09-19T10:44:26	235	246	241	206
2021-09-19T10:44:56	239	247	241	207
2021-09-19T10:45:26	239	249	242	208
2021-09-19T10:45:56	240	249	242	209
2021-09-19T10:46:26	243	250	244	210
2021-09-19T10:46:56	241	250	245	211
2021-09-19T10:47:26	245	252	247	212
2021-09-19T10:47:56	244	253	246	212
2021-09-19T10:48:26	246	255	248	213
2021-09-19T10:48:56	244	254	248	214
2021-09-19T10:49:26	247	257	249	215
2021-09-19T10:49:56	247	258	252	216
2021-09-19T10:50:26	249	259	250	217
2021-09-19T10:50:56	249	259	252	218
2021-09-19T10:51:26	252	261	254	219
2021-09-19T10:51:56	252	262	255	220
2021-09-19T10:52:26	253	262	256	221
2021-09-19T10:52:56	253	264	256	222
2021-09-19T10:53:26	254	264	257	223
2021-09-19T10:53:56	259	265	258	223
2021-09-19T10:54:26	259	267	259	225
2021-09-19T10:54:56	257	267	258	226
2021-09-19T10:55:26	258	269	262	227
2021-09-19T10:55:56	260	270	262	227
2021-09-19T10:56:26	260	271	262	228
2021-09-19T10:56:56	260	272	264	229
2021-09-19T10:57:26	262	273	264	230
2021-09-19T10:57:56	265	273	266	231
2021-09-19T10:58:26	264	275	268	232
2021-09-19T10:58:56	266	275	268	233
2021-09-19T10:59:26	265	276	268	234
2021-09-19T10:59:56	268	278	269	235
2021-09-19T11:00:26	268	279	271	236
2021-09-19T11:00:56	270	279	271	237
2021-09-19T11:01:26	270	280	272	238
2021-09-19T11:01:56	272	281	275	239
2021-09-19T11:02:26	273	282	274	240
2021-09-19T11:02:57	274	283	275	241
2021-09-19T11:03:27	273	284	276	242
2021-09-19T11:03:57	277	285	279	243
2021-09-19T11:04:27	274	285	277	244
2021-09-19T11:04:57	279	286	279	245
2021-09-19T11:05:27	277	286	279	245
2021-09-19T11:05:57	281	287	282	246
2021-09-19T11:06:27	281	288	282	248
2021-09-19T11:06:57	279	289	283	248
2021-09-19T11:07:27	283	290	284	249
2021-09-19T11:07:57	282	292	285	250
2021-09-19T11:08:27	283	293	286	251
2021-09-19T11:08:57	286	292	289	252
2021-09-19T11:09:27	285	294	289	253
2021-09-19T11:09:57	286	294	289	254
2021-09-19T11:10:27	286	295	291	255
2021-09-19T11:10:57	289	296	291	256
2021-09-19T11:11:27	287	297	292	257
2021-09-19T11:11:57	292	298	294	258
2021-09-19T11:12:27	291	298	294	259
2021-09-19T11:12:57	293	299	295	260
2021-09-19T11:13:27	294	300	295	261
2021-09-19T11:13:57	293	301	295	262
2021-09-19T11:14:27	297	302	298	263
2021-09-19T11:14:57	296	303	299	264
2021-09-19T11:15:27	297	305	300	265
2021-09-19T11:15:57	301	305	301	266
2021-09-19T11:16:27	298	306	302	267
2021-09-19T11:16:57	300	307	304	268
2021-09-19T11:17:27	301	307	303	269
2021-09-19T11:17:57	300	308	304	270
2021-09-19T11:18:27	305	309	306	271
2021-09-19T11:18:57	302	310	305	272
2021-09-19T11:19:27	306	312	310	273
2021-09-19T11:19:57	306	312	307	275
2021-09-19T11:20:27	306	313	310	275
2021-09-19T11:20:57	308	313	310	276
2021-09-19T11:21:27	308	314	310	277
2021-09-19T11:21:57	310	315	314	278
2021-09-19T11:22:27	312	317	313	279
2021-09-19T11:22:57	313	317	314	280
2021-09-19T11:23:27	313	318	315	281
2021-09-19T11:23:57	313	319	316	282
2021-09-19T11:24:27	315	320	318	283
2021-09-19T11:24:57	316	321	318	284
2021-09-19T11:25:27	315	321	318	285
2021-09-19T11:25:57	318	322	319	287
2021-09-19T11:26:27	318	323	322	287
2021-09-19T11:26:57	320	324	322	288
2021-09-19T11:27:27	320	324	324	290
2021-09-19T11:27:57	321	326	325	290
2021-09-19T11:28:27	324	327	326	292
2021-09-19T11:28:57	323	327	325	292
2021-09-19T11:29:27	324	329	327	293
2021-09-19T11:29:57	324	328	326	294
2021-09-19T11:30:27	328	330	330	295
2021-09-19T11:30:57	326	331	329	296
2021-09-19T11:31:27	328	332	331	297
2021-09-19T11:31:57	326	334	331	298
2021-09-19T11:32:27	331	334	331	299
2021-09-19T11:32:57	331	334	334	301
2021-09-19T11:33:27	330	335	333	301
2021-09-19T11:33:57	334	336	337	303
2021-09-19T11:34:27	333	336	336	304
2021-09-19T11:34:57	336	338	340	305
2021-09-19T11:35:27	336	338	339	305
2021-09-19T11:35:57	337	339	337	306
2021-09-19T11:36:27	337	340	342	307
2021-09-19T11:36:57	339	341	339	308
2021-09-19T11:37:27	342	343	344	309
2021-09-19T11:37:57	338	343	342	310
2021-09-19T11:38:27	343	344	344	310
2021-09-19T11:38:57	341	345	346	312
2021-09-19T11:39:27	346	346	345	313
2021-09-19T11:39:57	345	346	346	314
2021-09-19T11:40:27	344	348	348	315
2021-09-19T11:40:57	349	348	350	316
2021-09-19T11:41:27	349	350	349	318
2021-09-19T11:41:57	349	350	351	318
2021-09-19T11:42:27	348	351	351	320
2021-09-19T11:42:57	351	351	353	320
2021-09-19T11:43:27	350	352	352	322
2021-09-19T11:43:57	353	353	355	323
2021-09-19T11:44:27	352	354	355	324
2021-09-19T11:44:57	354	354	358	325
2021-09-19T11:45:27	354	355	358	326
2021-09-19T11:45:57	358	357	359	327
2021-09-19T11:46:27	357	357	359	328
2021-09-19T11:46:57	359	359	361	329
2021-09-19T11:47:27	359	360	363	330
2021-09-19T11:47:57	361	360	363	331
2021-09-19T11:48:27	362	360	363	332
2021-09-19T11:48:57	363	362	366	333
2021-09-19T11:49:27	365	362	366	334
2021-09-19T11:49:57	363	364	367	335
2021-09-19T11:50:27	367	365	369	337
2021-09-19T11:50:57	364	365	367	338
2021-09-19T11:51:27	367	367	370	339
2021-09-19T11:51:57	368	367	371	340
2021-09-19T11:52:27	370	368	372	341
2021-09-19T11:52:57	371	369	373	342
2021-09-19T11:53:27	370	369	372	343
2021-09-19T11:53:57	374	371	376	344
2021-09-19T11:54:27	371	372	376	345
2021-09-19T11:54:57	375	372	376	346
2021-09-19T11:55:27	374	373	376	347
2021-09-19T11:55:57	375	374	379	348
2021-09-19T11:56:27	376	374	380	349
2021-09-19T11:56:57	376	375	380	350
2021-09-19T11:57:27	379	376	382	351
2021-09-19T11:57:57	379	376	383	353
2021-09-19T11:58:27	380	378	383	353
2021-09-19T11:58:57	381	379	383	355
2021-09-19T11:59:27	383	379	385	356
2021-09-19T11:59:57	383	381	387	357
2021-09-19T12:00:27	383	381	385	358
2021-09-19T12:00:57	385	382	388	359
2021-09-19T12:01:27	386	383	390	360
2021-09-19T12:01:57	387	383	391	361
2021-09-19T12:02:27	387	384	392	362
2021-09-19T12:02:57	389	384	392	363
2021-09-19T12:03:27	389	386	394	364
2021-09-19T12:03:57	392	387	395	365
2021-09-19T12:04:27	393	387	396	366
2021-09-19T12:04:57	394	388	395	367
2021-09-19T12:05:27	394	388	398	368
2021-09-19T12:05:57	394	389	398	369
2021-09-19T12:06:27	393	389	397	370
2021-09-19T12:06:57	398	391	400	371
2021-09-19T12:07:27	397	392	402	372
2021-09-19T12:07:57	399	394	402	373
2021-09-19T12:08:27	399	394	401	374
2021-09-19T12:08:57	402	395	405	375
2021-09-19T12:09:27	400	395	403	376
2021-09-19T12:09:57	404	397	406	378
2021-09-19T12:10:27	404	396	406	378
2021-09-19T12:10:57	404	398	408	379
2021-09-19T12:11:27	405	397	407	380
2021-09-19T12:11:57	406	398	410	381
2021-09-19T12:12:27	406	400	409	382
2021-09-19T12:12:57	409	401	412	383
2021-09-19T12:13:27	408	402	412	384
2021-09-19T12:13:57	409	402	413	385
2021-09-19T12:14:27	413	403	415	386
2021-09-19T12:14:57	411	405	413	387
2021-09-19T12:15:27	413	406	415	388
2021-09-19T12:15:57	416	407	418	389
2021-09-19T12:16:27	415	407	418	391
2021-09-19T12:16:57	416	408	418	391
2021-09-19T12:17:27	419	409	421	392
2021-09-19T12:17:57	418	410	420	393
2021-09-19T12:18:27	420	410	423	394
2021-09-19T12:18:57	422	412	424	396
2021-09-19T12:19:27	422	412	424	397
2021-09-19T12:19:57	421	413	424	397
2021-09-19T12:20:27	426	413	425	398
2021-09-19T12:20:57	422	414	426	399
2021-09-19T12:21:27	427	415	427	400
2021-09-19T12:21:57	425	417	429	401
2021-09-19T12:22:27	428	418	431	403
2021-09-19T12:22:57	428	418	430	403
2021-09-19T12:23:27	430	420	432	405
2021-09-19T12:23:57	430	420	432	406
2021-09-19T12:24:27	432	421	434	407
2021-09-19T12:24:57	431	421	434	408
2021-09-19T12:25:27	433	423	436	409
2021-09-19T12:25:57	435	423	437	410
2021-09-19T12:26:27	435	424	437	411
2021-09-19T12:26:57	436	425	438	412
2021-09-19T12:27:27	436	426	439	414
2021-09-19T12:27:57	439	427	442	415
2021-09-19T12:28:27	437	427	440	415
2021-09-19T12:28:57	440	429	443	417
2021-09-19T12:29:27	441	429	442	417
2021-09-19T12:29:57	440	430	443	418
2021-09-19T12:30:27	444	431	446	419
2021-09-19T12:30:57	442	431	444	420
2021-09-19T12:31:27	445	433	449	421
2021-09-19T12:31:57	444	433	447	423
2021-09-19T12:32:27	447	435	450	424
2021-09-19T12:32:57	449	436	451	424
2021-09-19T12:33:27	448	436	451	426
2021-09-19T12:33:57	450	437	452	427
2021-09-19T12:34:27	451	438	453	428
2021-09-19T12:34:57	450	439	454	429
2021-09-19T12:35:27	453	440	455	430
2021-09-19T12:35:57	455	441	455	431
2021-09-19T12:36:27	453	441	456	432
2021-09-19T12:36:57	456	442	458	433
2021-09-19T12:37:27	456	444	460	434
2021-09-19T12:37:57	456	444	461	435
2021-09-19T12:38:27	460	445	462	436
2021-09-19T12:38:57	458	447	462	437
2021-09-19T12:39:27	461	446	462	438
2021-09-19T12:39:57	462	448	464	439
2021-09-19T12:40:27	463	448	465	440
2021-09-19T12:40:57	462	449	465	441
2021-09-19T12:41:27	464	451	467	442
2021-09-19T12:41:57	465	451	467	443
2021-09-19T12:42:27	466	452	470	443
2021-09-19T12:42:57	468	453	470	445
2021-09-19T12:43:27	465	454	470	446
2021-09-19T12:43:57	469	455	472	447
2021-09-19T12:44:27	470	455	473	448
2021-09-19T12:44:57	468	456	474	449
2021-09-19T12:45:27	472	458	474	450
2021-09-19T12:45:57	474	459	477	451
2021-09-19T12:46:27	474	460	477	453
2021-09-19T12:46:57	474	461	477	454
2021-09-19T12:47:27	475	462	479	455
2021-09-19T12:47:57	477	463	478	455
2021-09-19T12:48:27	478	464	481	457
2021-09-19T12:48:57	479	464	481	458
2021-09-19T12:49:27	479	466	483	459
2021-09-19T12:49:57	481	466	482	460
2021-09-19T12:50:27	482	467	484	461
2021-09-19T12:50:57	483	468	485	461
2021-09-19T12:51:27	484	469	486	463
2021-09-19T12:51:57	486	470	486	464
2021-09-19T12:52:27	483	471	487	465
2021-09-19T12:52:57	488	471	489	466
2021-09-19T12:53:27	486	472	489	467
2021-09-19T12:53:57	490	473	491	469
2021-09-19T12:54:27	490	474	493	470
2021-09-19T12:54:57	491	474	492	470
2021-09-19T12:55:27	491	476	494	471
2021-09-19T12:55:57	494	476	495	472
2021-09-19T12:56:27	494	477	495	473
2021-09-19T12:56:57	497	478	498	474
2021-09-19T12:57:27	496	478	496	474
2021-09-19T12:57:57	497	480	498	475
2021-09-19T12:58:27	495	480	500	477
2021-09-19T12:58:57	499	481	500	478
2021-09-19T12:59:27	500	481	502	479
2021-09-19T12:59:57	498	483	504	480
2021-09-19T13:00:27	500	484	505	482
2021-09-19T13:00:57	501	485	505	483
2021-09-19T13:01:27	502	485	505	484
2021-09-19T13:01:57	504	486	506	484
2021-09-19T13:02:27	506	487	508	485
2021-09-19T13:02:57	504	487	509	486
2021-09-19T13:03:27	506	489	511	486
2021-09-19T13:03:57	509	490	509	488
2021-09-19T13:04:27	510	490	510	489
2021-09-19T13:04:57	509	491	511	490
2021-09-19T13:05:27	511	492	514	491
2021-09-19T13:05:57	513	493	513	492
2021-09-19T13:06:27	511	494	515	494
2021-09-19T13:06:57	513	496	517	494
2021-09-19T13:07:27	515	496	518	495
2021-09-19T13:07:57	515	497	517	497
2021-09-19T13:08:27	517	498	520	498
2021-09-19T13:08:57	517	498	519	498
2021-09-19T13:09:27	518	499	522	500
2021-09-19T13:09:57	518	500	522	500
2021-09-19T13:10:27	522	500	523	502
2021-09-19T13:10:57	519	502	525	502
2021-09-19T13:11:27	522	503	526	504
2021-09-19T13:11:57	524	503	526	504
2021-09-19T13:12:27	524	504	528	506
2021-09-19T13:12:57	525	504	527	507
2021-09-19T13:13:27	527	506	529	508
2021-09-19T13:13:57	528	507	530	509
2021-09-19T13:14:27	527	508	530	509
2021-09-19T13:14:57	529	508	531	511
2021-09-19T13:15:27	529	509	534	512
2021-09-19T13:15:57	531	510	534	513
2021-09-19T13:16:27	531	511	536	514
2021-09-19T13:16:57	532	512	535	515
2021-09-19T13:17:27	534	513	537	515
2021-09-19T13:17:57	535	513	536	517
2021-09-19T13:18:27	535	514	539	518
2021-09-19T13:18:57	536	515	538	519
2021-09-19T13:19:27	539	516	541	520
2021-09-19T13:19:57	539	516	540	521
2021-09-19T13:20:27	539	517	542	522
2021-09-19T13:20:57	540	518	543	524
2021-09-19T13:21:27	543	519	545	525
2021-09-19T13:21:57	543	521	547	526
2021-09-19T13:22:27	543	521	544	527
2021-09-19T13:22:57	545	521	546	527
2021-09-19T13:23:27	545	522	549	529
2021-09-19T13:23:57	547	523	548	530
2021-09-19T13:24:27	549	524	550	531
2021-09-19T13:24:57	549	525	552	532
2021-09-19T13:25:27	549	526	552	533
2021-09-19T13:25:57	550	528	554	534
2021-09-19T13:26:27	550	527	553	535
2021-09-19T13:26:57	553	529	556	536
2021-09-19T13:27:27	554	530	557	537
2021-09-19T13:27:57	555	530	557	539
2021-09-19T13:28:27	555	531	558	539
2021-09-19T13:28:57	556	532	558	539
2021-09-19T13:29:27	557	532	559	541
2021-09-19T13:29:57	559	533	561	543
2021-09-19T13:30:27	559	534	561	544
2021-09-19T13:30:57	559	535	563	544
2021-09-19T13:31:27	561	536	565	546
2021-09-19T13:31:57	562	537	564	547
2021-09-19T13:32:27	563	538	566	548
2021-09-19T13:32:57	563	538	566	549
2021-09-19T13:33:27	566	540	568	550
2021-09-19T13:33:57	566	541	569	551
2021-09-19T13:34:27	568	540	568	552
2021-09-19T13:34:57	567	542	571	553
2021-09-19T13:35:27	568	543	570	554
2021-09-19T13:35:57	569	544	571	555
2021-09-19T13:36:27	571	545	573	556
2021-09-19T13:36:57	570	546	575	557
2021-09-19T13:37:27	572	546	575	559
2021-09-19T13:37:57	574	548	577	559
2021-09-19T13:38:27	577	548	579	560
2021-09-19T13:38:57	573	549	578	562
2021-09-19T13:39:27	577	550	580	563
2021-09-19T13:39:57	578	551	579	564
2021-09-19T13:40:27	579	552	580	565
2021-09-19T13:40:57	580	553	583	566
2021-09-19T13:41:27	581	553	582	567
2021-09-19T13:41:57	582	554	583	568
2021-09-19T13:42:27	582	555	586	569
2021-09-19T13:42:57	584	556	585	570
2021-09-19T13:43:27	585	557	586	571
2021-09-19T13:43:57	586	558	589	572
2021-09-19T13:44:27	585	559	587	574
2021-09-19T13:44:57	586	560	589	574
2021-09-19T13:45:27	589	560	591	575
2021-09-19T13:45:57	590	562	591	576
2021-09-19T13:46:27	591	562	592	577
2021-09-19T13:46:57	593	564	594	579
2021-09-19T13:47:27	591	564	594	579
2021-09-19T13:47:57	593	565	595	581
2021-09-19T13:48:27	595	567	598	582
2021-09-19T13:48:57	596	567	597	583
2021-09-19T13:49:27	596	568	599	584
2021-09-19T13:49:57	599	570	601	586
2021-09-19T13:50:27	597	570	599	586
2021-09-19T13:50:57	598	571	602	587
2021-09-19T13:51:27	602	572	603	588
2021-09-19T13:51:57	601	572	603	589
2021-09-19T13:52:27	603	573	605	590
2021-09-19T13:52:57	603	574	605	591
2021-09-19T13:53:27	604	575	607	592
2021-09-19T13:53:57	604	576	607	594
2021-09-19T13:54:27	605	577	609	595
2021-09-19T13:54:57	606	578	609	596
2021-09-19T13:55:27	608	579	611	596
2021-09-19T13:55:57	608	580	612	598
2021-09-19T13:56:27	609	580	611	599
2021-09-19T13:56:57	610	581	614	600
2021-09-19T13:57:27	611	582	614	601
2021-09-19T13:57:57	611	583	616	602
2021-09-19T13:58:27	612	584	615	603
2021-09-19T13:58:57	614	585	617	604
2021-09-19T13:59:27	616	586	619	606
2021-09-19T13:59:57	615	587	619	607
2021-09-19T14:00:27	616	588	621	608
2021-09-19T14:00:57	617	589	620	608
2021-09-19T14:01:27	621	589	622	609
2021-09-19T14:01:57	621	591	624	611
2021-09-19T14:02:27	621	592	624	612
2021-09-19T14:02:57	622	592	623	612
2021-09-19T14:03:27	624	593	626	614
2021-09-19T14:03:57	623	594	627	615
2021-09-19T14:04:27	625	595	627	616
2021-09-19T14:04:57	626	595	629	617
2021-09-19T14:05:27	627	597	630	619
2021-09-19T14:05:57	629	598	631	619
2021-09-19T14:06:27	630	598	632	620
2021-09-19T14:06:57	631	600	633	622
2021-09-19T14:07:27	632	602	634	622
2021-09-19T14:07:57	632	602	635	623
2021-09-19T14:08:27	633	603	636	624
2021-09-19T14:08:57	635	603	637	626
2021-09-19T14:09:27	636	603	636	626
2021-09-19T14:09:57	635	605	639	627
2021-09-19T14:10:27	636	607	639	628
2021-09-19T14:10:57	639	608	640	629
2021-09-19T14:11:27	640	608	640	630
2021-09-19T14:11:57	639	609	641	632
2021-09-19T14:12:27	641	610	643	632
2021-09-19T14:12:57	642	612	645	634
2021-09-19T14:13:27	641	613	646	635
2021-09-19T14:13:57	644	614	646	636
2021-09-19T14:14:27	644	614	647	637
2021-09-19T14:14:57	646	615	649	638
2021-09-19T14:15:27	646	617	650	639
2021-09-19T14:15:57	647	617	649	640
2021-09-19T14:16:27	648	618	651	641
2021-09-19T14:16:57	650	619	652	642
2021-09-19T14:17:27	649	620	654	643
2021-09-19T14:17:57	651	621	653	644
2021-09-19T14:18:27	651	622	654	645
2021-09-19T14:18:57	653	623	655	646
2021-09-19T14:19:27	653	624	658	647
2021-09-19T14:19:57	655	625	658	648
2021-09-19T14:20:27	656	626	660	650
2021-09-19T14:20:57	658	627	661	650
2021-09-19T14:21:27	658	628	662	651
2021-09-19T14:21:57	661	629	662	652
2021-09-19T14:22:27	662	630	663	653
2021-09-19T14:22:57	662	631	664	654
2021-09-19T14:23:27	661	632	665	655
2021-09-19T14:23:57	664	633	666	657
2021-09-19T14:24:27	664	633	665	657
2021-09-19T14:24:57	664	634	667	658
2021-09-19T14:25:27	667	635	668	659
2021-09-19T14:25:57	668	636	669	660
2021-09-19T14:26:27	669	637	671	661
2021-09-19T14:26:57	670	638	671	663
2021-09-19T14:27:27	670	639	672	664
2021-09-19T14:27:57	671	640	673	665
2021-09-19T14:28:27	671	641	674	666
2021-09-19T14:28:57	674	642	675	666
2021-09-19T14:29:27	675	643	677	668
2021-09-19T14:29:57	675	644	677	669
2021-09-19T14:30:27	676	645	678	670
2021-09-19T14:30:57	678	646	679	671
2021-09-19T14:31:27	680	648	681	672
2021-09-19T14:31:57	680	648	681	672
2021-09-19T14:32:27	679	649	682	673
2021-09-19T14:32:57	682	650	683	675
2021-09-19T14:33:27	683	651	684	675
2021-09-19T14:33:57	683	652	684	677
2021-09-19T14:34:27	682	653	686	678
2021-09-19T14:34:57	684	654	686	679
2021-09-19T14:35:27	685	655	687	679
2021-09-19T14:35:57	687	655	689	681
2021-09-19T14:36:27	688	656	691	682
2021-09-19T14:36:57	689	657	691	682
2021-09-19T14:37:27	691	658	691	683
2021-09-19T14:37:57	691	659	692	685
2021-09-19T14:38:27	690	660	694	685
2021-09-19T14:38:57	693	661	694	686
2021-09-19T14:39:27	692	662	695	688
2021-09-19T14:39:57	696	663	697	689
2021-09-19T14:40:27	696	664	697	689
2021-09-19T14:40:57	697	664	698	691
2021-09-19T14:41:27	698	665	699	691
2021-09-19T14:41:57	697	666	700	692
2021-09-19T14:42:27	700	667	700	693
2021-09-19T14:42:57	700	668	702	694
2021-09-19T14:43:27	702	669	702	695
2021-09-19T14:43:57	701	670	704	696
2021-09-19T14:44:27	703	671	704	697
2021-09-19T14:44:57	704	672	706	698
2021-09-19T14:45:27	706	673	706	699
2021-09-19T14:45:57	706	673	707	700
2021-09-19T14:46:27	706	674	708	701
2021-09-19T14:46:57	709	676	709	702
2021-09-19T14:47:27	709	677	709	703
2021-09-19T14:47:57	708	677	710	704
2021-09-19T14:48:27	710	678	712	705
2021-09-19T14:48:57	711	679	712	706
2021-09-19T14:49:27	713	680	713	706
2021-09-19T14:49:57	712	681	714	708
2021-09-19T14:50:27	713	681	714	709
2021-09-19T14:50:57	716	682	715	709
2021-09-19T14:51:27	715	683	717	711
2021-09-19T14:51:57	717	684	717	712
2021-09-19T14:52:27	717	685	718	713
2021-09-19T14:52:57	720	686	719	713
2021-09-19T14:53:27	719	687	720	715
2021-09-19T14:53:57	720	688	721	716
2021-09-19T14:54:27	722	689	721	717
2021-09-19T14:54:57	723	690	722	718
2021-09-19T14:55:27	724	690	723	719
2021-09-19T14:55:57	724	691	724	719
2021-09-19T14:56:27	725	692	725	720
2021-09-19T14:56:57	728	693	726	721
2021-09-19T14:57:27	728	694	726	722
2021-09-19T14:57:57	728	695	728	723
2021-09-19T14:58:27	731	696	728	724
2021-09-19T14:58:57	732	697	730	725
2021-09-19T14:59:27	733	697	730	726
2021-09-19T14:59:57	734	698	731	727
2021-09-19T15:00:27	735	699	732	728
2021-09-19T15:00:57	736	700	732	729
2021-09-19T15:01:27	736	701	733	730
2021-09-19T15:01:57	737	701	734	731
2021-09-19T15:02:27	739	703	736	732
2021-09-19T15:02:57	740	704	736	733
2021-09-19T15:03:27	739	704	737	734
2021-09-19T15:03:57	742	705	738	735
2021-09-19T15:04:27	741	706	739	736
2021-09-19T15:04:57	744	707	739	737
2021-09-19T15:05:27	743	708	740	738
2021-09-19T15:05:57	744	709	741	739
2021-09-19T15:06:27	746	710	742	739
2021-09-19T15:06:57	745	710	742	740
2021-09-19T15:07:27	747	711	743	742
2021-09-19T15:07:57	748	712	745	742
2021-09-19T15:08:27	750	713	745	743
2021-09-19T15:08:57	749	714	746	744
2021-09-19T15:09:27	751	715	747	745
2021-09-19T15:09:57	753	716	747	746
2021-09-19T15:10:27	752	716	749	747
2021-09-19T15:10:57	755	717	750	748
2021-09-19T15:11:27	756	718	750	749
2021-09-19T15:11:57	757	719	751	750
2021-09-19T15:12:27	755	720	751	751
2021-09-19T15:12:57	757	721	753	752
2021-09-19T15:13:27	757	722	753	753
2021-09-19T15:13:57	761	722	754	754
2021-09-19T15:14:27	762	723	755	755
2021-09-19T15:14:57	761	725	756	756
2021-09-19T15:15:27	761	725	758	757
2021-09-19T15:15:57	765	726	758	757
2021-09-19T15:16:27	764	727	759	759
2021-09-19T15:16:57	765	728	760	759
2021-09-19T15:17:27	768	729	761	760
2021-09-19T15:17:57	769	729	762	761
2021-09-19T15:18:27	770	730	763	762
2021-09-19T15:18:57	770	731	763	763
2021-09-19T15:19:27	771	732	764	764
2021-09-19T15:19:57	773	733	765	765
2021-09-19T15:20:27	774	733	765	766
2021-09-19T15:20:57	775	735	766	767
2021-09-19T15:21:27	776	735	767	768
2021-09-19T15:21:57	776	736	767	768
2021-09-19T15:22:27	776	737	768	769
2021-09-19T15:22:57	777	738	769	770
2021-09-19T15:23:27	780	739	770	770
2021-09-19T15:23:57	780	739	770	771
2021-09-19T15:24:27	781	740	771	772
2021-09-19T15:24:57	782	742	771	774
2021-09-19T15:25:27	784	743	772	775
2021-09-19T15:25:57	782	744	773	775
2021-09-19T15:26:27	783	744	774	776
2021-09-19T15:26:57	786	745	774	776
2021-09-19T15:27:27	786	746	775	778
2021-09-19T15:27:57	786	747	776	779
2021-09-19T15:28:27	787	748	777	779
2021-09-19T15:28:57	789	749	777	780
2021-09-19T15:29:27	790	750	778	781
2021-09-19T15:29:57	790	750	778	783
2021-09-19T15:30:27	790	751	780	784
2021-09-19T15:30:57	795	752	780	783
2021-09-19T15:31:27	794	753	781	785
2021-09-19T15:31:57	793	753	782	786
2021-09-19T15:32:27	796	754	782	786
2021-09-19T15:32:57	796	755	783	787
2021-09-19T15:33:27	796	756	784	787
2021-09-19T15:33:57	797	757	785	789
2021-09-19T15:34:27	801	757	785	790
2021-09-19T15:34:57	800	758	786	791
2021-09-19T15:35:27	802	759	787	792
2021-09-19T15:35:57	802	760	787	793
2021-09-19T15:36:27	802	761	788	794
2021-09-19T15:36:57	806	762	789	794
2021-09-19T15:37:27	806	762	790	795
2021-09-19T15:37:57	806	763	790	796
2021-09-19T15:38:27	808	764	791	797
2021-09-19T15:38:57	808	764	792	798
2021-09-19T15:39:27	811	765	792	798
2021-09-19T15:39:57	808	766	793	799
2021-09-19T15:40:27	812	766	794	800
2021-09-19T15:40:57	812	767	795	801
2021-09-19T15:41:27	814	768	796	802
2021-09-19T15:41:57	813	769	796	803
2021-09-19T15:42:27	816	769	797	804
2021-09-19T15:42:57	816	770	798	805
2021-09-19T15:43:27	818	771	798	806
2021-09-19T15:43:57	817	771	799	807
2021-09-19T15:44:27	820	772	800	807
2021-09-19T15:44:57	819	773	801	809
2021-09-19T15:45:27	822	774	802	810
2021-09-19T15:45:57	821	774	803	810
2021-09-19T15:46:27	824	775	803	811
2021-09-19T15:46:57	823	776	805	812
2021-09-19T15:47:27	825	776	806	813
2021-09-19T15:47:57	824	777	807	814
2021-09-19T15:48:27	826	778	808	815
2021-09-19T15:48:57	828	778	809	816
2021-09-19T15:49:27	828	779	809	817
2021-09-19T15:49:57	830	780	810	818
2021-09-19T15:50:27	830	780	811	820
2021-09-19T15:50:57	831	781	812	821
2021-09-19T15:51:27	833	782	813	821
2021-09-19T15:51:57	835	783	813	822
2021-09-19T15:52:27	833	783	814	823
2021-09-19T15:52:57	836	784	816	824
2021-09-19T15:53:27	835	785	816	825
2021-09-19T15:53:57	838	786	817	826
2021-09-19T15:54:27	838	786	818	827
2021-09-19T15:54:57	840	787	819	828
2021-09-19T15:55:27	839	788	819	830
2021-09-19T15:55:57	841	788	820	830
2021-09-19T15:56:27	843	789	821	832
2021-09-19T15:56:57	844	790	822	832
2021-09-19T15:57:27	843	791	824	834
2021-09-19T15:57:57	846	791	824	834
2021-09-19T15:58:27	846	792	825	835
2021-09-19T15:58:57	848	793	826	837
2021-09-19T15:59:27	848	794	827	837
2021-09-19T15:59:57	849	794	828	838
2021-09-19T16:00:27	851	795	828	840
2021-09-19T16:00:57	850	796	830	841
2021-09-19T16:01:27	853	797	831	841
2021-09-19T16:01:57	853	798	831	842
2021-09-19T16:02:27	856	798	832	844
2021-09-19T16:02:57	855	799	833	845
2021-09-19T16:03:27	854	800	834	846
2021-09-19T16:03:57	858	801	834	847
2021-09-19T16:04:27	856	801	836	848
2021-09-19T16:04:57	860	802	837	849
2021-09-19T16:05:27	859	803	838	850
2021-09-19T16:05:57	862	804	839	851
2021-09-19T16:06:27	861	804	839	852
2021-09-19T16:06:57	863	805	840	853
2021-09-19T16:07:27	863	806	841	855
2021-09-19T16:07:57	865	807	842	855
2021-09-19T16:08:27	867	808	843	855
2021-09-19T16:08:57	865	809	844	857
2021-09-19T16:09:27	866	810	844	859
2021-09-19T16:09:57	869	810	846	859
2021-09-19T16:10:27	868	811	846	860
2021-09-19T16:10:57	871	812	848	860
2021-09-19T16:11:27	872	813	850	862
2021-09-19T16:11:57	873	814	851	863
2021-09-19T16:12:27	872	815	852	864
2021-09-19T16:12:57	875	815	853	865
2021-09-19T16:13:27	876	817	854	866
2021-09-19T16:13:57	876	817	854	867
2021-09-19T16:14:27	877	818	855	867
2021-09-19T16:14:57	878	819	857	868
2021-09-19T16:15:27	881	820	858	870
2021-09-19T16:15:57	880	821	858	871
2021-09-19T16:16:27	882	822	859	872
2021-09-19T16:16:57	882	822	860	872
2021-09-19T16:17:27	885	823	861	874
2021-09-19T16:17:57	884	824	862	875
2021-09-19T16:18:27	886	825	863	876
2021-09-19T16:18:57	885	826	864	876
2021-09-19T16:19:27	889	828	865	878
2021-09-19T16:19:57	889	829	866	879
2021-09-19T16:20:27	889	830	867	879
2021-09-19T16:20:57	890	831	868	880
2021-09-19T16:21:27	891	832	869	882
2021-09-19T16:21:57	890	833	870	882
2021-09-19T16:22:27	893	834	871	884
2021-09-19T16:22:57	892	835	872	885
2021-09-19T16:23:27	894	835	873	885
2021-09-19T16:23:57	897	837	874	886
2021-09-19T16:24:27	898	838	875	888
2021-09-19T16:24:57	900	838	875	889
2021-09-19T16:25:27	898	839	877	890
2021-09-19T16:25:57	899	840	878	891
2021-09-19T16:26:27	900	841	879	892
2021-09-19T16:26:57	902	842	880	893
2021-09-19T16:27:27	903	843	881	895
2021-09-19T16:27:57	904	844	882	895
2021-09-19T16:28:27	903	845	883	897
2021-09-19T16:28:57	905	846	884	897
2021-09-19T16:29:27	906	847	885	898
2021-09-19T16:29:57	909	848	886	900
2021-09-19T16:30:27	908	849	887	901
2021-09-19T16:30:57	908	850	888	902
2021-09-19T16:31:27	908	851	889	902
2021-09-19T16:31:57	908	852	890	903
2021-09-19T16:32:27	910	853	891	902
2021-09-19T16:32:57	909	854	892	904
2021-09-19T16:33:27	908	855	893	904
2021-09-19T16:33:57	909	856	894	905
2021-09-19T16:34:27	910	857	895	905
2021-09-19T16:34:57	909	858	896	906
2021-09-19T16:35:27	908	859	897	906
2021-09-19T16:35:57	908	860	898	907
2021-09-19T16:36:27	909	861	899	908
2021-09-19T16:36:57	909	862	900	907
2021-09-19T16:37:27	910	863	901	908
2021-09-19T16:37:57	909	864	902	908
2021-09-19T16:38:27	909	865	903	908
2021-09-19T16:38:57	910	866	904	909
2021-09-19T16:39:27	910	867	905	910
2021-09-19T16:39:57	910	868	906	909
2021-09-19T16:40:27	910	869	907	911
2021-09-19T16:40:57	909	869	908	911
2021-09-19T16:41:27	910	870	909	911
2021-09-19T16:41:57	909	871	909	911
2021-09-19T16:42:27	910	872	910	912
2021-09-19T16:42:57	910	873	911	912
2021-09-19T16:43:27	910	874	912	913
2021-09-19T16:43:57	909	875	911	913
2021-09-19T16:44:27	909	875	911	913
2021-09-19T16:44:57	908	876	911	914
2021-09-19T16:45:27	909	876	911	913
2021-09-19T16:45:57	910	877	912	913
2021-09-19T16:46:27	909	877	912	914
2021-09-19T16:46:57	910	878	912	914
2021-09-19T16:47:27	910	879	912	914
2021-09-19T16:47:57	909	879	913	914
2021-09-19T16:48:27	910	880	912	915
2021-09-19T16:48:57	911	880	912	914
2021-09-19T16:49:27	909	881	912	915
2021-09-19T16:49:57	909	881	911	915
2021-09-19T16:50:27	908	882	912	915
2021-09-19T16:50:57	910	882	911	915
2021-09-19T16:51:27	909	883	912	915
2021-09-19T16:51:57	910	884	912	915
2021-09-19T16:52:27	911	884	911	915
2021-09-19T16:52:57	908	885	911	916
2021-09-19T16:53:27	909	885	912	916
2021-09-19T16:53:57	908	886	913	916
2021-09-19T16:54:27	911	886	913	916
2021-09-19T16:54:57	909	887	912	915
2021-09-19T16:55:27	909	887	911	915
2021-09-19T16:55:57	909	888	912	916
2021-09-19T16:56:27	911	888	912	917
2021-09-19T16:56:57	910	889	911	916
2021-09-19T16:57:27	909	889	912	915
2021-09-19T16:57:57	909	890	912	917
2021-09-19T16:58:27	909	890	912	916
2021-09-19T16:58:57	911	891	913	916
2021-09-19T16:59:27	909	892	913	916
2021-09-19T16:59:57	909	893	913	916
2021-09-19T17:00:27	911	893	913	916
2021-09-19T17:00:57	909	894	912	916
2021-09-19T17:01:27	909	894	912	916
2021-09-19T17:01:57	910	894	912	916
2021-09-19T17:02:27	908	895	911	916
2021-09-19T17:02:57	909	894	913	916
2021-09-19T17:03:27	911	894	913	916
2021-09-19T17:03:57	909	894	913	916
2021-09-19T17:04:27	909	894	911	917
2021-09-19T17:04:57	911	894	911	916
2021-09-19T17:05:27	909	895	912	917
2021-09-19T17:05:57	910	895	913	917
2021-09-19T17:06:27	909	895	912	917
2021-09-19T17:06:57	910	896	913	917
2021-09-19T17:07:27	909	896	912	916
2021-09-19T17:07:57	910	896	912	917
2021-09-19T17:08:27	908	896	912	916
2021-09-19T17:08:57	909	896	912	917
2021-09-19T17:09:27	910	896	912	917
2021-09-19T17:09:57	909	896	912	917
2021-09-19T17:10:27	910	896	912	917
2021-09-19T17:10:57	909	896	913	917
2021-09-19T17:11:27	911	896	913	917
2021-09-19T17:11:57	910	896	912	917
2021-09-19T17:12:27	911	896	912	917
2021-09-19T17:12:57	909	896	913	917
2021-09-19T17:13:27	911	895	912	917
2021-09-19T17:13:57	910	895	912	917
2021-09-19T17:14:27	909	895	912	917
2021-09-19T17:14:57	910	895	913	917
2021-09-19T17:15:27	909	896	913	917
2021-09-19T17:15:57	912	896	913	917
2021-09-19T17:16:27	910	895	913	917
2021-09-19T17:16:57	909	895	912	917
2021-09-19T17:17:27	911	895	913	917
2021-09-19T17:17:57	909	896	911	917
2021-09-19T17:18:27	911	896	912	916
2021-09-19T17:18:57	910	896	913	917
2021-09-19T17:19:27	909	896	912	917
2021-09-19T17:19:57	911	896	912	917
2021-09-19T17:20:27	910	896	912	917
2021-09-19T17:20:57	909	896	912	917
2021-09-19T17:21:27	909	896	912	917
2021-09-19T17:21:57	911	896	912	917
2021-09-19T17:22:27	909	897	912	917
2021-09-19T17:22:57	909	897	912	916
2021-09-19T17:23:27	910	897	913	917
2021-09-19T17:23:57	909	897	912	917
2021-09-19T17:24:27	909	897	913	917
2021-09-19T17:24:57	911	897	912	917
2021-09-19T17:25:27	910	897	912	917
2021-09-19T17:25:57	909	897	913	917
2021-09-19T17:26:27	910	897	912	917
2021-09-19T17:26:57	910	898	913	916
2021-09-19T17:27:27	909	897	912	916
2021-09-19T17:27:57	909	898	913	917
2021-09-19T17:28:27	911	897	912	917
2021-09-19T17:28:57	910	898	912	917
2021-09-19T17:29:27	910	898	913	916
2021-09-19T17:29:57	909	898	912	917
2021-09-19T17:30:27	911	898	913	916
2021-09-19T17:30:57	909	898	911	916
2021-09-19T17:31:27	909	898	913	916
2021-09-19T17:31:57	909	898	912	916
2021-09-19T17:32:27	911	899	913	916
2021-09-19T17:32:57	910	898	912	916
2021-09-19T17:33:27	909	899	913	916
2021-09-19T17:33:57	909	898	913	916
2021-09-19T17:34:27	909	899	912	916
2021-09-19T17:34:57	911	900	913	916
2021-09-19T17:35:27	910	900	912	916
2021-09-19T17:35:57	910	900	913	916
2021-09-19T17:36:27	910	900	912	917
2021-09-19T17:36:57	910	900	913	916
2021-09-19T17:37:27	911	900	912	916
2021-09-19T17:37:57	911	900	913	916
2021-09-19T17:38:27	910	901	912	916
2021-09-19T17:38:57	909	901	913	916
2021-09-19T17:39:27	910	901	912	917
2021-09-19T17:39:57	909	900	911	916
2021-09-19T17:40:27	910	901	912	916
2021-09-19T17:40:57	909	901	913	916
2021-09-19T17:41:27	911	901	912	916
2021-09-19T17:41:57	909	901	912	916
2021-09-19T17:42:27	911	902	913	916
2021-09-19T17:42:57	910	901	912	916
2021-09-19T17:43:27	910	901	913	916
2021-09-19T17:43:57	909	902	912	916
2021-09-19T17:44:27	910	901	912	916
2021-09-19T17:44:57	909	902	913	916
2021-09-19T17:45:27	910	901	912	916
2021-09-19T17:45:57	910	902	913	916
2021-09-19T17:46:27	908	902	912	916
2021-09-19T17:46:57	910	902	913	916
2021-09-19T17:47:27	910	902	912	916
2021-09-19T17:47:57	910	902	912	916
2021-09-19T17:48:27	909	902	914	915
2021-09-19T17:48:57	910	902	912	916
2021-09-19T17:49:27	909	902	913	916
2021-09-19T17:49:57	910	903	912	916
2021-09-19T17:50:27	909	902	912	916
2021-09-19T17:50:57	910	903	913	916
2021-09-19T17:51:27	910	903	912	916
2021-09-19T17:51:57	910	903	914	916
2021-09-19T17:52:27	910	903	913	916
2021-09-19T17:52:57	909	903	912	916
2021-09-19T17:53:27	910	903	912	916
2021-09-19T17:53:57	909	902	912	916
2021-09-19T17:54:27	909	902	912	916
2021-09-19T17:54:57	910	902	913	916
2021-09-19T17:55:27	910	902	913	916
2021-09-19T17:55:57	910	902	912	916
2021-09-19T17:56:27	909	902	912	916
2021-09-19T17:56:57	910	902	912	916
2021-09-19T17:57:27	910	903	913	916
2021-09-19T17:57:57	910	903	912	916
2021-09-19T17:58:27	910	902	912	916
2021-09-19T17:58:57	910	902	912	916
2021-09-19T17:59:27	910	902	913	916
2021-09-19T17:59:57	910	903	913	916
2021-09-19T18:00:27	910	903	912	916
2021-09-19T18:00:57	910	902	912	916
2021-09-19T18:01:27	909	902	911	915
2021-09-19T18:01:57	909	901	911	915
2021-09-19T18:02:27	909	901	911	915
2021-09-19T18:02:57	909	902	910	915
2021-09-19T18:03:27	909	902	910	915
2021-09-19T18:03:57	908	901	910	915
2021-09-19T18:04:27	908	901	910	914
2021-09-19T18:04:57	868	882	904	913
2021-09-19T18:05:27	794	807	842	907
2021-09-19T18:05:57	660	720	721	893
2021-09-19T18:06:27	554	609	668	856
2021-09-19T18:06:57	508	552	605	816
2021-09-19T18:07:27	464	497	565	780
2021-09-19T18:07:57	437	460	541	760
2021-09-19T18:08:27	410	442	527	732
2021-09-19T18:08:57	399	420	503	706
2021-09-19T18:09:27	378	400	478	682
2021-09-19T18:09:57	365	383	471	668
2021-09-19T18:10:27	352	371	455	649
