time	T1	T2	T3	T4
2021-09-11T11:12:33	25	27	28	31
2021-09-11T11:13:03	25	27	28	30
2021-09-11T11:13:33	25	26	28	30
2021-09-11T11:14:03	25	26	28	30
2021-09-11T11:14:33	25	26	28	30
2021-09-11T11:15:03	25	26	28	30
2021-09-11T11:15:33	25	26	28	30
2021-09-11T11:16:03	25	26	28	30
2021-09-11T11:16:33	25	26	28	30
2021-09-11T11:17:03	25	26	27	30
2021-09-11T11:17:33	25	26	27	30
2021-09-11T11:18:03	25	26	27	30
2021-09-11T11:18:33	26	26	27	30
2021-09-11T11:19:03	25	26	27	29
2021-09-11T11:19:33	26	26	27	29
2021-09-11T11:20:03	25	27	27	29
2021-09-11T11:20:33	25	26	27	29
2021-09-11T11:21:03	25	26	28	29
2021-09-11T11:21:33	26	26	28	29
2021-09-11T11:22:03	26	27	28	29
2021-09-11T11:22:33	26	27	28	29
2021-09-11T11:23:03	26	26	28	29
2021-09-11T11:23:33	26	27	28	29
2021-09-11T11:24:03	26	26	28	29
2021-09-11T11:24:33	26	26	28	28
2021-09-11T11:25:03	26	26	28	29
2021-09-11T11:25:33	26	26	28	29
2021-09-11T11:26:03	26	26	28	29
2021-09-11T11:26:33	25	26	28	29
2021-09-11T11:27:03	26	27	28	28
2021-09-11T11:27:33	26	27	28	29
2021-09-11T11:28:03	26	27	29	29
2021-09-11T11:28:33	26	27	30	29
2021-09-11T11:29:03	27	28	31	29
2021-09-11T11:29:33	27	29	31	29
2021-09-11T11:30:03	30	30	33	29
2021-09-11T11:30:33	32	32	35	29
2021-09-11T11:31:03	32	34	35	30
2021-09-11T11:31:33	32	35	35	31
2021-09-11T11:32:03	33	35	35	31
2021-09-11T11:32:33	35	37	39	31
2021-09-11T11:33:03	35	39	39	32
2021-09-11T11:33:33	36	40	39	33
2021-09-11T11:34:03	37	40	39	33
2021-09-11T11:34:33	41	42	43	34
2021-09-11T11:35:03	43	45	44	35
2021-09-11T11:35:33	42	45	43	36
2021-09-11T11:36:03	42	45	43	36
2021-09-11T11:36:33	44	46	47	37
2021-09-11T11:37:03	44	48	47	38
2021-09-11T11:37:33	44	48	46	39
2021-09-11T11:38:03	45	49	49	40
2021-09-11T11:38:33	46	51	50	40
2021-09-11T11:39:03	45	51	49	41
2021-09-11T11:39:33	50	52	52	42
2021-09-11T11:40:03	52	54	53	42
2021-09-11T11:40:33	51	55	52	43
2021-09-11T11:41:03	53	55	55	44
2021-09-11T11:41:33	53	57	56	45
2021-09-11T11:42:03	52	57	55	46
2021-09-11T11:42:33	55	59	58	46
2021-09-11T11:43:03	55	60	59	47
2021-09-11T11:43:33	54	60	58	48
2021-09-11T11:44:03	59	62	62	48
2021-09-11T11:44:33	61	64	62	49
2021-09-11T11:45:03	60	64	61	50
2021-09-11T11:45:33	61	64	63	52
2021-09-11T11:46:03	61	66	64	52
2021-09-11T11:46:33	61	66	64	54
2021-09-11T11:47:03	62	68	66	54
2021-09-11T11:47:33	64	69	67	55
2021-09-11T11:48:03	67	70	69	56
2021-09-11T11:48:33	66	70	68	57
2021-09-11T11:49:03	68	72	70	58
2021-09-11T11:49:33	67	72	69	58
2021-09-11T11:50:03	69	73	72	59
2021-09-11T11:50:33	68	74	72	60
2021-09-11T11:51:03	69	75	73	61
2021-09-11T11:51:33	72	76	73	62
2021-09-11T11:52:03	73	78	76	62
2021-09-11T11:52:33	72	78	76	63
2021-09-11T11:53:03	73	80	78	64
2021-09-11T11:53:33	73	80	77	65
2021-09-11T11:54:03	79	81	80	66
2021-09-11T11:54:33	78	83	79	67
2021-09-11T11:55:03	79	84	82	67
2021-09-11T11:55:33	79	85	80	68
2021-09-11T11:56:03	80	86	85	69
2021-09-11T11:56:33	79	86	84	70
2021-09-11T11:57:03	84	87	86	71
2021-09-11T11:57:33	85	88	85	72
2021-09-11T11:58:03	86	90	88	73
2021-09-11T11:58:33	84	90	87	73
2021-09-11T11:59:03	86	92	91	74
2021-09-11T11:59:33	86	93	90	75
2021-09-11T12:00:03	90	93	91	76
2021-09-11T12:00:33	90	94	91	77
2021-09-11T12:01:03	91	96	94	78
2021-09-11T12:01:33	90	96	94	78
2021-09-11T12:02:03	91	96	95	79
2021-09-11T12:02:33	94	98	95	80
2021-09-11T12:03:03	94	98	98	80
2021-09-11T12:03:33	94	100	98	81
2021-09-11T12:04:03	95	100	99	82
2021-09-11T12:04:33	97	101	99	83
2021-09-11T12:05:03	97	101	99	84
2021-09-11T12:05:33	98	103	102	84
2021-09-11T12:06:03	99	103	102	85
2021-09-11T12:06:33	102	106	104	86
2021-09-11T12:07:03	102	106	103	87
2021-09-11T12:07:33	103	107	106	88
2021-09-11T12:08:03	103	108	108	89
2021-09-11T12:08:33	102	109	107	89
2021-09-11T12:09:04	106	110	109	90
2021-09-11T12:09:34	107	111	108	91
2021-09-11T12:10:04	108	113	111	92
2021-09-11T12:10:34	107	113	109	93
2021-09-11T12:11:04	111	114	113	94
2021-09-11T12:11:34	109	114	111	95
2021-09-11T12:12:04	111	116	115	95
2021-09-11T12:12:34	110	117	114	96
2021-09-11T12:13:04	116	118	117	98
2021-09-11T12:13:34	115	118	116	98
2021-09-11T12:14:04	116	120	118	99
2021-09-11T12:14:34	114	120	119	101
2021-09-11T12:15:04	119	123	121	101
2021-09-11T12:15:34	118	123	119	102
2021-09-11T12:16:04	119	124	123	102
2021-09-11T12:16:34	117	124	121	104
2021-09-11T12:17:04	124	126	125	105
2021-09-11T12:17:34	123	127	124	106
2021-09-11T12:18:04	124	128	126	107
2021-09-11T12:18:34	123	128	126	108
2021-09-11T12:19:04	127	131	129	108
2021-09-11T12:19:34	126	131	128	109
2021-09-11T12:20:04	126	131	129	110
2021-09-11T12:20:34	126	132	130	111
2021-09-11T12:21:04	131	132	131	111
2021-09-11T12:21:34	132	135	132	113
2021-09-11T12:22:04	132	135	134	114
2021-09-11T12:22:34	131	137	134	114
2021-09-11T12:23:04	132	138	137	115
2021-09-11T12:23:34	132	138	135	116
2021-09-11T12:24:04	137	140	136	117
2021-09-11T12:24:34	137	141	140	118
2021-09-11T12:25:04	136	142	139	119
2021-09-11T12:25:34	138	143	141	119
2021-09-11T12:26:04	139	143	140	120
2021-09-11T12:26:34	139	144	142	121
2021-09-11T12:27:04	141	145	143	122
2021-09-11T12:27:34	143	146	144	123
2021-09-11T12:28:04	142	147	144	124
2021-09-11T12:28:34	142	148	146	124
2021-09-11T12:29:04	146	150	148	125
2021-09-11T12:29:34	145	149	146	126
2021-09-11T12:30:04	146	151	148	127
2021-09-11T12:30:34	147	152	150	128
2021-09-11T12:31:04	148	152	149	129
2021-09-11T12:31:34	149	153	153	129
2021-09-11T12:32:04	149	154	152	130
2021-09-11T12:32:34	156	156	154	131
2021-09-11T12:33:04	155	156	154	132
2021-09-11T12:33:34	154	157	156	133
2021-09-11T12:34:04	153	158	157	134
2021-09-11T12:34:34	156	159	156	135
2021-09-11T12:35:04	156	160	158	136
2021-09-11T12:35:34	156	161	159	137
2021-09-11T12:36:04	159	163	162	137
2021-09-11T12:36:34	157	162	160	138
2021-09-11T12:37:04	162	164	165	140
2021-09-11T12:37:34	160	165	163	140
2021-09-11T12:38:04	159	166	166	141
2021-09-11T12:38:34	164	167	167	142
2021-09-11T12:39:04	166	167	167	143
2021-09-11T12:39:34	165	168	167	145
2021-09-11T12:40:04	165	169	169	144
2021-09-11T12:40:34	167	170	170	145
2021-09-11T12:41:04	167	170	170	146
2021-09-11T12:41:34	166	171	171	148
2021-09-11T12:42:04	171	173	173	149
2021-09-11T12:42:34	173	174	173	150
2021-09-11T12:43:04	171	176	174	150
2021-09-11T12:43:34	171	176	176	151
2021-09-11T12:44:04	175	177	176	152
2021-09-11T12:44:34	177	178	176	153
2021-09-11T12:45:04	175	179	178	154
2021-09-11T12:45:34	177	180	181	154
2021-09-11T12:46:04	179	181	179	156
2021-09-11T12:46:34	178	181	181	157
2021-09-11T12:47:04	178	181	182	157
2021-09-11T12:47:34	182	184	184	158
2021-09-11T12:48:04	181	184	184	159
2021-09-11T12:48:34	183	186	184	160
2021-09-11T12:49:04	185	187	186	161
2021-09-11T12:49:34	183	186	188	162
2021-09-11T12:50:04	184	188	187	163
2021-09-11T12:50:34	187	190	189	164
2021-09-11T12:51:04	187	191	189	165
2021-09-11T12:51:34	188	192	191	166
2021-09-11T12:52:04	190	192	192	166
2021-09-11T12:52:34	189	193	192	167
2021-09-11T12:53:04	193	195	194	168
2021-09-11T12:53:34	194	195	196	169
2021-09-11T12:54:04	192	196	196	170
2021-09-11T12:54:34	195	197	196	171
2021-09-11T12:55:04	194	198	196	172
2021-09-11T12:55:34	195	198	200	172
2021-09-11T12:56:04	198	200	199	173
2021-09-11T12:56:34	197	202	202	174
2021-09-11T12:57:04	199	201	202	175
2021-09-11T12:57:34	199	202	201	176
2021-09-11T12:58:04	199	204	204	177
2021-09-11T12:58:34	203	206	205	178
2021-09-11T12:59:04	202	206	205	179
2021-09-11T12:59:34	205	208	208	180
2021-09-11T13:00:04	204	208	206	180
2021-09-11T13:00:34	208	210	209	181
2021-09-11T13:01:04	205	210	208	182
2021-09-11T13:01:34	209	211	210	183
2021-09-11T13:02:04	207	211	211	183
2021-09-11T13:02:34	210	213	213	185
2021-09-11T13:03:04	211	214	213	186
2021-09-11T13:03:34	210	216	214	187
2021-09-11T13:04:04	213	217	215	188
2021-09-11T13:04:34	213	217	217	189
2021-09-11T13:05:04	213	218	216	190
2021-09-11T13:05:34	217	220	218	191
2021-09-11T13:06:04	217	220	219	192
2021-09-11T13:06:34	216	221	220	193
2021-09-11T13:07:04	219	222	220	194
2021-09-11T13:07:34	218	222	221	195
2021-09-11T13:08:04	221	224	223	196
2021-09-11T13:08:34	220	225	222	197
2021-09-11T13:09:04	223	227	224	198
2021-09-11T13:09:34	223	228	224	199
2021-09-11T13:10:04	223	228	226	200
2021-09-11T13:10:34	226	229	227	201
2021-09-11T13:11:04	225	229	229	202
2021-09-11T13:11:34	228	231	230	203
2021-09-11T13:12:04	226	232	231	203
2021-09-11T13:12:34	230	234	233	204
2021-09-11T13:13:04	232	235	233	205
2021-09-11T13:13:34	230	236	233	207
2021-09-11T13:14:04	232	238	235	207
2021-09-11T13:14:34	233	238	235	208
2021-09-11T13:15:04	234	239	237	209
2021-09-11T13:15:34	234	240	237	210
2021-09-11T13:16:04	239	242	240	210
2021-09-11T13:16:34	236	243	238	212
2021-09-11T13:17:04	239	244	240	213
2021-09-11T13:17:34	239	245	241	214
2021-09-11T13:18:04	237	246	241	214
2021-09-11T13:18:34	243	246	244	215
2021-09-11T13:19:04	243	247	245	216
2021-09-11T13:19:34	241	248	245	217
2021-09-11T13:20:04	244	249	246	218
2021-09-11T13:20:34	243	250	247	218
2021-09-11T13:21:04	246	251	248	219
2021-09-11T13:21:34	246	252	250	220
2021-09-11T13:22:04	248	253	250	221
2021-09-11T13:22:34	249	254	251	222
2021-09-11T13:23:04	248	255	252	223
2021-09-11T13:23:34	251	256	252	224
2021-09-11T13:24:04	251	256	254	226
2021-09-11T13:24:34	252	258	255	227
2021-09-11T13:25:04	254	260	256	227
2021-09-11T13:25:34	255	259	256	227
2021-09-11T13:26:04	257	260	257	229
2021-09-11T13:26:34	254	261	258	231
2021-09-11T13:27:04	260	262	259	231
2021-09-11T13:27:34	258	263	261	233
2021-09-11T13:28:04	259	264	261	234
2021-09-11T13:28:34	259	264	262	235
2021-09-11T13:29:04	261	265	265	235
2021-09-11T13:29:34	262	266	265	236
2021-09-11T13:30:04	262	267	265	237
2021-09-11T13:30:34	265	268	264	238
2021-09-11T13:31:04	266	268	267	239
2021-09-11T13:31:34	267	270	267	240
2021-09-11T13:32:04	266	271	270	241
2021-09-11T13:32:34	268	273	270	242
2021-09-11T13:33:04	270	274	271	243
2021-09-11T13:33:34	269	274	273	244
2021-09-11T13:34:04	273	275	274	245
2021-09-11T13:34:34	272	275	273	246
2021-09-11T13:35:04	274	276	275	247
2021-09-11T13:35:34	274	276	276	248
2021-09-11T13:36:04	276	278	278	248
2021-09-11T13:36:34	273	278	276	250
2021-09-11T13:37:04	276	280	279	251
2021-09-11T13:37:34	279	281	279	251
2021-09-11T13:38:04	278	282	282	253
2021-09-11T13:38:34	280	282	281	254
2021-09-11T13:39:04	280	285	282	255
2021-09-11T13:39:34	281	285	285	255
2021-09-11T13:40:04	284	286	284	256
2021-09-11T13:40:34	283	287	285	258
2021-09-11T13:41:04	286	288	288	259
2021-09-11T13:41:34	285	287	286	260
2021-09-11T13:42:04	289	289	289	261
2021-09-11T13:42:34	286	290	289	262
2021-09-11T13:43:04	290	291	292	263
2021-09-11T13:43:34	288	292	291	264
2021-09-11T13:44:04	291	294	293	265
2021-09-11T13:44:34	290	294	292	266
2021-09-11T13:45:04	293	295	296	267
2021-09-11T13:45:34	291	295	293	268
2021-09-11T13:46:04	297	296	297	269
2021-09-11T13:46:34	295	297	297	270
2021-09-11T13:47:04	296	299	299	271
2021-09-11T13:47:34	295	300	299	272
2021-09-11T13:48:04	299	301	301	273
2021-09-11T13:48:34	297	300	301	274
2021-09-11T13:49:04	302	301	301	275
2021-09-11T13:49:34	300	302	304	276
2021-09-11T13:50:04	302	304	303	277
2021-09-11T13:50:34	301	305	306	278
2021-09-11T13:51:04	305	307	306	279
2021-09-11T13:51:34	305	307	306	280
2021-09-11T13:52:04	307	308	309	281
2021-09-11T13:52:34	306	309	309	282
2021-09-11T13:53:04	307	309	311	283
2021-09-11T13:53:34	309	309	309	284
2021-09-11T13:54:04	309	310	312	285
2021-09-11T13:54:34	310	311	312	286
2021-09-11T13:55:04	313	312	315	287
2021-09-11T13:55:34	311	313	314	288
2021-09-11T13:56:04	315	314	315	289
2021-09-11T13:56:34	313	315	317	290
2021-09-11T13:57:04	316	315	316	290
2021-09-11T13:57:34	316	317	320	292
2021-09-11T13:58:04	318	318	320	294
2021-09-11T13:58:34	316	318	320	293
2021-09-11T13:59:04	322	319	324	295
2021-09-11T13:59:34	318	319	321	296
2021-09-11T14:00:04	322	321	325	297
2021-09-11T14:00:34	323	321	323	298
2021-09-11T14:01:04	322	322	325	299
2021-09-11T14:01:34	325	324	328	301
2021-09-11T14:02:04	325	325	328	300
2021-09-11T14:02:34	324	325	328	301
2021-09-11T14:03:04	328	326	328	302
2021-09-11T14:03:34	329	328	332	303
2021-09-11T14:04:04	328	328	330	304
2021-09-11T14:04:34	329	328	334	305
2021-09-11T14:05:04	332	328	332	306
2021-09-11T14:05:34	333	329	334	307
2021-09-11T14:06:04	332	329	334	308
2021-09-11T14:06:34	335	331	336	310
2021-09-11T14:07:04	336	333	338	311
2021-09-11T14:07:34	336	334	336	312
2021-09-11T14:08:04	337	335	340	312
2021-09-11T14:08:34	336	335	340	313
2021-09-11T14:09:04	341	336	342	315
2021-09-11T14:09:34	339	337	341	317
2021-09-11T14:10:04	339	338	341	318
2021-09-11T14:10:34	344	339	344	318
2021-09-11T14:11:04	342	340	344	319
2021-09-11T14:11:34	346	341	347	320
2021-09-11T14:12:04	345	343	347	320
2021-09-11T14:12:34	346	343	348	322
2021-09-11T14:13:04	346	343	350	323
2021-09-11T14:13:34	348	344	350	324
2021-09-11T14:14:04	348	346	351	325
2021-09-11T14:14:34	347	346	351	325
2021-09-11T14:15:04	351	348	353	327
2021-09-11T14:15:34	350	349	355	328
2021-09-11T14:16:04	352	349	354	329
2021-09-11T14:16:34	351	350	357	330
2021-09-11T14:17:04	355	350	356	331
2021-09-11T14:17:34	356	352	359	332
2021-09-11T14:18:04	354	352	357	333
2021-09-11T14:18:34	358	353	359	334
2021-09-11T14:19:04	357	354	360	335
2021-09-11T14:19:34	359	355	362	336
2021-09-11T14:20:04	359	355	362	337
2021-09-11T14:20:34	363	357	363	339
2021-09-11T14:21:04	363	359	365	340
2021-09-11T14:21:34	361	360	365	340
2021-09-11T14:22:04	365	360	367	342
2021-09-11T14:22:34	365	361	368	342
2021-09-11T14:23:04	366	362	368	344
2021-09-11T14:23:34	368	363	369	346
2021-09-11T14:24:04	366	364	370	346
2021-09-11T14:24:34	371	364	372	347
2021-09-11T14:25:04	369	364	370	349
2021-09-11T14:25:34	372	366	373	349
2021-09-11T14:26:04	370	367	374	349
2021-09-11T14:26:34	375	368	376	350
2021-09-11T14:27:04	372	368	377	353
2021-09-11T14:27:34	376	370	377	353
2021-09-11T14:28:04	377	370	378	355
2021-09-11T14:28:34	376	373	380	355
2021-09-11T14:29:04	377	372	381	357
2021-09-11T14:29:34	376	373	380	358
2021-09-11T14:30:04	381	374	382	359
2021-09-11T14:30:34	380	375	383	360
2021-09-11T14:31:04	381	377	383	360
2021-09-11T14:31:34	382	378	385	362
2021-09-11T14:32:04	383	378	386	362
2021-09-11T14:32:34	383	378	386	363
2021-09-11T14:33:04	385	379	388	364
2021-09-11T14:33:34	387	380	390	364
2021-09-11T14:34:04	386	381	389	365
2021-09-11T14:34:34	390	382	393	367
2021-09-11T14:35:04	390	382	391	368
2021-09-11T14:35:34	391	384	392	369
2021-09-11T14:36:04	394	385	394	371
2021-09-11T14:36:34	391	385	394	371
2021-09-11T14:37:04	395	387	396	373
2021-09-11T14:37:34	393	386	396	373
2021-09-11T14:38:04	395	388	399	374
2021-09-11T14:38:34	394	389	399	375
2021-09-11T14:39:04	398	391	401	376
2021-09-11T14:39:34	399	390	401	378
2021-09-11T14:40:04	398	392	402	377
2021-09-11T14:40:34	401	393	403	379
2021-09-11T14:41:04	400	394	404	380
2021-09-11T14:41:34	403	394	403	381
2021-09-11T14:42:04	405	395	406	382
2021-09-11T14:42:34	402	396	406	383
2021-09-11T14:43:04	406	399	409	384
2021-09-11T14:43:34	406	400	407	385
2021-09-11T14:44:04	406	401	410	387
2021-09-11T14:44:34	409	401	409	388
2021-09-11T14:45:04	407	403	411	388
2021-09-11T14:45:34	410	404	412	390
2021-09-11T14:46:04	410	405	413	392
2021-09-11T14:46:34	412	406	414	392
2021-09-11T14:47:04	412	406	415	393
2021-09-11T14:47:34	414	407	415	394
2021-09-11T14:48:04	414	409	417	394
2021-09-11T14:48:34	415	409	417	396
2021-09-11T14:49:04	417	410	420	397
2021-09-11T14:49:34	417	411	420	398
2021-09-11T14:50:04	418	412	420	400
2021-09-11T14:50:34	420	413	422	400
2021-09-11T14:51:04	419	414	423	402
2021-09-11T14:51:34	421	415	423	403
2021-09-11T14:52:04	422	415	424	404
2021-09-11T14:52:34	424	416	425	405
2021-09-11T14:53:04	423	417	427	406
2021-09-11T14:53:34	426	418	428	406
2021-09-11T14:54:04	424	419	428	407
2021-09-11T14:54:34	428	420	428	408
2021-09-11T14:55:04	426	421	431	409
2021-09-11T14:55:34	430	422	433	410
2021-09-11T14:56:04	430	423	432	411
2021-09-11T14:56:34	430	424	433	413
2021-09-11T14:57:04	433	424	435	414
2021-09-11T14:57:34	431	425	435	415
2021-09-11T14:58:04	436	426	437	416
2021-09-11T14:58:34	433	427	437	416
2021-09-11T14:59:04	437	429	440	417
2021-09-11T14:59:34	438	428	437	418
2021-09-11T15:00:04	438	429	442	420
2021-09-11T15:00:34	438	430	440	421
2021-09-11T15:01:04	441	431	442	422
2021-09-11T15:01:34	441	432	443	423
2021-09-11T15:02:04	441	433	442	424
2021-09-11T15:02:34	445	434	447	425
2021-09-11T15:03:04	444	434	446	425
2021-09-11T15:03:34	445	436	447	426
2021-09-11T15:04:04	445	436	448	427
2021-09-11T15:04:34	448	437	450	428
2021-09-11T15:05:04	447	438	449	429
2021-09-11T15:05:34	446	439	451	430
2021-09-11T15:06:04	450	439	451	431
2021-09-11T15:06:34	449	440	452	432
2021-09-11T15:07:04	450	441	455	434
2021-09-11T15:07:34	453	442	455	434
2021-09-11T15:08:04	454	442	456	436
2021-09-11T15:08:34	455	443	457	436
2021-09-11T15:09:04	456	445	457	437
2021-09-11T15:09:34	457	446	459	439
2021-09-11T15:10:04	458	446	459	439
2021-09-11T15:10:34	457	447	461	441
2021-09-11T15:11:04	459	448	462	441
2021-09-11T15:11:34	459	449	463	442
2021-09-11T15:12:04	464	449	463	443
2021-09-11T15:12:34	460	451	464	444
2021-09-11T15:13:04	462	451	467	446
2021-09-11T15:13:34	464	453	466	446
2021-09-11T15:14:04	465	453	468	448
2021-09-11T15:14:34	464	454	467	449
2021-09-11T15:15:04	468	455	470	449
2021-09-11T15:15:34	467	456	471	451
2021-09-11T15:16:04	468	457	471	451
2021-09-11T15:16:34	469	458	471	453
2021-09-11T15:17:04	471	458	474	454
2021-09-11T15:17:34	471	459	474	455
2021-09-11T15:18:04	472	460	476	456
2021-09-11T15:18:34	474	461	475	457
2021-09-11T15:19:04	474	462	478	458
2021-09-11T15:19:34	476	463	478	459
2021-09-11T15:20:04	477	464	480	460
2021-09-11T15:20:34	477	465	480	461
2021-09-11T15:21:04	479	466	482	463
2021-09-11T15:21:34	478	467	482	464
2021-09-11T15:22:04	482	467	483	464
2021-09-11T15:22:34	481	467	484	466
2021-09-11T15:23:04	481	469	485	467
2021-09-11T15:23:34	484	470	485	467
2021-09-11T15:24:04	485	470	487	469
2021-09-11T15:24:34	484	471	488	470
2021-09-11T15:25:04	488	472	490	471
2021-09-11T15:25:34	487	473	490	472
2021-09-11T15:26:04	489	474	491	473
2021-09-11T15:26:34	491	474	492	474
2021-09-11T15:27:04	491	475	494	475
2021-09-11T15:27:34	491	476	493	475
2021-09-11T15:28:04	493	477	496	476
2021-09-11T15:28:34	493	478	497	478
2021-09-11T15:29:04	493	479	495	479
2021-09-11T15:29:34	495	480	498	480
2021-09-11T15:30:04	495	481	498	481
2021-09-11T15:30:34	495	482	499	482
2021-09-11T15:31:04	498	482	502	482
2021-09-11T15:31:34	500	483	501	484
2021-09-11T15:32:04	500	484	503	486
2021-09-11T15:32:34	502	485	502	486
2021-09-11T15:33:04	502	485	505	487
2021-09-11T15:33:34	504	486	506	488
2021-09-11T15:34:04	503	488	508	489
2021-09-11T15:34:34	506	488	507	490
2021-09-11T15:35:04	506	489	509	491
2021-09-11T15:35:34	507	490	509	492
2021-09-11T15:36:04	506	491	511	493
2021-09-11T15:36:34	510	492	511	494
2021-09-11T15:37:04	509	492	511	495
2021-09-11T15:37:34	510	494	514	496
2021-09-11T15:38:04	513	494	513	497
2021-09-11T15:38:34	512	495	516	497
2021-09-11T15:39:04	512	495	516	499
2021-09-11T15:39:34	515	496	517	500
2021-09-11T15:40:04	516	497	517	501
2021-09-11T15:40:34	517	498	519	502
2021-09-11T15:41:04	518	499	521	503
2021-09-11T15:41:34	517	499	521	504
2021-09-11T15:42:04	520	501	521	506
2021-09-11T15:42:34	523	502	524	506
2021-09-11T15:43:04	523	502	524	507
2021-09-11T15:43:34	521	503	524	508
2021-09-11T15:44:04	524	503	526	509
2021-09-11T15:44:34	524	505	527	510
2021-09-11T15:45:04	525	505	526	511
2021-09-11T15:45:34	525	506	528	512
2021-09-11T15:46:04	526	507	531	513
2021-09-11T15:46:34	527	508	530	514
2021-09-11T15:47:04	529	509	532	515
2021-09-11T15:47:34	532	510	532	516
2021-09-11T15:48:04	532	510	531	517
2021-09-11T15:48:34	532	511	535	518
2021-09-11T15:49:04	533	512	536	519
2021-09-11T15:49:34	534	513	537	520
2021-09-11T15:50:04	534	514	538	521
2021-09-11T15:50:34	536	515	537	522
2021-09-11T15:51:04	538	515	538	523
2021-09-11T15:51:34	538	517	540	524
2021-09-11T15:52:04	540	518	543	526
2021-09-11T15:52:34	541	518	542	526
2021-09-11T15:53:04	542	519	544	527
2021-09-11T15:53:34	543	520	545	529
2021-09-11T15:54:04	542	521	544	530
2021-09-11T15:54:34	543	522	547	531
2021-09-11T15:55:04	544	523	547	533
2021-09-11T15:55:34	546	524	549	533
2021-09-11T15:56:04	548	525	549	534
2021-09-11T15:56:34	548	526	551	535
2021-09-11T15:57:04	551	527	550	536
2021-09-11T15:57:34	548	527	552	537
2021-09-11T15:58:04	549	528	553	538
2021-09-11T15:58:34	551	529	555	539
2021-09-11T15:59:04	555	531	555	540
2021-09-11T15:59:34	555	532	557	541
2021-09-11T16:00:04	555	533	556	542
2021-09-11T16:00:34	555	533	558	543
2021-09-11T16:01:04	557	534	560	545
2021-09-11T16:01:34	559	535	560	546
2021-09-11T16:02:04	559	536	561	547
2021-09-11T16:02:34	559	537	561	548
2021-09-11T16:03:04	560	538	562	549
2021-09-11T16:03:34	560	539	563	549
2021-09-11T16:04:04	563	540	565	551
2021-09-11T16:04:34	563	541	565	552
2021-09-11T16:05:04	564	541	566	553
2021-09-11T16:05:34	565	542	567	555
2021-09-11T16:06:04	567	543	568	555
2021-09-11T16:06:34	568	543	569	556
2021-09-11T16:07:04	569	545	570	557
2021-09-11T16:07:34	569	546	572	559
2021-09-11T16:08:04	570	547	574	560
2021-09-11T16:08:34	570	547	573	560
2021-09-11T16:09:04	572	548	574	561
2021-09-11T16:09:34	573	550	577	563
2021-09-11T16:10:04	574	550	577	564
2021-09-11T16:10:34	576	552	578	565
2021-09-11T16:11:04	575	552	580	566
2021-09-11T16:11:34	578	553	578	567
2021-09-11T16:12:04	577	554	580	568
2021-09-11T16:12:34	579	555	581	568
2021-09-11T16:13:04	581	556	583	570
2021-09-11T16:13:34	581	557	585	572
2021-09-11T16:14:04	583	558	584	572
2021-09-11T16:14:34	581	559	585	574
2021-09-11T16:15:04	583	560	587	575
2021-09-11T16:15:34	585	561	588	576
2021-09-11T16:16:04	586	561	589	576
2021-09-11T16:16:34	585	562	588	578
2021-09-11T16:17:04	587	563	590	579
2021-09-11T16:17:34	588	564	591	579
2021-09-11T16:18:04	589	565	592	581
2021-09-11T16:18:34	589	566	594	582
2021-09-11T16:19:04	588	566	592	582
2021-09-11T16:19:34	593	567	594	583
2021-09-11T16:20:04	593	568	596	584
2021-09-11T16:20:34	593	569	598	586
2021-09-11T16:21:04	594	570	597	588
2021-09-11T16:21:34	598	571	598	589
2021-09-11T16:22:04	599	572	600	589
2021-09-11T16:22:34	599	573	600	590
2021-09-11T16:23:04	599	573	602	591
2021-09-11T16:23:34	600	574	603	593
2021-09-11T16:24:04	600	575	603	594
2021-09-11T16:24:34	603	576	604	595
2021-09-11T16:25:04	604	577	607	596
2021-09-11T16:25:34	605	578	608	597
2021-09-11T16:26:04	606	579	608	598
2021-09-11T16:26:34	605	580	609	599
2021-09-11T16:27:04	606	581	609	600
2021-09-11T16:27:34	608	582	611	601
2021-09-11T16:28:04	610	583	611	602
2021-09-11T16:28:34	608	583	612	603
2021-09-11T16:29:04	609	584	613	603
2021-09-11T16:29:34	612	585	615	604
2021-09-11T16:30:04	614	587	616	606
2021-09-11T16:30:34	613	588	618	607
2021-09-11T16:31:04	615	588	617	608
2021-09-11T16:31:34	615	589	617	608
2021-09-11T16:32:04	616	590	619	610
2021-09-11T16:32:34	617	591	621	611
2021-09-11T16:33:04	618	592	622	612
2021-09-11T16:33:34	619	593	623	613
2021-09-11T16:34:04	620	595	624	614
2021-09-11T16:34:34	621	595	624	615
2021-09-11T16:35:04	621	596	625	617
2021-09-11T16:35:34	624	597	627	617
2021-09-11T16:36:04	625	598	627	619
2021-09-11T16:36:34	625	599	629	620
2021-09-11T16:37:04	625	599	627	620
2021-09-11T16:37:34	626	600	629	621
2021-09-11T16:38:04	628	601	631	623
2021-09-11T16:38:34	629	603	631	624
2021-09-11T16:39:04	630	603	633	625
2021-09-11T16:39:34	630	604	633	626
2021-09-11T16:40:04	632	605	634	627
2021-09-11T16:40:34	633	606	636	628
2021-09-11T16:41:04	634	607	637	628
2021-09-11T16:41:34	636	608	638	630
2021-09-11T16:42:04	636	609	639	631
2021-09-11T16:42:34	637	610	640	633
2021-09-11T16:43:04	639	611	642	633
2021-09-11T16:43:34	640	612	643	634
2021-09-11T16:44:04	641	613	643	635
2021-09-11T16:44:34	642	614	644	637
2021-09-11T16:45:04	643	615	644	638
2021-09-11T16:45:34	645	615	645	639
2021-09-11T16:46:04	645	616	646	640
2021-09-11T16:46:34	646	618	647	639
2021-09-11T16:47:04	647	618	648	640
2021-09-11T16:47:34	648	619	650	642
2021-09-11T16:48:04	648	621	651	643
2021-09-11T16:48:34	649	621	651	645
2021-09-11T16:49:04	650	622	653	645
2021-09-11T16:49:34	652	623	654	646
2021-09-11T16:50:04	651	624	654	647
2021-09-11T16:50:34	653	625	656	649
2021-09-11T16:51:04	654	626	657	651
2021-09-11T16:51:34	655	627	658	651
2021-09-11T16:52:04	657	628	659	651
2021-09-11T16:52:34	657	629	659	653
2021-09-11T16:53:04	657	630	660	653
2021-09-11T16:53:34	657	631	661	654
2021-09-11T16:54:04	659	632	662	656
2021-09-11T16:54:34	660	633	663	657
2021-09-11T16:55:04	661	634	664	658
2021-09-11T16:55:34	663	635	665	658
2021-09-11T16:56:04	663	636	666	660
2021-09-11T16:56:34	663	637	667	662
2021-09-11T16:57:04	664	638	667	662
2021-09-11T16:57:34	666	639	669	663
2021-09-11T16:58:04	667	639	669	665
2021-09-11T16:58:34	668	640	671	666
2021-09-11T16:59:04	668	641	671	666
2021-09-11T16:59:34	669	642	672	667
2021-09-11T17:00:04	671	643	673	667
2021-09-11T17:00:34	672	644	674	669
2021-09-11T17:01:04	674	645	676	670
2021-09-11T17:01:34	675	646	676	672
2021-09-11T17:02:04	676	646	678	672
2021-09-11T17:02:34	676	648	679	672
2021-09-11T17:03:04	677	649	679	674
2021-09-11T17:03:34	679	649	680	675
2021-09-11T17:04:04	679	650	681	676
2021-09-11T17:04:34	680	651	682	678
2021-09-11T17:05:04	682	652	683	678
2021-09-11T17:05:34	683	653	683	678
2021-09-11T17:06:04	684	654	685	680
2021-09-11T17:06:34	685	655	685	681
2021-09-11T17:07:04	686	656	686	683
2021-09-11T17:07:34	687	657	687	684
2021-09-11T17:08:04	686	658	689	685
2021-09-11T17:08:34	689	658	689	685
2021-09-11T17:09:04	689	659	690	686
2021-09-11T17:09:34	690	661	691	687
2021-09-11T17:10:04	691	662	692	689
2021-09-11T17:10:34	694	662	689	689
2021-09-11T17:11:04	692	663	681	689
2021-09-11T17:11:34	693	663	677	687
2021-09-11T17:12:04	694	664	673	687
2021-09-11T17:12:34	695	665	671	686
2021-09-11T17:13:04	696	666	670	686
2021-09-11T17:13:34	697	667	667	685
2021-09-11T17:14:04	696	667	666	686
2021-09-11T17:14:34	701	668	665	685
2021-09-11T17:15:04	701	668	664	686
2021-09-11T17:15:34	701	669	663	686
2021-09-11T17:16:04	701	670	663	686
2021-09-11T17:16:34	703	669	663	687
2021-09-11T17:17:04	704	668	662	688
2021-09-11T17:17:34	704	668	662	688
2021-09-11T17:18:04	705	668	661	688
2021-09-11T17:18:34	707	668	662	689
2021-09-11T17:19:04	708	670	670	689
2021-09-11T17:19:34	709	671	677	692
2021-09-11T17:20:04	709	673	681	694
2021-09-11T17:20:34	711	675	685	697
2021-09-11T17:21:04	712	676	689	699
2021-09-11T17:21:34	711	677	691	700
2021-09-11T17:22:04	713	679	693	702
2021-09-11T17:22:34	716	680	695	704
2021-09-11T17:23:04	716	680	698	706
2021-09-11T17:23:34	716	682	699	707
2021-09-11T17:24:04	717	683	701	708
2021-09-11T17:24:34	720	684	704	709
2021-09-11T17:25:04	721	685	706	711
2021-09-11T17:25:34	722	686	706	712
2021-09-11T17:26:04	723	687	709	713
2021-09-11T17:26:34	723	687	710	714
2021-09-11T17:27:04	724	688	711	715
2021-09-11T17:27:34	726	690	713	717
2021-09-11T17:28:04	726	690	714	718
2021-09-11T17:28:34	728	692	715	719
2021-09-11T17:29:04	728	693	716	719
2021-09-11T17:29:34	730	694	717	720
2021-09-11T17:30:04	729	694	719	722
2021-09-11T17:30:34	730	695	720	723
2021-09-11T17:31:04	731	697	721	724
2021-09-11T17:31:34	733	698	723	725
2021-09-11T17:32:04	735	699	724	726
2021-09-11T17:32:34	734	700	724	727
2021-09-11T17:33:04	737	700	725	728
2021-09-11T17:33:34	735	701	726	729
2021-09-11T17:34:04	737	702	727	731
2021-09-11T17:34:34	738	703	728	731
2021-09-11T17:35:04	738	704	729	732
2021-09-11T17:35:34	739	705	731	733
2021-09-11T17:36:04	740	706	731	734
2021-09-11T17:36:34	741	707	733	735
2021-09-11T17:37:04	743	708	733	736
2021-09-11T17:37:34	745	709	734	737
2021-09-11T17:38:04	745	710	735	738
2021-09-11T17:38:34	744	710	736	739
2021-09-11T17:39:04	746	711	738	740
2021-09-11T17:39:34	748	713	738	741
2021-09-11T17:40:04	748	714	739	742
2021-09-11T17:40:34	750	714	742	744
2021-09-11T17:41:04	751	715	742	744
2021-09-11T17:41:34	753	716	743	745
2021-09-11T17:42:04	752	717	743	746
2021-09-11T17:42:34	752	719	745	747
2021-09-11T17:43:04	756	719	746	748
2021-09-11T17:43:34	756	720	747	749
2021-09-11T17:44:04	757	721	748	751
2021-09-11T17:44:34	759	722	749	751
2021-09-11T17:45:04	759	723	750	752
2021-09-11T17:45:34	759	724	750	753
2021-09-11T17:46:04	761	725	751	754
2021-09-11T17:46:34	763	726	752	755
2021-09-11T17:47:04	764	727	753	756
2021-09-11T17:47:34	765	728	754	757
2021-09-11T17:48:04	764	728	755	758
2021-09-11T17:48:34	766	729	756	759
2021-09-11T17:49:04	769	731	756	760
2021-09-11T17:49:34	769	732	757	761
2021-09-11T17:50:04	769	732	758	762
2021-09-11T17:50:34	771	733	758	763
2021-09-11T17:51:04	769	733	760	764
2021-09-11T17:51:34	771	735	761	764
2021-09-11T17:52:04	772	736	762	765
2021-09-11T17:52:34	773	737	762	766
2021-09-11T17:53:04	774	737	763	767
2021-09-11T17:53:34	773	738	764	767
2021-09-11T17:54:04	775	739	764	769
2021-09-11T17:54:34	777	740	766	770
2021-09-11T17:55:04	778	741	766	771
2021-09-11T17:55:34	778	742	767	772
2021-09-11T17:56:04	780	742	768	773
2021-09-11T17:56:34	781	744	769	774
2021-09-11T17:57:04	781	744	769	775
2021-09-11T17:57:34	782	745	770	776
2021-09-11T17:58:04	782	746	770	777
2021-09-11T17:58:34	784	747	771	777
2021-09-11T17:59:04	784	748	772	779
2021-09-11T17:59:34	787	749	773	779
2021-09-11T18:00:04	788	750	773	780
2021-09-11T18:00:34	788	750	775	781
2021-09-11T18:01:04	790	751	775	782
2021-09-11T18:01:34	791	752	776	783
2021-09-11T18:02:04	791	753	768	783
2021-09-11T18:02:34	792	753	764	782
2021-09-11T18:03:04	794	754	760	781
2021-09-11T18:03:34	794	754	757	780
2021-09-11T18:04:04	796	755	756	780
2021-09-11T18:04:34	795	756	754	780
2021-09-11T18:05:04	798	756	752	779
2021-09-11T18:05:34	798	757	752	780
2021-09-11T18:06:04	799	757	751	780
2021-09-11T18:06:34	800	758	750	780
2021-09-11T18:07:04	802	759	750	780
2021-09-11T18:07:34	801	758	749	780
2021-09-11T18:08:04	804	758	749	781
2021-09-11T18:08:34	804	757	749	782
2021-09-11T18:09:04	806	757	748	782
2021-09-11T18:09:34	806	757	748	782
2021-09-11T18:10:04	807	757	751	783
2021-09-11T18:10:34	807	760	759	785
2021-09-11T18:11:04	811	762	765	787
2021-09-11T18:11:34	810	763	768	789
2021-09-11T18:12:04	812	764	771	790
2021-09-11T18:12:34	812	765	774	793
2021-09-11T18:13:04	813	766	777	795
2021-09-11T18:13:34	813	767	778	796
2021-09-11T18:14:04	816	768	780	798
2021-09-11T18:14:34	815	769	782	799
2021-09-11T18:15:04	816	770	784	800
2021-09-11T18:15:34	819	770	785	800
2021-09-11T18:16:04	819	771	787	801
2021-09-11T18:16:34	821	773	789	803
2021-09-11T18:17:04	819	773	789	804
2021-09-11T18:17:34	822	774	791	805
2021-09-11T18:18:04	822	775	792	806
2021-09-11T18:18:34	824	775	793	807
2021-09-11T18:19:04	823	776	795	808
2021-09-11T18:19:34	826	777	795	809
2021-09-11T18:20:04	825	778	796	811
2021-09-11T18:20:34	828	778	798	811
2021-09-11T18:21:04	829	779	799	814
2021-09-11T18:21:34	829	780	800	814
2021-09-11T18:22:04	829	780	801	815
2021-09-11T18:22:34	831	781	802	816
2021-09-11T18:23:04	833	782	803	816
2021-09-11T18:23:34	833	783	804	818
2021-09-11T18:24:04	835	784	805	819
2021-09-11T18:24:34	836	784	806	820
2021-09-11T18:25:04	838	785	808	821
2021-09-11T18:25:34	837	786	809	821
2021-09-11T18:26:04	839	787	810	822
2021-09-11T18:26:34	840	787	810	824
2021-09-11T18:27:04	841	788	811	825
2021-09-11T18:27:34	840	789	812	825
2021-09-11T18:28:04	843	789	813	826
2021-09-11T18:28:34	844	790	814	828
2021-09-11T18:29:04	844	791	815	828
2021-09-11T18:29:34	844	792	816	829
2021-09-11T18:30:04	846	792	816	830
2021-09-11T18:30:34	847	793	818	832
2021-09-11T18:31:04	848	794	819	832
2021-09-11T18:31:34	849	795	820	833
2021-09-11T18:32:04	851	795	821	834
2021-09-11T18:32:34	851	796	822	835
2021-09-11T18:33:04	852	797	823	837
2021-09-11T18:33:34	854	798	824	839
2021-09-11T18:34:04	853	799	825	840
2021-09-11T18:34:34	856	799	826	840
2021-09-11T18:35:04	856	800	827	841
2021-09-11T18:35:34	856	801	828	842
2021-09-11T18:36:04	859	802	828	843
2021-09-11T18:36:34	860	803	829	843
2021-09-11T18:37:04	860	803	830	845
2021-09-11T18:37:34	862	804	831	847
2021-09-11T18:38:04	862	805	832	848
2021-09-11T18:38:34	863	806	833	848
2021-09-11T18:39:04	863	807	834	851
2021-09-11T18:39:34	865	808	835	850
2021-09-11T18:40:04	865	809	836	852
2021-09-11T18:40:34	867	809	837	852
2021-09-11T18:41:04	868	810	838	853
2021-09-11T18:41:34	868	811	839	854
2021-09-11T18:42:04	869	812	840	855
2021-09-11T18:42:34	871	813	841	856
2021-09-11T18:43:04	871	814	842	857
2021-09-11T18:43:34	874	814	843	858
2021-09-11T18:44:04	872	815	844	859
2021-09-11T18:44:34	875	816	845	860
2021-09-11T18:45:04	875	817	846	862
2021-09-11T18:45:34	876	818	847	862
2021-09-11T18:46:04	877	819	848	862
2021-09-11T18:46:34	878	820	849	864
2021-09-11T18:47:04	880	821	851	865
2021-09-11T18:47:34	880	822	851	867
2021-09-11T18:48:04	882	823	852	868
2021-09-11T18:48:34	883	823	853	868
2021-09-11T18:49:04	885	825	854	870
2021-09-11T18:49:34	883	826	856	871
2021-09-11T18:50:04	886	827	857	872
2021-09-11T18:50:34	886	828	858	873
2021-09-11T18:51:04	888	829	859	875
2021-09-11T18:51:34	888	829	859	876
2021-09-11T18:52:04	889	831	861	874
2021-09-11T18:52:34	891	831	862	878
2021-09-11T18:53:04	891	833	864	879
2021-09-11T18:53:34	891	834	864	879
2021-09-11T18:54:04	893	835	866	880
2021-09-11T18:54:34	893	836	867	881
2021-09-11T18:55:04	894	837	868	882
2021-09-11T18:55:34	896	838	868	884
2021-09-11T18:56:04	897	839	869	884
2021-09-11T18:56:34	898	840	871	886
2021-09-11T18:57:04	898	841	873	887
2021-09-11T18:57:34	900	842	873	887
2021-09-11T18:58:04	901	843	875	889
2021-09-11T18:58:34	901	844	875	891
2021-09-11T18:59:04	902	845	876	891
2021-09-11T18:59:34	903	846	878	892
2021-09-11T19:00:04	905	847	879	893
2021-09-11T19:00:34	905	848	880	894
2021-09-11T19:01:04	906	849	881	895
2021-09-11T19:01:34	908	850	882	896
2021-09-11T19:02:04	908	851	883	898
2021-09-11T19:02:34	909	852	884	898
2021-09-11T19:03:04	910	854	885	899
2021-09-11T19:03:34	910	854	886	900
2021-09-11T19:04:04	909	855	887	900
2021-09-11T19:04:34	908	856	888	901
2021-09-11T19:05:04	907	857	889	901
2021-09-11T19:05:34	909	858	890	902
2021-09-11T19:06:04	910	860	892	902
2021-09-11T19:06:34	909	860	892	903
2021-09-11T19:07:04	909	861	893	904
2021-09-11T19:07:34	908	862	894	905
2021-09-11T19:08:04	909	863	895	905
2021-09-11T19:08:34	910	865	897	906
2021-09-11T19:09:04	911	866	898	905
2021-09-11T19:09:34	908	866	898	907
2021-09-11T19:10:04	908	867	899	907
2021-09-11T19:10:34	909	869	900	907
2021-09-11T19:11:04	910	869	901	907
2021-09-11T19:11:34	909	870	902	908
2021-09-11T19:12:04	908	872	903	909
2021-09-11T19:12:34	908	873	904	909
2021-09-11T19:13:04	910	873	905	909
2021-09-11T19:13:34	909	875	906	910
2021-09-11T19:14:04	910	875	907	910
2021-09-11T19:14:34	910	876	908	911
2021-09-11T19:15:04	910	877	909	911
2021-09-11T19:15:34	909	878	909	912
2021-09-11T19:16:04	909	879	910	912
2021-09-11T19:16:34	909	880	911	913
2021-09-11T19:17:04	909	881	912	913
2021-09-11T19:17:34	908	882	911	914
2021-09-11T19:18:04	909	883	913	914
2021-09-11T19:18:34	910	883	911	914
2021-09-11T19:19:04	910	883	911	914
2021-09-11T19:19:34	911	883	910	914
2021-09-11T19:20:04	910	885	913	915
2021-09-11T19:20:34	911	885	913	915
2021-09-11T19:21:04	910	885	912	915
2021-09-11T19:21:34	911	886	912	915
2021-09-11T19:22:04	910	886	911	915
2021-09-11T19:22:34	909	887	912	914
2021-09-11T19:23:04	909	888	912	914
2021-09-11T19:23:34	910	888	912	915
2021-09-11T19:24:04	910	889	912	914
2021-09-11T19:24:34	910	889	913	915
2021-09-11T19:25:04	910	890	912	915
2021-09-11T19:25:34	909	890	912	915
2021-09-11T19:26:04	910	891	912	915
2021-09-11T19:26:34	910	891	911	915
2021-09-11T19:27:04	910	892	912	915
2021-09-11T19:27:34	911	892	912	915
2021-09-11T19:28:04	911	893	913	915
2021-09-11T19:28:34	909	893	911	915
2021-09-11T19:29:04	909	894	911	916
2021-09-11T19:29:34	909	894	912	916
2021-09-11T19:30:04	910	895	911	915
2021-09-11T19:30:34	910	895	911	916
2021-09-11T19:31:04	910	896	912	916
2021-09-11T19:31:34	909	896	911	916
2021-09-11T19:32:04	911	897	913	915
2021-09-11T19:32:34	909	897	913	915
2021-09-11T19:33:04	910	897	912	916
2021-09-11T19:33:34	910	898	912	916
2021-09-11T19:34:04	910	897	913	916
2021-09-11T19:34:34	911	897	913	915
2021-09-11T19:35:04	909	897	912	916
2021-09-11T19:35:34	911	897	912	917
2021-09-11T19:36:04	910	897	912	916
2021-09-11T19:36:34	909	897	912	917
2021-09-11T19:37:04	911	898	912	917
2021-09-11T19:37:34	911	898	912	916
2021-09-11T19:38:04	908	898	912	916
2021-09-11T19:38:34	912	899	912	917
2021-09-11T19:39:04	909	899	913	917
2021-09-11T19:39:34	909	898	913	917
2021-09-11T19:40:04	910	898	912	917
2021-09-11T19:40:34	909	898	912	917
2021-09-11T19:41:04	911	898	912	918
2021-09-11T19:41:34	909	898	913	917
2021-09-11T19:42:04	910	898	913	917
2021-09-11T19:42:34	910	897	913	918
2021-09-11T19:43:04	909	898	912	918
2021-09-11T19:43:34	911	899	912	917
2021-09-11T19:44:04	910	899	912	917
2021-09-11T19:44:34	911	899	912	917
2021-09-11T19:45:04	909	899	913	917
2021-09-11T19:45:34	910	898	911	917
2021-09-11T19:46:04	909	899	913	917
2021-09-11T19:46:34	911	899	914	917
2021-09-11T19:47:04	909	899	912	917
2021-09-11T19:47:34	911	899	912	917
2021-09-11T19:48:04	910	899	912	917
2021-09-11T19:48:34	909	899	913	917
2021-09-11T19:49:04	910	899	911	917
2021-09-11T19:49:34	909	899	912	917
2021-09-11T19:50:04	911	900	913	917
2021-09-11T19:50:34	909	899	913	917
2021-09-11T19:51:04	910	900	912	917
2021-09-11T19:51:34	910	900	914	917
2021-09-11T19:52:04	909	899	912	917
2021-09-11T19:52:34	910	900	912	917
2021-09-11T19:53:04	910	900	913	917
2021-09-11T19:53:34	909	900	912	917
2021-09-11T19:54:04	911	901	913	917
2021-09-11T19:54:34	909	900	912	917
2021-09-11T19:55:04	909	901	912	917
2021-09-11T19:55:34	911	900	912	917
2021-09-11T19:56:04	909	901	912	917
2021-09-11T19:56:34	910	901	913	917
2021-09-11T19:57:04	910	901	911	917
2021-09-11T19:57:34	910	901	912	917
2021-09-11T19:58:04	909	901	913	917
2021-09-11T19:58:34	910	901	912	916
2021-09-11T19:59:04	910	901	913	917
2021-09-11T19:59:34	909	901	912	917
2021-09-11T20:00:04	909	901	913	917
2021-09-11T20:00:34	911	901	912	917
2021-09-11T20:01:04	909	902	913	917
2021-09-11T20:01:34	910	901	912	917
2021-09-11T20:02:04	909	902	913	917
2021-09-11T20:02:34	910	902	912	917
2021-09-11T20:03:04	909	902	913	917
2021-09-11T20:03:34	910	902	912	917
2021-09-11T20:04:04	912	902	913	918
2021-09-11T20:04:34	910	902	912	918
2021-09-11T20:05:04	910	902	912	917
2021-09-11T20:05:34	909	902	912	917
2021-09-11T20:06:04	910	902	912	918
2021-09-11T20:06:34	910	904	913	918
2021-09-11T20:07:04	909	902	912	917
2021-09-11T20:07:34	909	903	913	917
2021-09-11T20:08:04	909	904	912	917
2021-09-11T20:08:34	910	903	912	917
2021-09-11T20:09:04	909	904	912	917
2021-09-11T20:09:34	909	904	913	917
2021-09-11T20:10:04	909	905	913	917
2021-09-11T20:10:34	911	904	912	917
2021-09-11T20:11:04	910	904	912	917
2021-09-11T20:11:34	910	905	912	917
2021-09-11T20:12:04	909	904	912	917
2021-09-11T20:12:34	909	904	913	917
2021-09-11T20:13:04	909	905	913	917
2021-09-11T20:13:34	911	904	912	917
2021-09-11T20:14:04	910	904	912	917
2021-09-11T20:14:34	910	905	913	917
2021-09-11T20:15:04	910	905	912	917
2021-09-11T20:15:34	909	904	912	917
2021-09-11T20:16:04	909	905	913	916
2021-09-11T20:16:34	909	905	912	917
2021-09-11T20:17:04	909	905	912	916
2021-09-11T20:17:34	911	904	913	917
2021-09-11T20:18:04	910	905	913	917
2021-09-11T20:18:34	909	905	912	917
2021-09-11T20:19:04	909	905	913	917
2021-09-11T20:19:34	909	906	913	917
2021-09-11T20:20:04	909	905	912	917
2021-09-11T20:20:34	909	905	912	916
2021-09-11T20:21:04	909	906	913	915
2021-09-11T20:21:34	909	906	912	916
2021-09-11T20:22:04	910	906	914	916
2021-09-11T20:22:34	911	906	913	917
2021-09-11T20:23:04	910	906	912	917
2021-09-11T20:23:35	910	905	912	917
2021-09-11T20:24:05	910	905	912	917
2021-09-11T20:24:35	910	906	913	917
2021-09-11T20:25:05	909	906	912	917
2021-09-11T20:25:35	909	905	912	916
2021-09-11T20:26:05	909	905	912	916
2021-09-11T20:26:35	909	907	914	917
2021-09-11T20:27:05	909	906	913	917
2021-09-11T20:27:35	909	906	913	915
2021-09-11T20:28:05	909	905	913	916
2021-09-11T20:28:35	909	905	912	916
2021-09-11T20:29:05	909	906	913	915
2021-09-11T20:29:35	909	905	912	916
2021-09-11T20:30:05	909	906	912	916
2021-09-11T20:30:35	909	905	913	915
2021-09-11T20:31:05	909	905	913	916
2021-09-11T20:31:35	909	906	913	916
2021-09-11T20:32:05	909	906	912	915
2021-09-11T20:32:35	876	894	909	915
2021-09-11T20:33:05	763	818	870	906
2021-09-11T20:33:35	726	779	777	890
2021-09-11T20:34:05	589	659	681	850
2021-09-11T20:34:35	513	560	620	818
2021-09-11T20:35:05	470	519	591	775
2021-09-11T20:35:35	446	476	558	741
2021-09-11T20:36:05	424	447	537	713
2021-09-11T20:36:35	401	422	520	697
2021-09-11T20:37:05	389	408	498	676
2021-09-11T20:37:35	371	391	480	657
2021-09-11T20:38:05	357	376	462	645
2021-09-11T20:38:35	342	365	457	629
2021-09-11T20:39:05	333	352	441	614
