time	T1	T2	T3	T4
2021-09-27T17:50:56	23	24	25	22
2021-09-27T17:51:26	23	25	25	22
2021-09-27T17:51:56	24	25	25	23
2021-09-27T17:52:26	26	27	28	23
2021-09-27T17:52:56	28	28	30	23
2021-09-27T17:53:26	28	29	30	24
2021-09-27T17:53:56	28	30	30	25
2021-09-27T17:54:26	28	30	30	25
2021-09-27T17:54:56	32	31	34	26
2021-09-27T17:55:26	36	34	36	27
2021-09-27T17:55:56	37	36	37	27
2021-09-27T17:56:26	37	36	36	28
2021-09-27T17:56:56	37	36	36	29
2021-09-27T17:57:26	36	36	36	30
2021-09-27T17:57:56	38	37	39	30
2021-09-27T17:58:26	39	39	41	31
2021-09-27T17:58:56	40	41	41	32
2021-09-27T17:59:26	39	41	41	32
2021-09-27T17:59:56	41	41	42	33
2021-09-27T18:00:26	41	43	44	34
2021-09-27T18:00:56	41	44	43	35
2021-09-27T18:01:26	44	44	46	35
2021-09-27T18:01:56	48	47	48	36
2021-09-27T18:02:26	48	48	48	37
2021-09-27T18:02:56	48	48	47	38
2021-09-27T18:03:26	48	49	48	39
2021-09-27T18:03:56	50	50	51	40
2021-09-27T18:04:26	49	52	50	40
2021-09-27T18:04:56	50	52	53	41
2021-09-27T18:05:26	51	54	54	42
2021-09-27T18:05:56	50	54	53	42
2021-09-27T18:06:26	53	55	55	43
2021-09-27T18:06:56	59	57	58	44
2021-09-27T18:07:26	59	59	57	46
2021-09-27T18:07:56	59	59	58	47
2021-09-27T18:08:26	60	61	59	47
2021-09-27T18:08:56	59	61	59	48
2021-09-27T18:09:26	60	62	61	49
2021-09-27T18:09:56	59	63	61	50
2021-09-27T18:10:26	61	65	63	51
2021-09-27T18:10:56	62	66	64	51
2021-09-27T18:11:26	66	68	66	52
2021-09-27T18:11:56	65	68	65	53
2021-09-27T18:12:26	67	69	67	54
2021-09-27T18:12:56	66	70	67	55
2021-09-27T18:13:26	67	71	69	56
2021-09-27T18:13:56	67	72	69	56
2021-09-27T18:14:26	69	73	71	57
2021-09-27T18:14:56	71	74	71	57
2021-09-27T18:15:26	73	75	73	58
2021-09-27T18:15:56	72	76	73	59
2021-09-27T18:16:26	73	78	75	60
2021-09-27T18:16:56	73	78	75	61
2021-09-27T18:17:26	74	80	76	63
2021-09-27T18:17:56	78	81	76	63
2021-09-27T18:18:26	79	82	78	64
2021-09-27T18:18:56	78	83	78	65
2021-09-27T18:19:26	80	84	81	66
2021-09-27T18:19:56	79	85	81	67
2021-09-27T18:20:26	80	87	82	68
2021-09-27T18:20:56	82	88	84	69
2021-09-27T18:21:26	84	89	84	70
2021-09-27T18:21:56	84	89	84	70
2021-09-27T18:22:26	86	91	87	71
2021-09-27T18:22:56	86	92	86	72
2021-09-27T18:23:26	86	94	90	73
2021-09-27T18:23:56	86	94	89	73
2021-09-27T18:24:26	92	96	92	74
2021-09-27T18:24:56	92	95	90	75
2021-09-27T18:25:26	92	96	92	76
2021-09-27T18:25:56	92	97	94	77
2021-09-27T18:26:26	91	98	93	78
2021-09-27T18:26:56	97	101	97	78
2021-09-27T18:27:26	97	101	96	79
2021-09-27T18:27:56	97	102	98	80
2021-09-27T18:28:26	97	103	97	81
2021-09-27T18:28:56	97	103	100	82
2021-09-27T18:29:26	97	104	98	83
2021-09-27T18:29:56	103	106	102	84
2021-09-27T18:30:26	103	107	102	85
2021-09-27T18:30:56	103	108	103	86
2021-09-27T18:31:26	103	109	104	86
2021-09-27T18:31:56	103	111	105	87
2021-09-27T18:32:26	105	110	106	88
2021-09-27T18:32:56	108	113	108	90
2021-09-27T18:33:26	107	113	107	91
2021-09-27T18:33:56	108	114	109	91
2021-09-27T18:34:26	108	116	109	92
2021-09-27T18:34:56	112	117	112	93
2021-09-27T18:35:26	112	118	111	94
2021-09-27T18:35:56	112	119	113	95
2021-09-27T18:36:26	111	119	112	96
2021-09-27T18:36:56	115	120	116	97
2021-09-27T18:37:26	116	121	115	98
2021-09-27T18:37:56	116	123	117	99
2021-09-27T18:38:26	115	124	117	99
2021-09-27T18:38:56	119	126	120	100
2021-09-27T18:39:26	120	126	119	101
2021-09-27T18:39:56	121	126	121	102
2021-09-27T18:40:26	120	128	122	103
2021-09-27T18:40:56	120	128	122	104
2021-09-27T18:41:26	127	130	125	104
2021-09-27T18:41:56	126	130	123	106
2021-09-27T18:42:26	126	132	127	106
2021-09-27T18:42:56	125	132	125	107
2021-09-27T18:43:26	129	134	127	108
2021-09-27T18:43:56	129	136	128	109
2021-09-27T18:44:26	128	137	130	110
2021-09-27T18:44:56	128	137	129	110
2021-09-27T18:45:26	132	139	133	111
2021-09-27T18:45:56	133	141	131	112
2021-09-27T18:46:26	134	142	135	113
2021-09-27T18:46:56	132	143	135	114
2021-09-27T18:47:26	135	143	135	115
2021-09-27T18:47:56	136	144	137	116
2021-09-27T18:48:26	136	145	136	117
2021-09-27T18:48:56	138	146	138	117
2021-09-27T18:49:26	139	147	141	119
2021-09-27T18:49:56	138	147	140	119
2021-09-27T18:50:26	142	149	143	120
2021-09-27T18:50:56	143	149	142	121
2021-09-27T18:51:26	141	150	143	122
2021-09-27T18:51:56	144	152	145	123
2021-09-27T18:52:26	145	153	146	124
2021-09-27T18:52:56	146	154	147	124
2021-09-27T18:53:26	145	154	146	125
2021-09-27T18:53:56	149	156	150	126
2021-09-27T18:54:26	148	156	148	127
2021-09-27T18:54:56	148	157	151	128
2021-09-27T18:55:26	149	157	150	129
2021-09-27T18:55:56	154	160	154	129
2021-09-27T18:56:26	154	162	154	131
2021-09-27T18:56:56	153	161	154	132
2021-09-27T18:57:26	153	162	156	132
2021-09-27T18:57:56	155	163	157	133
2021-09-27T18:58:26	159	164	156	134
2021-09-27T18:58:56	159	165	159	134
2021-09-27T18:59:26	157	166	158	135
2021-09-27T18:59:56	159	167	162	136
2021-09-27T19:00:26	161	168	160	138
2021-09-27T19:00:56	161	169	161	138
2021-09-27T19:01:26	160	170	163	139
2021-09-27T19:01:56	163	170	163	140
2021-09-27T19:02:26	164	172	165	141
2021-09-27T19:02:56	165	172	166	141
2021-09-27T19:03:26	169	173	168	144
2021-09-27T19:03:56	167	173	168	144
2021-09-27T19:04:26	167	175	169	145
2021-09-27T19:04:56	168	176	172	145
2021-09-27T19:05:26	171	177	170	147
2021-09-27T19:05:56	171	178	174	148
2021-09-27T19:06:26	171	179	173	149
2021-09-27T19:06:56	174	181	176	150
2021-09-27T19:07:26	175	181	175	151
2021-09-27T19:07:56	174	183	176	152
2021-09-27T19:08:26	174	184	177	153
2021-09-27T19:08:56	179	185	178	154
2021-09-27T19:09:26	179	184	178	154
2021-09-27T19:09:56	178	185	180	155
2021-09-27T19:10:26	178	187	182	156
2021-09-27T19:10:56	182	189	182	157
2021-09-27T19:11:26	182	188	182	158
2021-09-27T19:11:56	182	190	184	159
2021-09-27T19:12:26	185	191	184	160
2021-09-27T19:12:56	186	192	186	161
2021-09-27T19:13:26	185	192	187	162
2021-09-27T19:13:56	187	194	188	163
2021-09-27T19:14:26	190	194	188	164
2021-09-27T19:14:56	190	195	190	164
2021-09-27T19:15:26	189	195	191	165
2021-09-27T19:15:56	191	196	191	166
2021-09-27T19:16:26	193	198	193	167
2021-09-27T19:16:56	192	198	192	168
2021-09-27T19:17:26	192	200	195	169
2021-09-27T19:17:56	196	201	195	170
2021-09-27T19:18:26	197	202	197	170
2021-09-27T19:18:56	196	203	197	172
2021-09-27T19:19:26	199	205	200	173
2021-09-27T19:19:56	198	204	198	173
2021-09-27T19:20:26	201	206	201	174
2021-09-27T19:20:56	201	206	200	175
2021-09-27T19:21:26	201	209	204	176
2021-09-27T19:21:56	204	209	203	177
2021-09-27T19:22:26	205	210	205	178
2021-09-27T19:22:56	205	210	206	179
2021-09-27T19:23:26	204	211	207	180
2021-09-27T19:23:56	207	213	208	181
2021-09-27T19:24:26	208	213	207	182
2021-09-27T19:24:56	208	215	210	182
2021-09-27T19:25:26	211	215	212	183
2021-09-27T19:25:56	211	216	212	184
2021-09-27T19:26:26	210	217	212	185
2021-09-27T19:26:56	215	219	214	186
2021-09-27T19:27:26	215	219	215	187
2021-09-27T19:27:56	214	220	215	188
2021-09-27T19:28:26	216	222	217	189
2021-09-27T19:28:56	217	221	215	190
2021-09-27T19:29:26	217	223	219	191
2021-09-27T19:29:56	220	224	220	192
2021-09-27T19:30:26	218	226	221	192
2021-09-27T19:30:56	221	226	222	193
2021-09-27T19:31:26	221	227	223	195
2021-09-27T19:31:56	224	228	225	195
2021-09-27T19:32:26	224	228	222	196
2021-09-27T19:32:56	223	229	227	197
2021-09-27T19:33:26	227	230	226	198
2021-09-27T19:33:56	228	231	227	199
2021-09-27T19:34:26	228	232	228	200
2021-09-27T19:34:56	228	233	231	201
2021-09-27T19:35:26	230	234	230	202
2021-09-27T19:35:56	231	235	232	203
2021-09-27T19:36:26	232	235	232	204
2021-09-27T19:36:56	231	238	235	205
2021-09-27T19:37:26	236	238	234	206
2021-09-27T19:37:56	236	239	235	207
2021-09-27T19:38:26	235	240	237	208
2021-09-27T19:38:56	238	241	237	208
2021-09-27T19:39:26	239	243	239	209
2021-09-27T19:39:56	239	243	239	210
2021-09-27T19:40:26	240	245	241	211
2021-09-27T19:40:56	242	246	242	212
2021-09-27T19:41:26	241	246	243	213
2021-09-27T19:41:56	241	247	243	214
2021-09-27T19:42:26	244	248	245	215
2021-09-27T19:42:56	242	248	244	216
2021-09-27T19:43:26	247	250	248	217
2021-09-27T19:43:56	246	251	247	218
2021-09-27T19:44:26	246	252	249	219
2021-09-27T19:44:56	248	253	249	219
2021-09-27T19:45:26	250	255	251	221
2021-09-27T19:45:56	250	254	250	222
2021-09-27T19:46:26	251	257	253	223
2021-09-27T19:46:56	251	256	252	224
2021-09-27T19:47:26	253	258	255	224
2021-09-27T19:47:56	254	258	255	225
2021-09-27T19:48:26	255	260	255	227
2021-09-27T19:48:56	255	262	258	227
2021-09-27T19:49:26	258	263	258	228
2021-09-27T19:49:56	256	263	258	229
2021-09-27T19:50:26	262	264	261	230
2021-09-27T19:50:56	261	264	261	231
2021-09-27T19:51:26	260	266	263	232
2021-09-27T19:51:56	263	268	265	233
2021-09-27T19:52:26	264	268	263	234
2021-09-27T19:52:56	262	269	264	235
2021-09-27T19:53:26	265	271	266	237
2021-09-27T19:53:56	267	271	266	238
2021-09-27T19:54:26	269	272	271	239
2021-09-27T19:54:56	267	272	268	239
2021-09-27T19:55:26	269	274	270	241
2021-09-27T19:55:56	270	275	272	242
2021-09-27T19:56:26	273	276	273	243
2021-09-27T19:56:56	271	276	273	243
2021-09-27T19:57:26	274	277	274	244
2021-09-27T19:57:56	274	278	276	244
2021-09-27T19:58:26	277	279	276	246
2021-09-27T19:58:56	275	280	275	247
2021-09-27T19:59:26	278	282	279	247
2021-09-27T19:59:56	278	282	280	248
2021-09-27T20:00:26	278	282	280	249
2021-09-27T20:00:56	278	283	282	250
2021-09-27T20:01:26	280	284	283	252
2021-09-27T20:01:56	281	285	282	253
2021-09-27T20:02:26	284	286	285	253
2021-09-27T20:02:56	283	287	284	254
2021-09-27T20:03:26	286	287	286	256
2021-09-27T20:03:56	286	289	286	256
2021-09-27T20:04:26	285	289	287	257
2021-09-27T20:04:56	289	289	289	258
2021-09-27T20:05:26	288	290	288	259
2021-09-27T20:05:56	290	291	292	259
2021-09-27T20:06:26	289	291	290	260
2021-09-27T20:06:56	294	293	294	261
2021-09-27T20:07:26	292	294	292	263
2021-09-27T20:07:56	295	296	296	264
2021-09-27T20:08:26	294	297	296	265
2021-09-27T20:08:56	296	297	297	266
2021-09-27T20:09:26	294	299	296	267
2021-09-27T20:09:56	299	299	300	268
2021-09-27T20:10:26	297	300	298	269
2021-09-27T20:10:56	300	301	302	270
2021-09-27T20:11:26	299	301	300	271
2021-09-27T20:11:56	303	303	304	272
2021-09-27T20:12:26	301	303	302	273
2021-09-27T20:12:56	304	304	304	274
2021-09-27T20:13:26	303	306	306	275
2021-09-27T20:13:56	305	306	306	276
2021-09-27T20:14:26	308	307	309	277
2021-09-27T20:14:56	308	308	308	278
2021-09-27T20:15:26	307	308	311	279
2021-09-27T20:15:56	311	308	310	280
2021-09-27T20:16:26	309	310	311	281
2021-09-27T20:16:56	313	312	313	282
2021-09-27T20:17:26	312	313	314	283
2021-09-27T20:17:56	312	314	315	285
2021-09-27T20:18:26	315	315	314	286
2021-09-27T20:18:56	314	315	316	286
2021-09-27T20:19:26	317	317	318	287
2021-09-27T20:19:56	317	317	319	288
2021-09-27T20:20:26	318	318	318	290
2021-09-27T20:20:56	321	319	321	290
2021-09-27T20:21:26	319	319	320	292
2021-09-27T20:21:56	323	320	324	293
2021-09-27T20:22:26	321	321	323	294
2021-09-27T20:22:56	325	323	326	294
2021-09-27T20:23:26	323	324	325	296
2021-09-27T20:23:56	326	325	327	297
2021-09-27T20:24:26	325	325	327	298
2021-09-27T20:24:56	328	327	329	299
2021-09-27T20:25:26	328	328	330	300
2021-09-27T20:25:56	327	329	331	301
2021-09-27T20:26:26	332	329	332	302
2021-09-27T20:26:56	331	330	332	303
2021-09-27T20:27:26	334	331	335	304
2021-09-27T20:27:56	333	331	334	305
2021-09-27T20:28:26	334	332	335	306
2021-09-27T20:28:56	334	333	337	307
2021-09-27T20:29:26	339	334	339	308
2021-09-27T20:29:56	336	335	337	309
2021-09-27T20:30:26	339	336	340	310
2021-09-27T20:30:56	338	337	341	311
2021-09-27T20:31:26	341	337	341	312
2021-09-27T20:31:56	341	339	343	313
2021-09-27T20:32:26	341	340	343	314
2021-09-27T20:32:56	344	341	346	315
2021-09-27T20:33:26	343	341	345	316
2021-09-27T20:33:56	346	343	347	317
2021-09-27T20:34:26	345	343	345	318
2021-09-27T20:34:56	348	344	349	319
2021-09-27T20:35:26	348	345	349	320
2021-09-27T20:35:56	350	347	351	321
2021-09-27T20:36:26	350	347	351	322
2021-09-27T20:36:56	352	348	353	323
2021-09-27T20:37:26	351	349	353	324
2021-09-27T20:37:56	355	350	354	326
2021-09-27T20:38:26	354	351	355	326
2021-09-27T20:38:56	356	352	356	327
2021-09-27T20:39:26	356	352	356	329
2021-09-27T20:39:56	357	354	360	330
2021-09-27T20:40:26	357	354	358	330
2021-09-27T20:40:56	359	355	362	331
2021-09-27T20:41:26	358	355	361	332
2021-09-27T20:41:56	360	356	361	333
2021-09-27T20:42:26	363	357	364	334
2021-09-27T20:42:56	363	358	364	335
2021-09-27T20:43:26	364	359	366	336
2021-09-27T20:43:56	365	360	367	337
2021-09-27T20:44:26	366	361	368	339
2021-09-27T20:44:56	365	362	369	339
2021-09-27T20:45:26	368	364	370	340
2021-09-27T20:45:56	368	364	370	342
2021-09-27T20:46:26	369	365	370	343
2021-09-27T20:46:56	371	366	374	344
2021-09-27T20:47:26	371	366	372	344
2021-09-27T20:47:56	374	367	375	345
2021-09-27T20:48:26	373	369	376	347
2021-09-27T20:48:56	375	370	377	348
2021-09-27T20:49:26	375	370	376	349
2021-09-27T20:49:56	377	372	379	350
2021-09-27T20:50:26	378	372	378	351
2021-09-27T20:50:56	379	374	381	352
2021-09-27T20:51:26	378	374	381	353
2021-09-27T20:51:56	381	375	381	354
2021-09-27T20:52:26	382	377	384	355
2021-09-27T20:52:56	382	377	383	356
2021-09-27T20:53:26	382	379	386	357
2021-09-27T20:53:56	386	379	387	358
2021-09-27T20:54:26	385	379	386	359
2021-09-27T20:54:56	387	381	389	360
2021-09-27T20:55:26	386	381	389	361
2021-09-27T20:55:56	389	383	390	362
2021-09-27T20:56:26	389	383	392	363
2021-09-27T20:56:56	390	384	391	364
2021-09-27T20:57:26	392	386	393	365
2021-09-27T20:57:56	391	387	393	366
2021-09-27T20:58:26	393	387	394	368
2021-09-27T20:58:56	395	388	397	369
2021-09-27T20:59:26	395	388	397	369
2021-09-27T20:59:56	396	390	398	370
2021-09-27T21:00:26	398	391	399	372
2021-09-27T21:00:56	397	392	401	373
2021-09-27T21:01:26	400	393	402	374
2021-09-27T21:01:56	398	393	402	375
2021-09-27T21:02:26	401	395	403	376
2021-09-27T21:02:56	404	396	405	377
2021-09-27T21:03:26	403	396	404	378
2021-09-27T21:03:56	406	398	407	379
2021-09-27T21:04:26	405	398	406	380
2021-09-27T21:04:56	407	399	408	381
2021-09-27T21:05:26	408	401	411	382
2021-09-27T21:05:56	409	401	409	383
2021-09-27T21:06:26	410	401	410	384
2021-09-27T21:06:56	411	402	413	385
2021-09-27T21:07:26	410	403	412	386
2021-09-27T21:07:56	412	404	413	387
2021-09-27T21:08:26	415	406	415	387
2021-09-27T21:08:56	413	407	416	388
2021-09-27T21:09:26	415	407	416	390
2021-09-27T21:09:56	417	409	419	391
2021-09-27T21:10:26	416	409	419	392
2021-09-27T21:10:56	419	410	420	393
2021-09-27T21:11:26	418	411	420	393
2021-09-27T21:11:56	420	412	421	395
2021-09-27T21:12:26	419	413	422	396
2021-09-27T21:12:56	423	415	425	397
2021-09-27T21:13:26	422	415	424	398
2021-09-27T21:13:56	425	416	425	399
2021-09-27T21:14:26	425	417	427	400
2021-09-27T21:14:56	425	417	427	401
2021-09-27T21:15:26	428	419	428	402
2021-09-27T21:15:56	427	420	429	403
2021-09-27T21:16:26	429	420	431	404
2021-09-27T21:16:56	431	422	431	405
2021-09-27T21:17:26	431	422	435	406
2021-09-27T21:17:56	432	423	432	407
2021-09-27T21:18:26	432	423	434	408
2021-09-27T21:18:56	435	425	436	409
2021-09-27T21:19:26	434	426	436	410
2021-09-27T21:19:56	437	427	437	411
2021-09-27T21:20:26	437	428	441	412
2021-09-27T21:20:56	437	428	438	413
2021-09-27T21:21:26	440	429	441	414
2021-09-27T21:21:56	438	430	441	415
2021-09-27T21:22:26	441	432	442	416
2021-09-27T21:22:56	443	432	445	417
2021-09-27T21:23:26	442	433	443	418
2021-09-27T21:23:56	445	434	447	420
2021-09-27T21:24:26	445	434	445	420
2021-09-27T21:24:56	447	435	448	421
2021-09-27T21:25:26	447	436	448	422
2021-09-27T21:25:56	447	438	450	423
2021-09-27T21:26:26	448	438	450	424
2021-09-27T21:26:56	449	439	452	425
2021-09-27T21:27:26	451	440	453	427
2021-09-27T21:27:56	450	440	454	427
2021-09-27T21:28:26	451	441	453	428
2021-09-27T21:28:56	456	442	457	430
2021-09-27T21:29:26	454	443	455	430
2021-09-27T21:29:56	455	445	457	431
2021-09-27T21:30:26	458	446	459	433
2021-09-27T21:30:56	456	446	458	434
2021-09-27T21:31:26	460	447	461	434
2021-09-27T21:31:56	458	448	460	435
2021-09-27T21:32:26	460	449	462	437
2021-09-27T21:32:56	462	451	465	438
2021-09-27T21:33:26	463	451	463	439
2021-09-27T21:33:56	462	452	465	440
2021-09-27T21:34:26	466	453	467	441
2021-09-27T21:34:56	464	454	467	442
2021-09-27T21:35:26	465	455	467	442
2021-09-27T21:35:56	469	456	471	443
2021-09-27T21:36:26	468	457	469	445
2021-09-27T21:36:56	468	458	472	445
2021-09-27T21:37:26	471	458	473	447
2021-09-27T21:37:56	470	459	472	447
2021-09-27T21:38:26	473	461	473	450
2021-09-27T21:38:56	475	461	476	451
2021-09-27T21:39:26	475	462	478	450
2021-09-27T21:39:56	476	463	476	452
2021-09-27T21:40:26	476	464	478	454
2021-09-27T21:40:56	479	465	480	455
2021-09-27T21:41:26	478	466	480	455
2021-09-27T21:41:56	478	467	481	456
2021-09-27T21:42:26	480	468	483	457
2021-09-27T21:42:56	482	469	482	457
2021-09-27T21:43:26	481	470	483	459
2021-09-27T21:43:56	485	471	486	460
2021-09-27T21:44:26	483	472	487	461
2021-09-27T21:44:56	486	472	488	462
2021-09-27T21:45:26	486	473	489	463
2021-09-27T21:45:56	486	474	489	464
2021-09-27T21:46:26	488	474	489	466
2021-09-27T21:46:56	490	476	491	466
2021-09-27T21:47:26	490	476	493	467
2021-09-27T21:47:56	490	477	494	468
2021-09-27T21:48:26	492	478	494	469
2021-09-27T21:48:56	492	479	495	471
2021-09-27T21:49:26	494	479	496	472
2021-09-27T21:49:56	493	481	498	473
2021-09-27T21:50:26	498	482	498	473
2021-09-27T21:50:56	497	483	499	475
2021-09-27T21:51:26	498	484	501	475
2021-09-27T21:51:56	498	485	502	477
2021-09-27T21:52:26	499	485	501	478
2021-09-27T21:52:56	502	486	503	478
2021-09-27T21:53:26	503	487	505	480
2021-09-27T21:53:56	502	488	506	481
2021-09-27T21:54:26	503	489	506	482
2021-09-27T21:54:56	506	490	508	482
2021-09-27T21:55:26	507	492	508	483
2021-09-27T21:55:56	507	492	508	484
2021-09-27T21:56:26	508	494	510	485
2021-09-27T21:56:56	509	494	512	487
2021-09-27T21:57:26	510	495	513	487
2021-09-27T21:57:56	510	496	513	488
2021-09-27T21:58:26	511	497	514	490
2021-09-27T21:58:56	513	498	515	490
2021-09-27T21:59:26	513	499	516	492
2021-09-27T21:59:56	515	499	516	493
2021-09-27T22:00:26	516	501	518	493
2021-09-27T22:00:56	517	501	519	494
2021-09-27T22:01:26	516	503	521	494
2021-09-27T22:01:56	520	503	521	497
2021-09-27T22:02:26	518	504	521	497
2021-09-27T22:02:56	520	505	524	499
2021-09-27T22:03:26	523	506	523	499
2021-09-27T22:03:56	523	507	525	501
2021-09-27T22:04:26	524	508	524	502
2021-09-27T22:04:56	525	509	528	503
2021-09-27T22:05:26	525	510	526	504
2021-09-27T22:05:56	528	511	530	505
2021-09-27T22:06:26	528	511	530	506
2021-09-27T22:06:56	528	512	531	507
2021-09-27T22:07:26	529	513	532	507
2021-09-27T22:07:56	531	515	533	509
2021-09-27T22:08:26	533	515	533	510
2021-09-27T22:08:56	531	516	534	511
2021-09-27T22:09:26	534	517	536	512
2021-09-27T22:09:56	535	518	536	513
2021-09-27T22:10:26	537	520	538	514
2021-09-27T22:10:56	537	520	537	515
2021-09-27T22:11:26	537	521	539	516
2021-09-27T22:11:56	539	522	541	517
2021-09-27T22:12:26	540	524	541	518
2021-09-27T22:12:56	539	525	542	519
2021-09-27T22:13:26	542	525	545	520
2021-09-27T22:13:56	542	526	544	521
2021-09-27T22:14:26	543	526	545	522
2021-09-27T22:14:56	546	529	548	523
2021-09-27T22:15:26	546	529	547	524
2021-09-27T22:15:56	546	530	550	525
2021-09-27T22:16:26	546	531	548	526
2021-09-27T22:16:56	549	532	550	527
2021-09-27T22:17:26	551	532	553	528
2021-09-27T22:17:56	550	533	552	529
2021-09-27T22:18:26	550	534	553	530
2021-09-27T22:18:56	551	536	554	531
2021-09-27T22:19:26	552	537	555	533
2021-09-27T22:19:56	554	537	556	533
2021-09-27T22:20:26	557	539	558	534
2021-09-27T22:20:56	555	538	557	536
2021-09-27T22:21:26	556	539	559	537
2021-09-27T22:21:56	559	540	560	538
2021-09-27T22:22:26	560	542	563	539
2021-09-27T22:22:56	560	542	562	540
2021-09-27T22:23:26	560	544	562	541
2021-09-27T22:23:56	563	545	564	542
2021-09-27T22:24:26	563	546	566	543
2021-09-27T22:24:56	565	547	566	544
2021-09-27T22:25:26	565	548	567	545
2021-09-27T22:25:56	565	549	568	546
2021-09-27T22:26:26	569	550	570	547
2021-09-27T22:26:56	569	550	571	548
2021-09-27T22:27:26	569	552	570	549
2021-09-27T22:27:56	569	553	571	550
2021-09-27T22:28:26	572	554	573	551
2021-09-27T22:28:56	573	554	574	552
2021-09-27T22:29:26	573	556	576	553
2021-09-27T22:29:56	575	556	576	554
2021-09-27T22:30:26	575	557	577	555
2021-09-27T22:30:56	576	559	579	556
2021-09-27T22:31:26	576	560	579	558
2021-09-27T22:31:56	577	560	580	559
2021-09-27T22:32:26	580	562	581	560
2021-09-27T22:32:56	581	563	583	561
2021-09-27T22:33:26	580	564	582	562
2021-09-27T22:33:56	581	564	585	563
2021-09-27T22:34:26	583	565	584	564
2021-09-27T22:34:56	583	566	587	565
2021-09-27T22:35:26	584	567	586	566
2021-09-27T22:35:56	586	568	587	567
2021-09-27T22:36:26	589	569	589	568
2021-09-27T22:36:56	587	570	590	569
2021-09-27T22:37:26	588	571	590	570
2021-09-27T22:37:56	590	572	592	572
2021-09-27T22:38:26	593	573	592	572
2021-09-27T22:38:56	593	574	594	573
2021-09-27T22:39:26	592	575	594	574
2021-09-27T22:39:56	593	576	597	575
2021-09-27T22:40:26	595	576	598	576
2021-09-27T22:40:56	595	577	597	577
2021-09-27T22:41:26	597	579	600	579
2021-09-27T22:41:56	598	579	601	580
2021-09-27T22:42:26	599	581	600	581
2021-09-27T22:42:56	600	582	602	582
2021-09-27T22:43:26	601	583	604	583
2021-09-27T22:43:56	603	584	604	584
2021-09-27T22:44:26	603	585	606	585
2021-09-27T22:44:56	604	586	606	586
2021-09-27T22:45:26	605	586	608	587
2021-09-27T22:45:56	607	588	609	588
2021-09-27T22:46:26	607	588	610	589
2021-09-27T22:46:56	607	589	609	590
2021-09-27T22:47:26	609	590	613	591
2021-09-27T22:47:56	610	591	611	592
2021-09-27T22:48:26	612	591	614	594
2021-09-27T22:48:56	611	593	614	594
2021-09-27T22:49:26	612	594	614	595
2021-09-27T22:49:56	615	594	616	597
2021-09-27T22:50:26	615	595	616	598
2021-09-27T22:50:56	616	597	619	599
2021-09-27T22:51:26	616	598	618	599
2021-09-27T22:51:56	617	598	619	600
2021-09-27T22:52:26	618	599	621	602
2021-09-27T22:52:56	621	600	623	602
2021-09-27T22:53:26	621	601	622	603
2021-09-27T22:53:56	620	602	623	605
2021-09-27T22:54:26	623	603	625	606
2021-09-27T22:54:56	623	604	627	607
2021-09-27T22:55:26	624	605	627	608
2021-09-27T22:55:56	625	606	627	609
2021-09-27T22:56:26	627	607	630	610
2021-09-27T22:56:56	627	609	630	611
2021-09-27T22:57:26	629	609	632	612
2021-09-27T22:57:56	629	610	631	613
2021-09-27T22:58:26	630	611	632	614
2021-09-27T22:58:56	631	611	634	615
2021-09-27T22:59:26	633	612	634	616
2021-09-27T22:59:56	634	614	636	617
2021-09-27T23:00:26	635	614	636	618
2021-09-27T23:00:56	636	616	638	619
2021-09-27T23:01:26	638	616	639	620
2021-09-27T23:01:56	638	618	641	621
2021-09-27T23:02:26	639	618	640	622
2021-09-27T23:02:56	639	620	642	623
2021-09-27T23:03:26	639	621	643	624
2021-09-27T23:03:56	641	622	642	626
2021-09-27T23:04:26	643	623	645	627
2021-09-27T23:04:56	644	624	646	628
2021-09-27T23:05:26	645	625	647	629
2021-09-27T23:05:56	646	625	647	630
2021-09-27T23:06:26	646	626	649	631
2021-09-27T23:06:56	648	628	650	632
2021-09-27T23:07:26	649	628	649	633
2021-09-27T23:07:56	650	630	652	634
2021-09-27T23:08:26	651	631	653	635
2021-09-27T23:08:56	652	632	654	636
2021-09-27T23:09:26	653	632	654	637
2021-09-27T23:09:56	654	634	656	638
2021-09-27T23:10:26	655	634	657	639
2021-09-27T23:10:56	655	635	656	640
2021-09-27T23:11:26	657	636	660	641
2021-09-27T23:11:56	658	637	659	642
2021-09-27T23:12:26	659	639	661	643
2021-09-27T23:12:56	660	639	661	644
2021-09-27T23:13:26	661	640	664	645
2021-09-27T23:13:56	663	641	663	646
2021-09-27T23:14:26	663	642	665	647
2021-09-27T23:14:56	664	643	666	648
2021-09-27T23:15:26	664	644	667	650
2021-09-27T23:15:56	666	646	668	650
2021-09-27T23:16:26	667	646	668	652
2021-09-27T23:16:56	668	648	671	653
2021-09-27T23:17:26	669	648	670	653
2021-09-27T23:17:56	669	649	671	655
2021-09-27T23:18:26	671	650	672	656
2021-09-27T23:18:56	672	651	673	657
2021-09-27T23:19:26	674	653	674	658
2021-09-27T23:19:56	673	652	674	659
2021-09-27T23:20:26	675	654	677	660
2021-09-27T23:20:56	676	656	677	661
2021-09-27T23:21:26	677	656	678	662
2021-09-27T23:21:56	677	657	680	663
2021-09-27T23:22:26	678	658	680	664
2021-09-27T23:22:56	680	659	682	665
2021-09-27T23:23:26	680	659	681	666
2021-09-27T23:23:56	682	661	684	667
2021-09-27T23:24:26	683	662	683	668
2021-09-27T23:24:56	682	662	685	669
2021-09-27T23:25:26	684	663	686	670
2021-09-27T23:25:56	686	665	688	671
2021-09-27T23:26:26	687	665	688	672
2021-09-27T23:26:56	686	666	688	673
2021-09-27T23:27:26	688	668	692	674
2021-09-27T23:27:56	689	668	689	675
2021-09-27T23:28:26	689	669	692	676
2021-09-27T23:28:56	690	670	692	677
2021-09-27T23:29:26	693	671	695	678
2021-09-27T23:29:56	694	672	694	680
2021-09-27T23:30:26	694	673	697	680
2021-09-27T23:30:56	695	674	697	681
2021-09-27T23:31:26	696	675	697	682
2021-09-27T23:31:56	696	676	699	683
2021-09-27T23:32:26	697	677	700	684
2021-09-27T23:32:56	700	678	702	685
2021-09-27T23:33:26	700	679	701	686
2021-09-27T23:33:56	700	680	703	688
2021-09-27T23:34:26	701	681	703	689
2021-09-27T23:34:56	702	682	705	690
2021-09-27T23:35:26	703	683	705	691
2021-09-27T23:35:56	704	684	707	692
2021-09-27T23:36:26	705	685	708	693
2021-09-27T23:36:56	706	686	709	694
2021-09-27T23:37:26	707	687	710	695
2021-09-27T23:37:56	708	687	709	697
2021-09-27T23:38:26	710	689	711	696
2021-09-27T23:38:56	709	690	714	698
2021-09-27T23:39:26	710	691	714	699
2021-09-27T23:39:56	712	692	714	700
2021-09-27T23:40:26	714	692	715	701
2021-09-27T23:40:56	713	694	717	702
2021-09-27T23:41:26	715	695	718	703
2021-09-27T23:41:56	717	696	719	704
2021-09-27T23:42:26	716	697	720	705
2021-09-27T23:42:56	719	697	721	706
2021-09-27T23:43:26	718	700	721	707
2021-09-27T23:43:56	720	699	722	709
2021-09-27T23:44:26	722	701	724	709
2021-09-27T23:44:56	721	701	725	711
2021-09-27T23:45:26	723	704	727	712
2021-09-27T23:45:56	723	705	726	713
2021-09-27T23:46:26	725	705	728	714
2021-09-27T23:46:56	725	705	729	714
2021-09-27T23:47:26	727	707	730	715
2021-09-27T23:47:56	728	708	730	716
2021-09-27T23:48:26	729	709	731	717
2021-09-27T23:48:56	730	710	732	718
2021-09-27T23:49:26	731	712	735	719
2021-09-27T23:49:56	732	713	735	721
2021-09-27T23:50:26	733	713	735	722
2021-09-27T23:50:56	733	715	737	722
2021-09-27T23:51:26	735	716	737	723
2021-09-27T23:51:56	736	717	738	724
2021-09-27T23:52:26	737	718	740	726
2021-09-27T23:52:56	738	719	739	726
2021-09-27T23:53:26	740	719	741	728
2021-09-27T23:53:56	739	721	743	729
2021-09-27T23:54:26	740	722	745	729
2021-09-27T23:54:56	742	722	744	730
2021-09-27T23:55:26	744	723	746	732
2021-09-27T23:55:56	745	725	746	734
2021-09-27T23:56:26	745	726	749	733
2021-09-27T23:56:56	746	726	749	735
2021-09-27T23:57:26	746	728	750	737
2021-09-27T23:57:56	749	728	751	737
2021-09-27T23:58:26	750	729	751	738
2021-09-27T23:58:56	750	730	753	739
2021-09-27T23:59:26	751	731	754	740
2021-09-27T23:59:56	751	732	755	741
2021-09-28T00:00:26	754	733	756	743
2021-09-28T00:00:56	755	734	757	742
2021-09-28T00:01:26	756	735	758	744
2021-09-28T00:01:56	756	736	759	745
2021-09-28T00:02:26	757	738	760	745
2021-09-28T00:02:56	759	738	759	746
2021-09-28T00:03:26	759	738	762	748
2021-09-28T00:03:56	761	740	763	748
2021-09-28T00:04:26	761	741	763	750
2021-09-28T00:04:56	762	742	765	751
2021-09-28T00:05:26	764	743	766	751
2021-09-28T00:05:56	765	743	765	752
2021-09-28T00:06:26	766	745	767	754
2021-09-28T00:06:56	766	746	769	755
2021-09-28T00:07:26	767	747	770	755
2021-09-28T00:07:56	768	748	771	757
2021-09-28T00:08:26	768	749	771	759
2021-09-28T00:08:56	769	750	772	759
2021-09-28T00:09:26	772	751	774	760
2021-09-28T00:09:56	773	752	775	761
2021-09-28T00:10:26	773	752	775	762
2021-09-28T00:10:56	773	753	776	762
2021-09-28T00:11:26	776	754	778	764
2021-09-28T00:11:56	775	755	778	765
2021-09-28T00:12:26	778	756	779	766
2021-09-28T00:12:56	778	757	780	766
2021-09-28T00:13:26	780	758	781	768
2021-09-28T00:13:56	780	759	781	769
2021-09-28T00:14:26	782	760	782	769
2021-09-28T00:14:56	782	760	783	770
2021-09-28T00:15:26	783	762	784	772
2021-09-28T00:15:56	785	763	785	772
2021-09-28T00:16:26	786	764	785	772
2021-09-28T00:16:56	784	764	786	774
2021-09-28T00:17:26	787	765	787	775
2021-09-28T00:17:56	789	766	788	776
2021-09-28T00:18:26	790	767	789	777
2021-09-28T00:18:56	790	768	789	777
2021-09-28T00:19:26	792	768	790	779
2021-09-28T00:19:56	791	769	791	778
2021-09-28T00:20:26	792	770	791	780
2021-09-28T00:20:56	793	770	793	780
2021-09-28T00:21:26	795	771	793	781
2021-09-28T00:21:56	796	772	794	783
2021-09-28T00:22:26	798	773	795	784
2021-09-28T00:22:56	797	774	796	785
2021-09-28T00:23:26	798	775	797	786
2021-09-28T00:23:56	800	775	798	787
2021-09-28T00:24:26	801	777	800	788
2021-09-28T00:24:56	802	777	800	789
2021-09-28T00:25:26	802	778	800	789
2021-09-28T00:25:56	802	779	802	790
2021-09-28T00:26:26	803	780	803	791
2021-09-28T00:26:56	806	780	803	792
2021-09-28T00:27:26	806	781	804	793
2021-09-28T00:27:56	806	782	805	794
2021-09-28T00:28:26	808	783	806	795
2021-09-28T00:28:56	809	784	807	796
2021-09-28T00:29:26	810	785	808	797
2021-09-28T00:29:56	811	785	809	798
2021-09-28T00:30:26	811	786	810	799
2021-09-28T00:30:56	812	787	810	800
2021-09-28T00:31:26	814	788	811	800
2021-09-28T00:31:56	814	788	812	801
2021-09-28T00:32:26	817	789	813	802
2021-09-28T00:32:56	816	790	814	803
2021-09-28T00:33:26	816	791	815	804
2021-09-28T00:33:56	819	792	816	805
2021-09-28T00:34:26	821	792	817	806
2021-09-28T00:34:57	820	793	817	807
2021-09-28T00:35:27	822	794	819	809
2021-09-28T00:35:57	823	795	820	810
2021-09-28T00:36:27	823	796	820	810
2021-09-28T00:36:57	826	796	822	811
2021-09-28T00:37:27	825	797	823	813
2021-09-28T00:37:57	825	798	823	813
2021-09-28T00:38:27	828	799	824	814
2021-09-28T00:38:57	829	800	825	816
2021-09-28T00:39:27	830	800	827	817
2021-09-28T00:39:57	830	801	827	818
2021-09-28T00:40:27	832	802	828	819
2021-09-28T00:40:57	832	803	829	820
2021-09-28T00:41:27	833	804	830	821
2021-09-28T00:41:57	835	805	831	821
2021-09-28T00:42:27	835	806	833	823
2021-09-28T00:42:57	837	807	834	824
2021-09-28T00:43:27	836	809	834	825
2021-09-28T00:43:57	839	810	836	826
2021-09-28T00:44:27	838	810	836	827
2021-09-28T00:44:57	842	810	837	828
2021-09-28T00:45:27	841	812	838	829
2021-09-28T00:45:57	843	813	839	830
2021-09-28T00:46:27	843	814	840	831
2021-09-28T00:46:57	846	815	841	832
2021-09-28T00:47:27	845	816	842	833
2021-09-28T00:47:57	846	817	843	834
2021-09-28T00:48:27	849	818	844	835
2021-09-28T00:48:57	849	819	845	837
2021-09-28T00:49:27	849	820	846	838
2021-09-28T00:49:57	850	821	847	839
2021-09-28T00:50:27	853	822	848	840
2021-09-28T00:50:57	854	823	849	841
2021-09-28T00:51:27	853	824	850	842
2021-09-28T00:51:57	856	825	851	843
2021-09-28T00:52:27	857	826	852	844
2021-09-28T00:52:57	855	827	853	845
2021-09-28T00:53:27	858	828	854	846
2021-09-28T00:53:57	860	829	855	847
2021-09-28T00:54:27	861	830	857	847
2021-09-28T00:54:57	860	831	857	849
2021-09-28T00:55:27	862	832	858	850
2021-09-28T00:55:57	862	833	860	851
2021-09-28T00:56:27	863	834	862	852
2021-09-28T00:56:57	865	835	863	853
2021-09-28T00:57:27	866	836	864	854
2021-09-28T00:57:57	868	837	865	855
2021-09-28T00:58:27	869	838	866	856
2021-09-28T00:58:57	870	839	866	858
2021-09-28T00:59:27	869	840	867	859
2021-09-28T00:59:57	871	841	869	859
2021-09-28T01:00:27	871	842	870	860
2021-09-28T01:00:57	873	844	871	862
2021-09-28T01:01:27	874	844	872	863
2021-09-28T01:01:57	875	845	873	863
2021-09-28T01:02:27	876	846	874	865
2021-09-28T01:02:57	878	848	875	866
2021-09-28T01:03:27	878	849	875	867
2021-09-28T01:03:57	880	850	876	868
2021-09-28T01:04:27	880	851	877	869
2021-09-28T01:04:57	879	852	878	870
2021-09-28T01:05:27	883	853	880	871
2021-09-28T01:05:57	882	854	881	872
2021-09-28T01:06:27	885	855	882	873
2021-09-28T01:06:57	885	857	882	874
2021-09-28T01:07:27	887	858	884	875
2021-09-28T01:07:57	885	859	884	877
2021-09-28T01:08:27	887	860	886	877
2021-09-28T01:08:57	890	861	887	878
2021-09-28T01:09:27	889	862	888	880
2021-09-28T01:09:57	892	863	889	881
2021-09-28T01:10:27	892	864	890	882
2021-09-28T01:10:57	893	865	891	883
2021-09-28T01:11:27	894	866	892	884
2021-09-28T01:11:57	896	868	894	885
2021-09-28T01:12:27	895	868	895	886
2021-09-28T01:12:57	898	870	896	887
2021-09-28T01:13:27	899	871	897	888
2021-09-28T01:13:57	899	872	897	889
2021-09-28T01:14:27	898	873	898	890
2021-09-28T01:14:57	899	874	899	891
2021-09-28T01:15:27	900	875	900	892
2021-09-28T01:15:57	899	876	901	892
2021-09-28T01:16:27	899	877	901	893
2021-09-28T01:16:57	897	878	902	893
2021-09-28T01:17:27	899	878	901	894
2021-09-28T01:17:57	900	879	902	894
2021-09-28T01:18:27	900	879	902	894
2021-09-28T01:18:57	899	880	902	894
2021-09-28T01:19:27	899	880	902	894
2021-09-28T01:19:57	900	881	901	895
2021-09-28T01:20:27	899	881	902	895
2021-09-28T01:20:57	900	882	902	895
2021-09-28T01:21:27	898	882	901	895
2021-09-28T01:21:57	899	883	902	895
2021-09-28T01:22:27	898	883	901	896
2021-09-28T01:22:57	898	884	902	895
2021-09-28T01:23:27	900	885	903	896
2021-09-28T01:23:57	900	886	902	896
2021-09-28T01:24:27	899	886	903	896
2021-09-28T01:24:57	900	887	902	897
2021-09-28T01:25:27	899	888	901	896
2021-09-28T01:25:57	897	888	901	896
2021-09-28T01:26:27	901	889	901	897
2021-09-28T01:26:57	899	889	902	897
2021-09-28T01:27:27	899	890	903	897
2021-09-28T01:27:57	900	890	902	897
2021-09-28T01:28:27	899	890	903	898
2021-09-28T01:28:57	901	890	902	897
2021-09-28T01:29:27	899	890	901	897
2021-09-28T01:29:57	898	890	902	898
2021-09-28T01:30:27	899	891	901	898
2021-09-28T01:30:57	900	891	902	898
2021-09-28T01:31:27	899	891	902	898
2021-09-28T01:31:57	901	891	903	898
2021-09-28T01:32:27	901	892	903	898
2021-09-28T01:32:57	901	893	902	898
2021-09-28T01:33:27	899	893	903	899
2021-09-28T01:33:57	899	893	901	899
2021-09-28T01:34:27	899	894	901	899
2021-09-28T01:34:57	899	894	902	899
2021-09-28T01:35:27	899	894	902	899
2021-09-28T01:35:57	900	894	903	899
2021-09-28T01:36:27	901	894	903	899
2021-09-28T01:36:57	900	894	903	899
2021-09-28T01:37:27	901	894	902	900
2021-09-28T01:37:57	899	894	901	900
2021-09-28T01:38:27	899	894	901	900
2021-09-28T01:38:57	900	894	902	900
2021-09-28T01:39:27	900	894	902	900
2021-09-28T01:39:57	900	894	903	900
2021-09-28T01:40:27	899	894	902	900
2021-09-28T01:40:57	900	894	902	899
2021-09-28T01:41:27	901	895	903	900
2021-09-28T01:41:57	899	895	903	900
2021-09-28T01:42:27	899	895	902	899
2021-09-28T01:42:57	898	895	902	899
2021-09-28T01:43:27	900	895	903	901
2021-09-28T01:43:57	901	895	903	901
2021-09-28T01:44:27	899	895	902	901
2021-09-28T01:44:57	901	896	902	900
2021-09-28T01:45:27	899	896	903	901
2021-09-28T01:45:57	900	896	902	900
2021-09-28T01:46:27	899	896	902	901
2021-09-28T01:46:57	900	897	902	900
2021-09-28T01:47:27	899	897	903	900
2021-09-28T01:47:57	900	897	902	900
2021-09-28T01:48:27	899	897	902	900
2021-09-28T01:48:57	900	897	902	900
2021-09-28T01:49:27	901	897	902	901
2021-09-28T01:49:57	900	897	902	901
2021-09-28T01:50:27	899	898	903	900
2021-09-28T01:50:57	900	898	903	901
2021-09-28T01:51:27	899	898	902	901
2021-09-28T01:51:57	901	898	902	901
2021-09-28T01:52:27	899	899	903	901
2021-09-28T01:52:57	901	898	902	901
2021-09-28T01:53:27	899	898	903	901
2021-09-28T01:53:57	900	898	902	901
2021-09-28T01:54:27	900	898	902	901
2021-09-28T01:54:57	899	900	903	901
2021-09-28T01:55:27	900	899	902	901
2021-09-28T01:55:57	899	900	902	901
2021-09-28T01:56:27	901	900	903	901
2021-09-28T01:56:57	899	899	903	901
2021-09-28T01:57:27	901	899	902	901
2021-09-28T01:57:57	900	899	903	901
2021-09-28T01:58:27	901	899	903	901
2021-09-28T01:58:57	899	899	902	901
2021-09-28T01:59:27	899	899	902	901
2021-09-28T01:59:57	901	899	904	901
2021-09-28T02:00:27	899	899	904	901
2021-09-28T02:00:57	900	899	902	901
2021-09-28T02:01:27	899	899	903	901
2021-09-28T02:01:57	901	899	903	901
2021-09-28T02:02:27	900	899	903	902
2021-09-28T02:02:57	899	899	901	901
2021-09-28T02:03:27	901	899	902	901
2021-09-28T02:03:57	899	899	903	902
2021-09-28T02:04:27	900	899	903	901
2021-09-28T02:04:57	900	899	903	902
2021-09-28T02:05:27	899	899	903	901
2021-09-28T02:05:57	900	899	902	902
2021-09-28T02:06:27	900	899	903	902
2021-09-28T02:06:57	900	899	902	902
2021-09-28T02:07:27	900	898	902	901
2021-09-28T02:07:57	899	899	903	902
2021-09-28T02:08:27	900	899	902	902
2021-09-28T02:08:57	900	900	903	902
2021-09-28T02:09:27	899	899	903	902
2021-09-28T02:09:57	900	899	903	902
2021-09-28T02:10:27	900	899	903	902
2021-09-28T02:10:57	900	899	902	902
2021-09-28T02:11:27	900	900	903	902
2021-09-28T02:11:57	899	899	902	902
2021-09-28T02:12:27	900	899	903	902
2021-09-28T02:12:57	899	899	902	902
2021-09-28T02:13:27	899	899	902	902
2021-09-28T02:13:57	900	899	902	902
2021-09-28T02:14:27	898	900	903	902
2021-09-28T02:14:57	900	899	903	902
2021-09-28T02:15:27	901	899	902	902
2021-09-28T02:15:57	899	899	903	902
2021-09-28T02:16:27	898	899	902	901
2021-09-28T02:16:57	899	900	903	902
2021-09-28T02:17:27	900	899	902	902
2021-09-28T02:17:57	899	899	903	902
2021-09-28T02:18:27	900	899	902	902
2021-09-28T02:18:57	900	899	903	902
2021-09-28T02:19:27	899	899	902	902
2021-09-28T02:19:57	899	899	902	902
2021-09-28T02:20:27	900	900	903	902
2021-09-28T02:20:57	899	899	902	901
2021-09-28T02:21:27	902	899	903	903
2021-09-28T02:21:57	899	899	904	901
2021-09-28T02:22:27	901	899	903	902
2021-09-28T02:22:57	900	900	903	902
2021-09-28T02:23:27	899	900	902	902
2021-09-28T02:23:57	900	900	902	902
2021-09-28T02:24:27	900	899	902	902
2021-09-28T02:24:57	899	899	901	901
2021-09-28T02:25:27	900	900	902	902
2021-09-28T02:25:57	900	900	903	902
2021-09-28T02:26:27	900	899	902	902
2021-09-28T02:26:57	900	899	902	902
2021-09-28T02:27:27	899	899	902	902
2021-09-28T02:27:57	899	899	903	902
2021-09-28T02:28:27	901	899	902	902
2021-09-28T02:28:57	900	899	902	901
2021-09-28T02:29:27	899	899	903	902
2021-09-28T02:29:57	900	899	901	902
2021-09-28T02:30:27	901	900	902	901
2021-09-28T02:30:57	899	900	903	902
2021-09-28T02:31:27	899	899	903	902
2021-09-28T02:31:57	900	899	902	902
2021-09-28T02:32:27	900	899	902	901
2021-09-28T02:32:57	900	899	903	901
2021-09-28T02:33:27	900	899	902	902
2021-09-28T02:33:57	900	899	901	902
2021-09-28T02:34:27	900	899	902	902
2021-09-28T02:34:57	900	899	904	901
2021-09-28T02:35:27	900	899	902	902
2021-09-28T02:35:57	898	899	902	901
2021-09-28T02:36:27	899	899	903	902
2021-09-28T02:36:57	899	899	902	901
2021-09-28T02:37:27	899	899	903	902
2021-09-28T02:37:57	900	899	902	901
2021-09-28T02:38:27	899	899	903	901
2021-09-28T02:38:57	900	899	902	902
2021-09-28T02:39:27	900	899	902	902
2021-09-28T02:39:57	900	899	903	902
2021-09-28T02:40:27	900	899	902	902
2021-09-28T02:40:57	899	899	903	902
2021-09-28T02:41:27	900	899	902	901
2021-09-28T02:41:57	900	899	902	901
2021-09-28T02:42:27	899	899	903	901
2021-09-28T02:42:57	900	899	902	901
2021-09-28T02:43:27	899	899	902	901
2021-09-28T02:43:57	899	899	902	902
2021-09-28T02:44:27	900	899	902	901
2021-09-28T02:44:57	899	899	901	901
2021-09-28T02:45:27	897	897	900	901
2021-09-28T02:45:57	801	865	872	894
2021-09-28T02:46:27	733	781	806	863
2021-09-28T02:46:57	600	688	697	833
2021-09-28T02:47:27	510	608	630	761
2021-09-28T02:47:57	474	526	577	695
2021-09-28T02:48:27	442	475	546	644
2021-09-28T02:48:57	412	442	527	617
2021-09-28T02:49:27	398	426	507	583
2021-09-28T02:49:57	377	404	482	557
2021-09-28T02:50:27	360	388	464	541
2021-09-28T02:50:57	349	376	452	517
