time	T1	T2	T3	T4
2021-09-28T17:57:51	25	28	29	25
2021-09-28T17:58:21	25	28	30	25
2021-09-28T17:58:51	26	29	29	25
2021-09-28T17:59:21	28	30	33	25
2021-09-28T17:59:51	30	32	34	26
2021-09-28T18:00:21	31	33	35	26
2021-09-28T18:00:51	31	34	35	27
2021-09-28T18:01:21	31	34	34	28
2021-09-28T18:01:51	32	34	37	28
2021-09-28T18:02:21	34	36	39	29
2021-09-28T18:02:51	34	37	39	29
2021-09-28T18:03:21	34	37	39	30
2021-09-28T18:03:51	37	38	39	31
2021-09-28T18:04:21	40	40	41	31
2021-09-28T18:04:51	41	41	42	32
2021-09-28T18:05:21	41	41	42	33
2021-09-28T18:05:51	42	42	45	34
2021-09-28T18:06:21	44	44	47	35
2021-09-28T18:06:51	44	45	47	36
2021-09-28T18:07:21	44	45	47	37
2021-09-28T18:07:51	43	46	48	38
2021-09-28T18:08:21	45	48	51	38
2021-09-28T18:08:51	46	49	51	39
2021-09-28T18:09:21	46	48	51	40
2021-09-28T18:09:51	50	49	51	41
2021-09-28T18:10:21	50	50	52	42
2021-09-28T18:10:51	51	51	53	42
2021-09-28T18:11:21	53	54	56	43
2021-09-28T18:11:51	53	55	56	44
2021-09-28T18:12:21	53	55	56	45
2021-09-28T18:12:51	53	56	56	47
2021-09-28T18:13:21	55	57	60	47
2021-09-28T18:13:51	55	59	61	48
2021-09-28T18:14:21	55	58	61	49
2021-09-28T18:14:51	60	60	62	50
2021-09-28T18:15:21	62	61	63	51
2021-09-28T18:15:51	62	61	62	52
2021-09-28T18:16:21	63	63	66	53
2021-09-28T18:16:51	63	64	67	54
2021-09-28T18:17:21	63	66	66	55
2021-09-28T18:17:51	63	65	68	55
2021-09-28T18:18:21	68	68	72	56
2021-09-28T18:18:51	68	68	71	57
2021-09-28T18:19:21	67	69	71	58
2021-09-28T18:19:51	67	69	70	59
2021-09-28T18:20:21	71	70	75	59
2021-09-28T18:20:51	72	72	75	60
2021-09-28T18:21:21	71	72	76	61
2021-09-28T18:21:51	71	73	75	62
2021-09-28T18:22:21	72	75	78	63
2021-09-28T18:22:51	72	76	78	63
2021-09-28T18:23:21	76	77	78	64
2021-09-28T18:23:51	77	77	79	65
2021-09-28T18:24:21	79	78	82	66
2021-09-28T18:24:51	78	80	82	67
2021-09-28T18:25:21	79	81	82	67
2021-09-28T18:25:51	80	82	84	68
2021-09-28T18:26:21	78	83	84	69
2021-09-28T18:26:51	83	83	84	70
2021-09-28T18:27:21	85	84	88	70
2021-09-28T18:27:51	86	86	88	71
2021-09-28T18:28:21	85	86	88	72
2021-09-28T18:28:51	85	86	88	73
2021-09-28T18:29:21	86	89	91	73
2021-09-28T18:29:51	85	90	91	74
2021-09-28T18:30:21	91	91	94	75
2021-09-28T18:30:51	93	91	94	76
2021-09-28T18:31:21	92	91	93	77
2021-09-28T18:31:51	93	92	96	78
2021-09-28T18:32:21	93	94	97	80
2021-09-28T18:32:51	93	95	96	79
2021-09-28T18:33:21	94	96	99	80
2021-09-28T18:33:51	96	97	100	82
2021-09-28T18:34:21	96	98	99	83
2021-09-28T18:34:51	100	99	102	82
2021-09-28T18:35:21	101	100	104	85
2021-09-28T18:35:51	102	101	103	86
2021-09-28T18:36:21	101	101	103	86
2021-09-28T18:36:51	101	103	105	87
2021-09-28T18:37:21	101	104	105	88
2021-09-28T18:37:51	105	105	108	89
2021-09-28T18:38:21	107	107	109	90
2021-09-28T18:38:51	107	107	109	91
2021-09-28T18:39:21	107	108	111	91
2021-09-28T18:39:51	107	109	112	92
2021-09-28T18:40:21	108	109	111	93
2021-09-28T18:40:51	111	110	113	93
2021-09-28T18:41:21	111	111	115	94
2021-09-28T18:41:51	110	111	115	95
2021-09-28T18:42:21	112	113	117	96
2021-09-28T18:42:51	116	115	118	97
2021-09-28T18:43:21	116	116	118	98
2021-09-28T18:43:51	115	116	118	99
2021-09-28T18:44:21	116	118	120	100
2021-09-28T18:44:51	116	119	120	101
2021-09-28T18:45:21	120	120	123	101
2021-09-28T18:45:51	120	120	122	103
2021-09-28T18:46:21	120	121	124	103
2021-09-28T18:46:51	121	124	126	104
2021-09-28T18:47:21	122	124	125	105
2021-09-28T18:47:51	123	124	126	106
2021-09-28T18:48:21	124	125	128	107
2021-09-28T18:48:51	124	126	128	108
2021-09-28T18:49:21	128	128	132	108
2021-09-28T18:49:51	128	128	131	109
2021-09-28T18:50:21	127	129	131	110
2021-09-28T18:50:51	129	130	134	111
2021-09-28T18:51:21	131	131	133	113
2021-09-28T18:51:51	131	131	134	113
2021-09-28T18:52:21	131	133	137	114
2021-09-28T18:52:51	132	134	137	114
2021-09-28T18:53:21	135	134	138	116
2021-09-28T18:53:51	135	134	138	116
2021-09-28T18:54:21	135	135	140	118
2021-09-28T18:54:51	138	137	140	117
2021-09-28T18:55:21	140	137	140	119
2021-09-28T18:55:51	141	139	144	120
2021-09-28T18:56:21	140	140	143	120
2021-09-28T18:56:51	140	141	144	122
2021-09-28T18:57:21	145	143	148	123
2021-09-28T18:57:51	144	143	147	124
2021-09-28T18:58:21	143	143	146	125
2021-09-28T18:58:51	144	145	150	126
2021-09-28T18:59:21	144	147	150	126
2021-09-28T18:59:51	149	148	151	127
2021-09-28T19:00:21	150	148	150	128
2021-09-28T19:00:51	150	149	154	129
2021-09-28T19:01:21	150	151	153	130
2021-09-28T19:01:51	152	151	154	131
2021-09-28T19:02:21	154	152	156	132
2021-09-28T19:02:51	154	152	156	133
2021-09-28T19:03:21	154	153	158	134
2021-09-28T19:03:51	153	154	158	134
2021-09-28T19:04:21	159	155	161	135
2021-09-28T19:04:51	159	156	161	136
2021-09-28T19:05:21	157	157	160	137
2021-09-28T19:05:51	158	159	164	138
2021-09-28T19:06:21	158	160	163	139
2021-09-28T19:06:51	162	160	164	140
2021-09-28T19:07:21	163	160	165	140
2021-09-28T19:07:51	163	162	168	141
2021-09-28T19:08:21	162	162	167	142
2021-09-28T19:08:51	165	162	167	143
2021-09-28T19:09:21	168	164	171	143
2021-09-28T19:09:51	166	165	171	145
2021-09-28T19:10:21	165	166	170	146
2021-09-28T19:10:51	171	167	175	147
2021-09-28T19:11:21	172	169	174	148
2021-09-28T19:11:51	170	168	172	149
2021-09-28T19:12:21	170	170	176	150
2021-09-28T19:12:51	174	171	177	150
2021-09-28T19:13:21	174	171	176	152
2021-09-28T19:13:51	173	172	179	152
2021-09-28T19:14:21	176	174	181	153
2021-09-28T19:14:51	176	174	180	154
2021-09-28T19:15:21	176	175	181	155
2021-09-28T19:15:51	179	176	183	155
2021-09-28T19:16:21	180	177	182	156
2021-09-28T19:16:51	179	177	184	157
2021-09-28T19:17:21	182	179	186	158
2021-09-28T19:17:51	182	179	185	159
2021-09-28T19:18:21	184	179	187	160
2021-09-28T19:18:51	185	181	188	161
2021-09-28T19:19:21	184	181	188	161
2021-09-28T19:19:51	188	183	191	162
2021-09-28T19:20:21	187	183	190	163
2021-09-28T19:20:51	188	184	192	164
2021-09-28T19:21:21	190	186	194	165
2021-09-28T19:21:51	188	186	193	166
2021-09-28T19:22:21	192	187	196	167
2021-09-28T19:22:51	194	189	197	168
2021-09-28T19:23:21	192	188	195	168
2021-09-28T19:23:51	195	189	199	169
2021-09-28T19:24:21	196	190	199	170
2021-09-28T19:24:51	195	190	200	171
2021-09-28T19:25:21	199	193	203	172
2021-09-28T19:25:51	198	193	201	173
2021-09-28T19:26:21	199	194	204	174
2021-09-28T19:26:51	203	195	205	174
2021-09-28T19:27:21	201	195	203	176
2021-09-28T19:27:51	203	196	206	177
2021-09-28T19:28:21	202	196	206	177
2021-09-28T19:28:51	204	197	207	179
2021-09-28T19:29:21	205	198	208	179
2021-09-28T19:29:51	204	200	210	180
2021-09-28T19:30:21	209	201	210	181
2021-09-28T19:30:51	210	202	212	183
2021-09-28T19:31:21	208	202	212	184
2021-09-28T19:31:51	212	204	215	184
2021-09-28T19:32:21	212	204	214	186
2021-09-28T19:32:51	211	205	216	187
2021-09-28T19:33:21	214	206	216	187
2021-09-28T19:33:51	213	206	216	188
2021-09-28T19:34:21	215	209	220	188
2021-09-28T19:34:51	215	209	219	191
2021-09-28T19:35:21	218	209	219	191
2021-09-28T19:35:51	221	211	223	193
2021-09-28T19:36:21	220	211	221	193
2021-09-28T19:36:51	219	212	223	193
2021-09-28T19:37:21	222	212	223	194
2021-09-28T19:37:51	224	213	226	196
2021-09-28T19:38:21	222	214	225	197
2021-09-28T19:38:51	225	216	228	198
2021-09-28T19:39:21	226	216	228	198
2021-09-28T19:39:51	225	218	230	199
2021-09-28T19:40:21	227	219	230	200
2021-09-28T19:40:51	228	219	230	202
2021-09-28T19:41:21	229	221	234	203
2021-09-28T19:41:51	228	221	232	204
2021-09-28T19:42:21	233	222	235	205
2021-09-28T19:42:51	233	223	235	206
2021-09-28T19:43:21	231	223	236	206
2021-09-28T19:43:51	235	224	236	206
2021-09-28T19:44:21	235	225	238	208
2021-09-28T19:44:51	233	226	238	209
2021-09-28T19:45:21	238	228	242	210
2021-09-28T19:45:51	237	228	241	211
2021-09-28T19:46:21	237	229	243	212
2021-09-28T19:46:51	241	229	243	213
2021-09-28T19:47:21	240	231	245	214
2021-09-28T19:47:51	242	231	245	214
2021-09-28T19:48:21	243	232	247	216
2021-09-28T19:48:51	241	233	245	217
2021-09-28T19:49:21	247	234	249	217
2021-09-28T19:49:51	247	234	248	219
2021-09-28T19:50:21	246	235	251	219
2021-09-28T19:50:51	248	237	250	220
2021-09-28T19:51:21	247	237	252	221
2021-09-28T19:51:51	250	238	252	223
2021-09-28T19:52:21	250	239	255	223
2021-09-28T19:52:51	252	240	255	224
2021-09-28T19:53:21	251	240	256	225
2021-09-28T19:53:51	254	242	258	226
2021-09-28T19:54:21	254	243	257	227
2021-09-28T19:54:51	255	243	259	228
2021-09-28T19:55:21	258	244	260	228
2021-09-28T19:55:51	256	245	259	229
2021-09-28T19:56:21	260	245	263	230
2021-09-28T19:56:51	258	247	261	232
2021-09-28T19:57:21	261	248	265	233
2021-09-28T19:57:51	261	249	263	233
2021-09-28T19:58:21	262	249	266	234
2021-09-28T19:58:51	262	251	266	236
2021-09-28T19:59:21	266	252	269	237
2021-09-28T19:59:51	264	252	268	237
2021-09-28T20:00:21	267	253	270	238
2021-09-28T20:00:51	267	254	270	239
2021-09-28T20:01:21	269	255	272	240
2021-09-28T20:01:51	268	256	272	241
2021-09-28T20:02:21	271	257	275	242
2021-09-28T20:02:51	271	259	274	243
2021-09-28T20:03:21	274	259	277	244
2021-09-28T20:03:51	271	260	276	245
2021-09-28T20:04:21	274	260	279	246
2021-09-28T20:04:51	275	262	278	247
2021-09-28T20:05:21	277	263	281	248
2021-09-28T20:05:51	277	263	279	249
2021-09-28T20:06:21	278	264	283	250
2021-09-28T20:06:51	278	265	282	252
2021-09-28T20:07:21	281	266	284	252
2021-09-28T20:07:51	280	266	283	253
2021-09-28T20:08:21	282	268	286	254
2021-09-28T20:08:51	283	268	285	255
2021-09-28T20:09:21	285	270	289	256
2021-09-28T20:09:51	284	270	288	257
2021-09-28T20:10:21	286	271	291	258
2021-09-28T20:10:51	287	272	290	261
2021-09-28T20:11:21	289	273	292	263
2021-09-28T20:11:51	289	275	293	265
2021-09-28T20:12:21	288	275	293	266
2021-09-28T20:12:51	292	277	294	268
2021-09-28T20:13:21	292	277	295	269
2021-09-28T20:13:51	293	279	297	270
2021-09-28T20:14:21	293	280	298	271
2021-09-28T20:14:51	295	280	298	272
2021-09-28T20:15:21	295	281	299	274
2021-09-28T20:15:51	297	281	299	275
2021-09-28T20:16:21	298	282	303	276
2021-09-28T20:16:51	298	283	301	276
2021-09-28T20:17:21	301	284	303	278
2021-09-28T20:17:51	301	285	303	278
2021-09-28T20:18:21	302	286	305	279
2021-09-28T20:18:51	301	286	306	280
2021-09-28T20:19:21	304	289	307	281
2021-09-28T20:19:51	304	289	308	282
2021-09-28T20:20:21	306	290	309	283
2021-09-28T20:20:51	306	291	310	283
2021-09-28T20:21:21	308	291	310	284
2021-09-28T20:21:51	310	293	314	284
2021-09-28T20:22:21	309	293	312	285
2021-09-28T20:22:51	311	294	316	286
2021-09-28T20:23:21	310	294	314	287
2021-09-28T20:23:51	313	296	317	287
2021-09-28T20:24:21	312	296	315	288
2021-09-28T20:24:51	316	297	319	289
2021-09-28T20:25:21	314	298	320	290
2021-09-28T20:25:51	316	299	318	291
2021-09-28T20:26:21	317	300	321	292
2021-09-28T20:26:51	319	301	321	293
2021-09-28T20:27:21	318	302	322	294
2021-09-28T20:27:51	320	303	325	295
2021-09-28T20:28:21	321	304	325	297
2021-09-28T20:28:51	322	304	325	300
2021-09-28T20:29:21	323	305	327	302
2021-09-28T20:29:51	323	307	328	305
2021-09-28T20:30:21	326	307	329	307
2021-09-28T20:30:51	326	309	330	308
2021-09-28T20:31:21	328	309	330	310
2021-09-28T20:31:51	327	310	332	311
2021-09-28T20:32:21	330	312	332	312
2021-09-28T20:32:51	331	312	335	313
2021-09-28T20:33:21	331	313	334	314
2021-09-28T20:33:51	331	313	336	316
2021-09-28T20:34:21	334	315	335	317
2021-09-28T20:34:51	335	316	339	318
2021-09-28T20:35:21	334	317	338	319
2021-09-28T20:35:51	337	318	340	320
2021-09-28T20:36:21	336	319	341	321
2021-09-28T20:36:51	339	320	342	322
2021-09-28T20:37:21	339	320	343	323
2021-09-28T20:37:51	339	322	343	324
2021-09-28T20:38:21	343	324	346	325
2021-09-28T20:38:51	340	324	345	326
2021-09-28T20:39:21	344	324	345	327
2021-09-28T20:39:51	342	325	349	328
2021-09-28T20:40:21	346	325	348	329
2021-09-28T20:40:51	347	326	350	330
2021-09-28T20:41:21	347	328	351	331
2021-09-28T20:41:51	347	329	350	332
2021-09-28T20:42:21	350	330	353	333
2021-09-28T20:42:51	348	331	353	334
2021-09-28T20:43:21	353	332	353	335
2021-09-28T20:43:51	351	332	354	336
2021-09-28T20:44:21	355	334	358	337
2021-09-28T20:44:51	352	335	356	338
2021-09-28T20:45:21	355	336	359	339
2021-09-28T20:45:51	355	336	358	340
2021-09-28T20:46:21	357	338	361	341
2021-09-28T20:46:51	357	338	359	342
2021-09-28T20:47:21	360	339	363	343
2021-09-28T20:47:51	358	340	364	344
2021-09-28T20:48:21	362	341	364	345
2021-09-28T20:48:51	362	341	365	346
2021-09-28T20:49:21	362	343	367	347
2021-09-28T20:49:51	363	343	367	348
2021-09-28T20:50:21	364	344	367	350
2021-09-28T20:50:51	367	345	369	351
2021-09-28T20:51:21	365	347	370	351
2021-09-28T20:51:51	369	347	370	352
2021-09-28T20:52:21	368	348	372	354
2021-09-28T20:52:51	370	349	373	355
2021-09-28T20:53:21	369	350	373	355
2021-09-28T20:53:51	372	351	376	357
2021-09-28T20:54:21	373	351	375	357
2021-09-28T20:54:51	373	353	377	359
2021-09-28T20:55:21	374	354	377	359
2021-09-28T20:55:51	375	356	378	360
2021-09-28T20:56:21	377	356	381	361
2021-09-28T20:56:51	377	356	380	362
2021-09-28T20:57:21	378	358	382	364
2021-09-28T20:57:51	380	358	383	364
2021-09-28T20:58:21	379	360	385	365
2021-09-28T20:58:51	383	361	386	366
2021-09-28T20:59:21	381	361	384	368
2021-09-28T20:59:51	384	363	387	369
2021-09-28T21:00:21	385	363	389	369
2021-09-28T21:00:51	384	364	389	371
2021-09-28T21:01:21	387	365	390	372
2021-09-28T21:01:51	387	366	390	373
2021-09-28T21:02:21	388	368	391	373
2021-09-28T21:02:51	389	368	393	374
2021-09-28T21:03:21	389	369	392	375
2021-09-28T21:03:51	392	370	395	376
2021-09-28T21:04:21	393	370	396	378
2021-09-28T21:04:51	393	372	396	378
2021-09-28T21:05:21	394	373	399	379
2021-09-28T21:05:51	396	373	398	380
2021-09-28T21:06:21	395	375	400	382
2021-09-28T21:06:51	397	376	401	382
2021-09-28T21:07:21	400	376	403	383
2021-09-28T21:07:51	398	376	402	384
2021-09-28T21:08:21	401	377	404	385
2021-09-28T21:08:51	401	378	404	387
2021-09-28T21:09:21	401	379	405	387
2021-09-28T21:09:51	403	380	407	388
2021-09-28T21:10:21	405	381	409	389
2021-09-28T21:10:51	404	382	407	390
2021-09-28T21:11:21	406	384	410	391
2021-09-28T21:11:51	406	384	411	392
2021-09-28T21:12:21	409	386	411	394
2021-09-28T21:12:51	410	386	414	394
2021-09-28T21:13:21	410	387	412	394
2021-09-28T21:13:51	411	389	415	396
2021-09-28T21:14:21	411	389	415	397
2021-09-28T21:14:51	413	390	415	398
2021-09-28T21:15:21	414	392	419	399
2021-09-28T21:15:51	415	392	418	400
2021-09-28T21:16:21	418	392	420	401
2021-09-28T21:16:51	416	394	420	402
2021-09-28T21:17:21	417	395	420	403
2021-09-28T21:17:51	418	396	423	404
2021-09-28T21:18:21	420	397	423	405
2021-09-28T21:18:51	421	397	423	406
2021-09-28T21:19:21	423	399	426	408
2021-09-28T21:19:51	423	399	426	409
2021-09-28T21:20:21	422	399	426	409
2021-09-28T21:20:51	425	401	427	411
2021-09-28T21:21:21	426	402	429	411
2021-09-28T21:21:51	426	403	430	412
2021-09-28T21:22:21	427	404	432	413
2021-09-28T21:22:51	429	404	432	414
2021-09-28T21:23:21	429	406	433	415
2021-09-28T21:23:51	432	407	435	417
2021-09-28T21:24:21	431	408	433	417
2021-09-28T21:24:51	434	409	436	419
2021-09-28T21:25:21	435	410	439	420
2021-09-28T21:25:51	435	410	438	420
2021-09-28T21:26:21	436	412	438	421
2021-09-28T21:26:51	437	413	440	423
2021-09-28T21:27:21	437	413	440	424
2021-09-28T21:27:51	439	415	442	425
2021-09-28T21:28:21	441	416	443	424
2021-09-28T21:28:51	440	416	443	426
2021-09-28T21:29:21	442	417	445	428
2021-09-28T21:29:51	443	418	447	429
2021-09-28T21:30:21	443	419	446	429
2021-09-28T21:30:51	445	420	448	430
2021-09-28T21:31:21	445	421	449	431
2021-09-28T21:31:51	445	421	450	432
2021-09-28T21:32:21	448	423	450	434
2021-09-28T21:32:51	449	425	453	435
2021-09-28T21:33:21	449	425	452	436
2021-09-28T21:33:51	451	427	454	436
2021-09-28T21:34:21	453	427	455	437
2021-09-28T21:34:51	452	428	455	438
2021-09-28T21:35:21	453	428	456	440
2021-09-28T21:35:51	454	431	458	441
2021-09-28T21:36:21	455	431	458	442
2021-09-28T21:36:51	457	433	461	441
2021-09-28T21:37:21	457	432	460	443
2021-09-28T21:37:51	458	433	460	445
2021-09-28T21:38:21	460	434	462	444
2021-09-28T21:38:51	461	436	464	446
2021-09-28T21:39:21	461	436	465	447
2021-09-28T21:39:51	461	437	464	448
2021-09-28T21:40:21	466	439	467	449
2021-09-28T21:40:51	464	439	468	450
2021-09-28T21:41:21	466	441	470	451
2021-09-28T21:41:51	466	442	469	452
2021-09-28T21:42:21	466	443	469	454
2021-09-28T21:42:51	469	444	473	454
2021-09-28T21:43:21	468	444	472	454
2021-09-28T21:43:51	469	446	472	456
2021-09-28T21:44:21	472	447	475	457
2021-09-28T21:44:51	473	448	475	458
2021-09-28T21:45:21	474	448	475	459
2021-09-28T21:45:51	474	450	477	459
2021-09-28T21:46:21	477	452	480	460
2021-09-28T21:46:51	475	451	479	461
2021-09-28T21:47:21	476	453	481	461
2021-09-28T21:47:51	479	454	482	463
2021-09-28T21:48:21	478	455	483	464
2021-09-28T21:48:51	479	456	482	465
2021-09-28T21:49:21	481	457	484	466
2021-09-28T21:49:51	483	457	486	467
2021-09-28T21:50:21	482	459	488	469
2021-09-28T21:50:51	483	459	486	470
2021-09-28T21:51:21	486	459	488	471
2021-09-28T21:51:51	485	461	491	472
2021-09-28T21:52:21	487	462	490	473
2021-09-28T21:52:51	489	463	492	474
2021-09-28T21:53:21	489	463	493	475
2021-09-28T21:53:51	490	464	493	476
2021-09-28T21:54:21	491	465	494	477
2021-09-28T21:54:51	493	467	495	478
2021-09-28T21:55:21	492	468	496	478
2021-09-28T21:55:51	495	470	498	480
2021-09-28T21:56:21	496	469	499	481
2021-09-28T21:56:51	495	471	499	482
2021-09-28T21:57:21	496	472	501	482
2021-09-28T21:57:51	498	472	501	484
2021-09-28T21:58:21	499	474	502	485
2021-09-28T21:58:51	501	475	504	486
2021-09-28T21:59:21	501	476	505	487
2021-09-28T21:59:51	503	478	503	488
2021-09-28T22:00:21	502	479	505	489
2021-09-28T22:00:51	503	480	508	490
2021-09-28T22:01:21	503	480	507	491
2021-09-28T22:01:51	506	481	508	492
2021-09-28T22:02:21	506	483	511	493
2021-09-28T22:02:51	507	483	511	494
2021-09-28T22:03:21	509	485	513	495
2021-09-28T22:03:51	510	485	512	496
2021-09-28T22:04:21	509	486	515	498
2021-09-28T22:04:51	511	487	515	498
2021-09-28T22:05:21	511	488	515	499
2021-09-28T22:05:51	513	490	516	501
2021-09-28T22:06:21	514	490	517	502
2021-09-28T22:06:51	516	492	520	503
2021-09-28T22:07:21	517	493	521	504
2021-09-28T22:07:51	517	493	520	505
2021-09-28T22:08:21	519	494	523	506
2021-09-28T22:08:51	521	496	523	507
2021-09-28T22:09:21	521	497	523	508
2021-09-28T22:09:51	523	498	524	509
2021-09-28T22:10:21	522	499	526	510
2021-09-28T22:10:51	524	501	527	511
2021-09-28T22:11:21	524	500	526	512
2021-09-28T22:11:51	527	501	528	513
2021-09-28T22:12:21	528	503	531	514
2021-09-28T22:12:51	528	505	532	515
2021-09-28T22:13:21	527	505	531	516
2021-09-28T22:13:51	529	505	533	517
2021-09-28T22:14:21	530	506	535	518
2021-09-28T22:14:51	532	506	534	519
2021-09-28T22:15:21	533	509	536	520
2021-09-28T22:15:51	534	509	537	521
2021-09-28T22:16:21	534	510	536	522
2021-09-28T22:16:51	534	510	540	523
2021-09-28T22:17:21	537	512	539	524
2021-09-28T22:17:51	537	514	541	525
2021-09-28T22:18:21	539	514	542	526
2021-09-28T22:18:51	539	516	542	527
2021-09-28T22:19:21	540	517	544	529
2021-09-28T22:19:51	541	518	544	529
2021-09-28T22:20:21	542	520	546	531
2021-09-28T22:20:51	544	521	545	532
2021-09-28T22:21:21	546	521	548	533
2021-09-28T22:21:51	545	522	548	533
2021-09-28T22:22:21	546	523	550	535
2021-09-28T22:22:51	547	524	551	536
2021-09-28T22:23:21	548	526	552	537
2021-09-28T22:23:51	548	526	552	538
2021-09-28T22:24:21	549	527	552	539
2021-09-28T22:24:51	551	528	554	540
2021-09-28T22:25:21	554	529	556	541
2021-09-28T22:25:51	552	530	555	542
2021-09-28T22:26:21	554	532	556	542
2021-09-28T22:26:51	556	533	558	544
2021-09-28T22:27:21	556	534	560	545
2021-09-28T22:27:51	557	536	561	547
2021-09-28T22:28:21	558	536	562	548
2021-09-28T22:28:51	560	537	563	549
2021-09-28T22:29:21	560	537	565	549
2021-09-28T22:29:51	561	539	565	551
2021-09-28T22:30:21	563	540	564	552
2021-09-28T22:30:51	564	541	567	553
2021-09-28T22:31:21	563	541	568	554
2021-09-28T22:31:51	565	543	568	555
2021-09-28T22:32:21	564	543	569	556
2021-09-28T22:32:51	567	544	569	557
2021-09-28T22:33:21	568	546	571	558
2021-09-28T22:33:51	568	547	572	560
2021-09-28T22:34:21	571	548	574	560
2021-09-28T22:34:51	572	548	575	561
2021-09-28T22:35:21	571	549	575	562
2021-09-28T22:35:51	572	550	577	563
2021-09-28T22:36:21	574	551	576	565
2021-09-28T22:36:51	574	552	579	566
2021-09-28T22:37:21	576	553	579	567
2021-09-28T22:37:51	577	554	580	568
2021-09-28T22:38:21	578	555	580	569
2021-09-28T22:38:51	578	556	583	570
2021-09-28T22:39:21	580	557	583	571
2021-09-28T22:39:51	581	558	583	572
2021-09-28T22:40:21	580	559	584	573
2021-09-28T22:40:51	582	560	587	574
2021-09-28T22:41:21	584	562	586	575
2021-09-28T22:41:51	585	562	588	576
2021-09-28T22:42:21	586	563	588	577
2021-09-28T22:42:51	585	564	589	578
2021-09-28T22:43:21	587	565	590	579
2021-09-28T22:43:51	589	565	591	580
2021-09-28T22:44:21	589	567	594	581
2021-09-28T22:44:51	591	568	593	582
2021-09-28T22:45:21	592	569	594	583
2021-09-28T22:45:51	593	570	595	584
2021-09-28T22:46:21	595	570	596	586
2021-09-28T22:46:51	595	572	599	587
2021-09-28T22:47:21	595	573	597	587
2021-09-28T22:47:51	595	574	599	589
2021-09-28T22:48:21	598	576	601	590
2021-09-28T22:48:51	599	576	602	591
2021-09-28T22:49:21	600	576	602	592
2021-09-28T22:49:51	601	577	604	593
2021-09-28T22:50:21	602	578	604	594
2021-09-28T22:50:51	603	578	605	595
2021-09-28T22:51:21	604	579	605	596
2021-09-28T22:51:51	605	581	608	597
2021-09-28T22:52:21	604	582	607	598
2021-09-28T22:52:51	608	583	609	599
2021-09-28T22:53:21	607	584	610	600
2021-09-28T22:53:51	608	585	611	601
2021-09-28T22:54:21	611	586	612	602
2021-09-28T22:54:51	611	587	613	603
2021-09-28T22:55:21	612	588	615	604
2021-09-28T22:55:51	612	588	614	606
2021-09-28T22:56:21	612	589	617	607
2021-09-28T22:56:51	615	592	617	608
2021-09-28T22:57:21	616	592	618	609
2021-09-28T22:57:51	618	594	619	610
2021-09-28T22:58:21	618	595	620	611
2021-09-28T22:58:51	618	595	622	612
2021-09-28T22:59:21	620	596	623	613
2021-09-28T22:59:51	621	598	624	614
2021-09-28T23:00:21	621	599	625	615
2021-09-28T23:00:51	623	600	623	616
2021-09-28T23:01:21	625	599	626	617
2021-09-28T23:01:51	625	600	628	618
2021-09-28T23:02:21	626	602	627	619
2021-09-28T23:02:51	627	603	630	621
2021-09-28T23:03:21	629	603	630	622
2021-09-28T23:03:51	630	606	631	622
2021-09-28T23:04:21	630	606	631	623
2021-09-28T23:04:51	629	607	633	625
2021-09-28T23:05:21	630	608	635	626
2021-09-28T23:05:51	631	609	636	627
2021-09-28T23:06:21	634	610	636	627
2021-09-28T23:06:51	635	611	636	629
2021-09-28T23:07:21	635	612	639	630
2021-09-28T23:07:51	635	613	640	631
2021-09-28T23:08:21	636	614	641	632
2021-09-28T23:08:51	638	616	641	633
2021-09-28T23:09:21	640	617	644	634
2021-09-28T23:09:51	641	618	642	635
2021-09-28T23:10:21	640	618	643	636
2021-09-28T23:10:51	642	619	645	637
2021-09-28T23:11:21	643	620	646	638
2021-09-28T23:11:51	644	620	647	639
2021-09-28T23:12:21	646	621	648	640
2021-09-28T23:12:51	647	623	650	641
2021-09-28T23:13:21	647	624	650	642
2021-09-28T23:13:51	647	625	651	643
2021-09-28T23:14:21	649	626	653	644
2021-09-28T23:14:51	650	627	654	645
2021-09-28T23:15:21	652	628	653	646
2021-09-28T23:15:51	650	628	655	647
2021-09-28T23:16:21	652	630	655	648
2021-09-28T23:16:51	654	631	657	649
2021-09-28T23:17:21	654	632	658	650
2021-09-28T23:17:51	656	632	658	651
2021-09-28T23:18:21	656	633	659	652
2021-09-28T23:18:51	657	635	660	653
2021-09-28T23:19:21	658	636	662	654
2021-09-28T23:19:51	660	637	663	655
2021-09-28T23:20:21	662	637	664	656
2021-09-28T23:20:51	661	639	664	657
2021-09-28T23:21:21	663	639	665	658
2021-09-28T23:21:51	663	641	667	659
2021-09-28T23:22:21	664	642	668	660
2021-09-28T23:22:51	665	643	668	662
2021-09-28T23:23:21	666	644	669	662
2021-09-28T23:23:51	668	644	670	663
2021-09-28T23:24:21	668	645	671	665
2021-09-28T23:24:51	668	647	672	666
2021-09-28T23:25:21	669	647	673	667
2021-09-28T23:25:51	672	648	674	667
2021-09-28T23:26:21	672	649	674	668
2021-09-28T23:26:51	673	650	677	670
2021-09-28T23:27:21	674	651	677	671
2021-09-28T23:27:51	677	652	678	672
2021-09-28T23:28:21	676	653	679	673
2021-09-28T23:28:51	676	654	680	674
2021-09-28T23:29:21	679	655	681	675
2021-09-28T23:29:51	680	657	681	676
2021-09-28T23:30:21	680	658	683	677
2021-09-28T23:30:51	681	658	684	678
2021-09-28T23:31:21	682	659	684	679
2021-09-28T23:31:51	683	661	686	680
2021-09-28T23:32:21	684	661	686	681
2021-09-28T23:32:51	686	662	687	682
2021-09-28T23:33:21	687	662	688	683
2021-09-28T23:33:51	689	664	691	684
2021-09-28T23:34:21	688	666	690	685
2021-09-28T23:34:51	689	668	693	686
2021-09-28T23:35:21	691	668	693	687
2021-09-28T23:35:51	692	669	694	688
2021-09-28T23:36:21	691	670	695	689
2021-09-28T23:36:51	692	671	696	690
2021-09-28T23:37:21	693	672	697	691
2021-09-28T23:37:51	697	672	699	691
2021-09-28T23:38:21	697	675	698	693
2021-09-28T23:38:51	697	675	701	694
2021-09-28T23:39:21	699	676	701	695
2021-09-28T23:39:51	699	677	702	696
2021-09-28T23:40:21	701	677	703	696
2021-09-28T23:40:51	702	680	704	698
2021-09-28T23:41:21	704	680	704	699
2021-09-28T23:41:51	703	681	707	700
2021-09-28T23:42:21	703	682	707	701
2021-09-28T23:42:51	706	683	706	702
2021-09-28T23:43:21	708	684	710	703
2021-09-28T23:43:51	708	685	710	704
2021-09-28T23:44:21	709	686	711	705
2021-09-28T23:44:51	709	687	712	706
2021-09-28T23:45:21	711	687	713	707
2021-09-28T23:45:51	712	690	713	707
2021-09-28T23:46:21	713	690	714	709
2021-09-28T23:46:51	714	691	715	709
2021-09-28T23:47:21	714	692	717	710
2021-09-28T23:47:51	716	692	718	712
2021-09-28T23:48:21	717	693	719	712
2021-09-28T23:48:51	716	694	721	713
2021-09-28T23:49:21	718	695	721	715
2021-09-28T23:49:51	719	696	723	715
2021-09-28T23:50:21	721	697	724	716
2021-09-28T23:50:51	722	698	724	717
2021-09-28T23:51:21	721	698	724	718
2021-09-28T23:51:51	724	700	726	720
2021-09-28T23:52:21	725	700	726	720
2021-09-28T23:52:51	724	702	729	722
2021-09-28T23:53:21	726	702	728	723
2021-09-28T23:53:51	728	704	730	723
2021-09-28T23:54:21	726	703	729	724
2021-09-28T23:54:51	729	706	732	725
2021-09-28T23:55:21	730	706	730	726
2021-09-28T23:55:51	730	708	734	727
2021-09-28T23:56:21	731	709	734	728
2021-09-28T23:56:51	733	710	735	729
2021-09-28T23:57:21	734	710	736	731
2021-09-28T23:57:51	734	712	738	732
2021-09-28T23:58:21	736	712	739	733
2021-09-28T23:58:51	735	714	740	734
2021-09-28T23:59:21	736	714	739	734
2021-09-28T23:59:51	739	716	742	735
2021-09-29T00:00:21	740	717	742	737
2021-09-29T00:00:51	740	718	744	738
2021-09-29T00:01:21	742	719	743	738
2021-09-29T00:01:51	743	721	747	740
2021-09-29T00:02:21	745	721	747	740
2021-09-29T00:02:51	742	722	745	741
2021-09-29T00:03:21	745	724	749	743
2021-09-29T00:03:51	746	724	748	743
2021-09-29T00:04:21	747	726	750	744
2021-09-29T00:04:51	748	727	752	745
2021-09-29T00:05:21	750	727	751	746
2021-09-29T00:05:51	749	728	754	747
2021-09-29T00:06:21	751	729	754	748
2021-09-29T00:06:51	753	730	756	749
2021-09-29T00:07:21	751	731	755	750
2021-09-29T00:07:51	754	733	757	751
2021-09-29T00:08:21	755	734	757	752
2021-09-29T00:08:51	755	734	759	753
2021-09-29T00:09:21	757	735	760	754
2021-09-29T00:09:51	757	736	761	755
2021-09-29T00:10:21	758	737	762	756
2021-09-29T00:10:51	760	738	764	757
2021-09-29T00:11:21	760	738	764	757
2021-09-29T00:11:51	762	739	766	758
2021-09-29T00:12:21	763	740	767	759
2021-09-29T00:12:51	763	741	768	760
2021-09-29T00:13:21	765	742	766	761
2021-09-29T00:13:51	766	742	768	762
2021-09-29T00:14:21	766	744	769	762
2021-09-29T00:14:51	769	745	770	764
2021-09-29T00:15:21	769	746	771	765
2021-09-29T00:15:51	770	748	772	765
2021-09-29T00:16:21	771	748	774	766
2021-09-29T00:16:51	773	749	775	767
2021-09-29T00:17:21	772	750	774	768
2021-09-29T00:17:51	773	749	776	769
2021-09-29T00:18:21	775	751	777	770
2021-09-29T00:18:51	777	752	778	772
2021-09-29T00:19:21	776	753	779	772
2021-09-29T00:19:51	778	754	780	773
2021-09-29T00:20:21	779	755	781	774
2021-09-29T00:20:51	781	756	783	775
2021-09-29T00:21:21	780	757	783	776
2021-09-29T00:21:51	782	757	784	778
2021-09-29T00:22:21	783	759	786	779
2021-09-29T00:22:51	785	759	786	779
2021-09-29T00:23:21	785	760	788	781
2021-09-29T00:23:51	787	761	788	781
2021-09-29T00:24:21	788	762	789	782
2021-09-29T00:24:51	788	762	790	784
2021-09-29T00:25:21	789	763	791	785
2021-09-29T00:25:51	791	764	791	786
2021-09-29T00:26:21	792	764	792	787
2021-09-29T00:26:52	791	765	792	788
2021-09-29T00:27:22	792	766	795	790
2021-09-29T00:27:52	793	768	795	790
2021-09-29T00:28:22	796	768	796	790
2021-09-29T00:28:52	797	770	798	793
2021-09-29T00:29:22	798	770	798	793
2021-09-29T00:29:52	799	770	799	793
2021-09-29T00:30:22	799	771	800	796
2021-09-29T00:30:52	800	772	801	797
2021-09-29T00:31:22	801	773	801	798
2021-09-29T00:31:52	801	774	802	799
2021-09-29T00:32:22	803	775	803	800
2021-09-29T00:32:52	804	776	804	800
2021-09-29T00:33:22	806	776	804	802
2021-09-29T00:33:52	806	777	805	803
2021-09-29T00:34:22	807	779	807	804
2021-09-29T00:34:52	809	779	807	805
2021-09-29T00:35:22	808	780	808	806
2021-09-29T00:35:52	810	780	810	807
2021-09-29T00:36:22	811	781	810	808
2021-09-29T00:36:52	812	782	811	809
2021-09-29T00:37:22	813	783	813	810
2021-09-29T00:37:52	814	784	813	811
2021-09-29T00:38:22	815	786	815	812
2021-09-29T00:38:52	815	787	815	813
2021-09-29T00:39:22	816	787	816	814
2021-09-29T00:39:52	817	789	817	815
2021-09-29T00:40:22	819	789	818	816
2021-09-29T00:40:52	818	790	819	818
2021-09-29T00:41:22	820	791	820	819
2021-09-29T00:41:52	822	791	821	820
2021-09-29T00:42:22	821	792	821	821
2021-09-29T00:42:52	822	793	823	822
2021-09-29T00:43:22	824	795	823	823
2021-09-29T00:43:52	826	796	824	824
2021-09-29T00:44:22	825	797	825	824
2021-09-29T00:44:52	826	797	827	826
2021-09-29T00:45:22	828	798	827	827
2021-09-29T00:45:52	829	799	828	828
2021-09-29T00:46:22	829	800	829	829
2021-09-29T00:46:52	830	800	830	830
2021-09-29T00:47:22	831	801	830	831
2021-09-29T00:47:52	833	802	831	832
2021-09-29T00:48:22	833	804	832	833
2021-09-29T00:48:52	835	805	833	834
2021-09-29T00:49:22	835	805	834	835
2021-09-29T00:49:52	837	806	835	836
2021-09-29T00:50:22	837	807	836	837
2021-09-29T00:50:52	838	809	837	838
2021-09-29T00:51:22	840	809	838	838
2021-09-29T00:51:52	840	810	839	840
2021-09-29T00:52:22	841	811	840	841
2021-09-29T00:52:52	843	812	841	842
2021-09-29T00:53:22	843	813	841	843
2021-09-29T00:53:52	844	814	843	844
2021-09-29T00:54:22	846	815	843	845
2021-09-29T00:54:52	846	816	844	846
2021-09-29T00:55:22	848	817	845	847
2021-09-29T00:55:52	848	818	846	848
2021-09-29T00:56:22	850	819	847	849
2021-09-29T00:56:52	850	820	848	849
2021-09-29T00:57:22	851	821	849	851
2021-09-29T00:57:52	854	821	850	852
2021-09-29T00:58:22	854	823	851	853
2021-09-29T00:58:52	854	824	852	853
2021-09-29T00:59:22	856	825	854	855
2021-09-29T00:59:52	856	826	854	856
2021-09-29T01:00:22	857	827	855	858
2021-09-29T01:00:52	858	828	856	858
2021-09-29T01:01:22	861	828	857	859
2021-09-29T01:01:52	862	830	859	860
2021-09-29T01:02:22	861	831	859	861
2021-09-29T01:02:52	862	832	860	862
2021-09-29T01:03:22	865	833	862	863
2021-09-29T01:03:52	865	834	862	865
2021-09-29T01:04:22	866	834	863	865
2021-09-29T01:04:52	868	836	864	867
2021-09-29T01:05:22	869	837	866	868
2021-09-29T01:05:52	869	838	866	869
2021-09-29T01:06:22	871	839	867	869
2021-09-29T01:06:52	872	839	868	870
2021-09-29T01:07:22	871	841	869	871
2021-09-29T01:07:52	872	841	870	873
2021-09-29T01:08:22	874	842	871	874
2021-09-29T01:08:52	874	843	872	874
2021-09-29T01:09:22	876	845	873	875
2021-09-29T01:09:52	878	845	874	877
2021-09-29T01:10:22	878	847	874	878
2021-09-29T01:10:52	879	848	876	879
2021-09-29T01:11:22	879	848	877	880
2021-09-29T01:11:52	882	850	878	881
2021-09-29T01:12:22	883	851	879	882
2021-09-29T01:12:52	882	852	880	883
2021-09-29T01:13:22	885	853	881	884
2021-09-29T01:13:52	886	854	882	886
2021-09-29T01:14:22	887	855	883	885
2021-09-29T01:14:52	887	856	884	886
2021-09-29T01:15:22	888	857	885	888
2021-09-29T01:15:52	889	859	886	890
2021-09-29T01:16:22	891	860	887	890
2021-09-29T01:16:52	890	861	887	890
2021-09-29T01:17:22	892	861	889	893
2021-09-29T01:17:52	894	863	890	893
2021-09-29T01:18:22	894	863	890	895
2021-09-29T01:18:52	895	865	892	896
2021-09-29T01:19:22	896	865	893	897
2021-09-29T01:19:52	897	867	894	898
2021-09-29T01:20:22	897	868	894	899
2021-09-29T01:20:52	898	869	896	900
2021-09-29T01:21:22	899	871	897	900
2021-09-29T01:21:52	899	871	897	901
2021-09-29T01:22:22	901	872	899	903
2021-09-29T01:22:52	899	873	899	902
2021-09-29T01:23:22	899	874	900	904
2021-09-29T01:23:52	898	875	901	903
2021-09-29T01:24:22	899	877	901	904
2021-09-29T01:24:52	900	879	902	904
2021-09-29T01:25:22	900	877	902	905
2021-09-29T01:25:52	899	878	901	904
2021-09-29T01:26:22	901	880	902	904
2021-09-29T01:26:52	899	879	902	904
2021-09-29T01:27:22	900	880	902	905
2021-09-29T01:27:52	900	881	902	905
2021-09-29T01:28:22	899	883	902	905
2021-09-29T01:28:52	900	883	902	905
2021-09-29T01:29:22	900	883	903	905
2021-09-29T01:29:52	900	883	902	905
2021-09-29T01:30:22	898	885	903	905
2021-09-29T01:30:52	900	884	902	905
2021-09-29T01:31:22	898	885	902	905
2021-09-29T01:31:52	898	886	901	905
2021-09-29T01:32:22	899	886	901	905
2021-09-29T01:32:52	899	887	902	905
2021-09-29T01:33:22	900	888	902	904
2021-09-29T01:33:52	900	888	903	905
2021-09-29T01:34:22	900	889	902	906
2021-09-29T01:34:52	900	889	902	906
2021-09-29T01:35:22	900	889	903	906
2021-09-29T01:35:52	901	890	902	906
2021-09-29T01:36:22	900	891	902	906
2021-09-29T01:36:52	900	891	903	906
2021-09-29T01:37:22	900	891	903	905
2021-09-29T01:37:52	901	892	904	905
2021-09-29T01:38:22	901	892	902	905
2021-09-29T01:38:52	900	893	903	905
2021-09-29T01:39:22	899	893	903	905
2021-09-29T01:39:52	899	894	902	905
2021-09-29T01:40:22	899	894	902	905
2021-09-29T01:40:52	899	895	901	906
2021-09-29T01:41:22	901	895	902	905
2021-09-29T01:41:52	901	896	903	905
2021-09-29T01:42:22	899	896	903	905
2021-09-29T01:42:52	899	896	902	905
2021-09-29T01:43:22	901	897	902	905
2021-09-29T01:43:52	901	897	903	905
2021-09-29T01:44:22	898	897	902	905
2021-09-29T01:44:52	900	898	903	905
2021-09-29T01:45:22	900	898	901	905
2021-09-29T01:45:52	900	899	903	905
2021-09-29T01:46:22	900	899	903	905
2021-09-29T01:46:52	901	899	903	905
2021-09-29T01:47:22	899	900	902	905
2021-09-29T01:47:52	899	899	902	905
2021-09-29T01:48:22	900	900	902	905
2021-09-29T01:48:52	899	899	903	905
2021-09-29T01:49:22	899	899	902	905
2021-09-29T01:49:52	901	900	903	905
2021-09-29T01:50:22	899	900	903	905
2021-09-29T01:50:52	899	900	902	905
2021-09-29T01:51:22	900	900	902	905
2021-09-29T01:51:52	900	900	902	905
2021-09-29T01:52:22	899	901	903	905
2021-09-29T01:52:52	901	901	903	905
2021-09-29T01:53:22	899	901	902	905
2021-09-29T01:53:52	899	901	902	904
2021-09-29T01:54:22	901	901	903	905
2021-09-29T01:54:52	899	901	901	905
2021-09-29T01:55:22	900	902	902	905
2021-09-29T01:55:52	900	901	903	905
2021-09-29T01:56:22	899	902	902	904
2021-09-29T01:56:52	900	901	901	905
2021-09-29T01:57:22	900	900	902	904
2021-09-29T01:57:52	899	900	902	904
2021-09-29T01:58:22	901	900	903	904
2021-09-29T01:58:52	899	900	903	904
2021-09-29T01:59:22	900	900	903	904
2021-09-29T01:59:52	898	899	901	904
2021-09-29T02:00:22	900	900	902	904
2021-09-29T02:00:52	899	900	903	904
2021-09-29T02:01:22	900	899	901	904
2021-09-29T02:01:52	899	899	901	904
2021-09-29T02:02:22	900	900	901	905
2021-09-29T02:02:52	900	899	902	904
2021-09-29T02:03:22	898	899	902	904
2021-09-29T02:03:52	900	900	902	904
2021-09-29T02:04:22	901	900	903	904
2021-09-29T02:04:52	900	899	902	904
2021-09-29T02:05:22	898	898	902	905
2021-09-29T02:05:52	901	899	901	905
2021-09-29T02:06:22	898	899	901	905
2021-09-29T02:06:52	900	899	902	905
2021-09-29T02:07:22	899	899	902	905
2021-09-29T02:07:52	900	899	902	905
2021-09-29T02:08:22	901	899	902	905
2021-09-29T02:08:52	900	899	903	905
2021-09-29T02:09:22	902	899	903	905
2021-09-29T02:09:52	899	899	903	905
2021-09-29T02:10:22	901	899	902	905
2021-09-29T02:10:52	899	899	902	905
2021-09-29T02:11:22	900	899	901	905
2021-09-29T02:11:52	901	899	903	905
2021-09-29T02:12:22	900	899	903	905
2021-09-29T02:12:52	901	899	903	905
2021-09-29T02:13:22	899	899	903	905
2021-09-29T02:13:52	901	899	902	905
2021-09-29T02:14:22	899	899	902	905
2021-09-29T02:14:52	901	899	901	905
2021-09-29T02:15:22	899	899	902	905
2021-09-29T02:15:52	901	899	903	905
2021-09-29T02:16:22	899	899	902	905
2021-09-29T02:16:52	901	899	903	905
2021-09-29T02:17:22	899	899	902	905
2021-09-29T02:17:52	900	899	901	905
2021-09-29T02:18:22	899	899	902	905
2021-09-29T02:18:52	899	899	902	905
2021-09-29T02:19:22	898	899	903	905
2021-09-29T02:19:52	900	899	903	905
2021-09-29T02:20:22	901	899	903	905
2021-09-29T02:20:52	899	899	901	905
2021-09-29T02:21:22	899	899	902	905
2021-09-29T02:21:52	899	899	902	905
2021-09-29T02:22:22	900	899	902	905
2021-09-29T02:22:52	899	899	902	905
2021-09-29T02:23:22	901	899	903	905
2021-09-29T02:23:52	899	900	902	905
2021-09-29T02:24:22	901	899	903	905
2021-09-29T02:24:52	899	900	903	905
2021-09-29T02:25:22	901	899	903	905
2021-09-29T02:25:52	899	899	902	905
2021-09-29T02:26:22	901	899	902	905
2021-09-29T02:26:52	899	899	903	905
2021-09-29T02:27:22	901	899	902	905
2021-09-29T02:27:52	899	899	902	905
2021-09-29T02:28:22	901	899	902	905
2021-09-29T02:28:52	899	899	901	905
2021-09-29T02:29:22	900	900	902	905
2021-09-29T02:29:52	899	900	903	905
2021-09-29T02:30:22	900	900	903	905
2021-09-29T02:30:52	898	900	903	905
2021-09-29T02:31:22	900	899	902	905
2021-09-29T02:31:52	899	899	903	905
2021-09-29T02:32:22	900	899	902	905
2021-09-29T02:32:52	900	899	902	905
2021-09-29T02:33:22	900	899	902	904
2021-09-29T02:33:52	899	899	902	905
2021-09-29T02:34:22	900	899	903	905
2021-09-29T02:34:52	898	899	903	905
2021-09-29T02:35:22	900	899	903	905
2021-09-29T02:35:52	901	899	903	904
2021-09-29T02:36:22	899	899	901	906
2021-09-29T02:36:52	900	899	902	904
2021-09-29T02:37:22	900	899	903	906
2021-09-29T02:37:52	901	900	901	905
2021-09-29T02:38:22	900	899	902	906
2021-09-29T02:38:52	899	899	902	905
2021-09-29T02:39:22	899	899	903	906
2021-09-29T02:39:52	901	899	902	904
2021-09-29T02:40:22	900	899	902	905
2021-09-29T02:40:52	900	899	902	904
2021-09-29T02:41:22	899	900	903	905
2021-09-29T02:41:52	901	900	904	905
2021-09-29T02:42:22	899	899	901	905
2021-09-29T02:42:52	900	899	901	904
2021-09-29T02:43:22	900	899	903	905
2021-09-29T02:43:52	900	899	903	905
2021-09-29T02:44:22	899	899	903	904
2021-09-29T02:44:52	900	899	903	905
2021-09-29T02:45:22	899	899	902	905
2021-09-29T02:45:52	900	899	902	904
2021-09-29T02:46:22	899	899	902	904
2021-09-29T02:46:52	900	899	903	904
2021-09-29T02:47:22	899	899	903	905
2021-09-29T02:47:52	900	899	903	905
2021-09-29T02:48:22	901	899	902	905
2021-09-29T02:48:52	900	899	902	905
2021-09-29T02:49:22	901	899	901	904
2021-09-29T02:49:52	899	899	902	905
2021-09-29T02:50:22	898	900	902	904
2021-09-29T02:50:52	900	900	902	904
2021-09-29T02:51:22	899	900	903	905
2021-09-29T02:51:52	899	899	901	904
2021-09-29T02:52:22	828	843	880	901
2021-09-29T02:52:52	711	772	773	871
2021-09-29T02:53:22	581	645	689	818
2021-09-29T02:53:52	521	579	611	737
2021-09-29T02:54:22	472	510	568	673
2021-09-29T02:54:52	440	467	537	627
2021-09-29T02:55:22	410	438	520	603
