time	T1	T2	T3	T4
2021-07-27T09:20:37	24	23	26	26
2021-07-27T09:21:07	24	23	26	25
2021-07-27T09:21:37	24	23	26	25
2021-07-27T09:22:07	24	23	26	25
2021-07-27T09:22:37	24	23	26	25
2021-07-27T09:23:07	24	23	26	25
2021-07-27T09:23:37	24	23	26	25
2021-07-27T09:24:07	24	23	26	25
2021-07-27T09:24:37	26	27	30	25
2021-07-27T09:25:07	28	28	31	25
2021-07-27T09:25:37	29	29	32	26
2021-07-27T09:26:07	31	30	33	27
2021-07-27T09:26:37	33	31	34	27
2021-07-27T09:27:07	34	32	35	28
2021-07-27T09:27:37	35	33	36	30
2021-07-27T09:28:07	36	33	37	31
2021-07-27T09:28:37	38	34	37	32
2021-07-27T09:29:07	39	35	38	33
2021-07-27T09:29:37	40	35	39	34
2021-07-27T09:30:07	41	36	40	35
2021-07-27T09:30:37	42	37	41	36
2021-07-27T09:31:07	42	38	41	37
2021-07-27T09:31:37	43	39	42	38
2021-07-27T09:32:07	44	39	43	39
2021-07-27T09:32:37	45	40	44	40
2021-07-27T09:33:07	46	41	44	40
2021-07-27T09:33:37	46	41	45	41
2021-07-27T09:34:07	47	42	46	42
2021-07-27T09:34:37	49	44	48	44
2021-07-27T09:35:07	50	45	49	45
2021-07-27T09:35:37	51	46	49	46
2021-07-27T09:36:07	51	47	50	46
2021-07-27T09:36:37	52	47	51	48
2021-07-27T09:37:07	53	49	53	49
2021-07-27T09:37:37	55	50	53	49
2021-07-27T09:38:07	55	51	54	50
2021-07-27T09:38:37	56	51	55	51
2021-07-27T09:39:07	57	52	56	52
2021-07-27T09:39:37	58	54	57	53
2021-07-27T09:40:07	59	55	58	54
2021-07-27T09:40:37	60	56	59	55
2021-07-27T09:41:07	61	56	60	56
2021-07-27T09:41:37	61	57	60	56
2021-07-27T09:42:07	63	61	65	57
2021-07-27T09:42:37	64	63	66	58
2021-07-27T09:43:07	65	64	68	59
2021-07-27T09:43:37	66	65	68	60
2021-07-27T09:44:07	67	65	69	61
2021-07-27T09:44:37	67	65	69	62
2021-07-27T09:45:07	68	65	69	63
2021-07-27T09:45:37	68	65	69	64
2021-07-27T09:46:07	68	66	70	64
2021-07-27T09:46:37	69	67	70	65
2021-07-27T09:47:07	70	69	71	66
2021-07-27T09:47:37	71	70	72	67
2021-07-27T09:48:07	73	73	76	67
2021-07-27T09:48:37	75	74	77	68
2021-07-27T09:49:07	74	75	78	69
2021-07-27T09:49:37	75	75	78	70
2021-07-27T09:50:07	76	75	78	72
2021-07-27T09:50:37	78	75	79	72
2021-07-27T09:51:07	81	76	80	72
2021-07-27T09:51:37	82	76	80	73
2021-07-27T09:52:07	83	79	84	74
2021-07-27T09:52:37	85	82	86	76
2021-07-27T09:53:07	86	83	86	76
2021-07-27T09:53:37	86	83	87	77
2021-07-27T09:54:07	86	83	87	78
2021-07-27T09:54:37	87	83	87	80
2021-07-27T09:55:07	88	84	89	80
2021-07-27T09:55:37	88	87	91	80
2021-07-27T09:56:07	90	88	92	82
2021-07-27T09:56:37	90	88	92	83
2021-07-27T09:57:07	90	88	93	84
2021-07-27T09:57:37	93	88	93	84
2021-07-27T09:58:07	94	89	93	85
2021-07-27T09:58:37	96	92	96	86
2021-07-27T09:59:07	98	95	98	87
2021-07-27T09:59:37	99	95	100	88
2021-07-27T10:00:07	99	95	100	89
2021-07-27T10:00:37	98	95	99	90
2021-07-27T10:01:07	100	95	100	90
2021-07-27T10:01:37	101	98	103	90
2021-07-27T10:02:07	100	99	103	92
2021-07-27T10:02:37	100	98	103	93
2021-07-27T10:03:07	103	100	105	93
2021-07-27T10:03:37	108	103	107	94
2021-07-27T10:04:07	109	103	107	95
2021-07-27T10:04:37	109	103	107	96
2021-07-27T10:05:07	109	103	108	96
2021-07-27T10:05:37	109	105	110	98
2021-07-27T10:06:07	110	106	110	99
2021-07-27T10:06:37	110	106	110	99
2021-07-27T10:07:07	110	108	111	100
2021-07-27T10:07:37	111	110	114	101
2021-07-27T10:08:07	111	111	115	101
2021-07-27T10:08:37	113	111	115	102
2021-07-27T10:09:07	114	111	115	103
2021-07-27T10:09:37	116	113	117	103
2021-07-27T10:10:07	117	116	120	104
2021-07-27T10:10:37	117	116	121	105
2021-07-27T10:11:07	117	116	120	106
2021-07-27T10:11:37	117	117	121	107
2021-07-27T10:12:07	123	120	124	108
2021-07-27T10:12:37	125	120	124	109
2021-07-27T10:13:07	125	120	124	110
2021-07-27T10:13:37	125	120	124	111
2021-07-27T10:14:07	126	123	127	111
2021-07-27T10:14:37	126	124	128	112
2021-07-27T10:15:07	126	124	127	113
2021-07-27T10:15:37	126	124	129	114
2021-07-27T10:16:07	132	128	132	115
2021-07-27T10:16:37	133	128	133	116
2021-07-27T10:17:07	133	128	132	118
2021-07-27T10:17:37	132	128	132	117
2021-07-27T10:18:07	133	131	135	119
2021-07-27T10:18:37	134	132	137	119
2021-07-27T10:19:07	133	131	136	120
2021-07-27T10:19:37	134	132	135	120
2021-07-27T10:20:07	141	135	140	121
2021-07-27T10:20:37	142	136	141	123
2021-07-27T10:21:07	142	136	140	124
2021-07-27T10:21:37	141	135	140	124
2021-07-27T10:22:07	142	139	144	125
2021-07-27T10:22:37	143	139	144	126
2021-07-27T10:23:07	142	139	143	127
2021-07-27T10:23:37	141	139	143	128
2021-07-27T10:24:07	146	143	148	128
2021-07-27T10:24:37	149	145	149	130
2021-07-27T10:25:07	149	144	148	130
2021-07-27T10:25:37	148	144	148	131
2021-07-27T10:26:07	149	145	150	132
2021-07-27T10:26:37	149	148	152	133
2021-07-27T10:27:07	148	147	151	133
2021-07-27T10:27:37	153	149	154	135
2021-07-27T10:28:07	156	151	155	136
2021-07-27T10:28:37	156	150	154	137
2021-07-27T10:29:07	156	152	156	137
2021-07-27T10:29:37	156	154	158	139
2021-07-27T10:30:07	155	153	157	140
2021-07-27T10:30:37	155	153	158	140
2021-07-27T10:31:07	161	157	163	140
2021-07-27T10:31:37	162	158	162	141
2021-07-27T10:32:07	162	157	161	142
2021-07-27T10:32:37	162	158	163	143
2021-07-27T10:33:07	162	160	165	145
2021-07-27T10:33:37	161	159	165	146
2021-07-27T10:34:07	164	160	165	147
2021-07-27T10:34:37	168	160	165	147
2021-07-27T10:35:07	170	165	168	148
2021-07-27T10:35:37	169	166	170	148
2021-07-27T10:36:07	169	166	169	149
2021-07-27T10:36:37	168	165	168	151
2021-07-27T10:37:07	169	168	174	152
2021-07-27T10:37:37	169	170	175	153
2021-07-27T10:38:07	172	170	175	154
2021-07-27T10:38:37	175	169	174	154
2021-07-27T10:39:07	175	171	177	155
2021-07-27T10:39:37	175	173	177	156
2021-07-27T10:40:07	175	172	176	157
2021-07-27T10:40:37	178	176	180	158
2021-07-27T10:41:07	180	177	181	159
2021-07-27T10:41:37	179	176	181	160
2021-07-27T10:42:07	179	175	180	161
2021-07-27T10:42:37	179	178	183	161
2021-07-27T10:43:07	181	180	186	162
2021-07-27T10:43:37	184	179	185	163
2021-07-27T10:44:07	184	180	184	164
2021-07-27T10:44:37	184	182	186	165
2021-07-27T10:45:07	184	184	188	165
2021-07-27T10:45:37	185	184	188	166
2021-07-27T10:46:07	189	184	188	167
2021-07-27T10:46:37	190	186	191	168
2021-07-27T10:47:07	190	188	193	169
2021-07-27T10:47:37	189	188	193	170
2021-07-27T10:48:07	192	188	192	171
2021-07-27T10:48:37	195	191	196	172
2021-07-27T10:49:07	196	192	196	173
2021-07-27T10:49:37	195	191	194	174
2021-07-27T10:50:07	195	194	199	174
2021-07-27T10:50:37	195	195	199	175
2021-07-27T10:51:07	197	194	198	176
2021-07-27T10:51:37	200	195	199	177
2021-07-27T10:52:07	201	197	201	178
2021-07-27T10:52:37	202	199	203	179
2021-07-27T10:53:07	201	198	202	180
2021-07-27T10:53:37	202	200	205	181
2021-07-27T10:54:07	206	202	208	182
2021-07-27T10:54:37	206	202	207	183
2021-07-27T10:55:07	205	202	208	184
2021-07-27T10:55:37	205	204	209	184
2021-07-27T10:56:07	208	205	208	185
2021-07-27T10:56:37	211	206	210	186
2021-07-27T10:57:07	211	207	210	187
2021-07-27T10:57:37	210	208	211	188
2021-07-27T10:58:07	210	211	214	189
2021-07-27T10:58:37	210	209	213	190
2021-07-27T10:59:07	215	211	216	191
2021-07-27T10:59:37	217	213	217	192
2021-07-27T11:00:07	216	213	216	193
2021-07-27T11:00:37	216	214	219	194
2021-07-27T11:01:07	215	214	218	195
2021-07-27T11:01:37	220	215	220	195
2021-07-27T11:02:07	221	217	222	196
2021-07-27T11:02:37	221	218	221	197
2021-07-27T11:03:07	220	219	222	198
2021-07-27T11:03:37	223	220	226	199
2021-07-27T11:04:07	223	220	225	200
2021-07-27T11:04:37	222	220	224	201
2021-07-27T11:05:07	228	224	229	202
2021-07-27T11:05:37	228	224	228	203
2021-07-27T11:06:07	227	223	229	203
2021-07-27T11:06:37	227	226	231	204
2021-07-27T11:07:07	230	226	231	205
2021-07-27T11:07:37	229	227	231	206
2021-07-27T11:08:07	230	230	234	207
2021-07-27T11:08:37	231	229	234	208
2021-07-27T11:09:07	235	229	235	209
2021-07-27T11:09:37	236	231	236	210
2021-07-27T11:10:07	235	231	235	212
2021-07-27T11:10:37	235	234	239	211
2021-07-27T11:11:07	237	235	239	212
2021-07-27T11:11:37	238	235	240	213
2021-07-27T11:12:07	238	237	241	214
2021-07-27T11:12:37	240	237	240	215
2021-07-27T11:13:07	244	239	244	216
2021-07-27T11:13:37	243	239	244	217
2021-07-27T11:14:07	243	240	245	218
2021-07-27T11:14:37	241	241	245	219
2021-07-27T11:15:07	246	242	246	220
2021-07-27T11:15:37	249	244	249	221
2021-07-27T11:16:07	248	243	248	222
2021-07-27T11:16:37	248	245	250	223
2021-07-27T11:17:07	246	245	250	224
2021-07-27T11:17:37	252	248	253	225
2021-07-27T11:18:07	253	249	253	225
2021-07-27T11:18:37	251	247	252	227
2021-07-27T11:19:07	251	250	256	228
2021-07-27T11:19:37	254	252	257	228
2021-07-27T11:20:07	255	251	256	229
2021-07-27T11:20:37	256	253	258	230
2021-07-27T11:21:07	255	254	258	230
2021-07-27T11:21:37	259	256	260	232
2021-07-27T11:22:07	260	255	259	233
2021-07-27T11:22:37	260	257	262	234
2021-07-27T11:23:07	259	258	261	235
2021-07-27T11:23:37	263	260	265	235
2021-07-27T11:24:07	264	260	264	237
2021-07-27T11:24:37	263	261	266	238
2021-07-27T11:25:07	263	261	265	239
2021-07-27T11:25:37	269	264	269	240
2021-07-27T11:26:07	269	264	269	241
2021-07-27T11:26:37	267	264	270	242
2021-07-27T11:27:07	267	265	269	243
2021-07-27T11:27:37	270	268	273	244
2021-07-27T11:28:07	269	267	273	245
2021-07-27T11:28:37	272	268	273	245
2021-07-27T11:29:07	273	270	274	246
2021-07-27T11:29:37	272	271	275	247
2021-07-27T11:30:07	275	271	276	248
2021-07-27T11:30:37	275	272	276	249
2021-07-27T11:31:07	275	275	280	250
2021-07-27T11:31:37	278	275	280	251
2021-07-27T11:32:07	279	274	279	252
2021-07-27T11:32:37	280	276	281	253
2021-07-27T11:33:07	280	277	283	254
2021-07-27T11:33:37	281	279	283	255
2021-07-27T11:34:07	283	280	284	256
2021-07-27T11:34:37	284	280	285	257
2021-07-27T11:35:07	283	283	287	258
2021-07-27T11:35:37	283	282	287	259
2021-07-27T11:36:07	287	283	287	260
2021-07-27T11:36:37	287	284	289	261
2021-07-27T11:37:07	288	286	291	262
2021-07-27T11:37:37	289	287	291	263
2021-07-27T11:38:07	290	288	292	263
2021-07-27T11:38:37	291	288	293	264
2021-07-27T11:39:07	292	290	295	266
2021-07-27T11:39:37	294	292	296	267
2021-07-27T11:40:07	292	290	295	266
2021-07-27T11:40:37	296	292	296	267
2021-07-27T11:41:07	295	293	298	270
2021-07-27T11:41:37	295	294	299	271
2021-07-27T11:42:07	299	296	301	270
2021-07-27T11:42:37	298	296	301	273
2021-07-27T11:43:07	300	299	303	274
2021-07-27T11:43:37	299	298	303	273
2021-07-27T11:44:07	304	299	305	275
2021-07-27T11:44:37	303	300	305	276
2021-07-27T11:45:07	303	301	305	278
2021-07-27T11:45:37	305	303	308	278
2021-07-27T11:46:07	306	302	306	280
2021-07-27T11:46:37	307	304	310	279
2021-07-27T11:47:07	307	304	310	280
2021-07-27T11:47:37	309	304	309	282
2021-07-27T11:48:07	311	308	313	283
2021-07-27T11:48:37	309	306	312	284
2021-07-27T11:49:07	313	310	314	285
2021-07-27T11:49:37	311	310	316	286
2021-07-27T11:50:07	314	311	317	287
2021-07-27T11:50:37	313	310	315	288
2021-07-27T11:51:07	316	312	318	289
2021-07-27T11:51:37	315	314	318	290
2021-07-27T11:52:07	319	316	321	291
2021-07-27T11:52:37	318	316	320	292
2021-07-27T11:53:07	321	316	321	293
2021-07-27T11:53:37	320	316	322	293
2021-07-27T11:54:07	320	319	324	294
2021-07-27T11:54:37	323	319	324	295
2021-07-27T11:55:07	323	319	324	297
2021-07-27T11:55:37	325	322	327	298
2021-07-27T11:56:07	325	322	326	298
2021-07-27T11:56:37	327	323	329	300
2021-07-27T11:57:07	326	324	329	300
2021-07-27T11:57:37	330	325	331	302
2021-07-27T11:58:07	329	325	331	302
2021-07-27T11:58:37	331	328	334	303
2021-07-27T11:59:07	331	327	334	304
2021-07-27T11:59:37	333	330	335	306
2021-07-27T12:00:07	333	329	335	307
2021-07-27T12:00:37	335	331	337	307
2021-07-27T12:01:07	334	331	336	308
2021-07-27T12:01:37	337	333	338	310
2021-07-27T12:02:07	337	332	338	311
2021-07-27T12:02:37	337	334	341	312
2021-07-27T12:03:07	340	334	340	313
2021-07-27T12:03:37	339	338	344	313
2021-07-27T12:04:07	342	337	343	314
2021-07-27T12:04:37	341	337	344	315
2021-07-27T12:05:07	345	339	346	317
2021-07-27T12:05:37	344	339	344	317
2021-07-27T12:06:07	347	341	348	318
2021-07-27T12:06:37	345	341	347	319
2021-07-27T12:07:07	348	343	350	320
2021-07-27T12:07:37	348	342	349	321
2021-07-27T12:08:07	349	345	353	322
2021-07-27T12:08:37	348	346	351	323
2021-07-27T12:09:07	354	347	353	324
2021-07-27T12:09:37	351	348	354	325
2021-07-27T12:10:07	354	350	356	326
2021-07-27T12:10:37	354	350	356	327
2021-07-27T12:11:07	354	351	358	328
2021-07-27T12:11:37	355	350	357	328
2021-07-27T12:12:07	358	353	360	329
2021-07-27T12:12:37	359	352	359	331
2021-07-27T12:13:07	359	355	362	331
2021-07-27T12:13:37	359	355	361	333
2021-07-27T12:14:07	363	358	364	335
2021-07-27T12:14:37	361	357	363	335
2021-07-27T12:15:07	364	359	366	337
2021-07-27T12:15:37	364	359	365	337
2021-07-27T12:16:07	366	361	368	339
2021-07-27T12:16:37	365	360	366	340
2021-07-27T12:17:07	369	364	371	340
2021-07-27T12:17:37	368	363	370	341
2021-07-27T12:18:07	369	365	372	343
2021-07-27T12:18:37	368	364	370	343
2021-07-27T12:19:07	373	365	373	344
2021-07-27T12:19:37	372	366	373	345
2021-07-27T12:20:07	374	367	375	346
2021-07-27T12:20:37	373	369	375	347
2021-07-27T12:21:07	374	370	377	348
2021-07-27T12:21:37	375	368	376	349
2021-07-27T12:22:07	379	371	380	350
2021-07-27T12:22:37	377	371	379	351
2021-07-27T12:23:07	378	374	382	352
2021-07-27T12:23:37	380	372	381	353
2021-07-27T12:24:07	381	373	383	354
2021-07-27T12:24:37	380	375	382	355
2021-07-27T12:25:07	384	377	386	355
2021-07-27T12:25:37	382	377	385	357
2021-07-27T12:26:07	385	376	385	358
2021-07-27T12:26:37	386	380	388	359
2021-07-27T12:27:07	386	379	387	359
2021-07-27T12:27:37	387	380	391	361
2021-07-27T12:28:07	388	380	389	362
2021-07-27T12:28:37	391	382	392	363
2021-07-27T12:29:07	390	384	392	364
2021-07-27T12:29:37	391	383	392	365
2021-07-27T12:30:07	393	385	395	366
2021-07-27T12:30:37	393	385	397	367
2021-07-27T12:31:07	394	385	396	368
2021-07-27T12:31:37	396	388	398	369
2021-07-27T12:32:07	395	387	398	370
2021-07-27T12:32:37	399	390	400	371
2021-07-27T12:33:07	398	390	401	372
2021-07-27T12:33:37	399	392	401	373
2021-07-27T12:34:07	400	393	404	375
2021-07-27T12:34:37	400	393	403	376
2021-07-27T12:35:07	404	394	405	377
2021-07-27T12:35:37	401	394	405	377
2021-07-27T12:36:07	405	396	406	378
2021-07-27T12:36:37	405	399	407	379
2021-07-27T12:37:07	408	398	409	380
2021-07-27T12:37:37	407	399	411	381
2021-07-27T12:38:07	408	399	409	382
2021-07-27T12:38:37	410	402	413	383
2021-07-27T12:39:07	409	402	413	384
2021-07-27T12:39:37	411	401	413	386
2021-07-27T12:40:07	413	404	415	387
2021-07-27T12:40:37	411	403	414	387
2021-07-27T12:41:07	414	406	416	389
2021-07-27T12:41:37	416	408	419	389
2021-07-27T12:42:07	416	408	417	390
2021-07-27T12:42:37	418	410	421	391
2021-07-27T12:43:07	417	409	421	392
2021-07-27T12:43:37	419	411	421	393
2021-07-27T12:44:07	420	414	424	395
2021-07-27T12:44:37	420	413	423	395
2021-07-27T12:45:07	423	414	423	396
2021-07-27T12:45:37	423	414	427	398
2021-07-27T12:46:07	425	415	425	399
2021-07-27T12:46:37	425	415	426	399
2021-07-27T12:47:07	427	418	428	401
2021-07-27T12:47:37	425	418	429	402
2021-07-27T12:48:07	430	420	430	402
2021-07-27T12:48:37	429	422	432	403
2021-07-27T12:49:07	432	422	432	404
2021-07-27T12:49:37	429	422	434	406
2021-07-27T12:50:07	433	422	433	407
2021-07-27T12:50:37	433	426	435	407
2021-07-27T12:51:07	433	425	436	409
2021-07-27T12:51:37	436	425	438	410
2021-07-27T12:52:07	436	426	438	411
2021-07-27T12:52:37	436	429	439	412
2021-07-27T12:53:07	438	430	442	414
2021-07-27T12:53:37	440	429	441	413
2021-07-27T12:54:07	438	431	443	415
2021-07-27T12:54:37	441	431	443	416
2021-07-27T12:55:07	440	433	443	417
2021-07-27T12:55:37	443	434	446	419
2021-07-27T12:56:07	443	434	446	420
2021-07-27T12:56:37	443	434	446	420
2021-07-27T12:57:07	446	436	448	421
2021-07-27T12:57:37	447	439	449	423
2021-07-27T12:58:07	446	436	449	424
2021-07-27T12:58:37	451	439	451	425
2021-07-27T12:59:07	448	441	452	426
2021-07-27T12:59:37	452	439	451	427
2021-07-27T13:00:07	450	441	453	427
2021-07-27T13:00:37	453	442	454	428
2021-07-27T13:01:07	455	443	457	429
2021-07-27T13:01:37	453	443	457	430
2021-07-27T13:02:07	455	445	457	431
2021-07-27T13:02:37	457	446	459	432
2021-07-27T13:03:07	458	447	460	434
2021-07-27T13:03:37	459	448	461	434
2021-07-27T13:04:07	458	447	461	435
2021-07-27T13:04:37	462	449	463	436
2021-07-27T13:05:07	460	451	463	437
2021-07-27T13:05:37	461	451	465	439
2021-07-27T13:06:07	466	453	466	439
2021-07-27T13:06:37	463	451	465	441
2021-07-27T13:07:07	465	456	468	442
2021-07-27T13:07:37	467	456	469	443
2021-07-27T13:08:07	468	455	468	443
2021-07-27T13:08:37	469	457	471	444
2021-07-27T13:09:07	470	459	473	445
2021-07-27T13:09:37	470	458	471	447
2021-07-27T13:10:07	471	460	474	448
2021-07-27T13:10:37	473	461	475	449
2021-07-27T13:11:07	472	462	477	450
2021-07-27T13:11:37	473	464	477	451
2021-07-27T13:12:07	476	463	478	452
2021-07-27T13:12:37	475	465	479	452
2021-07-27T13:13:07	477	465	480	454
2021-07-27T13:13:37	479	466	481	455
2021-07-27T13:14:07	479	469	482	456
2021-07-27T13:14:37	479	470	483	457
2021-07-27T13:15:07	481	469	483	458
2021-07-27T13:15:37	484	471	486	460
2021-07-27T13:16:07	482	471	486	460
2021-07-27T13:16:37	485	472	487	461
2021-07-27T13:17:07	483	474	488	462
2021-07-27T13:17:37	486	473	488	463
2021-07-27T13:18:07	489	474	491	465
2021-07-27T13:18:37	488	475	490	465
2021-07-27T13:19:07	489	477	490	466
2021-07-27T13:19:37	491	479	494	467
2021-07-27T13:20:07	489	478	493	467
2021-07-27T13:20:37	493	480	495	469
2021-07-27T13:21:07	492	481	497	470
2021-07-27T13:21:37	493	480	497	471
2021-07-27T13:22:07	498	482	498	472
2021-07-27T13:22:37	495	483	498	473
2021-07-27T13:23:07	498	484	500	474
2021-07-27T13:23:37	497	485	501	475
2021-07-27T13:24:07	498	485	500	476
2021-07-27T13:24:37	500	487	503	478
2021-07-27T13:25:07	502	488	505	479
2021-07-27T13:25:37	501	489	504	480
2021-07-27T13:26:07	502	490	505	481
2021-07-27T13:26:37	504	493	507	482
2021-07-27T13:27:07	505	491	508	483
2021-07-27T13:27:37	504	493	509	484
2021-07-27T13:28:07	506	493	511	485
2021-07-27T13:28:37	507	494	509	486
2021-07-27T13:29:07	509	496	512	487
2021-07-27T13:29:37	511	495	513	488
2021-07-27T13:30:07	510	500	515	490
2021-07-27T13:30:37	511	497	513	490
2021-07-27T13:31:07	512	500	516	491
2021-07-27T13:31:37	514	499	517	493
2021-07-27T13:32:07	515	501	517	494
2021-07-27T13:32:37	515	503	519	495
2021-07-27T13:33:07	516	504	520	495
2021-07-27T13:33:37	517	504	520	497
2021-07-27T13:34:07	520	504	522	498
2021-07-27T13:34:37	520	504	522	499
2021-07-27T13:35:07	519	505	523	500
2021-07-27T13:35:37	522	506	524	501
2021-07-27T13:36:07	523	508	525	502
2021-07-27T13:36:37	524	510	526	503
2021-07-27T13:37:07	525	510	528	503
2021-07-27T13:37:37	526	512	528	506
2021-07-27T13:38:07	527	513	530	507
2021-07-27T13:38:37	527	513	529	507
2021-07-27T13:39:07	528	514	532	508
2021-07-27T13:39:37	530	515	532	509
2021-07-27T13:40:07	531	515	533	510
2021-07-27T13:40:37	531	517	534	511
2021-07-27T13:41:07	533	518	536	512
2021-07-27T13:41:37	534	519	536	514
2021-07-27T13:42:07	535	519	536	515
2021-07-27T13:42:37	534	521	537	515
2021-07-27T13:43:07	536	521	539	517
2021-07-27T13:43:37	538	522	539	519
2021-07-27T13:44:07	540	524	541	519
2021-07-27T13:44:37	541	525	542	521
2021-07-27T13:45:07	539	526	542	521
2021-07-27T13:45:37	541	525	543	522
2021-07-27T13:46:07	541	527	545	523
2021-07-27T13:46:37	544	528	545	524
2021-07-27T13:47:07	546	528	547	526
2021-07-27T13:47:37	546	531	548	527
2021-07-27T13:48:07	545	531	548	527
2021-07-27T13:48:37	546	532	549	528
2021-07-27T13:49:07	548	533	550	530
2021-07-27T13:49:37	551	534	552	531
2021-07-27T13:50:07	551	536	553	532
2021-07-27T13:50:37	551	536	553	533
2021-07-27T13:51:07	551	536	555	534
2021-07-27T13:51:37	555	536	555	536
2021-07-27T13:52:07	555	539	556	537
2021-07-27T13:52:37	556	539	559	537
2021-07-27T13:53:07	557	542	559	539
2021-07-27T13:53:37	558	542	560	540
2021-07-27T13:54:07	558	542	560	541
2021-07-27T13:54:37	558	542	560	542
2021-07-27T13:55:07	559	545	562	543
2021-07-27T13:55:37	562	545	564	544
2021-07-27T13:56:07	560	545	565	545
2021-07-27T13:56:37	561	547	565	546
2021-07-27T13:57:07	566	549	567	547
2021-07-27T13:57:37	566	548	568	548
2021-07-27T13:58:07	567	551	568	550
2021-07-27T13:58:37	567	550	568	551
2021-07-27T13:59:07	567	552	571	552
2021-07-27T13:59:37	568	553	570	553
2021-07-27T14:00:07	570	554	572	553
2021-07-27T14:00:37	572	555	572	555
2021-07-27T14:01:07	572	557	574	555
2021-07-27T14:01:37	573	556	575	556
2021-07-27T14:02:07	573	560	577	557
2021-07-27T14:02:37	575	559	576	559
2021-07-27T14:03:07	576	560	578	560
2021-07-27T14:03:37	577	560	580	562
2021-07-27T14:04:07	576	560	579	562
2021-07-27T14:04:37	579	562	582	563
2021-07-27T14:05:07	582	563	583	564
2021-07-27T14:05:37	580	564	584	565
2021-07-27T14:06:07	581	564	583	566
2021-07-27T14:06:37	582	566	585	567
2021-07-27T14:07:07	583	567	586	569
2021-07-27T14:07:37	584	567	587	570
2021-07-27T14:08:07	585	568	589	570
2021-07-27T14:08:37	588	569	589	571
2021-07-27T14:09:07	586	571	590	572
2021-07-27T14:09:37	588	572	592	575
2021-07-27T14:10:07	589	572	592	575
2021-07-27T14:10:37	591	575	594	576
2021-07-27T14:11:07	594	573	595	577
2021-07-27T14:11:37	591	575	595	579
2021-07-27T14:12:07	593	576	596	579
2021-07-27T14:12:37	592	576	596	580
2021-07-27T14:13:07	596	578	597	582
2021-07-27T14:13:37	598	580	601	583
2021-07-27T14:14:07	598	579	600	583
2021-07-27T14:14:37	597	579	600	585
2021-07-27T14:15:07	600	581	602	586
2021-07-27T14:15:37	602	584	604	587
2021-07-27T14:16:07	602	584	605	588
2021-07-27T14:16:37	603	586	606	588
2021-07-27T14:17:07	604	587	606	591
2021-07-27T14:17:37	605	586	608	592
2021-07-27T14:18:07	605	590	609	592
2021-07-27T14:18:37	605	590	609	594
2021-07-27T14:19:07	607	589	610	595
2021-07-27T14:19:37	608	592	612	596
2021-07-27T14:20:07	609	593	611	596
2021-07-27T14:20:37	610	593	614	597
2021-07-27T14:21:07	613	594	614	599
2021-07-27T14:21:37	614	595	615	600
2021-07-27T14:22:07	614	597	617	601
2021-07-27T14:22:37	615	598	617	602
2021-07-27T14:23:07	615	599	618	603
2021-07-27T14:23:37	617	598	619	604
2021-07-27T14:24:07	617	599	620	606
2021-07-27T14:24:37	619	601	622	607
2021-07-27T14:25:07	620	602	622	608
2021-07-27T14:25:37	620	604	624	609
2021-07-27T14:26:07	622	604	625	610
2021-07-27T14:26:37	622	604	625	611
2021-07-27T14:27:07	624	605	626	612
2021-07-27T14:27:37	625	608	627	613
2021-07-27T14:28:07	625	607	629	614
2021-07-27T14:28:37	628	609	630	615
2021-07-27T14:29:07	628	610	630	616
2021-07-27T14:29:37	629	612	630	617
2021-07-27T14:30:07	630	611	631	618
2021-07-27T14:30:37	630	613	633	619
2021-07-27T14:31:07	632	613	634	620
2021-07-27T14:31:37	633	615	635	622
2021-07-27T14:32:07	634	614	636	622
2021-07-27T14:32:37	635	616	637	623
2021-07-27T14:33:07	636	618	639	624
2021-07-27T14:33:37	637	617	639	625
2021-07-27T14:34:07	638	621	639	626
2021-07-27T14:34:37	639	621	640	627
2021-07-27T14:35:07	640	622	643	629
2021-07-27T14:35:37	639	623	642	630
2021-07-27T14:36:07	640	623	643	631
2021-07-27T14:36:37	643	626	646	631
2021-07-27T14:37:07	644	626	646	633
2021-07-27T14:37:37	645	627	646	634
2021-07-27T14:38:07	646	628	648	636
2021-07-27T14:38:37	647	628	649	636
2021-07-27T14:39:07	648	629	649	637
2021-07-27T14:39:37	648	630	650	638
2021-07-27T14:40:07	649	631	651	639
2021-07-27T14:40:37	651	633	653	640
2021-07-27T14:41:07	652	633	654	641
2021-07-27T14:41:37	653	634	654	642
2021-07-27T14:42:07	654	636	656	643
2021-07-27T14:42:37	655	637	657	644
2021-07-27T14:43:07	655	638	658	645
2021-07-27T14:43:37	656	639	658	646
2021-07-27T14:44:07	657	638	658	648
2021-07-27T14:44:37	659	641	660	649
2021-07-27T14:45:07	660	643	662	650
2021-07-27T14:45:37	662	641	663	651
2021-07-27T14:46:07	660	644	662	652
2021-07-27T14:46:37	661	644	663	653
2021-07-27T14:47:07	663	646	667	654
2021-07-27T14:47:37	665	647	667	655
2021-07-27T14:48:07	665	646	666	656
2021-07-27T14:48:37	667	649	669	657
2021-07-27T14:49:07	666	651	670	657
2021-07-27T14:49:37	666	650	670	658
2021-07-27T14:50:07	668	651	671	660
2021-07-27T14:50:37	669	652	672	661
2021-07-27T14:51:07	670	654	674	661
2021-07-27T14:51:37	671	654	673	663
2021-07-27T14:52:07	674	657	675	663
2021-07-27T14:52:37	674	656	676	665
2021-07-27T14:53:07	674	659	677	667
2021-07-27T14:53:37	675	658	676	667
2021-07-27T14:54:07	677	659	679	667
2021-07-27T14:54:37	678	660	681	668
2021-07-27T14:55:07	680	663	682	670
2021-07-27T14:55:37	679	663	682	671
2021-07-27T14:56:07	680	664	682	672
2021-07-27T14:56:37	681	665	684	673
2021-07-27T14:57:07	682	664	684	674
2021-07-27T14:57:37	683	667	687	675
2021-07-27T14:58:07	685	669	688	676
2021-07-27T14:58:37	684	669	688	677
2021-07-27T14:59:07	686	671	690	677
2021-07-27T14:59:37	687	671	690	678
2021-07-27T15:00:07	687	673	690	679
2021-07-27T15:00:37	689	673	693	681
2021-07-27T15:01:07	690	675	693	681
2021-07-27T15:01:37	691	677	695	682
2021-07-27T15:02:07	691	676	696	683
2021-07-27T15:02:37	693	678	696	685
2021-07-27T15:03:07	693	680	697	685
2021-07-27T15:03:37	695	681	698	686
2021-07-27T15:04:07	698	681	699	688
2021-07-27T15:04:37	696	682	701	689
2021-07-27T15:05:07	698	684	702	690
2021-07-27T15:05:37	698	683	702	691
2021-07-27T15:06:07	700	685	703	693
2021-07-27T15:06:37	701	686	704	693
2021-07-27T15:07:07	703	686	706	694
2021-07-27T15:07:37	702	687	707	696
2021-07-27T15:08:07	704	689	708	697
2021-07-27T15:08:37	704	690	709	697
2021-07-27T15:09:07	709	691	709	698
2021-07-27T15:09:37	708	693	711	699
2021-07-27T15:10:07	708	694	710	700
2021-07-27T15:10:37	708	695	712	702
2021-07-27T15:11:07	711	695	713	703
2021-07-27T15:11:37	712	697	715	704
2021-07-27T15:12:07	711	697	716	705
2021-07-27T15:12:37	712	697	717	706
2021-07-27T15:13:07	714	699	717	707
2021-07-27T15:13:37	714	699	718	707
2021-07-27T15:14:07	718	700	719	708
2021-07-27T15:14:37	718	701	720	709
2021-07-27T15:15:07	719	702	721	711
2021-07-27T15:15:37	719	703	722	712
2021-07-27T15:16:07	720	703	721	712
2021-07-27T15:16:37	721	704	723	714
2021-07-27T15:17:07	722	706	725	715
2021-07-27T15:17:37	724	707	726	716
2021-07-27T15:18:07	725	709	728	717
2021-07-27T15:18:37	726	709	728	719
2021-07-27T15:19:07	727	710	729	718
2021-07-27T15:19:37	727	711	730	720
2021-07-27T15:20:07	729	711	729	720
2021-07-27T15:20:37	730	714	732	722
2021-07-27T15:21:07	731	713	732	723
2021-07-27T15:21:37	732	717	733	725
2021-07-27T15:22:07	733	717	737	724
2021-07-27T15:22:37	734	718	735	726
2021-07-27T15:23:07	735	717	735	727
2021-07-27T15:23:37	735	718	737	728
2021-07-27T15:24:07	736	720	739	729
2021-07-27T15:24:37	737	722	741	730
2021-07-27T15:25:07	739	723	741	732
2021-07-27T15:25:37	740	724	740	732
2021-07-27T15:26:07	741	722	742	733
2021-07-27T15:26:37	741	724	743	734
2021-07-27T15:27:07	741	726	745	735
2021-07-27T15:27:37	744	728	747	736
2021-07-27T15:28:07	745	728	748	737
2021-07-27T15:28:37	746	728	748	738
2021-07-27T15:29:07	747	729	749	739
2021-07-27T15:29:37	746	730	748	740
2021-07-27T15:30:07	747	732	750	741
2021-07-27T15:30:37	749	734	751	742
2021-07-27T15:31:07	750	733	752	743
2021-07-27T15:31:37	752	735	754	744
2021-07-27T15:32:07	753	737	754	745
2021-07-27T15:32:37	754	735	754	746
2021-07-27T15:33:07	752	738	757	746
2021-07-27T15:33:37	755	739	757	747
2021-07-27T15:34:07	755	740	759	749
2021-07-27T15:34:37	757	739	758	751
2021-07-27T15:35:07	759	743	761	751
2021-07-27T15:35:37	759	742	761	752
2021-07-27T15:36:07	759	741	761	752
2021-07-27T15:36:37	759	745	764	754
2021-07-27T15:37:07	762	745	763	755
2021-07-27T15:37:37	763	747	767	755
2021-07-27T15:38:07	765	748	766	756
2021-07-27T15:38:37	765	747	765	757
2021-07-27T15:39:07	765	749	768	759
2021-07-27T15:39:37	765	750	769	759
2021-07-27T15:40:07	768	751	771	760
2021-07-27T15:40:37	768	752	771	762
2021-07-27T15:41:07	769	753	772	761
2021-07-27T15:41:37	771	754	773	762
2021-07-27T15:42:07	770	754	773	764
2021-07-27T15:42:37	772	756	775	765
2021-07-27T15:43:07	772	757	774	765
2021-07-27T15:43:37	773	758	777	766
2021-07-27T15:44:07	775	760	778	767
2021-07-27T15:44:37	776	760	779	768
2021-07-27T15:45:07	777	761	780	769
2021-07-27T15:45:37	777	763	781	769
2021-07-27T15:46:07	779	763	782	771
2021-07-27T15:46:37	780	764	782	771
2021-07-27T15:47:07	781	766	784	774
2021-07-27T15:47:37	782	767	786	774
2021-07-27T15:48:07	783	768	786	775
2021-07-27T15:48:37	783	767	786	776
2021-07-27T15:49:07	785	770	788	777
2021-07-27T15:49:37	786	771	789	779
2021-07-27T15:50:07	786	772	790	778
2021-07-27T15:50:37	787	773	790	780
2021-07-27T15:51:07	789	772	792	781
2021-07-27T15:51:37	789	775	792	782
2021-07-27T15:52:07	792	775	794	782
2021-07-27T15:52:37	792	777	796	783
2021-07-27T15:53:07	791	776	796	786
2021-07-27T15:53:37	795	779	797	786
2021-07-27T15:54:07	794	778	798	787
2021-07-27T15:54:37	795	779	797	788
2021-07-27T15:55:07	797	781	800	788
2021-07-27T15:55:37	797	782	801	790
2021-07-27T15:56:07	800	784	801	791
2021-07-27T15:56:37	800	783	802	793
2021-07-27T15:57:07	801	784	804	793
2021-07-27T15:57:37	803	785	804	794
2021-07-27T15:58:07	803	787	805	794
2021-07-27T15:58:37	804	788	806	795
2021-07-27T15:59:07	806	789	808	797
2021-07-27T15:59:37	806	790	808	798
2021-07-27T16:00:07	807	791	810	799
2021-07-27T16:00:37	809	792	810	800
2021-07-27T16:01:07	810	793	813	801
2021-07-27T16:01:37	811	792	811	802
2021-07-27T16:02:07	811	793	813	803
2021-07-27T16:02:37	813	794	813	804
2021-07-27T16:03:07	813	796	815	806
2021-07-27T16:03:37	814	797	816	807
2021-07-27T16:04:07	816	798	817	807
2021-07-27T16:04:37	817	799	819	810
2021-07-27T16:05:07	817	800	820	810
2021-07-27T16:05:37	817	800	820	810
2021-07-27T16:06:07	820	802	820	812
2021-07-27T16:06:37	820	802	822	812
2021-07-27T16:07:07	821	803	823	813
2021-07-27T16:07:37	822	805	823	814
2021-07-27T16:08:07	824	804	825	816
2021-07-27T16:08:37	825	807	826	818
2021-07-27T16:09:07	825	807	827	818
2021-07-27T16:09:37	827	807	828	819
2021-07-27T16:10:07	828	809	829	820
2021-07-27T16:10:37	829	810	830	821
2021-07-27T16:11:07	829	810	830	821
2021-07-27T16:11:37	830	810	831	823
2021-07-27T16:12:07	830	810	832	824
2021-07-27T16:12:37	831	812	833	826
2021-07-27T16:13:07	834	813	833	826
2021-07-27T16:13:37	834	814	834	827
2021-07-27T16:14:07	836	815	836	828
2021-07-27T16:14:37	837	816	837	830
2021-07-27T16:15:07	838	816	837	830
2021-07-27T16:15:37	838	817	840	831
2021-07-27T16:16:07	839	819	840	832
2021-07-27T16:16:37	841	820	841	833
2021-07-27T16:17:07	842	820	843	834
2021-07-27T16:17:37	841	822	843	836
2021-07-27T16:18:07	843	823	844	836
2021-07-27T16:18:37	845	823	845	838
2021-07-27T16:19:07	844	824	846	839
2021-07-27T16:19:37	845	826	847	841
2021-07-27T16:20:07	848	826	849	840
2021-07-27T16:20:37	847	826	849	841
2021-07-27T16:21:07	849	828	849	843
2021-07-27T16:21:37	850	830	851	843
2021-07-27T16:22:07	851	829	852	844
2021-07-27T16:22:37	853	831	853	845
2021-07-27T16:23:07	853	832	854	846
2021-07-27T16:23:37	855	832	854	847
2021-07-27T16:24:07	854	832	855	849
2021-07-27T16:24:37	856	835	857	850
2021-07-27T16:25:07	857	835	858	851
2021-07-27T16:25:37	858	835	858	851
2021-07-27T16:26:07	859	837	860	853
2021-07-27T16:26:37	860	837	860	853
2021-07-27T16:27:07	861	839	861	855
2021-07-27T16:27:37	861	839	862	856
2021-07-27T16:28:07	863	840	863	857
2021-07-27T16:28:37	864	841	864	858
2021-07-27T16:29:07	865	843	865	859
2021-07-27T16:29:37	865	844	866	860
2021-07-27T16:30:07	865	845	867	860
2021-07-27T16:30:37	868	846	868	862
2021-07-27T16:31:07	868	847	869	863
2021-07-27T16:31:37	869	847	870	864
2021-07-27T16:32:07	871	849	871	865
2021-07-27T16:32:37	870	850	872	866
2021-07-27T16:33:07	872	851	873	867
2021-07-27T16:33:37	873	853	874	867
2021-07-27T16:34:07	875	853	875	869
2021-07-27T16:34:37	875	855	875	871
2021-07-27T16:35:07	876	855	876	871
2021-07-27T16:35:37	877	855	877	873
2021-07-27T16:36:07	878	857	878	874
2021-07-27T16:36:37	878	858	879	875
2021-07-27T16:37:07	880	860	880	875
2021-07-27T16:37:37	881	861	881	877
2021-07-27T16:38:07	882	861	882	878
2021-07-27T16:38:37	881	863	883	879
2021-07-27T16:39:07	883	864	884	880
2021-07-27T16:39:37	886	865	885	882
2021-07-27T16:40:07	887	865	886	883
2021-07-27T16:40:37	887	868	887	884
2021-07-27T16:41:07	887	867	888	885
2021-07-27T16:41:37	890	869	890	886
2021-07-27T16:42:07	889	870	891	887
2021-07-27T16:42:37	889	871	891	888
2021-07-27T16:43:07	893	872	893	890
2021-07-27T16:43:37	892	873	894	891
2021-07-27T16:44:07	893	874	896	892
2021-07-27T16:44:37	895	876	896	893
2021-07-27T16:45:07	896	877	898	894
2021-07-27T16:45:37	896	877	899	894
2021-07-27T16:46:07	898	880	900	895
2021-07-27T16:46:37	897	880	901	898
2021-07-27T16:47:07	899	881	902	899
2021-07-27T16:47:37	900	882	901	898
2021-07-27T16:48:07	898	883	903	900
2021-07-27T16:48:37	898	883	902	900
2021-07-27T16:49:07	898	881	901	900
2021-07-27T16:49:37	900	883	902	900
2021-07-27T16:50:07	899	884	902	901
2021-07-27T16:50:37	900	883	902	900
2021-07-27T16:51:07	899	884	902	901
2021-07-27T16:51:37	898	884	901	901
2021-07-27T16:52:07	899	884	901	901
2021-07-27T16:52:37	898	885	901	902
2021-07-27T16:53:07	898	885	902	900
2021-07-27T16:53:37	899	886	901	901
2021-07-27T16:54:07	898	885	902	902
2021-07-27T16:54:37	900	887	901	902
2021-07-27T16:55:07	899	886	902	902
2021-07-27T16:55:37	901	887	902	902
2021-07-27T16:56:07	900	888	902	903
2021-07-27T16:56:37	899	888	902	902
2021-07-27T16:57:07	899	888	901	902
2021-07-27T16:57:37	898	888	901	902
2021-07-27T16:58:07	899	888	902	903
2021-07-27T16:58:37	899	889	901	903
2021-07-27T16:59:07	898	889	902	903
2021-07-27T16:59:37	899	890	903	903
2021-07-27T17:00:07	900	890	902	903
2021-07-27T17:00:37	900	890	902	903
2021-07-27T17:01:07	901	891	903	903
2021-07-27T17:01:37	901	891	902	903
2021-07-27T17:02:07	899	891	903	903
2021-07-27T17:02:37	899	891	903	903
2021-07-27T17:03:07	900	891	902	903
2021-07-27T17:03:37	900	892	903	903
2021-07-27T17:04:07	899	891	902	904
2021-07-27T17:04:37	899	890	902	903
2021-07-27T17:05:07	899	892	901	904
2021-07-27T17:05:37	899	891	901	904
2021-07-27T17:06:07	898	892	902	904
2021-07-27T17:06:37	899	893	903	904
2021-07-27T17:07:07	900	892	902	904
2021-07-27T17:07:37	899	893	903	904
2021-07-27T17:08:07	899	893	903	904
2021-07-27T17:08:37	899	893	902	904
2021-07-27T17:09:07	900	892	902	904
2021-07-27T17:09:37	900	892	903	904
2021-07-27T17:10:07	900	894	903	904
2021-07-27T17:10:37	901	893	902	904
2021-07-27T17:11:07	899	894	902	904
2021-07-27T17:11:37	899	894	903	904
2021-07-27T17:12:07	899	895	902	904
2021-07-27T17:12:37	900	893	902	904
2021-07-27T17:13:07	900	894	902	903
2021-07-27T17:13:37	900	894	902	904
2021-07-27T17:14:07	898	895	903	903
2021-07-27T17:14:37	900	895	902	905
2021-07-27T17:15:07	900	896	903	903
2021-07-27T17:15:37	900	895	902	904
2021-07-27T17:16:07	900	896	903	904
2021-07-27T17:16:37	900	896	904	904
2021-07-27T17:17:07	900	896	902	904
2021-07-27T17:17:37	899	896	902	905
2021-07-27T17:18:07	900	896	902	905
2021-07-27T17:18:37	899	896	902	904
2021-07-27T17:19:07	900	897	904	904
2021-07-27T17:19:37	901	897	903	904
2021-07-27T17:20:07	900	897	903	904
2021-07-27T17:20:37	899	897	903	904
2021-07-27T17:21:07	899	896	902	904
2021-07-27T17:21:37	901	898	903	904
2021-07-27T17:22:07	899	898	903	905
2021-07-27T17:22:37	899	898	903	904
2021-07-27T17:23:07	900	897	902	904
2021-07-27T17:23:37	899	898	903	904
2021-07-27T17:24:07	900	897	902	904
2021-07-27T17:24:37	899	899	903	904
2021-07-27T17:25:07	899	898	902	904
2021-07-27T17:25:37	900	898	902	905
2021-07-27T17:26:07	900	897	902	905
2021-07-27T17:26:38	899	898	902	905
2021-07-27T17:27:08	900	899	903	905
2021-07-27T17:27:38	901	898	902	905
2021-07-27T17:28:08	900	898	902	905
2021-07-27T17:28:38	901	899	903	905
2021-07-27T17:29:08	899	900	903	905
2021-07-27T17:29:38	900	898	902	905
2021-07-27T17:30:08	899	899	902	905
2021-07-27T17:30:38	899	899	903	905
2021-07-27T17:31:08	900	899	902	905
2021-07-27T17:31:38	900	899	902	905
2021-07-27T17:32:08	900	899	903	905
2021-07-27T17:32:38	900	900	903	905
2021-07-27T17:33:08	899	898	901	905
2021-07-27T17:33:38	900	899	903	905
2021-07-27T17:34:08	898	899	903	905
2021-07-27T17:34:38	899	898	902	905
2021-07-27T17:35:08	901	898	902	905
2021-07-27T17:35:38	899	899	902	905
2021-07-27T17:36:08	900	898	901	905
2021-07-27T17:36:38	899	899	902	905
2021-07-27T17:37:08	900	900	903	905
2021-07-27T17:37:38	900	900	903	905
2021-07-27T17:38:08	899	898	902	904
2021-07-27T17:38:38	901	899	903	904
2021-07-27T17:39:08	900	900	903	905
2021-07-27T17:39:38	901	898	902	905
2021-07-27T17:40:08	899	898	902	905
2021-07-27T17:40:38	900	899	903	905
2021-07-27T17:41:08	900	899	903	905
2021-07-27T17:41:38	900	898	902	905
2021-07-27T17:42:08	899	899	902	905
2021-07-27T17:42:38	900	899	902	904
2021-07-27T17:43:08	901	899	901	905
2021-07-27T17:43:38	899	899	902	904
2021-07-27T17:44:08	901	899	903	904
2021-07-27T17:44:38	899	899	903	905
2021-07-27T17:45:08	901	899	902	905
2021-07-27T17:45:38	899	899	903	904
2021-07-27T17:46:08	900	898	902	904
2021-07-27T17:46:38	899	900	902	904
2021-07-27T17:47:08	901	900	902	905
2021-07-27T17:47:38	899	899	903	904
2021-07-27T17:48:08	900	899	901	904
2021-07-27T17:48:38	899	899	902	904
2021-07-27T17:49:08	900	899	903	904
2021-07-27T17:49:38	898	899	902	904
2021-07-27T17:50:08	900	899	902	904
2021-07-27T17:50:38	899	900	903	904
2021-07-27T17:51:08	900	900	903	904
2021-07-27T17:51:38	901	899	902	905
2021-07-27T17:52:08	899	899	902	905
2021-07-27T17:52:38	901	900	903	904
2021-07-27T17:53:08	899	899	903	904
2021-07-27T17:53:38	901	898	902	904
2021-07-27T17:54:08	899	899	902	904
2021-07-27T17:54:38	901	900	903	904
2021-07-27T17:55:08	899	899	902	904
2021-07-27T17:55:38	901	899	902	904
2021-07-27T17:56:08	899	899	902	904
2021-07-27T17:56:38	901	900	903	905
2021-07-27T17:57:08	899	900	902	904
2021-07-27T17:57:38	900	899	902	904
2021-07-27T17:58:08	899	900	903	904
2021-07-27T17:58:38	900	898	902	904
2021-07-27T17:59:08	898	898	902	904
2021-07-27T17:59:38	900	899	902	905
2021-07-27T18:00:08	899	899	904	906
2021-07-27T18:00:38	900	899	902	905
2021-07-27T18:01:08	899	898	902	906
2021-07-27T18:01:38	900	899	902	905
2021-07-27T18:02:08	899	900	902	904
2021-07-27T18:02:38	900	900	903	904
2021-07-27T18:03:08	901	898	902	904
2021-07-27T18:03:38	900	899	902	905
2021-07-27T18:04:08	901	900	903	905
2021-07-27T18:04:38	899	900	903	905
2021-07-27T18:05:08	901	899	903	905
2021-07-27T18:05:38	899	899	902	905
2021-07-27T18:06:08	901	900	903	905
2021-07-27T18:06:38	899	900	903	906
2021-07-27T18:07:08	900	899	903	906
2021-07-27T18:07:38	899	899	903	906
2021-07-27T18:08:08	900	899	902	906
2021-07-27T18:08:38	899	901	903	905
2021-07-27T18:09:08	900	901	903	906
2021-07-27T18:09:38	899	900	903	906
2021-07-27T18:10:08	899	899	902	905
2021-07-27T18:10:38	901	899	903	905
2021-07-27T18:11:08	899	899	902	905
2021-07-27T18:11:38	901	899	903	905
2021-07-27T18:12:08	899	900	902	905
2021-07-27T18:12:38	901	899	903	905
2021-07-27T18:13:08	899	900	903	904
2021-07-27T18:13:38	900	899	902	904
2021-07-27T18:14:08	899	899	902	905
2021-07-27T18:14:38	901	900	903	905
2021-07-27T18:15:08	899	900	903	906
2021-07-27T18:15:38	900	899	903	905
2021-07-27T18:16:08	898	899	902	906
2021-07-27T18:16:38	900	898	902	905
2021-07-27T18:17:08	830	898	902	905
2021-07-27T18:17:38	770	784	846	894
2021-07-27T18:18:08	714	716	788	884
2021-07-27T18:18:38	589	612	679	883
2021-07-27T18:19:08	510	516	613	878
2021-07-27T18:19:38	460	465	576	869
2021-07-27T18:20:08	431	441	552	858
2021-07-27T18:20:38	414	414	528	846
2021-07-27T18:21:08	392	391	506	834
2021-07-27T18:21:38	375	378	489	822
2021-07-27T18:22:08	356	364	466	814
2021-07-27T18:22:38	342	344	455	802
2021-07-27T18:23:08	330	339	444	790
2021-07-27T18:23:38	324	325	426	779
