time	T1	T2	T3	T4
2021-09-30T15:54:19	-100	-100	-100	-100
2021-09-30T15:54:49	-100	-100	-100	-100
2021-09-30T15:55:19	-100	-100	-100	-100
2021-09-30T15:55:49	-100	-100	-100	-100
2021-09-30T15:56:19	-100	-100	-100	-100
2021-09-30T15:56:49	-100	-100	-100	-100
2021-09-30T15:57:19	-100	-100	-100	-100
2021-09-30T15:57:49	-100	-100	-100	-100
2021-09-30T15:58:19	-100	-100	-100	-100
2021-09-30T15:58:49	-100	-100	-100	-100
2021-09-30T15:59:19	-100	-100	-100	-100
2021-09-30T15:59:49	-100	-100	-100	-100
2021-09-30T16:00:19	-100	25	27	-100
2021-09-30T16:00:49	-100	25	27	-100
2021-09-30T16:01:19	-100	-100	-100	-100
2021-09-30T16:01:49	-100	-100	-100	-100
2021-09-30T16:02:19	-100	-100	-100	-100
2021-09-30T16:02:49	-100	-100	-100	-100
2021-09-30T16:03:19	-100	-100	-100	-100
2021-09-30T16:03:49	-100	-100	-100	-100
2021-09-30T16:04:19	-100	-100	-100	-100
2021-09-30T16:04:49	-100	-100	-100	-100
2021-09-30T16:05:19	-100	-100	-100	-100
2021-09-30T16:05:49	-100	-100	-100	-100
2021-09-30T16:06:19	-100	-100	-100	-100
2021-09-30T16:06:49	-100	-100	-100	-100
2021-09-30T16:07:19	-100	-100	-100	-100
2021-09-30T16:07:49	-100	-100	-100	-100
2021-09-30T16:08:19	-100	-100	-100	-100
2021-09-30T16:08:49	-100	-100	-100	-100
2021-09-30T16:09:19	-100	-100	-100	-100
2021-09-30T16:09:49	-100	-100	-100	-100
2021-09-30T16:10:19	-100	-100	-100	-100
2021-09-30T16:10:49	-100	-100	-100	-100
2021-09-30T16:11:19	-100	-100	-100	-100
2021-09-30T16:11:49	-100	-100	-100	-100
2021-09-30T16:12:19	-100	-100	-100	-100
2021-09-30T16:12:49	-100	-100	-100	-100
2021-09-30T16:13:19	-100	-100	-100	-100
2021-09-30T16:13:49	-100	-100	-100	-100
2021-09-30T16:14:19	-100	-100	-100	-100
2021-09-30T16:14:49	-100	-100	-100	-100
2021-09-30T16:15:19	-100	-100	-100	-100
2021-09-30T16:15:49	-100	-100	-100	-100
2021-09-30T16:16:19	-100	-100	-100	-100
2021-09-30T16:16:49	-100	-100	-100	-100
2021-09-30T16:17:19	-100	-100	-100	-100
2021-09-30T16:17:49	-100	-100	-100	-100
2021-09-30T16:18:19	-100	-100	-100	-100
2021-09-30T16:18:49	-100	-100	-100	-100
2021-09-30T16:19:19	-100	-100	-100	-100
2021-09-30T16:19:49	-100	-100	-100	-100
2021-09-30T16:20:19	-100	-100	-100	-100
2021-09-30T16:20:49	-100	-100	-100	-100
2021-09-30T16:21:19	-100	-100	-100	-100
2021-09-30T16:21:49	-100	-100	-100	-100
2021-09-30T16:22:19	-100	-100	-100	-100
2021-09-30T16:22:49	-100	-100	-100	-100
2021-09-30T16:23:19	-100	-100	-100	-100
2021-09-30T16:23:49	-100	-100	-100	-100
2021-09-30T16:24:19	-100	-100	-100	-100
2021-09-30T16:24:49	-100	-100	-100	-100
2021-09-30T16:25:19	-100	-100	-100	-100
2021-09-30T16:25:49	-100	-100	-100	-100
2021-09-30T16:26:19	-100	-100	-100	-100
2021-09-30T16:26:49	-100	-100	-100	-100
2021-09-30T16:27:19	-100	-100	-100	-100
2021-09-30T16:27:49	-100	-100	-100	-100
2021-09-30T16:28:19	-100	-100	-100	-100
2021-09-30T16:28:49	-100	-100	-100	-100
2021-09-30T16:29:19	-100	-100	-100	-100
2021-09-30T16:29:49	-100	-100	-100	-100
2021-09-30T16:30:19	-100	-100	-100	-100
2021-09-30T16:30:49	-100	-100	-100	-100
2021-09-30T16:31:19	-100	-100	-100	-100
2021-09-30T16:31:49	-100	-100	-100	-100
2021-09-30T16:32:19	-100	-100	-100	-100
2021-09-30T16:32:49	-100	-100	-100	-100
2021-09-30T16:33:19	-100	-100	-100	-100
2021-09-30T16:33:49	-100	-100	-100	-100
2021-09-30T16:34:19	-100	-100	-100	-100
2021-09-30T16:34:49	-100	-100	-100	-100
2021-09-30T16:35:19	-100	-100	-100	-100
2021-09-30T16:35:49	-100	-100	-100	-100
2021-09-30T16:36:19	-100	-100	-100	-100
2021-09-30T16:36:49	-100	-100	-100	-100
2021-09-30T16:37:19	-100	-100	-100	-100
2021-09-30T16:37:49	-100	-100	-100	-100
2021-09-30T16:38:19	-100	-100	-100	-100
2021-09-30T16:38:49	-100	-100	-100	-100
2021-09-30T16:39:19	-100	-100	-100	-100
2021-09-30T16:39:49	-100	-100	-100	-100
2021-09-30T16:40:19	-100	-100	-100	-100
2021-09-30T16:40:49	-100	-100	-100	-100
2021-09-30T16:41:19	-100	-100	-100	-100
2021-09-30T16:41:49	-100	-100	-100	-100
2021-09-30T16:42:19	-100	-100	-100	-100
2021-09-30T16:42:49	-100	-100	-100	-100
2021-09-30T16:43:19	-100	-100	-100	-100
2021-09-30T16:43:49	-100	-100	-100	-100
2021-09-30T16:44:19	-100	-100	-100	-100
2021-09-30T16:44:49	-100	-100	-100	-100
2021-09-30T16:45:19	-100	-100	-100	-100
2021-09-30T16:45:49	-100	-100	-100	-100
2021-09-30T16:46:19	-100	-100	-100	-100
2021-09-30T16:46:49	-100	-100	-100	-100
2021-09-30T16:47:19	-100	-100	-100	-100
2021-09-30T16:47:49	-100	-100	-100	-100
2021-09-30T16:48:19	-100	-100	-100	-100
2021-09-30T16:48:49	-100	-100	-100	-100
2021-09-30T16:49:19	-100	-100	-100	-100
2021-09-30T16:49:49	-100	-100	-100	-100
2021-09-30T16:50:19	-100	-100	-100	-100
2021-09-30T16:50:49	-100	-100	-100	-100
2021-09-30T16:51:19	-100	-100	-100	-100
2021-09-30T16:51:49	-100	-100	-100	-100
2021-09-30T16:52:19	-100	-100	-100	-100
2021-09-30T16:52:49	-100	-100	-100	-100
2021-09-30T16:53:19	-100	-100	-100	-100
2021-09-30T16:53:49	-100	-100	-100	-100
2021-09-30T16:54:19	-100	-100	-100	-100
2021-09-30T16:54:49	-100	-100	-100	-100
2021-09-30T16:55:19	-100	-100	-100	-100
2021-09-30T16:55:49	-100	-100	-100	-100
2021-09-30T16:56:19	-100	-100	-100	-100
2021-09-30T16:56:49	-100	-100	-100	-100
2021-09-30T16:57:19	-100	-100	-100	-100
2021-09-30T16:57:49	-100	-100	-100	-100
2021-09-30T16:58:19	-100	-100	-100	-100
2021-09-30T16:58:49	-100	-100	-100	-100
2021-09-30T16:59:19	-100	-100	-100	-100
2021-09-30T16:59:49	-100	-100	-100	-100
2021-09-30T17:00:19	-100	-100	-100	-100
2021-09-30T17:00:49	-100	-100	-100	-100
2021-09-30T17:01:19	-100	-100	-100	-100
2021-09-30T17:01:49	-100	-100	-100	-100
2021-09-30T17:02:19	-100	-100	-100	-100
2021-09-30T17:02:49	-100	-100	-100	-100
2021-09-30T17:03:19	-100	-100	-100	-100
2021-09-30T17:03:49	-100	-100	-100	-100
2021-09-30T17:04:19	-100	-100	-100	-100
2021-09-30T17:04:49	-100	-100	-100	-100
2021-09-30T17:05:19	-100	-100	-100	-100
2021-09-30T17:05:49	-100	-100	-100	-100
2021-09-30T17:06:19	-100	-100	-100	-100
2021-09-30T17:06:49	-100	-100	-100	-100
2021-09-30T17:07:19	-100	-100	-100	-100
2021-09-30T17:07:49	-100	-100	-100	-100
2021-09-30T17:08:19	-100	-100	-100	-100
2021-09-30T17:08:49	-100	-100	-100	-100
2021-09-30T17:09:19	24	25	26	28
2021-09-30T17:09:49	24	25	26	28
2021-09-30T17:10:19	24	25	26	30
2021-09-30T17:10:49	24	25	27	30
2021-09-30T17:11:19	24	25	27	30
2021-09-30T17:11:49	24	25	27	30
2021-09-30T17:12:19	24	25	27	30
2021-09-30T17:12:49	24	25	27	30
2021-09-30T17:13:19	24	25	26	30
2021-09-30T17:13:49	24	25	26	30
2021-09-30T17:14:19	24	25	26	30
2021-09-30T17:14:49	24	25	26	30
2021-09-30T17:15:19	24	25	26	30
2021-09-30T17:15:49	24	25	26	31
2021-09-30T17:16:19	24	25	26	30
2021-09-30T17:16:49	24	25	26	30
2021-09-30T17:17:19	24	25	26	30
2021-09-30T17:17:49	23	25	26	30
2021-09-30T17:18:19	23	25	26	30
2021-09-30T17:18:49	23	25	26	30
2021-09-30T17:19:19	23	25	26	30
2021-09-30T17:19:49	23	25	26	30
2021-09-30T17:20:19	23	25	26	31
2021-09-30T17:20:49	23	25	27	31
2021-09-30T17:21:19	23	25	26	31
2021-09-30T17:21:49	23	25	26	31
2021-09-30T17:22:19	23	25	27	31
2021-09-30T17:40:35	26	28	-100	-100
2021-09-30T17:41:05	26	29	31	30
2021-09-30T17:41:35	27	30	31	30
2021-09-30T17:42:05	28	30	31	30
2021-09-30T17:42:35	30	32	34	30
2021-09-30T17:43:05	32	35	36	31
2021-09-30T17:43:35	33	37	36	32
2021-09-30T17:44:05	33	37	36	32
2021-09-30T17:44:35	34	39	37	31
2021-09-30T17:45:05	35	40	39	32
2021-09-30T17:45:35	35	41	39	33
2021-09-30T17:46:05	35	41	39	32
2021-09-30T17:46:35	39	43	43	33
2021-09-30T17:47:05	41	46	44	35
2021-09-30T17:47:35	41	47	44	35
2021-09-30T17:48:05	41	46	43	36
2021-09-30T17:48:35	41	46	44	36
2021-09-30T17:49:05	43	49	47	37
2021-09-30T17:49:35	43	50	47	38
2021-09-30T17:50:05	43	50	48	38
2021-09-30T17:50:35	45	52	50	39
2021-09-30T17:51:05	45	53	49	39
2021-09-30T17:51:35	47	53	49	40
2021-09-30T17:52:05	50	55	53	41
2021-09-30T17:52:35	51	56	52	42
2021-09-30T17:53:05	50	56	52	42
2021-09-30T17:53:35	53	59	56	42
2021-09-30T17:54:05	52	59	56	43
2021-09-30T17:54:35	53	59	55	44
2021-09-30T17:55:05	55	61	59	44
2021-09-30T17:55:35	55	63	59	45
2021-09-30T17:56:05	54	62	57	46
2021-09-30T17:56:35	60	64	62	46
2021-09-30T17:57:05	61	67	62	48
2021-09-30T17:57:35	60	66	61	48
2021-09-30T17:58:05	61	67	64	49
2021-09-30T17:58:35	62	69	64	50
2021-09-30T17:59:05	61	69	64	50
2021-09-30T17:59:35	62	70	66	51
2021-09-30T18:00:05	63	71	68	52
2021-09-30T18:00:35	63	72	68	52
2021-09-30T18:01:05	68	74	70	53
2021-09-30T18:01:35	70	75	71	54
2021-09-30T18:02:05	69	75	71	55
2021-09-30T18:02:35	70	76	72	56
2021-09-30T18:03:05	70	77	72	56
2021-09-30T18:03:35	71	79	73	57
2021-09-30T18:04:05	71	80	76	58
2021-09-30T18:04:35	70	80	74	59
2021-09-30T18:05:05	75	82	78	60
2021-09-30T18:05:35	76	83	77	60
2021-09-30T18:06:05	77	83	79	61
2021-09-30T18:06:35	77	86	80	62
2021-09-30T18:07:05	77	86	81	63
2021-09-30T18:07:35	77	87	81	63
2021-09-30T18:08:05	79	87	81	64
2021-09-30T18:08:35	83	90	85	65
2021-09-30T18:09:05	83	91	84	67
2021-09-30T18:09:35	84	91	85	67
2021-09-30T18:10:05	84	92	87	68
2021-09-30T18:10:35	82	92	86	69
2021-09-30T18:11:05	88	95	90	70
2021-09-30T18:11:35	87	96	89	70
2021-09-30T18:12:05	87	96	91	71
2021-09-30T18:12:35	87	97	90	72
2021-09-30T18:13:05	88	99	93	73
2021-09-30T18:13:35	87	99	92	73
2021-09-30T18:14:05	94	101	96	74
2021-09-30T18:14:35	94	101	95	75
2021-09-30T18:15:05	95	102	96	76
2021-09-30T18:15:35	95	103	97	77
2021-09-30T18:16:05	95	104	99	78
2021-09-30T18:16:35	94	105	99	78
2021-09-30T18:17:05	98	106	101	79
2021-09-30T18:17:35	100	107	100	80
2021-09-30T18:18:05	101	108	103	81
2021-09-30T18:18:35	99	109	102	82
2021-09-30T18:19:05	100	109	105	82
2021-09-30T18:19:35	100	111	104	83
2021-09-30T18:20:05	107	113	106	84
2021-09-30T18:20:35	106	113	107	85
2021-09-30T18:21:05	106	113	107	86
2021-09-30T18:21:35	106	115	109	86
2021-09-30T18:22:05	106	117	110	87
2021-09-30T18:22:35	106	117	111	88
2021-09-30T18:23:05	109	118	111	89
2021-09-30T18:23:35	111	118	112	90
2021-09-30T18:24:05	112	119	113	91
2021-09-30T18:24:35	111	120	115	91
2021-09-30T18:25:05	111	122	116	92
2021-09-30T18:25:35	115	122	116	93
2021-09-30T18:26:05	117	124	118	94
2021-09-30T18:26:35	116	124	118	94
2021-09-30T18:27:05	117	126	120	95
2021-09-30T18:27:35	116	126	119	96
2021-09-30T18:28:05	121	128	121	97
2021-09-30T18:28:35	119	128	120	98
2021-09-30T18:29:05	120	130	124	99
2021-09-30T18:29:35	119	130	123	99
2021-09-30T18:30:05	126	133	127	100
2021-09-30T18:30:35	125	132	125	101
2021-09-30T18:31:05	125	134	127	102
2021-09-30T18:31:35	124	134	128	103
2021-09-30T18:32:05	127	134	128	103
2021-09-30T18:32:35	129	136	130	104
2021-09-30T18:33:05	128	136	129	105
2021-09-30T18:33:35	129	139	133	106
2021-09-30T18:34:05	129	139	131	107
2021-09-30T18:34:35	134	141	136	108
2021-09-30T18:35:05	132	141	133	109
2021-09-30T18:35:35	133	144	137	109
2021-09-30T18:36:05	133	144	137	110
2021-09-30T18:36:35	136	145	136	111
2021-09-30T18:37:05	136	146	140	112
2021-09-30T18:37:35	135	146	139	113
2021-09-30T18:38:05	140	148	142	114
2021-09-30T18:38:35	139	148	140	115
2021-09-30T18:39:05	139	150	143	115
2021-09-30T18:39:35	139	150	143	117
2021-09-30T18:40:05	143	153	147	118
2021-09-30T18:40:35	143	153	144	118
2021-09-30T18:41:05	143	153	147	118
2021-09-30T18:41:35	143	154	147	120
2021-09-30T18:42:05	147	155	148	120
2021-09-30T18:42:35	147	157	150	121
2021-09-30T18:43:05	147	157	150	122
2021-09-30T18:43:35	149	159	152	124
2021-09-30T18:44:05	149	159	152	124
2021-09-30T18:44:35	148	160	154	125
2021-09-30T18:45:05	150	161	153	126
2021-09-30T18:45:35	157	163	155	127
2021-09-30T18:46:05	156	164	156	128
2021-09-30T18:46:35	155	164	156	128
2021-09-30T18:47:05	154	165	158	129
2021-09-30T18:47:35	155	166	157	130
2021-09-30T18:48:05	161	168	161	131
2021-09-30T18:48:35	159	167	160	132
2021-09-30T18:49:05	159	170	162	132
2021-09-30T18:49:35	160	169	162	133
2021-09-30T18:50:05	164	172	165	134
2021-09-30T18:50:35	163	171	164	135
2021-09-30T18:51:05	162	173	166	136
2021-09-30T18:51:35	164	175	168	137
2021-09-30T18:52:05	166	175	167	138
2021-09-30T18:52:35	166	177	170	138
2021-09-30T18:53:05	166	176	169	139
2021-09-30T18:53:35	170	179	172	140
2021-09-30T18:54:05	170	179	172	141
2021-09-30T18:54:35	169	178	171	142
2021-09-30T18:55:05	172	180	175	143
2021-09-30T18:55:35	171	181	173	144
2021-09-30T18:56:05	172	183	177	145
2021-09-30T18:56:35	175	183	175	145
2021-09-30T18:57:05	174	185	178	146
2021-09-30T18:57:35	173	185	179	147
2021-09-30T18:58:05	178	187	179	148
2021-09-30T18:58:35	178	188	182	149
2021-09-30T18:59:05	178	188	182	149
2021-09-30T18:59:35	180	189	183	150
2021-09-30T19:00:05	179	190	182	151
2021-09-30T19:00:35	184	191	185	151
2021-09-30T19:01:05	183	193	184	153
2021-09-30T19:01:35	183	195	187	153
2021-09-30T19:02:05	185	195	186	154
2021-09-30T19:02:35	186	196	190	155
2021-09-30T19:03:05	184	197	188	156
2021-09-30T19:03:35	192	198	191	157
2021-09-30T19:04:05	190	198	191	158
2021-09-30T19:04:35	189	199	192	159
2021-09-30T19:05:05	189	200	193	159
2021-09-30T19:05:35	193	202	193	160
2021-09-30T19:06:05	191	202	197	161
2021-09-30T19:06:35	194	204	195	162
2021-09-30T19:07:05	194	204	197	163
2021-09-30T19:07:35	193	204	198	164
2021-09-30T19:08:05	196	206	199	165
2021-09-30T19:08:35	195	206	200	165
2021-09-30T19:09:05	198	207	201	166
2021-09-30T19:09:35	201	209	202	167
2021-09-30T19:10:05	200	209	203	168
2021-09-30T19:10:35	199	210	203	169
2021-09-30T19:11:05	203	211	205	170
2021-09-30T19:11:35	203	212	205	170
2021-09-30T19:12:05	204	213	208	172
2021-09-30T19:12:35	207	213	206	173
2021-09-30T19:13:05	206	214	208	173
2021-09-30T19:13:35	204	215	208	174
2021-09-30T19:14:05	210	218	212	175
2021-09-30T19:14:35	209	218	212	176
2021-09-30T19:15:05	209	220	213	177
2021-09-30T19:15:35	210	220	212	177
2021-09-30T19:16:05	210	221	216	179
2021-09-30T19:16:35	213	222	216	179
2021-09-30T19:17:05	213	222	215	180
2021-09-30T19:17:35	213	224	218	181
2021-09-30T19:18:05	217	226	220	182
2021-09-30T19:18:35	217	226	219	183
2021-09-30T19:19:05	216	227	221	183
2021-09-30T19:19:35	219	227	221	185
2021-09-30T19:20:05	220	228	222	186
2021-09-30T19:20:35	220	230	223	186
2021-09-30T19:21:05	221	231	223	187
2021-09-30T19:21:35	222	232	225	188
2021-09-30T19:22:05	225	233	225	190
2021-09-30T19:22:35	225	234	228	190
2021-09-30T19:23:05	224	235	226	191
2021-09-30T19:23:35	229	235	230	192
2021-09-30T19:24:05	228	237	228	192
2021-09-30T19:24:35	229	238	231	193
2021-09-30T19:25:05	229	238	231	194
2021-09-30T19:25:35	229	240	232	195
2021-09-30T19:26:05	232	242	236	197
2021-09-30T19:26:35	231	242	234	197
2021-09-30T19:27:05	234	243	237	198
2021-09-30T19:27:35	235	244	238	200
2021-09-30T19:28:05	233	245	237	201
2021-09-30T19:28:35	239	247	240	201
2021-09-30T19:29:05	236	246	238	203
2021-09-30T19:29:35	238	247	242	202
2021-09-30T19:30:05	237	248	241	204
2021-09-30T19:30:35	242	250	243	205
2021-09-30T19:31:05	239	251	245	206
2021-09-30T19:31:35	243	252	245	207
2021-09-30T19:32:05	243	253	246	208
2021-09-30T19:32:35	242	254	246	208
2021-09-30T19:33:05	247	255	247	209
2021-09-30T19:33:35	247	257	249	210
2021-09-30T19:34:05	245	257	250	211
2021-09-30T19:34:35	248	258	251	212
2021-09-30T19:35:05	247	260	251	213
2021-09-30T19:35:35	251	260	252	214
2021-09-30T19:36:05	251	262	253	215
2021-09-30T19:36:35	252	264	256	215
2021-09-30T19:37:05	251	265	255	216
2021-09-30T19:37:35	255	266	257	217
2021-09-30T19:38:05	253	267	257	218
2021-09-30T19:38:35	256	269	258	219
2021-09-30T19:39:05	257	269	258	220
2021-09-30T19:39:35	260	271	260	221
2021-09-30T19:40:05	257	271	259	222
2021-09-30T19:40:35	260	273	262	223
2021-09-30T19:41:05	261	273	262	224
2021-09-30T19:41:35	260	274	264	225
2021-09-30T19:42:05	263	275	266	226
2021-09-30T19:42:35	263	275	265	227
2021-09-30T19:43:05	265	278	268	227
2021-09-30T19:43:35	263	277	266	228
2021-09-30T19:44:05	269	279	268	229
2021-09-30T19:44:35	267	280	271	231
2021-09-30T19:45:05	269	280	270	231
2021-09-30T19:45:35	268	281	271	232
2021-09-30T19:46:05	270	282	274	233
2021-09-30T19:46:35	271	283	273	234
2021-09-30T19:47:05	271	284	275	234
2021-09-30T19:47:35	275	284	276	235
2021-09-30T19:48:05	275	286	277	237
2021-09-30T19:48:35	275	286	279	238
2021-09-30T19:49:05	276	287	279	238
2021-09-30T19:49:35	277	287	280	239
2021-09-30T19:50:05	278	289	282	240
2021-09-30T19:50:35	277	289	282	241
2021-09-30T19:51:05	281	290	282	242
2021-09-30T19:51:35	280	291	283	243
2021-09-30T19:52:05	281	292	284	244
2021-09-30T19:52:35	284	293	286	245
2021-09-30T19:53:05	285	294	286	246
2021-09-30T19:53:35	283	295	287	247
2021-09-30T19:54:05	285	294	286	247
2021-09-30T19:54:35	286	296	290	249
2021-09-30T19:55:05	290	298	291	250
2021-09-30T19:55:35	289	299	292	250
2021-09-30T19:56:05	290	299	292	251
2021-09-30T19:56:35	292	301	293	252
2021-09-30T19:57:05	290	301	294	254
2021-09-30T19:57:35	293	303	294	254
2021-09-30T19:58:05	293	302	296	255
2021-09-30T19:58:35	295	304	296	256
2021-09-30T19:59:05	296	305	299	257
2021-09-30T19:59:35	295	306	299	258
2021-09-30T20:00:05	298	307	301	259
2021-09-30T20:00:35	297	307	300	260
2021-09-30T20:01:05	301	308	303	261
2021-09-30T20:01:35	298	309	302	261
2021-09-30T20:02:05	302	309	303	262
2021-09-30T20:02:35	300	310	304	263
2021-09-30T20:03:05	304	312	305	264
2021-09-30T20:03:35	305	314	308	265
2021-09-30T20:04:05	306	315	308	266
2021-09-30T20:04:35	304	314	310	267
2021-09-30T20:05:05	307	316	310	268
2021-09-30T20:05:35	307	315	309	269
2021-09-30T20:06:05	310	318	312	270
2021-09-30T20:06:35	309	319	311	271
2021-09-30T20:07:05	313	319	314	272
2021-09-30T20:07:35	312	320	313	273
2021-09-30T20:08:05	313	322	315	273
2021-09-30T20:08:35	313	324	316	275
2021-09-30T20:09:05	317	325	318	276
2021-09-30T20:09:35	316	324	318	277
2021-09-30T20:10:05	316	326	319	278
2021-09-30T20:10:35	319	327	319	279
2021-09-30T20:11:05	317	327	321	280
2021-09-30T20:11:35	321	329	321	280
2021-09-30T20:12:05	320	329	323	281
2021-09-30T20:12:35	319	329	324	282
2021-09-30T20:13:05	322	329	323	283
2021-09-30T20:13:35	324	331	327	284
2021-09-30T20:14:05	324	332	327	285
2021-09-30T20:14:35	326	334	328	286
2021-09-30T20:15:05	327	336	328	287
2021-09-30T20:15:35	329	337	330	289
2021-09-30T20:16:05	327	336	328	290
2021-09-30T20:16:35	331	337	333	291
2021-09-30T20:17:05	331	338	333	291
2021-09-30T20:17:35	330	339	334	292
2021-09-30T20:18:05	333	339	334	293
2021-09-30T20:18:35	332	340	335	294
2021-09-30T20:19:05	336	341	335	295
2021-09-30T20:19:35	335	342	339	296
2021-09-30T20:20:05	337	343	338	297
2021-09-30T20:20:35	335	344	341	298
2021-09-30T20:21:05	340	345	341	299
2021-09-30T20:21:35	338	345	340	300
2021-09-30T20:22:05	338	346	343	301
2021-09-30T20:22:35	343	349	344	302
2021-09-30T20:23:05	340	350	344	303
2021-09-30T20:23:35	344	350	346	304
2021-09-30T20:24:05	345	350	346	305
2021-09-30T20:24:35	344	352	348	306
2021-09-30T20:25:05	344	352	347	307
2021-09-30T20:25:35	348	353	351	308
2021-09-30T20:26:05	348	353	348	308
2021-09-30T20:26:35	349	354	350	310
2021-09-30T20:27:05	350	355	353	311
2021-09-30T20:27:35	351	356	354	312
2021-09-30T20:28:05	349	357	353	313
2021-09-30T20:28:35	354	359	355	314
2021-09-30T20:29:05	354	359	356	315
2021-09-30T20:29:35	353	360	356	316
2021-09-30T20:30:05	359	360	359	317
2021-09-30T20:30:35	358	360	358	318
2021-09-30T20:31:05	357	362	360	319
2021-09-30T20:31:35	359	364	362	320
2021-09-30T20:32:05	358	365	362	321
2021-09-30T20:32:35	361	366	364	322
2021-09-30T20:33:05	361	367	364	323
2021-09-30T20:33:35	364	366	363	324
2021-09-30T20:34:05	364	367	366	325
2021-09-30T20:34:35	364	369	367	326
2021-09-30T20:35:05	365	368	366	327
2021-09-30T20:35:35	365	370	370	328
2021-09-30T20:36:05	368	371	370	329
2021-09-30T20:36:35	367	371	368	330
2021-09-30T20:37:05	370	372	371	331
2021-09-30T20:37:35	369	373	372	332
2021-09-30T20:38:05	371	375	374	334
2021-09-30T20:38:35	370	376	376	334
2021-09-30T20:39:05	374	376	375	335
2021-09-30T20:39:35	373	377	377	337
2021-09-30T20:40:05	373	377	375	337
2021-09-30T20:40:35	376	378	378	338
2021-09-30T20:41:05	374	379	378	340
2021-09-30T20:41:35	380	380	382	341
2021-09-30T20:42:05	377	380	380	341
2021-09-30T20:42:35	381	382	382	342
2021-09-30T20:43:05	379	383	383	343
2021-09-30T20:43:35	382	383	385	344
2021-09-30T20:44:05	384	384	386	345
2021-09-30T20:44:35	383	385	385	347
2021-09-30T20:45:05	386	387	388	347
2021-09-30T20:45:35	385	388	389	348
2021-09-30T20:46:05	387	389	388	350
2021-09-30T20:46:35	389	391	390	351
2021-09-30T20:47:05	388	391	390	351
2021-09-30T20:47:35	388	393	392	353
2021-09-30T20:48:05	390	393	392	353
2021-09-30T20:48:35	391	395	394	354
2021-09-30T20:49:05	392	396	395	356
2021-09-30T20:49:35	392	397	396	356
2021-09-30T20:50:05	394	397	395	359
2021-09-30T20:50:35	397	399	400	360
2021-09-30T20:51:05	396	400	400	359
2021-09-30T20:51:35	396	401	399	362
2021-09-30T20:52:05	399	401	400	362
2021-09-30T20:52:35	397	402	401	363
2021-09-30T20:53:05	400	403	404	364
2021-09-30T20:53:35	400	403	403	365
2021-09-30T20:54:05	402	405	403	366
2021-09-30T20:54:35	405	406	406	368
2021-09-30T20:55:05	403	406	406	369
2021-09-30T20:55:35	405	407	407	369
2021-09-30T20:56:05	406	408	408	370
2021-09-30T20:56:35	407	408	408	372
2021-09-30T20:57:05	409	410	411	373
2021-09-30T20:57:35	407	411	410	374
2021-09-30T20:58:05	411	411	411	375
2021-09-30T20:58:35	410	412	415	376
2021-09-30T20:59:05	412	412	413	377
2021-09-30T20:59:35	414	414	416	378
2021-09-30T21:00:05	413	415	416	379
2021-09-30T21:00:35	414	416	419	379
2021-09-30T21:01:05	417	417	416	381
2021-09-30T21:01:35	415	417	419	382
2021-09-30T21:02:05	418	418	420	383
2021-09-30T21:02:35	418	420	421	384
2021-09-30T21:03:05	420	421	423	385
2021-09-30T21:03:35	419	420	421	385
2021-09-30T21:04:05	422	421	424	386
2021-09-30T21:04:35	424	422	426	388
2021-09-30T21:05:05	423	423	425	388
2021-09-30T21:05:35	426	424	428	390
2021-09-30T21:06:05	423	425	425	391
2021-09-30T21:06:35	428	426	430	392
2021-09-30T21:07:05	427	426	428	393
2021-09-30T21:07:35	427	427	431	394
2021-09-30T21:08:05	431	429	432	395
2021-09-30T21:08:35	430	430	434	396
2021-09-30T21:09:05	431	429	433	398
2021-09-30T21:09:36	433	431	436	399
2021-09-30T21:10:06	433	432	435	399
2021-09-30T21:10:36	433	432	436	401
2021-09-30T21:11:06	434	433	438	401
2021-09-30T21:11:36	437	434	439	403
2021-09-30T21:12:06	435	435	439	404
2021-09-30T21:12:36	439	436	439	405
2021-09-30T21:13:06	440	437	441	406
2021-09-30T21:13:36	439	438	443	407
2021-09-30T21:14:06	441	438	442	408
2021-09-30T21:14:36	441	440	445	409
2021-09-30T21:15:06	443	441	445	410
2021-09-30T21:15:36	445	442	448	411
2021-09-30T21:16:06	445	442	447	412
2021-09-30T21:16:36	446	444	449	413
2021-09-30T21:17:06	449	443	448	414
2021-09-30T21:17:36	447	445	451	416
2021-09-30T21:18:06	448	445	451	417
2021-09-30T21:18:36	450	447	453	418
2021-09-30T21:19:06	453	447	452	420
2021-09-30T21:19:36	450	448	454	420
2021-09-30T21:20:06	454	449	456	421
2021-09-30T21:20:36	455	449	456	423
2021-09-30T21:21:06	453	451	459	424
2021-09-30T21:21:36	457	451	458	425
2021-09-30T21:22:06	456	453	460	425
2021-09-30T21:22:36	455	453	460	427
2021-09-30T21:23:06	460	454	462	428
2021-09-30T21:23:36	459	453	461	429
2021-09-30T21:24:06	461	454	464	430
2021-09-30T21:24:36	463	455	462	431
2021-09-30T21:25:06	463	456	465	432
2021-09-30T21:25:36	463	457	465	433
2021-09-30T21:26:06	465	459	468	434
2021-09-30T21:26:36	467	459	467	435
2021-09-30T21:27:06	465	460	468	436
2021-09-30T21:27:36	466	461	470	437
2021-09-30T21:28:06	467	462	470	439
2021-09-30T21:28:36	470	463	472	439
2021-09-30T21:29:06	470	464	474	441
2021-09-30T21:29:36	473	463	474	441
2021-09-30T21:30:06	472	465	476	442
2021-09-30T21:30:36	474	466	475	443
2021-09-30T21:31:06	474	467	477	444
2021-09-30T21:31:36	476	467	478	446
2021-09-30T21:32:06	475	468	478	447
2021-09-30T21:32:36	478	469	480	448
2021-09-30T21:33:06	478	471	481	449
2021-09-30T21:33:36	478	470	481	450
2021-09-30T21:34:06	480	472	483	451
2021-09-30T21:34:36	482	473	485	452
2021-09-30T21:35:06	482	473	484	453
2021-09-30T21:35:36	482	475	487	454
2021-09-30T21:36:06	485	475	486	455
2021-09-30T21:36:36	485	476	489	456
2021-09-30T21:37:06	486	477	489	458
2021-09-30T21:37:36	486	478	488	458
2021-09-30T21:38:06	487	478	490	459
2021-09-30T21:38:36	488	479	490	460
2021-09-30T21:39:06	490	480	493	462
2021-09-30T21:39:36	491	481	492	463
2021-09-30T21:40:06	493	482	496	463
2021-09-30T21:40:36	491	483	495	464
2021-09-30T21:41:06	495	484	496	465
2021-09-30T21:41:36	494	485	498	467
2021-09-30T21:42:06	494	486	498	467
2021-09-30T21:42:36	496	486	500	468
2021-09-30T21:43:06	498	487	501	469
2021-09-30T21:43:36	498	488	499	471
2021-09-30T21:44:06	502	488	502	471
2021-09-30T21:44:36	499	489	502	472
2021-09-30T21:45:06	502	491	504	473
2021-09-30T21:45:36	503	491	504	474
2021-09-30T21:46:06	504	492	506	475
2021-09-30T21:46:36	505	493	506	476
2021-09-30T21:47:06	506	493	508	477
2021-09-30T21:47:36	507	494	510	478
2021-09-30T21:48:06	507	495	510	479
2021-09-30T21:48:36	508	497	512	480
2021-09-30T21:49:06	511	497	511	481
2021-09-30T21:49:36	509	498	514	482
2021-09-30T21:50:06	512	499	514	483
2021-09-30T21:50:36	512	500	515	484
2021-09-30T21:51:06	513	500	515	485
2021-09-30T21:51:36	514	502	517	486
2021-09-30T21:52:06	516	502	518	487
2021-09-30T21:52:36	517	503	518	488
2021-09-30T21:53:06	516	504	520	489
2021-09-30T21:53:36	517	504	520	490
2021-09-30T21:54:06	519	506	522	491
2021-09-30T21:54:36	520	506	522	492
2021-09-30T21:55:06	518	507	523	493
2021-09-30T21:55:36	521	509	525	494
2021-09-30T21:56:06	523	510	526	496
2021-09-30T21:56:36	524	510	526	496
2021-09-30T21:57:06	523	511	527	498
2021-09-30T21:57:36	525	512	528	498
2021-09-30T21:58:06	526	513	529	499
2021-09-30T21:58:36	527	513	530	501
2021-09-30T21:59:06	529	515	532	502
2021-09-30T21:59:36	530	516	533	502
2021-09-30T22:00:06	531	517	534	504
2021-09-30T22:00:36	532	517	533	505
2021-09-30T22:01:06	533	518	536	506
2021-09-30T22:01:36	535	518	534	507
2021-09-30T22:02:06	534	519	537	508
2021-09-30T22:02:36	537	520	538	509
2021-09-30T22:03:06	537	521	539	510
2021-09-30T22:03:36	538	522	540	511
2021-09-30T22:04:06	539	523	541	512
2021-09-30T22:04:36	540	524	543	513
2021-09-30T22:05:06	539	525	543	514
2021-09-30T22:05:36	542	525	544	516
2021-09-30T22:06:06	543	526	544	516
2021-09-30T22:06:36	541	526	544	517
2021-09-30T22:07:06	546	527	546	519
2021-09-30T22:07:36	546	528	547	520
2021-09-30T22:08:06	546	529	548	520
2021-09-30T22:08:36	547	530	550	521
2021-09-30T22:09:06	548	531	551	523
2021-09-30T22:09:36	550	531	552	523
2021-09-30T22:10:06	550	532	553	525
2021-09-30T22:10:36	551	534	554	525
2021-09-30T22:11:06	551	534	553	527
2021-09-30T22:11:36	554	535	555	527
2021-09-30T22:12:06	552	536	557	529
2021-09-30T22:12:36	555	537	557	529
2021-09-30T22:13:06	556	538	559	530
2021-09-30T22:13:36	557	538	557	531
2021-09-30T22:14:06	557	539	560	532
2021-09-30T22:14:36	558	541	562	533
2021-09-30T22:15:06	558	541	561	535
2021-09-30T22:15:36	561	542	564	536
2021-09-30T22:16:06	560	544	565	537
2021-09-30T22:16:36	562	545	565	538
2021-09-30T22:17:06	563	545	567	539
2021-09-30T22:17:36	565	546	567	541
2021-09-30T22:18:06	567	547	569	541
2021-09-30T22:18:36	567	547	566	542
2021-09-30T22:19:06	567	548	569	544
2021-09-30T22:19:36	569	549	571	544
2021-09-30T22:20:06	570	551	573	546
2021-09-30T22:20:36	568	551	572	547
2021-09-30T22:21:06	571	553	575	548
2021-09-30T22:21:36	573	553	574	549
2021-09-30T22:22:06	573	553	576	550
2021-09-30T22:22:36	573	555	576	551
2021-09-30T22:23:06	575	555	578	552
2021-09-30T22:23:36	577	557	579	553
2021-09-30T22:24:06	577	558	580	554
2021-09-30T22:24:36	578	558	582	556
2021-09-30T22:25:06	578	559	581	556
2021-09-30T22:25:36	579	560	583	557
2021-09-30T22:26:06	582	561	584	559
2021-09-30T22:26:36	582	562	585	560
2021-09-30T22:27:06	582	562	586	561
2021-09-30T22:27:36	584	564	588	562
2021-09-30T22:28:06	586	565	588	563
2021-09-30T22:28:36	587	566	588	564
2021-09-30T22:29:06	588	566	590	565
2021-09-30T22:29:36	587	568	591	566
2021-09-30T22:30:06	588	568	591	568
2021-09-30T22:30:36	590	569	592	569
2021-09-30T22:31:06	590	570	595	569
2021-09-30T22:31:36	591	570	594	570
2021-09-30T22:32:06	591	571	596	571
2021-09-30T22:32:36	595	572	597	572
2021-09-30T22:33:06	595	574	598	573
2021-09-30T22:33:36	594	574	598	575
2021-09-30T22:34:06	598	576	599	576
2021-09-30T22:34:36	596	576	600	576
2021-09-30T22:35:06	598	577	602	578
2021-09-30T22:35:36	599	578	602	578
2021-09-30T22:36:06	602	579	604	579
2021-09-30T22:36:36	599	580	605	580
2021-09-30T22:37:06	603	581	606	581
2021-09-30T22:37:36	604	581	605	583
2021-09-30T22:38:06	606	582	608	584
2021-09-30T22:38:36	606	583	608	585
2021-09-30T22:39:06	607	584	609	586
2021-09-30T22:39:36	608	585	610	587
2021-09-30T22:40:06	607	586	611	589
2021-09-30T22:40:36	610	587	612	589
2021-09-30T22:41:06	610	587	612	590
2021-09-30T22:41:36	613	589	615	591
2021-09-30T22:42:06	613	589	614	593
2021-09-30T22:42:36	612	591	616	593
2021-09-30T22:43:06	614	591	616	594
2021-09-30T22:43:36	615	592	618	595
2021-09-30T22:44:06	618	593	618	597
2021-09-30T22:44:36	618	594	620	598
2021-09-30T22:45:06	620	595	621	600
2021-09-30T22:45:36	621	596	622	601
2021-09-30T22:46:06	621	597	623	601
2021-09-30T22:46:36	621	598	623	603
2021-09-30T22:47:06	623	599	625	604
2021-09-30T22:47:36	624	599	626	604
2021-09-30T22:48:06	624	600	628	605
2021-09-30T22:48:36	626	601	627	606
2021-09-30T22:49:06	626	602	630	609
2021-09-30T22:49:36	627	603	628	608
2021-09-30T22:50:06	629	604	630	609
2021-09-30T22:50:36	630	605	632	611
2021-09-30T22:51:06	631	605	631	611
2021-09-30T22:51:36	632	606	633	612
2021-09-30T22:52:06	633	609	635	615
2021-09-30T22:52:36	634	610	636	616
2021-09-30T22:53:06	634	610	635	615
2021-09-30T22:53:36	634	611	638	617
2021-09-30T22:54:06	635	613	639	619
2021-09-30T22:54:36	637	614	639	619
2021-09-30T22:55:06	638	614	640	621
2021-09-30T22:55:36	637	616	642	622
2021-09-30T22:56:06	639	616	641	622
2021-09-30T22:56:36	641	617	643	622
2021-09-30T22:57:06	641	618	645	623
2021-09-30T22:57:36	642	620	646	625
2021-09-30T22:58:06	642	620	644	626
2021-09-30T22:58:36	644	620	647	626
2021-09-30T22:59:06	645	622	648	628
2021-09-30T22:59:36	645	623	649	630
2021-09-30T23:00:06	647	624	650	630
2021-09-30T23:00:36	648	625	651	631
2021-09-30T23:01:06	648	625	650	633
2021-09-30T23:01:36	650	625	651	632
2021-09-30T23:02:06	652	626	653	635
2021-09-30T23:02:36	652	627	654	635
2021-09-30T23:03:06	654	628	655	635
2021-09-30T23:03:36	655	629	656	637
2021-09-30T23:04:06	656	631	657	638
2021-09-30T23:04:36	657	631	658	639
2021-09-30T23:05:06	658	632	660	640
2021-09-30T23:05:36	659	634	661	641
2021-09-30T23:06:06	660	635	662	643
2021-09-30T23:06:36	661	636	663	643
2021-09-30T23:07:06	661	637	664	645
2021-09-30T23:07:36	663	638	665	646
2021-09-30T23:08:06	664	639	666	647
2021-09-30T23:08:36	666	639	666	649
2021-09-30T23:09:06	666	640	667	650
2021-09-30T23:09:36	667	641	669	650
2021-09-30T23:10:06	668	642	670	651
2021-09-30T23:10:36	667	643	671	653
2021-09-30T23:11:06	668	644	672	653
2021-09-30T23:11:36	671	646	673	654
2021-09-30T23:12:06	671	646	674	656
2021-09-30T23:12:36	673	647	675	657
2021-09-30T23:13:06	672	647	674	658
2021-09-30T23:13:36	673	648	676	658
2021-09-30T23:14:06	673	649	677	659
2021-09-30T23:14:36	675	651	678	660
2021-09-30T23:15:06	677	651	679	661
2021-09-30T23:15:36	677	653	680	663
2021-09-30T23:16:06	678	653	681	664
2021-09-30T23:16:36	678	654	681	664
2021-09-30T23:17:06	680	655	683	666
2021-09-30T23:17:36	681	656	684	666
2021-09-30T23:18:06	681	657	685	667
2021-09-30T23:18:36	683	658	686	669
2021-09-30T23:19:06	684	659	687	669
2021-09-30T23:19:36	685	660	687	670
2021-09-30T23:20:06	686	661	690	672
2021-09-30T23:20:36	687	662	689	672
2021-09-30T23:21:06	689	663	691	674
2021-09-30T23:21:36	689	664	692	675
2021-09-30T23:22:06	691	664	693	675
2021-09-30T23:22:36	692	665	694	676
2021-09-30T23:23:06	691	666	695	678
2021-09-30T23:23:36	692	667	695	679
2021-09-30T23:24:06	695	668	696	679
2021-09-30T23:24:36	697	669	697	680
2021-09-30T23:25:06	696	670	697	681
2021-09-30T23:25:36	697	670	699	682
2021-09-30T23:26:06	699	671	700	684
2021-09-30T23:26:36	700	672	701	685
2021-09-30T23:27:06	700	673	701	686
2021-09-30T23:27:36	701	674	702	686
2021-09-30T23:28:06	702	675	703	688
2021-09-30T23:28:36	703	676	704	688
2021-09-30T23:29:06	704	676	705	690
2021-09-30T23:29:36	705	677	706	690
2021-09-30T23:30:06	707	678	706	691
2021-09-30T23:30:36	707	679	707	692
2021-09-30T23:31:06	707	680	708	694
2021-09-30T23:31:36	708	681	709	694
2021-09-30T23:32:06	710	681	710	695
2021-09-30T23:32:36	710	682	712	696
2021-09-30T23:33:06	710	683	712	697
2021-09-30T23:33:36	713	685	713	698
2021-09-30T23:34:06	713	685	713	698
2021-09-30T23:34:36	714	686	715	700
2021-09-30T23:35:06	715	687	716	702
2021-09-30T23:35:36	716	688	716	702
2021-09-30T23:36:06	716	689	717	703
2021-09-30T23:36:36	718	690	718	704
2021-09-30T23:37:06	718	690	719	705
2021-09-30T23:37:36	721	691	720	706
2021-09-30T23:38:06	720	692	721	707
2021-09-30T23:38:36	720	693	721	708
2021-09-30T23:39:06	722	694	722	709
2021-09-30T23:39:36	724	695	723	710
2021-09-30T23:40:06	725	696	724	711
2021-09-30T23:40:36	725	697	724	712
2021-09-30T23:41:06	728	697	726	713
2021-09-30T23:41:36	729	698	727	714
2021-09-30T23:42:06	728	699	728	715
2021-09-30T23:42:36	730	700	728	716
2021-09-30T23:43:06	731	701	730	716
2021-09-30T23:43:36	732	702	730	718
2021-09-30T23:44:06	733	703	731	719
2021-09-30T23:44:36	734	704	732	720
2021-09-30T23:45:06	736	704	732	719
2021-09-30T23:45:36	737	706	734	721
2021-09-30T23:46:06	738	706	734	723
2021-09-30T23:46:36	739	707	735	723
2021-09-30T23:47:06	739	708	736	725
2021-09-30T23:47:36	742	709	737	725
2021-09-30T23:48:06	741	709	738	726
2021-09-30T23:48:36	742	710	739	727
2021-09-30T23:49:06	742	712	739	728
2021-09-30T23:49:36	744	712	740	729
2021-09-30T23:50:06	744	713	741	730
2021-09-30T23:50:36	746	714	742	731
2021-09-30T23:51:06	747	715	742	732
2021-09-30T23:51:36	746	716	743	733
2021-09-30T23:52:06	749	717	744	734
2021-09-30T23:52:36	751	717	745	735
2021-09-30T23:53:06	750	718	745	735
2021-09-30T23:53:36	750	719	747	737
2021-09-30T23:54:06	753	720	748	738
2021-09-30T23:54:36	754	721	748	738
2021-09-30T23:55:06	753	722	749	739
2021-09-30T23:55:36	754	723	750	740
2021-09-30T23:56:06	756	723	750	741
2021-09-30T23:56:36	758	724	751	742
2021-09-30T23:57:06	759	725	753	743
2021-09-30T23:57:36	760	726	753	744
2021-09-30T23:58:06	759	727	755	745
2021-09-30T23:58:36	761	727	755	746
2021-09-30T23:59:06	762	728	756	747
2021-09-30T23:59:36	761	729	758	748
2021-10-01T00:00:06	764	730	758	748
2021-10-01T00:00:36	766	731	759	749
2021-10-01T00:01:06	766	732	760	750
2021-10-01T00:01:36	766	732	761	751
2021-10-01T00:02:06	768	733	761	752
2021-10-01T00:02:36	768	734	762	753
2021-10-01T00:03:06	770	735	763	754
2021-10-01T00:03:36	770	736	764	755
2021-10-01T00:04:06	770	737	764	756
2021-10-01T00:04:36	773	738	765	756
2021-10-01T00:05:06	775	738	766	757
2021-10-01T00:05:36	776	740	767	758
2021-10-01T00:06:06	777	740	767	759
2021-10-01T00:06:36	776	741	769	760
2021-10-01T00:07:06	778	742	769	761
2021-10-01T00:07:36	780	743	770	762
2021-10-01T00:08:06	781	744	771	762
2021-10-01T00:08:36	781	744	771	763
2021-10-01T00:09:06	782	745	772	764
2021-10-01T00:09:36	784	745	773	765
2021-10-01T00:10:06	784	746	773	766
2021-10-01T00:10:36	784	747	773	766
2021-10-01T00:11:06	786	748	774	767
2021-10-01T00:11:36	785	749	775	768
2021-10-01T00:12:06	786	750	776	769
2021-10-01T00:12:36	788	751	777	769
2021-10-01T00:13:06	790	751	777	770
2021-10-01T00:13:36	789	752	778	771
2021-10-01T00:14:06	793	753	778	772
2021-10-01T00:14:36	793	754	780	774
2021-10-01T00:15:06	793	755	780	774
2021-10-01T00:15:36	794	755	780	775
2021-10-01T00:16:06	794	756	781	776
2021-10-01T00:16:36	793	757	782	778
2021-10-01T00:17:06	798	758	783	777
2021-10-01T00:17:36	798	758	784	778
2021-10-01T00:18:06	798	759	784	779
2021-10-01T00:18:36	800	760	785	780
2021-10-01T00:19:06	801	761	786	781
2021-10-01T00:19:36	800	762	786	783
2021-10-01T00:20:06	804	762	787	783
2021-10-01T00:20:36	803	763	788	784
2021-10-01T00:21:06	805	764	788	784
2021-10-01T00:21:36	805	764	790	786
2021-10-01T00:22:06	806	765	790	787
2021-10-01T00:22:36	807	766	791	788
2021-10-01T00:23:06	808	767	791	789
2021-10-01T00:23:36	810	767	792	789
2021-10-01T00:24:06	811	768	793	790
2021-10-01T00:24:36	811	769	793	791
2021-10-01T00:25:06	812	770	794	792
2021-10-01T00:25:36	814	771	795	793
2021-10-01T00:26:06	814	771	796	794
2021-10-01T00:26:36	815	773	796	795
2021-10-01T00:27:06	817	773	797	795
2021-10-01T00:27:36	817	774	798	796
2021-10-01T00:28:06	818	774	799	797
2021-10-01T00:28:36	819	775	799	798
2021-10-01T00:29:06	821	776	800	799
2021-10-01T00:29:36	822	777	802	800
2021-10-01T00:30:06	820	778	803	801
2021-10-01T00:30:36	824	779	803	801
2021-10-01T00:31:06	825	779	804	802
2021-10-01T00:31:36	824	780	805	803
2021-10-01T00:32:06	827	781	806	804
2021-10-01T00:32:36	828	781	807	806
2021-10-01T00:33:06	827	782	808	806
2021-10-01T00:33:36	829	782	809	807
2021-10-01T00:34:06	831	783	809	808
2021-10-01T00:34:36	832	784	810	810
2021-10-01T00:35:06	831	785	811	810
2021-10-01T00:35:36	833	785	812	811
2021-10-01T00:36:06	832	786	813	812
2021-10-01T00:36:36	835	787	813	814
2021-10-01T00:37:06	834	787	815	814
2021-10-01T00:37:36	837	788	815	815
2021-10-01T00:38:06	838	789	816	816
2021-10-01T00:38:36	838	790	817	817
2021-10-01T00:39:06	841	790	818	818
2021-10-01T00:39:36	840	791	819	819
2021-10-01T00:40:06	842	791	820	820
2021-10-01T00:40:36	842	792	821	821
2021-10-01T00:41:06	844	793	821	822
2021-10-01T00:41:36	844	794	822	823
2021-10-01T00:42:06	845	794	824	825
2021-10-01T00:42:36	847	795	824	825
2021-10-01T00:43:06	848	796	825	826
2021-10-01T00:43:36	850	797	826	827
2021-10-01T00:44:06	849	797	827	828
2021-10-01T00:44:36	849	798	828	829
2021-10-01T00:45:06	852	799	828	831
2021-10-01T00:45:36	853	800	829	831
2021-10-01T00:46:06	853	800	830	832
2021-10-01T00:46:36	853	801	831	833
2021-10-01T00:47:06	855	802	832	834
2021-10-01T00:47:36	857	802	833	835
2021-10-01T00:48:06	856	803	833	836
2021-10-01T00:48:36	859	804	835	837
2021-10-01T00:49:06	860	805	835	839
2021-10-01T00:49:36	861	806	836	840
2021-10-01T00:50:06	860	806	837	840
2021-10-01T00:50:36	863	807	838	841
2021-10-01T00:51:06	863	808	839	843
2021-10-01T00:51:36	865	809	840	843
2021-10-01T00:52:06	864	810	840	844
2021-10-01T00:52:36	866	810	841	845
2021-10-01T00:53:06	867	811	842	847
2021-10-01T00:53:36	867	812	843	847
2021-10-01T00:54:06	870	813	844	849
2021-10-01T00:54:36	868	814	845	851
2021-10-01T00:55:06	871	815	845	850
2021-10-01T00:55:36	874	815	846	852
2021-10-01T00:56:06	872	816	847	853
2021-10-01T00:56:36	875	817	848	854
2021-10-01T00:57:06	874	818	850	855
2021-10-01T00:57:36	876	819	851	855
2021-10-01T00:58:06	876	820	852	857
2021-10-01T00:58:36	878	820	854	858
2021-10-01T00:59:06	878	821	854	859
2021-10-01T00:59:36	880	822	856	860
2021-10-01T01:00:06	881	823	856	861
2021-10-01T01:00:36	883	824	857	862
2021-10-01T01:01:06	882	825	858	863
2021-10-01T01:01:36	883	826	859	864
2021-10-01T01:02:06	885	827	860	865
2021-10-01T01:02:36	887	827	861	866
2021-10-01T01:03:06	885	828	862	868
2021-10-01T01:03:36	888	829	863	869
2021-10-01T01:04:06	887	830	864	870
2021-10-01T01:04:36	890	831	865	870
2021-10-01T01:05:06	890	832	866	871
2021-10-01T01:05:36	891	833	867	874
2021-10-01T01:06:06	893	834	868	875
2021-10-01T01:06:36	893	835	869	875
2021-10-01T01:07:06	892	836	870	876
2021-10-01T01:07:36	895	837	871	876
2021-10-01T01:08:06	895	838	872	878
2021-10-01T01:08:36	898	839	873	879
2021-10-01T01:09:06	898	840	874	880
2021-10-01T01:09:36	900	840	875	881
2021-10-01T01:10:06	899	841	876	882
2021-10-01T01:10:36	901	842	876	883
2021-10-01T01:11:06	901	843	878	884
2021-10-01T01:11:36	903	844	879	885
2021-10-01T01:12:06	904	845	880	886
2021-10-01T01:12:36	905	846	881	887
2021-10-01T01:13:06	907	848	882	889
2021-10-01T01:13:36	907	850	883	890
2021-10-01T01:14:06	908	851	884	891
2021-10-01T01:14:36	907	852	885	892
2021-10-01T01:15:06	908	852	886	893
2021-10-01T01:15:36	909	853	887	893
2021-10-01T01:16:06	908	854	888	894
2021-10-01T01:16:36	909	855	889	895
2021-10-01T01:17:06	909	856	890	896
2021-10-01T01:17:36	909	857	891	896
2021-10-01T01:18:06	909	858	892	897
2021-10-01T01:18:36	908	859	893	897
2021-10-01T01:19:06	908	860	894	898
2021-10-01T01:19:36	909	861	894	899
2021-10-01T01:20:06	909	862	895	899
2021-10-01T01:20:36	909	863	897	900
2021-10-01T01:21:06	910	864	897	900
2021-10-01T01:21:36	910	865	898	901
2021-10-01T01:22:06	910	866	899	902
2021-10-01T01:22:36	908	867	900	901
2021-10-01T01:23:06	908	868	902	902
2021-10-01T01:23:36	909	869	902	902
2021-10-01T01:24:06	910	870	902	903
2021-10-01T01:24:36	911	871	905	903
2021-10-01T01:25:06	910	872	905	904
2021-10-01T01:25:36	909	873	906	905
2021-10-01T01:26:06	908	874	907	905
2021-10-01T01:26:36	908	875	908	905
2021-10-01T01:27:06	910	875	909	906
2021-10-01T01:27:36	909	877	910	907
2021-10-01T01:28:06	908	877	911	907
2021-10-01T01:28:36	909	878	911	908
2021-10-01T01:29:06	910	880	912	908
2021-10-01T01:29:36	910	880	912	907
2021-10-01T01:30:06	910	881	912	909
2021-10-01T01:30:36	910	881	912	909
2021-10-01T01:31:06	910	881	911	909
2021-10-01T01:31:36	909	882	911	909
2021-10-01T01:32:06	909	882	912	909
2021-10-01T01:32:36	910	883	912	910
2021-10-01T01:33:06	911	883	912	910
2021-10-01T01:33:36	911	884	912	910
2021-10-01T01:34:06	910	884	912	910
2021-10-01T01:34:36	910	885	913	910
2021-10-01T01:35:06	910	885	913	911
2021-10-01T01:35:36	910	886	913	910
2021-10-01T01:36:06	910	887	912	911
2021-10-01T01:36:36	911	887	912	911
2021-10-01T01:37:06	911	888	912	911
2021-10-01T01:37:36	910	888	913	911
2021-10-01T01:38:06	909	889	913	911
2021-10-01T01:38:36	909	889	913	911
2021-10-01T01:39:06	909	890	913	911
2021-10-01T01:39:36	910	890	912	911
2021-10-01T01:40:06	910	891	913	912
2021-10-01T01:40:36	909	891	912	912
2021-10-01T01:41:06	908	892	912	912
2021-10-01T01:41:36	909	892	911	912
2021-10-01T01:42:06	909	892	912	912
2021-10-01T01:42:36	909	893	912	912
2021-10-01T01:43:06	910	893	912	912
2021-10-01T01:43:36	909	893	911	912
2021-10-01T01:44:06	909	894	912	913
2021-10-01T01:44:36	908	895	912	913
2021-10-01T01:45:06	909	895	913	913
2021-10-01T01:45:36	910	894	912	913
2021-10-01T01:46:06	910	894	913	913
2021-10-01T01:46:36	909	895	913	913
2021-10-01T01:47:06	909	895	913	913
2021-10-01T01:47:36	909	895	912	913
2021-10-01T01:48:06	910	895	913	913
2021-10-01T01:48:36	909	895	913	914
2021-10-01T01:49:06	909	895	912	914
2021-10-01T01:49:36	909	896	912	914
2021-10-01T01:50:06	910	896	913	914
2021-10-01T01:50:36	910	896	913	914
2021-10-01T01:51:06	910	897	913	914
2021-10-01T01:51:36	910	897	912	914
2021-10-01T01:52:06	909	897	913	914
2021-10-01T01:52:36	909	896	913	914
2021-10-01T01:53:06	911	896	913	915
2021-10-01T01:53:36	909	896	913	915
2021-10-01T01:54:06	909	897	912	915
2021-10-01T01:54:36	911	897	913	915
2021-10-01T01:55:06	909	897	913	915
2021-10-01T01:55:36	909	897	913	915
2021-10-01T01:56:06	912	897	912	915
2021-10-01T01:56:36	910	897	912	914
2021-10-01T01:57:06	911	897	913	914
2021-10-01T01:57:36	910	897	911	914
2021-10-01T01:58:06	909	897	912	914
2021-10-01T01:58:36	909	897	913	914
2021-10-01T01:59:06	911	897	912	915
2021-10-01T01:59:36	909	897	912	915
2021-10-01T02:00:06	909	897	912	914
2021-10-01T02:00:36	910	897	912	915
2021-10-01T02:01:06	909	897	913	914
2021-10-01T02:01:36	911	898	913	915
2021-10-01T02:02:06	909	898	913	915
2021-10-01T02:02:36	911	898	913	914
2021-10-01T02:03:06	909	897	912	916
2021-10-01T02:03:36	909	897	912	914
2021-10-01T02:04:06	910	898	912	915
2021-10-01T02:04:36	909	898	912	915
2021-10-01T02:05:06	911	899	913	915
2021-10-01T02:05:36	910	899	913	915
2021-10-01T02:06:06	910	898	913	915
2021-10-01T02:06:36	910	899	912	915
2021-10-01T02:07:06	909	899	912	915
2021-10-01T02:07:36	909	899	913	915
2021-10-01T02:08:06	910	899	911	915
2021-10-01T02:08:36	909	899	912	915
2021-10-01T02:09:06	909	899	913	915
2021-10-01T02:09:36	910	899	913	915
2021-10-01T02:10:06	909	900	912	915
2021-10-01T02:10:36	909	900	913	915
2021-10-01T02:11:06	910	899	912	915
2021-10-01T02:11:36	909	899	912	915
2021-10-01T02:12:06	909	899	912	915
2021-10-01T02:12:36	910	899	912	915
2021-10-01T02:13:06	909	899	912	915
2021-10-01T02:13:36	910	899	912	915
2021-10-01T02:14:06	911	899	913	915
2021-10-01T02:14:36	909	900	913	915
2021-10-01T02:15:06	909	900	912	915
2021-10-01T02:15:36	910	900	913	915
2021-10-01T02:16:06	910	900	912	915
2021-10-01T02:16:36	909	900	912	915
2021-10-01T02:17:06	909	900	912	915
2021-10-01T02:17:36	911	899	912	915
2021-10-01T02:18:06	910	900	912	915
2021-10-01T02:18:36	909	899	912	915
2021-10-01T02:19:06	909	900	912	915
2021-10-01T02:19:36	911	900	913	915
2021-10-01T02:20:06	910	900	912	915
2021-10-01T02:20:36	909	901	914	915
2021-10-01T02:21:06	909	901	912	915
2021-10-01T02:21:36	911	901	913	915
2021-10-01T02:22:06	910	901	912	915
2021-10-01T02:22:36	909	900	912	915
2021-10-01T02:23:06	909	901	912	915
2021-10-01T02:23:36	909	901	911	915
2021-10-01T02:24:06	909	902	912	915
2021-10-01T02:24:36	911	901	912	915
2021-10-01T02:25:06	910	901	913	915
2021-10-01T02:25:36	908	901	912	915
2021-10-01T02:26:06	911	902	913	916
2021-10-01T02:26:36	910	901	912	916
2021-10-01T02:27:06	910	903	913	915
2021-10-01T02:27:36	909	902	912	915
2021-10-01T02:28:06	911	903	913	915
2021-10-01T02:28:36	910	903	912	916
2021-10-01T02:29:06	910	903	913	915
2021-10-01T02:29:36	909	903	912	915
2021-10-01T02:30:06	909	903	913	915
2021-10-01T02:30:36	909	903	912	915
2021-10-01T02:31:06	909	903	913	915
2021-10-01T02:31:36	909	903	912	915
2021-10-01T02:32:06	911	903	912	915
2021-10-01T02:32:36	910	903	912	916
2021-10-01T02:33:06	910	903	911	915
2021-10-01T02:33:36	910	904	912	915
2021-10-01T02:34:06	909	903	912	915
2021-10-01T02:34:36	909	903	913	915
2021-10-01T02:35:06	909	904	913	915
2021-10-01T02:35:36	909	903	911	915
2021-10-01T02:36:06	909	904	913	915
2021-10-01T02:36:36	909	903	911	915
2021-10-01T02:37:06	911	904	913	915
2021-10-01T02:37:36	910	904	912	916
2021-10-01T02:38:06	909	903	912	915
2021-10-01T02:38:36	909	904	913	916
2021-10-01T02:39:06	909	903	912	915
2021-10-01T02:39:36	909	904	913	915
2021-10-01T02:40:06	909	904	911	915
2021-10-01T02:40:36	909	904	912	915
2021-10-01T02:41:06	909	904	912	915
2021-10-01T02:41:36	909	904	913	915
2021-10-01T02:42:06	909	904	912	915
2021-10-01T02:42:36	909	903	912	915
2021-10-01T02:43:06	909	905	914	915
2021-10-01T02:43:36	909	904	912	915
2021-10-01T02:44:06	909	904	913	915
2021-10-01T02:44:36	909	904	912	915
2021-10-01T02:45:06	908	904	912	915
2021-10-01T02:45:36	855	877	905	915
2021-10-01T02:46:06	786	805	881	913
2021-10-01T02:46:36	701	754	751	902
2021-10-01T02:47:06	567	635	656	878
2021-10-01T02:47:36	503	549	598	858
2021-10-01T02:48:06	460	511	576	808
2021-10-01T02:48:36	438	471	544	720
