time	T1	T2	T3	T4
2021-09-03T12:30:08	26	28	29	31
2021-09-03T12:30:38	26	28	29	31
2021-09-03T12:31:08	27	29	30	31
2021-09-03T12:31:38	28	29	30	30
2021-09-03T12:32:08	30	33	33	30
2021-09-03T12:32:38	31	34	33	31
2021-09-03T12:33:08	31	34	34	31
2021-09-03T12:33:38	32	35	33	31
2021-09-03T12:34:08	34	37	37	31
2021-09-03T12:34:38	34	38	37	31
2021-09-03T12:35:08	34	38	37	32
2021-09-03T12:35:38	34	38	38	32
2021-09-03T12:36:08	40	42	42	33
2021-09-03T12:36:38	42	44	42	33
2021-09-03T12:37:08	41	44	42	34
2021-09-03T12:37:39	41	44	41	35
2021-09-03T12:38:09	42	45	45	36
2021-09-03T12:38:39	43	47	45	36
2021-09-03T12:39:09	42	47	44	37
2021-09-03T12:39:39	44	49	47	37
2021-09-03T12:40:09	44	50	47	38
2021-09-03T12:40:39	46	49	47	39
2021-09-03T12:41:09	50	52	51	39
2021-09-03T12:41:39	50	54	51	41
2021-09-03T12:42:09	50	54	50	41
2021-09-03T12:42:39	51	55	53	42
2021-09-03T12:43:09	51	56	53	42
2021-09-03T12:43:39	51	56	52	44
2021-09-03T12:44:09	52	58	56	45
2021-09-03T12:44:39	53	60	56	45
2021-09-03T12:45:09	56	60	56	46
2021-09-03T12:45:39	58	61	59	47
2021-09-03T12:46:09	59	63	60	48
2021-09-03T12:46:39	59	64	60	49
2021-09-03T12:47:09	59	63	60	49
2021-09-03T12:47:39	61	66	62	50
2021-09-03T12:48:09	60	66	61	51
2021-09-03T12:48:39	61	68	65	51
2021-09-03T12:49:09	62	69	65	52
2021-09-03T12:49:39	64	69	65	53
2021-09-03T12:50:09	67	71	67	53
2021-09-03T12:50:39	66	71	67	54
2021-09-03T12:51:09	67	71	68	55
2021-09-03T12:51:39	68	73	69	56
2021-09-03T12:52:09	67	73	70	56
2021-09-03T12:52:39	68	76	71	56
2021-09-03T12:53:09	70	76	72	57
2021-09-03T12:53:39	73	78	75	58
2021-09-03T12:54:09	73	78	74	59
2021-09-03T12:54:39	74	79	76	60
2021-09-03T12:55:09	74	80	77	60
2021-09-03T12:55:39	74	80	77	61
2021-09-03T12:56:09	75	81	78	61
2021-09-03T12:56:39	78	82	78	62
2021-09-03T12:57:09	80	84	81	63
2021-09-03T12:57:39	79	84	80	64
2021-09-03T12:58:09	80	86	83	64
2021-09-03T12:58:39	80	86	82	65
2021-09-03T12:59:09	84	88	85	66
2021-09-03T12:59:39	84	88	84	67
2021-09-03T13:00:09	84	90	87	68
2021-09-03T13:00:39	83	90	86	69
2021-09-03T13:01:09	88	92	90	69
2021-09-03T13:01:39	89	93	89	70
2021-09-03T13:02:09	90	94	90	71
2021-09-03T13:02:39	88	95	90	71
2021-09-03T13:03:09	89	95	93	72
2021-09-03T13:03:39	90	97	93	73
2021-09-03T13:04:09	93	98	95	74
2021-09-03T13:04:39	94	99	94	74
2021-09-03T13:05:09	95	101	95	75
2021-09-03T13:05:39	94	101	97	76
2021-09-03T13:06:09	96	101	98	77
2021-09-03T13:06:39	98	102	98	78
2021-09-03T13:07:09	98	103	100	78
2021-09-03T13:07:39	98	105	101	79
2021-09-03T13:08:09	101	105	101	80
2021-09-03T13:08:39	102	108	103	81
2021-09-03T13:09:09	102	108	104	83
2021-09-03T13:09:39	102	110	104	83
2021-09-03T13:10:09	102	110	106	83
2021-09-03T13:10:39	105	112	107	84
2021-09-03T13:11:09	105	112	106	86
2021-09-03T13:11:39	107	113	109	86
2021-09-03T13:12:09	106	113	109	87
2021-09-03T13:12:39	107	115	110	88
2021-09-03T13:13:09	109	116	110	88
2021-09-03T13:13:39	114	117	113	89
2021-09-03T13:14:09	113	117	112	90
2021-09-03T13:14:39	112	119	114	91
2021-09-03T13:15:09	112	120	115	92
2021-09-03T13:15:39	112	120	114	93
2021-09-03T13:16:09	118	123	118	93
2021-09-03T13:16:39	118	124	117	94
2021-09-03T13:17:09	119	125	119	95
2021-09-03T13:17:39	117	124	118	96
2021-09-03T13:18:09	118	126	122	96
2021-09-03T13:18:39	118	125	121	96
2021-09-03T13:19:09	124	129	124	98
2021-09-03T13:19:39	123	129	123	99
2021-09-03T13:20:09	124	130	126	100
2021-09-03T13:20:39	124	130	124	101
2021-09-03T13:21:09	124	132	127	101
2021-09-03T13:21:39	123	132	127	102
2021-09-03T13:22:09	129	135	130	104
2021-09-03T13:22:39	130	135	130	104
2021-09-03T13:23:09	130	136	132	106
2021-09-03T13:23:39	129	137	132	107
2021-09-03T13:24:09	128	137	131	107
2021-09-03T13:24:39	135	140	135	108
2021-09-03T13:25:09	135	140	134	109
2021-09-03T13:25:39	134	140	136	110
2021-09-03T13:26:09	133	141	135	110
2021-09-03T13:26:39	137	143	139	111
2021-09-03T13:27:09	136	143	137	112
2021-09-03T13:27:39	138	143	138	113
2021-09-03T13:28:09	138	146	141	114
2021-09-03T13:28:39	137	146	140	114
2021-09-03T13:29:09	141	147	142	115
2021-09-03T13:29:39	141	148	144	116
2021-09-03T13:30:09	141	150	145	117
2021-09-03T13:30:39	142	149	146	117
2021-09-03T13:31:09	147	152	147	119
2021-09-03T13:31:39	146	153	146	119
2021-09-03T13:32:09	147	153	147	121
2021-09-03T13:32:39	146	154	149	122
2021-09-03T13:33:09	148	155	149	122
2021-09-03T13:33:39	149	156	151	124
2021-09-03T13:34:09	151	157	153	124
2021-09-03T13:34:39	152	158	153	125
2021-09-03T13:35:09	151	159	154	126
2021-09-03T13:35:39	153	160	157	127
2021-09-03T13:36:09	153	161	155	128
2021-09-03T13:36:39	155	162	158	128
2021-09-03T13:37:09	155	162	158	129
2021-09-03T13:37:39	156	162	158	130
2021-09-03T13:38:09	157	163	159	131
2021-09-03T13:38:39	158	165	161	131
2021-09-03T13:39:09	161	166	163	132
2021-09-03T13:39:39	161	167	162	133
2021-09-03T13:40:09	161	168	164	133
2021-09-03T13:40:39	165	168	166	134
2021-09-03T13:41:09	162	168	165	135
2021-09-03T13:41:39	166	171	167	136
2021-09-03T13:42:09	165	170	166	137
2021-09-03T13:42:39	164	173	169	138
2021-09-03T13:43:09	169	173	170	139
2021-09-03T13:43:39	170	174	170	140
2021-09-03T13:44:09	168	174	173	141
2021-09-03T13:44:39	171	176	171	142
2021-09-03T13:45:09	172	177	175	143
2021-09-03T13:45:39	170	178	172	144
2021-09-03T13:46:09	176	179	177	145
2021-09-03T13:46:39	175	179	176	146
2021-09-03T13:47:09	176	181	178	147
2021-09-03T13:47:39	175	181	178	148
2021-09-03T13:48:09	180	183	181	149
2021-09-03T13:48:39	180	182	179	150
2021-09-03T13:49:09	179	184	182	151
2021-09-03T13:49:39	179	184	181	151
2021-09-03T13:50:09	184	187	185	153
2021-09-03T13:50:39	183	187	184	153
2021-09-03T13:51:09	183	187	186	155
2021-09-03T13:51:39	183	189	185	155
2021-09-03T13:52:09	188	190	189	156
2021-09-03T13:52:39	185	190	187	157
2021-09-03T13:53:09	186	192	189	158
2021-09-03T13:53:39	189	193	190	159
2021-09-03T13:54:09	187	195	191	159
2021-09-03T13:54:39	189	195	192	161
2021-09-03T13:55:09	190	197	193	161
2021-09-03T13:55:39	193	197	195	161
2021-09-03T13:56:09	194	199	194	163
2021-09-03T13:56:39	194	201	197	164
2021-09-03T13:57:09	194	201	196	165
2021-09-03T13:57:39	197	202	198	165
2021-09-03T13:58:09	196	202	199	166
2021-09-03T13:58:39	199	205	201	167
2021-09-03T13:59:09	198	204	202	167
2021-09-03T13:59:39	200	206	202	169
2021-09-03T14:00:09	200	206	203	169
2021-09-03T14:00:39	201	207	204	170
2021-09-03T14:01:09	202	208	205	170
2021-09-03T14:01:39	207	210	207	171
2021-09-03T14:02:09	205	209	206	173
2021-09-03T14:02:39	208	211	209	173
2021-09-03T14:03:09	208	211	207	174
2021-09-03T14:03:39	206	211	209	176
2021-09-03T14:04:09	210	215	213	177
2021-09-03T14:04:39	208	215	210	177
2021-09-03T14:05:09	211	216	213	178
2021-09-03T14:05:39	211	216	212	180
2021-09-03T14:06:09	213	216	212	181
2021-09-03T14:06:39	215	219	218	181
2021-09-03T14:07:09	213	219	216	182
2021-09-03T14:07:39	217	221	219	183
2021-09-03T14:08:09	216	221	217	184
2021-09-03T14:08:39	216	222	220	186
2021-09-03T14:09:09	218	223	221	186
2021-09-03T14:09:39	220	223	220	187
2021-09-03T14:10:09	221	225	221	187
2021-09-03T14:10:39	220	226	223	188
2021-09-03T14:11:09	222	227	223	189
2021-09-03T14:11:39	223	228	224	191
2021-09-03T14:12:09	224	228	226	192
2021-09-03T14:12:39	225	229	227	193
2021-09-03T14:13:09	227	230	226	194
2021-09-03T14:13:39	226	231	229	194
2021-09-03T14:14:09	226	232	229	194
2021-09-03T14:14:39	231	233	232	195
2021-09-03T14:15:09	231	234	231	197
2021-09-03T14:15:39	231	235	232	198
2021-09-03T14:16:09	232	237	234	198
2021-09-03T14:16:39	232	237	233	199
2021-09-03T14:17:09	236	239	237	201
2021-09-03T14:17:39	236	239	237	202
2021-09-03T14:18:09	234	241	237	203
2021-09-03T14:18:39	238	242	240	203
2021-09-03T14:19:09	237	242	239	205
2021-09-03T14:19:39	237	243	241	206
2021-09-03T14:20:09	241	246	241	207
2021-09-03T14:20:39	239	246	243	208
2021-09-03T14:21:09	242	248	243	209
2021-09-03T14:21:39	241	250	243	210
2021-09-03T14:22:09	244	250	245	211
2021-09-03T14:22:39	245	252	248	212
2021-09-03T14:23:09	246	253	247	213
2021-09-03T14:23:39	246	254	248	214
2021-09-03T14:24:09	249	255	250	215
2021-09-03T14:24:39	248	255	250	217
2021-09-03T14:25:09	251	256	252	217
2021-09-03T14:25:39	251	258	252	218
2021-09-03T14:26:09	250	259	254	219
2021-09-03T14:26:39	252	259	255	220
2021-09-03T14:27:09	253	259	254	221
2021-09-03T14:27:39	255	261	257	223
2021-09-03T14:28:09	256	262	257	223
2021-09-03T14:28:39	255	264	258	224
2021-09-03T14:29:09	258	264	260	225
2021-09-03T14:29:39	258	264	260	226
2021-09-03T14:30:09	257	265	261	228
2021-09-03T14:30:39	263	266	259	228
2021-09-03T14:31:09	263	268	264	229
2021-09-03T14:31:39	260	269	264	230
2021-09-03T14:32:09	262	270	263	231
2021-09-03T14:32:39	267	271	267	232
2021-09-03T14:33:09	264	272	266	233
2021-09-03T14:33:39	265	273	267	234
2021-09-03T14:34:09	268	274	269	235
2021-09-03T14:34:39	267	274	269	236
2021-09-03T14:35:09	268	275	271	237
2021-09-03T14:35:39	268	277	271	238
2021-09-03T14:36:09	271	279	273	240
2021-09-03T14:36:39	271	279	273	240
2021-09-03T14:37:09	275	280	274	241
2021-09-03T14:37:39	273	280	275	242
2021-09-03T14:38:09	276	282	278	243
2021-09-03T14:38:39	275	281	276	244
2021-09-03T14:39:09	279	284	279	245
2021-09-03T14:39:39	277	284	277	246
2021-09-03T14:40:09	279	285	282	247
2021-09-03T14:40:39	278	286	282	248
2021-09-03T14:41:09	280	286	281	249
2021-09-03T14:41:39	283	287	283	250
2021-09-03T14:42:09	281	288	285	251
2021-09-03T14:42:39	284	288	284	252
2021-09-03T14:43:09	285	290	286	252
2021-09-03T14:43:39	284	291	286	253
2021-09-03T14:44:09	288	292	288	254
2021-09-03T14:44:39	286	293	289	255
2021-09-03T14:45:09	289	293	291	256
2021-09-03T14:45:39	288	293	292	257
2021-09-03T14:46:09	292	295	293	258
2021-09-03T14:46:39	292	296	294	259
2021-09-03T14:47:09	291	297	295	260
2021-09-03T14:47:39	292	297	295	261
2021-09-03T14:48:09	296	297	295	262
2021-09-03T14:48:39	296	299	297	263
2021-09-03T14:49:09	298	300	299	264
2021-09-03T14:49:39	296	300	298	265
2021-09-03T14:50:09	298	302	301	266
2021-09-03T14:50:39	299	302	299	267
2021-09-03T14:51:09	303	305	303	268
2021-09-03T14:51:39	300	305	302	269
2021-09-03T14:52:09	302	305	304	270
2021-09-03T14:52:39	302	306	304	271
2021-09-03T14:53:09	304	308	305	272
2021-09-03T14:53:39	304	308	308	273
2021-09-03T14:54:09	307	308	307	274
2021-09-03T14:54:39	309	309	309	275
2021-09-03T14:55:09	307	310	310	276
2021-09-03T14:55:39	308	311	310	277
2021-09-03T14:56:09	311	312	313	278
2021-09-03T14:56:39	309	312	310	279
2021-09-03T14:57:09	312	314	313	280
2021-09-03T14:57:39	313	316	315	281
2021-09-03T14:58:09	313	316	315	282
2021-09-03T14:58:39	315	316	317	283
2021-09-03T14:59:09	316	317	317	285
2021-09-03T14:59:39	318	319	320	285
2021-09-03T15:00:09	317	319	319	285
2021-09-03T15:00:39	319	320	320	287
2021-09-03T15:01:09	319	321	322	287
2021-09-03T15:01:39	322	322	322	289
2021-09-03T15:02:09	321	323	322	290
2021-09-03T15:02:39	324	324	325	292
2021-09-03T15:03:09	322	326	324	293
2021-09-03T15:03:39	325	327	326	294
2021-09-03T15:04:09	325	328	328	294
2021-09-03T15:04:39	326	329	329	296
2021-09-03T15:05:09	327	329	328	296
2021-09-03T15:05:39	330	330	329	298
2021-09-03T15:06:09	329	330	331	298
2021-09-03T15:06:39	330	332	333	299
2021-09-03T15:07:09	331	331	333	300
2021-09-03T15:07:39	331	332	334	302
2021-09-03T15:08:09	335	333	334	302
2021-09-03T15:08:39	335	335	336	303
2021-09-03T15:09:09	336	335	337	305
2021-09-03T15:09:39	334	336	337	305
2021-09-03T15:10:09	337	337	338	307
2021-09-03T15:10:39	337	337	339	308
2021-09-03T15:11:09	338	338	342	309
2021-09-03T15:11:39	341	339	341	310
2021-09-03T15:12:09	342	341	344	312
2021-09-03T15:12:39	343	341	343	312
2021-09-03T15:13:09	341	342	345	314
2021-09-03T15:13:39	346	343	347	315
2021-09-03T15:14:09	345	343	346	316
2021-09-03T15:14:39	348	344	347	317
2021-09-03T15:15:09	345	345	348	318
2021-09-03T15:15:39	347	345	348	319
2021-09-03T15:16:09	349	347	352	320
2021-09-03T15:16:39	350	347	352	320
2021-09-03T15:17:09	351	348	352	322
2021-09-03T15:17:39	353	349	354	323
2021-09-03T15:18:09	352	350	354	324
2021-09-03T15:18:39	352	351	355	325
2021-09-03T15:19:09	354	352	357	325
2021-09-03T15:19:39	353	353	358	327
2021-09-03T15:20:09	358	354	359	329
2021-09-03T15:20:39	357	354	360	330
2021-09-03T15:21:09	359	355	360	331
2021-09-03T15:21:39	359	356	361	332
2021-09-03T15:22:09	362	357	364	333
2021-09-03T15:22:39	360	357	363	334
2021-09-03T15:23:09	363	358	365	335
2021-09-03T15:23:39	363	358	366	336
2021-09-03T15:24:09	364	358	365	337
2021-09-03T15:24:39	364	360	368	337
2021-09-03T15:25:09	365	361	367	338
2021-09-03T15:25:39	370	362	369	338
2021-09-03T15:26:09	367	363	372	340
2021-09-03T15:26:39	369	362	370	342
2021-09-03T15:27:09	368	363	370	343
2021-09-03T15:27:39	372	364	374	343
2021-09-03T15:28:09	370	365	372	345
2021-09-03T15:28:39	374	366	375	346
2021-09-03T15:29:09	373	368	376	346
2021-09-03T15:29:39	376	368	377	347
2021-09-03T15:30:09	376	369	378	348
2021-09-03T15:30:39	377	370	379	349
2021-09-03T15:31:09	378	370	381	350
2021-09-03T15:31:39	378	371	381	352
2021-09-03T15:32:09	380	373	382	353
2021-09-03T15:32:39	380	373	380	354
2021-09-03T15:33:09	381	374	385	355
2021-09-03T15:33:39	383	375	384	356
2021-09-03T15:34:09	383	377	385	357
2021-09-03T15:34:39	387	377	388	357
2021-09-03T15:35:09	385	378	387	359
2021-09-03T15:35:39	386	379	390	360
2021-09-03T15:36:09	389	380	390	361
2021-09-03T15:36:39	387	380	389	362
2021-09-03T15:37:09	390	381	392	364
2021-09-03T15:37:39	391	382	392	364
2021-09-03T15:38:09	393	382	392	365
2021-09-03T15:38:39	392	383	395	366
2021-09-03T15:39:09	394	384	394	367
2021-09-03T15:39:39	396	386	398	369
2021-09-03T15:40:09	395	386	397	369
2021-09-03T15:40:39	397	387	400	370
2021-09-03T15:41:09	398	387	398	370
2021-09-03T15:41:39	398	388	401	372
2021-09-03T15:42:09	399	391	401	373
2021-09-03T15:42:39	400	390	403	374
2021-09-03T15:43:09	402	391	401	376
2021-09-03T15:43:39	404	392	405	377
2021-09-03T15:44:09	401	393	404	378
2021-09-03T15:44:39	404	394	406	378
2021-09-03T15:45:09	403	394	406	380
2021-09-03T15:45:39	406	395	408	381
2021-09-03T15:46:09	404	396	407	381
2021-09-03T15:46:39	409	397	411	382
2021-09-03T15:47:09	407	398	410	383
2021-09-03T15:47:39	411	398	412	385
2021-09-03T15:48:09	410	400	412	386
2021-09-03T15:48:39	412	400	414	386
2021-09-03T15:49:09	414	402	415	387
2021-09-03T15:49:39	415	402	417	388
2021-09-03T15:50:09	413	403	416	389
2021-09-03T15:50:39	416	404	418	390
2021-09-03T15:51:09	415	406	419	391
2021-09-03T15:51:39	420	407	420	392
2021-09-03T15:52:09	419	406	419	395
2021-09-03T15:52:39	418	407	421	395
2021-09-03T15:53:09	421	409	423	396
2021-09-03T15:53:39	423	409	422	397
2021-09-03T15:54:09	422	410	426	399
2021-09-03T15:54:39	426	411	425	400
2021-09-03T15:55:09	424	412	425	401
2021-09-03T15:55:39	426	412	427	403
2021-09-03T15:56:09	426	413	428	404
2021-09-03T15:56:39	429	416	431	404
2021-09-03T15:57:09	428	415	430	405
2021-09-03T15:57:39	430	416	433	407
2021-09-03T15:58:09	428	416	431	407
2021-09-03T15:58:39	432	419	434	410
2021-09-03T15:59:09	431	420	434	411
2021-09-03T15:59:39	432	421	434	411
2021-09-03T16:00:09	438	420	436	412
2021-09-03T16:00:39	435	421	437	414
2021-09-03T16:01:09	436	423	439	414
2021-09-03T16:01:39	436	423	438	415
2021-09-03T16:02:09	439	424	441	416
2021-09-03T16:02:39	440	425	441	417
2021-09-03T16:03:09	440	426	441	418
2021-09-03T16:03:39	438	427	444	419
2021-09-03T16:04:09	442	428	446	421
2021-09-03T16:04:39	441	428	444	422
2021-09-03T16:05:09	445	429	446	423
2021-09-03T16:05:39	446	430	448	422
2021-09-03T16:06:09	444	431	448	425
2021-09-03T16:06:39	448	431	447	426
2021-09-03T16:07:09	446	433	450	426
2021-09-03T16:07:39	450	434	452	427
2021-09-03T16:08:09	450	435	453	428
2021-09-03T16:08:39	451	435	452	429
2021-09-03T16:09:09	452	436	454	430
2021-09-03T16:09:39	452	437	455	432
2021-09-03T16:10:09	453	438	456	432
2021-09-03T16:10:39	454	440	456	434
2021-09-03T16:11:09	456	441	459	435
2021-09-03T16:11:39	456	441	458	437
2021-09-03T16:12:09	457	442	460	438
2021-09-03T16:12:39	459	443	461	439
2021-09-03T16:13:09	460	443	461	440
2021-09-03T16:13:39	463	445	463	441
2021-09-03T16:14:09	460	446	464	442
2021-09-03T16:14:39	462	447	466	443
2021-09-03T16:15:09	465	447	464	444
2021-09-03T16:15:39	463	448	467	445
2021-09-03T16:16:09	468	449	469	446
2021-09-03T16:16:39	465	449	468	447
2021-09-03T16:17:09	466	451	469	447
2021-09-03T16:17:39	471	451	471	448
2021-09-03T16:18:09	468	452	470	449
2021-09-03T16:18:39	469	454	473	450
2021-09-03T16:19:09	473	455	473	452
2021-09-03T16:19:39	472	456	475	452
2021-09-03T16:20:09	475	456	474	453
2021-09-03T16:20:39	474	457	475	454
2021-09-03T16:21:09	476	458	477	456
2021-09-03T16:21:39	474	460	480	457
2021-09-03T16:22:09	477	461	480	458
2021-09-03T16:22:39	477	460	478	458
2021-09-03T16:23:09	480	461	481	459
2021-09-03T16:23:39	480	463	481	461
2021-09-03T16:24:09	481	463	484	462
2021-09-03T16:24:39	483	464	482	463
2021-09-03T16:25:09	483	465	485	464
2021-09-03T16:25:39	484	466	485	465
2021-09-03T16:26:09	485	467	488	466
2021-09-03T16:26:39	487	468	488	468
2021-09-03T16:27:09	485	468	489	468
2021-09-03T16:27:39	488	470	489	469
2021-09-03T16:28:09	489	471	491	470
2021-09-03T16:28:39	488	472	493	473
2021-09-03T16:29:09	490	472	492	475
2021-09-03T16:29:39	493	474	495	478
2021-09-03T16:30:09	493	475	495	479
2021-09-03T16:30:39	494	476	497	480
2021-09-03T16:31:09	496	477	496	482
2021-09-03T16:31:39	496	478	498	482
2021-09-03T16:32:09	498	479	499	483
2021-09-03T16:32:39	499	479	500	485
2021-09-03T16:33:09	498	481	502	486
2021-09-03T16:33:39	498	482	501	487
2021-09-03T16:34:09	502	483	503	488
2021-09-03T16:34:39	500	483	503	489
2021-09-03T16:35:09	503	485	505	490
2021-09-03T16:35:39	505	485	506	491
2021-09-03T16:36:09	503	487	507	493
2021-09-03T16:36:39	507	487	508	494
2021-09-03T16:37:09	506	488	508	495
2021-09-03T16:37:39	506	489	510	495
2021-09-03T16:38:09	509	490	509	496
2021-09-03T16:38:39	508	491	511	497
2021-09-03T16:39:09	510	492	513	498
2021-09-03T16:39:39	512	492	512	499
2021-09-03T16:40:09	512	493	515	500
2021-09-03T16:40:39	513	494	515	501
2021-09-03T16:41:09	515	496	517	501
2021-09-03T16:41:39	514	495	515	502
2021-09-03T16:42:09	516	496	518	503
2021-09-03T16:42:39	519	498	520	503
2021-09-03T16:43:09	519	498	519	503
2021-09-03T16:43:39	518	499	521	504
2021-09-03T16:44:09	519	501	523	506
2021-09-03T16:44:39	521	501	523	507
2021-09-03T16:45:09	522	502	523	507
2021-09-03T16:45:39	523	503	525	508
2021-09-03T16:46:09	524	505	526	509
2021-09-03T16:46:39	525	505	528	509
2021-09-03T16:47:09	524	506	526	509
2021-09-03T16:47:39	525	506	528	511
2021-09-03T16:48:09	527	508	530	511
2021-09-03T16:48:39	529	508	531	513
2021-09-03T16:49:09	530	510	532	513
2021-09-03T16:49:39	530	510	532	515
2021-09-03T16:50:09	530	511	534	516
2021-09-03T16:50:39	533	512	536	517
2021-09-03T16:51:09	536	513	536	518
2021-09-03T16:51:39	536	514	536	519
2021-09-03T16:52:09	535	515	539	519
2021-09-03T16:52:39	537	516	539	521
2021-09-03T16:53:09	538	517	541	522
2021-09-03T16:53:39	538	517	541	523
2021-09-03T16:54:09	541	518	542	524
2021-09-03T16:54:39	541	519	542	525
2021-09-03T16:55:09	541	520	544	526
2021-09-03T16:55:39	542	521	545	527
2021-09-03T16:56:09	543	521	544	529
2021-09-03T16:56:39	546	523	545	529
2021-09-03T16:57:09	545	523	548	530
2021-09-03T16:57:39	546	525	548	531
2021-09-03T16:58:09	549	527	551	531
2021-09-03T16:58:39	550	527	548	533
2021-09-03T16:59:09	549	528	551	534
2021-09-03T16:59:39	550	529	552	536
2021-09-03T17:00:09	551	529	553	537
2021-09-03T17:00:39	553	531	555	538
2021-09-03T17:01:09	553	531	555	538
2021-09-03T17:01:39	556	533	558	540
2021-09-03T17:02:09	555	533	555	541
2021-09-03T17:02:39	556	533	557	542
2021-09-03T17:03:09	558	535	560	543
2021-09-03T17:03:39	558	536	560	544
2021-09-03T17:04:09	558	536	560	545
2021-09-03T17:04:39	559	537	561	548
2021-09-03T17:05:09	562	539	564	548
2021-09-03T17:05:39	561	540	565	548
2021-09-03T17:06:09	563	540	564	550
2021-09-03T17:06:39	565	541	566	551
2021-09-03T17:07:09	567	542	567	552
2021-09-03T17:07:39	564	543	568	553
2021-09-03T17:08:09	566	544	569	554
2021-09-03T17:08:39	568	545	571	555
2021-09-03T17:09:09	568	545	569	556
2021-09-03T17:09:39	570	546	571	557
2021-09-03T17:10:09	569	547	573	558
2021-09-03T17:10:39	571	548	572	559
2021-09-03T17:11:09	573	549	575	560
2021-09-03T17:11:39	574	550	575	561
2021-09-03T17:12:09	576	550	575	562
2021-09-03T17:12:39	573	552	577	564
2021-09-03T17:13:09	577	552	578	564
2021-09-03T17:13:39	576	554	581	565
2021-09-03T17:14:09	580	554	581	567
2021-09-03T17:14:39	579	555	582	568
2021-09-03T17:15:09	580	556	583	569
2021-09-03T17:15:39	579	557	583	570
2021-09-03T17:16:09	581	557	584	570
2021-09-03T17:16:39	584	558	585	572
2021-09-03T17:17:09	584	559	587	573
2021-09-03T17:17:39	586	560	588	574
2021-09-03T17:18:09	586	561	589	575
2021-09-03T17:18:39	587	562	589	576
2021-09-03T17:19:09	587	563	591	577
2021-09-03T17:19:39	589	564	591	579
2021-09-03T17:20:09	590	565	593	579
2021-09-03T17:20:39	590	565	592	580
2021-09-03T17:21:09	591	566	594	581
2021-09-03T17:21:39	592	568	594	583
2021-09-03T17:22:09	592	569	597	584
2021-09-03T17:22:39	594	570	597	586
2021-09-03T17:23:09	596	570	598	586
2021-09-03T17:23:39	596	572	600	587
2021-09-03T17:24:09	598	572	599	589
2021-09-03T17:24:39	598	573	601	589
2021-09-03T17:25:09	599	574	602	590
2021-09-03T17:25:39	602	575	603	592
2021-09-03T17:26:09	602	576	605	592
2021-09-03T17:26:39	602	576	603	595
2021-09-03T17:27:09	604	578	607	594
2021-09-03T17:27:39	606	578	607	595
2021-09-03T17:28:09	604	579	608	597
2021-09-03T17:28:39	606	580	609	599
2021-09-03T17:29:09	607	581	609	600
2021-09-03T17:29:39	607	582	610	600
2021-09-03T17:30:09	608	583	612	601
2021-09-03T17:30:39	611	584	614	602
2021-09-03T17:31:09	612	585	615	603
2021-09-03T17:31:39	612	586	614	604
2021-09-03T17:32:09	614	586	615	605
2021-09-03T17:32:39	615	587	617	607
2021-09-03T17:33:09	616	589	617	607
2021-09-03T17:33:39	615	589	618	608
2021-09-03T17:34:09	616	590	620	611
2021-09-03T17:34:39	618	591	622	612
2021-09-03T17:35:09	622	593	621	614
2021-09-03T17:35:39	619	593	623	616
2021-09-03T17:36:09	622	594	624	618
2021-09-03T17:36:39	623	595	625	620
2021-09-03T17:37:09	623	596	626	620
2021-09-03T17:37:39	624	597	626	621
2021-09-03T17:38:09	625	597	627	622
2021-09-03T17:38:39	627	599	628	623
2021-09-03T17:39:09	628	600	630	624
2021-09-03T17:39:39	629	601	629	626
2021-09-03T17:40:09	629	602	631	626
2021-09-03T17:40:39	630	603	632	627
2021-09-03T17:41:09	630	604	634	628
2021-09-03T17:41:39	631	604	633	629
2021-09-03T17:42:09	632	605	635	630
2021-09-03T17:42:39	632	607	637	631
2021-09-03T17:43:09	634	608	638	632
2021-09-03T17:43:39	636	609	639	633
2021-09-03T17:44:09	637	609	637	634
2021-09-03T17:44:39	637	610	640	635
2021-09-03T17:45:09	639	611	642	636
2021-09-03T17:45:39	639	612	642	637
2021-09-03T17:46:09	640	613	642	638
2021-09-03T17:46:39	641	614	643	639
2021-09-03T17:47:09	643	615	645	639
2021-09-03T17:47:39	642	615	646	641
2021-09-03T17:48:09	643	617	648	642
2021-09-03T17:48:39	645	617	647	643
2021-09-03T17:49:09	646	618	647	644
2021-09-03T17:49:39	648	619	649	644
2021-09-03T17:50:09	649	621	651	645
2021-09-03T17:50:39	648	622	651	646
2021-09-03T17:51:09	651	623	653	648
2021-09-03T17:51:39	652	624	654	649
2021-09-03T17:52:09	651	624	655	650
2021-09-03T17:52:39	655	626	656	650
2021-09-03T17:53:09	656	626	657	651
2021-09-03T17:53:39	657	627	658	653
2021-09-03T17:54:09	655	628	658	653
2021-09-03T17:54:39	657	629	660	654
2021-09-03T17:55:09	658	629	659	655
2021-09-03T17:55:39	659	631	662	656
2021-09-03T17:56:09	659	632	662	658
2021-09-03T17:56:39	661	633	664	658
2021-09-03T17:57:09	663	634	665	659
2021-09-03T17:57:39	664	635	666	660
2021-09-03T17:58:09	666	635	666	661
2021-09-03T17:58:39	667	636	667	662
2021-09-03T17:59:09	667	637	669	662
2021-09-03T17:59:39	667	638	669	663
2021-09-03T18:00:09	669	639	671	665
2021-09-03T18:00:39	669	640	671	666
2021-09-03T18:01:09	671	641	673	666
2021-09-03T18:01:39	671	642	674	667
2021-09-03T18:02:09	673	643	675	668
2021-09-03T18:02:39	672	644	675	669
2021-09-03T18:03:09	674	645	676	670
2021-09-03T18:03:39	675	646	678	671
2021-09-03T18:04:09	675	647	679	672
2021-09-03T18:04:39	675	648	679	673
2021-09-03T18:05:09	679	649	680	673
2021-09-03T18:05:39	678	650	681	673
2021-09-03T18:06:09	681	651	682	675
2021-09-03T18:06:39	681	652	683	677
2021-09-03T18:07:09	683	652	684	677
2021-09-03T18:07:39	683	653	685	678
2021-09-03T18:08:09	682	654	686	679
2021-09-03T18:08:39	683	655	687	681
2021-09-03T18:09:09	687	655	688	681
2021-09-03T18:09:39	685	657	688	682
2021-09-03T18:10:09	687	658	689	683
2021-09-03T18:10:39	688	658	691	684
2021-09-03T18:11:09	689	660	691	685
2021-09-03T18:11:39	690	661	692	686
2021-09-03T18:12:09	692	661	693	687
2021-09-03T18:12:39	692	662	694	688
2021-09-03T18:13:09	693	663	695	689
2021-09-03T18:13:39	693	664	696	690
2021-09-03T18:14:09	695	665	696	691
2021-09-03T18:14:39	695	666	697	692
2021-09-03T18:15:09	697	667	698	693
2021-09-03T18:15:39	697	667	699	694
2021-09-03T18:16:09	699	668	700	695
2021-09-03T18:16:39	701	670	700	695
2021-09-03T18:17:09	701	671	701	697
2021-09-03T18:17:39	702	671	703	698
2021-09-03T18:18:09	702	672	703	699
2021-09-03T18:18:39	703	673	703	700
2021-09-03T18:19:09	705	674	705	699
2021-09-03T18:19:39	706	675	706	702
2021-09-03T18:20:09	708	676	707	702
2021-09-03T18:20:39	708	677	708	703
2021-09-03T18:21:09	709	677	709	705
2021-09-03T18:21:39	711	678	710	705
2021-09-03T18:22:09	711	679	711	706
2021-09-03T18:22:39	713	680	712	707
2021-09-03T18:23:09	712	681	712	708
2021-09-03T18:23:39	715	682	714	709
2021-09-03T18:24:09	716	683	714	709
2021-09-03T18:24:39	716	684	715	710
2021-09-03T18:25:09	716	684	716	712
2021-09-03T18:25:39	719	686	717	715
2021-09-03T18:26:09	719	686	718	714
2021-09-03T18:26:39	721	687	719	715
2021-09-03T18:27:09	721	688	719	717
2021-09-03T18:27:39	721	689	719	718
2021-09-03T18:28:09	725	690	721	718
2021-09-03T18:28:39	724	691	722	719
2021-09-03T18:29:09	725	691	722	719
2021-09-03T18:29:39	725	692	724	721
2021-09-03T18:30:09	726	693	725	722
2021-09-03T18:30:39	727	694	725	724
2021-09-03T18:31:09	729	695	727	724
2021-09-03T18:31:39	731	696	727	725
2021-09-03T18:32:09	729	697	728	726
2021-09-03T18:32:39	731	697	728	727
2021-09-03T18:33:09	731	699	730	729
2021-09-03T18:33:39	733	700	731	728
2021-09-03T18:34:09	733	701	732	730
2021-09-03T18:34:39	735	701	733	730
2021-09-03T18:35:09	735	702	734	731
2021-09-03T18:35:39	736	703	735	732
2021-09-03T18:36:09	738	704	735	733
2021-09-03T18:36:39	738	705	737	734
2021-09-03T18:37:09	739	705	738	736
2021-09-03T18:37:39	739	706	738	737
2021-09-03T18:38:09	742	707	738	738
2021-09-03T18:38:39	743	708	740	738
2021-09-03T18:39:09	744	709	741	739
2021-09-03T18:39:39	745	710	742	740
2021-09-03T18:40:09	748	711	742	741
2021-09-03T18:40:39	748	712	743	741
2021-09-03T18:41:09	749	713	745	744
2021-09-03T18:41:39	750	713	745	744
2021-09-03T18:42:09	750	714	746	746
2021-09-03T18:42:39	750	715	747	746
2021-09-03T18:43:09	753	716	748	748
2021-09-03T18:43:39	752	717	748	749
2021-09-03T18:44:09	755	718	750	748
2021-09-03T18:44:39	756	719	750	749
2021-09-03T18:45:09	756	719	751	751
2021-09-03T18:45:39	757	720	752	751
2021-09-03T18:46:09	758	721	752	752
2021-09-03T18:46:39	759	722	753	755
2021-09-03T18:47:09	760	723	755	754
2021-09-03T18:47:39	760	724	756	755
2021-09-03T18:48:09	761	725	756	757
2021-09-03T18:48:39	763	725	757	758
2021-09-03T18:49:09	764	726	757	759
2021-09-03T18:49:39	764	727	759	759
2021-09-03T18:50:09	764	728	759	760
2021-09-03T18:50:39	766	729	760	762
2021-09-03T18:51:09	767	730	761	762
2021-09-03T18:51:39	769	731	762	764
2021-09-03T18:52:09	768	731	762	764
2021-09-03T18:52:39	770	732	763	765
2021-09-03T18:53:09	771	733	764	766
2021-09-03T18:53:39	772	734	764	767
2021-09-03T18:54:09	773	735	765	768
2021-09-03T18:54:39	774	736	766	769
2021-09-03T18:55:09	775	737	767	770
2021-09-03T18:55:39	775	738	767	771
2021-09-03T18:56:09	775	738	768	772
2021-09-03T18:56:39	777	740	769	773
2021-09-03T18:57:09	781	741	769	774
2021-09-03T18:57:39	780	742	770	774
2021-09-03T18:58:09	780	742	771	775
2021-09-03T18:58:39	783	743	771	776
2021-09-03T18:59:09	782	744	772	777
2021-09-03T18:59:39	785	745	773	778
2021-09-03T19:00:09	785	746	774	780
2021-09-03T19:00:39	785	746	774	780
2021-09-03T19:01:09	788	747	775	781
2021-09-03T19:01:39	788	748	776	781
2021-09-03T19:02:09	789	749	777	783
2021-09-03T19:02:39	790	749	777	784
2021-09-03T19:03:09	790	750	778	785
2021-09-03T19:03:39	792	751	780	785
2021-09-03T19:04:09	793	751	780	786
2021-09-03T19:04:39	792	752	781	787
2021-09-03T19:05:09	793	753	781	788
2021-09-03T19:05:39	795	754	783	789
2021-09-03T19:06:09	796	755	783	790
2021-09-03T19:06:39	797	756	783	791
2021-09-03T19:07:09	797	757	785	791
2021-09-03T19:07:39	799	757	785	791
2021-09-03T19:08:09	799	758	786	792
2021-09-03T19:08:39	802	759	787	793
2021-09-03T19:09:09	802	759	787	794
2021-09-03T19:09:39	803	760	788	795
2021-09-03T19:10:09	805	761	789	795
2021-09-03T19:10:39	804	762	789	796
2021-09-03T19:11:09	807	763	791	797
2021-09-03T19:11:39	807	763	791	798
2021-09-03T19:12:09	808	764	792	798
2021-09-03T19:12:39	810	764	793	799
2021-09-03T19:13:09	809	765	793	800
2021-09-03T19:13:39	813	766	794	800
2021-09-03T19:14:09	812	767	795	802
2021-09-03T19:14:39	814	767	796	804
2021-09-03T19:15:09	814	768	796	805
2021-09-03T19:15:39	815	769	797	806
2021-09-03T19:16:09	817	769	799	806
2021-09-03T19:16:39	816	771	800	806
2021-09-03T19:17:09	819	772	801	808
2021-09-03T19:17:39	818	772	801	809
2021-09-03T19:18:09	820	773	802	810
2021-09-03T19:18:39	820	774	803	811
2021-09-03T19:19:09	823	775	804	812
2021-09-03T19:19:39	822	775	804	812
2021-09-03T19:20:09	824	776	806	814
2021-09-03T19:20:39	824	777	807	815
2021-09-03T19:21:09	825	778	807	815
2021-09-03T19:21:39	827	778	808	816
2021-09-03T19:22:09	827	779	809	818
2021-09-03T19:22:39	830	780	810	819
2021-09-03T19:23:09	828	780	810	819
2021-09-03T19:23:39	831	781	811	821
2021-09-03T19:24:09	833	782	813	821
2021-09-03T19:24:39	833	782	813	822
2021-09-03T19:25:09	834	782	813	824
2021-09-03T19:25:39	835	783	815	825
2021-09-03T19:26:09	833	784	816	825
2021-09-03T19:26:39	835	785	817	826
2021-09-03T19:27:09	837	786	817	828
2021-09-03T19:27:39	838	787	818	828
2021-09-03T19:28:09	839	787	819	829
2021-09-03T19:28:39	840	788	820	830
2021-09-03T19:29:09	840	788	820	831
2021-09-03T19:29:39	843	789	822	832
2021-09-03T19:30:09	841	790	822	833
2021-09-03T19:30:39	846	791	823	834
2021-09-03T19:31:09	845	791	824	834
2021-09-03T19:31:39	847	792	825	837
2021-09-03T19:32:09	846	792	825	837
2021-09-03T19:32:39	846	793	826	838
2021-09-03T19:33:09	850	794	828	839
2021-09-03T19:33:39	850	795	829	840
2021-09-03T19:34:09	850	795	830	842
2021-09-03T19:34:39	854	797	830	842
2021-09-03T19:35:09	852	797	832	844
2021-09-03T19:35:39	855	798	833	844
2021-09-03T19:36:09	855	799	833	845
2021-09-03T19:36:39	856	799	834	846
2021-09-03T19:37:09	857	800	835	847
2021-09-03T19:37:39	856	801	836	848
2021-09-03T19:38:09	860	802	837	849
2021-09-03T19:38:39	859	802	838	850
2021-09-03T19:39:09	861	803	839	852
2021-09-03T19:39:39	860	804	840	853
2021-09-03T19:40:09	864	805	840	853
2021-09-03T19:40:39	863	806	842	855
2021-09-03T19:41:09	863	807	842	857
2021-09-03T19:41:39	865	808	843	856
2021-09-03T19:42:09	866	809	844	857
2021-09-03T19:42:39	868	810	845	858
2021-09-03T19:43:09	867	811	846	859
2021-09-03T19:43:39	871	811	847	860
2021-09-03T19:44:09	870	813	848	862
2021-09-03T19:44:39	871	814	849	863
2021-09-03T19:45:09	874	815	849	863
2021-09-03T19:45:39	874	815	850	864
2021-09-03T19:46:09	873	816	852	866
2021-09-03T19:46:39	876	818	853	866
2021-09-03T19:47:09	877	818	854	867
2021-09-03T19:47:39	877	819	855	869
2021-09-03T19:48:09	879	820	856	871
2021-09-03T19:48:39	879	821	856	871
2021-09-03T19:49:09	881	822	858	871
2021-09-03T19:49:39	882	823	858	874
2021-09-03T19:50:09	882	823	860	874
2021-09-03T19:50:39	883	824	861	875
2021-09-03T19:51:09	885	825	862	876
2021-09-03T19:51:39	884	827	863	877
2021-09-03T19:52:09	886	827	863	878
2021-09-03T19:52:39	888	828	866	879
2021-09-03T19:53:09	887	829	866	880
2021-09-03T19:53:39	889	830	868	880
2021-09-03T19:54:09	889	831	869	881
2021-09-03T19:54:39	890	832	870	883
2021-09-03T19:55:09	890	833	871	883
2021-09-03T19:55:39	895	834	872	885
2021-09-03T19:56:09	893	835	873	886
2021-09-03T19:56:39	893	836	874	887
2021-09-03T19:57:09	897	837	875	888
2021-09-03T19:57:39	895	838	875	889
2021-09-03T19:58:09	898	838	877	891
2021-09-03T19:58:39	899	839	878	891
2021-09-03T19:59:09	898	840	879	893
2021-09-03T19:59:39	901	841	880	894
2021-09-03T20:00:09	902	842	881	895
2021-09-03T20:00:39	903	844	882	895
2021-09-03T20:01:09	904	844	883	897
2021-09-03T20:01:39	906	845	884	899
2021-09-03T20:02:09	905	846	885	899
2021-09-03T20:02:39	907	847	886	901
2021-09-03T20:03:09	906	848	887	901
2021-09-03T20:03:39	909	849	888	902
2021-09-03T20:04:09	909	850	889	903
2021-09-03T20:04:39	908	851	890	904
2021-09-03T20:05:09	909	852	891	904
2021-09-03T20:05:39	908	853	892	904
2021-09-03T20:06:09	908	854	893	905
2021-09-03T20:06:39	911	855	895	906
2021-09-03T20:07:09	910	856	895	906
2021-09-03T20:07:39	909	857	896	907
2021-09-03T20:08:09	909	858	897	907
2021-09-03T20:08:39	909	859	898	908
2021-09-03T20:09:09	910	860	899	908
2021-09-03T20:09:39	910	861	900	909
2021-09-03T20:10:09	909	862	901	909
2021-09-03T20:10:39	908	863	902	909
2021-09-03T20:11:09	909	864	903	910
2021-09-03T20:11:39	909	865	904	910
2021-09-03T20:12:09	910	866	905	911
2021-09-03T20:12:39	910	867	905	911
2021-09-03T20:13:09	910	868	906	910
2021-09-03T20:13:39	908	869	907	912
2021-09-03T20:14:09	909	870	907	912
2021-09-03T20:14:39	909	871	909	913
2021-09-03T20:15:09	910	872	910	912
2021-09-03T20:15:39	908	873	910	912
2021-09-03T20:16:09	910	874	911	913
2021-09-03T20:16:39	910	875	912	913
2021-09-03T20:17:09	910	875	911	914
2021-09-03T20:17:39	910	875	912	914
2021-09-03T20:18:09	909	876	911	915
2021-09-03T20:18:39	910	876	912	914
2021-09-03T20:19:09	910	877	911	914
2021-09-03T20:19:39	907	878	912	914
2021-09-03T20:20:09	911	879	913	915
2021-09-03T20:20:39	910	880	911	915
2021-09-03T20:21:09	910	880	913	915
2021-09-03T20:21:39	909	881	912	915
2021-09-03T20:22:09	910	881	912	915
2021-09-03T20:22:39	909	882	912	915
2021-09-03T20:23:09	909	882	913	915
2021-09-03T20:23:39	909	883	912	915
2021-09-03T20:24:09	909	884	911	916
2021-09-03T20:24:39	909	884	912	915
2021-09-03T20:25:09	911	885	911	916
2021-09-03T20:25:39	910	885	912	916
2021-09-03T20:26:09	910	886	912	916
2021-09-03T20:26:39	910	886	911	916
2021-09-03T20:27:09	910	887	912	916
2021-09-03T20:27:39	909	887	911	916
2021-09-03T20:28:09	909	888	912	916
2021-09-03T20:28:39	908	889	913	916
2021-09-03T20:29:09	910	889	911	916
2021-09-03T20:29:39	909	890	912	916
2021-09-03T20:30:09	909	890	913	916
2021-09-03T20:30:39	909	891	912	916
2021-09-03T20:31:09	910	891	912	916
2021-09-03T20:31:39	910	892	913	916
2021-09-03T20:32:09	909	892	913	916
2021-09-03T20:32:39	909	893	913	916
2021-09-03T20:33:09	909	893	913	916
2021-09-03T20:33:39	910	894	912	916
2021-09-03T20:34:09	910	894	913	915
2021-09-03T20:34:39	910	895	912	917
2021-09-03T20:35:09	909	895	913	916
2021-09-03T20:35:39	910	896	912	917
2021-09-03T20:36:09	910	896	912	917
2021-09-03T20:36:39	909	896	912	916
2021-09-03T20:37:09	909	896	912	917
2021-09-03T20:37:39	911	896	913	917
2021-09-03T20:38:09	909	896	913	916
2021-09-03T20:38:39	910	896	913	916
2021-09-03T20:39:09	911	896	913	916
2021-09-03T20:39:39	910	896	912	916
2021-09-03T20:40:09	909	896	912	916
2021-09-03T20:40:39	910	897	912	916
2021-09-03T20:41:09	910	897	912	916
2021-09-03T20:41:39	909	897	912	917
2021-09-03T20:42:09	910	897	911	916
2021-09-03T20:42:39	911	898	913	916
2021-09-03T20:43:09	909	898	913	916
2021-09-03T20:43:39	911	898	913	916
2021-09-03T20:44:09	909	899	913	916
2021-09-03T20:44:39	910	898	913	916
2021-09-03T20:45:09	911	898	912	916
2021-09-03T20:45:39	909	898	912	916
2021-09-03T20:46:09	911	897	912	916
2021-09-03T20:46:39	909	898	912	916
2021-09-03T20:47:09	911	897	912	916
2021-09-03T20:47:39	909	897	913	916
2021-09-03T20:48:09	911	897	912	916
2021-09-03T20:48:39	910	897	912	917
2021-09-03T20:49:09	909	897	912	916
2021-09-03T20:49:39	910	897	913	916
2021-09-03T20:50:09	911	898	913	916
2021-09-03T20:50:39	910	897	912	917
2021-09-03T20:51:09	909	898	912	917
2021-09-03T20:51:39	911	898	913	917
2021-09-03T20:52:09	910	898	913	917
2021-09-03T20:52:39	909	898	912	916
2021-09-03T20:53:09	910	898	912	917
2021-09-03T20:53:39	908	899	913	917
2021-09-03T20:54:09	911	899	913	917
2021-09-03T20:54:39	910	899	913	917
2021-09-03T20:55:09	909	899	912	916
2021-09-03T20:55:39	911	899	912	917
2021-09-03T20:56:09	909	899	913	917
2021-09-03T20:56:39	909	899	913	916
2021-09-03T20:57:09	911	899	912	917
2021-09-03T20:57:39	910	900	912	917
2021-09-03T20:58:09	909	900	913	917
2021-09-03T20:58:39	910	899	911	917
2021-09-03T20:59:09	910	900	912	917
2021-09-03T20:59:39	911	900	913	917
2021-09-03T21:00:09	909	900	912	917
2021-09-03T21:00:39	909	900	912	917
2021-09-03T21:01:10	909	901	913	917
2021-09-03T21:01:40	910	900	913	917
2021-09-03T21:02:10	910	900	912	917
2021-09-03T21:02:40	909	901	912	917
2021-09-03T21:03:10	911	901	913	917
2021-09-03T21:03:40	910	900	912	917
2021-09-03T21:04:10	909	901	913	917
2021-09-03T21:04:40	910	901	913	917
2021-09-03T21:05:10	910	901	913	917
2021-09-03T21:05:40	909	901	912	917
2021-09-03T21:06:10	910	900	913	917
2021-09-03T21:06:40	910	901	913	917
2021-09-03T21:07:10	909	901	913	917
2021-09-03T21:07:40	909	901	912	916
2021-09-03T21:08:10	911	901	913	917
2021-09-03T21:08:40	910	901	912	916
2021-09-03T21:09:10	909	901	912	917
2021-09-03T21:09:40	911	900	913	917
2021-09-03T21:10:10	910	901	912	916
2021-09-03T21:10:40	909	901	912	917
2021-09-03T21:11:10	909	902	913	916
2021-09-03T21:11:40	910	901	912	915
2021-09-03T21:12:10	910	902	913	917
2021-09-03T21:12:40	909	901	912	917
2021-09-03T21:13:10	911	902	913	915
2021-09-03T21:13:40	910	902	912	917
2021-09-03T21:14:10	910	901	912	917
2021-09-03T21:14:40	909	902	912	915
2021-09-03T21:15:10	909	902	913	916
2021-09-03T21:15:40	909	902	912	916
2021-09-03T21:16:10	911	901	912	916
2021-09-03T21:16:40	910	902	913	916
2021-09-03T21:17:10	910	902	912	917
2021-09-03T21:17:40	909	903	913	915
2021-09-03T21:18:10	909	903	912	915
2021-09-03T21:18:40	911	902	912	916
2021-09-03T21:19:10	910	903	913	917
2021-09-03T21:19:40	909	902	912	916
2021-09-03T21:20:10	910	903	913	916
2021-09-03T21:20:40	909	903	912	915
2021-09-03T21:21:10	909	903	913	916
2021-09-03T21:21:40	911	902	912	916
2021-09-03T21:22:10	911	903	913	916
2021-09-03T21:22:40	910	903	912	916
2021-09-03T21:23:10	909	904	913	915
2021-09-03T21:23:40	909	904	913	915
2021-09-03T21:24:10	909	904	912	915
2021-09-03T21:24:40	909	905	913	915
2021-09-03T21:25:10	909	904	912	916
2021-09-03T21:25:40	911	904	914	916
2021-09-03T21:26:10	910	904	912	916
2021-09-03T21:26:40	910	903	912	916
2021-09-03T21:27:10	909	905	913	915
2021-09-03T21:27:40	909	904	912	915
2021-09-03T21:28:10	909	905	913	915
2021-09-03T21:28:40	909	904	912	915
2021-09-03T21:29:10	911	905	913	915
2021-09-03T21:29:40	910	905	912	916
2021-09-03T21:30:10	910	904	912	916
2021-09-03T21:30:40	910	904	913	915
2021-09-03T21:31:10	909	905	912	916
2021-09-03T21:31:40	909	904	912	916
2021-09-03T21:32:10	909	905	913	915
2021-09-03T21:32:40	909	905	913	916
2021-09-03T21:33:10	909	905	914	915
2021-09-03T21:33:40	909	905	914	915
2021-09-03T21:34:10	909	905	912	915
2021-09-03T21:34:40	908	904	912	915
2021-09-03T21:35:10	908	903	912	915
2021-09-03T21:35:40	908	903	911	914
2021-09-03T21:36:10	908	903	911	914
2021-09-03T21:36:40	907	902	910	914
2021-09-03T21:37:10	907	902	910	914
2021-09-03T21:37:40	907	902	910	913
2021-09-03T21:38:10	907	902	909	913
2021-09-03T21:38:40	907	901	909	913
2021-09-03T21:39:10	907	901	909	913
2021-09-03T21:39:40	906	901	908	913
2021-09-03T21:40:10	907	901	908	912
2021-09-03T21:40:40	906	901	908	912
2021-09-03T21:41:10	906	900	908	912
2021-09-03T21:41:40	906	900	907	911
2021-09-03T21:42:10	906	900	907	912
2021-09-03T21:42:40	857	900	907	911
2021-09-03T21:43:10	787	823	878	905
2021-09-03T21:43:40	722	771	765	868
2021-09-03T21:44:10	583	655	703	817
2021-09-03T21:44:40	529	586	626	739
2021-09-03T21:45:10	479	515	579	678
2021-09-03T21:45:40	442	472	549	647
2021-09-03T21:46:10	418	452	533	609
2021-09-03T21:46:40	403	428	513	580
2021-09-03T21:47:10	381	407	489	556
2021-09-03T21:47:40	363	392	482	540
2021-09-03T21:48:10	355	381	465	518
2021-09-03T21:48:40	341	367	451	499
2021-09-03T21:49:10	332	355	436	486
2021-09-03T21:49:40	318	347	428	470
2021-09-03T21:50:10	311	335	419	455
2021-09-03T21:50:40	301	324	407	440
2021-09-03T21:51:10	293	314	398	430
2021-09-03T21:51:40	288	308	387	418
2021-09-03T21:52:10	281	299	376	406
2021-09-03T21:52:40	270	291	372	398
2021-09-03T21:53:10	266	286	366	388
2021-09-03T21:53:40	260	279	353	378
2021-09-03T21:54:10	254	271	350	369
2021-09-03T21:54:40	251	265	348	364
2021-09-03T21:55:10	246	260	337	355
2021-09-03T21:55:40	239	256	336	348
2021-09-03T21:56:10	235	249	325	342
