time	T1	T2	T3	T4
2021-09-06T13:43:10	20	22	22	20
2021-09-06T13:43:40	20	22	22	20
2021-09-06T13:44:10	20	22	22	20
2021-09-06T13:44:40	23	24	24	20
2021-09-06T13:45:10	24	26	26	21
2021-09-06T13:45:40	24	27	27	21
2021-09-06T13:46:10	25	27	27	21
2021-09-06T13:46:40	25	28	28	22
2021-09-06T13:47:10	27	28	28	22
2021-09-06T13:47:40	31	30	31	23
2021-09-06T13:48:10	32	31	31	24
2021-09-06T13:48:40	31	32	31	25
2021-09-06T13:49:10	33	34	32	25
2021-09-06T13:49:40	33	34	34	26
2021-09-06T13:50:10	33	35	33	27
2021-09-06T13:50:40	34	36	36	28
2021-09-06T13:51:10	34	36	36	28
2021-09-06T13:51:40	35	39	38	29
2021-09-06T13:52:10	35	38	38	30
2021-09-06T13:52:40	40	41	41	30
2021-09-06T13:53:10	41	41	41	31
2021-09-06T13:53:40	41	42	40	32
2021-09-06T13:54:10	41	43	42	33
2021-09-06T13:54:40	42	44	44	33
2021-09-06T13:55:10	42	45	44	35
2021-09-06T13:55:40	43	46	46	35
2021-09-06T13:56:10	43	47	46	37
2021-09-06T13:56:40	48	49	48	37
2021-09-06T13:57:10	49	49	48	39
2021-09-06T13:57:40	48	50	50	40
2021-09-06T13:58:10	49	51	50	40
2021-09-06T13:58:40	49	51	50	40
2021-09-06T13:59:10	50	53	52	42
2021-09-06T13:59:40	54	55	54	43
2021-09-06T14:00:10	55	56	55	43
2021-09-06T14:00:40	54	56	54	44
2021-09-06T14:01:10	55	58	56	45
2021-09-06T14:01:40	56	59	58	46
2021-09-06T14:02:10	56	60	58	47
2021-09-06T14:02:40	58	61	60	48
2021-09-06T14:03:10	60	62	60	49
2021-09-06T14:03:40	61	63	61	49
2021-09-06T14:04:10	61	64	61	50
2021-09-06T14:04:40	61	65	64	51
2021-09-06T14:05:10	61	66	63	52
2021-09-06T14:05:40	65	66	66	53
2021-09-06T14:06:10	67	69	66	54
2021-09-06T14:06:40	67	69	67	55
2021-09-06T14:07:10	67	71	68	55
2021-09-06T14:07:40	68	71	69	56
2021-09-06T14:08:10	68	73	69	57
2021-09-06T14:08:40	71	73	70	58
2021-09-06T14:09:10	73	75	71	59
2021-09-06T14:09:40	73	76	73	60
2021-09-06T14:10:10	73	76	73	60
2021-09-06T14:10:40	73	77	74	61
2021-09-06T14:11:10	73	79	75	62
2021-09-06T14:11:40	77	80	78	63
2021-09-06T14:12:10	79	81	77	64
2021-09-06T14:12:40	79	81	77	65
2021-09-06T14:13:10	80	84	80	66
2021-09-06T14:13:40	79	84	81	67
2021-09-06T14:14:10	79	85	80	67
2021-09-06T14:14:40	80	86	83	68
2021-09-06T14:15:10	83	86	84	69
2021-09-06T14:15:40	83	88	84	70
2021-09-06T14:16:10	84	89	85	70
2021-09-06T14:16:40	84	89	86	71
2021-09-06T14:17:10	89	92	88	73
2021-09-06T14:17:40	88	92	88	74
2021-09-06T14:18:10	88	93	89	75
2021-09-06T14:18:40	88	94	90	75
2021-09-06T14:19:10	91	95	90	76
2021-09-06T14:19:40	94	97	93	77
2021-09-06T14:20:10	93	96	92	78
2021-09-06T14:20:40	94	98	95	79
2021-09-06T14:21:10	93	99	94	80
2021-09-06T14:21:40	94	101	97	79
2021-09-06T14:22:10	97	101	96	81
2021-09-06T14:22:40	99	102	99	82
2021-09-06T14:23:10	97	102	98	83
2021-09-06T14:23:40	101	104	101	84
2021-09-06T14:24:10	101	105	101	84
2021-09-06T14:24:40	100	105	101	85
2021-09-06T14:25:10	101	107	103	86
2021-09-06T14:25:40	103	107	103	87
2021-09-06T14:26:10	105	109	105	87
2021-09-06T14:26:40	104	109	105	88
2021-09-06T14:27:10	105	111	107	89
2021-09-06T14:27:40	106	111	108	90
2021-09-06T14:28:10	111	113	110	90
2021-09-06T14:28:40	110	114	109	91
2021-09-06T14:29:10	111	116	112	92
2021-09-06T14:29:40	109	115	110	93
2021-09-06T14:30:10	113	117	114	94
2021-09-06T14:30:40	113	117	112	95
2021-09-06T14:31:10	114	119	115	95
2021-09-06T14:31:40	114	119	115	96
2021-09-06T14:32:10	118	120	116	97
2021-09-06T14:32:40	118	122	117	98
2021-09-06T14:33:10	118	123	119	98
2021-09-06T14:33:40	117	123	118	99
2021-09-06T14:34:10	122	125	122	100
2021-09-06T14:34:40	121	125	121	101
2021-09-06T14:35:10	121	126	124	101
2021-09-06T14:35:40	122	127	124	102
2021-09-06T14:36:10	125	128	125	103
2021-09-06T14:36:40	124	129	125	104
2021-09-06T14:37:10	125	131	128	105
2021-09-06T14:37:40	126	131	127	106
2021-09-06T14:38:10	130	133	130	107
2021-09-06T14:38:40	128	133	128	108
2021-09-06T14:39:10	128	134	130	108
2021-09-06T14:39:40	130	135	132	109
2021-09-06T14:40:10	130	136	131	110
2021-09-06T14:40:40	133	138	135	111
2021-09-06T14:41:10	133	139	135	112
2021-09-06T14:41:40	132	140	135	113
2021-09-06T14:42:10	137	141	137	113
2021-09-06T14:42:40	139	142	137	115
2021-09-06T14:43:10	139	142	138	115
2021-09-06T14:43:40	137	143	140	116
2021-09-06T14:44:10	137	143	141	117
2021-09-06T14:44:40	141	145	140	118
2021-09-06T14:45:10	143	146	143	118
2021-09-06T14:45:40	141	146	142	119
2021-09-06T14:46:10	145	149	146	120
2021-09-06T14:46:40	144	148	144	121
2021-09-06T14:47:10	143	149	146	122
2021-09-06T14:47:40	147	150	148	123
2021-09-06T14:48:10	147	151	147	124
2021-09-06T14:48:40	149	152	148	124
2021-09-06T14:49:10	151	154	151	125
2021-09-06T14:49:40	149	153	150	126
2021-09-06T14:50:10	150	155	153	127
2021-09-06T14:50:40	153	155	151	128
2021-09-06T14:51:10	155	157	154	129
2021-09-06T14:51:40	154	158	155	130
2021-09-06T14:52:10	156	159	156	131
2021-09-06T14:52:40	157	160	156	132
2021-09-06T14:53:10	157	161	158	133
2021-09-06T14:53:40	156	162	158	134
2021-09-06T14:54:10	161	163	161	135
2021-09-06T14:54:40	160	163	160	136
2021-09-06T14:55:10	161	165	162	136
2021-09-06T14:55:40	162	165	161	138
2021-09-06T14:56:10	164	167	165	139
2021-09-06T14:56:40	163	167	163	140
2021-09-06T14:57:10	165	168	165	140
2021-09-06T14:57:40	164	169	167	141
2021-09-06T14:58:10	168	171	167	142
2021-09-06T14:58:40	168	172	169	143
2021-09-06T14:59:10	167	171	168	144
2021-09-06T14:59:40	172	173	171	145
2021-09-06T15:00:10	171	174	172	146
2021-09-06T15:00:40	170	176	173	147
2021-09-06T15:01:10	174	176	174	147
2021-09-06T15:01:40	174	177	173	149
2021-09-06T15:02:10	174	178	175	150
2021-09-06T15:02:40	176	179	177	150
2021-09-06T15:03:10	175	180	177	151
2021-09-06T15:03:40	179	181	179	152
2021-09-06T15:04:10	179	182	179	153
2021-09-06T15:04:40	178	183	181	154
2021-09-06T15:05:10	181	183	183	155
2021-09-06T15:05:40	182	185	182	156
2021-09-06T15:06:10	181	186	183	157
2021-09-06T15:06:40	185	186	184	157
2021-09-06T15:07:10	185	187	186	159
2021-09-06T15:07:40	184	188	186	159
2021-09-06T15:08:10	187	189	187	160
2021-09-06T15:08:40	187	190	188	161
2021-09-06T15:09:10	187	191	190	162
2021-09-06T15:09:40	189	192	190	163
2021-09-06T15:10:10	192	194	191	164
2021-09-06T15:10:40	189	194	191	165
2021-09-06T15:11:10	193	195	194	166
2021-09-06T15:11:40	193	196	194	167
2021-09-06T15:12:10	194	197	195	168
2021-09-06T15:12:40	193	197	195	168
2021-09-06T15:13:10	199	199	198	169
2021-09-06T15:13:40	198	199	198	170
2021-09-06T15:14:10	197	201	199	171
2021-09-06T15:14:40	198	201	199	172
2021-09-06T15:15:10	199	203	201	173
2021-09-06T15:15:40	202	204	202	174
2021-09-06T15:16:10	202	205	202	175
2021-09-06T15:16:40	204	206	204	176
2021-09-06T15:17:10	204	206	203	177
2021-09-06T15:17:40	205	208	207	178
2021-09-06T15:18:10	203	207	205	178
2021-09-06T15:18:40	210	210	208	179
2021-09-06T15:19:10	209	210	207	180
2021-09-06T15:19:40	208	212	211	181
2021-09-06T15:20:10	210	212	209	182
2021-09-06T15:20:40	214	214	212	183
2021-09-06T15:21:10	211	215	212	184
2021-09-06T15:21:40	211	217	214	185
2021-09-06T15:22:10	215	218	216	186
2021-09-06T15:22:40	214	219	214	187
2021-09-06T15:23:10	214	219	216	188
2021-09-06T15:23:40	218	221	219	189
2021-09-06T15:24:10	217	221	219	190
2021-09-06T15:24:40	219	222	220	191
2021-09-06T15:25:10	221	223	220	192
2021-09-06T15:25:40	219	224	222	193
2021-09-06T15:26:10	222	226	222	193
2021-09-06T15:26:40	223	227	224	195
2021-09-06T15:27:10	223	227	225	196
2021-09-06T15:27:40	226	229	225	196
2021-09-06T15:28:10	224	229	226	197
2021-09-06T15:28:40	227	231	228	198
2021-09-06T15:29:10	226	232	229	199
2021-09-06T15:29:40	229	233	228	199
2021-09-06T15:30:10	229	234	231	201
2021-09-06T15:30:40	231	236	232	202
2021-09-06T15:31:10	230	236	230	202
2021-09-06T15:31:40	234	238	234	204
2021-09-06T15:32:10	232	238	233	205
2021-09-06T15:32:40	235	239	237	206
2021-09-06T15:33:10	235	240	235	207
2021-09-06T15:33:40	237	241	238	207
2021-09-06T15:34:10	237	240	236	208
2021-09-06T15:34:40	240	242	239	210
2021-09-06T15:35:10	239	244	240	210
2021-09-06T15:35:40	241	246	243	211
2021-09-06T15:36:10	241	247	241	212
2021-09-06T15:36:40	241	248	244	213
2021-09-06T15:37:10	243	248	244	215
2021-09-06T15:37:40	245	249	244	215
2021-09-06T15:38:10	244	250	248	216
2021-09-06T15:38:40	248	250	246	217
2021-09-06T15:39:10	249	252	249	219
2021-09-06T15:39:40	248	253	250	219
2021-09-06T15:40:10	249	254	251	220
2021-09-06T15:40:40	251	254	250	221
2021-09-06T15:41:10	252	254	252	222
2021-09-06T15:41:40	252	255	253	223
2021-09-06T15:42:10	254	257	253	224
2021-09-06T15:42:40	254	258	254	225
2021-09-06T15:43:10	254	259	256	226
2021-09-06T15:43:40	255	259	257	227
2021-09-06T15:44:10	258	260	258	228
2021-09-06T15:44:40	259	261	257	229
2021-09-06T15:45:10	260	263	259	230
2021-09-06T15:45:40	259	263	261	231
2021-09-06T15:46:10	260	263	260	233
2021-09-06T15:46:40	261	264	261	234
2021-09-06T15:47:10	265	266	265	235
2021-09-06T15:47:40	262	266	263	236
2021-09-06T15:48:10	267	268	267	237
2021-09-06T15:48:40	264	268	266	237
2021-09-06T15:49:10	267	269	266	239
2021-09-06T15:49:40	267	270	269	240
2021-09-06T15:50:10	269	271	269	240
2021-09-06T15:50:40	269	272	271	240
2021-09-06T15:51:10	268	273	271	243
2021-09-06T15:51:40	273	274	272	243
2021-09-06T15:52:10	271	275	273	244
2021-09-06T15:52:40	275	275	274	245
2021-09-06T15:53:10	273	276	274	246
2021-09-06T15:53:40	277	277	278	247
2021-09-06T15:54:10	276	278	277	248
2021-09-06T15:54:40	279	280	280	249
2021-09-06T15:55:10	276	279	279	250
2021-09-06T15:55:40	281	280	279	251
2021-09-06T15:56:10	279	281	283	253
2021-09-06T15:56:40	284	282	283	254
2021-09-06T15:57:10	282	283	284	255
2021-09-06T15:57:40	283	284	286	256
2021-09-06T15:58:10	286	285	284	256
2021-09-06T15:58:40	285	286	286	258
2021-09-06T15:59:10	288	286	288	259
2021-09-06T15:59:40	286	288	287	259
2021-09-06T16:00:10	289	288	288	261
2021-09-06T16:00:40	289	289	291	262
2021-09-06T16:01:10	291	290	291	263
2021-09-06T16:01:40	289	291	292	263
2021-09-06T16:02:10	292	292	293	264
2021-09-06T16:02:40	292	293	293	265
2021-09-06T16:03:10	298	294	294	266
2021-09-06T16:03:40	294	295	295	267
2021-09-06T16:04:10	297	296	299	268
2021-09-06T16:04:40	297	297	298	270
2021-09-06T16:05:10	298	298	299	270
2021-09-06T16:05:40	298	298	301	272
2021-09-06T16:06:10	301	300	302	273
2021-09-06T16:06:40	301	301	303	274
2021-09-06T16:07:10	303	302	302	275
2021-09-06T16:07:40	301	302	303	276
2021-09-06T16:08:10	307	304	305	277
2021-09-06T16:08:40	305	305	306	278
2021-09-06T16:09:10	304	305	307	279
2021-09-06T16:09:40	308	307	308	280
2021-09-06T16:10:10	310	308	310	281
2021-09-06T16:10:40	308	308	309	282
2021-09-06T16:11:10	308	308	310	283
2021-09-06T16:11:40	312	310	313	285
2021-09-06T16:12:10	312	310	312	285
2021-09-06T16:12:40	313	311	314	286
2021-09-06T16:13:10	313	312	314	287
2021-09-06T16:13:40	316	314	316	288
2021-09-06T16:14:10	314	314	317	289
2021-09-06T16:14:40	318	315	318	291
2021-09-06T16:15:10	317	316	318	292
2021-09-06T16:15:40	318	317	321	293
2021-09-06T16:16:10	320	317	320	293
2021-09-06T16:16:40	320	317	321	295
2021-09-06T16:17:10	323	320	323	295
2021-09-06T16:17:40	322	320	323	297
2021-09-06T16:18:10	323	321	325	298
2021-09-06T16:18:40	325	322	327	298
2021-09-06T16:19:10	327	323	326	300
2021-09-06T16:19:40	327	324	327	300
2021-09-06T16:20:10	327	325	330	303
2021-09-06T16:20:40	328	325	328	302
2021-09-06T16:21:10	330	327	331	303
2021-09-06T16:21:40	328	328	332	305
2021-09-06T16:22:10	331	329	332	305
2021-09-06T16:22:40	334	329	334	306
2021-09-06T16:23:10	331	330	334	308
2021-09-06T16:23:40	335	331	337	309
2021-09-06T16:24:10	335	332	338	310
2021-09-06T16:24:40	336	333	336	311
2021-09-06T16:25:10	334	334	339	312
2021-09-06T16:25:40	337	335	338	313
2021-09-06T16:26:10	339	336	339	315
2021-09-06T16:26:40	340	337	340	316
2021-09-06T16:27:10	342	337	344	317
2021-09-06T16:27:40	341	338	343	317
2021-09-06T16:28:10	344	339	344	318
2021-09-06T16:28:40	342	340	346	320
2021-09-06T16:29:10	346	341	346	321
2021-09-06T16:29:40	348	342	348	321
2021-09-06T16:30:10	346	343	349	322
2021-09-06T16:30:40	348	344	349	324
2021-09-06T16:31:10	348	345	350	324
2021-09-06T16:31:40	350	346	352	325
2021-09-06T16:32:10	352	347	352	326
2021-09-06T16:32:40	351	348	353	328
2021-09-06T16:33:10	355	349	355	329
2021-09-06T16:33:40	352	349	355	330
2021-09-06T16:34:10	354	350	356	331
2021-09-06T16:34:40	356	350	355	331
2021-09-06T16:35:10	357	351	357	332
2021-09-06T16:35:40	359	353	359	334
2021-09-06T16:36:10	357	353	360	335
2021-09-06T16:36:40	361	355	362	336
2021-09-06T16:37:10	359	354	361	338
2021-09-06T16:37:40	364	356	364	338
2021-09-06T16:38:10	362	356	364	340
2021-09-06T16:38:40	363	358	366	341
2021-09-06T16:39:10	366	358	367	341
2021-09-06T16:39:40	364	360	368	342
2021-09-06T16:40:10	369	360	368	343
2021-09-06T16:40:40	367	362	368	344
2021-09-06T16:41:10	370	362	369	345
2021-09-06T16:41:40	370	363	372	346
2021-09-06T16:42:10	369	363	373	347
2021-09-06T16:42:40	372	365	374	349
2021-09-06T16:43:10	373	366	375	349
2021-09-06T16:43:40	372	366	376	350
2021-09-06T16:44:10	373	367	376	351
2021-09-06T16:44:40	374	369	378	352
2021-09-06T16:45:10	376	369	378	353
2021-09-06T16:45:40	376	370	378	354
2021-09-06T16:46:10	380	371	379	355
2021-09-06T16:46:40	379	372	381	356
2021-09-06T16:47:10	382	373	383	357
2021-09-06T16:47:40	381	373	383	358
2021-09-06T16:48:10	382	375	385	359
2021-09-06T16:48:40	384	376	385	360
2021-09-06T16:49:10	383	376	385	361
2021-09-06T16:49:40	386	378	388	362
2021-09-06T16:50:10	383	377	386	363
2021-09-06T16:50:40	388	378	389	364
2021-09-06T16:51:10	386	379	389	365
2021-09-06T16:51:40	391	381	391	366
2021-09-06T16:52:10	388	382	391	367
2021-09-06T16:52:40	392	382	392	369
2021-09-06T16:53:10	393	384	395	370
2021-09-06T16:53:40	392	384	393	371
2021-09-06T16:54:10	397	386	396	372
2021-09-06T16:54:40	395	386	395	374
2021-09-06T16:55:10	398	387	399	374
2021-09-06T16:55:40	395	387	397	375
2021-09-06T16:56:10	400	388	400	376
2021-09-06T16:56:40	397	390	401	378
2021-09-06T16:57:10	400	391	401	378
2021-09-06T16:57:40	400	391	403	379
2021-09-06T16:58:10	402	392	403	380
2021-09-06T16:58:40	405	393	405	381
2021-09-06T16:59:10	403	394	405	382
2021-09-06T16:59:40	406	395	407	383
2021-09-06T17:00:10	406	395	406	385
2021-09-06T17:00:40	406	397	408	386
2021-09-06T17:01:10	408	397	410	386
2021-09-06T17:01:40	406	398	408	388
2021-09-06T17:02:10	412	399	412	388
2021-09-06T17:02:40	409	400	410	390
2021-09-06T17:03:10	414	400	414	390
2021-09-06T17:03:40	411	401	412	392
2021-09-06T17:04:10	415	403	415	393
2021-09-06T17:04:40	415	404	417	394
2021-09-06T17:05:10	414	405	416	395
2021-09-06T17:05:40	417	405	419	396
2021-09-06T17:06:10	418	406	418	397
2021-09-06T17:06:40	420	407	421	399
2021-09-06T17:07:10	420	407	421	399
2021-09-06T17:07:40	420	408	422	401
2021-09-06T17:08:10	423	409	422	401
2021-09-06T17:08:40	422	410	424	403
2021-09-06T17:09:10	422	411	425	404
2021-09-06T17:09:40	423	412	426	405
2021-09-06T17:10:10	427	413	428	406
2021-09-06T17:10:40	425	414	428	407
2021-09-06T17:11:10	429	414	427	408
2021-09-06T17:11:40	428	415	430	409
2021-09-06T17:12:10	430	417	430	411
2021-09-06T17:12:40	430	418	434	411
2021-09-06T17:13:10	431	418	433	412
2021-09-06T17:13:40	431	419	434	413
2021-09-06T17:14:10	433	420	434	415
2021-09-06T17:14:40	435	421	435	415
2021-09-06T17:15:10	436	421	436	416
2021-09-06T17:15:40	434	423	438	418
2021-09-06T17:16:10	437	424	438	418
2021-09-06T17:16:40	439	425	441	419
2021-09-06T17:17:10	437	425	439	421
2021-09-06T17:17:40	441	426	443	422
2021-09-06T17:18:10	440	427	442	423
2021-09-06T17:18:40	441	429	444	424
2021-09-06T17:19:10	443	430	444	425
2021-09-06T17:19:40	444	431	446	425
2021-09-06T17:20:10	444	431	446	427
2021-09-06T17:20:40	446	431	449	428
2021-09-06T17:21:10	446	432	448	428
2021-09-06T17:21:40	448	433	448	430
2021-09-06T17:22:10	449	434	449	431
2021-09-06T17:22:40	450	435	452	432
2021-09-06T17:23:10	449	436	452	432
2021-09-06T17:23:40	454	438	455	434
2021-09-06T17:24:10	452	438	455	434
2021-09-06T17:24:40	453	439	455	436
2021-09-06T17:25:10	454	440	457	437
2021-09-06T17:25:40	457	440	458	439
2021-09-06T17:26:10	455	441	457	439
2021-09-06T17:26:40	458	443	460	440
2021-09-06T17:27:10	459	444	461	441
2021-09-06T17:27:40	457	444	461	442
2021-09-06T17:28:10	461	445	462	443
2021-09-06T17:28:40	462	447	464	444
2021-09-06T17:29:10	463	448	465	446
2021-09-06T17:29:40	464	448	465	446
2021-09-06T17:30:10	465	450	467	447
2021-09-06T17:30:40	465	449	466	448
2021-09-06T17:31:10	466	451	469	450
2021-09-06T17:31:40	470	452	470	451
2021-09-06T17:32:10	468	453	468	452
2021-09-06T17:32:40	469	454	470	453
2021-09-06T17:33:10	471	455	473	454
2021-09-06T17:33:40	471	455	473	455
2021-09-06T17:34:10	472	457	475	456
2021-09-06T17:34:40	474	458	474	457
2021-09-06T17:35:10	474	459	477	458
2021-09-06T17:35:40	475	460	476	459
2021-09-06T17:36:10	476	460	478	459
2021-09-06T17:36:40	477	462	479	461
2021-09-06T17:37:10	480	463	481	462
2021-09-06T17:37:40	480	463	481	463
2021-09-06T17:38:10	481	465	481	464
2021-09-06T17:38:40	483	465	483	465
2021-09-06T17:39:10	482	466	484	466
2021-09-06T17:39:40	483	467	484	467
2021-09-06T17:40:10	483	468	486	468
2021-09-06T17:40:40	486	469	486	469
2021-09-06T17:41:10	487	470	487	470
2021-09-06T17:41:40	487	471	486	471
2021-09-06T17:42:10	487	470	488	472
2021-09-06T17:42:40	489	472	491	473
2021-09-06T17:43:10	491	473	493	473
2021-09-06T17:43:40	492	473	491	475
2021-09-06T17:44:10	490	475	494	476
2021-09-06T17:44:40	493	476	494	477
2021-09-06T17:45:10	494	477	496	478
2021-09-06T17:45:40	494	478	496	479
2021-09-06T17:46:10	496	478	498	481
2021-09-06T17:46:40	498	479	499	481
2021-09-06T17:47:10	496	480	500	483
2021-09-06T17:47:40	499	481	500	484
2021-09-06T17:48:10	501	482	501	484
2021-09-06T17:48:40	499	482	502	485
2021-09-06T17:49:10	502	484	504	487
2021-09-06T17:49:40	502	484	504	487
2021-09-06T17:50:10	502	486	506	488
2021-09-06T17:50:40	503	487	508	490
2021-09-06T17:51:10	507	488	507	491
2021-09-06T17:51:40	507	489	509	493
2021-09-06T17:52:10	507	489	508	493
2021-09-06T17:52:40	510	490	510	494
2021-09-06T17:53:10	509	491	513	495
2021-09-06T17:53:40	510	491	511	496
2021-09-06T17:54:10	510	492	514	497
2021-09-06T17:54:40	511	494	515	498
2021-09-06T17:55:10	514	494	515	499
2021-09-06T17:55:40	514	495	515	500
2021-09-06T17:56:10	513	495	516	501
2021-09-06T17:56:40	516	497	518	502
2021-09-06T17:57:10	519	498	520	503
2021-09-06T17:57:40	518	499	520	504
2021-09-06T17:58:10	520	500	521	505
2021-09-06T17:58:40	519	501	522	506
2021-09-06T17:59:10	521	501	523	507
2021-09-06T17:59:40	523	502	523	509
2021-09-06T18:00:10	525	503	525	509
2021-09-06T18:00:40	524	504	526	510
2021-09-06T18:01:10	524	504	526	511
2021-09-06T18:01:40	525	505	528	512
2021-09-06T18:02:10	527	506	529	513
2021-09-06T18:02:40	528	507	529	514
2021-09-06T18:03:10	529	509	531	515
2021-09-06T18:03:40	531	509	533	516
2021-09-06T18:04:10	532	510	531	517
2021-09-06T18:04:40	533	511	534	518
2021-09-06T18:05:10	534	512	535	519
2021-09-06T18:05:40	535	513	535	521
2021-09-06T18:06:10	537	513	537	521
2021-09-06T18:06:40	535	514	538	522
2021-09-06T18:07:10	537	516	539	524
2021-09-06T18:07:40	538	517	541	525
2021-09-06T18:08:10	539	517	540	526
2021-09-06T18:08:40	540	518	542	527
2021-09-06T18:09:10	542	519	542	528
2021-09-06T18:09:40	542	520	544	529
2021-09-06T18:10:10	542	521	544	530
2021-09-06T18:10:40	544	521	545	531
2021-09-06T18:11:10	546	523	547	532
2021-09-06T18:11:40	546	523	548	533
2021-09-06T18:12:10	546	524	546	535
2021-09-06T18:12:40	547	525	548	535
2021-09-06T18:13:10	549	527	550	537
2021-09-06T18:13:40	550	527	552	538
2021-09-06T18:14:10	551	529	553	539
2021-09-06T18:14:40	552	529	553	540
2021-09-06T18:15:10	552	530	554	541
2021-09-06T18:15:40	555	530	556	543
2021-09-06T18:16:10	556	533	557	543
2021-09-06T18:16:40	557	534	558	545
2021-09-06T18:17:10	555	534	558	546
2021-09-06T18:17:40	558	535	558	547
2021-09-06T18:18:10	557	535	560	548
2021-09-06T18:18:40	560	536	562	549
2021-09-06T18:19:10	561	537	563	550
2021-09-06T18:19:40	562	539	564	551
2021-09-06T18:20:10	562	539	564	552
2021-09-06T18:20:40	563	541	565	553
2021-09-06T18:21:10	565	541	567	555
2021-09-06T18:21:40	564	543	568	555
2021-09-06T18:22:10	566	543	569	556
2021-09-06T18:22:40	566	543	568	557
2021-09-06T18:23:10	569	544	570	558
2021-09-06T18:23:40	570	546	571	559
2021-09-06T18:24:10	568	547	572	560
2021-09-06T18:24:40	571	548	574	561
2021-09-06T18:25:10	571	548	574	563
2021-09-06T18:25:40	574	550	575	565
2021-09-06T18:26:10	574	550	576	565
2021-09-06T18:26:40	576	552	578	567
2021-09-06T18:27:10	575	553	579	567
2021-09-06T18:27:40	576	553	579	569
2021-09-06T18:28:10	580	553	581	569
2021-09-06T18:28:40	580	556	582	570
2021-09-06T18:29:10	580	556	580	571
2021-09-06T18:29:40	583	557	583	572
2021-09-06T18:30:10	583	557	584	573
2021-09-06T18:30:40	583	558	585	574
2021-09-06T18:31:10	585	560	586	575
2021-09-06T18:31:40	585	561	587	576
2021-09-06T18:32:10	587	562	588	578
2021-09-06T18:32:40	587	563	589	579
2021-09-06T18:33:10	589	564	590	579
2021-09-06T18:33:40	589	564	591	581
2021-09-06T18:34:10	590	565	591	582
2021-09-06T18:34:40	590	566	592	583
2021-09-06T18:35:10	592	567	595	585
2021-09-06T18:35:40	594	568	595	585
2021-09-06T18:36:10	593	568	595	586
2021-09-06T18:36:40	596	569	595	587
2021-09-06T18:37:10	595	570	598	589
2021-09-06T18:37:40	596	572	599	590
2021-09-06T18:38:10	599	573	601	591
2021-09-06T18:38:40	597	574	601	592
2021-09-06T18:39:10	599	574	600	593
2021-09-06T18:39:40	602	575	601	594
2021-09-06T18:40:10	601	576	603	595
2021-09-06T18:40:40	603	577	605	596
2021-09-06T18:41:10	604	578	606	597
2021-09-06T18:41:40	604	579	607	598
2021-09-06T18:42:10	606	580	608	599
2021-09-06T18:42:40	607	581	609	600
2021-09-06T18:43:10	607	582	610	602
2021-09-06T18:43:40	608	582	609	603
2021-09-06T18:44:10	608	583	611	603
2021-09-06T18:44:40	610	585	612	604
2021-09-06T18:45:10	610	586	613	606
2021-09-06T18:45:40	611	587	615	606
2021-09-06T18:46:10	615	587	616	608
2021-09-06T18:46:40	615	589	617	608
2021-09-06T18:47:10	613	590	618	610
2021-09-06T18:47:40	616	591	619	611
2021-09-06T18:48:10	618	591	619	612
2021-09-06T18:48:40	618	592	620	613
2021-09-06T18:49:10	619	593	622	614
2021-09-06T18:49:40	621	594	622	615
2021-09-06T18:50:10	622	595	624	617
2021-09-06T18:50:40	622	596	625	618
2021-09-06T18:51:10	623	597	625	619
2021-09-06T18:51:40	624	598	626	619
2021-09-06T18:52:10	626	599	627	620
2021-09-06T18:52:40	627	600	628	621
2021-09-06T18:53:10	628	601	630	622
2021-09-06T18:53:40	629	602	630	623
2021-09-06T18:54:10	630	603	631	624
2021-09-06T18:54:40	629	603	632	625
2021-09-06T18:55:10	631	605	634	626
2021-09-06T18:55:40	633	606	634	627
2021-09-06T18:56:10	633	606	635	629
2021-09-06T18:56:40	634	607	635	629
2021-09-06T18:57:10	633	608	637	630
2021-09-06T18:57:40	636	609	638	631
2021-09-06T18:58:10	636	610	638	632
2021-09-06T18:58:40	639	611	640	634
2021-09-06T18:59:10	640	612	642	635
2021-09-06T18:59:40	642	613	643	635
2021-09-06T19:00:10	639	613	642	637
2021-09-06T19:00:40	642	614	643	639
2021-09-06T19:01:10	642	615	644	639
2021-09-06T19:01:40	644	616	646	639
2021-09-06T19:02:10	646	617	647	641
2021-09-06T19:02:40	646	618	648	642
2021-09-06T19:03:10	648	619	648	644
2021-09-06T19:03:40	648	620	650	644
2021-09-06T19:04:10	650	621	650	645
2021-09-06T19:04:40	649	622	651	647
2021-09-06T19:05:10	652	622	653	648
2021-09-06T19:05:40	653	623	653	649
2021-09-06T19:06:10	653	624	654	650
2021-09-06T19:06:40	655	625	654	649
2021-09-06T19:07:10	654	626	656	650
2021-09-06T19:07:40	655	627	658	652
2021-09-06T19:08:10	656	628	658	653
2021-09-06T19:08:40	658	629	658	654
2021-09-06T19:09:10	659	630	659	655
2021-09-06T19:09:40	661	630	660	656
2021-09-06T19:10:10	662	631	661	656
2021-09-06T19:10:40	661	632	662	657
2021-09-06T19:11:10	662	633	663	659
2021-09-06T19:11:40	664	634	664	659
2021-09-06T19:12:10	664	635	665	661
2021-09-06T19:12:40	665	636	666	661
2021-09-06T19:13:10	666	637	667	663
2021-09-06T19:13:40	668	638	667	664
2021-09-06T19:14:10	669	639	668	664
2021-09-06T19:14:40	667	641	669	665
2021-09-06T19:15:10	670	642	671	667
2021-09-06T19:15:40	671	642	671	667
2021-09-06T19:16:10	671	643	672	669
2021-09-06T19:16:40	673	644	673	669
2021-09-06T19:17:10	674	645	673	671
2021-09-06T19:17:40	675	645	674	672
2021-09-06T19:18:10	675	647	676	674
2021-09-06T19:18:40	677	648	676	674
2021-09-06T19:19:10	680	649	677	675
2021-09-06T19:19:40	680	650	678	677
2021-09-06T19:20:10	679	651	678	676
2021-09-06T19:20:40	680	651	679	678
2021-09-06T19:21:10	682	653	681	679
2021-09-06T19:21:40	682	653	683	681
2021-09-06T19:22:10	682	654	683	681
2021-09-06T19:22:40	686	655	685	682
2021-09-06T19:23:10	685	656	685	684
2021-09-06T19:23:40	687	657	686	683
2021-09-06T19:24:10	689	658	687	684
2021-09-06T19:24:40	690	659	688	686
2021-09-06T19:25:10	690	660	689	686
2021-09-06T19:25:40	692	661	689	689
2021-09-06T19:26:10	693	662	691	690
2021-09-06T19:26:40	694	662	691	690
2021-09-06T19:27:10	694	663	692	691
2021-09-06T19:27:40	695	664	693	692
2021-09-06T19:28:10	696	665	693	694
2021-09-06T19:28:40	697	666	695	694
2021-09-06T19:29:10	698	667	696	693
2021-09-06T19:29:40	699	668	697	696
2021-09-06T19:30:10	701	669	698	697
2021-09-06T19:30:40	701	670	698	698
2021-09-06T19:31:10	702	670	699	699
2021-09-06T19:31:40	704	672	699	700
2021-09-06T19:32:10	704	672	701	700
2021-09-06T19:32:40	705	673	701	701
2021-09-06T19:33:10	707	674	702	703
2021-09-06T19:33:40	707	675	703	704
2021-09-06T19:34:10	709	676	704	705
2021-09-06T19:34:40	708	676	705	706
2021-09-06T19:35:10	710	677	706	707
2021-09-06T19:35:40	710	678	706	707
2021-09-06T19:36:10	712	679	707	709
2021-09-06T19:36:40	713	680	708	709
2021-09-06T19:37:10	714	681	709	710
2021-09-06T19:37:40	716	681	710	711
2021-09-06T19:38:10	714	682	711	712
2021-09-06T19:38:40	717	683	712	713
2021-09-06T19:39:10	719	684	713	713
2021-09-06T19:39:40	719	685	713	715
2021-09-06T19:40:10	719	686	714	716
2021-09-06T19:40:40	720	687	715	717
2021-09-06T19:41:10	721	688	716	718
2021-09-06T19:41:40	721	689	717	719
2021-09-06T19:42:10	724	690	718	720
2021-09-06T19:42:40	725	691	719	720
2021-09-06T19:43:10	726	691	719	722
2021-09-06T19:43:40	727	692	720	723
2021-09-06T19:44:10	728	693	721	724
2021-09-06T19:44:40	727	694	721	725
2021-09-06T19:45:10	729	695	723	725
2021-09-06T19:45:40	730	696	723	726
2021-09-06T19:46:10	731	697	724	727
2021-09-06T19:46:40	732	697	725	729
2021-09-06T19:47:10	732	698	726	729
2021-09-06T19:47:40	733	700	727	730
2021-09-06T19:48:10	735	700	728	731
2021-09-06T19:48:40	737	701	729	732
2021-09-06T19:49:10	737	702	730	732
2021-09-06T19:49:40	737	703	730	734
2021-09-06T19:50:10	739	704	731	735
2021-09-06T19:50:40	739	705	732	735
2021-09-06T19:51:10	740	706	733	736
2021-09-06T19:51:40	743	706	733	738
2021-09-06T19:52:10	743	707	734	739
2021-09-06T19:52:40	742	708	736	739
2021-09-06T19:53:10	745	709	737	740
2021-09-06T19:53:40	747	710	738	741
2021-09-06T19:54:10	747	711	738	743
2021-09-06T19:54:40	748	712	740	743
2021-09-06T19:55:10	748	712	740	744
2021-09-06T19:55:40	750	713	741	745
2021-09-06T19:56:10	751	714	742	746
2021-09-06T19:56:40	752	715	742	747
2021-09-06T19:57:10	751	716	743	748
2021-09-06T19:57:40	755	716	744	748
2021-09-06T19:58:10	755	717	745	750
2021-09-06T19:58:40	756	718	745	751
2021-09-06T19:59:10	757	719	747	752
2021-09-06T19:59:40	758	720	748	752
2021-09-06T20:00:10	759	721	748	754
2021-09-06T20:00:40	759	722	749	754
2021-09-06T20:01:10	761	723	750	756
2021-09-06T20:01:40	762	724	751	756
2021-09-06T20:02:10	764	725	752	757
2021-09-06T20:02:40	764	726	752	758
2021-09-06T20:03:10	765	727	753	759
2021-09-06T20:03:40	766	728	754	761
2021-09-06T20:04:10	766	729	755	760
2021-09-06T20:04:40	767	729	756	762
2021-09-06T20:05:10	769	730	756	763
2021-09-06T20:05:40	768	731	757	763
2021-09-06T20:06:10	772	732	758	764
2021-09-06T20:06:40	772	733	759	766
2021-09-06T20:07:10	773	733	759	766
2021-09-06T20:07:40	773	734	759	767
2021-09-06T20:08:10	774	735	760	768
2021-09-06T20:08:40	775	736	761	769
2021-09-06T20:09:10	776	737	762	770
2021-09-06T20:09:40	777	738	763	771
2021-09-06T20:10:10	778	739	764	771
2021-09-06T20:10:40	780	739	764	773
2021-09-06T20:11:10	779	740	765	773
2021-09-06T20:11:40	780	741	765	774
2021-09-06T20:12:10	784	742	766	775
2021-09-06T20:12:40	782	743	767	776
2021-09-06T20:13:10	783	744	767	777
2021-09-06T20:13:40	784	745	768	778
2021-09-06T20:14:10	786	745	769	778
2021-09-06T20:14:40	785	746	770	779
2021-09-06T20:15:10	789	747	770	780
2021-09-06T20:15:40	789	748	770	780
2021-09-06T20:16:10	789	749	771	782
2021-09-06T20:16:40	791	749	772	783
2021-09-06T20:17:10	792	750	773	784
2021-09-06T20:17:40	794	751	774	784
2021-09-06T20:18:10	794	752	775	786
2021-09-06T20:18:40	796	753	776	787
2021-09-06T20:19:10	797	753	776	788
2021-09-06T20:19:40	796	754	777	788
2021-09-06T20:20:10	797	755	778	789
2021-09-06T20:20:40	798	756	778	790
2021-09-06T20:21:10	800	757	779	790
2021-09-06T20:21:40	799	757	780	791
2021-09-06T20:22:10	803	758	781	792
2021-09-06T20:22:40	802	758	781	792
2021-09-06T20:23:10	803	759	782	794
2021-09-06T20:23:40	805	760	783	794
2021-09-06T20:24:10	804	761	783	795
2021-09-06T20:24:40	806	761	784	796
2021-09-06T20:25:10	807	762	785	797
2021-09-06T20:25:40	808	763	786	798
2021-09-06T20:26:10	809	764	786	798
2021-09-06T20:26:40	811	764	788	799
2021-09-06T20:27:10	812	765	788	800
2021-09-06T20:27:40	812	765	789	801
2021-09-06T20:28:10	814	766	790	801
2021-09-06T20:28:40	815	767	790	803
2021-09-06T20:29:10	815	768	791	804
2021-09-06T20:29:40	818	769	792	805
2021-09-06T20:30:10	818	769	793	806
2021-09-06T20:30:40	820	770	794	807
2021-09-06T20:31:10	819	771	795	807
2021-09-06T20:31:40	821	771	795	808
2021-09-06T20:32:10	821	772	796	809
2021-09-06T20:32:40	824	773	797	811
2021-09-06T20:33:10	821	773	798	812
2021-09-06T20:33:40	824	774	799	813
2021-09-06T20:34:10	824	775	799	814
2021-09-06T20:34:40	828	776	800	814
2021-09-06T20:35:10	826	776	800	816
2021-09-06T20:35:40	827	777	802	817
2021-09-06T20:36:10	827	777	802	818
2021-09-06T20:36:40	830	778	803	818
2021-09-06T20:37:10	832	779	804	819
2021-09-06T20:37:40	831	779	805	821
2021-09-06T20:38:10	832	780	806	822
2021-09-06T20:38:40	833	781	806	823
2021-09-06T20:39:10	834	782	807	823
2021-09-06T20:39:40	835	782	808	823
2021-09-06T20:40:10	837	783	809	826
2021-09-06T20:40:40	838	784	810	827
2021-09-06T20:41:10	839	785	810	827
2021-09-06T20:41:40	841	785	811	828
2021-09-06T20:42:10	839	786	812	829
2021-09-06T20:42:40	841	787	813	830
2021-09-06T20:43:10	844	788	815	831
2021-09-06T20:43:40	842	789	815	832
2021-09-06T20:44:10	845	789	816	832
2021-09-06T20:44:40	844	790	817	834
2021-09-06T20:45:10	847	791	818	834
2021-09-06T20:45:40	846	791	819	836
2021-09-06T20:46:10	848	792	820	836
2021-09-06T20:46:40	851	793	820	838
2021-09-06T20:47:10	851	794	821	840
2021-09-06T20:47:40	851	794	822	840
2021-09-06T20:48:10	852	795	823	841
2021-09-06T20:48:40	853	796	824	843
2021-09-06T20:49:10	855	797	825	843
2021-09-06T20:49:40	855	798	826	845
2021-09-06T20:50:10	857	799	827	845
2021-09-06T20:50:40	856	799	828	847
2021-09-06T20:51:10	859	800	829	848
2021-09-06T20:51:40	858	801	830	848
2021-09-06T20:52:10	861	802	831	849
2021-09-06T20:52:40	861	803	832	850
2021-09-06T20:53:10	863	803	832	851
2021-09-06T20:53:40	863	804	833	853
2021-09-06T20:54:10	865	805	834	853
2021-09-06T20:54:40	865	806	835	854
2021-09-06T20:55:10	865	807	836	856
2021-09-06T20:55:40	867	808	837	856
2021-09-06T20:56:10	867	808	838	857
2021-09-06T20:56:40	869	810	839	858
2021-09-06T20:57:10	870	810	840	859
2021-09-06T20:57:40	873	812	841	860
2021-09-06T20:58:10	874	811	841	861
2021-09-06T20:58:40	874	814	843	863
2021-09-06T20:59:10	873	814	843	863
2021-09-06T20:59:40	876	815	844	865
2021-09-06T21:00:10	877	816	847	865
2021-09-06T21:00:40	878	817	847	866
2021-09-06T21:01:10	876	818	848	867
2021-09-06T21:01:40	879	819	849	868
2021-09-06T21:02:10	879	820	850	870
2021-09-06T21:02:40	881	821	851	870
2021-09-06T21:03:10	882	822	852	871
2021-09-06T21:03:40	885	822	853	872
2021-09-06T21:04:10	884	823	854	873
2021-09-06T21:04:40	885	824	855	875
2021-09-06T21:05:10	888	825	856	876
2021-09-06T21:05:40	887	826	857	876
2021-09-06T21:06:10	889	827	858	877
2021-09-06T21:06:40	888	828	859	878
2021-09-06T21:07:10	891	829	860	879
2021-09-06T21:07:40	891	830	861	881
2021-09-06T21:08:10	892	830	862	881
2021-09-06T21:08:40	892	832	863	882
2021-09-06T21:09:10	895	833	864	883
2021-09-06T21:09:40	896	833	865	885
2021-09-06T21:10:10	895	834	866	886
2021-09-06T21:10:40	898	836	867	887
2021-09-06T21:11:10	898	836	868	888
2021-09-06T21:11:40	898	838	869	889
2021-09-06T21:12:10	901	839	870	890
2021-09-06T21:12:40	900	839	871	891
2021-09-06T21:13:10	903	840	872	892
2021-09-06T21:13:40	904	841	874	893
2021-09-06T21:14:10	904	842	875	894
2021-09-06T21:14:40	904	843	875	896
2021-09-06T21:15:10	905	844	876	896
2021-09-06T21:15:40	906	845	877	898
2021-09-06T21:16:10	908	846	879	899
2021-09-06T21:16:40	909	847	879	900
2021-09-06T21:17:10	910	849	881	901
2021-09-06T21:17:40	909	849	882	901
2021-09-06T21:18:10	907	851	882	902
2021-09-06T21:18:40	908	852	883	902
2021-09-06T21:19:10	909	852	884	903
2021-09-06T21:19:40	908	853	885	903
2021-09-06T21:20:10	909	854	887	904
2021-09-06T21:20:40	910	856	888	904
2021-09-06T21:21:10	909	857	889	905
2021-09-06T21:21:40	908	858	890	905
2021-09-06T21:22:10	909	858	890	906
2021-09-06T21:22:40	908	859	891	906
2021-09-06T21:23:10	910	860	893	907
2021-09-06T21:23:40	908	862	894	906
2021-09-06T21:24:10	910	863	894	907
2021-09-06T21:24:40	909	864	895	907
2021-09-06T21:25:10	908	864	896	909
2021-09-06T21:25:40	909	865	897	909
2021-09-06T21:26:10	908	867	898	909
2021-09-06T21:26:40	908	868	899	909
2021-09-06T21:27:10	910	869	900	910
2021-09-06T21:27:40	910	869	901	910
2021-09-06T21:28:10	909	870	902	911
2021-09-06T21:28:40	909	871	903	911
2021-09-06T21:29:10	909	872	903	912
2021-09-06T21:29:40	908	873	906	912
2021-09-06T21:30:10	910	874	906	913
2021-09-06T21:30:40	911	875	907	913
2021-09-06T21:31:10	910	876	908	913
2021-09-06T21:31:40	910	877	909	914
2021-09-06T21:32:10	910	878	910	914
2021-09-06T21:32:40	910	879	910	915
2021-09-06T21:33:10	908	880	911	915
2021-09-06T21:33:40	909	881	912	915
2021-09-06T21:34:10	909	882	912	916
2021-09-06T21:34:40	911	882	911	916
2021-09-06T21:35:10	909	883	912	916
2021-09-06T21:35:40	910	883	912	915
2021-09-06T21:36:10	910	884	912	915
2021-09-06T21:36:40	910	884	912	916
2021-09-06T21:37:10	910	885	911	916
2021-09-06T21:37:40	911	885	911	917
2021-09-06T21:38:10	908	886	911	916
2021-09-06T21:38:40	908	887	912	916
2021-09-06T21:39:10	909	887	912	916
2021-09-06T21:39:40	910	888	912	916
2021-09-06T21:40:10	910	888	911	916
2021-09-06T21:40:40	911	889	912	917
2021-09-06T21:41:10	909	889	912	917
2021-09-06T21:41:40	909	891	912	917
2021-09-06T21:42:10	909	892	912	917
2021-09-06T21:42:40	909	892	911	917
2021-09-06T21:43:10	909	892	911	917
2021-09-06T21:43:40	909	893	911	917
2021-09-06T21:44:10	909	894	912	917
2021-09-06T21:44:40	910	894	913	917
2021-09-06T21:45:10	911	895	912	917
2021-09-06T21:45:40	909	895	912	918
2021-09-06T21:46:10	910	896	911	918
2021-09-06T21:46:40	910	896	913	918
2021-09-06T21:47:10	910	897	913	918
2021-09-06T21:47:40	908	897	912	918
2021-09-06T21:48:10	909	897	912	918
2021-09-06T21:48:40	909	897	912	918
2021-09-06T21:49:10	910	898	913	918
2021-09-06T21:49:40	911	898	912	918
2021-09-06T21:50:10	911	897	912	918
2021-09-06T21:50:40	909	898	912	919
2021-09-06T21:51:10	911	898	913	919
2021-09-06T21:51:40	909	898	913	918
2021-09-06T21:52:10	909	898	913	918
2021-09-06T21:52:40	911	899	912	918
2021-09-06T21:53:10	910	899	913	917
2021-09-06T21:53:40	909	899	913	918
2021-09-06T21:54:10	910	899	913	917
2021-09-06T21:54:40	911	900	915	917
2021-09-06T21:55:10	909	900	913	918
2021-09-06T21:55:40	911	900	913	918
2021-09-06T21:56:10	910	900	911	918
2021-09-06T21:56:40	910	900	912	918
2021-09-06T21:57:10	911	901	913	918
2021-09-06T21:57:40	909	901	912	918
2021-09-06T21:58:10	909	901	914	918
2021-09-06T21:58:40	911	900	913	917
2021-09-06T21:59:10	909	900	912	918
2021-09-06T21:59:40	910	900	912	918
2021-09-06T22:00:10	909	900	911	918
2021-09-06T22:00:40	910	900	913	918
2021-09-06T22:01:10	908	900	913	918
2021-09-06T22:01:40	910	900	911	918
2021-09-06T22:02:10	909	899	913	918
2021-09-06T22:02:40	910	899	913	918
2021-09-06T22:03:10	910	899	913	917
2021-09-06T22:03:40	909	899	912	918
2021-09-06T22:04:10	911	899	912	917
2021-09-06T22:04:40	909	899	913	918
2021-09-06T22:05:10	911	899	912	917
2021-09-06T22:05:41	909	899	913	917
2021-09-06T22:06:11	911	899	913	918
2021-09-06T22:06:41	910	899	913	918
2021-09-06T22:07:11	911	900	912	918
2021-09-06T22:07:41	909	901	913	918
2021-09-06T22:08:11	910	900	911	918
2021-09-06T22:08:41	912	901	913	918
2021-09-06T22:09:11	910	901	912	918
2021-09-06T22:09:41	908	901	913	918
2021-09-06T22:10:11	911	901	913	918
2021-09-06T22:10:41	909	901	913	918
2021-09-06T22:11:11	911	901	913	918
2021-09-06T22:11:41	909	901	912	918
2021-09-06T22:12:11	909	901	913	918
2021-09-06T22:12:41	911	901	913	918
2021-09-06T22:13:11	909	901	912	918
2021-09-06T22:13:41	909	902	912	918
2021-09-06T22:14:11	910	902	913	918
2021-09-06T22:14:41	909	901	912	918
2021-09-06T22:15:11	910	902	913	918
2021-09-06T22:15:41	909	901	913	918
2021-09-06T22:16:11	909	902	912	917
2021-09-06T22:16:41	910	902	912	918
2021-09-06T22:17:11	909	902	913	918
2021-09-06T22:17:41	911	902	912	918
2021-09-06T22:18:11	910	902	913	918
2021-09-06T22:18:41	909	902	912	918
2021-09-06T22:19:11	910	902	912	917
2021-09-06T22:19:41	910	903	913	918
2021-09-06T22:20:11	909	902	912	918
2021-09-06T22:20:41	911	903	913	918
2021-09-06T22:21:11	909	903	913	918
2021-09-06T22:21:41	909	903	912	917
2021-09-06T22:22:11	911	902	912	917
2021-09-06T22:22:41	910	903	912	918
2021-09-06T22:23:11	909	903	913	918
2021-09-06T22:23:41	911	903	912	917
2021-09-06T22:24:11	911	904	913	918
2021-09-06T22:24:41	909	903	911	918
2021-09-06T22:25:11	909	904	912	917
2021-09-06T22:25:41	911	903	913	917
2021-09-06T22:26:11	910	903	912	917
2021-09-06T22:26:41	909	903	913	917
2021-09-06T22:27:11	909	904	912	917
2021-09-06T22:27:41	911	903	913	917
2021-09-06T22:28:11	909	904	912	918
2021-09-06T22:28:41	909	904	913	917
2021-09-06T22:29:11	910	904	912	917
2021-09-06T22:29:41	910	904	913	917
2021-09-06T22:30:11	910	904	912	916
2021-09-06T22:30:41	909	904	913	917
2021-09-06T22:31:11	911	904	912	917
2021-09-06T22:31:41	911	904	913	917
2021-09-06T22:32:11	910	905	912	918
2021-09-06T22:32:41	909	904	913	917
2021-09-06T22:33:11	909	904	912	916
2021-09-06T22:33:41	911	904	912	917
2021-09-06T22:34:11	910	904	913	918
2021-09-06T22:34:41	910	905	913	917
2021-09-06T22:35:11	909	905	912	917
2021-09-06T22:35:41	909	905	912	917
2021-09-06T22:36:11	910	905	912	917
2021-09-06T22:36:41	911	905	913	917
2021-09-06T22:37:11	910	905	912	917
2021-09-06T22:37:41	909	905	912	916
2021-09-06T22:38:11	909	906	913	917
2021-09-06T22:38:41	909	905	912	917
2021-09-06T22:39:11	911	906	913	916
2021-09-06T22:39:41	910	906	912	918
2021-09-06T22:40:11	909	905	912	916
2021-09-06T22:40:41	910	907	913	917
2021-09-06T22:41:11	909	906	913	916
2021-09-06T22:41:41	911	906	914	917
2021-09-06T22:42:11	910	907	913	916
2021-09-06T22:42:41	909	906	912	916
2021-09-06T22:43:11	909	906	912	917
2021-09-06T22:43:41	909	906	913	917
2021-09-06T22:44:11	909	906	913	915
2021-09-06T22:44:41	911	906	913	917
2021-09-06T22:45:11	910	905	912	917
2021-09-06T22:45:41	909	905	912	917
2021-09-06T22:46:11	909	905	913	916
2021-09-06T22:46:41	909	905	912	915
2021-09-06T22:47:11	911	905	912	915
2021-09-06T22:47:41	910	905	911	916
2021-09-06T22:48:11	851	888	905	915
2021-09-06T22:48:41	779	810	830	903
2021-09-06T22:49:11	654	757	751	885
2021-09-06T22:49:41	573	638	659	839
2021-09-06T22:50:11	503	549	607	790
2021-09-06T22:50:41	463	492	581	762
2021-09-06T22:51:11	442	469	554	729
2021-09-06T22:51:41	410	439	526	702
2021-09-06T22:52:11	392	418	506	686
