time	T1	T2	T3	T4
2021-09-26T09:05:12	22	24	24	23
2021-09-26T09:05:42	22	24	24	23
2021-09-26T09:06:12	22	25	24	23
2021-09-26T09:06:42	27	27	28	23
2021-09-26T09:07:12	29	29	29	23
2021-09-26T09:07:42	30	31	29	24
2021-09-26T09:08:12	29	31	29	24
2021-09-26T09:08:42	29	31	29	24
2021-09-26T09:09:12	30	31	31	25
2021-09-26T09:09:42	32	34	34	25
2021-09-26T09:10:12	32	35	33	26
2021-09-26T09:10:42	32	35	33	26
2021-09-26T09:11:12	33	36	35	27
2021-09-26T09:11:42	38	39	38	27
2021-09-26T09:12:12	38	40	38	28
2021-09-26T09:12:42	38	40	37	29
2021-09-26T09:13:12	38	40	39	29
2021-09-26T09:13:42	40	42	41	30
2021-09-26T09:14:12	39	43	40	30
2021-09-26T09:14:42	39	43	41	31
2021-09-26T09:15:12	41	45	43	31
2021-09-26T09:15:42	42	46	43	32
2021-09-26T09:16:12	44	46	44	33
2021-09-26T09:16:42	46	49	47	34
2021-09-26T09:17:12	45	49	46	34
2021-09-26T09:17:42	46	49	47	36
2021-09-26T09:18:12	47	52	50	37
2021-09-26T09:18:42	47	52	49	36
2021-09-26T09:19:12	50	52	49	38
2021-09-26T09:19:42	53	55	53	39
2021-09-26T09:20:12	53	56	52	40
2021-09-26T09:20:42	52	56	51	40
2021-09-26T09:21:12	53	57	55	41
2021-09-26T09:21:42	53	58	55	42
2021-09-26T09:22:12	56	60	57	42
2021-09-26T09:22:42	58	61	57	42
2021-09-26T09:23:12	56	61	57	43
2021-09-26T09:23:42	60	63	61	44
2021-09-26T09:24:12	58	64	60	45
2021-09-26T09:24:42	60	64	62	45
2021-09-26T09:25:12	63	66	62	46
2021-09-26T09:25:42	62	66	63	47
2021-09-26T09:26:12	63	68	65	47
2021-09-26T09:26:42	63	68	64	48
2021-09-26T09:27:12	68	70	67	49
2021-09-26T09:27:42	68	71	67	50
2021-09-26T09:28:12	68	72	69	50
2021-09-26T09:28:42	68	73	68	51
2021-09-26T09:29:12	69	74	70	52
2021-09-26T09:29:42	68	74	70	53
2021-09-26T09:30:12	72	75	73	53
2021-09-26T09:30:42	74	78	73	54
2021-09-26T09:31:12	73	77	72	55
2021-09-26T09:31:42	73	78	74	56
2021-09-26T09:32:12	73	79	76	56
2021-09-26T09:32:42	73	80	76	57
2021-09-26T09:33:12	78	81	78	58
2021-09-26T09:33:42	81	84	79	59
2021-09-26T09:34:12	81	84	80	59
2021-09-26T09:34:42	81	85	81	60
2021-09-26T09:35:12	80	85	81	61
2021-09-26T09:35:42	81	87	83	62
2021-09-26T09:36:12	84	88	83	62
2021-09-26T09:36:42	85	89	85	63
2021-09-26T09:37:12	85	89	86	64
2021-09-26T09:37:42	85	91	86	65
2021-09-26T09:38:12	87	91	86	66
2021-09-26T09:38:42	89	93	89	66
2021-09-26T09:39:12	89	94	90	67
2021-09-26T09:39:42	89	95	90	68
2021-09-26T09:40:12	88	94	91	69
2021-09-26T09:40:42	93	96	93	70
2021-09-26T09:41:12	93	96	93	70
2021-09-26T09:41:42	93	98	95	71
2021-09-26T09:42:12	93	98	95	72
2021-09-26T09:42:42	96	101	97	72
2021-09-26T09:43:12	96	101	96	73
2021-09-26T09:43:42	97	102	99	74
2021-09-26T09:44:12	96	103	99	75
2021-09-26T09:44:42	102	106	101	76
2021-09-26T09:45:12	101	105	100	76
2021-09-26T09:45:42	102	107	102	77
2021-09-26T09:46:12	101	108	104	78
2021-09-26T09:46:42	101	109	105	79
2021-09-26T09:47:12	105	109	103	79
2021-09-26T09:47:42	107	111	107	80
2021-09-26T09:48:12	106	110	106	81
2021-09-26T09:48:42	106	112	109	82
2021-09-26T09:49:12	106	112	108	84
2021-09-26T09:49:42	111	115	111	84
2021-09-26T09:50:12	110	115	110	85
2021-09-26T09:50:42	110	116	112	85
2021-09-26T09:51:12	110	117	113	86
2021-09-26T09:51:42	114	117	113	87
2021-09-26T09:52:12	115	119	116	88
2021-09-26T09:52:42	114	119	115	89
2021-09-26T09:53:12	117	121	118	89
2021-09-26T09:53:42	117	121	116	90
2021-09-26T09:54:12	117	123	120	91
2021-09-26T09:54:42	117	124	119	91
2021-09-26T09:55:12	122	126	121	92
2021-09-26T09:55:42	123	126	122	94
2021-09-26T09:56:12	122	127	123	95
2021-09-26T09:56:42	123	128	124	95
2021-09-26T09:57:12	121	128	124	96
2021-09-26T09:57:42	127	129	127	97
2021-09-26T09:58:12	126	130	125	98
2021-09-26T09:58:42	127	132	127	98
2021-09-26T09:59:12	126	132	128	100
2021-09-26T09:59:42	131	134	131	100
2021-09-26T10:00:12	132	134	129	101
2021-09-26T10:00:42	131	135	131	102
2021-09-26T10:01:12	130	136	132	103
2021-09-26T10:01:42	133	137	135	104
2021-09-26T10:02:12	134	139	134	104
2021-09-26T10:02:42	133	138	134	105
2021-09-26T10:03:12	135	140	135	106
2021-09-26T10:03:42	138	142	138	107
2021-09-26T10:04:12	136	142	139	108
2021-09-26T10:04:42	136	143	138	109
2021-09-26T10:05:12	142	145	142	109
2021-09-26T10:05:42	142	145	140	110
2021-09-26T10:06:12	141	147	143	111
2021-09-26T10:06:42	141	148	144	112
2021-09-26T10:07:12	146	150	144	112
2021-09-26T10:07:42	144	149	145	114
2021-09-26T10:08:12	144	151	145	114
2021-09-26T10:08:42	146	152	147	115
2021-09-26T10:09:12	146	153	148	116
2021-09-26T10:09:42	148	154	150	117
2021-09-26T10:10:12	148	154	151	117
2021-09-26T10:10:42	151	156	150	118
2021-09-26T10:11:12	151	156	152	119
2021-09-26T10:11:42	150	158	153	120
2021-09-26T10:12:12	155	159	156	121
2021-09-26T10:12:42	153	159	153	122
2021-09-26T10:13:12	153	160	157	123
2021-09-26T10:13:42	156	161	157	124
2021-09-26T10:14:12	156	164	158	124
2021-09-26T10:14:42	159	164	159	125
2021-09-26T10:15:12	159	164	160	126
2021-09-26T10:15:42	159	166	161	127
2021-09-26T10:16:12	163	167	162	128
2021-09-26T10:16:42	163	167	161	129
2021-09-26T10:17:12	162	168	164	129
2021-09-26T10:17:42	161	168	163	130
2021-09-26T10:18:12	167	170	167	131
2021-09-26T10:18:42	168	170	165	132
2021-09-26T10:19:12	167	172	168	132
2021-09-26T10:19:42	166	172	169	133
2021-09-26T10:20:12	169	174	170	134
2021-09-26T10:20:42	170	175	172	135
2021-09-26T10:21:12	169	176	171	136
2021-09-26T10:21:42	172	177	174	137
2021-09-26T10:22:12	171	177	173	138
2021-09-26T10:22:42	175	180	175	138
2021-09-26T10:23:12	175	180	175	139
2021-09-26T10:23:42	176	182	177	140
2021-09-26T10:24:12	176	182	178	141
2021-09-26T10:24:42	177	184	179	142
2021-09-26T10:25:12	177	183	178	143
2021-09-26T10:25:42	181	186	181	144
2021-09-26T10:26:12	180	186	183	144
2021-09-26T10:26:42	182	186	183	145
2021-09-26T10:27:12	182	186	183	146
2021-09-26T10:27:42	182	187	183	147
2021-09-26T10:28:12	187	189	187	148
2021-09-26T10:28:42	186	189	186	149
2021-09-26T10:29:12	184	190	186	150
2021-09-26T10:29:42	188	191	189	150
2021-09-26T10:30:12	187	192	189	151
2021-09-26T10:30:42	188	192	191	152
2021-09-26T10:31:12	191	194	191	153
2021-09-26T10:31:42	189	195	190	154
2021-09-26T10:32:12	194	197	195	155
2021-09-26T10:32:42	193	197	193	156
2021-09-26T10:33:12	193	199	194	156
2021-09-26T10:33:42	197	199	196	157
2021-09-26T10:34:12	198	201	197	158
2021-09-26T10:34:42	196	202	198	159
2021-09-26T10:35:12	199	202	197	160
2021-09-26T10:35:42	200	203	199	161
2021-09-26T10:36:12	199	205	201	162
2021-09-26T10:36:42	198	205	202	163
2021-09-26T10:37:12	204	206	203	164
2021-09-26T10:37:42	202	206	203	164
2021-09-26T10:38:12	201	209	205	165
2021-09-26T10:38:42	207	209	206	166
2021-09-26T10:39:12	207	210	206	167
2021-09-26T10:39:42	205	211	208	168
2021-09-26T10:40:12	208	212	210	169
2021-09-26T10:40:42	207	211	209	170
2021-09-26T10:41:12	211	215	212	171
2021-09-26T10:41:42	209	215	212	171
2021-09-26T10:42:12	212	217	213	172
2021-09-26T10:42:42	211	217	213	173
2021-09-26T10:43:12	212	217	214	174
2021-09-26T10:43:42	216	219	215	175
2021-09-26T10:44:12	215	220	217	176
2021-09-26T10:44:42	215	222	218	177
2021-09-26T10:45:12	218	223	218	178
2021-09-26T10:45:42	217	224	219	178
2021-09-26T10:46:12	220	224	219	179
2021-09-26T10:46:42	221	226	222	180
2021-09-26T10:47:12	219	226	220	182
2021-09-26T10:47:42	227	228	224	182
2021-09-26T10:48:12	224	228	224	183
2021-09-26T10:48:42	223	229	225	184
2021-09-26T10:49:12	226	230	226	185
2021-09-26T10:49:42	228	232	229	187
2021-09-26T10:50:12	227	232	227	187
2021-09-26T10:50:42	228	234	230	188
2021-09-26T10:51:12	228	235	231	188
2021-09-26T10:51:42	231	236	233	189
2021-09-26T10:52:12	230	236	231	190
2021-09-26T10:52:42	232	238	234	192
2021-09-26T10:53:12	232	238	233	192
2021-09-26T10:53:42	236	239	236	193
2021-09-26T10:54:12	236	240	235	195
2021-09-26T10:54:42	234	241	237	195
2021-09-26T10:55:12	237	242	239	196
2021-09-26T10:55:42	240	242	239	197
2021-09-26T10:56:12	237	244	240	199
2021-09-26T10:56:42	241	244	241	198
2021-09-26T10:57:12	242	245	241	200
2021-09-26T10:57:42	241	246	244	201
2021-09-26T10:58:12	243	247	245	201
2021-09-26T10:58:42	244	249	245	202
2021-09-26T10:59:12	244	251	246	203
2021-09-26T10:59:42	245	251	247	205
2021-09-26T11:00:12	246	252	248	205
2021-09-26T11:00:42	247	253	248	207
2021-09-26T11:01:12	251	254	250	208
2021-09-26T11:01:42	249	256	251	208
2021-09-26T11:02:12	250	257	251	210
2021-09-26T11:02:42	254	259	252	210
2021-09-26T11:03:12	252	259	253	211
2021-09-26T11:03:42	254	261	255	212
2021-09-26T11:04:12	254	262	257	214
2021-09-26T11:04:42	255	263	255	214
2021-09-26T11:05:12	256	263	258	215
2021-09-26T11:05:42	256	264	258	215
2021-09-26T11:06:12	261	265	261	217
2021-09-26T11:06:42	259	266	261	218
2021-09-26T11:07:12	261	266	262	219
2021-09-26T11:07:42	259	267	262	220
2021-09-26T11:08:12	264	269	265	220
2021-09-26T11:08:42	262	269	264	222
2021-09-26T11:09:12	267	270	265	222
2021-09-26T11:09:42	265	272	266	224
2021-09-26T11:10:12	267	272	269	224
2021-09-26T11:10:42	268	273	268	225
2021-09-26T11:11:12	269	275	271	226
2021-09-26T11:11:42	267	276	270	227
2021-09-26T11:12:12	273	277	272	228
2021-09-26T11:12:42	270	277	270	229
2021-09-26T11:13:12	272	279	274	230
2021-09-26T11:13:42	273	279	273	230
2021-09-26T11:14:12	276	280	275	232
2021-09-26T11:14:42	276	282	277	233
2021-09-26T11:15:12	277	282	278	233
2021-09-26T11:15:42	275	283	278	235
2021-09-26T11:16:12	279	284	279	236
2021-09-26T11:16:42	278	285	278	237
2021-09-26T11:17:12	283	286	280	237
2021-09-26T11:17:42	282	287	281	238
2021-09-26T11:18:12	280	288	283	239
2021-09-26T11:18:42	283	289	284	240
2021-09-26T11:19:12	286	290	285	241
2021-09-26T11:19:42	286	290	286	242
2021-09-26T11:20:12	284	291	287	243
2021-09-26T11:20:42	286	292	288	244
2021-09-26T11:21:12	285	292	289	245
2021-09-26T11:21:42	290	293	291	246
2021-09-26T11:22:12	290	295	291	247
2021-09-26T11:22:42	290	295	291	248
2021-09-26T11:23:12	292	297	294	249
2021-09-26T11:23:42	291	298	293	250
2021-09-26T11:24:12	293	299	294	251
2021-09-26T11:24:42	295	299	297	252
2021-09-26T11:25:12	296	299	295	253
2021-09-26T11:25:42	297	302	299	253
2021-09-26T11:26:12	296	301	298	254
2021-09-26T11:26:42	300	303	301	256
2021-09-26T11:27:12	299	304	301	257
2021-09-26T11:27:42	301	305	303	258
2021-09-26T11:28:12	303	306	302	259
2021-09-26T11:28:42	301	307	305	260
2021-09-26T11:29:12	305	308	305	261
2021-09-26T11:29:42	303	308	305	262
2021-09-26T11:30:12	307	308	307	263
2021-09-26T11:30:42	307	309	307	263
2021-09-26T11:31:12	307	310	310	264
2021-09-26T11:31:42	306	311	308	265
2021-09-26T11:32:12	312	313	312	266
2021-09-26T11:32:42	309	312	310	267
2021-09-26T11:33:12	311	314	312	268
2021-09-26T11:33:42	310	316	313	269
2021-09-26T11:34:12	314	317	315	270
2021-09-26T11:34:42	312	318	316	271
2021-09-26T11:35:12	314	318	315	272
2021-09-26T11:35:42	316	319	318	274
2021-09-26T11:36:12	317	320	319	274
2021-09-26T11:36:42	318	321	319	276
2021-09-26T11:37:12	319	322	321	277
2021-09-26T11:37:42	318	322	321	278
2021-09-26T11:38:12	322	323	322	279
2021-09-26T11:38:42	321	324	325	280
2021-09-26T11:39:12	322	324	321	281
2021-09-26T11:39:42	324	325	324	281
2021-09-26T11:40:12	326	327	327	282
2021-09-26T11:40:42	324	328	327	284
2021-09-26T11:41:12	329	329	329	284
2021-09-26T11:41:42	328	329	327	285
2021-09-26T11:42:12	331	330	329	286
2021-09-26T11:42:42	329	331	331	287
2021-09-26T11:43:12	329	332	333	288
2021-09-26T11:43:42	333	332	332	289
2021-09-26T11:44:12	332	333	334	290
2021-09-26T11:44:42	334	334	334	291
2021-09-26T11:45:12	335	334	335	292
2021-09-26T11:45:42	335	336	337	293
2021-09-26T11:46:12	337	337	337	294
2021-09-26T11:46:42	338	337	337	295
2021-09-26T11:47:12	340	339	340	296
2021-09-26T11:47:42	339	340	339	297
2021-09-26T11:48:12	341	342	342	298
2021-09-26T11:48:42	344	342	343	299
2021-09-26T11:49:12	344	344	345	301
2021-09-26T11:49:42	343	344	346	302
2021-09-26T11:50:12	342	344	344	303
2021-09-26T11:50:42	348	345	347	304
2021-09-26T11:51:12	347	346	348	305
2021-09-26T11:51:42	350	345	348	306
2021-09-26T11:52:12	348	347	351	307
2021-09-26T11:52:42	351	348	350	308
2021-09-26T11:53:12	351	349	351	309
2021-09-26T11:53:42	352	350	352	310
2021-09-26T11:54:12	351	351	352	312
2021-09-26T11:54:42	355	352	355	313
2021-09-26T11:55:12	355	353	355	314
2021-09-26T11:55:42	354	352	356	315
2021-09-26T11:56:12	358	353	357	316
2021-09-26T11:56:42	356	355	361	317
2021-09-26T11:57:12	357	356	359	318
2021-09-26T11:57:42	359	357	361	319
2021-09-26T11:58:12	360	358	362	320
2021-09-26T11:58:42	361	359	362	321
2021-09-26T11:59:12	363	359	363	322
2021-09-26T11:59:42	364	361	366	324
2021-09-26T12:00:12	363	361	365	325
2021-09-26T12:00:42	365	362	367	325
2021-09-26T12:01:12	367	363	367	327
2021-09-26T12:01:42	366	364	369	329
2021-09-26T12:02:12	368	364	369	329
2021-09-26T12:02:42	369	365	370	330
2021-09-26T12:03:12	370	367	372	331
2021-09-26T12:03:42	371	367	372	332
2021-09-26T12:04:12	371	368	373	334
2021-09-26T12:04:42	374	369	375	334
2021-09-26T12:05:12	372	371	374	335
2021-09-26T12:05:42	375	371	377	336
2021-09-26T12:06:12	374	372	377	338
2021-09-26T12:06:42	378	373	379	339
2021-09-26T12:07:12	375	374	379	340
2021-09-26T12:07:42	379	375	381	340
2021-09-26T12:08:12	377	375	380	343
2021-09-26T12:08:42	383	377	382	343
2021-09-26T12:09:12	380	377	383	344
2021-09-26T12:09:42	383	378	384	345
2021-09-26T12:10:12	385	378	385	346
2021-09-26T12:10:42	382	380	387	347
2021-09-26T12:11:12	385	381	388	348
2021-09-26T12:11:42	385	381	387	350
2021-09-26T12:12:12	387	382	389	351
2021-09-26T12:12:42	391	383	390	351
2021-09-26T12:13:12	389	384	391	352
2021-09-26T12:13:42	391	386	392	354
2021-09-26T12:14:12	391	386	393	355
2021-09-26T12:14:42	393	387	394	356
2021-09-26T12:15:12	393	387	394	357
2021-09-26T12:15:42	394	389	397	358
2021-09-26T12:16:12	396	389	396	359
2021-09-26T12:16:42	397	390	399	360
2021-09-26T12:17:12	398	389	397	361
2021-09-26T12:17:42	399	392	401	362
2021-09-26T12:18:12	397	392	400	363
2021-09-26T12:18:42	401	394	402	364
2021-09-26T12:19:12	402	394	402	365
2021-09-26T12:19:42	401	396	405	366
2021-09-26T12:20:12	404	397	405	367
2021-09-26T12:20:42	403	398	406	368
2021-09-26T12:21:12	405	398	406	369
2021-09-26T12:21:42	405	400	408	371
2021-09-26T12:22:12	406	400	409	372
2021-09-26T12:22:42	409	401	409	372
2021-09-26T12:23:12	409	401	408	373
2021-09-26T12:23:42	409	401	410	374
2021-09-26T12:24:12	412	403	413	376
2021-09-26T12:24:42	411	403	412	376
2021-09-26T12:25:12	412	405	415	377
2021-09-26T12:25:42	414	404	415	378
2021-09-26T12:26:12	413	405	416	379
2021-09-26T12:26:42	417	406	419	380
2021-09-26T12:27:12	416	407	417	381
2021-09-26T12:27:42	419	408	421	383
2021-09-26T12:28:12	419	408	419	384
2021-09-26T12:28:42	419	410	422	384
2021-09-26T12:29:12	422	411	422	386
2021-09-26T12:29:42	420	412	423	386
2021-09-26T12:30:12	423	414	426	387
2021-09-26T12:30:42	422	414	425	388
2021-09-26T12:31:12	426	415	427	390
2021-09-26T12:31:42	424	415	426	391
2021-09-26T12:32:12	427	416	428	392
2021-09-26T12:32:42	426	418	429	393
2021-09-26T12:33:12	430	419	430	394
2021-09-26T12:33:42	430	420	432	396
2021-09-26T12:34:12	430	420	433	396
2021-09-26T12:34:42	431	421	432	397
2021-09-26T12:35:12	435	421	434	398
2021-09-26T12:35:42	433	423	436	400
2021-09-26T12:36:12	436	423	436	401
2021-09-26T12:36:42	435	424	437	401
2021-09-26T12:37:12	436	425	439	402
2021-09-26T12:37:42	439	425	437	404
2021-09-26T12:38:12	438	427	441	405
2021-09-26T12:38:42	439	427	440	406
2021-09-26T12:39:12	442	428	443	406
2021-09-26T12:39:42	440	429	442	407
2021-09-26T12:40:12	443	431	444	408
2021-09-26T12:40:42	445	431	445	410
2021-09-26T12:41:12	443	432	444	411
2021-09-26T12:41:42	446	433	447	412
2021-09-26T12:42:12	447	434	448	413
2021-09-26T12:42:42	446	434	447	414
2021-09-26T12:43:12	447	436	451	415
2021-09-26T12:43:42	451	437	451	416
2021-09-26T12:44:12	450	438	452	417
2021-09-26T12:44:42	450	438	453	419
2021-09-26T12:45:12	451	439	454	420
2021-09-26T12:45:42	450	439	453	421
2021-09-26T12:46:12	454	441	456	421
2021-09-26T12:46:42	455	441	455	423
2021-09-26T12:47:12	456	442	459	424
2021-09-26T12:47:42	457	443	459	424
2021-09-26T12:48:12	458	445	461	425
2021-09-26T12:48:42	457	445	459	426
2021-09-26T12:49:12	458	446	462	428
2021-09-26T12:49:42	461	447	462	429
2021-09-26T12:50:12	461	449	463	430
2021-09-26T12:50:42	462	449	464	431
2021-09-26T12:51:12	465	450	466	432
2021-09-26T12:51:42	465	452	467	433
2021-09-26T12:52:12	466	451	467	434
2021-09-26T12:52:42	466	452	469	435
2021-09-26T12:53:12	468	454	469	436
2021-09-26T12:53:42	469	455	472	437
2021-09-26T12:54:12	469	455	470	438
2021-09-26T12:54:42	472	456	473	439
2021-09-26T12:55:12	470	458	472	440
2021-09-26T12:55:42	472	459	474	442
2021-09-26T12:56:12	475	461	476	443
2021-09-26T12:56:42	475	461	476	443
2021-09-26T12:57:12	476	462	478	445
2021-09-26T12:57:42	477	463	478	446
2021-09-26T12:58:13	477	464	478	447
2021-09-26T12:58:43	479	465	481	448
2021-09-26T12:59:13	478	466	480	449
2021-09-26T12:59:43	480	466	483	450
2021-09-26T13:00:13	481	467	483	451
2021-09-26T13:00:43	482	468	485	452
2021-09-26T13:01:13	482	469	484	453
2021-09-26T13:01:43	482	470	485	454
2021-09-26T13:02:13	487	471	486	455
2021-09-26T13:02:43	486	472	489	456
2021-09-26T13:03:13	488	473	489	457
2021-09-26T13:03:43	487	474	488	458
2021-09-26T13:04:13	489	475	491	459
2021-09-26T13:04:43	491	475	490	460
2021-09-26T13:05:13	492	477	494	461
2021-09-26T13:05:43	490	477	493	462
2021-09-26T13:06:13	494	478	495	463
2021-09-26T13:06:43	494	479	495	464
2021-09-26T13:07:13	494	479	496	466
2021-09-26T13:07:43	496	480	497	467
2021-09-26T13:08:13	496	482	500	468
2021-09-26T13:08:43	498	482	499	469
2021-09-26T13:09:13	499	483	500	470
2021-09-26T13:09:43	499	484	501	471
2021-09-26T13:10:13	502	485	504	472
2021-09-26T13:10:43	503	486	505	473
2021-09-26T13:11:13	502	486	504	474
2021-09-26T13:11:43	504	487	505	475
2021-09-26T13:12:13	504	488	506	476
2021-09-26T13:12:43	505	489	508	477
2021-09-26T13:13:13	506	490	508	478
2021-09-26T13:13:43	507	491	511	479
2021-09-26T13:14:13	510	491	510	480
2021-09-26T13:14:43	510	493	513	482
2021-09-26T13:15:13	509	493	511	483
2021-09-26T13:15:43	512	495	514	483
2021-09-26T13:16:13	512	495	513	485
2021-09-26T13:16:43	514	496	516	486
2021-09-26T13:17:13	516	497	516	487
2021-09-26T13:17:43	516	497	517	488
2021-09-26T13:18:13	515	499	519	489
2021-09-26T13:18:43	518	499	519	490
2021-09-26T13:19:13	518	501	520	491
2021-09-26T13:19:43	519	500	520	492
2021-09-26T13:20:13	520	502	522	493
2021-09-26T13:20:43	522	503	525	494
2021-09-26T13:21:13	523	503	523	495
2021-09-26T13:21:43	524	505	525	496
2021-09-26T13:22:13	525	505	526	497
2021-09-26T13:22:43	524	506	528	498
2021-09-26T13:23:13	526	507	527	500
2021-09-26T13:23:43	528	508	529	500
2021-09-26T13:24:13	528	510	530	502
2021-09-26T13:24:43	528	509	528	503
2021-09-26T13:25:13	531	510	531	503
2021-09-26T13:25:43	532	511	534	505
2021-09-26T13:26:13	531	512	533	506
2021-09-26T13:26:43	533	513	535	507
2021-09-26T13:27:13	533	514	535	508
2021-09-26T13:27:43	536	515	537	509
2021-09-26T13:28:13	537	516	538	510
2021-09-26T13:28:43	538	516	539	511
2021-09-26T13:29:13	537	517	539	512
2021-09-26T13:29:43	541	518	540	513
2021-09-26T13:30:13	541	519	542	514
2021-09-26T13:30:43	541	521	542	515
2021-09-26T13:31:13	541	521	542	516
2021-09-26T13:31:43	544	522	544	517
2021-09-26T13:32:13	544	523	547	518
2021-09-26T13:32:43	545	524	546	520
2021-09-26T13:33:13	544	524	548	520
2021-09-26T13:33:43	546	525	549	522
2021-09-26T13:34:13	547	526	550	522
2021-09-26T13:34:43	548	527	551	524
2021-09-26T13:35:13	551	527	551	525
2021-09-26T13:35:43	551	529	553	526
2021-09-26T13:36:13	552	530	553	527
2021-09-26T13:36:43	553	530	554	528
2021-09-26T13:37:13	553	531	556	529
2021-09-26T13:37:43	554	533	556	530
2021-09-26T13:38:13	557	533	556	531
2021-09-26T13:38:43	555	534	559	532
2021-09-26T13:39:13	558	535	561	533
2021-09-26T13:39:43	560	536	560	534
2021-09-26T13:40:13	561	537	562	535
2021-09-26T13:40:43	559	538	564	537
2021-09-26T13:41:13	560	538	562	537
2021-09-26T13:41:43	561	539	564	538
2021-09-26T13:42:13	563	540	564	539
2021-09-26T13:42:43	564	541	568	540
2021-09-26T13:43:13	564	542	566	541
2021-09-26T13:43:43	565	543	568	542
2021-09-26T13:44:13	568	544	570	544
2021-09-26T13:44:43	569	545	572	545
2021-09-26T13:45:13	570	545	570	546
2021-09-26T13:45:43	568	546	572	547
2021-09-26T13:46:13	572	547	574	548
2021-09-26T13:46:43	572	548	573	549
2021-09-26T13:47:13	574	548	575	550
2021-09-26T13:47:43	575	550	577	551
2021-09-26T13:48:13	575	551	577	552
2021-09-26T13:48:43	577	552	578	553
2021-09-26T13:49:13	577	552	580	554
2021-09-26T13:49:43	578	553	579	556
2021-09-26T13:50:13	580	554	582	557
2021-09-26T13:50:43	582	555	582	558
2021-09-26T13:51:13	581	557	585	559
2021-09-26T13:51:43	583	558	585	560
2021-09-26T13:52:13	584	558	584	560
2021-09-26T13:52:43	585	558	585	561
2021-09-26T13:53:13	587	560	588	563
2021-09-26T13:53:43	586	560	587	564
2021-09-26T13:54:13	588	561	588	564
2021-09-26T13:54:43	588	563	591	567
2021-09-26T13:55:13	589	564	591	567
2021-09-26T13:55:43	591	565	592	569
2021-09-26T13:56:13	590	565	592	569
2021-09-26T13:56:43	592	567	594	570
2021-09-26T13:57:13	593	568	596	571
2021-09-26T13:57:43	595	569	595	572
2021-09-26T13:58:13	595	569	596	573
2021-09-26T13:58:43	595	571	598	574
2021-09-26T13:59:13	596	572	599	576
2021-09-26T13:59:43	599	572	599	577
2021-09-26T14:00:13	598	573	601	577
2021-09-26T14:00:43	599	574	600	578
2021-09-26T14:01:13	601	574	602	580
2021-09-26T14:01:43	602	576	604	580
2021-09-26T14:02:13	602	577	605	583
2021-09-26T14:02:43	603	578	606	583
2021-09-26T14:03:13	604	578	605	585
2021-09-26T14:03:43	604	579	608	585
2021-09-26T14:04:13	605	581	609	586
2021-09-26T14:04:43	607	582	610	587
2021-09-26T14:05:13	609	582	609	589
2021-09-26T14:05:43	609	583	611	590
2021-09-26T14:06:13	610	584	612	590
2021-09-26T14:06:43	611	585	614	592
2021-09-26T14:07:13	611	587	615	594
2021-09-26T14:07:43	614	587	616	593
2021-09-26T14:08:13	615	587	615	595
2021-09-26T14:08:43	614	588	617	596
2021-09-26T14:09:13	616	590	619	596
2021-09-26T14:09:43	617	591	619	598
2021-09-26T14:10:13	618	592	620	599
2021-09-26T14:10:43	621	593	622	600
2021-09-26T14:11:13	621	594	622	601
2021-09-26T14:11:43	622	595	624	603
2021-09-26T14:12:13	622	596	624	604
2021-09-26T14:12:43	622	596	625	605
2021-09-26T14:13:13	623	597	626	605
2021-09-26T14:13:43	626	598	626	607
2021-09-26T14:14:13	627	599	628	607
2021-09-26T14:14:43	627	600	630	608
2021-09-26T14:15:13	629	601	631	610
2021-09-26T14:15:43	630	602	631	612
2021-09-26T14:16:13	631	603	633	613
2021-09-26T14:16:43	632	604	634	614
2021-09-26T14:17:13	633	604	632	614
2021-09-26T14:17:43	634	605	634	614
2021-09-26T14:18:13	635	606	636	617
2021-09-26T14:18:43	636	608	637	616
2021-09-26T14:19:13	637	608	638	618
2021-09-26T14:19:43	637	609	638	619
2021-09-26T14:20:13	639	610	639	621
2021-09-26T14:20:43	640	611	641	621
2021-09-26T14:21:13	641	612	642	623
2021-09-26T14:21:43	642	613	641	623
2021-09-26T14:22:13	641	613	643	624
2021-09-26T14:22:43	643	614	644	625
2021-09-26T14:23:13	644	616	646	626
2021-09-26T14:23:43	645	617	647	627
2021-09-26T14:24:13	647	618	649	629
2021-09-26T14:24:43	648	619	649	630
2021-09-26T14:25:13	647	620	650	631
2021-09-26T14:25:43	649	621	651	632
2021-09-26T14:26:13	649	622	652	634
2021-09-26T14:26:43	651	624	653	635
2021-09-26T14:27:13	653	624	654	636
2021-09-26T14:27:43	651	625	656	637
2021-09-26T14:28:13	653	626	656	637
2021-09-26T14:28:43	654	627	657	638
2021-09-26T14:29:13	656	628	658	639
2021-09-26T14:29:43	656	629	659	640
2021-09-26T14:30:13	658	630	660	641
2021-09-26T14:30:43	658	631	661	643
2021-09-26T14:31:13	659	632	662	644
2021-09-26T14:31:43	660	633	663	644
2021-09-26T14:32:13	660	634	664	645
2021-09-26T14:32:43	660	635	664	646
2021-09-26T14:33:13	664	636	665	649
2021-09-26T14:33:43	664	637	667	649
2021-09-26T14:34:13	664	638	667	650
2021-09-26T14:34:43	666	639	668	651
2021-09-26T14:35:13	667	640	669	652
2021-09-26T14:35:43	668	641	670	653
2021-09-26T14:36:13	668	642	672	655
2021-09-26T14:36:43	671	643	672	655
2021-09-26T14:37:13	671	643	673	656
2021-09-26T14:37:43	671	645	674	658
2021-09-26T14:38:13	672	646	674	659
2021-09-26T14:38:43	674	646	675	660
2021-09-26T14:39:13	674	648	676	660
2021-09-26T14:39:43	675	649	678	662
2021-09-26T14:40:13	676	649	678	662
2021-09-26T14:40:43	678	650	679	663
2021-09-26T14:41:13	679	651	680	665
2021-09-26T14:41:43	681	652	681	665
2021-09-26T14:42:13	682	653	681	666
2021-09-26T14:42:43	682	654	683	667
2021-09-26T14:43:13	685	655	684	669
2021-09-26T14:43:43	686	656	684	668
2021-09-26T14:44:13	687	657	685	670
2021-09-26T14:44:43	687	657	686	672
2021-09-26T14:45:13	687	658	687	673
2021-09-26T14:45:43	688	659	687	674
2021-09-26T14:46:13	690	660	689	675
2021-09-26T14:46:43	691	661	690	675
2021-09-26T14:47:13	691	662	691	677
2021-09-26T14:47:43	692	663	691	677
2021-09-26T14:48:13	693	664	693	679
2021-09-26T14:48:43	693	665	694	680
2021-09-26T14:49:13	696	666	695	680
2021-09-26T14:49:43	697	667	696	681
2021-09-26T14:50:13	697	667	697	682
2021-09-26T14:50:43	698	668	698	682
2021-09-26T14:51:13	697	669	699	683
2021-09-26T14:51:43	698	670	698	685
2021-09-26T14:52:13	700	671	700	686
2021-09-26T14:52:43	701	672	701	688
2021-09-26T14:53:13	702	673	702	687
2021-09-26T14:53:43	703	674	703	689
2021-09-26T14:54:13	703	674	704	689
2021-09-26T14:54:43	705	675	705	690
2021-09-26T14:55:13	706	676	705	692
2021-09-26T14:55:43	708	677	707	693
2021-09-26T14:56:13	708	678	707	694
2021-09-26T14:56:43	709	679	708	695
2021-09-26T14:57:13	711	680	708	696
2021-09-26T14:57:43	709	681	709	697
2021-09-26T14:58:13	711	681	710	697
2021-09-26T14:58:43	713	683	711	698
2021-09-26T14:59:13	713	683	713	700
2021-09-26T14:59:43	714	685	713	701
2021-09-26T15:00:13	716	686	714	702
2021-09-26T15:00:43	718	686	715	703
2021-09-26T15:01:13	717	687	716	704
2021-09-26T15:01:43	718	688	717	705
2021-09-26T15:02:13	720	689	718	706
2021-09-26T15:02:43	720	690	718	707
2021-09-26T15:03:13	721	691	719	708
2021-09-26T15:03:43	724	691	720	709
2021-09-26T15:04:13	725	693	721	709
2021-09-26T15:04:43	725	694	722	710
2021-09-26T15:05:13	727	695	723	711
2021-09-26T15:05:43	727	695	724	713
2021-09-26T15:06:13	729	696	724	713
2021-09-26T15:06:43	729	697	725	714
2021-09-26T15:07:13	731	698	726	714
2021-09-26T15:07:43	732	699	727	717
2021-09-26T15:08:13	732	700	728	718
2021-09-26T15:08:43	734	700	729	717
2021-09-26T15:09:13	735	701	730	719
2021-09-26T15:09:43	735	702	730	720
2021-09-26T15:10:13	736	703	731	721
2021-09-26T15:10:43	737	704	732	722
2021-09-26T15:11:13	738	705	733	723
2021-09-26T15:11:43	740	706	734	724
2021-09-26T15:12:13	741	707	734	725
2021-09-26T15:12:43	742	707	735	726
2021-09-26T15:13:13	741	708	736	727
2021-09-26T15:13:43	742	709	737	728
2021-09-26T15:14:13	744	710	738	729
2021-09-26T15:14:43	745	711	739	730
2021-09-26T15:15:13	747	712	739	731
2021-09-26T15:15:43	746	713	740	732
2021-09-26T15:16:13	747	714	742	732
2021-09-26T15:16:43	748	715	742	733
2021-09-26T15:17:13	748	715	743	734
2021-09-26T15:17:43	751	716	744	735
2021-09-26T15:18:13	752	717	745	736
2021-09-26T15:18:43	753	718	745	737
2021-09-26T15:19:13	752	719	747	738
2021-09-26T15:19:43	754	719	748	739
2021-09-26T15:20:13	755	720	749	740
2021-09-26T15:20:43	756	721	750	741
2021-09-26T15:21:13	756	722	750	742
2021-09-26T15:21:43	759	723	751	743
2021-09-26T15:22:13	760	724	752	744
2021-09-26T15:22:43	759	725	753	745
2021-09-26T15:23:13	760	725	754	745
2021-09-26T15:23:43	762	726	754	746
2021-09-26T15:24:13	762	727	756	747
2021-09-26T15:24:43	763	728	756	748
2021-09-26T15:25:13	765	729	757	749
2021-09-26T15:25:43	766	730	758	750
2021-09-26T15:26:13	766	731	758	751
2021-09-26T15:26:43	766	732	759	752
2021-09-26T15:27:13	769	733	760	752
2021-09-26T15:27:43	769	733	760	753
2021-09-26T15:28:13	770	734	761	754
2021-09-26T15:28:43	773	735	762	755
2021-09-26T15:29:13	774	736	763	756
2021-09-26T15:29:43	774	737	764	757
2021-09-26T15:30:13	775	738	764	758
2021-09-26T15:30:43	777	739	765	759
2021-09-26T15:31:13	777	739	765	760
2021-09-26T15:31:43	779	740	766	760
2021-09-26T15:32:13	780	741	767	761
2021-09-26T15:32:43	780	742	768	762
2021-09-26T15:33:13	781	743	769	763
2021-09-26T15:33:43	781	744	769	764
2021-09-26T15:34:13	782	745	770	764
2021-09-26T15:34:43	783	745	771	765
2021-09-26T15:35:13	785	746	772	766
2021-09-26T15:35:43	786	747	772	767
2021-09-26T15:36:13	786	748	772	767
2021-09-26T15:36:43	786	748	774	768
2021-09-26T15:37:13	787	749	774	770
2021-09-26T15:37:43	791	750	775	770
2021-09-26T15:38:13	790	751	775	770
2021-09-26T15:38:43	791	752	776	771
2021-09-26T15:39:13	792	752	777	772
2021-09-26T15:39:43	794	753	778	772
2021-09-26T15:40:13	794	754	778	773
2021-09-26T15:40:43	794	755	779	774
2021-09-26T15:41:13	796	756	780	775
2021-09-26T15:41:43	797	757	781	776
2021-09-26T15:42:13	798	757	781	777
2021-09-26T15:42:43	801	758	782	778
2021-09-26T15:43:13	800	759	782	778
2021-09-26T15:43:43	802	759	783	780
2021-09-26T15:44:13	801	760	784	781
2021-09-26T15:44:43	804	761	785	781
2021-09-26T15:45:13	803	762	786	782
2021-09-26T15:45:43	805	763	786	783
2021-09-26T15:46:13	807	764	787	784
2021-09-26T15:46:43	805	764	788	785
2021-09-26T15:47:13	808	765	790	785
2021-09-26T15:47:43	808	766	789	786
2021-09-26T15:48:13	810	767	791	787
2021-09-26T15:48:43	809	767	791	788
2021-09-26T15:49:13	811	768	793	789
2021-09-26T15:49:43	811	769	793	790
2021-09-26T15:50:13	812	769	794	790
2021-09-26T15:50:43	815	771	795	791
2021-09-26T15:51:13	814	772	795	792
2021-09-26T15:51:43	817	772	796	793
2021-09-26T15:52:13	817	773	797	794
2021-09-26T15:52:43	818	773	798	795
2021-09-26T15:53:13	819	774	799	796
2021-09-26T15:53:43	821	775	800	796
2021-09-26T15:54:13	821	775	800	797
2021-09-26T15:54:43	823	776	801	799
2021-09-26T15:55:13	825	777	802	800
2021-09-26T15:55:43	824	778	802	800
2021-09-26T15:56:13	826	779	803	801
2021-09-26T15:56:43	826	779	804	802
2021-09-26T15:57:13	826	780	805	803
2021-09-26T15:57:43	830	781	806	804
2021-09-26T15:58:13	829	781	807	805
2021-09-26T15:58:43	831	782	808	806
2021-09-26T15:59:13	830	783	809	808
2021-09-26T15:59:43	832	783	809	808
2021-09-26T16:00:13	834	784	810	809
2021-09-26T16:00:43	834	785	811	810
2021-09-26T16:01:13	836	785	812	811
2021-09-26T16:01:43	834	786	813	812
2021-09-26T16:02:13	837	787	814	813
2021-09-26T16:02:43	837	788	815	814
2021-09-26T16:03:13	839	789	815	815
2021-09-26T16:03:43	841	789	817	816
2021-09-26T16:04:13	841	790	818	817
2021-09-26T16:04:43	843	791	818	818
2021-09-26T16:05:13	844	791	819	819
2021-09-26T16:05:43	845	792	820	820
2021-09-26T16:06:13	844	793	821	821
2021-09-26T16:06:43	847	794	822	822
2021-09-26T16:07:13	847	795	823	823
2021-09-26T16:07:43	849	795	823	824
2021-09-26T16:08:13	847	796	825	825
2021-09-26T16:08:43	851	797	825	826
2021-09-26T16:09:13	849	798	826	827
2021-09-26T16:09:43	853	798	827	828
2021-09-26T16:10:13	852	799	828	830
2021-09-26T16:10:43	855	800	829	831
2021-09-26T16:11:13	854	801	830	831
2021-09-26T16:11:43	858	801	831	832
2021-09-26T16:12:13	856	802	831	834
2021-09-26T16:12:43	857	803	833	835
2021-09-26T16:13:13	860	804	834	835
2021-09-26T16:13:43	859	805	834	837
2021-09-26T16:14:13	862	805	836	838
2021-09-26T16:14:43	861	807	837	839
2021-09-26T16:15:13	865	807	839	840
2021-09-26T16:15:43	865	808	839	841
2021-09-26T16:16:13	863	809	840	842
2021-09-26T16:16:43	865	810	841	843
2021-09-26T16:17:13	865	811	842	844
2021-09-26T16:17:43	869	811	843	845
2021-09-26T16:18:13	868	812	843	846
2021-09-26T16:18:43	870	813	845	847
2021-09-26T16:19:13	871	814	846	848
2021-09-26T16:19:43	870	815	847	849
2021-09-26T16:20:13	873	816	847	850
2021-09-26T16:20:43	874	817	848	851
2021-09-26T16:21:13	875	818	850	853
2021-09-26T16:21:43	875	819	850	853
2021-09-26T16:22:13	876	820	851	854
2021-09-26T16:22:43	876	821	852	855
2021-09-26T16:23:13	879	821	853	857
2021-09-26T16:23:43	881	822	855	858
2021-09-26T16:24:13	880	823	856	859
2021-09-26T16:24:43	881	824	856	860
2021-09-26T16:25:13	883	825	857	861
2021-09-26T16:25:43	884	826	858	862
2021-09-26T16:26:13	885	827	859	863
2021-09-26T16:26:43	884	828	860	864
2021-09-26T16:27:13	886	829	861	865
2021-09-26T16:27:43	887	830	862	866
2021-09-26T16:28:13	889	831	863	867
2021-09-26T16:28:43	890	832	865	868
2021-09-26T16:29:13	891	833	865	869
2021-09-26T16:29:43	892	834	867	871
2021-09-26T16:30:13	891	834	867	872
2021-09-26T16:30:43	892	835	869	873
2021-09-26T16:31:13	896	836	870	874
2021-09-26T16:31:43	896	837	870	875
2021-09-26T16:32:13	897	838	871	876
2021-09-26T16:32:43	898	839	872	877
2021-09-26T16:33:13	898	840	874	878
2021-09-26T16:33:43	900	841	874	879
2021-09-26T16:34:13	899	842	876	880
2021-09-26T16:34:43	902	843	876	882
2021-09-26T16:35:13	904	845	878	882
2021-09-26T16:35:43	905	845	878	884
2021-09-26T16:36:13	904	847	879	885
2021-09-26T16:36:43	904	848	881	886
2021-09-26T16:37:13	905	849	882	887
2021-09-26T16:37:43	908	850	883	888
2021-09-26T16:38:13	909	851	885	889
2021-09-26T16:38:43	909	852	885	891
2021-09-26T16:39:13	909	853	885	891
2021-09-26T16:39:43	910	854	887	892
2021-09-26T16:40:13	909	855	889	893
2021-09-26T16:40:43	910	856	890	893
2021-09-26T16:41:13	908	857	891	895
2021-09-26T16:41:43	908	858	892	896
2021-09-26T16:42:13	909	859	893	896
2021-09-26T16:42:43	910	860	894	897
2021-09-26T16:43:13	910	861	895	898
2021-09-26T16:43:43	909	862	896	899
2021-09-26T16:44:13	908	863	897	898
2021-09-26T16:44:43	910	864	897	899
2021-09-26T16:45:13	909	865	898	899
2021-09-26T16:45:43	910	866	899	901
2021-09-26T16:46:13	909	867	900	902
2021-09-26T16:46:43	910	868	900	901
2021-09-26T16:47:13	909	869	902	902
2021-09-26T16:47:43	908	870	903	903
2021-09-26T16:48:13	910	871	903	903
2021-09-26T16:48:43	910	872	905	904
2021-09-26T16:49:13	910	873	906	905
2021-09-26T16:49:43	909	874	906	905
2021-09-26T16:50:13	910	875	907	906
2021-09-26T16:50:43	909	876	908	906
2021-09-26T16:51:13	908	877	909	907
2021-09-26T16:51:43	909	878	910	908
2021-09-26T16:52:13	908	879	910	908
2021-09-26T16:52:43	910	880	911	909
2021-09-26T16:53:13	910	881	912	909
2021-09-26T16:53:43	910	881	911	910
2021-09-26T16:54:13	910	882	911	910
2021-09-26T16:54:43	909	882	912	910
2021-09-26T16:55:13	910	882	912	911
2021-09-26T16:55:43	910	883	911	911
2021-09-26T16:56:13	909	884	911	911
2021-09-26T16:56:43	908	884	911	911
2021-09-26T16:57:13	910	885	911	912
2021-09-26T16:57:43	908	885	911	912
2021-09-26T16:58:13	909	886	911	912
2021-09-26T16:58:43	908	886	912	912
2021-09-26T16:59:13	908	887	913	911
2021-09-26T16:59:43	909	888	913	912
2021-09-26T17:00:13	908	888	912	913
2021-09-26T17:00:43	910	889	912	912
2021-09-26T17:01:13	910	889	913	912
2021-09-26T17:01:43	910	890	912	912
2021-09-26T17:02:13	911	890	913	912
2021-09-26T17:02:43	910	891	913	912
2021-09-26T17:03:13	910	891	912	913
2021-09-26T17:03:43	910	892	912	913
2021-09-26T17:04:13	909	892	913	913
2021-09-26T17:04:43	909	893	912	913
2021-09-26T17:05:13	910	893	913	913
2021-09-26T17:05:43	910	894	912	913
2021-09-26T17:06:13	910	894	912	913
2021-09-26T17:06:43	909	895	912	913
2021-09-26T17:07:13	908	895	913	913
2021-09-26T17:07:43	909	896	911	914
2021-09-26T17:08:13	910	896	912	914
2021-09-26T17:08:43	909	895	912	914
2021-09-26T17:09:13	909	895	911	914
2021-09-26T17:09:43	909	896	912	914
2021-09-26T17:10:13	910	896	912	914
2021-09-26T17:10:43	911	897	913	914
2021-09-26T17:11:13	909	897	912	914
2021-09-26T17:11:43	909	897	912	914
2021-09-26T17:12:13	909	897	911	914
2021-09-26T17:12:43	909	898	912	914
2021-09-26T17:13:13	910	898	912	915
2021-09-26T17:13:43	910	898	913	915
2021-09-26T17:14:13	910	898	911	915
2021-09-26T17:14:43	909	898	912	915
2021-09-26T17:15:13	910	899	912	915
2021-09-26T17:15:43	910	898	912	915
2021-09-26T17:16:13	909	899	912	915
2021-09-26T17:16:43	910	899	912	915
2021-09-26T17:17:13	911	898	913	915
2021-09-26T17:17:43	909	898	913	915
2021-09-26T17:18:13	911	898	913	915
2021-09-26T17:18:43	909	898	913	916
2021-09-26T17:19:13	909	898	912	916
2021-09-26T17:19:43	911	898	912	916
2021-09-26T17:20:13	909	898	912	916
2021-09-26T17:20:43	910	898	913	916
2021-09-26T17:21:13	909	898	913	916
2021-09-26T17:21:43	910	898	912	916
2021-09-26T17:22:13	910	898	913	915
2021-09-26T17:22:43	909	898	911	916
2021-09-26T17:23:13	910	898	912	916
2021-09-26T17:23:43	909	898	912	916
2021-09-26T17:24:13	911	899	913	915
2021-09-26T17:24:43	909	899	913	916
2021-09-26T17:25:13	911	899	913	915
2021-09-26T17:25:43	909	899	913	916
2021-09-26T17:26:13	911	899	912	915
2021-09-26T17:26:43	910	899	912	915
2021-09-26T17:27:13	909	899	913	915
2021-09-26T17:27:43	911	899	912	915
2021-09-26T17:28:13	910	899	912	916
2021-09-26T17:28:43	910	900	912	915
2021-09-26T17:29:13	909	900	912	916
2021-09-26T17:29:43	911	900	913	915
2021-09-26T17:30:13	910	900	912	916
2021-09-26T17:30:43	908	900	912	915
2021-09-26T17:31:13	910	900	912	916
2021-09-26T17:31:43	909	900	912	916
2021-09-26T17:32:13	911	901	912	916
2021-09-26T17:32:43	909	900	913	916
2021-09-26T17:33:13	910	901	912	916
2021-09-26T17:33:43	911	901	913	916
2021-09-26T17:34:13	909	900	912	916
2021-09-26T17:34:43	908	901	913	916
2021-09-26T17:35:13	911	901	913	916
2021-09-26T17:35:43	909	901	912	916
2021-09-26T17:36:13	909	901	912	916
2021-09-26T17:36:43	911	901	913	916
2021-09-26T17:37:13	910	901	911	916
2021-09-26T17:37:43	909	902	912	916
2021-09-26T17:38:13	910	901	912	916
2021-09-26T17:38:43	910	902	913	916
2021-09-26T17:39:13	909	902	913	916
2021-09-26T17:39:43	909	902	912	916
2021-09-26T17:40:13	911	901	912	916
2021-09-26T17:40:43	909	902	913	916
2021-09-26T17:41:13	909	902	914	916
2021-09-26T17:41:43	909	903	912	916
2021-09-26T17:42:13	911	902	912	916
2021-09-26T17:42:43	910	904	912	916
2021-09-26T17:43:13	909	903	912	916
2021-09-26T17:43:43	910	904	913	916
2021-09-26T17:44:13	910	903	912	916
2021-09-26T17:44:43	910	904	912	916
2021-09-26T17:45:13	909	903	912	916
2021-09-26T17:45:43	911	904	913	916
2021-09-26T17:46:13	910	904	911	916
2021-09-26T17:46:43	909	903	911	916
2021-09-26T17:47:13	909	903	912	916
2021-09-26T17:47:43	911	903	913	916
2021-09-26T17:48:13	910	904	913	916
2021-09-26T17:48:43	909	904	912	916
2021-09-26T17:49:13	909	904	913	916
2021-09-26T17:49:43	911	904	912	916
2021-09-26T17:50:13	910	903	912	916
2021-09-26T17:50:43	910	904	913	916
2021-09-26T17:51:13	909	904	912	916
2021-09-26T17:51:43	911	903	913	916
2021-09-26T17:52:13	910	904	912	916
2021-09-26T17:52:43	909	904	912	916
2021-09-26T17:53:13	909	904	913	916
2021-09-26T17:53:43	909	904	913	916
2021-09-26T17:54:13	909	904	912	916
2021-09-26T17:54:43	911	904	912	916
2021-09-26T17:55:13	910	905	913	916
2021-09-26T17:55:43	910	904	912	916
2021-09-26T17:56:13	909	904	913	916
2021-09-26T17:56:43	909	905	913	916
2021-09-26T17:57:13	909	904	912	916
2021-09-26T17:57:43	911	904	912	916
2021-09-26T17:58:13	910	905	913	916
2021-09-26T17:58:43	910	905	913	916
2021-09-26T17:59:13	909	904	912	916
2021-09-26T17:59:43	909	905	913	916
2021-09-26T18:00:13	909	905	912	916
2021-09-26T18:00:43	911	904	912	916
2021-09-26T18:01:13	911	905	913	916
2021-09-26T18:01:43	910	905	912	916
2021-09-26T18:02:13	909	905	912	916
2021-09-26T18:02:43	910	906	913	916
2021-09-26T18:03:13	909	905	913	916
2021-09-26T18:03:43	909	905	913	916
2021-09-26T18:04:13	909	906	913	916
2021-09-26T18:04:43	909	905	912	916
2021-09-26T18:05:13	911	905	912	916
2021-09-26T18:05:43	910	905	912	916
2021-09-26T18:06:13	909	905	912	916
2021-09-26T18:06:43	909	906	912	916
2021-09-26T18:07:13	909	905	912	916
2021-09-26T18:07:43	909	905	912	916
2021-09-26T18:08:13	909	906	913	916
2021-09-26T18:08:43	909	906	912	916
2021-09-26T18:09:13	838	883	912	916
2021-09-26T18:09:43	769	830	864	908
2021-09-26T18:10:13	705	759	751	895
2021-09-26T18:10:43	571	639	664	883
2021-09-26T18:11:13	503	573	623	856
2021-09-26T18:11:43	478	509	575	824
2021-09-26T18:12:13	442	470	551	794
2021-09-26T18:12:43	419	443	535	774
2021-09-26T18:13:13	401	427	506	746
2021-09-26T18:13:43	378	406	491	721
2021-09-26T18:14:13	364	387	472	706
2021-09-26T18:14:43	349	377	458	685
2021-09-26T18:15:13	340	365	443	665
2021-09-26T18:15:43	327	351	427	647
2021-09-26T18:16:13	318	338	419	635
2021-09-26T18:16:43	310	332	408	620
2021-09-26T18:17:13	300	322	395	606
2021-09-26T18:17:43	293	312	386	596
