time	T1	T2	T3	T4
2021-07-09T17:10:25	33	31	36	33
2021-07-09T17:10:55	33	32	36	34
2021-07-09T17:11:25	33	32	36	34
2021-07-09T17:11:55	34	32	36	34
2021-07-09T17:12:25	34	33	37	34
2021-07-09T17:12:55	35	34	38	34
2021-07-09T17:13:28	35	34	39	34
2021-07-09T17:13:58	37	36	39	34
2021-07-09T17:14:28	38	37	40	34
2021-07-09T17:14:58	38	38	40	35
2021-07-09T17:15:28	40	41	44	35
2021-07-09T17:15:58	41	43	45	36
2021-07-09T17:16:28	41	43	46	38
2021-07-09T17:16:58	42	44	46	37
2021-07-09T17:17:28	46	44	47	38
2021-07-09T17:17:58	48	45	47	39
2021-07-09T17:18:28	49	45	47	40
2021-07-09T17:18:58	50	47	51	41
2021-07-09T17:19:28	51	49	52	41
2021-07-09T17:19:58	51	49	52	42
2021-07-09T17:20:28	51	49	52	44
2021-07-09T17:20:58	51	49	52	44
2021-07-09T17:21:28	52	52	55	45
2021-07-09T17:21:58	53	54	57	45
2021-07-09T17:22:28	53	55	57	46
2021-07-09T17:22:58	53	55	57	46
2021-07-09T17:23:28	57	55	58	47
2021-07-09T17:23:58	60	56	58	48
2021-07-09T17:24:28	62	57	60	49
2021-07-09T17:24:58	62	59	62	50
2021-07-09T17:25:28	63	60	62	51
2021-07-09T17:25:58	62	59	62	51
2021-07-09T17:26:28	63	61	65	52
2021-07-09T17:26:58	64	64	66	53
2021-07-09T17:27:28	64	64	67	53
2021-07-09T17:27:58	64	64	67	54
2021-07-09T17:28:28	64	64	68	55
2021-07-09T17:28:58	70	67	71	57
2021-07-09T17:29:28	71	68	71	57
2021-07-09T17:29:58	70	68	71	57
2021-07-09T17:30:28	71	67	71	59
2021-07-09T17:30:58	71	70	74	58
2021-07-09T17:31:28	72	71	74	59
2021-07-09T17:31:58	71	71	74	60
2021-07-09T17:32:28	72	72	77	61
2021-07-09T17:32:58	78	76	80	61
2021-07-09T17:33:28	79	77	80	62
2021-07-09T17:33:58	79	77	80	63
2021-07-09T17:34:28	79	76	79	64
2021-07-09T17:34:58	79	77	81	65
2021-07-09T17:35:28	79	79	82	66
2021-07-09T17:35:58	79	79	82	66
2021-07-09T17:36:28	80	79	81	67
2021-07-09T17:36:58	86	83	86	68
2021-07-09T17:37:28	87	84	88	69
2021-07-09T17:37:58	87	84	87	70
2021-07-09T17:38:28	87	84	86	70
2021-07-09T17:38:58	88	86	90	71
2021-07-09T17:39:28	88	87	90	72
2021-07-09T17:39:58	87	86	90	71
2021-07-09T17:40:28	88	86	90	73
2021-07-09T17:40:58	92	90	93	74
2021-07-09T17:41:28	93	91	95	75
2021-07-09T17:41:58	93	91	94	76
2021-07-09T17:42:28	92	91	93	76
2021-07-09T17:42:58	93	93	97	78
2021-07-09T17:43:28	93	95	98	78
2021-07-09T17:43:58	97	95	99	80
2021-07-09T17:44:28	99	95	99	79
2021-07-09T17:44:58	100	97	101	81
2021-07-09T17:45:28	100	99	101	81
2021-07-09T17:45:58	99	98	101	83
2021-07-09T17:46:28	99	99	102	83
2021-07-09T17:46:58	100	102	106	84
2021-07-09T17:47:28	103	102	106	84
2021-07-09T17:47:58	106	102	107	85
2021-07-09T17:48:28	107	102	106	86
2021-07-09T17:48:58	108	107	109	87
2021-07-09T17:49:28	108	107	110	87
2021-07-09T17:49:58	107	107	109	88
2021-07-09T17:50:28	108	107	110	90
2021-07-09T17:50:58	113	110	114	90
2021-07-09T17:51:28	113	110	113	92
2021-07-09T17:51:58	112	109	113	91
2021-07-09T17:52:28	112	110	115	93
2021-07-09T17:52:58	112	113	117	93
2021-07-09T17:53:28	113	114	117	94
2021-07-09T17:53:58	118	113	117	94
2021-07-09T17:54:28	120	116	120	96
2021-07-09T17:54:58	120	118	122	97
2021-07-09T17:55:28	120	117	121	98
2021-07-09T17:55:58	119	117	120	98
2021-07-09T17:56:28	119	121	124	99
2021-07-09T17:56:58	119	121	124	100
2021-07-09T17:57:28	124	120	125	101
2021-07-09T17:57:58	125	121	124	101
2021-07-09T17:58:28	126	124	128	102
2021-07-09T17:58:58	125	125	128	102
2021-07-09T17:59:28	125	124	127	104
2021-07-09T17:59:58	125	127	131	105
2021-07-09T18:00:28	129	127	131	106
2021-07-09T18:00:58	131	127	130	105
2021-07-09T18:01:28	131	129	133	107
2021-07-09T18:01:58	130	130	133	108
2021-07-09T18:02:28	130	131	135	109
2021-07-09T18:02:58	134	132	136	109
2021-07-09T18:03:28	134	132	135	110
2021-07-09T18:03:58	135	135	139	111
2021-07-09T18:04:28	135	135	139	112
2021-07-09T18:04:58	138	135	139	113
2021-07-09T18:05:28	139	137	141	113
2021-07-09T18:05:58	140	138	141	115
2021-07-09T18:06:28	140	137	141	114
2021-07-09T18:06:58	141	140	144	116
2021-07-09T18:07:28	144	142	144	117
2021-07-09T18:07:58	142	140	145	117
2021-07-09T18:08:28	142	143	147	118
2021-07-09T18:08:58	146	143	148	119
2021-07-09T18:09:28	147	145	148	120
2021-07-09T18:09:58	148	146	149	121
2021-07-09T18:10:28	148	146	150	122
2021-07-09T18:10:58	147	147	150	122
2021-07-09T18:11:28	150	148	152	123
2021-07-09T18:11:58	154	150	154	124
2021-07-09T18:12:28	154	149	154	125
2021-07-09T18:12:58	153	151	155	126
2021-07-09T18:13:28	153	151	155	127
2021-07-09T18:13:58	154	155	158	127
2021-07-09T18:14:28	154	155	157	128
2021-07-09T18:14:58	156	154	157	128
2021-07-09T18:15:28	157	157	161	130
2021-07-09T18:15:58	156	156	160	130
2021-07-09T18:16:28	160	157	162	131
2021-07-09T18:16:58	161	160	163	132
2021-07-09T18:17:28	162	160	162	132
2021-07-09T18:17:58	161	162	165	133
2021-07-09T18:18:28	163	163	165	134
2021-07-09T18:18:58	162	162	165	135
2021-07-09T18:19:28	166	166	169	136
2021-07-09T18:19:58	165	165	169	137
2021-07-09T18:20:28	167	164	168	137
2021-07-09T18:20:58	169	166	171	138
2021-07-09T18:21:28	170	167	171	139
2021-07-09T18:21:58	169	169	173	140
2021-07-09T18:22:28	170	170	173	141
2021-07-09T18:22:58	171	170	173	141
2021-07-09T18:23:28	171	172	176	142
2021-07-09T18:23:58	176	173	176	143
2021-07-09T18:24:28	176	173	175	144
2021-07-09T18:24:58	176	176	179	145
2021-07-09T18:25:28	175	176	179	145
2021-07-09T18:25:58	179	177	181	146
2021-07-09T18:26:28	179	178	182	147
2021-07-09T18:26:58	178	178	182	148
2021-07-09T18:27:28	182	179	184	149
2021-07-09T18:27:58	183	179	183	150
2021-07-09T18:28:28	184	182	185	151
2021-07-09T18:28:58	184	184	186	152
2021-07-09T18:29:28	183	183	187	153
2021-07-09T18:29:58	187	184	189	154
2021-07-09T18:30:28	187	185	188	154
2021-07-09T18:30:58	186	185	189	155
2021-07-09T18:31:28	189	188	191	156
2021-07-09T18:31:58	192	188	190	157
2021-07-09T18:32:28	192	191	195	158
2021-07-09T18:32:58	190	191	195	159
2021-07-09T18:33:28	194	190	194	160
2021-07-09T18:33:58	196	193	196	160
2021-07-09T18:34:28	195	192	196	161
2021-07-09T18:34:58	194	195	198	162
2021-07-09T18:35:28	197	195	198	163
2021-07-09T18:35:58	200	197	200	164
2021-07-09T18:36:28	199	195	199	165
2021-07-09T18:36:58	198	198	203	166
2021-07-09T18:37:28	199	198	202	166
2021-07-09T18:37:58	202	199	201	167
2021-07-09T18:38:28	202	203	206	168
2021-07-09T18:38:58	202	202	205	169
2021-07-09T18:39:28	205	201	205	170
2021-07-09T18:39:58	206	204	209	171
2021-07-09T18:40:28	205	205	208	172
2021-07-09T18:40:58	207	204	209	173
2021-07-09T18:41:28	213	207	212	174
2021-07-09T18:41:58	211	208	210	175
2021-07-09T18:42:28	211	210	213	176
2021-07-09T18:42:58	209	209	213	177
2021-07-09T18:43:28	213	211	216	178
2021-07-09T18:43:58	213	211	214	178
2021-07-09T18:44:28	212	213	217	179
2021-07-09T18:44:58	218	214	218	180
2021-07-09T18:45:28	216	213	217	181
2021-07-09T18:45:58	217	216	219	182
2021-07-09T18:46:28	215	215	219	183
2021-07-09T18:46:58	222	218	223	183
2021-07-09T18:47:28	221	218	222	185
2021-07-09T18:47:58	220	220	224	186
2021-07-09T18:48:28	219	220	223	186
2021-07-09T18:48:58	226	222	226	187
2021-07-09T18:49:28	227	222	226	188
2021-07-09T18:49:58	224	223	227	189
2021-07-09T18:50:28	224	224	228	190
2021-07-09T18:50:58	226	224	228	191
2021-07-09T18:51:28	231	227	230	192
2021-07-09T18:51:58	229	228	231	192
2021-07-09T18:52:28	228	229	232	193
2021-07-09T18:52:58	229	228	233	194
2021-07-09T18:53:28	234	229	235	195
2021-07-09T18:53:58	232	228	234	196
2021-07-09T18:54:28	233	231	237	197
2021-07-09T18:54:58	236	232	236	198
2021-07-09T18:55:28	234	233	237	199
2021-07-09T18:55:58	237	236	239	200
2021-07-09T18:56:28	238	235	239	201
2021-07-09T18:56:58	238	237	242	202
2021-07-09T18:57:28	237	237	243	203
2021-07-09T18:57:58	241	237	242	204
2021-07-09T18:58:28	241	239	243	205
2021-07-09T18:58:58	242	240	244	205
2021-07-09T18:59:28	246	242	246	206
2021-07-09T18:59:58	244	242	245	207
2021-07-09T19:00:28	244	245	248	209
2021-07-09T19:00:58	247	244	248	209
2021-07-09T19:01:28	247	245	251	210
2021-07-09T19:01:58	246	246	250	211
2021-07-09T19:02:28	252	247	252	212
2021-07-09T19:02:58	252	247	251	213
2021-07-09T19:03:28	250	249	255	214
2021-07-09T19:03:58	252	249	254	214
2021-07-09T19:04:28	256	252	256	215
2021-07-09T19:04:58	255	250	254	216
2021-07-09T19:05:28	254	252	258	217
2021-07-09T19:05:58	257	252	257	218
2021-07-09T19:06:28	257	254	260	219
2021-07-09T19:06:58	256	254	259	220
2021-07-09T19:07:28	260	255	261	220
2021-07-09T19:07:58	259	256	262	221
2021-07-09T19:08:28	259	257	262	222
2021-07-09T19:08:58	263	259	266	223
2021-07-09T19:09:28	261	260	264	224
2021-07-09T19:09:58	264	260	266	225
2021-07-09T19:10:28	267	261	266	226
2021-07-09T19:10:58	265	263	269	227
2021-07-09T19:11:28	265	264	269	228
2021-07-09T19:11:58	269	265	270	229
2021-07-09T19:12:28	270	266	271	230
2021-07-09T19:12:58	268	267	272	231
2021-07-09T19:13:28	272	267	272	232
2021-07-09T19:13:58	272	268	274	233
2021-07-09T19:14:28	270	269	275	234
2021-07-09T19:14:58	277	270	277	234
2021-07-09T19:15:28	275	271	276	235
2021-07-09T19:15:58	274	273	279	236
2021-07-09T19:16:28	277	273	278	238
2021-07-09T19:16:58	278	274	281	238
2021-07-09T19:17:28	278	274	280	239
2021-07-09T19:17:58	279	277	283	240
2021-07-09T19:18:28	282	277	283	241
2021-07-09T19:18:58	279	277	282	242
2021-07-09T19:19:28	284	280	286	243
2021-07-09T19:19:58	283	279	284	244
2021-07-09T19:20:28	281	280	286	245
2021-07-09T19:20:58	287	283	288	246
2021-07-09T19:21:28	286	284	288	246
2021-07-09T19:21:58	286	283	289	247
2021-07-09T19:22:28	289	283	288	249
2021-07-09T19:22:58	289	286	291	250
2021-07-09T19:23:28	290	286	292	251
2021-07-09T19:23:58	293	287	293	251
2021-07-09T19:24:28	291	288	293	252
2021-07-09T19:24:58	291	290	295	253
2021-07-09T19:25:28	295	290	296	254
2021-07-09T19:25:58	294	292	297	255
2021-07-09T19:26:28	296	292	299	257
2021-07-09T19:26:58	298	292	299	257
2021-07-09T19:27:28	297	293	301	258
2021-07-09T19:27:58	298	294	300	259
2021-07-09T19:28:28	299	297	302	260
2021-07-09T19:28:58	302	297	304	261
2021-07-09T19:29:28	301	299	304	262
2021-07-09T19:29:58	302	298	305	263
2021-07-09T19:30:28	305	298	306	264
2021-07-09T19:30:58	305	301	307	265
2021-07-09T19:31:28	304	300	307	266
2021-07-09T19:31:58	310	303	310	267
2021-07-09T19:32:28	307	302	309	268
2021-07-09T19:32:58	307	303	310	269
2021-07-09T19:33:28	310	304	311	270
2021-07-09T19:33:58	309	305	314	272
2021-07-09T19:34:28	314	305	313	272
2021-07-09T19:34:58	311	307	314	273
2021-07-09T19:35:28	314	308	315	274
2021-07-09T19:35:58	313	309	316	275
2021-07-09T19:36:28	316	311	318	276
2021-07-09T19:36:58	315	312	318	277
2021-07-09T19:37:28	318	313	321	278
2021-07-09T19:37:58	318	313	321	280
2021-07-09T19:38:28	318	314	321	280
2021-07-09T19:38:58	322	314	322	281
2021-07-09T19:39:28	320	315	323	283
2021-07-09T19:39:58	322	316	325	283
2021-07-09T19:40:28	325	316	323	284
2021-07-09T19:40:58	325	318	328	286
2021-07-09T19:41:28	324	318	326	286
2021-07-09T19:41:58	325	320	328	287
2021-07-09T19:42:28	328	320	330	287
2021-07-09T19:42:58	329	321	330	288
2021-07-09T19:43:28	328	323	331	289
2021-07-09T19:43:58	330	324	333	291
2021-07-09T19:44:28	329	325	334	292
2021-07-09T19:44:58	332	325	333	292
2021-07-09T19:45:28	332	327	335	293
2021-07-09T19:45:58	334	327	336	294
2021-07-09T19:46:28	333	328	336	295
2021-07-09T19:46:58	337	330	340	297
2021-07-09T19:47:28	334	329	338	298
2021-07-09T19:47:58	341	331	341	299
2021-07-09T19:48:28	337	331	339	300
2021-07-09T19:48:58	340	333	343	301
2021-07-09T19:49:28	339	335	342	302
2021-07-09T19:49:58	343	337	345	302
2021-07-09T19:50:28	340	335	343	304
2021-07-09T19:50:58	346	338	347	305
2021-07-09T19:51:28	343	338	346	305
2021-07-09T19:51:58	347	339	349	306
2021-07-09T19:52:28	345	338	348	306
2021-07-09T19:52:58	349	340	352	308
2021-07-09T19:53:28	346	341	351	309
2021-07-09T19:53:58	351	340	350	310
2021-07-09T19:54:28	350	344	352	312
2021-07-09T19:54:58	352	345	355	313
2021-07-09T19:55:28	354	345	355	313
2021-07-09T19:55:58	352	347	356	315
2021-07-09T19:56:28	352	347	356	315
2021-07-09T19:56:58	357	349	358	316
2021-07-09T19:57:28	356	350	359	318
2021-07-09T19:57:58	359	350	359	319
2021-07-09T19:58:28	357	351	361	319
2021-07-09T19:58:58	359	353	361	320
2021-07-09T19:59:28	359	353	362	321
2021-07-09T19:59:58	362	351	363	323
2021-07-09T20:00:28	360	353	364	323
2021-07-09T20:00:58	365	355	366	324
2021-07-09T20:01:28	362	355	366	325
2021-07-09T20:01:58	365	356	367	325
2021-07-09T20:02:28	364	357	368	328
2021-07-09T20:02:58	367	358	369	328
2021-07-09T20:03:28	368	360	371	330
2021-07-09T20:03:58	369	360	369	331
2021-07-09T20:04:28	371	362	373	331
2021-07-09T20:04:58	370	362	373	332
2021-07-09T20:05:28	370	364	374	333
2021-07-09T20:05:58	373	363	375	334
2021-07-09T20:06:28	373	365	376	335
2021-07-09T20:06:58	377	366	378	337
2021-07-09T20:07:28	376	364	377	338
2021-07-09T20:07:58	376	367	379	339
2021-07-09T20:08:28	378	369	380	339
2021-07-09T20:08:58	379	369	382	341
2021-07-09T20:09:28	380	370	381	342
2021-07-09T20:09:58	382	372	383	343
2021-07-09T20:10:28	382	373	384	344
2021-07-09T20:10:58	380	373	383	345
2021-07-09T20:11:28	385	374	386	346
2021-07-09T20:11:58	382	376	387	346
2021-07-09T20:12:28	386	375	386	348
2021-07-09T20:12:58	384	377	390	349
2021-07-09T20:13:28	388	377	388	350
2021-07-09T20:13:58	386	379	391	351
2021-07-09T20:14:28	390	379	392	352
2021-07-09T20:14:58	389	380	392	353
2021-07-09T20:15:28	392	383	394	354
2021-07-09T20:15:58	391	383	395	355
2021-07-09T20:16:28	393	383	394	356
2021-07-09T20:16:58	395	385	398	357
2021-07-09T20:17:28	395	384	396	358
2021-07-09T20:17:58	397	387	399	359
2021-07-09T20:18:28	397	387	400	360
2021-07-09T20:18:58	398	389	402	361
2021-07-09T20:19:28	399	388	400	362
2021-07-09T20:19:58	401	390	403	363
2021-07-09T20:20:28	399	390	403	364
2021-07-09T20:20:58	401	392	403	365
2021-07-09T20:21:28	405	393	405	365
2021-07-09T20:21:58	402	394	407	368
2021-07-09T20:22:28	406	393	407	368
2021-07-09T20:22:58	404	396	409	369
2021-07-09T20:23:28	409	395	410	369
2021-07-09T20:23:58	407	396	410	372
2021-07-09T20:24:28	410	397	411	373
2021-07-09T20:24:58	408	400	414	374
2021-07-09T20:25:28	412	400	413	374
2021-07-09T20:25:58	410	401	415	376
2021-07-09T20:26:28	415	402	415	377
2021-07-09T20:26:58	413	403	415	378
2021-07-09T20:27:28	414	403	418	379
2021-07-09T20:27:58	415	405	418	380
2021-07-09T20:28:28	417	406	418	381
2021-07-09T20:28:58	418	406	419	382
2021-07-09T20:29:28	419	408	421	383
2021-07-09T20:29:58	421	409	422	384
2021-07-09T20:30:28	418	410	424	385
2021-07-09T20:30:58	420	410	423	386
2021-07-09T20:31:28	421	412	424	387
2021-07-09T20:31:58	423	413	425	388
2021-07-09T20:32:28	424	413	427	389
2021-07-09T20:32:58	425	414	427	390
2021-07-09T20:33:28	427	415	430	392
2021-07-09T20:33:58	427	415	429	392
2021-07-09T20:34:28	428	416	431	394
2021-07-09T20:34:58	430	416	431	394
2021-07-09T20:35:28	429	419	433	395
2021-07-09T20:35:58	431	419	433	396
2021-07-09T20:36:28	431	421	434	397
2021-07-09T20:36:58	434	423	436	399
2021-07-09T20:37:28	435	422	436	400
2021-07-09T20:37:58	434	423	437	400
2021-07-09T20:38:28	436	424	439	401
2021-07-09T20:38:58	437	426	440	403
2021-07-09T20:39:28	440	426	439	404
2021-07-09T20:39:58	438	428	441	405
2021-07-09T20:40:28	441	429	443	406
2021-07-09T20:40:58	441	431	444	407
2021-07-09T20:41:28	443	430	443	408
2021-07-09T20:41:58	441	432	446	409
2021-07-09T20:42:28	445	432	447	410
2021-07-09T20:42:58	445	433	447	411
2021-07-09T20:43:28	446	435	449	412
2021-07-09T20:43:58	446	435	450	413
2021-07-09T20:44:28	450	436	451	414
2021-07-09T20:44:58	447	436	451	415
2021-07-09T20:45:28	450	436	452	416
2021-07-09T20:45:58	450	438	453	417
2021-07-09T20:46:28	451	438	453	418
2021-07-09T20:46:58	453	441	456	419
2021-07-09T20:47:28	454	441	456	420
2021-07-09T20:47:58	455	443	457	421
2021-07-09T20:48:28	455	443	458	422
2021-07-09T20:48:58	458	443	459	423
2021-07-09T20:49:28	458	444	460	424
2021-07-09T20:49:58	458	445	460	425
2021-07-09T20:50:28	460	446	462	426
2021-07-09T20:50:58	460	448	462	427
2021-07-09T20:51:28	460	449	463	428
2021-07-09T20:51:58	463	450	464	429
2021-07-09T20:52:28	463	451	466	430
2021-07-09T20:52:58	465	451	467	431
2021-07-09T20:53:28	466	454	468	432
2021-07-09T20:53:58	465	454	469	433
2021-07-09T20:54:28	467	455	469	434
2021-07-09T20:54:58	471	456	471	435
2021-07-09T20:55:28	468	457	472	436
2021-07-09T20:55:58	469	457	471	437
2021-07-09T20:56:28	471	459	475	439
2021-07-09T20:56:58	473	459	476	439
2021-07-09T20:57:28	471	459	475	440
2021-07-09T20:57:58	475	462	477	441
2021-07-09T20:58:28	473	462	477	443
2021-07-09T20:58:58	476	463	478	444
2021-07-09T20:59:28	478	463	479	445
2021-07-09T20:59:58	479	466	481	445
2021-07-09T21:00:28	478	466	481	446
2021-07-09T21:00:58	480	467	482	447
2021-07-09T21:01:28	481	469	484	449
2021-07-09T21:01:58	479	468	483	450
2021-07-09T21:02:28	483	468	484	451
2021-07-09T21:02:58	484	470	486	452
2021-07-09T21:03:28	486	473	488	454
2021-07-09T21:03:58	485	473	487	454
2021-07-09T21:04:28	488	474	490	455
2021-07-09T21:04:58	488	474	490	456
2021-07-09T21:05:28	490	477	491	457
2021-07-09T21:05:58	490	475	492	458
2021-07-09T21:06:28	492	478	494	459
2021-07-09T21:06:58	492	479	494	460
2021-07-09T21:07:28	493	479	495	461
2021-07-09T21:07:58	492	480	496	462
2021-07-09T21:08:28	493	481	497	463
2021-07-09T21:08:58	496	480	498	464
2021-07-09T21:09:28	497	483	500	465
2021-07-09T21:09:58	498	482	498	465
2021-07-09T21:10:28	497	484	501	467
2021-07-09T21:10:58	499	486	503	469
2021-07-09T21:11:28	499	485	501	469
2021-07-09T21:11:58	500	490	505	470
2021-07-09T21:12:28	501	488	504	471
2021-07-09T21:12:58	502	490	506	472
2021-07-09T21:13:28	504	491	507	474
2021-07-09T21:13:58	504	492	508	474
2021-07-09T21:14:28	505	493	507	475
2021-07-09T21:14:58	506	494	509	477
2021-07-09T21:15:28	507	494	510	477
2021-07-09T21:15:58	509	497	512	479
2021-07-09T21:16:28	512	497	511	480
2021-07-09T21:16:58	511	499	514	481
2021-07-09T21:17:28	512	499	513	482
2021-07-09T21:17:58	514	500	516	483
2021-07-09T21:18:28	516	501	517	484
2021-07-09T21:18:58	514	502	519	485
2021-07-09T21:19:28	515	502	517	486
2021-07-09T21:19:58	517	504	520	487
2021-07-09T21:20:28	518	505	521	488
2021-07-09T21:20:58	517	506	522	490
2021-07-09T21:21:28	520	506	521	490
2021-07-09T21:21:58	522	506	522	492
2021-07-09T21:22:28	523	508	524	492
2021-07-09T21:22:58	521	509	526	493
2021-07-09T21:23:28	525	509	527	494
2021-07-09T21:23:58	525	512	528	496
2021-07-09T21:24:28	524	512	529	497
2021-07-09T21:24:58	528	513	529	498
2021-07-09T21:25:28	528	514	530	498
2021-07-09T21:25:58	529	515	531	500
2021-07-09T21:26:28	530	516	532	501
2021-07-09T21:26:58	529	517	533	502
2021-07-09T21:27:28	532	518	534	503
2021-07-09T21:27:58	534	518	535	504
2021-07-09T21:28:28	534	520	537	505
2021-07-09T21:28:58	533	521	537	506
2021-07-09T21:29:28	535	521	537	507
2021-07-09T21:29:58	537	523	540	508
2021-07-09T21:30:28	537	523	539	509
2021-07-09T21:30:58	539	526	542	510
2021-07-09T21:31:28	540	525	541	512
2021-07-09T21:31:58	539	527	544	512
2021-07-09T21:32:28	540	527	543	513
2021-07-09T21:32:58	543	529	544	514
2021-07-09T21:33:28	543	530	547	515
2021-07-09T21:33:58	544	528	545	517
2021-07-09T21:34:28	545	531	548	518
2021-07-09T21:34:58	547	531	549	518
2021-07-09T21:35:28	548	533	549	519
2021-07-09T21:35:58	547	533	548	520
2021-07-09T21:36:28	549	535	552	522
2021-07-09T21:36:58	549	535	550	523
2021-07-09T21:37:28	551	537	555	524
2021-07-09T21:37:58	552	536	554	525
2021-07-09T21:38:28	552	537	554	526
2021-07-09T21:38:58	553	539	556	527
2021-07-09T21:39:28	556	540	557	528
2021-07-09T21:39:58	556	541	559	529
2021-07-09T21:40:28	555	542	560	530
2021-07-09T21:40:58	557	542	559	531
2021-07-09T21:41:28	559	544	561	532
2021-07-09T21:41:58	561	544	561	533
2021-07-09T21:42:28	560	546	563	534
2021-07-09T21:42:58	562	546	565	536
2021-07-09T21:43:28	562	547	565	536
2021-07-09T21:43:58	562	548	566	538
2021-07-09T21:44:28	566	549	566	539
2021-07-09T21:44:58	567	552	568	539
2021-07-09T21:45:28	565	550	568	540
2021-07-09T21:45:58	568	552	569	541
2021-07-09T21:46:28	572	554	572	544
2021-07-09T21:46:58	570	555	573	544
2021-07-09T21:47:28	571	556	574	544
2021-07-09T21:47:58	572	556	574	546
2021-07-09T21:48:28	574	557	575	547
2021-07-09T21:48:58	573	557	576	548
2021-07-09T21:49:28	575	559	577	550
2021-07-09T21:49:58	576	559	578	551
2021-07-09T21:50:28	577	561	579	551
2021-07-09T21:50:58	578	561	578	552
2021-07-09T21:51:28	577	564	582	554
2021-07-09T21:51:58	578	563	581	555
2021-07-09T21:52:28	579	564	581	555
2021-07-09T21:52:58	583	565	583	556
2021-07-09T21:53:28	583	567	585	557
2021-07-09T21:53:58	585	568	585	558
2021-07-09T21:54:28	584	567	586	560
2021-07-09T21:54:58	586	569	588	561
2021-07-09T21:55:28	586	570	588	562
2021-07-09T21:55:58	588	570	589	563
2021-07-09T21:56:28	589	572	590	565
2021-07-09T21:56:58	590	573	592	565
2021-07-09T21:57:28	591	573	592	565
2021-07-09T21:57:58	589	574	592	566
2021-07-09T21:58:28	591	575	594	568
2021-07-09T21:58:58	592	576	596	569
2021-07-09T21:59:28	594	577	597	570
2021-07-09T21:59:58	596	579	598	571
2021-07-09T22:00:28	595	579	599	573
2021-07-09T22:00:58	595	580	598	574
2021-07-09T22:01:28	596	580	600	575
2021-07-09T22:01:58	598	581	600	576
2021-07-09T22:02:28	600	583	603	576
2021-07-09T22:02:58	600	584	602	577
2021-07-09T22:03:28	602	585	605	579
2021-07-09T22:03:58	601	585	605	580
2021-07-09T22:04:28	603	586	605	581
2021-07-09T22:04:58	604	588	607	582
2021-07-09T22:05:28	605	588	607	583
2021-07-09T22:05:58	607	589	609	583
2021-07-09T22:06:28	607	590	610	586
2021-07-09T22:06:58	608	590	610	586
2021-07-09T22:07:28	608	592	611	587
2021-07-09T22:07:58	611	593	612	588
2021-07-09T22:08:28	613	594	614	590
2021-07-09T22:08:58	613	595	615	591
2021-07-09T22:09:28	612	596	615	592
2021-07-09T22:09:58	616	597	618	593
2021-07-09T22:10:28	616	597	618	594
2021-07-09T22:10:58	617	598	618	595
2021-07-09T22:11:28	618	599	619	596
2021-07-09T22:11:58	620	600	621	597
2021-07-09T22:12:28	620	602	623	598
2021-07-09T22:12:58	621	602	622	599
2021-07-09T22:13:28	622	604	624	601
2021-07-09T22:13:58	623	604	625	601
2021-07-09T22:14:28	625	606	627	603
2021-07-09T22:14:58	624	605	625	604
2021-07-09T22:15:28	626	607	628	605
2021-07-09T22:15:58	626	608	629	606
2021-07-09T22:16:28	626	609	629	606
2021-07-09T22:16:58	627	610	631	607
2021-07-09T22:17:28	630	610	630	608
2021-07-09T22:17:58	629	613	634	610
2021-07-09T22:18:28	631	612	634	611
2021-07-09T22:18:58	632	613	634	612
2021-07-09T22:19:28	632	614	634	613
2021-07-09T22:19:58	633	616	637	614
2021-07-09T22:20:28	634	616	637	615
2021-07-09T22:20:58	636	617	637	615
2021-07-09T22:21:28	637	619	640	617
2021-07-09T22:21:58	636	619	639	618
2021-07-09T22:22:28	638	622	643	619
2021-07-09T22:22:58	639	620	641	620
2021-07-09T22:23:28	640	621	642	622
2021-07-09T22:23:58	641	624	645	623
2021-07-09T22:24:28	642	623	644	623
2021-07-09T22:24:58	643	625	647	624
2021-07-09T22:25:28	644	626	647	626
2021-07-09T22:25:58	644	627	647	627
2021-07-09T22:26:28	646	628	649	628
2021-07-09T22:26:58	647	628	649	629
2021-07-09T22:27:28	648	630	651	630
2021-07-09T22:27:58	649	630	652	631
2021-07-09T22:28:28	650	631	653	632
2021-07-09T22:28:58	651	632	653	632
2021-07-09T22:29:28	651	633	654	634
2021-07-09T22:29:58	653	635	656	635
2021-07-09T22:30:28	653	635	656	636
2021-07-09T22:30:58	656	636	658	637
2021-07-09T22:31:28	656	637	659	638
2021-07-09T22:31:58	658	638	660	639
2021-07-09T22:32:28	659	639	660	641
2021-07-09T22:32:58	662	640	663	641
2021-07-09T22:33:28	661	641	663	642
2021-07-09T22:33:58	659	642	664	644
2021-07-09T22:34:28	661	642	664	645
2021-07-09T22:34:58	663	644	666	645
2021-07-09T22:35:28	664	645	667	646
2021-07-09T22:35:58	665	646	668	648
2021-07-09T22:36:28	667	647	668	649
2021-07-09T22:36:58	668	647	669	650
2021-07-09T22:37:28	668	649	671	651
2021-07-09T22:37:58	670	648	664	651
2021-07-09T22:38:28	671	648	660	651
2021-07-09T22:38:58	670	649	656	652
2021-07-09T22:39:28	672	649	654	650
2021-07-09T22:39:58	673	650	652	650
2021-07-09T22:40:28	674	649	651	649
2021-07-09T22:40:58	674	649	649	649
2021-07-09T22:41:28	676	648	649	649
2021-07-09T22:41:58	678	650	653	649
2021-07-09T22:42:28	677	653	661	651
2021-07-09T22:42:58	678	657	667	653
2021-07-09T22:43:28	679	658	670	655
2021-07-09T22:43:58	680	660	674	657
2021-07-09T22:44:28	681	661	677	660
2021-07-09T22:44:58	682	663	680	661
2021-07-09T22:45:28	685	664	681	663
2021-07-09T22:45:58	682	665	683	665
2021-07-09T22:46:28	685	667	686	667
2021-07-09T22:46:58	686	669	687	668
2021-07-09T22:47:28	688	670	689	670
2021-07-09T22:47:58	687	670	691	671
2021-07-09T22:48:28	689	671	691	672
2021-07-09T22:48:58	688	673	693	674
2021-07-09T22:49:28	692	672	692	675
2021-07-09T22:49:58	691	673	694	676
2021-07-09T22:50:28	692	675	696	677
2021-07-09T22:50:58	694	676	696	678
2021-07-09T22:51:28	695	677	698	679
2021-07-09T22:51:58	695	677	698	680
2021-07-09T22:52:28	697	677	699	681
2021-07-09T22:52:58	699	680	701	682
2021-07-09T22:53:28	699	680	701	683
2021-07-09T22:53:58	699	681	702	685
2021-07-09T22:54:28	701	682	704	686
2021-07-09T22:54:58	703	683	705	686
2021-07-09T22:55:28	704	684	705	687
2021-07-09T22:55:58	704	684	706	688
2021-07-09T22:56:28	706	686	704	689
2021-07-09T22:56:58	708	685	697	689
2021-07-09T22:57:28	708	685	694	688
2021-07-09T22:57:58	708	685	691	688
2021-07-09T22:58:28	709	685	689	687
2021-07-09T22:58:58	712	686	687	686
2021-07-09T22:59:28	712	686	686	686
2021-07-09T22:59:58	711	684	685	686
2021-07-09T23:00:28	713	684	685	686
2021-07-09T23:00:58	715	687	690	686
2021-07-09T23:01:28	714	689	697	688
2021-07-09T23:01:58	715	691	702	691
2021-07-09T23:02:28	715	694	707	693
2021-07-09T23:02:58	718	695	709	695
2021-07-09T23:03:28	719	696	712	697
2021-07-09T23:03:58	719	698	714	699
2021-07-09T23:04:28	721	699	717	701
2021-07-09T23:04:58	721	699	718	702
2021-07-09T23:05:28	722	701	721	704
2021-07-09T23:05:58	724	703	722	706
2021-07-09T23:06:28	724	704	724	706
2021-07-09T23:06:58	727	704	724	708
2021-07-09T23:07:28	726	705	726	709
2021-07-09T23:07:58	727	707	728	711
2021-07-09T23:08:28	727	708	729	712
2021-07-09T23:08:58	729	709	730	713
2021-07-09T23:09:28	730	710	732	714
2021-07-09T23:09:58	731	711	733	716
2021-07-09T23:10:28	730	712	734	717
2021-07-09T23:10:58	732	713	735	718
2021-07-09T23:11:28	734	714	734	719
2021-07-09T23:11:58	735	713	726	719
2021-07-09T23:12:28	734	712	721	719
2021-07-09T23:12:58	737	712	720	717
2021-07-09T23:13:28	737	712	717	716
2021-07-09T23:13:58	737	712	714	716
2021-07-09T23:14:28	739	712	713	715
2021-07-09T23:14:58	741	711	713	715
2021-07-09T23:15:28	740	711	711	715
2021-07-09T23:15:58	744	712	717	716
2021-07-09T23:16:28	744	716	725	718
2021-07-09T23:16:58	743	718	729	720
2021-07-09T23:17:28	747	720	734	722
2021-07-09T23:17:58	746	722	736	724
2021-07-09T23:18:28	749	723	739	726
2021-07-09T23:18:58	750	725	742	729
2021-07-09T23:19:28	752	727	744	730
2021-07-09T23:19:58	751	728	745	731
2021-07-09T23:20:28	753	729	747	733
2021-07-09T23:20:58	753	730	750	735
2021-07-09T23:21:28	756	732	752	736
2021-07-09T23:21:58	756	733	754	739
2021-07-09T23:22:28	757	734	755	739
2021-07-09T23:22:58	756	735	756	741
2021-07-09T23:23:28	757	736	758	742
2021-07-09T23:23:58	757	738	761	743
2021-07-09T23:24:28	757	739	762	744
2021-07-09T23:24:58	756	740	763	745
2021-07-09T23:25:28	757	741	763	745
2021-07-09T23:25:58	753	740	763	746
2021-07-09T23:26:28	745	740	761	745
2021-07-09T23:26:58	739	740	760	743
2021-07-09T23:27:28	736	740	761	741
2021-07-09T23:27:58	734	741	761	738
2021-07-09T23:28:28	733	740	755	739
2021-07-09T23:28:59	736	739	748	737
2021-07-09T23:29:29	734	738	743	734
2021-07-09T23:29:59	728	738	738	731
2021-07-09T23:30:29	725	737	736	730
2021-07-09T23:30:59	721	735	733	727
2021-07-09T23:31:29	719	733	731	725
2021-07-09T23:31:59	716	732	728	723
2021-07-09T23:32:29	717	734	734	721
2021-07-09T23:32:59	716	737	738	722
2021-07-09T23:33:29	717	737	743	722
2021-07-09T23:33:59	717	739	746	724
2021-07-09T23:34:29	717	740	748	724
2021-07-09T23:34:59	717	741	750	726
2021-07-09T23:35:29	717	741	751	727
2021-07-09T23:35:59	716	742	753	728
2021-07-09T23:36:29	715	743	753	729
2021-07-09T23:36:59	716	743	754	729
2021-07-09T23:37:29	717	744	755	730
2021-07-09T23:37:59	715	744	756	731
2021-07-09T23:38:29	717	745	756	731
2021-07-09T23:38:59	716	745	757	732
2021-07-09T23:39:29	717	746	758	731
2021-07-09T23:39:59	717	746	759	732
2021-07-09T23:40:29	717	747	759	732
2021-07-09T23:40:59	717	747	760	732
2021-07-09T23:41:29	717	748	760	734
2021-07-09T23:41:59	717	748	761	733
2021-07-09T23:42:29	717	749	762	735
2021-07-09T23:42:59	720	750	762	735
2021-07-09T23:43:29	719	749	760	736
2021-07-09T23:43:59	718	748	751	735
2021-07-09T23:44:29	721	748	747	734
2021-07-09T23:44:59	720	747	743	732
2021-07-09T23:45:29	719	747	741	731
2021-07-09T23:45:59	719	747	739	730
2021-07-09T23:46:29	718	745	737	728
2021-07-09T23:46:59	719	744	735	728
2021-07-09T23:47:29	721	745	737	727
2021-07-09T23:47:59	721	747	744	728
2021-07-09T23:48:29	720	749	749	729
2021-07-09T23:48:59	720	750	751	730
2021-07-09T23:49:29	723	751	754	731
2021-07-09T23:49:59	722	752	756	733
2021-07-09T23:50:29	722	753	758	735
2021-07-09T23:50:59	721	754	760	736
2021-07-09T23:51:29	721	754	761	736
2021-07-09T23:51:59	721	755	762	737
2021-07-09T23:52:29	721	755	763	738
2021-07-09T23:52:59	721	756	764	739
2021-07-09T23:53:29	721	757	764	739
2021-07-09T23:53:59	723	757	766	739
2021-07-09T23:54:29	724	758	767	740
2021-07-09T23:54:59	724	758	767	741
2021-07-09T23:55:29	723	759	768	741
2021-07-09T23:55:59	723	759	769	742
2021-07-09T23:56:29	723	760	769	742
2021-07-09T23:56:59	723	760	769	742
2021-07-09T23:57:29	724	761	770	743
2021-07-09T23:57:59	724	761	770	743
2021-07-09T23:58:29	724	762	770	743
2021-07-09T23:58:59	726	761	762	743
2021-07-09T23:59:29	725	759	756	741
2021-07-09T23:59:59	725	759	752	739
2021-07-10T00:00:29	725	758	749	738
2021-07-10T00:00:59	725	758	747	737
2021-07-10T00:01:29	724	757	745	736
2021-07-10T00:01:59	727	757	744	735
2021-07-10T00:02:29	725	755	742	734
2021-07-10T00:02:59	728	757	748	734
2021-07-10T00:03:29	728	759	754	735
2021-07-10T00:03:59	728	761	758	736
2021-07-10T00:04:29	727	762	760	738
2021-07-10T00:04:59	727	762	763	740
2021-07-10T00:05:29	727	763	765	741
2021-07-10T00:05:59	727	764	766	742
2021-07-10T00:06:29	727	764	768	743
2021-07-10T00:06:59	727	765	769	744
2021-07-10T00:07:29	728	765	770	744
2021-07-10T00:07:59	728	766	770	745
2021-07-10T00:08:29	728	766	771	745
2021-07-10T00:08:59	728	766	772	746
2021-07-10T00:09:29	728	767	772	746
2021-07-10T00:09:59	729	767	773	746
2021-07-10T00:10:29	728	767	773	747
2021-07-10T00:10:59	732	768	774	747
2021-07-10T00:11:29	732	768	775	748
2021-07-10T00:11:59	731	769	776	749
2021-07-10T00:12:29	731	770	776	749
2021-07-10T00:12:59	731	770	776	750
2021-07-10T00:13:29	731	770	777	750
2021-07-10T00:13:59	731	770	777	749
2021-07-10T00:14:29	731	770	777	749
2021-07-10T00:14:59	730	770	772	749
2021-07-10T00:15:29	732	769	765	749
2021-07-10T00:15:59	731	768	760	747
2021-07-10T00:16:29	733	768	758	745
2021-07-10T00:16:59	731	767	755	745
2021-07-10T00:17:29	733	767	754	743
2021-07-10T00:17:59	732	764	752	742
2021-07-10T00:18:29	735	765	751	742
2021-07-10T00:18:59	733	767	757	742
2021-07-10T00:19:29	733	770	763	743
2021-07-10T00:19:59	733	770	767	744
2021-07-10T00:20:29	733	771	768	746
2021-07-10T00:20:59	733	772	771	747
2021-07-10T00:21:29	733	773	772	748
2021-07-10T00:21:59	734	773	774	749
2021-07-10T00:22:29	734	774	775	750
2021-07-10T00:22:59	734	774	777	751
2021-07-10T00:23:29	737	775	778	752
2021-07-10T00:23:59	737	775	778	753
2021-07-10T00:24:29	737	776	779	753
2021-07-10T00:24:59	737	777	780	754
2021-07-10T00:25:29	737	777	781	755
2021-07-10T00:25:59	737	777	783	755
2021-07-10T00:26:29	737	778	782	754
2021-07-10T00:26:59	737	778	783	756
2021-07-10T00:27:29	737	778	783	756
2021-07-10T00:27:59	738	779	785	756
2021-07-10T00:28:29	737	779	785	756
2021-07-10T00:28:59	738	780	786	758
2021-07-10T00:29:29	738	780	787	758
2021-07-10T00:29:59	738	781	787	758
2021-07-10T00:30:29	738	781	786	759
2021-07-10T00:30:59	737	780	778	758
2021-07-10T00:31:29	739	779	772	756
2021-07-10T00:31:59	738	778	769	753
2021-07-10T00:32:29	737	778	766	753
2021-07-10T00:32:59	739	776	764	751
2021-07-10T00:33:29	738	775	762	751
2021-07-10T00:33:59	740	775	761	750
2021-07-10T00:34:29	740	776	766	749
2021-07-10T00:34:59	741	778	772	750
2021-07-10T00:35:29	740	780	776	751
2021-07-10T00:35:59	740	780	778	754
2021-07-10T00:36:29	741	781	781	755
2021-07-10T00:36:59	740	782	782	756
2021-07-10T00:37:29	741	783	784	758
2021-07-10T00:37:59	741	784	785	759
2021-07-10T00:38:29	742	784	786	759
2021-07-10T00:38:59	742	784	787	761
2021-07-10T00:39:29	742	785	788	761
2021-07-10T00:39:59	742	785	789	762
2021-07-10T00:40:29	743	786	790	761
2021-07-10T00:40:59	744	786	790	763
2021-07-10T00:41:29	744	787	791	764
2021-07-10T00:41:59	744	788	792	763
2021-07-10T00:42:29	744	788	793	765
2021-07-10T00:42:59	745	788	793	765
2021-07-10T00:43:29	745	789	794	766
2021-07-10T00:43:59	745	789	794	766
2021-07-10T00:44:29	745	790	794	765
2021-07-10T00:44:59	746	790	795	766
2021-07-10T00:45:29	746	790	796	766
2021-07-10T00:45:59	746	791	797	767
2021-07-10T00:46:29	745	790	791	768
2021-07-10T00:46:59	744	790	784	765
2021-07-10T00:47:29	745	789	780	764
2021-07-10T00:47:59	746	788	776	762
2021-07-10T00:48:29	744	788	774	761
2021-07-10T00:48:59	746	787	772	761
2021-07-10T00:49:29	746	785	771	760
2021-07-10T00:49:59	745	784	769	759
2021-07-10T00:50:29	748	787	777	759
2021-07-10T00:50:59	748	789	782	760
2021-07-10T00:51:29	748	790	786	763
2021-07-10T00:51:59	748	791	788	764
2021-07-10T00:52:29	749	792	790	765
2021-07-10T00:52:59	749	793	791	766
2021-07-10T00:53:29	749	793	793	769
2021-07-10T00:53:59	750	794	795	768
2021-07-10T00:54:29	750	794	796	770
2021-07-10T00:54:59	750	796	797	770
2021-07-10T00:55:29	751	795	798	770
2021-07-10T00:55:59	751	796	799	771
2021-07-10T00:56:29	751	797	800	772
2021-07-10T00:56:59	752	797	800	774
2021-07-10T00:57:29	753	798	801	773
2021-07-10T00:57:59	752	798	801	774
2021-07-10T00:58:29	753	799	802	776
2021-07-10T00:58:59	753	800	803	775
2021-07-10T00:59:29	754	800	803	775
2021-07-10T00:59:59	754	800	804	777
2021-07-10T01:00:29	754	800	804	777
2021-07-10T01:00:59	755	801	805	777
2021-07-10T01:01:29	755	801	805	777
2021-07-10T01:01:59	755	802	806	778
2021-07-10T01:02:29	755	802	806	778
2021-07-10T01:02:59	754	800	798	778
2021-07-10T01:03:29	753	800	792	776
2021-07-10T01:03:59	752	800	788	776
2021-07-10T01:04:29	752	800	786	772
2021-07-10T01:04:59	751	799	783	771
2021-07-10T01:05:29	751	798	782	769
2021-07-10T01:05:59	754	797	780	769
2021-07-10T01:06:29	753	798	784	770
2021-07-10T01:06:59	754	800	791	770
2021-07-10T01:07:29	755	802	793	771
2021-07-10T01:07:59	756	803	797	773
2021-07-10T01:08:29	756	804	799	776
2021-07-10T01:08:59	757	805	801	776
2021-07-10T01:09:29	757	805	803	778
2021-07-10T01:09:59	757	806	804	778
2021-07-10T01:10:29	758	806	805	780
2021-07-10T01:10:59	759	807	807	780
2021-07-10T01:11:29	759	807	807	781
2021-07-10T01:11:59	760	808	809	782
2021-07-10T01:12:29	760	809	810	783
2021-07-10T01:12:59	761	809	810	785
2021-07-10T01:13:29	761	810	810	784
2021-07-10T01:13:59	762	810	811	786
2021-07-10T01:14:29	762	811	812	786
2021-07-10T01:14:59	763	811	813	786
2021-07-10T01:15:29	763	811	813	787
2021-07-10T01:15:59	764	812	814	787
2021-07-10T01:16:29	764	813	816	788
2021-07-10T01:16:59	764	813	817	788
2021-07-10T01:17:29	765	814	817	789
2021-07-10T01:17:59	766	814	817	789
2021-07-10T01:18:29	766	815	818	790
2021-07-10T01:18:59	765	814	810	791
2021-07-10T01:19:29	764	812	804	789
2021-07-10T01:19:59	763	812	801	786
2021-07-10T01:20:29	763	811	798	785
2021-07-10T01:20:59	762	810	795	783
2021-07-10T01:21:29	762	809	794	781
2021-07-10T01:21:59	761	808	792	782
2021-07-10T01:22:29	761	808	793	780
2021-07-10T01:22:59	763	811	801	780
2021-07-10T01:23:29	764	812	806	781
2021-07-10T01:23:59	765	813	808	785
2021-07-10T01:24:29	766	814	810	786
2021-07-10T01:24:59	767	815	812	786
2021-07-10T01:25:29	767	816	813	788
2021-07-10T01:25:59	768	817	814	789
2021-07-10T01:26:29	769	817	816	789
2021-07-10T01:26:59	769	818	818	790
2021-07-10T01:27:29	770	818	819	791
2021-07-10T01:27:59	770	819	819	792
2021-07-10T01:28:29	771	820	820	792
2021-07-10T01:28:59	771	820	821	793
2021-07-10T01:29:29	772	820	821	795
2021-07-10T01:29:59	772	821	822	795
2021-07-10T01:30:29	773	821	823	796
2021-07-10T01:30:59	774	822	824	796
2021-07-10T01:31:29	774	822	824	797
2021-07-10T01:31:59	775	823	825	797
2021-07-10T01:32:29	776	823	826	798
2021-07-10T01:32:59	776	824	826	798
2021-07-10T01:33:29	776	824	827	799
2021-07-10T01:33:59	777	825	827	800
2021-07-10T01:34:29	777	825	828	800
2021-07-10T01:34:59	778	825	829	800
2021-07-10T01:35:29	778	827	829	802
2021-07-10T01:35:59	778	826	824	801
2021-07-10T01:36:29	777	825	819	800
2021-07-10T01:36:59	776	824	814	799
2021-07-10T01:37:29	775	824	810	796
2021-07-10T01:37:59	775	823	809	795
2021-07-10T01:38:29	775	822	806	794
2021-07-10T01:38:59	774	820	804	792
2021-07-10T01:39:29	774	820	805	792
2021-07-10T01:39:59	776	822	810	792
2021-07-10T01:40:29	777	825	816	794
2021-07-10T01:40:59	778	827	820	796
2021-07-10T01:41:29	779	828	821	797
2021-07-10T01:41:59	780	829	824	799
2021-07-10T01:42:29	780	830	825	801
2021-07-10T01:42:59	781	830	827	803
2021-07-10T01:43:29	782	830	827	803
2021-07-10T01:43:59	783	831	829	804
2021-07-10T01:44:29	783	831	830	805
2021-07-10T01:44:59	784	832	830	805
2021-07-10T01:45:29	785	833	832	806
2021-07-10T01:45:59	785	833	833	807
2021-07-10T01:46:29	786	834	834	808
2021-07-10T01:46:59	786	834	834	808
2021-07-10T01:47:29	787	835	835	809
2021-07-10T01:47:59	787	835	836	810
2021-07-10T01:48:29	788	836	836	810
2021-07-10T01:48:59	788	836	837	811
2021-07-10T01:49:29	789	837	837	811
2021-07-10T01:49:59	790	837	838	812
2021-07-10T01:50:29	790	837	839	813
2021-07-10T01:50:59	790	838	839	812
2021-07-10T01:51:29	791	839	840	813
2021-07-10T01:51:59	792	839	840	814
2021-07-10T01:52:29	792	839	840	815
2021-07-10T01:52:59	793	840	841	816
2021-07-10T01:53:29	793	840	841	816
2021-07-10T01:53:59	793	840	840	817
2021-07-10T01:54:29	792	839	832	816
2021-07-10T01:54:59	791	839	827	814
2021-07-10T01:55:29	792	838	825	812
2021-07-10T01:55:59	790	838	822	810
2021-07-10T01:56:29	790	836	820	809
2021-07-10T01:56:59	790	835	819	808
2021-07-10T01:57:29	790	834	817	807
2021-07-10T01:57:59	791	836	824	807
2021-07-10T01:58:29	792	839	829	808
2021-07-10T01:58:59	794	840	832	810
2021-07-10T01:59:29	794	840	834	812
2021-07-10T01:59:59	796	841	837	813
2021-07-10T02:00:29	797	842	838	814
2021-07-10T02:00:59	797	843	839	816
2021-07-10T02:01:29	798	843	841	818
2021-07-10T02:01:59	799	844	842	819
2021-07-10T02:02:29	800	845	843	819
2021-07-10T02:02:59	800	845	844	821
2021-07-10T02:03:29	800	846	845	821
2021-07-10T02:03:59	801	847	846	823
2021-07-10T02:04:29	802	847	847	823
2021-07-10T02:04:59	802	847	847	824
2021-07-10T02:05:29	803	848	848	824
2021-07-10T02:05:59	804	848	849	825
2021-07-10T02:06:29	804	849	850	824
2021-07-10T02:06:59	804	849	850	826
2021-07-10T02:07:29	805	850	851	827
2021-07-10T02:07:59	806	851	852	827
2021-07-10T02:08:29	806	851	852	828
2021-07-10T02:08:59	807	852	853	828
2021-07-10T02:09:29	808	852	854	829
2021-07-10T02:09:59	808	852	854	830
2021-07-10T02:10:29	809	853	854	829
2021-07-10T02:10:59	809	854	855	830
2021-07-10T02:11:29	809	854	855	831
2021-07-10T02:11:59	810	854	856	832
2021-07-10T02:12:29	810	853	849	831
2021-07-10T02:12:59	808	853	844	830
2021-07-10T02:13:29	808	852	841	828
2021-07-10T02:13:59	807	852	838	826
2021-07-10T02:14:29	807	851	836	825
2021-07-10T02:14:59	807	849	834	824
2021-07-10T02:15:29	806	848	833	823
2021-07-10T02:15:59	807	851	837	822
2021-07-10T02:16:29	808	853	843	823
2021-07-10T02:16:59	810	855	847	826
2021-07-10T02:17:29	810	856	849	827
2021-07-10T02:17:59	812	856	851	829
2021-07-10T02:18:29	812	857	853	831
2021-07-10T02:18:59	813	858	855	832
2021-07-10T02:19:29	814	859	856	833
2021-07-10T02:19:59	815	860	857	834
2021-07-10T02:20:29	815	860	858	835
2021-07-10T02:20:59	816	861	859	836
2021-07-10T02:21:29	817	861	860	837
2021-07-10T02:21:59	818	862	861	837
2021-07-10T02:22:29	818	862	861	838
2021-07-10T02:22:59	819	863	862	839
2021-07-10T02:23:29	819	863	864	840
2021-07-10T02:23:59	819	864	864	840
2021-07-10T02:24:29	820	864	865	841
2021-07-10T02:24:59	821	865	866	841
2021-07-10T02:25:29	822	866	866	842
2021-07-10T02:25:59	822	866	867	843
2021-07-10T02:26:29	823	866	868	843
2021-07-10T02:26:59	823	867	868	844
2021-07-10T02:27:29	824	868	869	844
2021-07-10T02:27:59	824	868	869	845
2021-07-10T02:28:29	823	868	870	846
2021-07-10T02:28:59	826	869	870	845
2021-07-10T02:29:29	826	869	871	846
2021-07-10T02:29:59	825	868	862	846
2021-07-10T02:30:29	824	868	859	844
2021-07-10T02:30:59	824	868	855	842
2021-07-10T02:31:29	823	867	852	841
2021-07-10T02:31:59	823	866	850	840
2021-07-10T02:32:29	823	865	848	839
2021-07-10T02:32:59	823	864	847	838
2021-07-10T02:33:29	822	865	850	837
2021-07-10T02:33:59	823	867	857	838
2021-07-10T02:34:29	826	869	861	841
2021-07-10T02:34:59	827	870	864	842
2021-07-10T02:35:29	828	871	866	844
2021-07-10T02:35:59	829	872	867	845
2021-07-10T02:36:29	830	873	869	848
2021-07-10T02:36:59	830	873	871	849
2021-07-10T02:37:29	831	874	872	849
2021-07-10T02:37:59	832	875	873	851
2021-07-10T02:38:29	832	875	874	852
2021-07-10T02:38:59	833	876	875	853
2021-07-10T02:39:29	834	877	876	853
2021-07-10T02:39:59	834	877	876	854
2021-07-10T02:40:29	835	877	877	855
2021-07-10T02:40:59	836	878	878	855
2021-07-10T02:41:29	836	879	879	855
2021-07-10T02:41:59	836	879	879	857
2021-07-10T02:42:29	838	880	880	858
2021-07-10T02:42:59	838	880	881	857
2021-07-10T02:43:29	839	881	882	859
2021-07-10T02:43:59	840	882	882	860
2021-07-10T02:44:29	840	882	883	860
2021-07-10T02:44:59	841	882	883	861
2021-07-10T02:45:29	841	883	884	861
2021-07-10T02:45:59	841	883	885	861
2021-07-10T02:46:29	842	884	886	863
2021-07-10T02:46:59	843	884	886	862
2021-07-10T02:47:29	842	883	882	864
2021-07-10T02:47:59	841	883	875	862
2021-07-10T02:48:29	841	882	872	859
2021-07-10T02:48:59	840	882	868	858
2021-07-10T02:49:29	840	882	867	857
2021-07-10T02:49:59	840	880	865	856
2021-07-10T02:50:29	840	879	865	855
2021-07-10T02:50:59	840	879	863	855
2021-07-10T02:51:29	841	882	872	856
2021-07-10T02:51:59	842	884	876	858
2021-07-10T02:52:29	843	885	879	860
2021-07-10T02:52:59	845	886	881	861
2021-07-10T02:53:29	846	887	883	863
2021-07-10T02:53:59	846	888	884	864
2021-07-10T02:54:29	847	888	886	866
2021-07-10T02:54:59	848	889	888	866
2021-07-10T02:55:29	848	890	889	867
2021-07-10T02:55:59	849	890	890	869
2021-07-10T02:56:29	850	891	891	869
2021-07-10T02:56:59	851	891	892	869
2021-07-10T02:57:29	852	892	893	871
2021-07-10T02:57:59	852	893	894	872
2021-07-10T02:58:29	853	893	895	872
2021-07-10T02:58:59	853	894	895	873
2021-07-10T02:59:29	854	894	896	873
2021-07-10T02:59:59	855	895	896	874
2021-07-10T03:00:29	856	895	897	875
2021-07-10T03:00:59	856	896	898	875
2021-07-10T03:01:29	856	897	898	877
2021-07-10T03:01:59	857	897	899	877
2021-07-10T03:02:29	858	898	900	877
2021-07-10T03:02:59	859	898	900	878
2021-07-10T03:03:29	859	899	901	879
2021-07-10T03:03:59	860	899	902	880
2021-07-10T03:04:29	860	899	900	880
2021-07-10T03:04:59	860	899	901	880
2021-07-10T03:05:29	861	899	901	881
2021-07-10T03:05:59	861	900	902	881
2021-07-10T03:06:29	862	900	901	882
2021-07-10T03:06:59	863	902	901	881
2021-07-10T03:07:29	863	900	903	882
2021-07-10T03:07:59	863	901	902	882
2021-07-10T03:08:29	864	901	902	882
2021-07-10T03:08:59	864	900	901	883
2021-07-10T03:09:29	864	900	901	884
2021-07-10T03:09:59	864	901	901	883
2021-07-10T03:10:29	865	901	902	883
2021-07-10T03:10:59	865	900	901	884
2021-07-10T03:11:29	866	901	903	885
2021-07-10T03:11:59	866	901	902	884
2021-07-10T03:12:29	866	901	903	884
2021-07-10T03:12:59	867	901	901	885
2021-07-10T03:13:29	867	900	901	885
2021-07-10T03:13:59	867	900	901	885
2021-07-10T03:14:29	868	900	901	885
2021-07-10T03:14:59	868	900	901	885
2021-07-10T03:15:29	869	900	901	887
2021-07-10T03:15:59	869	900	902	886
2021-07-10T03:16:29	869	900	901	886
2021-07-10T03:16:59	870	900	901	886
2021-07-10T03:17:29	870	900	901	887
2021-07-10T03:17:59	870	900	901	887
2021-07-10T03:18:29	870	900	901	887
2021-07-10T03:18:59	871	900	902	887
2021-07-10T03:19:29	871	900	901	887
2021-07-10T03:19:59	871	900	901	889
2021-07-10T03:20:29	872	900	902	888
2021-07-10T03:20:59	871	901	902	888
2021-07-10T03:21:29	872	901	903	888
2021-07-10T03:21:59	872	901	902	888
2021-07-10T03:22:29	873	901	902	888
2021-07-10T03:22:59	873	901	903	889
2021-07-10T03:23:29	873	901	903	889
2021-07-10T03:23:59	873	901	902	889
2021-07-10T03:24:29	873	901	902	889
2021-07-10T03:24:59	874	901	903	889
2021-07-10T03:25:29	873	901	903	889
2021-07-10T03:25:59	873	901	902	890
2021-07-10T03:26:29	874	900	901	890
2021-07-10T03:26:59	875	900	902	890
2021-07-10T03:27:29	875	901	903	890
2021-07-10T03:27:59	875	901	902	890
2021-07-10T03:28:29	874	901	903	890
2021-07-10T03:28:59	876	901	902	890
2021-07-10T03:29:29	875	900	901	891
2021-07-10T03:29:59	875	900	901	891
2021-07-10T03:30:29	876	901	902	891
2021-07-10T03:30:59	877	900	901	891
2021-07-10T03:31:29	877	900	902	891
2021-07-10T03:31:59	876	900	903	891
2021-07-10T03:32:29	877	901	903	891
2021-07-10T03:32:59	876	900	903	891
2021-07-10T03:33:29	877	900	902	891
2021-07-10T03:33:59	877	900	901	892
2021-07-10T03:34:29	878	900	902	892
2021-07-10T03:34:59	877	900	901	892
2021-07-10T03:35:29	878	900	902	892
2021-07-10T03:35:59	877	900	902	892
2021-07-10T03:36:29	878	900	903	892
2021-07-10T03:36:59	878	901	903	892
2021-07-10T03:37:29	878	900	902	892
2021-07-10T03:37:59	878	901	903	892
2021-07-10T03:38:29	878	901	902	893
2021-07-10T03:38:59	879	900	902	892
2021-07-10T03:39:29	879	900	901	893
2021-07-10T03:39:59	879	900	902	893
2021-07-10T03:40:29	879	900	902	893
2021-07-10T03:40:59	879	900	902	893
2021-07-10T03:41:29	879	901	903	893
2021-07-10T03:41:59	879	901	902	893
2021-07-10T03:42:29	879	901	902	893
2021-07-10T03:42:59	880	900	901	894
2021-07-10T03:43:29	880	900	902	894
2021-07-10T03:43:59	880	900	902	894
2021-07-10T03:44:29	880	900	901	894
2021-07-10T03:44:59	880	900	902	895
2021-07-10T03:45:29	880	901	903	894
2021-07-10T03:45:59	881	901	903	894
2021-07-10T03:46:29	880	901	903	894
2021-07-10T03:46:59	881	901	903	895
2021-07-10T03:47:29	881	900	902	895
2021-07-10T03:47:59	881	900	901	895
2021-07-10T03:48:29	881	901	902	895
2021-07-10T03:48:59	881	900	901	896
2021-07-10T03:49:29	881	900	902	896
2021-07-10T03:49:59	881	900	901	895
2021-07-10T03:50:29	881	900	902	895
2021-07-10T03:50:59	882	901	903	896
2021-07-10T03:51:29	882	901	903	895
2021-07-10T03:51:59	882	901	903	895
2021-07-10T03:52:29	882	901	903	895
2021-07-10T03:52:59	882	901	902	895
2021-07-10T03:53:29	882	900	903	896
2021-07-10T03:53:59	882	901	902	895
2021-07-10T03:54:29	882	901	902	895
2021-07-10T03:54:59	882	900	901	895
2021-07-10T03:55:29	882	901	902	896
2021-07-10T03:55:59	883	901	902	895
2021-07-10T03:56:29	883	900	901	895
2021-07-10T03:56:59	883	900	902	895
2021-07-10T03:57:29	883	901	902	896
2021-07-10T03:57:59	883	900	901	896
2021-07-10T03:58:29	883	900	901	895
2021-07-10T03:58:59	883	900	902	895
2021-07-10T03:59:29	884	900	902	896
2021-07-10T03:59:59	884	900	901	895
2021-07-10T04:00:29	884	900	902	895
2021-07-10T04:00:59	884	900	902	896
2021-07-10T04:01:29	884	900	901	895
2021-07-10T04:01:59	884	900	901	895
2021-07-10T04:02:29	884	900	902	895
2021-07-10T04:02:59	884	901	902	896
2021-07-10T04:03:29	884	900	902	895
2021-07-10T04:03:59	884	901	902	895
2021-07-10T04:04:29	884	900	901	896
2021-07-10T04:04:59	884	900	901	896
2021-07-10T04:05:29	884	900	902	896
2021-07-10T04:05:59	884	900	902	897
2021-07-10T04:06:29	884	900	901	896
2021-07-10T04:06:59	884	900	902	896
2021-07-10T04:07:29	884	900	901	896
2021-07-10T04:07:59	884	900	901	897
2021-07-10T04:08:29	884	900	902	896
2021-07-10T04:08:59	884	900	901	896
2021-07-10T04:09:29	885	900	902	896
2021-07-10T04:09:59	885	901	903	896
2021-07-10T04:10:29	885	901	903	896
2021-07-10T04:10:59	885	901	903	896
2021-07-10T04:11:29	885	900	903	896
2021-07-10T04:11:59	885	901	903	896
2021-07-10T04:12:29	885	901	901	896
2021-07-10T04:12:59	885	900	902	896
2021-07-10T04:13:29	885	900	902	896
2021-07-10T04:13:59	885	900	902	896
2021-07-10T04:14:29	885	900	901	896
2021-07-10T04:14:59	885	900	901	896
2021-07-10T04:15:29	885	900	902	896
2021-07-10T04:15:59	885	901	901	896
2021-07-10T04:16:29	885	900	901	897
2021-07-10T04:16:59	885	900	901	897
2021-07-10T04:17:29	885	900	902	896
2021-07-10T04:17:59	885	900	902	896
2021-07-10T04:18:29	885	900	902	896
2021-07-10T04:18:59	885	900	901	896
2021-07-10T04:19:29	885	900	902	897
2021-07-10T04:19:59	885	901	902	898
2021-07-10T04:20:29	885	901	901	898
2021-07-10T04:20:59	886	900	902	897
2021-07-10T04:21:29	886	900	901	898
2021-07-10T04:21:59	885	900	902	896
2021-07-10T04:22:29	886	901	903	896
2021-07-10T04:22:59	886	901	901	897
2021-07-10T04:23:29	885	900	901	896
2021-07-10T04:23:59	886	900	902	897
2021-07-10T04:24:29	886	900	902	897
2021-07-10T04:24:59	886	900	902	897
2021-07-10T04:25:29	886	900	901	897
2021-07-10T04:25:59	886	900	901	897
2021-07-10T04:26:29	886	900	902	897
2021-07-10T04:26:59	886	901	902	897
2021-07-10T04:27:29	886	900	902	897
2021-07-10T04:27:59	886	900	901	897
2021-07-10T04:28:29	886	901	902	897
2021-07-10T04:28:59	886	900	902	897
2021-07-10T04:29:29	886	900	902	897
2021-07-10T04:29:59	886	900	902	897
2021-07-10T04:30:29	886	901	902	897
2021-07-10T04:30:59	886	900	902	897
2021-07-10T04:31:29	886	900	901	897
2021-07-10T04:31:59	886	901	902	897
2021-07-10T04:32:29	887	901	902	897
2021-07-10T04:32:59	886	901	902	897
2021-07-10T04:33:29	887	901	903	897
2021-07-10T04:33:59	887	901	902	897
2021-07-10T04:34:29	886	900	901	897
2021-07-10T04:34:59	811	850	880	897
2021-07-10T04:35:29	744	771	840	884
2021-07-10T04:35:59	659	711	762	846
2021-07-10T04:36:29	542	572	653	801
2021-07-10T04:36:59	484	492	603	727
2021-07-10T04:37:29	460	463	566	669
2021-07-10T04:37:59	426	435	538	626
2021-07-10T04:38:29	406	409	517	597
