time	T1	T2	T3	T4
2021-09-04T07:21:10	29	31	33	37
2021-09-04T07:21:40	29	31	33	37
2021-09-04T07:22:10	29	31	33	37
2021-09-04T07:22:40	29	31	34	37
2021-09-04T07:23:10	29	31	34	37
2021-09-04T07:23:40	29	31	33	37
2021-09-04T07:24:10	29	31	33	37
2021-09-04T07:24:40	28	31	33	36
2021-09-04T07:25:10	29	31	33	36
2021-09-04T07:25:40	29	31	33	36
2021-09-04T07:26:10	29	31	33	36
2021-09-04T07:26:40	29	31	34	36
2021-09-04T07:27:10	29	31	34	36
2021-09-04T07:27:40	29	31	34	36
2021-09-04T07:28:10	29	31	34	36
2021-09-04T07:28:40	29	31	33	36
2021-09-04T07:29:10	29	31	33	35
2021-09-04T07:29:40	29	31	33	35
2021-09-04T07:30:10	29	31	33	35
2021-09-04T07:30:40	29	31	33	35
2021-09-04T07:31:10	29	31	33	35
2021-09-04T07:31:40	29	31	33	35
2021-09-04T07:32:10	29	31	33	35
2021-09-04T07:32:40	29	31	33	35
2021-09-04T07:33:10	29	31	33	36
2021-09-04T07:33:40	29	31	33	35
2021-09-04T07:34:10	29	31	33	35
2021-09-04T07:34:40	29	31	33	35
2021-09-04T07:35:10	29	30	33	35
2021-09-04T07:35:40	29	30	33	35
2021-09-04T07:36:10	29	31	33	35
2021-09-04T07:36:40	29	30	33	35
2021-09-04T07:37:10	29	30	33	35
2021-09-04T07:37:40	29	30	33	35
2021-09-04T07:38:10	29	30	33	35
2021-09-04T07:38:40	29	30	33	35
2021-09-04T07:39:10	29	30	33	35
2021-09-04T07:39:40	29	30	33	35
2021-09-04T07:40:10	29	30	33	34
2021-09-04T07:40:40	29	30	33	34
2021-09-04T07:41:10	29	30	34	34
2021-09-04T07:41:40	30	31	35	34
2021-09-04T07:42:10	32	33	37	35
2021-09-04T07:42:40	34	35	38	35
2021-09-04T07:43:10	36	37	40	36
2021-09-04T07:43:40	39	40	42	36
2021-09-04T07:44:10	40	42	43	37
2021-09-04T07:44:40	41	43	44	39
2021-09-04T07:45:10	42	44	44	39
2021-09-04T07:45:40	43	45	45	40
2021-09-04T07:46:10	43	46	46	41
2021-09-04T07:46:40	44	46	46	42
2021-09-04T07:47:10	45	47	46	43
2021-09-04T07:47:40	46	48	50	44
2021-09-04T07:48:10	47	50	51	45
2021-09-04T07:48:40	48	51	52	45
2021-09-04T07:49:10	49	52	52	46
2021-09-04T07:49:40	49	52	52	47
2021-09-04T07:50:10	49	53	52	48
2021-09-04T07:50:40	51	53	55	48
2021-09-04T07:51:10	52	55	57	49
2021-09-04T07:51:40	52	57	57	50
2021-09-04T07:52:10	53	57	57	51
2021-09-04T07:52:40	53	57	57	52
2021-09-04T07:53:10	54	58	60	52
2021-09-04T07:53:40	56	60	63	53
2021-09-04T07:54:10	56	61	63	54
2021-09-04T07:54:40	56	61	62	55
2021-09-04T07:55:10	57	62	62	56
2021-09-04T07:55:40	61	63	63	56
2021-09-04T07:56:10	65	65	68	57
2021-09-04T07:56:40	67	67	69	58
2021-09-04T07:57:10	67	68	68	59
2021-09-04T07:57:40	67	68	68	60
2021-09-04T07:58:10	67	68	68	61
2021-09-04T07:58:40	67	68	69	62
2021-09-04T07:59:10	69	70	72	63
2021-09-04T07:59:40	69	71	73	64
2021-09-04T08:00:10	69	72	73	64
2021-09-04T08:00:40	69	72	74	65
2021-09-04T08:01:10	70	73	76	66
2021-09-04T08:01:40	70	74	76	67
2021-09-04T08:02:10	71	74	75	67
2021-09-04T08:02:40	77	76	78	68
2021-09-04T08:03:10	79	78	80	69
2021-09-04T08:03:40	79	78	79	70
2021-09-04T08:04:10	78	78	79	71
2021-09-04T08:04:40	80	79	83	72
2021-09-04T08:05:10	80	81	84	73
2021-09-04T08:05:40	80	81	84	74
2021-09-04T08:06:10	79	81	83	74
2021-09-04T08:06:40	80	82	86	75
2021-09-04T08:07:10	81	84	87	76
2021-09-04T08:07:40	81	85	86	75
2021-09-04T08:08:10	86	86	90	76
2021-09-04T08:08:40	89	88	91	78
2021-09-04T08:09:10	90	89	91	78
2021-09-04T08:09:40	89	88	90	79
2021-09-04T08:10:10	89	89	93	80
2021-09-04T08:10:40	91	92	95	81
2021-09-04T08:11:10	89	92	94	82
2021-09-04T08:11:40	89	92	94	83
2021-09-04T08:12:10	94	94	99	84
2021-09-04T08:12:40	97	96	99	85
2021-09-04T08:13:10	97	96	98	86
2021-09-04T08:13:40	97	96	99	87
2021-09-04T08:14:10	97	98	101	88
2021-09-04T08:14:40	97	98	100	88
2021-09-04T08:15:10	97	98	101	89
2021-09-04T08:15:40	98	100	105	90
2021-09-04T08:16:10	98	101	104	91
2021-09-04T08:16:40	103	101	104	92
2021-09-04T08:17:10	106	103	108	93
2021-09-04T08:17:40	106	105	107	94
2021-09-04T08:18:10	106	104	107	94
2021-09-04T08:18:40	105	105	109	94
2021-09-04T08:19:10	106	106	109	95
2021-09-04T08:19:40	107	106	111	96
2021-09-04T08:20:10	111	108	114	97
2021-09-04T08:20:40	111	109	113	98
2021-09-04T08:21:10	110	109	113	99
2021-09-04T08:21:40	111	111	115	100
2021-09-04T08:22:10	110	111	114	101
2021-09-04T08:22:40	111	113	118	102
2021-09-04T08:23:10	113	114	117	102
2021-09-04T08:23:40	116	114	117	103
2021-09-04T08:24:10	118	116	121	104
2021-09-04T08:24:40	118	117	121	106
2021-09-04T08:25:10	117	117	120	106
2021-09-04T08:25:40	117	118	123	107
2021-09-04T08:26:10	118	119	124	108
2021-09-04T08:26:40	122	120	124	109
2021-09-04T08:27:10	124	120	125	109
2021-09-04T08:27:40	124	123	127	110
2021-09-04T08:28:10	124	123	126	112
2021-09-04T08:28:40	124	124	129	112
2021-09-04T08:29:10	125	125	130	113
2021-09-04T08:29:40	124	125	129	114
2021-09-04T08:30:10	131	128	132	115
2021-09-04T08:30:40	132	129	134	117
2021-09-04T08:31:10	132	130	133	118
2021-09-04T08:31:40	132	131	135	118
2021-09-04T08:32:10	132	131	135	119
2021-09-04T08:32:40	131	131	135	120
2021-09-04T08:33:10	132	132	138	121
2021-09-04T08:33:40	132	133	138	122
2021-09-04T08:34:10	136	134	138	123
2021-09-04T08:34:40	139	135	141	124
2021-09-04T08:35:10	141	138	142	125
2021-09-04T08:35:40	140	138	141	126
2021-09-04T08:36:10	140	139	143	127
2021-09-04T08:36:40	140	141	145	128
2021-09-04T08:37:10	139	141	144	129
2021-09-04T08:37:40	142	141	145	130
2021-09-04T08:38:10	146	143	149	131
2021-09-04T08:38:40	146	144	148	132
2021-09-04T08:39:10	146	144	148	133
2021-09-04T08:39:40	146	146	150	134
2021-09-04T08:40:10	145	146	150	134
2021-09-04T08:40:40	150	147	152	135
2021-09-04T08:41:10	151	148	153	136
2021-09-04T08:41:40	151	148	153	137
2021-09-04T08:42:10	152	150	156	138
2021-09-04T08:42:40	152	151	155	139
2021-09-04T08:43:10	151	151	155	140
2021-09-04T08:43:40	153	154	160	141
2021-09-04T08:44:10	153	155	160	142
2021-09-04T08:44:40	153	155	158	143
2021-09-04T08:45:10	161	157	162	144
2021-09-04T08:45:40	162	158	162	145
2021-09-04T08:46:10	161	157	160	146
2021-09-04T08:46:40	162	159	165	147
2021-09-04T08:47:10	161	160	165	148
2021-09-04T08:47:40	160	160	164	149
2021-09-04T08:48:10	161	161	168	149
2021-09-04T08:48:40	162	163	169	150
2021-09-04T08:49:10	165	164	168	151
2021-09-04T08:49:40	165	164	168	152
2021-09-04T08:50:10	166	166	172	153
2021-09-04T08:50:40	166	167	171	154
2021-09-04T08:51:10	167	167	172	155
2021-09-04T08:51:40	172	169	175	156
2021-09-04T08:52:10	173	170	174	157
2021-09-04T08:52:40	172	170	173	158
2021-09-04T08:53:10	173	171	177	159
2021-09-04T08:53:40	172	172	176	160
2021-09-04T08:54:10	175	174	179	160
2021-09-04T08:54:40	175	175	180	161
2021-09-04T08:55:10	174	175	179	162
2021-09-04T08:55:40	180	177	182	164
2021-09-04T08:56:10	181	178	182	164
2021-09-04T08:56:40	180	178	182	165
2021-09-04T08:57:10	180	179	185	166
2021-09-04T08:57:40	179	179	183	167
2021-09-04T08:58:10	186	181	187	168
2021-09-04T08:58:40	187	183	187	169
2021-09-04T08:59:10	186	183	187	170
2021-09-04T08:59:40	187	184	190	171
2021-09-04T09:00:10	185	184	189	172
2021-09-04T09:00:40	187	185	191	173
2021-09-04T09:01:10	188	187	191	174
2021-09-04T09:01:40	188	188	191	174
2021-09-04T09:02:10	189	190	194	175
2021-09-04T09:02:40	189	190	194	176
2021-09-04T09:03:10	193	191	194	177
2021-09-04T09:03:40	195	193	198	178
2021-09-04T09:04:10	194	194	197	179
2021-09-04T09:04:40	193	193	198	180
2021-09-04T09:05:10	195	196	202	181
2021-09-04T09:05:40	197	196	201	182
2021-09-04T09:06:10	199	196	200	183
2021-09-04T09:06:40	200	197	204	184
2021-09-04T09:07:10	200	199	204	185
2021-09-04T09:07:40	199	199	203	185
2021-09-04T09:08:10	201	201	207	186
2021-09-04T09:08:40	205	203	208	188
2021-09-04T09:09:10	204	203	206	189
2021-09-04T09:09:40	204	204	209	189
2021-09-04T09:10:10	204	204	209	190
2021-09-04T09:10:40	207	206	211	191
2021-09-04T09:11:10	210	208	212	193
2021-09-04T09:11:40	209	207	211	193
2021-09-04T09:12:10	209	209	215	194
2021-09-04T09:12:40	209	210	214	195
2021-09-04T09:13:10	212	210	216	196
2021-09-04T09:13:40	218	212	217	197
2021-09-04T09:14:10	216	212	216	198
2021-09-04T09:14:40	216	212	218	199
2021-09-04T09:15:10	216	214	220	200
2021-09-04T09:15:40	216	215	219	201
2021-09-04T09:16:10	216	216	220	202
2021-09-04T09:16:40	216	218	223	203
2021-09-04T09:17:10	220	218	222	204
2021-09-04T09:17:40	220	218	224	205
2021-09-04T09:18:10	221	221	226	206
2021-09-04T09:18:40	221	221	225	207
2021-09-04T09:19:10	224	221	227	208
2021-09-04T09:19:40	228	223	228	209
2021-09-04T09:20:10	227	224	228	210
2021-09-04T09:20:40	227	224	230	211
2021-09-04T09:21:10	227	227	232	213
2021-09-04T09:21:40	226	227	231	213
2021-09-04T09:22:10	230	228	235	214
2021-09-04T09:22:40	232	229	234	215
2021-09-04T09:23:10	231	229	232	216
2021-09-04T09:23:40	231	231	238	217
2021-09-04T09:24:10	231	232	236	218
2021-09-04T09:24:40	235	232	236	219
2021-09-04T09:25:10	238	234	240	220
2021-09-04T09:25:40	238	235	239	221
2021-09-04T09:26:10	237	235	241	222
2021-09-04T09:26:40	237	236	241	223
2021-09-04T09:27:10	240	237	241	224
2021-09-04T09:27:40	243	240	246	225
2021-09-04T09:28:10	242	240	244	225
2021-09-04T09:28:40	241	240	245	226
2021-09-04T09:29:10	242	241	246	227
2021-09-04T09:29:40	244	242	245	228
2021-09-04T09:30:10	245	244	250	229
2021-09-04T09:30:40	244	245	248	229
2021-09-04T09:31:10	246	245	251	230
2021-09-04T09:31:40	250	246	252	231
2021-09-04T09:32:10	250	247	250	232
2021-09-04T09:32:40	250	249	255	233
2021-09-04T09:33:10	250	249	254	234
2021-09-04T09:33:40	250	250	256	235
2021-09-04T09:34:10	255	252	256	237
2021-09-04T09:34:40	254	252	256	238
2021-09-04T09:35:10	254	253	258	239
2021-09-04T09:35:40	253	254	260	240
2021-09-04T09:36:10	258	257	260	240
2021-09-04T09:36:40	258	255	260	242
2021-09-04T09:37:10	258	257	263	243
2021-09-04T09:37:40	258	259	263	244
2021-09-04T09:38:10	261	259	263	245
2021-09-04T09:38:40	262	261	265	246
2021-09-04T09:39:10	262	260	266	247
2021-09-04T09:39:40	262	262	267	247
2021-09-04T09:40:10	265	262	268	248
2021-09-04T09:40:40	266	264	269	250
2021-09-04T09:41:10	265	264	270	251
2021-09-04T09:41:40	265	267	271	252
2021-09-04T09:42:10	269	267	270	254
2021-09-04T09:42:40	270	268	273	254
2021-09-04T09:43:10	269	268	274	255
2021-09-04T09:43:40	269	269	275	256
2021-09-04T09:44:10	272	270	275	257
2021-09-04T09:44:40	275	272	276	259
2021-09-04T09:45:10	274	272	275	259
2021-09-04T09:45:40	274	274	279	260
2021-09-04T09:46:10	274	275	279	261
2021-09-04T09:46:40	278	276	281	262
2021-09-04T09:47:10	277	276	280	263
2021-09-04T09:47:40	278	278	284	264
2021-09-04T09:48:10	280	279	283	265
2021-09-04T09:48:40	282	280	285	266
2021-09-04T09:49:10	281	280	285	267
2021-09-04T09:49:40	282	282	287	268
2021-09-04T09:50:10	283	283	286	269
2021-09-04T09:50:40	284	283	289	270
2021-09-04T09:51:10	285	285	289	271
2021-09-04T09:51:40	289	286	291	271
2021-09-04T09:52:10	288	287	291	273
2021-09-04T09:52:40	287	287	292	274
2021-09-04T09:53:10	289	288	293	275
2021-09-04T09:53:40	293	290	294	275
2021-09-04T09:54:10	292	290	294	277
2021-09-04T09:54:40	292	291	297	278
2021-09-04T09:55:10	293	293	298	279
2021-09-04T09:55:40	295	293	298	280
2021-09-04T09:56:10	295	294	299	281
2021-09-04T09:56:40	296	295	300	282
2021-09-04T09:57:10	299	296	301	283
2021-09-04T09:57:40	298	297	301	284
2021-09-04T09:58:10	297	298	302	285
2021-09-04T09:58:40	301	300	305	286
2021-09-04T09:59:10	300	300	304	287
2021-09-04T09:59:40	300	301	305	288
2021-09-04T10:00:10	305	302	307	289
2021-09-04T10:00:40	305	303	307	290
2021-09-04T10:01:10	304	304	308	290
2021-09-04T10:01:40	305	305	310	291
2021-09-04T10:02:10	308	306	310	292
2021-09-04T10:02:40	307	306	311	294
2021-09-04T10:03:10	307	308	313	295
2021-09-04T10:03:40	312	309	314	296
2021-09-04T10:04:10	312	310	315	297
2021-09-04T10:04:40	311	311	314	297
2021-09-04T10:05:10	311	312	317	299
2021-09-04T10:05:40	315	313	317	300
2021-09-04T10:06:10	315	313	317	300
2021-09-04T10:06:40	315	315	321	301
2021-09-04T10:07:10	316	316	319	302
2021-09-04T10:07:40	318	317	322	303
2021-09-04T10:08:10	318	317	321	305
2021-09-04T10:08:40	320	318	324	305
2021-09-04T10:09:10	321	319	323	306
2021-09-04T10:09:40	320	320	326	307
2021-09-04T10:10:10	323	321	326	308
2021-09-04T10:10:40	324	322	327	309
2021-09-04T10:11:10	323	323	328	310
2021-09-04T10:11:40	326	324	331	311
2021-09-04T10:12:10	327	326	329	312
2021-09-04T10:12:40	327	326	331	314
2021-09-04T10:13:10	328	327	332	314
2021-09-04T10:13:40	331	328	333	315
2021-09-04T10:14:10	330	329	334	316
2021-09-04T10:14:40	332	330	335	317
2021-09-04T10:15:10	333	331	336	318
2021-09-04T10:15:40	333	332	337	319
2021-09-04T10:16:10	334	332	337	320
2021-09-04T10:16:40	337	333	339	322
2021-09-04T10:17:10	337	335	339	322
2021-09-04T10:17:40	336	336	342	323
2021-09-04T10:18:10	339	336	342	324
2021-09-04T10:18:40	342	337	344	326
2021-09-04T10:19:10	340	339	343	327
2021-09-04T10:19:40	339	340	344	327
2021-09-04T10:20:10	343	340	346	328
2021-09-04T10:20:40	345	342	347	330
2021-09-04T10:21:10	343	343	348	330
2021-09-04T10:21:40	344	344	350	331
2021-09-04T10:22:10	348	345	349	332
2021-09-04T10:22:40	347	345	351	333
2021-09-04T10:23:10	346	346	352	334
2021-09-04T10:23:40	350	346	352	335
2021-09-04T10:24:10	350	348	354	336
2021-09-04T10:24:40	349	348	354	337
2021-09-04T10:25:10	354	350	357	338
2021-09-04T10:25:40	353	351	356	339
2021-09-04T10:26:10	352	351	357	340
2021-09-04T10:26:40	356	352	356	341
2021-09-04T10:27:10	357	354	361	342
2021-09-04T10:27:40	355	354	359	343
2021-09-04T10:28:10	359	356	363	344
2021-09-04T10:28:40	358	356	362	345
2021-09-04T10:29:10	358	357	364	346
2021-09-04T10:29:40	361	358	364	347
2021-09-04T10:30:10	363	359	366	348
2021-09-04T10:30:40	361	360	365	349
2021-09-04T10:31:10	365	362	369	350
2021-09-04T10:31:40	365	363	368	351
2021-09-04T10:32:10	365	363	370	352
2021-09-04T10:32:40	367	364	369	353
2021-09-04T10:33:10	368	365	372	354
2021-09-04T10:33:40	366	366	370	355
2021-09-04T10:34:10	372	368	374	355
2021-09-04T10:34:40	370	369	373	357
2021-09-04T10:35:10	371	369	376	358
2021-09-04T10:35:40	371	370	375	359
2021-09-04T10:36:10	373	372	378	360
2021-09-04T10:36:40	373	372	376	360
2021-09-04T10:37:10	378	374	380	362
2021-09-04T10:37:40	376	374	379	363
2021-09-04T10:38:10	377	374	381	364
2021-09-04T10:38:40	379	376	382	365
2021-09-04T10:39:10	378	377	383	366
2021-09-04T10:39:40	380	378	383	366
2021-09-04T10:40:10	382	379	385	368
2021-09-04T10:40:40	382	379	386	369
2021-09-04T10:41:10	382	381	387	370
2021-09-04T10:41:40	384	381	388	371
2021-09-04T10:42:10	384	383	388	372
2021-09-04T10:42:40	387	384	389	373
2021-09-04T10:43:10	386	384	389	374
2021-09-04T10:43:40	388	385	392	375
2021-09-04T10:44:10	390	386	392	376
2021-09-04T10:44:40	389	387	393	377
2021-09-04T10:45:10	390	388	395	378
2021-09-04T10:45:40	391	389	396	378
2021-09-04T10:46:10	393	389	395	380
2021-09-04T10:46:40	392	391	397	381
2021-09-04T10:47:10	395	391	397	382
2021-09-04T10:47:40	395	393	400	383
2021-09-04T10:48:10	397	393	400	383
2021-09-04T10:48:40	397	395	401	384
2021-09-04T10:49:10	400	395	402	385
2021-09-04T10:49:40	401	397	404	387
2021-09-04T10:50:10	400	397	404	387
2021-09-04T10:50:40	401	399	405	388
2021-09-04T10:51:10	402	400	405	389
2021-09-04T10:51:40	405	401	408	390
2021-09-04T10:52:10	405	401	407	391
2021-09-04T10:52:40	404	402	410	392
2021-09-04T10:53:10	407	403	409	393
2021-09-04T10:53:40	408	405	411	394
2021-09-04T10:54:10	408	406	413	395
2021-09-04T10:54:40	409	406	412	396
2021-09-04T10:55:10	412	408	415	397
2021-09-04T10:55:40	411	408	414	398
2021-09-04T10:56:10	411	410	417	399
2021-09-04T10:56:40	414	411	417	400
2021-09-04T10:57:10	415	411	419	401
2021-09-04T10:57:40	415	412	419	402
2021-09-04T10:58:10	416	413	420	403
2021-09-04T10:58:40	418	414	421	404
2021-09-04T10:59:10	417	415	421	405
2021-09-04T10:59:40	420	417	424	407
2021-09-04T11:00:10	419	417	422	408
2021-09-04T11:00:40	422	418	426	408
2021-09-04T11:01:10	422	419	425	409
2021-09-04T11:01:40	424	419	427	410
2021-09-04T11:02:10	425	421	427	411
2021-09-04T11:02:40	425	422	430	412
2021-09-04T11:03:10	425	423	429	413
2021-09-04T11:03:40	428	425	432	414
2021-09-04T11:04:10	428	425	431	415
2021-09-04T11:04:40	429	426	432	416
2021-09-04T11:05:10	432	427	434	417
2021-09-04T11:05:40	430	427	435	418
2021-09-04T11:06:10	432	429	435	419
2021-09-04T11:06:40	432	430	437	420
2021-09-04T11:07:10	434	431	437	421
2021-09-04T11:07:40	433	432	439	422
2021-09-04T11:08:10	436	432	439	423
2021-09-04T11:08:40	436	433	438	424
2021-09-04T11:09:10	438	435	442	425
2021-09-04T11:09:40	437	435	440	426
2021-09-04T11:10:10	440	436	443	427
2021-09-04T11:10:40	439	437	443	428
2021-09-04T11:11:10	443	439	446	429
2021-09-04T11:11:40	441	439	445	430
2021-09-04T11:12:10	444	441	447	431
2021-09-04T11:12:40	443	441	449	432
2021-09-04T11:13:10	446	442	448	433
2021-09-04T11:13:40	445	444	450	434
2021-09-04T11:14:10	449	444	450	435
2021-09-04T11:14:40	447	445	450	436
2021-09-04T11:15:10	451	446	454	437
2021-09-04T11:15:40	450	447	452	438
2021-09-04T11:16:10	451	448	456	439
2021-09-04T11:16:40	451	449	456	439
2021-09-04T11:17:10	453	450	456	441
2021-09-04T11:17:40	455	451	459	442
2021-09-04T11:18:10	455	451	458	443
2021-09-04T11:18:40	457	453	461	444
2021-09-04T11:19:10	456	454	460	446
2021-09-04T11:19:40	459	455	462	446
2021-09-04T11:20:10	459	456	463	447
2021-09-04T11:20:40	461	456	463	448
2021-09-04T11:21:10	461	458	464	448
2021-09-04T11:21:40	462	459	466	449
2021-09-04T11:22:10	463	459	465	451
2021-09-04T11:22:40	465	461	469	451
2021-09-04T11:23:10	465	461	468	452
2021-09-04T11:23:40	467	463	471	453
2021-09-04T11:24:10	467	463	470	454
2021-09-04T11:24:40	468	464	471	456
2021-09-04T11:25:10	468	465	471	457
2021-09-04T11:25:40	469	466	473	458
2021-09-04T11:26:10	471	467	473	459
2021-09-04T11:26:40	472	468	475	460
2021-09-04T11:27:10	473	468	476	461
2021-09-04T11:27:40	472	470	477	462
2021-09-04T11:28:10	475	471	478	463
2021-09-04T11:28:40	475	472	480	464
2021-09-04T11:29:10	476	473	479	465
2021-09-04T11:29:40	478	475	482	465
2021-09-04T11:30:10	478	475	481	466
2021-09-04T11:30:40	477	476	483	468
2021-09-04T11:31:10	482	477	484	469
2021-09-04T11:31:40	480	478	486	469
2021-09-04T11:32:10	483	478	485	470
2021-09-04T11:32:40	483	480	487	471
2021-09-04T11:33:10	485	481	486	473
2021-09-04T11:33:40	484	482	490	473
2021-09-04T11:34:10	486	482	489	474
2021-09-04T11:34:40	488	484	492	475
2021-09-04T11:35:10	487	484	492	476
2021-09-04T11:35:40	490	487	494	478
2021-09-04T11:36:10	488	487	494	479
2021-09-04T11:36:40	492	487	493	480
2021-09-04T11:37:10	491	489	497	480
2021-09-04T11:37:40	494	490	497	482
2021-09-04T11:38:10	493	490	497	483
2021-09-04T11:38:40	496	492	500	484
2021-09-04T11:39:10	495	492	499	485
2021-09-04T11:39:40	497	493	500	486
2021-09-04T11:40:10	498	494	502	487
2021-09-04T11:40:40	500	495	503	488
2021-09-04T11:41:10	499	496	504	488
2021-09-04T11:41:40	502	497	503	490
2021-09-04T11:42:10	501	498	507	490
2021-09-04T11:42:40	503	499	506	490
2021-09-04T11:43:10	504	500	506	493
2021-09-04T11:43:40	506	502	510	494
2021-09-04T11:44:10	504	502	509	494
2021-09-04T11:44:40	508	503	510	495
2021-09-04T11:45:10	506	504	511	497
2021-09-04T11:45:40	508	505	512	498
2021-09-04T11:46:10	509	506	514	497
2021-09-04T11:46:40	510	506	513	498
2021-09-04T11:47:10	512	508	516	500
2021-09-04T11:47:40	511	508	516	500
2021-09-04T11:48:10	513	510	517	501
2021-09-04T11:48:40	515	510	518	502
2021-09-04T11:49:10	516	513	519	503
2021-09-04T11:49:40	517	513	521	505
2021-09-04T11:50:10	516	513	520	506
2021-09-04T11:50:40	518	515	521	506
2021-09-04T11:51:10	520	516	524	507
2021-09-04T11:51:40	521	516	522	508
2021-09-04T11:52:10	522	518	525	509
2021-09-04T11:52:40	521	518	526	511
2021-09-04T11:53:10	523	519	526	512
2021-09-04T11:53:40	525	521	528	513
2021-09-04T11:54:10	525	521	529	514
2021-09-04T11:54:40	528	522	530	515
2021-09-04T11:55:10	526	522	529	516
2021-09-04T11:55:40	530	524	532	517
2021-09-04T11:56:10	529	525	533	518
2021-09-04T11:56:40	531	526	534	519
2021-09-04T11:57:10	531	527	536	519
2021-09-04T11:57:40	532	527	535	520
2021-09-04T11:58:10	534	528	538	521
2021-09-04T11:58:40	533	529	538	522
2021-09-04T11:59:10	535	530	537	524
2021-09-04T11:59:40	537	532	540	525
2021-09-04T12:00:10	537	533	541	526
2021-09-04T12:00:40	538	534	542	527
2021-09-04T12:01:10	538	534	541	528
2021-09-04T12:01:40	541	535	542	529
2021-09-04T12:02:10	539	537	545	530
2021-09-04T12:02:40	544	537	546	531
2021-09-04T12:03:10	543	539	547	532
2021-09-04T12:03:40	542	540	547	533
2021-09-04T12:04:10	547	540	547	534
2021-09-04T12:04:40	545	541	549	535
2021-09-04T12:05:10	547	542	549	536
2021-09-04T12:05:40	548	543	552	536
2021-09-04T12:06:10	548	544	552	537
2021-09-04T12:06:40	549	546	552	538
2021-09-04T12:07:10	551	547	554	539
2021-09-04T12:07:40	551	547	556	540
2021-09-04T12:08:10	555	548	557	541
2021-09-04T12:08:40	552	549	557	542
2021-09-04T12:09:10	553	550	558	543
2021-09-04T12:09:40	557	552	560	544
2021-09-04T12:10:10	556	552	560	546
2021-09-04T12:10:40	557	553	560	546
2021-09-04T12:11:10	560	554	562	547
2021-09-04T12:11:40	559	556	564	548
2021-09-04T12:12:10	560	556	563	550
2021-09-04T12:12:40	561	558	566	551
2021-09-04T12:13:10	562	558	566	552
2021-09-04T12:13:40	563	559	567	552
2021-09-04T12:14:10	564	560	567	552
2021-09-04T12:14:40	566	561	570	555
2021-09-04T12:15:10	565	562	570	556
2021-09-04T12:15:40	568	563	571	557
2021-09-04T12:16:10	570	564	572	557
2021-09-04T12:16:40	568	564	572	559
2021-09-04T12:17:10	571	566	574	560
2021-09-04T12:17:40	571	567	575	561
2021-09-04T12:18:10	573	568	577	561
2021-09-04T12:18:40	571	568	577	563
2021-09-04T12:19:10	575	570	578	564
2021-09-04T12:19:40	575	571	579	564
2021-09-04T12:20:10	575	571	581	565
2021-09-04T12:20:40	579	573	581	566
2021-09-04T12:21:10	578	573	583	567
2021-09-04T12:21:40	579	574	581	568
2021-09-04T12:22:10	581	575	582	569
2021-09-04T12:22:40	582	577	586	570
2021-09-04T12:23:10	583	578	587	571
2021-09-04T12:23:40	583	578	586	572
2021-09-04T12:24:10	583	579	586	573
2021-09-04T12:24:40	586	580	587	574
2021-09-04T12:25:10	587	582	590	575
2021-09-04T12:25:40	585	582	590	576
2021-09-04T12:26:10	587	583	591	577
2021-09-04T12:26:40	590	584	592	578
2021-09-04T12:27:10	591	585	593	579
2021-09-04T12:27:40	590	585	594	580
2021-09-04T12:28:10	590	587	595	581
2021-09-04T12:28:40	592	589	595	582
2021-09-04T12:29:10	594	589	596	583
2021-09-04T12:29:40	595	591	597	584
2021-09-04T12:30:10	594	591	599	585
2021-09-04T12:30:40	596	593	599	586
2021-09-04T12:31:10	599	594	600	587
2021-09-04T12:31:40	598	595	601	588
2021-09-04T12:32:10	598	595	603	589
2021-09-04T12:32:40	601	597	603	590
2021-09-04T12:33:10	602	597	604	591
2021-09-04T12:33:40	602	598	605	593
2021-09-04T12:34:10	602	599	606	593
2021-09-04T12:34:40	604	601	607	594
2021-09-04T12:35:10	606	601	608	595
2021-09-04T12:35:40	608	603	610	596
2021-09-04T12:36:10	607	603	612	597
2021-09-04T12:36:40	607	604	612	598
2021-09-04T12:37:10	608	605	611	600
2021-09-04T12:37:40	611	605	613	600
2021-09-04T12:38:10	611	607	615	601
2021-09-04T12:38:40	613	608	616	602
2021-09-04T12:39:10	614	609	617	603
2021-09-04T12:39:40	614	610	618	604
2021-09-04T12:40:10	615	610	619	606
2021-09-04T12:40:40	615	611	618	607
2021-09-04T12:41:10	618	612	619	607
2021-09-04T12:41:40	618	614	622	609
2021-09-04T12:42:10	620	615	623	609
2021-09-04T12:42:40	621	615	624	611
2021-09-04T12:43:10	620	616	624	611
2021-09-04T12:43:40	622	617	625	613
2021-09-04T12:44:10	622	618	625	613
2021-09-04T12:44:40	625	619	627	615
2021-09-04T12:45:10	626	621	629	616
2021-09-04T12:45:40	627	622	630	616
2021-09-04T12:46:10	626	622	630	617
2021-09-04T12:46:40	628	623	631	618
2021-09-04T12:47:10	628	624	633	620
2021-09-04T12:47:40	630	625	633	621
2021-09-04T12:48:10	631	625	634	622
2021-09-04T12:48:40	630	627	635	622
2021-09-04T12:49:10	633	628	635	624
2021-09-04T12:49:40	634	629	637	625
2021-09-04T12:50:10	637	630	639	626
2021-09-04T12:50:40	637	631	640	627
2021-09-04T12:51:10	636	632	638	628
2021-09-04T12:51:40	638	633	640	629
2021-09-04T12:52:10	640	634	641	629
2021-09-04T12:52:40	640	635	644	631
2021-09-04T12:53:10	639	635	642	632
2021-09-04T12:53:40	644	637	645	633
2021-09-04T12:54:10	643	638	645	634
2021-09-04T12:54:40	644	639	647	635
2021-09-04T12:55:10	643	640	647	636
2021-09-04T12:55:40	645	641	648	637
2021-09-04T12:56:10	645	642	649	638
2021-09-04T12:56:40	648	643	651	639
2021-09-04T12:57:10	648	644	652	640
2021-09-04T12:57:40	649	645	652	641
2021-09-04T12:58:10	651	646	653	641
2021-09-04T12:58:40	653	648	655	643
2021-09-04T12:59:10	652	648	656	644
2021-09-04T12:59:40	653	650	656	645
2021-09-04T13:00:10	653	651	656	646
2021-09-04T13:00:40	655	651	659	647
2021-09-04T13:01:10	658	653	660	648
2021-09-04T13:01:40	656	654	662	649
2021-09-04T13:02:10	657	655	661	649
2021-09-04T13:02:40	659	655	663	651
2021-09-04T13:03:10	661	657	664	652
2021-09-04T13:03:40	662	658	665	653
2021-09-04T13:04:10	663	659	667	653
2021-09-04T13:04:40	663	659	665	655
2021-09-04T13:05:10	664	660	667	656
2021-09-04T13:05:40	664	661	668	657
2021-09-04T13:06:10	666	663	670	658
2021-09-04T13:06:40	666	663	669	659
2021-09-04T13:07:10	668	664	671	660
2021-09-04T13:07:40	669	665	673	661
2021-09-04T13:08:10	671	666	673	662
2021-09-04T13:08:40	672	667	675	663
2021-09-04T13:09:10	672	667	675	663
2021-09-04T13:09:40	671	668	676	664
2021-09-04T13:10:10	673	669	678	665
2021-09-04T13:10:40	674	670	677	666
2021-09-04T13:11:10	675	671	679	667
2021-09-04T13:11:40	676	672	679	668
2021-09-04T13:12:10	678	673	681	669
2021-09-04T13:12:40	679	674	681	670
2021-09-04T13:13:10	680	676	683	672
2021-09-04T13:13:40	681	676	684	672
2021-09-04T13:14:10	681	677	683	673
2021-09-04T13:14:40	682	678	685	674
2021-09-04T13:15:10	684	680	686	676
2021-09-04T13:15:40	686	681	687	677
2021-09-04T13:16:10	686	681	688	677
2021-09-04T13:16:40	688	682	690	678
2021-09-04T13:17:10	688	683	690	679
2021-09-04T13:17:40	689	684	691	681
2021-09-04T13:18:10	690	686	693	681
2021-09-04T13:18:40	691	687	694	683
2021-09-04T13:19:10	693	688	694	683
2021-09-04T13:19:40	693	689	696	685
2021-09-04T13:20:10	693	690	697	686
2021-09-04T13:20:40	694	691	698	686
2021-09-04T13:21:10	696	692	699	688
2021-09-04T13:21:40	697	692	699	689
2021-09-04T13:22:10	698	693	700	690
2021-09-04T13:22:40	700	694	702	691
2021-09-04T13:23:10	699	695	703	691
2021-09-04T13:23:40	699	696	704	692
2021-09-04T13:24:10	701	698	705	694
2021-09-04T13:24:40	702	698	706	695
2021-09-04T13:25:10	703	699	707	695
2021-09-04T13:25:40	704	701	707	696
2021-09-04T13:26:10	704	701	708	698
2021-09-04T13:26:40	704	702	710	699
2021-09-04T13:27:10	707	703	711	700
2021-09-04T13:27:40	708	704	712	701
2021-09-04T13:28:10	709	705	713	701
2021-09-04T13:28:40	711	706	713	702
2021-09-04T13:29:10	712	707	714	703
2021-09-04T13:29:40	712	707	715	704
2021-09-04T13:30:10	713	709	716	706
2021-09-04T13:30:40	713	709	717	706
2021-09-04T13:31:10	713	711	718	707
2021-09-04T13:31:40	715	712	718	708
2021-09-04T13:32:10	716	713	719	711
2021-09-04T13:32:40	719	714	720	711
2021-09-04T13:33:10	718	715	721	712
2021-09-04T13:33:40	720	716	722	714
2021-09-04T13:34:10	721	717	724	713
2021-09-04T13:34:40	721	718	724	715
2021-09-04T13:35:10	722	719	725	716
2021-09-04T13:35:40	724	720	726	717
2021-09-04T13:36:10	725	721	727	718
2021-09-04T13:36:40	726	722	728	719
2021-09-04T13:37:10	727	723	728	720
2021-09-04T13:37:40	728	724	730	720
2021-09-04T13:38:10	729	725	732	721
2021-09-04T13:38:40	730	726	734	722
2021-09-04T13:39:10	731	727	732	723
2021-09-04T13:39:40	733	728	735	725
2021-09-04T13:40:10	734	729	736	726
2021-09-04T13:40:40	734	730	736	726
2021-09-04T13:41:10	733	731	738	727
2021-09-04T13:41:40	736	732	738	728
2021-09-04T13:42:10	736	732	739	729
2021-09-04T13:42:40	736	734	741	730
2021-09-04T13:43:10	739	735	742	731
2021-09-04T13:43:40	741	736	743	732
2021-09-04T13:44:10	742	738	743	733
2021-09-04T13:44:40	742	738	745	735
2021-09-04T13:45:10	741	738	746	735
2021-09-04T13:45:40	742	740	747	736
2021-09-04T13:46:10	743	741	748	738
2021-09-04T13:46:40	745	742	749	738
2021-09-04T13:47:10	747	743	749	739
2021-09-04T13:47:40	748	743	750	740
2021-09-04T13:48:10	747	745	752	741
2021-09-04T13:48:40	748	745	752	742
2021-09-04T13:49:10	749	747	754	743
2021-09-04T13:49:40	750	748	755	744
2021-09-04T13:50:10	751	749	754	745
2021-09-04T13:50:40	753	750	756	746
2021-09-04T13:51:10	752	751	756	747
2021-09-04T13:51:40	754	752	758	748
2021-09-04T13:52:10	754	752	758	749
2021-09-04T13:52:40	756	754	760	750
2021-09-04T13:53:10	756	754	760	751
2021-09-04T13:53:40	758	755	761	752
2021-09-04T13:54:10	760	756	762	753
2021-09-04T13:54:40	761	757	763	754
2021-09-04T13:55:10	761	758	764	756
2021-09-04T13:55:40	762	759	765	756
2021-09-04T13:56:10	763	760	766	757
2021-09-04T13:56:40	764	762	767	757
2021-09-04T13:57:10	765	763	767	759
2021-09-04T13:57:40	767	764	769	760
2021-09-04T13:58:10	767	764	770	761
2021-09-04T13:58:40	769	766	771	762
2021-09-04T13:59:10	770	767	771	764
2021-09-04T13:59:40	771	768	774	764
2021-09-04T14:00:10	771	768	774	766
2021-09-04T14:00:40	773	770	776	766
2021-09-04T14:01:10	774	771	776	767
2021-09-04T14:01:40	775	772	777	768
2021-09-04T14:02:10	776	773	778	768
2021-09-04T14:02:40	777	774	780	770
2021-09-04T14:03:10	779	775	782	770
2021-09-04T14:03:40	779	776	782	772
2021-09-04T14:04:10	780	777	783	772
2021-09-04T14:04:40	782	778	784	773
2021-09-04T14:05:10	783	779	785	774
2021-09-04T14:05:40	783	780	786	776
2021-09-04T14:06:10	785	780	786	776
2021-09-04T14:06:40	784	781	788	777
2021-09-04T14:07:10	785	782	789	778
2021-09-04T14:07:40	787	783	790	779
2021-09-04T14:08:10	788	784	791	781
2021-09-04T14:08:40	789	785	790	782
2021-09-04T14:09:10	790	786	792	783
2021-09-04T14:09:40	788	787	792	783
2021-09-04T14:10:10	790	788	794	785
2021-09-04T14:10:40	791	789	796	785
2021-09-04T14:11:10	793	790	796	786
2021-09-04T14:11:40	794	791	797	788
2021-09-04T14:12:10	796	791	797	789
2021-09-04T14:12:40	794	792	798	790
2021-09-04T14:13:10	795	793	799	790
2021-09-04T14:13:40	796	794	800	791
2021-09-04T14:14:10	798	795	800	793
2021-09-04T14:14:40	799	796	802	794
2021-09-04T14:15:10	800	797	802	794
2021-09-04T14:15:40	801	798	804	795
2021-09-04T14:16:10	801	799	804	797
2021-09-04T14:16:40	802	800	806	798
2021-09-04T14:17:10	804	801	806	799
2021-09-04T14:17:40	804	802	808	800
2021-09-04T14:18:10	807	803	809	801
2021-09-04T14:18:40	807	804	809	802
2021-09-04T14:19:10	808	805	810	802
2021-09-04T14:19:40	809	806	811	803
2021-09-04T14:20:10	810	807	814	804
2021-09-04T14:20:40	812	808	814	806
2021-09-04T14:21:10	813	809	815	807
2021-09-04T14:21:40	814	810	815	808
2021-09-04T14:22:10	815	811	817	809
2021-09-04T14:22:40	816	812	819	810
2021-09-04T14:23:10	816	813	820	811
2021-09-04T14:23:40	818	814	821	812
2021-09-04T14:24:10	819	815	822	813
2021-09-04T14:24:40	820	816	822	813
2021-09-04T14:25:10	821	817	823	814
2021-09-04T14:25:40	823	818	825	816
2021-09-04T14:26:10	823	818	826	817
2021-09-04T14:26:40	824	819	827	818
2021-09-04T14:27:10	825	820	828	819
2021-09-04T14:27:40	828	821	829	820
2021-09-04T14:28:10	827	823	830	820
2021-09-04T14:28:40	828	824	830	821
2021-09-04T14:29:10	829	824	831	822
2021-09-04T14:29:40	829	825	832	823
2021-09-04T14:30:10	830	826	833	824
2021-09-04T14:30:40	832	827	835	826
2021-09-04T14:31:10	833	829	835	826
2021-09-04T14:31:40	834	829	835	828
2021-09-04T14:32:10	834	830	836	828
2021-09-04T14:32:40	836	831	838	830
2021-09-04T14:33:10	836	832	839	830
2021-09-04T14:33:40	837	833	838	830
2021-09-04T14:34:10	837	834	840	832
2021-09-04T14:34:40	837	835	841	834
2021-09-04T14:35:10	838	836	842	835
2021-09-04T14:35:40	840	837	843	836
2021-09-04T14:36:10	842	838	843	836
2021-09-04T14:36:40	841	839	844	838
2021-09-04T14:37:10	842	840	846	839
2021-09-04T14:37:40	843	840	847	839
2021-09-04T14:38:10	844	841	848	840
2021-09-04T14:38:40	846	842	849	841
2021-09-04T14:39:10	846	843	851	842
2021-09-04T14:39:40	848	845	852	843
2021-09-04T14:40:10	849	845	851	844
2021-09-04T14:40:40	849	846	852	845
2021-09-04T14:41:10	850	847	853	846
2021-09-04T14:41:40	852	849	855	847
2021-09-04T14:42:10	853	849	856	848
2021-09-04T14:42:40	854	850	856	849
2021-09-04T14:43:10	855	852	857	850
2021-09-04T14:43:40	855	853	858	852
2021-09-04T14:44:10	857	854	859	852
2021-09-04T14:44:40	858	855	861	853
2021-09-04T14:45:10	861	856	862	854
2021-09-04T14:45:40	862	857	863	855
2021-09-04T14:46:10	861	858	863	855
2021-09-04T14:46:40	861	859	866	857
2021-09-04T14:47:10	865	861	867	858
2021-09-04T14:47:40	865	862	868	860
2021-09-04T14:48:10	867	863	868	861
2021-09-04T14:48:40	867	864	869	861
2021-09-04T14:49:10	868	864	870	862
2021-09-04T14:49:40	869	865	872	863
2021-09-04T14:50:10	870	866	873	865
2021-09-04T14:50:40	872	868	872	865
2021-09-04T14:51:10	873	868	874	866
2021-09-04T14:51:40	872	869	875	867
2021-09-04T14:52:10	873	870	876	868
2021-09-04T14:52:40	875	871	877	870
2021-09-04T14:53:10	876	872	877	871
2021-09-04T14:53:40	875	873	878	872
2021-09-04T14:54:10	876	874	879	873
2021-09-04T14:54:40	877	875	881	873
2021-09-04T14:55:10	880	877	880	875
2021-09-04T14:55:40	878	877	882	875
2021-09-04T14:56:10	879	878	883	877
2021-09-04T14:56:40	881	879	884	878
2021-09-04T14:57:10	883	881	885	879
2021-09-04T14:57:40	882	881	886	880
2021-09-04T14:58:10	883	882	887	881
2021-09-04T14:58:40	885	883	888	882
2021-09-04T14:59:10	886	884	889	883
2021-09-04T14:59:40	887	885	889	884
2021-09-04T15:00:10	887	886	890	884
2021-09-04T15:00:40	888	887	891	886
2021-09-04T15:01:10	889	888	893	887
2021-09-04T15:01:40	891	889	893	888
2021-09-04T15:02:10	892	890	894	889
2021-09-04T15:02:40	892	891	895	890
2021-09-04T15:03:10	894	892	897	891
2021-09-04T15:03:40	895	893	897	892
2021-09-04T15:04:10	896	894	899	893
2021-09-04T15:04:40	896	895	900	894
2021-09-04T15:05:10	897	896	900	895
2021-09-04T15:05:40	899	897	902	896
2021-09-04T15:06:10	900	898	902	896
2021-09-04T15:06:40	898	898	903	897
2021-09-04T15:07:10	900	898	902	897
2021-09-04T15:07:40	900	898	901	897
2021-09-04T15:08:10	899	898	902	898
2021-09-04T15:08:40	899	898	902	898
2021-09-04T15:09:10	900	899	901	898
2021-09-04T15:09:40	899	898	902	898
2021-09-04T15:10:10	898	899	902	898
2021-09-04T15:10:40	899	899	902	899
2021-09-04T15:11:10	899	899	901	899
2021-09-04T15:11:40	898	899	902	899
2021-09-04T15:12:10	898	899	901	899
2021-09-04T15:12:40	899	899	901	899
2021-09-04T15:13:10	899	899	901	898
2021-09-04T15:13:40	898	899	903	899
2021-09-04T15:14:10	899	899	901	899
2021-09-04T15:14:40	899	899	901	899
2021-09-04T15:15:10	899	899	901	899
2021-09-04T15:15:40	899	899	902	899
2021-09-04T15:16:10	900	899	902	898
2021-09-04T15:16:40	900	899	901	899
2021-09-04T15:17:10	899	899	902	898
2021-09-04T15:17:40	899	899	902	898
2021-09-04T15:18:10	900	899	902	898
2021-09-04T15:18:40	900	899	903	898
2021-09-04T15:19:10	900	899	902	899
2021-09-04T15:19:40	899	899	902	899
2021-09-04T15:20:10	899	899	902	898
2021-09-04T15:20:40	899	899	903	898
2021-09-04T15:21:10	900	899	902	898
2021-09-04T15:21:40	901	899	903	898
2021-09-04T15:22:10	898	900	903	898
2021-09-04T15:22:40	899	899	902	898
2021-09-04T15:23:10	899	899	902	898
2021-09-04T15:23:40	899	899	902	898
2021-09-04T15:24:10	898	900	901	898
2021-09-04T15:24:40	900	900	902	898
2021-09-04T15:25:10	899	899	902	898
2021-09-04T15:25:40	899	899	903	898
2021-09-04T15:26:10	901	899	901	898
2021-09-04T15:26:40	899	899	902	898
2021-09-04T15:27:10	899	899	903	898
2021-09-04T15:27:40	899	899	902	898
2021-09-04T15:28:10	900	899	902	898
2021-09-04T15:28:40	900	899	903	898
2021-09-04T15:29:10	901	899	902	898
2021-09-04T15:29:40	899	899	903	898
2021-09-04T15:30:10	900	900	903	898
2021-09-04T15:30:40	900	899	901	898
2021-09-04T15:31:10	900	899	902	898
2021-09-04T15:31:40	899	899	902	898
2021-09-04T15:32:10	899	899	902	898
2021-09-04T15:32:40	899	899	901	898
2021-09-04T15:33:10	899	899	901	898
2021-09-04T15:33:40	901	899	902	898
2021-09-04T15:34:10	899	899	903	898
2021-09-04T15:34:40	899	899	901	898
2021-09-04T15:35:10	900	899	902	898
2021-09-04T15:35:40	900	899	902	898
2021-09-04T15:36:10	899	899	903	899
2021-09-04T15:36:41	899	899	901	899
2021-09-04T15:37:11	899	899	902	899
2021-09-04T15:37:41	900	899	902	899
2021-09-04T15:38:11	901	900	902	898
2021-09-04T15:38:41	899	899	902	899
2021-09-04T15:39:11	899	899	902	899
2021-09-04T15:39:41	900	899	902	898
2021-09-04T15:40:11	901	899	902	898
2021-09-04T15:40:41	899	899	901	898
2021-09-04T15:41:11	899	899	902	898
2021-09-04T15:41:41	900	899	902	898
2021-09-04T15:42:11	899	899	902	898
2021-09-04T15:42:41	899	899	902	898
2021-09-04T15:43:11	901	899	903	899
2021-09-04T15:43:41	901	899	902	899
2021-09-04T15:44:11	899	899	903	898
2021-09-04T15:44:41	899	899	903	899
2021-09-04T15:45:11	901	900	902	899
2021-09-04T15:45:41	899	899	903	899
2021-09-04T15:46:11	901	900	902	899
2021-09-04T15:46:41	901	900	903	899
2021-09-04T15:47:11	899	899	903	899
2021-09-04T15:47:41	900	900	903	899
2021-09-04T15:48:11	901	900	903	899
2021-09-04T15:48:41	900	900	903	899
2021-09-04T15:49:11	900	900	903	899
2021-09-04T15:49:41	901	900	902	899
2021-09-04T15:50:11	900	899	902	899
2021-09-04T15:50:41	900	899	901	899
2021-09-04T15:51:11	901	899	902	899
2021-09-04T15:51:41	900	899	903	899
2021-09-04T15:52:11	899	899	902	899
2021-09-04T15:52:41	901	899	902	899
2021-09-04T15:53:11	900	899	902	899
2021-09-04T15:53:41	899	899	903	899
2021-09-04T15:54:11	900	899	902	899
2021-09-04T15:54:41	900	899	902	899
2021-09-04T15:55:11	899	899	902	899
2021-09-04T15:55:41	900	900	903	899
2021-09-04T15:56:11	898	899	902	899
2021-09-04T15:56:41	899	900	902	899
2021-09-04T15:57:11	901	900	903	899
2021-09-04T15:57:41	900	900	903	899
2021-09-04T15:58:11	899	900	903	899
2021-09-04T15:58:41	899	900	902	899
2021-09-04T15:59:11	900	900	903	899
2021-09-04T15:59:41	899	900	902	899
2021-09-04T16:00:11	899	900	902	899
2021-09-04T16:00:41	900	900	902	899
2021-09-04T16:01:11	899	900	902	899
2021-09-04T16:01:41	900	900	902	899
2021-09-04T16:02:11	900	900	902	899
2021-09-04T16:02:41	900	900	902	899
2021-09-04T16:03:11	899	900	902	899
2021-09-04T16:03:41	899	900	902	899
2021-09-04T16:04:11	900	900	901	899
2021-09-04T16:04:41	898	900	902	899
2021-09-04T16:05:11	899	900	903	899
2021-09-04T16:05:41	901	900	903	899
2021-09-04T16:06:11	900	900	902	899
2021-09-04T16:06:41	899	900	903	899
2021-09-04T16:07:11	900	900	903	899
2021-09-04T16:07:41	901	900	902	899
2021-09-04T16:08:11	899	900	903	899
2021-09-04T16:08:41	899	900	903	899
2021-09-04T16:09:11	900	901	903	899
2021-09-04T16:09:41	901	900	903	899
2021-09-04T16:10:11	899	900	903	899
2021-09-04T16:10:41	899	900	903	899
2021-09-04T16:11:11	900	900	902	899
2021-09-04T16:11:41	899	900	902	899
2021-09-04T16:12:11	899	900	903	899
2021-09-04T16:12:41	901	900	902	899
2021-09-04T16:13:11	898	900	902	898
2021-09-04T16:13:41	899	900	903	899
2021-09-04T16:14:11	900	900	903	899
2021-09-04T16:14:41	901	900	903	899
2021-09-04T16:15:11	899	900	902	899
2021-09-04T16:15:41	899	900	902	899
2021-09-04T16:16:11	900	901	902	899
2021-09-04T16:16:41	899	900	903	899
2021-09-04T16:17:11	899	901	902	899
2021-09-04T16:17:41	901	902	903	898
2021-09-04T16:18:11	899	901	903	898
2021-09-04T16:18:41	899	901	902	899
2021-09-04T16:19:11	901	901	903	899
2021-09-04T16:19:41	899	901	901	899
2021-09-04T16:20:11	901	901	902	899
2021-09-04T16:20:41	901	901	903	899
2021-09-04T16:21:11	901	901	903	899
2021-09-04T16:21:41	900	901	902	899
2021-09-04T16:22:11	901	901	903	899
2021-09-04T16:22:41	900	901	903	899
2021-09-04T16:23:11	900	901	903	899
2021-09-04T16:23:41	900	901	903	899
2021-09-04T16:24:11	900	901	903	899
2021-09-04T16:24:41	901	901	903	899
2021-09-04T16:25:11	899	901	903	899
2021-09-04T16:25:41	899	901	902	899
2021-09-04T16:26:11	899	901	903	899
2021-09-04T16:26:41	899	901	903	899
2021-09-04T16:27:11	899	901	902	899
2021-09-04T16:27:41	901	901	902	898
2021-09-04T16:28:11	899	901	902	899
2021-09-04T16:28:41	900	901	903	899
2021-09-04T16:29:11	900	901	903	899
2021-09-04T16:29:41	899	901	902	899
2021-09-04T16:30:11	900	901	902	899
2021-09-04T16:30:41	900	901	902	899
2021-09-04T16:31:11	899	901	901	899
2021-09-04T16:31:41	900	901	903	899
2021-09-04T16:32:11	900	901	902	899
2021-09-04T16:32:41	900	901	902	899
2021-09-04T16:33:11	900	901	902	899
2021-09-04T16:33:41	899	901	901	899
2021-09-04T16:34:11	900	901	901	899
2021-09-04T16:34:41	901	901	902	899
2021-09-04T16:35:11	900	901	902	899
2021-09-04T16:35:41	901	901	902	900
2021-09-04T16:36:11	898	900	896	898
2021-09-04T16:36:41	745	825	812	874
2021-09-04T16:37:11	661	728	745	847
2021-09-04T16:37:41	540	617	669	785
2021-09-04T16:38:11	498	555	599	715
2021-09-04T16:38:41	460	496	566	661
2021-09-04T16:39:11	429	456	536	620
2021-09-04T16:39:41	407	428	513	589
2021-09-04T16:40:11	385	406	489	572
