time	T1	T2	T3	T4
2021-03-07T13:18:27	19	18	22	18
2021-03-07T13:18:37	19	18	22	19
2021-03-07T13:18:47	19	18	22	18
2021-03-07T13:18:57	19	18	22	19
2021-03-07T13:19:07	19	18	22	18
2021-03-07T13:19:17	19	18	22	19
2021-03-07T13:19:27	19	18	22	19
2021-03-07T13:19:37	19	18	22	19
2021-03-07T13:19:47	19	18	22	19
2021-03-07T13:19:57	19	18	22	19
2021-03-07T13:20:07	19	19	22	19
2021-03-07T13:20:17	19	19	22	19
2021-03-07T13:20:27	20	19	22	19
2021-03-07T13:20:37	20	20	23	19
2021-03-07T13:20:47	21	20	23	19
2021-03-07T13:20:57	21	21	24	19
2021-03-07T13:21:07	22	21	24	19
2021-03-07T13:21:17	22	21	24	19
2021-03-07T13:21:27	22	22	25	19
2021-03-07T13:21:37	23	22	25	19
2021-03-07T13:21:47	23	23	26	19
2021-03-07T13:21:57	24	23	28	19
2021-03-07T13:22:07	25	24	28	20
2021-03-07T13:22:17	28	28	28	20
2021-03-07T13:22:27	33	31	32	20
2021-03-07T13:22:37	37	31	37	20
2021-03-07T13:22:47	37	35	40	21
2021-03-07T13:22:57	40	38	42	21
2021-03-07T13:23:07	42	39	44	22
2021-03-07T13:23:17	47	42	45	23
2021-03-07T13:23:27	51	44	47	23
2021-03-07T13:23:37	54	48	50	24
2021-03-07T13:23:47	57	48	53	25
2021-03-07T13:23:57	59	50	56	26
2021-03-07T13:24:07	59	52	57	28
2021-03-07T13:24:17	62	54	59	28
2021-03-07T13:24:27	64	56	60	30
2021-03-07T13:24:37	67	56	61	31
2021-03-07T13:24:47	68	58	62	32
2021-03-07T13:24:57	68	58	62	32
2021-03-07T13:25:07	68	58	62	32
2021-03-07T13:25:17	68	58	62	32
2021-03-07T13:25:27	68	58	62	32
2021-03-07T13:25:37	68	58	62	32
2021-03-07T13:25:47	68	58	62	32
2021-03-07T13:25:57	68	58	62	32
2021-03-07T13:26:07	68	58	62	32
2021-03-07T13:26:17	68	58	62	32
2021-03-07T13:26:27	68	58	62	32
2021-03-07T13:26:37	68	58	62	32
2021-03-07T13:26:47	68	58	62	32
2021-03-07T13:26:57	-100	-100	-100	32
2021-03-07T13:27:07	-100	-100	-100	-100
2021-03-07T13:27:17	-100	-100	-100	-100
2021-03-07T13:27:27	-100	-100	-100	-100
2021-03-07T13:27:37	-100	-100	-100	-100
2021-03-07T13:27:47	-100	-100	-100	-100
2021-03-07T13:27:57	-100	-100	-100	-100
2021-03-07T13:28:08	-100	-100	-100	-100
2021-03-07T13:28:18	-100	-100	-100	-100
2021-03-07T13:28:28	-100	-100	-100	-100
2021-03-07T13:28:38	-100	-100	-100	-100
2021-03-07T13:28:48	-100	-100	-100	-100
2021-03-07T13:28:58	-100	-100	-100	-100
2021-03-07T13:29:08	-100	-100	-100	-100
2021-03-07T13:29:18	-100	-100	-100	-100
2021-03-07T13:29:28	-100	-100	-100	-100
2021-03-07T13:29:38	-100	-100	-100	-100
2021-03-07T13:29:48	-100	-100	-100	-100
2021-03-07T13:29:58	-100	-100	-100	-100
2021-03-07T13:30:08	-100	-100	-100	-100
2021-03-07T13:30:18	-100	-100	-100	-100
2021-03-07T13:30:28	-100	-100	-100	-100
2021-03-07T13:30:38	-100	-100	-100	-100
2021-03-07T13:30:48	-100	-100	-100	-100
2021-03-07T13:30:58	-100	-100	-100	-100
2021-03-07T13:31:08	-100	-100	-100	-100
2021-03-07T13:31:18	-100	-100	-100	-100
2021-03-07T13:31:28	-100	-100	-100	-100
2021-03-07T13:31:38	-100	-100	-100	-100
2021-03-07T13:31:48	-100	-100	-100	-100
2021-03-07T13:31:58	-100	-100	-100	-100
2021-03-07T13:32:08	-100	-100	-100	-100
2021-03-07T13:32:18	-100	-100	-100	-100
2021-03-07T13:32:28	-100	-100	-100	-100
2021-03-07T13:32:38	-100	-100	-100	-100
2021-03-07T13:32:48	-100	-100	-100	-100
2021-03-07T13:32:58	-100	-100	-100	-100
2021-03-07T13:33:08	-100	-100	-100	-100
2021-03-07T13:33:18	-100	-100	-100	-100
2021-03-07T13:33:28	-100	-100	-100	-100
2021-03-07T13:33:38	-100	-100	-100	-100
2021-03-07T13:33:48	-100	-100	-100	-100
2021-03-07T13:33:58	-100	-100	-100	-100
2021-03-07T13:34:08	-100	-100	-100	-100
2021-03-07T13:34:18	-100	-100	-100	-100
2021-03-07T13:34:28	-100	-100	-100	-100
2021-03-07T13:34:38	-100	-100	-100	-100
2021-03-07T13:34:48	-100	-100	-100	-100
2021-03-07T13:34:58	-100	-100	-100	-100
2021-03-07T13:35:08	-100	-100	-100	-100
2021-03-07T13:35:18	-100	-100	-100	-100
2021-03-07T13:35:28	-100	-100	-100	-100
2021-03-07T13:35:38	-100	-100	-100	-100
2021-03-07T13:35:48	-100	-100	-100	-100
2021-03-07T13:35:58	-100	-100	-100	-100
2021-03-07T13:36:08	-100	-100	-100	-100
2021-03-07T13:36:18	-100	-100	-100	-100
2021-03-07T13:36:28	-100	-100	-100	-100
2021-03-07T13:36:38	-100	-100	-100	-100
2021-03-07T13:36:48	-100	-100	-100	-100
2021-03-07T13:36:58	-100	-100	-100	-100
2021-03-07T13:37:08	-100	-100	-100	-100
2021-03-07T13:37:18	-100	-100	-100	-100
2021-03-07T13:37:28	-100	-100	-100	-100
2021-03-07T13:37:38	-100	-100	-100	-100
2021-03-07T13:37:48	-100	-100	-100	-100
2021-03-07T13:37:58	-100	-100	-100	-100
2021-03-07T13:38:08	-100	-100	-100	-100
2021-03-07T13:38:18	-100	-100	-100	-100
2021-03-07T13:38:28	-100	-100	-100	-100
2021-03-07T13:38:38	-100	-100	-100	-100
2021-03-07T13:38:48	-100	-100	-100	-100
2021-03-07T13:38:58	-100	-100	-100	-100
2021-03-07T13:39:08	-100	-100	-100	-100
2021-03-07T13:39:18	-100	-100	-100	-100
2021-03-07T13:39:28	-100	-100	-100	-100
2021-03-07T13:39:38	-100	-100	-100	-100
2021-03-07T13:39:48	-100	-100	-100	-100
2021-03-07T13:39:58	-100	-100	-100	-100
2021-03-07T13:40:08	-100	-100	-100	-100
2021-03-07T13:40:18	-100	-100	-100	-100
2021-03-07T13:40:28	-100	-100	-100	-100
2021-03-07T13:40:38	-100	-100	-100	-100
2021-03-07T13:40:48	-100	-100	-100	-100
2021-03-07T13:40:58	-100	-100	-100	-100
2021-03-07T13:41:08	-100	-100	-100	-100
2021-03-07T13:41:18	-100	-100	-100	-100
2021-03-07T13:41:28	-100	-100	-100	-100
2021-03-07T13:41:38	-100	-100	-100	-100
2021-03-07T13:41:48	-100	-100	-100	-100
2021-03-07T13:41:58	-100	-100	-100	-100
2021-03-07T13:42:08	-100	-100	-100	-100
2021-03-07T13:42:18	-100	-100	-100	-100
2021-03-07T13:42:28	-100	-100	-100	-100
2021-03-07T13:42:38	-100	-100	-100	-100
2021-03-07T13:42:48	-100	-100	-100	-100
2021-03-07T13:42:58	-100	-100	-100	-100
2021-03-07T13:43:08	-100	-100	-100	-100
2021-03-07T13:43:18	-100	-100	-100	-100
2021-03-07T13:43:28	-100	-100	-100	-100
2021-03-07T13:43:38	-100	-100	-100	-100
2021-03-07T13:43:48	-100	-100	-100	-100
2021-03-07T13:43:58	-100	-100	-100	-100
2021-03-07T13:44:08	-100	-100	-100	-100
2021-03-07T13:44:18	-100	-100	-100	-100
2021-03-07T13:44:28	-100	-100	-100	-100
2021-03-07T13:44:38	-100	-100	-100	-100
2021-03-07T13:44:48	-100	-100	-100	-100
2021-03-07T13:44:58	-100	-100	-100	-100
2021-03-07T13:45:08	-100	-100	-100	-100
2021-03-07T13:45:18	-100	-100	-100	-100
2021-03-07T13:45:28	-100	-100	-100	-100
2021-03-07T13:45:38	-100	-100	-100	-100
2021-03-07T13:45:48	-100	-100	-100	-100
2021-03-07T13:45:58	-100	-100	-100	-100
2021-03-07T13:46:08	-100	-100	-100	-100
2021-03-07T13:46:18	-100	-100	-100	-100
2021-03-07T13:46:28	-100	-100	-100	-100
2021-03-07T13:46:38	-100	-100	-100	-100
2021-03-07T13:46:48	-100	-100	-100	-100
2021-03-07T13:46:58	-100	-100	-100	-100
2021-03-07T13:47:08	-100	-100	-100	-100
2021-03-07T13:47:18	-100	-100	-100	-100
2021-03-07T13:47:28	-100	-100	-100	-100
2021-03-07T13:47:38	-100	-100	-100	-100
2021-03-07T13:47:48	-100	-100	-100	-100
2021-03-07T13:47:58	-100	-100	-100	-100
2021-03-07T13:48:08	-100	-100	-100	-100
2021-03-07T13:48:18	-100	-100	-100	-100
2021-03-07T13:48:28	-100	-100	-100	-100
2021-03-07T13:48:38	-100	-100	-100	-100
2021-03-07T13:48:48	-100	-100	-100	-100
2021-03-07T13:48:58	-100	-100	-100	-100
2021-03-07T13:49:08	-100	-100	-100	-100
2021-03-07T13:49:18	-100	-100	-100	-100
2021-03-07T13:49:28	-100	-100	-100	-100
2021-03-07T13:49:38	-100	-100	-100	-100
2021-03-07T13:49:48	-100	-100	-100	-100
2021-03-07T13:49:58	-100	-100	-100	-100
2021-03-07T13:50:08	-100	-100	-100	-100
2021-03-07T13:50:18	-100	-100	-100	-100
2021-03-07T13:50:28	-100	-100	-100	-100
2021-03-07T13:50:38	-100	-100	-100	-100
2021-03-07T13:50:48	-100	-100	-100	-100
2021-03-07T13:50:58	-100	-100	-100	-100
2021-03-07T13:51:08	-100	-100	-100	-100
2021-03-07T13:51:18	-100	-100	-100	-100
2021-03-07T13:51:28	-100	-100	-100	-100
2021-03-07T13:51:38	-100	-100	-100	-100
2021-03-07T13:51:48	-100	-100	-100	-100
2021-03-07T13:51:58	-100	-100	-100	-100
2021-03-07T13:52:08	-100	-100	-100	-100
2021-03-07T13:52:18	-100	-100	-100	-100
2021-03-07T13:52:28	-100	-100	-100	-100
2021-03-07T13:52:38	-100	-100	-100	-100
2021-03-07T13:52:48	-100	-100	-100	-100
2021-03-07T13:52:58	-100	-100	-100	-100
2021-03-07T13:53:08	-100	-100	-100	-100
2021-03-07T13:53:18	-100	-100	-100	-100
2021-03-07T13:53:28	-100	-100	-100	-100
2021-03-07T13:53:38	-100	-100	-100	-100
2021-03-07T13:53:48	-100	-100	-100	-100
2021-03-07T13:53:58	-100	-100	-100	-100
2021-03-07T13:54:08	-100	-100	-100	-100
2021-03-07T13:54:18	-100	-100	-100	-100
2021-03-07T13:54:28	-100	-100	-100	-100
2021-03-07T13:54:38	-100	-100	-100	-100
2021-03-07T13:54:48	-100	-100	-100	-100
2021-03-07T13:54:58	-100	-100	-100	-100
2021-03-07T13:55:08	-100	-100	-100	-100
2021-03-07T13:55:18	-100	-100	-100	-100
2021-03-07T13:55:28	-100	-100	-100	-100
2021-03-07T13:55:38	-100	-100	-100	-100
2021-03-07T13:55:48	-100	-100	-100	-100
2021-03-07T13:55:58	-100	-100	-100	-100
2021-03-07T13:56:08	-100	-100	-100	-100
2021-03-07T13:56:18	-100	-100	-100	-100
2021-03-07T13:56:28	-100	-100	-100	-100
2021-03-07T13:56:38	-100	-100	-100	-100
2021-03-07T13:56:48	-100	-100	-100	-100
2021-03-07T13:56:58	-100	-100	-100	-100
2021-03-07T13:57:08	-100	-100	-100	-100
2021-03-07T13:57:18	60	58	-100	-100
2021-03-07T13:57:28	60	58	61	59
2021-03-07T13:57:38	60	58	61	59
2021-03-07T13:57:48	60	58	61	59
2021-03-07T13:57:58	60	58	61	59
2021-03-07T13:58:08	60	58	61	59
2021-03-07T13:58:18	61	59	61	59
2021-03-07T13:58:28	64	59	63	59
2021-03-07T13:58:38	70	62	67	60
2021-03-07T13:58:48	70	66	72	60
2021-03-07T13:58:58	74	70	76	60
2021-03-07T13:59:08	77	73	79	61
2021-03-07T13:59:18	80	75	81	62
2021-03-07T13:59:28	83	76	82	62
2021-03-07T13:59:38	84	77	83	63
2021-03-07T13:59:48	86	78	84	64
2021-03-07T13:59:58	87	79	85	64
2021-03-07T14:00:08	88	79	85	65
2021-03-07T14:00:18	90	80	85	66
2021-03-07T14:00:28	91	80	86	65
2021-03-07T14:00:38	92	80	85	67
2021-03-07T14:00:48	93	81	86	67
2021-03-07T14:00:58	93	81	86	68
2021-03-07T14:01:08	95	81	87	69
2021-03-07T14:01:18	95	82	87	70
2021-03-07T14:01:28	96	83	87	70
2021-03-07T14:01:38	97	83	88	71
2021-03-07T14:01:48	99	85	90	72
2021-03-07T14:01:58	101	87	91	73
2021-03-07T14:02:08	103	89	93	74
2021-03-07T14:02:18	104	91	93	74
2021-03-07T14:02:28	104	91	93	74
2021-03-07T14:02:38	104	91	93	74
2021-03-07T14:02:48	104	91	93	74
2021-03-07T14:02:58	104	91	93	74
2021-03-07T14:03:08	104	91	93	74
2021-03-07T14:03:18	104	91	93	74
2021-03-07T14:03:28	104	91	93	74
2021-03-07T14:03:38	104	91	93	74
2021-03-07T14:03:48	104	91	93	74
2021-03-07T14:03:58	104	91	93	74
2021-03-07T14:04:08	104	91	93	74
2021-03-07T14:04:18	104	91	-100	-100
2021-03-07T14:04:28	104	91	-100	-100
2021-03-07T14:04:38	-100	-100	-100	-100
2021-03-07T14:04:48	-100	-100	-100	-100
2021-03-07T14:04:58	-100	-100	-100	-100
2021-03-07T14:05:08	-100	-100	-100	-100
2021-03-07T14:05:18	-100	-100	-100	-100
2021-03-07T14:05:28	-100	-100	-100	-100
2021-03-07T14:05:38	-100	-100	-100	-100
2021-03-07T14:05:48	-100	-100	-100	-100
2021-03-07T14:05:58	-100	-100	-100	-100
2021-03-07T14:06:08	-100	-100	-100	-100
2021-03-07T14:06:18	-100	-100	-100	-100
2021-03-07T14:06:28	-100	-100	-100	-100
2021-03-07T14:06:38	-100	-100	-100	-100
2021-03-07T14:06:48	-100	-100	-100	-100
2021-03-07T14:06:58	-100	-100	-100	-100
2021-03-07T14:07:08	-100	-100	-100	-100
2021-03-07T14:07:18	-100	-100	-100	-100
2021-03-07T14:07:28	-100	-100	-100	-100
2021-03-07T14:07:38	-100	-100	-100	-100
2021-03-07T14:07:48	-100	-100	-100	-100
2021-03-07T14:07:58	-100	-100	-100	-100
2021-03-07T14:08:08	-100	-100	-100	-100
2021-03-07T14:08:18	-100	-100	-100	-100
2021-03-07T14:08:28	-100	-100	-100	-100
2021-03-07T14:08:38	-100	-100	-100	-100
2021-03-07T14:08:48	-100	-100	-100	-100
2021-03-07T14:08:58	-100	-100	-100	-100
2021-03-07T14:09:08	-100	-100	-100	-100
2021-03-07T14:09:18	-100	-100	-100	-100
2021-03-07T14:09:28	-100	-100	-100	-100
2021-03-07T14:09:38	-100	-100	-100	-100
2021-03-07T14:09:48	-100	-100	-100	-100
2021-03-07T14:09:58	-100	-100	-100	-100
2021-03-07T14:10:08	-100	-100	-100	-100
2021-03-07T14:10:18	-100	-100	-100	-100
2021-03-07T14:10:28	-100	-100	-100	-100
2021-03-07T14:10:38	-100	-100	-100	-100
2021-03-07T14:10:48	-100	-100	-100	-100
2021-03-07T14:10:58	-100	-100	-100	-100
2021-03-07T14:11:08	-100	-100	-100	-100
2021-03-07T14:11:18	-100	-100	-100	-100
2021-03-07T14:11:28	-100	-100	-100	-100
2021-03-07T14:11:38	-100	-100	-100	-100
2021-03-07T14:11:48	-100	-100	-100	-100
2021-03-07T14:11:58	-100	-100	-100	-100
2021-03-07T14:12:08	-100	-100	-100	-100
2021-03-07T14:12:18	-100	-100	-100	-100
2021-03-07T14:12:28	-100	-100	-100	-100
2021-03-07T14:12:38	-100	-100	-100	-100
2021-03-07T14:12:48	-100	-100	-100	-100
2021-03-07T14:12:58	-100	-100	-100	-100
2021-03-07T14:13:08	-100	-100	-100	-100
2021-03-07T14:13:18	-100	-100	-100	-100
2021-03-07T14:13:28	-100	-100	-100	-100
2021-03-07T14:13:38	-100	-100	-100	-100
2021-03-07T14:13:48	-100	-100	-100	-100
2021-03-07T14:13:58	-100	-100	-100	-100
2021-03-07T14:14:08	-100	-100	-100	-100
2021-03-07T14:14:18	-100	-100	-100	-100
2021-03-07T14:14:28	-100	-100	-100	-100
2021-03-07T14:14:38	-100	-100	-100	-100
2021-03-07T14:14:48	-100	-100	-100	-100
2021-03-07T14:14:58	92	90	92	91
2021-03-07T14:15:08	92	90	92	91
2021-03-07T14:15:18	93	90	93	91
2021-03-07T14:15:28	96	92	98	91
2021-03-07T14:15:38	102	97	103	92
2021-03-07T14:15:48	107	100	103	92
2021-03-07T14:15:58	110	103	107	92
2021-03-07T14:16:08	113	103	110	93
2021-03-07T14:16:18	116	105	112	93
2021-03-07T14:16:28	116	107	113	94
2021-03-07T14:16:38	117	108	114	95
2021-03-07T14:16:48	119	109	116	96
2021-03-07T14:16:58	121	109	115	97
2021-03-07T14:17:08	121	109	116	97
2021-03-07T14:17:18	123	110	117	98
2021-03-07T14:17:28	124	111	116	98
2021-03-07T14:17:38	125	111	116	99
2021-03-07T14:17:48	125	111	117	99
2021-03-07T14:17:58	126	111	118	101
2021-03-07T14:18:08	127	112	118	101
2021-03-07T14:18:18	128	112	117	102
2021-03-07T14:18:28	130	113	118	103
2021-03-07T14:18:38	133	116	120	104
2021-03-07T14:18:48	133	118	121	105
2021-03-07T14:18:58	135	119	122	107
2021-03-07T14:19:08	135	121	123	106
2021-03-07T14:19:18	137	121	124	108
2021-03-07T14:19:28	138	123	126	109
2021-03-07T14:19:38	139	124	128	109
2021-03-07T14:19:48	139	124	128	109
2021-03-07T14:19:58	139	124	128	109
2021-03-07T14:20:08	139	124	128	109
2021-03-07T14:20:18	139	124	128	109
2021-03-07T14:20:28	139	124	128	109
2021-03-07T14:20:38	139	124	128	109
2021-03-07T14:20:48	139	124	128	109
2021-03-07T14:20:58	139	124	128	109
2021-03-07T14:21:08	139	124	128	109
2021-03-07T14:21:18	139	124	128	109
2021-03-07T14:21:28	139	124	128	109
2021-03-07T14:21:38	139	124	128	109
2021-03-07T14:21:48	-100	-100	-100	109
2021-03-07T14:21:58	-100	-100	-100	-100
2021-03-07T14:22:08	-100	-100	-100	-100
2021-03-07T14:22:18	-100	-100	-100	-100
2021-03-07T14:22:28	-100	-100	-100	-100
2021-03-07T14:22:38	-100	-100	-100	-100
2021-03-07T14:22:48	-100	-100	-100	-100
2021-03-07T14:22:58	-100	-100	-100	-100
2021-03-07T14:23:08	-100	-100	-100	-100
2021-03-07T14:23:18	-100	-100	-100	-100
2021-03-07T14:23:28	-100	-100	-100	-100
2021-03-07T14:23:38	-100	-100	-100	-100
2021-03-07T14:23:48	-100	-100	-100	-100
2021-03-07T14:23:58	-100	-100	-100	-100
2021-03-07T14:24:08	-100	-100	-100	-100
2021-03-07T14:24:18	-100	-100	-100	-100
2021-03-07T14:24:28	-100	-100	-100	-100
2021-03-07T14:24:38	-100	-100	-100	-100
2021-03-07T14:24:48	-100	-100	-100	-100
2021-03-07T14:24:58	-100	-100	-100	-100
2021-03-07T14:25:08	-100	-100	-100	-100
2021-03-07T14:25:18	-100	-100	-100	-100
2021-03-07T14:25:28	-100	-100	-100	-100
2021-03-07T14:25:38	-100	-100	-100	-100
2021-03-07T14:25:48	-100	-100	-100	-100
2021-03-07T14:25:58	-100	-100	-100	-100
2021-03-07T14:26:08	-100	-100	-100	-100
2021-03-07T14:26:18	-100	-100	-100	-100
2021-03-07T14:26:28	-100	-100	-100	-100
2021-03-07T14:26:38	-100	-100	-100	-100
2021-03-07T14:26:48	-100	-100	-100	-100
2021-03-07T14:26:58	-100	-100	-100	-100
2021-03-07T14:27:08	-100	-100	-100	-100
2021-03-07T14:27:18	-100	-100	-100	-100
2021-03-07T14:27:28	-100	-100	-100	-100
2021-03-07T14:27:38	-100	-100	-100	-100
2021-03-07T14:27:48	-100	-100	-100	-100
2021-03-07T14:27:58	-100	-100	-100	-100
2021-03-07T14:28:08	-100	-100	-100	-100
2021-03-07T14:28:18	-100	-100	-100	-100
2021-03-07T14:28:28	-100	-100	-100	-100
2021-03-07T14:28:38	-100	-100	-100	-100
2021-03-07T14:28:48	-100	-100	-100	-100
2021-03-07T14:28:58	-100	-100	-100	-100
2021-03-07T14:29:08	-100	-100	-100	-100
2021-03-07T14:29:18	-100	-100	-100	-100
2021-03-07T14:29:28	-100	-100	-100	-100
2021-03-07T14:29:38	-100	-100	-100	-100
2021-03-07T14:29:48	-100	-100	-100	-100
2021-03-07T14:29:58	-100	-100	-100	-100
2021-03-07T14:30:08	-100	-100	-100	-100
2021-03-07T14:30:18	-100	-100	-100	-100
2021-03-07T14:30:28	-100	-100	-100	-100
2021-03-07T14:30:38	-100	-100	-100	-100
2021-03-07T14:30:48	-100	-100	-100	-100
2021-03-07T14:30:58	-100	-100	-100	-100
2021-03-07T14:31:08	-100	-100	-100	-100
2021-03-07T14:31:18	-100	-100	-100	-100
2021-03-07T14:31:28	-100	-100	-100	-100
2021-03-07T14:31:38	-100	-100	-100	-100
2021-03-07T14:31:48	-100	-100	-100	-100
2021-03-07T14:31:58	-100	-100	-100	-100
2021-03-07T14:32:08	-100	-100	-100	-100
2021-03-07T14:32:18	-100	-100	-100	-100
2021-03-07T14:32:28	-100	-100	-100	-100
2021-03-07T14:32:38	-100	-100	-100	-100
2021-03-07T14:32:48	-100	-100	-100	-100
2021-03-07T14:32:58	-100	-100	-100	-100
2021-03-07T14:33:08	-100	-100	-100	-100
2021-03-07T14:33:18	-100	-100	-100	-100
2021-03-07T14:33:28	-100	-100	-100	-100
2021-03-07T14:33:38	-100	-100	-100	-100
2021-03-07T14:33:48	-100	-100	-100	-100
2021-03-07T14:33:58	-100	-100	-100	-100
2021-03-07T14:34:08	-100	-100	-100	-100
2021-03-07T14:34:18	-100	-100	-100	-100
2021-03-07T14:34:28	-100	-100	-100	-100
2021-03-07T14:34:38	-100	-100	-100	-100
2021-03-07T14:34:48	-100	-100	-100	-100
2021-03-07T14:34:58	-100	-100	-100	-100
2021-03-07T14:35:08	-100	-100	-100	-100
2021-03-07T14:35:18	-100	-100	-100	-100
2021-03-07T14:35:28	-100	-100	-100	-100
2021-03-07T14:35:38	-100	-100	-100	-100
2021-03-07T14:35:48	-100	-100	-100	-100
2021-03-07T14:35:58	-100	-100	-100	-100
2021-03-07T14:36:08	-100	-100	-100	-100
2021-03-07T14:36:18	-100	-100	-100	-100
2021-03-07T14:36:28	-100	-100	-100	-100
2021-03-07T14:36:38	-100	-100	-100	-100
2021-03-07T14:36:48	-100	-100	-100	-100
2021-03-07T14:36:58	-100	-100	-100	-100
2021-03-07T14:37:08	-100	-100	-100	-100
2021-03-07T14:37:18	-100	-100	-100	-100
2021-03-07T14:37:28	-100	-100	-100	-100
2021-03-07T14:37:38	-100	-100	-100	-100
2021-03-07T14:37:48	-100	-100	-100	-100
2021-03-07T14:37:58	-100	-100	-100	-100
2021-03-07T14:38:08	-100	-100	-100	-100
2021-03-07T14:38:18	-100	-100	-100	-100
2021-03-07T14:38:28	-100	-100	-100	-100
2021-03-07T14:38:38	-100	-100	-100	-100
2021-03-07T14:38:48	-100	-100	-100	-100
2021-03-07T14:38:58	-100	-100	-100	-100
2021-03-07T14:39:08	-100	-100	-100	-100
2021-03-07T14:39:18	-100	-100	-100	-100
2021-03-07T14:39:28	-100	-100	-100	-100
2021-03-07T14:39:38	-100	-100	-100	-100
2021-03-07T14:39:48	-100	-100	-100	-100
2021-03-07T14:39:58	-100	-100	-100	-100
2021-03-07T14:40:08	-100	-100	-100	-100
2021-03-07T14:40:18	-100	-100	-100	-100
2021-03-07T14:40:28	-100	-100	-100	-100
2021-03-07T14:40:38	-100	-100	-100	-100
2021-03-07T14:40:48	-100	-100	-100	-100
2021-03-07T14:40:58	-100	-100	-100	-100
2021-03-07T14:41:08	-100	-100	-100	-100
2021-03-07T14:41:18	-100	-100	-100	-100
2021-03-07T14:41:28	-100	-100	-100	-100
2021-03-07T14:41:38	-100	-100	-100	-100
2021-03-07T14:41:48	-100	-100	-100	-100
2021-03-07T14:41:58	-100	-100	-100	-100
2021-03-07T14:42:08	-100	-100	-100	-100
2021-03-07T14:42:18	-100	-100	-100	-100
2021-03-07T14:42:28	-100	-100	-100	-100
2021-03-07T14:42:38	-100	-100	-100	-100
2021-03-07T14:42:48	-100	-100	-100	-100
2021-03-07T14:42:58	-100	-100	-100	-100
2021-03-07T14:43:08	-100	-100	-100	-100
2021-03-07T14:43:18	-100	-100	-100	-100
2021-03-07T14:43:28	-100	-100	-100	-100
2021-03-07T14:43:38	-100	-100	-100	-100
2021-03-07T14:43:48	-100	-100	-100	-100
2021-03-07T14:43:58	-100	-100	-100	-100
2021-03-07T14:44:08	-100	-100	-100	-100
2021-03-07T14:44:18	-100	-100	-100	-100
2021-03-07T14:44:28	-100	-100	-100	-100
2021-03-07T14:44:38	-100	-100	-100	-100
2021-03-07T14:44:48	-100	-100	-100	-100
2021-03-07T14:44:58	-100	-100	-100	-100
2021-03-07T14:45:08	-100	-100	-100	-100
2021-03-07T14:45:18	-100	-100	-100	-100
2021-03-07T14:45:28	-100	-100	-100	-100
2021-03-07T14:45:38	-100	-100	-100	-100
2021-03-07T14:45:48	-100	-100	-100	-100
2021-03-07T14:45:58	-100	-100	-100	-100
2021-03-07T14:46:08	-100	-100	-100	-100
2021-03-07T14:46:18	-100	-100	-100	-100
2021-03-07T14:46:28	-100	-100	-100	-100
2021-03-07T14:46:38	-100	-100	-100	-100
2021-03-07T14:46:48	-100	-100	-100	-100
2021-03-07T14:46:58	-100	-100	-100	-100
2021-03-07T14:47:08	-100	-100	-100	-100
2021-03-07T14:47:18	-100	-100	-100	-100
2021-03-07T14:47:28	-100	-100	-100	-100
2021-03-07T14:47:38	-100	-100	-100	-100
2021-03-07T14:47:48	-100	-100	-100	-100
2021-03-07T14:47:58	-100	-100	-100	-100
2021-03-07T14:48:08	-100	-100	-100	-100
2021-03-07T14:48:18	-100	-100	-100	-100
2021-03-07T14:48:28	-100	-100	-100	-100
2021-03-07T14:48:38	-100	-100	-100	-100
2021-03-07T14:48:48	-100	-100	-100	-100
2021-03-07T14:48:58	-100	-100	-100	-100
2021-03-07T14:49:08	-100	-100	-100	-100
2021-03-07T14:49:18	-100	-100	-100	-100
2021-03-07T14:49:28	-100	-100	-100	-100
2021-03-07T14:49:38	-100	-100	-100	-100
2021-03-07T14:49:48	-100	-100	-100	-100
2021-03-07T14:49:58	-100	-100	-100	-100
2021-03-07T14:50:08	-100	-100	-100	-100
2021-03-07T14:50:18	-100	-100	-100	-100
2021-03-07T14:50:28	-100	-100	-100	-100
2021-03-07T14:50:38	-100	-100	-100	-100
2021-03-07T14:50:48	-100	-100	-100	-100
2021-03-07T14:50:58	-100	-100	-100	-100
2021-03-07T14:51:08	-100	-100	-100	-100
2021-03-07T14:51:18	-100	-100	-100	-100
2021-03-07T14:51:28	-100	-100	-100	-100
2021-03-07T14:51:38	-100	-100	-100	-100
2021-03-07T14:51:48	-100	-100	-100	-100
2021-03-07T14:51:58	-100	-100	-100	-100
2021-03-07T14:52:08	-100	-100	-100	-100
2021-03-07T14:52:18	-100	-100	-100	-100
2021-03-07T14:52:28	-100	-100	-100	-100
2021-03-07T14:52:38	-100	-100	-100	-100
2021-03-07T14:52:48	-100	-100	-100	-100
2021-03-07T14:52:58	-100	-100	-100	-100
2021-03-07T14:53:08	-100	-100	-100	-100
2021-03-07T14:53:18	-100	-100	-100	-100
2021-03-07T14:53:28	-100	-100	-100	-100
2021-03-07T14:53:38	-100	-100	-100	-100
2021-03-07T14:53:48	-100	-100	-100	-100
2021-03-07T14:53:58	-100	-100	-100	-100
2021-03-07T14:54:08	-100	-100	-100	-100
2021-03-07T14:54:18	-100	-100	-100	-100
2021-03-07T14:54:28	-100	-100	-100	-100
2021-03-07T14:54:38	-100	-100	-100	-100
2021-03-07T14:54:48	-100	-100	-100	-100
2021-03-07T14:54:58	-100	-100	-100	-100
2021-03-07T14:55:08	-100	-100	-100	-100
2021-03-07T14:55:18	-100	-100	-100	-100
2021-03-07T14:55:28	-100	-100	-100	-100
2021-03-07T14:55:38	-100	-100	-100	-100
2021-03-07T14:55:48	-100	-100	-100	-100
2021-03-07T14:55:58	-100	-100	-100	-100
2021-03-07T14:56:08	-100	-100	-100	-100
2021-03-07T14:56:18	-100	-100	-100	-100
2021-03-07T14:56:28	-100	-100	-100	-100
2021-03-07T14:56:38	-100	-100	-100	-100
2021-03-07T14:56:48	-100	-100	-100	-100
2021-03-07T14:56:58	-100	-100	-100	-100
2021-03-07T14:57:08	-100	-100	-100	-100
2021-03-07T14:57:18	-100	-100	-100	-100
2021-03-07T14:57:28	-100	-100	-100	-100
2021-03-07T14:57:38	-100	-100	-100	-100
2021-03-07T14:57:48	-100	-100	-100	-100
2021-03-07T14:57:58	-100	-100	-100	-100
2021-03-07T14:58:08	-100	-100	-100	-100
2021-03-07T14:58:18	-100	-100	-100	-100
2021-03-07T14:58:28	-100	-100	-100	-100
2021-03-07T14:58:38	-100	-100	-100	-100
2021-03-07T14:58:48	-100	-100	-100	-100
2021-03-07T14:58:58	-100	-100	-100	-100
2021-03-07T14:59:08	-100	-100	-100	-100
2021-03-07T14:59:18	-100	-100	-100	-100
2021-03-07T14:59:28	-100	-100	-100	-100
2021-03-07T14:59:38	-100	-100	-100	-100
2021-03-07T14:59:48	-100	-100	-100	-100
2021-03-07T14:59:58	-100	-100	-100	-100
2021-03-07T15:00:08	-100	-100	-100	-100
2021-03-07T15:00:18	-100	-100	-100	-100
2021-03-07T15:00:28	-100	-100	-100	-100
2021-03-07T15:00:38	-100	-100	-100	-100
2021-03-07T15:00:48	-100	-100	-100	-100
2021-03-07T15:00:58	-100	-100	-100	-100
2021-03-07T15:01:08	-100	-100	-100	-100
2021-03-07T15:01:18	-100	-100	-100	-100
2021-03-07T15:01:28	-100	-100	-100	-100
2021-03-07T15:01:38	-100	-100	-100	-100
2021-03-07T15:01:48	-100	-100	-100	-100
2021-03-07T15:01:58	-100	-100	-100	-100
2021-03-07T15:02:08	-100	-100	-100	-100
2021-03-07T15:02:18	101	103	106	105
2021-03-07T15:02:28	103	103	108	105
2021-03-07T15:02:38	108	106	113	105
2021-03-07T15:02:48	114	111	120	106
2021-03-07T15:02:58	120	117	128	106
2021-03-07T15:03:08	130	124	128	106
2021-03-07T15:03:18	137	131	137	107
2021-03-07T15:03:28	145	131	144	109
2021-03-07T15:03:38	145	137	149	110
2021-03-07T15:03:48	152	142	153	112
2021-03-07T15:03:58	156	145	155	114
2021-03-07T15:04:08	160	147	157	115
2021-03-07T15:04:18	163	150	158	117
2021-03-07T15:04:28	166	152	159	119
2021-03-07T15:04:38	168	154	159	121
2021-03-07T15:04:48	172	156	160	123
2021-03-07T15:04:58	174	157	160	123
2021-03-07T15:05:08	176	157	161	124
2021-03-07T15:05:18	178	158	161	126
2021-03-07T15:05:28	179	159	161	128
2021-03-07T15:05:38	181	159	161	130
2021-03-07T15:05:48	182	159	162	131
2021-03-07T15:05:58	182	160	163	131
2021-03-07T15:06:08	182	160	163	131
2021-03-07T15:06:18	182	160	163	131
2021-03-07T15:06:28	182	160	163	131
2021-03-07T15:06:38	182	160	163	131
2021-03-07T15:06:48	182	160	163	131
2021-03-07T15:06:58	182	160	163	131
2021-03-07T15:07:08	182	160	163	131
