time	T1	T2	T3	T4
2021-09-15T15:01:47	20	23	24	27
2021-09-15T15:02:17	21	23	24	27
2021-09-15T15:02:47	21	23	24	27
2021-09-15T15:03:17	21	23	24	27
2021-09-15T15:03:47	21	23	24	27
2021-09-15T15:04:17	21	23	24	27
2021-09-15T15:04:47	21	23	24	28
2021-09-15T15:05:17	21	23	24	27
2021-09-15T15:05:47	21	23	24	26
2021-09-15T15:06:17	21	23	24	28
2021-09-15T15:06:47	21	23	24	28
2021-09-15T15:07:17	21	23	24	27
2021-09-15T15:07:47	21	23	24	27
2021-09-15T15:08:17	21	23	24	27
2021-09-15T15:08:47	21	23	24	27
2021-09-15T15:09:17	21	23	24	27
2021-09-15T15:09:47	21	23	24	27
2021-09-15T15:10:17	21	23	24	27
2021-09-15T15:10:47	21	23	24	27
2021-09-15T15:11:17	21	23	24	26
2021-09-15T15:11:47	21	23	24	26
2021-09-15T15:12:17	21	23	24	27
2021-09-15T15:12:47	21	23	24	27
2021-09-15T15:13:17	21	23	25	27
2021-09-15T15:13:47	22	23	25	27
2021-09-15T15:14:17	21	23	24	27
2021-09-15T15:14:47	21	23	25	27
2021-09-15T15:15:17	21	23	24	26
2021-09-15T15:15:47	21	23	24	26
2021-09-15T15:16:17	21	23	24	26
2021-09-15T15:16:47	21	23	25	26
2021-09-15T15:17:17	21	23	24	26
2021-09-15T15:17:47	22	23	24	26
2021-09-15T15:18:17	22	23	24	26
2021-09-15T15:18:47	22	23	24	26
2021-09-15T15:19:17	22	23	24	26
2021-09-15T15:19:47	22	23	24	26
2021-09-15T15:20:17	22	23	24	25
2021-09-15T15:20:47	22	23	24	25
2021-09-15T15:21:17	22	23	24	25
2021-09-15T15:21:47	22	23	24	26
2021-09-15T15:22:17	22	23	24	26
2021-09-15T15:22:47	22	23	24	26
2021-09-15T15:23:17	21	23	24	26
2021-09-15T15:23:47	22	23	24	26
2021-09-15T15:24:17	21	23	24	26
2021-09-15T15:24:47	22	23	24	26
2021-09-15T15:25:17	22	23	24	26
2021-09-15T15:25:47	22	23	24	26
2021-09-15T15:26:17	21	23	24	25
2021-09-15T15:26:47	21	23	24	25
2021-09-15T15:27:17	21	23	24	25
2021-09-15T15:27:47	21	23	24	25
2021-09-15T15:28:17	21	23	24	25
2021-09-15T15:28:47	21	23	24	25
2021-09-15T15:29:17	21	23	24	25
2021-09-15T15:29:47	21	23	24	25
2021-09-15T15:30:17	21	23	24	25
2021-09-15T15:30:47	21	23	24	25
2021-09-15T15:31:17	21	23	25	25
2021-09-15T15:31:47	21	23	25	25
2021-09-15T15:32:17	21	23	24	25
2021-09-15T15:32:47	21	23	25	25
2021-09-15T15:33:17	21	23	24	25
2021-09-15T15:33:47	21	23	24	25
2021-09-15T15:34:17	21	23	24	25
2021-09-15T15:34:47	21	23	24	25
2021-09-15T15:35:17	21	23	24	25
2021-09-15T15:35:47	22	23	24	25
2021-09-15T15:36:17	21	23	24	26
2021-09-15T15:36:47	22	23	24	25
2021-09-15T15:37:17	22	23	24	26
2021-09-15T15:37:47	22	23	24	27
2021-09-15T15:38:17	22	23	25	26
2021-09-15T15:38:47	22	23	24	27
2021-09-15T15:39:17	22	23	24	26
2021-09-15T15:39:47	22	23	24	27
2021-09-15T15:40:17	22	23	24	27
2021-09-15T15:40:47	22	23	24	27
2021-09-15T15:41:17	22	23	24	28
2021-09-15T15:41:47	22	23	24	27
2021-09-15T15:42:17	22	23	24	28
2021-09-15T15:42:47	22	23	24	28
2021-09-15T15:43:17	22	23	24	28
2021-09-15T15:43:47	22	23	24	28
2021-09-15T15:44:17	22	23	24	28
2021-09-15T15:44:47	22	23	24	28
2021-09-15T15:45:17	22	23	24	28
2021-09-15T15:45:47	22	23	24	28
2021-09-15T15:46:17	22	23	24	28
2021-09-15T15:46:47	22	23	24	28
2021-09-15T15:47:17	22	23	24	28
2021-09-15T15:47:47	22	23	24	28
2021-09-15T15:48:17	22	23	24	28
2021-09-15T15:48:47	22	23	24	28
2021-09-15T15:49:17	22	23	24	28
2021-09-15T15:49:47	22	23	24	28
2021-09-15T15:50:17	22	24	24	28
2021-09-15T15:50:47	22	24	24	28
2021-09-15T15:51:17	22	24	24	28
2021-09-15T15:51:47	22	24	24	28
2021-09-15T15:52:17	22	24	24	28
2021-09-15T15:52:47	22	24	24	28
2021-09-15T15:53:17	22	23	24	28
2021-09-15T15:53:47	22	24	24	28
2021-09-15T15:54:17	22	24	24	28
2021-09-15T15:54:47	22	23	24	28
2021-09-15T15:55:17	22	24	24	28
2021-09-15T15:55:47	22	24	24	28
2021-09-15T15:56:17	22	24	24	28
2021-09-15T15:56:47	22	24	24	28
2021-09-15T15:57:17	22	23	24	28
2021-09-15T15:57:47	22	24	24	28
2021-09-15T15:58:17	22	23	24	28
2021-09-15T15:58:47	22	24	24	28
2021-09-15T15:59:17	22	23	24	28
2021-09-15T15:59:47	22	24	24	28
2021-09-15T16:00:17	22	24	24	28
2021-09-15T16:00:47	22	24	24	28
2021-09-15T16:01:17	22	23	24	28
2021-09-15T16:01:47	22	24	24	28
2021-09-15T16:02:17	22	24	24	28
2021-09-15T16:02:47	22	24	24	28
2021-09-15T16:03:17	22	24	24	28
2021-09-15T16:03:47	22	24	24	28
2021-09-15T16:04:17	22	24	24	28
2021-09-15T16:04:47	22	24	24	28
2021-09-15T16:05:17	22	24	24	28
2021-09-15T16:05:47	22	24	24	28
2021-09-15T16:06:17	22	23	24	28
2021-09-15T16:06:47	22	23	24	28
2021-09-15T16:07:17	22	23	24	28
2021-09-15T16:07:47	22	24	24	28
2021-09-15T16:08:17	22	24	24	28
2021-09-15T16:08:47	22	24	24	28
2021-09-15T16:09:17	22	23	24	28
2021-09-15T16:09:47	22	23	24	28
2021-09-15T16:10:17	22	23	24	28
2021-09-15T16:10:47	22	24	24	28
2021-09-15T16:11:17	22	24	24	28
2021-09-15T16:11:47	22	24	24	28
2021-09-15T16:12:17	22	23	24	28
2021-09-15T16:12:47	22	24	24	28
2021-09-15T16:13:17	22	24	24	28
2021-09-15T16:13:47	22	24	24	28
2021-09-15T16:14:17	22	24	24	28
2021-09-15T16:14:47	22	24	24	28
2021-09-15T16:15:17	22	24	24	28
2021-09-15T16:15:47	22	24	24	28
2021-09-15T16:16:17	22	24	24	28
2021-09-15T16:16:47	22	24	24	28
2021-09-15T16:17:17	22	24	24	28
2021-09-15T16:17:47	22	24	24	28
2021-09-15T16:18:17	22	24	24	28
2021-09-15T16:18:47	22	24	24	28
2021-09-15T16:19:17	22	24	24	28
2021-09-15T16:19:47	22	24	25	27
2021-09-15T16:20:17	22	24	24	27
2021-09-15T16:20:47	22	24	24	27
2021-09-15T16:21:17	22	24	24	27
2021-09-15T16:21:47	22	24	24	27
2021-09-15T16:22:17	22	24	24	27
2021-09-15T16:22:47	22	24	24	27
2021-09-15T16:23:17	22	24	24	27
2021-09-15T16:23:47	22	24	24	27
2021-09-15T16:24:17	22	24	24	27
2021-09-15T16:24:47	22	24	24	27
2021-09-15T16:25:17	22	24	24	27
2021-09-15T16:25:47	22	24	24	27
2021-09-15T16:26:17	22	24	24	27
2021-09-15T16:26:47	22	24	24	27
2021-09-15T16:27:17	22	24	24	27
2021-09-15T16:27:47	22	24	24	27
2021-09-15T16:28:17	23	25	25	28
2021-09-15T16:28:47	23	25	26	27
2021-09-15T16:29:17	24	26	26	27
2021-09-15T16:29:47	24	27	27	27
2021-09-15T16:30:17	27	27	28	27
2021-09-15T16:30:47	36	33	38	28
2021-09-15T16:31:17	43	40	42	29
2021-09-15T16:31:47	48	46	47	30
2021-09-15T16:32:17	50	50	51	32
2021-09-15T16:32:47	56	57	60	35
2021-09-15T16:33:17	63	63	64	38
2021-09-15T16:33:47	73	70	71	42
2021-09-15T16:34:17	75	74	70	44
2021-09-15T16:34:47	75	75	73	47
2021-09-15T16:35:17	75	77	72	50
2021-09-15T16:35:47	80	79	76	54
2021-09-15T16:36:17	81	80	76	55
2021-09-15T16:36:47	81	80	75	58
2021-09-15T16:37:17	81	82	77	60
2021-09-15T16:37:47	81	83	79	61
2021-09-15T16:38:17	80	85	79	63
2021-09-15T16:38:47	84	85	81	64
2021-09-15T16:39:17	88	87	81	66
2021-09-15T16:39:47	88	88	81	67
2021-09-15T16:40:17	88	89	83	68
2021-09-15T16:40:47	86	89	82	70
2021-09-15T16:41:17	87	92	85	70
2021-09-15T16:41:47	87	92	84	71
2021-09-15T16:42:17	92	93	87	72
2021-09-15T16:42:47	93	93	86	74
2021-09-15T16:43:17	93	95	89	74
2021-09-15T16:43:47	92	96	88	76
2021-09-15T16:44:17	93	97	91	76
2021-09-15T16:44:47	95	98	91	77
2021-09-15T16:45:17	97	99	92	78
2021-09-15T16:45:47	96	100	91	79
2021-09-15T16:46:17	97	102	95	79
2021-09-15T16:46:47	96	102	94	80
2021-09-15T16:47:17	100	103	96	81
2021-09-15T16:47:47	101	104	96	82
2021-09-15T16:48:17	102	106	98	83
2021-09-15T16:48:47	101	105	97	84
2021-09-15T16:49:17	104	108	102	85
2021-09-15T16:49:47	104	109	100	86
2021-09-15T16:50:17	104	110	101	86
2021-09-15T16:50:47	106	110	101	87
2021-09-15T16:51:17	109	111	104	88
2021-09-15T16:51:47	108	112	104	89
2021-09-15T16:52:17	108	114	106	90
2021-09-15T16:52:47	108	114	105	91
2021-09-15T16:53:17	111	115	106	92
2021-09-15T16:53:47	112	116	109	92
2021-09-15T16:54:17	111	117	109	93
2021-09-15T16:54:47	112	117	109	94
2021-09-15T16:55:17	116	119	111	95
2021-09-15T16:55:47	116	119	112	96
2021-09-15T16:56:17	116	120	112	96
2021-09-15T16:56:47	116	122	115	97
2021-09-15T16:57:17	116	124	114	98
2021-09-15T16:57:47	120	124	117	99
2021-09-15T16:58:17	122	125	116	100
2021-09-15T16:58:47	122	124	116	101
2021-09-15T16:59:17	122	127	119	101
2021-09-15T16:59:47	120	128	120	102
2021-09-15T17:00:17	124	130	120	103
2021-09-15T17:00:47	124	129	119	104
2021-09-15T17:01:17	125	130	123	104
2021-09-15T17:01:47	125	131	122	105
2021-09-15T17:02:17	128	132	124	106
2021-09-15T17:02:47	129	132	124	107
2021-09-15T17:03:17	129	134	124	108
2021-09-15T17:03:47	128	135	128	109
2021-09-15T17:04:17	132	136	127	109
2021-09-15T17:04:47	132	136	129	110
2021-09-15T17:05:17	132	137	128	111
2021-09-15T17:05:47	135	139	131	112
2021-09-15T17:06:17	134	140	130	113
2021-09-15T17:06:47	135	142	133	114
2021-09-15T17:07:17	135	142	132	115
2021-09-15T17:07:47	139	144	135	116
2021-09-15T17:08:17	138	144	134	117
2021-09-15T17:08:47	139	147	137	117
2021-09-15T17:09:17	141	146	135	118
2021-09-15T17:09:47	144	149	139	119
2021-09-15T17:10:17	143	148	137	120
2021-09-15T17:10:47	142	149	141	120
2021-09-15T17:11:17	142	150	140	121
2021-09-15T17:11:47	147	150	142	122
2021-09-15T17:12:17	147	152	141	123
2021-09-15T17:12:47	147	153	145	124
2021-09-15T17:13:17	145	154	143	125
2021-09-15T17:13:47	150	154	146	125
2021-09-15T17:14:17	151	155	146	126
2021-09-15T17:14:47	151	157	147	127
2021-09-15T17:15:17	150	157	149	128
2021-09-15T17:15:47	153	159	149	129
2021-09-15T17:16:17	154	158	148	130
2021-09-15T17:16:47	155	160	151	131
2021-09-15T17:17:17	154	161	153	131
2021-09-15T17:17:47	158	162	154	132
2021-09-15T17:18:17	157	162	153	133
2021-09-15T17:18:47	157	163	154	134
2021-09-15T17:19:17	160	164	157	134
2021-09-15T17:19:47	162	165	156	135
2021-09-15T17:20:17	162	166	158	136
2021-09-15T17:20:47	161	167	158	137
2021-09-15T17:21:17	163	169	159	138
2021-09-15T17:21:47	162	171	160	139
2021-09-15T17:22:17	166	171	161	140
2021-09-15T17:22:47	168	173	164	141
2021-09-15T17:23:17	166	172	162	142
2021-09-15T17:23:47	166	174	164	142
2021-09-15T17:24:17	170	173	164	143
2021-09-15T17:24:47	173	175	166	144
2021-09-15T17:25:17	172	176	167	145
2021-09-15T17:25:47	170	176	167	146
2021-09-15T17:26:17	173	178	170	147
2021-09-15T17:26:47	174	178	169	148
2021-09-15T17:27:17	175	178	170	149
2021-09-15T17:27:47	174	179	170	150
2021-09-15T17:28:17	178	181	174	150
2021-09-15T17:28:47	178	181	172	151
2021-09-15T17:29:17	178	182	174	152
2021-09-15T17:29:47	178	183	176	153
2021-09-15T17:30:17	182	185	175	154
2021-09-15T17:30:47	180	186	178	154
2021-09-15T17:31:17	179	185	177	155
2021-09-15T17:31:47	184	186	180	156
2021-09-15T17:32:17	185	187	179	157
2021-09-15T17:32:47	185	188	181	158
2021-09-15T17:33:17	184	189	179	159
2021-09-15T17:33:47	187	191	184	160
2021-09-15T17:34:17	187	190	183	161
2021-09-15T17:34:47	187	193	185	162
2021-09-15T17:35:17	189	193	184	162
2021-09-15T17:35:47	190	194	186	163
2021-09-15T17:36:17	189	193	187	164
2021-09-15T17:36:47	192	196	188	165
2021-09-15T17:37:17	193	197	190	166
2021-09-15T17:37:47	193	197	190	167
2021-09-15T17:38:17	194	199	190	168
2021-09-15T17:38:47	194	199	193	168
2021-09-15T17:39:17	197	200	193	169
2021-09-15T17:39:47	197	201	194	170
2021-09-15T17:40:17	198	202	194	171
2021-09-15T17:40:47	200	204	197	172
2021-09-15T17:41:17	199	203	197	174
2021-09-15T17:41:47	201	205	197	175
2021-09-15T17:42:17	201	206	199	176
2021-09-15T17:42:47	201	206	200	176
2021-09-15T17:43:17	205	208	201	176
2021-09-15T17:43:47	205	209	201	177
2021-09-15T17:44:17	205	210	202	178
2021-09-15T17:44:47	205	211	202	179
2021-09-15T17:45:17	209	212	206	180
2021-09-15T17:45:47	208	212	206	181
2021-09-15T17:46:17	210	214	208	181
2021-09-15T17:46:47	211	215	206	182
2021-09-15T17:47:17	210	216	207	183
2021-09-15T17:47:47	210	217	210	184
2021-09-15T17:48:17	215	216	209	185
2021-09-15T17:48:47	216	218	212	186
2021-09-15T17:49:17	213	218	210	187
2021-09-15T17:49:47	218	220	214	188
2021-09-15T17:50:17	219	221	214	189
2021-09-15T17:50:47	217	222	215	190
2021-09-15T17:51:17	218	223	216	191
2021-09-15T17:51:47	221	225	216	193
2021-09-15T17:52:17	219	225	218	194
2021-09-15T17:52:47	221	226	218	195
2021-09-15T17:53:17	224	226	218	196
2021-09-15T17:53:47	223	227	220	196
2021-09-15T17:54:17	223	227	221	197
2021-09-15T17:54:47	226	229	221	198
2021-09-15T17:55:17	226	229	223	199
2021-09-15T17:55:47	225	230	224	200
2021-09-15T17:56:17	229	231	223	201
2021-09-15T17:56:47	228	232	224	202
2021-09-15T17:57:17	230	233	228	202
2021-09-15T17:57:47	230	233	228	203
2021-09-15T17:58:17	232	236	230	204
2021-09-15T17:58:47	231	236	229	205
2021-09-15T17:59:17	235	237	231	206
2021-09-15T17:59:47	235	237	231	207
2021-09-15T18:00:17	233	238	230	208
2021-09-15T18:00:47	238	240	235	209
2021-09-15T18:01:17	237	239	233	210
2021-09-15T18:01:47	237	240	235	210
2021-09-15T18:02:17	239	241	236	211
2021-09-15T18:02:47	239	242	237	212
2021-09-15T18:03:17	241	243	237	212
2021-09-15T18:03:47	243	244	239	214
2021-09-15T18:04:17	242	245	238	215
2021-09-15T18:04:47	244	246	241	215
2021-09-15T18:05:17	245	248	243	216
2021-09-15T18:05:47	244	248	242	218
2021-09-15T18:06:17	248	249	244	219
2021-09-15T18:06:47	248	249	244	220
2021-09-15T18:07:17	246	251	245	221
2021-09-15T18:07:47	250	252	247	221
2021-09-15T18:08:17	248	252	247	222
2021-09-15T18:08:47	251	253	249	223
2021-09-15T18:09:17	251	254	251	224
2021-09-15T18:09:47	254	256	250	225
2021-09-15T18:10:17	252	257	250	226
2021-09-15T18:10:47	255	258	253	227
2021-09-15T18:11:17	254	257	251	228
2021-09-15T18:11:47	259	260	253	229
2021-09-15T18:12:17	259	261	256	230
2021-09-15T18:12:47	257	260	256	230
2021-09-15T18:13:17	260	261	256	231
2021-09-15T18:13:47	260	263	258	232
2021-09-15T18:14:17	261	263	260	233
2021-09-15T18:14:47	262	264	258	234
2021-09-15T18:15:17	262	265	261	235
2021-09-15T18:15:47	265	267	259	236
2021-09-15T18:16:17	266	268	263	237
2021-09-15T18:16:47	264	267	263	238
2021-09-15T18:17:17	269	269	266	239
2021-09-15T18:17:47	267	270	264	240
2021-09-15T18:18:17	269	272	267	241
2021-09-15T18:18:47	269	272	264	242
2021-09-15T18:19:17	271	273	269	243
2021-09-15T18:19:47	270	274	267	244
2021-09-15T18:20:17	273	276	271	245
2021-09-15T18:20:47	271	276	269	245
2021-09-15T18:21:17	276	278	273	246
2021-09-15T18:21:47	276	277	270	247
2021-09-15T18:22:17	276	278	273	248
2021-09-15T18:22:47	275	280	275	248
2021-09-15T18:23:17	278	280	274	249
2021-09-15T18:23:47	277	282	277	250
2021-09-15T18:24:17	282	282	277	251
2021-09-15T18:24:47	281	283	276	252
2021-09-15T18:25:17	281	284	280	253
2021-09-15T18:25:47	282	285	281	254
2021-09-15T18:26:17	283	285	281	256
2021-09-15T18:26:47	286	287	282	256
2021-09-15T18:27:17	284	288	282	257
2021-09-15T18:27:47	287	288	282	258
2021-09-15T18:28:17	286	290	285	259
2021-09-15T18:28:47	289	291	286	260
2021-09-15T18:29:17	290	291	287	260
2021-09-15T18:29:47	289	291	287	262
2021-09-15T18:30:17	292	293	288	263
2021-09-15T18:30:47	292	294	288	263
2021-09-15T18:31:17	293	297	290	264
2021-09-15T18:31:47	293	297	290	265
2021-09-15T18:32:17	297	297	291	266
2021-09-15T18:32:47	294	298	292	267
2021-09-15T18:33:17	297	298	296	268
2021-09-15T18:33:47	297	299	296	269
2021-09-15T18:34:17	300	300	296	270
2021-09-15T18:34:47	299	302	298	271
2021-09-15T18:35:17	301	301	298	272
2021-09-15T18:35:47	300	303	298	273
2021-09-15T18:36:17	304	303	301	274
2021-09-15T18:36:47	301	304	299	275
2021-09-15T18:37:17	305	304	302	275
2021-09-15T18:37:47	304	305	300	276
2021-09-15T18:38:17	305	307	302	277
2021-09-15T18:38:47	307	308	303	279
2021-09-15T18:39:17	309	309	305	279
2021-09-15T18:39:47	307	309	305	280
2021-09-15T18:40:17	312	311	306	282
2021-09-15T18:40:47	310	311	309	283
2021-09-15T18:41:17	311	312	310	284
2021-09-15T18:41:47	313	312	309	285
2021-09-15T18:42:17	313	312	310	286
2021-09-15T18:42:47	312	313	312	287
2021-09-15T18:43:17	316	315	313	288
2021-09-15T18:43:47	316	315	312	289
2021-09-15T18:44:17	317	316	316	290
2021-09-15T18:44:47	319	316	315	291
2021-09-15T18:45:17	318	318	318	292
2021-09-15T18:45:47	318	318	317	293
2021-09-15T18:46:17	320	320	316	294
2021-09-15T18:46:47	322	322	320	294
2021-09-15T18:47:17	322	323	319	295
2021-09-15T18:47:47	325	323	321	296
2021-09-15T18:48:17	324	323	321	297
2021-09-15T18:48:47	325	325	324	298
2021-09-15T18:49:17	327	325	322	299
2021-09-15T18:49:47	328	326	325	301
2021-09-15T18:50:17	327	328	326	301
2021-09-15T18:50:47	331	329	328	302
2021-09-15T18:51:17	330	329	326	303
2021-09-15T18:51:47	331	330	330	304
2021-09-15T18:52:17	332	331	330	305
2021-09-15T18:52:47	331	331	331	306
2021-09-15T18:53:17	334	332	332	307
2021-09-15T18:53:47	335	332	331	308
2021-09-15T18:54:17	334	334	332	309
2021-09-15T18:54:47	337	334	334	310
2021-09-15T18:55:17	341	335	335	311
2021-09-15T18:55:47	337	336	337	312
2021-09-15T18:56:17	339	336	336	313
2021-09-15T18:56:47	340	337	337	313
2021-09-15T18:57:17	343	338	340	314
2021-09-15T18:57:47	343	338	339	315
2021-09-15T18:58:17	345	339	341	316
2021-09-15T18:58:47	346	340	342	317
2021-09-15T18:59:17	344	341	343	318
2021-09-15T18:59:47	348	342	345	318
2021-09-15T19:00:17	346	341	343	320
2021-09-15T19:00:47	346	342	347	320
2021-09-15T19:01:17	349	343	346	322
2021-09-15T19:01:47	349	344	349	323
2021-09-15T19:02:17	352	344	348	324
2021-09-15T19:02:47	350	345	350	325
2021-09-15T19:03:17	354	346	351	326
2021-09-15T19:03:47	351	348	350	326
2021-09-15T19:04:17	356	348	354	328
2021-09-15T19:04:47	354	349	354	327
2021-09-15T19:05:17	357	350	353	329
2021-09-15T19:05:47	357	351	356	329
2021-09-15T19:06:17	356	352	356	331
2021-09-15T19:06:47	360	352	357	332
2021-09-15T19:07:17	359	352	358	333
2021-09-15T19:07:47	361	354	359	334
2021-09-15T19:08:17	362	356	361	336
2021-09-15T19:08:47	362	356	360	336
2021-09-15T19:09:17	366	358	363	337
2021-09-15T19:09:47	364	358	361	338
2021-09-15T19:10:17	366	359	364	339
2021-09-15T19:10:47	368	359	363	340
2021-09-15T19:11:17	367	361	365	341
2021-09-15T19:11:47	368	362	366	341
2021-09-15T19:12:17	369	363	368	343
2021-09-15T19:12:47	370	364	368	344
2021-09-15T19:13:17	369	364	368	344
2021-09-15T19:13:47	373	365	371	346
2021-09-15T19:14:17	371	365	372	346
2021-09-15T19:14:47	375	367	372	347
2021-09-15T19:15:17	374	367	373	348
2021-09-15T19:15:47	375	368	373	349
2021-09-15T19:16:17	377	368	375	350
2021-09-15T19:16:47	376	369	375	351
2021-09-15T19:17:17	379	371	377	352
2021-09-15T19:17:47	379	371	376	353
2021-09-15T19:18:17	382	373	380	354
2021-09-15T19:18:47	380	373	379	355
2021-09-15T19:19:17	383	374	380	356
2021-09-15T19:19:47	382	374	381	357
2021-09-15T19:20:17	386	376	383	358
2021-09-15T19:20:47	383	376	382	359
2021-09-15T19:21:17	388	378	385	360
2021-09-15T19:21:47	386	378	386	361
2021-09-15T19:22:17	389	379	386	362
2021-09-15T19:22:47	388	380	388	363
2021-09-15T19:23:17	390	381	387	364
2021-09-15T19:23:47	391	382	391	364
2021-09-15T19:24:17	391	383	390	365
2021-09-15T19:24:47	393	383	389	366
2021-09-15T19:25:17	394	384	392	368
2021-09-15T19:25:47	394	384	393	368
2021-09-15T19:26:17	395	385	394	369
2021-09-15T19:26:47	394	386	393	370
2021-09-15T19:27:17	398	387	396	372
2021-09-15T19:27:47	399	387	397	372
2021-09-15T19:28:17	398	389	397	373
2021-09-15T19:28:47	399	389	398	374
2021-09-15T19:29:17	401	391	400	375
2021-09-15T19:29:47	402	392	401	376
2021-09-15T19:30:17	404	392	402	377
2021-09-15T19:30:47	403	394	401	378
2021-09-15T19:31:17	406	395	402	379
2021-09-15T19:31:47	404	395	403	380
2021-09-15T19:32:17	406	396	405	381
2021-09-15T19:32:47	405	397	406	382
2021-09-15T19:33:17	410	398	408	383
2021-09-15T19:33:47	407	398	407	384
2021-09-15T19:34:17	410	399	410	386
2021-09-15T19:34:47	411	399	410	386
2021-09-15T19:35:17	411	399	409	387
2021-09-15T19:35:47	414	401	411	387
2021-09-15T19:36:17	412	401	412	388
2021-09-15T19:36:47	415	404	414	389
2021-09-15T19:37:17	416	405	415	391
2021-09-15T19:37:47	416	406	416	391
2021-09-15T19:38:17	417	405	416	393
2021-09-15T19:38:47	420	406	417	393
2021-09-15T19:39:17	418	407	418	395
2021-09-15T19:39:47	420	408	419	396
2021-09-15T19:40:17	420	408	420	396
2021-09-15T19:40:47	422	409	420	398
2021-09-15T19:41:17	423	411	422	398
2021-09-15T19:41:47	426	411	422	399
2021-09-15T19:42:17	424	412	423	401
2021-09-15T19:42:47	428	413	425	401
2021-09-15T19:43:17	427	413	425	402
2021-09-15T19:43:47	427	414	427	403
2021-09-15T19:44:17	429	414	427	404
2021-09-15T19:44:47	428	416	427	405
2021-09-15T19:45:17	430	418	430	406
2021-09-15T19:45:47	432	419	429	406
2021-09-15T19:46:17	431	418	431	408
2021-09-15T19:46:47	434	419	431	409
2021-09-15T19:47:17	436	420	434	410
2021-09-15T19:47:47	434	421	433	410
2021-09-15T19:48:17	436	422	435	412
2021-09-15T19:48:47	438	423	436	413
2021-09-15T19:49:17	436	423	437	413
2021-09-15T19:49:47	441	424	438	414
2021-09-15T19:50:17	438	425	439	416
2021-09-15T19:50:47	443	427	440	416
2021-09-15T19:51:17	441	428	440	418
2021-09-15T19:51:47	443	428	442	418
2021-09-15T19:52:17	445	430	443	419
2021-09-15T19:52:47	445	430	443	420
2021-09-15T19:53:17	445	431	445	422
2021-09-15T19:53:47	447	432	446	423
2021-09-15T19:54:17	446	432	445	424
2021-09-15T19:54:47	447	434	447	424
2021-09-15T19:55:17	450	433	448	426
2021-09-15T19:55:47	449	435	448	427
2021-09-15T19:56:17	452	435	450	427
2021-09-15T19:56:48	449	436	449	428
2021-09-15T19:57:18	454	437	453	428
2021-09-15T19:57:48	454	438	454	430
2021-09-15T19:58:18	455	439	454	431
2021-09-15T19:58:48	454	440	455	432
2021-09-15T19:59:18	458	441	455	433
2021-09-15T19:59:48	459	443	458	434
2021-09-15T20:00:18	458	443	458	435
2021-09-15T20:00:48	460	444	457	436
2021-09-15T20:01:18	460	445	460	437
2021-09-15T20:01:48	463	446	460	438
2021-09-15T20:02:18	461	446	462	439
2021-09-15T20:02:48	463	447	460	440
2021-09-15T20:03:18	464	448	463	440
2021-09-15T20:03:48	467	449	463	442
2021-09-15T20:04:18	466	450	466	443
2021-09-15T20:04:48	466	451	467	443
2021-09-15T20:05:18	468	451	466	444
2021-09-15T20:05:48	469	452	468	445
2021-09-15T20:06:18	468	453	469	447
2021-09-15T20:06:48	471	455	471	447
2021-09-15T20:07:18	471	454	470	448
2021-09-15T20:07:48	472	456	473	450
2021-09-15T20:08:18	474	456	472	450
2021-09-15T20:08:48	473	458	474	451
2021-09-15T20:09:18	475	459	472	452
2021-09-15T20:09:48	475	459	475	453
2021-09-15T20:10:18	476	460	477	454
2021-09-15T20:10:48	479	461	478	455
2021-09-15T20:11:18	478	461	478	455
2021-09-15T20:11:48	480	462	480	456
2021-09-15T20:12:18	480	463	480	457
2021-09-15T20:12:48	484	464	481	458
2021-09-15T20:13:18	481	464	482	459
2021-09-15T20:13:48	485	465	483	460
2021-09-15T20:14:18	485	466	484	461
2021-09-15T20:14:48	486	467	485	462
2021-09-15T20:15:18	487	468	486	463
2021-09-15T20:15:48	487	469	487	463
2021-09-15T20:16:18	488	469	486	465
2021-09-15T20:16:48	490	470	490	466
2021-09-15T20:17:18	490	471	487	466
2021-09-15T20:17:48	492	472	491	467
2021-09-15T20:18:18	493	473	490	468
2021-09-15T20:18:48	493	474	492	469
2021-09-15T20:19:18	494	475	493	470
2021-09-15T20:19:48	495	476	493	471
2021-09-15T20:20:18	496	476	494	472
2021-09-15T20:20:48	496	478	497	473
2021-09-15T20:21:18	498	478	497	474
2021-09-15T20:21:48	496	480	497	475
2021-09-15T20:22:18	500	481	499	476
2021-09-15T20:22:48	500	481	498	477
2021-09-15T20:23:18	501	482	501	478
2021-09-15T20:23:48	503	482	502	479
2021-09-15T20:24:18	502	483	503	480
2021-09-15T20:24:48	505	484	503	481
2021-09-15T20:25:18	505	485	506	482
2021-09-15T20:25:48	505	485	503	483
2021-09-15T20:26:18	508	487	507	484
2021-09-15T20:26:48	508	487	506	485
2021-09-15T20:27:18	509	488	509	485
2021-09-15T20:27:48	511	490	509	486
2021-09-15T20:28:18	509	490	510	487
2021-09-15T20:28:48	511	491	509	488
2021-09-15T20:29:18	515	493	512	489
2021-09-15T20:29:48	511	493	512	490
2021-09-15T20:30:18	516	494	513	491
2021-09-15T20:30:48	516	496	515	492
2021-09-15T20:31:18	517	497	515	493
2021-09-15T20:31:48	517	498	518	494
2021-09-15T20:32:18	519	498	517	495
2021-09-15T20:32:48	518	499	519	496
2021-09-15T20:33:18	520	500	519	498
2021-09-15T20:33:48	521	501	520	498
2021-09-15T20:34:18	521	503	522	498
2021-09-15T20:34:48	522	502	520	499
2021-09-15T20:35:18	525	504	523	500
2021-09-15T20:35:48	524	504	524	501
2021-09-15T20:36:18	524	505	525	503
2021-09-15T20:36:48	527	506	527	503
2021-09-15T20:37:18	529	507	527	505
2021-09-15T20:37:48	529	508	527	506
2021-09-15T20:38:18	531	508	528	507
2021-09-15T20:38:48	529	510	530	508
2021-09-15T20:39:18	530	511	532	508
2021-09-15T20:39:48	531	511	531	509
2021-09-15T20:40:18	534	513	534	510
2021-09-15T20:40:48	533	513	532	511
2021-09-15T20:41:18	534	515	535	512
2021-09-15T20:41:48	537	515	535	513
2021-09-15T20:42:18	535	516	536	514
2021-09-15T20:42:48	537	516	537	515
2021-09-15T20:43:18	540	517	539	516
2021-09-15T20:43:48	538	518	539	517
2021-09-15T20:44:18	540	519	539	517
2021-09-15T20:44:48	542	520	541	519
2021-09-15T20:45:18	542	521	542	520
2021-09-15T20:45:48	542	521	542	521
2021-09-15T20:46:18	543	522	544	522
2021-09-15T20:46:48	545	523	544	523
2021-09-15T20:47:18	546	524	546	524
2021-09-15T20:47:48	545	524	546	524
2021-09-15T20:48:18	549	526	548	526
2021-09-15T20:48:48	547	527	548	527
2021-09-15T20:49:18	548	528	551	528
2021-09-15T20:49:48	552	528	550	529
2021-09-15T20:50:18	552	529	551	530
2021-09-15T20:50:48	552	530	553	531
2021-09-15T20:51:18	554	531	553	532
2021-09-15T20:51:48	555	531	554	532
2021-09-15T20:52:18	554	532	555	533
2021-09-15T20:52:48	554	533	556	534
2021-09-15T20:53:18	556	534	556	535
2021-09-15T20:53:48	559	534	557	536
2021-09-15T20:54:18	558	536	558	537
2021-09-15T20:54:48	560	536	561	538
2021-09-15T20:55:18	560	537	560	539
2021-09-15T20:55:48	562	538	562	540
2021-09-15T20:56:18	561	539	562	541
2021-09-15T20:56:48	564	540	564	542
2021-09-15T20:57:18	566	540	564	543
2021-09-15T20:57:48	564	541	566	544
2021-09-15T20:58:18	566	541	565	544
2021-09-15T20:58:48	568	542	567	545
2021-09-15T20:59:18	568	543	568	547
2021-09-15T20:59:48	570	544	571	548
2021-09-15T21:00:18	571	545	568	548
2021-09-15T21:00:48	571	546	571	550
2021-09-15T21:01:18	570	547	572	550
2021-09-15T21:01:48	572	548	574	552
2021-09-15T21:02:18	574	548	572	552
2021-09-15T21:02:48	576	549	575	553
2021-09-15T21:03:18	576	550	576	555
2021-09-15T21:03:48	575	551	577	556
2021-09-15T21:04:18	578	552	577	556
2021-09-15T21:04:48	578	553	579	558
2021-09-15T21:05:18	580	553	579	558
2021-09-15T21:05:48	580	554	581	560
2021-09-15T21:06:18	581	555	580	560
2021-09-15T21:06:48	582	556	583	562
2021-09-15T21:07:18	583	557	583	562
2021-09-15T21:07:48	584	557	585	564
2021-09-15T21:08:18	584	559	584	564
2021-09-15T21:08:48	585	560	587	565
2021-09-15T21:09:18	586	560	586	567
2021-09-15T21:09:48	587	561	588	568
2021-09-15T21:10:18	587	563	588	569
2021-09-15T21:10:48	589	563	589	569
2021-09-15T21:11:18	591	564	591	570
2021-09-15T21:11:48	592	564	591	571
2021-09-15T21:12:18	593	566	593	572
2021-09-15T21:12:48	593	566	592	573
2021-09-15T21:13:18	595	567	595	575
2021-09-15T21:13:48	598	567	595	576
2021-09-15T21:14:18	595	569	596	576
2021-09-15T21:14:48	596	569	596	577
2021-09-15T21:15:18	597	571	599	579
2021-09-15T21:15:48	600	571	599	579
2021-09-15T21:16:18	601	572	600	580
2021-09-15T21:16:48	599	573	600	581
2021-09-15T21:17:18	601	574	602	583
2021-09-15T21:17:48	601	576	603	583
2021-09-15T21:18:18	604	576	604	585
2021-09-15T21:18:48	604	577	605	586
2021-09-15T21:19:18	605	578	605	587
2021-09-15T21:19:48	606	579	607	588
2021-09-15T21:20:18	609	580	607	589
2021-09-15T21:20:48	610	580	609	590
2021-09-15T21:21:18	610	580	609	591
2021-09-15T21:21:48	609	582	610	592
2021-09-15T21:22:18	612	583	613	593
2021-09-15T21:22:48	613	584	611	594
2021-09-15T21:23:18	612	585	614	595
2021-09-15T21:23:48	613	586	612	596
2021-09-15T21:24:18	614	587	615	597
2021-09-15T21:24:48	616	587	615	598
2021-09-15T21:25:18	616	588	617	599
2021-09-15T21:25:48	616	589	616	600
2021-09-15T21:26:18	619	591	618	601
2021-09-15T21:26:48	619	592	621	602
2021-09-15T21:27:18	619	592	621	603
2021-09-15T21:27:48	621	595	623	604
2021-09-15T21:28:18	623	594	622	605
2021-09-15T21:28:48	625	595	624	606
2021-09-15T21:29:18	625	597	625	607
2021-09-15T21:29:48	627	597	626	608
2021-09-15T21:30:18	625	598	626	609
2021-09-15T21:30:48	625	599	627	610
2021-09-15T21:31:18	627	600	629	611
2021-09-15T21:31:48	628	601	627	612
2021-09-15T21:32:18	630	600	630	613
2021-09-15T21:32:48	631	603	630	614
2021-09-15T21:33:18	632	604	632	615
2021-09-15T21:33:48	633	604	632	616
2021-09-15T21:34:18	634	605	634	617
2021-09-15T21:34:48	634	606	634	618
2021-09-15T21:35:18	637	607	635	619
2021-09-15T21:35:48	635	608	637	620
2021-09-15T21:36:18	638	609	638	621
2021-09-15T21:36:48	639	610	639	622
2021-09-15T21:37:18	639	610	639	623
2021-09-15T21:37:48	641	611	641	624
2021-09-15T21:38:18	640	612	641	625
2021-09-15T21:38:48	643	613	642	626
2021-09-15T21:39:18	642	613	641	627
2021-09-15T21:39:48	643	614	644	628
2021-09-15T21:40:18	645	615	645	629
2021-09-15T21:40:48	645	617	646	630
2021-09-15T21:41:18	646	618	648	630
2021-09-15T21:41:48	646	618	646	631
2021-09-15T21:42:18	649	619	648	632
2021-09-15T21:42:48	651	620	650	634
2021-09-15T21:43:18	650	622	650	635
2021-09-15T21:43:48	650	622	652	636
2021-09-15T21:44:18	651	623	653	637
2021-09-15T21:44:48	651	625	654	638
2021-09-15T21:45:18	654	625	654	638
2021-09-15T21:45:48	655	626	656	640
2021-09-15T21:46:18	656	626	655	641
2021-09-15T21:46:48	656	627	658	641
2021-09-15T21:47:18	658	628	658	643
2021-09-15T21:47:48	659	630	660	644
2021-09-15T21:48:18	660	630	659	645
2021-09-15T21:48:48	659	631	661	645
2021-09-15T21:49:18	660	632	660	646
2021-09-15T21:49:48	662	633	662	648
2021-09-15T21:50:18	664	634	662	648
2021-09-15T21:50:48	664	634	663	649
2021-09-15T21:51:18	666	635	666	650
2021-09-15T21:51:48	667	637	666	652
2021-09-15T21:52:18	670	637	666	652
2021-09-15T21:52:48	667	638	669	653
2021-09-15T21:53:18	668	639	670	654
2021-09-15T21:53:48	671	640	672	655
2021-09-15T21:54:18	672	641	670	656
2021-09-15T21:54:48	671	642	673	657
2021-09-15T21:55:18	670	644	674	658
2021-09-15T21:55:48	671	644	674	659
2021-09-15T21:56:18	675	645	676	660
2021-09-15T21:56:48	675	645	675	661
2021-09-15T21:57:18	678	647	678	662
2021-09-15T21:57:48	679	648	678	663
2021-09-15T21:58:18	677	649	679	664
2021-09-15T21:58:48	677	650	678	665
2021-09-15T21:59:18	681	650	680	666
2021-09-15T21:59:48	682	651	682	667
2021-09-15T22:00:18	683	652	683	668
2021-09-15T22:00:48	683	654	685	668
2021-09-15T22:01:18	685	654	684	670
2021-09-15T22:01:48	685	656	686	671
2021-09-15T22:02:18	686	657	686	672
2021-09-15T22:02:48	685	657	688	673
2021-09-15T22:03:18	687	658	688	674
2021-09-15T22:03:48	690	659	690	675
2021-09-15T22:04:18	690	660	689	676
2021-09-15T22:04:48	691	660	691	677
2021-09-15T22:05:18	693	662	692	678
2021-09-15T22:05:48	693	663	694	679
2021-09-15T22:06:18	693	664	694	680
2021-09-15T22:06:48	695	664	694	681
2021-09-15T22:07:18	695	666	697	681
2021-09-15T22:07:48	695	666	695	682
2021-09-15T22:08:18	696	667	697	683
2021-09-15T22:08:48	698	668	698	685
2021-09-15T22:09:18	698	669	699	686
2021-09-15T22:09:48	699	670	701	686
2021-09-15T22:10:18	699	670	702	687
2021-09-15T22:10:48	701	671	703	688
2021-09-15T22:11:18	701	673	704	689
2021-09-15T22:11:48	703	672	702	690
2021-09-15T22:12:18	705	673	705	691
2021-09-15T22:12:48	705	675	707	692
2021-09-15T22:13:18	707	676	706	692
2021-09-15T22:13:48	708	676	708	693
2021-09-15T22:14:18	709	678	710	695
2021-09-15T22:14:48	709	678	710	696
2021-09-15T22:15:18	710	680	711	697
2021-09-15T22:15:48	711	680	712	697
2021-09-15T22:16:18	710	681	713	698
2021-09-15T22:16:48	712	682	713	699
2021-09-15T22:17:18	713	683	715	700
2021-09-15T22:17:48	715	683	715	701
2021-09-15T22:18:18	716	685	717	702
2021-09-15T22:18:48	716	685	717	703
2021-09-15T22:19:18	717	686	718	704
2021-09-15T22:19:48	719	687	720	705
2021-09-15T22:20:18	720	689	721	706
2021-09-15T22:20:48	720	690	721	707
2021-09-15T22:21:18	722	690	722	708
2021-09-15T22:21:48	722	691	724	709
2021-09-15T22:22:18	722	692	725	710
2021-09-15T22:22:48	724	692	724	711
2021-09-15T22:23:18	726	694	726	712
2021-09-15T22:23:48	727	695	726	713
2021-09-15T22:24:18	726	695	727	713
2021-09-15T22:24:48	726	696	729	715
2021-09-15T22:25:18	727	697	730	716
2021-09-15T22:25:48	728	698	731	717
2021-09-15T22:26:18	730	700	732	718
2021-09-15T22:26:48	730	700	733	719
2021-09-15T22:27:18	732	701	733	720
2021-09-15T22:27:48	734	701	735	721
2021-09-15T22:28:18	734	703	736	722
2021-09-15T22:28:48	736	704	737	723
2021-09-15T22:29:18	737	705	738	724
2021-09-15T22:29:48	738	706	738	725
2021-09-15T22:30:18	739	706	739	725
2021-09-15T22:30:48	738	707	740	726
2021-09-15T22:31:18	738	708	741	728
2021-09-15T22:31:48	739	709	742	729
2021-09-15T22:32:18	741	710	744	729
2021-09-15T22:32:48	740	711	744	730
2021-09-15T22:33:18	743	712	745	731
2021-09-15T22:33:48	745	713	745	733
2021-09-15T22:34:18	745	713	747	733
2021-09-15T22:34:48	747	714	747	734
2021-09-15T22:35:18	749	715	749	735
2021-09-15T22:35:48	748	716	749	737
2021-09-15T22:36:18	750	717	750	737
2021-09-15T22:36:48	750	718	751	738
2021-09-15T22:37:18	750	719	752	740
2021-09-15T22:37:48	751	719	753	740
2021-09-15T22:38:18	752	720	753	742
2021-09-15T22:38:48	753	721	754	741
2021-09-15T22:39:18	755	722	755	742
2021-09-15T22:39:48	756	723	756	743
2021-09-15T22:40:18	755	724	757	744
2021-09-15T22:40:48	755	726	758	745
2021-09-15T22:41:18	757	727	760	747
2021-09-15T22:41:48	758	727	761	747
2021-09-15T22:42:18	759	728	761	748
2021-09-15T22:42:48	761	729	762	749
2021-09-15T22:43:18	762	730	763	751
2021-09-15T22:43:48	764	730	764	752
2021-09-15T22:44:18	765	731	765	752
2021-09-15T22:44:48	764	732	766	753
2021-09-15T22:45:18	766	733	766	753
2021-09-15T22:45:48	766	734	767	754
2021-09-15T22:46:18	767	735	768	756
2021-09-15T22:46:48	767	736	768	757
2021-09-15T22:47:18	768	737	769	758
2021-09-15T22:47:48	770	737	771	759
2021-09-15T22:48:18	770	738	771	759
2021-09-15T22:48:48	771	739	772	761
2021-09-15T22:49:18	774	739	773	762
2021-09-15T22:49:48	774	741	774	763
2021-09-15T22:50:18	776	741	775	763
2021-09-15T22:50:48	778	742	775	764
2021-09-15T22:51:18	778	743	776	765
2021-09-15T22:51:48	779	744	777	766
2021-09-15T22:52:18	780	745	777	767
2021-09-15T22:52:48	778	745	778	768
2021-09-15T22:53:18	780	746	779	769
2021-09-15T22:53:48	780	747	780	770
2021-09-15T22:54:18	781	748	781	770
2021-09-15T22:54:48	782	749	781	771
2021-09-15T22:55:18	783	750	782	772
2021-09-15T22:55:48	786	751	783	773
2021-09-15T22:56:18	786	751	784	774
2021-09-15T22:56:48	788	752	785	775
2021-09-15T22:57:18	787	753	785	775
2021-09-15T22:57:48	790	754	786	776
2021-09-15T22:58:18	791	754	787	777
2021-09-15T22:58:48	790	755	788	778
2021-09-15T22:59:18	791	756	788	779
2021-09-15T22:59:48	792	757	789	780
2021-09-15T23:00:18	794	758	790	781
2021-09-15T23:00:48	794	758	791	781
2021-09-15T23:01:18	795	759	791	782
2021-09-15T23:01:48	796	760	792	783
2021-09-15T23:02:18	796	761	793	784
2021-09-15T23:02:48	797	762	794	785
2021-09-15T23:03:18	797	762	794	786
2021-09-15T23:03:48	799	763	795	786
2021-09-15T23:04:18	801	764	796	787
2021-09-15T23:04:48	803	764	797	788
2021-09-15T23:05:18	804	765	797	789
2021-09-15T23:05:48	803	766	799	789
2021-09-15T23:06:18	803	767	799	790
2021-09-15T23:06:48	806	767	799	791
2021-09-15T23:07:18	806	768	800	792
2021-09-15T23:07:48	809	768	801	793
2021-09-15T23:08:18	807	770	801	794
2021-09-15T23:08:48	809	770	803	795
2021-09-15T23:09:18	809	770	803	796
2021-09-15T23:09:48	811	771	804	796
2021-09-15T23:10:18	812	772	806	797
2021-09-15T23:10:48	812	773	807	798
2021-09-15T23:11:18	814	773	807	799
2021-09-15T23:11:48	813	774	808	800
2021-09-15T23:12:18	815	775	809	801
2021-09-15T23:12:48	818	775	810	802
2021-09-15T23:13:18	818	775	811	802
2021-09-15T23:13:48	818	776	811	803
2021-09-15T23:14:18	820	777	812	804
2021-09-15T23:14:48	820	778	813	805
2021-09-15T23:15:18	820	778	813	806
2021-09-15T23:15:48	823	779	814	807
2021-09-15T23:16:18	824	780	815	808
2021-09-15T23:16:48	824	780	816	809
2021-09-15T23:17:18	825	780	817	810
2021-09-15T23:17:48	827	781	818	811
2021-09-15T23:18:18	825	782	818	811
2021-09-15T23:18:48	828	783	819	812
2021-09-15T23:19:18	829	783	820	813
2021-09-15T23:19:48	828	784	820	815
2021-09-15T23:20:18	831	785	822	815
2021-09-15T23:20:48	830	785	823	816
2021-09-15T23:21:18	832	786	824	817
2021-09-15T23:21:48	835	787	825	818
2021-09-15T23:22:18	834	788	825	820
2021-09-15T23:22:48	835	788	826	820
2021-09-15T23:23:18	836	789	827	822
2021-09-15T23:23:48	837	790	828	823
2021-09-15T23:24:18	836	790	829	823
2021-09-15T23:24:48	840	792	830	824
2021-09-15T23:25:18	839	791	830	825
2021-09-15T23:25:48	841	792	831	825
2021-09-15T23:26:18	840	793	832	828
2021-09-15T23:26:48	843	794	833	828
2021-09-15T23:27:18	843	795	834	829
2021-09-15T23:27:48	846	796	835	830
2021-09-15T23:28:18	845	797	836	831
2021-09-15T23:28:48	846	797	837	832
2021-09-15T23:29:18	848	799	838	833
2021-09-15T23:29:48	849	799	838	834
2021-09-15T23:30:18	850	800	840	835
2021-09-15T23:30:48	851	801	841	836
2021-09-15T23:31:18	850	801	842	837
2021-09-15T23:31:48	851	802	842	838
2021-09-15T23:32:18	855	803	843	838
2021-09-15T23:32:48	854	803	844	840
2021-09-15T23:33:18	855	804	845	841
2021-09-15T23:33:48	856	805	848	842
2021-09-15T23:34:18	856	806	848	843
2021-09-15T23:34:48	858	807	849	844
2021-09-15T23:35:18	859	808	850	845
2021-09-15T23:35:48	860	809	851	846
2021-09-15T23:36:18	859	810	852	847
2021-09-15T23:36:48	861	810	853	847
2021-09-15T23:37:18	862	811	854	849
2021-09-15T23:37:48	864	812	855	850
2021-09-15T23:38:18	865	813	856	851
2021-09-15T23:38:48	866	814	857	852
2021-09-15T23:39:18	864	814	857	853
2021-09-15T23:39:48	867	816	858	854
2021-09-15T23:40:18	866	817	859	855
2021-09-15T23:40:48	869	818	860	855
2021-09-15T23:41:18	868	819	861	856
2021-09-15T23:41:48	869	819	862	856
2021-09-15T23:42:18	871	820	863	857
2021-09-15T23:42:48	873	821	864	858
2021-09-15T23:43:18	874	822	865	860
2021-09-15T23:43:48	874	823	866	860
2021-09-15T23:44:18	876	824	867	862
2021-09-15T23:44:48	876	825	867	862
2021-09-15T23:45:18	878	825	869	864
2021-09-15T23:45:48	877	826	869	864
2021-09-15T23:46:18	878	827	870	865
2021-09-15T23:46:48	879	828	872	868
2021-09-15T23:47:18	880	829	873	867
2021-09-15T23:47:48	881	830	873	868
2021-09-15T23:48:18	884	831	874	870
2021-09-15T23:48:48	883	832	875	871
2021-09-15T23:49:18	884	833	876	873
2021-09-15T23:49:48	885	834	877	873
2021-09-15T23:50:18	886	835	878	873
2021-09-15T23:50:48	886	836	879	875
2021-09-15T23:51:18	889	837	880	876
2021-09-15T23:51:48	889	838	881	877
2021-09-15T23:52:18	890	839	882	878
2021-09-15T23:52:48	890	840	883	878
2021-09-15T23:53:18	891	841	883	880
2021-09-15T23:53:48	893	842	885	881
2021-09-15T23:54:18	892	843	886	881
2021-09-15T23:54:48	895	844	887	883
2021-09-15T23:55:18	894	845	888	884
2021-09-15T23:55:48	896	846	889	884
2021-09-15T23:56:18	898	847	890	885
2021-09-15T23:56:48	899	848	891	888
2021-09-15T23:57:18	900	849	892	889
2021-09-15T23:57:48	900	850	893	888
2021-09-15T23:58:18	899	851	893	890
2021-09-15T23:58:48	900	852	894	889
2021-09-15T23:59:18	899	853	895	891
2021-09-15T23:59:48	898	854	897	890
2021-09-16T00:00:18	898	855	897	891
2021-09-16T00:00:48	898	856	898	891
2021-09-16T00:01:18	899	857	899	891
2021-09-16T00:01:48	900	858	899	892
2021-09-16T00:02:18	898	859	900	892
2021-09-16T00:02:48	900	860	901	893
2021-09-16T00:03:18	900	861	901	893
2021-09-16T00:03:48	898	861	902	894
2021-09-16T00:04:18	899	862	901	894
2021-09-16T00:04:48	898	863	902	894
2021-09-16T00:05:18	900	863	901	894
2021-09-16T00:05:48	898	864	901	895
2021-09-16T00:06:18	898	865	901	895
2021-09-16T00:06:48	899	866	902	895
2021-09-16T00:07:18	900	866	901	895
2021-09-16T00:07:48	899	867	902	895
2021-09-16T00:08:18	900	868	902	896
2021-09-16T00:08:48	899	869	901	896
2021-09-16T00:09:18	900	870	902	896
2021-09-16T00:09:48	900	870	902	896
2021-09-16T00:10:18	900	870	902	896
2021-09-16T00:10:48	898	871	901	896
2021-09-16T00:11:18	900	871	901	896
2021-09-16T00:11:48	899	872	902	897
2021-09-16T00:12:18	899	872	901	897
2021-09-16T00:12:48	899	873	901	897
2021-09-16T00:13:18	898	874	902	897
2021-09-16T00:13:48	899	874	902	897
2021-09-16T00:14:18	900	875	901	896
2021-09-16T00:14:48	898	875	902	898
2021-09-16T00:15:18	899	876	902	897
2021-09-16T00:15:48	899	877	902	898
2021-09-16T00:16:18	899	877	902	897
2021-09-16T00:16:48	898	878	902	897
2021-09-16T00:17:18	898	879	903	898
2021-09-16T00:17:48	898	878	901	897
2021-09-16T00:18:18	900	879	902	898
2021-09-16T00:18:48	900	880	903	898
2021-09-16T00:19:18	900	880	902	898
2021-09-16T00:19:48	900	880	903	898
2021-09-16T00:20:18	900	880	902	898
2021-09-16T00:20:48	901	880	903	898
2021-09-16T00:21:18	899	881	902	898
2021-09-16T00:21:48	900	881	901	898
2021-09-16T00:22:18	900	881	901	899
2021-09-16T00:22:48	899	882	901	899
2021-09-16T00:23:18	900	882	902	899
2021-09-16T00:23:48	902	882	903	899
2021-09-16T00:24:18	901	883	903	899
2021-09-16T00:24:48	899	883	903	899
2021-09-16T00:25:18	899	884	902	899
2021-09-16T00:25:48	899	884	902	899
2021-09-16T00:26:18	900	884	903	900
2021-09-16T00:26:48	898	885	902	900
2021-09-16T00:27:18	899	884	902	900
2021-09-16T00:27:48	900	885	903	900
2021-09-16T00:28:18	899	884	903	900
2021-09-16T00:28:48	899	884	903	900
2021-09-16T00:29:18	899	884	902	900
2021-09-16T00:29:48	899	885	902	900
2021-09-16T00:30:18	899	884	902	900
2021-09-16T00:30:48	899	885	903	900
2021-09-16T00:31:18	900	885	902	900
2021-09-16T00:31:48	899	885	901	901
2021-09-16T00:32:18	899	885	901	901
2021-09-16T00:32:48	900	885	901	901
2021-09-16T00:33:18	900	886	903	901
2021-09-16T00:33:48	900	886	904	901
2021-09-16T00:34:18	901	886	903	900
2021-09-16T00:34:48	899	887	902	901
2021-09-16T00:35:18	899	886	902	901
2021-09-16T00:35:48	900	887	902	901
2021-09-16T00:36:18	900	887	902	901
2021-09-16T00:36:48	899	887	903	900
2021-09-16T00:37:18	900	887	902	901
2021-09-16T00:37:48	899	888	902	901
2021-09-16T00:38:18	900	888	902	901
2021-09-16T00:38:48	899	889	903	900
2021-09-16T00:39:18	900	888	902	902
2021-09-16T00:39:48	899	889	902	901
2021-09-16T00:40:18	900	889	902	901
2021-09-16T00:40:48	901	890	903	901
2021-09-16T00:41:18	900	889	903	901
2021-09-16T00:41:48	899	889	903	901
2021-09-16T00:42:18	900	890	902	901
2021-09-16T00:42:48	898	890	903	901
2021-09-16T00:43:18	900	890	902	901
2021-09-16T00:43:48	899	891	902	901
2021-09-16T00:44:18	900	892	903	901
2021-09-16T00:44:48	900	892	903	901
2021-09-16T00:45:18	899	892	903	901
2021-09-16T00:45:48	900	892	903	902
2021-09-16T00:46:18	899	893	904	901
2021-09-16T00:46:48	901	893	902	901
2021-09-16T00:47:18	900	893	904	901
2021-09-16T00:47:48	899	893	903	901
2021-09-16T00:48:18	901	893	903	901
2021-09-16T00:48:48	900	893	904	901
2021-09-16T00:49:18	899	894	902	901
2021-09-16T00:49:48	901	894	903	901
2021-09-16T00:50:18	900	894	902	902
2021-09-16T00:50:48	899	894	903	901
2021-09-16T00:51:18	900	894	902	901
2021-09-16T00:51:48	899	894	903	901
2021-09-16T00:52:18	899	894	903	901
2021-09-16T00:52:48	900	894	903	901
2021-09-16T00:53:18	899	895	902	901
2021-09-16T00:53:48	899	895	903	901
2021-09-16T00:54:18	900	895	902	901
2021-09-16T00:54:48	899	894	902	901
2021-09-16T00:55:18	899	895	902	901
2021-09-16T00:55:48	901	895	902	901
2021-09-16T00:56:18	899	896	903	902
2021-09-16T00:56:48	899	895	902	901
2021-09-16T00:57:18	900	895	901	902
2021-09-16T00:57:48	900	896	903	902
2021-09-16T00:58:18	899	896	903	902
2021-09-16T00:58:48	900	896	903	901
2021-09-16T00:59:18	899	896	902	902
2021-09-16T00:59:48	900	897	903	902
2021-09-16T01:00:18	899	896	902	902
2021-09-16T01:00:48	900	896	903	902
2021-09-16T01:01:18	899	897	903	902
2021-09-16T01:01:48	899	896	903	902
2021-09-16T01:02:18	899	897	902	902
2021-09-16T01:02:48	901	897	902	902
2021-09-16T01:03:18	900	898	903	902
2021-09-16T01:03:48	899	897	903	902
2021-09-16T01:04:18	899	897	902	902
2021-09-16T01:04:48	901	898	903	902
2021-09-16T01:05:18	899	897	902	902
2021-09-16T01:05:48	899	898	904	901
2021-09-16T01:06:18	899	898	903	902
2021-09-16T01:06:48	901	898	902	902
2021-09-16T01:07:18	900	898	903	902
2021-09-16T01:07:48	899	898	902	902
2021-09-16T01:08:18	899	898	902	902
2021-09-16T01:08:48	899	899	903	902
2021-09-16T01:09:18	899	898	902	902
2021-09-16T01:09:48	901	898	902	902
2021-09-16T01:10:18	900	898	902	902
2021-09-16T01:10:48	899	899	903	902
2021-09-16T01:11:18	899	899	903	902
2021-09-16T01:11:48	899	898	902	902
2021-09-16T01:12:18	901	898	902	903
2021-09-16T01:12:48	900	899	902	903
2021-09-16T01:13:18	899	899	902	903
2021-09-16T01:13:48	899	899	904	902
2021-09-16T01:14:18	899	900	902	902
2021-09-16T01:14:48	901	898	902	902
2021-09-16T01:15:18	900	899	903	903
2021-09-16T01:15:48	900	900	903	903
2021-09-16T01:16:18	899	899	902	903
2021-09-16T01:16:48	899	900	903	902
2021-09-16T01:17:18	900	899	902	902
2021-09-16T01:17:48	900	899	902	902
2021-09-16T01:18:18	899	899	902	903
2021-09-16T01:18:48	899	900	903	902
2021-09-16T01:19:18	900	899	902	901
2021-09-16T01:19:48	900	899	903	902
2021-09-16T01:20:18	899	899	902	903
2021-09-16T01:20:48	899	900	904	901
2021-09-16T01:21:18	901	899	902	902
2021-09-16T01:21:48	900	898	902	902
2021-09-16T01:22:18	899	899	903	902
2021-09-16T01:22:48	899	899	902	901
2021-09-16T01:23:18	899	900	903	901
2021-09-16T01:23:48	901	898	902	902
2021-09-16T01:24:18	900	899	903	902
2021-09-16T01:24:48	899	899	902	903
2021-09-16T01:25:18	899	899	903	902
2021-09-16T01:25:48	899	899	903	901
2021-09-16T01:26:18	901	899	903	902
2021-09-16T01:26:48	900	899	903	902
2021-09-16T01:27:18	899	899	903	902
2021-09-16T01:27:48	884	899	902	901
2021-09-16T01:28:18	785	859	862	888
2021-09-16T01:28:48	711	787	797	860
2021-09-16T01:29:18	587	679	684	805
2021-09-16T01:29:48	508	573	606	736
2021-09-16T01:30:18	466	506	579	696
2021-09-16T01:30:48	434	478	553	646
2021-09-16T01:31:18	417	447	530	609
2021-09-16T01:31:48	403	423	508	579
2021-09-16T01:32:18	378	403	488	555
2021-09-16T01:32:48	363	385	471	531
2021-09-16T01:33:18	350	368	455	517
2021-09-16T01:33:48	336	355	445	496
2021-09-16T01:34:18	327	349	434	478
2021-09-16T01:34:48	318	337	417	462
2021-09-16T01:35:18	307	325	408	447
2021-09-16T01:35:48	298	317	395	433
2021-09-16T01:36:18	292	309	387	425
2021-09-16T01:36:48	280	301	381	412
2021-09-16T01:37:18	274	296	372	400
2021-09-16T01:37:48	270	287	364	388
2021-09-16T01:38:18	262	280	354	378
2021-09-16T01:38:48	256	274	346	369
2021-09-16T01:39:18	251	266	339	362
2021-09-16T01:39:48	243	261	334	353
