time	T1	T2	T3	T4
2021-07-03T11:41:02	31	29	36	32
2021-07-03T11:41:32	31	29	36	32
2021-07-03T11:42:02	31	29	36	32
2021-07-03T11:42:32	31	30	36	32
2021-07-03T11:43:02	31	30	35	32
2021-07-03T11:43:32	31	29	36	32
2021-07-03T11:44:02	31	29	36	32
2021-07-03T11:44:32	31	29	35	32
2021-07-03T11:45:02	31	29	36	32
2021-07-03T11:45:32	31	29	35	32
2021-07-03T11:46:02	31	29	36	32
2021-07-03T11:46:32	31	30	36	32
2021-07-03T11:47:02	31	30	36	32
2021-07-03T11:47:32	31	30	37	32
2021-07-03T11:48:02	31	30	37	32
2021-07-03T11:48:32	31	30	37	32
2021-07-03T11:49:02	31	30	36	32
2021-07-03T11:49:32	31	30	36	32
2021-07-03T11:50:02	31	30	36	32
2021-07-03T11:50:32	31	30	36	32
2021-07-03T11:51:02	31	30	37	32
2021-07-03T11:51:32	31	30	37	32
2021-07-03T11:52:02	31	30	37	32
2021-07-03T11:52:32	31	30	37	32
2021-07-03T11:53:02	30	30	36	32
2021-07-03T11:53:32	31	30	37	32
2021-07-03T11:54:02	31	30	36	32
2021-07-03T11:54:32	31	30	36	32
2021-07-03T11:55:02	31	30	36	32
2021-07-03T11:55:32	30	30	36	32
2021-07-03T11:56:02	31	30	36	32
2021-07-03T11:56:32	30	30	36	32
2021-07-03T11:57:02	30	30	36	32
2021-07-03T11:57:32	30	30	36	32
2021-07-03T11:58:02	31	30	36	32
2021-07-03T11:58:32	30	30	36	32
2021-07-03T11:59:02	30	30	36	32
2021-07-03T11:59:32	30	30	36	32
2021-07-03T12:00:02	30	30	36	32
2021-07-03T12:00:32	31	30	36	32
2021-07-03T12:01:02	30	30	36	32
2021-07-03T12:01:32	31	30	36	33
2021-07-03T12:02:02	31	31	36	32
2021-07-03T12:02:32	31	31	36	32
2021-07-03T12:03:02	31	31	36	32
2021-07-03T12:03:32	31	30	36	32
2021-07-03T12:04:02	30	31	37	32
2021-07-03T12:04:32	30	30	36	32
2021-07-03T12:05:02	30	30	36	32
2021-07-03T12:05:32	30	30	36	32
2021-07-03T12:06:02	30	30	35	32
2021-07-03T12:06:32	30	30	35	32
2021-07-03T12:07:02	30	30	35	32
2021-07-03T12:07:32	30	30	36	32
2021-07-03T12:08:02	30	28	36	32
2021-07-03T12:08:32	30	28	35	32
2021-07-03T12:09:02	30	28	35	32
2021-07-03T12:09:32	30	29	36	32
2021-07-03T12:10:02	30	29	36	32
2021-07-03T12:10:32	30	29	36	31
2021-07-03T12:11:02	30	29	36	31
2021-07-03T12:11:32	30	29	36	31
2021-07-03T12:12:02	30	29	35	31
2021-07-03T12:12:32	30	29	36	31
2021-07-03T12:13:02	30	29	36	31
2021-07-03T12:13:32	30	29	36	31
2021-07-03T12:14:02	30	29	36	31
2021-07-03T12:14:32	30	29	36	31
2021-07-03T12:15:02	30	29	36	31
2021-07-03T12:15:32	30	29	36	31
2021-07-03T12:16:02	30	29	36	31
2021-07-03T12:16:32	30	29	36	31
2021-07-03T12:17:02	30	29	36	31
2021-07-03T12:17:32	30	29	36	31
2021-07-03T12:18:02	30	29	36	31
2021-07-03T12:18:32	30	29	36	31
2021-07-03T12:19:02	30	29	36	31
2021-07-03T12:19:32	30	29	35	31
2021-07-03T12:20:02	30	29	35	31
2021-07-03T12:20:32	30	29	35	31
2021-07-03T12:21:02	30	29	35	31
2021-07-03T12:21:32	30	28	35	31
2021-07-03T12:22:02	30	28	35	31
2021-07-03T12:22:32	30	28	35	31
2021-07-03T12:23:02	30	29	35	31
2021-07-03T12:23:32	30	29	35	31
2021-07-03T12:24:02	30	29	35	31
2021-07-03T12:24:32	30	29	35	31
2021-07-03T12:25:02	30	29	34	31
2021-07-03T12:25:32	30	29	35	31
2021-07-03T12:26:02	30	29	35	31
2021-07-03T12:26:32	30	29	35	31
2021-07-03T12:27:02	30	29	35	31
2021-07-03T12:27:32	30	29	34	31
2021-07-03T12:28:02	30	29	35	31
2021-07-03T12:28:32	30	29	35	31
2021-07-03T12:29:02	30	29	35	31
2021-07-03T12:29:32	30	29	35	31
2021-07-03T12:30:02	30	29	34	31
2021-07-03T12:30:32	30	30	35	31
2021-07-03T12:31:02	31	30	35	31
2021-07-03T12:31:32	31	30	37	31
2021-07-03T12:32:02	32	32	39	31
2021-07-03T12:32:32	34	33	40	31
2021-07-03T12:33:02	35	35	42	32
2021-07-03T12:33:32	36	37	43	32
2021-07-03T12:34:02	37	38	43	31
2021-07-03T12:34:32	39	40	46	33
2021-07-03T12:35:02	42	42	49	34
2021-07-03T12:35:32	43	42	50	35
2021-07-03T12:36:02	43	43	50	36
2021-07-03T12:36:32	44	43	50	37
2021-07-03T12:37:02	45	44	50	38
2021-07-03T12:37:32	45	45	51	39
2021-07-03T12:38:02	46	46	52	40
2021-07-03T12:38:32	47	47	52	40
2021-07-03T12:39:02	48	49	53	41
2021-07-03T12:39:32	49	49	54	42
2021-07-03T12:40:02	51	52	58	43
2021-07-03T12:40:32	52	54	59	44
2021-07-03T12:41:02	53	54	59	45
2021-07-03T12:41:32	53	54	59	46
2021-07-03T12:42:02	53	54	59	47
2021-07-03T12:42:32	55	56	62	48
2021-07-03T12:43:02	56	58	64	49
2021-07-03T12:43:32	56	58	65	50
2021-07-03T12:44:02	57	58	64	50
2021-07-03T12:44:32	57	58	65	51
2021-07-03T12:45:02	58	60	65	52
2021-07-03T12:45:32	59	63	69	52
2021-07-03T12:46:02	61	64	70	54
2021-07-03T12:46:32	62	64	70	54
2021-07-03T12:47:02	62	64	70	56
2021-07-03T12:47:32	62	65	70	56
2021-07-03T12:48:02	67	68	75	57
2021-07-03T12:48:32	70	70	77	57
2021-07-03T12:49:02	70	70	76	58
2021-07-03T12:49:32	70	70	76	59
2021-07-03T12:50:02	70	70	76	60
2021-07-03T12:50:32	70	70	76	61
2021-07-03T12:51:02	72	72	80	62
2021-07-03T12:51:32	73	74	82	63
2021-07-03T12:52:02	74	75	82	63
2021-07-03T12:52:32	74	74	82	64
2021-07-03T12:53:02	74	75	82	66
2021-07-03T12:53:32	75	76	82	65
2021-07-03T12:54:02	79	79	86	66
2021-07-03T12:54:32	81	81	87	68
2021-07-03T12:55:02	81	81	86	69
2021-07-03T12:55:32	81	80	86	70
2021-07-03T12:56:02	82	83	90	70
2021-07-03T12:56:32	84	85	92	71
2021-07-03T12:57:02	84	84	92	71
2021-07-03T12:57:32	83	85	91	73
2021-07-03T12:58:02	84	86	92	73
2021-07-03T12:58:32	85	88	95	74
2021-07-03T12:59:02	86	88	95	75
2021-07-03T12:59:32	86	88	95	75
2021-07-03T13:00:02	91	91	96	76
2021-07-03T13:00:32	93	91	97	77
2021-07-03T13:01:02	93	92	98	78
2021-07-03T13:01:32	95	94	101	79
2021-07-03T13:02:02	95	95	101	80
2021-07-03T13:02:32	95	95	101	82
2021-07-03T13:03:02	96	96	103	82
2021-07-03T13:03:32	97	98	105	83
2021-07-03T13:04:02	97	98	104	83
2021-07-03T13:04:32	97	99	104	84
2021-07-03T13:05:02	98	101	108	86
2021-07-03T13:05:32	99	102	110	87
2021-07-03T13:06:02	101	102	109	87
2021-07-03T13:06:32	103	104	110	88
2021-07-03T13:07:02	104	104	110	89
2021-07-03T13:07:32	105	105	109	90
2021-07-03T13:08:02	106	107	115	91
2021-07-03T13:08:32	107	109	115	92
2021-07-03T13:09:02	107	107	115	93
2021-07-03T13:09:32	109	107	114	93
2021-07-03T13:10:02	111	111	119	94
2021-07-03T13:10:32	113	112	119	95
2021-07-03T13:11:02	113	112	119	96
2021-07-03T13:11:32	113	111	118	97
2021-07-03T13:12:02	114	115	122	98
2021-07-03T13:12:32	114	115	123	99
2021-07-03T13:13:02	114	115	122	100
2021-07-03T13:13:32	116	116	122	100
2021-07-03T13:14:02	121	119	127	101
2021-07-03T13:14:32	122	120	127	103
2021-07-03T13:15:02	121	120	127	103
2021-07-03T13:15:32	121	121	127	105
2021-07-03T13:16:02	122	123	130	106
2021-07-03T13:16:32	122	123	131	107
2021-07-03T13:17:02	122	123	130	108
2021-07-03T13:17:32	125	124	133	108
2021-07-03T13:18:02	128	126	134	109
2021-07-03T13:18:32	129	126	134	110
2021-07-03T13:19:02	128	127	134	111
2021-07-03T13:19:32	129	129	136	112
2021-07-03T13:20:02	129	129	137	113
2021-07-03T13:20:32	129	128	136	114
2021-07-03T13:21:02	133	131	141	114
2021-07-03T13:21:32	135	133	142	115
2021-07-03T13:22:02	135	133	141	116
2021-07-03T13:22:32	134	135	141	117
2021-07-03T13:23:02	135	136	144	117
2021-07-03T13:23:32	135	136	144	119
2021-07-03T13:24:02	138	137	144	118
2021-07-03T13:24:32	141	138	145	119
2021-07-03T13:25:02	142	139	148	121
2021-07-03T13:25:32	142	139	148	122
2021-07-03T13:26:02	142	140	148	123
2021-07-03T13:26:32	143	141	151	124
2021-07-03T13:27:02	142	142	151	125
2021-07-03T13:27:32	146	141	151	126
2021-07-03T13:28:02	148	144	154	126
2021-07-03T13:28:32	149	144	154	127
2021-07-03T13:29:02	148	144	154	128
2021-07-03T13:29:32	149	146	156	129
2021-07-03T13:30:02	149	145	156	130
2021-07-03T13:30:32	150	146	156	131
2021-07-03T13:31:02	154	150	162	132
2021-07-03T13:31:32	154	151	161	132
2021-07-03T13:32:02	154	152	160	133
2021-07-03T13:32:32	154	152	162	134
2021-07-03T13:33:02	154	153	163	135
2021-07-03T13:33:32	159	153	163	136
2021-07-03T13:34:02	159	153	164	137
2021-07-03T13:34:32	161	156	167	138
2021-07-03T13:35:02	160	155	167	138
2021-07-03T13:35:32	160	155	166	138
2021-07-03T13:36:02	160	158	171	140
2021-07-03T13:36:32	164	159	171	141
2021-07-03T13:37:02	165	158	170	142
2021-07-03T13:37:32	164	159	170	143
2021-07-03T13:38:02	165	162	175	144
2021-07-03T13:38:32	165	161	174	145
2021-07-03T13:39:02	168	161	174	146
2021-07-03T13:39:32	169	162	176	147
2021-07-03T13:40:02	170	164	179	147
2021-07-03T13:40:32	169	165	178	148
2021-07-03T13:41:02	172	165	178	149
2021-07-03T13:41:32	175	167	181	150
2021-07-03T13:42:02	175	167	180	151
2021-07-03T13:42:32	174	169	181	152
2021-07-03T13:43:02	175	171	184	153
2021-07-03T13:43:32	178	172	184	153
2021-07-03T13:44:02	178	171	184	154
2021-07-03T13:44:32	178	173	187	155
2021-07-03T13:45:02	178	173	186	156
2021-07-03T13:45:32	183	174	188	157
2021-07-03T13:46:02	184	175	188	158
2021-07-03T13:46:32	184	177	191	159
2021-07-03T13:47:02	183	176	190	160
2021-07-03T13:47:32	187	178	193	160
2021-07-03T13:48:02	189	181	196	162
2021-07-03T13:48:32	189	180	194	163
2021-07-03T13:49:02	188	180	194	163
2021-07-03T13:49:32	187	182	196	164
2021-07-03T13:50:02	192	181	198	165
2021-07-03T13:50:32	192	183	199	166
2021-07-03T13:51:02	192	184	198	167
2021-07-03T13:51:32	193	184	200	168
2021-07-03T13:52:02	195	184	200	169
2021-07-03T13:52:32	195	188	203	169
2021-07-03T13:53:02	195	188	202	170
2021-07-03T13:53:32	199	190	206	171
2021-07-03T13:54:02	201	191	207	172
2021-07-03T13:54:32	201	191	205	172
2021-07-03T13:55:02	199	193	208	174
2021-07-03T13:55:32	201	194	208	175
2021-07-03T13:56:02	203	193	208	176
2021-07-03T13:56:32	203	195	211	177
2021-07-03T13:57:02	202	195	211	179
2021-07-03T13:57:32	208	196	212	178
2021-07-03T13:58:02	209	197	213	179
2021-07-03T13:58:32	208	199	215	180
2021-07-03T13:59:02	208	200	216	181
2021-07-03T13:59:32	209	199	215	181
2021-07-03T14:00:02	211	201	217	183
2021-07-03T14:00:32	212	202	219	183
2021-07-03T14:01:02	211	203	217	185
2021-07-03T14:01:32	213	204	220	186
2021-07-03T14:02:02	216	205	221	186
2021-07-03T14:02:32	216	205	221	188
2021-07-03T14:03:02	215	204	222	188
2021-07-03T14:03:32	218	208	226	189
2021-07-03T14:04:02	218	208	224	191
2021-07-03T14:04:32	220	209	225	191
2021-07-03T14:05:02	222	211	228	193
2021-07-03T14:05:32	221	211	227	194
2021-07-03T14:06:02	221	211	228	194
2021-07-03T14:06:32	225	213	231	195
2021-07-03T14:07:02	226	215	233	196
2021-07-03T14:07:32	225	214	230	197
2021-07-03T14:08:02	227	217	234	198
2021-07-03T14:08:32	228	217	236	200
2021-07-03T14:09:02	227	216	234	201
2021-07-03T14:09:32	231	218	237	202
2021-07-03T14:10:02	233	219	237	203
2021-07-03T14:10:32	232	218	237	203
2021-07-03T14:11:02	231	219	239	204
2021-07-03T14:11:32	235	222	242	204
2021-07-03T14:12:02	236	222	242	206
2021-07-03T14:12:32	235	222	242	206
2021-07-03T14:13:02	235	223	243	207
2021-07-03T14:13:32	238	223	243	208
2021-07-03T14:14:02	240	224	246	209
2021-07-03T14:14:32	239	225	245	210
2021-07-03T14:15:02	240	226	249	211
2021-07-03T14:15:32	241	227	248	212
2021-07-03T14:16:02	241	228	249	213
2021-07-03T14:16:32	244	229	250	214
2021-07-03T14:17:02	245	230	252	215
2021-07-03T14:17:32	244	229	250	216
2021-07-03T14:18:02	249	232	254	216
2021-07-03T14:18:32	249	232	254	217
2021-07-03T14:19:02	248	233	256	219
2021-07-03T14:19:32	249	235	256	220
2021-07-03T14:20:02	250	235	257	220
2021-07-03T14:20:32	251	236	256	221
2021-07-03T14:21:02	255	237	260	222
2021-07-03T14:21:32	254	237	260	223
2021-07-03T14:22:02	254	238	262	225
2021-07-03T14:22:32	255	239	263	226
2021-07-03T14:23:02	258	241	263	226
2021-07-03T14:23:32	259	242	265	227
2021-07-03T14:24:02	257	241	263	228
2021-07-03T14:24:32	262	246	269	229
2021-07-03T14:25:02	260	245	267	230
2021-07-03T14:25:32	262	247	269	231
2021-07-03T14:26:02	265	246	268	232
2021-07-03T14:26:32	263	247	271	233
2021-07-03T14:27:02	263	247	270	234
2021-07-03T14:27:32	267	249	272	235
2021-07-03T14:28:02	268	250	272	236
2021-07-03T14:28:32	266	251	274	236
2021-07-03T14:29:02	269	253	275	238
2021-07-03T14:29:32	271	253	275	239
2021-07-03T14:30:02	271	254	278	240
2021-07-03T14:30:32	270	254	278	241
2021-07-03T14:31:02	275	256	280	242
2021-07-03T14:31:32	273	256	279	242
2021-07-03T14:32:02	274	260	282	244
2021-07-03T14:32:32	276	260	282	245
2021-07-03T14:33:02	277	261	284	246
2021-07-03T14:33:32	277	260	284	247
2021-07-03T14:34:02	280	262	286	248
2021-07-03T14:34:32	279	262	284	249
2021-07-03T14:35:02	281	265	289	250
2021-07-03T14:35:32	282	265	288	251
2021-07-03T14:36:02	282	266	291	252
2021-07-03T14:36:32	285	266	290	253
2021-07-03T14:37:02	284	267	292	254
2021-07-03T14:37:32	286	266	291	255
2021-07-03T14:38:02	286	270	294	256
2021-07-03T14:38:32	288	268	293	257
2021-07-03T14:39:02	290	270	296	258
2021-07-03T14:39:32	289	270	295	258
2021-07-03T14:40:02	292	271	299	260
2021-07-03T14:40:32	292	272	297	261
2021-07-03T14:41:02	293	274	301	263
2021-07-03T14:41:32	293	275	300	263
2021-07-03T14:42:02	296	277	303	264
2021-07-03T14:42:32	296	276	301	266
2021-07-03T14:43:02	297	277	305	267
2021-07-03T14:43:32	296	277	303	266
2021-07-03T14:44:02	299	280	306	268
2021-07-03T14:44:32	300	280	305	268
2021-07-03T14:45:02	302	283	309	270
2021-07-03T14:45:32	300	281	307	271
2021-07-03T14:46:02	305	283	310	272
2021-07-03T14:46:32	304	283	309	274
2021-07-03T14:47:02	305	286	312	274
2021-07-03T14:47:32	304	286	312	275
2021-07-03T14:48:02	309	287	314	277
2021-07-03T14:48:32	307	287	313	278
2021-07-03T14:49:02	310	290	316	278
2021-07-03T14:49:32	310	289	314	279
2021-07-03T14:50:02	311	291	317	280
2021-07-03T14:50:32	311	290	318	281
2021-07-03T14:51:02	314	295	320	283
2021-07-03T14:51:32	314	295	319	284
2021-07-03T14:52:02	315	296	323	284
2021-07-03T14:52:32	316	294	320	286
2021-07-03T14:53:02	319	298	324	287
2021-07-03T14:53:32	317	295	323	288
2021-07-03T14:54:02	321	298	325	288
2021-07-03T14:54:32	320	299	326	289
2021-07-03T14:55:02	322	300	326	290
2021-07-03T14:55:32	322	302	329	291
2021-07-03T14:56:02	323	301	327	293
2021-07-03T14:56:32	325	304	332	294
2021-07-03T14:57:02	323	302	330	296
2021-07-03T14:57:32	329	306	333	297
2021-07-03T14:58:02	327	306	333	297
2021-07-03T14:58:32	329	306	336	299
2021-07-03T14:59:02	328	306	334	300
2021-07-03T14:59:32	331	310	338	301
2021-07-03T15:00:02	331	309	336	302
2021-07-03T15:00:32	332	312	340	303
2021-07-03T15:01:02	334	312	339	304
2021-07-03T15:01:32	333	312	340	305
2021-07-03T15:02:02	337	312	341	305
2021-07-03T15:02:32	337	315	341	306
2021-07-03T15:03:02	338	316	345	307
2021-07-03T15:03:32	337	317	344	308
2021-07-03T15:04:02	341	318	345	309
2021-07-03T15:04:32	339	318	346	311
2021-07-03T15:05:02	342	319	348	312
2021-07-03T15:05:32	341	319	348	313
2021-07-03T15:06:02	344	322	349	314
2021-07-03T15:06:32	343	323	350	315
2021-07-03T15:07:02	347	324	352	316
2021-07-03T15:07:32	346	323	351	317
2021-07-03T15:08:02	347	324	354	318
2021-07-03T15:08:32	347	325	353	319
2021-07-03T15:09:02	352	327	357	321
2021-07-03T15:09:32	349	327	355	321
2021-07-03T15:10:02	353	330	357	322
2021-07-03T15:10:32	352	331	360	324
2021-07-03T15:11:02	353	330	359	324
2021-07-03T15:11:32	353	331	360	326
2021-07-03T15:12:02	356	333	361	327
2021-07-03T15:12:32	355	335	364	327
2021-07-03T15:13:02	359	333	363	329
2021-07-03T15:13:32	358	334	366	330
2021-07-03T15:14:02	359	336	366	331
2021-07-03T15:14:32	361	336	368	332
2021-07-03T15:15:02	362	337	367	334
2021-07-03T15:15:32	361	340	367	335
2021-07-03T15:16:02	365	339	371	336
2021-07-03T15:16:32	363	340	370	337
2021-07-03T15:17:02	367	343	372	337
2021-07-03T15:17:32	366	341	372	339
2021-07-03T15:18:02	368	343	373	340
2021-07-03T15:18:32	368	345	375	341
2021-07-03T15:19:02	370	344	374	342
2021-07-03T15:19:32	370	346	378	343
2021-07-03T15:20:02	371	347	376	344
2021-07-03T15:20:32	373	347	377	345
2021-07-03T15:21:02	375	349	379	346
2021-07-03T15:21:32	374	350	380	347
2021-07-03T15:22:02	376	354	383	349
2021-07-03T15:22:32	377	353	384	349
2021-07-03T15:23:02	378	354	383	350
2021-07-03T15:23:32	378	355	386	352
2021-07-03T15:24:02	380	355	385	353
2021-07-03T15:24:32	380	357	386	353
2021-07-03T15:25:02	383	359	388	355
2021-07-03T15:25:32	383	358	388	356
2021-07-03T15:26:02	383	358	388	357
2021-07-03T15:26:32	384	362	391	358
2021-07-03T15:27:02	385	362	391	359
2021-07-03T15:27:32	387	363	392	360
2021-07-03T15:28:02	387	365	392	361
2021-07-03T15:28:32	390	365	395	362
2021-07-03T15:29:02	388	366	396	362
2021-07-03T15:29:32	391	366	396	364
2021-07-03T15:30:02	392	367	397	365
2021-07-03T15:30:32	394	369	400	366
2021-07-03T15:31:02	393	369	398	367
2021-07-03T15:31:32	396	369	401	368
2021-07-03T15:32:02	394	370	401	369
2021-07-03T15:32:32	398	370	402	370
2021-07-03T15:33:02	398	372	405	371
2021-07-03T15:33:32	397	371	403	372
2021-07-03T15:34:02	402	374	407	373
2021-07-03T15:34:32	400	374	405	374
2021-07-03T15:35:02	403	377	407	376
2021-07-03T15:35:32	402	377	410	377
2021-07-03T15:36:02	402	378	409	378
2021-07-03T15:36:32	406	377	410	379
2021-07-03T15:37:02	405	380	413	380
2021-07-03T15:37:32	409	379	412	381
2021-07-03T15:38:02	407	383	415	382
2021-07-03T15:38:32	410	382	413	383
2021-07-03T15:39:02	410	385	418	384
2021-07-03T15:39:32	411	383	415	386
2021-07-03T15:40:02	413	387	418	386
2021-07-03T15:40:32	412	386	419	388
2021-07-03T15:41:02	415	388	420	389
2021-07-03T15:41:32	415	388	423	390
2021-07-03T15:42:02	416	389	421	391
2021-07-03T15:42:32	418	389	422	392
2021-07-03T15:43:02	416	392	423	392
2021-07-03T15:43:32	420	393	426	394
2021-07-03T15:44:02	420	393	426	394
2021-07-03T15:44:32	420	393	427	395
2021-07-03T15:45:03	423	394	428	397
2021-07-03T15:45:33	423	394	428	398
2021-07-03T15:46:03	424	397	428	401
2021-07-03T15:46:33	426	399	431	402
2021-07-03T15:47:03	424	399	432	403
2021-07-03T15:47:33	428	400	431	405
2021-07-03T15:48:03	428	402	434	406
2021-07-03T15:48:33	430	401	436	408
2021-07-03T15:49:03	430	402	436	409
2021-07-03T15:49:33	430	402	436	410
2021-07-03T15:50:03	432	405	438	411
2021-07-03T15:50:33	434	406	440	412
2021-07-03T15:51:03	433	406	439	413
2021-07-03T15:51:33	435	409	441	414
2021-07-03T15:52:03	437	409	442	414
2021-07-03T15:52:33	437	411	443	415
2021-07-03T15:53:03	439	411	444	416
2021-07-03T15:53:33	438	412	445	417
2021-07-03T15:54:03	440	412	445	418
2021-07-03T15:54:33	442	412	447	419
2021-07-03T15:55:03	443	413	447	421
2021-07-03T15:55:33	442	416	448	422
2021-07-03T15:56:03	444	418	449	423
2021-07-03T15:56:33	446	417	451	424
2021-07-03T15:57:03	446	416	452	425
2021-07-03T15:57:33	447	420	454	426
2021-07-03T15:58:03	448	420	454	427
2021-07-03T15:58:33	450	420	455	428
2021-07-03T15:59:03	451	420	457	429
2021-07-03T15:59:33	451	422	456	430
2021-07-03T16:00:03	452	424	456	430
2021-07-03T16:00:33	452	426	458	432
2021-07-03T16:01:03	454	428	461	433
2021-07-03T16:01:33	455	427	460	434
2021-07-03T16:02:03	456	427	460	435
2021-07-03T16:02:33	458	431	464	436
2021-07-03T16:03:03	457	431	464	436
2021-07-03T16:03:33	459	430	466	438
2021-07-03T16:04:03	460	432	466	439
2021-07-03T16:04:33	461	434	467	441
2021-07-03T16:05:03	463	435	468	441
2021-07-03T16:05:33	462	435	468	443
2021-07-03T16:06:03	466	436	471	444
2021-07-03T16:06:33	465	437	471	444
2021-07-03T16:07:03	467	438	472	445
2021-07-03T16:07:33	467	437	472	446
2021-07-03T16:08:03	468	438	473	448
2021-07-03T16:08:33	469	441	474	449
2021-07-03T16:09:03	472	442	477	449
2021-07-03T16:09:33	471	440	478	450
2021-07-03T16:10:03	471	442	477	451
2021-07-03T16:10:33	474	443	479	453
2021-07-03T16:11:03	474	445	481	453
2021-07-03T16:11:33	477	447	481	455
2021-07-03T16:12:03	477	447	482	456
2021-07-03T16:12:33	477	447	483	458
2021-07-03T16:13:03	478	448	485	458
2021-07-03T16:13:33	478	449	485	459
2021-07-03T16:14:03	481	449	485	460
2021-07-03T16:14:33	482	452	488	461
2021-07-03T16:15:03	482	450	487	463
2021-07-03T16:15:33	482	451	488	464
2021-07-03T16:16:03	486	454	490	465
2021-07-03T16:16:33	486	455	491	465
2021-07-03T16:17:03	485	456	492	466
2021-07-03T16:17:33	486	457	494	467
2021-07-03T16:18:03	489	457	494	469
2021-07-03T16:18:33	490	457	495	469
2021-07-03T16:19:03	491	459	494	471
2021-07-03T16:19:33	490	459	496	472
2021-07-03T16:20:03	493	461	497	473
2021-07-03T16:20:33	494	464	498	474
2021-07-03T16:21:03	493	463	500	476
2021-07-03T16:21:33	496	465	502	477
2021-07-03T16:22:03	496	467	504	478
2021-07-03T16:22:33	495	466	500	479
2021-07-03T16:23:03	501	467	504	479
2021-07-03T16:23:33	500	467	505	481
2021-07-03T16:24:03	499	467	504	482
2021-07-03T16:24:33	502	469	507	483
2021-07-03T16:25:03	504	472	509	484
2021-07-03T16:25:33	505	473	509	485
2021-07-03T16:26:03	506	473	509	486
2021-07-03T16:26:33	506	474	511	487
2021-07-03T16:27:03	509	474	511	489
2021-07-03T16:27:33	507	478	514	489
2021-07-03T16:28:03	508	476	513	490
2021-07-03T16:28:33	510	478	515	492
2021-07-03T16:29:03	512	479	516	493
2021-07-03T16:29:33	512	480	517	494
2021-07-03T16:30:03	513	482	519	495
2021-07-03T16:30:33	514	482	519	496
2021-07-03T16:31:03	515	483	518	497
2021-07-03T16:31:33	516	484	520	498
2021-07-03T16:32:03	517	485	521	499
2021-07-03T16:32:33	517	485	521	500
2021-07-03T16:33:03	518	487	521	501
2021-07-03T16:33:33	520	490	524	502
2021-07-03T16:34:03	521	489	526	503
2021-07-03T16:34:33	523	489	526	504
2021-07-03T16:35:03	523	491	527	506
2021-07-03T16:35:33	523	491	530	507
2021-07-03T16:36:03	525	493	531	507
2021-07-03T16:36:33	527	492	529	508
2021-07-03T16:37:03	526	494	531	509
2021-07-03T16:37:33	527	496	532	511
2021-07-03T16:38:03	528	496	533	511
2021-07-03T16:38:33	530	498	536	513
2021-07-03T16:39:03	532	498	536	514
2021-07-03T16:39:33	532	499	537	515
2021-07-03T16:40:03	532	501	538	516
2021-07-03T16:40:33	533	502	540	517
2021-07-03T16:41:03	534	502	540	518
2021-07-03T16:41:33	535	501	540	519
2021-07-03T16:42:03	536	505	541	521
2021-07-03T16:42:33	539	506	543	521
2021-07-03T16:43:03	540	505	543	522
2021-07-03T16:43:33	539	508	545	524
2021-07-03T16:44:03	540	508	545	525
2021-07-03T16:44:33	541	507	547	525
2021-07-03T16:45:03	544	510	550	527
2021-07-03T16:45:33	543	510	549	528
2021-07-03T16:46:03	544	510	549	529
2021-07-03T16:46:33	547	513	552	530
2021-07-03T16:47:03	548	513	552	531
2021-07-03T16:47:33	548	515	553	532
2021-07-03T16:48:03	550	515	555	533
2021-07-03T16:48:33	549	519	555	534
2021-07-03T16:49:03	551	518	555	534
2021-07-03T16:49:33	552	520	557	536
2021-07-03T16:50:03	553	520	558	537
2021-07-03T16:50:33	554	521	558	538
2021-07-03T16:51:03	554	521	560	539
2021-07-03T16:51:33	558	521	561	541
2021-07-03T16:52:03	557	524	562	542
2021-07-03T16:52:33	559	525	563	542
2021-07-03T16:53:03	558	524	563	544
2021-07-03T16:53:33	559	526	566	545
2021-07-03T16:54:03	560	526	567	545
2021-07-03T16:54:33	563	529	567	547
2021-07-03T16:55:03	564	531	569	548
2021-07-03T16:55:33	564	531	570	548
2021-07-03T16:56:03	564	532	572	549
2021-07-03T16:56:33	566	533	571	552
2021-07-03T16:57:03	567	535	574	552
2021-07-03T16:57:33	568	536	573	553
2021-07-03T16:58:03	569	535	575	554
2021-07-03T16:58:33	572	535	574	555
2021-07-03T16:59:03	571	538	576	556
2021-07-03T16:59:33	572	538	579	557
2021-07-03T17:00:03	574	540	579	559
2021-07-03T17:00:33	575	541	580	559
2021-07-03T17:01:03	576	540	581	560
2021-07-03T17:01:33	576	541	580	563
2021-07-03T17:02:03	578	544	583	564
2021-07-03T17:02:33	579	545	583	564
2021-07-03T17:03:03	580	546	586	565
2021-07-03T17:03:33	581	547	587	566
2021-07-03T17:04:03	582	548	587	567
2021-07-03T17:04:33	584	549	587	568
2021-07-03T17:05:03	583	548	589	568
2021-07-03T17:05:33	585	549	589	570
2021-07-03T17:06:03	586	552	589	571
2021-07-03T17:06:33	587	551	592	571
2021-07-03T17:07:03	589	554	594	573
2021-07-03T17:07:33	590	554	594	575
2021-07-03T17:08:03	590	555	595	576
2021-07-03T17:08:33	592	555	596	576
2021-07-03T17:09:03	591	558	597	577
2021-07-03T17:09:33	592	557	596	578
2021-07-03T17:10:03	592	558	597	579
2021-07-03T17:10:33	595	559	599	581
2021-07-03T17:11:03	595	562	601	582
2021-07-03T17:11:33	598	562	602	582
2021-07-03T17:12:03	598	564	603	584
2021-07-03T17:12:33	599	563	603	584
2021-07-03T17:13:03	601	564	604	586
2021-07-03T17:13:33	600	566	606	588
2021-07-03T17:14:03	601	566	607	589
2021-07-03T17:14:33	602	567	606	590
2021-07-03T17:15:03	604	569	609	591
2021-07-03T17:15:33	605	571	611	592
2021-07-03T17:16:03	606	571	610	593
2021-07-03T17:16:33	607	571	611	594
2021-07-03T17:17:03	608	574	614	595
2021-07-03T17:17:33	609	576	614	596
2021-07-03T17:18:03	610	576	615	597
2021-07-03T17:18:33	611	577	615	598
2021-07-03T17:19:03	613	575	616	600
2021-07-03T17:19:33	612	576	618	601
2021-07-03T17:20:03	612	579	620	602
2021-07-03T17:20:33	614	579	619	603
2021-07-03T17:21:03	616	580	619	603
2021-07-03T17:21:33	617	583	621	605
2021-07-03T17:22:03	617	584	622	606
2021-07-03T17:22:33	618	585	622	607
2021-07-03T17:23:03	619	586	625	608
2021-07-03T17:23:33	620	587	627	609
2021-07-03T17:24:03	623	586	625	610
2021-07-03T17:24:33	622	587	629	612
2021-07-03T17:25:03	623	588	628	612
2021-07-03T17:25:33	625	589	629	613
2021-07-03T17:26:03	625	591	631	615
2021-07-03T17:26:33	626	592	630	616
2021-07-03T17:27:03	627	592	632	616
2021-07-03T17:27:33	629	593	633	617
2021-07-03T17:28:03	631	595	634	618
2021-07-03T17:28:33	630	596	636	619
2021-07-03T17:29:03	631	595	635	620
2021-07-03T17:29:33	632	598	636	622
2021-07-03T17:30:03	634	597	638	622
2021-07-03T17:30:33	635	599	641	624
2021-07-03T17:31:03	635	600	641	625
2021-07-03T17:31:33	638	603	642	625
2021-07-03T17:32:03	638	602	641	627
2021-07-03T17:32:33	637	602	643	627
2021-07-03T17:33:03	641	605	645	629
2021-07-03T17:33:33	642	605	645	629
2021-07-03T17:34:03	642	606	646	631
2021-07-03T17:34:33	642	607	647	631
2021-07-03T17:35:03	644	607	647	632
2021-07-03T17:35:33	644	609	647	634
2021-07-03T17:36:03	645	609	650	635
2021-07-03T17:36:33	645	611	651	636
2021-07-03T17:37:03	648	612	654	637
2021-07-03T17:37:33	651	615	653	638
2021-07-03T17:38:03	652	614	653	639
2021-07-03T17:38:33	650	615	654	640
2021-07-03T17:39:03	653	617	657	641
2021-07-03T17:39:33	653	617	657	643
2021-07-03T17:40:03	655	619	659	643
2021-07-03T17:40:33	656	618	659	644
2021-07-03T17:41:03	654	620	659	644
2021-07-03T17:41:33	657	621	659	647
2021-07-03T17:42:03	658	622	661	648
2021-07-03T17:42:33	660	623	662	649
2021-07-03T17:43:03	661	626	665	649
2021-07-03T17:43:33	660	626	664	650
2021-07-03T17:44:03	663	628	667	651
2021-07-03T17:44:33	665	627	668	653
2021-07-03T17:45:03	665	627	668	654
2021-07-03T17:45:33	665	628	669	655
2021-07-03T17:46:03	666	630	668	656
2021-07-03T17:46:33	667	631	671	657
2021-07-03T17:47:03	668	631	671	658
2021-07-03T17:47:33	669	633	673	659
2021-07-03T17:48:03	671	633	673	660
2021-07-03T17:48:33	670	635	675	661
2021-07-03T17:49:03	672	636	675	662
2021-07-03T17:49:33	674	637	677	663
2021-07-03T17:50:03	674	638	677	664
2021-07-03T17:50:33	675	639	678	665
2021-07-03T17:51:03	675	639	680	667
2021-07-03T17:51:33	677	641	682	667
2021-07-03T17:52:03	677	641	682	668
2021-07-03T17:52:33	680	643	681	669
2021-07-03T17:53:03	681	645	683	671
2021-07-03T17:53:33	681	645	685	672
2021-07-03T17:54:03	681	648	689	672
2021-07-03T17:54:33	684	649	688	673
2021-07-03T17:55:03	684	649	689	674
2021-07-03T17:55:33	686	648	688	676
2021-07-03T17:56:03	686	648	689	676
2021-07-03T17:56:33	687	652	692	677
2021-07-03T17:57:03	687	652	692	678
2021-07-03T17:57:33	688	652	692	679
2021-07-03T17:58:03	690	653	693	681
2021-07-03T17:58:33	692	656	695	681
2021-07-03T17:59:03	692	656	696	683
2021-07-03T17:59:33	693	656	697	684
2021-07-03T18:00:03	694	658	698	685
2021-07-03T18:00:33	695	659	699	687
2021-07-03T18:01:03	696	659	700	688
2021-07-03T18:01:33	697	661	701	689
2021-07-03T18:02:03	697	662	701	689
2021-07-03T18:02:33	698	663	704	691
2021-07-03T18:03:03	700	665	705	691
2021-07-03T18:03:33	701	665	703	692
2021-07-03T18:04:03	703	665	705	693
2021-07-03T18:04:33	703	668	707	694
2021-07-03T18:05:03	704	668	707	695
2021-07-03T18:05:33	705	669	709	697
2021-07-03T18:06:03	707	672	711	697
2021-07-03T18:06:33	707	671	711	699
2021-07-03T18:07:03	709	671	711	700
2021-07-03T18:07:33	709	673	712	701
2021-07-03T18:08:03	710	673	714	701
2021-07-03T18:08:33	711	676	715	703
2021-07-03T18:09:03	712	676	717	703
2021-07-03T18:09:33	714	677	719	704
2021-07-03T18:10:03	716	676	716	705
2021-07-03T18:10:33	714	679	719	706
2021-07-03T18:11:03	715	681	720	708
2021-07-03T18:11:33	718	681	721	709
2021-07-03T18:12:03	718	681	722	710
2021-07-03T18:12:33	720	683	725	709
2021-07-03T18:13:03	721	686	723	712
2021-07-03T18:13:33	723	684	723	713
2021-07-03T18:14:03	722	686	727	713
2021-07-03T18:14:33	724	687	728	715
2021-07-03T18:15:03	725	688	728	716
2021-07-03T18:15:33	725	689	730	716
2021-07-03T18:16:03	728	689	730	718
2021-07-03T18:16:33	729	691	730	719
2021-07-03T18:17:03	728	693	732	719
2021-07-03T18:17:33	730	694	734	721
2021-07-03T18:18:03	732	693	736	722
2021-07-03T18:18:33	732	695	734	722
2021-07-03T18:19:03	733	696	738	723
2021-07-03T18:19:33	735	697	739	725
2021-07-03T18:20:03	735	698	740	726
2021-07-03T18:20:33	736	700	741	727
2021-07-03T18:21:03	738	700	741	728
2021-07-03T18:21:33	738	700	742	729
2021-07-03T18:22:03	740	701	743	730
2021-07-03T18:22:33	741	702	742	730
2021-07-03T18:23:03	742	703	745	732
2021-07-03T18:23:33	742	705	746	733
2021-07-03T18:24:03	743	707	747	734
2021-07-03T18:24:33	745	706	748	735
2021-07-03T18:25:03	746	707	747	735
2021-07-03T18:25:33	746	709	750	736
2021-07-03T18:26:03	746	710	750	738
2021-07-03T18:26:33	747	711	752	739
2021-07-03T18:27:03	748	713	753	740
2021-07-03T18:27:33	750	715	754	741
2021-07-03T18:28:03	753	715	756	741
2021-07-03T18:28:33	753	716	755	742
2021-07-03T18:29:03	754	716	756	743
2021-07-03T18:29:33	754	717	758	745
2021-07-03T18:30:03	756	718	759	747
2021-07-03T18:30:33	757	719	760	747
2021-07-03T18:31:03	757	722	761	747
2021-07-03T18:31:33	757	722	761	749
2021-07-03T18:32:03	759	722	764	750
2021-07-03T18:32:33	760	723	764	751
2021-07-03T18:33:03	762	724	765	752
2021-07-03T18:33:33	762	725	766	753
2021-07-03T18:34:03	763	727	767	755
2021-07-03T18:34:33	763	728	766	754
2021-07-03T18:35:03	766	731	769	756
2021-07-03T18:35:33	765	729	769	756
2021-07-03T18:36:03	767	731	770	758
2021-07-03T18:36:33	768	732	771	758
2021-07-03T18:37:03	768	733	772	759
2021-07-03T18:37:33	772	735	774	760
2021-07-03T18:38:03	772	735	775	760
2021-07-03T18:38:33	773	736	776	761
2021-07-03T18:39:03	772	737	777	763
2021-07-03T18:39:33	773	739	778	763
2021-07-03T18:40:03	774	739	779	764
2021-07-03T18:40:33	776	739	780	765
2021-07-03T18:41:03	776	742	780	765
2021-07-03T18:41:33	776	742	781	766
2021-07-03T18:42:03	781	744	782	768
2021-07-03T18:42:33	780	745	783	769
2021-07-03T18:43:03	781	745	784	770
2021-07-03T18:43:33	781	747	786	771
2021-07-03T18:44:03	783	748	787	771
2021-07-03T18:44:33	785	748	788	772
2021-07-03T18:45:03	784	749	788	773
2021-07-03T18:45:33	785	751	790	775
2021-07-03T18:46:03	787	752	792	776
2021-07-03T18:46:33	787	754	792	778
2021-07-03T18:47:03	789	754	793	778
2021-07-03T18:47:33	790	753	793	778
2021-07-03T18:48:03	790	756	795	780
2021-07-03T18:48:33	792	756	795	781
2021-07-03T18:49:03	793	758	797	783
2021-07-03T18:49:33	794	759	798	783
2021-07-03T18:50:03	795	760	798	783
2021-07-03T18:50:33	796	760	799	784
2021-07-03T18:51:03	799	760	800	786
2021-07-03T18:51:33	800	762	802	787
2021-07-03T18:52:03	800	762	803	788
2021-07-03T18:52:33	800	765	804	790
2021-07-03T18:53:03	801	767	805	790
2021-07-03T18:53:33	802	766	807	792
2021-07-03T18:54:03	805	766	808	793
2021-07-03T18:54:33	803	768	808	794
2021-07-03T18:55:03	805	768	808	795
2021-07-03T18:55:33	806	769	810	796
2021-07-03T18:56:03	808	770	811	797
2021-07-03T18:56:33	808	771	813	797
2021-07-03T18:57:03	810	772	814	800
2021-07-03T18:57:33	810	773	813	800
2021-07-03T18:58:03	810	773	816	801
2021-07-03T18:58:33	812	774	816	803
2021-07-03T18:59:03	813	775	817	804
2021-07-03T18:59:33	815	776	817	805
2021-07-03T19:00:03	817	778	820	806
2021-07-03T19:00:33	815	777	819	806
2021-07-03T19:01:03	819	780	821	809
2021-07-03T19:01:33	819	780	823	809
2021-07-03T19:02:03	820	781	822	811
2021-07-03T19:02:33	820	781	823	812
2021-07-03T19:03:03	822	782	825	813
2021-07-03T19:03:33	822	784	826	814
2021-07-03T19:04:03	823	786	827	814
2021-07-03T19:04:33	825	786	828	816
2021-07-03T19:05:03	825	786	828	818
2021-07-03T19:05:33	828	786	829	818
2021-07-03T19:06:03	829	789	830	818
2021-07-03T19:06:33	830	789	832	820
2021-07-03T19:07:03	830	789	834	822
2021-07-03T19:07:33	829	791	834	823
2021-07-03T19:08:03	833	792	835	824
2021-07-03T19:08:33	834	792	835	824
2021-07-03T19:09:03	834	794	836	826
2021-07-03T19:09:33	833	793	836	827
2021-07-03T19:10:03	838	796	839	828
2021-07-03T19:10:33	837	797	840	829
2021-07-03T19:11:03	839	798	840	831
2021-07-03T19:11:33	838	800	842	832
2021-07-03T19:12:03	839	799	842	833
2021-07-03T19:12:33	840	800	844	833
2021-07-03T19:13:03	842	801	844	833
2021-07-03T19:13:33	844	802	845	836
2021-07-03T19:14:03	844	804	845	837
2021-07-03T19:14:33	845	805	849	837
2021-07-03T19:15:03	845	804	846	838
2021-07-03T19:15:33	847	806	849	839
2021-07-03T19:16:03	849	807	850	840
2021-07-03T19:16:33	850	810	852	842
2021-07-03T19:17:03	850	809	853	843
2021-07-03T19:17:33	851	809	852	844
2021-07-03T19:18:03	852	812	855	845
2021-07-03T19:18:33	852	811	855	846
2021-07-03T19:19:03	853	813	857	846
2021-07-03T19:19:33	856	814	857	847
2021-07-03T19:20:03	855	814	857	849
2021-07-03T19:20:33	856	818	860	851
2021-07-03T19:21:03	857	818	859	851
2021-07-03T19:21:33	858	820	861	852
2021-07-03T19:22:03	859	821	863	853
2021-07-03T19:22:33	862	821	862	855
2021-07-03T19:23:03	861	823	866	856
2021-07-03T19:23:33	862	823	864	857
2021-07-03T19:24:03	864	825	868	858
2021-07-03T19:24:33	864	825	867	859
2021-07-03T19:25:03	866	827	870	859
2021-07-03T19:25:33	866	828	869	862
2021-07-03T19:26:03	867	830	872	862
2021-07-03T19:26:33	869	829	873	864
2021-07-03T19:27:03	869	831	872	865
2021-07-03T19:27:33	870	832	873	865
2021-07-03T19:28:03	871	834	876	866
2021-07-03T19:28:33	873	834	877	868
2021-07-03T19:29:03	873	833	877	869
2021-07-03T19:29:33	873	836	878	869
2021-07-03T19:30:03	876	837	879	870
2021-07-03T19:30:33	879	838	880	872
2021-07-03T19:31:03	879	840	881	873
2021-07-03T19:31:33	879	839	881	874
2021-07-03T19:32:03	880	843	884	875
2021-07-03T19:32:33	881	841	884	876
2021-07-03T19:33:03	881	844	884	877
2021-07-03T19:33:33	885	846	887	878
2021-07-03T19:34:03	886	846	887	879
2021-07-03T19:34:33	887	849	890	880
2021-07-03T19:35:03	888	848	889	881
2021-07-03T19:35:33	889	850	890	883
2021-07-03T19:36:03	890	850	892	883
2021-07-03T19:36:33	891	851	891	884
2021-07-03T19:37:03	890	853	894	885
2021-07-03T19:37:33	890	853	892	887
2021-07-03T19:38:03	892	854	896	887
2021-07-03T19:38:33	894	856	896	889
2021-07-03T19:39:03	895	857	898	890
2021-07-03T19:39:33	896	857	898	890
2021-07-03T19:40:03	895	859	899	892
2021-07-03T19:40:33	897	860	901	894
2021-07-03T19:41:03	899	863	902	894
2021-07-03T19:41:33	900	862	903	896
2021-07-03T19:42:03	901	863	902	896
2021-07-03T19:42:33	899	863	902	897
2021-07-03T19:43:03	900	864	903	896
2021-07-03T19:43:33	898	864	903	897
2021-07-03T19:44:03	898	865	900	898
2021-07-03T19:44:33	898	864	901	898
2021-07-03T19:45:03	900	867	902	898
2021-07-03T19:45:33	898	867	902	898
2021-07-03T19:46:03	900	867	902	898
2021-07-03T19:46:33	900	867	902	898
2021-07-03T19:47:03	898	868	902	899
2021-07-03T19:47:33	899	868	901	898
2021-07-03T19:48:03	898	869	903	899
2021-07-03T19:48:33	900	869	903	899
2021-07-03T19:49:03	900	870	902	899
2021-07-03T19:49:33	899	871	903	898
2021-07-03T19:50:03	900	871	901	899
2021-07-03T19:50:33	898	872	902	899
2021-07-03T19:51:03	900	872	903	899
2021-07-03T19:51:33	898	873	901	899
2021-07-03T19:52:03	899	872	901	900
2021-07-03T19:52:33	899	874	903	899
2021-07-03T19:53:03	899	873	901	900
2021-07-03T19:53:33	900	874	901	900
2021-07-03T19:54:03	899	874	902	900
2021-07-03T19:54:33	900	875	902	900
2021-07-03T19:55:03	901	875	903	900
2021-07-03T19:55:33	899	875	903	899
2021-07-03T19:56:03	900	875	902	900
2021-07-03T19:56:33	899	876	902	901
2021-07-03T19:57:03	900	875	901	901
2021-07-03T19:57:33	899	877	901	901
2021-07-03T19:58:03	901	878	903	901
2021-07-03T19:58:33	900	877	900	900
2021-07-03T19:59:03	899	878	901	900
2021-07-03T19:59:33	899	878	902	900
2021-07-03T20:00:03	899	879	902	901
2021-07-03T20:00:33	898	878	902	901
2021-07-03T20:01:03	899	880	902	900
2021-07-03T20:01:33	898	881	902	900
2021-07-03T20:02:03	898	880	901	900
2021-07-03T20:02:33	898	882	904	901
2021-07-03T20:03:03	899	880	902	901
2021-07-03T20:03:33	898	882	903	900
2021-07-03T20:04:03	898	882	902	902
2021-07-03T20:04:33	898	882	903	902
2021-07-03T20:05:03	899	882	901	901
2021-07-03T20:05:33	900	883	902	901
2021-07-03T20:06:03	900	883	902	901
2021-07-03T20:06:33	900	883	902	901
2021-07-03T20:07:03	900	883	902	901
2021-07-03T20:07:33	899	884	903	901
2021-07-03T20:08:03	900	885	904	902
2021-07-03T20:08:33	899	885	903	901
2021-07-03T20:09:03	899	885	905	901
2021-07-03T20:09:33	900	885	902	901
2021-07-03T20:10:03	900	885	903	901
2021-07-03T20:10:33	900	885	902	901
2021-07-03T20:11:03	900	885	902	901
2021-07-03T20:11:33	901	885	902	902
2021-07-03T20:12:03	900	886	903	901
2021-07-03T20:12:33	899	886	902	901
2021-07-03T20:13:03	899	887	902	902
2021-07-03T20:13:33	900	887	903	901
2021-07-03T20:14:03	900	887	904	902
2021-07-03T20:14:33	898	887	902	901
2021-07-03T20:15:03	899	887	903	901
2021-07-03T20:15:33	900	887	903	901
2021-07-03T20:16:03	901	888	903	901
2021-07-03T20:16:33	900	888	902	902
2021-07-03T20:17:03	900	888	903	901
2021-07-03T20:17:33	899	888	903	902
2021-07-03T20:18:03	900	888	901	901
2021-07-03T20:18:33	900	888	902	901
2021-07-03T20:19:03	898	889	902	901
2021-07-03T20:19:33	899	889	902	901
2021-07-03T20:20:03	900	889	901	901
2021-07-03T20:20:33	900	890	903	901
2021-07-03T20:21:03	898	890	902	901
2021-07-03T20:21:33	899	890	902	901
2021-07-03T20:22:03	900	890	903	901
2021-07-03T20:22:33	900	890	903	901
2021-07-03T20:23:03	899	891	902	901
2021-07-03T20:23:33	899	891	901	901
2021-07-03T20:24:03	900	891	903	901
2021-07-03T20:24:33	900	892	902	901
2021-07-03T20:25:03	899	892	902	901
2021-07-03T20:25:33	900	891	903	901
2021-07-03T20:26:03	900	892	903	901
2021-07-03T20:26:33	899	892	902	901
2021-07-03T20:27:03	899	892	902	901
2021-07-03T20:27:33	900	893	904	901
2021-07-03T20:28:03	901	893	904	901
2021-07-03T20:28:33	899	893	903	901
2021-07-03T20:29:03	899	893	903	902
2021-07-03T20:29:33	900	892	903	901
2021-07-03T20:30:03	899	892	902	901
2021-07-03T20:30:33	899	893	903	901
2021-07-03T20:31:03	900	893	902	901
2021-07-03T20:31:33	899	894	903	901
2021-07-03T20:32:03	900	893	903	901
2021-07-03T20:32:33	901	894	903	901
2021-07-03T20:33:03	899	894	903	901
2021-07-03T20:33:33	900	895	904	902
2021-07-03T20:34:03	901	894	904	901
2021-07-03T20:34:33	899	893	901	901
2021-07-03T20:35:03	900	894	902	902
2021-07-03T20:35:33	899	894	901	901
2021-07-03T20:36:03	899	894	903	902
2021-07-03T20:36:33	899	895	903	902
2021-07-03T20:37:03	899	895	903	902
2021-07-03T20:37:33	901	895	903	902
2021-07-03T20:38:03	899	896	904	902
2021-07-03T20:38:33	900	896	903	902
2021-07-03T20:39:03	901	897	903	902
2021-07-03T20:39:33	899	896	902	902
2021-07-03T20:40:03	901	896	902	902
2021-07-03T20:40:33	899	897	902	902
2021-07-03T20:41:03	901	897	903	902
2021-07-03T20:41:33	899	897	903	902
2021-07-03T20:42:03	900	897	902	902
2021-07-03T20:42:33	899	897	902	902
2021-07-03T20:43:03	900	897	903	902
2021-07-03T20:43:33	901	898	903	902
2021-07-03T20:44:03	900	897	902	902
2021-07-03T20:44:33	900	897	902	901
2021-07-03T20:45:03	899	898	902	901
2021-07-03T20:45:33	900	898	904	901
2021-07-03T20:46:03	899	898	904	901
2021-07-03T20:46:33	900	897	902	901
2021-07-03T20:47:03	900	898	904	902
2021-07-03T20:47:33	899	898	903	902
2021-07-03T20:48:03	901	898	902	901
2021-07-03T20:48:33	899	898	903	901
2021-07-03T20:49:03	900	898	904	901
2021-07-03T20:49:33	898	897	902	901
2021-07-03T20:50:03	900	898	902	902
2021-07-03T20:50:33	899	899	903	901
2021-07-03T20:51:03	901	897	901	901
2021-07-03T20:51:33	899	898	902	901
2021-07-03T20:52:03	900	898	902	901
2021-07-03T20:52:33	899	899	903	901
2021-07-03T20:53:03	900	899	904	902
2021-07-03T20:53:33	899	898	902	901
2021-07-03T20:54:03	900	899	903	902
2021-07-03T20:54:33	899	899	903	901
2021-07-03T20:55:03	900	898	902	902
2021-07-03T20:55:33	899	898	904	901
2021-07-03T20:56:03	901	899	903	902
2021-07-03T20:56:33	899	899	902	902
2021-07-03T20:57:03	870	873	898	901
2021-07-03T20:57:33	779	810	881	897
2021-07-03T20:58:03	696	739	755	860
2021-07-03T20:58:33	577	592	663	787
2021-07-03T20:59:03	506	513	618	740
2021-07-03T20:59:33	474	477	576	680
2021-07-03T21:00:03	441	444	544	635
2021-07-03T21:00:33	421	414	522	610
2021-07-03T21:01:03	394	403	509	579
2021-07-03T21:01:33	386	383	487	555
2021-07-03T21:02:03	364	366	465	531
2021-07-03T21:02:33	351	350	455	516
2021-07-03T21:03:03	344	342	444	495
