time	T1	T2	T3	T4
2021-07-30T12:38:52	28	28	32	26
2021-07-30T12:39:22	28	28	32	26
2021-07-30T12:39:52	28	29	32	26
2021-07-30T12:40:22	29	29	32	26
2021-07-30T12:40:52	29	29	33	26
2021-07-30T12:41:22	29	29	33	26
2021-07-30T12:41:52	29	29	33	26
2021-07-30T12:42:22	33	30	33	26
2021-07-30T12:42:52	35	34	36	27
2021-07-30T12:43:22	40	38	39	28
2021-07-30T12:43:52	41	39	40	29
2021-07-30T12:44:22	42	40	41	31
2021-07-30T12:44:52	42	41	42	33
2021-07-30T12:45:22	44	41	42	34
2021-07-30T12:45:52	45	42	42	36
2021-07-30T12:46:22	45	42	43	37
2021-07-30T12:46:52	47	43	44	39
2021-07-30T12:47:22	48	43	44	40
2021-07-30T12:47:52	48	44	45	42
2021-07-30T12:48:22	50	47	48	44
2021-07-30T12:48:52	52	49	50	45
2021-07-30T12:49:22	53	50	51	46
2021-07-30T12:49:52	53	50	51	49
2021-07-30T12:50:22	54	51	52	51
2021-07-30T12:50:52	54	51	52	52
2021-07-30T12:51:22	55	51	53	53
2021-07-30T12:51:52	55	52	54	55
2021-07-30T12:52:22	57	56	57	56
2021-07-30T12:52:52	58	57	59	57
2021-07-30T12:53:22	59	57	59	59
2021-07-30T12:53:52	59	57	60	60
2021-07-30T12:54:22	60	57	60	62
2021-07-30T12:54:52	61	59	62	63
2021-07-30T12:55:22	62	60	63	63
2021-07-30T12:55:52	62	61	64	65
2021-07-30T12:56:22	63	61	64	67
2021-07-30T12:56:52	63	61	64	67
2021-07-30T12:57:22	65	64	68	68
2021-07-30T12:57:52	66	66	69	70
2021-07-30T12:58:22	66	66	69	71
2021-07-30T12:58:52	66	66	69	71
2021-07-30T12:59:22	66	65	69	72
2021-07-30T12:59:52	69	70	74	73
2021-07-30T13:00:22	70	71	74	75
2021-07-30T13:00:52	70	70	75	76
2021-07-30T13:01:22	70	70	74	77
2021-07-30T13:01:52	75	73	77	78
2021-07-30T13:02:22	78	75	79	79
2021-07-30T13:02:52	78	75	79	80
2021-07-30T13:03:22	78	75	79	80
2021-07-30T13:03:52	79	77	81	82
2021-07-30T13:04:22	80	79	83	83
2021-07-30T13:04:52	80	79	83	84
2021-07-30T13:05:22	80	78	83	84
2021-07-30T13:05:52	81	81	86	85
2021-07-30T13:06:22	83	84	88	86
2021-07-30T13:06:52	83	83	88	87
2021-07-30T13:07:22	83	82	87	88
2021-07-30T13:07:52	90	87	90	89
2021-07-30T13:08:22	93	89	93	90
2021-07-30T13:08:52	98	89	93	92
2021-07-30T13:09:22	101	89	93	93
2021-07-30T13:09:52	105	88	93	93
2021-07-30T13:10:22	109	88	93	94
2021-07-30T13:10:52	113	93	98	95
2021-07-30T13:11:22	117	94	99	97
2021-07-30T13:11:52	120	94	99	98
2021-07-30T13:12:22	123	93	99	99
2021-07-30T13:12:52	125	94	99	100
2021-07-30T13:13:22	130	97	103	101
2021-07-30T13:13:52	132	98	103	102
2021-07-30T13:14:22	136	98	103	103
2021-07-30T13:14:52	139	100	105	104
2021-07-30T13:15:22	140	101	106	105
2021-07-30T13:15:52	143	101	106	106
2021-07-30T13:16:22	144	102	107	107
2021-07-30T13:16:52	150	102	108	108
2021-07-30T13:17:22	152	107	111	110
2021-07-30T13:17:52	154	107	112	110
2021-07-30T13:18:22	156	107	112	111
2021-07-30T13:18:52	158	107	113	113
2021-07-30T13:19:22	160	108	114	113
2021-07-30T13:19:52	161	109	115	114
2021-07-30T13:20:22	164	110	116	115
2021-07-30T13:20:52	166	114	118	116
2021-07-30T13:21:22	168	113	119	117
2021-07-30T13:21:52	169	113	118	117
2021-07-30T13:22:22	171	117	122	119
2021-07-30T13:22:52	173	118	123	120
2021-07-30T13:23:22	175	117	123	121
2021-07-30T13:23:52	176	117	123	122
2021-07-30T13:24:22	177	120	125	122
2021-07-30T13:24:52	179	122	126	123
2021-07-30T13:25:22	180	121	126	125
2021-07-30T13:25:52	182	124	129	126
2021-07-30T13:26:22	184	126	131	127
2021-07-30T13:26:52	184	125	130	128
2021-07-30T13:27:22	185	125	130	129
2021-07-30T13:27:52	188	128	133	129
2021-07-30T13:28:22	188	129	134	130
2021-07-30T13:28:52	189	129	134	131
2021-07-30T13:29:22	191	131	136	132
2021-07-30T13:29:52	193	134	139	133
2021-07-30T13:30:22	192	133	138	134
2021-07-30T13:30:52	192	132	138	135
2021-07-30T13:31:22	194	135	142	136
2021-07-30T13:31:52	195	137	142	136
2021-07-30T13:32:22	196	136	142	137
2021-07-30T13:32:52	197	138	144	138
2021-07-30T13:33:22	199	140	145	140
2021-07-30T13:33:52	200	139	145	141
2021-07-30T13:34:22	201	140	144	142
2021-07-30T13:34:52	202	143	149	143
2021-07-30T13:35:22	204	144	150	144
2021-07-30T13:35:52	204	143	149	145
2021-07-30T13:36:22	205	145	151	145
2021-07-30T13:36:52	207	147	153	146
2021-07-30T13:37:22	207	147	153	147
2021-07-30T13:37:52	208	147	152	148
2021-07-30T13:38:22	209	151	157	149
2021-07-30T13:38:52	211	153	158	150
2021-07-30T13:39:22	210	152	157	151
2021-07-30T13:39:52	211	151	157	151
2021-07-30T13:40:22	213	154	161	152
2021-07-30T13:40:52	214	155	161	153
2021-07-30T13:41:22	214	155	161	154
2021-07-30T13:41:52	215	158	164	155
2021-07-30T13:42:22	216	158	164	156
2021-07-30T13:42:52	218	158	164	158
2021-07-30T13:43:22	218	160	166	158
2021-07-30T13:43:52	220	160	166	158
2021-07-30T13:44:22	221	165	170	159
2021-07-30T13:44:52	221	165	170	160
2021-07-30T13:45:22	222	164	170	161
2021-07-30T13:45:52	223	166	172	162
2021-07-30T13:46:22	224	166	173	164
2021-07-30T13:46:52	224	166	173	164
2021-07-30T13:47:22	226	169	176	164
2021-07-30T13:47:52	227	169	175	165
2021-07-30T13:48:22	227	170	176	166
2021-07-30T13:48:52	228	173	178	167
2021-07-30T13:49:22	229	172	177	169
2021-07-30T13:49:52	231	176	182	170
2021-07-30T13:50:22	231	176	182	171
2021-07-30T13:50:52	231	175	181	171
2021-07-30T13:51:22	232	178	186	173
2021-07-30T13:51:52	231	179	185	174
2021-07-30T13:52:22	233	179	185	174
2021-07-30T13:52:52	234	181	187	175
2021-07-30T13:53:22	234	180	187	176
2021-07-30T13:53:52	235	181	187	176
2021-07-30T13:54:22	237	186	191	177
2021-07-30T13:54:52	238	186	192	178
2021-07-30T13:55:22	239	185	191	180
2021-07-30T13:55:52	240	189	195	181
2021-07-30T13:56:22	241	188	195	182
2021-07-30T13:56:52	241	187	194	182
2021-07-30T13:57:22	241	189	197	183
2021-07-30T13:57:52	242	189	197	184
2021-07-30T13:58:22	243	191	199	184
2021-07-30T13:58:52	244	191	199	184
2021-07-30T13:59:22	245	194	200	186
2021-07-30T13:59:52	247	195	203	186
2021-07-30T14:00:22	245	195	202	188
2021-07-30T14:00:52	246	196	204	189
2021-07-30T14:01:22	249	199	206	190
2021-07-30T14:01:52	249	199	205	191
2021-07-30T14:02:22	249	199	207	192
2021-07-30T14:02:52	251	201	209	192
2021-07-30T14:03:22	251	200	208	193
2021-07-30T14:03:52	252	203	210	194
2021-07-30T14:04:22	252	204	211	197
2021-07-30T14:04:52	253	207	213	196
2021-07-30T14:05:22	254	206	213	198
2021-07-30T14:05:52	255	207	212	198
2021-07-30T14:06:22	256	209	217	199
2021-07-30T14:06:52	257	208	216	200
2021-07-30T14:07:22	258	210	219	201
2021-07-30T14:07:52	259	210	218	203
2021-07-30T14:08:22	260	212	220	204
2021-07-30T14:08:52	260	214	222	204
2021-07-30T14:09:22	261	212	220	205
2021-07-30T14:09:52	263	216	225	205
2021-07-30T14:10:22	264	217	224	206
2021-07-30T14:10:52	263	216	224	207
2021-07-30T14:11:22	265	219	227	209
2021-07-30T14:11:52	264	218	227	210
2021-07-30T14:12:22	266	221	229	210
2021-07-30T14:12:52	266	220	229	211
2021-07-30T14:13:22	268	224	232	212
2021-07-30T14:13:52	267	224	232	214
2021-07-30T14:14:22	269	226	233	214
2021-07-30T14:14:52	270	226	234	215
2021-07-30T14:15:22	270	226	235	216
2021-07-30T14:15:52	271	227	236	216
2021-07-30T14:16:22	271	226	235	218
2021-07-30T14:16:52	272	229	238	219
2021-07-30T14:17:22	273	229	239	219
2021-07-30T14:17:52	274	230	240	220
2021-07-30T14:18:22	275	231	242	221
2021-07-30T14:18:52	275	232	243	221
2021-07-30T14:19:22	276	232	243	222
2021-07-30T14:19:52	277	234	245	223
2021-07-30T14:20:22	278	234	245	225
2021-07-30T14:20:52	279	236	248	225
2021-07-30T14:21:22	280	237	248	226
2021-07-30T14:21:52	281	238	249	226
2021-07-30T14:22:22	280	237	248	227
2021-07-30T14:22:52	283	241	253	228
2021-07-30T14:23:22	283	240	251	229
2021-07-30T14:23:52	284	243	253	230
2021-07-30T14:24:22	285	242	254	231
2021-07-30T14:24:52	286	244	255	232
2021-07-30T14:25:22	286	245	257	233
2021-07-30T14:25:52	286	245	257	233
2021-07-30T14:26:22	287	245	258	234
2021-07-30T14:26:52	288	248	261	235
2021-07-30T14:27:22	288	248	260	236
2021-07-30T14:27:52	289	250	262	237
2021-07-30T14:28:22	290	250	262	237
2021-07-30T14:28:52	291	251	263	240
2021-07-30T14:29:22	292	254	266	241
2021-07-30T14:29:52	292	253	265	241
2021-07-30T14:30:22	293	255	268	242
2021-07-30T14:30:52	293	255	268	243
2021-07-30T14:31:22	294	257	269	243
2021-07-30T14:31:52	295	257	269	244
2021-07-30T14:32:22	296	259	272	246
2021-07-30T14:32:52	296	261	273	246
2021-07-30T14:33:22	299	260	274	247
2021-07-30T14:33:52	299	262	275	248
2021-07-30T14:34:22	300	261	274	250
2021-07-30T14:34:52	301	265	278	249
2021-07-30T14:35:22	302	265	279	251
2021-07-30T14:35:52	303	266	279	253
2021-07-30T14:36:22	304	266	280	254
2021-07-30T14:36:52	304	268	282	254
2021-07-30T14:37:22	305	270	281	255
2021-07-30T14:37:52	305	271	284	256
2021-07-30T14:38:22	306	272	285	257
2021-07-30T14:38:52	306	272	285	258
2021-07-30T14:39:22	308	273	287	259
2021-07-30T14:39:52	309	274	287	260
2021-07-30T14:40:22	309	276	290	261
2021-07-30T14:40:52	310	277	291	262
2021-07-30T14:41:22	311	278	292	263
2021-07-30T14:41:52	310	276	292	264
2021-07-30T14:42:22	311	279	293	265
2021-07-30T14:42:52	312	279	293	266
2021-07-30T14:43:22	315	282	296	266
2021-07-30T14:43:52	314	281	294	266
2021-07-30T14:44:22	316	283	298	267
2021-07-30T14:44:52	316	284	300	269
2021-07-30T14:45:22	317	283	298	270
2021-07-30T14:45:52	318	286	301	270
2021-07-30T14:46:22	318	286	301	270
2021-07-30T14:46:52	319	288	304	272
2021-07-30T14:47:22	319	287	302	272
2021-07-30T14:47:52	321	291	306	272
2021-07-30T14:48:22	321	290	304	274
2021-07-30T14:48:52	322	293	307	275
2021-07-30T14:49:22	323	293	309	277
2021-07-30T14:49:52	324	294	311	278
2021-07-30T14:50:22	324	295	312	279
2021-07-30T14:50:52	325	294	312	280
2021-07-30T14:51:22	325	295	313	281
2021-07-30T14:51:52	327	297	314	282
2021-07-30T14:52:22	327	298	314	282
2021-07-30T14:52:52	329	300	317	283
2021-07-30T14:53:22	328	299	316	285
2021-07-30T14:53:52	330	300	318	286
2021-07-30T14:54:22	331	302	319	286
2021-07-30T14:54:52	331	302	319	286
2021-07-30T14:55:22	332	304	322	287
2021-07-30T14:55:52	333	305	322	289
2021-07-30T14:56:22	332	305	323	290
2021-07-30T14:56:52	334	306	325	290
2021-07-30T14:57:22	334	307	325	292
2021-07-30T14:57:52	335	308	326	293
2021-07-30T14:58:22	337	309	328	293
2021-07-30T14:58:52	337	311	329	296
2021-07-30T14:59:22	337	312	330	296
2021-07-30T14:59:52	337	312	330	297
2021-07-30T15:00:22	339	315	333	298
2021-07-30T15:00:52	340	314	332	299
2021-07-30T15:01:22	340	316	334	299
2021-07-30T15:01:52	341	316	335	301
2021-07-30T15:02:22	341	317	336	300
2021-07-30T15:02:52	342	317	337	302
2021-07-30T15:03:22	343	319	339	303
2021-07-30T15:03:52	344	320	340	304
2021-07-30T15:04:22	345	320	340	306
2021-07-30T15:04:52	346	322	341	307
2021-07-30T15:05:22	345	324	343	307
2021-07-30T15:05:52	346	322	341	309
2021-07-30T15:06:22	348	325	344	308
2021-07-30T15:06:52	349	326	346	309
2021-07-30T15:07:22	350	326	347	311
2021-07-30T15:07:52	350	328	348	312
2021-07-30T15:08:22	350	327	349	313
2021-07-30T15:08:52	352	329	350	313
2021-07-30T15:09:22	353	332	354	314
2021-07-30T15:09:52	353	331	352	316
2021-07-30T15:10:22	355	333	353	316
2021-07-30T15:10:52	355	333	355	317
2021-07-30T15:11:22	355	334	354	319
2021-07-30T15:11:52	356	337	357	319
2021-07-30T15:12:22	357	336	356	320
2021-07-30T15:12:52	358	338	360	322
2021-07-30T15:13:22	358	337	358	322
2021-07-30T15:13:52	359	341	361	324
2021-07-30T15:14:22	361	339	360	325
2021-07-30T15:14:52	360	342	364	326
2021-07-30T15:15:22	361	342	364	327
2021-07-30T15:15:52	362	344	365	328
2021-07-30T15:16:22	363	345	367	331
2021-07-30T15:16:52	365	346	367	331
2021-07-30T15:17:22	366	346	367	333
2021-07-30T15:17:52	368	349	369	333
2021-07-30T15:18:22	368	349	370	335
2021-07-30T15:18:52	369	350	371	335
2021-07-30T15:19:22	369	350	372	337
2021-07-30T15:19:52	374	353	375	337
2021-07-30T15:20:22	374	354	375	338
2021-07-30T15:20:52	375	355	379	340
2021-07-30T15:21:22	375	354	375	341
2021-07-30T15:21:52	375	358	379	343
2021-07-30T15:22:22	376	356	379	343
2021-07-30T15:22:52	378	358	381	346
2021-07-30T15:23:22	380	359	380	345
2021-07-30T15:23:52	381	361	383	347
2021-07-30T15:24:22	380	359	382	347
2021-07-30T15:24:52	383	363	386	349
2021-07-30T15:25:22	385	361	385	349
2021-07-30T15:25:52	385	364	388	350
2021-07-30T15:26:22	385	365	387	352
2021-07-30T15:26:52	384	366	390	352
2021-07-30T15:27:22	389	367	390	355
2021-07-30T15:27:52	390	367	391	356
2021-07-30T15:28:22	391	370	393	357
2021-07-30T15:28:52	391	370	394	358
2021-07-30T15:29:22	391	371	393	359
2021-07-30T15:29:52	392	372	395	360
2021-07-30T15:30:22	395	372	396	361
2021-07-30T15:30:52	395	374	397	363
2021-07-30T15:31:22	396	375	397	363
2021-07-30T15:31:52	397	377	401	364
2021-07-30T15:32:22	396	376	398	365
2021-07-30T15:32:52	401	380	403	366
2021-07-30T15:33:22	398	381	403	369
2021-07-30T15:33:52	402	383	404	370
2021-07-30T15:34:22	403	385	404	372
2021-07-30T15:34:52	402	386	406	373
2021-07-30T15:35:22	405	386	407	375
2021-07-30T15:35:52	404	388	409	377
2021-07-30T15:36:22	405	388	409	378
2021-07-30T15:36:52	408	390	410	380
2021-07-30T15:37:22	410	394	412	381
2021-07-30T15:37:52	409	393	412	383
2021-07-30T15:38:22	412	396	415	384
2021-07-30T15:38:52	411	395	414	386
2021-07-30T15:39:22	413	399	417	389
2021-07-30T15:39:52	414	399	418	389
2021-07-30T15:40:22	416	398	419	392
2021-07-30T15:40:52	419	400	418	392
2021-07-30T15:41:22	419	401	420	393
2021-07-30T15:41:52	418	402	420	394
2021-07-30T15:42:22	421	403	424	395
2021-07-30T15:42:52	422	402	422	396
2021-07-30T15:43:22	421	403	425	397
2021-07-30T15:43:52	421	404	424	397
2021-07-30T15:44:22	425	406	428	398
2021-07-30T15:44:52	426	407	428	398
2021-07-30T15:45:22	426	408	430	399
2021-07-30T15:45:52	428	408	428	400
2021-07-30T15:46:22	428	409	430	401
2021-07-30T15:46:52	430	411	432	402
2021-07-30T15:47:22	432	413	432	403
2021-07-30T15:47:52	431	413	434	404
2021-07-30T15:48:22	433	413	436	405
2021-07-30T15:48:52	434	415	436	405
2021-07-30T15:49:22	434	415	437	407
2021-07-30T15:49:52	437	417	439	408
2021-07-30T15:50:22	437	418	440	408
2021-07-30T15:50:52	437	418	441	409
2021-07-30T15:51:22	441	421	441	411
2021-07-30T15:51:52	440	421	442	412
2021-07-30T15:52:22	440	422	443	412
2021-07-30T15:52:52	444	423	445	413
2021-07-30T15:53:22	443	423	446	415
2021-07-30T15:53:52	445	425	447	416
2021-07-30T15:54:22	445	425	448	417
2021-07-30T15:54:52	447	427	450	418
2021-07-30T15:55:22	447	426	450	419
2021-07-30T15:55:52	450	428	451	420
2021-07-30T15:56:22	450	429	452	420
2021-07-30T15:56:52	452	432	454	423
2021-07-30T15:57:23	452	430	453	423
2021-07-30T15:57:53	454	432	456	425
2021-07-30T15:58:23	454	433	456	426
2021-07-30T15:58:53	457	435	459	426
2021-07-30T15:59:23	455	433	458	428
2021-07-30T15:59:53	459	436	460	429
2021-07-30T16:00:23	459	438	462	431
2021-07-30T16:00:53	460	438	462	432
2021-07-30T16:01:23	460	439	463	433
2021-07-30T16:01:53	463	442	465	433
2021-07-30T16:02:23	462	443	466	435
2021-07-30T16:02:53	465	443	466	436
2021-07-30T16:03:23	464	444	468	437
2021-07-30T16:03:53	467	443	469	439
2021-07-30T16:04:23	467	445	471	440
2021-07-30T16:04:53	469	447	472	440
2021-07-30T16:05:23	469	447	471	442
2021-07-30T16:05:53	471	449	473	444
2021-07-30T16:06:23	471	450	474	444
2021-07-30T16:06:53	473	453	476	447
2021-07-30T16:07:23	474	452	475	447
2021-07-30T16:07:53	473	453	476	447
2021-07-30T16:08:23	478	455	479	449
2021-07-30T16:08:53	477	454	479	450
2021-07-30T16:09:23	478	456	481	452
2021-07-30T16:09:53	477	458	481	453
2021-07-30T16:10:23	479	458	482	454
2021-07-30T16:10:53	482	459	484	456
2021-07-30T16:11:23	482	460	483	458
2021-07-30T16:11:53	482	462	486	459
2021-07-30T16:12:23	485	463	487	460
2021-07-30T16:12:53	485	463	487	462
2021-07-30T16:13:23	488	466	490	463
2021-07-30T16:13:53	488	466	490	464
2021-07-30T16:14:23	487	468	493	466
2021-07-30T16:14:53	490	468	491	468
2021-07-30T16:15:23	490	471	494	469
2021-07-30T16:15:53	492	470	494	471
2021-07-30T16:16:23	494	472	495	472
2021-07-30T16:16:53	493	473	497	473
2021-07-30T16:17:23	494	472	496	475
2021-07-30T16:17:53	496	475	499	476
2021-07-30T16:18:23	497	475	499	477
2021-07-30T16:18:53	499	477	501	478
2021-07-30T16:19:23	500	477	501	480
2021-07-30T16:19:53	501	477	502	481
2021-07-30T16:20:23	502	480	505	483
2021-07-30T16:20:53	502	479	505	484
2021-07-30T16:21:23	504	481	507	485
2021-07-30T16:21:53	506	484	508	486
2021-07-30T16:22:23	504	483	508	489
2021-07-30T16:22:53	507	485	511	490
2021-07-30T16:23:23	506	485	510	490
2021-07-30T16:23:53	509	488	513	492
2021-07-30T16:24:23	511	487	512	493
2021-07-30T16:24:53	511	489	515	494
2021-07-30T16:25:23	511	489	515	495
2021-07-30T16:25:53	514	491	517	497
2021-07-30T16:26:23	514	490	516	498
2021-07-30T16:26:53	517	492	518	500
2021-07-30T16:27:23	518	493	519	499
2021-07-30T16:27:53	518	494	521	502
2021-07-30T16:28:23	519	493	520	502
2021-07-30T16:28:53	520	495	523	502
2021-07-30T16:29:23	521	495	522	503
2021-07-30T16:29:53	522	495	523	504
2021-07-30T16:30:23	523	498	525	505
2021-07-30T16:30:53	524	498	526	506
2021-07-30T16:31:23	525	500	529	507
2021-07-30T16:31:53	527	500	528	507
2021-07-30T16:32:23	527	500	530	509
2021-07-30T16:32:53	529	502	532	509
2021-07-30T16:33:23	528	503	532	510
2021-07-30T16:33:53	530	503	535	511
2021-07-30T16:34:23	531	504	535	512
2021-07-30T16:34:53	534	506	536	514
2021-07-30T16:35:23	534	506	537	516
2021-07-30T16:35:53	536	506	537	517
2021-07-30T16:36:23	535	507	539	517
2021-07-30T16:36:53	537	508	539	517
2021-07-30T16:37:23	539	509	541	519
2021-07-30T16:37:53	540	511	541	521
2021-07-30T16:38:23	540	512	542	521
2021-07-30T16:38:53	542	513	543	523
2021-07-30T16:39:23	542	514	546	524
2021-07-30T16:39:53	544	515	547	525
2021-07-30T16:40:23	546	514	546	525
2021-07-30T16:40:53	546	515	547	527
2021-07-30T16:41:23	548	517	549	528
2021-07-30T16:41:53	547	516	551	529
2021-07-30T16:42:23	550	518	550	531
2021-07-30T16:42:53	549	519	552	532
2021-07-30T16:43:23	552	521	553	532
2021-07-30T16:43:53	553	523	555	534
2021-07-30T16:44:23	552	524	556	535
2021-07-30T16:44:53	554	525	558	536
2021-07-30T16:45:23	555	524	557	538
2021-07-30T16:45:53	556	525	558	538
2021-07-30T16:46:23	559	527	560	541
2021-07-30T16:46:53	558	527	561	542
2021-07-30T16:47:23	561	529	562	543
2021-07-30T16:47:53	560	529	564	543
2021-07-30T16:48:23	562	531	565	545
2021-07-30T16:48:53	564	532	566	545
2021-07-30T16:49:23	565	533	567	548
2021-07-30T16:49:53	565	535	569	548
2021-07-30T16:50:23	566	535	570	551
2021-07-30T16:50:53	568	534	568	552
2021-07-30T16:51:23	567	535	570	553
2021-07-30T16:51:53	570	537	571	553
2021-07-30T16:52:23	572	538	573	555
2021-07-30T16:52:53	571	539	574	555
2021-07-30T16:53:23	574	541	575	557
2021-07-30T16:53:53	574	542	576	558
2021-07-30T16:54:23	576	543	578	559
2021-07-30T16:54:53	576	544	579	560
2021-07-30T16:55:23	577	545	579	563
2021-07-30T16:55:53	579	546	581	563
2021-07-30T16:56:23	580	547	582	565
2021-07-30T16:56:53	581	548	583	565
2021-07-30T16:57:23	580	549	585	567
2021-07-30T16:57:53	583	550	585	568
2021-07-30T16:58:23	584	551	586	569
2021-07-30T16:58:53	585	552	587	571
2021-07-30T16:59:23	584	553	589	571
2021-07-30T16:59:53	587	553	589	572
2021-07-30T17:00:23	587	555	591	574
2021-07-30T17:00:53	588	556	592	576
2021-07-30T17:01:23	589	558	593	577
2021-07-30T17:01:53	591	559	593	578
2021-07-30T17:02:23	593	560	595	580
2021-07-30T17:02:53	594	560	596	582
2021-07-30T17:03:23	594	560	589	582
2021-07-30T17:03:53	595	559	582	583
2021-07-30T17:04:23	597	556	576	582
2021-07-30T17:04:53	599	557	574	582
2021-07-30T17:05:23	597	557	570	580
2021-07-30T17:05:53	600	559	568	579
2021-07-30T17:06:23	601	557	566	579
2021-07-30T17:06:53	601	557	564	579
2021-07-30T17:07:23	604	556	564	577
2021-07-30T17:07:53	605	560	571	578
2021-07-30T17:08:23	605	561	576	579
2021-07-30T17:08:53	606	564	581	582
2021-07-30T17:09:23	609	567	586	585
2021-07-30T17:09:53	608	568	588	586
2021-07-30T17:10:23	609	570	592	588
2021-07-30T17:10:53	610	571	595	591
2021-07-30T17:11:23	612	573	598	593
2021-07-30T17:11:53	612	574	599	596
2021-07-30T17:12:23	615	575	602	597
2021-07-30T17:12:53	614	576	603	599
2021-07-30T17:13:23	614	577	604	600
2021-07-30T17:13:53	617	578	607	603
2021-07-30T17:14:23	618	579	608	604
2021-07-30T17:14:53	618	581	611	605
2021-07-30T17:15:23	619	582	611	607
2021-07-30T17:15:53	622	583	613	608
2021-07-30T17:16:23	622	583	615	610
2021-07-30T17:16:53	623	585	615	610
2021-07-30T17:17:23	625	585	617	614
2021-07-30T17:17:53	625	587	619	613
2021-07-30T17:18:23	628	588	619	614
2021-07-30T17:18:53	627	589	620	617
2021-07-30T17:19:23	626	590	622	618
2021-07-30T17:19:53	630	592	623	618
2021-07-30T17:20:23	632	593	624	619
2021-07-30T17:20:53	630	593	626	622
2021-07-30T17:21:23	632	595	627	623
2021-07-30T17:21:53	633	595	627	625
2021-07-30T17:22:23	635	596	629	626
2021-07-30T17:22:53	635	597	630	627
2021-07-30T17:23:23	639	599	631	627
2021-07-30T17:23:53	639	599	632	628
2021-07-30T17:24:23	639	601	634	630
2021-07-30T17:24:53	639	603	635	631
2021-07-30T17:25:23	642	604	635	632
2021-07-30T17:25:53	642	604	637	634
2021-07-30T17:26:23	645	606	638	635
2021-07-30T17:26:53	646	607	639	635
2021-07-30T17:27:23	646	607	640	637
2021-07-30T17:27:53	647	607	642	639
2021-07-30T17:28:23	648	609	642	639
2021-07-30T17:28:53	651	611	644	639
2021-07-30T17:29:23	649	611	645	643
2021-07-30T17:29:53	651	612	646	643
2021-07-30T17:30:23	651	613	647	644
2021-07-30T17:30:53	654	614	648	645
2021-07-30T17:31:23	653	615	649	646
2021-07-30T17:31:53	655	617	650	648
2021-07-30T17:32:23	658	617	650	649
2021-07-30T17:32:53	659	612	641	649
2021-07-30T17:33:23	659	615	635	648
2021-07-30T17:33:53	659	614	631	647
2021-07-30T17:34:23	661	614	629	645
2021-07-30T17:34:53	663	614	626	643
2021-07-30T17:35:23	663	613	623	643
2021-07-30T17:35:53	665	614	622	644
2021-07-30T17:36:23	665	613	620	642
2021-07-30T17:36:53	667	615	625	643
2021-07-30T17:37:23	669	618	632	644
2021-07-30T17:37:53	670	620	636	646
2021-07-30T17:38:23	670	622	640	649
2021-07-30T17:38:53	672	623	645	650
2021-07-30T17:39:23	673	625	647	653
2021-07-30T17:39:53	673	626	650	655
2021-07-30T17:40:23	674	627	652	657
2021-07-30T17:40:53	675	629	654	658
2021-07-30T17:41:23	677	630	656	659
2021-07-30T17:41:53	677	631	658	662
2021-07-30T17:42:23	679	632	660	663
2021-07-30T17:42:53	680	633	661	664
2021-07-30T17:43:23	681	634	663	665
2021-07-30T17:43:53	682	636	664	667
2021-07-30T17:44:23	682	637	666	667
2021-07-30T17:44:53	685	637	667	670
2021-07-30T17:45:23	685	638	668	672
2021-07-30T17:45:53	686	639	670	672
2021-07-30T17:46:23	689	640	671	673
2021-07-30T17:46:53	688	642	672	673
2021-07-30T17:47:23	689	643	674	676
2021-07-30T17:47:53	690	644	674	677
2021-07-30T17:48:23	692	645	675	678
2021-07-30T17:48:53	692	645	677	679
2021-07-30T17:49:23	694	647	678	679
2021-07-30T17:49:53	696	648	679	681
2021-07-30T17:50:23	696	649	680	682
2021-07-30T17:50:53	698	650	682	683
2021-07-30T17:51:23	700	651	682	685
2021-07-30T17:51:53	697	651	683	686
2021-07-30T17:52:23	701	653	685	687
2021-07-30T17:52:53	701	654	686	688
2021-07-30T17:53:23	703	655	687	689
2021-07-30T17:53:53	705	656	688	691
2021-07-30T17:54:23	706	657	688	693
2021-07-30T17:54:53	705	658	689	694
2021-07-30T17:55:23	707	659	690	694
2021-07-30T17:55:53	708	660	691	695
2021-07-30T17:56:23	709	662	692	697
2021-07-30T17:56:53	710	662	694	698
2021-07-30T17:57:23	711	663	694	698
2021-07-30T17:57:53	710	664	695	700
2021-07-30T17:58:23	715	665	697	701
2021-07-30T17:58:53	715	666	698	702
2021-07-30T17:59:23	715	667	698	704
2021-07-30T17:59:53	718	668	700	705
2021-07-30T18:00:23	717	669	700	705
2021-07-30T18:00:53	720	670	701	706
2021-07-30T18:01:23	718	670	699	706
2021-07-30T18:01:53	721	669	691	707
2021-07-30T18:02:23	721	668	686	707
2021-07-30T18:02:53	722	668	685	706
2021-07-30T18:03:23	723	668	681	704
2021-07-30T18:03:53	725	668	679	704
2021-07-30T18:04:23	725	668	676	703
2021-07-30T18:04:53	727	669	675	702
2021-07-30T18:05:23	728	668	674	703
2021-07-30T18:05:53	728	669	679	704
2021-07-30T18:06:23	732	672	686	706
2021-07-30T18:06:53	732	675	691	707
2021-07-30T18:07:23	733	677	694	710
2021-07-30T18:07:53	733	678	697	712
2021-07-30T18:08:23	734	680	700	715
2021-07-30T18:08:53	737	681	702	718
2021-07-30T18:09:23	737	682	705	717
2021-07-30T18:09:53	739	684	706	719
2021-07-30T18:10:23	738	684	708	720
2021-07-30T18:10:53	741	685	710	723
2021-07-30T18:11:23	739	687	712	724
2021-07-30T18:11:53	743	689	713	724
2021-07-30T18:12:23	742	689	715	725
2021-07-30T18:12:53	745	690	716	728
2021-07-30T18:13:23	747	691	718	728
2021-07-30T18:13:53	747	692	719	732
2021-07-30T18:14:23	749	693	720	732
2021-07-30T18:14:53	749	694	721	733
2021-07-30T18:15:23	750	695	723	734
2021-07-30T18:15:53	752	696	724	735
2021-07-30T18:16:23	752	697	725	737
2021-07-30T18:16:53	752	698	726	738
2021-07-30T18:17:23	755	700	727	738
2021-07-30T18:17:53	754	700	729	739
2021-07-30T18:18:23	757	701	730	742
2021-07-30T18:18:53	756	702	730	741
2021-07-30T18:19:23	760	702	732	742
2021-07-30T18:19:53	758	703	732	744
2021-07-30T18:20:23	761	705	734	745
2021-07-30T18:20:53	761	706	735	746
2021-07-30T18:21:23	763	706	735	747
2021-07-30T18:21:53	765	706	736	749
2021-07-30T18:22:23	765	709	738	750
2021-07-30T18:22:53	764	709	739	750
2021-07-30T18:23:23	767	710	740	751
2021-07-30T18:23:53	767	711	741	753
2021-07-30T18:24:23	770	712	741	753
2021-07-30T18:24:53	772	712	743	755
2021-07-30T18:25:23	769	713	743	755
2021-07-30T18:25:53	773	714	745	758
2021-07-30T18:26:23	774	715	746	759
2021-07-30T18:26:53	774	716	746	758
2021-07-30T18:27:23	776	718	747	760
2021-07-30T18:27:53	776	718	748	761
2021-07-30T18:28:23	777	719	749	763
2021-07-30T18:28:53	779	720	750	762
2021-07-30T18:29:23	781	721	751	764
2021-07-30T18:29:53	780	722	752	765
2021-07-30T18:30:23	782	724	753	766
2021-07-30T18:30:53	784	724	754	767
2021-07-30T18:31:23	785	725	754	769
2021-07-30T18:31:53	786	726	755	769
2021-07-30T18:32:23	787	727	757	772
2021-07-30T18:32:53	785	727	757	772
2021-07-30T18:33:23	788	729	758	771
2021-07-30T18:33:53	789	730	759	773
2021-07-30T18:34:23	791	730	760	775
2021-07-30T18:34:53	791	732	761	775
2021-07-30T18:35:23	793	732	761	775
2021-07-30T18:35:53	794	733	762	778
2021-07-30T18:36:23	796	734	764	779
2021-07-30T18:36:53	795	735	764	780
2021-07-30T18:37:23	797	736	765	782
2021-07-30T18:37:53	797	737	766	782
2021-07-30T18:38:23	798	738	767	783
2021-07-30T18:38:53	800	739	768	784
2021-07-30T18:39:23	800	739	768	784
2021-07-30T18:39:53	801	740	769	785
2021-07-30T18:40:23	803	741	770	786
2021-07-30T18:40:53	803	742	771	787
2021-07-30T18:41:23	803	743	771	788
2021-07-30T18:41:53	804	744	772	789
2021-07-30T18:42:23	806	745	773	790
2021-07-30T18:42:53	806	746	774	791
2021-07-30T18:43:23	807	747	774	792
2021-07-30T18:43:53	807	747	775	793
2021-07-30T18:44:23	809	748	776	795
2021-07-30T18:44:53	810	749	777	794
2021-07-30T18:45:23	810	750	777	796
2021-07-30T18:45:53	811	751	778	795
2021-07-30T18:46:23	812	751	779	797
2021-07-30T18:46:53	812	752	780	796
2021-07-30T18:47:23	813	753	780	796
2021-07-30T18:47:53	814	754	781	798
2021-07-30T18:48:23	815	755	782	798
2021-07-30T18:48:53	816	755	782	799
2021-07-30T18:49:23	817	756	784	800
2021-07-30T18:49:53	817	757	784	801
2021-07-30T18:50:23	818	757	786	802
2021-07-30T18:50:53	819	759	786	803
2021-07-30T18:51:23	819	759	787	803
2021-07-30T18:51:53	820	760	787	806
2021-07-30T18:52:23	821	761	788	807
2021-07-30T18:52:53	821	762	789	805
2021-07-30T18:53:23	823	763	789	806
2021-07-30T18:53:53	824	764	790	806
2021-07-30T18:54:23	824	764	791	809
2021-07-30T18:54:53	825	765	791	809
2021-07-30T18:55:23	826	766	792	809
2021-07-30T18:55:53	827	767	793	811
2021-07-30T18:56:23	827	767	793	811
2021-07-30T18:56:53	828	768	794	812
2021-07-30T18:57:23	829	769	795	813
2021-07-30T18:57:53	830	769	796	812
2021-07-30T18:58:23	830	770	797	813
2021-07-30T18:58:53	831	771	798	814
2021-07-30T18:59:23	832	771	798	814
2021-07-30T18:59:53	833	772	798	817
2021-07-30T19:00:23	834	773	800	818
2021-07-30T19:00:53	834	774	800	819
2021-07-30T19:01:23	835	775	801	819
2021-07-30T19:01:53	836	775	802	820
2021-07-30T19:02:23	837	775	802	820
2021-07-30T19:02:53	838	776	804	821
2021-07-30T19:03:23	839	777	805	822
2021-07-30T19:03:53	840	778	805	823
2021-07-30T19:04:23	841	778	806	824
2021-07-30T19:04:53	842	779	806	825
2021-07-30T19:05:23	842	780	808	827
2021-07-30T19:05:53	843	781	809	826
2021-07-30T19:06:23	844	781	809	828
2021-07-30T19:06:53	845	782	810	828
2021-07-30T19:07:23	845	783	810	830
2021-07-30T19:07:53	847	783	811	830
2021-07-30T19:08:23	848	784	812	832
2021-07-30T19:08:53	849	785	813	832
2021-07-30T19:09:23	849	786	814	833
2021-07-30T19:09:53	851	786	815	833
2021-07-30T19:10:23	852	787	816	835
2021-07-30T19:10:53	852	788	817	836
2021-07-30T19:11:23	853	788	817	837
2021-07-30T19:11:53	855	789	819	839
2021-07-30T19:12:23	856	790	820	840
2021-07-30T19:12:53	856	790	820	841
2021-07-30T19:13:23	857	791	821	842
2021-07-30T19:13:53	858	791	822	842
2021-07-30T19:14:23	859	793	823	842
2021-07-30T19:14:53	861	793	824	844
2021-07-30T19:15:23	861	794	825	845
2021-07-30T19:15:53	862	794	825	845
2021-07-30T19:16:23	863	795	826	846
2021-07-30T19:16:53	864	796	828	849
2021-07-30T19:17:23	865	797	828	849
2021-07-30T19:17:53	867	798	829	850
2021-07-30T19:18:23	867	799	830	851
2021-07-30T19:18:53	868	799	831	852
2021-07-30T19:19:23	869	800	832	854
2021-07-30T19:19:53	870	801	832	855
2021-07-30T19:20:23	872	802	834	854
2021-07-30T19:20:53	873	802	834	857
2021-07-30T19:21:23	875	803	835	857
2021-07-30T19:21:53	874	804	836	859
2021-07-30T19:22:23	875	805	837	859
2021-07-30T19:22:53	876	806	838	861
2021-07-30T19:23:23	877	806	839	860
2021-07-30T19:23:53	878	807	840	862
2021-07-30T19:24:23	879	808	841	865
2021-07-30T19:24:53	880	809	842	864
2021-07-30T19:25:23	882	810	843	867
2021-07-30T19:25:53	883	811	844	867
2021-07-30T19:26:23	884	811	845	867
2021-07-30T19:26:53	885	812	846	870
2021-07-30T19:27:23	885	813	847	871
2021-07-30T19:27:53	887	814	847	871
2021-07-30T19:28:23	887	815	849	871
2021-07-30T19:28:53	889	816	850	872
2021-07-30T19:29:23	890	817	850	873
2021-07-30T19:29:53	891	818	851	875
2021-07-30T19:30:23	892	818	852	876
2021-07-30T19:30:53	892	819	853	877
2021-07-30T19:31:23	894	820	854	879
2021-07-30T19:31:53	895	822	855	878
2021-07-30T19:32:23	896	821	857	879
2021-07-30T19:32:53	897	823	857	880
2021-07-30T19:33:23	898	823	858	881
2021-07-30T19:33:53	898	825	860	882
2021-07-30T19:34:23	900	826	861	883
2021-07-30T19:34:53	901	827	862	885
2021-07-30T19:35:23	902	827	863	885
2021-07-30T19:35:53	903	828	864	888
2021-07-30T19:36:23	905	830	865	890
2021-07-30T19:36:53	905	831	866	889
2021-07-30T19:37:23	907	832	867	891
2021-07-30T19:37:53	908	833	868	893
2021-07-30T19:38:23	908	832	869	894
2021-07-30T19:38:53	911	835	870	894
2021-07-30T19:39:23	911	836	871	895
2021-07-30T19:39:53	912	837	872	897
2021-07-30T19:40:23	913	838	873	898
2021-07-30T19:40:53	915	838	874	899
2021-07-30T19:41:23	915	840	875	899
2021-07-30T19:41:53	916	841	875	901
2021-07-30T19:42:23	918	841	877	901
2021-07-30T19:42:53	919	843	878	902
2021-07-30T19:43:23	921	844	879	905
2021-07-30T19:43:53	920	844	880	905
2021-07-30T19:44:23	922	845	881	908
2021-07-30T19:44:53	923	847	882	908
2021-07-30T19:45:23	925	848	883	909
2021-07-30T19:45:53	927	849	884	909
2021-07-30T19:46:23	927	849	885	912
2021-07-30T19:46:53	928	850	886	914
2021-07-30T19:47:23	930	851	887	915
2021-07-30T19:47:53	931	853	889	917
2021-07-30T19:48:23	931	854	890	916
2021-07-30T19:48:53	932	855	891	919
2021-07-30T19:49:23	934	856	892	919
2021-07-30T19:49:53	935	857	893	920
2021-07-30T19:50:23	935	858	895	923
2021-07-30T19:50:53	937	859	896	923
2021-07-30T19:51:23	939	861	897	924
2021-07-30T19:51:53	940	861	898	924
2021-07-30T19:52:23	940	862	899	927
2021-07-30T19:52:53	942	863	901	928
2021-07-30T19:53:23	942	864	902	930
2021-07-30T19:53:53	943	866	903	932
2021-07-30T19:54:23	946	866	904	930
2021-07-30T19:54:53	947	868	906	932
2021-07-30T19:55:23	948	869	907	933
2021-07-30T19:55:53	949	870	908	935
2021-07-30T19:56:23	950	871	909	936
2021-07-30T19:56:53	952	873	910	938
2021-07-30T19:57:23	952	874	911	940
2021-07-30T19:57:53	953	875	913	940
2021-07-30T19:58:23	952	876	913	941
2021-07-30T19:58:53	952	877	915	942
2021-07-30T19:59:23	953	878	916	942
2021-07-30T19:59:53	953	879	916	942
2021-07-30T20:00:23	954	880	918	943
2021-07-30T20:00:53	953	881	919	944
2021-07-30T20:01:23	953	883	920	944
2021-07-30T20:01:53	952	883	921	946
2021-07-30T20:02:23	954	884	922	945
2021-07-30T20:02:53	954	886	923	946
2021-07-30T20:03:23	953	887	924	947
2021-07-30T20:03:53	953	888	924	947
2021-07-30T20:04:23	953	889	925	948
2021-07-30T20:04:53	953	890	926	949
2021-07-30T20:05:23	954	892	928	949
2021-07-30T20:05:53	954	893	928	950
2021-07-30T20:06:23	953	894	930	949
2021-07-30T20:06:53	953	895	931	951
2021-07-30T20:07:23	954	896	932	950
2021-07-30T20:07:53	954	897	933	951
2021-07-30T20:08:23	955	898	934	952
2021-07-30T20:08:53	955	900	934	952
2021-07-30T20:09:23	955	901	935	953
2021-07-30T20:09:53	956	902	936	953
2021-07-30T20:10:23	954	903	937	954
2021-07-30T20:10:53	953	904	938	953
2021-07-30T20:11:23	955	905	939	954
2021-07-30T20:11:53	953	906	940	955
2021-07-30T20:12:23	955	908	941	956
2021-07-30T20:12:53	953	909	942	957
2021-07-30T20:13:23	954	910	943	957
2021-07-30T20:13:53	955	911	943	956
2021-07-30T20:14:23	955	912	945	958
2021-07-30T20:14:53	954	913	946	959
2021-07-30T20:15:23	954	915	947	959
2021-07-30T20:15:53	954	916	948	960
2021-07-30T20:16:23	955	917	949	960
2021-07-30T20:16:53	954	918	950	960
2021-07-30T20:17:23	953	919	950	960
2021-07-30T20:17:53	953	920	951	962
2021-07-30T20:18:23	955	921	952	963
2021-07-30T20:18:53	955	922	953	963
2021-07-30T20:19:23	955	923	954	964
2021-07-30T20:19:53	954	924	955	963
2021-07-30T20:20:23	953	926	956	964
2021-07-30T20:20:53	955	927	956	964
2021-07-30T20:21:23	955	928	957	964
2021-07-30T20:21:53	953	927	956	965
2021-07-30T20:22:23	953	929	957	966
2021-07-30T20:22:53	954	928	956	965
2021-07-30T20:23:23	954	928	956	965
2021-07-30T20:23:53	955	929	956	967
2021-07-30T20:24:23	955	931	957	967
2021-07-30T20:24:53	955	932	958	967
2021-07-30T20:25:23	955	933	957	966
2021-07-30T20:25:53	954	933	957	968
2021-07-30T20:26:23	955	934	957	968
2021-07-30T20:26:53	954	934	956	968
2021-07-30T20:27:23	954	934	958	968
2021-07-30T20:27:53	954	934	956	968
2021-07-30T20:28:23	955	935	957	969
2021-07-30T20:28:53	955	936	957	969
2021-07-30T20:29:23	955	936	957	968
2021-07-30T20:29:53	956	937	958	969
2021-07-30T20:30:23	955	937	957	970
2021-07-30T20:30:53	954	937	957	969
2021-07-30T20:31:23	955	937	956	970
2021-07-30T20:31:53	954	938	957	969
2021-07-30T20:32:23	955	939	957	970
2021-07-30T20:32:53	954	939	958	970
2021-07-30T20:33:23	954	939	956	969
2021-07-30T20:33:53	954	939	957	970
2021-07-30T20:34:23	955	940	956	970
2021-07-30T20:34:53	953	940	958	970
2021-07-30T20:35:23	953	941	958	970
2021-07-30T20:35:53	954	941	957	969
2021-07-30T20:36:23	954	941	957	970
2021-07-30T20:36:53	955	941	956	970
2021-07-30T20:37:23	956	942	957	970
2021-07-30T20:37:53	955	942	956	970
2021-07-30T20:38:23	953	941	956	970
2021-07-30T20:38:53	953	942	957	971
2021-07-30T20:39:23	954	942	958	972
2021-07-30T20:39:53	954	942	957	971
2021-07-30T20:40:23	955	943	958	971
2021-07-30T20:40:53	955	943	958	970
2021-07-30T20:41:23	955	943	958	970
2021-07-30T20:41:53	954	943	958	971
2021-07-30T20:42:23	954	943	958	972
2021-07-30T20:42:53	956	943	957	972
2021-07-30T20:43:23	956	943	957	972
2021-07-30T20:43:53	953	943	957	972
2021-07-30T20:44:23	954	942	957	972
2021-07-30T20:44:53	956	942	957	972
2021-07-30T20:45:23	954	943	957	972
2021-07-30T20:45:53	955	943	957	972
2021-07-30T20:46:23	954	943	956	972
2021-07-30T20:46:53	955	944	958	973
2021-07-30T20:47:23	955	944	957	973
2021-07-30T20:47:53	955	944	957	973
2021-07-30T20:48:23	956	945	958	973
2021-07-30T20:48:53	954	945	958	973
2021-07-30T20:49:23	955	944	957	973
2021-07-30T20:49:53	956	944	958	973
2021-07-30T20:50:23	954	944	957	973
2021-07-30T20:50:53	955	944	957	973
2021-07-30T20:51:23	955	944	957	973
2021-07-30T20:51:53	956	945	957	973
2021-07-30T20:52:23	954	944	957	972
2021-07-30T20:52:53	956	944	957	973
2021-07-30T20:53:23	954	944	957	973
2021-07-30T20:53:53	955	946	958	973
2021-07-30T20:54:23	956	946	958	972
2021-07-30T20:54:53	953	945	958	973
2021-07-30T20:55:23	955	946	957	973
2021-07-30T20:55:53	953	947	958	973
2021-07-30T20:56:23	955	947	958	972
2021-07-30T20:56:53	955	948	957	972
2021-07-30T20:57:23	955	946	957	973
2021-07-30T20:57:53	955	947	957	973
2021-07-30T20:58:23	954	948	958	973
2021-07-30T20:58:53	956	947	957	972
2021-07-30T20:59:23	954	947	957	972
2021-07-30T20:59:53	956	947	958	972
2021-07-30T21:00:23	954	948	958	973
2021-07-30T21:00:53	955	947	957	973
2021-07-30T21:01:23	954	948	958	973
2021-07-30T21:01:53	956	949	958	974
2021-07-30T21:02:23	954	948	958	973
2021-07-30T21:02:53	955	949	958	973
2021-07-30T21:03:23	954	949	958	974
2021-07-30T21:03:53	956	948	957	973
2021-07-30T21:04:23	955	949	958	973
2021-07-30T21:04:53	955	948	957	974
2021-07-30T21:05:23	954	949	957	974
2021-07-30T21:05:53	956	949	958	972
2021-07-30T21:06:23	954	949	958	973
2021-07-30T21:06:53	955	949	957	974
2021-07-30T21:07:23	955	949	958	974
2021-07-30T21:07:53	954	949	958	973
2021-07-30T21:08:23	956	949	957	973
2021-07-30T21:08:53	954	950	958	974
2021-07-30T21:09:23	956	949	957	972
2021-07-30T21:09:53	955	950	958	973
2021-07-30T21:10:23	954	949	957	973
2021-07-30T21:10:53	956	950	958	973
2021-07-30T21:11:23	955	949	957	973
2021-07-30T21:11:53	954	950	958	973
2021-07-30T21:12:23	956	950	958	973
2021-07-30T21:12:53	954	951	958	973
2021-07-30T21:13:23	954	950	958	973
2021-07-30T21:13:53	955	950	957	974
2021-07-30T21:14:23	954	951	958	973
2021-07-30T21:14:53	955	950	957	973
2021-07-30T21:15:23	955	951	958	973
2021-07-30T21:15:53	954	950	957	973
2021-07-30T21:16:23	956	952	959	973
2021-07-30T21:16:53	955	950	957	973
2021-07-30T21:17:23	954	952	959	973
2021-07-30T21:17:53	956	951	958	973
2021-07-30T21:18:23	955	950	957	973
2021-07-30T21:18:53	954	951	958	973
2021-07-30T21:19:23	956	950	957	973
2021-07-30T21:19:53	954	950	957	973
2021-07-30T21:20:23	954	950	957	973
2021-07-30T21:20:53	956	951	958	973
2021-07-30T21:21:23	955	950	957	974
2021-07-30T21:21:53	954	951	958	973
2021-07-30T21:22:23	955	950	957	973
2021-07-30T21:22:53	955	950	957	973
2021-07-30T21:23:23	954	952	958	973
2021-07-30T21:23:53	954	952	958	973
2021-07-30T21:24:23	956	951	957	973
2021-07-30T21:24:53	955	951	958	973
2021-07-30T21:25:23	954	953	958	973
2021-07-30T21:25:53	954	952	957	973
2021-07-30T21:26:23	955	952	957	973
2021-07-30T21:26:53	954	953	958	973
2021-07-30T21:27:23	954	953	958	972
2021-07-30T21:27:53	956	952	958	973
2021-07-30T21:28:23	955	952	957	973
2021-07-30T21:28:53	954	953	958	973
2021-07-30T21:29:23	953	952	957	972
2021-07-30T21:29:53	952	951	956	970
2021-07-30T21:30:23	952	950	956	969
2021-07-30T21:30:53	951	950	955	967
2021-07-30T21:31:23	951	950	954	966
2021-07-30T21:31:53	951	949	954	965
2021-07-30T21:32:23	950	949	954	964
2021-07-30T21:32:53	950	949	953	963
2021-07-30T21:33:23	950	949	953	963
2021-07-30T21:33:53	949	948	952	962
2021-07-30T21:34:23	949	948	952	960
2021-07-30T21:34:53	949	948	952	961
2021-07-30T21:35:23	949	948	951	960
2021-07-30T21:35:53	948	948	951	960
2021-07-30T21:36:23	948	947	951	959
2021-07-30T21:36:53	948	947	950	959
2021-07-30T21:37:23	947	947	950	958
2021-07-30T21:37:53	947	947	950	958
2021-07-30T21:38:23	947	946	949	956
2021-07-30T21:38:53	947	946	949	957
2021-07-30T21:39:23	947	946	948	956
2021-07-30T21:39:53	946	946	948	956
2021-07-30T21:40:23	946	945	948	955
2021-07-30T21:40:53	946	945	948	955
2021-07-30T21:41:23	946	945	947	955
2021-07-30T21:41:53	851	866	936	950
2021-07-30T21:42:23	829	836	895	933
2021-07-30T21:42:53	745	770	789	919
2021-07-30T21:43:23	603	628	694	909
2021-07-30T21:43:53	528	534	630	902
2021-07-30T21:44:23	482	501	602	893
2021-07-30T21:44:53	461	471	577	883
2021-07-30T21:45:23	439	441	546	873
2021-07-30T21:45:53	415	415	532	866
2021-07-30T21:46:23	400	400	509	858
2021-07-30T21:46:53	383	386	489	848
2021-07-30T21:47:23	366	369	471	842
2021-07-30T21:47:53	355	356	461	834
2021-07-30T21:48:23	344	347	448	825
2021-07-30T21:48:53	331	332	437	818
2021-07-30T21:49:23	321	323	424	812
2021-07-30T21:49:53	318	314	418	804
2021-07-30T21:50:23	304	301	400	798
2021-07-30T21:50:53	295	296	396	792
2021-07-30T21:51:23	286	291	385	786
2021-07-30T21:51:53	283	281	383	779
2021-07-30T21:52:23	274	272	371	774
2021-07-30T21:52:53	267	266	362	767
2021-07-30T21:53:23	258	260	355	762
2021-07-30T21:53:53	253	254	349	757
2021-07-30T21:54:23	250	250	340	751
2021-07-30T21:54:53	242	239	335	745
2021-07-30T21:55:23	240	235	333	741
2021-07-30T21:55:53	235	230	325	735
2021-07-30T21:56:23	230	226	315	729
2021-07-30T21:56:53	224	222	308	723
2021-07-30T21:57:23	220	219	305	720
2021-07-30T21:57:53	216	214	300	714
2021-07-30T21:58:23	214	211	297	709
2021-07-30T21:58:53	210	206	293	705
2021-07-30T21:59:23	205	205	289	700
2021-07-30T21:59:53	200	200	284	697
2021-07-30T22:00:23	197	195	279	692
2021-07-30T22:00:53	195	194	275	689
2021-07-30T22:01:23	191	189	274	685
2021-07-30T22:01:53	186	186	265	681
2021-07-30T22:02:23	184	184	264	676
2021-07-30T22:02:53	182	179	260	672
2021-07-30T22:03:23	178	180	256	668
2021-07-30T22:03:53	175	175	254	665
2021-07-30T22:04:23	174	172	251	661
2021-07-30T22:04:53	171	169	246	657
2021-07-30T22:05:23	167	166	248	655
2021-07-30T22:05:53	164	162	241	651
2021-07-30T22:06:23	164	163	238	648
2021-07-30T22:06:53	160	156	234	644
2021-07-30T22:07:23	158	153	231	641
2021-07-30T22:07:53	159	152	229	638
2021-07-30T22:08:23	154	151	226	635
2021-07-30T22:08:53	155	144	222	633
2021-07-30T22:09:23	153	144	221	630
2021-07-30T22:09:53	150	144	222	627
2021-07-30T22:10:23	148	144	218	623
2021-07-30T22:10:53	145	141	215	620
2021-07-30T22:11:23	143	141	215	617
2021-07-30T22:11:53	142	138	209	613
2021-07-30T22:12:23	139	133	208	610
2021-07-30T22:12:53	138	133	206	607
2021-07-30T22:13:23	137	133	204	604
2021-07-30T22:13:53	137	130	201	600
2021-07-30T22:14:23	134	129	198	598
2021-07-30T22:14:53	132	127	196	596
2021-07-30T22:15:23	132	125	194	593
2021-07-30T22:15:53	130	126	194	591
2021-07-30T22:16:23	127	126	193	589
2021-07-30T22:16:53	124	124	191	587
2021-07-30T22:17:23	125	121	190	585
2021-07-30T22:17:53	124	121	187	582
2021-07-30T22:18:23	121	117	184	581
2021-07-30T22:18:53	121	117	183	577
2021-07-30T22:19:23	120	119	183	575
2021-07-30T22:19:53	117	116	182	571
2021-07-30T22:20:23	117	115	180	571
2021-07-30T22:20:53	115	112	178	567
2021-07-30T22:21:23	115	111	175	565
2021-07-30T22:21:53	114	109	173	562
2021-07-30T22:22:23	112	110	173	560
2021-07-30T22:22:53	112	109	173	559
2021-07-30T22:23:23	110	106	169	557
2021-07-30T22:23:53	111	106	169	555
2021-07-30T22:24:23	109	104	167	554
2021-07-30T22:24:53	107	103	165	552
2021-07-30T22:25:23	107	104	166	549
2021-07-30T22:25:53	106	102	161	548
2021-07-30T22:26:23	105	104	161	545
2021-07-30T22:26:53	104	102	159	542
2021-07-30T22:27:23	104	100	159	541
2021-07-30T22:27:53	104	98	158	539
2021-07-30T22:28:23	103	99	159	536
2021-07-30T22:28:53	100	98	155	533
2021-07-30T22:29:23	99	96	155	532
2021-07-30T22:29:53	99	96	155	530
2021-07-30T22:30:23	98	96	153	528
2021-07-30T22:30:53	98	95	151	526
2021-07-30T22:31:23	96	93	149	524
2021-07-30T22:31:53	96	94	149	522
2021-07-30T22:32:23	94	93	147	521
2021-07-30T22:32:53	93	92	146	519
2021-07-30T22:33:23	93	91	145	517
2021-07-30T22:33:53	93	91	144	515
2021-07-30T22:34:23	92	90	142	513
2021-07-30T22:34:53	92	86	142	512
2021-07-30T22:35:23	93	87	143	511
2021-07-30T22:35:53	93	85	141	511
2021-07-30T22:36:23	90	84	138	509
2021-07-30T22:36:53	90	84	137	507
2021-07-30T22:37:23	90	85	137	505
2021-07-30T22:37:53	88	84	134	504
2021-07-30T22:38:23	89	83	135	503
2021-07-30T22:38:53	88	84	137	502
2021-07-30T22:39:23	86	83	132	498
2021-07-30T22:39:53	86	83	133	496
2021-07-30T22:40:23	86	82	131	494
2021-07-30T22:40:53	84	82	132	492
2021-07-30T22:41:23	84	82	130	491
2021-07-30T22:41:53	82	81	129	488
2021-07-30T22:42:23	82	80	130	487
2021-07-30T22:42:53	82	81	127	486
2021-07-30T22:43:23	81	79	127	483
