time	T1	T2	T3	T4
2021-08-30T14:39:55	21	22	22	21
2021-08-30T14:40:25	21	22	22	21
2021-08-30T14:40:55	21	22	22	21
2021-08-30T14:41:25	26	24	24	21
2021-08-30T14:41:55	29	26	28	22
2021-08-30T14:42:25	30	28	28	23
2021-08-30T14:42:55	30	28	28	23
2021-08-30T14:43:25	30	29	28	24
2021-08-30T14:43:55	30	29	28	24
2021-08-30T14:44:25	31	29	31	25
2021-08-30T14:44:55	32	32	32	25
2021-08-30T14:45:25	32	32	33	26
2021-08-30T14:45:55	32	33	32	27
2021-08-30T14:46:25	33	33	35	27
2021-08-30T14:46:55	34	35	36	28
2021-08-30T14:47:25	34	36	35	28
2021-08-30T14:47:55	37	37	38	29
2021-08-30T14:48:25	41	39	40	30
2021-08-30T14:48:55	42	40	39	31
2021-08-30T14:49:25	42	40	39	32
2021-08-30T14:49:55	42	42	42	32
2021-08-30T14:50:25	43	43	43	33
2021-08-30T14:50:55	43	44	42	34
2021-08-30T14:51:25	43	44	44	35
2021-08-30T14:51:55	44	47	46	35
2021-08-30T14:52:25	44	47	46	36
2021-08-30T14:52:55	46	48	47	37
2021-08-30T14:53:25	51	50	49	37
2021-08-30T14:53:55	51	51	49	38
2021-08-30T14:54:25	51	51	50	39
2021-08-30T14:54:55	52	53	51	40
2021-08-30T14:55:25	52	53	51	41
2021-08-30T14:55:55	52	54	54	41
2021-08-30T14:56:25	53	56	54	42
2021-08-30T14:56:55	53	56	53	43
2021-08-30T14:57:25	56	58	56	44
2021-08-30T14:57:55	57	59	56	45
2021-08-30T14:58:25	58	59	58	45
2021-08-30T14:58:55	59	61	60	46
2021-08-30T14:59:25	58	62	58	47
2021-08-30T14:59:55	59	63	61	49
2021-08-30T15:00:25	61	64	60	49
2021-08-30T15:00:55	65	66	64	50
2021-08-30T15:01:25	66	67	62	51
2021-08-30T15:01:55	67	68	66	51
2021-08-30T15:02:25	67	69	66	53
2021-08-30T15:02:55	67	69	66	54
2021-08-30T15:03:25	67	71	68	55
2021-08-30T15:03:55	68	71	67	55
2021-08-30T15:04:25	71	73	70	56
2021-08-30T15:04:55	71	73	70	57
2021-08-30T15:05:25	72	75	71	58
2021-08-30T15:05:55	71	75	71	59
2021-08-30T15:06:25	72	77	73	60
2021-08-30T15:06:55	75	78	75	60
2021-08-30T15:07:25	79	80	77	61
2021-08-30T15:07:55	79	80	75	62
2021-08-30T15:08:25	79	81	78	63
2021-08-30T15:08:55	79	82	78	64
2021-08-30T15:09:25	79	84	81	65
2021-08-30T15:09:55	79	85	79	66
2021-08-30T15:10:25	80	86	82	67
2021-08-30T15:10:55	83	86	82	67
2021-08-30T15:11:25	84	87	83	68
2021-08-30T15:11:55	84	88	86	69
2021-08-30T15:12:25	84	90	85	70
2021-08-30T15:12:55	86	89	85	71
2021-08-30T15:13:25	90	91	88	72
2021-08-30T15:13:55	91	92	88	73
2021-08-30T15:14:25	92	94	90	73
2021-08-30T15:14:55	91	94	90	74
2021-08-30T15:15:25	90	95	90	75
2021-08-30T15:15:55	91	97	93	76
2021-08-30T15:16:25	93	97	92	77
2021-08-30T15:16:55	97	99	95	78
2021-08-30T15:17:25	97	99	94	78
2021-08-30T15:17:55	98	101	97	79
2021-08-30T15:18:25	97	100	96	80
2021-08-30T15:18:55	98	103	98	81
2021-08-30T15:19:25	97	103	97	82
2021-08-30T15:19:55	101	104	101	83
2021-08-30T15:20:25	103	104	100	84
2021-08-30T15:20:55	104	106	104	85
2021-08-30T15:21:25	104	107	103	86
2021-08-30T15:21:55	103	107	102	86
2021-08-30T15:22:25	103	110	106	87
2021-08-30T15:22:55	107	110	105	88
2021-08-30T15:23:25	109	111	107	89
2021-08-30T15:23:55	108	111	108	90
2021-08-30T15:24:25	108	113	109	91
2021-08-30T15:24:55	110	114	108	91
2021-08-30T15:25:25	115	116	112	92
2021-08-30T15:25:55	115	117	111	93
2021-08-30T15:26:25	116	119	114	94
2021-08-30T15:26:55	115	118	112	95
2021-08-30T15:27:25	114	119	115	96
2021-08-30T15:27:55	114	120	115	97
2021-08-30T15:28:25	118	121	118	98
2021-08-30T15:28:55	119	122	117	99
2021-08-30T15:29:25	119	122	120	101
2021-08-30T15:29:55	118	124	119	100
2021-08-30T15:30:25	122	125	122	102
2021-08-30T15:30:55	124	125	122	102
2021-08-30T15:31:25	124	126	123	103
2021-08-30T15:31:55	123	126	124	104
2021-08-30T15:32:25	123	127	124	105
2021-08-30T15:32:55	127	129	125	106
2021-08-30T15:33:25	128	130	127	107
2021-08-30T15:33:55	127	131	127	108
2021-08-30T15:34:25	127	132	129	109
2021-08-30T15:34:55	130	132	130	110
2021-08-30T15:35:25	131	133	131	111
2021-08-30T15:35:55	131	134	133	111
2021-08-30T15:36:25	133	134	133	112
2021-08-30T15:36:55	135	136	135	112
2021-08-30T15:37:25	134	137	135	114
2021-08-30T15:37:55	134	139	137	114
2021-08-30T15:38:25	139	139	138	116
2021-08-30T15:38:55	140	140	137	117
2021-08-30T15:39:25	140	141	139	118
2021-08-30T15:39:55	138	142	139	119
2021-08-30T15:40:25	143	145	142	119
2021-08-30T15:40:55	142	145	140	120
2021-08-30T15:41:25	141	145	143	122
2021-08-30T15:41:55	145	149	146	122
2021-08-30T15:42:25	144	148	143	123
2021-08-30T15:42:55	145	149	147	124
2021-08-30T15:43:25	148	149	145	125
2021-08-30T15:43:55	147	149	147	125
2021-08-30T15:44:25	148	151	148	127
2021-08-30T15:44:55	150	153	150	128
2021-08-30T15:45:25	151	154	150	128
2021-08-30T15:45:55	150	155	151	129
2021-08-30T15:46:25	153	157	154	131
2021-08-30T15:46:55	154	156	152	131
2021-08-30T15:47:25	154	158	156	132
2021-08-30T15:47:55	152	158	154	133
2021-08-30T15:48:25	159	161	159	134
2021-08-30T15:48:55	159	161	156	135
2021-08-30T15:49:25	159	161	159	136
2021-08-30T15:49:55	158	162	159	137
2021-08-30T15:50:25	161	163	162	138
2021-08-30T15:50:55	162	164	161	139
2021-08-30T15:51:25	163	166	164	140
2021-08-30T15:51:55	161	166	163	141
2021-08-30T15:52:25	169	167	165	141
2021-08-30T15:52:55	169	167	164	142
2021-08-30T15:53:25	168	170	167	143
2021-08-30T15:53:55	167	170	167	144
2021-08-30T15:54:25	169	171	170	145
2021-08-30T15:54:55	169	171	167	146
2021-08-30T15:55:25	171	172	172	147
2021-08-30T15:55:55	173	174	171	147
2021-08-30T15:56:25	172	174	173	148
2021-08-30T15:56:55	173	176	174	149
2021-08-30T15:57:25	176	177	173	150
2021-08-30T15:57:55	176	178	176	151
2021-08-30T15:58:25	175	178	177	152
2021-08-30T15:58:55	180	179	179	153
2021-08-30T15:59:25	180	179	178	154
2021-08-30T15:59:55	179	181	180	155
2021-08-30T16:00:25	179	182	181	156
2021-08-30T16:00:55	183	183	181	157
2021-08-30T16:01:25	183	185	183	158
2021-08-30T16:01:55	182	185	184	159
2021-08-30T16:02:25	184	186	184	160
2021-08-30T16:02:55	184	188	185	160
2021-08-30T16:03:25	187	187	186	161
2021-08-30T16:03:55	189	188	187	162
2021-08-30T16:04:25	189	190	188	164
2021-08-30T16:04:55	188	192	189	164
2021-08-30T16:05:25	191	193	191	165
2021-08-30T16:05:55	193	193	191	166
2021-08-30T16:06:25	192	195	193	167
2021-08-30T16:06:55	193	195	193	168
2021-08-30T16:07:25	195	197	196	169
2021-08-30T16:07:55	194	197	195	170
2021-08-30T16:08:25	196	198	196	171
2021-08-30T16:08:55	200	199	197	172
2021-08-30T16:09:25	200	200	199	173
2021-08-30T16:09:55	199	200	199	173
2021-08-30T16:10:25	198	201	200	175
2021-08-30T16:10:55	202	203	202	176
2021-08-30T16:11:25	202	203	201	176
2021-08-30T16:11:55	203	204	204	178
2021-08-30T16:12:25	204	205	202	178
2021-08-30T16:12:55	203	208	207	179
2021-08-30T16:13:25	207	208	205	180
2021-08-30T16:13:55	207	209	208	181
2021-08-30T16:14:25	206	208	208	182
2021-08-30T16:14:55	210	210	209	183
2021-08-30T16:15:25	210	210	209	184
2021-08-30T16:15:55	211	212	211	184
2021-08-30T16:16:25	214	213	212	186
2021-08-30T16:16:55	215	214	214	187
2021-08-30T16:17:25	212	215	213	188
2021-08-30T16:17:55	215	217	216	189
2021-08-30T16:18:25	215	216	214	190
2021-08-30T16:18:55	218	217	219	191
2021-08-30T16:19:25	218	218	218	192
2021-08-30T16:19:55	220	220	221	193
2021-08-30T16:20:25	221	222	219	193
2021-08-30T16:20:55	221	223	223	195
2021-08-30T16:21:25	221	223	222	195
2021-08-30T16:21:55	223	225	223	196
2021-08-30T16:22:25	226	225	224	197
2021-08-30T16:22:55	224	225	225	198
2021-08-30T16:23:25	225	226	226	199
2021-08-30T16:23:55	228	228	227	200
2021-08-30T16:24:25	227	229	227	201
2021-08-30T16:24:55	229	230	228	202
2021-08-30T16:25:25	229	231	231	203
2021-08-30T16:25:55	232	232	229	204
2021-08-30T16:26:25	231	232	232	205
2021-08-30T16:26:55	230	233	234	206
2021-08-30T16:27:25	235	234	234	207
2021-08-30T16:27:55	235	236	236	208
2021-08-30T16:28:25	233	237	235	209
2021-08-30T16:28:55	238	238	237	210
2021-08-30T16:29:25	239	238	237	211
2021-08-30T16:29:55	238	239	239	212
2021-08-30T16:30:25	237	239	238	212
2021-08-30T16:30:55	243	241	242	214
2021-08-30T16:31:25	242	242	242	214
2021-08-30T16:31:55	241	244	245	216
2021-08-30T16:32:26	245	244	243	216
2021-08-30T16:32:56	245	246	246	217
2021-08-30T16:33:26	244	246	243	218
2021-08-30T16:33:56	248	249	249	220
2021-08-30T16:34:26	248	248	246	221
2021-08-30T16:34:56	248	249	249	221
2021-08-30T16:35:26	251	250	250	222
2021-08-30T16:35:56	250	251	251	224
2021-08-30T16:36:26	254	253	252	224
2021-08-30T16:36:56	251	252	251	225
2021-08-30T16:37:26	254	254	254	226
2021-08-30T16:37:56	253	256	255	227
2021-08-30T16:38:26	256	257	254	228
2021-08-30T16:38:56	256	257	257	230
2021-08-30T16:39:26	257	259	258	229
2021-08-30T16:39:56	257	259	258	230
2021-08-30T16:40:26	261	260	260	232
2021-08-30T16:40:56	260	261	261	233
2021-08-30T16:41:26	263	263	261	233
2021-08-30T16:41:56	261	264	262	235
2021-08-30T16:42:26	264	263	265	236
2021-08-30T16:42:56	263	264	264	238
2021-08-30T16:43:26	266	266	266	237
2021-08-30T16:43:56	265	266	266	238
2021-08-30T16:44:26	268	269	268	240
2021-08-30T16:44:56	267	269	267	240
2021-08-30T16:45:26	270	270	271	241
2021-08-30T16:45:56	269	270	269	243
2021-08-30T16:46:26	273	272	274	243
2021-08-30T16:46:56	273	272	273	245
2021-08-30T16:47:26	272	273	273	245
2021-08-30T16:47:56	275	274	275	248
2021-08-30T16:48:26	274	274	276	247
2021-08-30T16:48:56	278	277	276	249
2021-08-30T16:49:26	277	278	278	250
2021-08-30T16:49:56	278	278	278	251
2021-08-30T16:50:26	278	280	280	252
2021-08-30T16:50:56	282	280	281	254
2021-08-30T16:51:26	281	279	281	254
2021-08-30T16:51:56	284	281	283	256
2021-08-30T16:52:26	283	282	283	257
2021-08-30T16:52:56	283	284	285	258
2021-08-30T16:53:26	286	285	286	258
2021-08-30T16:53:56	288	285	286	259
2021-08-30T16:54:26	286	287	287	261
2021-08-30T16:54:56	290	289	289	261
2021-08-30T16:55:26	291	290	288	263
2021-08-30T16:55:56	288	289	290	263
2021-08-30T16:56:26	293	290	293	265
2021-08-30T16:56:56	291	291	291	265
2021-08-30T16:57:26	294	292	294	267
2021-08-30T16:57:56	296	293	294	268
2021-08-30T16:58:26	294	294	297	269
2021-08-30T16:58:56	299	295	295	271
2021-08-30T16:59:26	298	296	298	272
2021-08-30T16:59:56	299	297	299	273
2021-08-30T17:00:26	297	298	300	273
2021-08-30T17:00:56	301	298	302	274
2021-08-30T17:01:26	301	298	302	276
2021-08-30T17:01:56	303	299	303	276
2021-08-30T17:02:26	305	300	305	277
2021-08-30T17:02:56	303	300	303	279
2021-08-30T17:03:26	305	302	306	279
2021-08-30T17:03:56	307	304	306	281
2021-08-30T17:04:26	308	305	308	282
2021-08-30T17:04:56	306	304	308	282
2021-08-30T17:05:26	308	305	310	284
2021-08-30T17:05:56	312	306	310	285
2021-08-30T17:06:26	312	307	312	286
2021-08-30T17:06:56	310	307	312	287
2021-08-30T17:07:26	313	309	313	288
2021-08-30T17:07:56	313	310	313	289
2021-08-30T17:08:26	315	311	317	290
2021-08-30T17:08:56	318	312	317	291
2021-08-30T17:09:26	317	313	318	291
2021-08-30T17:09:56	316	314	319	293
2021-08-30T17:10:26	319	315	319	294
2021-08-30T17:10:56	320	316	321	295
2021-08-30T17:11:26	319	317	322	295
2021-08-30T17:11:56	323	318	324	297
2021-08-30T17:12:26	322	318	322	297
2021-08-30T17:12:56	325	319	324	299
2021-08-30T17:13:26	326	320	323	300
2021-08-30T17:13:56	325	321	328	300
2021-08-30T17:14:26	328	322	326	302
2021-08-30T17:14:56	328	323	329	303
2021-08-30T17:15:26	327	324	330	304
2021-08-30T17:15:56	331	325	330	305
2021-08-30T17:16:26	330	325	330	306
2021-08-30T17:16:56	332	326	332	307
2021-08-30T17:17:26	332	327	334	308
2021-08-30T17:17:56	336	328	335	309
2021-08-30T17:18:26	334	328	334	310
2021-08-30T17:18:56	336	330	337	311
2021-08-30T17:19:26	338	330	337	312
2021-08-30T17:19:56	337	332	339	313
2021-08-30T17:20:26	340	332	338	314
2021-08-30T17:20:56	339	333	340	315
2021-08-30T17:21:26	342	334	342	316
2021-08-30T17:21:56	343	335	343	317
2021-08-30T17:22:26	342	336	342	318
2021-08-30T17:22:56	343	337	346	318
2021-08-30T17:23:26	346	338	345	320
2021-08-30T17:23:56	344	338	345	321
2021-08-30T17:24:26	348	340	347	322
2021-08-30T17:24:56	348	342	349	323
2021-08-30T17:25:26	348	342	348	324
2021-08-30T17:25:56	349	343	351	325
2021-08-30T17:26:26	351	344	350	327
2021-08-30T17:26:56	350	344	353	327
2021-08-30T17:27:26	357	345	354	329
2021-08-30T17:27:56	354	346	354	330
2021-08-30T17:28:26	354	347	356	331
2021-08-30T17:28:56	355	347	356	331
2021-08-30T17:29:26	357	348	357	332
2021-08-30T17:29:56	357	349	359	333
2021-08-30T17:30:26	360	350	360	334
2021-08-30T17:30:56	361	351	360	336
2021-08-30T17:31:26	359	352	362	337
2021-08-30T17:31:56	362	353	362	337
2021-08-30T17:32:26	363	353	363	339
2021-08-30T17:32:56	364	354	364	340
2021-08-30T17:33:26	363	356	364	341
2021-08-30T17:33:56	368	357	366	342
2021-08-30T17:34:26	367	357	366	343
2021-08-30T17:34:56	367	357	369	344
2021-08-30T17:35:26	368	359	370	345
2021-08-30T17:35:56	369	360	370	346
2021-08-30T17:36:26	371	360	371	347
2021-08-30T17:36:56	369	362	372	348
2021-08-30T17:37:26	372	363	373	349
2021-08-30T17:37:56	371	364	374	351
2021-08-30T17:38:26	375	364	374	351
2021-08-30T17:38:56	374	364	376	352
2021-08-30T17:39:26	377	365	376	353
2021-08-30T17:39:56	378	365	379	353
2021-08-30T17:40:26	377	367	379	355
2021-08-30T17:40:56	380	368	381	356
2021-08-30T17:41:26	378	369	382	356
2021-08-30T17:41:56	382	369	383	357
2021-08-30T17:42:26	381	371	384	358
2021-08-30T17:42:56	383	371	383	359
2021-08-30T17:43:26	383	372	386	360
2021-08-30T17:43:56	386	373	387	361
2021-08-30T17:44:26	385	373	386	362
2021-08-30T17:44:56	387	375	389	363
2021-08-30T17:45:26	387	375	390	364
2021-08-30T17:45:56	390	377	390	365
2021-08-30T17:46:26	389	377	392	366
2021-08-30T17:46:56	393	379	393	367
2021-08-30T17:47:26	391	380	394	368
2021-08-30T17:47:56	394	380	392	369
2021-08-30T17:48:26	393	381	396	370
2021-08-30T17:48:56	396	382	397	371
2021-08-30T17:49:26	396	383	398	372
2021-08-30T17:49:56	398	383	399	373
2021-08-30T17:50:26	399	384	398	374
2021-08-30T17:50:56	397	385	399	375
2021-08-30T17:51:26	401	386	401	376
2021-08-30T17:51:56	400	387	402	377
2021-08-30T17:52:26	405	388	403	378
2021-08-30T17:52:56	402	389	403	380
2021-08-30T17:53:26	405	391	406	380
2021-08-30T17:53:56	404	390	405	381
2021-08-30T17:54:26	407	392	407	382
2021-08-30T17:54:56	406	392	407	383
2021-08-30T17:55:26	409	394	409	385
2021-08-30T17:55:56	410	394	409	385
2021-08-30T17:56:26	409	396	413	387
2021-08-30T17:56:56	412	396	412	388
2021-08-30T17:57:26	412	397	413	388
2021-08-30T17:57:56	414	399	415	390
2021-08-30T17:58:26	413	399	415	390
2021-08-30T17:58:56	415	400	417	392
2021-08-30T17:59:26	415	401	416	392
2021-08-30T17:59:56	416	402	417	393
2021-08-30T18:00:26	419	403	419	395
2021-08-30T18:00:56	418	403	420	396
2021-08-30T18:01:26	420	405	421	397
2021-08-30T18:01:56	423	405	422	398
2021-08-30T18:02:26	420	407	423	399
2021-08-30T18:02:56	425	408	424	401
2021-08-30T18:03:26	422	409	424	401
2021-08-30T18:03:56	425	410	425	401
2021-08-30T18:04:26	426	409	425	402
2021-08-30T18:04:56	428	411	429	403
2021-08-30T18:05:26	426	411	428	406
2021-08-30T18:05:56	431	412	430	406
2021-08-30T18:06:26	429	413	431	407
2021-08-30T18:06:56	429	415	431	408
2021-08-30T18:07:26	433	415	433	409
2021-08-30T18:07:56	431	415	432	410
2021-08-30T18:08:26	433	416	435	412
2021-08-30T18:08:56	436	416	435	412
2021-08-30T18:09:26	434	419	436	413
2021-08-30T18:09:56	438	419	437	414
2021-08-30T18:10:26	437	420	439	415
2021-08-30T18:10:56	438	421	440	416
2021-08-30T18:11:26	440	422	441	417
2021-08-30T18:11:56	439	422	441	418
2021-08-30T18:12:26	442	424	443	420
2021-08-30T18:12:56	446	424	443	421
2021-08-30T18:13:26	445	426	444	422
2021-08-30T18:13:56	444	427	445	423
2021-08-30T18:14:26	444	428	446	424
2021-08-30T18:14:56	446	428	447	424
2021-08-30T18:15:26	448	429	449	424
2021-08-30T18:15:56	450	430	450	425
2021-08-30T18:16:26	448	431	449	427
2021-08-30T18:16:56	452	433	452	428
2021-08-30T18:17:26	452	434	453	430
2021-08-30T18:17:56	452	435	454	430
2021-08-30T18:18:26	454	434	454	432
2021-08-30T18:18:56	454	436	457	432
2021-08-30T18:19:26	455	436	456	433
2021-08-30T18:19:56	457	438	458	434
2021-08-30T18:20:26	459	438	459	435
2021-08-30T18:20:56	457	439	460	436
2021-08-30T18:21:26	459	439	461	437
2021-08-30T18:21:56	462	441	462	438
2021-08-30T18:22:26	461	442	462	439
2021-08-30T18:22:56	463	443	464	441
2021-08-30T18:23:26	464	444	464	441
2021-08-30T18:23:56	463	445	465	442
2021-08-30T18:24:26	467	446	467	443
2021-08-30T18:24:56	466	447	471	443
2021-08-30T18:25:26	466	447	468	444
2021-08-30T18:25:56	471	449	469	446
2021-08-30T18:26:26	468	448	470	447
2021-08-30T18:26:56	469	449	471	448
2021-08-30T18:27:26	472	451	473	449
2021-08-30T18:27:56	471	450	473	450
2021-08-30T18:28:26	474	452	475	451
2021-08-30T18:28:56	476	452	476	452
2021-08-30T18:29:26	474	453	476	453
2021-08-30T18:29:56	477	454	478	454
2021-08-30T18:30:26	478	456	479	455
2021-08-30T18:30:56	477	457	480	455
2021-08-30T18:31:26	478	457	479	455
2021-08-30T18:31:56	480	459	481	457
2021-08-30T18:32:26	482	460	484	458
2021-08-30T18:32:56	481	460	481	459
2021-08-30T18:33:26	484	461	484	460
2021-08-30T18:33:56	483	462	484	462
2021-08-30T18:34:26	484	464	487	461
2021-08-30T18:34:56	485	464	487	463
2021-08-30T18:35:26	488	465	488	465
2021-08-30T18:35:56	487	465	487	466
2021-08-30T18:36:26	490	467	491	467
2021-08-30T18:36:56	490	468	491	467
2021-08-30T18:37:26	491	469	492	468
2021-08-30T18:37:56	493	469	493	468
2021-08-30T18:38:26	492	470	494	471
2021-08-30T18:38:56	493	471	494	471
2021-08-30T18:39:26	495	472	497	472
2021-08-30T18:39:56	498	473	498	473
2021-08-30T18:40:26	497	474	497	474
2021-08-30T18:40:56	498	475	500	475
2021-08-30T18:41:26	500	476	501	476
2021-08-30T18:41:56	498	476	500	477
2021-08-30T18:42:26	501	478	503	478
2021-08-30T18:42:56	501	479	502	479
2021-08-30T18:43:26	503	480	505	480
2021-08-30T18:43:56	504	481	504	481
2021-08-30T18:44:26	506	482	506	482
2021-08-30T18:44:56	506	483	506	482
2021-08-30T18:45:26	506	484	508	484
2021-08-30T18:45:56	507	485	509	485
2021-08-30T18:46:26	510	485	509	486
2021-08-30T18:46:56	509	486	511	487
2021-08-30T18:47:26	510	488	513	488
2021-08-30T18:47:56	513	489	514	489
2021-08-30T18:48:26	513	489	512	489
2021-08-30T18:48:56	513	490	515	491
2021-08-30T18:49:26	515	491	515	492
2021-08-30T18:49:56	517	492	517	493
2021-08-30T18:50:26	516	493	518	494
2021-08-30T18:50:56	517	494	518	495
2021-08-30T18:51:26	519	494	520	496
2021-08-30T18:51:56	520	496	521	497
2021-08-30T18:52:26	521	497	522	498
2021-08-30T18:52:56	522	497	523	499
2021-08-30T18:53:26	521	498	524	500
2021-08-30T18:53:56	524	498	525	501
2021-08-30T18:54:26	524	499	525	502
2021-08-30T18:54:56	525	500	527	503
2021-08-30T18:55:26	528	502	527	504
2021-08-30T18:55:56	528	502	529	505
2021-08-30T18:56:26	530	504	529	506
2021-08-30T18:56:56	530	504	530	507
2021-08-30T18:57:26	530	506	532	508
2021-08-30T18:57:56	532	506	532	509
2021-08-30T18:58:26	533	507	534	509
2021-08-30T18:58:56	534	509	535	511
2021-08-30T18:59:26	534	510	537	512
2021-08-30T18:59:56	535	510	536	513
2021-08-30T19:00:26	537	512	537	515
2021-08-30T19:00:56	537	513	537	516
2021-08-30T19:01:26	539	513	540	516
2021-08-30T19:01:56	541	514	541	517
2021-08-30T19:02:26	540	515	541	518
2021-08-30T19:02:56	541	516	544	519
2021-08-30T19:03:26	542	517	544	520
2021-08-30T19:03:56	543	518	544	521
2021-08-30T19:04:26	545	518	546	522
2021-08-30T19:04:56	545	520	547	522
2021-08-30T19:05:26	547	521	546	524
2021-08-30T19:05:56	548	521	548	525
2021-08-30T19:06:26	549	522	550	525
2021-08-30T19:06:56	551	523	551	528
2021-08-30T19:07:26	551	524	552	529
2021-08-30T19:07:56	551	524	554	529
2021-08-30T19:08:26	553	525	554	530
2021-08-30T19:08:56	552	526	554	531
2021-08-30T19:09:26	553	526	555	532
2021-08-30T19:09:56	556	527	558	533
2021-08-30T19:10:26	555	528	557	533
2021-08-30T19:10:56	556	529	559	534
2021-08-30T19:11:26	558	530	560	536
2021-08-30T19:11:56	560	530	561	537
2021-08-30T19:12:26	560	531	562	537
2021-08-30T19:12:56	562	532	563	539
2021-08-30T19:13:26	564	533	564	540
2021-08-30T19:13:56	563	533	565	541
2021-08-30T19:14:26	565	535	565	543
2021-08-30T19:14:56	567	535	565	543
2021-08-30T19:15:26	566	537	568	545
2021-08-30T19:15:56	568	539	571	546
2021-08-30T19:16:26	567	538	568	546
2021-08-30T19:16:56	568	539	570	548
2021-08-30T19:17:26	569	541	571	549
2021-08-30T19:17:56	571	541	572	549
2021-08-30T19:18:26	573	542	574	552
2021-08-30T19:18:56	572	543	575	552
2021-08-30T19:19:26	575	544	576	552
2021-08-30T19:19:56	576	545	577	554
2021-08-30T19:20:26	575	546	578	555
2021-08-30T19:20:56	577	547	577	557
2021-08-30T19:21:26	579	547	578	557
2021-08-30T19:21:56	579	548	581	558
2021-08-30T19:22:26	579	549	582	559
2021-08-30T19:22:56	581	551	583	560
2021-08-30T19:23:26	583	551	584	561
2021-08-30T19:23:56	582	552	585	563
2021-08-30T19:24:26	583	553	585	563
2021-08-30T19:24:56	585	554	586	564
2021-08-30T19:25:26	586	555	589	565
2021-08-30T19:25:56	586	556	588	567
2021-08-30T19:26:26	587	557	590	567
2021-08-30T19:26:56	591	558	590	569
2021-08-30T19:27:26	591	558	591	569
2021-08-30T19:27:56	590	559	593	570
2021-08-30T19:28:26	591	560	593	571
2021-08-30T19:28:56	593	561	595	574
2021-08-30T19:29:26	594	562	596	575
2021-08-30T19:29:56	596	563	596	575
2021-08-30T19:30:26	596	563	597	576
2021-08-30T19:30:56	596	565	599	577
2021-08-30T19:31:26	597	566	600	578
2021-08-30T19:31:56	601	567	601	580
2021-08-30T19:32:26	600	568	601	580
2021-08-30T19:32:56	600	569	603	581
2021-08-30T19:33:26	601	570	603	582
2021-08-30T19:33:56	604	570	603	583
2021-08-30T19:34:26	605	571	605	586
2021-08-30T19:34:56	606	573	607	586
2021-08-30T19:35:26	606	573	609	588
2021-08-30T19:35:56	607	574	608	589
2021-08-30T19:36:26	607	575	610	589
2021-08-30T19:36:56	608	576	611	590
2021-08-30T19:37:26	611	578	612	591
2021-08-30T19:37:56	610	579	613	592
2021-08-30T19:38:26	612	579	612	593
2021-08-30T19:38:56	614	579	614	594
2021-08-30T19:39:26	614	581	616	596
2021-08-30T19:39:56	614	582	616	597
2021-08-30T19:40:26	615	583	618	598
2021-08-30T19:40:56	616	584	619	599
2021-08-30T19:41:26	617	585	619	601
2021-08-30T19:41:56	619	586	620	602
2021-08-30T19:42:26	621	586	622	603
2021-08-30T19:42:56	620	588	624	604
2021-08-30T19:43:26	622	588	622	605
2021-08-30T19:43:56	621	589	625	605
2021-08-30T19:44:26	624	590	626	606
2021-08-30T19:44:56	626	592	627	608
2021-08-30T19:45:26	625	592	627	610
2021-08-30T19:45:56	628	593	629	610
2021-08-30T19:46:26	628	594	630	611
2021-08-30T19:46:56	629	596	632	613
2021-08-30T19:47:26	630	596	631	614
2021-08-30T19:47:56	632	597	632	614
2021-08-30T19:48:26	630	597	634	616
2021-08-30T19:48:56	632	599	634	617
2021-08-30T19:49:26	634	600	636	618
2021-08-30T19:49:56	633	601	635	619
2021-08-30T19:50:26	636	601	636	620
2021-08-30T19:50:56	635	602	639	621
2021-08-30T19:51:26	637	603	639	622
2021-08-30T19:51:56	637	605	639	623
2021-08-30T19:52:26	641	605	641	624
2021-08-30T19:52:56	640	607	644	625
2021-08-30T19:53:26	641	607	642	625
2021-08-30T19:53:56	642	609	645	627
2021-08-30T19:54:26	643	609	645	627
2021-08-30T19:54:56	644	610	646	628
2021-08-30T19:55:26	645	611	649	630
2021-08-30T19:55:56	646	612	648	630
2021-08-30T19:56:26	647	613	651	632
2021-08-30T19:56:56	649	613	649	632
2021-08-30T19:57:26	650	615	652	633
2021-08-30T19:57:56	651	616	653	634
2021-08-30T19:58:26	650	616	652	636
2021-08-30T19:58:56	652	617	654	638
2021-08-30T19:59:26	653	618	656	638
2021-08-30T19:59:56	655	620	657	639
2021-08-30T20:00:26	654	620	656	641
2021-08-30T20:00:56	655	621	658	642
2021-08-30T20:01:26	657	622	659	642
2021-08-30T20:01:56	659	623	661	643
2021-08-30T20:02:26	659	624	659	644
2021-08-30T20:02:56	660	624	661	645
2021-08-30T20:03:26	661	626	663	647
2021-08-30T20:03:56	662	627	665	647
2021-08-30T20:04:26	664	628	666	649
2021-08-30T20:04:56	664	629	666	650
2021-08-30T20:05:26	665	630	667	650
2021-08-30T20:05:56	666	631	669	652
2021-08-30T20:06:26	667	632	670	653
2021-08-30T20:06:56	667	633	669	654
2021-08-30T20:07:26	669	633	671	654
2021-08-30T20:07:56	671	635	672	655
2021-08-30T20:08:26	670	635	673	657
2021-08-30T20:08:56	673	636	675	658
2021-08-30T20:09:26	672	637	674	658
2021-08-30T20:09:56	674	639	676	659
2021-08-30T20:10:26	674	640	677	661
2021-08-30T20:10:56	676	641	678	661
2021-08-30T20:11:26	678	642	680	663
2021-08-30T20:11:56	678	643	681	664
2021-08-30T20:12:26	680	644	681	665
2021-08-30T20:12:56	680	645	683	666
2021-08-30T20:13:26	680	646	683	667
2021-08-30T20:13:56	683	647	684	667
2021-08-30T20:14:26	685	648	686	670
2021-08-30T20:14:56	685	649	687	671
2021-08-30T20:15:26	684	650	688	672
2021-08-30T20:15:56	687	651	689	673
2021-08-30T20:16:26	687	651	690	673
2021-08-30T20:16:56	687	653	690	675
2021-08-30T20:17:26	690	653	691	676
2021-08-30T20:17:56	691	655	692	677
2021-08-30T20:18:26	691	657	693	678
2021-08-30T20:18:56	692	657	694	679
2021-08-30T20:19:26	694	657	695	680
2021-08-30T20:19:56	694	660	696	680
2021-08-30T20:20:26	696	661	696	681
2021-08-30T20:20:56	697	661	698	683
2021-08-30T20:21:26	697	662	698	684
2021-08-30T20:21:56	700	663	700	685
2021-08-30T20:22:26	699	664	701	686
2021-08-30T20:22:56	698	665	702	687
2021-08-30T20:23:26	700	666	704	688
2021-08-30T20:23:56	702	667	704	689
2021-08-30T20:24:26	703	668	705	690
2021-08-30T20:24:56	703	669	706	691
2021-08-30T20:25:26	704	670	707	691
2021-08-30T20:25:56	705	671	707	693
2021-08-30T20:26:26	707	671	709	694
2021-08-30T20:26:56	709	673	710	695
2021-08-30T20:27:26	710	673	711	696
2021-08-30T20:27:56	711	674	712	697
2021-08-30T20:28:26	712	675	713	698
2021-08-30T20:28:56	712	676	714	699
2021-08-30T20:29:26	714	677	715	700
2021-08-30T20:29:56	714	678	715	701
2021-08-30T20:30:26	715	679	717	702
2021-08-30T20:30:56	715	680	717	703
2021-08-30T20:31:26	718	681	719	704
2021-08-30T20:31:56	719	682	720	705
2021-08-30T20:32:26	720	683	720	706
2021-08-30T20:32:56	719	684	721	707
2021-08-30T20:33:26	722	685	722	708
2021-08-30T20:33:56	722	686	723	709
2021-08-30T20:34:26	723	686	723	710
2021-08-30T20:34:56	724	687	725	711
2021-08-30T20:35:26	726	688	726	712
2021-08-30T20:35:56	727	690	726	713
2021-08-30T20:36:26	727	690	727	714
2021-08-30T20:36:56	729	691	728	715
2021-08-30T20:37:26	728	693	730	716
2021-08-30T20:37:56	729	693	729	717
2021-08-30T20:38:26	731	694	731	718
2021-08-30T20:38:56	733	695	732	719
2021-08-30T20:39:26	734	696	732	719
2021-08-30T20:39:56	734	697	734	721
2021-08-30T20:40:26	734	698	735	722
2021-08-30T20:40:56	736	698	736	722
2021-08-30T20:41:26	738	699	736	724
2021-08-30T20:41:56	738	700	737	725
2021-08-30T20:42:26	740	701	738	726
2021-08-30T20:42:56	740	702	738	726
2021-08-30T20:43:26	740	703	740	727
2021-08-30T20:43:56	742	704	741	729
2021-08-30T20:44:26	743	705	741	729
2021-08-30T20:44:56	743	705	743	730
2021-08-30T20:45:26	744	706	743	731
2021-08-30T20:45:56	746	707	745	732
2021-08-30T20:46:26	748	708	745	733
2021-08-30T20:46:56	746	709	745	734
2021-08-30T20:47:26	749	710	747	735
2021-08-30T20:47:56	750	711	748	736
2021-08-30T20:48:26	749	712	749	737
2021-08-30T20:48:56	752	713	749	738
2021-08-30T20:49:26	753	713	751	739
2021-08-30T20:49:56	754	714	752	740
2021-08-30T20:50:26	754	715	753	741
2021-08-30T20:50:56	755	716	754	742
2021-08-30T20:51:26	757	717	755	743
2021-08-30T20:51:56	757	718	756	744
2021-08-30T20:52:26	757	719	756	745
2021-08-30T20:52:56	761	720	758	746
2021-08-30T20:53:26	761	720	758	747
2021-08-30T20:53:56	760	722	759	748
2021-08-30T20:54:26	761	723	760	749
2021-08-30T20:54:56	763	724	760	750
2021-08-30T20:55:26	764	725	762	751
2021-08-30T20:55:56	764	725	763	752
2021-08-30T20:56:26	767	726	764	752
2021-08-30T20:56:56	769	727	764	754
2021-08-30T20:57:26	767	727	765	754
2021-08-30T20:57:56	769	729	766	756
2021-08-30T20:58:26	770	731	767	757
2021-08-30T20:58:56	771	731	767	757
2021-08-30T20:59:26	771	732	768	758
2021-08-30T20:59:56	772	733	769	759
2021-08-30T21:00:26	775	734	770	761
2021-08-30T21:00:56	773	735	771	761
2021-08-30T21:01:26	778	736	772	762
2021-08-30T21:01:56	778	736	772	763
2021-08-30T21:02:26	776	737	773	764
2021-08-30T21:02:56	779	738	774	764
2021-08-30T21:03:26	781	739	775	766
2021-08-30T21:03:56	780	740	775	767
2021-08-30T21:04:26	782	741	777	768
2021-08-30T21:04:56	783	742	777	768
2021-08-30T21:05:26	783	743	778	770
2021-08-30T21:05:56	785	743	778	770
2021-08-30T21:06:26	785	745	779	771
2021-08-30T21:06:56	786	745	780	772
2021-08-30T21:07:26	788	746	781	773
2021-08-30T21:07:56	790	747	782	774
2021-08-30T21:08:26	788	747	783	775
2021-08-30T21:08:56	792	748	783	776
2021-08-30T21:09:26	791	749	784	777
2021-08-30T21:09:56	794	750	785	777
2021-08-30T21:10:26	792	751	785	778
2021-08-30T21:10:56	794	752	786	779
2021-08-30T21:11:26	795	753	788	780
2021-08-30T21:11:56	796	754	788	780
2021-08-30T21:12:26	796	754	789	781
2021-08-30T21:12:56	799	755	790	782
2021-08-30T21:13:26	797	756	790	783
2021-08-30T21:13:56	802	757	791	783
2021-08-30T21:14:26	801	757	791	785
2021-08-30T21:14:56	803	759	793	786
2021-08-30T21:15:26	804	760	794	787
2021-08-30T21:15:56	804	760	794	787
2021-08-30T21:16:26	807	761	795	789
2021-08-30T21:16:56	808	762	797	789
2021-08-30T21:17:26	808	763	797	790
2021-08-30T21:17:56	807	763	797	791
2021-08-30T21:18:26	809	764	799	792
2021-08-30T21:18:56	809	765	799	793
2021-08-30T21:19:26	813	765	800	794
2021-08-30T21:19:56	811	766	801	795
2021-08-30T21:20:26	815	767	802	796
2021-08-30T21:20:56	813	767	803	797
2021-08-30T21:21:26	816	768	805	798
2021-08-30T21:21:56	815	769	804	799
2021-08-30T21:22:26	818	770	806	799
2021-08-30T21:22:56	819	770	807	800
2021-08-30T21:23:26	820	771	808	802
2021-08-30T21:23:56	820	772	809	803
2021-08-30T21:24:26	822	773	810	803
2021-08-30T21:24:56	823	773	811	805
2021-08-30T21:25:26	822	774	812	805
2021-08-30T21:25:56	826	774	813	806
2021-08-30T21:26:26	825	775	813	808
2021-08-30T21:26:56	827	776	815	808
2021-08-30T21:27:26	826	777	815	810
2021-08-30T21:27:56	828	777	816	811
2021-08-30T21:28:26	831	778	817	811
2021-08-30T21:28:56	830	779	818	813
2021-08-30T21:29:26	831	780	819	813
2021-08-30T21:29:56	832	780	820	814
2021-08-30T21:30:26	835	781	821	815
2021-08-30T21:30:56	834	781	822	816
2021-08-30T21:31:26	835	782	823	817
2021-08-30T21:31:56	835	783	823	819
2021-08-30T21:32:26	839	784	825	821
2021-08-30T21:32:56	838	784	826	820
2021-08-30T21:33:26	840	785	826	823
2021-08-30T21:33:56	839	786	827	822
2021-08-30T21:34:26	842	786	829	824
2021-08-30T21:34:56	842	787	830	825
2021-08-30T21:35:26	842	788	830	826
2021-08-30T21:35:56	843	789	831	828
2021-08-30T21:36:26	846	789	833	829
2021-08-30T21:36:56	846	790	833	830
2021-08-30T21:37:26	848	791	834	831
2021-08-30T21:37:56	848	792	835	832
2021-08-30T21:38:26	850	793	837	833
2021-08-30T21:38:56	849	793	837	834
2021-08-30T21:39:26	852	794	838	835
2021-08-30T21:39:56	851	795	839	836
2021-08-30T21:40:26	853	796	840	836
2021-08-30T21:40:56	854	796	840	837
2021-08-30T21:41:26	856	798	842	840
2021-08-30T21:41:56	857	798	843	841
2021-08-30T21:42:26	858	799	844	841
2021-08-30T21:42:56	857	800	845	842
2021-08-30T21:43:26	860	801	846	844
2021-08-30T21:43:56	860	802	847	844
2021-08-30T21:44:26	862	802	848	845
2021-08-30T21:44:56	861	803	849	846
2021-08-30T21:45:26	864	805	850	847
2021-08-30T21:45:56	864	806	851	848
2021-08-30T21:46:26	867	807	852	850
2021-08-30T21:46:56	867	808	853	851
2021-08-30T21:47:26	868	809	853	851
2021-08-30T21:47:56	868	810	855	853
2021-08-30T21:48:26	867	811	856	854
2021-08-30T21:48:56	871	812	857	854
2021-08-30T21:49:26	872	812	858	856
2021-08-30T21:49:56	871	814	859	857
2021-08-30T21:50:26	875	815	861	858
2021-08-30T21:50:56	875	816	862	859
2021-08-30T21:51:26	875	816	863	860
2021-08-30T21:51:56	877	817	865	861
2021-08-30T21:52:26	877	819	865	862
2021-08-30T21:52:56	879	819	866	864
2021-08-30T21:53:26	879	820	868	865
2021-08-30T21:53:56	881	821	869	865
2021-08-30T21:54:26	882	823	869	867
2021-08-30T21:54:56	880	823	871	868
2021-08-30T21:55:26	884	825	872	868
2021-08-30T21:55:56	883	826	873	870
2021-08-30T21:56:26	885	826	874	871
2021-08-30T21:56:56	886	828	875	873
2021-08-30T21:57:26	887	829	876	874
2021-08-30T21:57:56	889	830	876	875
2021-08-30T21:58:26	888	830	878	875
2021-08-30T21:58:56	891	832	879	876
2021-08-30T21:59:26	891	833	880	877
2021-08-30T21:59:56	893	833	881	879
2021-08-30T22:00:26	892	835	882	880
2021-08-30T22:00:56	894	836	884	881
2021-08-30T22:01:26	896	837	884	881
2021-08-30T22:01:56	895	838	885	883
2021-08-30T22:02:26	897	839	887	885
2021-08-30T22:02:56	897	840	888	885
2021-08-30T22:03:26	898	841	888	887
2021-08-30T22:03:56	898	842	889	888
2021-08-30T22:04:26	898	844	890	888
2021-08-30T22:04:56	899	844	891	888
2021-08-30T22:05:26	897	845	892	889
2021-08-30T22:05:56	898	846	893	889
2021-08-30T22:06:26	900	847	893	890
2021-08-30T22:06:56	899	848	894	890
2021-08-30T22:07:26	900	849	896	891
2021-08-30T22:07:56	899	851	896	891
2021-08-30T22:08:26	898	851	897	892
2021-08-30T22:08:56	898	852	897	892
2021-08-30T22:09:26	899	854	898	893
2021-08-30T22:09:56	900	855	899	893
2021-08-30T22:10:26	899	855	900	894
2021-08-30T22:10:56	900	857	900	894
2021-08-30T22:11:26	899	858	901	895
2021-08-30T22:11:56	898	858	902	895
2021-08-30T22:12:26	898	860	902	896
2021-08-30T22:12:56	899	860	901	896
2021-08-30T22:13:26	900	861	902	896
2021-08-30T22:13:56	900	861	902	896
2021-08-30T22:14:26	900	862	902	896
2021-08-30T22:14:56	899	863	902	897
2021-08-30T22:15:26	899	864	901	897
2021-08-30T22:15:56	900	864	900	896
2021-08-30T22:16:26	899	865	901	897
2021-08-30T22:16:56	899	866	902	896
2021-08-30T22:17:26	898	866	902	897
2021-08-30T22:17:56	900	867	902	897
2021-08-30T22:18:26	901	868	902	898
2021-08-30T22:18:56	900	868	903	897
2021-08-30T22:19:26	899	869	901	897
2021-08-30T22:19:56	899	870	902	896
2021-08-30T22:20:26	900	870	901	897
2021-08-30T22:20:56	899	871	902	897
2021-08-30T22:21:26	900	872	903	897
2021-08-30T22:21:56	901	873	903	897
2021-08-30T22:22:26	900	873	903	897
2021-08-30T22:22:56	901	874	902	898
2021-08-30T22:23:26	901	875	902	898
2021-08-30T22:23:56	901	875	903	898
2021-08-30T22:24:26	898	876	902	898
2021-08-30T22:24:56	899	876	901	898
2021-08-30T22:25:26	899	877	902	899
2021-08-30T22:25:56	899	878	901	899
2021-08-30T22:26:26	899	878	901	899
2021-08-30T22:26:56	900	879	902	899
2021-08-30T22:27:26	899	881	901	899
2021-08-30T22:27:56	901	881	903	899
2021-08-30T22:28:26	898	881	903	899
2021-08-30T22:28:56	898	881	903	899
2021-08-30T22:29:26	899	881	901	900
2021-08-30T22:29:56	898	881	901	900
2021-08-30T22:30:26	899	882	902	900
2021-08-30T22:30:56	900	882	901	900
2021-08-30T22:31:26	900	882	902	900
2021-08-30T22:31:56	901	883	902	900
2021-08-30T22:32:26	899	883	902	900
2021-08-30T22:32:56	899	884	902	900
2021-08-30T22:33:26	899	884	902	900
2021-08-30T22:33:56	900	885	902	901
2021-08-30T22:34:26	899	885	903	901
2021-08-30T22:34:56	900	885	903	901
2021-08-30T22:35:26	900	885	903	901
2021-08-30T22:35:56	900	886	902	901
2021-08-30T22:36:26	900	885	902	901
2021-08-30T22:36:56	900	885	902	901
2021-08-30T22:37:26	900	885	902	901
2021-08-30T22:37:56	899	886	904	901
2021-08-30T22:38:26	901	885	902	901
2021-08-30T22:38:56	899	885	902	901
2021-08-30T22:39:26	899	885	902	900
2021-08-30T22:39:56	901	886	902	900
2021-08-30T22:40:26	899	886	902	900
2021-08-30T22:40:56	900	886	902	901
2021-08-30T22:41:26	899	886	903	902
2021-08-30T22:41:56	900	886	902	901
2021-08-30T22:42:26	900	887	902	901
2021-08-30T22:42:56	899	887	903	901
2021-08-30T22:43:26	901	887	903	901
2021-08-30T22:43:56	899	887	902	901
2021-08-30T22:44:26	900	888	902	901
2021-08-30T22:44:56	899	888	903	901
2021-08-30T22:45:26	901	888	902	901
2021-08-30T22:45:56	898	888	902	901
2021-08-30T22:46:26	900	889	903	901
2021-08-30T22:46:56	900	889	903	901
2021-08-30T22:47:26	899	889	902	901
2021-08-30T22:47:56	898	889	902	902
2021-08-30T22:48:26	900	890	902	901
2021-08-30T22:48:56	899	890	902	901
2021-08-30T22:49:26	900	890	902	902
2021-08-30T22:49:56	899	890	903	901
2021-08-30T22:50:26	901	890	902	901
2021-08-30T22:50:56	900	891	904	901
2021-08-30T22:51:26	899	890	902	901
2021-08-30T22:51:56	899	891	903	902
2021-08-30T22:52:26	900	891	902	902
2021-08-30T22:52:56	900	891	903	902
2021-08-30T22:53:26	900	892	904	902
2021-08-30T22:53:56	902	892	903	902
2021-08-30T22:54:26	899	891	902	902
2021-08-30T22:54:56	900	892	902	902
2021-08-30T22:55:26	899	892	902	902
2021-08-30T22:55:56	898	893	903	902
2021-08-30T22:56:26	901	892	902	902
2021-08-30T22:56:56	899	893	903	902
2021-08-30T22:57:26	901	893	902	903
2021-08-30T22:57:56	899	893	904	903
2021-08-30T22:58:26	902	894	902	903
2021-08-30T22:58:56	899	894	902	903
2021-08-30T22:59:26	899	895	904	903
2021-08-30T22:59:56	901	894	903	903
2021-08-30T23:00:26	900	895	903	903
2021-08-30T23:00:56	899	895	903	903
2021-08-30T23:01:26	901	894	902	903
2021-08-30T23:01:56	899	894	903	903
2021-08-30T23:02:26	901	894	902	903
2021-08-30T23:02:56	900	895	903	903
2021-08-30T23:03:26	899	895	903	903
2021-08-30T23:03:56	901	895	903	903
2021-08-30T23:04:26	900	895	902	903
2021-08-30T23:04:56	899	895	902	903
2021-08-30T23:05:26	901	895	903	903
2021-08-30T23:05:56	899	895	902	903
2021-08-30T23:06:26	899	895	902	902
2021-08-30T23:06:56	900	895	902	903
2021-08-30T23:07:26	899	895	902	903
2021-08-30T23:07:56	899	896	903	903
2021-08-30T23:08:26	901	896	903	903
2021-08-30T23:08:56	899	895	902	903
2021-08-30T23:09:26	901	895	902	903
2021-08-30T23:09:56	901	895	902	903
2021-08-30T23:10:26	899	895	902	903
2021-08-30T23:10:56	899	896	902	903
2021-08-30T23:11:26	899	897	903	903
2021-08-30T23:11:56	901	897	903	903
2021-08-30T23:12:26	899	896	902	903
2021-08-30T23:12:56	899	896	902	903
2021-08-30T23:13:26	900	896	902	903
2021-08-30T23:13:56	900	896	902	903
2021-08-30T23:14:26	899	897	903	903
2021-08-30T23:14:56	900	897	903	903
2021-08-30T23:15:26	900	897	903	903
2021-08-30T23:15:56	899	897	902	903
2021-08-30T23:16:26	901	897	902	903
2021-08-30T23:16:56	899	897	902	903
2021-08-30T23:17:26	899	897	903	903
2021-08-30T23:17:56	899	898	903	903
2021-08-30T23:18:26	901	898	903	903
2021-08-30T23:18:56	900	897	902	903
2021-08-30T23:19:26	899	897	902	903
2021-08-30T23:19:56	899	897	902	903
2021-08-30T23:20:26	901	897	902	903
2021-08-30T23:20:56	900	897	902	903
2021-08-30T23:21:26	899	898	903	902
2021-08-30T23:21:56	899	898	903	902
2021-08-30T23:22:26	901	898	902	902
2021-08-30T23:22:56	900	898	902	904
2021-08-30T23:23:26	899	898	902	903
2021-08-30T23:23:56	899	899	902	903
2021-08-30T23:24:26	901	899	902	903
2021-08-30T23:24:56	900	898	902	904
2021-08-30T23:25:26	899	899	902	904
2021-08-30T23:25:56	899	899	903	903
2021-08-30T23:26:26	899	899	903	902
2021-08-30T23:26:56	900	898	902	904
2021-08-30T23:27:26	899	898	902	904
2021-08-30T23:27:56	899	899	903	903
2021-08-30T23:28:26	899	899	903	903
2021-08-30T23:28:56	901	899	903	904
2021-08-30T23:29:26	899	898	902	904
2021-08-30T23:29:56	899	898	902	903
2021-08-30T23:30:26	900	898	902	903
2021-08-30T23:30:56	900	898	902	904
2021-08-30T23:31:26	899	899	903	902
2021-08-30T23:31:56	899	900	903	904
2021-08-30T23:32:26	902	899	902	904
2021-08-30T23:32:56	901	898	903	903
2021-08-30T23:33:26	900	898	903	904
2021-08-30T23:33:56	899	898	902	904
2021-08-30T23:34:26	898	898	901	902
2021-08-30T23:34:56	898	897	902	902
2021-08-30T23:35:26	897	897	901	901
2021-08-30T23:35:56	897	896	901	901
2021-08-30T23:36:26	897	896	901	901
2021-08-30T23:36:56	896	896	900	900
2021-08-30T23:37:26	896	895	900	900
2021-08-30T23:37:56	896	895	900	900
2021-08-30T23:38:26	860	892	891	899
2021-08-30T23:38:56	761	829	847	886
2021-08-30T23:39:26	667	777	800	859
2021-08-30T23:39:56	582	668	683	796
2021-08-30T23:40:26	501	553	604	724
2021-08-30T23:40:56	463	483	582	683
2021-08-30T23:41:26	439	452	545	633
2021-08-30T23:41:56	413	419	527	595
2021-08-30T23:42:26	391	394	510	574
2021-08-30T23:42:56	371	379	486	547
2021-08-30T23:43:26	357	363	465	523
2021-08-30T23:43:56	344	349	452	508
2021-08-30T23:44:26	331	335	441	487
2021-08-30T23:44:56	321	327	429	467
2021-08-30T23:45:26	309	317	417	450
2021-08-30T23:45:56	302	308	406	440
2021-08-30T23:46:26	292	301	398	424
2021-08-30T23:46:56	284	292	388	411
2021-08-30T23:47:26	277	283	375	399
2021-08-30T23:47:56	269	277	370	390
2021-08-30T23:48:26	267	272	364	380
2021-08-30T23:48:56	261	265	354	369
2021-08-30T23:49:26	252	258	346	360
2021-08-30T23:49:56	247	251	338	354
2021-08-30T23:50:26	240	246	334	344
2021-08-30T23:50:56	238	242	327	335
2021-08-30T23:51:26	233	237	321	327
2021-08-30T23:51:56	228	233	315	323
2021-08-30T23:52:26	224	228	311	315
2021-08-30T23:52:56	221	224	304	308
2021-08-30T23:53:26	214	220	300	302
2021-08-30T23:53:56	210	216	298	296
