time	T1	T2	T3	T4
2021-08-19T08:29:35	25	28	31	27
2021-08-19T08:30:05	27	29	32	27
2021-08-19T08:30:35	28	30	32	28
2021-08-19T08:31:05	32	35	36	28
2021-08-19T08:31:35	33	37	37	29
2021-08-19T08:32:05	34	37	37	29
2021-08-19T08:32:35	33	37	37	30
2021-08-19T08:33:05	35	40	38	31
2021-08-19T08:33:35	37	42	42	31
2021-08-19T08:34:05	37	42	42	32
2021-08-19T08:34:35	37	41	41	33
2021-08-19T08:35:05	36	44	43	34
2021-08-19T08:35:35	40	47	45	34
2021-08-19T08:36:05	39	47	45	35
2021-08-19T08:36:35	41	48	47	36
2021-08-19T08:37:05	41	50	47	37
2021-08-19T08:37:35	42	49	47	37
2021-08-19T08:38:05	44	52	50	38
2021-08-19T08:38:35	46	53	50	39
2021-08-19T08:39:05	45	52	50	40
2021-08-19T08:39:35	48	55	53	41
2021-08-19T08:40:05	48	56	53	42
2021-08-19T08:40:35	50	56	55	42
2021-08-19T08:41:05	54	60	57	43
2021-08-19T08:41:35	53	59	56	44
2021-08-19T08:42:05	55	62	58	44
2021-08-19T08:42:35	55	61	59	45
2021-08-19T08:43:05	55	60	59	46
2021-08-19T08:43:35	56	65	62	48
2021-08-19T08:44:05	55	63	61	49
2021-08-19T08:44:35	61	68	65	50
2021-08-19T08:45:05	62	67	64	49
2021-08-19T08:45:35	62	69	65	50
2021-08-19T08:46:05	62	69	67	52
2021-08-19T08:46:35	63	68	66	53
2021-08-19T08:47:05	64	73	70	54
2021-08-19T08:47:35	64	72	70	55
2021-08-19T08:48:05	66	72	70	56
2021-08-19T08:48:35	70	75	73	57
2021-08-19T08:49:05	70	76	73	58
2021-08-19T08:49:35	70	78	75	59
2021-08-19T08:50:05	70	76	74	59
2021-08-19T08:50:35	70	79	77	59
2021-08-19T08:51:05	71	79	77	60
2021-08-19T08:51:35	77	83	80	62
2021-08-19T08:52:05	76	82	78	63
2021-08-19T08:52:35	77	83	80	64
2021-08-19T08:53:05	76	83	81	65
2021-08-19T08:53:35	77	84	83	66
2021-08-19T08:54:05	80	87	85	67
2021-08-19T08:54:35	81	87	85	67
2021-08-19T08:55:05	82	89	86	68
2021-08-19T08:55:35	82	90	87	69
2021-08-19T08:56:05	82	92	89	70
2021-08-19T08:56:35	83	92	88	71
2021-08-19T08:57:05	88	93	91	72
2021-08-19T08:57:35	87	93	91	72
2021-08-19T08:58:05	88	95	93	73
2021-08-19T08:58:35	88	95	93	74
2021-08-19T08:59:05	88	97	94	75
2021-08-19T08:59:35	92	98	96	76
2021-08-19T09:00:05	95	100	96	77
2021-08-19T09:00:35	95	101	98	78
2021-08-19T09:01:05	94	101	97	78
2021-08-19T09:01:35	95	104	101	79
2021-08-19T09:02:05	94	103	99	80
2021-08-19T09:02:35	101	107	103	81
2021-08-19T09:03:05	101	105	102	82
2021-08-19T09:03:35	101	108	104	83
2021-08-19T09:04:05	101	107	104	84
2021-08-19T09:04:35	101	110	107	85
2021-08-19T09:05:05	103	110	108	86
2021-08-19T09:05:35	106	112	108	87
2021-08-19T09:06:05	107	113	111	87
2021-08-19T09:06:35	105	113	110	88
2021-08-19T09:07:05	105	115	113	89
2021-08-19T09:07:35	109	115	112	90
2021-08-19T09:08:05	110	117	114	91
2021-08-19T09:08:35	110	118	116	91
2021-08-19T09:09:05	110	119	116	93
2021-08-19T09:09:35	114	122	118	93
2021-08-19T09:10:05	114	121	118	94
2021-08-19T09:10:35	114	122	119	95
2021-08-19T09:11:05	115	124	122	95
2021-08-19T09:11:35	117	124	120	97
2021-08-19T09:12:05	118	127	123	97
2021-08-19T09:12:35	118	127	124	98
2021-08-19T09:13:05	121	129	125	99
2021-08-19T09:13:35	124	132	127	100
2021-08-19T09:14:05	123	129	125	101
2021-08-19T09:14:35	124	133	129	101
2021-08-19T09:15:05	125	132	129	102
2021-08-19T09:15:35	126	134	131	103
2021-08-19T09:16:05	126	135	132	104
2021-08-19T09:16:35	127	135	132	105
2021-08-19T09:17:05	129	137	134	105
2021-08-19T09:17:35	128	136	133	107
2021-08-19T09:18:05	131	139	136	107
2021-08-19T09:18:35	131	141	137	108
2021-08-19T09:19:05	133	140	137	109
2021-08-19T09:19:35	133	143	139	110
2021-08-19T09:20:05	135	145	141	111
2021-08-19T09:20:35	135	143	140	112
2021-08-19T09:21:05	141	146	143	112
2021-08-19T09:21:35	139	145	142	113
2021-08-19T09:22:05	139	147	144	114
2021-08-19T09:22:35	143	149	145	115
2021-08-19T09:23:05	142	149	147	116
2021-08-19T09:23:35	141	150	147	117
2021-08-19T09:24:05	146	154	150	117
2021-08-19T09:24:35	145	152	148	118
2021-08-19T09:25:05	145	155	152	119
2021-08-19T09:25:35	148	156	152	120
2021-08-19T09:26:05	147	156	152	121
2021-08-19T09:26:35	150	159	155	122
2021-08-19T09:27:05	149	158	154	123
2021-08-19T09:27:35	150	160	155	124
2021-08-19T09:28:05	153	162	157	124
2021-08-19T09:28:35	155	163	158	127
2021-08-19T09:29:05	153	164	158	126
2021-08-19T09:29:35	156	164	161	127
2021-08-19T09:30:05	158	163	160	128
2021-08-19T09:30:35	158	166	163	129
2021-08-19T09:31:05	161	164	162	131
2021-08-19T09:31:35	162	169	165	131
2021-08-19T09:32:05	162	169	166	132
2021-08-19T09:32:35	162	171	166	133
2021-08-19T09:33:05	164	169	167	133
2021-08-19T09:33:35	163	170	168	135
2021-08-19T09:34:05	166	174	170	135
2021-08-19T09:34:35	167	172	169	136
2021-08-19T09:35:05	167	178	174	138
2021-08-19T09:35:35	169	178	173	140
2021-08-19T09:36:05	172	180	174	141
2021-08-19T09:36:35	173	182	175	141
2021-08-19T09:37:05	171	181	176	143
2021-08-19T09:37:35	174	185	178	143
2021-08-19T09:38:05	175	184	178	145
2021-08-19T09:38:35	176	186	178	147
2021-08-19T09:39:05	176	189	182	146
2021-08-19T09:39:35	178	190	181	148
2021-08-19T09:40:05	181	190	182	149
2021-08-19T09:40:35	182	193	185	149
2021-08-19T09:41:05	179	192	184	151
2021-08-19T09:41:35	184	193	186	151
2021-08-19T09:42:05	184	195	186	153
2021-08-19T09:42:35	185	195	188	153
2021-08-19T09:43:05	186	196	188	155
2021-08-19T09:43:35	188	196	189	156
2021-08-19T09:44:05	188	199	192	157
2021-08-19T09:44:35	189	201	193	158
2021-08-19T09:45:05	188	201	192	159
2021-08-19T09:45:35	190	204	195	160
2021-08-19T09:46:05	191	204	197	161
2021-08-19T09:46:35	194	205	196	162
2021-08-19T09:47:05	194	206	198	163
2021-08-19T09:47:35	193	207	199	164
2021-08-19T09:48:05	198	209	200	165
2021-08-19T09:48:35	197	209	200	166
2021-08-19T09:49:05	197	210	203	167
2021-08-19T09:49:35	200	211	204	168
2021-08-19T09:50:05	201	213	204	168
2021-08-19T09:50:35	204	214	205	170
2021-08-19T09:51:05	203	213	206	171
2021-08-19T09:51:35	204	217	208	172
2021-08-19T09:52:05	204	217	209	173
2021-08-19T09:52:35	204	218	209	174
2021-08-19T09:53:05	210	221	212	175
2021-08-19T09:53:35	207	218	210	176
2021-08-19T09:54:05	208	222	215	177
2021-08-19T09:54:35	211	222	213	178
2021-08-19T09:55:05	210	224	216	179
2021-08-19T09:55:35	210	224	216	180
2021-08-19T09:56:05	216	225	216	181
2021-08-19T09:56:35	214	228	219	182
2021-08-19T09:57:05	213	229	221	183
2021-08-19T09:57:35	218	229	220	184
2021-08-19T09:58:05	219	232	221	186
2021-08-19T09:58:35	218	233	223	186
2021-08-19T09:59:05	219	233	223	187
2021-08-19T09:59:35	221	234	223	189
2021-08-19T10:00:05	223	235	227	190
2021-08-19T10:00:35	221	233	226	190
2021-08-19T10:01:05	226	238	231	192
2021-08-19T10:01:35	226	237	228	193
2021-08-19T10:02:05	224	237	230	194
2021-08-19T10:02:35	227	238	230	195
2021-08-19T10:03:05	230	240	232	196
2021-08-19T10:03:35	228	243	235	196
2021-08-19T10:04:05	231	243	234	198
2021-08-19T10:04:35	231	246	237	199
2021-08-19T10:05:05	234	244	235	200
2021-08-19T10:05:35	235	247	238	201
2021-08-19T10:06:05	234	247	238	202
2021-08-19T10:06:35	238	251	241	203
2021-08-19T10:07:05	237	250	241	204
2021-08-19T10:07:35	239	253	242	205
2021-08-19T10:08:05	240	254	242	206
2021-08-19T10:08:35	239	254	245	207
2021-08-19T10:09:05	242	257	246	208
2021-08-19T10:09:35	241	256	246	209
2021-08-19T10:10:05	244	257	248	210
2021-08-19T10:10:35	243	258	249	211
2021-08-19T10:11:05	245	260	249	212
2021-08-19T10:11:35	248	262	251	213
2021-08-19T10:12:05	247	262	252	214
2021-08-19T10:12:35	251	264	254	215
2021-08-19T10:13:05	250	262	252	216
2021-08-19T10:13:35	252	266	256	217
2021-08-19T10:14:05	251	265	256	218
2021-08-19T10:14:35	254	268	257	219
2021-08-19T10:15:05	253	269	259	220
2021-08-19T10:15:35	256	271	261	221
2021-08-19T10:16:05	256	268	258	222
2021-08-19T10:16:35	257	274	261	223
2021-08-19T10:17:05	259	273	262	224
2021-08-19T10:17:35	259	276	265	226
2021-08-19T10:18:05	261	275	264	227
2021-08-19T10:18:35	264	277	268	227
2021-08-19T10:19:05	263	277	265	228
2021-08-19T10:19:35	266	279	268	230
2021-08-19T10:20:05	264	279	269	232
2021-08-19T10:20:35	267	280	269	232
2021-08-19T10:21:05	268	280	271	233
2021-08-19T10:21:35	268	281	271	234
2021-08-19T10:22:05	271	283	274	235
2021-08-19T10:22:35	270	286	276	236
2021-08-19T10:23:05	269	284	273	237
2021-08-19T10:23:35	275	288	277	238
2021-08-19T10:24:05	274	287	277	240
2021-08-19T10:24:35	277	289	279	240
2021-08-19T10:25:05	276	287	279	241
2021-08-19T10:25:35	278	291	282	243
2021-08-19T10:26:05	276	290	280	244
2021-08-19T10:26:35	282	293	282	245
2021-08-19T10:27:05	281	294	283	246
2021-08-19T10:27:35	283	295	285	247
2021-08-19T10:28:05	281	296	287	248
2021-08-19T10:28:35	284	298	288	249
2021-08-19T10:29:05	284	298	288	250
2021-08-19T10:29:35	286	300	290	251
2021-08-19T10:30:05	288	300	290	253
2021-08-19T10:30:35	287	301	291	253
2021-08-19T10:31:05	290	304	294	256
2021-08-19T10:31:35	289	304	294	257
2021-08-19T10:32:05	292	304	296	258
2021-08-19T10:32:35	292	305	297	258
2021-08-19T10:33:05	294	304	296	259
2021-08-19T10:33:35	293	308	299	261
2021-08-19T10:34:05	297	307	299	262
2021-08-19T10:34:35	295	308	300	263
2021-08-19T10:35:05	301	311	303	264
2021-08-19T10:35:35	298	310	300	265
2021-08-19T10:36:05	301	311	304	266
2021-08-19T10:36:35	301	313	306	267
2021-08-19T10:37:05	303	315	304	268
2021-08-19T10:37:35	304	316	307	269
2021-08-19T10:38:05	304	315	309	271
2021-08-19T10:38:35	303	316	308	272
2021-08-19T10:39:05	309	317	311	273
2021-08-19T10:39:35	307	317	312	274
2021-08-19T10:40:05	307	318	311	275
2021-08-19T10:40:35	310	319	313	276
2021-08-19T10:41:05	310	320	314	277
2021-08-19T10:41:35	313	323	316	278
2021-08-19T10:42:05	311	322	316	279
2021-08-19T10:42:35	315	325	317	279
2021-08-19T10:43:05	316	327	320	281
2021-08-19T10:43:35	315	326	319	282
2021-08-19T10:44:05	320	327	319	283
2021-08-19T10:44:35	320	330	322	285
2021-08-19T10:45:05	318	331	324	286
2021-08-19T10:45:35	322	329	324	287
2021-08-19T10:46:05	321	331	324	288
2021-08-19T10:46:35	322	334	327	289
2021-08-19T10:47:05	321	332	326	290
2021-08-19T10:47:35	325	335	329	292
2021-08-19T10:48:05	326	335	328	292
2021-08-19T10:48:35	327	337	330	293
2021-08-19T10:49:05	328	340	332	294
2021-08-19T10:49:35	329	337	332	296
2021-08-19T10:50:05	331	338	334	297
2021-08-19T10:50:35	332	339	334	298
2021-08-19T10:51:05	332	340	336	299
2021-08-19T10:51:35	335	341	337	301
2021-08-19T10:52:05	332	343	339	302
2021-08-19T10:52:35	335	345	339	303
2021-08-19T10:53:05	336	347	341	304
2021-08-19T10:53:35	337	345	341	305
2021-08-19T10:54:05	338	346	341	305
2021-08-19T10:54:35	340	345	340	307
2021-08-19T10:55:05	340	348	343	308
2021-08-19T10:55:35	344	348	345	309
2021-08-19T10:56:05	344	349	346	310
2021-08-19T10:56:35	344	351	346	312
2021-08-19T10:57:05	346	352	348	313
2021-08-19T10:57:36	346	353	349	314
2021-08-19T10:58:06	347	354	352	315
2021-08-19T10:58:36	348	356	351	316
2021-08-19T10:59:06	348	357	351	317
2021-08-19T10:59:36	353	358	355	318
2021-08-19T11:00:06	353	357	353	319
2021-08-19T11:00:36	351	359	355	320
2021-08-19T11:01:06	355	359	358	321
2021-08-19T11:01:36	354	363	358	323
2021-08-19T11:02:06	357	363	359	324
2021-08-19T11:02:36	356	364	361	325
2021-08-19T11:03:06	359	364	361	325
2021-08-19T11:03:36	358	366	361	327
2021-08-19T11:04:06	361	367	363	328
2021-08-19T11:04:36	360	369	365	330
2021-08-19T11:05:06	361	371	367	330
2021-08-19T11:05:36	366	370	368	332
2021-08-19T11:06:06	363	369	366	332
2021-08-19T11:06:36	368	371	369	334
2021-08-19T11:07:06	367	372	370	336
2021-08-19T11:07:36	367	373	372	336
2021-08-19T11:08:06	369	374	371	338
2021-08-19T11:08:36	372	376	373	339
2021-08-19T11:09:06	372	375	374	341
2021-08-19T11:09:36	371	378	376	341
2021-08-19T11:10:06	375	376	377	342
2021-08-19T11:10:36	374	378	378	344
2021-08-19T11:11:06	377	382	380	345
2021-08-19T11:11:36	375	381	378	346
2021-08-19T11:12:06	378	383	381	347
2021-08-19T11:12:36	379	381	381	348
2021-08-19T11:13:06	380	383	383	349
2021-08-19T11:13:36	380	384	384	351
2021-08-19T11:14:06	381	385	385	352
2021-08-19T11:14:36	383	385	386	353
2021-08-19T11:15:06	385	386	386	354
2021-08-19T11:15:36	385	387	387	355
2021-08-19T11:16:06	385	388	390	356
2021-08-19T11:16:36	387	390	389	358
2021-08-19T11:17:06	390	390	392	359
2021-08-19T11:17:36	388	391	393	360
2021-08-19T11:18:06	391	391	392	362
2021-08-19T11:18:36	393	392	395	362
2021-08-19T11:19:06	391	394	396	364
2021-08-19T11:19:36	392	396	395	364
2021-08-19T11:20:06	394	398	398	366
2021-08-19T11:20:36	396	396	401	367
2021-08-19T11:21:06	398	396	397	368
2021-08-19T11:21:36	397	397	398	369
2021-08-19T11:22:06	399	399	402	371
2021-08-19T11:22:36	398	401	403	372
2021-08-19T11:23:06	401	402	404	373
2021-08-19T11:23:36	404	403	406	374
2021-08-19T11:24:06	403	402	406	376
2021-08-19T11:24:36	406	404	410	377
2021-08-19T11:25:06	404	404	408	379
2021-08-19T11:25:36	408	406	410	380
2021-08-19T11:26:06	409	406	411	380
2021-08-19T11:26:36	409	407	413	382
2021-08-19T11:27:06	410	409	415	383
2021-08-19T11:27:36	411	409	414	384
2021-08-19T11:28:06	413	410	415	385
2021-08-19T11:28:36	413	411	417	386
2021-08-19T11:29:06	415	413	417	388
2021-08-19T11:29:36	417	413	420	389
2021-08-19T11:30:06	417	413	421	390
2021-08-19T11:30:36	417	415	421	392
2021-08-19T11:31:06	418	414	424	392
2021-08-19T11:31:36	420	414	420	394
2021-08-19T11:32:06	421	417	424	394
2021-08-19T11:32:36	420	417	426	396
2021-08-19T11:33:06	423	417	426	397
2021-08-19T11:33:36	425	420	428	398
2021-08-19T11:34:06	424	420	429	399
2021-08-19T11:34:36	428	422	430	400
2021-08-19T11:35:06	426	422	430	401
2021-08-19T11:35:36	428	424	432	403
2021-08-19T11:36:06	431	425	435	404
2021-08-19T11:36:36	432	424	432	405
2021-08-19T11:37:06	432	425	434	406
2021-08-19T11:37:36	434	426	436	407
2021-08-19T11:38:06	434	428	437	409
2021-08-19T11:38:36	435	429	438	410
2021-08-19T11:39:06	435	430	438	411
2021-08-19T11:39:36	437	431	440	412
2021-08-19T11:40:06	439	432	443	414
2021-08-19T11:40:36	440	432	443	415
2021-08-19T11:41:06	441	434	444	416
2021-08-19T11:41:36	443	436	446	417
2021-08-19T11:42:06	443	436	446	418
2021-08-19T11:42:36	442	436	447	420
2021-08-19T11:43:06	445	439	448	421
2021-08-19T11:43:36	445	438	447	422
2021-08-19T11:44:06	448	438	450	424
2021-08-19T11:44:36	447	440	451	424
2021-08-19T11:45:06	450	441	454	425
2021-08-19T11:45:36	451	442	454	426
2021-08-19T11:46:06	452	442	454	428
2021-08-19T11:46:36	454	443	455	429
2021-08-19T11:47:06	453	444	457	430
2021-08-19T11:47:36	454	444	458	432
2021-08-19T11:48:06	457	446	458	432
2021-08-19T11:48:36	457	446	459	434
2021-08-19T11:49:06	459	447	461	435
2021-08-19T11:49:36	458	447	462	436
2021-08-19T11:50:06	459	449	461	437
2021-08-19T11:50:36	460	449	462	438
2021-08-19T11:51:06	462	451	465	439
2021-08-19T11:51:36	463	451	463	440
2021-08-19T11:52:06	464	452	466	441
2021-08-19T11:52:36	467	453	467	442
2021-08-19T11:53:06	468	453	469	444
2021-08-19T11:53:36	468	454	470	446
2021-08-19T11:54:06	470	455	470	447
2021-08-19T11:54:36	470	456	470	446
2021-08-19T11:55:06	468	456	472	447
2021-08-19T11:55:36	471	457	472	448
2021-08-19T11:56:06	474	457	474	450
2021-08-19T11:56:36	475	458	475	451
2021-08-19T11:57:06	475	458	478	453
2021-08-19T11:57:36	477	459	476	453
2021-08-19T11:58:06	476	460	478	455
2021-08-19T11:58:36	479	461	478	456
2021-08-19T11:59:06	480	462	479	457
2021-08-19T11:59:36	481	462	480	458
2021-08-19T12:00:06	482	464	481	459
2021-08-19T12:00:36	484	464	482	460
2021-08-19T12:01:06	484	465	482	461
2021-08-19T12:01:36	485	467	482	462
2021-08-19T12:02:06	485	466	484	464
2021-08-19T12:02:36	486	468	485	465
2021-08-19T12:03:06	486	468	487	466
2021-08-19T12:03:36	490	469	487	467
2021-08-19T12:04:06	491	469	487	467
2021-08-19T12:04:36	492	470	488	469
2021-08-19T12:05:06	492	470	489	470
2021-08-19T12:05:36	492	471	490	471
2021-08-19T12:06:06	494	471	491	472
2021-08-19T12:06:36	494	472	492	473
2021-08-19T12:07:06	495	473	493	474
2021-08-19T12:07:36	502	475	493	475
2021-08-19T12:08:06	498	474	494	476
2021-08-19T12:08:36	500	476	495	477
2021-08-19T12:09:06	500	476	496	478
2021-08-19T12:09:36	500	478	496	479
2021-08-19T12:10:06	503	478	498	480
2021-08-19T12:10:36	504	479	499	480
2021-08-19T12:11:06	506	480	499	482
2021-08-19T12:11:36	505	481	500	483
2021-08-19T12:12:06	507	482	500	485
2021-08-19T12:12:36	507	482	501	486
2021-08-19T12:13:06	512	483	501	486
2021-08-19T12:13:36	510	483	504	488
2021-08-19T12:14:06	510	484	504	489
2021-08-19T12:14:36	511	484	504	490
2021-08-19T12:15:06	515	487	505	491
2021-08-19T12:15:36	515	487	507	491
2021-08-19T12:16:06	515	488	507	493
2021-08-19T12:16:36	517	488	509	494
2021-08-19T12:17:06	520	488	508	495
2021-08-19T12:17:36	519	490	510	497
2021-08-19T12:18:06	520	490	511	498
2021-08-19T12:18:36	525	492	511	499
2021-08-19T12:19:06	521	491	512	500
2021-08-19T12:19:36	524	492	514	501
2021-08-19T12:20:06	526	493	514	502
2021-08-19T12:20:36	526	494	516	504
2021-08-19T12:21:06	527	494	517	504
2021-08-19T12:21:36	529	495	517	505
2021-08-19T12:22:06	530	496	518	506
2021-08-19T12:22:36	530	497	519	507
2021-08-19T12:23:06	533	498	520	508
2021-08-19T12:23:36	532	498	521	509
2021-08-19T12:24:06	533	500	521	511
2021-08-19T12:24:36	535	501	522	511
2021-08-19T12:25:06	537	502	523	512
2021-08-19T12:25:36	536	502	524	515
2021-08-19T12:26:06	539	503	526	516
2021-08-19T12:26:36	540	504	527	516
2021-08-19T12:27:06	540	505	528	517
2021-08-19T12:27:36	541	505	529	518
2021-08-19T12:28:06	543	506	530	520
2021-08-19T12:28:36	543	507	531	520
2021-08-19T12:29:06	544	509	532	521
2021-08-19T12:29:36	545	508	533	524
2021-08-19T12:30:06	546	509	533	525
2021-08-19T12:30:36	548	511	535	525
2021-08-19T12:31:06	547	511	536	526
2021-08-19T12:31:36	551	512	537	527
2021-08-19T12:32:06	549	513	538	529
2021-08-19T12:32:36	551	513	539	529
2021-08-19T12:33:06	552	514	540	532
2021-08-19T12:33:36	555	515	541	533
2021-08-19T12:34:06	555	516	541	534
2021-08-19T12:34:36	555	516	542	535
2021-08-19T12:35:06	558	517	543	537
2021-08-19T12:35:36	558	517	544	538
2021-08-19T12:36:06	560	519	545	539
2021-08-19T12:36:36	560	520	546	540
2021-08-19T12:37:06	562	521	548	541
2021-08-19T12:37:36	562	522	548	542
2021-08-19T12:38:06	564	522	548	543
2021-08-19T12:38:36	565	523	549	545
2021-08-19T12:39:06	564	524	551	546
2021-08-19T12:39:36	566	526	551	547
2021-08-19T12:40:06	569	526	553	548
2021-08-19T12:40:36	569	527	554	549
2021-08-19T12:41:06	570	528	554	550
2021-08-19T12:41:36	570	528	555	550
2021-08-19T12:42:06	574	529	556	553
2021-08-19T12:42:36	575	531	557	553
2021-08-19T12:43:06	574	531	558	554
2021-08-19T12:43:36	577	532	559	556
2021-08-19T12:44:06	575	532	561	557
2021-08-19T12:44:36	576	533	560	558
2021-08-19T12:45:06	579	534	561	559
2021-08-19T12:45:36	579	536	563	561
2021-08-19T12:46:06	582	536	564	562
2021-08-19T12:46:36	584	537	564	563
2021-08-19T12:47:06	582	538	566	564
2021-08-19T12:47:36	584	539	566	565
2021-08-19T12:48:06	586	540	566	565
2021-08-19T12:48:36	584	540	568	568
2021-08-19T12:49:06	589	541	570	569
2021-08-19T12:49:36	589	541	571	569
2021-08-19T12:50:06	588	542	570	570
2021-08-19T12:50:36	591	542	572	572
2021-08-19T12:51:06	591	544	573	573
2021-08-19T12:51:36	592	544	574	573
2021-08-19T12:52:06	594	545	574	576
2021-08-19T12:52:36	594	547	576	577
2021-08-19T12:53:06	595	547	577	578
2021-08-19T12:53:36	595	548	578	579
2021-08-19T12:54:06	599	549	578	580
2021-08-19T12:54:36	598	550	580	582
2021-08-19T12:55:06	602	551	580	582
2021-08-19T12:55:36	602	552	581	583
2021-08-19T12:56:06	602	553	583	586
2021-08-19T12:56:36	604	554	584	586
2021-08-19T12:57:06	604	554	585	587
2021-08-19T12:57:36	606	555	585	588
2021-08-19T12:58:06	604	556	587	588
2021-08-19T12:58:36	609	557	586	590
2021-08-19T12:59:06	608	557	588	591
2021-08-19T12:59:36	610	558	590	593
2021-08-19T13:00:06	613	560	590	594
2021-08-19T13:00:36	610	560	591	595
2021-08-19T13:01:06	614	561	593	596
2021-08-19T13:01:36	614	562	593	598
2021-08-19T13:02:06	615	563	594	599
2021-08-19T13:02:36	618	564	595	599
2021-08-19T13:03:06	618	565	596	601
2021-08-19T13:03:36	619	566	598	603
2021-08-19T13:04:06	621	567	598	604
2021-08-19T13:04:36	621	566	599	605
2021-08-19T13:05:06	622	568	600	606
2021-08-19T13:05:36	623	569	601	608
2021-08-19T13:06:06	624	570	603	608
2021-08-19T13:06:36	625	570	603	609
2021-08-19T13:07:06	625	572	603	610
2021-08-19T13:07:36	628	573	604	612
2021-08-19T13:08:06	628	573	606	612
2021-08-19T13:08:36	627	575	607	613
2021-08-19T13:09:06	633	575	607	614
2021-08-19T13:09:36	631	575	608	615
2021-08-19T13:10:06	633	577	609	617
2021-08-19T13:10:36	633	578	610	617
2021-08-19T13:11:06	637	579	611	619
2021-08-19T13:11:36	636	579	612	620
2021-08-19T13:12:06	640	581	614	621
2021-08-19T13:12:36	638	581	614	622
2021-08-19T13:13:06	641	582	616	623
2021-08-19T13:13:36	640	583	617	624
2021-08-19T13:14:06	641	584	617	625
2021-08-19T13:14:36	642	584	617	627
2021-08-19T13:15:06	644	586	619	628
2021-08-19T13:15:36	644	587	620	629
2021-08-19T13:16:06	644	587	620	630
2021-08-19T13:16:36	647	588	621	631
2021-08-19T13:17:06	647	589	622	632
2021-08-19T13:17:36	648	591	622	633
2021-08-19T13:18:06	652	591	624	635
2021-08-19T13:18:36	650	591	625	636
2021-08-19T13:19:06	653	592	627	636
2021-08-19T13:19:36	654	593	627	638
2021-08-19T13:20:06	654	594	628	639
2021-08-19T13:20:36	656	595	628	639
2021-08-19T13:21:06	655	595	630	641
2021-08-19T13:21:36	658	597	631	642
2021-08-19T13:22:06	658	598	632	643
2021-08-19T13:22:36	659	599	633	644
2021-08-19T13:23:06	661	600	634	645
2021-08-19T13:23:36	663	601	635	646
2021-08-19T13:24:06	663	602	636	648
2021-08-19T13:24:36	665	603	636	649
2021-08-19T13:25:06	663	603	637	650
2021-08-19T13:25:36	667	604	639	651
2021-08-19T13:26:06	667	606	639	652
2021-08-19T13:26:36	668	606	640	653
2021-08-19T13:27:06	670	607	641	653
2021-08-19T13:27:36	671	607	642	655
2021-08-19T13:28:06	670	609	644	656
2021-08-19T13:28:36	673	609	644	658
2021-08-19T13:29:06	672	611	645	658
2021-08-19T13:29:36	675	612	647	659
2021-08-19T13:30:06	677	611	647	660
2021-08-19T13:30:36	677	613	649	662
2021-08-19T13:31:06	680	614	649	663
2021-08-19T13:31:36	679	615	650	664
2021-08-19T13:32:06	680	615	650	665
2021-08-19T13:32:36	681	616	651	666
2021-08-19T13:33:06	683	618	653	667
2021-08-19T13:33:36	682	619	654	668
2021-08-19T13:34:06	686	620	655	669
2021-08-19T13:34:36	683	621	656	670
2021-08-19T13:35:06	689	622	657	671
2021-08-19T13:35:36	688	622	658	672
2021-08-19T13:36:06	688	623	658	674
2021-08-19T13:36:36	691	625	660	675
2021-08-19T13:37:06	692	626	661	675
2021-08-19T13:37:36	691	626	661	677
2021-08-19T13:38:06	695	627	662	677
2021-08-19T13:38:36	694	628	663	679
2021-08-19T13:39:06	696	629	664	680
2021-08-19T13:39:36	696	630	665	681
2021-08-19T13:40:06	699	631	666	682
2021-08-19T13:40:36	698	632	667	683
2021-08-19T13:41:06	700	633	668	684
2021-08-19T13:41:36	700	633	668	685
2021-08-19T13:42:06	702	634	669	686
2021-08-19T13:42:36	705	635	670	688
2021-08-19T13:43:06	705	636	671	688
2021-08-19T13:43:36	703	637	672	689
2021-08-19T13:44:06	708	638	674	690
2021-08-19T13:44:36	706	639	674	691
2021-08-19T13:45:06	709	640	675	693
2021-08-19T13:45:36	709	640	677	693
2021-08-19T13:46:06	712	641	678	695
2021-08-19T13:46:36	712	642	678	696
2021-08-19T13:47:06	713	643	680	697
2021-08-19T13:47:36	715	644	680	697
2021-08-19T13:48:06	716	644	681	699
2021-08-19T13:48:36	718	645	681	700
2021-08-19T13:49:06	719	646	683	700
2021-08-19T13:49:36	720	647	684	702
2021-08-19T13:50:06	719	648	684	703
2021-08-19T13:50:36	720	649	686	705
2021-08-19T13:51:06	722	650	686	706
2021-08-19T13:51:36	723	650	686	706
2021-08-19T13:52:06	724	652	687	707
2021-08-19T13:52:36	723	652	688	709
2021-08-19T13:53:06	726	655	690	709
2021-08-19T13:53:36	726	655	691	711
2021-08-19T13:54:06	728	657	691	712
2021-08-19T13:54:36	729	657	692	713
2021-08-19T13:55:06	731	658	693	713
2021-08-19T13:55:36	730	658	695	715
2021-08-19T13:56:06	733	660	695	716
2021-08-19T13:56:36	732	660	696	717
2021-08-19T13:57:06	734	661	697	717
2021-08-19T13:57:36	738	662	698	719
2021-08-19T13:58:06	735	663	698	719
2021-08-19T13:58:36	738	664	699	721
2021-08-19T13:59:06	738	665	700	722
2021-08-19T13:59:36	739	666	701	723
2021-08-19T14:00:06	741	666	702	724
2021-08-19T14:00:36	743	668	703	725
2021-08-19T14:01:06	745	668	704	726
2021-08-19T14:01:36	745	670	705	728
2021-08-19T14:02:06	744	671	706	728
2021-08-19T14:02:36	746	671	706	729
2021-08-19T14:03:06	747	672	707	731
2021-08-19T14:03:36	750	673	708	731
2021-08-19T14:04:06	750	674	709	732
2021-08-19T14:04:36	751	675	711	734
2021-08-19T14:05:06	752	676	711	735
2021-08-19T14:05:36	753	677	712	737
2021-08-19T14:06:06	753	678	713	738
2021-08-19T14:06:36	755	679	715	738
2021-08-19T14:07:06	757	679	716	739
2021-08-19T14:07:36	758	681	717	742
2021-08-19T14:08:06	757	681	717	742
2021-08-19T14:08:36	760	682	718	742
2021-08-19T14:09:06	761	682	719	743
2021-08-19T14:09:36	762	684	719	744
2021-08-19T14:10:06	763	684	720	746
2021-08-19T14:10:36	763	685	721	746
2021-08-19T14:11:06	764	686	722	748
2021-08-19T14:11:36	765	687	723	748
2021-08-19T14:12:06	767	688	724	749
2021-08-19T14:12:36	767	689	725	751
2021-08-19T14:13:06	768	689	725	751
2021-08-19T14:13:36	768	690	725	751
2021-08-19T14:14:06	769	691	726	752
2021-08-19T14:14:36	769	691	726	752
2021-08-19T14:15:06	769	691	726	752
2021-08-19T14:15:36	769	691	726	752
2021-08-19T14:16:06	-100	-100	-100	752
2021-08-19T14:16:36	-100	-100	-100	-100
2021-08-19T14:17:06	-100	-100	-100	-100
2021-08-19T14:17:36	715	658	695	721
2021-08-19T14:18:06	730	666	703	720
2021-08-19T14:18:36	741	674	710	723
2021-08-19T14:19:06	749	679	713	729
2021-08-19T14:19:36	755	683	717	732
2021-08-19T14:20:06	757	685	718	738
2021-08-19T14:20:36	761	687	720	741
2021-08-19T14:21:06	762	689	723	745
2021-08-19T14:21:36	765	691	725	747
2021-08-19T14:22:06	767	692	727	750
2021-08-19T14:22:36	770	694	728	751
2021-08-19T14:23:06	771	696	729	753
2021-08-19T14:23:36	772	696	731	755
2021-08-19T14:24:06	773	698	732	757
2021-08-19T14:24:36	775	699	734	758
2021-08-19T14:25:06	776	700	735	760
2021-08-19T14:25:36	778	701	736	761
2021-08-19T14:26:06	779	702	737	762
2021-08-19T14:26:36	782	703	738	763
2021-08-19T14:27:06	781	705	739	764
2021-08-19T14:27:36	782	706	740	767
2021-08-19T14:28:06	783	706	741	768
2021-08-19T14:28:36	785	707	743	768
2021-08-19T14:29:06	787	709	743	769
2021-08-19T14:29:36	788	709	745	771
2021-08-19T14:30:06	787	710	745	771
2021-08-19T14:30:36	789	711	746	771
2021-08-19T14:31:06	790	713	747	773
2021-08-19T14:31:36	792	713	748	775
2021-08-19T14:32:06	792	714	750	774
2021-08-19T14:32:36	794	715	750	776
2021-08-19T14:33:06	793	716	751	776
2021-08-19T14:33:36	795	717	752	778
2021-08-19T14:34:06	795	717	752	778
2021-08-19T14:34:36	795	717	752	778
2021-08-19T14:35:06	795	717	752	778
2021-08-19T14:35:36	-100	-100	-100	-100
2021-08-19T14:36:06	-100	-100	-100	-100
2021-08-19T14:36:36	-100	-100	-100	-100
2021-08-19T14:37:06	-100	-100	-100	-100
2021-08-19T14:37:36	752	691	723	744
2021-08-19T14:38:06	761	697	731	746
2021-08-19T14:38:36	770	703	736	751
2021-08-19T14:39:06	776	708	740	755
2021-08-19T14:39:36	780	710	742	761
2021-08-19T14:40:06	784	712	745	765
2021-08-19T14:40:36	787	715	747	769
2021-08-19T14:41:06	789	716	749	770
2021-08-19T14:41:36	790	717	750	773
2021-08-19T14:42:06	792	719	752	775
2021-08-19T14:42:36	794	721	754	778
2021-08-19T14:43:06	795	723	755	779
2021-08-19T14:43:36	798	723	756	780
2021-08-19T14:44:06	799	725	757	782
2021-08-19T14:44:36	801	726	758	784
2021-08-19T14:45:06	801	727	760	784
2021-08-19T14:45:36	803	728	761	785
2021-08-19T14:46:06	804	729	762	787
2021-08-19T14:46:36	804	731	763	789
2021-08-19T14:47:06	806	731	764	790
2021-08-19T14:47:36	806	732	765	790
2021-08-19T14:48:06	808	734	766	791
2021-08-19T14:48:36	809	736	767	791
2021-08-19T14:49:06	809	736	768	793
2021-08-19T14:49:36	810	737	769	795
2021-08-19T14:50:06	811	737	769	795
2021-08-19T14:50:36	812	738	770	796
2021-08-19T14:51:06	813	739	771	797
2021-08-19T14:51:36	813	740	771	798
2021-08-19T14:52:06	814	741	772	797
2021-08-19T14:52:36	815	742	773	799
2021-08-19T14:53:06	815	743	774	800
2021-08-19T14:53:36	817	744	775	801
2021-08-19T14:54:06	818	744	776	801
2021-08-19T14:54:36	818	746	776	802
2021-08-19T14:55:06	818	746	777	802
2021-08-19T14:55:36	820	747	778	804
2021-08-19T14:56:06	820	747	778	803
2021-08-19T14:56:36	820	748	779	803
2021-08-19T14:57:06	822	750	780	805
2021-08-19T14:57:36	823	750	781	806
2021-08-19T14:58:06	823	751	781	807
2021-08-19T14:58:36	824	752	782	807
2021-08-19T14:59:06	825	753	783	809
2021-08-19T14:59:36	826	753	783	809
2021-08-19T15:00:06	826	754	784	809
2021-08-19T15:00:36	827	754	785	810
2021-08-19T15:01:06	828	755	785	810
2021-08-19T15:01:36	828	756	786	810
2021-08-19T15:02:06	829	756	787	812
2021-08-19T15:02:36	829	757	787	811
2021-08-19T15:03:06	830	757	788	812
2021-08-19T15:03:36	831	758	788	813
2021-08-19T15:04:06	831	759	789	815
2021-08-19T15:04:36	832	760	790	814
2021-08-19T15:05:06	832	761	790	816
2021-08-19T15:05:36	833	761	791	817
2021-08-19T15:06:06	835	761	792	817
2021-08-19T15:06:36	836	762	793	817
2021-08-19T15:07:06	836	764	793	818
2021-08-19T15:07:36	837	764	794	820
2021-08-19T15:08:06	838	764	794	820
2021-08-19T15:08:36	839	765	795	821
2021-08-19T15:09:06	839	766	796	822
2021-08-19T15:09:36	839	767	797	822
2021-08-19T15:10:06	842	767	797	822
2021-08-19T15:10:36	842	768	798	824
2021-08-19T15:11:06	842	769	799	825
2021-08-19T15:11:36	843	770	800	826
2021-08-19T15:12:06	844	770	800	826
2021-08-19T15:12:36	844	770	801	828
2021-08-19T15:13:06	845	771	801	828
2021-08-19T15:13:36	847	771	802	829
2021-08-19T15:14:06	848	773	803	830
2021-08-19T15:14:36	849	773	804	831
2021-08-19T15:15:06	849	773	805	832
2021-08-19T15:15:36	850	774	805	833
2021-08-19T15:16:06	852	775	806	833
2021-08-19T15:16:36	852	775	807	835
2021-08-19T15:17:06	853	775	808	835
2021-08-19T15:17:36	854	776	809	836
2021-08-19T15:18:06	854	777	809	837
2021-08-19T15:18:36	856	778	810	838
2021-08-19T15:19:06	857	779	811	839
2021-08-19T15:19:36	858	779	812	840
2021-08-19T15:20:06	858	780	812	840
2021-08-19T15:20:36	860	780	813	842
2021-08-19T15:21:06	860	781	814	842
2021-08-19T15:21:36	861	781	814	842
2021-08-19T15:22:06	862	782	815	844
2021-08-19T15:22:36	862	782	816	845
2021-08-19T15:23:06	863	783	816	846
2021-08-19T15:23:36	865	784	818	847
2021-08-19T15:24:06	865	784	818	848
2021-08-19T15:24:36	865	784	819	849
2021-08-19T15:25:06	866	785	820	850
2021-08-19T15:25:36	867	786	821	851
2021-08-19T15:26:06	868	787	821	851
2021-08-19T15:26:36	869	787	822	852
2021-08-19T15:27:06	870	788	823	853
2021-08-19T15:27:36	871	789	823	854
2021-08-19T15:28:06	871	789	824	855
2021-08-19T15:28:36	873	790	825	856
2021-08-19T15:29:06	873	791	827	857
2021-08-19T15:29:36	875	791	828	857
2021-08-19T15:30:06	875	791	828	857
2021-08-19T15:30:36	875	791	828	857
2021-08-19T15:31:06	875	791	828	857
2021-08-19T15:31:36	875	791	828	857
2021-08-19T15:32:06	-100	-100	-100	-100
2021-08-19T15:32:36	-100	-100	-100	-100
2021-08-19T15:33:06	-100	-100	-100	-100
2021-08-19T15:33:36	-100	-100	-100	-100
2021-08-19T15:34:06	828	764	800	823
2021-08-19T15:34:36	842	771	806	824
2021-08-19T15:35:06	849	778	811	830
2021-08-19T15:35:36	855	782	815	836
2021-08-19T15:36:06	859	785	818	840
2021-08-19T15:36:36	863	787	820	845
2021-08-19T15:37:06	865	789	822	848
2021-08-19T15:37:36	868	790	824	852
2021-08-19T15:38:06	870	792	825	853
2021-08-19T15:38:36	872	793	827	856
2021-08-19T15:39:06	874	795	829	858
2021-08-19T15:39:36	875	796	830	860
2021-08-19T15:40:06	878	797	831	861
2021-08-19T15:40:36	878	798	832	863
2021-08-19T15:41:06	880	799	834	865
2021-08-19T15:41:36	881	800	836	866
2021-08-19T15:42:06	883	801	836	867
2021-08-19T15:42:36	884	801	838	869
2021-08-19T15:43:06	885	803	839	870
2021-08-19T15:43:36	886	804	839	871
2021-08-19T15:44:06	888	805	841	872
2021-08-19T15:44:36	889	805	841	873
2021-08-19T15:45:06	890	806	843	875
2021-08-19T15:45:36	892	807	843	876
2021-08-19T15:46:06	892	809	844	877
2021-08-19T15:46:36	894	809	846	878
2021-08-19T15:47:06	894	809	846	879
2021-08-19T15:47:36	896	810	847	880
2021-08-19T15:48:06	897	811	848	881
2021-08-19T15:48:36	897	812	849	882
2021-08-19T15:49:06	898	813	850	883
2021-08-19T15:49:36	899	814	851	884
2021-08-19T15:50:06	900	814	852	885
2021-08-19T15:50:36	901	816	853	886
2021-08-19T15:51:06	903	817	855	887
2021-08-19T15:51:36	905	818	855	888
2021-08-19T15:52:06	905	819	856	890
2021-08-19T15:52:36	907	820	858	891
2021-08-19T15:53:06	908	821	858	892
2021-08-19T15:53:36	909	821	859	893
2021-08-19T15:54:06	911	822	860	894
2021-08-19T15:54:36	911	823	861	895
2021-08-19T15:55:06	912	824	862	896
2021-08-19T15:55:36	913	825	863	898
2021-08-19T15:56:06	915	825	864	898
2021-08-19T15:56:36	916	827	865	899
2021-08-19T15:57:06	916	827	866	900
2021-08-19T15:57:36	918	829	868	901
2021-08-19T15:58:06	919	830	869	903
2021-08-19T15:58:36	920	830	869	905
2021-08-19T15:59:06	920	831	870	906
2021-08-19T15:59:36	922	832	871	906
2021-08-19T16:00:06	924	833	872	908
2021-08-19T16:00:36	924	834	873	909
2021-08-19T16:01:06	925	834	874	909
2021-08-19T16:01:36	925	835	875	911
2021-08-19T16:02:06	927	835	875	911
2021-08-19T16:02:36	928	837	876	913
2021-08-19T16:03:06	929	839	878	913
2021-08-19T16:03:36	930	840	879	914
2021-08-19T16:04:06	932	841	881	915
2021-08-19T16:04:36	932	842	882	917
2021-08-19T16:05:06	934	842	882	918
2021-08-19T16:05:36	934	843	883	918
2021-08-19T16:06:06	935	844	884	920
2021-08-19T16:06:36	937	845	885	921
2021-08-19T16:07:06	938	846	886	922
2021-08-19T16:07:36	939	847	888	924
2021-08-19T16:08:06	940	848	888	924
2021-08-19T16:08:36	940	849	890	925
2021-08-19T16:09:06	941	850	890	928
2021-08-19T16:09:36	943	851	892	928
2021-08-19T16:10:06	943	852	892	928
2021-08-19T16:10:36	945	853	893	930
2021-08-19T16:11:06	948	854	894	932
2021-08-19T16:11:36	948	855	895	933
2021-08-19T16:12:06	948	856	896	934
2021-08-19T16:12:36	950	857	897	935
2021-08-19T16:13:06	950	858	898	936
2021-08-19T16:13:36	952	859	899	937
2021-08-19T16:14:06	953	860	900	937
2021-08-19T16:14:36	954	860	901	939
2021-08-19T16:15:06	953	862	903	939
2021-08-19T16:15:36	954	863	903	940
2021-08-19T16:16:06	952	863	904	941
2021-08-19T16:16:36	953	865	905	942
2021-08-19T16:17:06	955	866	906	941
2021-08-19T16:17:36	952	866	907	940
2021-08-19T16:18:06	954	867	908	941
2021-08-19T16:18:36	954	868	908	941
2021-08-19T16:19:06	954	869	909	942
2021-08-19T16:19:36	955	870	911	944
2021-08-19T16:20:06	954	871	911	943
2021-08-19T16:20:36	954	872	912	943
2021-08-19T16:21:06	954	873	913	944
2021-08-19T16:21:36	955	874	914	944
2021-08-19T16:22:06	955	875	916	945
2021-08-19T16:22:36	954	876	917	945
2021-08-19T16:23:06	952	877	918	946
2021-08-19T16:23:36	954	877	918	946
2021-08-19T16:24:06	954	879	919	947
2021-08-19T16:24:36	954	880	919	947
2021-08-19T16:25:06	955	881	921	947
2021-08-19T16:25:36	954	882	921	947
2021-08-19T16:26:06	954	882	922	947
2021-08-19T16:26:36	955	883	923	948
2021-08-19T16:27:06	955	884	924	947
2021-08-19T16:27:36	953	885	925	949
2021-08-19T16:28:06	955	886	925	949
2021-08-19T16:28:36	953	888	925	949
2021-08-19T16:29:06	954	888	926	950
2021-08-19T16:29:36	953	889	928	950
2021-08-19T16:30:06	954	890	928	950
2021-08-19T16:30:36	955	891	929	951
2021-08-19T16:31:06	955	892	930	951
2021-08-19T16:31:36	953	893	931	950
2021-08-19T16:32:06	955	895	931	951
2021-08-19T16:32:36	955	895	932	952
2021-08-19T16:33:06	953	897	933	953
2021-08-19T16:33:36	955	898	933	952
2021-08-19T16:34:06	953	899	934	952
2021-08-19T16:34:36	954	900	935	953
2021-08-19T16:35:06	953	901	936	953
2021-08-19T16:35:36	954	902	936	954
2021-08-19T16:36:06	954	903	937	954
2021-08-19T16:36:36	954	904	938	955
2021-08-19T16:37:06	955	906	938	955
2021-08-19T16:37:36	954	906	939	955
2021-08-19T16:38:06	955	907	940	956
2021-08-19T16:38:36	953	908	940	956
2021-08-19T16:39:06	955	909	941	956
2021-08-19T16:39:36	954	909	942	956
2021-08-19T16:40:06	954	911	943	957
2021-08-19T16:40:36	954	912	943	957
2021-08-19T16:41:06	953	913	944	957
2021-08-19T16:41:36	955	914	945	958
2021-08-19T16:42:06	954	914	946	958
2021-08-19T16:42:36	954	916	946	957
2021-08-19T16:43:06	953	916	947	959
2021-08-19T16:43:36	955	917	947	959
2021-08-19T16:44:06	954	918	947	959
2021-08-19T16:44:36	955	919	948	960
2021-08-19T16:45:06	953	920	950	960
2021-08-19T16:45:36	954	921	951	961
2021-08-19T16:46:06	955	922	951	961
2021-08-19T16:46:36	956	923	951	961
2021-08-19T16:47:06	955	924	952	961
2021-08-19T16:47:36	953	925	953	962
2021-08-19T16:48:06	954	925	954	962
2021-08-19T16:48:36	953	927	954	963
2021-08-19T16:49:06	954	927	955	963
2021-08-19T16:49:36	955	928	955	963
2021-08-19T16:50:06	953	929	956	964
2021-08-19T16:50:36	954	930	957	964
2021-08-19T16:51:06	955	931	957	964
2021-08-19T16:51:36	953	930	957	964
2021-08-19T16:52:06	953	931	956	964
2021-08-19T16:52:36	955	932	957	964
2021-08-19T16:53:06	955	931	957	964
2021-08-19T16:53:36	955	932	956	964
2021-08-19T16:54:06	955	933	956	965
2021-08-19T16:54:36	954	933	957	965
2021-08-19T16:55:06	955	933	956	965
2021-08-19T16:55:36	954	934	956	964
2021-08-19T16:56:06	954	935	957	964
2021-08-19T16:56:36	954	935	956	964
2021-08-19T16:57:06	954	935	956	964
2021-08-19T16:57:36	953	937	957	964
2021-08-19T16:58:06	953	936	956	965
2021-08-19T16:58:36	954	936	956	964
2021-08-19T16:59:06	954	937	957	965
2021-08-19T16:59:36	954	938	958	965
2021-08-19T17:00:06	954	939	957	965
2021-08-19T17:00:36	955	939	956	965
2021-08-19T17:01:06	955	939	957	966
2021-08-19T17:01:36	954	939	956	965
2021-08-19T17:02:06	954	940	957	965
2021-08-19T17:02:36	956	940	956	964
2021-08-19T17:03:06	954	941	957	965
2021-08-19T17:03:36	954	940	957	966
2021-08-19T17:04:06	955	942	958	965
2021-08-19T17:04:36	953	940	956	965
2021-08-19T17:05:06	953	941	958	965
2021-08-19T17:05:36	955	941	956	966
2021-08-19T17:06:06	956	941	956	966
2021-08-19T17:06:36	954	941	957	966
2021-08-19T17:07:06	954	942	957	966
2021-08-19T17:07:36	954	943	958	966
2021-08-19T17:08:06	953	943	958	965
2021-08-19T17:08:36	956	943	958	966
2021-08-19T17:09:06	955	944	957	965
2021-08-19T17:09:36	956	945	958	966
2021-08-19T17:10:06	953	945	957	965
2021-08-19T17:10:36	954	944	956	965
2021-08-19T17:11:06	954	945	958	966
2021-08-19T17:11:36	954	944	957	966
2021-08-19T17:12:06	956	945	958	966
2021-08-19T17:12:36	955	946	958	966
2021-08-19T17:13:06	955	946	958	966
2021-08-19T17:13:36	954	947	957	966
2021-08-19T17:14:06	954	945	956	966
2021-08-19T17:14:36	955	946	957	966
2021-08-19T17:15:06	956	946	956	966
2021-08-19T17:15:36	954	947	957	966
2021-08-19T17:16:06	954	946	956	966
2021-08-19T17:16:36	954	946	957	966
2021-08-19T17:17:06	956	946	956	966
2021-08-19T17:17:36	956	947	958	965
2021-08-19T17:18:06	956	947	957	965
2021-08-19T17:18:36	954	947	958	965
2021-08-19T17:19:06	955	948	958	965
2021-08-19T17:19:36	956	948	957	965
2021-08-19T17:20:06	955	948	958	965
2021-08-19T17:20:36	954	948	958	966
2021-08-19T17:21:06	955	948	957	965
2021-08-19T17:21:36	955	947	958	965
2021-08-19T17:22:06	955	948	958	965
2021-08-19T17:22:36	953	948	957	965
2021-08-19T17:23:06	954	947	957	965
2021-08-19T17:23:36	955	946	956	965
2021-08-19T17:24:06	955	947	958	965
2021-08-19T17:24:36	954	948	958	965
2021-08-19T17:25:06	955	947	958	965
2021-08-19T17:25:36	955	948	958	965
2021-08-19T17:26:06	954	948	958	965
2021-08-19T17:26:36	954	947	957	965
2021-08-19T17:27:06	955	948	958	965
2021-08-19T17:27:36	954	948	957	965
2021-08-19T17:28:06	954	946	956	965
2021-08-19T17:28:36	955	947	957	965
2021-08-19T17:29:06	955	947	956	965
2021-08-19T17:29:36	953	947	957	965
2021-08-19T17:30:06	954	948	958	966
2021-08-19T17:30:36	955	946	957	965
2021-08-19T17:31:06	955	947	958	965
2021-08-19T17:31:36	954	948	958	965
2021-08-19T17:32:06	955	948	957	965
2021-08-19T17:32:36	954	948	958	966
2021-08-19T17:33:06	954	948	957	966
2021-08-19T17:33:36	955	947	957	966
2021-08-19T17:34:06	956	947	958	966
2021-08-19T17:34:36	954	948	957	966
2021-08-19T17:35:06	955	947	957	965
2021-08-19T17:35:36	955	947	957	965
2021-08-19T17:36:06	955	948	957	966
2021-08-19T17:36:36	954	946	956	966
2021-08-19T17:37:06	956	948	957	965
2021-08-19T17:37:36	954	949	957	965
2021-08-19T17:38:06	955	948	956	965
2021-08-19T17:38:36	955	948	957	965
2021-08-19T17:39:06	954	949	957	965
2021-08-19T17:39:36	954	949	958	965
2021-08-19T17:40:06	956	948	958	965
2021-08-19T17:40:36	954	949	957	965
2021-08-19T17:41:06	955	949	958	965
2021-08-19T17:41:36	955	948	958	964
2021-08-19T17:42:06	955	948	957	964
2021-08-19T17:42:36	955	948	957	965
2021-08-19T17:43:06	955	947	957	964
2021-08-19T17:43:36	954	947	956	965
2021-08-19T17:44:06	956	949	958	964
2021-08-19T17:44:36	954	948	957	964
2021-08-19T17:45:06	955	947	956	965
2021-08-19T17:45:36	954	948	957	964
2021-08-19T17:46:06	852	906	949	964
2021-08-19T17:46:36	833	844	875	937
2021-08-19T17:47:06	698	718	760	880
2021-08-19T17:47:36	577	597	674	821
2021-08-19T17:48:06	520	540	637	745
2021-08-19T17:48:36	495	494	601	689
