time	T1	T2	T3	T4
2021-07-31T08:02:23	33	35	41	51
2021-07-31T08:02:53	34	35	41	50
2021-07-31T08:03:23	34	36	42	49
2021-07-31T08:03:53	35	36	42	48
2021-07-31T08:04:23	39	40	43	48
2021-07-31T08:04:53	42	42	46	48
2021-07-31T08:05:23	43	44	47	46
2021-07-31T08:05:53	46	45	48	47
2021-07-31T08:06:23	47	46	49	47
2021-07-31T08:06:53	48	46	49	47
2021-07-31T08:07:23	49	47	50	48
2021-07-31T08:07:53	51	48	50	48
2021-07-31T08:08:23	52	49	51	50
2021-07-31T08:08:53	53	51	54	51
2021-07-31T08:09:23	55	54	56	53
2021-07-31T08:09:53	56	55	57	54
2021-07-31T08:10:23	57	55	58	55
2021-07-31T08:10:53	58	56	58	56
2021-07-31T08:11:23	58	56	59	58
2021-07-31T08:11:53	59	56	59	59
2021-07-31T08:12:23	60	57	59	61
2021-07-31T08:12:53	61	60	63	63
2021-07-31T08:13:23	63	62	64	63
2021-07-31T08:13:53	63	62	65	65
2021-07-31T08:14:23	64	62	65	66
2021-07-31T08:14:53	64	62	66	68
2021-07-31T08:15:23	65	62	66	70
2021-07-31T08:15:53	67	63	68	71
2021-07-31T08:16:23	68	67	71	71
2021-07-31T08:16:53	69	68	72	74
2021-07-31T08:17:23	69	68	72	75
2021-07-31T08:17:53	69	68	72	76
2021-07-31T08:18:23	70	69	72	78
2021-07-31T08:18:53	71	72	77	78
2021-07-31T08:19:23	72	72	77	79
2021-07-31T08:19:53	72	73	78	81
2021-07-31T08:20:23	73	72	78	82
2021-07-31T08:20:53	74	73	78	83
2021-07-31T08:21:23	75	76	81	83
2021-07-31T08:21:53	76	77	82	84
2021-07-31T08:22:23	76	76	82	86
2021-07-31T08:22:53	77	76	82	87
2021-07-31T08:23:23	78	79	85	87
2021-07-31T08:23:53	80	82	87	90
2021-07-31T08:24:23	81	82	87	90
2021-07-31T08:24:53	80	82	87	91
2021-07-31T08:25:23	81	82	87	92
2021-07-31T08:25:53	83	86	91	94
2021-07-31T08:26:23	84	86	92	95
2021-07-31T08:26:53	84	86	92	95
2021-07-31T08:27:23	86	86	92	97
2021-07-31T08:27:53	92	87	93	98
2021-07-31T08:28:23	97	92	97	99
2021-07-31T08:28:53	101	93	98	101
2021-07-31T08:29:23	106	93	98	101
2021-07-31T08:29:53	109	92	98	103
2021-07-31T08:30:23	112	92	98	104
2021-07-31T08:30:53	117	96	102	105
2021-07-31T08:31:23	121	97	103	106
2021-07-31T08:31:53	124	98	103	108
2021-07-31T08:32:23	126	98	103	109
2021-07-31T08:32:53	129	98	103	110
2021-07-31T08:33:23	132	101	107	111
2021-07-31T08:33:53	135	103	109	112
2021-07-31T08:34:23	137	103	109	113
2021-07-31T08:34:53	139	103	109	114
2021-07-31T08:35:23	141	104	110	115
2021-07-31T08:35:53	145	107	113	117
2021-07-31T08:36:23	148	107	113	117
2021-07-31T08:36:53	149	107	114	119
2021-07-31T08:37:23	152	107	113	120
2021-07-31T08:37:53	154	111	117	120
2021-07-31T08:38:23	157	112	118	122
2021-07-31T08:38:53	157	113	118	123
2021-07-31T08:39:23	159	112	119	124
2021-07-31T08:39:53	160	113	119	124
2021-07-31T08:40:23	162	115	121	126
2021-07-31T08:40:53	165	116	122	127
2021-07-31T08:41:23	166	116	122	127
2021-07-31T08:41:53	169	118	122	129
2021-07-31T08:42:23	170	121	126	129
2021-07-31T08:42:53	172	121	127	131
2021-07-31T08:43:23	172	121	127	131
2021-07-31T08:43:53	173	121	127	132
2021-07-31T08:44:23	174	124	130	133
2021-07-31T08:44:53	177	126	132	134
2021-07-31T08:45:23	179	126	132	135
2021-07-31T08:45:53	180	126	131	136
2021-07-31T08:46:23	180	128	134	137
2021-07-31T08:46:53	182	129	135	138
2021-07-31T08:47:23	183	129	135	139
2021-07-31T08:47:53	183	130	137	140
2021-07-31T08:48:23	185	132	138	141
2021-07-31T08:48:53	186	132	138	142
2021-07-31T08:49:23	188	135	141	144
2021-07-31T08:49:53	190	137	143	144
2021-07-31T08:50:23	190	137	143	146
2021-07-31T08:50:53	190	136	142	147
2021-07-31T08:51:23	191	139	144	148
2021-07-31T08:51:53	193	140	146	148
2021-07-31T08:52:23	194	140	146	150
2021-07-31T08:52:53	195	142	148	150
2021-07-31T08:53:23	197	143	149	151
2021-07-31T08:53:53	199	143	149	152
2021-07-31T08:54:23	198	143	149	154
2021-07-31T08:54:53	200	147	153	154
2021-07-31T08:55:23	201	147	153	155
2021-07-31T08:55:53	202	147	153	156
2021-07-31T08:56:23	203	147	154	157
2021-07-31T08:56:53	204	151	157	158
2021-07-31T08:57:23	204	151	157	159
2021-07-31T08:57:53	204	151	157	159
2021-07-31T08:58:23	206	154	160	160
2021-07-31T08:58:53	207	155	161	163
2021-07-31T08:59:23	207	154	161	163
2021-07-31T08:59:53	209	154	161	163
2021-07-31T09:00:23	211	159	165	164
2021-07-31T09:00:53	211	159	165	166
2021-07-31T09:01:23	211	158	165	166
2021-07-31T09:01:53	213	161	167	167
2021-07-31T09:02:23	213	161	168	168
2021-07-31T09:02:53	213	162	169	170
2021-07-31T09:03:23	216	165	171	170
2021-07-31T09:03:53	217	165	171	170
2021-07-31T09:04:23	217	165	172	171
2021-07-31T09:04:53	219	167	174	172
2021-07-31T09:05:23	219	167	173	173
2021-07-31T09:05:53	220	169	176	174
2021-07-31T09:06:23	221	171	178	175
2021-07-31T09:06:53	221	171	177	176
2021-07-31T09:07:23	222	172	179	177
2021-07-31T09:07:53	223	173	179	178
2021-07-31T09:08:23	224	172	179	180
2021-07-31T09:08:53	226	176	183	181
2021-07-31T09:09:23	226	176	182	181
2021-07-31T09:09:53	227	176	183	182
2021-07-31T09:10:23	228	179	186	183
2021-07-31T09:10:53	229	179	185	185
2021-07-31T09:11:23	231	181	188	184
2021-07-31T09:11:53	232	182	188	185
2021-07-31T09:12:23	233	182	188	187
2021-07-31T09:12:53	233	185	191	188
2021-07-31T09:13:23	234	187	192	189
2021-07-31T09:13:53	234	186	192	190
2021-07-31T09:14:23	234	188	194	191
2021-07-31T09:14:53	235	188	194	192
2021-07-31T09:15:23	236	188	195	191
2021-07-31T09:15:53	237	191	198	193
2021-07-31T09:16:23	238	191	198	195
2021-07-31T09:16:53	240	191	199	194
2021-07-31T09:17:23	241	194	200	196
2021-07-31T09:17:53	241	193	200	197
2021-07-31T09:18:23	241	196	203	198
2021-07-31T09:18:53	243	198	204	199
2021-07-31T09:19:23	244	197	202	200
2021-07-31T09:19:53	245	200	205	201
2021-07-31T09:20:23	245	201	206	202
2021-07-31T09:20:53	246	200	206	203
2021-07-31T09:21:23	246	204	209	204
2021-07-31T09:21:53	248	203	210	204
2021-07-31T09:22:23	248	202	209	205
2021-07-31T09:22:53	249	206	213	206
2021-07-31T09:23:23	249	206	212	207
2021-07-31T09:23:53	250	208	212	208
2021-07-31T09:24:23	252	209	216	209
2021-07-31T09:24:53	252	209	215	210
2021-07-31T09:25:23	253	211	218	210
2021-07-31T09:25:53	254	211	218	211
2021-07-31T09:26:23	254	211	218	212
2021-07-31T09:26:53	256	215	221	213
2021-07-31T09:27:23	256	215	221	214
2021-07-31T09:27:53	258	215	221	215
2021-07-31T09:28:23	259	218	224	216
2021-07-31T09:28:53	259	217	224	217
2021-07-31T09:29:23	262	218	226	218
2021-07-31T09:29:53	261	218	226	219
2021-07-31T09:30:23	262	220	228	219
2021-07-31T09:30:53	262	221	227	221
2021-07-31T09:31:23	263	222	230	221
2021-07-31T09:31:53	264	222	230	222
2021-07-31T09:32:23	265	224	231	222
2021-07-31T09:32:53	266	225	232	224
2021-07-31T09:33:23	268	227	234	225
2021-07-31T09:33:53	267	227	234	226
2021-07-31T09:34:23	268	229	237	227
2021-07-31T09:34:53	269	229	237	228
2021-07-31T09:35:23	270	230	239	229
2021-07-31T09:35:53	271	230	239	229
2021-07-31T09:36:23	272	232	240	230
2021-07-31T09:36:53	272	232	241	231
2021-07-31T09:37:23	274	234	243	232
2021-07-31T09:37:53	275	235	244	232
2021-07-31T09:38:23	276	236	245	234
2021-07-31T09:38:53	276	236	245	234
2021-07-31T09:39:23	278	239	248	235
2021-07-31T09:39:53	277	238	247	237
2021-07-31T09:40:23	278	240	248	236
2021-07-31T09:40:53	280	242	251	238
2021-07-31T09:41:23	280	241	250	239
2021-07-31T09:41:53	280	244	253	240
2021-07-31T09:42:23	281	244	253	241
2021-07-31T09:42:53	283	246	255	242
2021-07-31T09:43:23	283	245	254	243
2021-07-31T09:43:53	285	247	257	244
2021-07-31T09:44:23	284	248	257	245
2021-07-31T09:44:53	286	251	260	245
2021-07-31T09:45:23	286	250	258	246
2021-07-31T09:45:53	287	252	262	246
2021-07-31T09:46:23	288	251	261	248
2021-07-31T09:46:53	289	254	263	249
2021-07-31T09:47:23	290	255	265	250
2021-07-31T09:47:53	290	256	265	251
2021-07-31T09:48:23	292	256	265	253
2021-07-31T09:48:53	292	257	267	252
2021-07-31T09:49:23	293	258	268	253
2021-07-31T09:49:53	293	257	267	254
2021-07-31T09:50:23	295	261	271	255
2021-07-31T09:50:53	295	260	271	256
2021-07-31T09:51:23	296	262	273	257
2021-07-31T09:51:53	295	262	272	257
2021-07-31T09:52:23	298	263	274	259
2021-07-31T09:52:53	298	265	276	259
2021-07-31T09:53:23	299	265	276	262
2021-07-31T09:53:53	299	267	279	262
2021-07-31T09:54:23	301	268	279	263
2021-07-31T09:54:53	302	269	280	263
2021-07-31T09:55:23	303	269	280	264
2021-07-31T09:55:53	303	271	283	265
2021-07-31T09:56:23	304	270	282	267
2021-07-31T09:56:53	305	273	285	267
2021-07-31T09:57:23	304	272	284	268
2021-07-31T09:57:53	306	275	286	269
2021-07-31T09:58:23	306	275	287	270
2021-07-31T09:58:53	308	277	289	271
2021-07-31T09:59:23	308	277	289	272
2021-07-31T09:59:53	310	278	290	273
2021-07-31T10:00:23	309	280	291	273
2021-07-31T10:00:53	311	280	292	275
2021-07-31T10:01:23	311	282	295	275
2021-07-31T10:01:53	312	282	293	277
2021-07-31T10:02:23	313	283	296	277
2021-07-31T10:02:53	314	283	296	279
2021-07-31T10:03:23	314	285	299	279
2021-07-31T10:03:53	314	286	297	281
2021-07-31T10:04:23	316	288	301	281
2021-07-31T10:04:53	316	287	300	282
2021-07-31T10:05:23	317	288	301	283
2021-07-31T10:05:53	318	291	304	284
2021-07-31T10:06:23	320	291	305	285
2021-07-31T10:06:53	320	293	306	286
2021-07-31T10:07:23	321	294	306	287
2021-07-31T10:07:53	321	293	307	288
2021-07-31T10:08:23	322	295	309	289
2021-07-31T10:08:53	322	295	309	289
2021-07-31T10:09:23	324	298	311	290
2021-07-31T10:09:53	325	299	311	292
2021-07-31T10:10:23	325	300	314	292
2021-07-31T10:10:53	326	299	313	294
2021-07-31T10:11:23	327	301	315	294
2021-07-31T10:11:53	328	303	317	296
2021-07-31T10:12:23	329	303	317	296
2021-07-31T10:12:53	329	303	317	297
2021-07-31T10:13:23	331	306	321	299
2021-07-31T10:13:53	331	306	320	299
2021-07-31T10:14:23	332	309	323	300
2021-07-31T10:14:53	332	307	321	300
2021-07-31T10:15:23	334	309	323	301
2021-07-31T10:15:53	334	310	324	302
2021-07-31T10:16:23	335	313	326	303
2021-07-31T10:16:53	336	311	325	304
2021-07-31T10:17:23	337	314	328	306
2021-07-31T10:17:53	337	314	331	306
2021-07-31T10:18:23	338	315	329	307
2021-07-31T10:18:53	338	316	331	308
2021-07-31T10:19:23	339	316	332	309
2021-07-31T10:19:53	340	317	333	310
2021-07-31T10:20:23	341	319	335	310
2021-07-31T10:20:53	342	319	335	312
2021-07-31T10:21:23	343	320	336	312
2021-07-31T10:21:53	344	320	336	314
2021-07-31T10:22:23	344	322	339	315
2021-07-31T10:22:53	345	323	340	315
2021-07-31T10:23:23	346	323	341	316
2021-07-31T10:23:53	345	324	342	318
2021-07-31T10:24:23	347	325	342	318
2021-07-31T10:24:53	348	326	344	318
2021-07-31T10:25:23	348	328	344	320
2021-07-31T10:25:53	350	329	346	320
2021-07-31T10:26:23	350	329	348	320
2021-07-31T10:26:53	350	330	347	322
2021-07-31T10:27:23	351	332	351	323
2021-07-31T10:27:53	353	332	349	324
2021-07-31T10:28:23	354	335	353	324
2021-07-31T10:28:53	354	334	351	326
2021-07-31T10:29:23	355	336	354	327
2021-07-31T10:29:53	356	337	355	327
2021-07-31T10:30:23	356	337	355	329
2021-07-31T10:30:53	357	339	357	330
2021-07-31T10:31:23	358	339	358	331
2021-07-31T10:31:53	358	340	358	332
2021-07-31T10:32:23	359	342	361	332
2021-07-31T10:32:53	360	342	361	334
2021-07-31T10:33:23	356	343	361	335
2021-07-31T10:33:53	359	347	364	336
2021-07-31T10:34:23	361	346	364	337
2021-07-31T10:34:53	362	346	364	337
2021-07-31T10:35:23	365	349	367	338
2021-07-31T10:35:53	365	349	368	340
2021-07-31T10:36:23	365	349	368	341
2021-07-31T10:36:53	366	350	369	343
2021-07-31T10:37:23	367	352	371	343
2021-07-31T10:37:53	368	353	372	344
2021-07-31T10:38:23	368	352	372	345
2021-07-31T10:38:53	368	354	373	346
2021-07-31T10:39:23	370	357	376	347
2021-07-31T10:39:53	371	355	375	348
2021-07-31T10:40:23	372	357	376	349
2021-07-31T10:40:53	375	358	377	350
2021-07-31T10:41:23	376	360	380	351
2021-07-31T10:41:53	377	361	381	352
2021-07-31T10:42:23	377	362	382	353
2021-07-31T10:42:53	377	362	383	355
2021-07-31T10:43:23	380	363	383	356
2021-07-31T10:43:53	378	364	384	356
2021-07-31T10:44:23	382	367	386	358
2021-07-31T10:44:53	384	368	387	359
2021-07-31T10:45:23	385	368	386	361
2021-07-31T10:45:53	384	369	389	362
2021-07-31T10:46:23	386	370	390	363
2021-07-31T10:46:53	385	370	390	364
2021-07-31T10:47:23	388	373	391	365
2021-07-31T10:47:53	389	375	394	366
2021-07-31T10:48:23	388	374	393	367
2021-07-31T10:48:53	392	376	396	369
2021-07-31T10:49:23	394	378	396	371
2021-07-31T10:49:53	393	378	398	372
2021-07-31T10:50:23	393	378	397	373
2021-07-31T10:50:53	395	379	400	373
2021-07-31T10:51:23	395	382	401	375
2021-07-31T10:51:53	398	382	402	375
2021-07-31T10:52:23	397	382	403	377
2021-07-31T10:52:53	400	384	404	378
2021-07-31T10:53:23	400	385	404	379
2021-07-31T10:53:53	399	385	404	382
2021-07-31T10:54:23	403	388	407	382
2021-07-31T10:54:53	402	388	407	385
2021-07-31T10:55:23	407	389	409	386
2021-07-31T10:55:53	407	392	410	387
2021-07-31T10:56:23	407	392	411	389
2021-07-31T10:56:53	408	393	413	390
2021-07-31T10:57:23	409	394	414	391
2021-07-31T10:57:53	411	394	415	392
2021-07-31T10:58:23	412	396	416	392
2021-07-31T10:58:53	413	395	415	392
2021-07-31T10:59:23	413	397	418	393
2021-07-31T10:59:53	413	396	416	394
2021-07-31T11:00:23	417	399	419	396
2021-07-31T11:00:53	417	400	421	396
2021-07-31T11:01:23	417	402	423	397
2021-07-31T11:01:53	419	400	422	397
2021-07-31T11:02:23	420	401	423	398
2021-07-31T11:02:53	421	404	426	400
2021-07-31T11:03:23	421	403	426	400
2021-07-31T11:03:53	423	405	427	402
2021-07-31T11:04:23	424	406	429	403
2021-07-31T11:04:53	424	407	429	403
2021-07-31T11:05:23	427	408	431	405
2021-07-31T11:05:53	428	408	430	406
2021-07-31T11:06:23	427	411	434	407
2021-07-31T11:06:53	429	412	433	407
2021-07-31T11:07:23	430	414	434	408
2021-07-31T11:07:53	431	413	435	410
2021-07-31T11:08:23	432	415	438	411
2021-07-31T11:08:53	435	415	437	413
2021-07-31T11:09:23	436	416	438	413
2021-07-31T11:09:53	436	418	438	414
2021-07-31T11:10:23	436	419	441	415
2021-07-31T11:10:53	439	420	442	417
2021-07-31T11:11:23	438	420	441	419
2021-07-31T11:11:53	441	422	445	418
2021-07-31T11:12:23	441	423	444	420
2021-07-31T11:12:53	443	424	447	420
2021-07-31T11:13:23	443	424	446	423
2021-07-31T11:13:53	445	427	449	424
2021-07-31T11:14:23	446	427	449	425
2021-07-31T11:14:53	446	430	451	425
2021-07-31T11:15:23	447	428	450	426
2021-07-31T11:15:53	449	431	454	427
2021-07-31T11:16:23	448	432	454	429
2021-07-31T11:16:53	451	433	456	430
2021-07-31T11:17:23	451	434	455	430
2021-07-31T11:17:53	455	436	457	432
2021-07-31T11:18:23	455	436	457	433
2021-07-31T11:18:53	454	438	460	434
2021-07-31T11:19:23	456	437	459	435
2021-07-31T11:19:53	459	440	461	436
2021-07-31T11:20:23	457	441	463	438
2021-07-31T11:20:53	460	441	464	439
2021-07-31T11:21:23	459	441	463	440
2021-07-31T11:21:53	462	444	467	442
2021-07-31T11:22:23	463	443	465	443
2021-07-31T11:22:53	464	447	467	443
2021-07-31T11:23:23	466	446	468	444
2021-07-31T11:23:53	466	448	470	446
2021-07-31T11:24:23	467	449	470	447
2021-07-31T11:24:53	466	450	471	449
2021-07-31T11:25:23	469	451	474	449
2021-07-31T11:25:53	470	453	475	451
2021-07-31T11:26:23	471	453	476	452
2021-07-31T11:26:53	473	454	475	453
2021-07-31T11:27:23	472	455	478	455
2021-07-31T11:27:53	475	457	478	457
2021-07-31T11:28:23	475	459	480	458
2021-07-31T11:28:53	477	458	480	459
2021-07-31T11:29:23	478	461	483	460
2021-07-31T11:29:53	479	461	482	462
2021-07-31T11:30:23	476	462	483	463
2021-07-31T11:30:53	482	463	484	463
2021-07-31T11:31:23	480	465	487	466
2021-07-31T11:31:53	484	466	487	466
2021-07-31T11:32:23	482	465	487	469
2021-07-31T11:32:53	486	468	489	470
2021-07-31T11:33:23	485	467	490	470
2021-07-31T11:33:53	488	470	492	472
2021-07-31T11:34:23	488	470	492	474
2021-07-31T11:34:53	490	472	494	475
2021-07-31T11:35:23	489	471	493	476
2021-07-31T11:35:53	491	474	496	476
2021-07-31T11:36:23	492	475	498	477
2021-07-31T11:36:53	494	474	496	479
2021-07-31T11:37:23	495	476	500	479
2021-07-31T11:37:53	495	477	499	481
2021-07-31T11:38:23	497	477	502	481
2021-07-31T11:38:53	498	478	501	482
2021-07-31T11:39:23	501	478	502	484
2021-07-31T11:39:53	499	478	503	485
2021-07-31T11:40:23	501	482	506	486
2021-07-31T11:40:53	501	481	505	487
2021-07-31T11:41:23	503	483	508	487
2021-07-31T11:41:53	506	482	507	488
2021-07-31T11:42:23	505	486	510	490
2021-07-31T11:42:53	505	486	509	491
2021-07-31T11:43:23	508	488	513	493
2021-07-31T11:43:53	508	487	512	494
2021-07-31T11:44:23	510	490	514	495
2021-07-31T11:44:53	511	490	516	498
2021-07-31T11:45:23	512	490	514	500
2021-07-31T11:45:53	512	491	517	502
2021-07-31T11:46:23	513	492	516	505
2021-07-31T11:46:53	514	494	519	505
2021-07-31T11:47:23	516	494	519	506
2021-07-31T11:47:53	516	496	522	508
2021-07-31T11:48:23	520	496	520	511
2021-07-31T11:48:53	518	498	524	511
2021-07-31T11:49:23	521	499	525	513
2021-07-31T11:49:53	521	499	525	514
2021-07-31T11:50:23	521	501	528	514
2021-07-31T11:50:53	524	500	526	516
2021-07-31T11:51:23	525	502	527	515
2021-07-31T11:51:53	524	504	530	518
2021-07-31T11:52:23	528	504	529	519
2021-07-31T11:52:53	529	504	530	520
2021-07-31T11:53:23	529	506	533	522
2021-07-31T11:53:53	530	508	533	522
2021-07-31T11:54:23	531	509	534	523
2021-07-31T11:54:53	532	510	537	525
2021-07-31T11:55:23	533	509	536	526
2021-07-31T11:55:53	533	510	538	526
2021-07-31T11:56:23	535	513	541	527
2021-07-31T11:56:53	537	511	539	528
2021-07-31T11:57:23	538	513	541	528
2021-07-31T11:57:53	540	515	543	530
2021-07-31T11:58:23	539	515	545	531
2021-07-31T11:58:53	540	514	543	532
2021-07-31T11:59:23	541	516	545	532
2021-07-31T11:59:53	543	518	547	534
2021-07-31T12:00:23	542	519	548	535
2021-07-31T12:00:53	546	521	550	537
2021-07-31T12:01:23	546	520	549	537
2021-07-31T12:01:53	547	522	551	539
2021-07-31T12:02:23	548	523	552	540
2021-07-31T12:02:53	549	522	552	540
2021-07-31T12:03:23	550	524	554	541
2021-07-31T12:03:53	552	526	556	543
2021-07-31T12:04:23	552	527	557	543
2021-07-31T12:04:53	553	528	557	544
2021-07-31T12:05:23	553	528	559	545
2021-07-31T12:05:53	555	528	558	546
2021-07-31T12:06:23	557	531	560	546
2021-07-31T12:06:53	556	533	562	548
2021-07-31T12:07:23	559	533	563	548
2021-07-31T12:07:53	560	533	563	550
2021-07-31T12:08:23	560	534	565	550
2021-07-31T12:08:53	564	535	566	550
2021-07-31T12:09:23	562	537	568	552
2021-07-31T12:09:53	565	537	568	554
2021-07-31T12:10:23	566	538	569	553
2021-07-31T12:10:53	565	539	570	554
2021-07-31T12:11:23	568	541	572	556
2021-07-31T12:11:53	569	542	573	558
2021-07-31T12:12:23	568	542	574	560
2021-07-31T12:12:53	571	543	573	559
2021-07-31T12:13:23	572	544	575	561
2021-07-31T12:13:53	572	545	576	563
2021-07-31T12:14:23	572	547	579	565
2021-07-31T12:14:53	575	547	579	564
2021-07-31T12:15:23	578	550	581	567
2021-07-31T12:15:53	578	548	579	566
2021-07-31T12:16:23	579	549	582	568
2021-07-31T12:16:53	580	551	583	569
2021-07-31T12:17:23	580	552	585	572
2021-07-31T12:17:53	582	553	586	572
2021-07-31T12:18:23	582	553	586	573
2021-07-31T12:18:53	583	555	587	575
2021-07-31T12:19:23	585	555	589	577
2021-07-31T12:19:53	585	556	589	576
2021-07-31T12:20:23	587	557	591	578
2021-07-31T12:20:53	588	560	592	580
2021-07-31T12:21:23	588	560	593	579
2021-07-31T12:21:53	591	561	595	582
2021-07-31T12:22:23	592	562	596	583
2021-07-31T12:22:53	592	562	596	584
2021-07-31T12:23:23	593	564	598	586
2021-07-31T12:23:53	595	565	598	585
2021-07-31T12:24:23	596	566	599	586
2021-07-31T12:24:53	596	567	601	587
2021-07-31T12:25:23	597	567	600	589
2021-07-31T12:25:53	598	568	601	589
2021-07-31T12:26:23	600	569	603	592
2021-07-31T12:26:53	600	570	604	593
2021-07-31T12:27:23	601	571	605	594
2021-07-31T12:27:53	604	573	606	596
2021-07-31T12:28:23	604	573	607	597
2021-07-31T12:28:53	606	575	608	598
2021-07-31T12:29:23	607	575	609	599
2021-07-31T12:29:53	608	576	610	600
2021-07-31T12:30:23	609	577	611	601
2021-07-31T12:30:53	610	578	613	602
2021-07-31T12:31:23	611	579	613	604
2021-07-31T12:31:53	611	580	615	604
2021-07-31T12:32:23	613	581	616	605
2021-07-31T12:32:53	614	582	616	606
2021-07-31T12:33:23	615	583	617	608
2021-07-31T12:33:53	616	584	618	609
2021-07-31T12:34:23	618	585	619	610
2021-07-31T12:34:53	619	586	620	611
2021-07-31T12:35:23	620	587	622	613
2021-07-31T12:35:53	621	588	623	614
2021-07-31T12:36:23	622	587	617	614
2021-07-31T12:36:53	621	586	609	614
2021-07-31T12:37:23	623	585	603	614
2021-07-31T12:37:53	624	585	600	612
2021-07-31T12:38:23	624	585	597	612
2021-07-31T12:38:53	626	585	595	611
2021-07-31T12:39:23	627	585	592	610
2021-07-31T12:39:53	629	586	591	611
2021-07-31T12:40:23	631	586	590	610
2021-07-31T12:40:53	630	585	591	610
2021-07-31T12:41:23	631	589	600	611
2021-07-31T12:41:53	633	591	605	613
2021-07-31T12:42:23	635	593	611	616
2021-07-31T12:42:53	636	595	615	618
2021-07-31T12:43:23	636	597	618	619
2021-07-31T12:43:53	637	598	621	623
2021-07-31T12:44:23	638	599	624	625
2021-07-31T12:44:53	641	600	626	625
2021-07-31T12:45:23	642	601	628	626
2021-07-31T12:45:53	641	603	630	628
2021-07-31T12:46:23	643	604	632	631
2021-07-31T12:46:53	643	605	633	633
2021-07-31T12:47:23	647	606	635	635
2021-07-31T12:47:53	646	607	637	636
2021-07-31T12:48:23	648	608	638	636
2021-07-31T12:48:53	647	609	640	639
2021-07-31T12:49:23	650	610	641	639
2021-07-31T12:49:53	652	612	643	640
2021-07-31T12:50:23	652	612	644	642
2021-07-31T12:50:53	653	613	645	643
2021-07-31T12:51:23	655	614	647	644
2021-07-31T12:51:53	655	616	648	644
2021-07-31T12:52:23	655	616	649	645
2021-07-31T12:52:53	657	618	650	648
2021-07-31T12:53:23	658	619	652	649
2021-07-31T12:53:53	659	619	653	650
2021-07-31T12:54:23	660	620	653	651
2021-07-31T12:54:53	662	622	655	652
2021-07-31T12:55:23	663	623	656	655
2021-07-31T12:55:53	664	624	658	656
2021-07-31T12:56:23	664	624	658	658
2021-07-31T12:56:53	666	626	659	658
2021-07-31T12:57:23	665	627	660	658
2021-07-31T12:57:53	668	627	661	660
2021-07-31T12:58:23	668	629	662	662
2021-07-31T12:58:53	669	629	663	662
2021-07-31T12:59:23	670	630	664	663
2021-07-31T12:59:53	671	632	665	664
2021-07-31T13:00:23	674	632	666	666
2021-07-31T13:00:53	674	634	667	666
2021-07-31T13:01:23	673	634	668	666
2021-07-31T13:01:53	675	635	669	669
2021-07-31T13:02:23	677	636	670	669
2021-07-31T13:02:53	677	637	671	671
2021-07-31T13:03:23	679	639	672	671
2021-07-31T13:03:53	681	639	673	673
2021-07-31T13:04:23	681	640	674	674
2021-07-31T13:04:53	682	641	675	676
2021-07-31T13:05:23	683	642	676	676
2021-07-31T13:05:53	685	643	677	677
2021-07-31T13:06:23	685	644	678	680
2021-07-31T13:06:53	688	646	678	680
2021-07-31T13:07:23	686	646	674	682
2021-07-31T13:07:53	689	644	666	682
2021-07-31T13:08:23	689	643	661	678
2021-07-31T13:08:53	692	645	660	677
2021-07-31T13:09:23	693	643	655	678
2021-07-31T13:09:53	693	643	653	678
2021-07-31T13:10:23	695	643	652	678
2021-07-31T13:10:53	695	644	650	679
2021-07-31T13:11:23	697	644	649	676
2021-07-31T13:11:53	697	644	649	676
2021-07-31T13:12:23	700	647	657	679
2021-07-31T13:12:53	698	649	664	682
2021-07-31T13:13:23	702	652	668	684
2021-07-31T13:13:53	702	653	672	685
2021-07-31T13:14:23	702	655	675	686
2021-07-31T13:14:53	705	656	677	689
2021-07-31T13:15:23	704	657	679	691
2021-07-31T13:15:53	705	659	682	694
2021-07-31T13:16:23	708	660	684	694
2021-07-31T13:16:53	707	661	686	697
2021-07-31T13:17:23	711	662	687	698
2021-07-31T13:17:53	711	663	689	699
2021-07-31T13:18:23	712	664	691	700
2021-07-31T13:18:53	713	665	692	703
2021-07-31T13:19:23	713	666	694	703
2021-07-31T13:19:53	714	667	695	704
2021-07-31T13:20:23	715	668	696	706
2021-07-31T13:20:53	717	670	698	708
2021-07-31T13:21:23	719	670	698	709
2021-07-31T13:21:53	719	672	700	709
2021-07-31T13:22:23	720	673	702	711
2021-07-31T13:22:53	721	674	703	713
2021-07-31T13:23:23	720	675	704	714
2021-07-31T13:23:53	723	676	705	713
2021-07-31T13:24:23	723	677	706	715
2021-07-31T13:24:53	726	678	707	717
2021-07-31T13:25:23	723	678	709	717
2021-07-31T13:25:53	728	679	710	719
2021-07-31T13:26:23	728	680	711	720
2021-07-31T13:26:53	731	681	712	720
2021-07-31T13:27:23	729	684	713	721
2021-07-31T13:27:53	731	683	714	723
2021-07-31T13:28:23	734	684	715	725
2021-07-31T13:28:53	733	686	716	725
2021-07-31T13:29:23	735	687	717	726
2021-07-31T13:29:53	735	688	718	729
2021-07-31T13:30:23	737	689	718	728
2021-07-31T13:30:53	737	690	719	730
2021-07-31T13:31:23	740	691	720	731
2021-07-31T13:31:53	741	692	721	732
2021-07-31T13:32:23	742	693	723	732
2021-07-31T13:32:53	743	693	723	734
2021-07-31T13:33:23	744	694	724	735
2021-07-31T13:33:53	745	695	725	736
2021-07-31T13:34:23	745	696	726	737
2021-07-31T13:34:53	748	697	726	737
2021-07-31T13:35:23	748	698	728	738
2021-07-31T13:35:53	747	699	729	741
2021-07-31T13:36:23	750	700	729	739
2021-07-31T13:36:53	751	701	731	742
2021-07-31T13:37:23	752	702	732	742
2021-07-31T13:37:53	753	703	732	746
2021-07-31T13:38:23	755	704	734	746
2021-07-31T13:38:53	754	705	734	745
2021-07-31T13:39:23	758	705	736	747
2021-07-31T13:39:53	757	705	728	747
2021-07-31T13:40:23	758	704	723	745
2021-07-31T13:40:53	760	703	719	743
2021-07-31T13:41:23	761	703	716	743
2021-07-31T13:41:53	761	704	714	744
2021-07-31T13:42:23	762	703	712	743
2021-07-31T13:42:53	764	704	711	743
2021-07-31T13:43:23	766	704	710	744
2021-07-31T13:43:53	767	705	709	743
2021-07-31T13:44:23	765	706	711	745
2021-07-31T13:44:53	769	708	717	746
2021-07-31T13:45:23	769	711	725	749
2021-07-31T13:45:53	771	713	728	751
2021-07-31T13:46:23	770	714	731	754
2021-07-31T13:46:53	773	715	735	756
2021-07-31T13:47:23	773	716	737	754
2021-07-31T13:47:53	775	717	739	759
2021-07-31T13:48:23	776	718	741	760
2021-07-31T13:48:53	776	720	742	760
2021-07-31T13:49:23	778	721	744	761
2021-07-31T13:49:53	779	721	745	764
2021-07-31T13:50:23	780	723	747	766
2021-07-31T13:50:53	780	724	748	766
2021-07-31T13:51:23	782	725	750	767
2021-07-31T13:51:53	784	726	751	768
2021-07-31T13:52:23	785	727	752	770
2021-07-31T13:52:53	784	727	754	772
2021-07-31T13:53:23	786	728	755	771
2021-07-31T13:53:53	787	730	756	774
2021-07-31T13:54:23	789	730	757	775
2021-07-31T13:54:53	790	732	758	776
2021-07-31T13:55:23	790	732	759	777
2021-07-31T13:55:53	792	734	760	781
2021-07-31T13:56:23	793	735	761	780
2021-07-31T13:56:53	794	736	762	781
2021-07-31T13:57:23	795	736	763	782
2021-07-31T13:57:53	796	738	764	783
2021-07-31T13:58:23	797	738	765	785
2021-07-31T13:58:53	797	739	766	786
2021-07-31T13:59:23	798	740	767	787
2021-07-31T13:59:53	799	742	768	786
2021-07-31T14:00:23	800	742	768	788
2021-07-31T14:00:54	801	743	770	789
2021-07-31T14:01:24	802	744	770	791
2021-07-31T14:01:54	803	745	771	790
2021-07-31T14:02:24	803	745	772	791
2021-07-31T14:02:54	804	746	772	793
2021-07-31T14:03:24	805	746	774	793
2021-07-31T14:03:54	807	747	774	794
2021-07-31T14:04:24	807	749	775	794
2021-07-31T14:04:54	808	750	775	796
2021-07-31T14:05:24	809	751	776	796
2021-07-31T14:05:54	811	751	777	798
2021-07-31T14:06:24	812	752	778	798
2021-07-31T14:06:54	811	753	780	798
2021-07-31T14:07:24	813	754	779	799
2021-07-31T14:07:54	814	755	782	800
2021-07-31T14:08:24	815	755	782	802
2021-07-31T14:08:54	816	756	781	800
2021-07-31T14:09:24	816	755	773	801
2021-07-31T14:09:54	816	754	768	800
2021-07-31T14:10:24	816	753	764	797
2021-07-31T14:10:54	817	753	762	796
2021-07-31T14:11:24	816	753	760	795
2021-07-31T14:11:54	818	753	758	795
2021-07-31T14:12:24	818	754	758	795
2021-07-31T14:12:54	819	754	757	794
2021-07-31T14:13:24	820	755	756	795
2021-07-31T14:13:54	820	757	760	794
2021-07-31T14:14:24	822	759	768	795
2021-07-31T14:14:54	823	761	773	797
2021-07-31T14:15:24	822	762	776	800
2021-07-31T14:15:54	825	763	778	804
2021-07-31T14:16:24	826	764	781	804
2021-07-31T14:16:54	827	765	783	805
2021-07-31T14:17:24	828	766	784	807
2021-07-31T14:17:54	828	766	787	809
2021-07-31T14:18:24	828	767	787	810
2021-07-31T14:18:54	830	769	789	812
2021-07-31T14:19:24	831	769	790	812
2021-07-31T14:19:54	831	770	792	812
2021-07-31T14:20:24	832	771	793	816
2021-07-31T14:20:54	835	772	794	815
2021-07-31T14:21:24	834	773	795	817
2021-07-31T14:21:54	836	773	797	817
2021-07-31T14:22:24	836	774	797	818
2021-07-31T14:22:54	837	775	798	820
2021-07-31T14:23:24	838	775	799	821
2021-07-31T14:23:54	839	776	801	823
2021-07-31T14:24:24	840	777	802	823
2021-07-31T14:24:54	841	778	802	823
2021-07-31T14:25:24	842	779	803	825
2021-07-31T14:25:54	843	780	805	825
2021-07-31T14:26:24	844	780	805	827
2021-07-31T14:26:54	845	781	806	829
2021-07-31T14:27:24	846	781	807	829
2021-07-31T14:27:54	847	782	808	830
2021-07-31T14:28:24	847	784	809	831
2021-07-31T14:28:54	848	784	810	831
2021-07-31T14:29:24	850	785	810	834
2021-07-31T14:29:54	850	786	811	834
2021-07-31T14:30:24	851	787	812	836
2021-07-31T14:30:54	852	787	813	837
2021-07-31T14:31:24	853	788	814	837
2021-07-31T14:31:54	854	789	815	838
2021-07-31T14:32:24	855	790	816	840
2021-07-31T14:32:54	856	790	817	839
2021-07-31T14:33:24	857	791	817	842
2021-07-31T14:33:54	858	792	819	841
2021-07-31T14:34:24	859	793	820	844
2021-07-31T14:34:54	860	794	821	844
2021-07-31T14:35:24	861	794	822	846
2021-07-31T14:35:54	862	795	823	847
2021-07-31T14:36:24	864	796	824	848
2021-07-31T14:36:54	864	794	819	849
2021-07-31T14:37:24	865	793	812	847
2021-07-31T14:37:54	866	793	809	845
2021-07-31T14:38:24	867	794	807	844
2021-07-31T14:38:54	868	793	805	845
2021-07-31T14:39:24	866	794	803	844
2021-07-31T14:39:54	868	793	803	845
2021-07-31T14:40:24	869	794	802	844
2021-07-31T14:40:54	871	794	801	845
2021-07-31T14:41:24	870	795	804	845
2021-07-31T14:41:54	872	797	810	846
2021-07-31T14:42:24	874	799	815	849
2021-07-31T14:42:54	874	801	820	850
2021-07-31T14:43:24	876	802	822	854
2021-07-31T14:43:54	877	803	824	854
2021-07-31T14:44:24	878	804	827	858
2021-07-31T14:44:54	880	805	829	859
2021-07-31T14:45:24	880	806	831	861
2021-07-31T14:45:54	880	808	832	861
2021-07-31T14:46:24	882	808	834	863
2021-07-31T14:46:54	882	810	835	862
2021-07-31T14:47:24	884	810	837	866
2021-07-31T14:47:54	885	811	838	868
2021-07-31T14:48:24	887	813	840	869
2021-07-31T14:48:54	887	813	841	870
2021-07-31T14:49:24	888	814	842	871
2021-07-31T14:49:54	890	815	844	872
2021-07-31T14:50:24	890	816	845	873
2021-07-31T14:50:54	892	817	846	875
2021-07-31T14:51:24	893	818	847	876
2021-07-31T14:51:54	894	819	848	876
2021-07-31T14:52:24	895	819	849	878
2021-07-31T14:52:54	895	821	850	879
2021-07-31T14:53:24	897	821	852	880
2021-07-31T14:53:54	898	822	853	880
2021-07-31T14:54:24	899	823	854	880
2021-07-31T14:54:54	900	824	855	883
2021-07-31T14:55:24	901	825	856	884
2021-07-31T14:55:54	901	826	857	884
2021-07-31T14:56:24	903	828	858	886
2021-07-31T14:56:54	905	828	859	886
2021-07-31T14:57:24	906	829	860	888
2021-07-31T14:57:54	905	830	862	889
2021-07-31T14:58:24	907	831	863	890
2021-07-31T14:58:54	909	832	864	892
2021-07-31T14:59:24	909	833	865	893
2021-07-31T14:59:54	910	834	867	893
2021-07-31T15:00:24	912	835	868	894
2021-07-31T15:00:54	913	836	868	896
2021-07-31T15:01:24	914	837	870	898
2021-07-31T15:01:54	915	838	871	900
2021-07-31T15:02:24	916	839	872	900
2021-07-31T15:02:54	917	840	873	901
2021-07-31T15:03:24	918	840	874	901
2021-07-31T15:03:54	920	842	872	903
2021-07-31T15:04:24	920	841	867	903
2021-07-31T15:04:54	921	841	862	902
2021-07-31T15:05:24	922	840	860	900
2021-07-31T15:05:54	923	841	858	901
2021-07-31T15:06:24	924	841	857	898
2021-07-31T15:06:54	924	841	856	899
2021-07-31T15:07:24	925	842	855	901
2021-07-31T15:07:54	926	842	854	901
2021-07-31T15:08:24	927	843	854	901
2021-07-31T15:08:54	929	844	858	902
2021-07-31T15:09:24	930	847	865	902
2021-07-31T15:09:54	931	848	869	906
2021-07-31T15:10:24	932	851	873	908
2021-07-31T15:10:54	933	852	876	912
2021-07-31T15:11:24	934	854	878	913
2021-07-31T15:11:54	935	854	880	913
2021-07-31T15:12:24	936	856	883	916
2021-07-31T15:12:54	938	857	884	917
2021-07-31T15:13:24	939	858	886	919
2021-07-31T15:13:54	940	859	889	921
2021-07-31T15:14:24	941	861	891	921
2021-07-31T15:14:54	942	861	892	923
2021-07-31T15:15:24	943	863	894	925
2021-07-31T15:15:54	945	864	895	927
2021-07-31T15:16:24	946	866	896	928
2021-07-31T15:16:54	947	867	898	930
2021-07-31T15:17:24	948	868	899	932
2021-07-31T15:17:54	949	869	901	933
2021-07-31T15:18:24	951	870	902	933
2021-07-31T15:18:54	951	871	904	934
2021-07-31T15:19:24	953	873	905	936
2021-07-31T15:19:54	954	874	906	936
2021-07-31T15:20:24	953	874	907	938
2021-07-31T15:20:54	954	876	909	940
2021-07-31T15:21:24	953	877	910	938
2021-07-31T15:21:54	954	877	911	940
2021-07-31T15:22:24	953	879	912	941
2021-07-31T15:22:54	953	880	914	941
2021-07-31T15:23:24	953	881	914	941
2021-07-31T15:23:54	954	882	916	941
2021-07-31T15:24:24	953	883	917	943
2021-07-31T15:24:54	954	884	918	943
2021-07-31T15:25:24	953	885	919	943
2021-07-31T15:25:54	954	886	920	943
2021-07-31T15:26:24	953	887	921	944
2021-07-31T15:26:54	954	888	922	945
2021-07-31T15:27:24	953	889	923	944
2021-07-31T15:27:54	953	890	924	945
2021-07-31T15:28:24	954	891	926	945
2021-07-31T15:28:54	955	892	926	945
2021-07-31T15:29:24	953	893	927	944
2021-07-31T15:29:54	953	895	929	946
2021-07-31T15:30:24	954	896	929	947
2021-07-31T15:30:54	954	896	930	947
2021-07-31T15:31:24	954	898	931	947
2021-07-31T15:31:54	953	899	932	948
2021-07-31T15:32:24	954	900	933	948
2021-07-31T15:32:54	954	901	934	949
2021-07-31T15:33:24	954	903	935	948
2021-07-31T15:33:54	955	904	936	949
2021-07-31T15:34:24	953	905	937	948
2021-07-31T15:34:54	954	906	938	951
2021-07-31T15:35:24	955	908	940	952
2021-07-31T15:35:54	954	909	940	952
2021-07-31T15:36:24	955	910	941	954
2021-07-31T15:36:54	954	911	942	954
2021-07-31T15:37:24	954	912	943	955
2021-07-31T15:37:54	953	913	939	955
2021-07-31T15:38:24	955	912	933	954
2021-07-31T15:38:54	954	912	930	953
2021-07-31T15:39:24	955	912	928	951
2021-07-31T15:39:54	955	912	925	949
2021-07-31T15:40:24	954	913	924	948
2021-07-31T15:40:54	955	913	923	947
2021-07-31T15:41:24	954	913	922	946
2021-07-31T15:41:54	955	913	924	946
2021-07-31T15:42:24	954	916	929	947
2021-07-31T15:42:54	955	918	935	949
2021-07-31T15:43:24	954	920	939	952
2021-07-31T15:43:54	953	922	941	955
2021-07-31T15:44:24	955	923	943	955
2021-07-31T15:44:54	954	924	946	957
2021-07-31T15:45:24	955	926	947	959
2021-07-31T15:45:54	955	927	948	959
2021-07-31T15:46:24	955	928	950	960
2021-07-31T15:46:54	954	929	951	962
2021-07-31T15:47:24	953	931	953	963
2021-07-31T15:47:54	955	931	954	964
2021-07-31T15:48:24	954	932	955	963
2021-07-31T15:48:54	955	934	956	964
2021-07-31T15:49:24	955	935	957	965
2021-07-31T15:49:54	954	935	956	965
2021-07-31T15:50:24	955	935	957	966
2021-07-31T15:50:54	955	935	957	966
2021-07-31T15:51:24	954	936	957	966
2021-07-31T15:51:54	955	936	957	967
2021-07-31T15:52:24	955	936	956	968
2021-07-31T15:52:54	954	936	958	968
2021-07-31T15:53:24	955	937	956	968
2021-07-31T15:53:54	954	937	956	968
2021-07-31T15:54:24	954	938	956	968
2021-07-31T15:54:54	953	938	956	969
2021-07-31T15:55:24	955	938	956	969
2021-07-31T15:55:54	954	939	957	969
2021-07-31T15:56:24	955	940	956	969
2021-07-31T15:56:54	956	940	958	970
2021-07-31T15:57:24	956	941	959	971
2021-07-31T15:57:54	955	940	958	970
2021-07-31T15:58:24	954	940	956	971
2021-07-31T15:58:54	954	941	957	970
2021-07-31T15:59:24	954	941	957	971
2021-07-31T15:59:54	953	942	957	970
2021-07-31T16:00:24	955	942	957	972
2021-07-31T16:00:54	954	941	956	971
2021-07-31T16:01:24	955	942	956	971
2021-07-31T16:01:54	954	942	957	971
2021-07-31T16:02:24	954	944	958	971
2021-07-31T16:02:54	954	945	958	972
2021-07-31T16:03:24	953	944	958	972
2021-07-31T16:03:54	955	946	958	971
2021-07-31T16:04:24	955	946	958	972
2021-07-31T16:04:54	955	946	958	971
2021-07-31T16:05:24	954	946	958	972
2021-07-31T16:05:54	954	946	957	973
2021-07-31T16:06:24	954	946	958	972
2021-07-31T16:06:54	955	946	958	973
2021-07-31T16:07:24	955	946	958	973
2021-07-31T16:07:54	954	946	958	973
2021-07-31T16:08:24	955	945	958	973
2021-07-31T16:08:54	956	946	958	975
2021-07-31T16:09:24	954	946	958	974
2021-07-31T16:09:54	954	946	958	974
2021-07-31T16:10:24	954	946	958	973
2021-07-31T16:10:54	956	946	958	975
2021-07-31T16:11:24	956	946	958	975
2021-07-31T16:11:54	955	947	957	975
2021-07-31T16:12:24	954	945	957	974
2021-07-31T16:12:54	954	945	957	974
2021-07-31T16:13:24	954	945	957	974
2021-07-31T16:13:54	955	946	957	974
2021-07-31T16:14:24	954	946	957	974
2021-07-31T16:14:54	954	947	958	975
2021-07-31T16:15:24	956	947	957	975
2021-07-31T16:15:54	954	947	958	975
2021-07-31T16:16:24	955	947	958	975
2021-07-31T16:16:54	955	946	957	975
2021-07-31T16:17:24	954	946	957	975
2021-07-31T16:17:54	956	947	957	975
2021-07-31T16:18:24	954	948	958	975
2021-07-31T16:18:54	955	948	958	976
2021-07-31T16:19:24	953	948	957	975
2021-07-31T16:19:54	955	947	957	976
2021-07-31T16:20:24	953	948	957	975
2021-07-31T16:20:54	955	948	957	975
2021-07-31T16:21:24	954	948	958	974
2021-07-31T16:21:54	955	947	956	976
2021-07-31T16:22:24	953	948	957	976
2021-07-31T16:22:54	955	949	957	976
2021-07-31T16:23:24	954	949	957	976
2021-07-31T16:23:54	956	948	957	976
2021-07-31T16:24:24	954	948	957	976
2021-07-31T16:24:54	956	949	958	976
2021-07-31T16:25:24	954	948	957	976
2021-07-31T16:25:54	955	948	958	976
2021-07-31T16:26:24	955	950	957	977
2021-07-31T16:26:54	954	949	958	976
2021-07-31T16:27:24	955	949	957	976
2021-07-31T16:27:54	954	950	958	976
2021-07-31T16:28:24	956	949	958	976
2021-07-31T16:28:54	954	950	958	977
2021-07-31T16:29:24	954	950	957	977
2021-07-31T16:29:54	955	950	958	976
2021-07-31T16:30:24	954	950	957	976
2021-07-31T16:30:54	956	950	958	977
2021-07-31T16:31:24	955	949	957	976
2021-07-31T16:31:54	954	951	958	977
2021-07-31T16:32:24	955	951	958	976
2021-07-31T16:32:54	954	950	957	977
2021-07-31T16:33:24	955	951	958	977
2021-07-31T16:33:54	954	950	957	977
2021-07-31T16:34:24	956	951	958	977
2021-07-31T16:34:54	955	950	957	976
2021-07-31T16:35:24	956	950	958	977
2021-07-31T16:35:54	956	951	957	977
2021-07-31T16:36:24	955	950	957	976
2021-07-31T16:36:54	954	951	958	976
2021-07-31T16:37:24	955	950	957	977
2021-07-31T16:37:54	955	952	959	976
2021-07-31T16:38:24	955	951	957	976
2021-07-31T16:38:54	954	951	958	977
2021-07-31T16:39:24	954	951	958	976
2021-07-31T16:39:54	956	951	957	976
2021-07-31T16:40:24	955	952	958	976
2021-07-31T16:40:54	954	951	957	976
2021-07-31T16:41:24	954	952	958	977
2021-07-31T16:41:54	954	952	958	977
2021-07-31T16:42:24	956	951	957	977
2021-07-31T16:42:54	955	952	958	977
2021-07-31T16:43:24	954	951	957	977
2021-07-31T16:43:54	954	951	958	976
2021-07-31T16:44:24	954	952	957	977
2021-07-31T16:44:54	955	951	957	976
2021-07-31T16:45:24	955	953	958	976
2021-07-31T16:45:54	954	952	958	977
2021-07-31T16:46:24	954	951	957	976
2021-07-31T16:46:54	956	953	958	977
2021-07-31T16:47:24	954	952	957	977
2021-07-31T16:47:54	954	952	957	976
2021-07-31T16:48:24	954	953	958	977
2021-07-31T16:48:54	954	952	957	977
2021-07-31T16:49:24	955	952	957	977
2021-07-31T16:49:54	955	953	958	977
2021-07-31T16:50:24	954	952	957	976
2021-07-31T16:50:54	953	952	957	977
2021-07-31T16:51:24	953	951	956	975
2021-07-31T16:51:54	952	951	955	972
2021-07-31T16:52:24	865	879	932	970
2021-07-31T16:52:54	805	825	910	950
2021-07-31T16:53:24	765	798	815	936
2021-07-31T16:53:54	625	656	715	925
2021-07-31T16:54:24	548	548	667	917
2021-07-31T16:54:54	512	509	619	904
2021-07-31T16:55:24	474	474	589	893
2021-07-31T16:55:54	448	445	560	885
2021-07-31T16:56:24	427	430	546	874
2021-07-31T16:56:54	412	412	525	862
2021-07-31T16:57:24	394	395	501	850
2021-07-31T16:57:54	373	374	486	844
2021-07-31T16:58:24	364	361	472	833
2021-07-31T16:58:54	355	356	462	829
