time	T1	T2	T3	T4
2021-08-11T11:14:59	41	42	43	42
2021-08-11T11:15:29	41	42	43	42
2021-08-11T11:15:59	42	43	45	42
2021-08-11T11:16:29	44	45	48	43
2021-08-11T11:16:59	45	46	50	43
2021-08-11T11:17:29	46	47	51	44
2021-08-11T11:17:59	47	47	53	45
2021-08-11T11:18:29	47	48	53	46
2021-08-11T11:18:59	48	48	55	47
2021-08-11T11:19:29	49	49	57	48
2021-08-11T11:19:59	50	50	58	48
2021-08-11T11:20:29	52	51	60	49
2021-08-11T11:20:59	52	53	61	50
2021-08-11T11:21:29	54	54	62	52
2021-08-11T11:21:59	54	54	63	52
2021-08-11T11:22:29	55	54	64	53
2021-08-11T11:22:59	56	56	65	54
2021-08-11T11:23:29	57	58	67	55
2021-08-11T11:23:59	58	58	69	57
2021-08-11T11:24:29	59	59	70	58
2021-08-11T11:24:59	60	60	72	59
2021-08-11T11:25:29	60	60	72	60
2021-08-11T11:25:59	61	61	73	61
2021-08-11T11:26:29	63	63	74	62
2021-08-11T11:26:59	64	64	76	63
2021-08-11T11:27:29	65	65	78	64
2021-08-11T11:27:59	65	66	78	65
2021-08-11T11:28:29	66	66	80	66
2021-08-11T11:28:59	69	68	80	67
2021-08-11T11:29:29	71	69	82	68
2021-08-11T11:29:59	72	70	82	69
2021-08-11T11:30:29	72	70	82	70
2021-08-11T11:30:59	72	71	83	72
2021-08-11T11:31:29	73	72	84	73
2021-08-11T11:31:59	74	74	85	74
2021-08-11T11:32:29	75	75	85	75
2021-08-11T11:32:59	75	75	88	76
2021-08-11T11:33:29	75	75	88	77
2021-08-11T11:33:59	79	76	90	77
2021-08-11T11:34:29	81	79	90	78
2021-08-11T11:34:59	83	80	91	79
2021-08-11T11:35:29	84	81	93	80
2021-08-11T11:35:59	84	81	94	81
2021-08-11T11:36:29	84	81	95	82
2021-08-11T11:36:59	84	82	96	83
2021-08-11T11:37:29	85	84	95	83
2021-08-11T11:37:59	85	86	97	84
2021-08-11T11:38:29	86	86	98	85
2021-08-11T11:38:59	86	86	98	86
2021-08-11T11:39:29	88	87	97	87
2021-08-11T11:39:59	94	89	100	87
2021-08-11T11:40:29	102	91	101	89
2021-08-11T11:40:59	110	91	102	90
2021-08-11T11:41:29	114	91	103	91
2021-08-11T11:41:59	122	93	104	93
2021-08-11T11:42:29	128	95	104	94
2021-08-11T11:42:59	133	94	107	95
2021-08-11T11:43:29	135	94	108	97
2021-08-11T11:43:59	140	96	110	99
2021-08-11T11:44:29	145	98	109	100
2021-08-11T11:44:59	148	98	110	102
2021-08-11T11:45:29	152	99	111	103
2021-08-11T11:45:59	157	101	114	105
2021-08-11T11:46:29	159	102	114	106
2021-08-11T11:46:59	162	101	115	108
2021-08-11T11:47:29	163	103	116	109
2021-08-11T11:47:59	167	105	116	110
2021-08-11T11:48:29	171	105	118	112
2021-08-11T11:48:59	173	106	121	114
2021-08-11T11:49:29	177	108	118	115
2021-08-11T11:49:59	182	109	120	117
2021-08-11T11:50:29	185	109	122	119
2021-08-11T11:50:59	184	109	123	120
2021-08-11T11:51:29	186	111	124	121
2021-08-11T11:51:59	188	111	123	123
2021-08-11T11:52:29	189	112	126	123
2021-08-11T11:52:59	191	113	128	125
2021-08-11T11:53:29	195	114	127	125
2021-08-11T11:53:59	196	117	128	127
2021-08-11T11:54:29	196	116	132	129
2021-08-11T11:54:59	199	117	131	129
2021-08-11T11:55:29	202	119	133	131
2021-08-11T11:55:59	203	121	132	132
2021-08-11T11:56:29	205	121	134	133
2021-08-11T11:56:59	206	122	135	134
2021-08-11T11:57:29	206	122	136	135
2021-08-11T11:57:59	209	123	136	136
2021-08-11T11:58:29	210	124	136	138
2021-08-11T11:58:59	210	125	136	139
2021-08-11T11:59:29	211	127	139	140
2021-08-11T11:59:59	212	127	139	141
2021-08-11T12:00:29	213	129	139	142
2021-08-11T12:00:59	213	129	140	143
2021-08-11T12:01:29	214	129	142	144
2021-08-11T12:01:59	216	132	142	145
2021-08-11T12:02:29	216	132	142	146
2021-08-11T12:02:59	219	132	145	148
2021-08-11T12:03:29	220	133	144	148
2021-08-11T12:03:59	221	134	145	149
2021-08-11T12:04:29	225	135	147	150
2021-08-11T12:04:59	223	139	149	151
2021-08-11T12:05:29	224	138	149	152
2021-08-11T12:05:59	224	138	148	153
2021-08-11T12:06:29	225	139	149	155
2021-08-11T12:06:59	224	141	149	154
2021-08-11T12:07:29	223	141	149	154
2021-08-11T12:07:59	217	141	146	154
2021-08-11T12:08:29	210	141	144	154
2021-08-11T12:08:59	207	143	149	153
2021-08-11T12:09:29	206	146	149	153
2021-08-11T12:09:59	201	147	147	153
2021-08-11T12:10:29	198	149	151	152
2021-08-11T12:10:59	195	149	151	151
2021-08-11T12:11:29	193	150	152	151
2021-08-11T12:11:59	189	153	155	150
2021-08-11T12:12:29	186	152	154	150
2021-08-11T12:12:59	185	151	153	150
2021-08-11T12:13:29	184	155	157	149
2021-08-11T12:13:59	182	155	157	148
2021-08-11T12:14:29	180	154	157	148
2021-08-11T12:14:59	180	157	158	148
2021-08-11T12:15:29	178	159	162	148
2021-08-11T12:15:59	177	160	161	148
2021-08-11T12:16:29	176	159	160	147
2021-08-11T12:16:59	174	161	165	147
2021-08-11T12:17:29	173	161	164	148
2021-08-11T12:17:59	171	161	163	146
2021-08-11T12:18:29	172	164	167	146
2021-08-11T12:18:59	171	166	165	146
2021-08-11T12:19:29	170	166	169	147
2021-08-11T12:19:59	170	167	168	147
2021-08-11T12:20:29	169	167	170	147
2021-08-11T12:20:59	167	167	169	147
2021-08-11T12:21:29	171	170	175	147
2021-08-11T12:21:59	174	172	175	148
2021-08-11T12:22:29	173	171	176	149
2021-08-11T12:22:59	173	171	176	149
2021-08-11T12:23:29	172	169	174	150
2021-08-11T12:23:59	176	172	178	151
2021-08-11T12:24:29	178	174	179	152
2021-08-11T12:24:59	179	174	179	153
2021-08-11T12:25:29	178	175	179	154
2021-08-11T12:25:59	179	178	180	155
2021-08-11T12:26:29	178	178	180	156
2021-08-11T12:26:59	179	180	182	157
2021-08-11T12:27:29	180	180	184	158
2021-08-11T12:27:59	184	180	186	159
2021-08-11T12:28:29	185	180	186	161
2021-08-11T12:28:59	185	181	186	162
2021-08-11T12:29:29	185	183	186	163
2021-08-11T12:29:59	186	185	190	164
2021-08-11T12:30:29	186	186	189	165
2021-08-11T12:30:59	190	187	191	167
2021-08-11T12:31:29	191	188	193	167
2021-08-11T12:31:59	191	189	189	169
2021-08-11T12:32:29	191	191	196	170
2021-08-11T12:32:59	191	191	195	171
2021-08-11T12:33:29	194	191	198	172
2021-08-11T12:33:59	196	193	196	174
2021-08-11T12:34:29	197	194	198	174
2021-08-11T12:34:59	197	194	197	175
2021-08-11T12:35:29	197	196	196	176
2021-08-11T12:35:59	197	199	203	177
2021-08-11T12:36:29	197	199	203	179
2021-08-11T12:36:59	200	198	206	179
2021-08-11T12:37:29	207	198	206	181
2021-08-11T12:37:59	214	198	202	181
2021-08-11T12:38:29	219	200	207	184
2021-08-11T12:38:59	223	201	206	185
2021-08-11T12:39:29	227	201	204	187
2021-08-11T12:39:59	233	203	209	188
2021-08-11T12:40:29	237	203	207	189
2021-08-11T12:40:59	242	206	213	191
2021-08-11T12:41:29	247	207	210	192
2021-08-11T12:41:59	249	207	211	194
2021-08-11T12:42:29	251	208	212	196
2021-08-11T12:42:59	254	208	214	197
2021-08-11T12:43:29	258	209	214	198
2021-08-11T12:43:59	258	210	214	200
2021-08-11T12:44:29	260	213	220	201
2021-08-11T12:44:59	263	215	221	202
2021-08-11T12:45:29	261	215	219	204
2021-08-11T12:45:59	257	214	218	204
2021-08-11T12:46:29	255	216	218	205
2021-08-11T12:46:59	253	219	221	205
2021-08-11T12:47:29	250	220	220	205
2021-08-11T12:47:59	246	221	224	204
2021-08-11T12:48:29	243	221	221	205
2021-08-11T12:48:59	242	223	225	205
2021-08-11T12:49:29	238	222	224	204
2021-08-11T12:49:59	236	225	227	204
2021-08-11T12:50:29	234	226	228	204
2021-08-11T12:50:59	233	225	228	204
2021-08-11T12:51:29	232	227	231	203
2021-08-11T12:51:59	229	228	229	203
2021-08-11T12:52:29	228	229	233	203
2021-08-11T12:53:00	231	229	233	203
2021-08-11T12:53:30	232	230	232	204
2021-08-11T12:54:00	233	232	235	205
2021-08-11T12:54:30	232	230	234	206
2021-08-11T12:55:00	233	235	240	206
2021-08-11T12:55:30	236	234	239	207
2021-08-11T12:56:00	236	234	239	208
2021-08-11T12:56:30	237	235	241	209
2021-08-11T12:57:00	237	236	242	210
2021-08-11T12:57:30	241	237	242	211
2021-08-11T12:58:00	243	238	242	213
2021-08-11T12:58:30	243	240	246	214
2021-08-11T12:59:00	241	239	244	215
2021-08-11T12:59:30	242	240	245	216
2021-08-11T13:00:00	246	241	246	217
2021-08-11T13:00:30	246	243	246	218
2021-08-11T13:01:00	247	244	248	220
2021-08-11T13:01:30	247	246	253	221
2021-08-11T13:02:00	246	246	250	222
2021-08-11T13:02:30	252	246	252	223
2021-08-11T13:03:00	252	247	254	224
2021-08-11T13:03:30	251	248	254	225
2021-08-11T13:04:00	251	249	257	226
2021-08-11T13:04:30	254	250	255	228
2021-08-11T13:05:00	253	250	253	229
2021-08-11T13:05:30	254	252	262	230
2021-08-11T13:06:00	255	252	259	231
2021-08-11T13:06:30	255	251	257	231
2021-08-11T13:07:00	262	253	261	233
2021-08-11T13:07:30	262	254	259	234
2021-08-11T13:08:00	260	256	263	235
2021-08-11T13:08:30	260	257	259	236
2021-08-11T13:09:00	264	259	268	237
2021-08-11T13:09:30	263	259	263	238
2021-08-11T13:10:00	263	260	264	239
2021-08-11T13:10:30	266	260	266	240
2021-08-11T13:11:00	272	261	268	241
2021-08-11T13:11:30	271	261	269	242
2021-08-11T13:12:00	269	263	268	243
2021-08-11T13:12:30	269	265	273	244
2021-08-11T13:13:00	267	265	273	245
2021-08-11T13:13:30	269	264	271	245
2021-08-11T13:14:00	275	266	274	246
2021-08-11T13:14:30	273	269	273	247
2021-08-11T13:15:00	273	268	274	248
2021-08-11T13:15:30	275	269	277	249
2021-08-11T13:16:00	277	270	277	250
2021-08-11T13:16:30	276	270	279	251
2021-08-11T13:17:00	275	270	279	252
2021-08-11T13:17:30	280	272	283	254
2021-08-11T13:18:00	281	272	281	254
2021-08-11T13:18:30	280	272	282	255
2021-08-11T13:19:00	282	274	285	256
2021-08-11T13:19:30	285	277	285	257
2021-08-11T13:20:00	283	277	284	259
2021-08-11T13:20:30	282	278	287	259
2021-08-11T13:21:00	285	278	286	261
2021-08-11T13:21:30	286	279	288	260
2021-08-11T13:22:00	284	280	287	261
2021-08-11T13:22:30	290	282	293	263
2021-08-11T13:23:00	289	283	290	263
2021-08-11T13:23:30	289	284	292	264
2021-08-11T13:24:00	291	285	293	265
2021-08-11T13:24:30	292	285	293	267
2021-08-11T13:25:00	293	288	296	267
2021-08-11T13:25:30	293	287	296	269
2021-08-11T13:26:00	295	289	299	269
2021-08-11T13:26:30	294	289	299	270
2021-08-11T13:27:00	298	288	299	272
2021-08-11T13:27:30	302	288	297	273
2021-08-11T13:28:00	308	292	302	273
2021-08-11T13:28:30	312	293	300	275
2021-08-11T13:29:00	316	293	304	276
2021-08-11T13:29:30	319	293	302	278
2021-08-11T13:30:00	323	295	304	279
2021-08-11T13:30:30	326	294	303	280
2021-08-11T13:31:00	326	296	308	281
2021-08-11T13:31:30	328	298	306	282
2021-08-11T13:32:00	333	299	309	283
2021-08-11T13:32:30	334	297	310	284
2021-08-11T13:33:00	337	298	311	286
2021-08-11T13:33:30	340	299	310	286
2021-08-11T13:34:00	340	298	312	287
2021-08-11T13:34:30	342	299	311	288
2021-08-11T13:35:00	344	303	314	288
2021-08-11T13:35:30	344	303	316	290
2021-08-11T13:36:00	347	304	318	291
2021-08-11T13:36:30	347	303	314	292
2021-08-11T13:37:00	349	307	320	293
2021-08-11T13:37:30	350	306	317	294
2021-08-11T13:38:00	353	306	318	294
2021-08-11T13:38:30	349	308	319	295
2021-08-11T13:39:00	342	310	323	296
2021-08-11T13:39:30	338	310	320	297
2021-08-11T13:40:00	335	313	326	296
2021-08-11T13:40:30	330	314	323	296
2021-08-11T13:41:00	328	314	324	295
2021-08-11T13:41:30	325	316	326	295
2021-08-11T13:42:00	324	317	328	295
2021-08-11T13:42:30	327	317	329	296
2021-08-11T13:43:00	327	318	328	295
2021-08-11T13:43:30	326	320	331	296
2021-08-11T13:44:00	330	322	332	297
2021-08-11T13:44:30	331	321	332	298
2021-08-11T13:45:00	332	324	333	299
2021-08-11T13:45:30	332	322	333	300
2021-08-11T13:46:00	333	324	335	301
2021-08-11T13:46:30	334	322	333	302
2021-08-11T13:47:00	337	325	339	304
2021-08-11T13:47:30	336	325	337	305
2021-08-11T13:48:00	336	326	340	306
2021-08-11T13:48:30	339	328	342	307
2021-08-11T13:49:00	338	329	341	308
2021-08-11T13:49:30	341	328	345	309
2021-08-11T13:50:00	340	331	345	311
2021-08-11T13:50:30	342	331	343	311
2021-08-11T13:51:00	342	331	343	313
2021-08-11T13:51:30	345	335	349	314
2021-08-11T13:52:00	345	334	347	315
2021-08-11T13:52:30	345	334	350	316
2021-08-11T13:53:00	349	333	347	318
2021-08-11T13:53:30	354	334	350	320
2021-08-11T13:54:00	357	336	351	319
2021-08-11T13:54:30	359	336	352	321
2021-08-11T13:55:00	361	336	352	323
2021-08-11T13:55:30	365	338	355	325
2021-08-11T13:56:00	370	339	352	324
2021-08-11T13:56:30	370	342	357	327
2021-08-11T13:57:00	371	340	356	328
2021-08-11T13:57:30	374	342	357	328
2021-08-11T13:58:00	376	343	356	329
2021-08-11T13:58:30	378	344	360	330
2021-08-11T13:59:00	379	350	360	332
2021-08-11T13:59:30	382	349	362	332
2021-08-11T14:00:00	381	348	364	335
2021-08-11T14:00:30	382	348	363	335
2021-08-11T14:01:00	383	348	364	335
2021-08-11T14:01:30	385	348	366	336
2021-08-11T14:02:00	389	351	366	337
2021-08-11T14:02:30	390	352	366	339
2021-08-11T14:03:00	390	352	369	339
2021-08-11T14:03:30	389	353	369	340
2021-08-11T14:04:00	390	355	372	341
2021-08-11T14:04:30	393	354	371	343
2021-08-11T14:05:00	392	353	370	343
2021-08-11T14:05:30	394	356	375	344
2021-08-11T14:06:00	395	356	374	345
2021-08-11T14:06:30	397	358	378	346
2021-08-11T14:07:00	397	356	374	347
2021-08-11T14:07:30	400	358	377	348
2021-08-11T14:08:00	400	360	378	348
2021-08-11T14:08:30	397	361	379	349
2021-08-11T14:09:00	401	361	378	350
2021-08-11T14:09:30	402	363	380	351
2021-08-11T14:10:00	403	362	383	353
2021-08-11T14:10:30	404	364	384	353
2021-08-11T14:11:00	402	363	381	354
2021-08-11T14:11:30	406	367	385	354
2021-08-11T14:12:00	406	369	387	355
2021-08-11T14:12:30	407	369	387	356
2021-08-11T14:13:00	406	370	388	357
2021-08-11T14:13:30	401	369	386	358
2021-08-11T14:14:00	396	371	387	358
2021-08-11T14:14:30	391	375	392	358
2021-08-11T14:15:00	387	375	389	358
2021-08-11T14:15:30	390	377	392	358
2021-08-11T14:16:00	395	376	392	359
2021-08-11T14:16:30	400	378	397	359
2021-08-11T14:17:00	403	378	395	360
2021-08-11T14:17:30	406	377	393	362
2021-08-11T14:18:00	406	380	401	363
2021-08-11T14:18:30	409	379	398	364
2021-08-11T14:19:00	410	379	396	365
2021-08-11T14:19:30	411	382	401	367
2021-08-11T14:20:00	412	381	401	367
2021-08-11T14:20:30	414	383	401	368
2021-08-11T14:21:00	416	382	401	370
2021-08-11T14:21:30	418	385	403	371
2021-08-11T14:22:00	420	387	403	372
2021-08-11T14:22:30	420	386	406	374
2021-08-11T14:23:00	422	386	406	374
2021-08-11T14:23:30	421	386	408	375
2021-08-11T14:24:00	422	387	407	376
2021-08-11T14:24:30	424	388	411	377
2021-08-11T14:25:00	425	390	411	379
2021-08-11T14:25:30	425	391	411	380
2021-08-11T14:26:00	427	392	414	380
2021-08-11T14:26:30	427	391	412	381
2021-08-11T14:27:00	428	393	413	382
2021-08-11T14:27:30	431	394	413	383
2021-08-11T14:28:00	432	395	416	384
2021-08-11T14:28:30	431	395	418	385
2021-08-11T14:29:00	433	395	417	385
2021-08-11T14:29:30	432	395	416	386
2021-08-11T14:30:00	432	397	422	388
2021-08-11T14:30:30	434	398	419	388
2021-08-11T14:31:00	435	399	424	390
2021-08-11T14:31:30	436	400	424	390
2021-08-11T14:32:00	438	401	424	391
2021-08-11T14:32:30	440	401	425	392
2021-08-11T14:33:00	439	402	427	393
2021-08-11T14:33:30	440	404	428	393
2021-08-11T14:34:00	440	405	429	395
2021-08-11T14:34:30	440	404	426	396
2021-08-11T14:35:00	442	407	435	396
2021-08-11T14:35:30	441	407	429	397
2021-08-11T14:36:00	442	407	432	398
2021-08-11T14:36:30	442	409	431	399
2021-08-11T14:37:00	444	410	432	400
2021-08-11T14:37:30	446	412	433	401
2021-08-11T14:38:00	447	413	436	402
2021-08-11T14:38:30	447	412	435	403
2021-08-11T14:39:00	448	415	441	403
2021-08-11T14:39:30	448	415	438	405
2021-08-11T14:40:00	448	416	441	406
2021-08-11T14:40:30	450	419	444	407
2021-08-11T14:41:00	451	419	443	408
2021-08-11T14:41:30	452	418	442	409
2021-08-11T14:42:00	454	419	444	410
2021-08-11T14:42:30	452	420	444	410
2021-08-11T14:43:00	453	422	445	411
2021-08-11T14:43:30	454	423	446	413
2021-08-11T14:44:00	456	422	445	413
2021-08-11T14:44:30	457	424	447	414
2021-08-11T14:45:00	455	424	450	415
2021-08-11T14:45:30	457	425	451	416
2021-08-11T14:46:00	458	426	453	417
2021-08-11T14:46:30	460	425	451	418
2021-08-11T14:47:00	459	428	453	419
2021-08-11T14:47:30	461	430	456	421
2021-08-11T14:48:00	461	431	453	420
2021-08-11T14:48:30	462	431	456	422
2021-08-11T14:49:00	463	431	458	423
2021-08-11T14:49:30	463	431	458	423
2021-08-11T14:50:00	466	433	460	424
2021-08-11T14:50:30	464	432	457	425
2021-08-11T14:51:00	464	435	460	426
2021-08-11T14:51:30	467	436	463	427
2021-08-11T14:52:00	467	435	463	428
2021-08-11T14:52:30	468	436	462	429
2021-08-11T14:53:00	470	439	462	429
2021-08-11T14:53:30	469	441	467	430
2021-08-11T14:54:00	469	440	465	431
2021-08-11T14:54:30	471	443	469	432
2021-08-11T14:55:00	471	441	466	433
2021-08-11T14:55:30	472	442	469	434
2021-08-11T14:56:00	471	444	468	435
2021-08-11T14:56:30	472	446	471	436
2021-08-11T14:57:00	474	447	474	437
2021-08-11T14:57:30	474	446	471	438
2021-08-11T14:58:00	476	448	474	439
2021-08-11T14:58:30	478	449	473	440
2021-08-11T14:59:00	478	450	477	441
2021-08-11T14:59:30	478	449	476	442
2021-08-11T15:00:00	477	451	477	442
2021-08-11T15:00:30	479	453	480	443
2021-08-11T15:01:00	480	453	479	444
2021-08-11T15:01:30	481	452	480	445
2021-08-11T15:02:00	482	451	480	446
2021-08-11T15:02:30	483	456	483	447
2021-08-11T15:03:00	483	456	482	448
2021-08-11T15:03:30	486	457	486	449
2021-08-11T15:04:00	485	457	484	450
2021-08-11T15:04:30	487	460	488	451
2021-08-11T15:05:00	487	460	488	452
2021-08-11T15:05:30	488	461	490	453
2021-08-11T15:06:00	488	463	489	454
2021-08-11T15:06:30	489	463	490	455
2021-08-11T15:07:00	491	464	493	455
2021-08-11T15:07:30	491	464	492	456
2021-08-11T15:08:00	491	466	494	458
2021-08-11T15:08:30	495	467	493	459
2021-08-11T15:09:00	495	468	494	460
2021-08-11T15:09:30	495	470	498	461
2021-08-11T15:10:00	498	472	498	463
2021-08-11T15:10:30	498	473	498	463
2021-08-11T15:11:00	498	471	498	465
2021-08-11T15:11:30	498	472	500	465
2021-08-11T15:12:00	500	474	499	467
2021-08-11T15:12:30	501	475	503	467
2021-08-11T15:13:00	502	476	501	468
2021-08-11T15:13:30	501	474	500	470
2021-08-11T15:14:00	503	476	504	470
2021-08-11T15:14:30	506	477	505	471
2021-08-11T15:15:00	506	478	509	472
2021-08-11T15:15:30	506	478	508	473
2021-08-11T15:16:00	507	479	506	474
2021-08-11T15:16:30	510	481	508	475
2021-08-11T15:17:00	510	482	510	477
2021-08-11T15:17:30	511	484	511	478
2021-08-11T15:18:00	512	485	512	479
2021-08-11T15:18:30	513	485	514	480
2021-08-11T15:19:00	512	486	515	481
2021-08-11T15:19:30	514	486	513	482
2021-08-11T15:20:00	516	490	517	484
2021-08-11T15:20:30	517	489	520	484
2021-08-11T15:21:00	518	490	518	486
2021-08-11T15:21:30	519	490	516	486
2021-08-11T15:22:00	519	492	521	488
2021-08-11T15:22:30	520	493	520	489
2021-08-11T15:23:00	521	493	523	490
2021-08-11T15:23:30	521	495	524	491
2021-08-11T15:24:00	523	494	522	492
2021-08-11T15:24:30	525	496	526	493
2021-08-11T15:25:00	526	497	527	494
2021-08-11T15:25:30	527	497	528	495
2021-08-11T15:26:00	528	499	530	496
2021-08-11T15:26:30	529	498	527	498
2021-08-11T15:27:00	530	500	531	498
2021-08-11T15:27:30	531	500	528	499
2021-08-11T15:28:00	531	503	530	500
2021-08-11T15:28:30	532	505	534	501
2021-08-11T15:29:00	533	504	532	502
2021-08-11T15:29:30	534	505	535	503
2021-08-11T15:30:00	534	506	535	505
2021-08-11T15:30:30	537	505	536	506
2021-08-11T15:31:00	537	507	540	506
2021-08-11T15:31:30	537	509	539	507
2021-08-11T15:32:00	538	509	540	508
2021-08-11T15:32:30	540	509	541	509
2021-08-11T15:33:00	543	510	544	511
2021-08-11T15:33:30	542	509	541	512
2021-08-11T15:34:00	542	511	544	512
2021-08-11T15:34:30	544	512	543	513
2021-08-11T15:35:00	544	513	547	515
2021-08-11T15:35:30	545	513	544	516
2021-08-11T15:36:00	548	516	552	517
2021-08-11T15:36:30	546	514	547	517
2021-08-11T15:37:00	547	516	548	518
2021-08-11T15:37:30	551	519	550	519
2021-08-11T15:38:00	551	519	549	521
2021-08-11T15:38:30	551	522	552	522
2021-08-11T15:39:00	552	523	554	524
2021-08-11T15:39:30	552	522	556	524
2021-08-11T15:40:00	556	522	557	526
2021-08-11T15:40:30	556	523	556	526
2021-08-11T15:41:00	555	524	558	527
2021-08-11T15:41:30	556	525	556	528
2021-08-11T15:42:00	560	527	560	529
2021-08-11T15:42:30	560	526	558	531
2021-08-11T15:43:00	559	527	561	531
2021-08-11T15:43:30	563	528	560	532
2021-08-11T15:44:00	563	529	565	533
2021-08-11T15:44:30	565	531	565	535
2021-08-11T15:45:00	564	533	564	536
2021-08-11T15:45:30	567	533	567	537
2021-08-11T15:46:00	567	532	566	539
2021-08-11T15:46:30	566	533	568	540
2021-08-11T15:47:00	568	534	568	541
2021-08-11T15:47:30	569	535	569	541
2021-08-11T15:48:00	571	537	570	543
2021-08-11T15:48:30	570	539	571	544
2021-08-11T15:49:00	572	538	573	545
2021-08-11T15:49:30	573	539	573	546
2021-08-11T15:50:00	575	540	572	546
2021-08-11T15:50:30	576	542	574	547
2021-08-11T15:51:00	576	543	577	548
2021-08-11T15:51:30	576	544	579	549
2021-08-11T15:52:00	577	542	576	551
2021-08-11T15:52:30	579	544	580	551
2021-08-11T15:53:00	578	546	580	552
2021-08-11T15:53:30	582	548	584	554
2021-08-11T15:54:00	581	547	581	555
2021-08-11T15:54:30	584	550	583	556
2021-08-11T15:55:00	583	552	585	557
2021-08-11T15:55:30	585	550	583	558
2021-08-11T15:56:00	587	552	585	560
2021-08-11T15:56:30	586	554	589	561
2021-08-11T15:57:00	586	554	589	562
2021-08-11T15:57:30	590	555	588	562
2021-08-11T15:58:00	589	556	592	564
2021-08-11T15:58:30	591	555	591	565
2021-08-11T15:59:00	590	556	592	565
2021-08-11T15:59:30	592	557	592	567
2021-08-11T16:00:00	593	560	595	568
2021-08-11T16:00:30	593	560	594	568
2021-08-11T16:01:00	594	561	596	570
2021-08-11T16:01:30	597	561	595	571
2021-08-11T16:02:00	597	562	599	573
2021-08-11T16:02:30	597	562	595	574
2021-08-11T16:03:00	599	564	600	575
2021-08-11T16:03:30	599	564	599	576
2021-08-11T16:04:00	602	567	600	576
2021-08-11T16:04:30	603	569	605	578
2021-08-11T16:05:00	601	568	603	579
2021-08-11T16:05:30	605	569	606	580
2021-08-11T16:06:00	603	570	606	581
2021-08-11T16:06:30	606	570	607	582
2021-08-11T16:07:00	607	572	608	583
2021-08-11T16:07:30	606	573	609	584
2021-08-11T16:08:00	609	573	610	585
2021-08-11T16:08:30	609	577	613	586
2021-08-11T16:09:00	611	575	613	587
2021-08-11T16:09:30	611	576	612	588
2021-08-11T16:10:00	613	578	613	589
2021-08-11T16:10:30	613	578	615	591
2021-08-11T16:11:00	614	579	615	592
2021-08-11T16:11:30	615	581	618	594
2021-08-11T16:12:00	616	579	616	595
2021-08-11T16:12:30	616	582	619	596
2021-08-11T16:13:00	618	581	618	595
2021-08-11T16:13:30	619	584	621	598
2021-08-11T16:14:00	621	583	619	599
2021-08-11T16:14:30	622	585	622	600
2021-08-11T16:15:00	621	586	623	601
2021-08-11T16:15:30	624	588	626	601
2021-08-11T16:16:00	624	587	623	602
2021-08-11T16:16:30	626	590	624	604
2021-08-11T16:17:00	625	591	627	605
2021-08-11T16:17:30	627	591	629	606
2021-08-11T16:18:00	628	592	628	607
2021-08-11T16:18:30	629	592	629	608
2021-08-11T16:19:00	630	593	632	608
2021-08-11T16:19:30	631	593	630	610
2021-08-11T16:20:00	634	596	631	610
2021-08-11T16:20:30	632	597	637	613
2021-08-11T16:21:00	633	598	636	614
2021-08-11T16:21:30	636	599	637	615
2021-08-11T16:22:00	634	599	636	615
2021-08-11T16:22:30	636	600	635	616
2021-08-11T16:23:00	637	601	637	618
2021-08-11T16:23:30	638	602	639	618
2021-08-11T16:24:00	640	603	639	619
2021-08-11T16:24:30	640	604	641	620
2021-08-11T16:25:00	641	604	640	622
2021-08-11T16:25:30	645	606	643	623
2021-08-11T16:26:00	644	606	645	624
2021-08-11T16:26:30	644	609	646	625
2021-08-11T16:27:00	647	610	647	626
2021-08-11T16:27:30	645	609	647	627
2021-08-11T16:28:00	647	609	648	628
2021-08-11T16:28:30	648	611	649	629
2021-08-11T16:29:00	649	612	651	630
2021-08-11T16:29:30	653	612	650	631
2021-08-11T16:30:00	650	614	652	631
2021-08-11T16:30:30	653	616	653	634
2021-08-11T16:31:00	653	616	654	635
2021-08-11T16:31:30	654	618	655	635
2021-08-11T16:32:00	656	617	654	636
2021-08-11T16:32:30	654	619	656	638
2021-08-11T16:33:00	657	619	657	639
2021-08-11T16:33:30	659	620	659	639
2021-08-11T16:34:00	658	622	662	640
2021-08-11T16:34:30	662	623	661	641
2021-08-11T16:35:00	659	623	663	643
2021-08-11T16:35:30	663	624	664	644
2021-08-11T16:36:00	663	626	665	644
2021-08-11T16:36:30	663	624	662	646
2021-08-11T16:37:00	666	627	664	646
2021-08-11T16:37:30	665	628	668	647
2021-08-11T16:38:00	665	629	667	649
2021-08-11T16:38:30	667	630	669	649
2021-08-11T16:39:00	669	632	671	651
2021-08-11T16:39:30	669	632	669	652
2021-08-11T16:40:00	671	634	671	652
2021-08-11T16:40:30	671	635	674	654
2021-08-11T16:41:00	671	635	673	655
2021-08-11T16:41:30	673	635	674	656
2021-08-11T16:42:00	674	637	676	657
2021-08-11T16:42:30	676	638	676	659
2021-08-11T16:43:00	677	639	677	659
2021-08-11T16:43:30	677	640	679	660
2021-08-11T16:44:00	679	640	680	662
2021-08-11T16:44:30	678	642	680	662
2021-08-11T16:45:00	681	644	681	664
2021-08-11T16:45:30	681	643	681	664
2021-08-11T16:46:00	681	644	683	665
2021-08-11T16:46:30	684	646	684	667
2021-08-11T16:47:00	685	646	685	667
2021-08-11T16:47:30	685	649	686	668
2021-08-11T16:48:00	686	649	687	670
2021-08-11T16:48:30	686	649	687	671
2021-08-11T16:49:00	687	651	689	671
2021-08-11T16:49:30	689	653	692	672
2021-08-11T16:50:00	689	651	689	673
2021-08-11T16:50:30	692	653	692	674
2021-08-11T16:51:00	693	654	694	675
2021-08-11T16:51:30	693	655	693	677
2021-08-11T16:52:00	693	657	695	677
2021-08-11T16:52:30	692	658	698	679
2021-08-11T16:53:00	696	658	695	680
2021-08-11T16:53:30	697	659	698	681
2021-08-11T16:54:00	698	660	699	682
2021-08-11T16:54:30	699	661	701	683
2021-08-11T16:55:00	699	660	699	684
2021-08-11T16:55:30	700	662	701	685
2021-08-11T16:56:00	702	664	705	686
2021-08-11T16:56:30	701	665	703	687
2021-08-11T16:57:00	702	666	705	688
2021-08-11T16:57:30	704	667	706	689
2021-08-11T16:58:00	705	668	707	691
2021-08-11T16:58:30	706	668	705	690
2021-08-11T16:59:00	707	668	707	691
2021-08-11T16:59:30	709	670	709	693
2021-08-11T17:00:00	710	671	709	693
2021-08-11T17:00:30	711	674	710	694
2021-08-11T17:01:00	710	674	711	696
2021-08-11T17:01:30	710	674	712	696
2021-08-11T17:02:00	713	675	713	697
2021-08-11T17:02:30	714	676	714	699
2021-08-11T17:03:00	716	677	715	700
2021-08-11T17:03:30	716	677	719	701
2021-08-11T17:04:00	715	679	717	702
2021-08-11T17:04:30	719	681	719	702
2021-08-11T17:05:00	719	681	719	704
2021-08-11T17:05:30	719	683	720	704
2021-08-11T17:06:00	720	683	722	706
2021-08-11T17:06:30	722	684	723	708
2021-08-11T17:07:00	724	686	724	710
2021-08-11T17:07:30	724	686	723	709
2021-08-11T17:08:00	724	687	725	710
2021-08-11T17:08:30	727	688	727	713
2021-08-11T17:09:00	725	689	727	712
2021-08-11T17:09:30	727	690	729	713
2021-08-11T17:10:00	728	691	731	713
2021-08-11T17:10:30	730	692	732	716
2021-08-11T17:11:00	730	692	730	716
2021-08-11T17:11:30	732	693	731	717
2021-08-11T17:12:00	733	694	734	718
2021-08-11T17:12:30	735	696	734	720
2021-08-11T17:13:00	735	696	736	719
2021-08-11T17:13:30	736	697	736	722
2021-08-11T17:14:00	737	698	737	723
2021-08-11T17:14:30	738	699	739	723
2021-08-11T17:15:00	737	699	739	724
2021-08-11T17:15:30	739	701	739	725
2021-08-11T17:16:00	741	703	741	726
2021-08-11T17:16:30	741	703	742	728
2021-08-11T17:17:00	741	704	743	728
2021-08-11T17:17:30	741	705	744	729
2021-08-11T17:18:00	745	706	745	732
2021-08-11T17:18:30	744	707	747	732
2021-08-11T17:19:00	746	708	746	732
2021-08-11T17:19:30	746	708	747	733
2021-08-11T17:20:00	749	709	750	735
2021-08-11T17:20:30	748	711	750	736
2021-08-11T17:21:00	749	712	750	736
2021-08-11T17:21:30	751	713	751	738
2021-08-11T17:22:00	751	713	752	739
2021-08-11T17:22:30	755	715	753	740
2021-08-11T17:23:00	753	714	754	740
2021-08-11T17:23:30	755	716	756	741
2021-08-11T17:24:00	756	717	757	742
2021-08-11T17:24:30	756	718	757	743
2021-08-11T17:25:00	758	719	758	744
2021-08-11T17:25:30	760	719	759	745
2021-08-11T17:26:00	758	720	760	746
2021-08-11T17:26:30	760	721	761	747
2021-08-11T17:27:00	762	721	761	748
2021-08-11T17:27:30	762	724	762	750
2021-08-11T17:28:00	763	725	762	750
2021-08-11T17:28:30	764	724	764	750
2021-08-11T17:29:00	765	725	764	752
2021-08-11T17:29:30	768	726	766	753
2021-08-11T17:30:00	767	728	765	754
2021-08-11T17:30:30	768	728	767	755
2021-08-11T17:31:00	771	729	768	756
2021-08-11T17:31:30	770	730	769	757
2021-08-11T17:32:00	770	730	768	758
2021-08-11T17:32:30	771	732	770	758
2021-08-11T17:33:00	773	732	770	758
2021-08-11T17:33:30	774	733	771	759
2021-08-11T17:34:00	774	734	772	761
2021-08-11T17:34:30	776	735	774	763
2021-08-11T17:35:00	777	735	775	762
2021-08-11T17:35:30	779	737	774	764
2021-08-11T17:36:00	779	738	776	764
2021-08-11T17:36:30	779	738	777	767
2021-08-11T17:37:00	781	739	777	767
2021-08-11T17:37:30	780	740	779	767
2021-08-11T17:38:00	782	740	780	768
2021-08-11T17:38:30	784	743	780	770
2021-08-11T17:39:00	785	743	781	770
2021-08-11T17:39:30	786	744	782	772
2021-08-11T17:40:00	787	745	782	772
2021-08-11T17:40:30	788	747	784	773
2021-08-11T17:41:00	787	747	784	773
2021-08-11T17:41:30	790	747	784	774
2021-08-11T17:42:00	790	748	787	776
2021-08-11T17:42:30	791	748	789	776
2021-08-11T17:43:00	793	750	788	778
2021-08-11T17:43:30	794	752	789	778
2021-08-11T17:44:00	795	752	790	779
2021-08-11T17:44:30	795	752	790	780
2021-08-11T17:45:00	796	753	792	780
2021-08-11T17:45:30	797	754	793	781
2021-08-11T17:46:00	797	754	793	781
2021-08-11T17:46:30	800	756	793	784
2021-08-11T17:47:00	800	756	795	785
2021-08-11T17:47:30	800	758	796	785
2021-08-11T17:48:00	802	758	796	788
2021-08-11T17:48:30	803	759	797	787
2021-08-11T17:49:00	804	761	796	787
2021-08-11T17:49:30	803	761	799	789
2021-08-11T17:50:00	806	762	800	790
2021-08-11T17:50:30	806	762	800	791
2021-08-11T17:51:00	806	764	801	790
2021-08-11T17:51:30	808	765	801	792
2021-08-11T17:52:00	810	765	804	794
2021-08-11T17:52:30	810	766	803	794
2021-08-11T17:53:00	810	767	804	795
2021-08-11T17:53:30	813	768	805	796
2021-08-11T17:54:00	813	769	806	798
2021-08-11T17:54:30	813	770	807	798
2021-08-11T17:55:00	816	770	809	798
2021-08-11T17:55:30	817	770	810	800
2021-08-11T17:56:00	817	771	809	801
2021-08-11T17:56:30	817	772	810	802
2021-08-11T17:57:00	818	773	810	802
2021-08-11T17:57:30	821	774	811	804
2021-08-11T17:58:00	820	775	813	805
2021-08-11T17:58:30	822	775	814	805
2021-08-11T17:59:00	823	775	814	807
2021-08-11T17:59:30	825	777	815	808
2021-08-11T18:00:00	825	777	815	810
2021-08-11T18:00:30	825	779	816	810
2021-08-11T18:01:00	827	778	818	810
2021-08-11T18:01:30	827	780	819	812
2021-08-11T18:02:00	829	781	820	813
2021-08-11T18:02:30	829	781	821	815
2021-08-11T18:03:00	831	783	822	814
2021-08-11T18:03:30	830	783	822	815
2021-08-11T18:04:00	833	784	822	816
2021-08-11T18:04:30	833	785	824	818
2021-08-11T18:05:00	835	785	825	819
2021-08-11T18:05:30	835	786	826	820
2021-08-11T18:06:00	837	787	828	821
2021-08-11T18:06:30	836	788	828	822
2021-08-11T18:07:00	839	789	828	822
2021-08-11T18:07:30	838	789	829	825
2021-08-11T18:08:00	840	790	830	826
2021-08-11T18:08:30	843	790	832	827
2021-08-11T18:09:00	842	790	833	827
2021-08-11T18:09:30	843	791	833	828
2021-08-11T18:10:00	843	794	834	831
2021-08-11T18:10:30	845	794	835	830
2021-08-11T18:11:00	845	795	836	832
2021-08-11T18:11:30	847	795	837	834
2021-08-11T18:12:00	847	797	839	835
2021-08-11T18:12:30	849	798	838	834
2021-08-11T18:13:00	849	798	839	834
2021-08-11T18:13:30	850	799	840	835
2021-08-11T18:14:00	852	800	841	837
2021-08-11T18:14:30	852	800	842	838
2021-08-11T18:15:00	854	801	843	839
2021-08-11T18:15:30	854	803	844	840
2021-08-11T18:16:00	854	803	846	842
2021-08-11T18:16:30	856	804	847	843
2021-08-11T18:17:00	859	805	847	843
2021-08-11T18:17:30	860	805	849	845
2021-08-11T18:18:00	860	806	850	844
2021-08-11T18:18:30	862	807	851	845
2021-08-11T18:19:00	862	809	852	846
2021-08-11T18:19:30	862	809	853	847
2021-08-11T18:20:00	865	810	855	849
2021-08-11T18:20:30	865	810	856	850
2021-08-11T18:21:00	866	812	856	851
2021-08-11T18:21:30	865	812	857	854
2021-08-11T18:22:00	868	814	858	854
2021-08-11T18:22:30	869	814	858	854
2021-08-11T18:23:00	870	815	860	854
2021-08-11T18:23:30	870	815	861	857
2021-08-11T18:24:00	870	816	861	858
2021-08-11T18:24:30	872	819	862	857
2021-08-11T18:25:00	873	819	863	860
2021-08-11T18:25:30	873	820	864	860
2021-08-11T18:26:00	875	820	866	863
2021-08-11T18:26:30	875	821	867	862
2021-08-11T18:27:00	877	821	868	862
2021-08-11T18:27:30	879	822	869	866
2021-08-11T18:28:00	880	824	869	866
2021-08-11T18:28:30	879	825	871	867
2021-08-11T18:29:00	882	826	873	868
2021-08-11T18:29:30	881	827	873	869
2021-08-11T18:30:00	883	829	874	869
2021-08-11T18:30:30	883	829	875	873
2021-08-11T18:31:00	884	831	876	872
2021-08-11T18:31:30	885	831	876	872
2021-08-11T18:32:00	888	832	878	873
2021-08-11T18:32:30	889	832	878	874
2021-08-11T18:33:00	889	833	880	876
2021-08-11T18:33:30	890	836	881	877
2021-08-11T18:34:00	891	837	882	877
2021-08-11T18:34:30	893	836	883	878
2021-08-11T18:35:00	894	839	884	882
2021-08-11T18:35:30	894	840	886	881
2021-08-11T18:36:00	895	840	886	881
2021-08-11T18:36:30	896	841	887	884
2021-08-11T18:37:00	898	842	889	885
2021-08-11T18:37:30	899	843	889	884
2021-08-11T18:38:00	899	844	890	886
2021-08-11T18:38:30	898	845	892	887
2021-08-11T18:39:00	899	846	893	888
2021-08-11T18:39:30	898	847	893	889
2021-08-11T18:40:00	898	848	893	889
2021-08-11T18:40:30	899	849	896	891
2021-08-11T18:41:00	899	849	896	890
2021-08-11T18:41:30	899	850	897	890
2021-08-11T18:42:00	900	851	897	890
2021-08-11T18:42:30	900	852	898	892
2021-08-11T18:43:00	900	854	899	892
2021-08-11T18:43:30	900	854	899	891
2021-08-11T18:44:00	900	856	899	893
2021-08-11T18:44:30	899	855	900	893
2021-08-11T18:45:00	900	856	901	893
2021-08-11T18:45:30	900	857	902	893
2021-08-11T18:46:00	899	856	901	894
2021-08-11T18:46:30	900	858	901	893
2021-08-11T18:47:00	899	858	900	893
2021-08-11T18:47:30	901	859	902	894
2021-08-11T18:48:00	899	859	902	893
2021-08-11T18:48:30	900	860	901	895
2021-08-11T18:49:00	901	861	901	894
2021-08-11T18:49:30	900	862	902	894
2021-08-11T18:50:00	900	862	902	894
2021-08-11T18:50:30	900	862	901	894
2021-08-11T18:51:00	899	863	902	895
2021-08-11T18:51:30	899	864	902	895
2021-08-11T18:52:00	899	863	902	895
2021-08-11T18:52:30	899	864	902	895
2021-08-11T18:53:00	900	865	902	894
2021-08-11T18:53:30	900	864	902	895
2021-08-11T18:54:00	900	866	902	895
2021-08-11T18:54:30	900	866	902	895
2021-08-11T18:55:00	901	866	903	896
2021-08-11T18:55:30	900	867	902	897
2021-08-11T18:56:00	901	868	902	895
2021-08-11T18:56:30	902	868	903	896
2021-08-11T18:57:00	902	869	903	896
2021-08-11T18:57:30	903	869	903	898
2021-08-11T18:58:00	903	870	902	898
2021-08-11T18:58:30	902	870	902	897
2021-08-11T18:59:00	902	870	902	897
2021-08-11T18:59:30	903	871	901	898
2021-08-11T19:00:00	904	871	902	898
2021-08-11T19:00:30	903	872	903	898
2021-08-11T19:01:00	904	872	902	899
2021-08-11T19:01:30	904	872	902	899
2021-08-11T19:02:00	904	873	902	898
2021-08-11T19:02:30	904	873	903	899
2021-08-11T19:03:00	905	873	902	899
2021-08-11T19:03:30	905	874	902	900
2021-08-11T19:04:00	905	875	904	900
2021-08-11T19:04:30	906	875	902	900
2021-08-11T19:05:00	907	875	901	900
2021-08-11T19:05:30	907	876	902	900
2021-08-11T19:06:00	904	876	902	900
2021-08-11T19:06:30	903	878	903	900
2021-08-11T19:07:00	900	878	902	900
2021-08-11T19:07:30	902	878	902	900
2021-08-11T19:08:00	900	878	903	901
2021-08-11T19:08:30	903	879	903	900
2021-08-11T19:09:00	904	879	902	901
2021-08-11T19:09:30	906	878	901	901
2021-08-11T19:10:00	907	877	901	902
2021-08-11T19:10:30	908	878	901	903
2021-08-11T19:11:00	908	878	903	902
2021-08-11T19:11:30	907	879	902	902
2021-08-11T19:12:00	909	879	903	903
2021-08-11T19:12:30	909	879	903	904
2021-08-11T19:13:00	910	879	903	903
2021-08-11T19:13:30	910	880	902	903
2021-08-11T19:14:00	911	879	902	904
2021-08-11T19:14:30	911	879	903	905
2021-08-11T19:15:00	911	880	903	904
2021-08-11T19:15:30	911	880	903	904
2021-08-11T19:16:00	911	880	902	904
2021-08-11T19:16:30	910	880	903	904
2021-08-11T19:17:00	912	880	903	905
2021-08-11T19:17:30	913	880	901	905
2021-08-11T19:18:00	913	881	902	905
2021-08-11T19:18:30	913	882	903	906
2021-08-11T19:19:00	912	882	903	905
2021-08-11T19:19:30	912	881	902	905
2021-08-11T19:20:00	913	881	903	905
2021-08-11T19:20:30	914	881	902	905
2021-08-11T19:21:00	913	882	901	907
2021-08-11T19:21:30	915	882	903	907
2021-08-11T19:22:00	914	882	903	907
2021-08-11T19:22:30	913	882	902	907
2021-08-11T19:23:00	914	883	903	906
2021-08-11T19:23:30	914	882	902	906
2021-08-11T19:24:00	914	884	903	906
2021-08-11T19:24:30	914	883	903	907
2021-08-11T19:25:00	915	882	902	906
2021-08-11T19:25:30	916	884	904	907
2021-08-11T19:26:00	915	883	902	907
2021-08-11T19:26:30	915	885	902	907
2021-08-11T19:27:00	915	884	903	907
2021-08-11T19:27:30	916	884	902	908
2021-08-11T19:28:00	917	885	903	908
2021-08-11T19:28:30	916	885	902	908
2021-08-11T19:29:00	917	884	902	908
2021-08-11T19:29:30	917	884	902	908
2021-08-11T19:30:00	917	885	904	908
2021-08-11T19:30:30	918	886	903	908
2021-08-11T19:31:00	918	886	902	909
2021-08-11T19:31:30	918	886	902	909
2021-08-11T19:32:00	918	886	902	909
2021-08-11T19:32:30	917	886	902	909
2021-08-11T19:33:00	917	886	902	909
2021-08-11T19:33:30	917	886	902	909
2021-08-11T19:34:00	918	886	902	909
2021-08-11T19:34:30	918	887	902	909
2021-08-11T19:35:00	918	887	902	909
2021-08-11T19:35:30	918	887	902	909
2021-08-11T19:36:00	919	887	902	909
2021-08-11T19:36:30	919	887	902	910
2021-08-11T19:37:00	920	887	902	910
2021-08-11T19:37:30	920	888	902	910
2021-08-11T19:38:00	920	888	903	910
2021-08-11T19:38:30	921	888	903	910
2021-08-11T19:39:00	920	888	903	911
2021-08-11T19:39:30	920	889	903	910
2021-08-11T19:40:00	921	889	903	910
2021-08-11T19:40:30	920	889	903	911
2021-08-11T19:41:00	921	889	903	911
2021-08-11T19:41:30	921	889	904	911
2021-08-11T19:42:00	921	889	903	911
2021-08-11T19:42:30	920	890	904	911
2021-08-11T19:43:00	921	890	904	911
2021-08-11T19:43:30	921	890	904	911
2021-08-11T19:44:00	921	890	904	912
2021-08-11T19:44:30	921	891	904	912
2021-08-11T19:45:00	922	891	904	913
2021-08-11T19:45:30	922	891	904	912
2021-08-11T19:46:00	923	891	904	912
2021-08-11T19:46:30	922	891	904	912
2021-08-11T19:47:00	923	892	905	913
2021-08-11T19:47:30	922	892	905	913
2021-08-11T19:48:00	922	892	905	914
2021-08-11T19:48:30	923	892	905	913
2021-08-11T19:49:00	923	893	905	913
2021-08-11T19:49:30	924	893	905	914
2021-08-11T19:50:00	923	893	906	913
2021-08-11T19:50:30	924	893	906	914
2021-08-11T19:51:00	924	893	907	915
2021-08-11T19:51:30	924	893	906	914
2021-08-11T19:52:00	925	894	906	914
2021-08-11T19:52:30	924	894	906	915
2021-08-11T19:53:00	925	894	908	915
2021-08-11T19:53:30	925	895	908	915
2021-08-11T19:54:00	926	895	908	915
2021-08-11T19:54:30	926	895	908	916
2021-08-11T19:55:00	926	895	909	915
2021-08-11T19:55:30	926	895	908	916
2021-08-11T19:56:00	922	895	908	915
2021-08-11T19:56:30	917	895	907	914
2021-08-11T19:57:00	914	895	906	912
2021-08-11T19:57:30	912	895	906	913
2021-08-11T19:58:00	912	895	906	912
2021-08-11T19:58:30	910	895	905	910
2021-08-11T19:59:00	908	895	905	909
2021-08-11T19:59:30	907	895	905	908
2021-08-11T20:00:00	907	895	904	908
2021-08-11T20:00:30	906	895	904	907
2021-08-11T20:01:00	905	895	903	907
2021-08-11T20:01:30	904	895	903	906
2021-08-11T20:02:00	905	895	903	906
2021-08-11T20:02:30	904	895	904	907
2021-08-11T20:03:00	904	896	904	907
2021-08-11T20:03:30	905	896	904	907
2021-08-11T20:04:00	904	896	904	907
2021-08-11T20:04:30	904	896	904	907
2021-08-11T20:05:00	903	897	904	907
2021-08-11T20:05:30	904	897	904	907
2021-08-11T20:06:00	904	897	904	907
2021-08-11T20:06:30	903	898	904	907
2021-08-11T20:07:00	904	898	904	907
2021-08-11T20:07:30	903	898	904	907
2021-08-11T20:08:00	903	898	904	907
2021-08-11T20:08:30	903	898	904	907
2021-08-11T20:09:00	903	898	904	907
2021-08-11T20:09:30	805	851	875	899
2021-08-11T20:10:00	743	784	836	873
2021-08-11T20:10:30	601	657	757	841
2021-08-11T20:11:00	540	560	641	764
2021-08-11T20:11:30	483	486	580	693
2021-08-11T20:12:00	449	446	549	656
2021-08-11T20:12:30	422	427	536	613
2021-08-11T20:13:00	401	401	509	580
2021-08-11T20:13:30	381	384	497	553
2021-08-11T20:14:00	364	367	479	534
2021-08-11T20:14:30	357	353	456	510
2021-08-11T20:15:00	341	337	445	489
2021-08-11T20:15:30	325	325	428	475
2021-08-11T20:16:00	314	316	421	455
2021-08-11T20:16:30	307	305	407	438
2021-08-11T20:17:00	295	297	395	426
2021-08-11T20:17:30	284	286	390	410
2021-08-11T20:18:00	279	280	378	394
2021-08-11T20:18:30	273	274	369	379
2021-08-11T20:19:00	269	267	360	371
2021-08-11T20:19:30	262	260	357	360
2021-08-11T20:20:00	255	253	348	349
2021-08-11T20:20:30	247	245	339	341
2021-08-11T20:21:00	242	240	333	330
2021-08-11T20:21:30	236	234	326	320
