time	T1	T2	T3	T4
2021-09-02T11:01:23	26	27	28	27
2021-09-02T11:01:53	26	27	28	27
2021-09-02T11:02:23	26	26	28	27
2021-09-02T11:02:53	26	27	28	27
2021-09-02T11:03:23	26	26	29	27
2021-09-02T11:03:53	25	26	28	27
2021-09-02T11:04:23	25	26	29	27
2021-09-02T11:04:53	25	26	28	27
2021-09-02T11:05:23	25	26	28	27
2021-09-02T11:05:53	25	26	28	27
2021-09-02T11:06:23	25	26	28	26
2021-09-02T11:06:53	25	26	28	26
2021-09-02T11:07:23	25	26	28	26
2021-09-02T11:07:53	25	26	28	26
2021-09-02T11:08:23	25	26	28	26
2021-09-02T11:08:53	25	26	28	26
2021-09-02T11:09:23	25	25	28	26
2021-09-02T11:09:53	25	26	28	26
2021-09-02T11:10:23	25	26	28	26
2021-09-02T11:10:53	25	26	28	25
2021-09-02T11:11:23	25	26	28	26
2021-09-02T11:11:53	24	26	28	25
2021-09-02T11:12:23	24	26	28	26
2021-09-02T11:12:53	24	26	28	26
2021-09-02T11:13:23	24	26	28	26
2021-09-02T11:13:53	25	26	28	26
2021-09-02T11:14:23	25	26	28	26
2021-09-02T11:14:53	25	26	28	26
2021-09-02T11:15:23	25	26	28	26
2021-09-02T11:15:53	25	26	28	26
2021-09-02T11:16:23	25	26	28	26
2021-09-02T11:16:53	25	26	28	25
2021-09-02T11:17:23	25	26	28	25
2021-09-02T11:17:53	25	26	28	25
2021-09-02T11:18:23	25	27	30	25
2021-09-02T11:18:53	27	28	31	24
2021-09-02T11:19:23	28	29	32	26
2021-09-02T11:19:53	29	30	33	26
2021-09-02T11:20:23	31	32	34	27
2021-09-02T11:20:53	32	34	35	27
2021-09-02T11:21:23	33	34	35	28
2021-09-02T11:21:53	34	36	37	29
2021-09-02T11:22:23	35	37	38	30
2021-09-02T11:22:53	35	38	38	31
2021-09-02T11:23:23	37	40	42	32
2021-09-02T11:23:53	38	42	42	32
2021-09-02T11:24:23	39	42	42	34
2021-09-02T11:24:53	39	42	43	34
2021-09-02T11:25:23	39	43	42	35
2021-09-02T11:25:53	41	44	46	36
2021-09-02T11:26:23	42	46	47	37
2021-09-02T11:26:53	42	47	47	38
2021-09-02T11:27:23	43	47	47	39
2021-09-02T11:27:53	47	48	48	40
2021-09-02T11:28:23	48	48	48	41
2021-09-02T11:28:53	49	50	52	42
2021-09-02T11:29:23	50	52	53	42
2021-09-02T11:29:53	51	53	53	43
2021-09-02T11:30:23	50	53	53	44
2021-09-02T11:30:53	52	54	55	45
2021-09-02T11:31:23	52	55	56	46
2021-09-02T11:31:53	52	56	56	47
2021-09-02T11:32:23	52	56	56	47
2021-09-02T11:32:53	57	57	61	48
2021-09-02T11:33:23	60	59	62	49
2021-09-02T11:33:53	60	60	62	50
2021-09-02T11:34:23	60	61	61	51
2021-09-02T11:34:53	60	61	61	52
2021-09-02T11:35:23	61	62	65	53
2021-09-02T11:35:53	62	64	66	54
2021-09-02T11:36:23	61	64	65	55
2021-09-02T11:36:53	61	64	64	55
2021-09-02T11:37:23	65	65	68	56
2021-09-02T11:37:53	67	66	69	57
2021-09-02T11:38:23	67	66	68	58
2021-09-02T11:38:53	67	68	71	59
2021-09-02T11:39:23	68	69	72	59
2021-09-02T11:39:53	68	68	71	60
2021-09-02T11:40:23	71	69	73	61
2021-09-02T11:40:53	74	72	77	62
2021-09-02T11:41:23	75	73	76	63
2021-09-02T11:41:53	74	73	75	64
2021-09-02T11:42:23	74	73	78	66
2021-09-02T11:42:53	76	76	79	66
2021-09-02T11:43:23	76	76	79	67
2021-09-02T11:43:53	75	76	79	68
2021-09-02T11:44:23	77	78	82	69
2021-09-02T11:44:53	78	78	82	70
2021-09-02T11:45:23	80	79	81	70
2021-09-02T11:45:53	83	80	85	70
2021-09-02T11:46:23	84	82	85	73
2021-09-02T11:46:53	83	83	84	73
2021-09-02T11:47:23	84	84	87	75
2021-09-02T11:47:53	84	84	86	75
2021-09-02T11:48:23	84	85	89	76
2021-09-02T11:48:53	86	86	90	77
2021-09-02T11:49:23	88	86	90	78
2021-09-02T11:49:53	89	87	91	78
2021-09-02T11:50:23	93	90	94	80
2021-09-02T11:50:53	93	91	94	81
2021-09-02T11:51:23	92	91	93	82
2021-09-02T11:51:53	93	92	96	83
2021-09-02T11:52:23	92	93	95	84
2021-09-02T11:52:53	93	94	97	84
2021-09-02T11:53:23	93	94	98	85
2021-09-02T11:53:53	100	96	103	86
2021-09-02T11:54:23	101	98	102	87
2021-09-02T11:54:53	101	99	101	88
2021-09-02T11:55:23	100	99	103	89
2021-09-02T11:55:53	102	101	105	90
2021-09-02T11:56:23	101	101	104	91
2021-09-02T11:56:53	101	101	105	92
2021-09-02T11:57:23	102	103	106	92
2021-09-02T11:57:53	103	103	107	93
2021-09-02T11:58:23	109	106	111	94
2021-09-02T11:58:53	110	107	111	95
2021-09-02T11:59:23	109	107	109	96
2021-09-02T11:59:53	109	108	112	97
2021-09-02T12:00:23	109	109	112	98
2021-09-02T12:00:53	109	109	114	99
2021-09-02T12:01:23	109	110	114	100
2021-09-02T12:01:53	115	112	116	100
2021-09-02T12:02:23	116	113	117	101
2021-09-02T12:02:53	116	114	116	102
2021-09-02T12:03:23	117	115	118	103
2021-09-02T12:03:53	117	116	119	104
2021-09-02T12:04:23	117	117	122	105
2021-09-02T12:04:53	117	117	121	106
2021-09-02T12:05:23	121	117	123	107
2021-09-02T12:05:53	123	120	124	108
2021-09-02T12:06:23	122	120	123	109
2021-09-02T12:06:53	123	121	124	109
2021-09-02T12:07:23	124	123	127	110
2021-09-02T12:07:53	123	123	126	112
2021-09-02T12:08:23	124	124	129	112
2021-09-02T12:08:53	124	124	129	113
2021-09-02T12:09:23	127	126	131	114
2021-09-02T12:09:53	131	128	132	115
2021-09-02T12:10:23	131	128	132	116
2021-09-02T12:10:53	130	128	131	117
2021-09-02T12:11:23	132	131	136	118
2021-09-02T12:11:53	132	132	135	119
2021-09-02T12:12:23	132	132	135	120
2021-09-02T12:12:53	132	133	138	121
2021-09-02T12:13:23	135	134	137	122
2021-09-02T12:13:53	137	135	138	122
2021-09-02T12:14:23	138	137	141	124
2021-09-02T12:14:53	138	137	139	124
2021-09-02T12:15:23	138	138	143	125
2021-09-02T12:15:53	138	139	143	126
2021-09-02T12:16:23	139	139	142	127
2021-09-02T12:16:53	144	141	146	128
2021-09-02T12:17:23	144	142	145	129
2021-09-02T12:17:53	144	142	146	130
2021-09-02T12:18:23	146	144	149	131
2021-09-02T12:18:53	145	145	147	132
2021-09-02T12:19:23	147	145	149	132
2021-09-02T12:19:53	149	147	151	133
2021-09-02T12:20:23	150	147	152	134
2021-09-02T12:20:53	150	149	153	135
2021-09-02T12:21:23	150	149	152	136
2021-09-02T12:21:53	152	151	156	137
2021-09-02T12:22:23	151	152	155	138
2021-09-02T12:22:53	153	153	157	139
2021-09-02T12:23:23	155	153	157	140
2021-09-02T12:23:53	156	155	159	141
2021-09-02T12:24:23	156	156	159	142
2021-09-02T12:24:53	157	157	161	143
2021-09-02T12:25:23	157	158	161	144
2021-09-02T12:25:53	160	159	163	144
2021-09-02T12:26:23	161	159	164	145
2021-09-02T12:26:53	162	160	163	146
2021-09-02T12:27:23	163	162	167	147
2021-09-02T12:27:53	163	163	167	148
2021-09-02T12:28:23	162	163	166	149
2021-09-02T12:28:53	168	165	171	150
2021-09-02T12:29:23	169	166	170	151
2021-09-02T12:29:53	167	166	168	152
2021-09-02T12:30:23	168	167	173	153
2021-09-02T12:30:53	168	169	173	154
2021-09-02T12:31:23	169	169	171	155
2021-09-02T12:31:53	174	170	176	156
2021-09-02T12:32:23	176	172	176	157
2021-09-02T12:32:53	174	171	175	158
2021-09-02T12:33:23	175	172	176	159
2021-09-02T12:33:53	175	173	179	159
2021-09-02T12:34:23	176	175	179	160
2021-09-02T12:34:53	175	175	179	161
2021-09-02T12:35:23	180	177	183	162
2021-09-02T12:35:53	182	179	183	163
2021-09-02T12:36:23	181	178	182	164
2021-09-02T12:36:53	182	180	185	165
2021-09-02T12:37:23	182	181	185	166
2021-09-02T12:37:53	182	182	187	166
2021-09-02T12:38:23	185	183	188	167
2021-09-02T12:38:53	185	184	187	169
2021-09-02T12:39:23	185	184	189	169
2021-09-02T12:39:53	187	186	191	170
2021-09-02T12:40:23	186	186	189	171
2021-09-02T12:40:53	190	188	193	172
2021-09-02T12:41:23	191	189	192	173
2021-09-02T12:41:53	190	190	194	174
2021-09-02T12:42:23	191	191	195	175
2021-09-02T12:42:53	191	192	195	176
2021-09-02T12:43:23	196	193	195	176
2021-09-02T12:43:53	198	195	200	178
2021-09-02T12:44:23	198	195	198	179
2021-09-02T12:44:53	197	195	201	180
2021-09-02T12:45:23	197	196	201	181
2021-09-02T12:45:53	197	197	201	181
2021-09-02T12:46:23	199	198	203	182
2021-09-02T12:46:53	202	199	203	183
2021-09-02T12:47:23	204	201	205	184
2021-09-02T12:47:53	203	201	205	185
2021-09-02T12:48:23	204	203	207	186
2021-09-02T12:48:53	204	203	206	187
2021-09-02T12:49:23	205	205	209	188
2021-09-02T12:49:53	206	205	209	189
2021-09-02T12:50:23	210	207	211	189
2021-09-02T12:50:53	210	207	210	190
2021-09-02T12:51:23	210	209	213	192
2021-09-02T12:51:53	210	210	212	193
2021-09-02T12:52:23	212	210	214	193
2021-09-02T12:52:53	213	211	215	194
2021-09-02T12:53:23	212	211	215	195
2021-09-02T12:53:53	214	213	220	196
2021-09-02T12:54:23	214	214	217	197
2021-09-02T12:54:53	217	215	220	198
2021-09-02T12:55:23	218	216	220	199
2021-09-02T12:55:53	218	217	221	200
2021-09-02T12:56:23	218	218	223	202
2021-09-02T12:56:53	220	218	222	202
2021-09-02T12:57:23	222	220	225	203
2021-09-02T12:57:53	222	220	224	204
2021-09-02T12:58:23	223	222	227	205
2021-09-02T12:58:53	223	222	227	206
2021-09-02T12:59:23	228	223	229	207
2021-09-02T13:00:03	228	225	229	208
2021-09-02T13:00:33	228	226	231	209
2021-09-02T13:01:03	228	227	231	210
2021-09-02T13:01:33	227	227	233	211
2021-09-02T13:02:03	232	229	234	212
2021-09-02T13:02:33	232	229	233	213
2021-09-02T13:03:03	233	231	236	214
2021-09-02T13:03:33	232	232	234	215
2021-09-02T13:04:03	236	233	239	216
2021-09-02T13:04:33	237	234	239	217
2021-09-02T13:05:03	237	234	238	218
2021-09-02T13:05:33	237	235	240	219
2021-09-02T13:06:03	238	236	242	219
2021-09-02T13:06:33	237	237	240	220
2021-09-02T13:07:03	242	238	245	221
2021-09-02T13:07:33	243	240	244	222
2021-09-02T13:08:03	242	240	245	223
2021-09-02T13:08:33	241	241	244	224
2021-09-02T13:09:03	245	242	249	225
2021-09-02T13:09:33	246	244	248	226
2021-09-02T13:10:03	246	244	250	227
2021-09-02T13:10:33	246	245	250	228
2021-09-02T13:11:03	250	245	252	229
2021-09-02T13:11:33	250	247	252	230
2021-09-02T13:12:03	249	247	253	231
2021-09-02T13:12:33	249	248	254	232
2021-09-02T13:13:03	254	249	254	232
2021-09-02T13:13:33	255	250	256	233
2021-09-02T13:14:03	254	250	255	234
2021-09-02T13:14:33	255	252	258	235
2021-09-02T13:15:03	253	252	258	236
2021-09-02T13:15:33	260	255	260	237
2021-09-02T13:16:03	259	255	259	238
2021-09-02T13:16:33	259	256	261	239
2021-09-02T13:17:03	258	256	261	240
2021-09-02T13:17:33	262	258	264	241
2021-09-02T13:18:03	262	259	265	241
2021-09-02T13:18:33	262	260	266	243
2021-09-02T13:19:03	265	260	265	243
2021-09-02T13:19:33	266	262	269	245
2021-09-02T13:20:03	265	262	268	245
2021-09-02T13:20:33	265	263	270	246
2021-09-02T13:21:03	270	263	269	247
2021-09-02T13:21:33	271	265	272	248
2021-09-02T13:22:03	270	265	272	250
2021-09-02T13:22:33	271	267	273	252
2021-09-02T13:23:03	271	267	274	252
2021-09-02T13:23:33	275	269	277	253
2021-09-02T13:24:03	274	269	275	254
2021-09-02T13:24:33	275	271	278	255
2021-09-02T13:25:03	276	271	277	256
2021-09-02T13:25:33	277	273	280	257
2021-09-02T13:26:03	276	274	278	258
2021-09-02T13:26:33	278	275	282	259
2021-09-02T13:27:03	279	275	281	260
2021-09-02T13:27:33	279	276	283	260
2021-09-02T13:28:03	282	277	283	261
2021-09-02T13:28:33	285	280	286	263
2021-09-02T13:29:03	283	280	284	263
2021-09-02T13:29:33	283	282	288	264
2021-09-02T13:30:03	284	282	286	265
2021-09-02T13:30:33	287	283	289	266
2021-09-02T13:31:03	288	284	291	268
2021-09-02T13:31:33	287	284	290	269
2021-09-02T13:32:03	292	286	294	269
2021-09-02T13:32:33	291	287	292	270
2021-09-02T13:33:03	291	288	295	271
2021-09-02T13:33:33	290	288	294	272
2021-09-02T13:34:03	295	290	297	273
2021-09-02T13:34:33	294	290	295	274
2021-09-02T13:35:03	295	291	299	275
2021-09-02T13:35:33	294	292	297	276
2021-09-02T13:36:03	299	293	300	277
2021-09-02T13:36:33	299	294	301	278
2021-09-02T13:37:03	298	294	303	279
2021-09-02T13:37:33	298	295	302	280
2021-09-02T13:38:03	303	297	305	280
2021-09-02T13:38:33	302	296	304	282
2021-09-02T13:39:03	301	298	307	282
2021-09-02T13:39:33	304	298	306	283
2021-09-02T13:40:03	305	299	307	284
2021-09-02T13:40:33	305	301	309	285
2021-09-02T13:41:03	306	301	309	286
2021-09-02T13:41:33	307	303	311	286
2021-09-02T13:42:03	309	303	311	288
2021-09-02T13:42:33	309	304	313	289
2021-09-02T13:43:03	308	305	313	290
2021-09-02T13:43:33	313	306	314	290
2021-09-02T13:44:03	314	308	316	292
2021-09-02T13:44:33	313	308	317	293
2021-09-02T13:45:03	313	309	316	293
2021-09-02T13:45:33	317	311	320	293
2021-09-02T13:46:03	317	311	319	294
2021-09-02T13:46:33	316	311	321	295
2021-09-02T13:47:03	319	312	322	297
2021-09-02T13:47:33	320	313	322	298
2021-09-02T13:48:03	321	314	323	299
2021-09-02T13:48:33	322	314	325	300
2021-09-02T13:49:03	322	315	325	301
2021-09-02T13:49:33	324	317	325	302
2021-09-02T13:50:03	324	319	329	303
2021-09-02T13:50:33	325	319	328	304
2021-09-02T13:51:03	325	320	328	305
2021-09-02T13:51:33	328	321	330	306
2021-09-02T13:52:03	330	322	331	307
2021-09-02T13:52:33	329	323	332	308
2021-09-02T13:53:03	330	324	333	309
2021-09-02T13:53:33	332	325	335	311
2021-09-02T13:54:03	333	325	336	311
2021-09-02T13:54:33	332	327	337	312
2021-09-02T13:55:03	335	327	337	313
2021-09-02T13:55:33	336	327	337	314
2021-09-02T13:56:03	335	329	340	315
2021-09-02T13:56:33	338	329	338	316
2021-09-02T13:57:03	338	330	341	317
2021-09-02T13:57:33	339	331	342	318
2021-09-02T13:58:03	341	333	344	319
2021-09-02T13:58:33	340	334	342	319
2021-09-02T13:59:03	342	335	346	320
2021-09-02T13:59:33	343	335	344	321
2021-09-02T14:00:03	344	337	348	322
2021-09-02T14:00:33	345	336	347	323
2021-09-02T14:01:03	345	338	350	325
2021-09-02T14:01:33	347	339	348	325
2021-09-02T14:02:03	347	341	351	326
2021-09-02T14:02:33	351	342	352	327
2021-09-02T14:03:03	349	342	351	328
2021-09-02T14:03:33	351	343	355	329
2021-09-02T14:04:03	350	344	353	330
2021-09-02T14:04:33	355	345	357	331
2021-09-02T14:05:03	354	345	356	332
2021-09-02T14:05:33	354	347	359	333
2021-09-02T14:06:03	355	347	357	334
2021-09-02T14:06:33	357	348	360	335
2021-09-02T14:07:03	358	349	359	336
2021-09-02T14:07:33	357	350	363	337
2021-09-02T14:08:03	359	350	362	338
2021-09-02T14:08:33	359	352	365	340
2021-09-02T14:09:03	362	353	364	341
2021-09-02T14:09:33	361	354	365	342
2021-09-02T14:10:03	364	356	368	343
2021-09-02T14:10:33	363	356	367	343
2021-09-02T14:11:03	366	357	368	344
2021-09-02T14:11:33	366	358	370	345
2021-09-02T14:12:03	368	359	371	346
2021-09-02T14:12:33	366	360	371	347
2021-09-02T14:13:03	370	360	372	349
2021-09-02T14:13:33	369	360	373	349
2021-09-02T14:14:03	372	363	375	351
2021-09-02T14:14:33	371	363	376	352
2021-09-02T14:15:03	374	364	377	352
2021-09-02T14:15:33	374	364	377	354
2021-09-02T14:16:03	375	366	377	355
2021-09-02T14:16:33	374	367	380	355
2021-09-02T14:17:03	377	367	380	356
2021-09-02T14:17:33	377	368	380	357
2021-09-02T14:18:03	380	370	383	358
2021-09-02T14:18:33	379	370	383	359
2021-09-02T14:19:03	381	372	384	360
2021-09-02T14:19:33	381	372	386	361
2021-09-02T14:20:03	383	373	386	362
2021-09-02T14:20:33	382	374	388	363
2021-09-02T14:21:03	386	376	388	364
2021-09-02T14:21:33	386	376	388	365
2021-09-02T14:22:03	387	377	389	366
2021-09-02T14:22:33	388	378	392	367
2021-09-02T14:23:03	389	378	391	368
2021-09-02T14:23:33	391	380	393	369
2021-09-02T14:24:03	390	381	393	370
2021-09-02T14:24:33	392	382	395	371
2021-09-02T14:25:03	394	384	397	372
2021-09-02T14:25:33	393	383	396	373
2021-09-02T14:26:03	397	385	398	374
2021-09-02T14:26:33	394	385	399	375
2021-09-02T14:27:03	397	386	400	376
2021-09-02T14:27:33	397	387	401	377
2021-09-02T14:28:03	399	388	402	378
2021-09-02T14:28:33	400	389	403	378
2021-09-02T14:29:03	402	390	404	379
2021-09-02T14:29:33	402	390	405	381
2021-09-02T14:30:03	402	391	405	382
2021-09-02T14:30:33	405	392	407	382
2021-09-02T14:31:03	406	393	406	383
2021-09-02T14:31:33	406	395	408	385
2021-09-02T14:32:03	406	396	410	386
2021-09-02T14:32:33	407	396	409	387
2021-09-02T14:33:03	409	398	413	387
2021-09-02T14:33:33	409	398	411	389
2021-09-02T14:34:03	409	400	414	389
2021-09-02T14:34:33	411	400	414	391
2021-09-02T14:35:03	412	401	416	391
2021-09-02T14:35:33	412	401	415	392
2021-09-02T14:36:03	415	402	418	393
2021-09-02T14:36:33	414	403	418	394
2021-09-02T14:37:03	418	405	419	396
2021-09-02T14:37:33	418	406	421	397
2021-09-02T14:38:03	417	406	422	397
2021-09-02T14:38:33	420	406	423	398
2021-09-02T14:39:03	419	408	424	399
2021-09-02T14:39:33	422	409	424	401
2021-09-02T14:40:03	423	410	424	401
2021-09-02T14:40:33	423	411	426	403
2021-09-02T14:41:03	424	411	428	404
2021-09-02T14:41:33	425	412	427	405
2021-09-02T14:42:03	426	415	431	406
2021-09-02T14:42:33	427	415	429	406
2021-09-02T14:43:03	428	415	432	408
2021-09-02T14:43:33	428	416	433	409
2021-09-02T14:44:03	430	417	432	410
2021-09-02T14:44:33	431	418	435	411
2021-09-02T14:45:03	432	418	435	413
2021-09-02T14:45:33	432	420	435	413
2021-09-02T14:46:03	433	421	437	414
2021-09-02T14:46:33	436	422	437	415
2021-09-02T14:47:03	435	423	440	415
2021-09-02T14:47:33	438	424	439	417
2021-09-02T14:48:03	437	425	442	418
2021-09-02T14:48:33	441	426	442	419
2021-09-02T14:49:03	439	427	443	421
2021-09-02T14:49:33	442	428	443	421
2021-09-02T14:50:03	441	429	445	422
2021-09-02T14:50:33	445	430	447	422
2021-09-02T14:51:03	442	431	447	424
2021-09-02T14:51:33	446	432	447	425
2021-09-02T14:52:03	446	433	450	425
2021-09-02T14:52:33	446	433	450	427
2021-09-02T14:53:03	446	434	450	428
2021-09-02T14:53:33	450	436	452	428
2021-09-02T14:54:03	449	437	453	430
2021-09-02T14:54:33	452	438	453	431
2021-09-02T14:55:03	453	439	455	432
2021-09-02T14:55:33	451	439	456	433
2021-09-02T14:56:03	455	440	458	434
2021-09-02T14:56:33	454	441	458	435
2021-09-02T14:57:03	454	441	458	436
2021-09-02T14:57:33	458	443	460	437
2021-09-02T14:58:03	456	443	460	438
2021-09-02T14:58:33	460	445	462	439
2021-09-02T14:59:03	461	446	463	440
2021-09-02T14:59:33	460	447	463	441
2021-09-02T15:00:03	463	448	465	442
2021-09-02T15:00:33	463	449	467	442
2021-09-02T15:01:03	463	450	466	443
2021-09-02T15:01:33	466	451	468	445
2021-09-02T15:02:03	465	452	470	447
2021-09-02T15:02:33	467	453	469	446
2021-09-02T15:03:03	466	454	470	447
2021-09-02T15:03:33	470	455	472	448
2021-09-02T15:04:03	470	456	472	449
2021-09-02T15:04:33	470	457	474	451
2021-09-02T15:05:03	471	457	475	451
2021-09-02T15:05:33	472	458	475	452
2021-09-02T15:06:03	474	459	476	453
2021-09-02T15:06:33	475	459	478	454
2021-09-02T15:07:03	476	460	479	455
2021-09-02T15:07:33	476	462	478	456
2021-09-02T15:08:03	478	463	481	458
2021-09-02T15:08:33	478	464	482	458
2021-09-02T15:09:03	479	464	481	459
2021-09-02T15:09:33	481	466	485	460
2021-09-02T15:10:03	480	467	485	461
2021-09-02T15:10:33	482	467	484	463
2021-09-02T15:11:03	485	469	487	463
2021-09-02T15:11:33	484	470	487	464
2021-09-02T15:12:03	485	471	488	466
2021-09-02T15:12:33	487	472	491	466
2021-09-02T15:13:03	486	472	490	467
2021-09-02T15:13:33	488	473	490	468
2021-09-02T15:14:03	489	475	493	469
2021-09-02T15:14:33	491	476	492	470
2021-09-02T15:15:03	491	477	493	471
2021-09-02T15:15:33	492	478	496	472
2021-09-02T15:16:03	494	478	497	473
2021-09-02T15:16:33	495	479	496	474
2021-09-02T15:17:03	496	480	497	475
2021-09-02T15:17:33	497	482	501	476
2021-09-02T15:18:03	497	482	499	477
2021-09-02T15:18:33	499	483	501	479
2021-09-02T15:19:03	499	485	502	479
2021-09-02T15:19:33	498	486	503	481
2021-09-02T15:20:03	502	487	504	481
2021-09-02T15:20:33	500	487	505	482
2021-09-02T15:21:03	503	489	505	484
2021-09-02T15:21:33	503	490	507	484
2021-09-02T15:22:03	506	490	509	485
2021-09-02T15:22:33	506	490	509	486
2021-09-02T15:23:03	507	492	511	487
2021-09-02T15:23:33	507	493	511	488
2021-09-02T15:24:03	509	494	512	489
2021-09-02T15:24:33	508	495	514	490
2021-09-02T15:25:03	511	496	514	491
2021-09-02T15:25:33	511	497	514	492
2021-09-02T15:26:03	511	498	514	493
2021-09-02T15:26:33	514	499	518	494
2021-09-02T15:27:03	515	499	517	495
2021-09-02T15:27:33	514	500	518	496
2021-09-02T15:28:03	517	501	520	497
2021-09-02T15:28:33	518	502	520	498
2021-09-02T15:29:03	517	503	521	499
2021-09-02T15:29:33	520	504	522	500
2021-09-02T15:30:03	521	506	524	501
2021-09-02T15:30:33	523	506	524	502
2021-09-02T15:31:03	523	508	525	503
2021-09-02T15:31:33	524	508	527	504
2021-09-02T15:32:03	525	509	528	505
2021-09-02T15:32:33	526	510	529	506
2021-09-02T15:33:03	527	510	530	507
2021-09-02T15:33:33	528	512	530	508
2021-09-02T15:34:03	529	513	533	509
2021-09-02T15:34:33	529	513	533	510
2021-09-02T15:35:03	530	514	532	511
2021-09-02T15:35:33	533	515	536	512
2021-09-02T15:36:03	531	517	536	513
2021-09-02T15:36:33	532	517	535	514
2021-09-02T15:37:03	536	519	539	515
2021-09-02T15:37:33	535	519	540	516
2021-09-02T15:38:03	537	521	540	517
2021-09-02T15:38:33	538	521	541	518
2021-09-02T15:39:03	537	523	541	519
2021-09-02T15:39:33	539	524	543	520
2021-09-02T15:40:03	541	525	545	521
2021-09-02T15:40:33	541	526	543	522
2021-09-02T15:41:03	542	527	544	523
2021-09-02T15:41:33	543	528	545	524
2021-09-02T15:42:03	546	530	548	525
2021-09-02T15:42:33	545	530	547	526
2021-09-02T15:43:03	545	532	549	527
2021-09-02T15:43:33	546	532	549	529
2021-09-02T15:44:03	547	533	553	529
2021-09-02T15:44:33	550	534	553	530
2021-09-02T15:45:03	549	535	554	532
2021-09-02T15:45:33	552	536	556	532
2021-09-02T15:46:03	552	537	555	533
2021-09-02T15:46:33	553	538	556	535
2021-09-02T15:47:03	556	540	558	535
2021-09-02T15:47:33	555	541	557	537
2021-09-02T15:48:03	556	541	559	538
2021-09-02T15:48:33	556	542	560	540
2021-09-02T15:49:03	557	543	561	539
2021-09-02T15:49:33	558	544	562	541
2021-09-02T15:50:03	560	544	563	542
2021-09-02T15:50:33	561	545	564	543
2021-09-02T15:51:03	562	546	565	544
2021-09-02T15:51:33	563	548	566	545
2021-09-02T15:52:03	564	549	568	546
2021-09-02T15:52:33	564	550	567	547
2021-09-02T15:53:03	567	550	569	548
2021-09-02T15:53:33	568	552	570	549
2021-09-02T15:54:03	568	552	571	550
2021-09-02T15:54:33	568	553	571	551
2021-09-02T15:55:03	570	555	572	552
2021-09-02T15:55:33	571	556	573	553
2021-09-02T15:56:03	573	557	576	554
2021-09-02T15:56:33	574	557	577	555
2021-09-02T15:57:03	574	558	577	556
2021-09-02T15:57:33	574	558	578	557
2021-09-02T15:58:03	575	560	578	558
2021-09-02T15:58:33	578	562	579	559
2021-09-02T15:59:03	578	563	581	560
2021-09-02T15:59:33	578	564	582	561
2021-09-02T16:00:03	580	564	583	562
2021-09-02T16:00:33	582	565	583	564
2021-09-02T16:01:03	581	566	584	564
2021-09-02T16:01:33	583	567	586	565
2021-09-02T16:02:03	585	568	586	567
2021-09-02T16:02:33	585	569	587	568
2021-09-02T16:03:03	585	570	589	568
2021-09-02T16:03:33	587	571	589	570
2021-09-02T16:04:03	588	572	590	571
2021-09-02T16:04:33	589	573	592	572
2021-09-02T16:05:03	590	574	592	573
2021-09-02T16:05:33	591	575	594	574
2021-09-02T16:06:03	593	576	596	575
2021-09-02T16:06:33	594	577	594	576
2021-09-02T16:07:03	591	577	595	577
2021-09-02T16:07:33	594	579	597	578
2021-09-02T16:08:03	596	579	597	579
2021-09-02T16:08:33	598	580	600	579
2021-09-02T16:09:03	596	581	601	581
2021-09-02T16:09:33	597	582	600	582
2021-09-02T16:10:03	600	583	603	583
2021-09-02T16:10:33	600	584	603	584
2021-09-02T16:11:03	601	585	605	585
2021-09-02T16:11:33	602	586	606	586
2021-09-02T16:12:03	602	587	607	587
2021-09-02T16:12:33	605	588	608	588
2021-09-02T16:13:03	605	589	610	589
2021-09-02T16:13:33	606	590	609	590
2021-09-02T16:14:03	606	591	610	591
2021-09-02T16:14:33	609	591	613	593
2021-09-02T16:15:03	610	592	611	594
2021-09-02T16:15:33	610	593	614	595
2021-09-02T16:16:03	610	594	614	596
2021-09-02T16:16:33	611	595	614	597
2021-09-02T16:17:03	613	597	615	598
2021-09-02T16:17:33	613	597	616	599
2021-09-02T16:18:03	614	598	619	600
2021-09-02T16:18:33	616	599	619	601
2021-09-02T16:19:03	618	600	620	602
2021-09-02T16:19:33	619	601	622	603
2021-09-02T16:20:03	617	602	621	604
2021-09-02T16:20:33	620	603	622	604
2021-09-02T16:21:03	620	603	623	606
2021-09-02T16:21:33	622	605	625	607
2021-09-02T16:22:03	622	606	626	608
2021-09-02T16:22:33	624	607	627	609
2021-09-02T16:23:03	624	608	627	610
2021-09-02T16:23:33	625	608	628	611
2021-09-02T16:24:03	626	610	630	612
2021-09-02T16:24:33	629	611	632	614
2021-09-02T16:25:03	630	612	632	614
2021-09-02T16:25:33	629	612	631	615
2021-09-02T16:26:03	631	614	634	617
2021-09-02T16:26:33	632	614	634	618
2021-09-02T16:27:03	631	616	635	619
2021-09-02T16:27:33	634	617	637	620
2021-09-02T16:28:03	636	618	638	621
2021-09-02T16:28:33	637	618	637	622
2021-09-02T16:29:03	635	619	639	623
2021-09-02T16:29:33	638	620	640	624
2021-09-02T16:30:03	638	622	642	625
2021-09-02T16:30:33	640	622	641	626
2021-09-02T16:31:03	641	624	644	627
2021-09-02T16:31:33	643	625	645	628
2021-09-02T16:32:03	642	625	645	629
2021-09-02T16:32:33	643	626	646	630
2021-09-02T16:33:03	644	628	647	631
2021-09-02T16:33:33	645	629	648	633
2021-09-02T16:34:03	645	629	649	633
2021-09-02T16:34:33	649	631	652	634
2021-09-02T16:35:03	649	631	652	636
2021-09-02T16:35:33	650	632	653	636
2021-09-02T16:36:03	649	633	652	637
2021-09-02T16:36:33	652	634	655	638
2021-09-02T16:37:03	653	635	656	639
2021-09-02T16:37:33	654	637	658	640
2021-09-02T16:38:03	655	638	657	641
2021-09-02T16:38:33	657	638	658	642
2021-09-02T16:39:03	657	639	659	644
2021-09-02T16:39:33	658	641	661	644
2021-09-02T16:40:03	661	641	662	646
2021-09-02T16:40:33	657	642	663	646
2021-09-02T16:41:03	660	643	664	648
2021-09-02T16:41:33	662	644	665	649
2021-09-02T16:42:03	664	645	665	651
2021-09-02T16:42:33	664	646	665	650
2021-09-02T16:43:03	665	647	667	651
2021-09-02T16:43:33	665	648	669	653
2021-09-02T16:44:03	666	649	670	653
2021-09-02T16:44:33	668	650	672	654
2021-09-02T16:45:03	668	651	672	655
2021-09-02T16:45:33	670	652	672	656
2021-09-02T16:46:03	671	654	673	658
2021-09-02T16:46:33	672	653	675	659
2021-09-02T16:47:03	672	654	675	660
2021-09-02T16:47:33	673	655	677	660
2021-09-02T16:48:03	673	657	678	661
2021-09-02T16:48:33	677	658	679	662
2021-09-02T16:49:03	677	659	679	663
2021-09-02T16:49:33	678	660	680	664
2021-09-02T16:50:03	677	661	681	665
2021-09-02T16:50:33	678	663	683	667
2021-09-02T16:51:03	678	663	683	668
2021-09-02T16:51:33	682	664	685	668
2021-09-02T16:52:03	683	666	684	669
2021-09-02T16:52:33	684	665	684	670
2021-09-02T16:53:03	684	667	687	671
2021-09-02T16:53:33	683	668	687	672
2021-09-02T16:54:03	685	669	688	674
2021-09-02T16:54:33	686	670	690	675
2021-09-02T16:55:03	687	671	691	675
2021-09-02T16:55:33	689	672	691	677
2021-09-02T16:56:03	688	672	691	677
2021-09-02T16:56:33	691	674	693	679
2021-09-02T16:57:03	692	675	694	681
2021-09-02T16:57:33	691	676	696	682
2021-09-02T16:58:03	693	677	697	683
2021-09-02T16:58:33	694	678	697	684
2021-09-02T16:59:03	695	678	697	685
2021-09-02T16:59:33	696	680	699	685
2021-09-02T17:00:03	697	681	701	687
2021-09-02T17:00:33	698	682	701	688
2021-09-02T17:01:03	698	683	702	688
2021-09-02T17:01:33	700	684	703	689
2021-09-02T17:02:03	700	685	703	690
2021-09-02T17:02:33	702	686	705	691
2021-09-02T17:03:03	704	687	706	693
2021-09-02T17:03:33	704	688	707	694
2021-09-02T17:04:03	705	689	707	693
2021-09-02T17:04:33	706	690	710	694
2021-09-02T17:05:03	706	690	709	695
2021-09-02T17:05:33	707	691	710	697
2021-09-02T17:06:03	708	692	711	699
2021-09-02T17:06:33	711	694	713	700
2021-09-02T17:07:03	711	694	714	701
2021-09-02T17:07:33	713	696	714	701
2021-09-02T17:08:03	712	697	717	702
2021-09-02T17:08:33	716	697	718	703
2021-09-02T17:09:03	716	698	718	704
2021-09-02T17:09:33	718	699	719	706
2021-09-02T17:10:03	718	701	720	707
2021-09-02T17:10:33	719	702	720	707
2021-09-02T17:11:03	720	703	723	708
2021-09-02T17:11:33	721	703	724	710
2021-09-02T17:12:03	723	705	725	710
2021-09-02T17:12:33	723	705	727	712
2021-09-02T17:13:03	724	707	727	713
2021-09-02T17:13:33	725	708	727	713
2021-09-02T17:14:03	727	708	728	714
2021-09-02T17:14:33	727	709	730	715
2021-09-02T17:15:03	728	710	731	716
2021-09-02T17:15:33	728	711	732	717
2021-09-02T17:16:03	729	712	732	718
2021-09-02T17:16:33	731	714	734	720
2021-09-02T17:17:03	733	715	733	720
2021-09-02T17:17:33	733	715	736	720
2021-09-02T17:18:03	733	716	736	722
2021-09-02T17:18:33	734	717	737	723
2021-09-02T17:19:03	736	718	738	724
2021-09-02T17:19:33	737	719	739	726
2021-09-02T17:20:03	738	721	741	726
2021-09-02T17:20:33	739	720	740	726
2021-09-02T17:21:03	738	721	741	727
2021-09-02T17:21:33	739	723	742	729
2021-09-02T17:22:03	741	723	744	731
2021-09-02T17:22:33	743	725	745	732
2021-09-02T17:23:03	743	725	747	732
2021-09-02T17:23:33	744	727	746	733
2021-09-02T17:24:03	745	727	747	734
2021-09-02T17:24:33	745	728	749	736
2021-09-02T17:25:03	746	729	750	737
2021-09-02T17:25:33	747	730	751	738
2021-09-02T17:26:03	748	731	752	738
2021-09-02T17:26:33	749	732	751	739
2021-09-02T17:27:03	751	733	753	740
2021-09-02T17:27:33	751	734	754	741
2021-09-02T17:28:03	751	734	755	742
2021-09-02T17:28:33	753	736	756	744
2021-09-02T17:29:03	753	737	757	744
2021-09-02T17:29:33	755	738	758	745
2021-09-02T17:30:03	758	739	759	746
2021-09-02T17:30:33	756	740	759	747
2021-09-02T17:31:03	757	741	760	748
2021-09-02T17:31:33	758	742	762	749
2021-09-02T17:32:03	760	743	763	750
2021-09-02T17:32:33	760	744	764	751
2021-09-02T17:33:03	762	745	765	752
2021-09-02T17:33:33	763	746	765	753
2021-09-02T17:34:03	765	747	767	754
2021-09-02T17:34:33	764	749	768	755
2021-09-02T17:35:03	765	749	768	756
2021-09-02T17:35:33	767	751	770	757
2021-09-02T17:36:03	767	751	770	758
2021-09-02T17:36:33	769	752	772	759
2021-09-02T17:37:03	770	754	772	760
2021-09-02T17:37:33	772	754	774	761
2021-09-02T17:38:03	772	756	774	762
2021-09-02T17:38:33	774	756	776	763
2021-09-02T17:39:03	774	758	778	764
2021-09-02T17:39:33	774	759	777	765
2021-09-02T17:40:03	777	759	779	766
2021-09-02T17:40:33	779	761	781	766
2021-09-02T17:41:03	778	761	780	768
2021-09-02T17:41:33	778	763	781	768
2021-09-02T17:42:03	780	763	783	769
2021-09-02T17:42:33	781	764	785	770
2021-09-02T17:43:03	782	765	785	772
2021-09-02T17:43:33	783	766	786	772
2021-09-02T17:44:03	784	767	787	773
2021-09-02T17:44:33	785	768	787	774
2021-09-02T17:45:03	786	769	788	775
2021-09-02T17:45:33	789	770	790	776
2021-09-02T17:46:03	789	771	792	777
2021-09-02T17:46:33	790	771	792	778
2021-09-02T17:47:03	791	773	792	778
2021-09-02T17:47:33	792	774	794	780
2021-09-02T17:48:03	793	774	796	780
2021-09-02T17:48:33	794	775	795	781
2021-09-02T17:49:03	795	776	798	783
2021-09-02T17:49:33	795	777	797	784
2021-09-02T17:50:03	797	778	799	785
2021-09-02T17:50:33	797	779	800	786
2021-09-02T17:51:03	799	780	801	786
2021-09-02T17:51:33	800	781	801	787
2021-09-02T17:52:03	801	781	802	788
2021-09-02T17:52:33	801	783	805	790
2021-09-02T17:53:03	801	783	804	790
2021-09-02T17:53:33	802	785	807	791
2021-09-02T17:54:03	803	785	806	792
2021-09-02T17:54:33	805	787	808	793
2021-09-02T17:55:03	804	787	808	794
2021-09-02T17:55:33	806	788	809	795
2021-09-02T17:56:03	808	789	811	797
2021-09-02T17:56:33	809	790	812	798
2021-09-02T17:57:03	809	791	811	798
2021-09-02T17:57:33	811	792	814	800
2021-09-02T17:58:03	811	792	813	800
2021-09-02T17:58:33	811	793	816	801
2021-09-02T17:59:03	813	794	816	803
2021-09-02T17:59:33	813	795	816	804
2021-09-02T18:00:03	815	796	820	805
2021-09-02T18:00:33	815	796	818	806
2021-09-02T18:01:03	816	798	821	807
2021-09-02T18:01:33	817	799	821	808
2021-09-02T18:02:03	818	800	822	809
2021-09-02T18:02:33	820	800	822	810
2021-09-02T18:03:03	821	802	824	811
2021-09-02T18:03:33	822	802	823	812
2021-09-02T18:04:03	822	803	826	813
2021-09-02T18:04:33	823	804	825	814
2021-09-02T18:05:03	825	805	829	815
2021-09-02T18:05:33	826	806	827	816
2021-09-02T18:06:03	826	807	830	817
2021-09-02T18:06:33	827	808	830	819
2021-09-02T18:07:03	828	810	830	820
2021-09-02T18:07:33	829	810	832	820
2021-09-02T18:08:03	831	812	834	821
2021-09-02T18:08:33	831	812	834	823
2021-09-02T18:09:03	833	812	836	823
2021-09-02T18:09:33	834	815	836	824
2021-09-02T18:10:03	835	815	838	825
2021-09-02T18:10:33	836	816	838	826
2021-09-02T18:11:03	837	818	840	827
2021-09-02T18:11:33	837	818	840	830
2021-09-02T18:12:03	840	820	842	830
2021-09-02T18:12:33	842	820	843	831
2021-09-02T18:13:03	840	821	843	832
2021-09-02T18:13:33	841	823	845	833
2021-09-02T18:14:03	842	823	846	834
2021-09-02T18:14:33	845	824	846	835
2021-09-02T18:15:03	846	825	848	836
2021-09-02T18:15:33	847	826	849	837
2021-09-02T18:16:03	848	827	849	838
2021-09-02T18:16:33	847	828	850	839
2021-09-02T18:17:03	850	829	852	841
2021-09-02T18:17:33	850	830	853	841
2021-09-02T18:18:03	850	831	853	843
2021-09-02T18:18:33	852	832	854	844
2021-09-02T18:19:03	852	832	855	844
2021-09-02T18:19:33	854	834	856	845
2021-09-02T18:20:03	854	835	858	847
2021-09-02T18:20:33	855	836	859	847
2021-09-02T18:21:03	857	837	860	849
2021-09-02T18:21:33	857	838	861	849
2021-09-02T18:22:03	859	839	862	850
2021-09-02T18:22:33	861	840	862	851
2021-09-02T18:23:03	861	841	865	852
2021-09-02T18:23:33	863	841	865	854
2021-09-02T18:24:03	862	843	866	856
2021-09-02T18:24:33	865	844	868	856
2021-09-02T18:25:03	865	844	867	856
2021-09-02T18:25:33	865	846	869	857
2021-09-02T18:26:03	867	847	870	859
2021-09-02T18:26:33	869	848	870	860
2021-09-02T18:27:03	869	849	873	862
2021-09-02T18:27:33	870	850	873	863
2021-09-02T18:28:03	872	851	874	863
2021-09-02T18:28:33	872	852	874	865
2021-09-02T18:29:03	871	853	875	865
2021-09-02T18:29:33	872	854	876	866
2021-09-02T18:30:03	874	855	877	867
2021-09-02T18:30:33	876	857	879	868
2021-09-02T18:31:03	875	857	878	870
2021-09-02T18:31:33	877	859	881	871
2021-09-02T18:32:03	879	860	881	872
2021-09-02T18:32:33	879	860	881	873
2021-09-02T18:33:03	879	862	883	873
2021-09-02T18:33:33	880	863	884	874
2021-09-02T18:34:03	881	864	884	875
2021-09-02T18:34:33	884	866	886	876
2021-09-02T18:35:03	883	866	886	878
2021-09-02T18:35:33	886	868	889	878
2021-09-02T18:36:03	887	868	889	880
2021-09-02T18:36:33	888	869	890	880
2021-09-02T18:37:03	888	870	891	882
2021-09-02T18:37:33	889	871	891	883
2021-09-02T18:38:03	890	873	894	884
2021-09-02T18:38:33	891	874	894	885
2021-09-02T18:39:03	893	874	894	886
2021-09-02T18:39:33	892	875	895	887
2021-09-02T18:40:03	893	876	896	888
2021-09-02T18:40:33	894	877	898	889
2021-09-02T18:41:03	895	878	899	890
2021-09-02T18:41:33	898	880	899	891
2021-09-02T18:42:03	897	881	901	892
2021-09-02T18:42:33	898	882	901	893
2021-09-02T18:43:03	899	883	902	894
2021-09-02T18:43:33	900	883	902	895
2021-09-02T18:44:03	900	884	901	894
2021-09-02T18:44:33	898	884	902	895
2021-09-02T18:45:03	899	885	902	896
2021-09-02T18:45:33	901	886	902	896
2021-09-02T18:46:03	899	886	902	895
2021-09-02T18:46:33	900	886	903	896
2021-09-02T18:47:03	900	887	903	896
2021-09-02T18:47:33	900	887	902	896
2021-09-02T18:48:03	900	888	902	896
2021-09-02T18:48:33	899	888	903	897
2021-09-02T18:49:03	900	889	902	897
2021-09-02T18:49:33	899	889	901	897
2021-09-02T18:50:03	900	889	902	897
2021-09-02T18:50:33	901	889	901	897
2021-09-02T18:51:03	900	889	902	898
2021-09-02T18:51:33	899	889	902	898
2021-09-02T18:52:03	901	890	903	898
2021-09-02T18:52:33	900	890	902	898
2021-09-02T18:53:03	898	890	902	898
2021-09-02T18:53:33	900	891	903	899
2021-09-02T18:54:03	900	891	902	899
2021-09-02T18:54:33	900	891	903	899
2021-09-02T18:55:03	900	891	902	899
2021-09-02T18:55:33	899	891	902	898
2021-09-02T18:56:03	898	892	903	899
2021-09-02T18:56:33	899	892	903	899
2021-09-02T18:57:03	901	893	901	899
2021-09-02T18:57:33	899	893	901	899
2021-09-02T18:58:03	899	893	902	900
2021-09-02T18:58:33	900	894	902	899
2021-09-02T18:59:03	900	894	903	899
2021-09-02T18:59:33	898	894	902	899
2021-09-02T19:00:03	899	894	902	899
2021-09-02T19:00:33	900	894	902	899
2021-09-02T19:01:03	900	894	903	900
2021-09-02T19:01:33	898	894	903	900
2021-09-02T19:02:03	899	894	904	900
2021-09-02T19:02:33	900	893	902	900
2021-09-02T19:03:03	901	894	902	900
2021-09-02T19:03:33	899	894	901	900
2021-09-02T19:04:03	900	894	901	900
2021-09-02T19:04:33	900	894	902	900
2021-09-02T19:05:03	899	895	903	900
2021-09-02T19:05:33	901	895	903	900
2021-09-02T19:06:03	899	895	902	900
2021-09-02T19:06:33	900	895	903	900
2021-09-02T19:07:03	899	895	903	900
2021-09-02T19:07:33	900	895	901	901
2021-09-02T19:08:03	899	896	902	901
2021-09-02T19:08:33	900	896	903	901
2021-09-02T19:09:03	899	896	904	901
2021-09-02T19:09:33	900	896	902	900
2021-09-02T19:10:03	899	896	903	901
2021-09-02T19:10:33	901	896	903	901
2021-09-02T19:11:03	899	897	903	901
2021-09-02T19:11:33	901	897	903	901
2021-09-02T19:12:03	899	897	902	901
2021-09-02T19:12:33	900	897	902	901
2021-09-02T19:13:03	900	897	903	901
2021-09-02T19:13:33	899	897	903	901
2021-09-02T19:14:03	900	897	902	901
2021-09-02T19:14:33	899	898	903	901
2021-09-02T19:15:03	900	898	903	901
2021-09-02T19:15:33	899	898	903	901
2021-09-02T19:16:03	900	898	902	901
2021-09-02T19:16:33	900	898	903	901
2021-09-02T19:17:03	899	898	903	901
2021-09-02T19:17:33	901	899	902	901
2021-09-02T19:18:03	901	898	903	902
2021-09-02T19:18:33	899	899	901	902
2021-09-02T19:19:03	899	899	902	901
2021-09-02T19:19:33	900	899	902	902
2021-09-02T19:20:03	899	899	902	902
2021-09-02T19:20:33	899	900	904	901
2021-09-02T19:21:03	900	899	901	901
2021-09-02T19:21:33	899	899	902	901
2021-09-02T19:22:03	901	898	902	902
2021-09-02T19:22:33	900	899	904	902
2021-09-02T19:23:03	900	899	902	901
2021-09-02T19:23:33	900	899	902	902
2021-09-02T19:24:03	899	899	902	902
2021-09-02T19:24:33	900	899	902	902
2021-09-02T19:25:03	900	899	903	902
2021-09-02T19:25:33	899	899	902	902
2021-09-02T19:26:03	899	900	902	902
2021-09-02T19:26:34	900	899	902	902
2021-09-02T19:27:04	899	899	902	902
2021-09-02T19:27:34	900	899	902	902
2021-09-02T19:28:04	899	899	902	902
2021-09-02T19:28:34	899	899	902	902
2021-09-02T19:29:04	901	900	903	902
2021-09-02T19:29:34	899	899	902	902
2021-09-02T19:30:04	899	899	903	902
2021-09-02T19:30:34	901	898	903	901
2021-09-02T19:31:04	900	899	902	902
2021-09-02T19:31:34	899	900	904	902
2021-09-02T19:32:04	901	899	902	901
2021-09-02T19:32:34	899	899	901	901
2021-09-02T19:33:04	898	899	903	901
2021-09-02T19:33:34	901	899	902	901
2021-09-02T19:34:04	899	899	902	902
2021-09-02T19:34:34	900	900	902	901
2021-09-02T19:35:04	900	899	902	902
2021-09-02T19:35:34	899	899	902	901
2021-09-02T19:36:04	900	900	901	902
2021-09-02T19:36:34	898	900	903	903
2021-09-02T19:37:04	901	900	903	902
2021-09-02T19:37:34	900	899	902	902
2021-09-02T19:38:04	900	899	903	901
2021-09-02T19:38:34	899	899	902	902
2021-09-02T19:39:04	899	899	902	901
2021-09-02T19:39:34	901	899	904	901
2021-09-02T19:40:04	899	899	902	901
2021-09-02T19:40:34	898	900	902	902
2021-09-02T19:41:04	900	899	903	902
2021-09-02T19:41:34	900	899	903	902
2021-09-02T19:42:04	899	899	902	902
2021-09-02T19:42:34	899	899	902	902
2021-09-02T19:43:04	900	899	903	902
2021-09-02T19:43:34	899	899	902	902
2021-09-02T19:44:04	899	900	903	902
2021-09-02T19:44:34	900	899	903	902
2021-09-02T19:45:04	901	899	903	902
2021-09-02T19:45:34	899	899	902	902
2021-09-02T19:46:04	900	899	902	902
2021-09-02T19:46:34	900	899	903	902
2021-09-02T19:47:04	899	900	902	902
2021-09-02T19:47:34	900	899	902	902
2021-09-02T19:48:04	900	899	902	902
2021-09-02T19:48:34	901	899	903	902
2021-09-02T19:49:04	900	899	902	902
2021-09-02T19:49:34	899	900	902	902
2021-09-02T19:50:04	900	899	903	902
2021-09-02T19:50:34	899	899	901	902
2021-09-02T19:51:04	900	900	902	902
2021-09-02T19:51:34	899	899	902	901
2021-09-02T19:52:04	900	899	903	902
2021-09-02T19:52:34	899	899	902	902
2021-09-02T19:53:04	901	899	902	902
2021-09-02T19:53:34	899	899	902	902
2021-09-02T19:54:04	900	899	903	901
2021-09-02T19:54:34	899	899	902	901
2021-09-02T19:55:04	901	899	902	901
2021-09-02T19:55:34	899	899	903	901
2021-09-02T19:56:04	900	899	903	901
2021-09-02T19:56:34	900	899	903	901
2021-09-02T19:57:04	901	899	903	901
2021-09-02T19:57:34	900	899	902	901
2021-09-02T19:58:04	899	899	902	901
2021-09-02T19:58:34	900	899	902	901
2021-09-02T19:59:04	899	899	903	901
2021-09-02T19:59:34	901	900	904	901
2021-09-02T20:00:04	899	899	902	901
2021-09-02T20:00:34	900	899	902	901
2021-09-02T20:01:04	899	899	903	901
2021-09-02T20:01:34	901	899	903	901
2021-09-02T20:02:04	900	899	903	901
2021-09-02T20:02:34	899	899	902	901
2021-09-02T20:03:04	901	900	902	901
2021-09-02T20:03:34	899	899	902	901
2021-09-02T20:04:04	901	899	903	901
2021-09-02T20:04:34	899	899	903	901
2021-09-02T20:05:04	901	899	901	901
2021-09-02T20:05:34	899	899	902	901
2021-09-02T20:06:04	901	899	902	901
2021-09-02T20:06:34	900	899	901	901
2021-09-02T20:07:04	900	899	902	901
2021-09-02T20:07:34	899	899	902	901
2021-09-02T20:08:04	901	899	903	901
2021-09-02T20:08:34	899	899	903	901
2021-09-02T20:09:04	899	899	902	901
2021-09-02T20:09:34	900	899	902	901
2021-09-02T20:10:04	899	899	902	901
2021-09-02T20:10:34	901	899	903	901
2021-09-02T20:11:04	899	899	901	901
2021-09-02T20:11:34	901	899	902	901
2021-09-02T20:12:04	900	900	902	901
2021-09-02T20:12:34	899	899	902	901
2021-09-02T20:13:04	900	899	903	901
2021-09-02T20:13:34	898	898	900	901
2021-09-02T20:14:04	896	896	898	900
2021-09-02T20:14:34	895	895	897	899
2021-09-02T20:15:04	848	882	880	896
2021-09-02T20:15:34	747	794	795	867
2021-09-02T20:16:04	622	693	705	839
2021-09-02T20:16:34	524	615	640	768
2021-09-02T20:17:04	485	527	586	700
2021-09-02T20:17:34	447	473	549	647
2021-09-02T20:18:04	422	438	533	618
