time	T1	T2	T3	T4
2021-09-22T17:53:22	28	28	30	36
2021-09-22T17:53:52	29	29	31	36
2021-09-22T17:54:22	30	30	32	36
2021-09-22T17:54:52	30	31	32	35
2021-09-22T17:55:22	31	32	32	35
2021-09-22T17:55:52	31	32	32	35
2021-09-22T17:56:22	31	32	32	35
2021-09-22T17:56:52	30	33	33	35
2021-09-22T17:57:22	31	32	33	34
2021-09-22T17:57:52	31	33	33	34
2021-09-22T17:58:22	31	32	33	34
2021-09-22T17:58:52	36	34	36	34
2021-09-22T17:59:22	37	37	37	34
2021-09-22T17:59:52	38	38	37	34
2021-09-22T18:00:22	38	38	39	34
2021-09-22T18:00:52	39	39	41	35
2021-09-22T18:01:22	39	41	41	35
2021-09-22T18:01:52	42	41	41	35
2021-09-22T18:02:22	45	44	44	36
2021-09-22T18:02:52	45	45	44	37
2021-09-22T18:03:22	45	46	44	38
2021-09-22T18:03:52	46	46	47	39
2021-09-22T18:04:22	47	48	48	40
2021-09-22T18:04:52	47	50	48	40
2021-09-22T18:05:22	47	50	47	41
2021-09-22T18:05:52	49	52	51	42
2021-09-22T18:06:22	49	52	50	42
2021-09-22T18:06:52	50	54	51	43
2021-09-22T18:07:22	54	56	54	43
2021-09-22T18:07:52	53	56	53	44
2021-09-22T18:08:22	53	56	54	45
2021-09-22T18:08:52	55	59	56	46
2021-09-22T18:09:22	55	60	56	46
2021-09-22T18:09:52	55	60	57	47
2021-09-22T18:10:22	61	63	61	48
2021-09-22T18:10:52	62	65	60	49
2021-09-22T18:11:22	62	65	59	50
2021-09-22T18:11:52	62	66	62	50
2021-09-22T18:12:22	63	67	62	51
2021-09-22T18:12:52	63	68	64	52
2021-09-22T18:13:22	64	70	64	53
2021-09-22T18:13:52	64	70	65	53
2021-09-22T18:14:22	64	71	65	54
2021-09-22T18:14:52	68	72	68	56
2021-09-22T18:15:22	71	74	69	57
2021-09-22T18:15:52	71	75	67	58
2021-09-22T18:16:22	72	77	71	58
2021-09-22T18:16:52	72	78	71	59
2021-09-22T18:17:22	73	78	72	60
2021-09-22T18:17:52	72	79	73	61
2021-09-22T18:18:22	72	80	74	62
2021-09-22T18:18:52	73	82	74	63
2021-09-22T18:19:22	76	83	77	64
2021-09-22T18:19:52	79	85	78	64
2021-09-22T18:20:22	79	85	77	65
2021-09-22T18:20:52	80	86	78	66
2021-09-22T18:21:22	80	86	79	67
2021-09-22T18:21:52	81	89	81	68
2021-09-22T18:22:22	81	90	82	69
2021-09-22T18:22:52	82	91	82	70
2021-09-22T18:23:22	83	91	82	70
2021-09-22T18:23:52	87	93	86	71
2021-09-22T18:24:22	87	94	84	73
2021-09-22T18:24:52	87	95	86	74
2021-09-22T18:25:22	87	96	87	74
2021-09-22T18:25:52	88	98	89	75
2021-09-22T18:26:22	88	98	88	76
2021-09-22T18:26:52	92	100	92	77
2021-09-22T18:27:22	92	101	91	78
2021-09-22T18:27:52	93	102	92	78
2021-09-22T18:28:22	92	103	94	79
2021-09-22T18:28:52	93	105	95	80
2021-09-22T18:29:22	93	105	94	81
2021-09-22T18:29:52	99	107	98	82
2021-09-22T18:30:22	100	108	96	83
2021-09-22T18:30:52	101	109	99	84
2021-09-22T18:31:22	99	109	98	85
2021-09-22T18:31:52	100	111	101	86
2021-09-22T18:32:22	100	111	100	86
2021-09-22T18:32:52	101	113	103	87
2021-09-22T18:33:22	102	114	103	88
2021-09-22T18:33:52	106	115	103	89
2021-09-22T18:34:22	107	117	107	90
2021-09-22T18:34:52	106	117	105	91
2021-09-22T18:35:22	107	118	107	92
2021-09-22T18:35:52	106	119	106	93
2021-09-22T18:36:22	109	120	110	94
2021-09-22T18:36:52	111	121	109	95
2021-09-22T18:37:22	111	122	111	95
2021-09-22T18:37:52	111	124	112	97
2021-09-22T18:38:22	111	124	112	98
2021-09-22T18:38:52	113	125	114	99
2021-09-22T18:39:22	117	128	114	100
2021-09-22T18:39:52	118	128	116	101
2021-09-22T18:40:22	117	129	116	102
2021-09-22T18:40:52	117	130	119	103
2021-09-22T18:41:22	117	131	118	104
2021-09-22T18:41:52	119	133	121	105
2021-09-22T18:42:22	121	134	120	106
2021-09-22T18:42:52	122	136	123	106
2021-09-22T18:43:22	122	135	123	107
2021-09-22T18:43:52	122	136	122	108
2021-09-22T18:44:22	125	137	124	109
2021-09-22T18:44:52	126	138	124	110
2021-09-22T18:45:22	127	140	126	111
2021-09-22T18:45:52	126	140	127	112
2021-09-22T18:46:22	130	142	128	113
2021-09-22T18:46:52	131	143	130	114
2021-09-22T18:47:22	130	144	129	115
2021-09-22T18:47:52	130	144	132	115
2021-09-22T18:48:22	130	145	132	116
2021-09-22T18:48:52	135	148	134	117
2021-09-22T18:49:22	135	148	133	118
2021-09-22T18:49:52	135	149	135	119
2021-09-22T18:50:22	135	150	135	119
2021-09-22T18:50:52	139	151	137	120
2021-09-22T18:51:22	141	153	138	121
2021-09-22T18:51:52	142	155	140	123
2021-09-22T18:52:22	140	155	138	123
2021-09-22T18:52:52	141	156	142	124
2021-09-22T18:53:22	140	156	141	125
2021-09-22T18:53:52	146	158	145	126
2021-09-22T18:54:22	146	158	142	127
2021-09-22T18:54:52	147	160	146	128
2021-09-22T18:55:22	145	160	144	129
2021-09-22T18:55:52	145	161	148	129
2021-09-22T18:56:22	148	163	149	130
2021-09-22T18:56:52	150	163	148	131
2021-09-22T18:57:22	150	164	151	132
2021-09-22T18:57:52	149	164	150	133
2021-09-22T18:58:22	152	167	153	134
2021-09-22T18:58:52	153	167	152	135
2021-09-22T18:59:22	154	168	155	136
2021-09-22T18:59:52	153	168	154	137
2021-09-22T19:00:22	157	170	156	138
2021-09-22T19:00:52	157	171	157	138
2021-09-22T19:01:22	156	172	158	139
2021-09-22T19:01:52	159	173	159	141
2021-09-22T19:02:22	162	174	160	141
2021-09-22T19:02:52	162	175	161	142
2021-09-22T19:03:22	161	176	162	143
2021-09-22T19:03:52	161	176	162	144
2021-09-22T19:04:22	163	178	165	145
2021-09-22T19:04:52	164	178	163	146
2021-09-22T19:05:22	164	179	165	147
2021-09-22T19:05:52	166	181	168	147
2021-09-22T19:06:22	169	181	166	148
2021-09-22T19:06:52	169	182	170	149
2021-09-22T19:07:22	168	183	168	150
2021-09-22T19:07:52	171	185	171	151
2021-09-22T19:08:22	173	185	170	152
2021-09-22T19:08:52	173	187	173	153
2021-09-22T19:09:22	172	188	172	154
2021-09-22T19:09:52	173	188	175	155
2021-09-22T19:10:22	175	191	176	156
2021-09-22T19:10:52	179	191	174	157
2021-09-22T19:11:22	179	191	177	157
2021-09-22T19:11:52	178	192	178	159
2021-09-22T19:12:22	177	193	179	159
2021-09-22T19:12:52	181	195	180	160
2021-09-22T19:13:22	182	196	181	161
2021-09-22T19:13:52	181	197	181	162
2021-09-22T19:14:22	184	199	183	163
2021-09-22T19:14:52	184	198	183	164
2021-09-22T19:15:22	185	200	185	165
2021-09-22T19:15:52	186	201	187	166
2021-09-22T19:16:22	187	202	186	167
2021-09-22T19:16:52	186	202	188	168
2021-09-22T19:17:22	190	203	190	169
2021-09-22T19:17:52	192	205	190	170
2021-09-22T19:18:22	192	205	191	172
2021-09-22T19:18:52	191	206	190	173
2021-09-22T19:19:22	193	207	193	173
2021-09-22T19:19:52	195	208	193	173
2021-09-22T19:20:22	195	209	195	174
2021-09-22T19:20:52	194	210	196	176
2021-09-22T19:21:22	197	212	197	177
2021-09-22T19:21:52	199	212	197	178
2021-09-22T19:22:22	199	213	199	179
2021-09-22T19:22:52	198	214	200	180
2021-09-22T19:23:22	202	215	201	180
2021-09-22T19:23:52	203	215	200	182
2021-09-22T19:24:22	203	217	203	183
2021-09-22T19:24:52	203	219	204	183
2021-09-22T19:25:22	204	219	203	184
2021-09-22T19:25:52	208	221	207	185
2021-09-22T19:26:22	207	221	206	187
2021-09-22T19:26:52	206	223	208	187
2021-09-22T19:27:22	206	223	209	188
2021-09-22T19:27:52	210	224	209	189
2021-09-22T19:28:22	210	227	211	190
2021-09-22T19:28:52	210	226	211	191
2021-09-22T19:29:22	213	227	212	192
2021-09-22T19:29:52	214	229	214	193
2021-09-22T19:30:22	213	230	213	194
2021-09-22T19:30:52	213	230	214	195
2021-09-22T19:31:22	219	232	217	196
2021-09-22T19:31:52	218	232	217	197
2021-09-22T19:32:22	216	234	218	198
2021-09-22T19:32:52	220	236	218	199
2021-09-22T19:33:22	221	236	221	200
2021-09-22T19:33:52	220	238	221	201
2021-09-22T19:34:22	220	239	221	202
2021-09-22T19:34:52	225	241	222	203
2021-09-22T19:35:22	224	241	224	204
2021-09-22T19:35:52	224	242	224	205
2021-09-22T19:36:22	225	243	228	206
2021-09-22T19:36:52	226	244	226	207
2021-09-22T19:37:22	228	245	229	207
2021-09-22T19:37:52	229	246	227	209
2021-09-22T19:38:22	228	247	231	210
2021-09-22T19:38:52	231	248	231	210
2021-09-22T19:39:22	232	249	231	211
2021-09-22T19:39:52	231	251	233	212
2021-09-22T19:40:22	234	251	235	213
2021-09-22T19:40:52	235	252	234	214
2021-09-22T19:41:22	234	253	236	215
2021-09-22T19:41:52	237	254	237	216
2021-09-22T19:42:22	237	254	238	217
2021-09-22T19:42:52	237	256	238	218
2021-09-22T19:43:22	241	257	240	219
2021-09-22T19:43:52	242	257	240	220
2021-09-22T19:44:22	241	259	241	221
2021-09-22T19:44:52	242	259	243	222
2021-09-22T19:45:22	244	261	243	223
2021-09-22T19:45:52	243	262	245	224
2021-09-22T19:46:22	246	262	245	224
2021-09-22T19:46:52	247	264	248	226
2021-09-22T19:47:22	247	265	248	227
2021-09-22T19:47:52	247	265	249	228
2021-09-22T19:48:22	251	266	249	228
2021-09-22T19:48:52	250	266	249	230
2021-09-22T19:49:22	250	267	252	230
2021-09-22T19:49:52	253	268	253	231
2021-09-22T19:50:22	255	269	254	232
2021-09-22T19:50:52	253	270	252	233
2021-09-22T19:51:22	257	270	255	234
2021-09-22T19:51:52	257	272	255	235
2021-09-22T19:52:22	255	273	257	236
2021-09-22T19:52:52	259	273	259	237
2021-09-22T19:53:22	258	274	260	238
2021-09-22T19:53:52	257	275	260	239
2021-09-22T19:54:22	262	276	259	240
2021-09-22T19:54:52	262	276	263	240
2021-09-22T19:55:22	262	277	262	241
2021-09-22T19:55:52	264	279	263	242
2021-09-22T19:56:22	265	279	266	244
2021-09-22T19:56:52	265	280	266	244
2021-09-22T19:57:22	268	281	266	245
2021-09-22T19:57:52	268	282	269	247
2021-09-22T19:58:22	266	283	269	248
2021-09-22T19:58:52	271	284	271	248
2021-09-22T19:59:22	271	284	269	249
2021-09-22T19:59:52	270	285	273	250
2021-09-22T20:00:22	273	286	274	251
2021-09-22T20:00:52	273	287	273	252
2021-09-22T20:01:22	274	288	276	253
2021-09-22T20:01:52	276	288	274	254
2021-09-22T20:02:22	275	290	277	255
2021-09-22T20:02:52	278	291	277	256
2021-09-22T20:03:22	279	292	279	257
2021-09-22T20:03:52	278	293	278	258
2021-09-22T20:04:22	281	294	281	259
2021-09-22T20:04:52	281	294	281	260
2021-09-22T20:05:22	281	295	282	261
2021-09-22T20:05:52	283	296	283	262
2021-09-22T20:06:22	285	297	285	263
2021-09-22T20:06:52	284	297	283	263
2021-09-22T20:07:22	287	298	287	265
2021-09-22T20:07:52	287	299	287	266
2021-09-22T20:08:22	288	300	287	267
2021-09-22T20:08:52	288	301	289	267
2021-09-22T20:09:22	291	302	290	269
2021-09-22T20:09:52	294	303	291	270
2021-09-22T20:10:22	293	303	292	271
2021-09-22T20:10:52	292	304	294	272
2021-09-22T20:11:22	295	306	295	273
2021-09-22T20:11:52	294	306	295	274
2021-09-22T20:12:22	296	307	295	275
2021-09-22T20:12:52	296	306	296	276
2021-09-22T20:13:22	298	308	299	276
2021-09-22T20:13:52	298	309	298	277
2021-09-22T20:14:22	300	311	300	278
2021-09-22T20:14:52	299	312	301	280
2021-09-22T20:15:22	303	312	303	280
2021-09-22T20:15:52	302	314	303	281
2021-09-22T20:16:22	303	314	304	282
2021-09-22T20:16:52	306	315	303	283
2021-09-22T20:17:22	304	317	307	285
2021-09-22T20:17:52	308	318	307	285
2021-09-22T20:18:22	307	318	308	286
2021-09-22T20:18:52	308	318	309	287
2021-09-22T20:19:22	309	320	310	288
2021-09-22T20:19:52	312	321	311	289
2021-09-22T20:20:22	312	322	311	290
2021-09-22T20:20:52	310	322	311	291
2021-09-22T20:21:22	315	323	315	292
2021-09-22T20:21:52	314	324	314	293
2021-09-22T20:22:22	316	326	317	293
2021-09-22T20:22:52	315	325	314	294
2021-09-22T20:23:22	319	327	318	295
2021-09-22T20:23:52	318	328	318	297
2021-09-22T20:24:22	320	330	321	298
2021-09-22T20:24:52	319	330	320	299
2021-09-22T20:25:22	321	331	322	300
2021-09-22T20:25:52	322	332	322	302
2021-09-22T20:26:22	324	333	324	302
2021-09-22T20:26:52	323	333	324	303
2021-09-22T20:27:22	328	334	326	304
2021-09-22T20:27:52	325	335	325	305
2021-09-22T20:28:22	328	335	329	306
2021-09-22T20:28:52	328	336	327	306
2021-09-22T20:29:22	330	337	329	308
2021-09-22T20:29:52	329	338	329	308
2021-09-22T20:30:22	331	339	332	309
2021-09-22T20:30:52	331	339	332	310
2021-09-22T20:31:22	334	340	333	311
2021-09-22T20:31:52	335	341	333	312
2021-09-22T20:32:22	335	341	337	314
2021-09-22T20:32:52	336	343	335	314
2021-09-22T20:33:22	337	344	336	316
2021-09-22T20:33:52	339	345	337	317
2021-09-22T20:34:22	338	345	338	318
2021-09-22T20:34:52	342	346	340	319
2021-09-22T20:35:22	339	346	341	320
2021-09-22T20:35:52	343	348	342	321
2021-09-22T20:36:22	341	348	342	322
2021-09-22T20:36:52	345	350	345	323
2021-09-22T20:37:22	343	351	346	324
2021-09-22T20:37:52	346	351	345	324
2021-09-22T20:38:22	348	353	346	326
2021-09-22T20:38:52	345	353	348	327
2021-09-22T20:39:22	349	354	350	328
2021-09-22T20:39:52	348	353	347	329
2021-09-22T20:40:22	351	355	351	330
2021-09-22T20:40:52	350	357	351	330
2021-09-22T20:41:22	353	358	353	331
2021-09-22T20:41:52	352	358	352	331
2021-09-22T20:42:22	356	359	355	334
2021-09-22T20:42:52	353	359	354	334
2021-09-22T20:43:22	357	360	357	336
2021-09-22T20:43:52	357	362	358	337
2021-09-22T20:44:22	359	362	359	337
2021-09-22T20:44:52	359	363	360	339
2021-09-22T20:45:22	361	364	360	340
2021-09-22T20:45:52	361	365	363	340
2021-09-22T20:46:22	362	366	362	342
2021-09-22T20:46:52	361	366	363	343
2021-09-22T20:47:22	366	368	366	344
2021-09-22T20:47:52	363	368	364	345
2021-09-22T20:48:22	369	369	367	345
2021-09-22T20:48:52	365	369	365	347
2021-09-22T20:49:22	369	372	368	348
2021-09-22T20:49:52	368	373	368	349
2021-09-22T20:50:22	370	374	371	350
2021-09-22T20:50:52	371	375	370	351
2021-09-22T20:51:22	372	376	373	352
2021-09-22T20:51:52	371	376	371	353
2021-09-22T20:52:22	373	377	375	354
2021-09-22T20:52:52	374	377	373	355
2021-09-22T20:53:22	377	379	374	355
2021-09-22T20:53:52	377	381	378	356
2021-09-22T20:54:22	378	381	376	358
2021-09-22T20:54:52	378	381	378	358
2021-09-22T20:55:22	380	382	380	359
2021-09-22T20:55:52	379	383	381	360
2021-09-22T20:56:22	382	384	382	361
2021-09-22T20:56:52	383	384	382	362
2021-09-22T20:57:22	385	386	385	364
2021-09-22T20:57:52	382	387	386	364
2021-09-22T20:58:22	385	388	385	366
2021-09-22T20:58:52	386	389	388	366
2021-09-22T20:59:22	387	390	386	367
2021-09-22T20:59:52	388	391	388	368
2021-09-22T21:00:22	391	392	390	369
2021-09-22T21:00:52	388	392	391	370
2021-09-22T21:01:22	393	393	390	372
2021-09-22T21:01:52	391	394	391	372
2021-09-22T21:02:22	395	394	394	373
2021-09-22T21:02:52	394	396	393	375
2021-09-22T21:03:22	396	396	397	376
2021-09-22T21:03:52	396	398	397	377
2021-09-22T21:04:22	395	398	397	377
2021-09-22T21:04:52	399	400	400	378
2021-09-22T21:05:22	400	400	398	379
2021-09-22T21:05:52	400	401	401	381
2021-09-22T21:06:22	400	402	401	382
2021-09-22T21:06:52	403	403	402	383
2021-09-22T21:07:23	403	403	403	383
2021-09-22T21:07:53	403	405	405	384
2021-09-22T21:08:23	406	405	405	385
2021-09-22T21:08:53	404	406	407	386
2021-09-22T21:09:23	408	408	409	388
2021-09-22T21:09:53	407	408	408	389
2021-09-22T21:10:23	408	408	408	389
2021-09-22T21:10:53	412	410	412	390
2021-09-22T21:11:23	410	410	410	391
2021-09-22T21:11:53	413	411	412	392
2021-09-22T21:12:23	412	412	415	393
2021-09-22T21:12:53	414	412	413	394
2021-09-22T21:13:23	415	414	416	395
2021-09-22T21:13:53	415	415	417	396
2021-09-22T21:14:23	417	415	417	397
2021-09-22T21:14:53	418	416	418	398
2021-09-22T21:15:23	418	418	420	399
2021-09-22T21:15:53	418	418	420	400
2021-09-22T21:16:23	424	420	423	401
2021-09-22T21:16:53	421	420	421	402
2021-09-22T21:17:23	424	422	424	403
2021-09-22T21:17:53	424	423	424	404
2021-09-22T21:18:23	425	423	425	405
2021-09-22T21:18:53	423	424	427	406
2021-09-22T21:19:23	426	424	425	407
2021-09-22T21:19:53	428	425	429	408
2021-09-22T21:20:23	428	426	428	409
2021-09-22T21:20:53	431	427	430	410
2021-09-22T21:21:23	430	429	429	411
2021-09-22T21:21:53	432	430	433	412
2021-09-22T21:22:23	430	431	432	414
2021-09-22T21:22:53	435	432	434	415
2021-09-22T21:23:23	433	432	435	415
2021-09-22T21:23:53	436	433	436	417
2021-09-22T21:24:23	435	434	435	417
2021-09-22T21:24:53	438	436	439	419
2021-09-22T21:25:23	437	436	439	420
2021-09-22T21:25:53	439	437	439	421
2021-09-22T21:26:23	441	437	440	421
2021-09-22T21:26:53	442	439	443	422
2021-09-22T21:27:23	444	438	442	423
2021-09-22T21:27:53	445	440	445	424
2021-09-22T21:28:23	444	441	446	425
2021-09-22T21:28:53	444	442	445	426
2021-09-22T21:29:23	447	443	446	427
2021-09-22T21:29:53	446	443	447	428
2021-09-22T21:30:23	447	444	450	429
2021-09-22T21:30:53	450	445	450	430
2021-09-22T21:31:23	448	446	451	431
2021-09-22T21:31:53	451	447	453	432
2021-09-22T21:32:23	452	448	453	433
2021-09-22T21:32:53	453	450	454	434
2021-09-22T21:33:23	455	449	453	435
2021-09-22T21:33:53	454	451	456	436
2021-09-22T21:34:23	457	452	456	437
2021-09-22T21:34:53	456	453	457	438
2021-09-22T21:35:23	459	454	459	439
2021-09-22T21:35:53	460	454	460	440
2021-09-22T21:36:23	459	455	460	441
2021-09-22T21:36:53	461	456	461	442
2021-09-22T21:37:23	461	457	462	443
2021-09-22T21:37:53	463	458	464	444
2021-09-22T21:38:23	462	459	464	445
2021-09-22T21:38:53	466	460	466	446
2021-09-22T21:39:23	467	460	465	447
2021-09-22T21:39:53	466	461	468	447
2021-09-22T21:40:23	466	463	467	448
2021-09-22T21:40:53	468	464	469	450
2021-09-22T21:41:23	470	465	470	451
2021-09-22T21:41:53	469	465	471	451
2021-09-22T21:42:23	471	466	472	452
2021-09-22T21:42:53	474	466	474	453
2021-09-22T21:43:23	473	467	472	455
2021-09-22T21:43:53	475	468	476	456
2021-09-22T21:44:23	473	469	475	457
2021-09-22T21:44:53	477	471	478	457
2021-09-22T21:45:23	478	471	477	459
2021-09-22T21:45:53	478	472	479	460
2021-09-22T21:46:23	478	473	480	461
2021-09-22T21:46:53	480	474	482	462
2021-09-22T21:47:23	482	475	481	463
2021-09-22T21:47:53	482	476	483	464
2021-09-22T21:48:23	481	477	482	464
2021-09-22T21:48:53	486	477	485	465
2021-09-22T21:49:23	484	479	485	466
2021-09-22T21:49:53	486	479	488	467
2021-09-22T21:50:23	487	480	488	468
2021-09-22T21:50:53	486	481	488	469
2021-09-22T21:51:23	490	482	491	470
2021-09-22T21:51:53	487	483	490	471
2021-09-22T21:52:23	491	484	493	472
2021-09-22T21:52:53	492	485	493	473
2021-09-22T21:53:23	494	486	493	474
2021-09-22T21:53:53	494	486	495	475
2021-09-22T21:54:23	494	487	495	476
2021-09-22T21:54:53	498	488	497	477
2021-09-22T21:55:23	497	488	497	478
2021-09-22T21:55:53	496	489	499	479
2021-09-22T21:56:23	498	490	499	480
2021-09-22T21:56:53	498	491	502	481
2021-09-22T21:57:23	500	492	501	482
2021-09-22T21:57:53	502	494	504	482
2021-09-22T21:58:23	503	494	502	483
2021-09-22T21:58:53	502	496	504	484
2021-09-22T21:59:23	504	497	506	486
2021-09-22T21:59:53	505	498	508	486
2021-09-22T22:00:23	508	498	509	487
2021-09-22T22:00:53	508	499	507	488
2021-09-22T22:01:23	507	499	510	489
2021-09-22T22:01:53	508	500	509	490
2021-09-22T22:02:23	511	502	512	491
2021-09-22T22:02:53	512	503	512	492
2021-09-22T22:03:23	513	504	513	493
2021-09-22T22:03:53	512	504	514	494
2021-09-22T22:04:23	515	505	515	495
2021-09-22T22:04:53	514	506	517	496
2021-09-22T22:05:23	516	506	516	497
2021-09-22T22:05:53	517	507	519	498
2021-09-22T22:06:23	519	508	519	499
2021-09-22T22:06:53	519	509	521	501
2021-09-22T22:07:23	521	510	520	501
2021-09-22T22:07:53	520	510	523	502
2021-09-22T22:08:23	521	512	522	503
2021-09-22T22:08:53	523	513	525	504
2021-09-22T22:09:23	525	513	525	505
2021-09-22T22:09:53	523	515	525	506
2021-09-22T22:10:23	525	516	526	506
2021-09-22T22:10:53	528	517	529	507
2021-09-22T22:11:23	528	518	527	509
2021-09-22T22:11:53	528	518	530	509
2021-09-22T22:12:23	529	519	531	510
2021-09-22T22:12:53	531	520	532	511
2021-09-22T22:13:23	533	521	532	513
2021-09-22T22:13:53	534	521	534	513
2021-09-22T22:14:23	533	523	535	514
2021-09-22T22:14:53	533	524	536	515
2021-09-22T22:15:23	536	524	536	516
2021-09-22T22:15:53	536	525	539	518
2021-09-22T22:16:23	538	525	539	519
2021-09-22T22:16:53	539	526	539	519
2021-09-22T22:17:23	541	528	541	521
2021-09-22T22:17:53	541	529	542	521
2021-09-22T22:18:23	543	530	543	523
2021-09-22T22:18:53	543	530	544	524
2021-09-22T22:19:23	543	531	545	525
2021-09-22T22:19:53	545	532	546	525
2021-09-22T22:20:23	546	533	546	525
2021-09-22T22:20:53	545	534	548	527
2021-09-22T22:21:23	547	534	548	528
2021-09-22T22:21:53	550	536	550	530
2021-09-22T22:22:23	550	536	551	529
2021-09-22T22:22:53	549	537	550	530
2021-09-22T22:23:23	550	538	553	532
2021-09-22T22:23:53	552	540	554	533
2021-09-22T22:24:23	554	541	555	534
2021-09-22T22:24:53	554	541	555	534
2021-09-22T22:25:23	556	542	556	536
2021-09-22T22:25:53	556	543	557	537
2021-09-22T22:26:23	558	544	560	537
2021-09-22T22:26:53	557	545	558	539
2021-09-22T22:27:23	559	546	561	541
2021-09-22T22:27:53	560	546	561	541
2021-09-22T22:28:23	561	547	563	542
2021-09-22T22:28:53	561	548	563	542
2021-09-22T22:29:23	563	548	564	544
2021-09-22T22:29:53	563	550	565	545
2021-09-22T22:30:23	564	550	566	546
2021-09-22T22:30:53	566	551	566	546
2021-09-22T22:31:23	566	552	569	548
2021-09-22T22:31:53	567	553	568	548
2021-09-22T22:32:23	570	554	570	550
2021-09-22T22:32:53	570	555	570	551
2021-09-22T22:33:23	572	557	572	551
2021-09-22T22:33:53	572	556	572	553
2021-09-22T22:34:23	573	558	574	553
2021-09-22T22:34:53	574	559	575	555
2021-09-22T22:35:23	575	560	577	556
2021-09-22T22:35:53	575	560	578	557
2021-09-22T22:36:23	577	561	578	558
2021-09-22T22:36:53	577	562	580	559
2021-09-22T22:37:23	579	563	580	561
2021-09-22T22:37:53	581	564	581	560
2021-09-22T22:38:23	579	565	583	562
2021-09-22T22:38:53	583	566	584	563
2021-09-22T22:39:23	583	567	584	565
2021-09-22T22:39:53	585	568	585	565
2021-09-22T22:40:23	583	568	586	567
2021-09-22T22:40:53	585	570	586	568
2021-09-22T22:41:23	587	570	587	569
2021-09-22T22:41:53	587	571	589	570
2021-09-22T22:42:23	588	572	590	570
2021-09-22T22:42:53	588	573	590	571
2021-09-22T22:43:23	589	574	591	573
2021-09-22T22:43:53	590	575	593	574
2021-09-22T22:44:23	593	576	595	575
2021-09-22T22:44:53	592	576	595	576
2021-09-22T22:45:23	593	577	595	577
2021-09-22T22:45:53	594	579	597	577
2021-09-22T22:46:23	596	580	598	579
2021-09-22T22:46:53	597	580	598	579
2021-09-22T22:47:23	597	581	599	581
2021-09-22T22:47:53	598	582	601	581
2021-09-22T22:48:23	599	583	600	582
2021-09-22T22:48:53	599	584	603	584
2021-09-22T22:49:23	601	585	603	585
2021-09-22T22:49:53	603	586	605	586
2021-09-22T22:50:23	605	587	605	587
2021-09-22T22:50:53	607	587	607	588
2021-09-22T22:51:23	604	588	606	589
2021-09-22T22:51:53	606	589	609	591
2021-09-22T22:52:23	607	590	609	591
2021-09-22T22:52:53	609	591	610	593
2021-09-22T22:53:23	609	592	612	594
2021-09-22T22:53:53	609	593	611	595
2021-09-22T22:54:23	612	595	614	596
2021-09-22T22:54:53	614	595	613	596
2021-09-22T22:55:23	611	596	615	598
2021-09-22T22:55:53	614	596	614	599
2021-09-22T22:56:23	614	597	616	600
2021-09-22T22:56:53	617	598	618	601
2021-09-22T22:57:23	618	599	620	602
2021-09-22T22:57:53	618	601	619	602
2021-09-22T22:58:23	620	601	622	604
2021-09-22T22:58:53	620	603	623	604
2021-09-22T22:59:23	622	603	623	606
2021-09-22T22:59:53	621	604	624	607
2021-09-22T23:00:23	623	604	625	608
2021-09-22T23:00:53	624	605	626	609
2021-09-22T23:01:23	624	607	626	610
2021-09-22T23:01:53	627	607	628	611
2021-09-22T23:02:23	628	608	629	612
2021-09-22T23:02:53	628	609	630	612
2021-09-22T23:03:23	631	609	631	614
2021-09-22T23:03:53	630	611	632	615
2021-09-22T23:04:23	631	612	632	617
2021-09-22T23:04:53	633	612	634	617
2021-09-22T23:05:23	632	614	634	618
2021-09-22T23:05:53	634	614	636	619
2021-09-22T23:06:23	636	615	636	620
2021-09-22T23:06:53	636	616	638	622
2021-09-22T23:07:23	637	617	638	622
2021-09-22T23:07:53	637	618	641	623
2021-09-22T23:08:23	638	618	640	625
2021-09-22T23:08:53	639	620	643	624
2021-09-22T23:09:23	641	621	642	626
2021-09-22T23:09:53	642	622	643	628
2021-09-22T23:10:23	641	623	645	628
2021-09-22T23:10:53	644	624	646	630
2021-09-22T23:11:23	645	625	647	631
2021-09-22T23:11:53	645	626	648	631
2021-09-22T23:12:23	646	627	649	633
2021-09-22T23:12:53	647	627	650	634
2021-09-22T23:13:23	648	629	650	634
2021-09-22T23:13:53	650	630	652	636
2021-09-22T23:14:23	651	630	652	636
2021-09-22T23:14:53	652	632	654	638
2021-09-22T23:15:23	652	632	654	639
2021-09-22T23:15:53	654	633	655	640
2021-09-22T23:16:23	655	634	656	641
2021-09-22T23:16:53	655	635	658	642
2021-09-22T23:17:23	657	636	657	643
2021-09-22T23:17:53	657	637	660	644
2021-09-22T23:18:23	658	638	659	644
2021-09-22T23:18:53	659	639	662	646
2021-09-22T23:19:23	660	640	661	647
2021-09-22T23:19:53	662	641	663	648
2021-09-22T23:20:23	662	642	663	649
2021-09-22T23:20:53	665	643	666	650
2021-09-22T23:21:23	665	644	665	651
2021-09-22T23:21:53	664	644	668	652
2021-09-22T23:22:23	666	646	667	653
2021-09-22T23:22:53	667	647	670	654
2021-09-22T23:23:23	669	647	669	655
2021-09-22T23:23:53	669	648	671	656
2021-09-22T23:24:23	670	649	671	658
2021-09-22T23:24:53	672	650	673	658
2021-09-22T23:25:23	674	651	675	659
2021-09-22T23:25:53	673	652	675	661
2021-09-22T23:26:23	674	653	675	662
2021-09-22T23:26:53	676	654	677	663
2021-09-22T23:27:23	677	655	678	663
2021-09-22T23:27:53	676	656	679	665
2021-09-22T23:28:23	677	657	680	666
2021-09-22T23:28:53	679	658	681	667
2021-09-22T23:29:23	679	659	682	668
2021-09-22T23:29:53	680	660	683	669
2021-09-22T23:30:23	682	661	684	670
2021-09-22T23:30:53	682	662	686	671
2021-09-22T23:31:23	684	663	685	672
2021-09-22T23:31:53	684	664	687	673
2021-09-22T23:32:23	684	666	686	674
2021-09-22T23:32:53	686	667	689	674
2021-09-22T23:33:23	687	667	688	676
2021-09-22T23:33:53	687	668	691	677
2021-09-22T23:34:23	689	669	691	678
2021-09-22T23:34:53	690	671	693	679
2021-09-22T23:35:23	691	672	693	680
2021-09-22T23:35:53	691	673	695	681
2021-09-22T23:36:23	693	673	695	682
2021-09-22T23:36:53	693	674	696	683
2021-09-22T23:37:23	695	675	697	683
2021-09-22T23:37:53	696	677	699	685
2021-09-22T23:38:23	697	677	699	686
2021-09-22T23:38:53	698	678	701	687
2021-09-22T23:39:23	699	679	700	688
2021-09-22T23:39:53	701	680	703	688
2021-09-22T23:40:23	702	680	703	689
2021-09-22T23:40:53	703	681	705	691
2021-09-22T23:41:23	704	683	705	692
2021-09-22T23:41:53	705	684	708	692
2021-09-22T23:42:23	706	685	708	694
2021-09-22T23:42:53	707	685	708	695
2021-09-22T23:43:23	708	686	710	696
2021-09-22T23:43:53	709	687	710	697
2021-09-22T23:44:23	709	688	712	698
2021-09-22T23:44:53	711	689	711	698
2021-09-22T23:45:23	712	690	714	700
2021-09-22T23:45:53	712	691	714	701
2021-09-22T23:46:23	714	692	715	701
2021-09-22T23:46:53	715	692	716	702
2021-09-22T23:47:23	714	693	716	703
2021-09-22T23:47:53	717	694	718	705
2021-09-22T23:48:23	718	695	719	706
2021-09-22T23:48:53	719	697	720	706
2021-09-22T23:49:23	717	697	721	707
2021-09-22T23:49:53	719	698	721	709
2021-09-22T23:50:23	721	699	723	710
2021-09-22T23:50:53	723	701	724	711
2021-09-22T23:51:23	721	702	724	711
2021-09-22T23:51:53	724	703	727	713
2021-09-22T23:52:23	725	704	727	714
2021-09-22T23:52:53	725	705	729	715
2021-09-22T23:53:23	727	705	728	716
2021-09-22T23:53:53	727	706	730	717
2021-09-22T23:54:23	727	707	731	718
2021-09-22T23:54:53	729	709	732	719
2021-09-22T23:55:23	729	709	733	720
2021-09-22T23:55:53	731	710	734	721
2021-09-22T23:56:23	731	711	736	722
2021-09-22T23:56:53	733	712	735	723
2021-09-22T23:57:23	733	713	737	724
2021-09-22T23:57:53	735	714	738	725
2021-09-22T23:58:23	735	714	737	725
2021-09-22T23:58:53	738	715	740	726
2021-09-22T23:59:23	738	717	741	727
2021-09-22T23:59:53	739	718	742	728
2021-09-23T00:00:23	740	719	743	730
2021-09-23T00:00:53	740	720	744	731
2021-09-23T00:01:23	741	720	744	732
2021-09-23T00:01:53	742	722	745	732
2021-09-23T00:02:23	745	722	747	734
2021-09-23T00:02:53	745	724	748	735
2021-09-23T00:03:23	747	725	749	736
2021-09-23T00:03:53	746	725	748	737
2021-09-23T00:04:23	749	726	750	738
2021-09-23T00:04:53	751	727	751	738
2021-09-23T00:05:23	750	729	752	739
2021-09-23T00:05:53	752	730	754	741
2021-09-23T00:06:23	752	730	754	742
2021-09-23T00:06:53	754	731	754	742
2021-09-23T00:07:23	754	732	757	743
2021-09-23T00:07:53	756	732	758	745
2021-09-23T00:08:23	757	734	759	745
2021-09-23T00:08:53	758	734	759	746
2021-09-23T00:09:23	757	736	760	747
2021-09-23T00:09:53	759	736	761	749
2021-09-23T00:10:23	760	737	762	749
2021-09-23T00:10:53	760	738	763	750
2021-09-23T00:11:23	759	739	764	751
2021-09-23T00:11:53	763	740	765	752
2021-09-23T00:12:23	764	741	765	753
2021-09-23T00:12:53	765	742	766	755
2021-09-23T00:13:23	766	743	768	755
2021-09-23T00:13:53	767	744	768	756
2021-09-23T00:14:23	767	744	770	757
2021-09-23T00:14:53	768	745	771	758
2021-09-23T00:15:23	771	746	772	759
2021-09-23T00:15:53	771	747	772	759
2021-09-23T00:16:23	770	748	773	761
2021-09-23T00:16:53	772	749	774	762
2021-09-23T00:17:23	773	750	775	763
2021-09-23T00:17:53	774	751	776	764
2021-09-23T00:18:23	773	751	776	764
2021-09-23T00:18:53	776	753	778	765
2021-09-23T00:19:23	777	753	778	767
2021-09-23T00:19:53	777	754	779	767
2021-09-23T00:20:23	779	755	780	768
2021-09-23T00:20:53	780	756	781	769
2021-09-23T00:21:23	781	757	782	770
2021-09-23T00:21:53	783	757	783	771
2021-09-23T00:22:23	782	758	783	771
2021-09-23T00:22:53	785	759	784	771
2021-09-23T00:23:23	786	760	785	772
2021-09-23T00:23:53	787	761	786	774
2021-09-23T00:24:23	786	762	786	775
2021-09-23T00:24:53	789	762	787	776
2021-09-23T00:25:23	789	763	788	777
2021-09-23T00:25:53	791	764	789	777
2021-09-23T00:26:23	791	765	789	779
2021-09-23T00:26:53	792	766	790	779
2021-09-23T00:27:23	794	767	791	780
2021-09-23T00:27:53	795	768	791	781
2021-09-23T00:28:23	795	768	792	782
2021-09-23T00:28:53	796	769	793	783
2021-09-23T00:29:23	797	770	794	784
2021-09-23T00:29:53	798	770	795	785
2021-09-23T00:30:23	798	772	795	785
2021-09-23T00:30:53	799	772	796	786
2021-09-23T00:31:23	801	773	797	787
2021-09-23T00:31:53	801	774	798	788
2021-09-23T00:32:23	803	775	799	789
2021-09-23T00:32:53	802	776	799	790
2021-09-23T00:33:23	804	776	800	790
2021-09-23T00:33:53	806	777	801	792
2021-09-23T00:34:23	805	777	802	792
2021-09-23T00:34:53	808	778	802	793
2021-09-23T00:35:23	807	779	803	795
2021-09-23T00:35:53	808	780	804	795
2021-09-23T00:36:23	809	781	805	796
2021-09-23T00:36:53	812	781	806	797
2021-09-23T00:37:23	812	782	807	798
2021-09-23T00:37:53	813	783	807	800
2021-09-23T00:38:23	813	783	808	800
2021-09-23T00:38:53	816	784	810	802
2021-09-23T00:39:23	815	785	810	803
2021-09-23T00:39:53	816	787	811	802
2021-09-23T00:40:23	819	786	812	803
2021-09-23T00:40:53	820	788	813	803
2021-09-23T00:41:23	819	788	813	805
2021-09-23T00:41:53	820	790	814	807
2021-09-23T00:42:23	823	790	815	808
2021-09-23T00:42:53	823	791	816	809
2021-09-23T00:43:23	823	791	817	810
2021-09-23T00:43:53	825	792	818	811
2021-09-23T00:44:23	824	793	819	812
2021-09-23T00:44:53	826	794	820	813
2021-09-23T00:45:23	828	794	821	814
2021-09-23T00:45:53	829	796	822	815
2021-09-23T00:46:23	830	796	823	816
2021-09-23T00:46:53	830	797	824	817
2021-09-23T00:47:23	833	798	825	818
2021-09-23T00:47:53	832	798	826	819
2021-09-23T00:48:23	832	799	827	820
2021-09-23T00:48:53	835	800	828	821
2021-09-23T00:49:23	836	801	829	822
2021-09-23T00:49:53	837	802	830	823
2021-09-23T00:50:23	838	803	831	824
2021-09-23T00:50:53	838	803	832	825
2021-09-23T00:51:23	840	804	833	826
2021-09-23T00:51:53	840	805	833	827
2021-09-23T00:52:23	841	806	835	828
2021-09-23T00:52:53	842	806	836	829
2021-09-23T00:53:23	844	807	837	830
2021-09-23T00:53:53	843	808	837	831
2021-09-23T00:54:23	845	809	838	832
2021-09-23T00:54:53	847	810	839	833
2021-09-23T00:55:23	848	811	840	834
2021-09-23T00:55:53	846	812	841	835
2021-09-23T00:56:23	850	812	842	836
2021-09-23T00:56:53	849	813	843	837
2021-09-23T00:57:23	852	815	844	838
2021-09-23T00:57:53	851	815	845	839
2021-09-23T00:58:23	853	816	846	840
2021-09-23T00:58:53	855	817	846	841
2021-09-23T00:59:23	855	818	848	842
2021-09-23T00:59:53	856	819	849	843
2021-09-23T01:00:23	856	820	850	844
2021-09-23T01:00:53	858	821	851	845
2021-09-23T01:01:23	859	822	852	846
2021-09-23T01:01:53	859	823	853	847
2021-09-23T01:02:23	860	824	853	848
2021-09-23T01:02:53	863	825	855	849
2021-09-23T01:03:23	863	826	856	850
2021-09-23T01:03:53	863	827	857	851
2021-09-23T01:04:23	865	828	858	852
2021-09-23T01:04:53	865	829	859	853
2021-09-23T01:05:23	867	830	860	854
2021-09-23T01:05:53	868	831	861	855
2021-09-23T01:06:23	870	831	862	856
2021-09-23T01:06:53	871	833	863	858
2021-09-23T01:07:23	870	834	864	858
2021-09-23T01:07:53	872	835	864	859
2021-09-23T01:08:23	873	836	866	860
2021-09-23T01:08:53	873	837	866	861
2021-09-23T01:09:23	875	837	867	862
2021-09-23T01:09:53	876	839	868	862
2021-09-23T01:10:23	877	839	869	864
2021-09-23T01:10:53	877	840	870	865
2021-09-23T01:11:23	879	841	871	867
2021-09-23T01:11:53	881	843	873	867
2021-09-23T01:12:23	881	844	874	868
2021-09-23T01:12:53	882	844	875	870
2021-09-23T01:13:23	882	846	875	870
2021-09-23T01:13:53	883	847	877	872
2021-09-23T01:14:23	886	848	878	873
2021-09-23T01:14:53	884	849	879	873
2021-09-23T01:15:23	887	850	880	875
2021-09-23T01:15:53	887	851	881	875
2021-09-23T01:16:23	889	852	882	876
2021-09-23T01:16:53	889	853	883	878
2021-09-23T01:17:23	889	854	885	879
2021-09-23T01:17:53	891	856	885	880
2021-09-23T01:18:23	891	856	886	881
2021-09-23T01:18:53	893	857	888	882
2021-09-23T01:19:23	894	859	889	883
2021-09-23T01:19:53	895	859	890	884
2021-09-23T01:20:23	895	861	891	885
2021-09-23T01:20:53	897	862	892	886
2021-09-23T01:21:23	897	863	893	887
2021-09-23T01:21:53	898	864	894	888
2021-09-23T01:22:23	898	865	895	889
2021-09-23T01:22:53	897	866	896	890
2021-09-23T01:23:23	898	867	896	890
2021-09-23T01:23:53	899	868	897	891
2021-09-23T01:24:23	898	869	898	892
2021-09-23T01:24:53	898	870	899	892
2021-09-23T01:25:23	898	871	899	893
2021-09-23T01:25:53	899	872	900	893
2021-09-23T01:26:23	900	874	901	894
2021-09-23T01:26:53	898	874	902	894
2021-09-23T01:27:23	899	875	902	895
2021-09-23T01:27:53	898	875	901	895
2021-09-23T01:28:23	900	876	902	894
2021-09-23T01:28:53	899	876	902	895
2021-09-23T01:29:23	900	877	901	895
2021-09-23T01:29:53	900	877	901	896
2021-09-23T01:30:23	900	878	903	896
2021-09-23T01:30:53	900	879	903	895
2021-09-23T01:31:23	899	880	901	895
2021-09-23T01:31:53	899	880	903	896
2021-09-23T01:32:23	900	880	901	896
2021-09-23T01:32:53	899	881	901	896
2021-09-23T01:33:23	898	881	901	896
2021-09-23T01:33:53	899	882	901	896
2021-09-23T01:34:23	898	882	901	896
2021-09-23T01:34:53	899	883	902	897
2021-09-23T01:35:23	900	883	901	897
2021-09-23T01:35:53	899	884	902	897
2021-09-23T01:36:23	900	885	902	897
2021-09-23T01:36:53	901	885	903	897
2021-09-23T01:37:23	899	885	903	898
2021-09-23T01:37:53	901	886	903	898
2021-09-23T01:38:23	900	886	902	898
2021-09-23T01:38:53	900	886	903	898
2021-09-23T01:39:23	899	886	903	898
2021-09-23T01:39:53	900	887	903	898
2021-09-23T01:40:23	901	887	902	898
2021-09-23T01:40:53	900	887	903	899
2021-09-23T01:41:23	900	887	904	899
2021-09-23T01:41:53	901	888	903	899
2021-09-23T01:42:23	900	888	902	899
2021-09-23T01:42:53	900	888	903	899
2021-09-23T01:43:23	900	888	903	899
2021-09-23T01:43:53	899	889	902	899
2021-09-23T01:44:23	899	889	902	900
2021-09-23T01:44:53	899	889	902	900
2021-09-23T01:45:23	900	890	901	899
2021-09-23T01:45:53	900	890	903	900
2021-09-23T01:46:23	900	890	903	900
2021-09-23T01:46:53	899	890	903	900
2021-09-23T01:47:23	899	890	902	899
2021-09-23T01:47:53	900	889	902	900
2021-09-23T01:48:23	901	890	903	899
2021-09-23T01:48:53	900	890	903	901
2021-09-23T01:49:23	899	889	902	900
2021-09-23T01:49:53	900	889	901	900
2021-09-23T01:50:23	900	890	902	900
2021-09-23T01:50:53	900	890	903	901
2021-09-23T01:51:23	899	890	903	901
2021-09-23T01:51:53	899	890	901	900
2021-09-23T01:52:23	900	891	902	900
2021-09-23T01:52:53	899	890	903	900
2021-09-23T01:53:23	899	891	903	900
2021-09-23T01:53:53	900	891	903	900
2021-09-23T01:54:23	901	891	902	900
2021-09-23T01:54:53	899	891	902	900
2021-09-23T01:55:23	900	891	903	901
2021-09-23T01:55:53	901	891	902	901
2021-09-23T01:56:23	900	892	903	901
2021-09-23T01:56:53	901	891	902	901
2021-09-23T01:57:23	899	893	902	901
2021-09-23T01:57:53	900	893	903	901
2021-09-23T01:58:23	899	893	904	901
2021-09-23T01:58:53	899	893	902	901
2021-09-23T01:59:23	901	894	904	901
2021-09-23T01:59:53	899	893	902	901
2021-09-23T02:00:23	900	894	902	901
2021-09-23T02:00:53	901	895	904	901
2021-09-23T02:01:23	899	895	902	901
2021-09-23T02:01:53	901	895	903	902
2021-09-23T02:02:23	898	894	902	902
2021-09-23T02:02:53	900	895	903	902
2021-09-23T02:03:23	899	895	902	902
2021-09-23T02:03:53	900	895	902	902
2021-09-23T02:04:23	900	896	903	902
2021-09-23T02:04:53	899	896	902	902
2021-09-23T02:05:23	901	896	903	902
2021-09-23T02:05:53	899	896	902	902
2021-09-23T02:06:23	901	896	904	902
2021-09-23T02:06:53	899	896	902	902
2021-09-23T02:07:23	901	896	903	902
2021-09-23T02:07:53	899	896	902	902
2021-09-23T02:08:23	900	896	902	902
2021-09-23T02:08:53	899	897	902	902
2021-09-23T02:09:23	901	896	902	902
2021-09-23T02:09:53	899	897	903	902
2021-09-23T02:10:23	900	897	902	902
2021-09-23T02:10:53	900	896	902	901
2021-09-23T02:11:23	899	897	903	901
2021-09-23T02:11:53	900	897	902	902
2021-09-23T02:12:23	900	897	903	902
2021-09-23T02:12:53	900	897	902	901
2021-09-23T02:13:23	901	897	903	901
2021-09-23T02:13:53	900	897	903	902
2021-09-23T02:14:23	899	897	902	902
2021-09-23T02:14:53	900	898	903	902
2021-09-23T02:15:23	899	898	902	902
2021-09-23T02:15:53	901	897	902	902
2021-09-23T02:16:23	899	898	903	902
2021-09-23T02:16:53	901	898	903	903
2021-09-23T02:17:23	899	898	902	903
2021-09-23T02:17:53	899	898	903	902
2021-09-23T02:18:23	901	898	903	902
2021-09-23T02:18:53	899	898	902	902
2021-09-23T02:19:23	900	898	902	903
2021-09-23T02:19:53	899	899	903	902
2021-09-23T02:20:23	899	898	902	902
2021-09-23T02:20:53	900	898	902	902
2021-09-23T02:21:23	899	898	902	902
2021-09-23T02:21:53	899	899	903	902
2021-09-23T02:22:23	900	899	902	902
2021-09-23T02:22:53	902	898	902	902
2021-09-23T02:23:23	900	898	902	902
2021-09-23T02:23:53	899	899	903	902
2021-09-23T02:24:23	899	899	903	902
2021-09-23T02:24:53	901	899	902	903
2021-09-23T02:25:23	900	898	902	902
2021-09-23T02:25:53	899	899	902	902
2021-09-23T02:26:23	900	900	903	902
2021-09-23T02:26:53	900	899	902	902
2021-09-23T02:27:23	899	899	903	902
2021-09-23T02:27:53	902	900	903	902
2021-09-23T02:28:23	900	898	902	903
2021-09-23T02:28:53	900	900	903	902
2021-09-23T02:29:23	901	899	903	903
2021-09-23T02:29:53	900	899	902	903
2021-09-23T02:30:23	902	899	902	902
2021-09-23T02:30:53	901	900	903	903
2021-09-23T02:31:23	900	899	903	903
2021-09-23T02:31:53	902	899	903	903
2021-09-23T02:32:23	899	899	903	903
2021-09-23T02:32:53	900	899	903	902
2021-09-23T02:33:23	899	899	902	902
2021-09-23T02:33:53	900	899	902	902
2021-09-23T02:34:23	899	899	903	902
2021-09-23T02:34:53	899	899	902	902
2021-09-23T02:35:23	899	899	902	902
2021-09-23T02:35:53	901	899	902	903
2021-09-23T02:36:23	899	899	902	902
2021-09-23T02:36:53	901	899	902	902
2021-09-23T02:37:23	900	899	902	903
2021-09-23T02:37:53	899	899	902	903
2021-09-23T02:38:23	903	899	904	903
2021-09-23T02:38:53	900	899	902	903
2021-09-23T02:39:23	899	899	903	903
2021-09-23T02:39:53	900	899	903	903
2021-09-23T02:40:23	899	899	902	903
2021-09-23T02:40:53	902	899	904	903
2021-09-23T02:41:23	900	899	903	903
2021-09-23T02:41:53	900	899	902	903
2021-09-23T02:42:23	901	899	902	903
2021-09-23T02:42:53	901	899	902	903
2021-09-23T02:43:23	899	899	902	903
2021-09-23T02:43:53	900	899	902	903
2021-09-23T02:44:23	900	899	903	903
2021-09-23T02:44:53	899	899	903	903
2021-09-23T02:45:23	900	899	902	903
2021-09-23T02:45:53	899	899	903	903
2021-09-23T02:46:23	899	899	902	903
2021-09-23T02:46:53	902	898	902	903
2021-09-23T02:47:23	901	898	903	903
2021-09-23T02:47:53	899	899	903	903
2021-09-23T02:48:23	899	899	902	903
2021-09-23T02:48:53	901	899	902	903
2021-09-23T02:49:23	899	899	902	903
2021-09-23T02:49:53	900	899	903	903
2021-09-23T02:50:23	899	900	903	903
2021-09-23T02:50:53	900	899	902	903
2021-09-23T02:51:23	900	899	903	903
2021-09-23T02:51:53	900	899	903	903
2021-09-23T02:52:23	900	898	902	903
2021-09-23T02:52:53	810	870	873	896
2021-09-23T02:53:23	741	787	831	876
2021-09-23T02:53:53	662	740	747	840
2021-09-23T02:54:23	544	620	638	769
2021-09-23T02:54:53	486	530	578	722
2021-09-23T02:55:23	449	494	554	664
2021-09-23T02:55:53	433	454	525	620
2021-09-23T02:56:23	400	426	504	587
2021-09-23T02:56:53	383	407	488	570
2021-09-23T02:57:23	370	394	478	545
2021-09-23T02:57:53	353	378	460	522
2021-09-23T02:58:23	342	362	441	507
2021-09-23T02:58:53	330	351	434	487
2021-09-23T02:59:23	322	339	421	469
2021-09-23T02:59:53	308	324	404	452
2021-09-23T03:00:23	302	312	398	441
2021-09-23T03:00:53	294	305	389	425
2021-09-23T03:01:23	284	296	377	409
