Время	T01	T02	T03	T04	T05	T06	T07	T08	T09	P	N2
1543921908866	-1	2	5	2	3	2	2	2	2	350	1
1543921918866	-1	2	5	2	3	2	2	2	2	350	1
1543921928867	-1	2	5	2	3	2	2	2	2	350	1
1543921938868	-1	2	5	2	3	2	2	2	2	350	1
1543921948869	-1	2	5	2	3	2	2	2	2	350	1
1543921958869	-1	2	5	2	3	2	2	2	2	350	1
1543921968870	-1	2	5	2	3	2	2	2	2	350	1
1543921978870	-1	2	5	2	3	2	2	2	2	350	1
1543921988872	-1	2	5	2	3	2	2	2	2	350	1
1543921998873	-1	2	5	2	3	2	2	2	2	350	1
1543922008873	-1	2	5	2	3	2	2	2	2	350	1
1543922018875	-1	2	5	2	3	2	2	2	2	350	1
1543922028876	-1	2	5	2	3	2	2	2	2	350	1
1543922038876	-1	2	5	2	3	2	2	2	2	350	1
1543922048877	-1	2	5	2	3	2	2	2	2	350	1
1543922058877	-1	2	5	2	3	2	2	2	2	350	1
1543922068878	-1	2	5	2	3	2	2	2	2	350	1
1543922078878	-1	2	5	2	3	2	2	2	2	350	1
1543922088880	-1	2	5	2	3	2	2	2	2	350	1
1543922098880	-1	2	5	2	3	2	2	2	2	350	1
1543922108881	-1	2	5	2	3	2	2	2	2	350	1
1543922118882	-1	2	5	2	3	2	2	2	2	350	1
1543922128884	-1	2	5	2	3	2	2	2	2	350	1
1543922138885	-1	2	5	2	3	2	2	2	2	350	1
1543922148885	-1	2	5	2	3	2	2	2	2	350	1
1543922158885	-1	2	5	2	3	2	2	2	2	350	1
1543922168887	-1	2	5	2	3	2	2	2	2	350	1
1543922178890	-1	2	5	2	3	2	2	2	2	350	1
1543922188890	-1	2	5	2	3	2	2	2	2	350	1
1543922198891	-1	2	5	2	3	2	2	2	2	350	1
1543922208892	-1	2	5	2	3	2	2	2	2	350	1
1543922218893	-1	2	5	2	3	2	2	2	2	350	1
1543922228893	-1	2	5	2	3	2	2	2	2	350	1
1543922238893	-1	2	5	2	3	2	2	2	2	350	1
1543922248893	-1	2	5	2	3	2	2	2	2	350	1
1543922258894	-1	2	5	2	3	2	2	2	2	350	1
1543922268896	-1	2	5	2	3	2	2	2	2	350	1
1543922278897	-1	3	5	2	3	2	2	2	2	350	1
1543922288897	-1	2	5	2	3	2	2	2	2	350	1
1543922298897	-1	2	5	2	3	2	2	2	2	350	1
1543922308899	-1	2	5	2	3	2	2	2	2	350	1
1543922318900	-1	2	6	2	3	2	2	2	2	350	1
1543922328900	-1	2	6	2	3	2	2	2	2	350	1
1543922338901	-1	2	5	2	3	2	3	2	2	350	1
1543922348902	-1	2	6	2	3	2	2	2	2	350	1
1543922358903	-1	2	5	2	3	2	3	2	2	350	1
1543922368903	-1	2	5	2	3	2	3	2	2	350	1
1543922378905	-1	2	5	2	3	2	3	2	2	350	1
1543922388906	-1	2	5	2	3	2	3	2	2	350	1
1543922398906	-1	2	5	2	3	2	3	2	2	350	1
1543922408906	-1	2	5	2	3	2	2	2	2	350	1
1543922418907	-1	2	5	2	3	2	2	2	2	350	1
1543922428907	-1	2	6	2	3	2	2	2	2	348	1
1543922438908	-1	2	5	2	3	2	2	2	2	345	1
1543922448908	-1	2	5	2	3	2	2	2	2	341	1
1543922458909	-1	2	6	2	3	2	2	2	2	338	1
1543922468909	-1	2	5	2	3	2	2	2	2	334	1
1543922478910	-1	2	6	2	3	2	2	2	2	331	1
1543922488911	-1	2	5	2	3	2	2	2	2	328	1
1543922498912	-1	2	5	2	3	2	2	2	2	326	1
1543922508913	-1	2	5	2	3	2	1	2	2	323	1
1543922518914	-1	2	6	2	3	2	1	2	2	320	1
1543922528914	-1	2	5	2	3	2	1	2	2	318	1
1543922538915	-1	2	5	2	3	2	1	2	2	315	1
1543922548916	-1	2	5	2	3	2	1	2	2	313	1
1543922558916	-1	2	5	2	3	2	1	2	2	311	1
1543922568918	-1	2	5	2	3	2	1	2	2	308	1
1543922578919	-1	2	5	2	3	2	1	2	2	306	1
1543922588921	-1	2	5	2	3	2	1	2	2	303	1
1543922598921	-1	2	6	2	3	2	1	2	2	300	1
1543922608922	-1	2	5	2	3	2	0	2	2	298	1
1543922618924	-1	2	5	2	3	2	0	2	2	296	1
1543922628925	-1	2	5	2	3	2	0	2	2	294	1
1543922638926	-1	2	6	2	3	2	0	2	2	291	1
1543922648926	-1	2	6	2	3	2	0	2	2	288	1
1543922658927	-1	2	5	2	3	2	0	2	2	286	1
1543922668928	-1	2	5	2	3	2	0	2	2	284	1
1543922678930	-1	2	5	2	3	2	0	2	2	283	1
1543922688931	-1	2	5	2	3	2	0	2	2	280	1
1543922698932	-1	2	5	2	3	2	0	2	2	278	1
1543922708933	-1	2	5	2	3	2	0	2	2	275	1
1543922718933	-1	2	5	2	3	2	0	2	2	274	1
1543922728933	-1	2	5	2	3	2	0	2	2	271	1
1543922738933	-1	2	5	2	3	2	1	2	2	269	1
1543922748934	-1	2	6	2	3	2	0	2	2	267	1
1543922758934	-1	2	5	2	3	2	0	2	2	265	1
1543922768934	-1	2	6	2	3	2	1	2	2	263	1
1543922778935	-1	2	5	2	3	2	1	2	2	262	1
1543922788935	-1	2	5	2	3	2	1	2	2	260	1
1543922798935	-1	2	5	2	3	2	1	2	2	257	1
1543922808936	-1	2	5	2	3	2	0	2	2	255	1
1543922818937	-1	2	5	2	3	2	0	2	2	254	1
1543922828937	-1	2	5	2	3	2	0	2	2	252	1
1543922838939	-1	2	6	2	3	2	1	2	2	250	1
1543922848940	-1	2	6	2	3	2	1	2	2	248	1
1543922858941	-1	2	6	2	3	2	1	2	2	246	1
1543922868941	-1	2	5	2	3	2	1	2	2	245	1
1543922878942	-1	2	6	2	3	2	1	2	2	243	1
1543922888944	-1	2	6	2	3	2	1	2	2	242	1
1543922898945	-1	2	6	2	3	2	1	2	2	239	1
1543922908946	-1	2	6	2	3	2	1	2	2	238	1
1543922918948	-1	2	6	2	3	2	1	2	2	236	1
1543922928949	-1	2	6	2	3	2	1	2	2	234	1
1543922938949	-1	2	6	2	3	2	1	2	2	233	1
1543922948948	-1	2	6	2	3	2	1	2	2	231	1
1543922958948	-1	2	6	2	3	2	1	2	2	230	1
1543922968948	-1	2	5	2	3	2	1	2	2	228	1
1543922978949	-1	2	6	2	3	2	1	2	2	227	1
1543922988950	-1	2	5	2	3	2	1	2	2	225	1
1543922998951	-1	2	6	2	3	2	1	2	2	224	1
1543923008952	-1	2	6	2	3	2	1	2	2	222	1
1543923018953	-1	2	6	2	3	2	1	2	2	221	1
1543923028953	-1	2	5	2	3	2	1	2	2	220	1
1543923038954	-1	2	5	2	3	2	1	2	2	218	1
1543923048955	-1	2	6	2	3	2	1	2	2	216	1
1543923058955	-1	2	6	2	3	2	1	2	2	216	1
1543923068956	-1	2	6	2	3	2	2	2	2	214	1
1543923078956	-1	2	6	2	3	2	2	2	2	213	1
1543923088957	-1	2	6	2	3	2	2	2	3	212	1
1543923098957	-1	2	6	2	3	2	2	2	2	210	1
1543923108957	-1	2	6	2	3	2	2	2	3	209	1
1543923118958	-1	2	5	2	3	2	2	2	3	208	1
1543923128958	-1	2	5	2	3	2	2	2	3	206	1
1543923138959	-1	2	6	2	3	2	2	2	2	205	1
1543923148960	-1	2	6	2	3	2	2	2	2	204	1
1543923158961	-1	2	6	2	3	2	2	2	2	202	1
1543923168962	-1	2	6	2	3	2	2	2	2	201	1
1543923178963	-1	2	6	2	3	2	2	2	2	200	1
1543923188964	-1	3	6	2	3	2	2	2	2	199	1
1543923198966	-1	2	6	2	3	2	2	2	3	198	1
1543923208968	-1	2	6	2	3	2	2	2	3	197	1
1543923218969	-1	2	5	2	3	2	2	2	3	196	1
1543923228970	-1	2	6	2	3	2	2	2	2	195	1
1543923238970	-1	2	6	2	3	2	2	2	2	193	1
1543923248971	-1	2	5	2	3	2	2	2	2	192	1
1543923258971	-1	2	6	2	3	2	2	2	2	191	1
1543923268971	-1	2	6	2	3	2	2	2	3	190	1
1543923278971	-1	2	6	2	3	2	2	2	3	189	1
1543923288973	-1	2	6	2	3	2	2	2	3	188	1
1543923298973	-1	2	6	2	3	2	2	2	3	187	1
1543923308975	-1	2	6	2	3	2	2	2	2	186	1
1543923318976	-1	2	6	2	3	2	2	2	2	185	1
1543923328976	-1	2	6	2	3	2	2	2	2	184	1
1543923338977	-1	3	6	2	3	2	2	2	2	183	1
1543923348977	-1	2	6	2	3	2	2	2	3	183	1
1543923358978	-1	2	6	2	3	2	2	2	2	182	1
1543923368978	-1	2	6	2	3	2	2	2	2	181	1
1543923378978	-1	2	5	2	3	2	2	2	2	179	1
1543923388978	-1	2	6	2	3	2	2	2	2	179	1
1543923398980	-1	2	6	2	3	2	2	2	2	178	1
1543923408981	-1	2	6	2	3	2	2	2	2	177	1
1543923418982	-1	2	6	2	3	2	2	2	2	176	1
1543923428982	-1	2	5	2	3	2	2	2	2	175	1
1543923438982	-1	2	5	2	3	2	2	2	2	175	1
1543923448982	-1	2	6	2	3	2	2	2	2	174	1
1543923458984	-1	2	5	2	3	2	1	2	2	173	1
1543923468985	-1	2	6	2	3	2	2	2	2	172	1
1543923478985	-1	2	6	2	3	2	2	2	2	171	1
1543923488985	-1	2	6	2	3	2	2	2	2	170	1
1543923498986	-1	2	6	2	3	2	2	2	2	170	1
1543923508987	-1	2	5	2	3	3	2	2	2	169	1
1543923518987	-1	2	5	2	3	2	2	2	2	168	1
1543923528989	-1	2	6	2	3	2	2	2	2	167	1
1543923538991	-1	2	6	2	3	2	2	2	2	166	1
1543923548992	-1	2	5	2	3	3	2	2	2	166	1
1543923558993	-1	2	5	2	3	2	2	2	2	165	1
1543923568994	-1	2	6	2	3	2	2	2	2	164	1
1543923578994	-1	2	6	2	3	2	2	2	2	164	1
1543923588995	-1	2	5	2	3	2	2	2	2	163	1
1543923598996	-1	2	6	2	3	2	2	2	2	162	1
1543923608995	-1	2	6	2	3	2	2	2	2	162	1
1543923618996	-1	2	5	2	3	2	2	2	2	161	1
1543923628996	-1	2	6	2	3	2	2	2	2	160	1
1543923638998	-1	2	5	2	3	2	2	2	2	160	1
1543923648998	-1	2	5	2	3	2	2	2	2	159	1
1543923658999	-1	2	6	2	3	2	2	2	2	158	1
1543923668999	-1	2	6	2	3	2	2	2	2	158	1
1543923679000	-1	2	5	2	3	2	2	2	2	157	1
1543923689001	-1	2	6	2	3	2	2	2	2	156	1
1543923699002	-1	2	5	2	3	2	2	2	3	156	1
1543923709004	-1	2	5	2	3	2	2	2	3	155	1
1543923719004	-1	2	6	2	3	2	2	2	3	155	1
1543923729005	-1	2	6	2	3	2	2	2	3	154	1
1543923739005	-1	2	6	2	3	2	2	2	2	153	1
1543923749005	-1	2	6	2	3	2	2	2	2	153	1
1543923759006	-1	2	5	2	3	2	2	2	3	152	1
1543923769008	-1	2	5	2	3	2	2	2	3	152	1
1543923779008	-1	2	5	2	3	2	2	2	2	151	1
1543923789008	-1	2	5	2	3	2	2	2	2	150	1
1543923799010	-1	2	5	2	3	2	2	2	2	150	1
1543923809010	-1	2	5	2	3	2	2	2	2	149	1
1543923819010	-1	2	6	2	3	2	2	2	2	149	1
1543923829012	-1	2	6	2	3	2	2	2	2	148	1
1543923839012	-1	2	5	2	3	2	2	2	2	148	1
1543923849012	-1	2	6	2	3	2	2	2	2	147	1
1543923859013	-1	2	5	2	3	2	2	2	2	147	1
1543923869013	-1	2	5	2	4	2	2	2	2	146	1
1543923879013	-1	2	5	2	3	2	2	2	2	146	1
1543923889014	-1	2	6	2	3	3	2	2	2	145	1
1543923899015	-1	2	5	2	3	2	2	2	2	145	1
1543923909016	-1	2	5	2	3	3	2	2	2	144	1
1543923919016	-1	2	6	2	3	2	2	2	2	144	1
1543923929016	-1	2	6	2	3	2	2	2	2	143	1
1543923939017	-1	2	5	2	3	1	2	2	2	143	1
1543923949017	-1	2	5	2	3	3	2	2	2	142	1
1543923959018	-1	2	5	2	3	3	2	2	2	142	1
1543923969018	-1	2	6	2	4	2	2	2	2	142	1
1543923979019	-1	2	6	2	3	3	2	2	2	141	1
1543923989019	-1	2	5	2	3	2	2	2	2	140	1
1543923999019	-1	2	6	2	3	3	2	2	2	140	1
1543924009020	-1	2	6	2	3	2	2	2	2	140	1
1543924019020	-1	2	6	2	4	2	2	2	2	139	1
1543924029022	-1	2	6	2	4	2	2	2	2	139	1
1543924039022	-1	2	5	2	3	2	2	2	2	138	1
1543924049022	-1	2	6	2	4	3	2	2	2	138	1
1543924059022	-1	3	6	2	4	2	2	2	2	138	1
1543924069022	-1	2	6	2	4	3	2	2	2	137	1
1543924079022	-1	2	6	2	3	3	2	2	2	137	1
1543924089022	-1	2	6	2	3	3	2	2	3	136	1
1543924099023	-1	2	6	2	3	3	2	2	3	136	1
1543924109024	-1	2	6	2	4	3	2	2	3	136	1
1543924119025	-1	2	6	2	4	3	2	2	2	136	1
1543924129025	-1	2	6	2	4	3	2	2	2	136	1
1543924139025	-1	2	6	2	4	3	2	2	3	137	1
1543924149026	-1	2	6	2	4	3	2	2	3	137	1
1543924159028	-1	2	6	2	4	3	2	2	3	137	1
1543924169028	-1	2	6	2	4	3	2	2	2	137	1
1543924179030	-1	2	6	2	4	3	2	2	2	137	1
1543924189030	-1	2	6	2	4	3	2	2	3	137	1
1543924199030	-1	2	6	2	4	3	2	2	3	137	1
1543924209030	-1	2	5	2	4	3	2	2	3	137	1
1543924219030	-1	2	5	2	4	3	2	2	3	137	1
1543924229031	-1	2	5	2	4	3	2	2	3	137	1
1543924239031	-1	2	6	2	4	3	2	2	3	137	1
1543924249032	-1	2	6	2	4	3	2	2	2	137	1
1543924259033	-1	2	5	2	4	3	2	2	3	137	1
1543924269033	-1	2	6	2	4	3	2	2	3	138	1
1543924279034	-1	2	6	2	4	3	2	2	3	138	1
1543924289034	-1	2	6	2	4	3	2	2	3	138	1
1543924299035	-1	2	6	2	4	3	2	2	3	138	1
1543924309035	-1	2	6	2	4	3	2	2	3	138	1
1543924319036	-1	2	6	2	4	3	2	2	3	138	1
1543924329037	-1	2	6	2	4	3	2	2	3	138	1
1543924339038	-1	2	5	2	4	3	2	2	3	138	1
1543924349038	-1	2	6	2	4	3	2	2	3	138	1
1543924359039	-1	2	6	2	4	3	2	2	3	138	1
1543924369039	-1	2	6	2	4	3	2	2	3	138	1
1543924379039	-1	2	6	2	4	3	2	2	3	138	1
1543924389039	-1	2	5	2	4	3	2	2	3	138	1
1543924399040	-1	2	6	2	4	3	2	2	3	138	1
1543924409040	-1	2	6	2	4	3	2	2	3	138	1
1543924419040	-1	2	6	2	4	3	2	2	3	138	1
1543924429041	-1	2	6	2	4	3	2	2	3	138	1
1543924439041	-1	2	5	2	4	3	2	2	3	138	1
1543924449041	-1	2	6	2	4	3	2	2	3	138	1
1543924459041	-1	2	6	2	4	3	2	2	3	138	1
1543924469041	-1	3	6	2	4	3	2	2	3	138	1
1543924479041	-1	3	6	2	4	3	2	2	3	138	1
1543924489042	-1	3	6	2	4	3	2	2	3	138	1
1543924499042	-1	3	6	2	4	3	2	2	3	138	1
1543924509044	-1	2	6	2	4	3	2	2	3	138	1
1543924519044	-1	2	6	2	4	3	2	2	3	139	1
1543924529044	-1	3	6	2	4	3	2	2	3	139	1
1543924539044	-1	3	5	2	4	3	2	2	3	139	1
1543924549046	-1	3	6	2	4	3	2	2	3	139	1
1543924559046	-1	3	5	2	4	3	2	2	3	139	1
1543924569047	-1	3	6	2	4	3	2	2	3	139	1
1543924579047	-1	3	6	2	4	3	2	2	3	139	1
1543924589048	-1	3	6	2	4	3	2	2	3	139	1
1543924599048	-1	3	6	3	4	3	2	2	3	139	1
1543924609048	-1	3	6	2	4	3	2	2	3	139	1
1543924619048	-1	3	6	2	4	3	2	2	3	139	1
1543924629049	-1	3	5	2	4	3	2	2	3	139	1
1543924639050	-1	3	5	2	4	3	2	2	3	139	1
1543924649051	-1	3	6	2	4	3	2	2	3	139	1
1543924659051	-1	3	6	2	4	3	2	2	3	139	1
1543924669052	-1	3	6	2	4	3	2	2	3	139	1
1543924679053	-1	3	6	2	4	3	2	2	3	139	1
1543924689055	-1	3	6	2	4	3	2	2	3	139	1
1543924699055	-1	3	6	2	4	3	2	2	3	139	1
1543924709056	-1	3	6	2	4	3	2	2	3	140	1
1543924719057	-1	3	6	2	4	3	2	2	3	140	1
1543924729058	-1	3	6	2	4	3	2	2	3	140	1
1543924739058	-1	3	6	2	4	3	2	2	3	140	1
1543924749060	-1	3	5	2	4	3	2	2	3	140	1
1543924759060	-1	3	5	2	4	3	2	2	3	140	1
1543924769060	-1	3	6	2	4	3	2	2	3	140	1
1543924779060	-1	3	6	2	4	3	2	2	3	140	1
1543924789062	-1	3	6	2	4	3	2	2	3	140	1
1543924799063	-1	3	5	2	4	3	2	2	3	140	1
1543924809062	-1	3	6	2	4	3	2	2	3	140	1
1543924819063	-1	3	6	2	4	3	2	2	3	140	1
1543924829064	-1	3	6	2	4	3	2	2	3	140	1
1543924839064	-1	3	6	2	4	3	2	2	3	140	1
1543924849064	-1	3	6	2	4	3	2	2	3	140	1
1543924859066	-1	3	6	2	4	3	2	2	3	140	1
1543924869067	-1	3	6	2	4	3	2	2	3	140	1
1543924879068	-1	3	6	2	4	3	2	2	3	140	1
1543924889068	-1	3	5	2	4	3	2	2	3	140	1
1543924899069	-1	3	6	2	4	3	2	2	3	140	1
1543924909070	-1	3	6	2	4	3	2	2	3	141	1
1543924919071	-1	3	5	2	4	3	2	2	3	141	1
1543924929072	-1	3	5	2	4	3	2	2	3	141	1
1543924976197	-1	3	6	2	4	3	2	2	3	141	1
1543924986198	-1	3	6	2	4	3	2	2	3	141	1
1543924996199	-1	3	6	2	4	3	2	2	3	141	1
1543925006200	-1	3	5	2	4	3	2	2	3	141	1
1543925016201	-1	3	6	2	4	3	2	2	3	141	1
1543925026202	-1	3	6	2	4	3	2	2	3	141	1
1543925036202	-1	3	6	2	4	3	2	2	3	141	1
1543925046203	-1	3	6	2	4	3	2	2	3	141	1
1543925056203	-1	3	6	2	4	3	2	2	3	141	1
1543925066203	-1	3	6	2	4	3	2	2	3	141	1
1543925076205	-1	3	6	2	4	3	2	2	3	141	1
1543925086205	-1	3	6	2	4	3	2	2	3	141	1
1543925096205	-1	3	6	2	4	3	2	2	3	141	1
1543925106206	-1	3	6	2	4	3	2	2	3	142	1
1543925116206	-1	3	6	2	4	3	2	2	3	142	1
1543925126205	-1	3	5	2	4	3	2	2	3	142	1
1543925136206	-1	3	6	2	4	3	2	2	3	142	1
1543925146205	-1	3	5	2	4	3	2	2	3	142	1
1543925156206	-1	3	5	2	4	3	2	2	3	142	1
1543925166207	-1	3	7	2	4	3	2	2	3	142	1
1543925176207	-1	3	7	2	4	3	2	2	3	142	1
1543925186208	-1	3	6	3	4	3	2	2	3	142	1
1543925196209	-1	3	6	2	4	3	2	2	3	142	1
1543925206210	-1	3	6	2	4	3	2	2	3	142	1
1543925216210	-1	3	6	2	4	3	2	2	3	142	1
1543925226209	-1	3	7	2	4	3	2	2	3	142	1
1543925236210	-1	3	6	2	4	3	2	2	3	142	1
1543925246210	-1	3	6	2	4	3	2	2	3	142	1
1543925256210	-1	3	5	2	4	3	2	2	3	142	1
1543925266210	-1	3	6	2	4	3	2	2	3	142	1
1543925276210	-1	3	6	2	4	3	2	2	3	142	1
1543925286210	-1	3	5	2	4	3	2	2	3	142	1
1543925296210	-1	3	5	2	4	3	2	2	3	142	1
1543925306211	-1	3	6	2	4	3	2	2	3	142	1
1543925316211	-1	3	6	2	4	3	2	2	3	143	1
1543925326211	-1	3	6	2	4	3	2	2	3	143	1
1543925336212	-1	3	6	2	4	3	2	2	3	143	1
1543925346213	-1	3	6	2	4	3	2	2	3	143	1
1543925356214	-1	3	6	2	4	3	2	2	3	143	1
1543925366214	-1	3	6	2	4	3	2	2	3	143	1
1543925376216	-1	3	6	2	4	3	2	2	3	143	1
1543925386217	-1	3	6	2	4	3	2	2	3	143	1
1543925396219	-1	3	6	2	4	3	2	2	3	143	1
1543925406220	-1	3	6	2	4	3	2	2	3	143	1
1543925416219	-1	3	5	2	4	3	2	2	3	143	1
1543925426220	-1	3	6	2	4	3	2	2	3	143	1
1543925436221	-1	3	6	2	4	3	2	2	3	143	1
1543925446222	-1	3	6	2	4	3	2	2	3	143	1
1543925456223	-1	3	6	2	4	3	2	2	3	143	1
1543925466223	-1	3	6	2	4	3	2	2	3	143	1
1543925476224	-1	3	6	2	4	3	2	2	3	143	1
1543925486226	-1	3	6	2	4	3	2	2	3	143	1
1543925496227	-1	3	6	2	4	3	2	2	3	143	1
1543925506228	-1	3	6	2	4	3	2	2	3	144	1
1543925516229	-1	3	5	2	4	3	2	2	3	144	1
1543925526230	-1	3	6	2	4	3	2	2	3	144	1
1543925536230	-1	3	6	2	4	3	2	2	3	144	1
1543925546231	-1	3	6	2	4	3	2	2	3	144	1
1543925556233	-1	3	6	2	4	3	2	2	3	144	1
1543925566233	-1	3	6	2	4	3	2	2	3	144	1
1543925576233	-1	3	6	2	4	3	2	2	3	144	1
1543925586235	-1	3	6	2	4	3	2	2	3	144	1
1543925596237	-1	3	6	2	4	3	2	2	3	144	1
1543925606237	-1	3	6	2	4	3	2	2	3	144	1
1543925616239	-1	3	6	2	4	3	2	2	3	144	1
1543925626240	-1	3	6	2	4	3	2	2	3	144	1
1543925636241	-1	3	6	2	4	3	2	2	3	144	1
1543925646242	-1	3	6	2	4	3	2	2	3	144	1
1543925656243	-1	3	6	2	4	3	2	2	3	144	1
1543925666242	-1	3	6	2	4	3	2	2	3	144	1
1543925676244	-1	3	6	2	4	3	2	2	3	144	1
1543925686246	-1	3	6	2	4	3	2	2	3	144	1
1543925696247	-1	3	6	2	4	3	2	2	3	145	1
1543925706247	-1	3	6	2	4	3	2	2	3	145	1
1543925716247	-1	3	6	3	4	3	2	2	3	145	1
1543925726247	-1	3	6	3	4	3	2	2	3	145	1
1543925736248	-1	3	6	2	4	3	2	2	3	145	1
1543925746249	-1	3	5	2	4	3	2	2	3	145	1
1543925756251	-1	3	6	2	4	3	2	2	3	145	1
1543925766252	-1	3	6	2	4	3	2	2	3	145	1
1543925776253	-1	3	7	2	4	3	2	2	3	145	1
1543925786254	-1	3	6	2	4	3	2	2	3	145	1
1543925796255	-1	3	6	2	4	3	2	2	3	145	1
1543925806255	-1	3	6	2	4	3	2	2	3	145	1
1543925816255	-1	3	6	2	4	3	2	2	3	145	1
1543925826257	-1	3	6	2	4	3	2	2	3	145	1
1543925836257	-1	3	6	2	4	3	2	2	3	145	1
1543925846257	-1	3	6	2	4	3	2	2	3	145	1
1543925856258	-1	3	6	2	4	3	2	2	3	145	1
1543925866258	-1	3	6	2	4	3	2	2	3	145	1
1543925876260	-1	3	6	2	4	3	2	2	3	145	1
1543925886260	-1	3	6	2	4	3	2	2	3	145	1
1543925896261	-1	3	6	2	4	3	2	2	3	145	1
1543925906262	-1	3	6	2	4	3	2	2	3	145	1
1543925916261	-1	3	5	2	4	3	2	2	3	146	1
1543925926262	-1	3	6	2	4	3	2	2	3	146	1
1543925936262	-1	3	6	2	4	3	2	2	3	146	1
1543925946263	-1	3	6	2	4	3	2	2	3	146	1
1543925956263	-1	3	6	2	4	3	2	2	3	146	1
1543925966264	-1	3	6	2	4	3	2	2	3	146	1
1543925976264	-1	3	6	2	4	3	2	2	3	146	1
1543925986265	-1	3	6	2	4	3	2	2	3	146	1
1543925996265	-1	3	6	2	4	3	2	2	3	146	1
1543926006265	-1	3	6	2	4	3	2	2	3	146	1
1543926016267	-1	3	6	2	4	3	2	2	3	146	1
1543926026267	-1	3	6	2	4	3	2	2	3	146	1
1543926036268	-1	3	6	2	4	3	3	3	3	146	1
1543926046268	-1	2	6	2	4	3	2	2	3	146	1
1543926056268	-1	3	6	2	4	3	3	2	3	146	1
1543926066270	-1	2	5	2	4	3	3	2	3	146	1
1543926076271	-1	3	6	2	4	3	3	2	3	146	1
1543926086273	-1	2	6	2	4	3	2	3	3	146	1
1543926096274	-1	2	6	2	4	3	3	2	3	146	1
1543926106273	-1	2	6	2	4	3	3	2	3	146	1
1543926116274	-1	3	6	2	4	3	3	2	3	146	1
1543926126275	-1	3	6	2	4	3	3	2	3	146	1
1543926136275	-1	3	6	2	4	3	3	2	3	147	1
1543926146275	-1	2	6	2	4	3	3	2	3	147	1
1543926156274	-1	2	6	2	4	3	3	2	3	147	1
1543926166275	-1	3	6	2	4	3	3	2	3	147	1
1543926176276	-1	2	6	2	4	2	3	2	3	147	1
1543926186278	-1	2	6	2	4	2	3	2	3	147	1
1543926196278	-1	2	6	2	4	2	3	2	3	147	1
1543926206278	-1	2	6	2	4	3	3	2	3	147	1
1543926216278	-1	2	6	2	4	3	3	2	3	147	1
1543926226278	-1	2	6	2	4	3	3	2	3	147	1
1543926236279	-1	2	6	2	4	3	2	2	3	147	1
1543926246280	-1	3	6	2	4	3	3	2	3	147	1
1543926256281	-1	2	6	2	4	3	3	2	3	147	1
1543926266282	-1	2	6	2	4	3	3	2	3	147	1
1543926276283	-1	2	6	2	4	3	3	2	3	147	1
1543926286282	-1	2	6	2	4	3	3	2	3	147	1
1543926296284	-1	2	6	2	4	3	3	2	3	147	1
1543926306286	-1	2	6	2	4	3	2	3	3	147	1
1543926316287	-1	2	6	2	4	3	2	2	3	147	1
1543926326288	-1	2	6	2	4	3	2	2	3	147	1
1543926336289	-1	2	6	2	4	3	2	2	3	147	1
1543926346289	-1	2	6	2	4	2	3	2	3	147	1
1543926356290	-1	2	6	2	4	3	3	3	3	148	1
1543926366291	-1	2	6	2	4	3	2	2	3	148	1
1543926376291	-1	2	6	2	4	3	2	3	3	148	1
1543926386291	-1	2	6	2	4	3	3	3	3	148	1
1543926396291	-1	2	6	2	4	2	2	3	3	148	1
1543926406292	-1	2	6	2	4	3	3	3	3	148	1
1543926416294	-1	2	6	2	4	3	3	3	3	148	1
1543926426295	-1	2	6	2	4	3	3	3	3	148	1
1543926436295	-1	2	6	2	4	3	3	3	3	148	1
1543926446296	-1	2	6	2	4	3	2	3	3	148	1
1543926456296	-1	2	6	2	4	2	3	3	3	148	1
1543926466297	-1	2	6	2	4	3	3	3	3	148	1
1543926476297	-1	2	6	2	4	3	3	3	3	148	1
1543926486299	-1	2	6	2	4	3	3	3	3	148	1
1543926496299	-1	2	6	2	4	3	3	3	3	148	1
1543926506302	-1	2	6	2	4	2	3	3	3	148	1
1543926516303	-1	2	6	2	4	3	3	3	3	148	1
1543926526303	-1	2	6	2	4	2	3	3	3	148	1
1543926536304	-1	2	6	2	4	3	3	3	3	148	1
1543926546305	-1	2	6	2	4	2	3	3	3	148	1
1543926556306	-1	2	6	2	4	2	3	3	3	148	1
1543926566307	-1	2	6	2	4	3	3	3	3	149	1
1543926576308	-1	2	6	2	4	3	3	3	3	149	1
1543926586308	-1	2	6	2	4	3	3	3	3	149	1
1543926596309	-1	2	6	2	4	3	3	3	3	149	1
1543926606310	-1	2	6	2	4	3	3	3	3	149	1
1543926616311	-1	2	6	2	4	3	3	3	3	149	1
1543926626312	-1	2	6	2	4	3	3	3	3	149	1
1543926636314	-1	2	6	2	4	3	3	3	3	149	1
1543926646314	-1	2	6	2	4	3	3	3	3	149	1
1543926656315	-1	2	6	2	4	3	3	3	3	149	1
1543926666315	-1	2	6	2	4	3	3	3	3	149	1
1543926676316	-1	2	6	2	4	3	3	3	3	149	1
1543926686316	-1	2	6	2	4	3	3	3	3	149	1
1543926696317	-1	2	6	2	4	3	3	3	3	149	1
1543926706317	-1	2	6	2	4	3	3	3	3	149	1
1543926716318	-1	2	6	2	4	3	3	3	3	149	1
1543926726319	-1	2	6	2	4	3	3	3	3	149	1
1543926736320	-1	2	6	2	4	3	3	3	3	149	1
1543926746321	-1	2	6	2	4	3	3	3	3	149	1
1543926756322	-1	2	6	2	4	3	3	3	3	149	1
1543926766322	-1	2	6	2	4	3	3	3	3	149	1
1543926776323	-1	2	6	2	4	3	3	3	3	149	1
1543926786325	-1	2	6	2	4	3	3	3	3	149	1
1543926796325	-1	2	6	2	4	3	3	3	3	149	1
1543926806325	-1	2	6	2	4	3	3	3	3	150	1
1543926816325	-1	2	6	2	4	3	3	3	3	150	1
1543926826326	-1	2	6	2	4	3	3	3	3	150	1
1543926836326	-1	2	6	2	4	3	3	3	3	150	1
1543926846326	-1	2	6	2	4	3	3	3	3	150	1
1543926856327	-1	2	6	2	4	3	3	3	3	150	1
1543926866329	-1	2	6	2	4	3	3	3	3	150	1
1543926876330	-1	2	6	2	4	3	3	3	3	150	1
1543926886330	-1	2	6	2	4	3	3	3	3	150	1
1543926896330	-1	2	6	2	4	3	3	3	3	150	1
1543926906332	-1	2	6	2	4	3	3	3	3	150	1
1543926916334	-1	2	6	2	4	3	3	3	3	150	1
1543926926335	-1	2	6	2	4	3	3	3	3	150	1
1543926936335	-1	2	6	2	4	3	3	3	3	150	1
1543926946337	-1	2	6	2	4	3	3	3	3	150	1
1543926956337	-1	2	6	2	4	3	3	3	3	150	1
1543926966337	-1	2	6	2	4	3	3	3	3	150	1
1543926976338	-1	2	6	2	4	3	3	3	3	150	1
1543926986337	-1	2	6	2	4	3	3	3	3	150	1
1543926996338	-1	2	6	2	4	3	3	3	3	150	1
1543927006339	-1	2	6	2	4	3	3	3	3	150	1
1543927016339	-1	2	6	2	4	3	3	3	3	151	1
1543927026339	-1	2	6	2	4	3	3	3	3	151	1
1543927036340	-1	2	6	2	4	3	3	3	3	151	1
1543927046341	-1	2	6	2	4	3	3	3	3	151	1
1543927056341	-1	2	6	2	4	3	3	3	3	151	1
1543927066342	0	2	6	2	4	3	3	3	3	151	1
1543927076343	-1	2	6	2	4	3	3	3	3	151	1
1543927086344	-1	2	6	2	4	3	3	3	3	151	1
1543927096343	-1	2	6	2	4	3	3	3	3	151	1
1543927106343	-1	2	6	2	4	3	3	3	3	151	1
1543927116343	-1	2	6	2	4	3	3	3	3	151	1
1543927126343	-1	2	6	2	4	3	3	3	3	151	1
1543927136343	-1	2	6	2	4	3	3	3	3	151	1
1543927146345	-1	2	6	2	4	2	3	3	3	151	1
1543927156344	-1	2	6	2	4	3	3	3	3	151	1
1543927166347	-1	2	6	2	4	2	3	3	3	151	1
1543927176348	-1	2	6	2	4	3	3	3	3	151	1
1543927186348	-1	2	6	2	4	3	3	3	3	151	1
1543927196347	-1	2	6	2	4	2	3	3	3	151	1
1543927206348	-1	2	6	2	4	3	3	3	3	151	1
1543927216348	-1	2	6	2	4	3	3	3	3	151	1
1543927226349	-1	2	6	2	4	2	3	3	3	151	1
1543927236349	-1	2	6	2	4	2	3	3	3	151	1
1543927246350	-1	2	6	2	4	2	3	3	3	151	1
1543927256350	-1	2	6	2	4	3	3	3	3	152	1
1543927266351	-1	2	6	2	4	3	3	3	3	152	1
1543927276352	-1	2	6	2	4	3	3	3	3	152	1
1543927286351	-1	2	6	2	4	1	3	3	3	152	1
1543927296351	-1	2	6	2	4	3	3	3	3	152	1
1543927306351	-1	2	6	2	4	3	3	3	3	152	1
1543927316351	-1	2	6	2	4	3	3	3	3	152	1
1543927326352	-1	2	6	2	4	3	3	3	3	152	1
1543927336353	-1	2	6	2	4	2	3	3	3	151	1
1543927346355	-1	2	6	2	4	3	3	3	3	150	1
1543927356356	-1	2	6	2	4	2	3	3	3	149	1
1543927366356	-1	2	6	2	4	2	3	3	3	149	1
1543927376358	-1	2	6	2	4	3	3	3	3	148	1
1543927386358	-1	2	6	2	4	2	3	3	3	148	1
1543927396360	-1	2	6	2	4	2	3	3	3	147	1
1543927406360	-1	2	6	2	4	2	3	3	3	147	1
1543927416361	-1	2	6	2	4	2	3	3	3	146	1
1543927426361	-1	2	6	2	4	3	3	3	3	145	1
1543927436363	-1	2	6	2	4	3	3	3	3	145	1
1543927446364	-1	2	6	2	4	3	3	3	3	144	1
1543927456364	-1	2	6	2	4	3	3	3	3	144	1
1543927466365	-1	2	6	2	4	2	3	3	3	143	1
1543927476365	-1	2	6	2	4	3	3	3	3	143	1
1543927486365	-1	2	6	2	4	3	3	3	3	143	1
1543927496365	-1	2	6	2	4	3	3	3	3	142	1
1543927506366	-1	2	6	2	4	3	3	3	3	141	1
1543927516366	-1	2	6	2	4	3	3	3	3	141	1
1543927526367	-1	2	6	2	4	3	3	3	3	141	1
1543927536367	-1	2	6	2	4	3	3	3	3	140	1
1543927546368	-1	2	6	2	4	3	3	3	3	140	1
1543927556369	-1	2	6	2	4	3	3	3	3	139	1
1543927566370	-1	2	6	2	4	3	3	3	3	139	1
1543927576371	-1	2	6	2	4	3	3	3	3	138	1
1543927586370	-1	2	6	2	4	3	3	3	3	138	1
1543927596371	-1	2	6	2	4	3	3	3	3	137	1
1543927606373	-1	2	6	2	4	3	3	3	3	137	1
1543927616387	-1	2	6	2	4	3	3	3	3	137	1
1543927626387	-1	2	6	2	4	3	3	3	3	138	1
1543927636387	-1	2	6	2	4	3	3	3	3	138	1
1543927646387	-1	2	6	2	4	3	3	3	3	139	1
1543927656388	-1	2	6	2	4	3	3	3	3	141	1
1543927666388	-1	2	6	2	4	3	3	3	3	142	1
1543927676388	-1	2	6	2	4	3	3	3	3	143	1
1543927686389	-1	2	6	2	4	3	3	3	3	144	1
1543927696390	-1	2	6	2	4	3	3	3	3	145	1
1543927706391	-1	2	6	2	4	3	3	3	3	145	1
1543927716391	-1	2	6	2	4	3	4	3	3	147	1
1543927726392	-1	2	6	2	4	2	4	3	3	148	1
1543927736393	-1	2	6	2	4	2	4	3	3	149	1
1543927746393	-1	2	6	2	4	3	4	3	3	150	1
1543927756393	-1	2	6	2	4	3	4	3	3	150	1
1543927766393	-1	2	6	2	4	3	4	3	3	151	1
1543927776393	-1	2	6	2	4	3	4	3	3	151	1
1543927786393	-1	2	6	2	4	3	4	3	3	152	1
1543927796394	-1	2	6	2	4	3	4	3	3	152	1
1543927806396	-1	2	6	2	4	3	4	3	3	153	1
1543927816396	-1	2	6	2	4	2	4	3	3	153	1
1543927826396	-1	2	6	2	4	3	3	3	3	154	1
1543927836396	-1	2	6	2	4	3	3	3	3	154	1
1543927846397	-1	2	6	2	4	2	3	3	3	154	1
1543927856397	-1	2	6	2	4	3	3	3	3	155	1
1543927866398	-1	2	6	2	4	2	4	3	3	155	1
1543927876399	-1	2	6	2	4	2	3	3	3	155	1
1543927886401	-1	2	6	2	4	3	3	3	3	156	1
1543927896401	-1	2	6	2	4	2	3	3	3	156	1
1543927906402	-1	2	6	2	4	3	3	3	3	156	1
1543927916402	-1	2	6	2	4	3	3	3	3	157	1
1543927926403	-1	2	6	2	4	2	3	3	3	157	1
1543927936403	-1	2	6	2	4	3	3	3	3	157	1
1543927946404	-1	2	6	2	4	3	3	3	3	158	1
1543927956404	-1	2	6	2	4	3	3	3	3	158	1
1543927966405	-1	2	6	2	4	3	3	3	3	159	1
1543927976405	-1	2	6	2	4	3	3	3	3	159	1
1543927986405	-1	2	6	2	4	3	3	3	3	160	1
1543927996407	-1	2	6	2	4	3	3	3	3	160	1
1543928006407	-1	2	6	2	4	3	3	3	3	160	1
1543928016408	-1	2	6	2	4	3	3	3	3	161	1
1543928026408	-1	2	6	2	4	3	3	3	3	161	1
1543928036409	-1	2	6	2	4	3	3	3	3	162	1
1543928046409	-1	2	6	2	4	3	3	3	3	162	1
1543928056410	-1	2	6	2	4	3	3	3	3	163	1
1543928066412	-1	2	6	2	4	3	3	3	3	163	1
1543928076412	-1	2	6	2	4	3	3	3	3	164	1
1543928086412	-1	2	6	2	4	3	3	3	3	164	1
1543928096413	-1	2	6	2	4	3	3	3	3	164	1
1543928106414	-1	2	6	2	4	2	3	3	3	165	1
1543928116414	-1	2	6	2	4	2	3	3	3	166	1
1543928126413	-1	2	6	2	4	3	3	3	3	166	1
1543928136414	-1	2	6	2	4	3	3	3	3	166	1
1543928146416	-1	2	6	2	4	3	3	3	3	167	1
1543928156417	-1	2	6	2	4	3	4	3	3	167	1
1543928166418	-1	2	6	2	4	3	4	3	3	168	1
1543928176418	-1	2	6	2	4	3	4	3	3	168	1
1543928186418	-1	2	6	2	4	3	3	3	3	169	1
1543928196419	-1	2	6	2	4	3	4	3	3	169	1
1543928206421	-1	2	6	2	4	3	4	3	3	170	1
1543928216421	-1	2	6	2	4	3	4	3	3	170	1
1543928226422	-1	2	6	2	4	2	4	3	3	171	1
1543928236422	-1	2	6	2	4	3	4	3	3	171	1
1543928246422	-1	2	6	2	4	3	4	3	3	172	1
1543928256423	-1	2	6	2	4	3	3	3	3	173	1
1543928266423	-1	2	6	2	4	3	4	3	3	173	1
1543928276423	-1	2	6	2	4	3	4	3	3	174	1
1543928286424	-1	2	6	2	4	3	4	3	3	174	1
1543928296425	-1	2	6	2	4	3	4	3	3	175	1
1543928306426	-1	2	6	2	4	3	4	3	3	175	1
1543928316425	-1	2	6	2	4	3	4	3	3	175	1
1543928326426	-1	2	6	2	4	3	4	3	3	175	1
1543928336428	-1	2	6	2	4	3	4	3	3	175	1
1543928346428	-1	2	6	2	4	3	4	3	3	175	1
1543928356429	-1	2	6	2	4	3	4	3	3	175	1
1543928366430	-1	2	6	2	4	3	4	3	3	175	1
1543928376431	-1	2	6	2	4	3	4	3	3	175	1
1543928386432	-1	2	6	2	4	3	3	3	3	175	1
1543928396432	-1	2	6	2	4	3	3	3	3	175	1
1543928406434	-1	2	6	2	4	3	3	3	3	175	1
1543928416434	0	2	6	2	4	3	3	3	3	175	1
1543928426434	-1	2	6	2	4	3	3	3	3	175	1
1543928436434	-1	2	6	2	4	3	3	3	3	175	1
1543928446435	-1	2	6	2	4	3	3	3	3	175	1
1543928456436	-1	2	6	2	4	3	3	3	3	175	1
1543928466437	-1	2	6	2	4	3	3	3	3	175	1
1543928476438	-1	2	6	2	4	3	3	3	3	175	1
1543928486439	-1	2	6	2	4	3	3	3	3	175	1
1543928496440	0	2	6	2	4	3	3	3	3	175	1
1543928506440	-1	2	6	2	4	3	3	3	3	175	1
1543928516441	-1	2	6	2	4	3	3	3	3	175	1
1543928526441	-1	2	6	2	4	3	3	3	3	175	1
1543928536441	-1	2	6	2	4	3	3	3	3	175	1
1543928546442	-1	2	6	2	4	3	3	3	3	175	1
1543928556443	-1	3	6	2	3	3	3	3	3	175	1
1543928566443	0	2	6	2	4	3	3	3	3	175	1
1543928576444	-1	2	6	2	4	3	3	3	3	175	1
1543928586444	-1	2	6	2	4	3	3	3	3	175	1
1543928596445	-1	2	6	2	4	3	3	3	3	175	1
1543928606445	-1	3	6	2	4	3	3	3	3	175	1
1543928616446	-1	3	6	2	4	3	3	3	3	175	1
1543928626446	-1	3	6	2	4	3	3	3	3	176	1
1543928636447	-1	3	6	2	4	3	3	3	3	175	1
1543928646447	-1	3	6	2	4	3	3	3	3	176	1
1543928656447	-1	3	6	2	4	3	3	3	3	176	1
1543928666448	-1	2	6	2	4	3	3	3	3	176	1
1543928676449	-1	3	6	2	4	3	3	3	3	176	1
1543928686449	-1	2	6	2	4	3	3	3	3	176	1
1543928696449	-1	2	6	2	3	3	3	3	3	176	1
1543928706450	0	3	6	2	3	3	3	3	3	176	1
1543928716450	-1	3	6	2	4	3	3	3	3	176	1
1543928726450	-1	3	6	2	4	3	3	3	3	176	1
1543928736450	0	2	6	2	4	3	3	3	3	176	1
1543928746450	-1	2	6	2	4	3	3	3	3	176	1
1543928756450	0	2	6	2	4	3	3	3	3	176	1
1543928766450	0	2	6	2	4	3	3	3	3	176	1
1543928776452	0	2	6	2	4	3	3	3	3	176	1
1543928786454	-1	3	6	2	4	3	3	3	3	176	1
1543928796456	-1	3	6	2	3	3	3	3	3	175	1
1543928806457	-1	2	6	2	4	3	3	3	3	174	1
1543928816457	-1	3	6	2	4	3	3	3	3	173	1
1543928826457	0	3	6	2	4	3	3	3	3	172	1
1543928836457	-1	2	6	2	4	3	3	3	3	171	1
1543928846458	-1	2	6	2	4	3	3	3	3	170	1
1543928856460	0	2	6	2	4	3	3	3	3	169	1
1543928866460	0	2	6	2	4	3	3	3	3	168	1
1543928876461	-1	2	6	2	4	3	3	3	3	168	1
1543928886462	-1	2	6	2	4	3	3	3	3	167	1
1543928896462	-1	2	6	2	4	3	3	3	3	166	1
1543928906461	-1	3	6	2	4	3	3	3	3	165	1
1543928916463	-1	2	6	2	4	3	3	3	3	164	1
1543928926464	-1	2	6	2	4	3	3	3	3	164	1
1543928936464	-1	2	6	2	4	3	3	3	3	163	1
1543928946464	0	3	6	2	4	3	3	3	3	162	1
1543928956464	-1	3	6	2	4	3	3	3	3	162	1
1543928966464	0	2	6	2	4	3	3	3	3	161	1
1543928976464	0	2	6	2	4	3	3	3	3	160	1
1543928986466	-1	3	6	2	4	3	3	3	3	159	1
1543928996467	-1	3	6	2	4	3	3	3	3	159	1
1543929006467	-1	2	6	2	4	3	3	3	3	158	1
1543929016466	-1	3	6	2	4	3	3	3	3	157	1
1543929026469	-1	3	6	2	4	3	3	3	3	157	1
1543929036470	0	3	6	2	4	3	3	3	3	156	1
1543929046470	0	2	6	2	4	3	3	3	3	156	1
1543929056471	0	3	6	2	4	3	3	3	3	155	1
1543929066472	-1	3	6	2	4	3	3	3	3	154	1
1543929076474	-1	3	6	2	4	3	3	3	3	154	1
1543929086474	0	3	6	2	4	3	3	3	3	153	1
1543929096475	0	3	6	2	4	3	3	3	3	153	1
1543929106476	-1	3	6	2	4	3	3	3	3	152	1
1543929116477	-1	2	6	2	4	3	3	3	3	151	1
1543929126479	-1	2	6	2	4	3	3	3	3	151	1
1543929136479	-1	3	6	2	4	3	3	3	3	150	1
1543929146479	-1	2	6	2	4	3	3	3	3	150	1
1543929156481	0	3	6	2	4	3	3	3	3	149	1
1543929166482	0	2	6	2	4	3	3	3	3	149	1
1543929176482	0	3	6	2	4	3	3	3	3	148	1
1543929186484	-1	3	6	2	4	3	3	3	3	147	1
1543929196485	-1	2	6	2	4	3	3	3	3	147	1
1543929206485	-1	3	6	2	4	3	3	3	3	146	1
1543929216487	-1	2	6	2	4	3	3	3	3	146	1
1543929226487	-1	2	6	2	4	3	3	3	3	145	1
1543929236487	-1	2	6	2	4	3	3	3	3	145	1
1543929246488	-1	3	6	2	4	3	3	3	3	144	1
1543929256489	-1	3	6	2	4	3	3	3	3	144	1
1543929266490	-1	3	6	2	4	3	3	3	3	143	1
1543929276491	-1	3	6	2	4	3	3	3	3	143	1
1543929286491	-1	2	6	2	4	3	3	3	3	143	1
1543929296492	-1	2	6	2	4	3	3	3	3	142	1
1543929306492	-1	3	6	2	4	3	3	3	3	141	1
1543929316493	-1	3	6	2	4	3	3	3	3	141	1
1543929326494	-1	3	6	2	4	3	3	3	3	140	1
1543929336495	-1	2	6	2	4	3	3	3	3	140	1
1543929346495	-1	3	6	2	4	3	3	3	3	140	1
1543929356496	-1	3	6	2	4	3	3	3	3	139	1
1543929366496	-1	3	6	2	4	3	3	3	3	139	1
1543929376496	-1	3	6	2	4	3	3	3	3	139	1
1543929386497	-1	2	6	2	4	3	3	3	3	138	1
1543929396499	-1	3	5	2	4	3	3	3	3	138	1
1543929406499	-1	2	6	2	4	3	3	3	3	137	1
1543929416500	-1	2	6	2	4	3	3	3	3	137	1
1543929426502	-1	3	6	2	4	3	3	3	3	136	1
1543929436502	-1	2	6	2	4	3	3	3	3	136	1
1543929446503	-1	2	6	2	4	3	3	3	3	136	1
1543929456504	-1	2	6	2	4	3	3	3	3	135	1
1543929466504	-1	2	6	2	4	3	3	3	3	135	1
1543929476506	-1	2	6	2	4	3	3	3	3	134	1
1543929486507	-1	2	6	2	4	3	3	3	3	134	1
1543929496507	-1	2	6	2	4	3	3	3	3	134	1
1543929506507	-1	2	6	2	4	3	3	3	3	133	1
1543929516508	-1	3	6	2	4	3	3	3	3	133	1
1543929526508	-1	3	6	2	4	3	3	3	3	132	1
1543929536509	-1	3	6	2	4	3	3	3	3	132	1
1543929546510	-1	3	6	2	4	3	3	3	3	132	1
1543929556511	-1	3	6	2	4	3	3	3	3	131	1
1543929566512	-1	3	6	2	4	3	3	3	3	131	1
1543929576514	-1	2	6	2	4	3	3	3	3	131	1
1543929586514	-1	3	6	2	4	3	3	3	3	130	1
1543929596514	-1	3	6	2	4	3	3	3	3	130	1
1543929606515	-1	2	6	2	4	3	3	3	3	130	1
1543929616516	-1	3	6	2	4	3	2	3	3	130	1
1543929626517	-1	2	6	2	4	3	2	3	3	129	1
1543929636517	-1	3	6	2	4	3	2	3	3	129	1
1543929646519	-1	3	6	2	4	3	2	3	3	128	1
1543929656519	-1	2	6	2	4	3	2	3	3	128	1
1543929666520	-1	3	6	2	4	3	2	3	3	128	1
1543929676520	-1	2	6	2	4	3	2	3	3	128	1
1543929686522	-1	2	6	2	4	3	2	3	3	127	1
1543929696523	-1	3	6	2	4	3	2	3	3	127	1
1543929706524	-1	3	6	2	4	3	2	3	3	127	1
1543929716525	-1	3	6	2	4	3	2	3	3	126	1
1543929726526	-1	2	6	2	4	3	2	3	3	126	1
1543929736526	-1	3	6	2	4	3	2	3	3	126	1
1543929746527	-1	3	6	2	4	3	2	3	3	126	1
1543929756529	-1	3	6	2	4	3	2	3	3	125	1
1543929766530	-1	3	6	2	4	3	2	3	3	125	1
1543929776531	-1	3	6	2	4	3	2	3	3	125	1
1543929786531	-1	2	6	2	4	3	2	3	3	124	1
1543929796531	-1	2	6	2	4	3	2	3	3	124	1
1543929806532	-1	3	6	2	4	3	2	3	3	124	1
1543929816532	-1	2	6	2	4	3	2	3	3	124	1
1543929826533	-1	3	6	2	4	3	2	3	3	123	1
1543929836535	-1	3	6	2	4	3	2	3	3	123	1
1543929846535	-1	3	6	2	4	3	2	3	3	123	1
1543929856536	-1	3	6	2	4	3	2	3	3	123	1
1543929866538	-1	3	6	2	4	3	2	3	3	122	1
1543929876539	-1	2	6	2	4	3	2	3	3	122	1
1543929886539	-1	3	6	2	4	3	2	3	3	122	1
1543929896541	-1	3	6	2	4	3	2	3	3	122	1
1543929906541	-1	3	6	2	4	3	2	3	3	122	1
1543929916542	-1	2	6	2	4	3	2	3	3	121	1
1543929926544	-1	2	6	2	4	3	2	3	3	121	1
1543929936544	-1	2	6	2	4	3	2	3	3	121	1
1543929946544	-1	2	6	2	4	3	2	3	3	120	1
1543929956544	-1	2	6	2	4	3	2	3	3	120	1
1543929966545	-1	3	6	2	4	3	2	3	3	120	1
1543929976545	-1	2	6	2	4	3	2	3	3	120	1
1543929986546	-1	3	6	2	4	3	2	3	3	120	1
1543929996548	-1	2	6	2	4	3	2	3	3	119	1
1543930006548	-1	3	6	2	4	3	2	3	3	119	1
1543930016549	-1	3	6	2	4	3	2	3	3	119	1
1543930026550	-1	3	6	2	4	3	2	3	3	119	1
1543930036550	-1	2	6	2	4	3	2	3	3	119	1
1543930046550	-1	3	6	2	4	3	2	3	3	118	1
1543930056551	-1	3	6	2	4	3	2	3	3	118	1
1543930066552	-1	2	6	2	4	3	2	3	3	118	1
1543930076554	-1	3	6	2	4	3	2	3	3	118	1
1543930086554	-1	3	6	2	4	3	2	3	3	117	1
1543930096554	-1	3	6	2	4	3	2	3	3	117	1
1543930106554	-1	3	6	2	4	3	2	3	3	117	1
1543930116556	-1	3	6	2	4	3	2	3	3	117	1
1543930126556	-1	2	6	2	4	3	2	3	3	117	1
1543930136557	-1	2	6	2	4	3	2	3	3	117	1
1543930146557	-1	2	6	2	4	3	2	3	3	116	1
1543930156557	-1	3	6	2	4	3	2	3	3	116	1
1543930166558	-1	2	6	2	4	3	2	3	3	116	1
1543930176559	-1	2	6	2	4	3	2	3	3	116	1
1543930186559	-1	3	6	2	4	3	2	3	3	116	1
1543930196559	-1	2	6	2	4	3	2	3	3	115	1
1543930206560	-1	2	6	2	4	3	2	3	3	115	1
1543930216562	-1	2	6	2	4	3	2	3	3	115	1
1543930226562	-1	2	6	2	4	3	2	3	3	115	1
1543930236562	-1	2	6	2	4	3	2	3	3	115	1
1543930246564	-1	3	6	2	4	3	2	3	3	114	1
1543930256565	-1	2	6	2	4	3	2	3	3	114	1
1543930266565	-1	3	6	2	4	3	2	3	3	114	1
1543930276565	-1	3	6	2	4	3	2	3	3	114	1
1543930286567	-1	3	6	2	4	3	2	3	3	114	1
1543930296567	-1	2	6	2	4	3	2	3	3	114	1
1543930306569	-1	2	6	2	4	3	2	3	3	114	1
1543930316569	-1	3	6	2	4	3	2	3	3	113	1
1543930326570	-1	3	6	2	4	3	2	3	3	113	1
1543930336570	-1	2	6	2	4	3	2	3	3	113	1
1543930346571	-1	2	6	2	4	3	2	3	3	113	1
1543930356572	-1	3	6	2	4	3	2	3	3	113	1
1543930366573	-1	3	6	2	4	3	2	3	3	113	1
1543930376574	-1	2	6	2	4	3	2	3	3	113	1
1543930386574	-1	2	6	2	4	3	2	3	3	112	1
1543930396574	-1	3	6	2	4	3	2	3	3	112	1
1543930406575	-1	2	6	2	4	3	2	3	3	112	1
1543930416575	-1	2	6	2	4	3	2	3	3	112	1
1543930426576	-1	2	6	2	4	3	2	3	3	112	1
1543930436576	-1	2	6	2	4	3	2	3	3	112	1
1543930446577	0	2	6	2	4	3	2	3	3	111	1
1543930456578	-1	2	6	2	4	3	2	3	3	111	1
1543930466578	-1	2	6	2	4	3	2	3	3	111	1
1543930476578	-1	2	6	2	4	3	2	3	3	111	1
1543930486578	-1	3	6	2	4	3	2	3	3	111	1
1543930496578	-1	2	6	2	4	3	2	3	3	111	1
1543930506580	-1	2	6	2	4	3	2	3	3	111	1
1543930516580	-1	2	6	2	4	3	2	3	3	111	1
1543930526583	-1	2	6	2	4	3	2	3	3	110	1
1543930536583	-1	2	6	2	4	3	2	3	3	110	1
1543930546584	-1	2	6	2	4	3	2	3	3	110	1
1543930556585	-1	3	6	2	4	3	2	3	3	110	1
1543930566586	-1	3	6	2	4	3	2	3	3	110	1
1543930576586	-1	3	6	2	4	3	2	3	3	110	1
1543930586587	-1	2	6	2	4	3	2	3	3	110	1
1543930596588	-1	2	6	2	4	3	2	3	3	110	1
1543930606588	-1	3	6	2	4	3	2	3	3	109	1
1543930616589	-1	3	6	2	4	3	2	3	3	109	1
1543930626590	-1	2	6	2	4	3	2	3	3	109	1
1543930636590	-1	3	6	2	4	3	2	3	3	109	1
1543930646590	-1	3	6	2	4	3	2	3	3	109	1
1543930656590	-1	3	6	2	4	3	2	3	3	109	1
1543930666591	-1	2	6	2	4	3	2	3	3	109	1
1543930676593	-1	3	6	2	4	3	2	3	3	109	1
1543930686593	-1	3	6	2	4	3	2	3	3	109	1
1543930696594	-1	3	6	2	4	3	2	3	3	108	1
1543930706595	-1	2	6	2	4	3	2	3	3	108	1
1543930716595	-1	2	6	2	4	3	2	3	3	108	1
1543930726595	-1	2	6	2	4	3	2	3	3	108	1
1543930736596	-1	3	6	2	4	3	2	3	3	108	1
1543930746595	-1	2	6	2	4	3	2	3	3	108	1
1543930756596	-1	2	6	2	4	3	2	3	3	108	1
1543930766595	-1	3	6	2	4	3	2	3	3	108	1
1543930776595	-1	3	6	2	4	3	2	3	3	108	1
1543930786596	-1	2	6	2	4	3	2	3	3	108	1
1543930796597	-1	3	6	2	4	3	2	3	3	108	1
1543930806598	-1	2	6	2	4	3	2	3	3	107	1
1543930816599	-1	2	6	2	4	3	2	3	3	107	1
1543930826601	0	2	6	2	4	3	2	3	3	107	1
1543930836601	0	3	6	2	4	3	2	3	3	107	1
1543930846602	-1	3	6	2	4	3	2	3	3	107	1
1543930856603	-1	3	6	2	4	3	2	3	3	107	1
1543930866604	-1	3	6	2	4	3	2	3	3	107	1
1543930876604	-1	2	6	2	4	3	2	3	3	107	1
1543930886604	-1	2	6	2	4	3	2	3	3	107	1
1543930896606	-1	2	6	2	4	3	2	3	3	107	1
1543930906606	-1	2	6	2	4	3	2	3	3	107	1
1543930916607	-1	3	6	2	4	3	2	3	3	106	1
1543930926607	-1	2	6	2	4	3	2	3	3	106	1
1543930936608	-1	2	6	2	4	3	2	3	3	106	1
1543930946609	-1	3	6	2	4	3	2	3	3	106	1
1543930956609	-1	2	6	2	4	3	2	3	3	106	1
1543930966609	-1	2	6	2	4	3	2	3	3	106	1
1543930976609	-1	3	6	2	4	3	2	3	3	106	1
1543930986609	-1	2	6	2	4	3	2	3	3	106	1
1543930996611	-1	3	6	2	4	3	2	3	3	106	1
1543931006611	-1	2	6	2	4	3	2	3	3	106	1
1543931016611	-1	3	6	2	4	2	3	3	3	106	1
1543931026611	-1	2	6	2	4	3	3	3	3	106	1
1543931036613	-1	2	6	2	4	3	3	3	3	105	1
1543931046614	-1	2	6	2	4	3	3	3	3	105	1
1543931056615	-1	2	6	2	4	3	3	3	3	105	1
1543931066617	-1	2	6	2	4	3	3	3	3	105	1
1543931076617	-1	2	6	2	4	3	3	3	3	105	1
1543931086617	-1	2	6	2	4	3	3	3	3	105	1
1543931096619	-1	2	6	2	4	3	3	3	3	105	1
1543931106619	-1	3	6	2	4	3	3	3	3	105	1
1543931116620	-1	3	6	2	4	3	3	3	3	105	1
1543931126620	0	2	6	2	4	3	3	3	3	105	1
1543931136621	-1	2	6	2	4	3	3	3	3	105	1
1543931146622	-1	3	6	2	4	3	3	3	3	105	1
1543931156622	-1	2	6	2	4	3	3	3	3	105	1
1543931166623	-1	3	6	2	4	3	3	3	3	105	1
1543931176623	-1	2	6	2	4	3	3	3	3	105	1
1543931186623	-1	2	6	2	4	3	3	3	3	105	1
1543931196624	-1	2	6	2	4	3	3	3	3	104	1
1543931206625	-1	2	6	2	4	3	3	3	3	104	1
1543931216625	-1	2	6	2	4	3	3	3	3	104	1
1543931226625	0	2	6	2	4	3	3	3	3	104	1
1543931236625	0	2	6	2	4	3	3	3	3	104	1
1543931246625	-1	2	6	2	4	3	3	3	3	104	1
1543931256625	-1	2	6	2	4	3	3	3	3	104	1
1543931266625	-1	2	6	2	4	3	3	3	3	104	1
1543931276627	-1	2	6	2	4	3	3	3	3	104	1
1543931286627	-1	2	6	2	4	3	3	3	3	104	1
1543931296627	-1	2	6	2	4	3	3	3	3	104	1
1543931306629	-1	2	6	2	4	3	3	3	3	104	1
1543931316629	-1	2	6	2	4	3	3	3	3	104	1
1543931326631	-1	2	6	2	4	3	3	3	3	104	1
1543931336632	0	3	6	2	4	3	3	3	3	104	1
1543931346633	-1	3	6	2	4	3	3	3	3	104	1
1543931356633	0	2	6	2	4	3	3	3	3	103	1
1543931366633	-1	2	6	2	4	3	3	3	3	104	1
1543931376634	0	2	6	2	4	3	3	3	3	103	1
1543931386635	0	3	6	2	4	3	3	3	3	103	1
1543931396636	0	3	6	2	4	3	3	3	3	103	1
1543931406637	0	3	6	2	4	3	3	3	3	103	1
1543931416637	0	3	6	2	4	3	3	3	3	103	1
1543931426638	-1	3	6	2	4	3	3	3	3	103	1
1543931436639	0	3	6	2	4	3	3	3	3	103	1
1543931446641	0	3	6	2	4	3	3	3	3	103	1
1543931456642	-1	3	6	2	4	3	3	3	3	103	1
1543931466642	0	3	6	2	4	3	3	3	3	103	1
1543931476643	0	3	6	2	4	3	3	3	3	103	1
1543931486644	0	3	6	2	4	3	3	3	3	103	1
1543931496645	0	3	6	2	4	3	3	3	3	103	1
1543931506646	0	3	6	2	4	3	3	3	3	103	1
1543931516647	0	3	6	2	4	3	3	3	3	103	1
1543931526647	0	3	6	2	4	3	3	3	3	103	1
1543931536648	0	3	6	2	4	3	3	3	3	103	1
1543931546649	-1	2	6	2	3	2	3	3	3	104	1
1543931556650	-1	3	6	2	4	3	3	3	3	104	1
1543931566650	-1	3	6	2	4	2	3	3	3	104	1
1543931576652	-1	3	6	2	4	3	3	3	3	103	1
1543931586652	-1	2	6	2	4	3	3	3	3	103	1
1543931596652	-1	2	6	2	4	3	3	3	3	103	2
1543931606652	-1	3	6	2	4	3	3	3	3	103	2
1543931616653	-1	3	6	2	4	3	3	3	3	103	1
1543931626653	-1	2	6	2	4	2	3	3	3	103	2
1543931636653	-1	2	6	2	4	3	3	3	3	103	2
1543931646654	-1	3	6	2	4	3	3	3	3	103	2
1543931656656	-1	3	6	2	4	3	3	3	3	103	2
1543931666656	-1	2	6	2	4	3	3	3	3	103	2
1543931676656	-1	2	6	2	4	3	3	3	3	103	2
1543931686657	-1	2	6	2	4	3	3	3	3	103	1
1543931696658	-1	2	6	2	4	3	3	3	3	103	1
1543931706658	-1	2	6	2	4	3	3	3	3	103	1
1543931716660	-1	2	6	2	4	3	3	3	3	103	2
1543931726661	-1	2	6	2	4	3	3	3	3	103	2
1543931736662	-1	2	6	2	4	3	3	3	3	103	2
1543931746663	-1	3	6	2	4	2	3	3	3	103	2
1543931756663	-1	2	6	2	4	3	3	3	3	103	2
1543931766664	-1	2	6	2	4	3	3	3	3	103	2
1543931776664	-1	2	6	2	4	3	3	3	3	103	2
1543931786665	-1	3	6	2	4	3	3	3	3	102	2
1543931796666	0	2	6	2	4	3	3	3	3	102	2
1543931806667	-1	2	6	2	4	3	3	3	3	102	2
1543931816668	0	2	6	2	4	3	3	3	3	102	2
1543931826668	-1	3	6	2	4	3	3	3	3	102	2
1543931836669	0	2	6	2	4	3	3	3	3	102	2
1543931846669	-1	2	6	2	4	3	3	3	3	102	2
1543931856670	-1	3	6	2	4	3	3	3	3	102	2
1543931866671	0	2	6	2	4	3	3	3	3	103	2
1543931876671	-1	3	6	2	4	3	3	3	3	103	2
1543931886673	-1	3	6	2	4	3	3	3	3	103	2
1543931896673	-1	2	6	2	4	3	3	3	3	103	2
1543931906674	-1	2	6	2	4	3	3	3	3	103	2
1543931916676	-1	2	6	2	4	3	3	3	3	103	2
1543931926678	0	2	6	2	4	3	3	3	3	103	2
1543931936678	-1	2	6	2	4	3	3	3	3	103	2
1543931946678	-1	2	6	2	4	3	3	3	3	103	2
1543931956677	-1	2	6	2	4	3	3	3	3	103	2
1543931966678	-1	2	6	2	4	3	3	3	3	103	2
1543931976680	-1	3	6	2	4	3	3	3	3	103	2
1543931986680	-1	2	6	2	4	3	3	3	3	103	2
1543931996680	-1	2	6	2	4	3	3	3	3	103	2
1543932006681	-1	2	6	2	4	3	3	3	3	104	2
1543932016682	-1	2	6	2	4	3	3	3	3	105	2
1543932026682	-1	2	6	2	4	3	3	3	3	106	2
1543932036683	-1	2	6	2	4	3	3	3	3	106	2
1543932046683	-1	2	6	2	4	3	3	3	3	107	2
1543932056684	-1	2	6	2	4	2	3	3	3	108	2
1543932066684	-1	2	6	2	4	3	3	3	3	109	2
1543932076685	-1	2	6	2	4	3	3	3	3	110	2
1543932086684	-1	2	6	2	4	3	3	3	3	111	2
1543932096684	-1	2	6	2	4	3	3	3	3	112	2
1543932106684	-1	2	6	2	4	3	3	3	3	112	2
1543932116685	-1	2	6	2	4	3	3	3	3	113	2
1543932126685	-1	2	6	2	4	3	3	3	3	114	2
1543932136686	-1	2	6	2	4	3	3	3	4	115	2
1543932146687	-1	2	6	2	4	2	3	3	4	116	2
1543932156688	-1	2	6	2	4	3	3	3	4	117	2
1543932166688	-1	2	6	2	4	3	3	3	4	118	2
1543932176689	0	2	6	2	4	2	3	3	4	119	2
1543932186690	0	2	6	2	4	3	3	3	4	120	2
1543932196691	-1	2	6	2	4	3	3	3	4	121	2
1543932206691	-1	2	6	2	4	3	3	3	4	122	2
1543932216691	-1	2	6	2	4	3	3	3	4	123	2
1543932226692	-1	2	6	2	4	3	3	3	4	123	2
1543932236692	-1	2	6	2	4	3	3	3	4	125	2
1543932246692	-1	2	6	2	4	3	3	3	4	126	2
1543932256693	-1	2	6	2	4	3	3	3	4	127	2
1543932266694	-1	2	6	2	4	3	3	3	4	127	2
1543932276694	-1	2	6	2	4	3	3	3	4	129	2
1543932286694	-1	2	6	2	4	2	4	3	4	129	2
1543932296696	-1	2	6	2	4	3	4	3	4	130	2
1543932306697	-1	2	6	2	4	2	3	3	4	132	2
1543932316698	-1	2	6	2	4	3	3	3	4	132	2
1543932326698	-1	2	6	2	4	3	3	3	4	133	2
1543932336700	-1	2	6	2	4	3	3	3	4	134	2
1543932346700	-1	2	6	2	4	3	3	3	4	135	2
1543932356701	-1	2	6	2	4	3	3	3	4	136	2
1543932366701	-1	2	6	2	4	3	3	3	4	137	2
1543932376702	-1	2	6	2	4	2	3	3	4	138	2
1543932386702	-1	3	6	2	4	2	3	3	4	139	2
1543932396702	-1	2	6	2	4	2	3	3	4	140	2
1543932406703	-1	2	6	2	4	2	3	3	4	141	2
1543932416704	-1	2	6	2	4	2	3	3	4	142	2
1543932426704	-1	3	6	2	4	3	3	3	4	143	2
1543932436703	-1	2	6	2	4	3	3	3	4	144	2
1543932446704	-1	2	6	2	4	2	3	3	4	145	2
1543932456704	-1	2	6	2	4	3	3	3	4	146	2
1543932466704	-1	2	6	2	4	3	3	3	4	147	2
1543932476705	0	2	6	2	4	2	3	3	4	148	2
1543932486706	-1	2	6	2	4	2	3	3	4	149	2
1543932496707	0	3	6	2	3	3	3	3	4	150	2
1543932506707	-1	3	6	2	4	2	3	3	4	151	2
1543932516708	-1	2	6	2	3	3	3	3	4	152	2
1543932526709	-1	2	6	2	4	3	3	3	4	153	2
1543932536709	0	2	6	2	4	2	3	3	4	154	2
1543932546709	-1	3	6	2	4	3	3	3	4	155	2
1543932556709	-1	3	6	2	4	3	3	3	4	156	2
1543932566710	-1	3	6	2	4	3	3	3	4	157	2
1543932576711	-1	3	6	2	3	3	3	3	4	158	2
1543932586711	0	3	6	2	4	3	3	3	4	159	2
1543932596713	0	3	6	2	4	2	3	3	4	160	2
1543932606713	-1	3	6	2	4	3	3	3	4	160	2
1543932616713	-1	3	6	2	4	3	3	3	4	161	2
1543932626713	-1	3	6	2	4	3	3	3	4	162	2
1543932636714	0	3	6	2	4	3	3	3	4	163	2
1543932646714	-1	3	6	2	3	3	3	3	4	164	2
1543932656714	0	3	6	2	4	2	3	3	4	165	2
1543932666715	-1	3	6	2	4	3	3	3	4	167	2
1543932676716	0	3	6	2	4	3	3	3	4	167	2
1543932686716	-1	3	6	2	4	3	3	3	4	168	2
1543932696718	0	3	6	2	4	2	3	3	4	169	2
1543932706719	-1	3	6	2	4	3	4	3	4	170	2
1543932716719	0	3	6	2	4	3	4	3	4	171	2
1543932726721	0	3	6	2	4	3	4	3	4	172	2
1543932736722	0	3	6	2	4	2	4	3	4	173	2
1543932746721	-1	3	6	2	3	3	4	3	4	174	2
1543932756722	0	3	6	2	4	2	4	3	4	175	2
1543932766723	-1	3	6	2	4	3	4	3	4	176	2
1543932776725	0	3	6	2	3	3	4	3	4	177	2
1543932786725	-1	3	6	2	4	3	4	3	4	177	2
1543932796726	0	3	6	2	4	3	4	3	4	177	2
1543932806726	-1	3	6	2	4	3	4	3	4	177	2
1543932816727	0	3	6	2	4	3	4	3	4	177	2
1543932826727	-1	3	6	2	4	3	4	3	4	177	2
1543932836729	0	3	6	2	4	3	4	3	4	177	2
1543932846729	-1	3	6	2	4	3	4	3	4	177	2
1543932856731	-1	3	6	2	4	3	4	3	4	177	2
1543932866730	0	3	6	2	4	3	4	3	4	178	2
1543932876731	-1	3	6	2	4	3	4	3	4	178	2
1543932886731	0	3	6	2	4	3	4	3	4	178	2
1543932896731	-1	3	6	2	4	3	4	3	4	178	2
1543932906731	-1	3	6	2	4	3	4	3	4	178	2
1543932916732	0	3	6	2	4	3	4	3	4	179	2
1543932926733	-1	3	6	2	4	3	4	3	4	179	2
1543932936733	-1	3	6	2	4	3	4	3	4	179	2
1543932946733	-1	3	5	2	4	3	4	3	4	179	2
1543932956733	-1	3	6	2	4	3	4	3	4	179	2
1543932966733	0	3	5	2	4	2	4	3	4	180	2
1543932976735	-1	3	6	2	4	3	4	3	4	180	2
1543932986735	-1	3	6	2	4	3	4	3	4	180	2
1543932996736	-1	3	6	2	4	3	4	3	4	180	2
1543933006737	-1	3	6	2	4	3	4	3	4	180	2
1543933016737	-1	3	6	2	4	3	4	3	4	181	2
1543933026738	-1	3	6	2	4	3	4	3	4	181	2
1543933036738	-1	3	6	2	4	3	4	3	4	181	2
1543933046739	-1	3	6	2	4	3	4	3	4	181	2
1543933056740	-1	3	5	2	4	3	4	3	4	181	2
1543933066740	-1	3	6	2	4	3	4	3	4	181	2
1543933076741	-1	3	5	2	4	3	3	3	4	181	2
1543933086741	-1	3	5	2	4	3	3	3	4	181	2
1543933096742	-1	3	6	2	4	3	3	3	4	181	2
1543933106742	-1	3	5	2	4	3	4	3	4	181	2
1543933116742	-1	3	5	2	4	2	3	3	4	181	2
1543933126742	-1	3	5	2	4	3	3	3	4	181	2
1543933136742	-1	3	7	2	4	3	3	3	4	181	2
1543933146742	-1	3	7	2	4	3	3	3	4	181	2
1543933156743	-1	3	6	2	4	3	3	3	4	181	2
1543933166744	-1	3	6	2	4	3	3	3	4	181	2
1543933176745	-1	3	5	2	4	3	3	3	4	181	2
1543933186746	-1	3	7	2	4	2	3	3	4	181	2
1543933196748	-1	3	7	2	4	2	3	3	4	181	2
1543933206747	-1	3	7	2	4	3	3	3	4	181	2
1543933216748	-1	3	7	2	4	3	3	3	4	181	2
1543933226748	-1	3	7	2	4	3	3	3	4	181	2
1543933236749	-1	3	7	2	4	3	3	3	4	181	2
1543933246750	-1	3	7	2	4	3	3	3	4	182	2
1543933256750	-1	3	7	2	4	3	3	3	4	182	2
1543933266749	-1	3	7	2	4	3	3	3	4	182	2
1543933276751	-1	3	7	2	4	3	3	3	4	182	2
1543933286752	-1	3	7	2	4	2	3	3	4	182	2
1543933296753	-1	3	7	2	4	3	3	3	4	182	2
1543933306755	-1	3	7	2	4	3	3	3	4	182	2
1543933316756	-1	3	7	2	4	3	3	3	4	182	2
1543933326756	-1	3	7	2	4	3	3	3	4	182	2
1543933336757	-1	3	7	2	4	3	3	3	4	182	2
1543933346757	-1	3	7	2	4	3	3	3	4	182	2
1543933356758	-1	3	7	2	4	3	3	3	4	182	2
1543933366758	-1	3	7	2	4	2	3	3	4	182	2
1543933376758	-1	3	7	2	4	2	3	3	4	182	2
1543933386758	-1	3	7	2	4	3	3	3	4	182	2
1543933396758	-1	3	7	2	4	3	3	3	4	182	2
1543933406759	-1	3	7	2	4	3	3	3	4	182	2
1543933416760	-1	3	7	2	4	3	3	3	4	182	2
1543933426761	-1	3	7	2	4	3	3	3	4	182	2
1543933436760	-1	3	7	2	4	3	3	3	4	182	2
1543933446761	-1	3	7	2	4	3	3	3	4	182	2
1543933456762	-1	3	7	2	4	3	3	3	4	182	2
1543933466761	-1	3	7	2	4	3	3	3	4	182	2
1543933476761	-1	3	7	2	4	2	3	3	4	182	2
1543933486762	-1	3	7	2	4	3	3	3	4	182	2
1543933496762	-1	3	7	2	4	3	3	3	4	183	2
1543933506762	-1	3	7	2	4	3	3	3	4	183	2
1543933516763	-1	3	7	2	4	3	3	3	4	183	2
1543933526765	-1	3	7	2	4	3	3	3	4	183	2
1543933536764	-1	3	7	2	4	3	3	3	4	183	2
1543933546766	-1	3	7	2	4	3	3	3	4	183	2
1543933556766	-1	3	7	2	4	3	3	3	4	183	2
1543933566767	-1	3	7	2	4	2	3	3	4	183	2
1543933576767	-1	3	7	2	4	2	3	3	4	183	2
1543933586767	-1	3	7	2	4	3	3	3	4	183	2
1543933596766	-1	3	7	2	4	3	3	3	4	183	2
1543933606767	-1	3	7	2	4	3	3	3	4	183	2
1543933616768	-1	3	7	2	4	3	3	3	4	183	2
1543933626768	-1	3	7	2	4	3	3	3	4	183	2
1543933636769	-1	3	7	2	4	2	3	3	4	183	2
1543933646770	-1	3	7	2	4	2	3	3	4	183	2
1543933656771	-1	3	7	2	4	3	3	3	4	183	2
1543933666771	-1	3	7	2	4	3	3	3	4	183	2
1543933676772	-1	3	7	2	4	3	3	3	4	183	2
1543933686772	-1	3	7	2	4	3	3	3	4	183	2
1543933696773	-1	3	7	2	4	3	3	3	4	183	2
1543933706773	-1	3	7	2	4	3	3	3	4	183	2
1543933716774	-1	3	7	2	4	3	3	3	4	183	2
1543933726775	-1	3	7	2	4	3	3	3	4	183	2
1543933736777	-1	3	7	2	4	3	3	3	4	183	2
1543933746776	-1	3	7	2	4	3	3	3	4	183	2
1543933756777	-1	3	7	2	4	3	3	3	4	184	2
1543933766777	-1	3	7	2	4	3	3	3	4	184	2
1543933776777	-1	3	7	2	4	3	3	3	4	184	2
1543933786778	-1	3	7	2	4	3	3	3	4	184	2
1543933796779	-1	3	7	2	4	2	3	3	4	185	2
1543933806780	-1	3	7	2	4	3	3	3	4	187	2
1543933816780	-1	3	7	2	4	3	4	3	4	188	2
1543933826779	-1	3	7	2	4	3	4	3	4	189	2
1543933836779	-1	3	7	2	4	3	4	3	4	189	2
1543933846780	-1	3	7	2	4	3	4	3	4	189	2
1543933856780	-1	3	7	2	4	3	4	3	4	189	2
1543933866781	-1	3	7	2	4	3	4	3	4	189	2
1543933876782	-1	3	7	2	4	3	4	3	4	189	2
1543933886783	-1	3	7	2	4	3	4	3	4	189	2
1543933896783	-1	3	7	2	4	3	4	3	4	189	2
1543933906783	-1	3	7	2	4	2	4	3	4	190	2
1543933916783	-1	3	7	2	4	3	4	3	4	190	2
1543933926784	-1	3	7	2	4	3	4	3	4	190	2
1543933936786	-1	3	7	2	4	3	4	3	4	190	2
1543933946787	-1	3	7	2	4	2	4	3	4	190	2
1543933956788	-1	3	7	2	4	3	4	3	4	190	2
1543933966789	-1	3	7	2	4	2	4	3	4	190	2
1543933976789	-1	3	7	2	4	2	4	3	4	190	2
1543933986790	-1	3	7	2	4	3	4	3	4	190	2
1543933996791	-1	3	7	2	4	2	4	3	4	190	2
1543934006790	-1	3	7	2	4	2	4	3	4	190	2
1543934016790	-1	3	7	2	4	3	4	3	4	190	2
1543934026792	-1	3	7	2	4	3	4	3	4	190	2
1543934036793	-1	3	7	2	4	2	4	3	4	190	2
1543934046793	-1	3	7	2	4	3	4	3	4	191	2
1543934056794	-1	3	7	2	4	2	3	3	4	191	2
1543934066795	-1	3	7	2	4	2	4	3	4	192	2
1543934076796	-1	3	6	2	4	3	4	3	4	192	2
1543934086797	-1	3	7	2	4	2	4	3	4	193	2
1543934096799	-1	3	7	2	4	3	4	3	4	193	2
1543934106799	-1	3	7	2	4	3	4	3	4	194	2
1543934116801	-1	3	7	2	4	2	4	3	4	194	2
1543934126801	-1	3	7	2	4	2	4	3	4	195	2
1543934136800	-1	3	7	2	4	3	4	3	4	196	2
1543934146801	-1	3	7	2	4	3	4	3	4	197	2
1543934156801	-1	3	7	2	4	3	4	3	4	198	2
1543934166802	-1	3	7	2	4	3	4	3	4	198	2
1543934176803	-1	3	7	2	4	2	4	3	4	199	2
1543934186804	-1	3	6	2	4	2	4	3	4	199	2
1543934196804	-1	3	6	2	4	2	4	3	4	199	2
1543934206805	-1	3	6	2	4	3	4	3	4	200	2
1543934216806	-1	3	7	2	4	3	4	3	4	200	2
1543934226806	-1	3	7	2	4	3	4	3	4	201	2
1543934236807	-1	3	7	2	4	3	4	3	4	202	2
1543934246807	-1	3	7	2	4	3	4	3	4	203	2
1543934256809	-1	3	7	2	4	3	4	3	4	204	2
1543934266810	-1	3	7	2	4	3	4	3	4	206	2
1543934276810	-1	3	7	2	4	3	4	3	4	207	2
1543934286811	-1	3	7	2	4	3	4	3	4	208	2
1543934296812	-1	3	7	2	4	2	4	3	4	209	2
1543934306813	-1	3	7	2	4	3	4	3	4	209	2
1543934316814	-1	3	7	2	4	2	4	3	4	210	2
1543934326815	-1	3	7	2	4	3	4	3	4	210	2
1543934336815	-1	3	7	2	4	3	4	3	4	210	2
1543934346816	-1	3	7	2	4	3	4	3	4	210	2
1543934356816	-1	3	7	2	4	3	4	3	4	211	2
1543934366816	-1	3	7	2	4	2	4	3	4	211	2
1543934376817	-1	3	7	2	4	2	4	3	4	212	2
1543934386817	-1	3	7	2	4	2	4	3	4	212	2
1543934396817	-1	3	7	2	4	2	4	3	4	213	2
1543934406818	-1	3	7	2	4	3	4	3	4	213	2
1543934416819	-1	3	6	2	4	2	4	3	4	214	2
1543934426820	-1	3	6	2	4	3	4	3	4	214	2
1543934436820	-1	3	7	2	4	3	4	3	4	215	2
1543934446820	-1	3	7	2	4	2	4	3	4	215	2
1543934456821	-1	3	7	2	4	3	4	3	4	216	2
1543934466822	-1	3	7	2	4	3	4	3	4	216	2
1543934476823	-1	3	7	2	4	3	4	3	4	217	2
1543934486822	-1	3	6	2	4	3	4	3	4	217	2
1543934496822	-1	3	6	2	4	3	4	3	4	218	2
1543934506822	-1	3	7	2	4	3	4	3	4	218	2
1543934516823	-1	3	6	2	4	3	4	3	4	219	2
1543934526825	-1	3	6	2	4	3	4	3	4	219	2
1543934536826	-1	3	7	2	4	3	4	3	4	220	2
1543934546827	-1	3	7	2	4	2	4	3	4	220	2
1543934556828	-1	3	7	2	4	3	4	3	4	221	2
1543934566828	-1	3	7	2	4	3	4	3	4	221	2
1543934576828	-1	3	7	2	4	3	4	3	4	222	2
1543934586829	-1	3	7	2	4	3	4	3	4	222	2
1543934596830	-1	3	7	2	4	3	4	3	4	223	2
1543934606831	-1	3	6	2	4	3	4	3	4	223	2
1543934616832	-1	3	6	2	4	3	4	3	4	224	2
1543934626832	-1	3	6	2	4	3	4	3	4	224	2
1543934636832	-1	3	7	2	4	3	4	3	4	225	2
1543934646833	-1	3	7	2	4	2	4	3	4	225	2
1543934656833	-1	3	7	2	4	3	4	3	4	226	2
1543934666834	-1	3	7	2	4	3	4	3	4	226	2
1543934676834	-1	3	7	2	4	3	4	3	4	226	2
1543934686834	-1	3	7	2	4	2	4	3	4	227	2
1543934696836	-1	3	7	2	4	2	4	3	4	228	2
1543934706838	-1	3	7	2	4	3	4	3	4	228	2
1543934716839	-1	3	7	2	4	3	4	3	4	229	2
1543934726840	-1	3	7	2	4	3	4	3	4	229	2
1543934736840	-1	3	7	2	4	3	4	3	4	229	2
1543934746840	-1	3	6	2	4	2	4	3	4	230	2
1543934756840	-1	3	6	2	4	3	4	3	4	230	2
1543934766842	-1	3	6	2	4	3	4	3	4	231	2
1543934776842	-1	3	7	2	4	2	4	3	4	232	2
1543934786844	-1	3	7	2	4	2	4	3	4	232	2
1543934796844	-1	3	7	2	4	3	4	3	4	232	2
1543934806846	-1	3	7	2	4	3	4	3	4	233	2
1543934816846	-1	3	7	2	4	3	4	3	4	233	2
1543934826846	-1	3	7	2	4	3	4	3	4	234	2
1543934836848	-1	3	7	2	4	2	4	3	4	234	2
1543934846849	-1	3	7	2	4	2	4	3	4	235	2
1543934856851	-1	3	7	2	4	3	4	3	4	235	2
1543934866851	-1	3	6	2	4	3	4	3	4	236	2
1543934876851	-1	3	7	2	4	3	4	3	4	236	2
1543934886852	-1	3	6	2	4	3	4	3	4	237	2
1543934896854	-1	3	7	2	4	3	4	3	4	237	2
1543934906853	-1	3	7	2	4	3	4	3	4	238	2
1543934916853	-1	3	7	2	4	2	4	3	4	238	2
1543934926853	-1	3	7	2	4	2	4	3	4	239	2
1543934936854	-1	3	7	2	4	2	4	3	4	239	2
1543934946856	0	3	7	2	4	3	4	3	4	239	2
1543934956857	-1	3	6	2	4	3	4	3	4	240	2
1543934966858	-1	3	7	2	4	3	4	3	4	241	2
1543934976859	-1	3	7	2	4	3	4	3	4	241	2
1543934986860	-1	3	7	2	4	3	4	3	4	242	2
1543934996861	-1	3	7	2	4	2	4	3	4	242	2
1543935006861	-1	3	7	2	4	2	4	3	4	243	2
1543935016861	-1	3	7	2	4	2	4	3	4	243	2
1543935026861	-1	3	7	2	4	2	4	3	4	243	2
1543935036862	-1	3	6	2	4	2	4	3	4	244	2
1543935046864	-1	3	6	2	4	3	4	3	4	244	2
1543935056864	-1	3	7	2	4	2	4	3	4	245	2
1543935066865	-1	3	6	2	4	2	4	3	4	245	2
1543935076866	-1	3	6	2	4	3	4	3	4	246	2
1543935086867	-1	3	7	2	4	2	4	3	4	246	2
1543935096867	-1	3	7	2	4	2	4	3	4	247	2
1543935106867	-1	3	7	2	4	2	4	3	4	247	2
1543935116867	-1	3	7	2	4	2	4	3	4	248	2
1543935126868	-1	3	7	2	4	3	4	3	4	248	2
1543935136870	-1	3	7	2	4	3	4	3	4	249	2
1543935146870	-1	3	6	2	4	2	4	3	4	249	2
1543935156870	-1	3	7	2	4	3	4	3	4	249	2
1543935166871	0	3	6	2	4	2	4	3	4	250	2
1543935176872	-1	3	6	2	4	3	4	3	4	250	2
1543935186872	-1	3	7	2	4	3	4	3	4	251	2
1543935196873	-1	3	7	2	4	3	4	3	4	251	2
1543935206874	-1	3	7	2	4	2	4	3	4	252	2
1543935216879	-1	3	7	2	4	2	4	3	4	252	2
1543935226879	-1	3	6	2	4	2	4	3	4	253	2
1543935236880	-1	3	7	2	4	2	4	3	4	253	2
1543935246880	-1	3	7	2	4	2	4	3	4	254	2
1543935256880	-1	3	6	2	4	3	4	3	4	254	2
1543935266881	-1	3	6	2	4	2	4	3	4	255	2
1543935276881	-1	3	6	2	4	3	4	3	4	255	2
1543935286881	-1	3	6	2	4	3	4	3	4	256	2
1543935296882	-1	3	7	2	4	2	4	3	4	256	2
1543935306883	-1	3	7	2	4	2	4	3	4	256	2
1543935316883	-1	3	6	2	4	2	4	3	4	257	2
1543935326884	-1	3	6	2	4	2	4	3	4	257	2
1543935336885	-1	3	6	2	4	2	4	3	4	258	2
1543935346885	-1	3	6	2	4	2	4	3	4	258	2
1543935356886	-1	3	7	2	4	3	4	3	4	259	2
1543935366887	-1	3	7	2	4	3	4	3	4	259	2
1543935376887	-1	3	7	2	4	3	4	3	4	260	2
1543935386888	-1	3	7	2	4	2	4	3	4	260	2
1543935396889	-1	3	7	2	4	3	4	3	4	261	2
1543935406889	-1	3	7	2	4	3	4	3	4	261	2
1543935416889	-1	3	6	2	4	3	4	3	4	261	2
1543935426890	-1	3	6	2	4	3	4	3	4	262	2
1543935436890	-1	3	6	2	4	3	4	3	4	262	2
1543935446890	-1	3	6	2	4	3	4	3	4	263	2
1543935456891	-1	3	7	2	4	2	4	3	4	263	2
1543935466892	-1	3	7	2	4	2	4	3	4	264	2
1543935476892	-1	3	6	2	4	2	4	3	4	264	2
1543935486893	-1	3	6	2	4	3	4	3	4	265	2
1543935496895	-1	3	7	2	4	3	4	3	4	265	2
1543935506897	-1	3	6	2	4	3	4	3	4	265	2
1543935516898	-1	3	7	2	4	2	4	3	4	266	2
1543935526898	-1	3	7	2	4	2	4	3	4	266	2
1543935536898	-1	3	6	2	4	3	4	3	4	267	2
1543935546897	-1	3	7	2	4	2	4	3	4	267	2
1543935556898	-1	3	6	2	4	3	4	3	4	268	2
1543935566899	-1	3	6	2	4	3	4	3	4	268	2
1543935576900	-1	3	7	2	4	3	4	3	4	268	2
1543935586900	-1	3	7	2	4	3	4	3	4	269	2
1543935596901	-1	3	7	2	4	3	4	3	4	269	2
1543935606902	-1	3	6	2	4	3	4	3	4	270	2
1543935616902	-1	3	6	2	4	2	4	3	4	270	2
1543935626903	-1	3	6	2	4	3	4	3	4	271	2
1543935636904	-1	3	6	2	4	3	4	3	4	271	2
1543935646905	-1	3	7	2	4	2	4	3	4	272	2
1543935656906	-1	3	7	2	4	3	4	3	4	272	2
1543935666906	-1	3	6	2	4	3	4	3	4	272	2
1543935676907	-1	3	6	2	4	2	4	3	4	273	2
1543935686906	-1	3	6	2	4	2	4	3	4	273	2
1543935696907	-1	3	7	2	4	3	4	3	4	274	2
1543935706908	-1	3	7	2	4	3	4	3	4	274	2
1543935716908	-1	3	7	2	4	3	4	3	4	275	2
1543935726908	-1	3	6	2	4	3	4	3	4	275	2
1543935736910	-1	3	7	2	4	2	4	3	4	275	2
1543935746911	-1	3	6	2	4	2	4	3	4	276	2
1543935756911	-1	3	6	2	4	2	4	3	4	276	2
1543935766911	-1	3	7	2	4	2	4	3	4	277	2
1543935776913	-1	3	7	2	4	2	4	3	4	277	2
1543935786913	-1	3	6	2	4	2	4	3	4	278	2
1543935796914	-1	3	6	2	4	2	4	3	4	278	2
1543935806914	-1	3	6	2	4	2	4	3	4	278	2
1543935816916	-1	3	7	2	4	3	4	3	4	279	2
1543935826916	-1	3	7	2	4	2	4	3	4	279	2
1543935836916	-1	3	7	2	4	2	4	3	4	280	2
1543935846916	-1	3	7	2	4	2	4	3	4	280	2
1543935856917	-1	3	7	2	4	2	4	3	4	281	2
1543935866916	-1	3	7	2	4	2	4	3	4	281	2
1543935876916	-1	3	7	2	4	2	4	3	4	281	2
1543935886917	-1	3	7	2	4	3	4	3	4	282	2
1543935896918	-1	3	7	2	4	2	4	3	4	282	2
1543935906919	-1	3	6	2	4	2	4	3	4	283	2
1543935916920	-1	3	7	2	4	2	4	3	4	283	2
1543935926922	-1	3	6	2	4	3	4	3	4	284	2
1543935936922	-1	3	6	2	4	2	4	3	4	284	2
1543935946923	-1	3	7	2	4	2	4	3	4	284	2
1543935956924	-1	3	7	2	4	3	4	3	4	285	2
1543935966924	-1	3	7	2	4	2	4	3	4	285	2
1543935976925	-1	3	7	2	4	2	4	3	4	286	2
1543935986926	-1	3	7	2	4	2	4	3	4	286	2
1543935996927	-1	3	7	2	4	2	4	3	4	286	2
1543936006927	-1	3	7	2	4	3	4	3	4	287	2
1543936016928	-1	3	7	2	4	2	4	3	4	287	2
1543936026929	-1	3	7	2	4	2	4	3	4	287	2
1543936036930	-1	3	7	2	4	2	4	3	4	288	2
1543936046929	-1	3	7	2	4	2	4	3	4	288	2
1543936056930	-1	3	7	2	4	2	4	3	4	289	2
1543936066930	-1	3	7	2	4	2	4	3	4	289	2
1543936076931	-1	3	7	2	4	2	4	3	4	290	2
1543936086931	-1	3	6	2	4	3	4	3	4	290	2
1543936096931	-1	3	7	2	4	2	4	3	4	290	2
1543936106933	-1	3	7	2	4	3	4	3	4	291	2
1543936116932	-1	3	6	2	4	2	4	3	4	291	2
1543936126933	-1	3	6	2	4	2	4	3	4	292	2
1543936136933	-1	3	6	2	4	2	4	3	4	292	2
1543936146934	-1	3	6	2	4	2	4	3	4	292	2
1543936156935	-1	3	7	2	4	2	4	3	4	293	2
1543936166935	-1	3	7	2	4	3	4	3	4	293	2
1543936176935	-1	3	7	2	4	3	4	3	4	293	2
1543936186936	-1	3	7	2	4	3	4	3	4	294	2
1543936196936	-1	2	7	2	4	2	4	3	4	294	2
1543936206936	-1	3	7	2	4	2	4	3	4	295	2
1543936216937	-1	3	7	2	4	2	4	3	4	295	2
1543936226937	-1	3	7	2	4	2	4	3	4	296	2
1543936236937	-1	3	7	2	4	2	4	3	4	296	2
1543936246938	-1	3	7	2	4	2	4	3	4	296	2
1543936256939	-1	3	7	2	4	3	4	3	4	297	2
1543936266939	-1	3	7	2	4	3	4	3	4	297	2
1543936276941	-1	3	7	2	4	2	4	3	4	297	2
1543936286943	-1	3	7	2	4	3	4	3	4	298	2
1543936296943	-1	3	7	2	4	2	4	3	4	298	2
1543936306944	-1	3	7	2	4	2	4	3	4	298	2
1543936316944	-1	3	7	2	4	2	4	3	4	299	2
1543936326944	-1	3	7	2	4	2	4	3	4	299	2
1543936336944	-1	3	6	2	4	2	4	3	4	300	2
1543936346944	-1	3	7	2	4	2	4	3	4	300	2
1543936356945	-1	3	7	2	4	2	4	3	4	301	2
1543936366946	-1	3	7	2	4	2	4	3	4	302	2
1543936376946	-1	3	6	2	4	2	4	3	4	303	2
1543936386946	-1	3	7	2	4	2	4	3	4	304	2
1543936396947	-1	3	7	2	4	2	4	3	4	306	2
1543936406948	-1	3	6	2	4	2	4	3	4	306	2
1543936416948	-1	3	7	2	4	2	4	3	4	308	2
1543936426949	-1	3	7	2	4	3	4	3	4	309	2
1543936436950	-1	3	6	2	4	2	4	3	4	310	2
1543936446951	-1	3	7	2	4	3	4	3	4	311	2
1543936456951	-1	3	7	2	4	3	4	3	4	311	2
1543936466952	-1	3	7	2	4	3	4	3	4	311	2
1543936476952	-1	3	7	2	4	3	4	3	4	311	2
1543936486953	-1	3	7	2	4	3	4	3	4	311	2
1543936496954	-1	3	7	2	4	3	4	3	4	311	2
1543936506955	-1	3	7	2	4	3	4	3	4	311	2
1543936516956	-1	3	7	2	4	3	4	3	4	311	2
1543936526957	-1	3	7	2	4	3	4	3	4	311	2
1543936536957	-1	3	7	2	4	3	4	3	4	311	2
1543936546957	-1	3	7	2	4	3	4	3	4	311	2
1543936556958	-1	3	7	2	4	3	4	3	4	311	2
1543936566958	-1	3	7	2	4	3	4	3	4	311	2
1543936576958	-1	3	7	2	4	3	4	3	4	311	2
1543936586958	-1	3	7	2	4	3	4	3	4	311	2
1543936596959	-1	3	7	2	4	3	4	3	4	311	2
1543936606959	-1	3	7	2	4	3	4	3	4	311	2
1543936616960	-1	3	7	2	4	3	4	3	4	311	2
1543936626961	-1	3	7	2	4	3	4	3	4	311	2
1543936636961	-1	3	7	2	4	3	4	3	4	311	2
1543936646964	-1	3	7	2	4	3	4	3	4	311	2
1543936656964	-1	3	7	2	4	3	4	3	4	311	2
1543936666965	-1	3	7	2	4	3	4	3	4	311	2
1543936676965	-1	3	7	2	4	3	4	3	4	311	2
1543936686965	-1	3	7	2	4	3	4	3	4	311	2
1543936696966	-1	3	7	2	4	3	4	3	4	311	2
1543936706966	-1	3	7	2	4	3	4	3	4	311	2
1543936716965	-1	3	7	2	4	3	4	3	4	311	2
1543936726966	-1	3	7	2	4	3	4	3	4	311	2
1543936736968	-1	3	7	2	4	3	4	3	4	311	2
1543936746969	-1	3	7	2	4	3	4	3	4	311	2
1543936756969	-1	3	7	2	4	3	4	3	4	311	2
1543936766970	-1	3	7	2	4	3	4	3	4	311	2
1543936776970	-1	3	7	2	4	3	4	3	4	311	2
1543936786971	-1	3	7	2	4	3	4	3	4	311	2
1543936796972	-1	3	7	2	4	3	4	3	4	311	2
1543936806972	-1	3	7	2	4	3	4	3	4	311	2
1543936816973	-1	3	7	2	4	3	4	3	4	311	2
1543936826973	-1	3	7	2	4	3	4	3	4	311	2
1543936836974	-1	3	7	2	4	3	4	3	4	311	2
1543936846975	-1	3	7	2	4	3	4	3	4	311	2
1543936856976	-1	3	7	2	4	3	4	3	4	311	2
1543936866977	-1	3	7	2	4	3	4	3	4	311	2
1543936876977	-1	3	7	2	4	3	4	3	4	311	2
1543936886978	-1	3	7	2	4	3	4	3	4	311	2
1543936896978	-1	3	7	2	4	3	4	3	4	311	2
1543936906979	-1	3	7	2	4	3	4	3	4	311	2
1543936916979	-1	3	7	2	4	3	4	3	4	311	2
1543936926979	-1	3	7	2	4	3	4	3	4	311	2
1543936936980	-1	3	7	2	4	3	4	3	4	311	2
1543936946980	-1	3	7	2	4	3	4	3	4	311	2
1543936956980	-1	3	7	2	4	3	4	3	4	311	2
1543936966982	-1	3	7	2	4	3	4	3	4	311	2
1543936976983	-1	3	7	2	4	3	4	3	4	311	2
1543936986983	-1	3	7	2	4	3	4	3	4	311	2
1543936996983	-1	3	7	2	4	3	4	3	4	311	2
1543937006986	-1	3	7	2	4	3	4	3	4	311	2
1543937016987	-1	3	7	2	4	3	4	3	4	311	2
1543937026987	-1	3	7	2	4	3	4	3	4	311	2
1543937036988	-1	3	7	2	4	3	4	3	4	311	2
1543937046989	-1	3	7	2	4	3	4	3	4	311	2
1543937056989	-1	3	7	2	4	3	4	3	4	311	2
1543937066989	-1	3	7	2	4	3	4	3	4	311	2
1543937076989	-1	3	7	2	4	3	4	3	4	311	2
1543937086989	-1	3	7	2	4	3	4	3	4	311	2
1543937096990	-1	3	7	2	4	3	4	3	4	311	2
1543937106991	-1	3	7	2	4	3	4	3	4	311	2
1543937116992	-1	3	7	2	4	3	4	3	4	311	2
1543937126994	-1	3	7	2	4	3	4	3	4	311	2
1543937136995	-1	3	7	2	4	3	4	3	4	311	2
1543937146996	-1	3	7	2	4	3	4	3	4	311	2
1543937156996	-1	3	7	2	4	3	4	3	4	311	2
1543937166997	-1	3	7	2	4	3	4	3	4	311	2
1543937176997	-1	3	7	2	4	3	4	3	4	311	2
1543937186998	-1	3	7	2	4	3	4	3	4	311	2
1543937196999	-1	3	7	2	4	3	4	3	4	311	2
1543937206999	-1	3	7	2	4	3	4	3	4	311	2
1543937216999	-1	3	7	2	4	3	4	3	4	311	2
1543937227000	-1	3	7	2	4	3	4	3	4	311	2
1543937237000	-1	3	7	2	4	3	4	3	4	311	2
1543937247000	-1	3	7	2	4	3	4	3	4	311	2
1543937257001	-1	3	7	2	4	3	4	3	4	311	2
1543937267001	-1	3	7	2	4	3	4	3	4	311	2
1543937277002	-1	3	7	2	4	3	4	3	4	311	2
1543937287002	-1	3	7	2	4	3	4	3	4	311	2
1543937297004	-1	3	7	2	4	3	4	3	4	311	2
1543937307005	-1	3	7	2	4	3	4	3	4	311	2
1543937317006	-1	3	7	2	4	3	4	3	4	311	2
