time	T1	T2	T3	T4
2019-10-15T13:08:59	73	78	82	78
2019-10-15T13:09:09	74	79	82	78
2019-10-15T13:09:19	74	79	82	78
2019-10-15T13:09:29	74	80	82	78
2019-10-15T13:09:39	75	80	83	79
2019-10-15T13:09:49	75	80	83	79
2019-10-15T13:09:59	75	80	83	80
2019-10-15T13:10:09	75	80	83	80
2019-10-15T13:10:19	76	81	83	80
2019-10-15T13:10:29	76	81	84	82
2019-10-15T13:10:39	77	81	84	82
2019-10-15T13:10:49	77	81	84	82
2019-10-15T13:10:59	77	82	84	81
2019-10-15T13:11:09	77	82	84	83
2019-10-15T13:11:19	77	82	84	83
2019-10-15T13:11:29	78	82	85	83
2019-10-15T13:11:39	78	82	85	83
2019-10-15T13:11:49	78	83	85	83
2019-10-15T13:11:59	78	83	85	83
2019-10-15T13:12:09	78	83	85	83
2019-10-15T13:12:19	78	83	85	83
2019-10-15T13:12:29	79	83	85	84
2019-10-15T13:12:39	79	84	85	84
2019-10-15T13:12:49	79	84	86	85
2019-10-15T13:12:59	79	84	86	85
2019-10-15T13:13:09	80	84	86	85
2019-10-15T13:13:19	80	84	86	85
2019-10-15T13:13:29	80	85	86	85
2019-10-15T13:13:39	80	85	86	85
2019-10-15T13:13:49	81	85	86	86
2019-10-15T13:13:59	81	85	86	86
2019-10-15T13:14:09	81	85	86	86
2019-10-15T13:14:19	81	85	86	86
2019-10-15T13:14:29	81	85	87	86
2019-10-15T13:14:39	81	85	87	86
2019-10-15T13:14:49	82	86	87	86
2019-10-15T13:14:59	82	86	87	86
2019-10-15T13:15:09	82	86	87	86
2019-10-15T13:15:19	82	86	87	87
2019-10-15T13:15:29	83	86	88	87
2019-10-15T13:15:39	82	86	88	87
2019-10-15T13:15:49	82	86	88	87
2019-10-15T13:15:59	84	86	88	87
2019-10-15T13:16:09	84	86	88	87
2019-10-15T13:16:19	84	87	88	87
2019-10-15T13:16:29	83	87	88	87
2019-10-15T13:16:39	84	87	88	87
2019-10-15T13:16:49	84	87	88	88
2019-10-15T13:16:59	85	87	88	88
2019-10-15T13:17:09	85	87	89	88
2019-10-15T13:17:19	85	87	89	88
2019-10-15T13:17:29	85	88	89	88
2019-10-15T13:17:39	85	88	89	88
2019-10-15T13:17:49	85	88	89	88
2019-10-15T13:17:59	85	88	89	87
2019-10-15T13:18:09	85	88	89	88
2019-10-15T13:18:19	85	88	89	88
2019-10-15T13:18:29	86	88	89	88
2019-10-15T13:18:39	86	88	90	89
2019-10-15T13:18:49	86	89	90	89
2019-10-15T13:18:59	86	89	90	89
2019-10-15T13:19:09	86	89	90	89
2019-10-15T13:19:19	86	89	90	89
2019-10-15T13:19:29	86	89	90	89
2019-10-15T13:19:39	86	89	90	89
2019-10-15T13:19:49	86	89	90	89
2019-10-15T13:19:59	86	89	90	89
2019-10-15T13:20:09	87	90	90	89
2019-10-15T13:20:19	87	90	90	89
2019-10-15T13:20:29	87	90	91	90
2019-10-15T13:20:39	87	90	91	90
2019-10-15T13:20:49	87	90	91	90
2019-10-15T13:20:59	88	90	91	90
2019-10-15T13:21:09	87	90	91	90
2019-10-15T13:21:19	87	90	91	90
2019-10-15T13:21:29	88	90	91	90
2019-10-15T13:21:39	88	90	91	90
2019-10-15T13:21:49	88	91	91	90
2019-10-15T13:21:59	88	91	91	90
2019-10-15T13:22:09	88	91	91	90
2019-10-15T13:22:19	88	91	92	90
2019-10-15T13:22:29	88	91	92	90
2019-10-15T13:22:39	88	91	92	90
2019-10-15T13:22:49	88	91	92	90
2019-10-15T13:22:59	89	91	92	90
2019-10-15T13:23:09	89	91	92	91
2019-10-15T13:23:19	89	91	92	91
2019-10-15T13:23:29	89	92	92	91
2019-10-15T13:23:39	89	92	92	91
2019-10-15T13:23:49	89	92	93	91
2019-10-15T13:23:59	89	92	93	91
2019-10-15T13:24:09	89	92	93	91
2019-10-15T13:24:19	89	92	93	91
2019-10-15T13:24:29	90	92	93	91
2019-10-15T13:24:39	90	92	93	91
2019-10-15T13:24:49	90	92	93	91
2019-10-15T13:24:59	90	92	93	91
2019-10-15T13:25:09	90	93	93	91
2019-10-15T13:25:19	90	93	93	91
2019-10-15T13:25:29	90	93	93	91
2019-10-15T13:25:39	90	93	93	91
2019-10-15T13:25:49	90	93	93	91
2019-10-15T13:25:59	91	93	93	92
2019-10-15T13:26:09	91	93	93	92
2019-10-15T13:26:19	91	93	94	92
2019-10-15T13:26:29	91	93	94	92
2019-10-15T13:26:39	91	93	94	92
2019-10-15T13:26:49	91	93	94	92
2019-10-15T13:26:59	91	93	94	92
2019-10-15T13:27:09	91	93	94	92
2019-10-15T13:27:19	91	94	94	92
2019-10-15T13:27:29	92	94	94	92
2019-10-15T13:27:39	91	94	94	92
2019-10-15T13:27:49	92	94	94	92
2019-10-15T13:27:59	92	94	94	92
2019-10-15T13:28:09	92	94	94	92
2019-10-15T13:28:19	92	94	95	92
2019-10-15T13:28:29	92	94	95	93
2019-10-15T13:28:39	92	94	95	93
2019-10-15T13:28:49	92	94	95	93
2019-10-15T13:28:59	92	94	95	93
2019-10-15T13:29:09	92	95	95	93
2019-10-15T13:29:19	92	95	95	93
2019-10-15T13:29:29	92	95	95	93
2019-10-15T13:29:39	93	95	95	93
2019-10-15T13:29:49	93	95	95	93
2019-10-15T13:29:59	93	95	95	93
2019-10-15T13:30:09	93	95	96	93
2019-10-15T13:30:19	93	95	96	93
2019-10-15T13:30:29	93	95	96	93
2019-10-15T13:30:39	93	95	96	93
2019-10-15T13:30:49	93	95	96	93
2019-10-15T13:30:59	93	95	96	93
2019-10-15T13:31:09	93	95	96	93
2019-10-15T13:31:19	93	96	96	93
2019-10-15T13:31:29	93	96	96	93
2019-10-15T13:31:39	94	96	96	93
2019-10-15T13:31:49	94	96	96	94
2019-10-15T13:31:59	94	96	96	94
2019-10-15T13:32:09	94	96	97	94
2019-10-15T13:32:19	94	96	97	94
2019-10-15T13:32:29	94	96	97	94
2019-10-15T13:32:39	94	96	97	94
2019-10-15T13:32:49	94	96	97	94
2019-10-15T13:32:59	94	97	97	94
2019-10-15T13:33:09	94	97	97	94
2019-10-15T13:33:19	94	97	97	95
2019-10-15T13:33:29	94	97	97	94
2019-10-15T13:33:39	94	97	97	94
2019-10-15T13:33:49	94	97	97	94
2019-10-15T13:33:59	94	97	97	94
2019-10-15T13:34:09	95	97	98	95
2019-10-15T13:34:19	95	97	98	96
2019-10-15T13:34:29	95	97	98	96
2019-10-15T13:34:39	95	97	98	95
2019-10-15T13:34:49	95	98	98	95
2019-10-15T13:34:59	95	98	98	95
2019-10-15T13:35:09	95	98	98	96
2019-10-15T13:35:19	95	98	98	96
2019-10-15T13:35:29	95	98	98	95
2019-10-15T13:35:39	95	98	98	95
2019-10-15T13:35:49	96	98	98	96
2019-10-15T13:35:59	96	98	98	96
2019-10-15T13:36:09	96	98	99	96
2019-10-15T13:36:19	96	98	99	96
2019-10-15T13:36:29	96	98	99	95
2019-10-15T13:36:39	96	98	99	96
2019-10-15T13:36:49	96	98	99	96
2019-10-15T13:36:59	96	98	99	97
2019-10-15T13:37:09	96	99	99	97
2019-10-15T13:37:19	96	99	99	96
2019-10-15T13:37:29	96	99	99	97
2019-10-15T13:37:39	96	99	99	96
2019-10-15T13:37:49	97	99	99	97
2019-10-15T13:37:59	97	99	99	97
2019-10-15T13:38:09	97	99	99	96
2019-10-15T13:38:19	97	99	100	97
2019-10-15T13:38:29	97	99	100	97
2019-10-15T13:38:39	97	100	100	97
2019-10-15T13:38:49	97	100	100	97
2019-10-15T13:38:59	97	100	100	97
2019-10-15T13:39:09	97	100	100	98
2019-10-15T13:39:19	97	100	100	98
2019-10-15T13:39:29	97	100	100	98
2019-10-15T13:39:39	97	100	100	98
2019-10-15T13:39:49	97	100	100	98
2019-10-15T13:39:59	98	100	101	98
2019-10-15T13:40:09	98	100	101	98
2019-10-15T13:40:19	98	100	101	98
2019-10-15T13:40:29	98	100	101	98
2019-10-15T13:40:39	98	100	101	98
2019-10-15T13:40:49	98	100	101	98
2019-10-15T13:40:59	98	101	101	98
2019-10-15T13:41:09	98	101	101	98
2019-10-15T13:41:19	98	101	101	98
2019-10-15T13:41:29	98	101	101	98
2019-10-15T13:41:39	98	101	101	98
2019-10-15T13:41:49	98	101	101	99
2019-10-15T13:41:59	99	101	101	99
2019-10-15T13:42:09	99	101	101	99
2019-10-15T13:42:19	99	101	101	99
2019-10-15T13:42:29	99	101	102	99
2019-10-15T13:42:39	99	101	102	99
2019-10-15T13:42:49	99	101	102	99
2019-10-15T13:42:59	99	101	102	99
2019-10-15T13:43:09	99	102	102	99
2019-10-15T13:43:19	99	102	102	99
2019-10-15T13:43:29	99	102	102	99
2019-10-15T13:43:39	100	102	102	99
2019-10-15T13:43:49	100	102	102	99
2019-10-15T13:43:59	100	102	102	99
2019-10-15T13:44:09	100	102	102	99
2019-10-15T13:44:19	100	102	103	100
2019-10-15T13:44:29	100	102	103	100
2019-10-15T13:44:39	100	102	103	100
2019-10-15T13:44:49	100	103	103	100
2019-10-15T13:44:59	100	103	103	100
2019-10-15T13:45:09	100	103	103	100
2019-10-15T13:45:19	101	103	103	100
2019-10-15T13:45:29	100	103	103	100
2019-10-15T13:45:39	101	103	103	100
2019-10-15T13:45:49	101	103	103	100
2019-10-15T13:45:59	101	103	103	100
2019-10-15T13:46:09	101	103	104	100
2019-10-15T13:46:19	101	103	104	100
2019-10-15T13:46:29	101	103	104	100
2019-10-15T13:46:39	102	104	104	101
2019-10-15T13:46:49	102	103	104	101
2019-10-15T13:46:59	102	104	104	101
2019-10-15T13:47:09	101	104	104	101
2019-10-15T13:47:19	102	104	104	101
2019-10-15T13:47:29	102	104	104	101
2019-10-15T13:47:39	102	104	104	101
2019-10-15T13:47:49	103	104	104	101
2019-10-15T13:47:59	103	104	105	101
2019-10-15T13:48:09	103	104	105	101
2019-10-15T13:48:19	102	104	105	101
2019-10-15T13:48:29	103	105	105	101
2019-10-15T13:48:39	103	105	105	101
2019-10-15T13:48:49	103	105	105	101
2019-10-15T13:48:59	103	105	105	101
2019-10-15T13:49:09	103	105	105	101
2019-10-15T13:49:19	103	105	105	102
2019-10-15T13:49:29	103	105	105	102
2019-10-15T13:49:39	103	105	105	102
2019-10-15T13:49:49	103	105	105	102
2019-10-15T13:49:59	103	105	105	102
2019-10-15T13:50:09	103	105	106	102
2019-10-15T13:50:19	103	105	106	102
2019-10-15T13:50:29	104	105	106	102
2019-10-15T13:50:39	104	106	106	102
2019-10-15T13:50:49	104	106	106	102
2019-10-15T13:50:59	104	106	106	102
2019-10-15T13:51:09	104	106	106	102
2019-10-15T13:51:19	104	106	106	102
2019-10-15T13:51:29	104	106	106	102
2019-10-15T13:51:39	104	106	106	103
2019-10-15T13:51:49	104	106	106	103
2019-10-15T13:51:59	104	106	106	103
2019-10-15T13:52:09	98	104	105	102
2019-10-15T13:52:19	89	99	100	101
2019-10-15T13:52:29	81	93	95	101
2019-10-15T13:52:39	77	87	95	99
2019-10-15T13:52:49	73	85	92	98
2019-10-15T13:52:59	71	85	90	97
2019-10-15T13:53:09	71	83	87	94
2019-10-15T13:53:19	68	79	85	93
2019-10-15T13:53:29	65	76	84	92
2019-10-15T13:53:39	62	74	82	91
2019-10-15T13:53:49	61	72	81	89
2019-10-15T13:53:59	60	70	80	88
2019-10-15T13:54:09	59	68	79	88
2019-10-15T13:54:19	57	66	79	87
2019-10-15T13:54:29	56	65	78	86
2019-10-15T13:54:39	55	65	78	85
2019-10-15T13:54:49	55	64	77	84
2019-10-15T13:54:59	54	63	76	83
2019-10-15T13:55:09	54	62	76	82
2019-10-15T13:55:19	54	61	76	82
2019-10-15T13:55:29	54	61	75	81
2019-10-15T13:55:39	53	61	75	80
2019-10-15T13:55:49	51	60	75	80
2019-10-15T13:55:59	51	60	75	79
2019-10-15T13:56:09	50	59	75	79
2019-10-15T13:56:19	50	59	75	78
2019-10-15T13:56:29	49	59	74	77
2019-10-15T13:56:39	49	59	74	77
2019-10-15T13:56:49	50	58	74	76
2019-10-15T13:56:59	49	58	73	75
2019-10-15T13:57:09	49	58	73	75
2019-10-15T13:57:19	49	58	72	74
2019-10-15T13:57:29	49	58	73	74
2019-10-15T13:57:39	49	58	72	74
2019-10-15T13:57:49	48	58	72	73
2019-10-15T13:57:59	48	57	72	73
2019-10-15T13:58:09	49	57	72	72
2019-10-15T13:58:19	49	57	72	72
2019-10-15T13:58:29	48	56	71	71
2019-10-15T13:58:40	48	56	71	71
2019-10-15T13:58:50	48	56	71	70
2019-10-15T13:59:00	47	56	71	70
2019-10-15T13:59:10	47	56	72	70
2019-10-15T13:59:20	47	56	71	70
2019-10-15T13:59:30	47	56	71	69
2019-10-15T13:59:40	48	56	71	69
2019-10-15T13:59:50	48	56	72	69
2019-10-15T14:00:00	47	55	71	68
2019-10-15T14:00:10	47	55	71	68
2019-10-15T14:00:20	47	55	70	68
2019-10-15T14:00:30	47	54	70	67
2019-10-15T14:00:40	47	54	70	67
2019-10-15T14:00:50	47	54	70	67
2019-10-15T14:01:00	47	54	70	67
2019-10-15T14:01:10	47	53	70	67
2019-10-15T14:01:20	47	53	70	66
2019-10-15T14:01:30	46	53	70	66
2019-10-15T14:01:40	46	53	70	66
2019-10-15T14:01:50	46	53	70	66
2019-10-15T14:02:00	46	53	70	65
2019-10-15T14:02:10	46	53	70	65
2019-10-15T14:02:20	46	53	70	65
2019-10-15T14:02:30	46	54	70	65
2019-10-15T14:02:40	46	53	70	64
2019-10-15T14:02:50	46	53	70	64
2019-10-15T14:03:00	46	53	70	64
2019-10-15T14:03:10	45	53	69	64
2019-10-15T14:03:20	45	53	68	64
2019-10-15T14:03:30	45	53	68	63
2019-10-15T14:03:40	46	52	69	63
2019-10-15T14:03:50	45	52	69	63
2019-10-15T14:04:00	46	52	69	63
2019-10-15T14:04:10	46	52	68	63
2019-10-15T14:04:20	46	52	69	62
2019-10-15T14:04:30	45	51	68	62
2019-10-15T14:04:40	45	51	67	62
2019-10-15T14:04:50	45	51	67	62
2019-10-15T14:05:00	45	51	68	62
2019-10-15T14:05:10	45	51	67	62
2019-10-15T14:05:20	45	51	66	62
2019-10-15T14:05:30	45	51	67	61
2019-10-15T14:05:40	46	51	67	61
2019-10-15T14:05:50	44	51	67	61
2019-10-15T14:06:00	45	51	68	61
2019-10-15T14:06:10	45	51	67	61
2019-10-15T14:06:20	44	51	67	61
2019-10-15T14:06:30	44	51	67	61
2019-10-15T14:06:40	44	51	67	61
2019-10-15T14:06:50	44	51	68	61
2019-10-15T14:07:00	44	51	68	61
2019-10-15T14:07:10	43	51	68	60
2019-10-15T14:07:20	44	51	68	60
2019-10-15T14:07:30	44	51	67	59
2019-10-15T14:07:40	43	51	68	60
2019-10-15T14:07:50	43	51	68	60
2019-10-15T14:08:00	43	51	68	60
2019-10-15T14:08:10	43	50	68	60
2019-10-15T14:08:20	43	50	67	60
2019-10-15T14:08:30	43	50	67	60
2019-10-15T14:08:40	43	50	67	59
2019-10-15T14:08:50	43	51	67	59
2019-10-15T14:09:00	43	51	68	59
2019-10-15T14:09:10	42	50	67	59
2019-10-15T14:09:20	43	50	68	59
2019-10-15T14:09:30	43	50	68	59
2019-10-15T14:09:40	43	50	68	59
2019-10-15T14:09:50	43	50	68	59
2019-10-15T14:10:00	42	50	68	58
2019-10-15T14:10:10	42	50	66	58
2019-10-15T14:10:20	42	50	66	57
2019-10-15T14:10:30	42	50	67	58
2019-10-15T14:10:40	42	50	66	57
2019-10-15T14:10:50	42	50	66	57
2019-10-15T14:11:00	42	50	65	57
2019-10-15T14:11:10	43	50	66	58
2019-10-15T14:11:20	43	49	66	58
2019-10-15T14:11:30	42	49	65	58
2019-10-15T14:11:40	43	49	65	57
2019-10-15T14:11:50	42	49	66	58
2019-10-15T14:12:00	42	49	66	57
2019-10-15T14:12:10	42	49	64	57
2019-10-15T14:12:20	42	48	64	57
2019-10-15T14:12:30	43	48	64	57
2019-10-15T14:12:40	43	48	64	57
2019-10-15T14:12:50	43	48	63	57
2019-10-15T14:13:00	42	48	64	57
2019-10-15T14:13:10	42	49	64	57
2019-10-15T14:13:20	42	49	64	56
2019-10-15T14:13:30	43	48	64	56
2019-10-15T14:13:40	43	48	65	56
2019-10-15T14:13:50	43	48	65	56
2019-10-15T14:14:00	43	48	64	56
2019-10-15T14:14:10	43	48	63	56
2019-10-15T14:14:20	43	48	63	56
2019-10-15T14:14:30	43	48	64	56
2019-10-15T14:14:40	43	48	64	56
2019-10-15T14:14:50	43	48	64	56
2019-10-15T14:15:00	42	49	64	56
2019-10-15T14:15:10	42	48	64	56
2019-10-15T14:15:20	42	48	63	56
2019-10-15T14:15:30	42	48	64	56
2019-10-15T14:15:40	42	48	64	56
2019-10-15T14:15:50	42	48	63	56
2019-10-15T14:16:00	42	48	64	56
2019-10-15T14:16:10	42	48	63	56
2019-10-15T14:16:20	42	48	63	56
2019-10-15T14:16:30	42	48	63	56
2019-10-15T14:16:40	42	47	63	56
2019-10-15T14:16:50	42	46	63	55
2019-10-15T14:17:00	42	46	63	55
2019-10-15T14:17:10	42	46	62	55
2019-10-15T14:17:20	42	46	63	55
2019-10-15T14:17:30	42	47	63	55
2019-10-15T14:17:40	41	47	63	55
2019-10-15T14:17:50	42	46	63	55
2019-10-15T14:18:00	41	46	63	55
2019-10-15T14:18:10	42	47	62	55
2019-10-15T14:18:20	42	47	63	55
2019-10-15T14:18:30	42	46	63	55
2019-10-15T14:18:40	42	46	63	55
2019-10-15T14:18:50	42	46	63	55
2019-10-15T14:19:00	42	46	63	55
2019-10-15T14:19:10	42	46	64	55
2019-10-15T14:19:20	42	46	64	55
2019-10-15T14:19:30	41	46	64	55
2019-10-15T14:19:40	42	46	64	55
2019-10-15T14:19:50	41	46	63	55
2019-10-15T14:20:00	41	46	64	54
2019-10-15T14:20:10	41	46	64	54
2019-10-15T14:20:20	42	46	64	54
2019-10-15T14:20:30	42	45	64	54
2019-10-15T14:20:40	41	45	64	54
2019-10-15T14:20:50	41	45	64	54
2019-10-15T14:21:00	42	45	63	54
2019-10-15T14:21:10	42	45	63	54
2019-10-15T14:21:20	41	45	62	54
2019-10-15T14:21:30	41	46	63	54
2019-10-15T14:21:40	40	46	63	54
2019-10-15T14:21:50	41	46	62	54
2019-10-15T14:22:00	40	45	62	54
2019-10-15T14:22:10	41	46	62	54
2019-10-15T14:22:20	41	46	63	54
2019-10-15T14:22:30	41	46	62	54
2019-10-15T14:22:40	41	46	63	54
2019-10-15T14:22:50	41	45	63	54
2019-10-15T14:23:00	41	45	62	54
2019-10-15T14:23:10	41	45	62	54
2019-10-15T14:23:20	41	45	61	54
2019-10-15T14:23:30	41	45	61	54
2019-10-15T14:23:40	41	45	62	54
2019-10-15T14:23:50	41	46	62	54
2019-10-15T14:24:00	41	46	62	54
2019-10-15T14:24:10	41	46	63	53
2019-10-15T14:24:20	41	46	63	53
2019-10-15T14:24:30	41	45	63	53
2019-10-15T14:24:40	41	45	63	53
2019-10-15T14:24:50	41	45	62	53
2019-10-15T14:25:00	40	45	62	53
2019-10-15T14:25:10	41	45	62	53
2019-10-15T14:25:20	41	45	62	53
2019-10-15T14:25:30	40	45	62	53
2019-10-15T14:25:40	40	45	62	53
2019-10-15T14:25:50	40	45	62	53
2019-10-15T14:26:00	40	45	62	53
2019-10-15T14:26:10	40	45	62	53
2019-10-15T14:26:20	40	45	62	53
2019-10-15T14:26:30	40	45	62	53
2019-10-15T14:26:40	40	45	62	53
2019-10-15T14:26:50	40	44	62	53
2019-10-15T14:27:00	40	45	61	53
2019-10-15T14:27:10	40	45	61	53
2019-10-15T14:27:20	40	45	61	53
2019-10-15T14:27:30	40	45	61	53
2019-10-15T14:27:40	40	44	62	52
2019-10-15T14:27:50	40	44	61	52
2019-10-15T14:28:00	40	44	61	52
2019-10-15T14:28:10	40	44	62	52
2019-10-15T14:28:20	40	44	62	52
2019-10-15T14:28:30	39	44	63	52
2019-10-15T14:28:40	39	44	63	52
2019-10-15T14:28:50	39	45	63	52
2019-10-15T14:29:00	39	45	63	52
2019-10-15T14:29:10	39	45	63	52
2019-10-15T14:29:20	39	45	63	52
2019-10-15T14:29:30	39	45	63	52
2019-10-15T14:29:40	40	45	63	52
2019-10-15T14:29:50	40	44	63	52
2019-10-15T14:30:00	40	44	63	52
2019-10-15T14:30:10	40	45	63	52
2019-10-15T14:30:20	39	45	63	52
2019-10-15T14:30:30	40	45	63	52
2019-10-15T14:30:40	40	45	63	52
2019-10-15T14:30:50	39	45	63	52
2019-10-15T14:31:00	40	45	63	52
2019-10-15T14:31:10	40	45	63	52
2019-10-15T14:31:20	39	44	62	52
2019-10-15T14:31:30	40	45	63	52
2019-10-15T14:31:40	40	45	62	52
2019-10-15T14:31:50	39	44	62	52
2019-10-15T14:32:00	39	45	62	52
2019-10-15T14:32:10	39	44	62	52
2019-10-15T14:32:20	39	44	62	52
2019-10-15T14:32:30	39	44	62	51
2019-10-15T14:32:40	39	44	62	51
2019-10-15T14:32:50	39	44	62	51
2019-10-15T14:33:00	39	44	63	51
2019-10-15T14:33:10	39	44	62	51
2019-10-15T14:33:20	39	44	62	51
2019-10-15T14:33:30	39	44	62	51
2019-10-15T14:33:40	40	44	62	51
2019-10-15T14:33:50	40	43	62	51
2019-10-15T14:34:00	40	43	62	51
2019-10-15T14:34:10	40	43	62	51
2019-10-15T14:34:20	39	44	61	51
2019-10-15T14:34:30	39	44	61	51
2019-10-15T14:34:40	39	44	61	51
2019-10-15T14:34:50	39	44	61	51
2019-10-15T14:35:00	39	43	61	51
2019-10-15T14:35:10	39	43	60	51
2019-10-15T14:35:20	39	43	60	51
2019-10-15T14:35:30	39	43	60	51
2019-10-15T14:35:40	39	43	60	51
2019-10-15T14:35:50	39	43	60	51
2019-10-15T14:36:00	39	43	61	51
2019-10-15T14:36:10	39	43	61	51
2019-10-15T14:36:20	39	43	61	51
2019-10-15T14:36:30	39	44	61	51
2019-10-15T14:36:40	39	43	61	51
2019-10-15T14:36:50	39	43	61	51
2019-10-15T14:37:00	39	43	61	51
2019-10-15T14:37:10	39	43	61	51
2019-10-15T14:37:20	39	43	61	51
2019-10-15T14:37:30	38	43	61	51
2019-10-15T14:37:40	39	43	61	50
2019-10-15T14:37:50	39	43	61	50
2019-10-15T14:38:00	39	43	61	50
2019-10-15T14:38:10	39	43	61	50
2019-10-15T14:38:20	39	43	61	50
2019-10-15T14:38:30	39	43	61	50
2019-10-15T14:38:40	39	43	61	50
2019-10-15T14:38:50	39	43	61	50
2019-10-15T14:39:00	39	43	61	50
2019-10-15T14:39:10	38	43	61	50
2019-10-15T14:39:20	38	43	61	50
2019-10-15T14:39:30	38	43	61	50
2019-10-15T14:39:40	38	43	61	50
2019-10-15T14:39:50	38	43	60	50
2019-10-15T14:40:00	38	43	60	50
2019-10-15T14:40:10	38	43	60	50
2019-10-15T14:40:20	38	43	60	50
2019-10-15T14:40:30	38	43	61	50
2019-10-15T14:40:40	38	43	61	50
2019-10-15T14:40:50	38	42	60	50
2019-10-15T14:41:00	38	42	60	50
2019-10-15T14:41:10	38	43	60	50
2019-10-15T14:41:20	38	43	60	50
2019-10-15T14:41:30	38	43	60	50
2019-10-15T14:41:40	38	42	60	50
2019-10-15T14:41:50	38	43	60	50
2019-10-15T14:42:00	38	43	61	50
2019-10-15T14:42:10	37	43	61	50
2019-10-15T14:42:20	38	42	61	50
2019-10-15T14:42:30	38	42	60	50
2019-10-15T14:42:40	38	42	60	50
2019-10-15T14:42:50	38	42	60	50
2019-10-15T14:43:00	37	42	60	49
2019-10-15T14:43:10	38	42	60	49
2019-10-15T14:43:20	38	42	60	49
2019-10-15T14:43:30	38	43	60	49
2019-10-15T14:43:40	38	43	60	49
2019-10-15T14:43:50	38	43	60	49
2019-10-15T14:44:00	39	42	59	49
2019-10-15T14:44:10	39	42	60	49
2019-10-15T14:44:20	38	43	60	49
2019-10-15T14:44:30	38	43	60	49
2019-10-15T14:44:40	38	42	60	49
2019-10-15T14:44:50	38	42	60	49
2019-10-15T14:45:00	38	42	60	49
2019-10-15T14:45:10	38	42	60	49
2019-10-15T14:45:20	37	42	59	49
2019-10-15T14:45:30	38	42	60	49
2019-10-15T14:45:40	38	42	60	49
2019-10-15T14:45:50	38	42	60	49
2019-10-15T14:46:00	38	42	60	49
2019-10-15T14:46:10	38	42	60	49
2019-10-15T14:46:20	38	42	60	49
2019-10-15T14:46:30	38	42	59	49
2019-10-15T14:46:40	38	42	59	49
2019-10-15T14:46:50	38	42	58	49
2019-10-15T14:47:00	38	42	59	49
2019-10-15T14:47:10	38	42	58	49
2019-10-15T14:47:20	38	42	58	49
2019-10-15T14:47:30	38	41	58	49
2019-10-15T14:47:40	38	41	58	49
2019-10-15T14:47:50	38	42	58	49
2019-10-15T14:48:00	38	42	58	49
2019-10-15T14:48:10	38	42	59	49
2019-10-15T14:48:20	38	42	59	49
2019-10-15T14:48:30	38	42	59	49
2019-10-15T14:48:40	37	42	59	49
2019-10-15T14:48:50	38	42	59	49
2019-10-15T14:49:00	38	42	59	49
2019-10-15T14:49:10	38	42	59	49
2019-10-15T14:49:20	38	42	59	49
2019-10-15T14:49:30	38	42	58	49
2019-10-15T14:49:40	38	42	58	49
2019-10-15T14:49:50	38	42	58	48
2019-10-15T14:50:00	38	41	58	49
2019-10-15T14:50:10	38	41	57	49
2019-10-15T14:50:20	38	41	57	49
2019-10-15T14:50:30	38	42	57	49
2019-10-15T14:50:40	37	42	58	49
2019-10-15T14:50:50	38	42	57	49
2019-10-15T14:51:00	37	42	58	49
2019-10-15T14:51:10	37	42	58	49
2019-10-15T14:51:20	38	42	58	49
2019-10-15T14:51:30	38	42	58	49
2019-10-15T14:51:40	38	42	58	49
2019-10-15T14:51:50	37	42	59	49
2019-10-15T14:52:00	37	42	59	49
2019-10-15T14:52:10	37	42	58	48
2019-10-15T14:52:20	37	42	58	48
2019-10-15T14:52:30	37	42	59	48
2019-10-15T14:52:40	36	42	59	48
2019-10-15T14:52:50	37	42	59	48
2019-10-15T14:53:00	37	42	59	48
2019-10-15T14:53:10	37	42	58	48
2019-10-15T14:53:20	38	42	58	48
2019-10-15T14:53:30	38	41	58	48
2019-10-15T14:53:40	38	41	58	48
2019-10-15T14:53:50	38	41	58	48
2019-10-15T14:54:00	38	41	58	48
2019-10-15T14:54:10	38	41	58	48
2019-10-15T14:54:20	38	40	58	48
2019-10-15T14:54:30	38	40	58	48
2019-10-15T14:54:40	37	40	58	48
2019-10-15T14:54:50	38	40	57	48
2019-10-15T14:55:00	37	40	57	48
2019-10-15T14:55:10	38	40	57	48
2019-10-15T14:55:20	38	40	57	48
2019-10-15T14:55:30	38	40	57	48
2019-10-15T14:55:40	38	41	57	48
2019-10-15T14:55:50	37	41	57	48
2019-10-15T14:56:00	38	40	57	48
2019-10-15T14:56:10	38	41	57	48
2019-10-15T14:56:20	38	41	57	48
2019-10-15T14:56:30	38	41	57	48
2019-10-15T14:56:40	38	40	57	48
2019-10-15T14:56:52	37	41	-100	-100
2019-10-15T14:57:02	37	41	57	48
2019-10-15T14:57:12	38	41	57	48
2019-10-15T14:57:22	38	41	57	48
2019-10-15T14:57:32	37	40	57	48
2019-10-15T14:57:42	37	41	57	48
2019-10-15T14:57:52	38	40	57	48
2019-10-15T14:58:02	37	40	57	48
2019-10-15T14:58:12	38	40	57	48
2019-10-15T14:58:22	38	40	57	48
2019-10-15T14:58:32	38	40	57	48
2019-10-15T14:58:42	38	40	57	48
2019-10-15T14:58:52	37	40	57	48
2019-10-15T14:59:02	37	40	57	48
2019-10-15T14:59:12	37	40	57	48
2019-10-15T14:59:22	38	40	57	48
2019-10-15T14:59:32	37	40	56	48
2019-10-15T14:59:42	37	40	56	48
2019-10-15T14:59:52	37	40	56	48
2019-10-15T15:00:02	37	40	56	48
2019-10-15T15:00:12	37	41	56	48
2019-10-15T15:00:22	37	41	57	48
2019-10-15T15:00:32	37	41	57	48
2019-10-15T15:00:42	37	41	57	48
2019-10-15T15:00:52	37	40	57	48
2019-10-15T15:01:02	37	40	57	48
2019-10-15T15:01:12	37	41	57	48
2019-10-15T15:01:22	36	40	57	48
2019-10-15T15:01:32	37	40	57	48
2019-10-15T15:01:42	36	41	57	48
2019-10-15T15:01:52	36	40	57	48
2019-10-15T15:02:02	36	40	57	48
2019-10-15T15:02:12	37	40	57	48
2019-10-15T15:02:22	37	40	57	48
2019-10-15T15:02:32	37	40	56	48
2019-10-15T15:02:42	37	40	56	48
2019-10-15T15:02:52	37	40	56	47
2019-10-15T15:03:02	37	39	56	47
2019-10-15T15:03:12	37	40	56	48
2019-10-15T15:03:22	37	39	56	48
2019-10-15T15:03:32	37	40	56	48
2019-10-15T15:03:42	37	39	56	48
2019-10-15T15:03:52	37	39	56	48
2019-10-15T15:04:02	37	39	56	47
2019-10-15T15:04:12	37	39	56	47
2019-10-15T15:04:22	38	39	56	47
2019-10-15T15:04:32	38	39	56	47
2019-10-15T15:04:42	37	39	56	47
2019-10-15T15:04:52	37	39	55	47
2019-10-15T15:05:02	37	40	56	47
2019-10-15T15:05:12	37	40	56	47
2019-10-15T15:05:22	37	39	56	47
2019-10-15T15:05:32	37	40	56	47
2019-10-15T15:05:42	37	40	56	47
2019-10-15T15:05:52	37	39	56	47
2019-10-15T15:06:02	37	39	56	47
2019-10-15T15:06:12	37	40	56	47
2019-10-15T15:06:22	37	40	56	47
2019-10-15T15:06:32	37	40	56	47
2019-10-15T15:06:42	36	40	56	47
2019-10-15T15:06:52	36	40	56	47
2019-10-15T15:07:02	36	40	56	47
2019-10-15T15:07:12	36	40	56	47
2019-10-15T15:07:22	37	40	56	47
2019-10-15T15:07:32	37	40	57	47
2019-10-15T15:07:42	37	40	57	47
2019-10-15T15:07:52	37	40	56	47
2019-10-15T15:08:02	37	40	56	47
2019-10-15T15:08:12	37	40	56	47
2019-10-15T15:08:22	37	40	56	47
2019-10-15T15:08:32	37	40	56	47
2019-10-15T15:08:42	37	39	56	47
2019-10-15T15:08:52	37	40	56	47
2019-10-15T15:09:02	37	39	56	47
2019-10-15T15:09:12	37	39	56	47
2019-10-15T15:09:22	37	40	56	47
2019-10-15T15:09:32	36	40	56	47
2019-10-15T15:09:42	37	39	56	47
2019-10-15T15:09:52	37	39	56	47
2019-10-15T15:10:02	37	39	56	47
2019-10-15T15:10:12	37	39	56	46
2019-10-15T15:10:22	37	39	56	46
2019-10-15T15:10:32	37	39	56	46
2019-10-15T15:10:42	37	39	56	46
2019-10-15T15:10:52	36	39	56	46
2019-10-15T15:11:02	36	39	56	46
2019-10-15T15:11:12	36	39	56	46
2019-10-15T15:11:22	37	40	56	46
2019-10-15T15:11:32	36	40	56	46
2019-10-15T15:11:42	36	40	56	46
2019-10-15T15:11:52	36	40	56	46
2019-10-15T15:12:02	36	40	56	46
2019-10-15T15:12:12	37	40	56	46
2019-10-15T15:12:22	37	40	56	46
2019-10-15T15:12:32	37	40	56	46
2019-10-15T15:12:42	36	40	56	46
2019-10-15T15:12:52	36	40	56	46
2019-10-15T15:13:02	36	40	56	46
2019-10-15T15:13:12	36	40	56	46
2019-10-15T15:13:22	36	40	56	46
2019-10-15T15:13:32	36	40	56	46
2019-10-15T15:13:42	36	40	56	46
2019-10-15T15:13:52	36	40	56	46
2019-10-15T15:14:02	35	40	56	46
2019-10-15T15:14:12	36	40	56	46
2019-10-15T15:14:22	36	40	56	46
2019-10-15T15:14:32	36	40	56	46
2019-10-15T15:14:42	35	40	56	46
2019-10-15T15:14:52	35	40	56	46
2019-10-15T15:15:02	36	40	56	46
2019-10-15T15:15:12	35	40	56	46
2019-10-15T15:15:22	36	39	56	46
2019-10-15T15:15:32	35	40	56	46
2019-10-15T15:15:42	36	39	56	46
2019-10-15T15:15:52	36	40	56	46
2019-10-15T15:16:02	36	40	56	46
2019-10-15T15:16:12	36	40	55	46
2019-10-15T15:16:22	36	40	55	46
2019-10-15T15:16:32	36	40	55	46
2019-10-15T15:16:42	36	39	55	46
2019-10-15T15:16:52	36	39	55	45
2019-10-15T15:17:02	37	40	55	45
2019-10-15T15:17:12	36	40	55	45
2019-10-15T15:17:22	36	40	55	45
2019-10-15T15:17:32	36	40	55	45
2019-10-15T15:17:42	36	39	56	45
2019-10-15T15:17:52	36	39	56	45
2019-10-15T15:18:02	36	40	56	45
2019-10-15T15:18:12	36	40	55	45
2019-10-15T15:18:22	36	40	56	45
2019-10-15T15:18:32	36	40	56	45
2019-10-15T15:18:42	36	40	56	45
2019-10-15T15:18:52	36	40	56	45
2019-10-15T15:19:02	36	40	56	45
2019-10-15T15:19:12	36	40	56	45
2019-10-15T15:19:22	36	40	56	45
2019-10-15T15:19:32	35	40	56	45
2019-10-15T15:19:42	35	40	56	45
2019-10-15T15:19:52	35	40	56	45
2019-10-15T15:20:02	35	40	56	45
2019-10-15T15:20:12	36	40	56	45
2019-10-15T15:20:22	35	40	56	45
2019-10-15T15:20:32	36	40	56	45
2019-10-15T15:20:42	36	40	56	45
2019-10-15T15:20:52	35	40	56	45
2019-10-15T15:21:02	36	40	56	45
2019-10-15T15:21:12	35	39	56	45
2019-10-15T15:21:22	35	39	56	45
2019-10-15T15:21:32	35	39	56	45
2019-10-15T15:21:42	35	40	56	45
2019-10-15T15:21:52	35	40	55	45
2019-10-15T15:22:02	35	40	55	45
2019-10-15T15:22:12	35	40	55	45
2019-10-15T15:22:22	35	40	55	45
2019-10-15T15:22:32	35	40	55	45
2019-10-15T15:22:42	35	40	55	45
2019-10-15T15:22:52	35	40	56	45
2019-10-15T15:23:02	35	40	56	45
2019-10-15T15:23:12	35	40	56	45
2019-10-15T15:23:22	35	40	56	45
2019-10-15T15:23:32	35	40	56	45
2019-10-15T15:23:42	35	40	56	45
2019-10-15T15:23:52	35	40	56	45
2019-10-15T15:24:02	35	40	56	45
2019-10-15T15:24:12	35	40	56	45
2019-10-15T15:24:22	35	40	56	45
2019-10-15T15:24:32	35	40	56	45
2019-10-15T15:24:42	35	40	56	45
2019-10-15T15:24:52	35	40	56	45
2019-10-15T19:40:01	18	19	20	18
2019-10-15T19:40:11	18	19	20	18
2019-10-15T19:40:21	18	19	20	18
2019-10-15T19:40:31	18	19	20	18
2019-10-15T19:40:41	18	19	20	18
2019-10-15T19:40:51	18	19	20	18
2019-10-15T19:41:01	18	19	20	18
2019-10-15T19:41:11	18	19	20	18
2019-10-15T19:41:21	18	19	20	18
2019-10-15T19:41:31	18	19	20	18
2019-10-15T19:41:41	18	19	20	18
2019-10-15T19:41:51	18	19	20	18
2019-10-15T19:42:01	18	19	20	18
2019-10-15T19:42:11	18	19	20	18
2019-10-15T19:42:21	18	19	20	18
2019-10-15T19:42:31	18	19	20	18
2019-10-15T19:42:41	18	19	21	18
2019-10-15T19:42:51	18	19	21	18
2019-10-15T19:43:01	19	20	21	18
2019-10-15T19:43:11	19	20	22	18
2019-10-15T19:43:21	20	21	23	18
2019-10-15T19:43:31	20	21	24	19
2019-10-15T19:43:41	21	22	25	19
2019-10-15T19:43:51	21	23	27	20
2019-10-15T19:44:01	22	24	28	20
2019-10-15T19:44:11	23	26	29	21
2019-10-15T19:44:21	25	28	31	22
2019-10-15T19:44:31	26	29	32	23
2019-10-15T19:44:41	27	30	32	25
2019-10-15T19:44:51	28	31	33	26
2019-10-15T19:45:01	29	31	33	26
2019-10-15T19:45:11	29	32	34	27
2019-10-15T19:45:21	29	33	34	28
2019-10-15T19:45:31	30	33	35	28
2019-10-15T19:45:41	30	33	35	28
2019-10-15T19:45:51	31	34	35	29
2019-10-15T19:46:01	31	34	35	30
2019-10-15T19:46:11	31	34	35	30
2019-10-15T19:46:21	32	35	36	31
2019-10-15T19:46:31	32	35	36	31
2019-10-15T19:46:41	32	35	36	32
2019-10-15T19:46:51	33	35	36	32
2019-10-15T19:47:01	33	35	36	33
2019-10-15T19:47:11	33	36	37	33
2019-10-15T19:47:21	34	36	37	33
2019-10-15T19:47:31	33	36	37	34
2019-10-15T19:47:41	33	36	37	34
2019-10-15T19:47:51	34	37	37	34
2019-10-15T19:48:01	37	40	38	35
2019-10-15T19:48:11	44	46	42	36
2019-10-15T19:48:21	51	46	49	38
2019-10-15T19:48:31	63	56	56	41
2019-10-15T19:48:41	73	65	67	44
2019-10-15T19:48:51	73	76	77	51
2019-10-15T19:49:01	83	86	88	56
2019-10-15T19:49:11	93	96	99	61
2019-10-15T19:49:21	104	108	108	67
2019-10-15T19:49:31	114	113	111	71
2019-10-15T19:49:41	114	118	115	76
2019-10-15T19:49:51	116	121	117	80
2019-10-15T19:50:01	117	121	117	83
2019-10-15T19:50:11	118	120	115	86
2019-10-15T19:50:21	117	119	113	88
2019-10-15T19:50:31	116	118	111	91
2019-10-15T19:50:41	116	117	110	92
2019-10-15T19:50:51	115	115	108	93
2019-10-15T19:51:01	113	114	107	94
2019-10-15T19:51:11	112	113	105	94
2019-10-15T19:51:21	111	111	104	95
2019-10-15T19:51:31	110	109	102	95
2019-10-15T19:51:41	109	108	102	95
2019-10-15T19:51:51	109	108	104	95
2019-10-15T19:52:01	108	108	104	95
2019-10-15T19:52:11	107	107	104	96
2019-10-15T19:52:21	107	107	103	96
2019-10-15T19:52:31	106	106	104	96
2019-10-15T19:52:49	105	104	-100	-100
2019-10-15T19:52:58	104	104	-100	-100
2019-10-15T19:53:08	104	104	104	96
2019-10-15T19:53:18	103	104	106	96
2019-10-15T19:53:28	103	104	105	96
2019-10-15T19:53:38	102	104	104	96
2019-10-15T19:53:48	102	103	103	96
2019-10-15T19:53:58	102	102	103	96
2019-10-15T19:54:08	101	102	102	96
2019-10-15T19:54:18	100	101	101	95
