Время	T1	T2	T3
2019-10-12 16:14:52	20	396	397
2019-10-12 16:15:02	19	397	399
2019-10-12 16:23:30	20	397	-100
2019-10-12 16:23:40	20	397	398
2019-10-12 16:23:50	20	397	399
2019-10-12 16:24:00	20	397	399
2019-10-12 16:24:10	20	397	399
2019-10-12 16:24:20	20	397	399
2019-10-12 16:26:14	20	396	-100
2019-10-12 16:26:24	20	397	397
2019-10-12 16:26:34	20	396	397
2019-10-12 16:26:44	20	397	397
2019-10-12 16:26:54	20	397	399
2019-10-12 16:27:09	20	397	-100
2019-10-12 16:27:19	20	397	399
2019-10-12 16:27:29	20	397	399
2019-10-12 16:27:39	19	397	399
2019-10-12 16:32:12	20	-100	-100
2019-10-12 16:32:22	19	397	399
2019-10-12 16:32:32	20	396	397
2019-10-12 16:32:42	19	396	397
2019-10-12 16:32:52	19	396	397
2019-10-12 16:33:02	19	396	397
2019-10-12 16:33:12	19	396	397
2019-10-12 16:33:22	19	396	397
2019-10-12 16:33:34	19	396	-100
2019-10-12 16:33:44	19	396	397
2019-10-12 16:33:54	19	396	397
2019-10-12 16:35:53	20	397	-100
2019-10-12 16:36:03	19	396	397
2019-10-12 16:37:10	19	396	-100
2019-10-12 16:37:20	19	397	397
2019-10-12 16:37:30	20	397	399
2019-10-12 16:37:40	20	397	399
2019-10-12 16:37:50	19	397	397
2019-10-12 16:41:35	19	396	-100
2019-10-12 16:41:45	19	396	397
2019-10-12 16:41:55	19	396	397
2019-10-12 16:42:05	20	396	397
2019-10-12 16:42:15	20	396	397
2019-10-12 16:42:25	20	396	399
2019-10-12 16:42:35	20	397	398
2019-10-12 16:42:45	20	397	399
2019-10-12 16:42:55	20	397	397
2019-10-12 16:43:05	19	397	397
2019-10-12 16:43:15	19	396	397
2019-10-12 16:44:09	19	396	-100
2019-10-12 16:44:19	20	396	397
2019-10-12 16:44:29	19	396	397
2019-10-12 16:44:39	19	397	397
2019-10-12 16:44:49	20	397	398
2019-10-12 16:44:59	20	397	399
2019-10-12 16:45:09	19	396	397
2019-10-12 16:45:19	19	396	397
2019-10-12 16:45:29	19	396	397
2019-10-12 16:45:39	19	396	397
2019-10-12 16:45:49	19	396	397
2019-10-12 16:45:59	19	396	397
2019-10-12 16:46:09	19	396	397
2019-10-12 16:46:19	20	396	397
2019-10-12 16:46:29	19	396	397
2019-10-12 16:46:39	19	396	397
2019-10-12 16:46:49	19	396	397
2019-10-12 16:46:59	19	396	397
2019-10-12 16:47:09	19	396	397
2019-10-12 16:47:19	19	396	397
2019-10-12 16:47:29	19	396	397
2019-10-12 16:47:39	19	396	397
2019-10-12 16:47:49	19	396	398
2019-10-12 16:47:59	20	397	399
2019-10-12 16:48:09	20	397	397
2019-10-12 16:48:19	19	396	397
2019-10-12 16:48:29	19	396	397
2019-10-12 16:48:39	19	396	397
2019-10-12 16:48:49	19	396	397
2019-10-12 16:48:59	19	396	397
2019-10-12 16:49:09	19	396	397
2019-10-12 16:49:19	19	396	397
2019-10-12 16:49:29	19	396	397
2019-10-12 16:49:39	19	396	397
2019-10-12 16:49:49	19	396	397
2019-10-12 16:49:59	19	396	397
2019-10-12 16:50:09	19	396	397
2019-10-12 16:50:19	19	396	397
2019-10-12 16:50:29	20	396	397
2019-10-12 16:50:39	19	396	397
2019-10-12 16:50:49	19	396	397
2019-10-12 16:50:59	19	396	397
2019-10-12 16:51:09	19	396	397
2019-10-12 16:51:19	19	396	397
2019-10-12 16:51:29	19	396	397
2019-10-12 16:51:39	19	396	397
2019-10-12 16:51:49	19	396	397
2019-10-12 16:51:59	19	396	397
2019-10-12 16:52:09	20	396	397
2019-10-12 16:52:23	20	396	397
2019-10-12 16:52:33	20	396	397
2019-10-12 16:52:43	19	396	397
2019-10-12 16:52:53	19	396	397
2019-10-12 16:53:03	19	396	397
2019-10-12 16:53:13	19	396	397
2019-10-12 16:53:23	19	396	397
2019-10-12 16:53:33	19	396	397
2019-10-12 16:53:43	19	396	397
2019-10-12 16:53:53	20	396	397
2019-10-12 16:54:03	19	396	397
2019-10-12 16:54:13	19	396	397
2019-10-12 16:54:23	20	396	397
2019-10-12 16:54:33	19	396	397
2019-10-12 16:54:43	19	396	397
2019-10-12 16:54:53	19	396	397
2019-10-12 16:55:03	20	396	397
2019-10-12 16:55:13	19	396	397
2019-10-12 16:55:23	19	396	397
2019-10-12 16:55:33	20	396	397
2019-10-12 16:55:43	20	397	399
2019-10-12 16:55:53	20	396	397
2019-10-12 16:56:03	19	396	397
2019-10-12 16:56:13	19	396	397
2019-10-12 16:56:23	19	396	397
2019-10-12 16:56:33	19	396	397
2019-10-12 16:56:43	19	396	397
2019-10-12 16:56:53	19	396	397
2019-10-12 16:57:03	19	396	397
2019-10-12 16:57:13	19	396	397
2019-10-12 16:57:23	19	396	397
2019-10-12 16:57:33	20	396	397
2019-10-12 16:57:43	20	397	397
2019-10-12 16:57:53	20	396	399
2019-10-12 16:58:03	20	397	399
2019-10-12 16:58:13	19	396	397
2019-10-12 16:58:23	19	396	397
2019-10-12 16:58:33	19	396	397
2019-10-12 16:58:43	19	396	397
2019-10-12 16:58:53	19	396	397
2019-10-12 16:59:03	19	396	397
2019-10-12 16:59:13	19	396	397
2019-10-12 16:59:23	19	396	399
2019-10-12 16:59:33	19	396	397
2019-10-12 16:59:43	19	396	397
2019-10-12 16:59:53	19	396	397
2019-10-12 17:00:03	19	396	397
2019-10-12 17:00:13	19	396	397
2019-10-12 17:00:23	19	396	397
2019-10-12 17:00:33	19	396	399
2019-10-12 17:00:43	19	396	399
2019-10-12 17:00:53	19	396	397
2019-10-12 17:01:03	19	397	398
2019-10-12 17:01:13	19	396	399
2019-10-12 17:01:23	19	396	397
2019-10-12 17:01:33	19	396	397
2019-10-12 17:01:43	19	396	397
2019-10-12 17:01:53	19	396	397
2019-10-12 17:02:03	19	396	397
2019-10-12 17:02:13	19	396	397
2019-10-12 17:02:23	19	396	397
2019-10-12 17:02:33	19	396	397
2019-10-12 17:02:43	19	396	397
2019-10-12 17:02:53	19	396	397
2019-10-12 17:03:03	19	396	397
2019-10-12 17:03:13	19	396	397
2019-10-12 17:03:23	19	396	397
2019-10-12 17:03:33	19	396	397
2019-10-12 17:03:43	19	396	397
2019-10-12 17:03:53	19	396	397
2019-10-12 17:04:03	19	396	397
2019-10-12 17:04:13	19	396	397
2019-10-12 17:04:23	19	396	397
2019-10-12 17:04:33	19	396	397
2019-10-12 17:04:51	19	396	-100
2019-10-12 17:05:01	19	396	398
2019-10-12 17:05:11	19	396	397
2019-10-12 17:05:21	19	396	397
2019-10-12 17:05:31	19	396	397
2019-10-12 17:05:41	19	396	397
2019-10-12 17:05:51	19	396	397
2019-10-12 17:06:01	19	396	397
2019-10-12 17:06:11	19	396	397
2019-10-12 17:06:21	19	396	397
2019-10-12 17:06:31	19	396	397
2019-10-12 17:06:41	19	396	397
2019-10-12 17:06:51	19	396	397
2019-10-12 17:07:01	19	396	397
2019-10-12 17:07:11	19	396	397
2019-10-12 17:07:21	19	396	397
2019-10-12 17:07:31	19	396	397
2019-10-12 17:07:41	19	396	399
2019-10-12 17:07:51	19	396	399
2019-10-12 17:08:01	19	396	397
2019-10-12 17:08:11	19	396	397
2019-10-12 17:08:21	20	396	399
2019-10-12 17:08:31	20	396	399
2019-10-12 17:08:41	20	396	397
2019-10-12 17:08:51	20	396	399
2019-10-12 17:09:01	20	396	397
2019-10-12 17:09:11	19	396	397
2019-10-12 17:09:21	19	396	397
2019-10-12 17:09:31	19	396	397
2019-10-12 17:09:41	19	396	397
2019-10-12 17:09:51	19	396	397
2019-10-12 17:10:01	20	396	397
2019-10-12 17:10:11	20	396	399
2019-10-12 17:10:21	19	396	397
2019-10-12 17:10:31	20	396	397
2019-10-12 17:10:41	19	396	397
2019-10-12 17:10:51	19	396	399
2019-10-12 17:11:01	20	397	399
2019-10-12 17:11:11	20	397	399
2019-10-12 17:11:21	20	397	399
2019-10-12 17:11:31	19	397	399
2019-10-12 17:11:41	20	396	397
2019-10-12 17:11:51	20	397	399
2019-10-12 17:12:01	20	397	399
2019-10-12 17:12:11	20	397	399
2019-10-12 17:12:21	20	397	399
2019-10-12 17:12:31	20	397	399
2019-10-12 17:12:41	20	397	399
2019-10-12 17:12:51	20	397	399
2019-10-12 17:13:01	20	397	399
2019-10-12 17:13:11	20	397	399
2019-10-12 17:13:21	19	396	397
2019-10-12 17:13:31	20	396	397
2019-10-12 17:13:41	20	396	399
2019-10-12 17:13:51	20	397	399
2019-10-12 17:14:01	20	396	397
2019-10-12 17:14:11	19	396	397
2019-10-12 17:14:21	19	396	397
2019-10-12 17:14:31	19	396	397
2019-10-12 17:14:41	19	396	397
2019-10-12 17:14:51	19	396	397
2019-10-12 17:15:01	19	396	397
2019-10-12 17:15:11	19	396	397
2019-10-12 17:15:21	19	396	397
2019-10-12 17:15:31	19	396	397
2019-10-12 17:15:41	19	396	397
2019-10-12 17:15:51	19	396	397
2019-10-12 17:16:01	19	396	397
2019-10-12 17:16:11	19	396	397
2019-10-12 17:16:22	20	396	397
2019-10-12 17:16:32	19	396	397
2019-10-12 17:16:42	19	396	397
2019-10-12 17:16:52	19	396	397
2019-10-12 17:17:02	19	396	397
2019-10-12 17:17:12	19	396	397
2019-10-12 17:17:22	19	396	397
2019-10-12 17:17:32	19	396	397
2019-10-12 17:17:42	19	396	397
2019-10-12 17:17:52	19	396	397
2019-10-12 17:18:02	19	396	397
2019-10-12 17:18:12	19	396	397
2019-10-12 17:18:22	19	396	397
2019-10-12 17:18:32	19	396	397
2019-10-12 17:18:42	19	396	397
2019-10-12 17:18:52	19	396	397
2019-10-12 17:19:02	19	396	397
2019-10-12 17:19:12	19	396	397
2019-10-12 17:19:22	19	396	397
2019-10-12 17:19:32	19	396	397
2019-10-12 17:19:42	19	396	397
2019-10-12 17:19:52	19	396	397
2019-10-12 17:20:02	19	396	397
2019-10-12 17:20:12	19	396	397
2019-10-12 17:20:22	19	396	397
2019-10-12 17:20:32	19	396	397
2019-10-12 17:20:42	19	396	397
2019-10-12 17:20:52	19	396	397
2019-10-12 17:21:02	19	396	397
2019-10-12 17:21:12	19	396	397
2019-10-12 17:21:22	19	396	397
2019-10-12 17:21:32	19	396	397
2019-10-12 17:21:42	19	396	397
2019-10-12 17:21:52	19	396	397
2019-10-12 17:22:02	19	396	397
2019-10-12 17:22:12	19	396	397
2019-10-12 17:22:22	19	396	397
2019-10-12 17:22:32	19	396	397
2019-10-12 17:22:42	19	396	397
2019-10-12 17:22:52	19	396	397
2019-10-12 17:23:02	19	396	397
2019-10-12 17:23:12	19	396	397
2019-10-12 17:23:22	19	396	397
2019-10-12 17:23:32	19	396	397
2019-10-12 17:23:42	19	396	397
2019-10-12 17:23:52	19	396	397
2019-10-12 17:24:02	19	396	397
2019-10-12 17:24:12	19	396	397
2019-10-12 17:24:22	19	396	397
2019-10-12 17:24:32	19	396	397
2019-10-12 17:24:42	19	396	397
2019-10-12 17:24:52	19	396	397
2019-10-12 17:25:02	19	396	397
2019-10-12 17:25:12	19	396	397
2019-10-12 17:25:22	19	396	397
2019-10-12 17:25:32	19	396	397
2019-10-12 17:25:42	19	396	397
2019-10-12 17:25:52	19	396	397
2019-10-12 17:26:02	19	396	397
2019-10-12 17:26:12	19	396	397
2019-10-12 17:26:22	19	396	397
2019-10-12 17:26:32	19	396	397
2019-10-12 17:26:42	19	396	397
2019-10-12 17:26:52	20	396	397
2019-10-12 17:27:02	20	396	397
2019-10-12 17:27:12	20	397	397
2019-10-12 17:27:22	20	397	397
2019-10-12 17:27:32	20	397	397
2019-10-12 17:27:42	20	396	397
2019-10-12 17:27:52	19	396	397
2019-10-12 17:28:02	19	396	397
2019-10-12 17:28:12	19	396	397
2019-10-12 17:28:22	19	396	397
2019-10-12 17:28:32	19	396	397
2019-10-12 17:28:42	20	396	397
2019-10-12 17:28:52	19	396	397
2019-10-12 17:29:02	19	396	397
2019-10-12 17:29:12	19	396	397
2019-10-12 17:29:22	19	396	397
2019-10-12 17:29:32	20	396	397
2019-10-12 17:29:42	20	397	397
2019-10-12 17:29:52	20	397	399
2019-10-12 17:30:02	20	397	399
2019-10-12 17:30:12	19	397	397
2019-10-12 17:30:22	19	397	397
2019-10-12 17:30:32	20	397	397
2019-10-12 17:30:42	19	397	397
2019-10-12 17:30:52	19	396	397
2019-10-12 17:31:02	19	396	397
2019-10-12 17:31:12	19	396	397
2019-10-12 17:31:22	19	396	397
2019-10-12 17:31:32	19	396	397
2019-10-12 17:31:42	19	396	397
2019-10-12 17:31:52	19	396	397
2019-10-12 17:32:02	19	396	397
2019-10-12 17:32:12	19	396	397
2019-10-12 17:32:22	19	396	397
2019-10-12 17:32:32	19	396	397
2019-10-12 17:32:42	19	396	397
2019-10-12 17:32:52	19	396	397
2019-10-12 17:33:02	19	396	397
2019-10-12 17:33:12	19	396	397
2019-10-12 17:33:22	19	396	397
2019-10-12 17:33:32	19	396	397
2019-10-12 17:33:42	19	396	397
2019-10-12 17:33:52	19	396	397
2019-10-12 17:34:02	19	396	397
2019-10-12 17:34:12	19	396	397
2019-10-12 17:34:22	19	396	397
2019-10-12 17:34:32	19	396	397
2019-10-12 17:34:42	19	396	397
2019-10-12 17:34:52	19	396	397
2019-10-12 17:35:02	19	397	398
2019-10-12 17:35:12	19	397	399
2019-10-12 17:35:22	19	396	397
2019-10-12 17:35:32	19	396	397
2019-10-12 17:35:42	19	396	397
2019-10-12 17:35:52	19	396	397
2019-10-12 17:36:02	19	396	397
2019-10-12 17:36:12	19	396	397
2019-10-12 17:36:22	19	396	397
2019-10-12 17:36:32	19	396	397
2019-10-12 17:36:42	19	396	397
2019-10-12 17:36:52	19	396	397
2019-10-12 17:37:02	19	396	397
2019-10-12 17:37:12	19	396	397
2019-10-12 17:37:22	19	396	397
2019-10-12 17:37:32	19	396	397
2019-10-12 17:37:42	19	396	397
2019-10-12 17:37:52	19	396	397
2019-10-12 17:38:02	19	396	397
2019-10-12 17:38:12	19	396	397
2019-10-12 17:38:22	19	396	397
2019-10-12 17:38:32	19	396	397
2019-10-12 17:38:42	19	396	397
2019-10-12 17:38:52	19	396	397
2019-10-12 17:39:02	19	396	397
2019-10-12 17:39:12	19	396	397
2019-10-12 17:39:22	19	396	397
2019-10-12 17:39:32	19	396	397
2019-10-12 17:39:42	19	396	397
2019-10-12 17:39:52	19	396	397
2019-10-12 17:40:02	19	396	397
2019-10-12 17:40:12	19	396	397
2019-10-12 17:40:22	19	396	397
2019-10-12 17:40:32	19	396	397
2019-10-12 17:40:42	19	396	397
2019-10-12 17:40:52	19	396	397
2019-10-12 17:41:02	19	396	397
2019-10-12 17:41:12	19	396	397
2019-10-12 17:41:22	19	396	397
2019-10-12 17:41:32	19	396	397
2019-10-12 17:41:42	19	396	397
2019-10-12 17:41:52	19	396	397
2019-10-12 17:42:02	19	396	397
2019-10-12 17:42:12	19	396	397
2019-10-12 17:42:22	19	396	397
2019-10-12 17:42:32	19	396	397
2019-10-12 17:42:42	19	396	397
2019-10-12 17:42:52	20	396	397
2019-10-12 17:43:02	20	397	397
2019-10-12 17:43:12	19	396	397
2019-10-12 17:43:22	19	396	397
2019-10-12 17:43:32	19	396	397
2019-10-12 17:43:42	20	397	397
2019-10-12 17:43:52	20	397	397
2019-10-12 17:44:02	20	397	399
2019-10-12 17:44:12	19	397	399
2019-10-12 17:44:22	19	396	397
2019-10-12 17:44:32	19	396	397
2019-10-12 17:44:42	19	396	397
2019-10-12 17:44:52	19	396	397
2019-10-12 17:45:02	19	396	397
2019-10-12 17:45:12	19	396	397
2019-10-12 17:45:22	19	396	397
2019-10-12 17:45:32	19	396	397
2019-10-12 17:45:42	19	396	397
2019-10-12 17:45:52	19	396	397
2019-10-12 17:46:02	19	396	397
2019-10-12 17:46:12	19	396	397
2019-10-12 17:46:22	19	396	397
2019-10-12 17:46:32	19	396	397
2019-10-12 17:46:42	19	396	397
2019-10-12 17:46:52	19	396	397
2019-10-12 17:47:02	19	396	397
2019-10-12 17:47:12	19	396	397
2019-10-12 17:47:22	19	396	397
2019-10-12 17:47:32	19	396	397
2019-10-12 17:47:42	19	396	397
2019-10-12 17:47:52	19	396	397
2019-10-12 17:48:02	19	396	397
2019-10-12 17:48:12	19	396	397
2019-10-12 17:48:22	19	396	397
2019-10-12 17:48:32	19	396	397
2019-10-12 17:48:42	19	396	397
2019-10-12 17:48:52	19	396	397
2019-10-12 17:49:02	19	396	397
2019-10-12 17:49:12	19	396	397
2019-10-12 17:49:22	19	396	397
2019-10-12 17:49:32	19	396	397
2019-10-12 17:49:42	19	396	397
2019-10-12 17:49:52	19	396	397
2019-10-12 17:50:02	19	396	397
2019-10-12 17:50:13	19	396	397
2019-10-12 17:50:23	19	395	397
2019-10-12 17:50:33	19	396	397
2019-10-12 17:50:43	19	396	397
2019-10-12 17:50:53	19	396	397
2019-10-12 17:51:03	19	396	397
2019-10-12 17:51:13	19	396	397
2019-10-12 17:51:23	19	396	397
2019-10-12 17:51:33	19	396	397
2019-10-12 17:51:43	19	396	397
2019-10-12 17:51:53	19	396	397
2019-10-12 17:52:03	19	396	397
2019-10-12 17:52:13	19	395	396
2019-10-12 17:52:23	19	395	396
2019-10-12 17:52:33	19	395	396
2019-10-12 17:52:43	19	395	397
2019-10-12 17:52:53	19	395	397
2019-10-12 17:53:03	19	396	397
2019-10-12 17:53:13	19	396	397
2019-10-12 17:53:23	19	396	397
2019-10-12 17:53:33	19	396	397
2019-10-12 17:53:43	19	396	397
2019-10-12 17:53:53	19	396	397
2019-10-12 17:54:03	19	396	397
2019-10-12 17:54:13	19	395	397
2019-10-12 17:54:23	19	395	396
2019-10-12 17:54:33	19	396	397
2019-10-12 17:54:43	19	396	397
2019-10-12 17:54:53	19	396	397
2019-10-12 17:55:03	19	396	397
2019-10-12 17:55:13	19	396	397
2019-10-12 17:55:23	19	396	397
2019-10-12 17:55:33	19	396	397
2019-10-12 17:55:43	19	395	396
2019-10-12 17:55:53	19	395	397
2019-10-12 17:56:03	19	396	397
2019-10-12 17:56:13	19	396	397
2019-10-12 17:56:23	19	396	397
2019-10-12 17:56:33	19	396	397
2019-10-12 17:56:43	19	396	397
2019-10-12 17:56:59	19	396	-100
2019-10-12 17:57:09	19	396	397
2019-10-12 17:57:19	19	395	397
2019-10-12 17:57:29	19	395	397
2019-10-12 17:57:39	19	396	397
2019-10-12 17:57:49	19	396	397
2019-10-12 17:57:59	19	396	396
2019-10-12 17:58:09	19	395	396
2019-10-12 17:58:19	19	395	397
2019-10-12 17:58:29	19	395	396
2019-10-12 17:58:39	19	396	397
2019-10-12 17:58:49	19	396	397
2019-10-12 17:58:59	19	396	397
2019-10-12 18:02:03	19	396	-100
2019-10-12 18:02:13	19	396	397
2019-10-12 18:02:23	19	396	397
2019-10-12 18:02:33	19	396	397
2019-10-12 18:02:43	19	396	397
2019-10-12 18:02:53	19	396	397
2019-10-12 18:03:03	19	396	397
2019-10-12 18:03:13	19	395	397
2019-10-12 18:03:20	19	395	-100
2019-10-12 18:03:30	19	395	397
2019-10-12 18:03:40	19	395	397
2019-10-12 18:03:50	19	396	397
2019-10-12 18:04:00	19	395	397
2019-10-12 18:04:10	19	395	397
2019-10-12 18:04:20	19	396	396
2019-10-12 18:04:30	19	396	397
2019-10-12 18:04:40	19	396	397
2019-10-12 18:04:50	19	395	397
2019-10-12 18:05:00	19	396	397
2019-10-12 18:05:10	19	396	397
2019-10-12 18:05:20	19	395	397
2019-10-12 18:05:30	19	396	397
2019-10-12 18:05:40	19	396	397
2019-10-12 18:05:50	19	396	397
2019-10-12 18:06:00	19	396	397
2019-10-12 18:06:10	19	396	397
2019-10-12 18:06:20	19	395	397
2019-10-12 18:06:30	18	395	397
2019-10-12 18:06:40	19	395	396
2019-10-12 18:06:50	19	396	396
2019-10-12 18:07:00	19	396	397
2019-10-12 18:07:10	19	396	397
2019-10-12 18:07:20	19	396	397
2019-10-12 18:07:31	19	396	397
2019-10-12 18:07:41	19	396	397
2019-10-12 18:07:51	19	396	397
2019-10-12 18:08:01	19	396	397
2019-10-12 18:08:11	19	396	396
2019-10-12 18:08:21	19	396	397
2019-10-12 18:08:31	19	396	397
2019-10-12 18:08:41	19	395	396
2019-10-12 18:08:51	19	396	396
2019-10-12 18:09:01	19	396	397
2019-10-12 18:09:11	19	396	397
2019-10-12 18:09:21	19	396	396
2019-10-12 18:09:31	19	395	396
2019-10-12 18:09:41	19	395	396
2019-10-12 18:09:50	19	395	-100
2019-10-12 18:10:00	19	396	397
2019-10-12 18:10:10	19	395	396
2019-10-12 18:10:20	19	396	397
2019-10-12 18:10:30	19	396	396
2019-10-12 18:10:40	19	395	396
2019-10-12 18:10:50	19	395	397
2019-10-12 18:11:00	19	396	397
2019-10-12 18:11:10	19	396	397
2019-10-12 18:11:20	18	395	396
2019-10-12 18:11:30	19	395	397
2019-10-12 18:11:40	19	396	397
2019-10-12 18:11:50	19	396	397
2019-10-12 18:12:00	19	396	397
2019-10-12 18:12:10	19	396	397
2019-10-12 18:12:20	18	395	397
2019-10-12 18:12:30	18	395	396
2019-10-12 18:12:38	19	395	-100
2019-10-12 18:12:48	19	395	396
2019-10-12 18:12:58	19	395	397
2019-10-12 18:13:08	19	396	397
2019-10-12 18:13:23	19	396	-100
2019-10-12 18:13:33	19	396	397
2019-10-12 18:13:43	19	396	397
2019-10-12 18:13:53	19	395	-100
2019-10-12 18:14:03	19	396	396
2019-10-12 18:14:13	19	396	397
2019-10-12 18:14:23	19	396	397
2019-10-12 18:14:33	19	396	397
2019-10-12 18:14:43	19	396	397
2019-10-12 18:14:53	19	396	397
2019-10-12 18:15:03	19	396	397
2019-10-12 18:15:13	19	396	397
2019-10-12 18:15:23	19	396	397
2019-10-12 18:15:33	19	396	397
2019-10-12 18:15:43	19	396	397
2019-10-12 18:15:53	19	396	397
2019-10-12 18:16:03	19	396	397
2019-10-12 18:16:13	19	396	397
2019-10-12 18:16:23	19	395	396
2019-10-12 18:16:33	19	396	397
2019-10-12 18:16:43	19	396	397
2019-10-12 18:16:53	19	396	397
2019-10-12 18:17:03	19	396	397
2019-10-12 18:17:13	19	396	397
2019-10-12 18:17:23	19	396	397
2019-10-12 18:17:33	19	396	397
2019-10-12 18:17:43	19	396	397
2019-10-12 18:17:53	19	396	396
2019-10-12 18:18:03	19	396	396
2019-10-12 18:18:13	19	396	397
2019-10-12 18:18:23	19	396	397
2019-10-12 18:18:33	19	396	397
2019-10-12 18:18:43	19	396	397
2019-10-12 18:18:53	19	396	396
2019-10-12 18:19:03	19	396	397
2019-10-12 18:19:13	19	396	397
2019-10-12 18:19:23	19	396	397
2019-10-12 18:19:33	19	395	397
2019-10-12 18:19:43	19	396	397
2019-10-12 18:19:53	19	396	396
2019-10-12 18:20:03	19	396	397
2019-10-12 18:20:13	19	396	396
2019-10-12 18:20:23	19	396	396
2019-10-12 18:20:33	19	395	397
2019-10-12 18:20:43	19	396	397
2019-10-12 18:20:53	19	396	396
2019-10-12 18:21:03	19	396	397
2019-10-12 18:21:13	19	396	396
2019-10-12 18:21:23	19	396	396
2019-10-12 18:21:33	19	395	396
2019-10-12 18:21:43	19	396	396
2019-10-12 18:21:53	19	396	397
2019-10-12 18:22:03	19	396	397
2019-10-12 18:22:13	19	396	397
2019-10-12 18:22:23	19	395	396
2019-10-12 18:22:33	19	395	396
2019-10-12 18:22:43	19	395	396
2019-10-12 18:22:53	19	396	397
2019-10-12 18:23:03	19	396	397
2019-10-12 18:23:13	19	396	396
2019-10-12 18:23:23	19	396	396
2019-10-12 18:23:33	19	396	396
2019-10-12 18:23:43	19	395	396
2019-10-12 18:23:53	19	396	396
2019-10-12 18:24:03	19	396	397
2019-10-12 18:24:13	19	396	397
2019-10-12 18:24:23	19	396	397
2019-10-12 18:24:33	19	396	397
2019-10-12 18:24:43	19	396	396
2019-10-12 18:24:53	19	396	397
2019-10-12 18:25:03	19	396	396
2019-10-12 18:25:13	19	396	396
2019-10-12 18:25:23	19	396	397
2019-10-12 18:25:33	19	396	397
2019-10-12 18:25:43	19	396	397
2019-10-12 18:25:53	19	396	397
2019-10-12 18:26:03	19	396	397
2019-10-12 18:26:13	19	395	396
2019-10-12 18:26:23	19	395	396
2019-10-12 18:26:33	19	396	397
2019-10-12 18:26:43	19	396	396
2019-10-12 18:26:53	19	396	397
2019-10-12 18:27:03	19	396	397
2019-10-12 18:27:13	19	396	397
2019-10-12 18:27:23	19	396	397
2019-10-12 18:27:33	19	396	397
2019-10-12 18:27:43	19	396	397
2019-10-12 18:27:53	19	396	397
2019-10-12 18:28:03	19	396	397
2019-10-12 18:28:13	19	396	396
2019-10-12 18:28:23	19	396	397
2019-10-12 18:28:33	19	396	396
2019-10-12 18:28:43	19	396	396
2019-10-12 18:28:53	19	396	396
2019-10-12 18:29:03	19	396	396
2019-10-12 18:29:13	19	396	397
2019-10-12 18:29:23	19	396	397
2019-10-12 18:29:36	19	397	-100
2019-10-12 18:29:46	20	397	397
2019-10-12 18:29:56	19	396	397
2019-10-12 18:30:06	19	396	397
2019-10-12 18:30:16	19	396	397
2019-10-12 18:30:26	20	396	397
2019-10-12 18:30:36	19	396	397
2019-10-12 18:30:44	19	396	-100
2019-10-12 18:30:54	19	396	397
2019-10-12 18:31:10	19	396	-100
2019-10-12 18:31:20	19	396	397
2019-10-12 18:31:30	19	396	397
2019-10-12 18:31:40	19	396	397
2019-10-12 18:31:50	19	396	397
2019-10-12 18:32:00	19	396	397
2019-10-12 18:32:10	19	396	397
2019-10-12 18:32:20	19	396	397
2019-10-12 18:32:30	19	395	396
2019-10-12 18:32:40	19	395	396
2019-10-12 18:32:54	19	396	-100
2019-10-12 18:33:07	19	396	-100
2019-10-12 18:33:17	19	396	397
2019-10-12 18:33:27	19	396	397
2019-10-12 18:33:37	19	396	397
2019-10-12 18:33:47	19	396	396
2019-10-12 18:33:57	19	396	397
2019-10-12 18:34:07	19	396	397
2019-10-12 18:34:17	19	396	397
2019-10-12 18:34:27	19	396	397
2019-10-12 18:34:47	19	396	-100
2019-10-12 18:34:57	19	396	397
2019-10-12 18:35:07	19	396	397
2019-10-12 18:35:19	19	396	-100
2019-10-12 18:35:29	19	396	397
2019-10-12 18:35:39	19	396	397
2019-10-12 18:35:49	19	396	397
2019-10-12 18:35:59	19	396	397
2019-10-12 18:36:09	19	396	397
2019-10-12 18:36:19	19	396	396
2019-10-12 18:36:29	19	396	397
2019-10-12 18:36:39	19	396	397
2019-10-12 18:36:49	19	397	397
2019-10-12 18:36:59	19	396	397
2019-10-12 18:37:09	19	396	397
2019-10-12 18:37:19	19	396	397
2019-10-12 18:37:29	19	396	396
2019-10-12 18:37:39	19	396	396
2019-10-12 18:37:49	19	395	396
2019-10-12 18:37:59	19	395	396
2019-10-12 18:38:09	19	396	397
2019-10-12 18:38:19	19	396	397
2019-10-12 18:38:29	19	396	397
2019-10-12 18:38:39	19	396	397
2019-10-12 18:38:49	19	396	397
2019-10-12 18:38:59	19	396	397
2019-10-12 18:39:09	19	396	397
2019-10-12 18:39:19	19	396	397
2019-10-12 18:39:29	19	396	397
2019-10-12 18:39:39	19	396	397
2019-10-12 18:39:49	19	396	396
2019-10-12 18:39:59	19	395	396
2019-10-12 18:40:09	19	395	396
2019-10-12 18:40:19	19	396	397
2019-10-12 18:40:29	19	396	397
2019-10-12 18:40:39	19	396	397
2019-10-12 18:40:49	19	396	397
2019-10-12 18:40:59	19	396	397
2019-10-12 18:41:09	19	396	397
2019-10-12 18:41:19	19	396	397
2019-10-12 18:41:29	19	396	396
2019-10-12 18:41:39	19	396	396
2019-10-12 18:41:49	19	396	396
2019-10-12 18:41:59	19	396	397
2019-10-12 18:42:09	18	395	396
2019-10-12 18:42:19	19	395	397
2019-10-12 18:42:29	19	395	397
2019-10-12 18:42:39	19	395	396
2019-10-12 18:42:49	19	396	397
2019-10-12 18:42:59	19	395	396
2019-10-12 18:43:09	19	395	396
2019-10-12 18:43:19	19	396	396
2019-10-12 18:43:29	19	395	396
2019-10-12 18:43:39	19	396	397
2019-10-12 18:43:49	19	396	396
2019-10-12 18:43:59	19	395	396
2019-10-12 18:44:09	19	395	396
2019-10-12 18:44:19	19	396	396
2019-10-12 18:44:29	19	396	396
2019-10-12 18:44:39	19	395	396
2019-10-12 18:44:49	19	395	396
2019-10-12 18:44:59	18	395	397
2019-10-12 18:45:09	19	395	397
2019-10-12 18:45:19	19	395	396
2019-10-12 18:45:29	18	395	396
2019-10-12 18:45:39	18	395	396
2019-10-12 18:45:49	18	395	397
2019-10-12 18:45:59	18	395	396
2019-10-12 18:46:09	19	396	396
2019-10-12 18:46:19	19	396	396
2019-10-12 18:46:29	19	395	396
2019-10-12 18:46:39	19	395	396
2019-10-12 18:46:49	19	396	396
2019-10-12 18:46:59	18	396	397
2019-10-12 18:47:09	19	396	396
2019-10-12 18:47:19	19	396	396
2019-10-12 18:47:29	19	396	396
2019-10-12 18:47:39	18	395	396
2019-10-12 18:47:49	18	395	396
2019-10-12 18:47:59	18	395	396
2019-10-12 18:48:09	19	395	396
2019-10-12 18:48:19	19	396	396
2019-10-12 18:48:29	19	396	396
2019-10-12 18:48:39	18	395	396
2019-10-12 18:48:49	18	395	396
2019-10-12 18:48:59	19	396	396
2019-10-12 18:49:09	19	396	396
2019-10-12 18:49:19	19	396	396
2019-10-12 18:49:29	19	396	397
2019-10-12 18:49:39	19	395	396
2019-10-12 18:49:49	19	395	397
2019-10-12 18:49:59	19	396	397
2019-10-12 18:50:09	20	396	397
2019-10-12 18:50:19	19	396	397
2019-10-12 18:50:29	19	396	397
2019-10-12 18:50:39	19	396	396
2019-10-12 18:50:49	19	396	397
2019-10-12 18:50:59	19	396	396
2019-10-12 18:51:09	19	396	396
2019-10-12 18:51:19	19	396	396
2019-10-12 18:51:29	19	396	396
2019-10-12 18:51:40	19	396	396
2019-10-12 18:51:50	19	396	396
2019-10-12 18:52:00	19	396	396
2019-10-12 18:52:10	19	396	396
2019-10-12 18:52:20	19	396	397
2019-10-12 18:52:30	19	396	397
2019-10-12 18:52:40	19	396	397
2019-10-12 18:52:50	19	396	397
2019-10-12 18:53:00	19	396	397
2019-10-12 18:53:10	19	396	397
2019-10-12 18:53:20	19	396	397
2019-10-12 18:53:30	19	396	397
2019-10-12 18:53:40	19	396	397
2019-10-12 18:53:50	19	396	397
2019-10-12 18:54:00	19	396	397
2019-10-12 18:54:10	19	396	397
2019-10-12 18:54:20	19	396	397
2019-10-12 18:54:30	19	396	397
2019-10-12 18:54:40	19	396	397
2019-10-12 18:54:50	19	396	397
2019-10-12 18:55:00	20	397	397
2019-10-12 18:55:10	20	397	397
2019-10-12 18:55:20	19	396	397
2019-10-12 18:55:30	19	396	397
2019-10-12 18:55:40	20	397	397
2019-10-12 18:55:50	20	397	397
2019-10-12 18:56:00	20	397	397
2019-10-12 18:56:10	20	397	397
2019-10-12 18:56:20	20	397	397
2019-10-12 18:56:30	20	397	397
2019-10-12 18:56:40	19	397	397
2019-10-12 18:56:50	19	397	397
2019-10-12 18:57:00	20	397	397
2019-10-12 18:57:10	20	397	397
2019-10-12 18:57:20	19	396	397
2019-10-12 18:57:30	19	396	397
2019-10-12 18:57:40	19	397	397
2019-10-12 18:57:50	19	397	397
2019-10-12 18:58:00	20	397	397
2019-10-12 18:58:10	20	397	397
2019-10-12 18:58:20	20	397	397
2019-10-12 18:58:30	20	397	397
2019-10-12 18:58:40	20	397	397
2019-10-12 18:58:50	20	397	397
2019-10-12 18:59:00	20	397	397
2019-10-12 18:59:10	20	397	397
2019-10-12 18:59:20	20	397	397
2019-10-12 18:59:30	19	397	397
2019-10-12 18:59:40	19	397	397
2019-10-12 18:59:50	19	397	397
2019-10-12 19:00:00	20	397	397
2019-10-12 19:00:10	20	397	397
2019-10-12 19:00:20	20	397	397
2019-10-12 19:00:30	20	397	397
2019-10-12 19:00:40	19	397	397
2019-10-12 19:00:50	20	397	397
2019-10-12 19:01:00	20	397	397
2019-10-12 19:01:10	20	397	397
2019-10-12 19:01:20	20	397	397
2019-10-12 19:01:30	20	397	397
2019-10-12 19:01:40	20	397	397
2019-10-12 19:01:50	20	397	397
2019-10-12 19:02:00	20	397	397
2019-10-12 19:02:10	20	397	397
2019-10-12 19:02:20	20	397	397
2019-10-12 19:02:30	20	397	397
2019-10-12 19:02:40	20	397	397
2019-10-12 19:02:50	20	397	397
2019-10-12 19:03:00	20	397	397
2019-10-12 19:03:10	20	397	397
2019-10-12 19:03:20	20	397	397
2019-10-12 19:03:30	20	397	397
2019-10-12 19:03:40	20	397	397
2019-10-12 19:03:50	20	397	397
2019-10-12 19:04:00	19	397	397
2019-10-12 19:04:10	20	397	397
2019-10-12 19:04:20	20	397	397
2019-10-12 19:04:30	20	397	397
2019-10-12 19:04:40	19	397	397
2019-10-12 19:04:50	19	396	397
2019-10-12 19:05:00	19	397	397
2019-10-12 19:05:10	19	397	397
2019-10-12 19:05:20	19	397	397
2019-10-12 19:05:30	19	396	397
2019-10-12 19:05:40	20	396	397
2019-10-12 19:05:50	20	397	397
2019-10-12 19:06:00	20	397	397
2019-10-12 19:06:10	19	397	397
2019-10-12 19:06:20	20	397	397
2019-10-12 19:06:30	20	397	397
2019-10-12 19:06:40	20	397	397
2019-10-12 19:06:50	20	397	397
2019-10-12 19:07:00	19	397	397
2019-10-12 19:07:10	19	397	397
2019-10-12 19:07:20	20	397	397
2019-10-12 19:07:30	19	397	397
2019-10-12 19:07:40	19	396	397
2019-10-12 19:07:50	20	397	397
2019-10-12 19:08:00	20	397	397
2019-10-12 19:08:10	20	397	397
2019-10-12 19:08:20	20	397	397
2019-10-12 19:08:30	20	397	397
2019-10-12 19:08:40	19	397	397
2019-10-12 19:08:50	20	397	397
2019-10-12 19:09:00	19	397	397
2019-10-12 19:09:10	19	397	397
2019-10-12 19:09:20	20	397	397
2019-10-12 19:09:30	20	397	397
2019-10-12 19:09:40	20	397	397
2019-10-12 19:09:50	20	397	397
2019-10-12 19:10:00	20	397	397
2019-10-12 19:10:10	20	397	397
2019-10-12 19:10:20	20	397	397
2019-10-12 19:10:30	20	397	397
2019-10-12 19:10:40	20	397	397
2019-10-12 19:10:50	20	397	397
2019-10-12 19:11:00	20	397	397
2019-10-12 19:11:10	20	397	397
2019-10-12 19:11:20	20	397	397
2019-10-12 19:11:30	19	397	397
2019-10-12 19:11:40	19	397	397
2019-10-12 19:11:50	20	397	397
2019-10-12 19:12:00	20	397	397
2019-10-12 19:12:10	20	397	397
2019-10-12 19:12:20	20	397	397
2019-10-12 19:12:30	20	397	397
2019-10-12 19:12:40	20	397	398
2019-10-12 19:12:50	20	397	397
2019-10-12 19:13:00	20	397	397
2019-10-12 19:13:10	20	397	397
2019-10-12 19:13:20	20	397	397
2019-10-12 19:13:30	20	397	397
2019-10-12 19:13:40	20	397	397
2019-10-12 19:13:50	20	397	397
2019-10-12 19:14:00	20	397	397
2019-10-12 19:14:10	20	397	397
2019-10-12 19:14:20	20	397	397
2019-10-12 19:14:30	20	398	397
2019-10-12 19:14:40	20	397	397
2019-10-12 19:14:50	20	397	397
2019-10-12 19:15:00	20	397	397
2019-10-12 19:15:10	20	397	397
2019-10-12 19:15:20	20	397	397
2019-10-12 19:15:30	19	397	397
2019-10-12 19:15:40	20	397	397
2019-10-12 19:15:50	20	397	399
2019-10-12 19:16:00	20	398	397
2019-10-12 19:16:10	20	398	397
2019-10-12 19:16:20	20	397	397
2019-10-12 19:16:30	20	397	397
2019-10-12 19:16:40	20	397	397
2019-10-12 19:16:50	20	397	397
2019-10-12 19:17:00	20	397	397
2019-10-12 19:17:10	20	397	397
2019-10-12 19:17:20	20	397	397
2019-10-12 19:17:30	20	397	397
2019-10-12 19:17:40	20	397	397
2019-10-12 19:17:50	20	397	397
2019-10-12 19:18:00	20	397	397
2019-10-12 19:18:10	20	397	399
2019-10-12 19:18:20	20	398	399
2019-10-12 19:18:30	20	398	399
2019-10-12 19:18:40	20	397	397
2019-10-12 19:18:50	20	397	399
2019-10-12 19:19:00	20	398	398
2019-10-12 19:19:10	20	398	399
2019-10-12 19:19:20	20	398	399
2019-10-12 19:19:30	20	397	399
2019-10-12 19:19:40	20	397	399
2019-10-12 19:19:50	19	396	397
2019-10-12 19:20:00	19	397	397
2019-10-12 19:20:10	20	397	397
2019-10-12 19:20:20	19	397	397
2019-10-12 19:20:30	20	397	397
2019-10-12 19:20:40	19	397	397
2019-10-12 19:20:50	20	397	398
2019-10-12 19:21:00	20	397	397
2019-10-12 19:21:10	20	398	399
2019-10-12 19:21:20	20	398	399
2019-10-12 19:21:30	20	397	397
2019-10-12 19:21:40	20	397	399
2019-10-12 19:21:50	20	397	398
2019-10-12 19:22:00	20	397	397
2019-10-12 19:22:10	20	398	399
2019-10-12 19:22:20	20	398	398
2019-10-12 19:22:30	20	398	399
2019-10-12 19:22:40	20	398	397
2019-10-12 19:22:50	20	397	397
2019-10-12 19:23:00	20	397	399
2019-10-12 19:23:10	20	397	397
2019-10-12 19:23:20	20	397	397
2019-10-12 19:23:30	20	398	397
2019-10-12 19:23:40	20	398	399
2019-10-12 19:23:50	20	398	399
2019-10-12 19:24:00	21	398	399
2019-10-12 19:24:10	20	398	399
2019-10-12 19:24:20	20	398	399
2019-10-12 19:24:30	20	397	399
2019-10-12 19:24:40	20	397	399
2019-10-12 19:24:50	20	397	399
2019-10-12 19:25:00	20	397	399
2019-10-12 19:25:10	20	398	399
2019-10-12 19:25:20	20	397	399
2019-10-12 19:25:30	20	397	399
2019-10-12 19:25:40	20	397	399
2019-10-12 19:25:50	20	397	399
2019-10-12 19:26:00	20	397	397
2019-10-12 19:26:10	20	397	399
2019-10-12 19:26:20	20	398	399
2019-10-12 19:26:30	20	398	399
2019-10-12 19:26:40	20	397	399
2019-10-12 19:26:50	20	397	397
2019-10-12 19:27:00	20	397	399
2019-10-12 19:27:10	20	397	399
2019-10-12 19:27:20	20	397	397
2019-10-12 19:27:30	20	397	397
2019-10-12 19:27:40	20	397	399
2019-10-12 19:27:50	21	398	399
2019-10-12 19:28:00	20	398	399
2019-10-12 19:28:10	21	398	399
2019-10-12 19:28:20	20	398	397
2019-10-12 19:28:30	20	398	397
2019-10-12 19:28:40	20	397	398
2019-10-12 19:28:50	20	398	399
2019-10-12 19:29:00	20	398	399
2019-10-12 19:29:10	20	397	397
2019-10-12 19:29:20	20	397	399
2019-10-12 19:29:30	19	397	397
2019-10-12 19:29:40	19	397	397
2019-10-12 19:29:50	20	398	397
2019-10-12 19:30:00	19	398	399
2019-10-12 19:30:10	20	398	399
2019-10-12 19:30:20	20	397	399
2019-10-12 19:30:30	20	397	399
2019-10-12 19:30:40	20	397	399
2019-10-12 19:30:50	20	398	397
2019-10-12 19:31:00	20	397	397
2019-10-12 19:31:10	19	397	397
2019-10-12 19:31:20	20	397	397
2019-10-12 19:31:30	20	397	397
2019-10-12 19:31:40	20	397	397
2019-10-12 19:31:50	20	397	397
2019-10-12 19:32:00	20	397	399
2019-10-12 19:32:10	20	398	399
2019-10-12 19:32:20	20	398	399
2019-10-12 19:32:30	21	398	399
2019-10-12 19:32:40	20	398	399
2019-10-12 19:32:50	20	398	399
2019-10-12 19:33:00	21	398	399
2019-10-12 19:33:10	21	398	399
2019-10-12 19:33:20	21	398	399
2019-10-12 19:33:30	21	398	399
2019-10-12 19:33:40	21	398	399
2019-10-12 19:33:50	21	398	399
2019-10-12 19:34:00	21	398	399
2019-10-12 19:34:10	21	398	399
2019-10-12 19:34:20	21	399	399
2019-10-12 19:34:30	21	398	399
2019-10-12 19:34:40	21	399	399
2019-10-12 19:34:50	22	399	399
2019-10-12 19:35:00	21	399	399
2019-10-12 19:35:10	21	399	399
2019-10-12 19:35:20	21	399	399
2019-10-12 19:35:30	21	399	399
2019-10-12 19:35:40	21	399	399
2019-10-12 19:35:50	21	399	399
2019-10-12 19:36:00	21	399	399
2019-10-12 19:36:10	21	399	399
2019-10-12 19:36:20	21	399	399
2019-10-12 19:36:30	21	399	399
2019-10-12 19:36:40	21	399	399
2019-10-12 19:36:50	21	398	399
2019-10-12 19:37:00	21	398	399
2019-10-12 19:37:10	21	399	399
2019-10-12 19:37:20	21	399	399
2019-10-12 19:37:30	21	399	399
2019-10-12 19:37:40	21	399	399
2019-10-12 19:37:50	21	399	399
2019-10-12 19:38:00	21	399	399
2019-10-12 19:38:10	21	399	399
2019-10-12 19:38:20	21	399	399
2019-10-12 19:38:30	21	399	399
2019-10-12 19:38:40	21	399	399
2019-10-12 19:38:50	21	399	399
2019-10-12 19:39:00	21	399	399
2019-10-12 19:39:10	21	399	399
2019-10-12 19:39:20	21	399	399
2019-10-12 19:39:30	21	399	399
2019-10-12 19:39:40	21	398	399
2019-10-12 19:39:50	21	399	399
2019-10-12 19:40:00	21	399	399
2019-10-12 19:40:10	21	399	399
2019-10-12 19:40:20	22	399	399
2019-10-12 19:40:30	21	399	399
2019-10-12 19:40:40	21	399	399
2019-10-12 19:40:50	21	399	399
2019-10-12 19:41:00	21	398	399
2019-10-12 19:41:10	21	398	399
2019-10-12 19:41:20	21	399	399
2019-10-12 19:41:30	21	399	399
2019-10-12 19:41:40	21	399	399
2019-10-12 19:41:50	21	399	399
2019-10-12 19:42:00	21	399	399
2019-10-12 19:42:10	21	398	399
2019-10-12 19:42:20	21	398	399
2019-10-12 19:42:30	21	399	399
2019-10-12 19:42:40	21	398	399
2019-10-12 19:42:50	21	399	399
2019-10-12 19:43:00	21	399	399
2019-10-12 19:43:10	21	399	399
2019-10-12 19:43:20	21	398	399
2019-10-12 19:43:30	21	398	399
2019-10-12 19:43:40	21	398	399
2019-10-12 19:43:50	21	398	399
2019-10-12 19:44:00	21	399	399
2019-10-12 19:44:10	22	399	399
2019-10-12 19:44:20	21	399	399
2019-10-12 19:44:30	21	399	399
2019-10-12 19:44:40	21	399	399
2019-10-12 19:44:50	21	398	400
2019-10-12 19:45:00	21	398	399
2019-10-12 19:45:10	21	398	399
2019-10-12 19:45:20	21	398	399
2019-10-12 19:45:30	21	398	399
2019-10-12 19:45:40	21	398	399
2019-10-12 19:45:50	21	398	399
2019-10-12 19:46:00	22	399	399
2019-10-12 19:46:10	21	398	399
2019-10-12 19:46:20	21	398	399
2019-10-12 19:46:30	21	398	399
2019-10-12 19:46:40	21	398	399
2019-10-12 19:46:50	21	398	399
2019-10-12 19:47:00	21	398	399
2019-10-12 19:47:10	21	398	399
2019-10-12 19:47:20	21	398	399
2019-10-12 19:47:30	21	398	400
2019-10-12 19:47:40	21	398	399
2019-10-12 19:47:50	21	399	399
2019-10-12 19:48:00	21	399	399
2019-10-12 19:48:10	21	398	399
2019-10-12 19:48:20	21	399	400
2019-10-12 19:48:30	21	398	400
2019-10-12 19:48:40	21	398	399
2019-10-12 19:48:50	22	398	400
2019-10-12 19:49:00	21	398	399
2019-10-12 19:49:10	21	398	399
2019-10-12 19:49:20	21	398	399
2019-10-12 19:49:30	21	398	399
2019-10-12 19:49:40	21	398	399
2019-10-12 19:49:50	21	398	399
2019-10-12 19:50:00	22	398	399
2019-10-12 19:50:10	22	398	399
2019-10-12 19:50:20	21	398	399
2019-10-12 19:50:30	21	398	399
2019-10-12 19:50:40	22	398	399
2019-10-12 19:50:50	22	398	399
2019-10-12 19:51:00	21	398	399
2019-10-12 19:51:10	21	398	399
2019-10-12 19:51:20	21	398	399
2019-10-12 19:51:30	22	398	399
2019-10-12 19:51:40	22	398	399
2019-10-12 19:51:50	22	398	399
2019-10-12 19:52:00	21	398	399
2019-10-12 19:52:10	22	398	399
2019-10-12 19:52:20	22	399	399
2019-10-12 19:52:30	21	398	399
2019-10-12 19:52:40	21	398	399
2019-10-12 19:52:50	22	398	399
2019-10-12 19:53:00	21	398	399
2019-10-12 19:53:10	21	398	399
2019-10-12 19:53:20	22	398	399
2019-10-12 19:53:30	22	398	399
2019-10-12 19:53:40	21	398	399
2019-10-12 19:53:50	22	398	399
2019-10-12 19:54:00	22	398	400
2019-10-12 19:54:10	21	398	400
2019-10-12 19:54:20	22	398	399
2019-10-12 19:54:30	22	398	399
2019-10-12 19:54:40	22	398	399
2019-10-12 19:54:50	22	398	399
2019-10-12 19:55:00	22	399	399
2019-10-12 19:55:10	22	398	399
2019-10-12 19:55:20	22	398	399
2019-10-12 19:55:30	22	398	399
2019-10-12 19:55:40	21	398	399
2019-10-12 19:55:50	21	398	399
2019-10-12 19:56:00	22	398	399
2019-10-12 19:56:10	22	398	399
2019-10-12 19:56:20	21	398	399
2019-10-12 19:56:30	21	398	399
2019-10-12 19:56:40	22	398	399
2019-10-12 19:56:50	22	398	399
2019-10-12 19:57:00	22	398	399
2019-10-12 19:57:10	22	398	399
2019-10-12 19:57:20	22	398	399
2019-10-12 19:57:30	22	398	399
2019-10-12 19:57:40	22	398	399
2019-10-12 19:57:50	22	398	399
2019-10-12 19:58:00	22	398	399
2019-10-12 19:58:10	22	398	399
2019-10-12 19:58:20	21	398	399
2019-10-12 19:58:30	22	398	400
2019-10-12 19:58:40	22	398	399
2019-10-12 19:58:50	22	398	399
2019-10-12 19:59:00	21	398	399
2019-10-12 19:59:10	22	398	399
2019-10-12 19:59:20	22	398	399
2019-10-12 19:59:30	22	398	399
2019-10-12 19:59:40	22	398	399
2019-10-12 19:59:50	22	398	400
2019-10-12 20:00:00	22	398	399
2019-10-12 20:00:10	22	398	399
2019-10-12 20:00:20	22	398	399
2019-10-12 20:00:30	22	398	399
2019-10-12 20:00:40	22	398	399
2019-10-12 20:00:50	22	399	399
2019-10-12 20:01:00	22	399	399
2019-10-12 20:01:10	22	399	399
2019-10-12 20:01:20	22	399	399
2019-10-12 20:01:30	22	398	399
2019-10-12 20:01:40	22	399	399
2019-10-12 20:01:50	22	399	399
2019-10-12 20:02:00	22	399	399
2019-10-12 20:02:10	22	398	399
2019-10-12 20:02:20	22	399	399
2019-10-12 20:02:30	22	399	399
2019-10-12 20:02:40	22	399	399
2019-10-12 20:02:50	22	399	399
2019-10-12 20:03:00	22	399	399
2019-10-12 20:03:10	22	399	399
2019-10-12 20:03:20	22	399	399
2019-10-12 20:03:30	23	399	399
2019-10-12 20:03:40	23	399	399
2019-10-12 20:03:50	22	399	399
2019-10-12 20:04:00	22	399	399
2019-10-12 20:04:10	22	399	400
2019-10-12 20:04:20	22	399	399
2019-10-12 20:04:30	22	399	400
2019-10-12 20:04:40	22	399	399
2019-10-12 20:04:50	22	399	399
2019-10-12 20:05:00	23	399	399
2019-10-12 20:05:10	23	399	400
2019-10-12 20:05:20	23	399	400
2019-10-12 20:05:30	23	399	400
2019-10-12 20:05:40	23	399	399
2019-10-12 20:05:50	22	399	399
2019-10-12 20:06:00	22	399	400
2019-10-12 20:06:10	22	399	400
2019-10-12 20:06:20	22	399	400
2019-10-12 20:06:30	22	399	399
2019-10-12 20:06:40	23	399	399
2019-10-12 20:06:50	23	399	400
2019-10-12 20:07:00	22	399	399
2019-10-12 20:07:10	23	399	400
2019-10-12 20:07:20	23	399	400
2019-10-12 20:07:30	23	399	400
2019-10-12 20:07:40	23	399	400
2019-10-12 20:07:50	23	399	400
2019-10-12 20:08:00	22	399	400
2019-10-12 20:08:10	22	399	400
2019-10-12 20:08:20	22	399	400
2019-10-12 20:08:30	22	399	400
2019-10-12 20:08:40	22	399	400
2019-10-12 20:08:50	23	399	400
2019-10-12 20:09:00	23	399	400
2019-10-12 20:09:10	23	399	400
2019-10-12 20:09:20	23	399	400
2019-10-12 20:09:30	23	399	399
2019-10-12 20:09:40	23	399	400
2019-10-12 20:09:50	23	399	400
2019-10-12 20:10:00	23	399	400
2019-10-12 20:10:10	23	399	400
2019-10-12 20:10:20	23	399	400
2019-10-12 20:10:30	23	400	400
2019-10-12 20:10:40	23	399	400
2019-10-12 20:10:50	23	399	400
2019-10-12 20:11:00	23	399	400
2019-10-12 20:11:10	23	399	400
2019-10-12 20:11:20	23	399	400
2019-10-12 20:11:30	23	399	400
2019-10-12 20:11:40	23	399	400
2019-10-12 20:11:50	23	399	400
2019-10-12 20:12:00	23	399	400
2019-10-12 20:12:10	23	399	400
2019-10-12 20:12:20	23	400	400
2019-10-12 20:12:30	23	400	400
2019-10-12 20:12:40	22	400	400
2019-10-12 20:12:50	23	400	400
2019-10-12 20:13:00	23	400	400
2019-10-12 20:13:10	23	399	400
2019-10-12 20:13:20	23	399	400
2019-10-12 20:13:30	23	399	400
2019-10-12 20:13:41	23	399	400
2019-10-12 20:13:51	23	399	400
2019-10-12 20:14:01	23	400	400
2019-10-12 20:14:11	23	399	400
2019-10-12 20:14:21	23	400	400
2019-10-12 20:14:31	23	400	400
2019-10-12 20:14:41	23	400	400
2019-10-12 20:14:51	23	400	400
2019-10-12 20:15:01	23	400	400
2019-10-12 20:15:11	23	400	400
2019-10-12 20:15:21	23	400	400
2019-10-12 20:15:31	23	400	400
2019-10-12 20:15:41	23	399	400
2019-10-12 20:15:51	22	399	400
2019-10-12 20:16:01	22	399	400
2019-10-12 20:16:11	22	399	400
2019-10-12 20:16:21	23	399	400
2019-10-12 20:16:31	23	399	400
2019-10-12 20:16:41	23	400	400
2019-10-12 20:16:51	23	400	400
2019-10-12 20:17:01	23	400	400
2019-10-12 20:17:11	23	400	400
2019-10-12 20:17:21	23	399	400
2019-10-12 20:17:31	23	399	400
2019-10-12 20:17:41	23	399	400
2019-10-12 20:17:51	23	399	400
2019-10-12 20:18:01	23	399	400
2019-10-12 20:18:11	23	400	400
2019-10-12 20:18:21	23	400	400
2019-10-12 20:18:31	23	399	400
2019-10-12 20:18:41	23	400	400
2019-10-12 20:18:51	23	400	400
2019-10-12 20:19:01	23	400	400
2019-10-12 20:19:11	23	399	400
2019-10-12 20:19:21	22	399	400
2019-10-12 20:19:31	23	400	400
2019-10-12 20:19:41	23	400	400
2019-10-12 20:19:51	23	400	400
2019-10-12 20:20:01	23	400	400
2019-10-12 20:20:11	23	399	400
2019-10-12 20:20:21	23	400	400
2019-10-12 20:20:31	23	400	400
2019-10-12 20:20:41	23	400	400
2019-10-12 20:20:51	23	399	400
2019-10-12 20:21:01	23	400	400
2019-10-12 20:21:11	23	400	400
2019-10-12 20:21:21	23	400	400
2019-10-12 20:21:31	23	400	400
2019-10-12 20:21:41	23	400	400
2019-10-12 20:21:51	23	400	400
2019-10-12 20:22:01	23	400	400
2019-10-12 20:22:11	23	400	400
2019-10-12 20:22:21	23	400	400
2019-10-12 20:22:31	23	400	400
2019-10-12 20:22:41	23	400	400
2019-10-12 20:22:51	23	400	400
2019-10-12 20:23:01	23	400	400
2019-10-12 20:23:11	23	400	400
2019-10-12 20:23:21	23	400	400
2019-10-12 20:23:31	23	400	400
2019-10-12 20:23:41	23	400	400
2019-10-12 20:23:51	23	400	400
2019-10-12 20:24:01	23	399	400
2019-10-12 20:24:11	23	399	400
2019-10-12 20:24:21	23	399	400
2019-10-12 20:24:31	23	400	400
2019-10-12 20:24:41	23	400	400
2019-10-12 20:24:51	23	400	400
2019-10-12 20:25:01	23	400	400
2019-10-12 20:25:11	23	400	400
2019-10-12 20:25:21	23	400	400
2019-10-12 20:25:31	23	400	400
2019-10-12 20:25:41	23	400	400
2019-10-12 20:25:51	23	400	400
2019-10-12 20:26:01	23	400	400
2019-10-12 20:26:11	23	400	400
2019-10-12 20:26:21	23	400	400
2019-10-12 20:26:31	23	400	400
2019-10-12 20:26:41	23	400	400
2019-10-12 20:26:51	23	400	400
2019-10-12 20:27:01	23	400	400
2019-10-12 20:27:11	23	400	400
2019-10-12 20:27:21	23	400	400
2019-10-12 20:27:31	23	400	400
2019-10-12 20:27:41	23	400	400
2019-10-12 20:27:51	23	400	400
2019-10-12 20:28:01	23	400	400
2019-10-12 20:28:11	23	400	400
2019-10-12 20:28:21	23	400	400
2019-10-12 20:28:31	23	400	400
2019-10-12 20:28:41	23	400	400
2019-10-12 20:28:51	23	400	400
2019-10-12 20:29:01	23	400	400
2019-10-12 20:29:11	23	400	401
2019-10-12 20:29:21	23	400	400
2019-10-12 20:29:31	23	400	400
2019-10-12 20:29:41	23	400	400
2019-10-12 20:29:51	23	400	400
2019-10-12 20:30:01	23	401	400
2019-10-12 20:30:11	23	401	400
2019-10-12 20:30:21	23	400	400
2019-10-12 20:30:31	23	400	400
2019-10-12 20:30:41	23	400	400
2019-10-12 20:30:51	23	400	400
2019-10-12 20:31:01	23	400	400
2019-10-12 20:31:11	23	400	400
2019-10-12 20:31:21	23	400	400
2019-10-12 20:31:31	23	400	400
2019-10-12 20:31:41	24	400	400
2019-10-12 20:31:51	23	400	400
2019-10-12 20:32:01	23	400	400
2019-10-12 20:32:11	23	400	400
2019-10-12 20:32:21	24	400	400
2019-10-12 20:32:31	23	400	400
2019-10-12 20:32:41	23	400	401
2019-10-12 20:32:51	23	400	400
2019-10-12 20:33:01	24	400	400
2019-10-12 20:33:11	24	400	400
2019-10-12 20:33:21	23	400	400
2019-10-12 20:33:31	23	400	400
2019-10-12 20:33:41	23	400	400
2019-10-12 20:33:51	23	400	400
2019-10-12 20:34:01	23	400	400
2019-10-12 20:34:11	23	400	400
2019-10-12 20:34:21	24	400	400
2019-10-12 20:34:31	24	400	401
2019-10-12 20:34:41	23	400	401
2019-10-12 20:34:51	23	400	400
2019-10-12 20:35:01	23	400	400
2019-10-12 20:35:11	23	400	400
2019-10-12 20:35:21	23	400	400
2019-10-12 20:35:31	23	400	400
2019-10-12 20:35:41	23	400	400
2019-10-12 20:35:51	23	400	400
2019-10-12 20:36:01	23	400	400
2019-10-12 20:36:11	23	400	400
2019-10-12 20:36:21	23	400	400
2019-10-12 20:36:31	23	400	400
2019-10-12 20:36:41	23	400	401
2019-10-12 20:36:51	23	400	400
2019-10-12 20:37:01	23	401	400
2019-10-12 20:37:11	23	400	400
2019-10-12 20:37:21	23	400	400
2019-10-12 20:37:31	23	400	400
2019-10-12 20:37:41	23	400	400
2019-10-12 20:37:51	23	401	400
2019-10-12 20:38:01	23	400	400
2019-10-12 20:38:11	23	400	400
2019-10-12 20:38:21	23	399	400
2019-10-12 20:38:31	22	400	400
2019-10-12 20:38:41	23	400	400
2019-10-12 20:38:51	23	399	400
2019-10-12 20:39:01	23	400	400
2019-10-12 20:39:11	23	400	400
2019-10-12 20:39:21	23	400	400
2019-10-12 20:39:31	23	400	401
2019-10-12 20:39:41	23	400	400
2019-10-12 20:39:51	23	400	400
2019-10-12 20:40:01	24	400	400
2019-10-12 20:40:11	24	400	400
2019-10-12 20:40:21	24	400	400
2019-10-12 20:40:31	24	400	400
2019-10-12 20:40:41	24	400	400
2019-10-12 20:40:51	23	401	400
2019-10-12 20:41:01	24	400	400
2019-10-12 20:41:11	24	400	400
2019-10-12 20:41:21	23	400	401
2019-10-12 20:41:31	23	400	400
2019-10-12 20:41:41	23	400	400
2019-10-12 20:41:51	23	400	400
2019-10-12 20:42:01	23	400	400
2019-10-12 20:42:11	23	400	400
2019-10-12 20:42:21	23	400	400
2019-10-12 20:42:31	23	400	400
2019-10-12 20:42:41	23	400	400
2019-10-12 20:42:51	23	400	400
2019-10-12 20:43:01	23	400	400
2019-10-12 20:43:11	23	400	401
2019-10-12 20:43:21	23	400	400
2019-10-12 20:43:31	23	400	400
2019-10-12 20:43:41	23	400	400
2019-10-12 20:43:51	23	400	401
2019-10-12 20:44:01	23	400	400
2019-10-12 20:44:11	23	400	400
2019-10-12 20:44:21	23	400	400
2019-10-12 20:44:31	23	400	401
2019-10-12 20:44:41	23	400	401
2019-10-12 20:44:51	23	400	400
2019-10-12 20:45:01	23	400	400
2019-10-12 20:45:11	23	400	401
2019-10-12 20:45:21	23	400	401
2019-10-12 20:45:31	23	400	400
2019-10-12 20:45:41	23	400	400
2019-10-12 20:45:51	23	400	400
2019-10-12 20:46:01	23	400	400
2019-10-12 20:46:11	23	400	401
2019-10-12 20:46:21	23	400	400
2019-10-12 20:46:31	23	400	400
2019-10-12 20:46:41	23	400	400
2019-10-12 20:46:51	23	400	400
2019-10-12 20:47:01	24	400	401
2019-10-12 20:47:11	24	400	400
2019-10-12 20:47:21	24	400	401
2019-10-12 20:47:31	23	401	401
2019-10-12 20:47:41	24	400	401
2019-10-12 20:47:51	24	400	400
2019-10-12 20:48:01	24	400	400
2019-10-12 20:48:11	24	400	400
2019-10-12 20:48:21	23	400	400
2019-10-12 20:48:31	24	400	400
2019-10-12 20:48:41	24	400	400
2019-10-12 20:48:51	23	400	400
2019-10-12 20:49:01	23	400	400
2019-10-12 20:49:11	23	401	401
2019-10-12 20:49:21	24	401	400
2019-10-12 20:49:31	24	400	400
2019-10-12 20:49:41	24	401	400
2019-10-12 20:49:51	24	400	401
2019-10-12 20:50:01	24	400	400
2019-10-12 20:50:11	23	400	400
2019-10-12 20:50:21	23	400	401
2019-10-12 20:50:31	23	400	400
2019-10-12 20:50:41	23	400	400
2019-10-12 20:50:51	23	400	401
2019-10-12 20:51:01	24	400	401
2019-10-12 20:51:11	24	400	401
2019-10-12 20:51:21	23	400	400
2019-10-12 20:51:31	24	400	400
2019-10-12 20:51:41	24	400	400
2019-10-12 20:51:51	24	400	400
2019-10-12 20:52:01	23	400	400
2019-10-12 20:52:11	24	400	400
2019-10-12 20:52:21	24	400	400
2019-10-12 20:52:31	23	400	400
2019-10-12 20:52:41	24	400	400
2019-10-12 20:52:51	24	400	400
2019-10-12 20:53:01	23	400	400
2019-10-12 20:53:11	24	400	400
2019-10-12 20:53:21	24	400	400
2019-10-12 20:53:31	23	400	400
2019-10-12 20:53:41	24	400	400
2019-10-12 20:53:51	23	400	401
2019-10-12 20:54:01	22	399	400
2019-10-12 20:54:11	23	399	400
2019-10-12 20:54:21	23	399	400
2019-10-12 20:54:31	23	399	400
2019-10-12 20:54:41	23	400	400
2019-10-12 20:54:51	23	400	400
2019-10-12 20:55:01	23	400	401
2019-10-12 20:55:11	23	401	401
2019-10-12 20:55:21	23	400	401
2019-10-12 20:55:31	24	400	401
2019-10-12 20:55:41	24	400	400
2019-10-12 20:55:51	23	400	400
2019-10-12 20:56:01	23	401	401
2019-10-12 20:56:11	23	401	401
2019-10-12 20:56:21	23	401	401
2019-10-12 20:56:31	23	400	401
2019-10-12 20:56:41	24	400	401
2019-10-12 20:56:51	24	400	401
2019-10-12 20:57:01	23	400	400
2019-10-12 20:57:11	23	400	400
2019-10-12 20:57:21	23	400	400
2019-10-12 20:57:31	23	400	400
2019-10-12 20:57:41	23	400	400
2019-10-12 20:57:51	23	400	400
2019-10-12 20:58:01	24	400	400
2019-10-12 20:58:11	23	400	400
2019-10-12 20:58:21	23	400	401
2019-10-12 20:58:31	23	400	400
2019-10-12 20:58:41	23	400	400
2019-10-12 20:58:51	23	400	401
2019-10-12 20:59:01	24	400	401
2019-10-12 20:59:11	24	401	401
2019-10-12 20:59:21	23	401	401
2019-10-12 20:59:31	23	401	401
2019-10-12 20:59:41	23	401	401
2019-10-12 20:59:51	23	400	400
2019-10-12 21:00:01	23	400	400
2019-10-12 21:00:11	23	400	401
2019-10-12 21:00:21	23	400	401
2019-10-12 21:00:31	23	401	401
2019-10-12 21:00:41	23	401	401
2019-10-12 21:00:51	23	400	401
2019-10-12 21:01:01	23	400	400
2019-10-12 21:01:11	23	400	400
2019-10-12 21:01:21	23	400	400
2019-10-12 21:01:32	23	400	401
2019-10-12 21:01:42	23	400	401
2019-10-12 21:01:52	23	400	401
2019-10-12 21:02:02	23	400	401
2019-10-12 21:02:12	23	400	401
2019-10-12 21:02:22	23	400	401
2019-10-12 21:02:32	23	400	401
2019-10-12 21:02:42	23	400	401
2019-10-12 21:02:52	24	401	401
2019-10-12 21:03:02	23	401	401
2019-10-12 21:03:12	23	401	401
2019-10-12 21:03:22	22	399	400
2019-10-12 21:03:32	23	400	400
2019-10-12 21:03:42	23	400	401
2019-10-12 21:03:52	23	400	400
2019-10-12 21:04:02	22	399	400
2019-10-12 21:04:12	22	399	400
2019-10-12 21:04:22	22	400	400
2019-10-12 21:04:32	22	400	400
2019-10-12 21:04:42	23	400	400
2019-10-12 21:04:52	24	400	401
2019-10-12 21:05:02	24	401	401
2019-10-12 21:05:12	24	400	401
2019-10-12 21:05:22	23	400	401
2019-10-12 21:05:32	23	400	401
2019-10-12 21:05:42	24	401	401
2019-10-12 21:05:52	23	401	401
2019-10-12 21:06:02	24	401	401
2019-10-12 21:06:12	23	400	401
2019-10-12 21:06:22	23	400	400
2019-10-12 21:06:32	23	400	401
2019-10-12 21:06:42	24	400	401
2019-10-12 21:06:52	23	400	401
2019-10-12 21:07:02	24	401	401
2019-10-12 21:07:12	24	401	401
2019-10-12 21:07:22	24	401	400
2019-10-12 21:07:32	24	400	400
2019-10-12 21:07:42	23	400	401
2019-10-12 21:07:52	23	400	401
2019-10-12 21:08:02	24	400	401
2019-10-12 21:08:12	23	400	401
2019-10-12 21:08:22	23	400	401
2019-10-12 21:08:32	24	401	401
2019-10-12 21:08:42	24	401	401
2019-10-12 21:08:52	24	401	401
2019-10-12 21:09:02	24	401	401
2019-10-12 21:09:12	24	401	401
2019-10-12 21:09:22	24	400	400
2019-10-12 21:09:32	24	401	401
2019-10-12 21:09:42	23	400	401
2019-10-12 21:09:52	23	400	401
2019-10-12 21:10:02	24	401	401
2019-10-12 21:10:12	24	401	401
2019-10-12 21:10:22	24	401	401
2019-10-12 21:10:32	24	400	401
2019-10-12 21:10:42	24	400	401
2019-10-12 21:10:52	24	401	401
2019-10-12 21:11:02	24	401	401
2019-10-12 21:11:12	24	401	401
2019-10-12 21:11:22	24	401	400
2019-10-12 21:11:32	23	401	401
2019-10-12 21:11:42	24	400	401
2019-10-12 21:11:52	24	400	401
2019-10-12 21:12:02	23	400	401
2019-10-12 21:12:12	24	400	401
2019-10-12 21:12:22	24	401	401
2019-10-12 21:12:32	24	401	401
2019-10-12 21:12:42	23	400	401
2019-10-12 21:12:52	24	401	401
2019-10-12 21:13:02	24	401	401
2019-10-12 21:13:12	24	401	401
2019-10-12 21:13:22	24	401	401
2019-10-12 21:13:32	24	400	401
2019-10-12 21:13:42	24	400	401
2019-10-12 21:13:52	24	401	401
2019-10-12 21:14:02	23	400	401
2019-10-12 21:14:12	24	400	401
2019-10-12 21:14:22	24	401	401
2019-10-12 21:14:32	24	401	401
2019-10-12 21:14:42	24	401	401
2019-10-12 21:14:52	24	401	401
2019-10-12 21:15:02	24	400	401
2019-10-12 21:15:12	24	400	401
2019-10-12 21:15:22	24	400	401
2019-10-12 21:15:32	24	400	401
2019-10-12 21:15:42	24	401	401
2019-10-12 21:15:52	24	401	401
2019-10-12 21:16:02	24	401	401
2019-10-12 21:16:12	24	401	401
2019-10-12 21:16:22	24	401	401
2019-10-12 21:16:32	24	401	401
2019-10-12 21:16:42	24	401	401
2019-10-12 21:16:52	24	401	401
2019-10-12 21:17:02	23	401	401
2019-10-12 21:17:12	24	401	401
2019-10-12 21:17:22	23	400	401
2019-10-12 21:17:32	24	401	401
2019-10-12 21:17:42	24	401	401
2019-10-12 21:17:52	24	401	401
2019-10-12 21:18:02	24	401	401
2019-10-12 21:18:12	24	401	401
2019-10-12 21:18:22	24	401	401
2019-10-12 21:18:32	24	401	401
2019-10-12 21:18:42	23	401	401
2019-10-12 21:18:52	24	401	401
2019-10-12 21:19:02	24	400	401
2019-10-12 21:19:12	24	400	401
2019-10-12 21:19:22	23	400	401
2019-10-12 21:19:32	24	400	401
2019-10-12 21:19:42	24	400	401
2019-10-12 21:19:52	24	400	401
2019-10-12 21:20:02	24	400	401
2019-10-12 21:20:12	24	400	401
2019-10-12 21:20:22	24	401	401
2019-10-12 21:20:32	24	401	401
2019-10-12 21:20:42	24	401	401
2019-10-12 21:20:52	24	400	401
2019-10-12 21:21:02	24	400	401
2019-10-12 21:21:12	23	400	401
2019-10-12 21:21:22	23	400	401
2019-10-12 21:21:32	24	400	401
2019-10-12 21:21:42	24	400	401
2019-10-12 21:21:52	24	401	401
2019-10-12 21:22:02	24	401	401
2019-10-12 21:22:12	23	401	401
2019-10-12 21:22:22	24	400	401
2019-10-12 21:22:32	24	401	401
2019-10-12 21:22:42	24	401	401
2019-10-12 21:22:52	24	401	401
2019-10-12 21:23:02	24	401	401
2019-10-12 21:23:12	24	401	401
2019-10-12 21:23:22	24	401	401
2019-10-12 21:23:32	24	401	401
2019-10-12 21:23:42	24	400	401
2019-10-12 21:23:52	24	400	401
2019-10-12 21:24:02	23	400	401
2019-10-12 21:24:12	24	401	401
2019-10-12 21:24:22	24	401	401
2019-10-12 21:24:32	23	400	401
2019-10-12 21:24:42	24	400	401
2019-10-12 21:24:52	24	400	401
2019-10-12 21:25:02	23	400	401
2019-10-12 21:25:12	23	400	401
2019-10-12 21:25:22	23	400	401
2019-10-12 21:25:32	24	400	401
2019-10-12 21:25:42	24	401	401
2019-10-12 21:25:52	24	401	401
2019-10-12 21:26:02	24	401	401
2019-10-12 21:26:12	24	400	401
2019-10-12 21:26:22	24	400	401
2019-10-12 21:26:32	23	401	401
2019-10-12 21:26:42	23	400	401
2019-10-12 21:26:52	23	400	401
2019-10-12 21:27:02	24	400	401
2019-10-12 21:27:12	24	400	401
2019-10-12 21:27:22	24	400	401
2019-10-12 21:27:32	24	401	401
2019-10-12 21:27:42	24	401	401
2019-10-12 21:27:52	24	401	401
2019-10-12 21:28:02	23	401	401
2019-10-12 21:28:12	24	401	401
2019-10-12 21:28:22	24	401	401
2019-10-12 21:28:32	24	400	401
2019-10-12 21:28:42	24	401	401
2019-10-12 21:28:52	24	400	401
2019-10-12 21:29:02	24	400	401
2019-10-12 21:29:12	23	400	401
2019-10-12 21:29:22	23	400	401
2019-10-12 21:29:32	23	400	401
2019-10-12 21:29:42	23	400	401
2019-10-12 21:29:52	24	400	401
2019-10-12 21:30:02	24	400	401
2019-10-12 21:30:12	23	400	401
2019-10-12 21:30:22	24	400	401
2019-10-12 21:30:32	24	400	401
2019-10-12 21:30:42	23	400	401
2019-10-12 21:30:52	24	400	401
2019-10-12 21:31:02	24	400	401
2019-10-12 21:31:12	24	400	401
2019-10-12 21:31:22	24	401	401
2019-10-12 21:31:32	24	401	401
2019-10-12 21:31:42	24	400	401
2019-10-12 21:31:52	24	400	401
2019-10-12 21:32:02	24	400	401
2019-10-12 21:32:12	24	400	401
2019-10-12 21:32:22	24	401	401
2019-10-12 21:32:32	24	400	401
2019-10-12 21:32:42	24	400	401
2019-10-12 21:32:52	24	400	401
2019-10-12 21:33:02	24	400	401
2019-10-12 21:33:12	23	400	401
2019-10-12 21:33:22	24	400	401
2019-10-12 21:33:32	24	400	401
2019-10-12 21:33:42	24	400	401
2019-10-12 21:33:52	24	400	401
2019-10-12 21:34:02	24	400	401
2019-10-12 21:34:12	24	400	401
2019-10-12 21:34:22	23	400	401
2019-10-12 21:34:32	24	400	401
2019-10-12 21:34:42	24	400	401
2019-10-12 21:34:52	23	400	401
2019-10-12 21:35:02	23	400	401
2019-10-12 21:35:12	23	400	401
2019-10-12 21:35:22	23	400	401
2019-10-12 21:35:32	23	400	401
2019-10-12 21:35:42	23	400	401
2019-10-12 21:35:52	23	400	401
2019-10-12 21:36:02	23	400	401
2019-10-12 21:36:12	23	400	401
2019-10-12 21:36:22	23	400	401
2019-10-12 21:36:32	24	400	401
2019-10-12 21:36:42	24	400	401
2019-10-12 21:36:52	24	400	401
2019-10-12 21:37:02	23	400	401
2019-10-12 21:37:12	23	400	401
2019-10-12 21:37:22	23	400	401
2019-10-12 21:37:32	23	400	401
2019-10-12 21:37:42	23	400	401
2019-10-12 21:37:52	24	400	401
2019-10-12 21:38:02	24	400	401
2019-10-12 21:38:12	23	400	401
2019-10-12 21:38:22	23	400	401
2019-10-12 21:38:32	23	400	401
2019-10-12 21:38:42	24	400	401
2019-10-12 21:38:52	24	400	401
2019-10-12 21:39:02	24	400	401
2019-10-12 21:39:12	23	400	401
2019-10-12 21:39:22	24	400	401
2019-10-12 21:39:32	23	400	401
2019-10-12 21:39:42	23	400	401
2019-10-12 21:39:52	23	400	401
2019-10-12 21:40:02	23	400	401
2019-10-12 21:40:12	24	400	401
2019-10-12 21:40:22	24	400	401
2019-10-12 21:40:32	23	400	401
2019-10-12 21:40:42	23	400	401
2019-10-12 21:40:52	23	400	401
2019-10-12 21:41:02	24	400	401
2019-10-12 21:41:12	24	400	401
2019-10-12 21:41:22	24	400	401
2019-10-12 21:41:32	24	400	401
2019-10-12 21:41:42	24	400	401
2019-10-12 21:41:52	23	400	401
2019-10-12 21:42:02	24	400	401
2019-10-12 21:42:12	24	400	401
2019-10-12 21:42:22	23	400	401
2019-10-12 21:42:32	23	400	401
2019-10-12 21:42:42	23	400	401
2019-10-12 21:42:52	23	400	401
2019-10-12 21:43:02	23	400	401
2019-10-12 21:43:12	23	400	401
2019-10-12 21:43:22	23	400	401
2019-10-12 21:43:32	24	400	401
2019-10-12 21:43:42	24	401	401
2019-10-12 21:43:52	24	400	401
2019-10-12 21:44:02	24	400	401
2019-10-12 21:44:12	23	400	401
2019-10-12 21:44:22	24	400	401
2019-10-12 21:44:32	23	400	401
2019-10-12 21:44:42	23	400	401
2019-10-12 21:44:52	24	400	401
2019-10-12 21:45:02	23	400	401
2019-10-12 21:45:12	23	400	401
2019-10-12 21:45:22	24	400	401
2019-10-12 21:45:32	24	400	401
2019-10-12 21:45:42	24	400	401
2019-10-12 21:45:52	24	400	401
2019-10-12 21:46:02	23	400	401
2019-10-12 21:46:12	23	400	401
2019-10-12 21:46:22	24	400	401
2019-10-12 21:46:32	24	400	401
2019-10-12 21:46:42	24	400	401
2019-10-12 21:46:52	24	400	401
2019-10-12 21:47:02	24	400	401
2019-10-12 21:47:12	24	400	401
2019-10-12 21:47:22	24	400	401
2019-10-12 21:47:32	24	400	401
2019-10-12 21:47:42	24	400	401
2019-10-12 21:47:52	24	401	401
2019-10-12 21:48:02	24	400	401
2019-10-12 21:48:12	23	400	401
2019-10-12 21:48:22	24	401	401
2019-10-12 21:48:32	24	401	401
2019-10-12 21:48:42	24	400	401
2019-10-12 21:48:52	24	400	401
2019-10-12 21:49:02	24	401	401
2019-10-12 21:49:12	24	401	401
2019-10-12 21:49:22	24	400	401
2019-10-12 21:49:32	24	400	401
2019-10-12 21:49:42	24	400	401
2019-10-12 21:49:52	23	400	401
2019-10-12 21:50:02	23	400	401
2019-10-12 21:50:12	23	400	401
2019-10-12 21:50:22	24	400	401
2019-10-12 21:50:32	24	400	401
2019-10-12 21:50:42	24	400	401
2019-10-12 21:50:52	23	400	401
2019-10-12 21:51:02	23	400	401
2019-10-12 21:51:12	23	400	401
2019-10-12 21:51:22	24	400	401
2019-10-12 21:51:32	24	400	401
2019-10-12 21:51:42	24	401	401
2019-10-12 21:51:52	24	400	401
2019-10-12 21:52:02	23	400	401
2019-10-12 21:52:12	23	400	401
2019-10-12 21:52:22	23	400	401
2019-10-12 21:52:32	23	400	401
2019-10-12 21:52:42	23	400	401
2019-10-12 21:52:52	24	400	401
2019-10-12 21:53:02	24	400	401
2019-10-12 21:53:12	23	400	401
2019-10-12 21:53:23	23	400	401
2019-10-12 21:53:33	24	400	401
2019-10-12 21:53:43	24	400	401
2019-10-12 21:53:53	23	400	401
2019-10-12 21:54:03	23	400	401
2019-10-12 21:54:13	24	400	401
2019-10-12 21:54:23	24	400	401
2019-10-12 21:54:33	24	400	401
2019-10-12 21:54:43	24	400	401
2019-10-12 21:54:53	23	400	401
2019-10-12 21:55:03	23	400	401
2019-10-12 21:55:13	23	400	401
2019-10-12 21:55:23	23	400	401
2019-10-12 21:55:33	23	400	401
2019-10-12 21:55:43	23	400	401
2019-10-12 21:55:53	24	400	401
2019-10-12 21:56:03	24	400	401
2019-10-12 21:56:13	23	400	401
2019-10-12 21:56:23	24	400	401
2019-10-12 21:56:33	24	400	401
2019-10-12 21:56:43	24	400	401
2019-10-12 21:56:53	24	400	401
2019-10-12 21:57:03	24	400	401
2019-10-12 21:57:13	23	400	401
2019-10-12 21:57:23	24	400	401
2019-10-12 21:57:33	24	400	401
2019-10-12 21:57:43	24	400	401
2019-10-12 21:57:53	24	400	401
2019-10-12 21:58:03	24	400	401
2019-10-12 21:58:13	23	400	401
2019-10-12 21:58:23	23	400	401
2019-10-12 21:58:33	23	400	401
2019-10-12 21:58:43	24	400	401
2019-10-12 21:58:53	24	400	401
2019-10-12 21:59:03	24	400	401
2019-10-12 21:59:13	24	400	401
2019-10-12 21:59:23	24	400	401
2019-10-12 21:59:33	24	400	401
2019-10-12 21:59:43	24	400	401
2019-10-12 21:59:53	24	400	401
2019-10-12 22:00:03	24	400	401
2019-10-12 22:00:13	24	400	401
2019-10-12 22:00:23	24	400	401
2019-10-12 22:00:33	24	400	401
2019-10-12 22:00:43	24	400	401
2019-10-12 22:00:53	24	400	401
2019-10-12 22:01:03	24	400	401
2019-10-12 22:01:13	24	400	401
2019-10-12 22:01:23	24	400	401
2019-10-12 22:01:33	24	400	401
2019-10-12 22:01:43	24	400	401
2019-10-12 22:01:53	24	400	401
2019-10-12 22:02:03	24	400	401
2019-10-12 22:02:13	24	400	401
2019-10-12 22:02:23	24	400	401
2019-10-12 22:02:33	24	400	401
2019-10-12 22:02:43	23	399	401
2019-10-12 22:02:53	23	399	401
2019-10-12 22:03:03	23	400	401
2019-10-12 22:03:13	23	400	401
2019-10-12 22:03:23	23	400	401
2019-10-12 22:03:33	23	400	401
2019-10-12 22:03:43	23	400	401
2019-10-12 22:03:53	23	400	401
2019-10-12 22:04:03	23	400	401
2019-10-12 22:04:13	23	400	401
2019-10-12 22:04:23	23	400	401
2019-10-12 22:04:33	23	400	401
2019-10-12 22:04:43	24	400	401
2019-10-12 22:04:53	24	401	401
2019-10-12 22:05:03	24	401	401
2019-10-12 22:05:13	24	400	401
2019-10-12 22:05:23	24	400	401
2019-10-12 22:05:33	24	400	401
2019-10-12 22:05:43	24	401	401
2019-10-12 22:05:53	24	401	401
2019-10-12 22:06:03	24	401	401
2019-10-12 22:06:13	24	401	401
2019-10-12 22:06:23	24	401	401
2019-10-12 22:06:33	24	400	401
2019-10-12 22:06:43	24	400	401
2019-10-12 22:06:53	24	400	401
2019-10-12 22:07:03	24	401	401
2019-10-12 22:07:13	24	401	401
2019-10-12 22:07:23	24	401	401
2019-10-12 22:07:33	24	400	401
2019-10-12 22:07:43	24	400	401
2019-10-12 22:07:53	24	401	401
2019-10-12 22:08:03	24	401	401
2019-10-12 22:08:13	24	400	401
2019-10-12 22:08:23	24	400	401
2019-10-12 22:08:33	23	400	401
2019-10-12 22:08:43	24	400	401
2019-10-12 22:08:53	24	400	401
2019-10-12 22:09:03	24	400	401
2019-10-12 22:09:13	24	400	401
2019-10-12 22:09:23	24	400	401
2019-10-12 22:09:33	24	400	401
2019-10-12 22:09:43	24	400	401
2019-10-12 22:09:53	24	400	401
2019-10-12 22:10:03	24	400	401
2019-10-12 22:10:13	24	400	401
2019-10-12 22:10:23	24	400	401
2019-10-12 22:10:33	24	400	401
2019-10-12 22:10:49	24	-100	-100
2019-10-12 22:11:00	24	400	-100
2019-10-12 22:11:10	24	400	401
2019-10-12 22:11:20	24	401	401
2019-10-12 22:11:30	23	400	401
2019-10-12 22:11:40	24	400	401
2019-10-12 22:11:50	23	400	401
2019-10-12 22:12:00	24	400	401
2019-10-12 22:12:10	24	401	401
2019-10-12 22:12:20	24	401	401
2019-10-12 22:12:30	24	401	401
2019-10-12 22:12:41	24	-100	-100
2019-10-12 22:12:51	24	400	401
2019-10-12 22:13:01	24	401	401
2019-10-12 22:13:11	24	401	401
2019-10-12 22:13:21	24	400	401
2019-10-12 22:13:31	24	400	401
2019-10-12 22:13:41	24	400	401
2019-10-12 22:13:51	24	400	401
2019-10-12 22:14:01	24	400	401
2019-10-12 22:14:11	24	400	401
2019-10-12 22:14:21	24	400	401
2019-10-12 22:14:31	24	400	401
2019-10-12 22:14:41	24	400	401
2019-10-12 22:14:51	24	400	401
2019-10-12 22:15:01	24	400	401
2019-10-12 22:15:12	24	-100	-100
2019-10-12 22:15:22	24	401	401
2019-10-12 22:15:32	24	401	401
2019-10-12 22:15:42	24	400	401
2019-10-12 22:15:52	24	400	401
2019-10-12 22:16:02	24	400	401
2019-10-12 22:16:12	23	400	401
2019-10-12 22:16:22	24	400	401
2019-10-12 22:16:32	24	400	401
2019-10-12 22:16:42	24	401	401
2019-10-12 22:16:52	23	400	401
2019-10-12 22:17:02	23	400	401
2019-10-12 22:17:12	24	400	401
2019-10-12 22:17:22	24	400	401
2019-10-12 22:17:32	23	400	401
2019-10-12 22:17:42	23	400	401
2019-10-12 22:17:52	23	400	401
2019-10-12 22:18:02	23	400	401
2019-10-12 22:18:12	23	400	401
2019-10-12 22:18:22	24	400	401
2019-10-12 22:18:32	24	400	401
2019-10-12 22:18:42	24	400	401
2019-10-12 22:18:52	23	400	401
2019-10-12 22:19:02	24	400	401
2019-10-12 22:19:12	24	400	401
2019-10-12 22:19:22	24	400	401
2019-10-12 22:19:32	24	400	401
2019-10-12 22:19:42	24	400	401
2019-10-12 22:19:52	24	401	401
2019-10-12 22:20:02	24	401	401
2019-10-12 22:20:12	24	400	401
2019-10-12 22:20:22	24	401	401
2019-10-12 22:20:32	24	401	401
2019-10-12 22:20:42	24	400	401
2019-10-12 22:20:52	23	400	401
2019-10-12 22:21:02	23	400	401
2019-10-12 22:21:12	24	400	401
2019-10-12 22:21:22	23	400	401
2019-10-12 22:21:32	24	400	401
2019-10-12 22:21:42	23	400	401
2019-10-12 22:21:52	23	400	401
2019-10-12 22:22:02	24	400	401
2019-10-12 22:22:12	24	401	401
2019-10-12 22:22:22	24	401	401
2019-10-12 22:22:32	24	401	401
2019-10-12 22:22:42	24	401	401
2019-10-12 22:22:52	24	401	401
2019-10-12 22:23:02	24	400	401
2019-10-12 22:23:12	24	400	401
2019-10-12 22:23:22	24	400	401
2019-10-12 22:23:32	24	400	401
2019-10-12 22:23:42	24	400	401
2019-10-12 22:23:52	23	400	401
2019-10-12 22:24:02	23	400	401
2019-10-12 22:24:12	24	400	401
2019-10-12 22:24:22	24	400	401
2019-10-12 22:24:32	24	401	401
2019-10-12 22:24:42	24	401	401
2019-10-12 22:24:52	24	401	401
2019-10-12 22:25:02	24	400	401
2019-10-12 22:25:12	24	400	401
2019-10-12 22:25:22	24	400	401
2019-10-12 22:25:32	24	401	401
2019-10-12 22:25:42	24	400	401
2019-10-12 22:25:52	24	401	401
2019-10-12 22:26:02	24	400	401
2019-10-12 22:26:12	24	400	401
2019-10-12 22:26:22	23	400	401
2019-10-12 22:26:32	23	400	401
2019-10-12 22:26:42	23	400	401
2019-10-12 22:26:52	23	400	401
2019-10-12 22:27:02	23	400	401
2019-10-12 22:27:12	23	400	401
2019-10-12 22:27:22	24	400	401
2019-10-12 22:27:32	24	400	401
2019-10-12 22:27:42	23	400	401
2019-10-12 22:27:52	23	400	401
2019-10-12 22:28:02	23	400	401
2019-10-12 22:28:12	24	400	401
2019-10-12 22:28:22	24	400	401
2019-10-12 22:28:32	24	400	401
2019-10-12 22:28:42	24	400	401
2019-10-12 22:28:52	24	400	401
2019-10-12 22:29:02	24	400	401
2019-10-12 22:29:12	24	400	401
2019-10-12 22:29:22	23	400	401
2019-10-12 22:29:32	23	400	401
2019-10-12 22:29:42	23	400	401
2019-10-12 22:29:52	22	400	401
2019-10-12 22:30:02	22	399	401
2019-10-12 22:30:12	23	400	401
2019-10-12 22:30:22	24	400	401
2019-10-12 22:30:32	23	400	401
2019-10-12 22:30:42	23	400	401
2019-10-12 22:30:52	23	400	401
2019-10-12 22:31:02	23	400	401
2019-10-12 22:31:12	23	400	401
2019-10-12 22:31:22	23	400	401
2019-10-12 22:31:32	23	400	401
2019-10-12 22:31:42	23	400	401
2019-10-12 22:31:52	23	400	401
2019-10-12 22:32:02	23	400	401
2019-10-12 22:32:12	23	400	401
2019-10-12 22:32:22	23	400	401
2019-10-12 22:32:32	24	400	401
2019-10-12 22:32:42	24	401	401
2019-10-12 22:32:52	24	400	401
2019-10-12 22:33:02	24	400	401
2019-10-12 22:33:12	24	400	401
2019-10-12 22:33:22	23	400	401
2019-10-12 22:33:32	24	400	401
2019-10-12 22:33:42	23	400	401
2019-10-12 22:33:52	23	400	401
2019-10-12 22:34:02	24	400	401
2019-10-12 22:34:12	24	400	401
2019-10-12 22:34:22	24	400	401
2019-10-12 22:34:32	24	400	401
2019-10-12 22:34:42	24	400	401
2019-10-12 22:34:52	24	400	401
2019-10-12 22:35:02	24	400	401
2019-10-12 22:35:12	23	400	401
2019-10-12 22:35:22	24	400	401
2019-10-12 22:35:32	24	401	401
2019-10-12 22:35:42	24	401	401
2019-10-12 22:35:52	24	401	401
2019-10-12 22:36:02	24	400	401
2019-10-12 22:36:12	24	400	401
2019-10-12 22:36:22	23	400	401
2019-10-12 22:36:32	23	400	401
2019-10-12 22:36:42	23	400	401
2019-10-12 22:36:52	23	400	401
2019-10-12 22:37:02	24	400	401
2019-10-12 22:37:12	23	400	401
2019-10-12 22:37:22	24	400	401
2019-10-12 22:37:32	24	400	401
2019-10-12 22:37:42	23	400	401
2019-10-12 22:37:52	23	400	401
2019-10-12 22:38:02	23	400	401
2019-10-12 22:38:12	23	400	401
2019-10-12 22:38:22	23	400	401
2019-10-12 22:38:32	23	400	401
2019-10-12 22:38:42	23	400	401
2019-10-12 22:38:52	23	400	401
2019-10-12 22:39:02	23	400	401
2019-10-12 22:39:12	23	400	401
2019-10-12 22:39:22	23	400	401
2019-10-12 22:39:32	23	400	401
2019-10-12 22:39:42	23	400	401
2019-10-12 22:39:52	23	400	401
2019-10-12 22:40:02	23	400	401
2019-10-12 22:40:12	24	400	401
2019-10-12 22:40:22	23	400	401
2019-10-12 22:40:32	23	400	401
2019-10-12 22:40:42	23	400	401
2019-10-12 22:40:52	23	400	401
2019-10-12 22:41:02	23	400	401
2019-10-12 22:41:12	23	400	401
2019-10-12 22:41:22	23	400	401
2019-10-12 22:41:32	24	400	401
2019-10-12 22:41:42	24	400	401
2019-10-12 22:41:52	23	400	401
2019-10-12 22:42:02	23	400	401
2019-10-12 22:42:12	24	400	401
2019-10-12 22:42:22	23	400	401
2019-10-12 22:42:32	23	400	401
2019-10-12 22:42:43	23	400	401
2019-10-12 22:42:53	23	400	401
2019-10-12 22:43:03	24	400	401
2019-10-12 22:43:13	24	400	401
2019-10-12 22:43:23	23	400	401
2019-10-12 22:43:33	24	400	401
2019-10-12 22:43:43	23	400	401
2019-10-12 22:43:53	24	400	401
2019-10-12 22:44:03	23	400	401
2019-10-12 22:44:13	24	400	401
2019-10-12 22:44:23	24	400	401
2019-10-12 22:44:33	24	400	401
2019-10-12 22:44:43	23	400	401
2019-10-12 22:44:53	23	400	401
2019-10-12 22:45:03	23	400	401
2019-10-12 22:45:13	23	400	401
2019-10-12 22:45:23	23	400	401
2019-10-12 22:45:33	24	400	401
2019-10-12 22:45:43	24	400	401
2019-10-12 22:45:53	24	400	401
2019-10-12 22:46:03	24	401	401
2019-10-12 22:46:13	24	401	401
2019-10-12 22:46:23	24	401	401
2019-10-12 22:46:33	24	401	401
2019-10-12 22:46:43	24	401	401
2019-10-12 22:46:53	24	401	401
2019-10-12 22:47:03	24	400	401
2019-10-12 22:47:13	24	401	401
2019-10-12 22:47:23	24	400	401
2019-10-12 22:47:33	24	401	401
2019-10-12 22:47:43	24	401	401
2019-10-12 22:47:53	24	401	401
2019-10-12 22:48:03	24	401	401
2019-10-12 22:48:13	24	401	401
2019-10-12 22:48:23	24	400	401
2019-10-12 22:48:33	24	401	401
2019-10-12 22:48:43	24	400	401
2019-10-12 22:48:53	24	401	401
2019-10-12 22:49:03	24	401	401
2019-10-12 22:49:13	24	400	401
2019-10-12 22:49:23	24	400	401
2019-10-12 22:49:33	24	400	401
2019-10-12 22:49:43	24	401	401
2019-10-12 22:49:53	24	400	401
2019-10-12 22:50:03	24	400	401
2019-10-12 22:50:13	23	400	401
2019-10-12 22:50:23	24	401	401
2019-10-12 22:50:33	24	400	401
2019-10-12 22:50:43	24	400	401
2019-10-12 22:50:53	24	400	401
2019-10-12 22:51:03	24	400	401
2019-10-12 22:51:13	24	401	401
2019-10-12 22:51:23	24	400	401
2019-10-12 22:51:33	23	400	401
2019-10-12 22:51:43	24	400	401
2019-10-12 22:51:53	24	400	401
2019-10-12 22:52:03	24	400	401
2019-10-12 22:52:13	24	400	401
2019-10-12 22:52:23	23	400	401
2019-10-12 22:52:33	24	400	401
2019-10-12 22:52:43	23	400	401
2019-10-12 22:52:53	24	401	401
2019-10-12 22:53:03	24	400	401
2019-10-12 22:53:13	24	400	401
2019-10-12 22:53:23	24	400	401
2019-10-12 22:53:33	23	400	401
2019-10-12 22:53:43	24	400	401
2019-10-12 22:53:53	24	400	401
2019-10-12 22:54:03	24	400	401
2019-10-12 22:54:13	24	401	401
2019-10-12 22:54:23	24	401	401
2019-10-12 22:54:33	24	400	401
2019-10-12 22:54:43	24	400	401
2019-10-12 22:54:53	24	400	401
2019-10-12 22:55:03	24	400	401
2019-10-12 22:55:13	24	400	401
2019-10-12 22:55:23	23	400	401
2019-10-12 22:55:33	24	400	401
2019-10-12 22:55:43	24	400	401
2019-10-12 22:55:53	24	400	401
2019-10-12 22:56:03	24	400	401
2019-10-12 22:56:13	23	400	401
2019-10-12 22:56:23	23	400	401
2019-10-12 22:56:33	24	400	401
2019-10-12 22:56:43	24	400	401
2019-10-12 22:56:53	24	401	401
2019-10-12 22:57:03	24	401	401
2019-10-12 22:57:13	24	401	401
2019-10-12 22:57:23	24	401	401
2019-10-12 22:57:33	24	401	401
2019-10-12 22:57:43	24	400	401
2019-10-12 22:57:53	24	400	401
2019-10-12 22:58:03	24	400	401
2019-10-12 22:58:13	24	400	401
2019-10-12 22:58:23	24	400	401
2019-10-12 22:58:33	24	400	401
2019-10-12 22:58:43	24	400	401
2019-10-12 22:58:53	24	400	401
2019-10-12 22:59:03	24	400	401
2019-10-12 22:59:13	24	400	401
2019-10-12 22:59:23	24	400	401
2019-10-12 22:59:33	24	400	401
2019-10-12 22:59:43	24	400	401
2019-10-12 22:59:53	24	400	401
2019-10-12 23:00:03	24	400	401
2019-10-12 23:00:13	24	400	401
2019-10-12 23:00:23	24	400	401
2019-10-12 23:00:33	24	400	401
2019-10-12 23:00:43	24	400	401
2019-10-12 23:00:53	24	400	401
2019-10-12 23:01:03	24	400	401
2019-10-12 23:01:13	24	400	401
2019-10-12 23:01:23	24	400	401
2019-10-12 23:01:33	24	400	401
2019-10-12 23:01:43	24	400	401
2019-10-12 23:01:53	24	400	401
2019-10-12 23:02:03	24	400	401
2019-10-12 23:02:13	24	400	401
2019-10-12 23:02:23	24	400	401
2019-10-12 23:02:33	24	400	401
2019-10-12 23:02:43	24	400	401
2019-10-12 23:02:53	24	400	401
2019-10-12 23:03:03	24	400	401
2019-10-12 23:03:13	24	400	401
2019-10-12 23:03:23	24	400	401
2019-10-12 23:03:33	24	401	401
2019-10-12 23:03:43	24	400	401
2019-10-12 23:03:53	24	400	401
2019-10-12 23:04:03	24	400	401
2019-10-12 23:04:13	24	400	401
2019-10-12 23:04:23	24	400	401
2019-10-12 23:04:33	24	400	401
2019-10-12 23:04:43	24	400	401
2019-10-12 23:04:53	24	401	401
2019-10-12 23:05:03	25	401	401
2019-10-12 23:05:13	24	401	401
2019-10-12 23:05:23	24	400	401
2019-10-12 23:05:33	24	400	401
2019-10-12 23:05:43	24	400	401
2019-10-12 23:05:53	24	400	401
2019-10-12 23:06:03	24	400	401
2019-10-12 23:06:13	24	400	401
2019-10-12 23:06:23	24	401	401
2019-10-12 23:06:33	24	401	401
2019-10-12 23:06:43	24	401	401
2019-10-12 23:06:53	25	401	401
2019-10-12 23:07:03	24	401	401
2019-10-12 23:07:13	24	401	401
2019-10-12 23:07:23	24	401	401
2019-10-12 23:07:33	24	400	401
2019-10-12 23:07:43	24	400	401
2019-10-12 23:07:53	24	400	401
2019-10-12 23:08:03	24	400	401
2019-10-12 23:08:13	24	400	401
2019-10-12 23:08:23	24	400	401
2019-10-12 23:08:39	24	400	-100
2019-10-12 23:08:49	24	400	401
2019-10-12 23:09:00	24	400	-100
2019-10-12 23:09:10	24	400	401
2019-10-12 23:09:20	24	400	401
2019-10-12 23:09:30	24	401	401
2019-10-12 23:09:40	24	401	401
2019-10-12 23:09:50	24	400	401
2019-10-12 23:10:00	24	400	401
2019-10-12 23:10:10	24	400	401
2019-10-12 23:10:20	24	400	401
2019-10-12 23:10:30	24	401	401
2019-10-12 23:10:40	24	401	401
2019-10-12 23:10:50	24	401	401
2019-10-12 23:11:00	24	401	401
2019-10-12 23:11:10	24	400	401
2019-10-12 23:11:20	24	400	401
2019-10-12 23:11:30	24	400	401
2019-10-12 23:11:40	24	400	401
2019-10-12 23:11:50	24	400	401
2019-10-12 23:12:00	24	400	401
2019-10-12 23:12:10	24	400	401
2019-10-12 23:12:20	24	401	401
2019-10-12 23:12:30	25	401	401
2019-10-12 23:12:40	25	401	401
2019-10-12 23:12:50	25	401	401
2019-10-12 23:13:00	25	401	401
2019-10-12 23:13:10	24	401	401
2019-10-12 23:13:20	24	401	401
2019-10-12 23:13:30	24	401	401
2019-10-12 23:13:40	24	401	401
2019-10-12 23:13:50	24	401	401
2019-10-12 23:14:00	24	400	401
2019-10-12 23:14:10	24	400	401
2019-10-12 23:14:20	24	400	401
2019-10-12 23:14:30	24	400	401
2019-10-12 23:14:40	23	400	401
2019-10-12 23:14:50	24	400	401
2019-10-12 23:15:00	24	400	401
2019-10-12 23:15:10	24	401	401
2019-10-12 23:15:20	24	401	401
2019-10-12 23:15:30	24	400	401
2019-10-12 23:15:40	24	400	401
2019-10-12 23:15:50	25	401	401
2019-10-12 23:16:00	24	401	401
2019-10-12 23:16:10	24	401	401
2019-10-12 23:16:20	24	401	401
2019-10-12 23:16:30	24	400	401
2019-10-12 23:16:40	24	400	401
2019-10-12 23:16:50	24	400	401
2019-10-12 23:17:00	24	401	401
2019-10-12 23:17:10	24	401	401
2019-10-12 23:17:20	25	401	401
2019-10-12 23:17:30	25	401	401
2019-10-12 23:17:40	24	401	401
2019-10-12 23:17:50	24	401	401
2019-10-12 23:18:00	24	401	401
2019-10-12 23:18:10	24	401	401
2019-10-12 23:18:20	24	401	401
2019-10-12 23:18:30	24	401	401
2019-10-12 23:18:40	24	400	401
2019-10-12 23:18:50	24	401	401
2019-10-12 23:19:00	25	401	401
2019-10-12 23:19:10	24	401	401
2019-10-12 23:19:20	24	401	401
2019-10-12 23:19:30	24	401	401
2019-10-12 23:19:40	25	401	401
2019-10-12 23:19:50	24	401	401
2019-10-12 23:20:00	24	401	401
2019-10-12 23:20:10	25	401	401
2019-10-12 23:20:20	25	401	401
2019-10-12 23:20:30	24	401	401
2019-10-12 23:20:40	24	401	401
2019-10-12 23:20:50	24	401	401
2019-10-12 23:21:00	24	401	401
2019-10-12 23:21:10	25	401	401
2019-10-12 23:21:20	25	401	401
2019-10-12 23:21:30	25	401	401
2019-10-12 23:21:40	24	400	401
2019-10-12 23:21:50	25	401	401
2019-10-12 23:22:00	25	401	401
2019-10-12 23:22:11	24	401	401
2019-10-12 23:22:21	25	401	401
2019-10-12 23:22:31	24	401	401
2019-10-12 23:22:41	25	401	401
2019-10-12 23:22:51	25	401	401
2019-10-12 23:23:01	25	401	401
2019-10-12 23:23:11	25	401	401
2019-10-12 23:23:21	25	401	401
2019-10-12 23:23:31	25	401	401
2019-10-12 23:23:41	25	401	401
2019-10-12 23:23:51	25	401	401
2019-10-12 23:24:01	25	401	401
2019-10-12 23:24:11	24	401	401
2019-10-12 23:24:21	24	401	401
2019-10-12 23:24:31	24	401	401
2019-10-12 23:24:41	25	401	401
2019-10-12 23:24:51	25	401	401
2019-10-12 23:25:01	25	401	401
2019-10-12 23:25:11	24	401	401
2019-10-12 23:25:21	24	401	401
2019-10-12 23:25:31	25	401	401
2019-10-12 23:25:41	24	401	401
2019-10-12 23:25:51	25	401	401
2019-10-12 23:26:01	25	401	401
2019-10-12 23:26:11	24	401	401
2019-10-12 23:26:21	24	401	401
2019-10-12 23:26:31	24	401	401
2019-10-12 23:26:41	24	401	401
2019-10-12 23:26:51	24	401	401
2019-10-12 23:27:01	25	401	401
2019-10-12 23:27:11	24	401	401
2019-10-12 23:27:21	24	401	401
2019-10-12 23:27:31	24	401	401
2019-10-12 23:27:41	24	401	401
2019-10-12 23:27:51	25	401	401
2019-10-12 23:28:01	24	401	401
2019-10-12 23:28:11	24	401	401
2019-10-12 23:28:21	24	401	401
2019-10-12 23:28:31	25	401	401
2019-10-12 23:28:41	24	401	401
2019-10-12 23:28:51	25	401	401
2019-10-12 23:29:01	25	401	401
2019-10-12 23:29:11	25	401	401
2019-10-12 23:29:21	25	401	401
2019-10-12 23:29:31	25	401	401
2019-10-12 23:29:41	24	401	401
2019-10-12 23:29:51	25	401	401
2019-10-12 23:30:01	25	401	401
2019-10-12 23:30:11	25	401	401
2019-10-12 23:30:21	25	401	401
2019-10-12 23:30:31	25	401	401
2019-10-12 23:30:41	24	400	401
2019-10-12 23:30:51	24	400	401
2019-10-12 23:31:01	24	401	401
2019-10-12 23:31:11	24	401	401
2019-10-12 23:31:21	24	401	401
2019-10-12 23:31:31	24	401	401
2019-10-12 23:31:41	24	400	401
2019-10-12 23:31:51	24	401	401
2019-10-12 23:32:01	25	401	401
2019-10-12 23:32:11	24	401	402
2019-10-12 23:32:21	24	401	402
2019-10-12 23:32:31	24	401	402
2019-10-12 23:32:41	25	401	402
2019-10-12 23:32:51	25	401	401
2019-10-12 23:33:01	25	401	401
2019-10-12 23:33:11	24	401	401
2019-10-12 23:33:21	24	401	401
2019-10-12 23:33:31	25	401	401
2019-10-12 23:33:41	24	401	401
2019-10-12 23:33:51	24	401	401
2019-10-12 23:34:01	24	401	401
2019-10-12 23:34:11	25	401	401
2019-10-12 23:34:21	25	401	401
2019-10-12 23:34:31	24	401	401
2019-10-12 23:34:41	24	401	401
2019-10-12 23:34:51	24	401	401
2019-10-12 23:35:01	25	401	401
2019-10-12 23:35:11	24	401	401
2019-10-12 23:35:21	24	401	401
2019-10-12 23:35:31	24	401	401
2019-10-12 23:35:41	24	401	401
2019-10-12 23:35:51	24	401	401
2019-10-12 23:36:01	24	401	401
2019-10-12 23:36:11	24	401	401
2019-10-12 23:36:21	24	401	401
2019-10-12 23:36:31	24	400	401
2019-10-12 23:36:41	24	401	401
2019-10-12 23:36:51	24	401	401
2019-10-12 23:37:01	25	401	401
2019-10-12 23:37:11	24	401	401
2019-10-12 23:37:21	24	401	401
2019-10-12 23:37:31	25	401	401
2019-10-12 23:37:41	25	401	401
2019-10-12 23:37:51	25	401	401
2019-10-12 23:38:01	25	401	401
2019-10-12 23:38:11	25	401	401
2019-10-12 23:38:21	25	401	401
2019-10-12 23:38:31	25	401	401
2019-10-12 23:38:41	24	401	401
2019-10-12 23:38:51	24	401	401
2019-10-12 23:39:01	24	401	401
2019-10-12 23:39:11	24	400	401
2019-10-12 23:39:21	24	401	401
2019-10-12 23:39:31	24	401	401
2019-10-12 23:39:41	24	401	401
2019-10-12 23:39:51	24	401	401
2019-10-12 23:40:01	24	401	401
2019-10-12 23:40:11	24	401	401
2019-10-12 23:40:21	25	401	401
2019-10-12 23:40:31	24	401	401
2019-10-12 23:40:41	24	401	401
2019-10-12 23:40:51	24	401	401
2019-10-12 23:41:01	25	401	401
2019-10-12 23:41:11	25	401	401
2019-10-12 23:41:21	24	401	401
2019-10-12 23:41:31	25	401	401
2019-10-12 23:41:41	24	401	401
2019-10-12 23:41:51	24	401	401
2019-10-12 23:42:01	24	400	401
2019-10-12 23:42:11	24	400	401
2019-10-12 23:42:21	24	401	401
2019-10-12 23:42:31	24	400	401
2019-10-12 23:42:41	24	400	401
2019-10-12 23:42:51	24	400	401
2019-10-12 23:43:01	24	401	401
2019-10-12 23:43:11	25	401	401
2019-10-12 23:43:21	25	401	401
2019-10-12 23:43:31	25	401	401
2019-10-12 23:43:41	25	401	401
2019-10-12 23:43:51	25	401	401
2019-10-12 23:44:01	25	401	401
2019-10-12 23:44:11	24	401	401
2019-10-12 23:44:21	24	401	401
2019-10-12 23:44:31	24	401	401
2019-10-12 23:44:41	24	400	401
2019-10-12 23:44:51	25	400	401
2019-10-12 23:45:01	25	401	401
2019-10-12 23:45:11	25	401	401
2019-10-12 23:45:21	24	401	401
2019-10-12 23:45:31	25	401	401
2019-10-12 23:45:41	25	401	401
2019-10-12 23:45:51	24	401	401
2019-10-12 23:46:01	24	401	401
2019-10-12 23:46:11	24	401	402
2019-10-12 23:46:21	24	401	401
2019-10-12 23:46:31	24	401	401
2019-10-12 23:46:41	24	401	401
2019-10-12 23:46:51	24	401	401
2019-10-12 23:47:01	24	401	401
2019-10-12 23:47:11	24	400	401
2019-10-12 23:47:21	24	400	401
2019-10-12 23:47:31	24	401	401
2019-10-12 23:47:41	24	401	401
2019-10-12 23:47:51	24	401	401
2019-10-12 23:48:01	25	401	401
2019-10-12 23:48:11	25	401	401
2019-10-12 23:48:21	25	401	401
2019-10-12 23:48:31	25	401	401
2019-10-12 23:48:41	24	401	401
2019-10-12 23:48:51	24	401	401
2019-10-12 23:49:01	25	401	401
2019-10-12 23:49:11	24	401	401
2019-10-12 23:49:21	25	401	401
2019-10-12 23:49:31	25	401	401
2019-10-12 23:49:41	25	401	401
2019-10-12 23:49:51	25	401	401
2019-10-12 23:50:01	24	401	401
2019-10-12 23:50:11	24	401	401
2019-10-12 23:50:21	25	401	401
2019-10-12 23:50:31	25	401	401
2019-10-12 23:50:41	24	401	401
2019-10-12 23:50:51	25	401	401
2019-10-12 23:51:01	24	401	401
2019-10-12 23:51:11	25	401	401
2019-10-12 23:51:21	24	401	401
2019-10-12 23:51:31	25	401	401
2019-10-12 23:51:41	25	401	401
2019-10-12 23:51:51	24	401	401
2019-10-12 23:52:01	25	401	401
2019-10-12 23:52:11	25	401	402
2019-10-12 23:52:21	25	401	402
2019-10-12 23:52:31	25	401	402
2019-10-12 23:52:41	24	401	401
2019-10-12 23:52:51	24	401	401
2019-10-12 23:53:01	24	401	401
2019-10-12 23:53:11	24	401	401
2019-10-12 23:53:21	24	401	401
2019-10-12 23:53:31	24	401	401
2019-10-12 23:53:41	24	401	401
2019-10-12 23:53:51	25	401	401
2019-10-12 23:54:01	25	401	401
2019-10-12 23:54:11	25	401	401
2019-10-12 23:54:21	24	401	401
2019-10-12 23:54:31	24	401	401
2019-10-12 23:54:41	24	401	401
2019-10-12 23:54:51	24	401	401
2019-10-12 23:55:01	25	401	401
2019-10-12 23:55:11	25	401	401
2019-10-12 23:55:21	25	401	402
2019-10-12 23:55:31	24	401	401
2019-10-12 23:55:41	24	400	401
2019-10-12 23:55:51	24	401	402
2019-10-12 23:56:01	25	401	402
2019-10-12 23:56:11	25	401	401
2019-10-12 23:56:21	24	401	401
2019-10-12 23:56:31	24	401	401
2019-10-12 23:56:41	25	401	401
2019-10-12 23:56:51	25	401	401
2019-10-12 23:57:01	25	401	401
2019-10-12 23:57:11	24	400	401
2019-10-12 23:57:21	24	401	401
2019-10-12 23:57:31	24	401	401
2019-10-12 23:57:41	24	401	401
2019-10-12 23:57:51	24	401	401
2019-10-12 23:58:01	24	401	401
2019-10-12 23:58:11	24	401	401
2019-10-12 23:58:21	25	401	401
2019-10-12 23:58:31	24	401	401
2019-10-12 23:58:41	24	401	401
2019-10-12 23:58:51	24	401	401
2019-10-12 23:59:01	24	401	401
2019-10-12 23:59:11	24	401	401
2019-10-12 23:59:21	24	401	401
2019-10-12 23:59:31	24	401	401
2019-10-12 23:59:41	25	401	401
2019-10-12 23:59:51	25	401	401
2019-10-13 00:00:01	25	401	401
2019-10-13 00:00:11	24	401	401
2019-10-13 00:00:21	24	401	401
2019-10-13 00:00:31	24	401	401
2019-10-13 00:00:42	24	401	401
2019-10-13 00:00:52	24	401	402
2019-10-13 00:01:02	24	401	401
2019-10-13 00:01:12	24	401	401
2019-10-13 00:01:22	24	401	402
2019-10-13 00:01:32	25	401	401
2019-10-13 00:01:42	25	401	401
2019-10-13 00:01:52	25	401	401
2019-10-13 00:02:02	25	401	402
2019-10-13 00:02:12	25	401	401
2019-10-13 00:02:22	25	401	401
2019-10-13 00:02:32	25	401	401
2019-10-13 00:02:42	24	401	401
2019-10-13 00:02:52	24	401	401
2019-10-13 00:03:02	24	401	401
2019-10-13 00:03:12	24	401	402
2019-10-13 00:03:22	24	401	402
2019-10-13 00:03:32	25	401	402
2019-10-13 00:03:42	25	401	402
2019-10-13 00:03:52	25	401	402
2019-10-13 00:04:02	25	401	402
2019-10-13 00:04:12	24	401	401
2019-10-13 00:04:22	24	401	401
2019-10-13 00:04:32	24	401	401
2019-10-13 00:04:42	24	-100	401
