time	T1	T2	T3	T4
2021-08-05T14:59:56	28	28	29	29
2021-08-05T15:00:26	28	28	30	29
2021-08-05T15:00:56	29	29	30	29
2021-08-05T15:01:26	29	29	30	29
2021-08-05T15:04:08	30	30	-100	-100
2021-08-05T15:04:38	30	30	32	30
2021-08-05T15:05:08	29	30	32	30
2021-08-05T15:05:38	30	31	32	30
2021-08-05T15:06:08	29	31	32	30
2021-08-05T15:06:38	30	31	33	30
2021-08-05T15:07:08	31	32	35	31
2021-08-05T15:07:38	33	34	37	31
2021-08-05T15:08:08	35	35	39	31
2021-08-05T15:08:38	36	36	41	32
2021-08-05T15:09:08	36	37	42	33
2021-08-05T15:09:38	37	38	43	34
2021-08-05T15:10:08	38	39	44	35
2021-08-05T15:10:38	38	39	46	36
2021-08-05T15:11:08	39	40	47	37
2021-08-05T15:11:38	41	41	49	37
2021-08-05T15:12:08	42	42	52	39
2021-08-05T15:12:38	43	43	53	40
2021-08-05T15:13:08	45	45	54	42
2021-08-05T15:13:38	45	45	56	43
2021-08-05T15:14:08	46	46	57	43
2021-08-05T15:14:38	47	47	60	45
2021-08-05T15:15:08	48	48	60	45
2021-08-05T15:15:38	49	49	62	47
2021-08-05T15:16:08	50	50	63	48
2021-08-05T15:16:38	51	51	66	49
2021-08-05T15:17:08	53	52	68	50
2021-08-05T15:17:38	54	54	68	51
2021-08-05T15:18:08	54	54	70	53
2021-08-05T15:18:38	55	55	71	54
2021-08-05T15:19:08	56	56	72	55
2021-08-05T15:19:38	57	57	75	56
2021-08-05T15:20:08	58	58	76	57
2021-08-05T15:20:38	60	60	76	58
2021-08-05T15:21:08	60	60	78	59
2021-08-05T15:21:38	60	60	78	61
2021-08-05T15:22:08	61	61	79	62
2021-08-05T15:22:38	63	62	81	62
2021-08-05T15:23:08	64	64	83	63
2021-08-05T15:23:38	65	65	83	64
2021-08-05T15:24:08	67	66	85	67
2021-08-05T15:24:38	66	67	87	68
2021-08-05T15:25:08	67	67	86	68
2021-08-05T15:25:38	68	68	88	69
2021-08-05T15:26:08	69	69	88	70
2021-08-05T15:26:38	70	70	89	70
2021-08-05T15:27:08	71	71	91	71
2021-08-05T15:27:38	72	72	93	73
2021-08-05T15:28:08	72	74	94	73
2021-08-05T15:28:38	74	74	95	75
2021-08-05T15:29:08	75	76	97	77
2021-08-05T15:29:38	76	76	97	77
2021-08-05T15:30:08	76	77	97	78
2021-08-05T15:30:38	77	78	100	79
2021-08-05T15:31:08	78	79	100	80
2021-08-05T15:31:38	79	80	100	80
2021-08-05T15:32:08	80	80	103	81
2021-08-05T15:32:38	86	82	103	83
2021-08-05T15:33:08	94	84	104	83
2021-08-05T15:33:38	102	84	104	86
2021-08-05T15:34:08	105	85	106	88
2021-08-05T15:34:38	111	86	107	89
2021-08-05T15:35:08	119	87	110	91
2021-08-05T15:35:38	126	88	113	93
2021-08-05T15:36:08	132	90	112	95
2021-08-05T15:36:38	139	90	114	97
2021-08-05T15:37:08	144	90	115	99
2021-08-05T15:37:38	147	91	116	101
2021-08-05T15:38:08	153	93	119	103
2021-08-05T15:38:38	157	94	121	104
2021-08-05T15:39:08	161	95	122	105
2021-08-05T15:39:38	165	96	123	108
2021-08-05T15:40:08	168	97	126	110
2021-08-05T15:40:38	171	98	124	112
2021-08-05T15:41:08	175	98	127	113
2021-08-05T15:41:38	174	99	127	115
2021-08-05T15:42:08	180	100	129	117
2021-08-05T15:42:38	183	101	130	119
2021-08-05T15:43:08	185	102	133	121
2021-08-05T15:43:38	188	103	133	123
2021-08-05T15:44:08	193	104	134	125
2021-08-05T15:44:38	194	105	137	125
2021-08-05T15:45:08	196	107	138	128
2021-08-05T15:45:38	201	107	138	130
2021-08-05T15:46:08	201	108	140	131
2021-08-05T15:46:38	201	109	140	132
2021-08-05T15:47:08	204	111	141	134
2021-08-05T15:47:38	209	112	141	135
2021-08-05T15:48:08	211	112	143	137
2021-08-05T15:48:38	210	113	144	139
2021-08-05T15:49:08	209	114	145	141
2021-08-05T15:49:38	213	115	145	142
2021-08-05T15:50:08	215	116	148	143
2021-08-05T15:50:38	217	117	148	145
2021-08-05T15:51:08	216	117	149	146
2021-08-05T15:51:38	221	118	151	148
2021-08-05T15:52:08	219	120	153	149
2021-08-05T15:52:38	220	121	152	150
2021-08-05T15:53:08	223	122	152	151
2021-08-05T15:53:38	223	123	154	153
2021-08-05T15:54:08	223	124	156	155
2021-08-05T15:54:38	224	124	156	156
2021-08-05T15:55:08	228	125	158	157
2021-08-05T15:55:38	231	126	160	157
2021-08-05T15:56:08	229	127	161	160
2021-08-05T15:56:38	230	127	161	159
2021-08-05T15:57:08	232	128	160	160
2021-08-05T15:57:38	230	129	162	161
2021-08-05T15:58:08	233	130	163	162
2021-08-05T15:58:38	234	131	162	163
2021-08-05T15:59:08	234	131	165	164
2021-08-05T15:59:38	234	132	166	165
2021-08-05T16:00:08	234	133	166	166
2021-08-05T16:00:38	235	134	165	167
2021-08-05T16:01:08	237	135	167	168
2021-08-05T16:01:38	238	135	168	170
2021-08-05T16:02:08	241	136	170	171
2021-08-05T16:02:38	245	137	169	172
2021-08-05T16:03:08	243	138	171	171
2021-08-05T16:03:38	241	138	172	172
2021-08-05T16:04:08	242	139	175	173
2021-08-05T16:04:38	243	139	174	174
2021-08-05T16:05:08	245	140	175	175
2021-08-05T16:05:38	245	141	178	177
2021-08-05T16:06:08	245	142	177	177
2021-08-05T16:06:38	249	142	178	179
2021-08-05T16:07:08	249	143	178	179
2021-08-05T16:07:38	250	144	178	180
2021-08-05T16:08:08	251	145	179	180
2021-08-05T16:08:38	250	146	180	182
2021-08-05T16:09:08	251	146	177	181
2021-08-05T16:09:38	250	147	178	182
2021-08-05T16:10:08	252	148	182	184
2021-08-05T16:10:38	254	148	180	185
2021-08-05T16:11:08	253	149	183	185
2021-08-05T16:11:38	254	150	183	186
2021-08-05T16:12:08	256	150	182	187
2021-08-05T16:12:38	256	151	184	187
2021-08-05T16:13:08	258	152	186	188
2021-08-05T16:13:38	258	152	185	189
2021-08-05T16:14:08	256	153	186	190
2021-08-05T16:14:38	259	154	186	190
2021-08-05T16:15:08	260	154	188	190
2021-08-05T16:15:38	260	155	189	192
2021-08-05T16:16:08	262	156	188	192
2021-08-05T16:16:38	264	156	190	193
2021-08-05T16:17:08	262	157	189	194
2021-08-05T16:17:38	263	158	190	194
2021-08-05T16:18:08	256	158	192	193
2021-08-05T16:18:38	249	158	191	193
2021-08-05T16:19:08	245	158	189	192
2021-08-05T16:19:38	238	157	189	191
2021-08-05T16:20:08	236	157	186	190
2021-08-05T16:20:38	231	157	186	189
2021-08-05T16:21:08	228	158	185	188
2021-08-05T16:21:38	225	158	184	187
2021-08-05T16:22:08	222	158	186	186
2021-08-05T16:22:38	220	159	184	185
2021-08-05T16:23:08	217	159	184	184
2021-08-05T16:23:38	214	161	185	184
2021-08-05T16:24:08	212	161	186	183
2021-08-05T16:24:38	210	164	189	183
2021-08-05T16:25:08	209	165	191	183
2021-08-05T16:25:38	208	166	190	182
2021-08-05T16:26:08	207	166	190	183
2021-08-05T16:26:38	207	166	189	182
2021-08-05T16:27:08	206	168	193	182
2021-08-05T16:27:38	204	169	193	182
2021-08-05T16:28:08	203	170	195	183
2021-08-05T16:28:38	202	170	196	183
2021-08-05T16:29:08	202	171	197	183
2021-08-05T16:29:38	201	171	196	183
2021-08-05T16:30:08	202	174	199	183
2021-08-05T16:30:38	201	175	199	184
2021-08-05T16:31:08	200	175	201	184
2021-08-05T16:31:38	200	175	201	184
2021-08-05T16:32:08	199	174	199	185
2021-08-05T16:32:38	199	179	205	185
2021-08-05T16:33:08	199	179	204	185
2021-08-05T16:33:38	203	180	206	186
2021-08-05T16:34:08	204	179	207	187
2021-08-05T16:34:38	204	179	206	188
2021-08-05T16:35:08	203	179	205	189
2021-08-05T16:35:38	208	185	210	190
2021-08-05T16:36:08	210	186	211	191
2021-08-05T16:36:38	209	186	211	191
2021-08-05T16:37:08	209	186	211	192
2021-08-05T16:37:38	209	187	212	193
2021-08-05T16:38:08	209	187	214	193
2021-08-05T16:38:38	214	187	215	194
2021-08-05T16:39:08	215	187	216	196
2021-08-05T16:39:38	214	187	216	197
2021-08-05T16:40:08	215	189	217	197
2021-08-05T16:40:38	214	189	218	198
2021-08-05T16:41:08	218	191	218	198
2021-08-05T16:41:38	220	193	223	199
2021-08-05T16:42:08	219	194	223	200
2021-08-05T16:42:38	219	193	223	201
2021-08-05T16:43:08	222	193	223	202
2021-08-05T16:43:38	224	193	225	204
2021-08-05T16:44:08	224	193	226	204
2021-08-05T16:44:38	223	198	225	205
2021-08-05T16:45:08	224	201	231	206
2021-08-05T16:45:38	226	201	230	208
2021-08-05T16:46:08	228	201	229	209
2021-08-05T16:46:38	228	202	230	209
2021-08-05T16:47:08	227	204	235	209
2021-08-05T16:47:38	230	204	235	211
2021-08-05T16:48:08	235	204	235	212
2021-08-05T16:48:38	235	203	234	214
2021-08-05T16:49:08	236	203	233	215
2021-08-05T16:49:38	234	206	236	215
2021-08-05T16:50:08	232	206	237	216
2021-08-05T16:50:38	237	209	242	217
2021-08-05T16:51:08	239	210	241	218
2021-08-05T16:51:38	240	209	241	219
2021-08-05T16:52:08	239	209	240	220
2021-08-05T16:52:38	237	210	243	220
2021-08-05T16:53:08	243	211	245	221
2021-08-05T16:53:38	244	211	245	222
2021-08-05T16:54:08	244	213	242	224
2021-08-05T16:54:38	243	219	249	224
2021-08-05T16:55:08	243	219	248	225
2021-08-05T16:55:38	247	219	251	226
2021-08-05T16:56:08	247	218	249	227
2021-08-05T16:56:38	245	218	249	228
2021-08-05T16:57:08	250	219	252	229
2021-08-05T16:57:38	249	220	251	230
2021-08-05T16:58:08	249	219	251	230
2021-08-05T16:58:38	253	220	255	232
2021-08-05T16:59:08	251	220	252	232
2021-08-05T16:59:38	252	225	259	233
2021-08-05T17:00:08	256	225	259	235
2021-08-05T17:00:38	256	224	257	235
2021-08-05T17:01:08	256	226	259	236
2021-08-05T17:01:38	254	228	260	237
2021-08-05T17:02:08	260	228	262	238
2021-08-05T17:02:38	261	226	260	240
2021-08-05T17:03:08	261	229	263	241
2021-08-05T17:03:38	259	229	264	242
2021-08-05T17:04:08	260	229	265	241
2021-08-05T17:04:38	266	228	265	243
2021-08-05T17:05:08	266	231	268	243
2021-08-05T17:05:38	264	232	266	245
2021-08-05T17:06:08	263	237	269	245
2021-08-05T17:06:38	266	239	273	247
2021-08-05T17:07:08	268	237	272	247
2021-08-05T17:07:38	270	237	272	249
2021-08-05T17:08:08	270	235	272	250
2021-08-05T17:08:38	269	239	273	250
2021-08-05T17:09:08	273	242	276	251
2021-08-05T17:09:38	273	241	277	252
2021-08-05T17:10:08	273	240	277	253
2021-08-05T17:10:38	276	239	278	254
2021-08-05T17:11:08	274	239	278	255
2021-08-05T17:11:38	274	242	279	255
2021-08-05T17:12:08	277	245	282	257
2021-08-05T17:12:38	278	245	282	257
2021-08-05T17:13:08	279	247	284	258
2021-08-05T17:13:38	283	248	285	261
2021-08-05T17:14:08	282	248	282	261
2021-08-05T17:14:38	282	250	286	261
2021-08-05T17:15:08	283	253	284	263
2021-08-05T17:15:38	283	252	287	264
2021-08-05T17:16:08	286	252	290	265
2021-08-05T17:16:38	288	252	290	266
2021-08-05T17:17:08	287	254	290	267
2021-08-05T17:17:38	287	255	291	268
2021-08-05T17:18:08	289	255	291	268
2021-08-05T17:18:38	290	255	293	268
2021-08-05T17:19:08	290	256	294	269
2021-08-05T17:19:38	293	256	295	270
2021-08-05T17:20:08	294	261	296	272
2021-08-05T17:20:38	294	262	298	273
2021-08-05T17:21:08	294	262	298	273
2021-08-05T17:21:38	295	265	302	274
2021-08-05T17:22:08	295	264	302	276
2021-08-05T17:22:38	298	266	301	277
2021-08-05T17:23:08	298	267	302	278
2021-08-05T17:23:38	300	268	304	279
2021-08-05T17:24:08	305	267	302	280
2021-08-05T17:24:38	307	268	303	282
2021-08-05T17:25:08	305	268	306	282
2021-08-05T17:25:38	302	270	305	283
2021-08-05T17:26:08	307	274	309	284
2021-08-05T17:26:38	305	274	307	285
2021-08-05T17:27:08	307	275	311	285
2021-08-05T17:27:38	309	274	311	287
2021-08-05T17:28:08	309	273	312	287
2021-08-05T17:28:38	309	275	314	288
2021-08-05T17:29:08	313	277	315	288
2021-08-05T17:29:38	312	277	313	289
2021-08-05T17:30:08	311	278	314	291
2021-08-05T17:30:38	315	279	316	292
2021-08-05T17:31:08	314	281	318	293
2021-08-05T17:31:38	313	282	318	293
2021-08-05T17:32:08	318	281	320	293
2021-08-05T17:32:38	316	280	321	296
2021-08-05T17:33:08	320	281	321	296
2021-08-05T17:33:38	321	284	323	297
2021-08-05T17:34:08	319	283	324	299
2021-08-05T17:34:38	325	284	324	299
2021-08-05T17:35:08	322	287	326	301
2021-08-05T17:35:38	324	289	327	302
2021-08-05T17:36:08	322	292	328	303
2021-08-05T17:36:38	326	291	330	304
2021-08-05T17:37:08	325	290	327	305
2021-08-05T17:37:38	328	293	331	306
2021-08-05T17:38:08	326	293	332	307
2021-08-05T17:38:38	331	293	332	308
2021-08-05T17:39:08	330	294	334	309
2021-08-05T17:39:38	331	293	333	310
2021-08-05T17:40:08	330	297	334	311
2021-08-05T17:40:38	335	299	339	311
2021-08-05T17:41:08	339	297	337	312
2021-08-05T17:41:38	340	298	338	314
2021-08-05T17:42:08	343	299	339	315
2021-08-05T17:42:38	346	298	339	315
2021-08-05T17:43:08	350	304	341	317
2021-08-05T17:43:38	350	304	343	318
2021-08-05T17:44:08	352	302	342	318
2021-08-05T17:44:38	354	301	342	320
2021-08-05T17:45:08	354	303	345	320
2021-08-05T17:45:38	355	303	346	320
2021-08-05T17:46:08	359	305	346	321
2021-08-05T17:46:38	360	308	351	323
2021-08-05T17:47:08	360	307	349	324
2021-08-05T17:47:38	363	310	350	324
2021-08-05T17:48:08	364	309	350	325
2021-08-05T17:48:38	364	311	353	326
2021-08-05T17:49:08	367	311	352	328
2021-08-05T17:49:38	366	313	353	329
2021-08-05T17:50:08	369	313	354	327
2021-08-05T17:50:38	368	313	357	330
2021-08-05T17:51:08	368	313	355	330
2021-08-05T17:51:38	369	315	357	331
2021-08-05T17:52:08	371	316	359	331
2021-08-05T17:52:38	371	316	358	333
2021-08-05T17:53:08	374	320	364	334
2021-08-05T17:53:38	374	319	363	335
2021-08-05T17:54:08	376	319	360	336
2021-08-05T17:54:38	376	322	365	336
2021-08-05T17:55:08	375	321	363	337
2021-08-05T17:55:38	377	324	368	339
2021-08-05T17:56:08	378	322	367	339
2021-08-05T17:56:38	378	323	363	339
2021-08-05T17:57:08	379	325	369	340
2021-08-05T17:57:38	379	324	368	340
2021-08-05T17:58:08	379	328	370	342
2021-08-05T17:58:38	382	327	372	342
2021-08-05T17:59:08	381	328	373	343
2021-08-05T17:59:38	382	331	371	344
2021-08-05T18:00:08	383	332	376	346
2021-08-05T18:00:38	383	332	374	346
2021-08-05T18:01:08	383	333	377	347
2021-08-05T18:01:38	385	333	378	347
2021-08-05T18:02:08	387	336	374	348
2021-08-05T18:02:38	389	336	381	349
2021-08-05T18:03:08	387	334	378	349
2021-08-05T18:03:38	389	337	380	351
2021-08-05T18:04:08	390	339	384	352
2021-08-05T18:04:38	391	337	383	353
2021-08-05T18:05:08	389	341	384	353
2021-08-05T18:05:38	392	343	387	353
2021-08-05T18:06:08	392	342	386	354
2021-08-05T18:06:38	394	342	385	355
2021-08-05T18:07:08	394	343	387	356
2021-08-05T18:07:38	396	343	389	358
2021-08-05T18:08:08	396	344	388	358
2021-08-05T18:08:38	395	348	389	359
2021-08-05T18:09:08	397	350	394	360
2021-08-05T18:09:38	397	347	391	360
2021-08-05T18:10:08	397	350	392	361
2021-08-05T18:10:38	398	352	395	362
2021-08-05T18:11:08	398	350	395	363
2021-08-05T18:11:38	400	353	397	364
2021-08-05T18:12:08	400	354	395	365
2021-08-05T18:12:38	401	355	400	367
2021-08-05T18:13:08	401	354	400	368
2021-08-05T18:13:38	401	353	398	367
2021-08-05T18:14:08	403	358	401	368
2021-08-05T18:14:38	405	357	403	370
2021-08-05T18:15:08	407	357	401	370
2021-08-05T18:15:38	406	358	405	371
2021-08-05T18:16:08	407	362	407	371
2021-08-05T18:16:38	407	362	406	372
2021-08-05T18:17:08	407	363	407	373
2021-08-05T18:17:38	410	364	406	374
2021-08-05T18:18:08	409	364	411	376
2021-08-05T18:18:38	409	364	410	376
2021-08-05T18:19:08	409	365	409	377
2021-08-05T18:19:38	411	368	415	378
2021-08-05T18:20:08	411	366	413	380
2021-08-05T18:20:38	411	367	412	380
2021-08-05T18:21:08	416	371	417	381
2021-08-05T18:21:38	417	371	414	382
2021-08-05T18:22:08	419	372	418	383
2021-08-05T18:22:38	420	371	416	385
2021-08-05T18:23:08	418	373	419	386
2021-08-05T18:23:38	418	376	420	386
2021-08-05T18:24:08	420	376	421	387
2021-08-05T18:24:38	420	375	422	388
2021-08-05T18:25:08	420	375	425	389
2021-08-05T18:25:38	424	376	424	390
2021-08-05T18:26:08	426	378	424	391
2021-08-05T18:26:38	427	378	426	392
2021-08-05T18:27:08	428	379	426	394
2021-08-05T18:27:38	427	381	429	395
2021-08-05T18:28:08	425	381	429	397
2021-08-05T18:28:38	431	383	428	397
2021-08-05T18:29:08	431	384	430	397
2021-08-05T18:29:38	431	385	433	399
2021-08-05T18:30:08	431	385	433	400
2021-08-05T18:30:38	432	386	433	402
2021-08-05T18:31:08	433	387	436	401
2021-08-05T18:31:38	434	387	434	403
2021-08-05T18:32:08	433	388	434	404
2021-08-05T18:32:38	436	390	436	405
2021-08-05T18:33:08	437	392	438	406
2021-08-05T18:33:38	439	392	443	406
2021-08-05T18:34:08	438	392	438	407
2021-08-05T18:34:38	440	394	441	408
2021-08-05T18:35:08	440	393	441	407
2021-08-05T18:35:38	443	396	444	409
2021-08-05T18:36:08	444	395	445	411
2021-08-05T18:36:38	444	395	445	412
2021-08-05T18:37:08	443	397	446	413
2021-08-05T18:37:38	447	396	445	414
2021-08-05T18:38:08	446	400	447	415
2021-08-05T18:38:38	447	401	451	416
2021-08-05T18:39:08	450	401	449	417
2021-08-05T18:39:38	451	404	455	419
2021-08-05T18:40:08	450	403	451	419
2021-08-05T18:40:38	452	403	454	420
2021-08-05T18:41:08	452	405	455	421
2021-08-05T18:41:38	453	408	454	422
2021-08-05T18:42:08	456	407	457	423
2021-08-05T18:42:38	456	410	457	425
2021-08-05T18:43:08	454	409	459	426
2021-08-05T18:43:38	457	409	460	427
2021-08-05T18:44:08	457	411	460	428
2021-08-05T18:44:38	459	412	460	429
2021-08-05T18:45:08	461	415	465	431
2021-08-05T18:45:38	461	412	463	433
2021-08-05T18:46:08	464	417	466	433
2021-08-05T18:46:38	462	418	466	434
2021-08-05T18:47:08	464	419	468	435
2021-08-05T18:47:38	464	418	468	435
2021-08-05T18:48:08	467	420	466	436
2021-08-05T18:48:38	465	421	470	438
2021-08-05T18:49:08	469	422	470	439
2021-08-05T18:49:38	470	424	473	440
2021-08-05T18:50:08	471	425	472	439
2021-08-05T18:50:38	471	425	475	442
2021-08-05T18:51:08	472	423	472	443
2021-08-05T18:51:38	474	427	475	444
2021-08-05T18:52:08	474	426	475	445
2021-08-05T18:52:38	474	428	476	446
2021-08-05T18:53:08	474	429	476	447
2021-08-05T18:53:38	479	431	478	446
2021-08-05T18:54:08	479	432	480	448
2021-08-05T18:54:38	479	433	482	449
2021-08-05T18:55:08	480	432	482	450
2021-08-05T18:55:38	480	433	484	452
2021-08-05T18:56:08	481	434	481	453
2021-08-05T18:56:38	484	435	482	454
2021-08-05T18:57:08	484	438	486	455
2021-08-05T18:57:38	484	438	486	456
2021-08-05T18:58:08	486	439	487	457
2021-08-05T18:58:38	487	439	488	459
2021-08-05T18:59:08	486	440	490	459
2021-08-05T18:59:38	488	441	490	461
2021-08-05T19:00:08	490	444	493	459
2021-08-05T19:00:38	488	444	493	461
2021-08-05T19:01:08	494	447	494	463
2021-08-05T19:01:38	493	447	495	464
2021-08-05T19:02:08	494	448	497	464
2021-08-05T19:02:38	495	448	495	465
2021-08-05T19:03:08	493	449	498	467
2021-08-05T19:03:38	496	451	498	467
2021-08-05T19:04:08	496	453	501	468
2021-08-05T19:04:38	499	454	500	471
2021-08-05T19:05:08	499	452	500	471
2021-08-05T19:05:38	501	454	501	472
2021-08-05T19:06:08	500	456	504	473
2021-08-05T19:06:38	502	458	502	472
2021-08-05T19:07:08	504	458	505	474
2021-08-05T19:07:38	503	457	504	476
2021-08-05T19:08:08	505	460	509	477
2021-08-05T19:08:38	506	460	507	478
2021-08-05T19:09:08	506	462	509	479
2021-08-05T19:09:38	507	462	509	480
2021-08-05T19:10:08	508	464	513	482
2021-08-05T19:10:38	511	464	512	483
2021-08-05T19:11:08	512	466	513	484
2021-08-05T19:11:38	511	466	514	484
2021-08-05T19:12:08	514	468	514	485
2021-08-05T19:12:38	513	469	517	487
2021-08-05T19:13:08	514	468	514	488
2021-08-05T19:13:38	517	470	517	488
2021-08-05T19:14:08	519	471	519	490
2021-08-05T19:14:38	515	470	521	492
2021-08-05T19:15:08	522	472	518	492
2021-08-05T19:15:38	520	474	521	494
2021-08-05T19:16:08	521	477	523	494
2021-08-05T19:16:38	521	475	524	495
2021-08-05T19:17:08	521	477	526	496
2021-08-05T19:17:38	525	477	527	498
2021-08-05T19:18:08	526	479	527	498
2021-08-05T19:18:38	526	482	528	501
2021-08-05T19:19:08	526	480	530	501
2021-08-05T19:19:38	529	480	529	503
2021-08-05T19:20:08	528	481	531	503
2021-08-05T19:20:38	529	481	528	503
2021-08-05T19:21:08	531	483	533	504
2021-08-05T19:21:38	530	483	531	505
2021-08-05T19:22:08	532	486	534	506
2021-08-05T19:22:38	534	488	538	506
2021-08-05T19:23:08	534	487	535	506
2021-08-05T19:23:38	535	490	538	508
2021-08-05T19:24:08	535	490	537	509
2021-08-05T19:24:38	539	491	537	510
2021-08-05T19:25:08	538	493	542	512
2021-08-05T19:25:38	540	491	539	513
2021-08-05T19:26:08	541	493	541	514
2021-08-05T19:26:38	540	494	544	516
2021-08-05T19:27:08	542	494	543	515
2021-08-05T19:27:38	544	497	543	517
2021-08-05T19:28:08	543	497	547	518
2021-08-05T19:28:38	546	497	544	520
2021-08-05T19:29:08	546	498	550	521
2021-08-05T19:29:38	547	501	549	521
2021-08-05T19:30:08	549	501	550	522
2021-08-05T19:30:38	550	501	550	523
2021-08-05T19:31:08	550	502	552	524
2021-08-05T19:31:38	552	503	551	524
2021-08-05T19:32:08	551	504	554	524
2021-08-05T19:32:38	556	503	553	526
2021-08-05T19:33:08	554	505	556	528
2021-08-05T19:33:38	555	507	556	529
2021-08-05T19:34:08	555	508	557	531
2021-08-05T19:34:38	558	509	558	531
2021-08-05T19:35:08	558	510	560	533
2021-08-05T19:35:38	559	510	561	536
2021-08-05T19:36:08	559	512	561	535
2021-08-05T19:36:38	563	513	562	536
2021-08-05T19:37:08	562	514	563	537
2021-08-05T19:37:38	564	513	563	540
2021-08-05T19:38:08	564	517	568	540
2021-08-05T19:38:38	564	515	568	541
2021-08-05T19:39:08	566	517	570	542
2021-08-05T19:39:38	566	519	569	543
2021-08-05T19:40:08	568	517	567	544
2021-08-05T19:40:38	570	519	568	545
2021-08-05T19:41:08	568	521	570	546
2021-08-05T19:41:38	571	522	572	547
2021-08-05T19:42:08	574	524	575	548
2021-08-05T19:42:38	573	524	574	550
2021-08-05T19:43:08	571	525	574	551
2021-08-05T19:43:38	574	526	578	551
2021-08-05T19:44:08	576	526	575	552
2021-08-05T19:44:38	576	527	577	553
2021-08-05T19:45:08	577	528	579	555
2021-08-05T19:45:38	578	529	580	555
2021-08-05T19:46:08	581	529	581	556
2021-08-05T19:46:38	579	532	583	558
2021-08-05T19:47:08	581	532	583	559
2021-08-05T19:47:38	582	532	584	560
2021-08-05T19:48:08	584	534	585	560
2021-08-05T19:48:38	585	536	586	562
2021-08-05T19:49:08	587	536	585	562
2021-08-05T19:49:38	586	537	587	564
2021-08-05T19:50:08	589	537	587	565
2021-08-05T19:50:38	588	538	590	566
2021-08-05T19:51:08	591	539	593	567
2021-08-05T19:51:38	590	540	591	570
2021-08-05T19:52:08	591	540	594	570
2021-08-05T19:52:38	593	541	595	570
2021-08-05T19:53:08	593	544	595	572
2021-08-05T19:53:38	596	544	594	573
2021-08-05T19:54:08	594	546	599	574
2021-08-05T19:54:38	599	544	597	576
2021-08-05T19:55:08	595	546	599	578
2021-08-05T19:55:38	599	549	601	578
2021-08-05T19:56:08	598	548	602	578
2021-08-05T19:56:38	600	548	600	579
2021-08-05T19:57:08	601	550	604	581
2021-08-05T19:57:38	602	551	604	582
2021-08-05T19:58:08	603	552	606	583
2021-08-05T19:58:38	603	551	605	583
2021-08-05T19:59:08	606	553	607	584
2021-08-05T19:59:38	607	553	608	585
2021-08-05T20:00:08	606	555	609	586
2021-08-05T20:00:38	608	555	612	587
2021-08-05T20:01:08	609	555	610	588
2021-08-05T20:01:38	610	558	611	589
2021-08-05T20:02:08	611	558	612	591
2021-08-05T20:02:38	610	561	613	592
2021-08-05T20:03:08	613	563	616	593
2021-08-05T20:03:38	616	562	616	595
2021-08-05T20:04:08	615	562	615	595
2021-08-05T20:04:38	616	564	620	596
2021-08-05T20:05:08	617	565	620	599
2021-08-05T20:05:38	618	566	621	600
2021-08-05T20:06:08	618	565	619	599
2021-08-05T20:06:38	621	567	623	600
2021-08-05T20:07:08	619	569	622	601
2021-08-05T20:07:38	622	568	622	602
2021-08-05T20:08:08	623	570	624	604
2021-08-05T20:08:38	625	572	626	605
2021-08-05T20:09:08	623	571	625	606
2021-08-05T20:09:38	625	573	628	607
2021-08-05T20:10:08	626	575	629	607
2021-08-05T20:10:38	627	575	629	609
2021-08-05T20:11:08	629	576	632	610
2021-08-05T20:11:38	630	576	631	611
2021-08-05T20:12:08	630	578	630	612
2021-08-05T20:12:38	631	578	634	613
2021-08-05T20:13:08	633	578	633	614
2021-08-05T20:13:38	633	581	637	614
2021-08-05T20:14:08	634	582	636	615
2021-08-05T20:14:38	635	582	637	618
2021-08-05T20:15:08	635	584	639	618
2021-08-05T20:15:38	638	584	641	619
2021-08-05T20:16:08	639	585	640	621
2021-08-05T20:16:38	639	587	641	621
2021-08-05T20:17:08	641	587	643	623
2021-08-05T20:17:38	643	588	642	623
2021-08-05T20:18:08	642	590	644	624
2021-08-05T20:18:38	643	589	643	626
2021-08-05T20:19:08	644	591	646	626
2021-08-05T20:19:38	646	591	648	628
2021-08-05T20:20:08	644	592	648	628
2021-08-05T20:20:38	648	594	650	630
2021-08-05T20:21:08	647	593	649	630
2021-08-05T20:21:38	649	596	652	631
2021-08-05T20:22:08	650	597	653	634
2021-08-05T20:22:38	652	599	653	635
2021-08-05T20:23:08	651	599	652	636
2021-08-05T20:23:38	654	599	655	636
2021-08-05T20:24:08	654	600	655	636
2021-08-05T20:24:38	654	601	656	638
2021-08-05T20:25:08	655	603	658	639
2021-08-05T20:25:38	658	604	659	641
2021-08-05T20:26:08	658	604	660	641
2021-08-05T20:26:38	659	605	662	643
2021-08-05T20:27:08	660	604	661	644
2021-08-05T20:27:38	661	605	663	646
2021-08-05T20:28:08	662	607	663	645
2021-08-05T20:28:38	664	609	665	646
2021-08-05T20:29:08	664	611	666	647
2021-08-05T20:29:38	664	611	668	648
2021-08-05T20:30:08	664	611	666	649
2021-08-05T20:30:38	667	613	668	651
2021-08-05T20:31:08	667	614	670	651
2021-08-05T20:31:38	671	616	670	653
2021-08-05T20:32:08	667	615	672	654
2021-08-05T20:32:38	672	617	674	654
2021-08-05T20:33:08	672	617	673	655
2021-08-05T20:33:38	673	618	675	657
2021-08-05T20:34:08	673	620	675	657
2021-08-05T20:34:38	675	621	677	658
2021-08-05T20:35:08	674	621	676	659
2021-08-05T20:35:38	677	622	677	660
2021-08-05T20:36:08	677	623	678	661
2021-08-05T20:36:38	678	624	681	663
2021-08-05T20:37:08	680	625	681	664
2021-08-05T20:37:38	681	626	682	664
2021-08-05T20:38:08	681	627	681	666
2021-08-05T20:38:38	683	628	686	666
2021-08-05T20:39:08	682	630	686	668
2021-08-05T20:39:38	686	630	686	669
2021-08-05T20:40:08	683	631	686	669
2021-08-05T20:40:38	686	632	686	670
2021-08-05T20:41:08	688	633	689	672
2021-08-05T20:41:38	688	634	690	673
2021-08-05T20:42:08	691	635	691	674
2021-08-05T20:42:38	690	636	693	674
2021-08-05T20:43:08	691	637	694	676
2021-08-05T20:43:38	692	638	694	676
2021-08-05T20:44:08	692	639	695	678
2021-08-05T20:44:38	693	640	696	678
2021-08-05T20:45:08	694	641	698	680
2021-08-05T20:45:38	696	641	697	681
2021-08-05T20:46:08	699	642	699	682
2021-08-05T20:46:38	698	644	699	683
2021-08-05T20:47:08	699	643	699	685
2021-08-05T20:47:38	702	645	701	684
2021-08-05T20:48:08	701	646	702	685
2021-08-05T20:48:38	701	647	703	687
2021-08-05T20:49:08	703	650	705	688
2021-08-05T20:49:38	704	649	705	689
2021-08-05T20:50:08	705	652	706	691
2021-08-05T20:50:38	706	652	709	692
2021-08-05T20:51:08	706	653	706	693
2021-08-05T20:51:38	707	654	709	693
2021-08-05T20:52:08	710	655	711	695
2021-08-05T20:52:38	709	656	712	695
2021-08-05T20:53:08	712	658	713	697
2021-08-05T20:53:38	712	658	713	697
2021-08-05T20:54:08	712	659	716	697
2021-08-05T20:54:38	716	660	716	699
2021-08-05T20:55:08	713	661	716	701
2021-08-05T20:55:38	717	662	717	700
2021-08-05T20:56:08	716	663	719	701
2021-08-05T20:56:38	717	664	719	703
2021-08-05T20:57:08	720	665	721	705
2021-08-05T20:57:38	719	666	722	705
2021-08-05T20:58:08	720	667	723	707
2021-08-05T20:58:38	722	668	724	708
2021-08-05T20:59:08	722	669	724	709
2021-08-05T20:59:38	724	669	724	710
2021-08-05T21:00:08	725	671	727	711
2021-08-05T21:00:38	726	672	726	712
2021-08-05T21:01:08	728	673	728	713
2021-08-05T21:01:38	728	673	729	713
2021-08-05T21:02:08	729	674	729	714
2021-08-05T21:02:38	730	675	730	714
2021-08-05T21:03:08	730	676	731	717
2021-08-05T21:03:38	730	677	732	717
2021-08-05T21:04:08	733	677	732	718
2021-08-05T21:04:38	733	678	735	719
2021-08-05T21:05:08	736	680	735	721
2021-08-05T21:05:38	735	680	735	721
2021-08-05T21:06:08	737	681	736	722
2021-08-05T21:06:38	737	682	736	723
2021-08-05T21:07:08	738	683	738	724
2021-08-05T21:07:38	740	684	739	725
2021-08-05T21:08:08	739	685	739	726
2021-08-05T21:08:38	742	686	741	727
2021-08-05T21:09:08	744	687	742	728
2021-08-05T21:09:38	743	688	743	728
2021-08-05T21:10:08	744	689	743	729
2021-08-05T21:10:38	746	690	745	731
2021-08-05T21:11:08	746	691	746	732
2021-08-05T21:11:38	748	691	745	733
2021-08-05T21:12:08	749	692	747	733
2021-08-05T21:12:38	751	693	748	734
2021-08-05T21:13:08	750	694	748	735
2021-08-05T21:13:38	752	695	750	736
2021-08-05T21:14:08	751	696	750	737
2021-08-05T21:14:38	753	697	751	738
2021-08-05T21:15:08	754	698	753	740
2021-08-05T21:15:38	756	699	755	740
2021-08-05T21:16:08	756	700	755	741
2021-08-05T21:16:38	757	700	754	742
2021-08-05T21:17:08	759	701	757	743
2021-08-05T21:17:38	759	702	757	744
2021-08-05T21:18:08	759	703	758	746
2021-08-05T21:18:38	761	703	758	747
2021-08-05T21:19:08	762	704	758	747
2021-08-05T21:19:38	762	706	761	748
2021-08-05T21:20:08	764	706	762	749
2021-08-05T21:20:38	764	707	763	749
2021-08-05T21:21:08	764	708	764	751
2021-08-05T21:21:38	767	710	765	752
2021-08-05T21:22:08	767	710	765	753
2021-08-05T21:22:38	769	711	766	754
2021-08-05T21:23:08	769	712	767	755
2021-08-05T21:23:38	771	713	768	756
2021-08-05T21:24:08	772	713	769	756
2021-08-05T21:24:38	772	714	770	758
2021-08-05T21:25:08	773	715	771	758
2021-08-05T21:25:38	776	716	772	759
2021-08-05T21:26:08	774	717	771	761
2021-08-05T21:26:38	776	718	772	762
2021-08-05T21:27:08	777	719	774	762
2021-08-05T21:27:38	778	719	773	764
2021-08-05T21:28:08	780	720	776	764
2021-08-05T21:28:38	780	721	777	765
2021-08-05T21:29:08	781	722	777	766
2021-08-05T21:29:38	783	723	779	767
2021-08-05T21:30:08	783	723	779	768
2021-08-05T21:30:38	784	725	779	769
2021-08-05T21:31:08	785	726	780	770
2021-08-05T21:31:38	786	726	781	770
2021-08-05T21:32:08	787	727	781	772
2021-08-05T21:32:38	790	728	783	773
2021-08-05T21:33:08	789	729	783	773
2021-08-05T21:33:38	791	730	784	774
2021-08-05T21:34:08	790	731	785	775
2021-08-05T21:34:38	793	732	786	776
2021-08-05T21:35:08	792	732	786	777
2021-08-05T21:35:38	795	734	788	777
2021-08-05T21:36:08	795	735	788	779
2021-08-05T21:36:38	797	735	790	780
2021-08-05T21:37:08	797	735	790	780
2021-08-05T21:37:38	799	737	790	782
2021-08-05T21:38:08	798	738	792	783
2021-08-05T21:38:38	800	739	794	783
2021-08-05T21:39:08	801	740	792	784
2021-08-05T21:39:38	802	740	793	784
2021-08-05T21:40:08	803	741	794	786
2021-08-05T21:40:38	805	742	796	787
2021-08-05T21:41:08	804	743	796	789
2021-08-05T21:41:38	806	744	797	788
2021-08-05T21:42:08	807	745	797	790
2021-08-05T21:42:38	809	745	797	790
2021-08-05T21:43:08	808	746	799	792
2021-08-05T21:43:38	810	747	799	792
2021-08-05T21:44:08	811	748	802	794
2021-08-05T21:44:38	812	749	801	794
2021-08-05T21:45:08	813	750	803	795
2021-08-05T21:45:38	813	751	803	796
2021-08-05T21:46:08	815	751	804	798
2021-08-05T21:46:38	816	752	806	799
2021-08-05T21:47:08	817	753	806	799
2021-08-05T21:47:38	818	754	807	800
2021-08-05T21:48:08	818	755	807	801
2021-08-05T21:48:38	819	756	810	801
2021-08-05T21:49:08	821	756	808	803
2021-08-05T21:49:38	821	757	810	803
2021-08-05T21:50:08	822	758	811	805
2021-08-05T21:50:38	823	759	812	805
2021-08-05T21:51:08	824	760	812	805
2021-08-05T21:51:38	826	761	815	806
2021-08-05T21:52:08	826	761	813	808
2021-08-05T21:52:38	827	762	815	809
2021-08-05T21:53:08	827	763	815	810
2021-08-05T21:53:38	829	764	818	811
2021-08-05T21:54:08	829	764	818	812
2021-08-05T21:54:38	830	765	819	812
2021-08-05T21:55:08	831	766	819	814
2021-08-05T21:55:38	832	766	820	815
2021-08-05T21:56:08	833	767	822	816
2021-08-05T21:56:38	833	768	822	815
2021-08-05T21:57:08	834	769	822	817
2021-08-05T21:57:38	835	770	823	817
2021-08-05T21:58:08	836	770	824	819
2021-08-05T21:58:38	836	770	824	820
2021-08-05T21:59:08	838	771	827	821
2021-08-05T21:59:38	839	772	826	822
2021-08-05T22:00:08	840	773	828	821
2021-08-05T22:00:38	841	774	829	822
2021-08-05T22:01:08	841	774	829	824
2021-08-05T22:01:38	842	775	830	825
2021-08-05T22:02:08	843	775	830	825
2021-08-05T22:02:38	843	776	832	827
2021-08-05T22:03:08	845	777	832	828
2021-08-05T22:03:38	845	778	833	829
2021-08-05T22:04:08	846	778	834	830
2021-08-05T22:04:38	847	779	834	830
2021-08-05T22:05:08	848	780	836	832
2021-08-05T22:05:38	850	780	836	833
2021-08-05T22:06:08	850	781	838	834
2021-08-05T22:06:38	851	782	840	834
2021-08-05T22:07:08	852	782	839	834
2021-08-05T22:07:38	853	783	840	836
2021-08-05T22:08:08	854	784	840	837
2021-08-05T22:08:38	855	784	842	839
2021-08-05T22:09:08	856	785	842	839
2021-08-05T22:09:38	857	786	843	840
2021-08-05T22:10:08	857	787	844	841
2021-08-05T22:10:38	858	788	844	841
2021-08-05T22:11:08	859	788	845	841
2021-08-05T22:11:38	860	788	847	843
2021-08-05T22:12:08	861	790	847	844
2021-08-05T22:12:38	862	790	849	844
2021-08-05T22:13:08	863	791	849	846
2021-08-05T22:13:38	864	791	851	847
2021-08-05T22:14:08	865	792	852	848
2021-08-05T22:14:38	866	793	855	848
2021-08-05T22:15:08	866	793	854	850
2021-08-05T22:15:38	867	794	855	851
2021-08-05T22:16:08	869	795	856	851
2021-08-05T22:16:38	870	796	856	853
2021-08-05T22:17:08	870	797	856	854
2021-08-05T22:17:38	871	798	858	855
2021-08-05T22:18:08	872	799	859	855
2021-08-05T22:18:38	874	799	860	856
2021-08-05T22:19:08	875	800	860	857
2021-08-05T22:19:38	875	800	862	859
2021-08-05T22:20:08	877	801	863	860
2021-08-05T22:20:38	876	802	864	861
2021-08-05T22:21:08	878	803	865	861
2021-08-05T22:21:38	879	804	866	863
2021-08-05T22:22:08	880	805	868	864
2021-08-05T22:22:38	880	806	868	865
2021-08-05T22:23:08	881	807	869	865
2021-08-05T22:23:38	882	808	870	867
2021-08-05T22:24:08	883	808	871	867
2021-08-05T22:24:38	883	809	872	868
2021-08-05T22:25:08	884	810	872	869
2021-08-05T22:25:38	886	811	874	870
2021-08-05T22:26:08	887	812	873	872
2021-08-05T22:26:38	889	813	876	873
2021-08-05T22:27:08	889	813	875	873
2021-08-05T22:27:38	890	814	877	876
2021-08-05T22:28:08	891	815	879	875
2021-08-05T22:28:38	893	816	878	877
2021-08-05T22:29:08	893	817	879	877
2021-08-05T22:29:38	895	818	881	878
2021-08-05T22:30:08	895	819	881	879
2021-08-05T22:30:38	896	820	882	881
2021-08-05T22:31:08	897	821	884	881
2021-08-05T22:31:38	898	822	885	883
2021-08-05T22:32:08	899	823	885	884
2021-08-05T22:32:38	898	824	886	885
2021-08-05T22:33:08	900	825	887	885
2021-08-05T22:33:38	899	825	888	886
2021-08-05T22:34:08	897	826	888	886
2021-08-05T22:34:38	899	827	889	886
2021-08-05T22:35:08	899	828	890	886
2021-08-05T22:35:38	898	829	891	887
2021-08-05T22:36:08	898	830	891	887
2021-08-05T22:36:38	899	830	892	887
2021-08-05T22:37:08	900	831	892	888
2021-08-05T22:37:38	900	832	894	888
2021-08-05T22:38:08	899	833	895	889
2021-08-05T22:38:38	899	834	895	889
2021-08-05T22:39:08	899	835	894	890
2021-08-05T22:39:38	900	835	896	890
2021-08-05T22:40:08	900	836	896	889
2021-08-05T22:40:38	900	838	897	891
2021-08-05T22:41:08	900	839	897	890
2021-08-05T22:41:38	900	840	897	890
2021-08-05T22:42:08	899	840	898	890
2021-08-05T22:42:38	900	841	899	891
2021-08-05T22:43:08	900	842	900	891
2021-08-05T22:43:38	898	843	900	892
2021-08-05T22:44:08	900	843	900	892
2021-08-05T22:44:38	899	844	900	892
2021-08-05T22:45:08	899	845	901	893
2021-08-05T22:45:38	900	846	902	892
2021-08-05T22:46:08	899	846	901	892
2021-08-05T22:46:38	900	846	900	893
2021-08-05T22:47:08	900	847	903	892
2021-08-05T22:47:38	899	847	902	892
2021-08-05T22:48:08	899	848	901	892
2021-08-05T22:48:38	901	848	902	893
2021-08-05T22:49:08	899	848	902	894
2021-08-05T22:49:38	900	849	902	893
2021-08-05T22:50:08	898	849	901	893
2021-08-05T22:50:38	899	849	900	893
2021-08-05T22:51:08	899	850	901	894
2021-08-05T22:51:38	900	850	901	893
2021-08-05T22:52:08	900	853	903	894
2021-08-05T22:52:38	899	852	903	894
2021-08-05T22:53:08	900	852	902	893
2021-08-05T22:53:38	898	853	903	894
2021-08-05T22:54:08	900	854	902	894
2021-08-05T22:54:38	900	854	900	895
2021-08-05T22:55:08	901	854	902	895
2021-08-05T22:55:38	899	856	902	895
2021-08-05T22:56:08	899	855	903	896
2021-08-05T22:56:38	900	856	903	896
2021-08-05T22:57:08	900	856	901	896
2021-08-05T22:57:38	901	857	901	896
2021-08-05T22:58:08	901	857	901	896
2021-08-05T22:58:38	900	857	903	896
2021-08-05T22:59:08	901	859	902	895
2021-08-05T22:59:38	901	859	903	895
2021-08-05T23:00:08	901	859	902	895
2021-08-05T23:00:38	901	860	903	896
2021-08-05T23:01:08	900	860	902	895
2021-08-05T23:01:38	901	861	902	895
2021-08-05T23:02:08	901	862	901	895
2021-08-05T23:02:38	902	862	902	895
2021-08-05T23:03:08	902	862	903	895
2021-08-05T23:03:38	902	862	901	896
2021-08-05T23:04:08	901	863	901	896
2021-08-05T23:04:38	903	863	902	895
2021-08-05T23:05:08	903	864	903	896
2021-08-05T23:05:38	902	865	902	896
2021-08-05T23:06:08	902	865	903	896
2021-08-05T23:06:38	903	866	902	896
2021-08-05T23:07:08	903	865	902	897
2021-08-05T23:07:38	903	866	903	897
2021-08-05T23:08:08	902	866	903	897
2021-08-05T23:08:38	902	867	901	897
2021-08-05T23:09:08	903	868	903	897
2021-08-05T23:09:38	903	867	902	897
2021-08-05T23:10:08	903	867	903	898
2021-08-05T23:10:38	904	868	902	898
2021-08-05T23:11:08	904	867	903	898
2021-08-05T23:11:38	904	868	902	897
2021-08-05T23:12:08	905	868	902	898
2021-08-05T23:12:38	904	869	904	898
2021-08-05T23:13:08	905	868	901	898
2021-08-05T23:13:38	905	869	903	898
2021-08-05T23:14:08	905	869	903	898
2021-08-05T23:14:38	905	869	901	899
2021-08-05T23:15:08	905	870	902	899
2021-08-05T23:15:38	905	869	903	898
2021-08-05T23:16:08	906	870	903	898
2021-08-05T23:16:38	906	870	903	899
2021-08-05T23:17:08	906	870	901	899
2021-08-05T23:17:38	906	870	902	900
2021-08-05T23:18:08	907	871	903	899
2021-08-05T23:18:38	907	872	902	899
2021-08-05T23:19:08	905	872	904	900
2021-08-05T23:19:38	903	872	903	899
2021-08-05T23:20:08	900	873	901	898
2021-08-05T23:20:38	902	873	902	899
2021-08-05T23:21:08	905	873	902	899
2021-08-05T23:21:38	906	873	903	900
2021-08-05T23:22:08	907	874	902	901
2021-08-05T23:22:38	907	875	903	901
2021-08-05T23:23:08	907	874	904	901
2021-08-05T23:23:38	909	875	902	901
2021-08-05T23:24:08	908	874	902	901
2021-08-05T23:24:38	909	875	902	901
2021-08-05T23:25:08	909	875	903	902
2021-08-05T23:25:38	909	875	902	902
2021-08-05T23:26:08	909	876	902	902
2021-08-05T23:26:38	910	877	903	902
2021-08-05T23:27:08	910	875	903	902
2021-08-05T23:27:38	910	877	903	902
2021-08-05T23:28:08	911	877	902	902
2021-08-05T23:28:38	911	877	902	903
2021-08-05T23:29:08	910	877	903	903
2021-08-05T23:29:38	911	878	902	903
2021-08-05T23:30:08	911	879	902	902
2021-08-05T23:30:38	912	878	902	903
2021-08-05T23:31:08	912	879	902	904
2021-08-05T23:31:38	910	877	903	903
2021-08-05T23:32:08	911	878	903	904
2021-08-05T23:32:38	908	878	902	904
2021-08-05T23:33:08	905	879	902	904
2021-08-05T23:33:38	901	879	902	903
2021-08-05T23:34:08	900	880	904	901
2021-08-05T23:34:38	901	881	904	902
2021-08-05T23:35:08	899	880	901	901
2021-08-05T23:35:38	901	881	901	901
2021-08-05T23:36:08	899	881	903	902
2021-08-05T23:36:38	900	882	904	901
2021-08-05T23:37:08	901	882	902	901
2021-08-05T23:37:38	899	881	903	902
2021-08-05T23:38:08	901	882	902	902
2021-08-05T23:38:38	899	883	902	902
2021-08-05T23:39:08	900	883	903	902
2021-08-05T23:39:38	899	884	904	902
2021-08-05T23:40:08	899	882	902	902
2021-08-05T23:40:38	900	883	902	902
2021-08-05T23:41:08	900	885	903	902
2021-08-05T23:41:38	900	883	902	902
2021-08-05T23:42:08	899	884	902	902
2021-08-05T23:42:38	900	885	903	903
2021-08-05T23:43:08	901	885	902	901
2021-08-05T23:43:38	899	884	902	903
2021-08-05T23:44:08	901	885	903	902
2021-08-05T23:44:38	899	886	903	902
2021-08-05T23:45:08	901	886	903	903
2021-08-05T23:45:38	898	885	903	903
2021-08-05T23:46:08	901	886	903	903
2021-08-05T23:46:39	899	887	903	902
2021-08-05T23:47:09	901	885	902	903
2021-08-05T23:47:39	900	886	902	903
2021-08-05T23:48:09	900	886	903	903
2021-08-05T23:48:39	900	886	902	902
2021-08-05T23:49:09	900	887	903	902
2021-08-05T23:49:39	900	886	902	902
2021-08-05T23:50:09	900	888	903	903
2021-08-05T23:50:39	900	887	903	903
2021-08-05T23:51:09	899	888	903	904
2021-08-05T23:51:39	901	887	903	904
2021-08-05T23:52:09	899	888	903	903
2021-08-05T23:52:39	901	888	902	904
2021-08-05T23:53:09	899	888	903	903
2021-08-05T23:53:39	901	888	903	904
2021-08-05T23:54:09	899	888	903	904
2021-08-05T23:54:39	901	888	902	904
2021-08-05T23:55:09	899	889	903	903
2021-08-05T23:55:39	901	888	902	904
2021-08-05T23:56:09	899	890	903	903
2021-08-05T23:56:39	901	889	903	904
2021-08-05T23:57:09	900	891	904	903
2021-08-05T23:57:39	900	890	902	903
2021-08-05T23:58:09	900	889	902	903
2021-08-05T23:58:39	899	891	904	903
2021-08-05T23:59:09	901	890	903	903
2021-08-05T23:59:39	900	890	902	904
2021-08-06T00:00:09	899	891	905	904
2021-08-06T00:00:39	900	890	902	903
2021-08-06T00:01:09	899	890	902	903
2021-08-06T00:01:39	902	892	904	903
2021-08-06T00:02:09	900	891	903	903
2021-08-06T00:02:39	900	891	902	903
2021-08-06T00:03:09	899	890	902	903
2021-08-06T00:03:39	835	859	878	900
2021-08-06T00:04:09	772	800	832	875
2021-08-06T00:04:39	658	713	746	841
2021-08-06T00:05:09	548	574	645	795
2021-08-06T00:05:39	491	515	608	722
2021-08-06T00:06:09	465	467	569	666
2021-08-06T00:06:39	436	435	541	623
2021-08-06T00:07:09	411	410	513	590
2021-08-06T00:07:39	392	390	495	572
2021-08-06T00:08:09	375	373	484	546
2021-08-06T00:08:39	358	359	466	525
