time	T1	T2	T3	T4
2021-08-06T11:21:12	37	39	40	32
2021-08-06T11:21:42	37	40	40	33
2021-08-06T11:22:12	37	39	39	33
2021-08-06T11:22:42	40	44	43	33
2021-08-06T11:23:12	42	45	46	35
2021-08-06T11:23:42	42	47	47	36
2021-08-06T11:24:12	44	48	48	38
2021-08-06T11:24:42	45	48	49	39
2021-08-06T11:25:12	46	49	50	40
2021-08-06T11:25:42	47	49	51	42
2021-08-06T11:26:12	48	50	52	44
2021-08-06T11:26:42	50	51	52	44
2021-08-06T11:27:12	50	51	54	46
2021-08-06T11:27:42	51	52	54	47
2021-08-06T11:28:12	52	53	56	49
2021-08-06T11:28:42	53	53	56	49
2021-08-06T11:29:12	54	54	57	51
2021-08-06T11:29:42	55	55	57	53
2021-08-06T11:30:12	56	56	58	54
2021-08-06T11:30:42	56	56	59	54
2021-08-06T11:31:12	57	57	60	56
2021-08-06T11:31:42	58	58	61	56
2021-08-06T11:32:12	59	58	62	58
2021-08-06T11:32:42	60	59	62	59
2021-08-06T11:33:12	61	60	64	60
2021-08-06T11:33:42	62	62	65	60
2021-08-06T11:34:12	63	63	66	63
2021-08-06T11:34:42	63	64	67	64
2021-08-06T11:35:12	64	65	68	65
2021-08-06T11:35:42	65	65	69	66
2021-08-06T11:36:12	66	65	70	67
2021-08-06T11:36:42	67	67	71	68
2021-08-06T11:37:12	68	68	72	68
2021-08-06T11:37:42	68	69	73	70
2021-08-06T11:38:12	69	70	74	71
2021-08-06T11:38:42	70	71	75	70
2021-08-06T11:39:12	71	71	75	72
2021-08-06T11:39:42	71	72	76	73
2021-08-06T11:40:12	72	74	78	74
2021-08-06T11:40:42	74	75	78	75
2021-08-06T11:41:12	74	76	79	75
2021-08-06T11:41:42	74	76	81	77
2021-08-06T11:42:12	83	78	83	78
2021-08-06T11:42:42	91	79	84	78
2021-08-06T11:43:12	98	80	85	81
2021-08-06T11:43:42	105	81	86	83
2021-08-06T11:44:12	113	82	88	84
2021-08-06T11:44:42	118	83	89	86
2021-08-06T11:45:12	125	84	90	88
2021-08-06T11:45:42	132	85	90	89
2021-08-06T11:46:12	137	86	91	91
2021-08-06T11:46:42	139	86	92	93
2021-08-06T11:47:12	143	88	93	95
2021-08-06T11:47:42	150	89	95	97
2021-08-06T11:48:12	152	90	95	98
2021-08-06T11:48:42	156	91	98	99
2021-08-06T11:49:12	161	92	98	101
2021-08-06T11:49:42	163	92	99	102
2021-08-06T11:50:12	165	93	100	103
2021-08-06T11:50:42	170	94	101	106
2021-08-06T11:51:12	173	95	102	107
2021-08-06T11:51:42	172	96	103	109
2021-08-06T11:52:12	168	97	102	110
2021-08-06T11:52:42	163	98	102	111
2021-08-06T11:53:12	157	98	102	110
2021-08-06T11:53:42	154	99	103	110
2021-08-06T11:54:12	153	100	103	110
2021-08-06T11:54:42	147	101	103	110
2021-08-06T11:55:12	145	102	104	110
2021-08-06T11:55:42	144	106	107	110
2021-08-06T11:56:12	141	107	107	110
2021-08-06T11:56:42	139	107	108	110
2021-08-06T11:57:12	137	109	110	110
2021-08-06T11:57:42	135	109	110	110
2021-08-06T11:58:12	132	109	109	109
2021-08-06T11:58:42	132	115	114	109
2021-08-06T11:59:12	132	116	114	108
2021-08-06T11:59:42	130	115	113	109
2021-08-06T12:00:12	128	116	115	109
2021-08-06T12:00:42	128	119	117	109
2021-08-06T12:01:12	126	118	117	108
2021-08-06T12:01:42	125	118	117	108
2021-08-06T12:02:12	124	123	120	109
2021-08-06T12:02:42	124	123	120	109
2021-08-06T12:03:12	124	122	120	109
2021-08-06T12:03:42	124	121	120	110
2021-08-06T12:04:12	124	123	124	110
2021-08-06T12:04:42	124	123	123	111
2021-08-06T12:05:12	124	123	124	111
2021-08-06T12:05:42	124	123	125	112
2021-08-06T12:06:12	124	126	127	113
2021-08-06T12:06:42	125	126	127	114
2021-08-06T12:07:12	125	128	130	115
2021-08-06T12:07:42	126	129	130	116
2021-08-06T12:08:12	126	128	130	116
2021-08-06T12:08:42	132	128	131	117
2021-08-06T12:09:12	133	130	133	118
2021-08-06T12:09:42	134	132	134	120
2021-08-06T12:10:12	134	131	133	121
2021-08-06T12:10:42	134	133	135	122
2021-08-06T12:11:12	135	135	138	123
2021-08-06T12:11:42	135	135	138	124
2021-08-06T12:12:12	134	134	137	125
2021-08-06T12:12:42	137	137	141	126
2021-08-06T12:13:12	141	140	143	128
2021-08-06T12:13:42	141	139	143	129
2021-08-06T12:14:12	141	139	141	130
2021-08-06T12:14:42	141	140	143	132
2021-08-06T12:15:12	142	145	147	132
2021-08-06T12:15:42	142	145	147	133
2021-08-06T12:16:12	142	144	148	134
2021-08-06T12:16:42	146	144	147	136
2021-08-06T12:17:12	147	143	147	137
2021-08-06T12:17:42	147	147	151	137
2021-08-06T12:18:12	148	149	152	139
2021-08-06T12:18:42	147	149	151	139
2021-08-06T12:19:12	148	148	151	140
2021-08-06T12:19:42	153	151	154	141
2021-08-06T12:20:12	155	151	155	142
2021-08-06T12:20:42	155	151	155	143
2021-08-06T12:21:12	155	151	155	145
2021-08-06T12:21:42	155	155	158	146
2021-08-06T12:22:12	156	157	158	147
2021-08-06T12:22:42	154	156	158	147
2021-08-06T12:23:12	158	156	159	148
2021-08-06T12:23:42	159	156	160	149
2021-08-06T12:24:12	160	158	161	150
2021-08-06T12:24:42	160	160	162	151
2021-08-06T12:25:12	160	163	165	153
2021-08-06T12:25:42	160	163	165	153
2021-08-06T12:26:12	163	163	165	154
2021-08-06T12:26:42	165	165	168	155
2021-08-06T12:27:12	165	166	168	156
2021-08-06T12:27:42	164	166	168	157
2021-08-06T12:28:12	168	168	171	158
2021-08-06T12:28:42	172	171	174	160
2021-08-06T12:29:12	172	171	173	161
2021-08-06T12:29:42	172	169	173	162
2021-08-06T12:30:12	170	171	173	162
2021-08-06T12:30:42	171	174	175	163
2021-08-06T12:31:12	173	174	176	164
2021-08-06T12:31:42	175	173	177	166
2021-08-06T12:32:12	174	173	176	166
2021-08-06T12:32:42	174	176	177	167
2021-08-06T12:33:12	176	179	181	167
2021-08-06T12:33:42	179	179	181	168
2021-08-06T12:34:12	178	178	180	169
2021-08-06T12:34:42	178	178	180	170
2021-08-06T12:35:12	179	182	185	172
2021-08-06T12:35:42	180	183	185	173
2021-08-06T12:36:12	184	182	185	173
2021-08-06T12:36:42	183	182	185	173
2021-08-06T12:37:12	185	185	188	176
2021-08-06T12:37:42	184	185	188	175
2021-08-06T12:38:12	188	184	187	177
2021-08-06T12:38:42	192	189	192	178
2021-08-06T12:39:12	192	189	192	179
2021-08-06T12:39:42	190	188	191	179
2021-08-06T12:40:12	190	191	194	181
2021-08-06T12:40:42	190	192	194	182
2021-08-06T12:41:12	194	193	196	182
2021-08-06T12:41:42	195	193	195	184
2021-08-06T12:42:12	195	193	196	183
2021-08-06T12:42:42	195	196	198	185
2021-08-06T12:43:12	194	196	199	185
2021-08-06T12:43:42	198	197	199	186
2021-08-06T12:44:12	200	198	199	188
2021-08-06T12:44:42	200	201	204	189
2021-08-06T12:45:12	200	201	203	190
2021-08-06T12:45:42	199	201	202	190
2021-08-06T12:46:12	203	204	207	190
2021-08-06T12:46:42	203	204	206	193
2021-08-06T12:47:12	202	203	205	192
2021-08-06T12:47:42	206	206	209	193
2021-08-06T12:48:12	208	206	210	195
2021-08-06T12:48:42	208	206	209	196
2021-08-06T12:49:12	207	208	211	197
2021-08-06T12:49:42	207	211	213	197
2021-08-06T12:50:12	210	210	212	198
2021-08-06T12:50:42	211	210	214	199
2021-08-06T12:51:12	211	210	213	200
2021-08-06T12:51:42	211	213	214	201
2021-08-06T12:52:12	212	215	218	202
2021-08-06T12:52:42	216	215	218	203
2021-08-06T12:53:12	216	215	218	204
2021-08-06T12:53:42	215	217	219	205
2021-08-06T12:54:12	216	216	219	206
2021-08-06T12:54:42	221	217	221	207
2021-08-06T12:55:12	221	220	223	208
2021-08-06T12:55:42	220	219	222	209
2021-08-06T12:56:12	221	222	224	210
2021-08-06T12:56:42	222	222	224	210
2021-08-06T12:57:12	222	224	225	210
2021-08-06T12:57:42	222	223	226	212
2021-08-06T12:58:12	229	227	230	212
2021-08-06T12:58:42	228	227	230	214
2021-08-06T12:59:12	228	226	228	216
2021-08-06T12:59:42	227	230	234	216
2021-08-06T13:00:12	229	230	233	216
2021-08-06T13:00:42	229	229	231	217
2021-08-06T13:01:12	230	232	235	218
2021-08-06T13:01:42	232	231	235	219
2021-08-06T13:02:12	237	231	235	220
2021-08-06T13:02:42	237	233	237	221
2021-08-06T13:03:12	236	235	237	222
2021-08-06T13:03:42	235	236	239	223
2021-08-06T13:04:12	235	237	240	223
2021-08-06T13:04:42	240	239	241	225
2021-08-06T13:05:12	239	238	240	226
2021-08-06T13:05:42	238	240	242	227
2021-08-06T13:06:12	242	241	246	228
2021-08-06T13:06:42	243	241	244	228
2021-08-06T13:07:12	242	243	245	229
2021-08-06T13:07:42	242	243	245	230
2021-08-06T13:08:12	245	244	247	230
2021-08-06T13:08:42	245	247	249	232
2021-08-06T13:09:12	245	247	250	233
2021-08-06T13:09:42	249	247	251	234
2021-08-06T13:10:12	250	247	250	235
2021-08-06T13:10:42	251	252	254	236
2021-08-06T13:11:12	250	252	254	237
2021-08-06T13:11:42	250	250	253	238
2021-08-06T13:12:12	254	252	256	239
2021-08-06T13:12:42	255	255	257	241
2021-08-06T13:13:12	252	253	256	241
2021-08-06T13:13:42	257	255	258	242
2021-08-06T13:14:12	256	258	258	242
2021-08-06T13:14:42	256	259	261	244
2021-08-06T13:15:12	258	257	260	245
2021-08-06T13:15:42	263	258	261	245
2021-08-06T13:16:12	262	260	263	245
2021-08-06T13:16:42	260	260	263	247
2021-08-06T13:17:12	260	263	265	248
2021-08-06T13:17:42	265	262	265	249
2021-08-06T13:18:12	264	264	267	250
2021-08-06T13:18:42	264	263	267	251
2021-08-06T13:19:12	267	266	269	252
2021-08-06T13:19:42	266	266	267	253
2021-08-06T13:20:12	268	271	273	254
2021-08-06T13:20:42	269	269	272	255
2021-08-06T13:21:12	269	269	272	256
2021-08-06T13:21:42	272	270	273	257
2021-08-06T13:22:12	270	270	273	258
2021-08-06T13:22:42	275	275	278	258
2021-08-06T13:23:12	274	275	277	260
2021-08-06T13:23:42	273	274	278	260
2021-08-06T13:24:12	278	275	279	262
2021-08-06T13:24:42	282	275	279	262
2021-08-06T13:25:12	286	276	280	263
2021-08-06T13:25:42	292	278	282	265
2021-08-06T13:26:12	298	280	283	266
2021-08-06T13:26:42	301	278	282	267
2021-08-06T13:27:12	303	280	284	269
2021-08-06T13:27:42	306	280	285	269
2021-08-06T13:28:12	310	283	286	271
2021-08-06T13:28:42	312	284	288	272
2021-08-06T13:29:12	315	285	288	274
2021-08-06T13:29:42	316	283	288	275
2021-08-06T13:30:12	318	284	289	276
2021-08-06T13:30:42	322	288	292	277
2021-08-06T13:31:12	324	289	293	279
2021-08-06T13:31:42	325	290	294	280
2021-08-06T13:32:12	327	289	292	281
2021-08-06T13:32:42	330	292	296	282
2021-08-06T13:33:12	330	293	297	283
2021-08-06T13:33:42	333	293	296	284
2021-08-06T13:34:12	332	293	297	285
2021-08-06T13:34:42	335	295	299	287
2021-08-06T13:35:12	337	297	298	287
2021-08-06T13:35:42	335	298	301	288
2021-08-06T13:36:12	337	298	301	290
2021-08-06T13:36:42	336	300	302	291
2021-08-06T13:37:12	340	299	302	292
2021-08-06T13:37:42	342	301	306	292
2021-08-06T13:38:12	340	301	305	294
2021-08-06T13:38:42	344	306	308	294
2021-08-06T13:39:12	345	305	309	295
2021-08-06T13:39:42	344	303	307	296
2021-08-06T13:40:12	345	305	310	298
2021-08-06T13:40:42	346	304	310	298
2021-08-06T13:41:12	348	306	313	299
2021-08-06T13:41:42	347	306	311	300
2021-08-06T13:42:12	350	309	313	301
2021-08-06T13:42:42	350	309	312	302
2021-08-06T13:43:12	352	312	316	303
2021-08-06T13:43:42	353	312	315	304
2021-08-06T13:44:12	354	315	318	305
2021-08-06T13:44:42	356	315	318	306
2021-08-06T13:45:12	355	316	320	307
2021-08-06T13:45:42	356	316	319	308
2021-08-06T13:46:12	357	319	321	309
2021-08-06T13:46:42	357	319	322	310
2021-08-06T13:47:12	356	320	323	311
2021-08-06T13:47:42	359	320	324	311
2021-08-06T13:48:12	359	321	324	312
2021-08-06T13:48:42	361	323	326	313
2021-08-06T13:49:12	361	325	328	314
2021-08-06T13:49:42	363	324	327	315
2021-08-06T13:50:12	363	323	328	316
2021-08-06T13:50:42	362	325	328	317
2021-08-06T13:51:12	364	329	332	317
2021-08-06T13:51:42	364	327	331	318
2021-08-06T13:52:12	365	328	333	319
2021-08-06T13:52:42	367	330	333	321
2021-08-06T13:53:12	368	331	334	321
2021-08-06T13:53:42	368	331	335	322
2021-08-06T13:54:12	369	331	336	323
2021-08-06T13:54:42	370	333	337	323
2021-08-06T13:55:12	372	335	339	324
2021-08-06T13:55:42	372	336	338	326
2021-08-06T13:56:12	370	337	340	327
2021-08-06T13:56:42	372	337	340	327
2021-08-06T13:57:12	370	338	340	328
2021-08-06T13:57:42	365	340	343	329
2021-08-06T13:58:12	361	342	344	329
2021-08-06T13:58:42	357	342	344	328
2021-08-06T13:59:12	354	345	346	328
2021-08-06T13:59:42	347	347	348	327
2021-08-06T14:00:12	344	345	348	327
2021-08-06T14:00:42	348	347	349	326
2021-08-06T14:01:12	353	345	349	327
2021-08-06T14:01:42	359	347	352	327
2021-08-06T14:02:12	360	346	351	328
2021-08-06T14:02:42	364	350	354	330
2021-08-06T14:03:12	368	348	352	331
2021-08-06T14:03:42	369	353	355	332
2021-08-06T14:04:12	373	352	356	333
2021-08-06T14:04:42	375	353	357	335
2021-08-06T14:05:12	377	353	357	337
2021-08-06T14:05:42	378	356	360	337
2021-08-06T14:06:12	380	355	358	339
2021-08-06T14:06:42	381	357	363	340
2021-08-06T14:07:12	381	357	361	341
2021-08-06T14:07:42	383	358	363	343
2021-08-06T14:08:12	385	358	363	344
2021-08-06T14:08:42	385	359	364	345
2021-08-06T14:09:12	386	361	366	346
2021-08-06T14:09:42	385	362	367	347
2021-08-06T14:10:12	386	363	368	348
2021-08-06T14:10:42	390	363	369	349
2021-08-06T14:11:12	391	364	369	351
2021-08-06T14:11:42	391	365	370	351
2021-08-06T14:12:12	392	366	370	352
2021-08-06T14:12:42	392	367	373	353
2021-08-06T14:13:12	394	367	373	354
2021-08-06T14:13:42	395	369	375	355
2021-08-06T14:14:12	396	368	373	357
2021-08-06T14:14:42	396	371	377	357
2021-08-06T14:15:12	397	370	376	358
2021-08-06T14:15:42	401	373	379	360
2021-08-06T14:16:12	399	371	378	360
2021-08-06T14:16:42	399	374	380	361
2021-08-06T14:17:12	400	375	381	361
2021-08-06T14:17:42	401	375	381	362
2021-08-06T14:18:12	401	377	382	364
2021-08-06T14:18:42	404	378	383	365
2021-08-06T14:19:12	404	379	385	365
2021-08-06T14:19:42	405	380	386	366
2021-08-06T14:20:12	406	380	387	367
2021-08-06T14:20:42	407	381	387	368
2021-08-06T14:21:12	406	383	390	370
2021-08-06T14:21:42	408	385	391	370
2021-08-06T14:22:12	408	385	391	371
2021-08-06T14:22:42	410	385	392	372
2021-08-06T14:23:12	410	386	393	373
2021-08-06T14:23:42	412	387	394	374
2021-08-06T14:24:12	411	386	394	375
2021-08-06T14:24:42	410	389	396	375
2021-08-06T14:25:12	412	390	396	377
2021-08-06T14:25:42	413	390	397	377
2021-08-06T14:26:12	416	391	399	378
2021-08-06T14:26:42	415	393	400	379
2021-08-06T14:27:12	416	394	401	380
2021-08-06T14:27:42	420	395	402	381
2021-08-06T14:28:12	418	396	403	382
2021-08-06T14:28:42	419	397	403	383
2021-08-06T14:29:12	420	398	406	384
2021-08-06T14:29:42	420	398	404	385
2021-08-06T14:30:12	420	398	406	386
2021-08-06T14:30:42	422	401	407	387
2021-08-06T14:31:12	424	401	407	387
2021-08-06T14:31:42	424	402	409	388
2021-08-06T14:32:12	425	403	411	389
2021-08-06T14:32:42	424	404	412	390
2021-08-06T14:33:12	426	405	412	391
2021-08-06T14:33:42	425	406	415	393
2021-08-06T14:34:12	426	406	414	394
2021-08-06T14:34:42	428	407	414	394
2021-08-06T14:35:12	428	408	415	394
2021-08-06T14:35:42	431	409	416	396
2021-08-06T14:36:12	430	411	419	397
2021-08-06T14:36:42	431	411	418	399
2021-08-06T14:37:12	433	412	420	400
2021-08-06T14:37:42	433	412	420	401
2021-08-06T14:38:12	434	414	421	401
2021-08-06T14:38:42	433	415	423	402
2021-08-06T14:39:12	437	416	424	403
2021-08-06T14:39:42	436	417	426	403
2021-08-06T14:40:12	436	418	427	405
2021-08-06T14:40:42	437	418	427	405
2021-08-06T14:41:12	439	417	426	406
2021-08-06T14:41:42	439	421	431	407
2021-08-06T14:42:12	439	421	430	408
2021-08-06T14:42:42	441	424	432	409
2021-08-06T14:43:12	441	423	431	410
2021-08-06T14:43:42	441	424	433	411
2021-08-06T14:44:12	443	426	435	411
2021-08-06T14:44:42	444	425	434	413
2021-08-06T14:45:12	443	426	435	413
2021-08-06T14:45:42	445	429	438	414
2021-08-06T14:46:12	447	429	439	416
2021-08-06T14:46:42	448	430	439	416
2021-08-06T14:47:12	447	431	441	417
2021-08-06T14:47:42	449	429	441	418
2021-08-06T14:48:12	447	432	441	419
2021-08-06T14:48:42	449	432	442	420
2021-08-06T14:49:12	450	435	444	420
2021-08-06T14:49:42	453	435	444	421
2021-08-06T14:50:12	453	437	445	421
2021-08-06T14:50:42	453	437	446	423
2021-08-06T14:51:12	455	438	448	423
2021-08-06T14:51:42	453	439	449	425
2021-08-06T14:52:12	455	438	448	426
2021-08-06T14:52:42	455	441	452	427
2021-08-06T14:53:12	455	441	451	428
2021-08-06T14:53:42	456	442	452	428
2021-08-06T14:54:12	456	442	452	429
2021-08-06T14:54:42	459	444	454	430
2021-08-06T14:55:12	461	445	455	431
2021-08-06T14:55:42	461	446	455	432
2021-08-06T14:56:12	462	448	458	433
2021-08-06T14:56:42	461	449	458	434
2021-08-06T14:57:12	462	449	457	435
2021-08-06T14:57:42	463	451	461	435
2021-08-06T14:58:12	463	451	462	436
2021-08-06T14:58:42	464	451	463	437
2021-08-06T14:59:12	466	452	462	438
2021-08-06T14:59:42	466	453	463	439
2021-08-06T15:00:12	466	455	465	440
2021-08-06T15:00:42	470	455	465	441
2021-08-06T15:01:12	470	456	467	442
2021-08-06T15:01:42	469	456	466	443
2021-08-06T15:02:12	469	458	468	443
2021-08-06T15:02:42	470	460	470	444
2021-08-06T15:03:12	470	460	470	445
2021-08-06T15:03:42	471	462	471	446
2021-08-06T15:04:12	473	461	471	447
2021-08-06T15:04:42	475	463	473	447
2021-08-06T15:05:12	474	464	474	448
2021-08-06T15:05:42	474	466	477	448
2021-08-06T15:06:12	476	466	477	451
2021-08-06T15:06:42	475	468	478	451
2021-08-06T15:07:12	477	468	478	451
2021-08-06T15:07:42	478	470	479	453
2021-08-06T15:08:12	478	469	478	454
2021-08-06T15:08:42	479	470	481	455
2021-08-06T15:09:12	482	473	482	456
2021-08-06T15:09:42	481	471	484	456
2021-08-06T15:10:12	483	473	484	457
2021-08-06T15:10:42	482	474	485	457
2021-08-06T15:11:12	486	474	486	459
2021-08-06T15:11:42	487	475	487	460
2021-08-06T15:12:12	488	476	487	462
2021-08-06T15:12:42	487	479	489	462
2021-08-06T15:13:12	488	477	490	463
2021-08-06T15:13:42	489	480	491	465
2021-08-06T15:14:12	489	479	492	465
2021-08-06T15:14:42	492	480	492	467
2021-08-06T15:15:12	492	482	493	467
2021-08-06T15:15:42	493	483	496	468
2021-08-06T15:16:12	494	482	494	470
2021-08-06T15:16:42	496	485	496	470
2021-08-06T15:17:12	495	485	497	472
2021-08-06T15:17:42	500	486	498	473
2021-08-06T15:18:12	498	488	499	473
2021-08-06T15:18:42	499	489	500	475
2021-08-06T15:19:12	499	488	501	476
2021-08-06T15:19:42	501	490	502	477
2021-08-06T15:20:12	501	490	502	478
2021-08-06T15:20:42	500	491	503	478
2021-08-06T15:21:12	506	493	506	479
2021-08-06T15:21:42	506	492	506	481
2021-08-06T15:22:12	506	494	508	482
2021-08-06T15:22:42	506	497	509	483
2021-08-06T15:23:12	507	497	511	484
2021-08-06T15:23:42	507	498	511	485
2021-08-06T15:24:12	511	499	512	486
2021-08-06T15:24:42	512	497	512	485
2021-08-06T15:25:12	511	499	513	486
2021-08-06T15:25:42	512	501	514	488
2021-08-06T15:26:12	514	503	516	489
2021-08-06T15:26:42	515	502	516	490
2021-08-06T15:27:12	516	506	518	491
2021-08-06T15:27:42	517	507	517	492
2021-08-06T15:28:12	517	505	518	493
2021-08-06T15:28:42	517	508	521	494
2021-08-06T15:29:12	519	509	522	495
2021-08-06T15:29:42	521	510	523	496
2021-08-06T15:30:12	522	511	523	498
2021-08-06T15:30:42	523	511	523	498
2021-08-06T15:31:12	523	512	525	499
2021-08-06T15:31:42	525	513	526	500
2021-08-06T15:32:12	523	512	526	501
2021-08-06T15:32:42	525	514	528	502
2021-08-06T15:33:12	527	516	529	502
2021-08-06T15:33:42	529	517	529	504
2021-08-06T15:34:12	528	518	531	506
2021-08-06T15:34:42	528	517	531	506
2021-08-06T15:35:12	532	519	532	508
2021-08-06T15:35:42	532	518	532	509
2021-08-06T15:36:12	533	521	535	510
2021-08-06T15:36:42	533	522	536	510
2021-08-06T15:37:12	533	523	537	511
2021-08-06T15:37:42	537	524	537	513
2021-08-06T15:38:12	538	523	537	514
2021-08-06T15:38:42	537	525	539	515
2021-08-06T15:39:12	538	528	542	515
2021-08-06T15:39:42	541	529	543	516
2021-08-06T15:40:12	541	528	542	517
2021-08-06T15:40:42	540	529	544	519
2021-08-06T15:41:12	543	531	544	520
2021-08-06T15:41:42	544	531	544	521
2021-08-06T15:42:12	545	533	546	521
2021-08-06T15:42:42	545	533	547	523
2021-08-06T15:43:12	545	535	549	524
2021-08-06T15:43:42	546	536	550	525
2021-08-06T15:44:12	548	537	552	526
2021-08-06T15:44:42	550	538	550	527
2021-08-06T15:45:12	549	540	554	528
2021-08-06T15:45:42	550	541	554	529
2021-08-06T15:46:12	552	539	553	530
2021-08-06T15:46:42	554	542	557	531
2021-08-06T15:47:12	553	541	556	532
2021-08-06T15:47:42	555	544	557	534
2021-08-06T15:48:12	556	544	558	535
2021-08-06T15:48:42	556	544	558	536
2021-08-06T15:49:12	559	546	560	537
2021-08-06T15:49:42	560	546	560	537
2021-08-06T15:50:12	559	546	562	538
2021-08-06T15:50:42	562	547	563	540
2021-08-06T15:51:12	561	548	563	541
2021-08-06T15:51:42	563	550	566	541
2021-08-06T15:52:12	564	549	565	542
2021-08-06T15:52:42	564	550	567	543
2021-08-06T15:53:12	565	550	567	544
2021-08-06T15:53:42	567	554	569	546
2021-08-06T15:54:12	567	553	568	546
2021-08-06T15:54:42	570	554	571	548
2021-08-06T15:55:12	570	556	572	549
2021-08-06T15:55:42	569	558	573	549
2021-08-06T15:56:12	572	558	572	551
2021-08-06T15:56:42	573	558	574	552
2021-08-06T15:57:12	572	560	575	553
2021-08-06T15:57:42	574	561	576	554
2021-08-06T15:58:12	576	562	577	556
2021-08-06T15:58:42	576	562	577	557
2021-08-06T15:59:12	577	564	580	556
2021-08-06T15:59:42	579	564	581	559
2021-08-06T16:00:12	578	565	582	559
2021-08-06T16:00:42	581	566	583	561
2021-08-06T16:01:12	580	568	583	562
2021-08-06T16:01:42	583	568	583	561
2021-08-06T16:02:12	583	570	586	562
2021-08-06T16:02:42	585	570	587	564
2021-08-06T16:03:12	584	572	588	565
2021-08-06T16:03:42	587	572	589	566
2021-08-06T16:04:12	586	572	589	567
2021-08-06T16:04:42	589	574	590	569
2021-08-06T16:05:12	588	576	591	570
2021-08-06T16:05:42	592	577	593	572
2021-08-06T16:06:12	591	576	593	572
2021-08-06T16:06:42	591	578	595	573
2021-08-06T16:07:12	594	579	596	574
2021-08-06T16:07:42	594	580	597	576
2021-08-06T16:08:12	594	580	598	576
2021-08-06T16:08:42	596	583	597	576
2021-08-06T16:09:12	597	583	599	579
2021-08-06T16:09:42	597	583	600	579
2021-08-06T16:10:12	598	584	600	581
2021-08-06T16:10:42	598	585	601	582
2021-08-06T16:11:12	601	587	603	582
2021-08-06T16:11:42	601	587	603	584
2021-08-06T16:12:12	602	587	603	585
2021-08-06T16:12:42	603	588	604	586
2021-08-06T16:13:12	603	589	606	587
2021-08-06T16:13:42	605	591	609	588
2021-08-06T16:14:12	607	591	607	589
2021-08-06T16:14:42	608	592	611	590
2021-08-06T16:15:12	608	593	611	591
2021-08-06T16:15:42	608	593	610	594
2021-08-06T16:16:12	611	596	612	593
2021-08-06T16:16:42	610	595	613	594
2021-08-06T16:17:12	613	597	614	598
2021-08-06T16:17:42	613	598	616	599
2021-08-06T16:18:12	614	599	615	598
2021-08-06T16:18:42	615	599	616	598
2021-08-06T16:19:12	617	602	617	599
2021-08-06T16:19:42	615	601	619	601
2021-08-06T16:20:12	618	602	620	602
2021-08-06T16:20:42	618	603	620	603
2021-08-06T16:21:12	621	605	623	604
2021-08-06T16:21:42	620	607	624	605
2021-08-06T16:22:12	622	608	623	606
2021-08-06T16:22:42	623	609	625	607
2021-08-06T16:23:12	623	610	626	608
2021-08-06T16:23:42	626	610	626	609
2021-08-06T16:24:12	627	610	629	610
2021-08-06T16:24:42	627	611	629	611
2021-08-06T16:25:12	629	613	631	612
2021-08-06T16:25:42	630	614	631	614
2021-08-06T16:26:12	629	614	633	615
2021-08-06T16:26:42	630	615	634	615
2021-08-06T16:27:12	632	616	635	616
2021-08-06T16:27:42	632	617	635	618
2021-08-06T16:28:12	634	617	636	618
2021-08-06T16:28:42	635	619	637	620
2021-08-06T16:29:12	635	620	638	621
2021-08-06T16:29:42	638	620	639	622
2021-08-06T16:30:12	637	622	638	622
2021-08-06T16:30:42	640	621	641	623
2021-08-06T16:31:12	639	622	641	625
2021-08-06T16:31:42	642	624	643	626
2021-08-06T16:32:12	641	625	643	627
2021-08-06T16:32:42	642	626	646	628
2021-08-06T16:33:12	644	626	644	628
2021-08-06T16:33:42	644	627	646	630
2021-08-06T16:34:12	646	629	647	631
2021-08-06T16:34:42	645	629	648	632
2021-08-06T16:35:12	647	630	649	633
2021-08-06T16:35:42	648	630	649	634
2021-08-06T16:36:12	651	632	652	635
2021-08-06T16:36:42	650	632	651	636
2021-08-06T16:37:12	652	635	653	637
2021-08-06T16:37:42	652	634	653	638
2021-08-06T16:38:12	652	636	656	639
2021-08-06T16:38:42	656	636	655	640
2021-08-06T16:39:12	654	638	657	641
2021-08-06T16:39:42	657	637	657	642
2021-08-06T16:40:12	656	640	660	643
2021-08-06T16:40:42	659	640	659	643
2021-08-06T16:41:12	659	642	662	645
2021-08-06T16:41:42	658	643	662	646
2021-08-06T16:42:12	661	643	662	648
2021-08-06T16:42:42	661	645	664	648
2021-08-06T16:43:12	664	646	665	649
2021-08-06T16:43:42	663	647	667	651
2021-08-06T16:44:12	666	648	668	652
2021-08-06T16:44:42	664	649	668	653
2021-08-06T16:45:12	668	650	670	654
2021-08-06T16:45:42	667	652	671	654
2021-08-06T16:46:12	668	651	670	656
2021-08-06T16:46:42	670	653	672	657
2021-08-06T16:47:12	671	653	673	658
2021-08-06T16:47:42	672	655	675	659
2021-08-06T16:48:12	673	656	676	660
2021-08-06T16:48:42	672	656	676	661
2021-08-06T16:49:12	675	657	677	662
2021-08-06T16:49:42	676	657	677	663
2021-08-06T16:50:12	676	659	678	664
2021-08-06T16:50:42	678	661	681	665
2021-08-06T16:51:12	678	661	681	666
2021-08-06T16:51:42	679	663	683	667
2021-08-06T16:52:12	679	661	682	668
2021-08-06T16:52:42	681	663	682	669
2021-08-06T16:53:12	684	665	686	670
2021-08-06T16:53:42	682	666	686	671
2021-08-06T16:54:12	683	667	685	672
2021-08-06T16:54:42	685	666	686	673
2021-08-06T16:55:12	686	669	689	675
2021-08-06T16:55:42	686	670	690	675
2021-08-06T16:56:12	688	670	689	675
2021-08-06T16:56:42	691	671	691	677
2021-08-06T16:57:12	689	673	692	678
2021-08-06T16:57:42	691	673	692	679
2021-08-06T16:58:12	693	674	693	680
2021-08-06T16:58:42	692	675	694	681
2021-08-06T16:59:12	693	677	696	682
2021-08-06T16:59:42	694	677	697	682
2021-08-06T17:00:12	697	678	699	684
2021-08-06T17:00:42	695	679	699	685
2021-08-06T17:01:12	698	680	699	686
2021-08-06T17:01:42	699	682	701	687
2021-08-06T17:02:12	699	681	700	687
2021-08-06T17:02:42	700	683	702	688
2021-08-06T17:03:12	702	685	704	690
2021-08-06T17:03:42	704	684	705	691
2021-08-06T17:04:12	703	686	706	691
2021-08-06T17:04:42	705	689	708	693
2021-08-06T17:05:12	706	689	709	694
2021-08-06T17:05:42	709	689	709	695
2021-08-06T17:06:12	707	690	709	699
2021-08-06T17:06:42	708	690	711	698
2021-08-06T17:07:12	710	690	712	698
2021-08-06T17:07:42	711	692	713	698
2021-08-06T17:08:12	711	695	714	701
2021-08-06T17:08:42	711	695	715	702
2021-08-06T17:09:12	713	696	715	702
2021-08-06T17:09:42	714	697	718	703
2021-08-06T17:10:12	715	696	716	704
2021-08-06T17:10:42	718	698	719	705
2021-08-06T17:11:12	717	699	720	706
2021-08-06T17:11:42	717	700	719	707
2021-08-06T17:12:12	719	702	721	708
2021-08-06T17:12:42	721	701	723	709
2021-08-06T17:13:12	721	701	722	710
2021-08-06T17:13:42	723	705	725	711
2021-08-06T17:14:12	723	705	725	711
2021-08-06T17:14:42	724	706	726	713
2021-08-06T17:15:12	724	706	727	714
2021-08-06T17:15:42	726	709	729	715
2021-08-06T17:16:12	727	708	728	716
2021-08-06T17:16:42	729	709	731	717
2021-08-06T17:17:12	728	710	731	718
2021-08-06T17:17:42	729	711	730	719
2021-08-06T17:18:12	731	713	734	720
2021-08-06T17:18:42	733	713	735	721
2021-08-06T17:19:12	733	713	734	721
2021-08-06T17:19:42	734	714	736	722
2021-08-06T17:20:12	735	716	737	723
2021-08-06T17:20:42	736	718	738	724
2021-08-06T17:21:12	737	718	740	725
2021-08-06T17:21:42	738	720	741	725
2021-08-06T17:22:12	738	719	740	726
2021-08-06T17:22:42	739	721	743	728
2021-08-06T17:23:12	742	723	744	730
2021-08-06T17:23:42	743	724	745	731
2021-08-06T17:24:12	742	724	746	732
2021-08-06T17:24:42	743	724	746	732
2021-08-06T17:25:12	745	725	745	734
2021-08-06T17:25:42	747	727	747	735
2021-08-06T17:26:12	747	728	749	735
2021-08-06T17:26:42	746	729	749	737
2021-08-06T17:27:12	747	730	750	738
2021-08-06T17:27:42	748	732	752	738
2021-08-06T17:28:12	750	731	752	740
2021-08-06T17:28:42	751	734	754	741
2021-08-06T17:29:12	752	733	754	741
2021-08-06T17:29:42	752	736	756	742
2021-08-06T17:30:12	756	736	756	743
2021-08-06T17:30:42	755	737	758	745
2021-08-06T17:31:12	756	738	759	745
2021-08-06T17:31:42	757	739	759	746
2021-08-06T17:32:12	758	739	759	748
2021-08-06T17:32:42	760	740	760	749
2021-08-06T17:33:12	761	743	762	749
2021-08-06T17:33:42	760	741	762	751
2021-08-06T17:34:12	761	744	764	753
2021-08-06T17:34:42	762	745	765	753
2021-08-06T17:35:12	764	746	766	753
2021-08-06T17:35:42	764	746	766	754
2021-08-06T17:36:12	765	748	768	756
2021-08-06T17:36:42	766	748	769	756
2021-08-06T17:37:12	768	750	771	757
2021-08-06T17:37:42	768	750	771	760
2021-08-06T17:38:12	769	752	771	759
2021-08-06T17:38:42	770	752	772	761
2021-08-06T17:39:12	771	754	774	761
2021-08-06T17:39:42	771	753	774	763
2021-08-06T17:40:12	773	755	775	764
2021-08-06T17:40:42	775	757	777	766
2021-08-06T17:41:12	775	757	778	765
2021-08-06T17:41:42	777	759	779	767
2021-08-06T17:42:12	778	759	780	768
2021-08-06T17:42:42	779	760	780	769
2021-08-06T17:43:12	780	761	783	769
2021-08-06T17:43:42	781	761	782	770
2021-08-06T17:44:12	782	762	783	771
2021-08-06T17:44:42	784	764	784	773
2021-08-06T17:45:12	783	764	785	775
2021-08-06T17:45:42	784	765	786	775
2021-08-06T17:46:12	786	767	788	775
2021-08-06T17:46:42	786	766	788	775
2021-08-06T17:47:12	788	768	789	776
2021-08-06T17:47:42	788	770	791	777
2021-08-06T17:48:12	790	770	792	778
2021-08-06T17:48:42	790	772	793	778
2021-08-06T17:49:12	790	773	794	780
2021-08-06T17:49:42	792	772	793	781
2021-08-06T17:50:12	795	774	796	781
2021-08-06T17:50:42	794	776	796	783
2021-08-06T17:51:12	794	775	796	785
2021-08-06T17:51:42	796	776	798	785
2021-08-06T17:52:12	798	778	800	786
2021-08-06T17:52:42	799	778	800	786
2021-08-06T17:53:12	798	780	802	788
2021-08-06T17:53:42	800	781	803	789
2021-08-06T17:54:12	801	781	803	790
2021-08-06T17:54:42	801	782	804	791
2021-08-06T17:55:12	802	783	805	792
2021-08-06T17:55:42	804	785	807	793
2021-08-06T17:56:12	804	784	806	794
2021-08-06T17:56:42	805	786	808	795
2021-08-06T17:57:12	807	787	809	795
2021-08-06T17:57:42	806	788	810	798
2021-08-06T17:58:12	808	788	810	798
2021-08-06T17:58:42	809	790	811	798
2021-08-06T17:59:12	810	790	813	801
2021-08-06T17:59:42	811	791	814	802
2021-08-06T18:00:12	812	791	814	803
2021-08-06T18:00:42	814	793	815	804
2021-08-06T18:01:12	813	794	817	805
2021-08-06T18:01:42	815	795	818	806
2021-08-06T18:02:12	817	797	819	807
2021-08-06T18:02:42	818	797	820	807
2021-08-06T18:03:12	817	798	820	808
2021-08-06T18:03:42	820	799	822	810
2021-08-06T18:04:12	820	800	823	812
2021-08-06T18:04:42	821	801	825	812
2021-08-06T18:05:12	823	801	824	813
2021-08-06T18:05:42	823	802	825	815
2021-08-06T18:06:12	825	803	826	815
2021-08-06T18:06:42	824	804	827	816
2021-08-06T18:07:12	827	805	829	818
2021-08-06T18:07:42	827	806	829	819
2021-08-06T18:08:12	829	808	830	820
2021-08-06T18:08:42	830	808	831	821
2021-08-06T18:09:12	830	809	832	822
2021-08-06T18:09:42	830	809	833	823
2021-08-06T18:10:12	832	811	834	824
2021-08-06T18:10:42	833	811	835	825
2021-08-06T18:11:12	834	812	836	826
2021-08-06T18:11:42	835	811	836	827
2021-08-06T18:12:12	835	813	837	829
2021-08-06T18:12:42	837	814	839	830
2021-08-06T18:13:12	837	815	839	830
2021-08-06T18:13:42	839	816	840	831
2021-08-06T18:14:12	839	817	841	832
2021-08-06T18:14:43	842	818	842	832
2021-08-06T18:15:13	840	818	843	834
2021-08-06T18:15:43	842	820	845	834
2021-08-06T18:16:13	843	820	846	835
2021-08-06T18:16:43	844	821	847	836
2021-08-06T18:17:13	845	822	847	837
2021-08-06T18:17:43	847	823	849	840
2021-08-06T18:18:13	847	823	849	840
2021-08-06T18:18:43	847	825	851	842
2021-08-06T18:19:13	849	826	852	842
2021-08-06T18:19:43	850	827	852	842
2021-08-06T18:20:13	850	828	853	843
2021-08-06T18:20:43	852	830	854	844
2021-08-06T18:21:13	853	830	856	845
2021-08-06T18:21:43	854	831	857	846
2021-08-06T18:22:13	854	832	858	847
2021-08-06T18:22:43	856	833	858	848
2021-08-06T18:23:13	856	834	859	850
2021-08-06T18:23:43	859	834	860	850
2021-08-06T18:24:13	860	836	861	852
2021-08-06T18:24:43	861	836	863	852
2021-08-06T18:25:13	861	838	863	853
2021-08-06T18:25:43	862	838	864	854
2021-08-06T18:26:13	863	839	865	857
2021-08-06T18:26:43	864	840	866	857
2021-08-06T18:27:13	866	842	867	858
2021-08-06T18:27:43	867	842	868	859
2021-08-06T18:28:13	867	843	868	860
2021-08-06T18:28:43	869	843	870	860
2021-08-06T18:29:13	869	845	870	862
2021-08-06T18:29:43	870	846	872	864
2021-08-06T18:30:13	871	847	873	863
2021-08-06T18:30:43	873	848	874	866
2021-08-06T18:31:13	873	849	874	867
2021-08-06T18:31:43	874	850	875	868
2021-08-06T18:32:13	874	851	876	868
2021-08-06T18:32:43	876	852	877	869
2021-08-06T18:33:13	876	853	878	870
2021-08-06T18:33:43	877	854	879	871
2021-08-06T18:34:13	880	855	880	872
2021-08-06T18:34:43	878	856	881	874
2021-08-06T18:35:13	880	857	882	874
2021-08-06T18:35:43	881	858	884	875
2021-08-06T18:36:13	882	859	884	876
2021-08-06T18:36:43	884	860	885	877
2021-08-06T18:37:13	883	861	886	878
2021-08-06T18:37:43	885	862	888	879
2021-08-06T18:38:13	885	863	888	882
2021-08-06T18:38:43	887	864	890	881
2021-08-06T18:39:13	888	865	890	884
2021-08-06T18:39:43	889	866	892	884
2021-08-06T18:40:13	891	867	892	885
2021-08-06T18:40:43	892	867	894	885
2021-08-06T18:41:13	892	869	895	887
2021-08-06T18:41:43	893	870	896	887
2021-08-06T18:42:13	894	871	897	889
2021-08-06T18:42:43	895	872	898	890
2021-08-06T18:43:13	897	873	899	891
2021-08-06T18:43:43	898	873	899	892
2021-08-06T18:44:13	899	874	900	892
2021-08-06T18:44:43	899	876	902	894
2021-08-06T18:45:13	899	876	901	895
2021-08-06T18:45:43	900	877	902	896
2021-08-06T18:46:13	900	875	901	896
2021-08-06T18:46:43	900	876	901	895
2021-08-06T18:47:13	899	877	902	895
2021-08-06T18:47:43	900	877	902	895
2021-08-06T18:48:13	899	877	902	896
2021-08-06T18:48:43	899	877	901	895
2021-08-06T18:49:13	900	877	901	896
2021-08-06T18:49:43	900	878	901	896
2021-08-06T18:50:13	900	879	902	896
2021-08-06T18:50:43	899	878	902	896
2021-08-06T18:51:13	900	879	902	895
2021-08-06T18:51:43	899	880	902	895
2021-08-06T18:52:13	901	880	903	896
2021-08-06T18:52:43	899	879	902	897
2021-08-06T18:53:13	899	881	903	897
2021-08-06T18:53:43	900	881	902	896
2021-08-06T18:54:13	899	881	901	896
2021-08-06T18:54:43	900	881	901	896
2021-08-06T18:55:13	900	881	901	896
2021-08-06T18:55:43	899	881	901	896
2021-08-06T18:56:13	899	882	901	896
2021-08-06T18:56:43	900	882	902	896
2021-08-06T18:57:13	900	883	902	896
2021-08-06T18:57:43	899	882	901	896
2021-08-06T18:58:13	899	883	901	897
2021-08-06T18:58:43	900	884	902	897
2021-08-06T18:59:13	900	884	903	897
2021-08-06T18:59:43	900	884	902	897
2021-08-06T19:00:13	901	885	903	897
2021-08-06T19:00:43	901	886	902	898
2021-08-06T19:01:13	901	885	902	897
2021-08-06T19:01:43	901	886	902	898
2021-08-06T19:02:13	901	887	903	898
2021-08-06T19:02:43	902	887	901	898
2021-08-06T19:03:13	902	887	902	898
2021-08-06T19:03:43	902	888	903	897
2021-08-06T19:04:13	903	888	902	899
2021-08-06T19:04:43	903	887	903	899
2021-08-06T19:05:13	904	889	903	898
2021-08-06T19:05:43	904	888	902	899
2021-08-06T19:06:13	904	888	902	898
2021-08-06T19:06:43	904	888	902	900
2021-08-06T19:07:13	904	888	903	899
2021-08-06T19:07:43	904	889	902	900
2021-08-06T19:08:13	905	888	902	900
2021-08-06T19:08:43	904	888	901	900
2021-08-06T19:09:13	905	888	902	900
2021-08-06T19:09:43	906	889	902	901
2021-08-06T19:10:13	906	889	903	901
2021-08-06T19:10:43	905	889	902	900
2021-08-06T19:11:13	906	888	902	901
2021-08-06T19:11:43	906	888	902	901
2021-08-06T19:12:13	906	889	902	901
2021-08-06T19:12:43	907	889	902	902
2021-08-06T19:13:13	906	889	902	902
2021-08-06T19:13:43	906	889	902	902
2021-08-06T19:14:13	907	889	903	901
2021-08-06T19:14:43	908	890	903	901
2021-08-06T19:15:13	907	890	903	901
2021-08-06T19:15:43	908	891	903	902
2021-08-06T19:16:13	908	891	903	902
2021-08-06T19:16:43	908	890	901	903
2021-08-06T19:17:13	908	890	903	903
2021-08-06T19:17:43	908	890	902	903
2021-08-06T19:18:13	908	890	902	902
2021-08-06T19:18:43	908	890	902	903
2021-08-06T19:19:13	909	892	904	904
2021-08-06T19:19:43	909	892	904	904
2021-08-06T19:20:13	909	890	903	904
2021-08-06T19:20:43	910	890	902	903
2021-08-06T19:21:13	910	891	903	903
2021-08-06T19:21:43	910	891	903	903
2021-08-06T19:22:13	910	891	902	903
2021-08-06T19:22:43	910	891	902	903
2021-08-06T19:23:13	911	891	903	903
2021-08-06T19:23:43	910	892	903	903
2021-08-06T19:24:13	911	892	903	905
2021-08-06T19:24:43	911	891	902	905
2021-08-06T19:25:13	911	892	904	905
2021-08-06T19:25:43	911	891	902	904
2021-08-06T19:26:13	911	892	903	904
2021-08-06T19:26:43	912	891	902	904
2021-08-06T19:27:13	912	892	904	904
2021-08-06T19:27:43	913	892	902	904
2021-08-06T19:28:13	912	893	903	904
2021-08-06T19:28:43	913	892	902	905
2021-08-06T19:29:13	913	893	903	905
2021-08-06T19:29:43	913	892	902	905
2021-08-06T19:30:13	913	893	903	905
2021-08-06T19:30:43	914	893	903	905
2021-08-06T19:31:13	913	892	902	905
2021-08-06T19:31:43	914	894	903	905
2021-08-06T19:32:13	914	893	902	905
2021-08-06T19:32:43	914	892	902	906
2021-08-06T19:33:13	914	894	903	906
2021-08-06T19:33:43	914	893	903	907
2021-08-06T19:34:13	914	893	902	906
2021-08-06T19:34:43	914	893	902	906
2021-08-06T19:35:13	915	894	903	906
2021-08-06T19:35:43	915	893	903	907
2021-08-06T19:36:13	915	893	902	906
2021-08-06T19:36:43	916	893	902	906
2021-08-06T19:37:13	915	893	902	907
2021-08-06T19:37:43	916	895	903	906
2021-08-06T19:38:13	916	894	903	907
2021-08-06T19:38:43	916	894	902	907
2021-08-06T19:39:13	916	894	902	907
2021-08-06T19:39:43	917	894	902	907
2021-08-06T19:40:13	917	894	902	907
2021-08-06T19:40:43	916	894	902	906
2021-08-06T19:41:13	917	894	902	906
2021-08-06T19:41:43	917	894	902	906
2021-08-06T19:42:13	917	894	902	908
2021-08-06T19:42:43	917	894	902	908
2021-08-06T19:43:13	917	895	902	908
2021-08-06T19:43:43	918	896	902	908
2021-08-06T19:44:13	918	896	902	907
2021-08-06T19:44:43	918	896	903	907
2021-08-06T19:45:13	918	896	903	908
2021-08-06T19:45:43	918	897	903	907
2021-08-06T19:46:13	917	897	903	908
2021-08-06T19:46:43	918	897	903	908
2021-08-06T19:47:13	918	897	903	908
2021-08-06T19:47:43	918	896	903	908
2021-08-06T19:48:13	918	897	904	909
2021-08-06T19:48:43	919	897	904	908
2021-08-06T19:49:13	919	897	904	909
2021-08-06T19:49:43	919	897	904	909
2021-08-06T19:50:13	919	897	904	909
2021-08-06T19:50:43	920	898	904	909
2021-08-06T19:51:13	920	898	905	910
2021-08-06T19:51:43	920	898	905	910
2021-08-06T19:52:13	920	898	905	909
2021-08-06T19:52:43	920	899	905	910
2021-08-06T19:53:13	920	899	905	910
2021-08-06T19:53:43	920	899	906	910
2021-08-06T19:54:13	921	899	905	911
2021-08-06T19:54:43	921	899	905	911
2021-08-06T19:55:13	921	899	905	911
2021-08-06T19:55:43	921	899	906	911
2021-08-06T19:56:13	921	899	905	911
2021-08-06T19:56:43	922	899	905	911
2021-08-06T19:57:13	922	899	906	912
2021-08-06T19:57:43	921	899	905	912
2021-08-06T19:58:13	921	898	905	911
2021-08-06T19:58:43	922	899	905	911
2021-08-06T19:59:13	922	899	906	913
2021-08-06T19:59:43	921	899	906	912
2021-08-06T20:00:13	922	899	906	912
2021-08-06T20:00:43	921	899	905	912
2021-08-06T20:01:13	920	899	905	912
2021-08-06T20:01:43	914	899	904	910
2021-08-06T20:02:13	910	899	904	909
2021-08-06T20:02:43	908	898	903	908
2021-08-06T20:03:13	907	898	903	906
2021-08-06T20:03:43	905	898	902	905
2021-08-06T20:04:13	904	898	902	905
2021-08-06T20:04:43	904	900	904	905
2021-08-06T20:05:13	902	899	902	904
2021-08-06T20:05:43	902	900	903	903
2021-08-06T20:06:13	901	899	903	904
2021-08-06T20:06:43	901	899	903	902
2021-08-06T20:07:13	900	899	902	902
2021-08-06T20:07:43	900	898	902	902
2021-08-06T20:08:13	900	898	902	903
2021-08-06T20:08:43	900	900	903	903
2021-08-06T20:09:13	899	898	902	903
2021-08-06T20:09:43	899	900	903	903
2021-08-06T20:10:13	899	899	903	903
2021-08-06T20:10:43	901	898	902	903
2021-08-06T20:11:13	901	900	903	903
2021-08-06T20:11:43	900	900	903	904
2021-08-06T20:12:13	899	899	902	904
2021-08-06T20:12:43	899	899	903	904
2021-08-06T20:13:13	901	898	902	904
2021-08-06T20:13:43	900	899	901	903
2021-08-06T20:14:13	899	900	903	903
2021-08-06T20:14:43	899	898	902	904
2021-08-06T20:15:13	901	900	904	903
2021-08-06T20:15:43	871	883	898	903
2021-08-06T20:16:13	765	788	837	882
2021-08-06T20:16:43	669	700	792	860
2021-08-06T20:17:13	581	597	669	789
2021-08-06T20:17:43	508	507	601	716
2021-08-06T20:18:13	464	467	558	676
2021-08-06T20:18:43	433	441	542	629
2021-08-06T20:19:13	417	416	521	594
2021-08-06T20:19:43	397	392	494	566
2021-08-06T20:20:13	373	374	490	548
2021-08-06T20:20:43	355	369	467	524
2021-08-06T20:21:13	344	359	451	501
2021-08-06T20:21:43	335	343	435	481
2021-08-06T20:22:13	321	325	427	467
2021-08-06T20:22:43	318	316	418	450
2021-08-06T20:23:13	305	304	402	432
2021-08-06T20:23:43	295	297	389	418
2021-08-06T20:24:13	283	291	381	409
2021-08-06T20:24:43	276	286	372	394
2021-08-06T20:25:13	270	276	360	379
2021-08-06T20:25:43	267	266	359	370
