time	T1	T2	T3	T4
2021-08-02T19:26:06	24	23	26	25
2021-08-02T19:26:36	24	24	27	24
2021-08-02T19:27:06	25	24	27	24
2021-08-02T19:27:36	25	24	27	24
2021-08-02T19:28:06	25	24	27	24
2021-08-02T19:28:36	25	25	27	24
2021-08-02T19:29:06	25	25	27	24
2021-08-02T19:29:36	25	25	27	24
2021-08-02T19:30:06	24	24	28	24
2021-08-02T19:30:36	24	24	27	24
2021-08-02T19:31:06	24	23	27	24
2021-08-02T19:31:36	24	24	28	25
2021-08-02T19:32:06	25	25	28	24
2021-08-02T19:32:36	29	28	31	24
2021-08-02T19:33:06	31	31	32	25
2021-08-02T19:33:36	33	32	33	28
2021-08-02T19:34:06	35	33	34	29
2021-08-02T19:34:36	36	34	34	30
2021-08-02T19:35:06	37	34	35	32
2021-08-02T19:35:36	38	35	35	34
2021-08-02T19:36:06	39	37	37	36
2021-08-02T19:36:36	40	38	38	38
2021-08-02T19:37:06	41	38	39	40
2021-08-02T19:37:36	42	39	40	42
2021-08-02T19:38:06	43	40	40	43
2021-08-02T19:38:36	44	42	44	45
2021-08-02T19:39:06	46	44	46	48
2021-08-02T19:39:36	47	45	47	48
2021-08-02T19:40:06	47	45	47	51
2021-08-02T19:40:36	48	45	47	53
2021-08-02T19:41:06	48	45	47	55
2021-08-02T19:41:36	50	47	49	56
2021-08-02T19:42:06	51	49	52	57
2021-08-02T19:42:36	52	49	53	59
2021-08-02T19:43:06	52	50	53	61
2021-08-02T19:43:36	53	50	53	62
2021-08-02T19:44:06	53	49	53	63
2021-08-02T19:44:36	55	54	57	64
2021-08-02T19:45:06	56	55	59	65
2021-08-02T19:45:36	57	55	59	67
2021-08-02T19:46:06	57	55	59	68
2021-08-02T19:46:36	57	55	59	69
2021-08-02T19:47:06	59	56	60	70
2021-08-02T19:47:36	61	60	64	72
2021-08-02T19:48:06	61	61	65	73
2021-08-02T19:48:36	62	60	66	74
2021-08-02T19:49:06	62	60	65	76
2021-08-02T19:49:36	62	60	66	76
2021-08-02T19:50:06	70	65	70	77
2021-08-02T19:50:36	75	66	70	79
2021-08-02T19:51:06	78	67	71	80
2021-08-02T19:51:36	83	67	71	81
2021-08-02T19:52:06	87	67	71	83
2021-08-02T19:52:36	90	68	73	84
2021-08-02T19:53:06	96	71	75	86
2021-08-02T19:53:36	100	71	76	87
2021-08-02T19:54:06	103	71	76	88
2021-08-02T19:54:36	106	72	76	89
2021-08-02T19:55:06	110	76	80	90
2021-08-02T19:55:36	114	77	81	91
2021-08-02T19:56:06	116	78	81	93
2021-08-02T19:56:36	118	77	82	94
2021-08-02T19:57:06	121	77	82	95
2021-08-02T19:57:36	125	79	84	96
2021-08-02T19:58:06	128	83	87	97
2021-08-02T19:58:36	130	84	88	99
2021-08-02T19:59:06	133	84	88	99
2021-08-02T19:59:36	135	83	88	101
2021-08-02T20:00:06	136	84	89	101
2021-08-02T20:00:36	140	87	92	102
2021-08-02T20:01:06	143	88	92	104
2021-08-02T20:01:36	145	87	92	105
2021-08-02T20:02:06	148	88	93	106
2021-08-02T20:02:36	150	92	97	107
2021-08-02T20:03:06	152	93	99	108
2021-08-02T20:03:36	153	93	99	109
2021-08-02T20:04:06	153	93	99	110
2021-08-02T20:04:36	154	93	98	111
2021-08-02T20:05:06	157	96	102	112
2021-08-02T20:05:36	160	98	103	113
2021-08-02T20:06:06	161	98	103	114
2021-08-02T20:06:36	161	98	103	115
2021-08-02T20:07:06	161	98	103	116
2021-08-02T20:07:36	165	102	107	117
2021-08-02T20:08:06	166	103	108	117
2021-08-02T20:08:36	167	103	108	119
2021-08-02T20:09:06	169	103	108	120
2021-08-02T20:09:36	170	105	110	120
2021-08-02T20:10:06	172	106	111	121
2021-08-02T20:10:36	173	106	111	123
2021-08-02T20:11:06	175	110	115	124
2021-08-02T20:11:36	177	111	116	124
2021-08-02T20:12:06	176	111	116	125
2021-08-02T20:12:36	178	110	116	127
2021-08-02T20:13:06	179	114	118	128
2021-08-02T20:13:36	179	114	119	129
2021-08-02T20:14:06	180	114	119	130
2021-08-02T20:14:36	181	116	121	131
2021-08-02T20:15:06	184	119	124	132
2021-08-02T20:15:36	184	119	124	133
2021-08-02T20:16:06	186	118	124	134
2021-08-02T20:16:36	186	120	126	135
2021-08-02T20:17:06	188	122	127	134
2021-08-02T20:17:36	189	122	127	136
2021-08-02T20:18:06	190	123	128	137
2021-08-02T20:18:36	191	125	131	138
2021-08-02T20:19:06	191	125	130	139
2021-08-02T20:19:36	191	125	130	140
2021-08-02T20:20:06	194	130	135	141
2021-08-02T20:20:36	194	130	134	142
2021-08-02T20:21:06	195	129	134	143
2021-08-02T20:21:36	195	131	136	144
2021-08-02T20:22:06	199	133	139	145
2021-08-02T20:22:36	198	133	138	146
2021-08-02T20:23:06	200	132	138	146
2021-08-02T20:23:36	201	136	141	148
2021-08-02T20:24:06	201	138	143	149
2021-08-02T20:24:36	201	137	142	150
2021-08-02T20:25:06	202	136	142	151
2021-08-02T20:25:36	205	141	146	152
2021-08-02T20:26:06	205	142	146	153
2021-08-02T20:26:36	205	140	145	154
2021-08-02T20:27:06	206	143	149	155
2021-08-02T20:27:36	208	145	151	156
2021-08-02T20:28:06	208	145	150	157
2021-08-02T20:28:36	209	145	151	157
2021-08-02T20:29:06	210	147	153	158
2021-08-02T20:29:36	210	147	152	159
2021-08-02T20:30:06	213	151	156	159
2021-08-02T20:30:36	214	151	157	161
2021-08-02T20:31:06	214	150	156	162
2021-08-02T20:31:36	214	153	158	163
2021-08-02T20:32:06	217	154	159	164
2021-08-02T20:32:36	216	156	159	164
2021-08-02T20:33:06	218	157	162	166
2021-08-02T20:33:36	219	156	161	166
2021-08-02T20:34:06	219	159	165	167
2021-08-02T20:34:36	221	160	165	168
2021-08-02T20:35:06	221	159	165	169
2021-08-02T20:35:36	221	160	166	171
2021-08-02T20:36:06	223	161	167	172
2021-08-02T20:36:36	223	164	169	173
2021-08-02T20:37:06	224	164	169	174
2021-08-02T20:37:36	223	165	170	175
2021-08-02T20:38:06	227	169	173	176
2021-08-02T20:38:36	227	168	172	176
2021-08-02T20:39:06	228	169	173	176
2021-08-02T20:39:36	228	170	175	177
2021-08-02T20:40:06	229	171	177	178
2021-08-02T20:40:36	229	172	177	179
2021-08-02T20:41:06	230	173	179	180
2021-08-02T20:41:36	231	175	179	181
2021-08-02T20:42:06	231	174	179	182
2021-08-02T20:42:36	235	178	183	183
2021-08-02T20:43:06	234	178	182	184
2021-08-02T20:43:36	235	178	184	184
2021-08-02T20:44:06	237	180	185	185
2021-08-02T20:44:36	236	180	185	186
2021-08-02T20:45:06	237	183	187	187
2021-08-02T20:45:36	238	184	189	189
2021-08-02T20:46:06	238	183	188	189
2021-08-02T20:46:36	239	185	192	190
2021-08-02T20:47:06	241	185	191	191
2021-08-02T20:47:36	242	187	193	192
2021-08-02T20:48:06	241	188	193	193
2021-08-02T20:48:36	243	190	196	193
2021-08-02T20:49:06	245	191	197	194
2021-08-02T20:49:36	245	190	195	195
2021-08-02T20:50:06	245	193	198	196
2021-08-02T20:50:36	246	192	198	197
2021-08-02T20:51:06	247	195	201	198
2021-08-02T20:51:36	249	196	202	199
2021-08-02T20:52:06	248	195	201	200
2021-08-02T20:52:36	249	198	204	200
2021-08-02T20:53:06	251	199	204	202
2021-08-02T20:53:36	251	199	205	203
2021-08-02T20:54:06	254	202	208	204
2021-08-02T20:54:36	254	201	207	205
2021-08-02T20:55:06	254	203	210	206
2021-08-02T20:55:36	256	205	210	206
2021-08-02T20:56:06	257	204	210	207
2021-08-02T20:56:36	257	207	214	208
2021-08-02T20:57:06	258	207	213	209
2021-08-02T20:57:36	260	208	215	210
2021-08-02T20:58:06	260	208	215	211
2021-08-02T20:58:36	260	209	216	211
2021-08-02T20:59:06	263	212	219	212
2021-08-02T20:59:36	262	211	218	213
2021-08-02T21:00:06	263	213	220	214
2021-08-02T21:00:36	263	214	220	215
2021-08-02T21:01:06	264	215	222	216
2021-08-02T21:01:36	264	215	221	217
2021-08-02T21:02:06	266	218	226	219
2021-08-02T21:02:36	267	218	225	219
2021-08-02T21:03:06	268	220	227	220
2021-08-02T21:03:36	268	220	226	221
2021-08-02T21:04:06	269	222	229	222
2021-08-02T21:04:36	270	222	229	222
2021-08-02T21:05:06	270	224	231	223
2021-08-02T21:05:36	272	224	231	225
2021-08-02T21:06:06	272	225	232	225
2021-08-02T21:06:36	273	227	232	226
2021-08-02T21:07:06	274	228	235	227
2021-08-02T21:07:36	275	228	234	228
2021-08-02T21:08:06	276	230	238	229
2021-08-02T21:08:36	276	230	237	230
2021-08-02T21:09:06	276	232	240	231
2021-08-02T21:09:36	275	232	240	232
2021-08-02T21:10:06	278	234	242	233
2021-08-02T21:10:36	278	233	241	234
2021-08-02T21:11:06	280	236	244	234
2021-08-02T21:11:36	280	237	245	235
2021-08-02T21:12:06	281	238	246	236
2021-08-02T21:12:36	281	238	246	237
2021-08-02T21:13:06	282	240	247	238
2021-08-02T21:13:36	285	241	250	238
2021-08-02T21:14:06	286	241	249	241
2021-08-02T21:14:36	287	244	251	241
2021-08-02T21:15:06	286	243	251	242
2021-08-02T21:15:36	287	245	254	243
2021-08-02T21:16:06	288	244	253	244
2021-08-02T21:16:36	289	247	256	245
2021-08-02T21:17:06	289	247	256	246
2021-08-02T21:17:36	291	249	258	246
2021-08-02T21:18:06	291	248	258	247
2021-08-02T21:18:36	291	249	260	249
2021-08-02T21:19:06	293	251	261	250
2021-08-02T21:19:36	293	251	262	250
2021-08-02T21:20:06	293	253	263	251
2021-08-02T21:20:36	294	254	264	252
2021-08-02T21:21:06	296	255	266	253
2021-08-02T21:21:36	295	254	265	254
2021-08-02T21:22:06	297	257	267	255
2021-08-02T21:22:36	296	256	266	255
2021-08-02T21:23:06	297	260	270	256
2021-08-02T21:23:36	298	259	270	257
2021-08-02T21:24:06	299	261	271	258
2021-08-02T21:24:36	300	261	272	259
2021-08-02T21:25:06	300	262	273	260
2021-08-02T21:25:36	302	264	276	261
2021-08-02T21:26:06	302	263	275	262
2021-08-02T21:26:36	303	266	278	263
2021-08-02T21:27:06	304	265	276	264
2021-08-02T21:27:36	305	268	279	265
2021-08-02T21:28:06	305	267	279	265
2021-08-02T21:28:36	306	271	282	266
2021-08-02T21:29:06	308	270	281	268
2021-08-02T21:29:36	308	273	284	269
2021-08-02T21:30:06	309	272	283	269
2021-08-02T21:30:36	309	274	286	270
2021-08-02T21:31:06	310	274	286	272
2021-08-02T21:31:36	311	276	288	272
2021-08-02T21:32:06	312	275	287	273
2021-08-02T21:32:36	314	278	291	274
2021-08-02T21:33:06	313	277	290	275
2021-08-02T21:33:36	315	280	293	277
2021-08-02T21:34:06	314	279	292	277
2021-08-02T21:34:36	316	282	295	279
2021-08-02T21:35:06	317	282	296	279
2021-08-02T21:35:36	317	283	295	280
2021-08-02T21:36:06	318	286	298	281
2021-08-02T21:36:36	318	284	297	282
2021-08-02T21:37:06	319	287	301	282
2021-08-02T21:37:36	320	286	299	283
2021-08-02T21:38:06	319	289	302	285
2021-08-02T21:38:36	322	290	305	285
2021-08-02T21:39:06	322	289	304	286
2021-08-02T21:39:36	323	291	306	287
2021-08-02T21:40:06	324	292	305	288
2021-08-02T21:40:36	325	294	308	289
2021-08-02T21:41:06	325	293	307	290
2021-08-02T21:41:36	327	296	310	291
2021-08-02T21:42:06	326	297	310	292
2021-08-02T21:42:36	327	296	310	293
2021-08-02T21:43:06	328	299	314	294
2021-08-02T21:43:36	328	298	312	294
2021-08-02T21:44:06	330	300	316	296
2021-08-02T21:44:36	332	300	315	297
2021-08-02T21:45:06	331	302	316	298
2021-08-02T21:45:36	333	305	320	299
2021-08-02T21:46:06	335	303	319	299
2021-08-02T21:46:36	334	305	321	300
2021-08-02T21:47:06	335	305	322	301
2021-08-02T21:47:36	337	305	322	302
2021-08-02T21:48:06	338	308	325	303
2021-08-02T21:48:36	338	309	325	304
2021-08-02T21:49:06	337	308	325	305
2021-08-02T21:49:36	339	310	327	305
2021-08-02T21:50:06	340	311	328	306
2021-08-02T21:50:36	340	311	328	308
2021-08-02T21:51:06	342	313	329	309
2021-08-02T21:51:36	342	315	332	309
2021-08-02T21:52:06	343	314	332	310
2021-08-02T21:52:36	343	316	332	311
2021-08-02T21:53:06	345	318	336	312
2021-08-02T21:53:36	345	317	334	313
2021-08-02T21:54:06	346	320	337	315
2021-08-02T21:54:36	346	319	336	315
2021-08-02T21:55:06	348	322	340	316
2021-08-02T21:55:36	348	320	338	317
2021-08-02T21:56:06	349	323	341	318
2021-08-02T21:56:36	350	324	343	318
2021-08-02T21:57:06	350	324	342	320
2021-08-02T21:57:36	351	327	345	320
2021-08-02T21:58:06	352	327	345	321
2021-08-02T21:58:36	352	327	345	322
2021-08-02T21:59:06	353	329	348	323
2021-08-02T21:59:36	354	330	348	324
2021-08-02T22:00:06	355	330	350	325
2021-08-02T22:00:36	355	331	351	326
2021-08-02T22:01:06	355	331	350	328
2021-08-02T22:01:36	357	334	353	327
2021-08-02T22:02:06	358	334	352	329
2021-08-02T22:02:36	358	334	354	330
2021-08-02T22:03:06	359	336	356	331
2021-08-02T22:03:36	359	337	356	331
2021-08-02T22:04:06	360	337	357	332
2021-08-02T22:04:36	360	339	360	333
2021-08-02T22:05:06	361	340	361	334
2021-08-02T22:05:36	362	341	362	335
2021-08-02T22:06:06	363	342	363	336
2021-08-02T22:06:36	363	342	363	337
2021-08-02T22:07:06	364	342	364	337
2021-08-02T22:07:36	365	345	367	338
2021-08-02T22:08:06	367	344	365	340
2021-08-02T22:08:36	367	346	367	340
2021-08-02T22:09:06	368	348	370	342
2021-08-02T22:09:36	368	347	369	343
2021-08-02T22:10:06	369	350	372	343
2021-08-02T22:10:36	369	350	372	344
2021-08-02T22:11:06	373	351	374	346
2021-08-02T22:11:36	374	350	373	347
2021-08-02T22:12:06	376	354	376	348
2021-08-02T22:12:36	376	352	375	349
2021-08-02T22:13:06	377	355	379	350
2021-08-02T22:13:36	377	355	379	351
2021-08-02T22:14:06	377	356	380	352
2021-08-02T22:14:36	379	358	381	353
2021-08-02T22:15:06	382	359	382	354
2021-08-02T22:15:36	383	360	383	355
2021-08-02T22:16:06	382	360	383	356
2021-08-02T22:16:36	383	362	385	358
2021-08-02T22:17:06	386	363	387	358
2021-08-02T22:17:36	387	364	387	359
2021-08-02T22:18:06	387	366	388	361
2021-08-02T22:18:36	388	366	387	362
2021-08-02T22:19:06	389	368	390	363
2021-08-02T22:19:36	391	369	391	364
2021-08-02T22:20:06	392	370	393	366
2021-08-02T22:20:36	392	372	395	366
2021-08-02T22:21:06	394	371	393	368
2021-08-02T22:21:36	397	373	396	369
2021-08-02T22:22:06	397	374	398	370
2021-08-02T22:22:36	397	375	398	371
2021-08-02T22:23:06	396	374	397	372
2021-08-02T22:23:36	401	376	400	373
2021-08-02T22:24:06	402	379	403	374
2021-08-02T22:24:36	401	378	402	375
2021-08-02T22:25:06	401	379	402	377
2021-08-02T22:25:36	404	382	405	378
2021-08-02T22:26:06	404	383	405	378
2021-08-02T22:26:36	404	381	406	380
2021-08-02T22:27:06	406	384	408	381
2021-08-02T22:27:36	406	385	410	382
2021-08-02T22:28:06	410	385	410	383
2021-08-02T22:28:36	410	389	412	384
2021-08-02T22:29:06	409	388	411	386
2021-08-02T22:29:36	413	391	414	387
2021-08-02T22:30:06	412	389	413	388
2021-08-02T22:30:36	414	393	417	389
2021-08-02T22:31:06	415	392	416	390
2021-08-02T22:31:36	415	395	419	391
2021-08-02T22:32:06	417	394	418	392
2021-08-02T22:32:36	417	397	421	394
2021-08-02T22:33:06	420	396	419	395
2021-08-02T22:33:36	421	400	424	396
2021-08-02T22:34:06	421	399	424	397
2021-08-02T22:34:36	422	399	422	399
2021-08-02T22:35:06	424	401	426	399
2021-08-02T22:35:36	425	402	427	400
2021-08-02T22:36:06	424	402	426	401
2021-08-02T22:36:36	428	405	428	402
2021-08-02T22:37:06	427	406	428	404
2021-08-02T22:37:36	428	406	430	405
2021-08-02T22:38:06	430	409	431	406
2021-08-02T22:38:36	430	410	434	407
2021-08-02T22:39:06	433	410	433	408
2021-08-02T22:39:36	433	412	436	410
2021-08-02T22:40:06	436	413	436	410
2021-08-02T22:40:36	436	415	438	412
2021-08-02T22:41:06	435	415	439	413
2021-08-02T22:41:36	437	415	439	414
2021-08-02T22:42:06	438	416	441	415
2021-08-02T22:42:36	440	417	440	416
2021-08-02T22:43:06	440	419	443	418
2021-08-02T22:43:36	443	418	442	417
2021-08-02T22:44:06	444	421	446	420
2021-08-02T22:44:36	443	421	444	421
2021-08-02T22:45:06	447	423	447	422
2021-08-02T22:45:36	446	424	448	423
2021-08-02T22:46:06	447	426	449	425
2021-08-02T22:46:36	448	426	450	426
2021-08-02T22:47:06	450	427	451	427
2021-08-02T22:47:36	450	430	454	428
2021-08-02T22:48:06	450	428	452	429
2021-08-02T22:48:36	454	431	455	430
2021-08-02T22:49:06	453	431	454	431
2021-08-02T22:49:36	455	433	458	432
2021-08-02T22:50:06	454	432	457	434
2021-08-02T22:50:36	459	435	459	436
2021-08-02T22:51:06	457	436	460	436
2021-08-02T22:51:36	459	436	459	437
2021-08-02T22:52:06	461	436	462	438
2021-08-02T22:52:36	460	437	461	439
2021-08-02T22:53:06	463	439	463	440
2021-08-02T22:53:36	463	440	465	441
2021-08-02T22:54:06	464	441	466	443
2021-08-02T22:54:36	466	441	467	444
2021-08-02T22:55:06	468	444	469	444
2021-08-02T22:55:36	467	444	469	446
2021-08-02T22:56:06	470	445	472	447
2021-08-02T22:56:36	470	446	471	448
2021-08-02T22:57:06	471	448	473	450
2021-08-02T22:57:36	472	448	474	452
2021-08-02T22:58:06	474	448	475	452
2021-08-02T22:58:36	474	449	476	453
2021-08-02T22:59:06	476	451	477	455
2021-08-02T22:59:36	477	452	477	455
2021-08-02T23:00:06	477	453	480	456
2021-08-02T23:00:36	480	455	481	457
2021-08-02T23:01:06	480	455	482	458
2021-08-02T23:01:36	481	455	482	459
2021-08-02T23:02:06	482	457	483	460
2021-08-02T23:02:36	483	458	486	462
2021-08-02T23:03:06	483	459	485	462
2021-08-02T23:03:36	485	461	487	463
2021-08-02T23:04:06	487	460	486	465
2021-08-02T23:04:36	488	461	489	466
2021-08-02T23:05:06	487	463	490	467
2021-08-02T23:05:36	490	463	490	468
2021-08-02T23:06:06	490	466	493	469
2021-08-02T23:06:36	491	465	493	471
2021-08-02T23:07:06	492	467	495	472
2021-08-02T23:07:36	494	467	496	473
2021-08-02T23:08:06	494	468	497	474
2021-08-02T23:08:36	496	470	497	475
2021-08-02T23:09:06	496	470	499	476
2021-08-02T23:09:36	498	472	501	479
2021-08-02T23:10:06	497	472	501	480
2021-08-02T23:10:36	501	474	503	480
2021-08-02T23:11:06	500	473	501	482
2021-08-02T23:11:36	503	475	504	482
2021-08-02T23:12:06	504	477	506	483
2021-08-02T23:12:36	504	478	508	485
2021-08-02T23:13:06	506	477	506	487
2021-08-02T23:13:36	506	478	508	487
2021-08-02T23:14:06	508	480	510	489
2021-08-02T23:14:37	507	482	512	490
2021-08-02T23:15:07	511	481	511	491
2021-08-02T23:15:37	510	482	513	493
2021-08-02T23:16:07	512	483	513	494
2021-08-02T23:16:37	514	484	514	495
2021-08-02T23:17:07	514	486	516	496
2021-08-02T23:17:37	515	487	518	498
2021-08-02T23:18:07	517	486	518	498
2021-08-02T23:18:37	516	488	518	499
2021-08-02T23:19:07	520	489	520	501
2021-08-02T23:19:37	518	490	521	501
2021-08-02T23:20:07	521	492	524	503
2021-08-02T23:20:37	521	492	523	505
2021-08-02T23:21:07	522	493	524	505
2021-08-02T23:21:37	523	493	525	506
2021-08-02T23:22:07	527	495	528	507
2021-08-02T23:22:37	526	496	528	508
2021-08-02T23:23:07	528	498	530	509
2021-08-02T23:23:37	528	499	531	510
2021-08-02T23:24:07	529	500	532	512
2021-08-02T23:24:37	530	501	532	513
2021-08-02T23:25:07	533	501	533	515
2021-08-02T23:25:37	532	503	535	515
2021-08-02T23:26:07	535	504	536	517
2021-08-02T23:26:37	535	504	537	518
2021-08-02T23:27:07	535	506	538	520
2021-08-02T23:27:37	537	507	539	520
2021-08-02T23:28:07	538	507	540	522
2021-08-02T23:28:37	538	508	541	524
2021-08-02T23:29:07	539	509	543	525
2021-08-02T23:29:37	541	508	541	526
2021-08-02T23:30:07	542	509	542	527
2021-08-02T23:30:37	542	511	544	528
2021-08-02T23:31:07	545	511	545	528
2021-08-02T23:31:37	545	513	546	530
2021-08-02T23:32:07	547	513	548	532
2021-08-02T23:32:37	548	514	548	532
2021-08-02T23:33:07	549	516	549	534
2021-08-02T23:33:37	549	517	551	534
2021-08-02T23:34:07	550	517	551	536
2021-08-02T23:34:37	553	519	553	537
2021-08-02T23:35:07	553	520	553	539
2021-08-02T23:35:37	553	520	554	539
2021-08-02T23:36:07	557	522	556	541
2021-08-02T23:36:37	557	523	556	541
2021-08-02T23:37:07	558	524	557	544
2021-08-02T23:37:37	559	524	558	544
2021-08-02T23:38:07	559	524	559	545
2021-08-02T23:38:37	560	526	560	547
2021-08-02T23:39:07	561	526	562	548
2021-08-02T23:39:37	562	528	562	549
2021-08-02T23:40:07	564	529	564	550
2021-08-02T23:40:37	565	529	564	551
2021-08-02T23:41:07	565	530	565	553
2021-08-02T23:41:37	567	531	567	554
2021-08-02T23:42:07	569	532	567	554
2021-08-02T23:42:37	568	533	569	556
2021-08-02T23:43:07	571	534	569	557
2021-08-02T23:43:37	571	534	570	558
2021-08-02T23:44:07	573	534	571	559
2021-08-02T23:44:37	574	536	572	561
2021-08-02T23:45:07	574	538	573	562
2021-08-02T23:45:37	575	538	574	562
2021-08-02T23:46:07	577	540	576	564
2021-08-02T23:46:37	579	540	576	565
2021-08-02T23:47:07	578	541	577	566
2021-08-02T23:47:37	582	541	578	568
2021-08-02T23:48:07	581	543	579	568
2021-08-02T23:48:37	582	543	580	570
2021-08-02T23:49:07	585	544	581	571
2021-08-02T23:49:37	584	545	581	572
2021-08-02T23:50:07	586	546	582	573
2021-08-02T23:50:37	587	547	584	575
2021-08-02T23:51:07	589	548	584	576
2021-08-02T23:51:37	589	549	585	577
2021-08-02T23:52:07	591	550	587	578
2021-08-02T23:52:37	591	550	588	579
2021-08-02T23:53:07	591	552	589	581
2021-08-02T23:53:37	594	552	590	582
2021-08-02T23:54:07	594	554	592	583
2021-08-02T23:54:37	594	554	593	584
2021-08-02T23:55:07	597	556	594	585
2021-08-02T23:55:37	598	556	594	586
2021-08-02T23:56:07	598	557	595	588
2021-08-02T23:56:37	600	558	597	590
2021-08-02T23:57:07	600	559	597	589
2021-08-02T23:57:37	602	560	599	591
2021-08-02T23:58:07	603	561	599	592
2021-08-02T23:58:37	604	563	599	594
2021-08-02T23:59:07	606	564	601	595
2021-08-02T23:59:37	606	564	602	595
2021-08-03T00:00:07	608	566	604	598
2021-08-03T00:00:37	609	566	604	598
2021-08-03T00:01:07	609	567	605	599
2021-08-03T00:01:37	610	569	606	601
2021-08-03T00:02:07	612	569	606	602
2021-08-03T00:02:37	613	570	607	603
2021-08-03T00:03:07	613	571	608	605
2021-08-03T00:03:37	616	572	608	606
2021-08-03T00:04:07	617	573	610	606
2021-08-03T00:04:37	618	573	611	608
2021-08-03T00:05:07	618	575	612	608
2021-08-03T00:05:37	620	575	613	610
2021-08-03T00:06:07	620	576	614	611
2021-08-03T00:06:37	621	577	615	611
2021-08-03T00:07:07	622	577	615	614
2021-08-03T00:07:37	624	578	617	615
2021-08-03T00:08:07	624	579	617	616
2021-08-03T00:08:37	626	580	619	617
2021-08-03T00:09:07	627	581	619	618
2021-08-03T00:09:37	629	582	620	618
2021-08-03T00:10:07	630	583	620	621
2021-08-03T00:10:37	630	584	622	623
2021-08-03T00:11:07	632	584	622	624
2021-08-03T00:11:37	633	585	622	625
2021-08-03T00:12:07	632	586	624	625
2021-08-03T00:12:37	634	587	625	626
2021-08-03T00:13:07	636	588	626	626
2021-08-03T00:13:37	637	589	626	627
2021-08-03T00:14:07	639	590	628	629
2021-08-03T00:14:37	638	591	629	630
2021-08-03T00:15:07	640	592	629	630
2021-08-03T00:15:37	642	592	630	633
2021-08-03T00:16:07	641	593	631	634
2021-08-03T00:16:37	643	594	632	635
2021-08-03T00:17:07	645	595	633	636
2021-08-03T00:17:37	645	596	634	637
2021-08-03T00:18:07	645	597	635	638
2021-08-03T00:18:37	648	598	635	639
2021-08-03T00:19:07	647	599	636	642
2021-08-03T00:19:37	651	600	637	642
2021-08-03T00:20:07	651	601	638	642
2021-08-03T00:20:37	652	602	639	643
2021-08-03T00:21:07	652	603	640	644
2021-08-03T00:21:37	656	604	641	647
2021-08-03T00:22:07	656	604	642	647
2021-08-03T00:22:37	657	606	643	648
2021-08-03T00:23:07	657	607	644	649
2021-08-03T00:23:37	659	607	645	650
2021-08-03T00:24:07	660	608	645	651
2021-08-03T00:24:37	660	610	646	653
2021-08-03T00:25:07	662	610	647	653
2021-08-03T00:25:37	661	611	648	654
2021-08-03T00:26:07	664	612	649	655
2021-08-03T00:26:37	665	614	650	656
2021-08-03T00:27:07	665	613	651	658
2021-08-03T00:27:37	666	614	652	658
2021-08-03T00:28:07	667	615	652	660
2021-08-03T00:28:37	669	617	654	661
2021-08-03T00:29:07	670	617	655	662
2021-08-03T00:29:37	671	618	655	663
2021-08-03T00:30:07	672	619	657	664
2021-08-03T00:30:37	673	620	658	665
2021-08-03T00:31:07	675	622	658	666
2021-08-03T00:31:37	675	622	658	667
2021-08-03T00:32:07	677	623	660	668
2021-08-03T00:32:37	677	624	662	669
2021-08-03T00:33:07	678	625	662	671
2021-08-03T00:33:37	681	626	663	672
2021-08-03T00:34:07	681	627	665	671
2021-08-03T00:34:37	682	628	664	673
2021-08-03T00:35:07	683	628	665	675
2021-08-03T00:35:37	685	630	667	675
2021-08-03T00:36:07	685	630	668	677
2021-08-03T00:36:37	686	631	668	679
2021-08-03T00:37:07	687	633	670	679
2021-08-03T00:37:37	688	634	671	680
2021-08-03T00:38:07	690	635	672	682
2021-08-03T00:38:37	690	635	673	682
2021-08-03T00:39:07	692	636	674	683
2021-08-03T00:39:37	693	637	675	683
2021-08-03T00:40:07	693	638	675	685
2021-08-03T00:40:37	696	639	676	685
2021-08-03T00:41:07	695	640	677	688
2021-08-03T00:41:37	699	641	678	687
2021-08-03T00:42:07	697	642	679	690
2021-08-03T00:42:37	699	643	680	690
2021-08-03T00:43:07	699	644	681	691
2021-08-03T00:43:37	703	645	681	692
2021-08-03T00:44:07	704	646	682	693
2021-08-03T00:44:37	702	647	684	694
2021-08-03T00:45:07	706	648	685	695
2021-08-03T00:45:37	705	648	686	696
2021-08-03T00:46:07	708	650	687	697
2021-08-03T00:46:37	709	650	687	700
2021-08-03T00:47:07	710	651	687	700
2021-08-03T00:47:37	709	651	687	700
2021-08-03T00:48:07	712	653	688	701
2021-08-03T00:48:37	712	653	690	703
2021-08-03T00:49:07	713	655	691	704
2021-08-03T00:49:37	715	656	691	704
2021-08-03T00:50:07	716	656	693	706
2021-08-03T00:50:37	715	657	693	707
2021-08-03T00:51:07	719	658	694	707
2021-08-03T00:51:37	719	659	694	709
2021-08-03T00:52:07	721	660	696	711
2021-08-03T00:52:37	720	661	697	712
2021-08-03T00:53:07	724	663	697	713
2021-08-03T00:53:37	723	663	699	713
2021-08-03T00:54:07	725	663	700	715
2021-08-03T00:54:37	725	664	701	716
2021-08-03T00:55:07	726	665	702	715
2021-08-03T00:55:37	728	666	703	717
2021-08-03T00:56:07	728	667	703	719
2021-08-03T00:56:37	729	668	705	720
2021-08-03T00:57:07	732	669	706	721
2021-08-03T00:57:37	732	670	707	721
2021-08-03T00:58:07	733	671	707	723
2021-08-03T00:58:37	733	672	708	724
2021-08-03T00:59:07	737	673	709	724
2021-08-03T00:59:37	735	674	710	726
2021-08-03T01:00:07	739	675	711	726
2021-08-03T01:00:37	738	675	712	727
2021-08-03T01:01:07	741	677	713	728
2021-08-03T01:01:37	741	678	714	729
2021-08-03T01:02:07	742	679	715	730
2021-08-03T01:02:37	743	679	715	732
2021-08-03T01:03:07	743	681	716	732
2021-08-03T01:03:37	744	681	717	734
2021-08-03T01:04:07	745	683	718	735
2021-08-03T01:04:37	748	683	719	735
2021-08-03T01:05:07	746	684	719	736
2021-08-03T01:05:37	749	685	720	737
2021-08-03T01:06:07	750	686	721	739
2021-08-03T01:06:37	751	688	721	740
2021-08-03T01:07:07	753	689	723	742
2021-08-03T01:07:37	754	690	724	743
2021-08-03T01:08:07	755	691	724	744
2021-08-03T01:08:37	755	691	726	744
2021-08-03T01:09:07	757	692	726	744
2021-08-03T01:09:37	758	693	727	746
2021-08-03T01:10:07	760	694	728	746
2021-08-03T01:10:37	759	695	729	747
2021-08-03T01:11:07	761	695	730	749
2021-08-03T01:11:37	762	696	731	750
2021-08-03T01:12:07	763	697	731	751
2021-08-03T01:12:37	764	698	732	752
2021-08-03T01:13:07	766	700	733	752
2021-08-03T01:13:37	768	701	734	754
2021-08-03T01:14:07	767	701	734	755
2021-08-03T01:14:37	768	702	735	756
2021-08-03T01:15:07	770	703	736	757
2021-08-03T01:15:37	771	705	737	758
2021-08-03T01:16:07	772	705	738	759
2021-08-03T01:16:37	774	706	738	760
2021-08-03T01:17:07	774	707	740	761
2021-08-03T01:17:37	775	707	741	762
2021-08-03T01:18:07	776	709	741	763
2021-08-03T01:18:37	777	709	742	764
2021-08-03T01:19:07	778	710	743	764
2021-08-03T01:19:37	780	711	744	766
2021-08-03T01:20:07	781	712	745	766
2021-08-03T01:20:37	781	713	745	768
2021-08-03T01:21:07	782	713	746	769
2021-08-03T01:21:37	784	715	747	769
2021-08-03T01:22:07	784	715	748	770
2021-08-03T01:22:37	785	716	749	771
2021-08-03T01:23:07	786	717	750	772
2021-08-03T01:23:37	787	718	751	773
2021-08-03T01:24:07	788	719	751	773
2021-08-03T01:24:37	789	720	752	775
2021-08-03T01:25:07	788	721	753	775
2021-08-03T01:25:37	790	722	753	776
2021-08-03T01:26:07	791	723	754	777
2021-08-03T01:26:37	791	723	755	779
2021-08-03T01:27:07	793	724	756	778
2021-08-03T01:27:37	794	725	757	780
2021-08-03T01:28:07	794	726	757	782
2021-08-03T01:28:37	796	727	759	782
2021-08-03T01:29:07	796	728	760	784
2021-08-03T01:29:37	797	729	760	783
2021-08-03T01:30:07	798	729	761	785
2021-08-03T01:30:37	798	730	762	787
2021-08-03T01:31:07	799	731	762	786
2021-08-03T01:31:37	800	732	763	787
2021-08-03T01:32:07	801	733	764	789
2021-08-03T01:32:37	802	733	764	790
2021-08-03T01:33:07	803	735	765	790
2021-08-03T01:33:37	803	735	765	790
2021-08-03T01:34:07	803	736	766	791
2021-08-03T01:34:37	805	737	767	793
2021-08-03T01:35:07	806	738	769	793
2021-08-03T01:35:37	806	739	770	793
2021-08-03T01:36:07	807	739	770	794
2021-08-03T01:36:37	808	740	771	796
2021-08-03T01:37:07	808	741	771	795
2021-08-03T01:37:37	809	742	772	797
2021-08-03T01:38:07	810	742	773	797
2021-08-03T01:38:37	811	744	773	797
2021-08-03T01:39:07	811	744	774	798
2021-08-03T01:39:37	812	745	775	799
2021-08-03T01:40:07	812	746	775	800
2021-08-03T01:40:37	814	747	776	800
2021-08-03T01:41:07	814	747	777	801
2021-08-03T01:41:37	815	748	778	800
2021-08-03T01:42:07	816	749	778	801
2021-08-03T01:42:37	816	750	779	802
2021-08-03T01:43:07	817	751	779	801
2021-08-03T01:43:37	818	751	780	803
2021-08-03T01:44:07	818	752	781	804
2021-08-03T01:44:37	820	753	781	805
2021-08-03T01:45:07	820	754	782	805
2021-08-03T01:45:37	821	755	783	806
2021-08-03T01:46:07	821	756	784	806
2021-08-03T01:46:37	822	756	784	807
2021-08-03T01:47:07	823	757	785	808
2021-08-03T01:47:37	823	758	786	809
2021-08-03T01:48:07	824	758	786	809
2021-08-03T01:48:37	825	759	787	807
2021-08-03T01:49:07	826	760	787	811
2021-08-03T01:49:37	826	761	788	811
2021-08-03T01:50:07	828	761	789	812
2021-08-03T01:50:37	828	762	790	813
2021-08-03T01:51:07	829	763	790	814
2021-08-03T01:51:37	830	764	791	815
2021-08-03T01:52:07	830	764	791	815
2021-08-03T01:52:37	832	765	792	816
2021-08-03T01:53:07	833	766	793	816
2021-08-03T01:53:37	833	766	794	817
2021-08-03T01:54:07	833	767	795	818
2021-08-03T01:54:37	835	768	795	819
2021-08-03T01:55:07	836	769	796	820
2021-08-03T01:55:37	836	770	797	821
2021-08-03T01:56:07	837	770	798	822
2021-08-03T01:56:37	838	771	798	823
2021-08-03T01:57:07	839	772	799	824
2021-08-03T01:57:37	840	772	800	825
2021-08-03T01:58:07	840	772	801	826
2021-08-03T01:58:37	841	773	801	825
2021-08-03T01:59:07	842	774	802	828
2021-08-03T01:59:37	843	775	803	829
2021-08-03T02:00:07	844	776	804	830
2021-08-03T02:00:37	845	776	804	831
2021-08-03T02:01:07	846	777	806	832
2021-08-03T02:01:37	846	777	806	833
2021-08-03T02:02:07	848	778	807	834
2021-08-03T02:02:37	849	779	808	835
2021-08-03T02:03:07	849	779	808	835
2021-08-03T02:03:37	850	780	809	837
2021-08-03T02:04:07	851	780	810	838
2021-08-03T02:04:37	852	781	810	839
2021-08-03T02:05:07	853	782	811	840
2021-08-03T02:05:37	853	782	812	840
2021-08-03T02:06:07	855	783	813	841
2021-08-03T02:06:37	855	784	814	841
2021-08-03T02:07:07	856	785	815	843
2021-08-03T02:07:37	857	785	816	844
2021-08-03T02:08:07	858	786	816	845
2021-08-03T02:08:37	860	787	817	846
2021-08-03T02:09:07	860	787	818	847
2021-08-03T02:09:37	861	787	819	848
2021-08-03T02:10:07	862	789	820	849
2021-08-03T02:10:37	863	790	820	849
2021-08-03T02:11:07	864	790	821	851
2021-08-03T02:11:37	865	790	822	852
2021-08-03T02:12:07	866	791	823	853
2021-08-03T02:12:37	867	792	824	854
2021-08-03T02:13:07	867	793	825	855
2021-08-03T02:13:37	869	793	826	856
2021-08-03T02:14:07	870	794	827	857
2021-08-03T02:14:37	871	795	827	858
2021-08-03T02:15:07	871	795	828	859
2021-08-03T02:15:37	872	796	829	860
2021-08-03T02:16:07	873	797	830	861
2021-08-03T02:16:37	875	798	830	861
2021-08-03T02:17:07	875	798	831	863
2021-08-03T02:17:37	876	799	832	864
2021-08-03T02:18:07	877	800	833	865
2021-08-03T02:18:37	878	801	834	866
2021-08-03T02:19:07	878	801	835	867
2021-08-03T02:19:37	880	802	836	867
2021-08-03T02:20:07	881	802	837	869
2021-08-03T02:20:37	882	803	837	870
2021-08-03T02:21:07	883	804	838	871
2021-08-03T02:21:37	884	805	839	872
2021-08-03T02:22:07	885	806	840	874
2021-08-03T02:22:37	886	807	840	874
2021-08-03T02:23:07	887	808	842	875
2021-08-03T02:23:37	888	809	843	876
2021-08-03T02:24:07	889	809	845	877
2021-08-03T02:24:37	890	810	845	877
2021-08-03T02:25:07	892	811	846	879
2021-08-03T02:25:37	892	812	847	880
2021-08-03T02:26:07	893	812	848	881
2021-08-03T02:26:37	894	814	849	881
2021-08-03T02:27:07	895	814	850	883
2021-08-03T02:27:37	896	815	851	883
2021-08-03T02:28:07	898	816	852	885
2021-08-03T02:28:37	899	817	852	886
2021-08-03T02:29:07	899	817	854	886
2021-08-03T02:29:37	901	818	855	888
2021-08-03T02:30:07	902	819	856	889
2021-08-03T02:30:37	902	820	857	889
2021-08-03T02:31:07	904	820	857	891
2021-08-03T02:31:37	905	821	858	892
2021-08-03T02:32:07	906	822	859	893
2021-08-03T02:32:37	907	823	860	893
2021-08-03T02:33:07	908	824	861	894
2021-08-03T02:33:37	909	826	862	896
2021-08-03T02:34:07	910	826	863	898
2021-08-03T02:34:37	911	827	864	899
2021-08-03T02:35:07	912	829	865	898
2021-08-03T02:35:37	914	829	866	901
2021-08-03T02:36:07	914	830	867	902
2021-08-03T02:36:37	915	831	868	902
2021-08-03T02:37:07	916	832	869	903
2021-08-03T02:37:37	917	832	870	905
2021-08-03T02:38:07	918	833	871	902
2021-08-03T02:38:37	919	835	872	906
2021-08-03T02:39:07	921	835	873	907
2021-08-03T02:39:37	922	836	874	909
2021-08-03T02:40:07	922	837	875	909
2021-08-03T02:40:37	923	838	876	911
2021-08-03T02:41:07	924	839	876	912
2021-08-03T02:41:37	925	840	878	912
2021-08-03T02:42:07	926	840	878	913
2021-08-03T02:42:37	928	842	879	913
2021-08-03T02:43:07	928	842	880	915
2021-08-03T02:43:37	929	843	881	918
2021-08-03T02:44:07	932	844	883	918
2021-08-03T02:44:37	932	845	883	919
2021-08-03T02:45:07	933	846	884	920
2021-08-03T02:45:37	934	847	885	921
2021-08-03T02:46:07	936	848	886	922
2021-08-03T02:46:37	936	849	888	923
2021-08-03T02:47:07	937	850	889	924
2021-08-03T02:47:37	939	851	890	924
2021-08-03T02:48:07	939	852	891	926
2021-08-03T02:48:37	940	853	891	929
2021-08-03T02:49:07	941	855	893	930
2021-08-03T02:49:37	942	856	893	930
2021-08-03T02:50:07	943	857	895	931
2021-08-03T02:50:37	944	859	896	932
2021-08-03T02:51:07	945	859	897	934
2021-08-03T02:51:37	948	861	898	934
2021-08-03T02:52:07	949	861	899	935
2021-08-03T02:52:37	949	863	900	936
2021-08-03T02:53:07	950	864	901	937
2021-08-03T02:53:37	951	865	902	938
2021-08-03T02:54:07	953	866	903	939
2021-08-03T02:54:37	953	867	905	940
2021-08-03T02:55:07	954	868	905	941
2021-08-03T02:55:37	954	869	906	942
2021-08-03T02:56:07	954	870	907	943
2021-08-03T02:56:37	955	871	909	943
2021-08-03T02:57:07	954	872	910	944
2021-08-03T02:57:37	954	873	911	944
2021-08-03T02:58:07	954	874	912	944
2021-08-03T02:58:37	954	875	913	946
2021-08-03T02:59:07	954	876	914	946
2021-08-03T02:59:37	954	876	915	946
2021-08-03T03:00:07	954	878	916	946
2021-08-03T03:00:37	953	879	917	947
2021-08-03T03:01:07	954	880	917	947
2021-08-03T03:01:37	953	880	918	947
2021-08-03T03:02:07	953	881	919	948
2021-08-03T03:02:37	953	882	921	948
2021-08-03T03:03:07	953	884	922	949
2021-08-03T03:03:37	953	885	922	949
2021-08-03T03:04:07	954	885	923	949
2021-08-03T03:04:37	954	887	924	950
2021-08-03T03:05:07	954	887	925	950
2021-08-03T03:05:37	954	888	925	949
2021-08-03T03:06:07	955	890	926	951
2021-08-03T03:06:37	954	890	927	951
2021-08-03T03:07:07	953	891	928	951
2021-08-03T03:07:37	955	892	929	951
2021-08-03T03:08:07	955	893	930	951
2021-08-03T03:08:37	955	894	931	952
2021-08-03T03:09:07	955	895	931	953
2021-08-03T03:09:37	954	896	932	952
2021-08-03T03:10:07	954	897	933	953
2021-08-03T03:10:37	955	898	934	953
2021-08-03T03:11:07	955	899	935	954
2021-08-03T03:11:37	953	900	935	954
2021-08-03T03:12:07	954	901	936	954
2021-08-03T03:12:37	955	902	938	955
2021-08-03T03:13:07	954	903	938	955
2021-08-03T03:13:37	955	903	939	955
2021-08-03T03:14:07	955	905	940	956
2021-08-03T03:14:37	954	906	940	956
2021-08-03T03:15:07	955	906	941	956
2021-08-03T03:15:37	955	907	942	957
2021-08-03T03:16:07	954	908	942	957
2021-08-03T03:16:37	953	909	944	956
2021-08-03T03:17:07	955	910	944	957
2021-08-03T03:17:37	955	911	945	959
2021-08-03T03:18:07	954	912	946	958
2021-08-03T03:18:37	954	913	946	958
2021-08-03T03:19:07	954	914	947	958
2021-08-03T03:19:37	954	915	948	958
2021-08-03T03:20:07	954	915	948	958
2021-08-03T03:20:37	953	916	949	959
2021-08-03T03:21:07	954	918	950	960
2021-08-03T03:21:37	956	920	951	961
2021-08-03T03:22:07	956	920	952	962
2021-08-03T03:22:37	956	921	952	962
2021-08-03T03:23:07	956	922	953	962
2021-08-03T03:23:37	956	923	953	962
2021-08-03T03:24:07	956	923	954	963
2021-08-03T03:24:37	957	924	955	963
2021-08-03T03:25:07	957	925	955	963
2021-08-03T03:25:37	957	926	956	964
2021-08-03T03:26:07	957	927	957	964
2021-08-03T03:26:37	957	928	957	965
2021-08-03T03:27:07	958	927	955	965
2021-08-03T03:27:37	958	929	957	965
2021-08-03T03:28:07	958	928	957	965
2021-08-03T03:28:37	959	929	958	965
2021-08-03T03:29:07	959	929	957	965
2021-08-03T03:29:37	955	930	957	965
2021-08-03T03:30:07	954	930	957	966
2021-08-03T03:30:37	956	931	958	966
2021-08-03T03:31:07	956	932	958	967
2021-08-03T03:31:37	956	932	957	968
2021-08-03T03:32:07	955	932	957	967
2021-08-03T03:32:37	957	932	958	969
2021-08-03T03:33:07	958	933	957	969
2021-08-03T03:33:37	959	933	956	969
2021-08-03T03:34:07	959	933	956	969
2021-08-03T03:34:37	960	934	957	969
2021-08-03T03:35:07	961	934	958	969
2021-08-03T03:35:37	956	935	957	969
2021-08-03T03:36:07	955	935	957	969
2021-08-03T03:36:37	955	935	956	969
2021-08-03T03:37:07	955	936	957	970
2021-08-03T03:37:37	957	936	957	970
2021-08-03T03:38:07	959	937	957	971
2021-08-03T03:38:37	960	937	957	971
2021-08-03T03:39:07	959	937	958	971
2021-08-03T03:39:37	956	937	956	970
2021-08-03T03:40:07	955	937	957	970
2021-08-03T03:40:37	954	939	958	970
2021-08-03T03:41:07	958	939	958	971
2021-08-03T03:41:37	960	938	956	971
2021-08-03T03:42:07	961	938	957	971
2021-08-03T03:42:37	962	938	956	971
2021-08-03T03:43:07	963	938	957	971
2021-08-03T03:43:37	963	939	958	971
2021-08-03T03:44:07	964	939	957	971
2021-08-03T03:44:37	959	939	957	971
2021-08-03T03:45:07	956	939	958	971
2021-08-03T03:45:37	954	940	958	971
2021-08-03T03:46:07	956	939	957	971
2021-08-03T03:46:37	954	939	957	972
2021-08-03T03:47:07	955	939	957	972
2021-08-03T03:47:37	956	940	958	973
2021-08-03T03:48:07	954	940	956	973
2021-08-03T03:48:37	954	940	957	973
2021-08-03T03:49:07	956	941	958	973
2021-08-03T03:49:37	960	941	957	974
2021-08-03T03:50:07	962	941	957	974
2021-08-03T03:50:37	963	940	956	974
2021-08-03T03:51:07	960	940	957	974
2021-08-03T03:51:37	957	941	957	974
2021-08-03T03:52:07	955	942	956	973
2021-08-03T03:52:37	954	942	956	973
2021-08-03T03:53:07	956	943	957	974
2021-08-03T03:53:37	954	943	958	974
2021-08-03T03:54:07	955	943	958	974
2021-08-03T03:54:37	956	943	958	974
2021-08-03T03:55:07	955	944	958	975
2021-08-03T03:55:37	955	944	958	975
2021-08-03T03:56:07	954	945	958	975
2021-08-03T03:56:37	958	945	958	975
2021-08-03T03:57:07	961	945	958	976
2021-08-03T03:57:37	963	945	956	976
2021-08-03T03:58:07	964	943	957	975
2021-08-03T03:58:37	965	944	957	975
2021-08-03T03:59:07	966	944	957	975
2021-08-03T03:59:37	967	944	958	975
2021-08-03T04:00:07	967	944	958	975
2021-08-03T04:00:37	968	944	958	975
2021-08-03T04:01:07	969	945	958	975
2021-08-03T04:01:37	969	945	958	975
2021-08-03T04:02:07	970	945	958	974
2021-08-03T04:02:37	971	945	958	975
2021-08-03T04:03:07	971	944	958	975
2021-08-03T04:03:37	972	944	957	975
2021-08-03T04:04:07	973	945	957	975
2021-08-03T04:04:37	973	945	957	975
2021-08-03T04:05:07	973	946	958	975
2021-08-03T04:05:37	974	946	958	976
2021-08-03T04:06:07	974	946	958	976
2021-08-03T04:06:37	975	944	957	976
2021-08-03T04:07:07	975	945	957	976
2021-08-03T04:07:37	975	946	958	976
2021-08-03T04:08:07	976	946	958	976
2021-08-03T04:08:37	976	946	957	976
2021-08-03T04:09:07	977	945	957	976
2021-08-03T04:09:37	977	946	957	976
2021-08-03T04:10:07	977	946	958	976
2021-08-03T04:10:37	977	946	957	976
2021-08-03T04:11:07	978	946	957	976
2021-08-03T04:11:37	979	947	958	976
2021-08-03T04:12:07	979	947	958	976
2021-08-03T04:12:37	979	946	957	976
2021-08-03T04:13:07	979	947	958	977
2021-08-03T04:13:37	980	947	958	977
2021-08-03T04:14:07	980	946	957	977
2021-08-03T04:14:37	981	947	957	977
2021-08-03T04:15:07	981	947	958	977
2021-08-03T04:15:37	981	947	957	977
2021-08-03T04:16:07	982	947	957	977
2021-08-03T04:16:37	982	948	958	977
2021-08-03T04:17:07	982	948	957	977
2021-08-03T04:17:37	982	949	958	977
2021-08-03T04:18:07	983	948	958	978
2021-08-03T04:18:37	983	948	958	977
2021-08-03T04:19:07	984	948	958	977
2021-08-03T04:19:37	984	948	958	977
2021-08-03T04:20:07	985	948	957	978
2021-08-03T04:20:37	984	949	958	977
2021-08-03T04:21:07	985	948	957	978
2021-08-03T04:21:37	985	948	957	978
2021-08-03T04:22:07	986	949	958	978
2021-08-03T04:22:37	986	948	957	977
2021-08-03T04:23:07	986	949	958	978
2021-08-03T04:23:37	986	949	957	979
2021-08-03T04:24:07	987	948	957	979
2021-08-03T04:24:37	987	950	959	978
2021-08-03T04:25:07	987	949	957	979
2021-08-03T04:25:37	987	948	957	979
2021-08-03T04:26:07	984	948	956	978
2021-08-03T04:26:37	888	855	931	969
2021-08-03T04:27:07	890	822	906	954
2021-08-03T04:27:37	769	772	846	942
2021-08-03T04:28:07	656	682	743	902
2021-08-03T04:28:37	567	569	665	845
2021-08-03T04:29:07	515	511	613	799
2021-08-03T04:29:37	483	474	586	762
2021-08-03T04:30:07	457	449	561	742
2021-08-03T04:30:37	432	428	542	713
2021-08-03T04:31:07	420	407	518	689
2021-08-03T04:31:37	395	393	502	667
