time	T1	T2	T3	T4
2021-08-04T10:22:31	23	-100	24	25
2021-08-04T10:23:01	23	-100	24	26
2021-08-04T10:30:42	-100	-100	-100	-100
2021-08-04T10:31:12	25	-100	25	24
2021-08-04T10:31:42	25	-100	25	24
2021-08-04T10:32:12	25	-100	25	24
2021-08-04T10:32:42	25	-100	25	25
2021-08-04T10:33:12	25	-100	25	24
2021-08-04T10:33:42	25	-100	25	24
2021-08-04T10:34:12	25	-100	25	25
2021-08-04T10:34:42	25	-100	25	25
2021-08-04T10:35:12	25	-100	25	25
2021-08-04T10:35:42	25	-100	25	25
2021-08-04T10:36:12	25	-100	25	25
2021-08-04T10:36:42	25	-100	25	24
2021-08-04T10:37:12	25	-100	25	24
2021-08-04T10:37:42	25	-100	25	24
2021-08-04T10:38:12	25	-100	25	24
2021-08-04T10:38:42	25	-100	25	24
2021-08-04T10:39:12	25	-100	25	24
2021-08-04T10:39:42	25	-100	25	24
2021-08-04T10:40:12	25	-100	25	24
2021-08-04T10:40:42	25	-100	25	24
2021-08-04T10:41:12	25	-100	25	24
2021-08-04T10:41:42	25	-100	25	24
2021-08-04T10:42:12	25	-100	25	24
2021-08-04T10:42:42	25	-100	25	24
2021-08-04T10:43:12	25	-100	25	23
2021-08-04T10:43:42	25	-100	26	24
2021-08-04T10:45:55	-100	-100	-100	-100
2021-08-04T10:46:25	-100	-100	26	24
2021-08-04T10:46:55	-100	-100	26	24
2021-08-04T10:47:25	25	-100	26	24
2021-08-04T10:47:55	-100	-100	26	24
2021-08-04T10:48:25	-100	-100	26	25
2021-08-04T10:48:55	25	-100	26	24
2021-08-04T10:49:25	-100	-100	26	24
2021-08-04T10:49:55	-100	-100	26	25
2021-08-04T10:50:25	25	-100	26	24
2021-08-04T10:50:55	25	-100	26	24
2021-08-04T10:51:25	25	-100	26	24
2021-08-04T10:51:55	26	-100	26	24
2021-08-04T10:52:25	25	-100	26	24
2021-08-04T10:52:55	25	-100	26	25
2021-08-04T10:53:25	25	-100	26	25
2021-08-04T10:53:55	25	-100	26	25
2021-08-04T10:54:25	25	-100	26	25
2021-08-04T10:54:55	25	-100	26	25
2021-08-04T10:55:25	-100	-100	26	25
2021-08-04T10:55:55	-100	-100	26	25
2021-08-04T10:56:25	-100	-100	26	25
2021-08-04T10:56:55	-100	-100	26	25
2021-08-04T10:57:25	-100	-100	26	25
2021-08-04T10:57:55	-100	-100	26	25
2021-08-04T10:58:25	26	-100	26	25
2021-08-04T10:58:55	-100	-100	26	25
2021-08-04T10:59:25	26	-100	26	24
2021-08-04T10:59:55	-100	-100	26	24
2021-08-04T11:00:25	26	-100	26	25
2021-08-04T11:00:55	-100	-100	26	24
2021-08-04T11:01:25	26	-100	26	25
2021-08-04T11:01:55	-100	-100	26	24
2021-08-04T11:02:25	26	-100	26	25
2021-08-04T11:02:55	26	-100	26	25
2021-08-04T11:03:25	-100	-100	26	25
2021-08-04T11:03:55	26	-100	26	25
2021-08-04T11:04:25	25	-100	26	24
2021-08-04T11:04:55	25	-100	26	24
2021-08-04T11:05:25	26	-100	26	24
2021-08-04T11:05:55	25	-100	26	24
2021-08-04T11:06:25	25	-100	26	24
2021-08-04T11:06:55	26	-100	26	25
2021-08-04T11:07:25	26	-100	26	25
2021-08-04T11:07:55	25	26	26	25
2021-08-04T11:08:25	25	26	26	25
2021-08-04T11:08:55	25	26	26	25
2021-08-04T11:09:25	25	26	26	25
2021-08-04T11:09:55	25	26	26	25
2021-08-04T11:10:25	25	26	26	25
2021-08-04T11:10:55	25	26	26	25
2021-08-04T11:11:25	25	26	27	25
2021-08-04T11:11:55	25	26	26	25
2021-08-04T11:12:25	25	26	26	25
2021-08-04T11:12:55	25	26	26	25
2021-08-04T11:13:25	25	26	26	25
2021-08-04T11:13:55	25	26	26	26
2021-08-04T11:16:41	25	26	-100	-100
2021-08-04T11:17:11	25	26	26	25
2021-08-04T11:17:41	25	26	26	25
2021-08-04T11:18:11	25	26	26	25
2021-08-04T11:18:41	25	26	26	25
2021-08-04T11:19:11	25	26	26	25
2021-08-04T11:19:41	25	26	26	25
2021-08-04T11:20:11	25	26	26	25
2021-08-04T11:20:42	25	26	26	25
2021-08-04T11:21:12	25	26	26	25
2021-08-04T11:21:42	25	26	26	25
2021-08-04T11:22:12	25	26	26	25
2021-08-04T11:22:42	25	26	26	25
2021-08-04T11:23:12	25	26	26	26
2021-08-04T11:23:42	25	26	26	25
2021-08-04T11:24:12	25	26	26	24
2021-08-04T11:24:42	25	26	27	25
2021-08-04T11:25:12	25	26	26	25
2021-08-04T11:27:19	26	26	-100	-100
2021-08-04T11:27:49	26	26	26	25
2021-08-04T11:28:19	26	26	26	25
2021-08-04T11:28:49	26	26	26	25
2021-08-04T11:29:19	26	26	26	24
2021-08-04T11:29:49	26	26	26	24
2021-08-04T11:30:19	26	26	26	25
2021-08-04T11:30:49	26	26	26	25
2021-08-04T11:31:19	25	26	26	25
2021-08-04T11:31:49	25	26	26	25
2021-08-04T11:32:19	25	26	27	25
2021-08-04T11:32:49	25	26	26	25
2021-08-04T11:33:19	25	26	27	25
2021-08-04T11:33:49	25	26	27	25
2021-08-04T11:34:19	25	26	27	25
2021-08-04T11:34:49	25	26	27	25
2021-08-04T11:35:19	25	26	27	25
2021-08-04T11:35:49	25	26	27	25
2021-08-04T11:36:19	25	26	27	25
2021-08-04T11:36:49	30	31	32	25
2021-08-04T11:39:06	-100	-100	-100	-100
2021-08-04T11:39:36	30	31	35	26
2021-08-04T11:40:06	31	31	35	27
2021-08-04T11:40:36	31	31	35	27
2021-08-04T11:41:06	31	31	35	27
2021-08-04T11:41:36	31	31	34	27
2021-08-04T11:42:06	31	31	34	27
2021-08-04T11:42:36	31	31	34	27
2021-08-04T11:43:06	31	31	34	28
2021-08-04T11:43:36	31	31	34	28
2021-08-04T11:44:06	31	31	33	28
2021-08-04T11:44:36	31	31	34	28
2021-08-04T11:45:06	31	31	33	28
2021-08-04T11:45:36	31	31	33	28
2021-08-04T11:46:06	30	30	33	28
2021-08-04T11:46:36	30	30	33	28
2021-08-04T11:47:06	30	30	33	29
2021-08-04T11:47:36	30	30	33	28
2021-08-04T11:48:06	30	30	33	28
2021-08-04T11:48:36	30	30	33	29
2021-08-04T11:49:06	30	30	32	29
2021-08-04T11:49:36	30	30	32	28
2021-08-04T11:50:06	31	30	32	28
2021-08-04T11:50:36	31	30	32	28
2021-08-04T11:51:06	31	30	32	29
2021-08-04T11:51:36	31	30	32	29
2021-08-04T11:52:06	30	30	32	29
2021-08-04T11:52:36	30	30	32	28
2021-08-04T11:53:06	30	30	32	28
2021-08-04T11:53:36	30	30	32	29
2021-08-04T11:54:06	30	30	32	29
2021-08-04T11:54:36	30	30	32	29
2021-08-04T11:55:06	30	29	31	28
2021-08-04T11:55:36	30	29	31	27
2021-08-04T11:56:06	30	29	31	27
2021-08-04T11:56:36	30	30	31	27
2021-08-04T11:57:06	30	29	31	27
2021-08-04T11:57:36	30	29	31	28
2021-08-04T11:58:06	30	29	31	28
2021-08-04T11:58:36	30	29	31	28
2021-08-04T11:59:06	30	29	31	28
2021-08-04T11:59:36	30	29	31	29
2021-08-04T12:00:06	30	29	31	28
2021-08-04T12:00:36	30	29	31	28
2021-08-04T12:01:06	30	29	31	28
2021-08-04T12:01:36	30	29	31	28
2021-08-04T12:02:06	30	29	31	28
2021-08-04T12:02:36	30	29	31	29
2021-08-04T12:03:06	30	29	31	28
2021-08-04T12:03:36	30	29	31	28
2021-08-04T12:04:06	30	29	30	29
2021-08-04T12:04:36	30	29	30	28
2021-08-04T12:05:06	30	29	30	28
2021-08-04T12:05:36	30	29	30	28
2021-08-04T12:06:06	30	29	30	29
2021-08-04T12:06:36	29	29	30	28
2021-08-04T12:07:06	29	29	30	28
2021-08-04T12:07:36	29	29	30	28
2021-08-04T12:08:06	29	29	30	28
2021-08-04T12:08:36	29	29	30	28
2021-08-04T12:09:06	29	29	30	27
2021-08-04T12:09:36	29	29	30	28
2021-08-04T12:10:06	29	29	30	28
2021-08-04T12:10:36	29	29	30	28
2021-08-04T12:11:06	29	29	30	27
2021-08-04T12:11:36	29	29	30	27
2021-08-04T12:12:06	29	29	30	27
2021-08-04T12:12:36	29	29	30	27
2021-08-04T12:13:06	-100	-100	-100	-100
2021-08-04T12:13:36	-100	-100	-100	-100
2021-08-04T12:14:06	-100	-100	-100	-100
2021-08-04T12:14:36	-100	-100	-100	-100
2021-08-04T12:15:06	-100	-100	-100	-100
2021-08-04T12:15:36	-100	-100	-100	-100
2021-08-04T12:16:06	29	-100	31	28
2021-08-04T12:16:36	29	-100	31	28
2021-08-04T12:17:06	29	-100	31	28
2021-08-04T12:17:36	29	-100	30	28
2021-08-04T12:18:06	29	-100	30	27
2021-08-04T12:18:36	29	-100	30	27
2021-08-04T12:19:06	29	-100	30	28
2021-08-04T12:19:36	29	30	29	28
2021-08-04T12:20:06	29	30	29	28
2021-08-04T12:20:36	29	30	29	28
2021-08-04T12:21:06	29	30	30	28
2021-08-04T12:21:36	29	30	29	28
2021-08-04T12:22:06	29	30	29	28
2021-08-04T12:22:36	29	30	30	28
2021-08-04T12:23:06	29	30	29	28
2021-08-04T12:23:36	29	30	30	28
2021-08-04T12:24:06	29	30	30	28
2021-08-04T12:24:36	28	30	29	28
2021-08-04T12:27:02	29	30	-100	-100
2021-08-04T12:27:32	29	30	29	27
2021-08-04T12:28:02	29	30	29	27
2021-08-04T12:28:32	29	30	30	27
2021-08-04T12:29:02	34	31	32	27
2021-08-04T12:29:32	39	33	36	28
2021-08-04T12:30:02	46	35	38	28
2021-08-04T12:30:32	49	36	41	29
2021-08-04T12:31:02	56	40	46	30
2021-08-04T12:31:32	55	41	51	32
2021-08-04T12:32:02	58	44	50	34
2021-08-04T12:32:32	61	48	55	35
2021-08-04T12:33:02	63	50	56	37
2021-08-04T12:33:32	64	50	58	39
2021-08-04T12:34:02	63	50	59	40
2021-08-04T12:34:32	63	50	59	42
2021-08-04T12:35:02	63	49	61	43
2021-08-04T12:35:32	62	49	61	44
2021-08-04T12:36:02	63	49	62	45
2021-08-04T12:36:32	66	50	64	46
2021-08-04T12:37:02	73	51	66	47
2021-08-04T12:37:32	79	52	68	48
2021-08-04T12:38:02	86	52	68	51
2021-08-04T12:38:32	90	53	70	53
2021-08-04T12:39:02	96	54	70	55
2021-08-04T12:39:32	98	55	71	56
2021-08-04T12:40:02	97	56	70	58
2021-08-04T12:40:32	96	56	70	60
2021-08-04T12:41:02	94	57	71	60
2021-08-04T12:41:32	94	57	71	62
2021-08-04T12:42:02	93	58	70	63
2021-08-04T12:42:32	92	61	72	63
2021-08-04T12:43:02	93	63	74	63
2021-08-04T12:43:32	93	63	74	65
2021-08-04T12:44:02	92	64	75	66
2021-08-04T12:44:32	92	67	76	66
2021-08-04T12:45:02	90	67	76	67
2021-08-04T12:45:32	89	67	78	67
2021-08-04T12:46:02	87	69	78	67
2021-08-04T12:46:32	86	70	81	68
2021-08-04T12:47:02	86	72	81	68
2021-08-04T12:47:32	85	71	82	68
2021-08-04T12:48:02	85	72	83	69
2021-08-04T12:48:32	85	73	85	68
2021-08-04T12:49:02	85	73	83	69
2021-08-04T12:49:32	86	76	87	70
2021-08-04T12:50:02	95	78	93	70
2021-08-04T12:50:32	101	78	94	71
2021-08-04T12:51:02	107	78	96	73
2021-08-04T12:51:32	112	77	96	75
2021-08-04T12:52:02	116	78	98	77
2021-08-04T12:52:32	124	78	98	78
2021-08-04T12:53:02	131	79	98	81
2021-08-04T12:53:32	135	80	101	82
2021-08-04T12:54:02	139	81	102	85
2021-08-04T12:54:32	147	82	102	87
2021-08-04T12:55:02	150	83	103	88
2021-08-04T12:55:32	153	84	105	92
2021-08-04T12:56:02	158	85	107	93
2021-08-04T12:56:32	159	86	107	95
2021-08-04T12:57:02	162	87	110	98
2021-08-04T12:57:32	165	88	109	99
2021-08-04T12:58:02	168	89	110	101
2021-08-04T12:58:32	171	90	112	103
2021-08-04T12:59:02	175	91	114	106
2021-08-04T12:59:32	178	92	115	107
2021-08-04T13:00:02	179	93	116	109
2021-08-04T13:00:32	173	93	117	111
2021-08-04T13:01:02	169	93	115	112
2021-08-04T13:01:32	165	94	115	112
2021-08-04T13:02:02	163	94	115	112
2021-08-04T13:02:32	160	94	113	113
2021-08-04T13:03:02	156	94	114	112
2021-08-04T13:03:32	151	95	115	112
2021-08-04T13:04:02	149	95	113	112
2021-08-04T13:04:32	148	99	117	112
2021-08-04T13:05:02	145	101	117	111
2021-08-04T13:05:32	144	102	117	111
2021-08-04T13:06:02	143	101	117	111
2021-08-04T13:06:32	139	104	119	111
2021-08-04T13:07:02	140	108	122	111
2021-08-04T13:07:32	140	108	120	111
2021-08-04T13:08:02	138	108	121	111
2021-08-04T13:08:32	136	111	122	111
2021-08-04T13:09:02	136	112	125	111
2021-08-04T13:09:32	134	112	124	111
2021-08-04T13:10:02	133	114	126	112
2021-08-04T13:10:32	134	115	125	112
2021-08-04T13:11:02	133	116	127	112
2021-08-04T13:11:32	132	117	127	112
2021-08-04T13:12:02	133	120	131	112
2021-08-04T13:12:32	131	119	130	113
2021-08-04T13:13:02	130	119	130	113
2021-08-04T13:13:32	131	121	133	113
2021-08-04T13:14:02	130	121	132	114
2021-08-04T13:14:32	131	124	134	114
2021-08-04T13:15:02	129	123	135	114
2021-08-04T13:15:32	130	122	134	114
2021-08-04T13:16:02	136	126	140	115
2021-08-04T13:16:32	148	128	143	117
2021-08-04T13:17:02	155	128	143	118
2021-08-04T13:17:32	161	127	145	121
2021-08-04T13:18:02	164	126	146	123
2021-08-04T13:18:32	169	126	145	124
2021-08-04T13:19:02	175	126	145	126
2021-08-04T13:19:32	180	126	147	128
2021-08-04T13:20:02	185	126	150	130
2021-08-04T13:20:32	188	126	148	132
2021-08-04T13:21:02	193	126	149	134
2021-08-04T13:21:32	197	127	149	135
2021-08-04T13:22:02	197	127	150	137
2021-08-04T13:22:32	200	127	152	140
2021-08-04T13:23:02	203	128	150	141
2021-08-04T13:23:32	206	128	152	142
2021-08-04T13:24:02	206	129	155	145
2021-08-04T13:24:32	210	129	154	147
2021-08-04T13:25:02	213	130	156	148
2021-08-04T13:25:32	214	130	157	149
2021-08-04T13:26:02	216	131	158	150
2021-08-04T13:26:32	217	132	158	153
2021-08-04T13:27:02	219	133	159	153
2021-08-04T13:27:32	221	135	162	155
2021-08-04T13:28:02	224	135	162	156
2021-08-04T13:28:32	225	136	163	159
2021-08-04T13:29:02	228	137	162	158
2021-08-04T13:29:32	227	137	163	161
2021-08-04T13:30:02	229	137	164	162
2021-08-04T13:30:32	232	138	165	164
2021-08-04T13:31:02	231	139	169	164
2021-08-04T13:31:32	233	139	167	165
2021-08-04T13:32:02	232	140	167	167
2021-08-04T13:32:32	234	143	171	168
2021-08-04T13:33:02	231	144	173	168
2021-08-04T13:33:32	228	144	170	168
2021-08-04T13:34:02	222	147	173	168
2021-08-04T13:34:32	216	149	172	168
2021-08-04T13:35:02	211	150	174	169
2021-08-04T13:35:32	209	152	173	169
2021-08-04T13:36:02	206	155	177	167
2021-08-04T13:36:32	203	154	176	167
2021-08-04T13:37:02	202	156	177	167
2021-08-04T13:37:32	198	157	178	166
2021-08-04T13:38:02	195	159	179	165
2021-08-04T13:38:32	193	158	177	165
2021-08-04T13:39:02	192	163	182	165
2021-08-04T13:39:32	191	165	182	165
2021-08-04T13:40:02	189	162	182	164
2021-08-04T13:40:32	187	164	182	165
2021-08-04T13:41:02	187	166	185	164
2021-08-04T13:41:32	184	166	184	164
2021-08-04T13:42:02	184	170	187	164
2021-08-04T13:42:32	189	170	188	164
2021-08-04T13:43:02	198	170	190	165
2021-08-04T13:43:32	203	169	191	165
2021-08-04T13:44:02	208	168	192	166
2021-08-04T13:44:32	213	168	191	168
2021-08-04T13:45:02	217	168	194	171
2021-08-04T13:45:32	218	168	194	171
2021-08-04T13:46:02	223	171	196	173
2021-08-04T13:46:32	226	170	195	175
2021-08-04T13:47:02	229	170	196	178
2021-08-04T13:47:32	232	170	196	179
2021-08-04T13:48:02	237	172	201	180
2021-08-04T13:48:32	238	174	201	182
2021-08-04T13:49:02	242	173	200	184
2021-08-04T13:49:32	243	173	200	185
2021-08-04T13:50:02	247	173	201	187
2021-08-04T13:50:32	249	174	203	188
2021-08-04T13:51:02	250	174	204	189
2021-08-04T13:51:32	253	176	204	191
2021-08-04T13:52:02	255	176	204	192
2021-08-04T13:52:32	257	181	210	194
2021-08-04T13:53:02	257	184	212	195
2021-08-04T13:53:32	258	184	211	197
2021-08-04T13:54:02	262	183	213	198
2021-08-04T13:54:32	261	182	210	199
2021-08-04T13:55:02	263	182	211	200
2021-08-04T13:55:32	261	182	210	201
2021-08-04T13:56:02	263	186	215	204
2021-08-04T13:56:32	264	187	219	204
2021-08-04T13:57:02	266	186	217	205
2021-08-04T13:57:32	267	186	214	207
2021-08-04T13:58:02	268	189	219	207
2021-08-04T13:58:32	272	189	218	209
2021-08-04T13:59:02	271	189	220	209
2021-08-04T13:59:32	271	189	221	210
2021-08-04T14:00:02	274	191	220	210
2021-08-04T14:00:32	273	194	225	212
2021-08-04T14:01:02	275	195	226	214
2021-08-04T14:01:32	279	194	226	214
2021-08-04T14:02:02	279	194	226	215
2021-08-04T14:02:32	277	195	226	216
2021-08-04T14:03:02	281	196	225	217
2021-08-04T14:03:32	282	197	229	219
2021-08-04T14:04:02	281	197	230	219
2021-08-04T14:04:32	281	199	231	220
2021-08-04T14:05:02	281	202	234	220
2021-08-04T14:05:32	283	202	233	221
2021-08-04T14:06:02	283	200	234	222
2021-08-04T14:06:32	286	200	234	224
2021-08-04T14:07:02	288	200	233	224
2021-08-04T14:07:32	286	201	237	224
2021-08-04T14:08:02	287	201	235	225
2021-08-04T14:08:32	288	202	236	226
2021-08-04T14:09:02	292	203	237	227
2021-08-04T14:09:32	292	206	239	228
2021-08-04T14:10:02	291	207	240	229
2021-08-04T14:10:32	291	207	242	230
2021-08-04T14:11:02	291	207	240	230
2021-08-04T14:11:32	292	211	245	232
2021-08-04T14:12:02	292	211	244	232
2021-08-04T14:12:32	296	211	245	232
2021-08-04T14:13:02	294	213	246	234
2021-08-04T14:13:32	294	214	248	235
2021-08-04T14:14:02	296	215	249	236
2021-08-04T14:14:32	297	216	250	237
2021-08-04T14:15:02	295	216	252	238
2021-08-04T14:15:32	297	217	252	238
2021-08-04T14:16:02	297	218	253	238
2021-08-04T14:16:32	298	219	254	239
2021-08-04T14:17:02	299	220	255	240
2021-08-04T14:17:32	298	220	252	241
2021-08-04T14:18:02	300	224	258	242
2021-08-04T14:18:32	301	223	258	243
2021-08-04T14:19:02	302	223	257	243
2021-08-04T14:19:32	303	223	257	244
2021-08-04T14:20:02	303	225	259	245
2021-08-04T14:20:32	305	227	260	246
2021-08-04T14:21:02	307	227	262	247
2021-08-04T14:21:32	307	227	262	248
2021-08-04T14:22:02	307	229	263	248
2021-08-04T14:22:32	311	231	265	249
2021-08-04T14:23:02	310	230	266	250
2021-08-04T14:23:32	309	230	267	251
2021-08-04T14:24:02	310	231	268	251
2021-08-04T14:24:32	310	231	266	252
2021-08-04T14:25:02	311	236	274	253
2021-08-04T14:25:32	311	236	270	254
2021-08-04T14:26:02	314	234	270	255
2021-08-04T14:26:32	314	234	272	256
2021-08-04T14:27:02	316	237	276	256
2021-08-04T14:27:32	314	238	273	257
2021-08-04T14:28:02	316	241	275	258
2021-08-04T14:28:32	316	244	278	259
2021-08-04T14:29:02	317	243	278	260
2021-08-04T14:29:32	317	242	276	261
2021-08-04T14:30:02	318	246	284	262
2021-08-04T14:30:32	321	245	282	264
2021-08-04T14:31:02	320	245	281	264
2021-08-04T14:31:32	322	247	283	264
2021-08-04T14:32:02	322	246	283	265
2021-08-04T14:32:32	323	247	283	266
2021-08-04T14:33:02	324	248	286	267
2021-08-04T14:33:32	322	247	285	268
2021-08-04T14:34:02	326	249	285	269
2021-08-04T14:34:32	325	255	290	268
2021-08-04T14:35:02	326	254	289	270
2021-08-04T14:35:32	327	253	289	271
2021-08-04T14:36:02	328	253	291	272
2021-08-04T14:36:32	327	253	291	273
2021-08-04T14:37:02	326	254	292	273
2021-08-04T14:37:32	329	256	295	273
2021-08-04T14:38:02	332	255	294	275
2021-08-04T14:38:32	331	258	298	275
2021-08-04T14:39:02	330	258	297	276
2021-08-04T14:39:32	330	259	297	277
2021-08-04T14:40:02	333	261	299	278
2021-08-04T14:40:32	332	260	299	279
2021-08-04T14:41:02	331	261	300	279
2021-08-04T14:41:32	331	264	301	280
2021-08-04T14:42:02	332	264	301	282
2021-08-04T14:42:32	334	266	304	282
2021-08-04T14:43:02	338	267	306	281
2021-08-04T14:43:32	335	267	302	282
2021-08-04T14:44:02	337	270	307	283
2021-08-04T14:44:32	338	269	307	285
2021-08-04T14:45:02	339	267	307	286
2021-08-04T14:45:32	338	271	311	286
2021-08-04T14:46:02	339	271	309	287
2021-08-04T14:46:32	338	271	310	288
2021-08-04T14:47:02	341	273	312	289
2021-08-04T14:47:32	342	274	310	290
2021-08-04T14:48:02	338	275	313	290
2021-08-04T14:48:32	344	277	313	290
2021-08-04T14:49:02	342	278	316	292
2021-08-04T14:49:32	342	278	318	293
2021-08-04T14:50:02	346	277	315	293
2021-08-04T14:50:32	346	280	319	294
2021-08-04T14:51:02	350	282	321	295
2021-08-04T14:51:32	348	280	319	296
2021-08-04T14:52:02	350	284	321	296
2021-08-04T14:52:32	350	286	325	297
2021-08-04T14:53:02	349	284	321	299
2021-08-04T14:53:32	349	288	326	299
2021-08-04T14:54:02	349	286	325	300
2021-08-04T14:54:32	350	289	329	301
2021-08-04T14:55:02	351	288	325	302
2021-08-04T14:55:32	352	289	326	303
2021-08-04T14:56:02	355	292	330	303
2021-08-04T14:56:32	353	290	327	305
2021-08-04T14:57:02	352	291	333	305
2021-08-04T14:57:32	352	291	331	306
2021-08-04T14:58:02	354	293	330	307
2021-08-04T14:58:32	356	297	335	307
2021-08-04T14:59:02	356	296	333	309
2021-08-04T14:59:32	357	299	337	311
2021-08-04T15:00:02	357	299	337	311
2021-08-04T15:00:32	357	298	336	311
2021-08-04T15:01:02	359	298	335	311
2021-08-04T15:01:32	359	301	339	313
2021-08-04T15:02:02	361	300	340	315
2021-08-04T15:02:32	360	301	340	314
2021-08-04T15:03:02	359	303	342	316
2021-08-04T15:03:32	363	303	342	316
2021-08-04T15:04:02	364	302	344	316
2021-08-04T15:04:32	363	306	346	317
2021-08-04T15:05:02	363	305	345	318
2021-08-04T15:05:32	364	306	344	318
2021-08-04T15:06:02	364	309	349	318
2021-08-04T15:06:32	365	308	349	319
2021-08-04T15:07:02	367	310	349	321
2021-08-04T15:07:32	367	311	350	322
2021-08-04T15:08:02	370	312	351	323
2021-08-04T15:08:32	367	315	355	324
2021-08-04T15:09:02	372	313	355	325
2021-08-04T15:09:32	370	313	352	325
2021-08-04T15:10:02	371	314	354	327
2021-08-04T15:10:32	371	318	357	328
2021-08-04T15:11:02	371	319	356	327
2021-08-04T15:11:32	374	322	362	329
2021-08-04T15:12:02	375	321	360	330
2021-08-04T15:12:32	375	321	359	330
2021-08-04T15:13:02	375	324	364	332
2021-08-04T15:13:32	374	322	361	333
2021-08-04T15:14:02	375	323	363	333
2021-08-04T15:14:32	378	325	362	334
2021-08-04T15:15:02	378	326	366	336
2021-08-04T15:15:32	379	329	369	337
2021-08-04T15:16:02	378	327	368	336
2021-08-04T15:16:32	378	327	365	338
2021-08-04T15:17:02	382	329	367	339
2021-08-04T15:17:32	384	331	370	338
2021-08-04T15:18:02	381	331	368	340
2021-08-04T15:18:32	383	332	370	342
2021-08-04T15:19:02	384	331	370	342
2021-08-04T15:19:32	385	331	373	342
2021-08-04T15:20:02	385	332	374	343
2021-08-04T15:20:32	385	334	375	344
2021-08-04T15:21:02	385	338	377	344
2021-08-04T15:21:32	386	337	376	346
2021-08-04T15:22:02	386	341	379	346
2021-08-04T15:22:32	388	340	380	347
2021-08-04T15:23:02	389	339	381	348
2021-08-04T15:23:32	391	341	382	349
2021-08-04T15:24:02	391	341	382	350
2021-08-04T15:24:32	390	344	385	350
2021-08-04T15:25:02	391	344	384	351
2021-08-04T15:25:32	393	343	384	352
2021-08-04T15:26:02	394	348	391	352
2021-08-04T15:26:32	394	346	388	354
2021-08-04T15:27:02	393	348	392	355
2021-08-04T15:27:32	394	346	388	355
2021-08-04T15:28:02	397	348	392	356
2021-08-04T15:28:32	398	349	394	357
2021-08-04T15:29:02	397	347	388	358
2021-08-04T15:29:32	396	351	393	359
2021-08-04T15:30:02	398	352	393	359
2021-08-04T15:30:32	398	350	394	360
2021-08-04T15:31:02	400	354	394	361
2021-08-04T15:31:32	399	355	396	362
2021-08-04T15:32:02	399	356	397	363
2021-08-04T15:32:32	400	359	399	365
2021-08-04T15:33:02	400	360	400	365
2021-08-04T15:33:32	404	359	401	366
2021-08-04T15:34:02	408	359	402	367
2021-08-04T15:34:32	406	359	403	368
2021-08-04T15:35:02	404	361	403	370
2021-08-04T15:35:32	407	364	406	370
2021-08-04T15:36:02	408	365	405	371
2021-08-04T15:36:32	408	363	406	372
2021-08-04T15:37:02	412	365	406	373
2021-08-04T15:37:32	412	364	406	373
2021-08-04T15:38:02	411	366	409	374
2021-08-04T15:38:32	413	366	410	375
2021-08-04T15:39:02	412	367	410	376
2021-08-04T15:39:32	413	372	414	377
2021-08-04T15:40:02	415	372	414	378
2021-08-04T15:40:32	418	371	413	379
2021-08-04T15:41:02	418	373	414	380
2021-08-04T15:41:32	421	377	419	381
2021-08-04T15:42:02	420	375	416	382
2021-08-04T15:42:32	419	378	418	383
2021-08-04T15:43:02	421	377	418	384
2021-08-04T15:43:32	421	379	422	385
2021-08-04T15:44:02	423	378	419	386
2021-08-04T15:44:32	422	379	420	387
2021-08-04T15:45:02	424	380	422	388
2021-08-04T15:45:32	424	381	423	389
2021-08-04T15:46:02	428	385	425	390
2021-08-04T15:46:32	426	384	425	392
2021-08-04T15:47:02	429	386	427	393
2021-08-04T15:47:32	429	384	425	394
2021-08-04T15:48:02	431	385	429	395
2021-08-04T15:48:32	431	386	428	397
2021-08-04T15:49:02	432	387	428	397
2021-08-04T15:49:32	434	389	431	397
2021-08-04T15:50:02	433	390	431	398
2021-08-04T15:50:32	435	392	435	400
2021-08-04T15:51:02	435	389	432	401
2021-08-04T15:51:32	437	392	437	402
2021-08-04T15:52:02	438	393	436	402
2021-08-04T15:52:32	438	395	439	404
2021-08-04T15:53:02	439	393	436	405
2021-08-04T15:53:32	440	392	435	406
2021-08-04T15:54:02	443	395	439	407
2021-08-04T15:54:32	441	397	440	408
2021-08-04T15:55:02	445	398	442	410
2021-08-04T15:55:32	446	400	443	411
2021-08-04T15:56:02	445	399	441	412
2021-08-04T15:56:32	445	403	444	412
2021-08-04T15:57:02	447	404	447	414
2021-08-04T15:57:32	446	403	443	415
2021-08-04T15:58:02	451	405	450	416
2021-08-04T15:58:32	450	403	445	417
2021-08-04T15:59:02	452	406	447	418
2021-08-04T15:59:32	451	407	451	419
2021-08-04T16:00:02	454	408	449	420
2021-08-04T16:00:32	455	408	454	421
2021-08-04T16:01:02	455	409	448	422
2021-08-04T16:01:32	456	412	455	423
2021-08-04T16:02:02	456	411	454	424
2021-08-04T16:02:32	457	412	455	425
2021-08-04T16:03:02	460	414	456	425
2021-08-04T16:03:32	459	414	455	426
2021-08-04T16:04:02	459	416	460	427
2021-08-04T16:04:32	463	415	459	428
2021-08-04T16:05:02	462	417	461	429
2021-08-04T16:05:32	465	416	459	431
2021-08-04T16:06:02	463	418	463	432
2021-08-04T16:06:32	465	419	462	433
2021-08-04T16:07:02	466	420	465	435
2021-08-04T16:07:32	465	419	465	435
2021-08-04T16:08:02	470	422	467	436
2021-08-04T16:08:32	472	421	468	437
2021-08-04T16:09:02	470	423	469	438
2021-08-04T16:09:32	468	424	468	439
2021-08-04T16:10:02	475	426	472	440
2021-08-04T16:10:32	474	426	471	441
2021-08-04T16:11:02	475	426	469	442
2021-08-04T16:11:32	473	427	474	443
2021-08-04T16:12:02	476	427	471	444
2021-08-04T16:12:32	477	430	474	444
2021-08-04T16:13:02	477	433	473	446
2021-08-04T16:13:32	480	434	477	447
2021-08-04T16:14:02	479	433	478	449
2021-08-04T16:14:32	480	432	476	448
2021-08-04T16:15:02	482	435	479	450
2021-08-04T16:15:32	482	437	480	451
2021-08-04T16:16:02	485	435	480	451
2021-08-04T16:16:32	486	437	482	452
2021-08-04T16:17:02	485	437	483	453
2021-08-04T16:17:32	488	439	485	454
2021-08-04T16:18:02	487	442	485	455
2021-08-04T16:18:32	489	443	486	457
2021-08-04T16:19:02	489	443	488	458
2021-08-04T16:19:32	491	445	491	459
2021-08-04T16:20:02	489	443	488	460
2021-08-04T16:20:32	493	445	493	461
2021-08-04T16:21:02	493	445	490	462
2021-08-04T16:21:32	494	447	491	463
2021-08-04T16:22:02	494	446	493	463
2021-08-04T16:22:32	497	449	493	464
2021-08-04T16:23:02	497	450	494	466
2021-08-04T16:23:32	498	450	495	467
2021-08-04T16:24:02	499	451	498	468
2021-08-04T16:24:32	500	455	501	469
2021-08-04T16:25:02	500	454	498	470
2021-08-04T16:25:32	501	455	498	471
2021-08-04T16:26:02	502	457	504	472
2021-08-04T16:26:32	505	457	500	473
2021-08-04T16:27:02	504	459	502	475
2021-08-04T16:27:32	504	460	501	476
2021-08-04T16:28:02	508	461	506	477
2021-08-04T16:28:32	506	461	504	478
2021-08-04T16:29:02	507	464	508	478
2021-08-04T16:29:32	509	465	510	480
2021-08-04T16:30:02	511	464	507	480
2021-08-04T16:30:32	510	466	511	481
2021-08-04T16:31:02	510	468	510	482
2021-08-04T16:31:32	512	468	512	484
2021-08-04T16:32:02	512	469	511	484
2021-08-04T16:32:32	515	469	515	485
2021-08-04T16:33:02	516	469	514	487
2021-08-04T16:33:32	516	473	517	487
2021-08-04T16:34:02	519	473	515	489
2021-08-04T16:34:32	519	473	516	490
2021-08-04T16:35:02	520	475	517	490
2021-08-04T16:35:32	520	474	517	491
2021-08-04T16:36:02	519	476	519	492
2021-08-04T16:36:32	524	477	524	494
2021-08-04T16:37:02	522	475	518	494
2021-08-04T16:37:32	523	477	521	495
2021-08-04T16:38:02	525	476	522	496
2021-08-04T16:38:32	527	477	521	497
2021-08-04T16:39:02	525	479	525	498
2021-08-04T16:39:32	529	482	528	499
2021-08-04T16:40:02	530	482	525	501
2021-08-04T16:40:32	529	482	529	501
2021-08-04T16:41:02	530	483	529	501
2021-08-04T16:41:32	531	485	531	502
2021-08-04T16:42:02	533	485	533	504
2021-08-04T16:42:32	534	486	529	505
2021-08-04T16:43:02	535	490	534	506
2021-08-04T16:43:32	534	490	536	507
2021-08-04T16:44:02	537	489	534	508
2021-08-04T16:44:32	536	491	536	508
2021-08-04T16:45:02	537	491	536	509
2021-08-04T16:45:32	538	494	540	510
2021-08-04T16:46:02	540	493	537	511
2021-08-04T16:46:32	539	493	541	513
2021-08-04T16:47:02	542	495	540	514
2021-08-04T16:47:32	543	497	542	515
2021-08-04T16:48:02	546	496	543	516
2021-08-04T16:48:32	545	498	545	517
2021-08-04T16:49:02	546	499	542	518
2021-08-04T16:49:32	546	500	547	519
2021-08-04T16:50:02	548	500	549	520
2021-08-04T16:50:32	550	499	545	522
2021-08-04T16:51:02	549	503	548	522
2021-08-04T16:51:32	551	503	552	523
2021-08-04T16:52:02	552	503	550	525
2021-08-04T16:52:32	552	505	552	526
2021-08-04T16:53:02	553	505	551	527
2021-08-04T16:53:32	556	506	554	527
2021-08-04T16:54:02	555	507	555	529
2021-08-04T16:54:32	557	507	556	530
2021-08-04T16:55:02	558	508	557	532
2021-08-04T16:55:32	560	510	558	533
2021-08-04T16:56:02	559	511	559	533
2021-08-04T16:56:32	562	513	561	534
2021-08-04T16:57:02	561	513	558	535
2021-08-04T16:57:32	563	513	562	537
2021-08-04T16:58:02	563	515	564	538
2021-08-04T16:58:32	564	516	566	538
2021-08-04T16:59:02	564	517	566	539
2021-08-04T16:59:32	567	516	564	541
2021-08-04T17:00:02	567	517	566	542
2021-08-04T17:00:32	567	518	566	543
2021-08-04T17:01:02	569	520	568	544
2021-08-04T17:01:32	569	521	569	545
2021-08-04T17:02:02	570	521	570	545
2021-08-04T17:02:32	575	524	571	546
2021-08-04T17:03:02	571	523	572	548
2021-08-04T17:03:32	574	522	572	549
2021-08-04T17:04:02	573	525	573	550
2021-08-04T17:04:32	577	525	574	551
2021-08-04T17:05:02	576	526	575	551
2021-08-04T17:05:32	577	528	575	553
2021-08-04T17:06:02	577	530	579	554
2021-08-04T17:06:32	580	530	577	554
2021-08-04T17:07:02	579	532	580	556
2021-08-04T17:07:32	581	531	581	557
2021-08-04T17:08:02	581	532	582	559
2021-08-04T17:08:32	584	533	584	560
2021-08-04T17:09:02	583	533	584	560
2021-08-04T17:09:32	586	536	587	562
2021-08-04T17:10:02	586	537	585	561
2021-08-04T17:10:32	586	538	587	563
2021-08-04T17:11:02	587	538	588	564
2021-08-04T17:11:32	589	539	589	566
2021-08-04T17:12:02	589	539	586	566
2021-08-04T17:12:32	590	542	591	568
2021-08-04T17:13:02	592	542	591	569
2021-08-04T17:13:32	591	543	591	570
2021-08-04T17:14:02	593	543	591	571
2021-08-04T17:14:32	597	545	593	572
2021-08-04T17:15:02	595	545	595	573
2021-08-04T17:15:32	598	547	594	574
2021-08-04T17:16:02	596	546	597	575
2021-08-04T17:16:32	598	547	596	576
2021-08-04T17:17:02	599	548	598	576
2021-08-04T17:17:32	600	549	600	576
2021-08-04T17:18:02	603	549	599	579
2021-08-04T17:18:32	601	550	601	579
2021-08-04T17:19:02	604	551	601	580
2021-08-04T17:19:32	602	553	603	582
2021-08-04T17:20:02	605	552	602	583
2021-08-04T17:20:32	607	553	605	584
2021-08-04T17:21:02	606	556	606	586
2021-08-04T17:21:32	609	556	607	585
2021-08-04T17:22:02	609	556	605	586
2021-08-04T17:22:32	610	559	608	588
2021-08-04T17:23:02	611	559	611	590
2021-08-04T17:23:32	611	560	612	589
2021-08-04T17:24:02	613	560	610	591
2021-08-04T17:24:32	613	562	614	592
2021-08-04T17:25:02	616	563	614	595
2021-08-04T17:25:32	616	563	615	594
2021-08-04T17:26:02	616	564	615	596
2021-08-04T17:26:32	618	564	615	597
2021-08-04T17:27:02	618	566	617	598
2021-08-04T17:27:32	619	568	618	599
2021-08-04T17:28:02	618	566	617	599
2021-08-04T17:28:32	622	569	619	600
2021-08-04T17:29:02	620	570	621	602
2021-08-04T17:29:32	625	570	621	603
2021-08-04T17:30:02	624	571	623	604
2021-08-04T17:30:32	625	572	625	605
2021-08-04T17:31:02	624	572	624	606
2021-08-04T17:31:32	627	574	625	607
2021-08-04T17:32:02	630	576	629	608
2021-08-04T17:32:32	628	575	626	609
2021-08-04T17:33:02	630	577	628	609
2021-08-04T17:33:32	628	577	629	610
2021-08-04T17:34:02	632	579	633	612
2021-08-04T17:34:32	632	579	631	613
2021-08-04T17:35:02	633	581	635	614
2021-08-04T17:35:32	635	582	636	614
2021-08-04T17:36:02	636	581	634	615
2021-08-04T17:36:32	636	584	635	617
2021-08-04T17:37:02	636	585	638	618
2021-08-04T17:37:32	640	585	638	619
2021-08-04T17:38:02	638	588	639	619
2021-08-04T17:38:32	642	589	643	622
2021-08-04T17:39:02	642	588	639	622
2021-08-04T17:39:32	641	589	641	623
2021-08-04T17:40:02	644	591	644	625
2021-08-04T17:40:32	643	590	644	626
2021-08-04T17:41:02	645	592	644	626
2021-08-04T17:41:32	646	593	645	627
2021-08-04T17:42:02	647	594	646	628
2021-08-04T17:42:32	648	593	645	630
2021-08-04T17:43:02	649	595	648	630
2021-08-04T17:43:32	650	596	649	632
2021-08-04T17:44:02	652	597	650	632
2021-08-04T17:44:32	652	598	651	633
2021-08-04T17:45:02	653	600	653	635
2021-08-04T17:45:32	654	602	654	636
2021-08-04T17:46:02	656	601	654	637
2021-08-04T17:46:32	655	602	655	638
2021-08-04T17:47:02	656	603	656	639
2021-08-04T17:47:32	658	605	658	640
2021-08-04T17:48:02	657	606	658	641
2021-08-04T17:48:32	660	607	658	643
2021-08-04T17:49:02	661	608	660	643
2021-08-04T17:49:32	661	609	662	644
2021-08-04T17:50:02	662	608	659	645
2021-08-04T17:50:32	663	609	662	646
2021-08-04T17:51:02	663	611	664	647
2021-08-04T17:51:32	665	611	664	648
2021-08-04T17:52:02	666	611	665	649
2021-08-04T17:52:32	669	614	667	650
2021-08-04T17:53:02	668	613	667	651
2021-08-04T17:53:32	670	614	668	651
2021-08-04T17:54:02	670	615	670	652
2021-08-04T17:54:32	669	617	672	653
2021-08-04T17:55:02	671	618	674	655
2021-08-04T17:55:32	673	617	670	655
2021-08-04T17:56:02	674	620	673	656
2021-08-04T17:56:32	673	621	675	657
2021-08-04T17:57:02	674	621	676	658
2021-08-04T17:57:32	678	623	676	660
2021-08-04T17:58:02	677	623	677	661
2021-08-04T17:58:32	681	624	680	661
2021-08-04T17:59:02	678	626	677	663
2021-08-04T17:59:32	681	627	682	663
2021-08-04T18:00:02	681	627	682	666
2021-08-04T18:00:32	685	628	682	666
2021-08-04T18:01:02	681	629	683	667
2021-08-04T18:01:32	685	630	684	668
2021-08-04T18:02:02	684	632	685	668
2021-08-04T18:02:32	686	633	686	670
2021-08-04T18:03:02	686	632	686	670
2021-08-04T18:03:32	687	633	687	672
2021-08-04T18:04:02	687	635	690	673
2021-08-04T18:04:32	689	634	689	673
2021-08-04T18:05:02	691	636	691	675
2021-08-04T18:05:32	692	638	691	676
2021-08-04T18:06:02	692	638	692	677
2021-08-04T18:06:32	693	639	693	678
2021-08-04T18:07:02	692	640	694	679
2021-08-04T18:07:32	696	640	693	679
2021-08-04T18:08:02	697	643	696	681
2021-08-04T18:08:32	697	642	698	681
2021-08-04T18:09:02	698	644	697	682
2021-08-04T18:09:32	700	645	701	683
2021-08-04T18:10:02	701	647	699	684
2021-08-04T18:10:32	701	648	701	686
2021-08-04T18:11:02	702	649	704	686
2021-08-04T18:11:32	704	649	701	688
2021-08-04T18:12:02	705	650	705	689
2021-08-04T18:12:32	705	652	705	690
2021-08-04T18:13:02	707	653	707	691
2021-08-04T18:13:32	705	653	705	691
2021-08-04T18:14:02	708	654	708	693
2021-08-04T18:14:32	709	655	708	693
2021-08-04T18:15:02	710	656	708	694
2021-08-04T18:15:32	711	657	712	695
2021-08-04T18:16:02	710	658	711	696
2021-08-04T18:16:32	711	659	714	698
2021-08-04T18:17:02	715	661	716	699
2021-08-04T18:17:32	714	661	714	700
2021-08-04T18:18:02	714	662	715	701
2021-08-04T18:18:32	717	663	714	701
2021-08-04T18:19:02	717	664	718	703
2021-08-04T18:19:32	719	665	717	703
2021-08-04T18:20:02	720	666	719	704
2021-08-04T18:20:32	721	667	720	704
2021-08-04T18:21:02	722	669	722	707
2021-08-04T18:21:32	722	668	723	708
2021-08-04T18:22:02	723	669	723	709
2021-08-04T18:22:32	725	670	723	709
2021-08-04T18:23:02	724	672	725	710
2021-08-04T18:23:32	725	672	726	711
2021-08-04T18:24:02	728	672	726	713
2021-08-04T18:24:32	729	673	726	712
2021-08-04T18:25:02	729	674	728	714
2021-08-04T18:25:32	729	676	730	715
2021-08-04T18:26:02	730	677	732	716
2021-08-04T18:26:32	732	678	732	717
2021-08-04T18:27:02	733	679	732	717
2021-08-04T18:27:32	732	679	732	719
2021-08-04T18:28:02	735	681	734	719
2021-08-04T18:28:32	736	681	737	720
2021-08-04T18:29:02	736	683	736	721
2021-08-04T18:29:32	736	684	737	723
2021-08-04T18:30:02	738	685	739	724
2021-08-04T18:30:32	738	685	740	725
2021-08-04T18:31:02	741	686	741	726
2021-08-04T18:31:32	742	687	739	727
2021-08-04T18:32:02	742	688	742	728
2021-08-04T18:32:32	742	689	744	729
2021-08-04T18:33:02	743	690	743	730
2021-08-04T18:33:32	745	691	745	731
2021-08-04T18:34:02	745	691	745	732
2021-08-04T18:34:32	749	693	747	733
2021-08-04T18:35:02	747	693	748	734
2021-08-04T18:35:32	749	694	749	734
2021-08-04T18:36:02	748	695	748	735
2021-08-04T18:36:32	750	696	748	736
2021-08-04T18:37:02	754	696	751	737
2021-08-04T18:37:32	751	697	752	738
2021-08-04T18:38:02	753	698	751	739
2021-08-04T18:38:32	752	699	753	740
2021-08-04T18:39:02	754	700	754	741
2021-08-04T18:39:32	757	701	754	742
2021-08-04T18:40:02	757	701	755	742
2021-08-04T18:40:32	758	702	755	744
2021-08-04T18:41:02	759	703	756	744
2021-08-04T18:41:32	760	704	757	745
2021-08-04T18:42:02	763	705	758	746
2021-08-04T18:42:32	763	706	758	747
2021-08-04T18:43:02	764	706	759	748
2021-08-04T18:43:32	764	707	760	749
2021-08-04T18:44:02	765	709	762	750
2021-08-04T18:44:32	765	709	763	751
2021-08-04T18:45:02	768	711	764	752
2021-08-04T18:45:32	767	711	762	753
2021-08-04T18:46:02	770	712	764	754
2021-08-04T18:46:32	768	713	765	755
2021-08-04T18:47:02	772	714	767	756
2021-08-04T18:47:32	771	714	767	757
2021-08-04T18:48:02	772	715	767	757
2021-08-04T18:48:32	773	716	768	758
2021-08-04T18:49:02	773	717	768	760
2021-08-04T18:49:32	777	719	770	761
2021-08-04T18:50:02	775	719	771	761
2021-08-04T18:50:32	777	720	771	762
2021-08-04T18:51:02	779	720	772	764
2021-08-04T18:51:32	780	721	772	764
2021-08-04T18:52:02	778	722	773	765
2021-08-04T18:52:32	781	723	776	766
2021-08-04T18:53:02	783	724	775	767
2021-08-04T18:53:32	782	725	777	768
2021-08-04T18:54:02	784	726	777	769
2021-08-04T18:54:32	784	726	779	770
2021-08-04T18:55:02	784	727	780	771
2021-08-04T18:55:32	787	728	781	771
2021-08-04T18:56:02	786	729	782	772
2021-08-04T18:56:32	788	730	782	772
2021-08-04T18:57:02	788	731	782	774
2021-08-04T18:57:32	791	732	783	775
2021-08-04T18:58:02	792	733	785	775
2021-08-04T18:58:32	792	733	786	777
2021-08-04T18:59:02	793	734	788	777
2021-08-04T18:59:32	793	735	788	779
2021-08-04T19:00:02	795	736	788	780
2021-08-04T19:00:32	795	738	790	780
2021-08-04T19:01:02	798	739	790	781
2021-08-04T19:01:32	797	739	790	783
2021-08-04T19:02:02	799	740	791	783
2021-08-04T19:02:32	800	741	792	784
2021-08-04T19:03:02	802	742	794	785
2021-08-04T19:03:32	803	743	793	785
2021-08-04T19:04:02	802	743	793	788
2021-08-04T19:04:32	804	744	796	788
2021-08-04T19:05:02	805	745	796	790
2021-08-04T19:05:32	806	746	797	790
2021-08-04T19:06:02	806	747	797	790
2021-08-04T19:06:32	808	748	798	792
2021-08-04T19:07:02	809	749	799	792
2021-08-04T19:07:32	810	750	800	793
2021-08-04T19:08:02	810	750	800	794
2021-08-04T19:08:32	811	751	801	795
2021-08-04T19:09:02	811	752	801	795
2021-08-04T19:09:32	814	752	801	796
2021-08-04T19:10:02	814	753	803	798
2021-08-04T19:10:32	815	754	804	798
2021-08-04T19:11:02	816	755	806	800
2021-08-04T19:11:32	816	756	807	801
2021-08-04T19:12:02	817	756	806	801
2021-08-04T19:12:32	819	758	807	801
2021-08-04T19:13:02	821	757	808	802
2021-08-04T19:13:32	820	758	808	803
2021-08-04T19:14:02	821	759	810	803
2021-08-04T19:14:32	822	760	810	806
2021-08-04T19:15:02	823	761	811	807
2021-08-04T19:15:32	824	762	812	807
2021-08-04T19:16:02	825	763	813	807
2021-08-04T19:16:32	826	763	815	810
2021-08-04T19:17:02	827	764	814	810
2021-08-04T19:17:32	828	765	816	810
2021-08-04T19:18:02	828	765	816	812
2021-08-04T19:18:32	830	766	817	813
2021-08-04T19:19:02	830	767	818	813
2021-08-04T19:19:32	831	768	819	814
2021-08-04T19:20:02	832	768	819	815
2021-08-04T19:20:32	833	768	822	817
2021-08-04T19:21:02	833	769	823	817
2021-08-04T19:21:32	835	770	822	818
2021-08-04T19:22:02	836	771	823	819
2021-08-04T19:22:32	837	772	825	820
2021-08-04T19:23:02	837	772	826	821
2021-08-04T19:23:32	838	773	826	821
2021-08-04T19:24:02	840	774	828	823
2021-08-04T19:24:32	840	774	828	824
2021-08-04T19:25:02	840	775	830	825
2021-08-04T19:25:32	841	775	830	826
2021-08-04T19:26:02	843	776	830	827
2021-08-04T19:26:32	843	777	831	828
2021-08-04T19:27:02	845	778	833	829
2021-08-04T19:27:32	845	779	834	830
2021-08-04T19:28:02	846	780	834	829
2021-08-04T19:28:32	847	780	835	831
2021-08-04T19:29:02	848	781	836	832
2021-08-04T19:29:32	849	781	836	833
2021-08-04T19:30:02	850	782	836	833
2021-08-04T19:30:32	851	782	840	835
2021-08-04T19:31:02	852	783	840	835
2021-08-04T19:31:32	852	784	839	837
2021-08-04T19:32:02	854	785	841	838
2021-08-04T19:32:32	854	785	842	840
2021-08-04T19:33:02	855	786	843	840
2021-08-04T19:33:32	857	787	843	840
2021-08-04T19:34:02	857	788	845	841
2021-08-04T19:34:32	858	788	845	843
2021-08-04T19:35:02	859	789	846	843
2021-08-04T19:35:32	859	790	847	844
2021-08-04T19:36:02	861	790	848	846
2021-08-04T19:36:32	862	791	850	847
2021-08-04T19:37:02	863	792	850	847
2021-08-04T19:37:32	864	792	851	847
2021-08-04T19:38:02	865	793	852	849
2021-08-04T19:38:32	866	794	854	849
2021-08-04T19:39:02	866	795	854	851
2021-08-04T19:39:32	867	795	854	852
2021-08-04T19:40:02	869	796	856	853
2021-08-04T19:40:32	869	797	857	854
2021-08-04T19:41:02	871	798	859	854
2021-08-04T19:41:32	871	799	858	856
2021-08-04T19:42:02	872	799	859	856
2021-08-04T19:42:32	873	800	860	858
2021-08-04T19:43:02	874	801	862	859
2021-08-04T19:43:32	877	802	862	860
2021-08-04T19:44:02	876	802	863	861
2021-08-04T19:44:32	866	803	861	861
2021-08-04T19:45:02	855	803	859	857
2021-08-04T19:45:32	848	803	859	854
2021-08-04T19:46:02	846	803	858	849
2021-08-04T19:46:32	841	804	857	846
2021-08-04T19:47:02	839	804	857	845
2021-08-04T19:47:32	836	805	857	842
2021-08-04T19:48:02	834	805	856	842
2021-08-04T19:48:32	832	807	857	840
2021-08-04T19:49:02	831	806	855	840
2021-08-04T19:49:32	830	807	855	839
2021-08-04T19:50:02	829	807	855	837
2021-08-04T19:50:32	828	808	854	837
2021-08-04T19:51:02	827	809	855	836
2021-08-04T19:51:32	827	810	854	836
2021-08-04T19:52:02	826	810	854	836
2021-08-04T19:52:32	825	811	854	835
2021-08-04T19:53:02	825	811	853	834
2021-08-04T19:53:32	824	811	854	834
2021-08-04T19:54:02	824	812	853	835
2021-08-04T19:54:32	823	812	854	834
2021-08-04T19:55:02	823	813	854	834
2021-08-04T19:55:32	823	814	854	834
2021-08-04T19:56:02	823	814	854	834
2021-08-04T19:56:32	822	815	854	834
2021-08-04T19:57:02	822	815	854	834
2021-08-04T19:57:32	822	816	854	834
2021-08-04T19:58:02	826	816	855	834
2021-08-04T19:58:32	836	817	857	836
2021-08-04T19:59:02	847	819	861	840
2021-08-04T19:59:32	854	820	861	844
2021-08-04T20:00:02	858	821	864	849
2021-08-04T20:00:32	863	822	866	853
2021-08-04T20:01:02	867	823	867	855
2021-08-04T20:01:32	870	824	869	859
2021-08-04T20:02:02	872	825	871	862
2021-08-04T20:02:32	874	826	872	865
2021-08-04T20:03:02	877	827	873	865
2021-08-04T20:03:32	880	827	875	868
2021-08-04T20:04:02	882	828	876	870
2021-08-04T20:04:32	883	829	878	872
2021-08-04T20:05:02	885	831	878	874
2021-08-04T20:05:32	886	831	880	875
2021-08-04T20:06:02	888	832	881	877
2021-08-04T20:06:32	890	833	884	878
2021-08-04T20:07:02	892	834	884	880
2021-08-04T20:07:32	894	835	885	882
2021-08-04T20:08:02	894	836	887	883
2021-08-04T20:08:32	897	837	889	885
2021-08-04T20:09:02	898	838	889	886
2021-08-04T20:09:32	899	839	890	888
2021-08-04T20:10:02	899	840	892	887
2021-08-04T20:10:32	898	841	891	889
2021-08-04T20:11:02	899	842	895	889
2021-08-04T20:11:32	899	842	895	890
2021-08-04T20:12:02	898	843	895	890
2021-08-04T20:12:32	898	844	896	890
2021-08-04T20:13:02	898	845	896	892
2021-08-04T20:13:32	900	845	896	891
2021-08-04T20:14:02	899	846	898	892
2021-08-04T20:14:32	900	847	898	891
2021-08-04T20:15:02	900	848	899	892
2021-08-04T20:15:32	900	849	899	893
2021-08-04T20:16:02	900	849	900	893
2021-08-04T20:16:32	899	850	901	894
2021-08-04T20:17:02	899	851	901	894
2021-08-04T20:17:32	900	852	902	894
2021-08-04T20:18:02	899	852	901	893
2021-08-04T20:18:32	898	851	900	894
2021-08-04T20:19:02	900	853	901	894
2021-08-04T20:19:32	899	853	902	893
2021-08-04T20:20:02	899	853	901	894
2021-08-04T20:20:32	900	854	901	894
2021-08-04T20:21:02	900	855	902	895
2021-08-04T20:21:32	899	855	903	894
2021-08-04T20:22:02	900	855	901	895
2021-08-04T20:22:32	899	856	902	894
2021-08-04T20:23:02	900	856	900	894
2021-08-04T20:23:32	899	857	902	895
2021-08-04T20:24:02	900	857	902	895
2021-08-04T20:24:32	900	858	902	895
2021-08-04T20:25:02	901	857	902	895
2021-08-04T20:25:32	900	859	902	895
2021-08-04T20:26:02	899	859	901	895
2021-08-04T20:26:32	901	858	900	895
2021-08-04T20:27:02	900	859	901	895
2021-08-04T20:27:32	899	860	902	895
2021-08-04T20:28:02	899	861	901	895
2021-08-04T20:28:32	899	861	903	895
2021-08-04T20:29:02	899	862	902	895
2021-08-04T20:29:32	899	863	902	895
2021-08-04T20:30:02	899	862	902	894
2021-08-04T20:30:32	899	864	902	896
2021-08-04T20:31:02	899	865	902	895
2021-08-04T20:31:32	899	863	901	896
2021-08-04T20:32:02	900	864	901	895
2021-08-04T20:32:32	899	865	901	895
2021-08-04T20:33:02	900	866	901	895
2021-08-04T20:33:32	900	867	903	896
2021-08-04T20:34:02	901	867	902	896
2021-08-04T20:34:32	901	867	902	896
2021-08-04T20:35:02	901	868	903	896
2021-08-04T20:35:32	902	868	902	896
2021-08-04T20:36:02	901	869	904	896
2021-08-04T20:36:32	902	869	902	897
2021-08-04T20:37:02	902	868	904	897
2021-08-04T20:37:32	902	869	902	897
2021-08-04T20:38:02	902	870	903	897
2021-08-04T20:38:32	902	870	901	897
2021-08-04T20:39:02	903	870	901	897
2021-08-04T20:39:32	903	871	903	897
2021-08-04T20:40:02	904	871	902	898
2021-08-04T20:40:32	904	871	902	898
2021-08-04T20:41:02	904	870	901	898
2021-08-04T20:41:32	904	871	902	898
2021-08-04T20:42:02	904	871	904	898
2021-08-04T20:42:32	904	872	903	898
2021-08-04T20:43:02	904	872	903	899
2021-08-04T20:43:32	905	872	903	899
2021-08-04T20:44:02	901	871	902	899
2021-08-04T20:44:32	900	874	903	898
2021-08-04T20:45:02	902	872	902	899
2021-08-04T20:45:32	904	873	902	899
2021-08-04T20:46:02	904	872	901	899
2021-08-04T20:46:32	904	872	902	900
2021-08-04T20:47:02	905	872	901	900
2021-08-04T20:47:32	905	873	902	900
2021-08-04T20:48:02	905	872	902	900
2021-08-04T20:48:32	905	873	901	900
2021-08-04T20:49:02	905	874	902	901
2021-08-04T20:49:32	902	874	901	901
2021-08-04T20:50:02	899	875	902	900
2021-08-04T20:50:32	901	875	901	900
2021-08-04T20:51:03	901	875	903	900
2021-08-04T20:51:33	899	876	904	900
2021-08-04T20:52:03	899	875	901	901
2021-08-04T20:52:33	901	875	901	901
2021-08-04T20:53:03	899	876	902	901
2021-08-04T20:53:33	899	876	902	901
2021-08-04T20:54:03	899	876	902	901
2021-08-04T20:54:33	899	877	903	902
2021-08-04T20:55:03	901	877	903	902
2021-08-04T20:55:33	901	877	902	902
2021-08-04T20:56:03	900	876	902	902
2021-08-04T20:56:33	898	876	901	902
2021-08-04T20:57:03	900	877	902	902
2021-08-04T20:57:33	902	878	903	902
2021-08-04T20:58:03	898	878	903	902
2021-08-04T20:58:33	899	878	902	902
2021-08-04T20:59:03	900	878	902	902
2021-08-04T20:59:33	898	878	901	901
2021-08-04T21:00:03	899	879	902	903
2021-08-04T21:00:33	900	879	903	903
2021-08-04T21:01:03	900	880	903	903
2021-08-04T21:01:33	899	879	902	902
2021-08-04T21:02:03	898	880	902	903
2021-08-04T21:02:33	900	880	903	903
2021-08-04T21:03:03	900	880	903	903
2021-08-04T21:03:33	899	881	904	903
2021-08-04T21:04:03	899	880	901	903
2021-08-04T21:04:33	900	881	902	903
2021-08-04T21:05:03	900	882	902	903
2021-08-04T21:05:33	900	880	902	903
2021-08-04T21:06:03	901	882	903	903
2021-08-04T21:06:33	900	883	903	903
2021-08-04T21:07:03	900	883	903	903
2021-08-04T21:07:33	900	883	903	903
2021-08-04T21:08:03	899	883	902	903
2021-08-04T21:08:33	900	884	902	903
2021-08-04T21:09:03	901	885	903	903
2021-08-04T21:09:33	899	884	902	903
2021-08-04T21:10:03	900	885	903	903
2021-08-04T21:10:33	899	886	904	903
2021-08-04T21:11:03	899	884	903	903
2021-08-04T21:11:33	901	885	904	903
2021-08-04T21:12:03	899	885	902	904
2021-08-04T21:12:33	901	885	902	904
2021-08-04T21:13:03	898	886	902	904
2021-08-04T21:13:33	900	885	902	904
2021-08-04T21:14:03	899	886	902	903
2021-08-04T21:14:33	900	887	903	904
2021-08-04T21:15:03	900	886	902	904
2021-08-04T21:15:33	899	886	903	904
2021-08-04T21:16:03	900	886	902	903
2021-08-04T21:16:33	899	887	903	904
2021-08-04T21:17:03	901	887	903	904
2021-08-04T21:17:33	899	887	902	904
2021-08-04T21:18:03	901	888	904	904
2021-08-04T21:18:33	899	888	902	904
2021-08-04T21:19:03	901	888	902	904
2021-08-04T21:19:33	899	887	903	904
2021-08-04T21:20:03	900	889	903	904
2021-08-04T21:20:33	899	888	902	904
2021-08-04T21:21:03	901	890	904	904
2021-08-04T21:21:33	899	888	901	904
2021-08-04T21:22:03	901	890	904	904
2021-08-04T21:22:33	899	889	903	904
2021-08-04T21:23:03	901	890	904	904
2021-08-04T21:23:33	900	889	902	904
2021-08-04T21:24:03	901	889	902	904
2021-08-04T21:24:33	900	890	903	904
2021-08-04T21:25:03	901	890	903	904
2021-08-04T21:25:33	899	889	902	904
2021-08-04T21:26:03	900	890	903	904
2021-08-04T21:26:33	900	890	903	904
2021-08-04T21:27:03	899	890	903	904
2021-08-04T21:27:33	901	890	904	904
2021-08-04T21:28:03	899	890	903	904
2021-08-04T21:28:33	901	891	903	904
2021-08-04T21:29:03	899	890	902	904
2021-08-04T21:29:33	900	890	902	904
2021-08-04T21:30:03	900	890	902	904
2021-08-04T21:30:33	899	892	904	903
2021-08-04T21:31:03	901	891	903	904
2021-08-04T21:31:33	900	891	902	904
2021-08-04T21:32:03	899	892	902	904
2021-08-04T21:32:33	901	892	903	904
2021-08-04T21:33:03	899	892	902	904
2021-08-04T21:33:33	901	891	903	904
2021-08-04T21:34:03	899	891	902	904
2021-08-04T21:34:33	900	891	902	904
2021-08-04T21:35:03	901	893	903	905
2021-08-04T21:35:33	899	892	902	904
2021-08-04T21:36:03	901	892	903	904
2021-08-04T21:36:33	900	892	902	904
2021-08-04T21:37:03	899	892	903	904
2021-08-04T21:37:33	901	893	903	903
2021-08-04T21:38:03	900	892	902	903
2021-08-04T21:38:33	899	892	902	904
2021-08-04T21:39:03	901	894	903	904
2021-08-04T21:39:33	900	893	903	905
2021-08-04T21:40:03	899	893	903	905
2021-08-04T21:40:33	898	893	902	904
2021-08-04T21:41:03	897	892	900	903
2021-08-04T21:41:33	896	892	899	901
2021-08-04T21:42:03	895	891	898	901
2021-08-04T21:42:33	894	890	898	900
2021-08-04T21:43:03	893	890	898	898
2021-08-04T21:43:33	771	817	853	881
2021-08-04T21:44:03	692	755	783	863
2021-08-04T21:44:33	566	610	705	812
2021-08-04T21:45:03	521	534	618	739
2021-08-04T21:45:33	471	478	575	680
2021-08-04T21:46:03	440	442	551	632
