time	T1	T2	T3	T4
2021-08-10T10:41:29	28	29	31	27
2021-08-10T10:41:59	29	30	31	27
2021-08-10T10:42:29	29	30	31	27
2021-08-10T10:42:59	30	35	36	28
2021-08-10T10:43:29	31	38	37	28
2021-08-10T10:43:59	32	39	37	29
2021-08-10T10:44:29	32	39	37	30
2021-08-10T10:44:59	33	39	37	30
2021-08-10T10:45:29	33	38	37	31
2021-08-10T10:45:59	34	42	41	33
2021-08-10T10:46:29	35	45	42	32
2021-08-10T10:46:59	35	45	42	34
2021-08-10T10:47:29	36	45	42	35
2021-08-10T10:47:59	36	44	42	35
2021-08-10T10:48:29	37	48	45	36
2021-08-10T10:48:59	38	51	47	37
2021-08-10T10:49:29	38	52	46	37
2021-08-10T10:49:59	38	51	47	38
2021-08-10T10:50:29	39	54	49	39
2021-08-10T10:50:59	40	55	49	39
2021-08-10T10:51:29	40	54	50	40
2021-08-10T10:51:59	41	58	52	41
2021-08-10T10:52:29	42	60	53	41
2021-08-10T10:52:59	42	60	54	42
2021-08-10T10:53:29	42	61	54	42
2021-08-10T10:53:59	43	63	56	43
2021-08-10T10:54:29	44	63	56	44
2021-08-10T10:54:59	45	65	58	44
2021-08-10T10:55:29	45	68	60	45
2021-08-10T10:55:59	46	68	60	46
2021-08-10T10:56:29	46	69	60	47
2021-08-10T10:56:59	47	70	61	48
2021-08-10T10:57:29	47	70	61	48
2021-08-10T10:57:59	47	71	62	49
2021-08-10T10:58:29	49	76	66	49
2021-08-10T10:58:59	49	75	65	51
2021-08-10T10:59:29	49	76	66	52
2021-08-10T10:59:59	49	75	65	52
2021-08-10T11:00:29	51	79	67	53
2021-08-10T11:00:59	62	80	73	53
2021-08-10T11:01:29	71	82	78	56
2021-08-10T11:01:59	78	82	78	58
2021-08-10T11:02:29	80	82	81	61
2021-08-10T11:02:59	81	81	81	63
2021-08-10T11:03:29	81	80	79	64
2021-08-10T11:03:59	82	79	79	66
2021-08-10T11:04:29	82	79	79	67
2021-08-10T11:04:59	82	78	80	68
2021-08-10T11:05:29	81	78	80	70
2021-08-10T11:05:59	81	77	80	71
2021-08-10T11:06:29	81	77	81	73
2021-08-10T11:06:59	82	77	81	73
2021-08-10T11:07:29	82	78	82	74
2021-08-10T11:07:59	82	79	83	75
2021-08-10T11:08:29	83	81	84	77
2021-08-10T11:08:59	84	82	85	77
2021-08-10T11:09:29	85	84	85	78
2021-08-10T11:09:59	86	85	87	79
2021-08-10T11:10:29	86	86	88	80
2021-08-10T11:10:59	87	86	89	81
2021-08-10T11:11:29	88	87	90	83
2021-08-10T11:11:59	89	89	91	84
2021-08-10T11:12:29	90	90	93	85
2021-08-10T11:12:59	90	91	93	86
2021-08-10T11:13:29	91	91	94	87
2021-08-10T11:13:59	91	92	95	88
2021-08-10T11:14:29	92	93	95	89
2021-08-10T11:14:59	93	94	96	92
2021-08-10T11:15:29	94	96	98	93
2021-08-10T11:15:59	95	97	99	93
2021-08-10T11:16:29	100	98	101	94
2021-08-10T11:16:59	101	98	102	97
2021-08-10T11:17:29	102	99	103	97
2021-08-10T11:17:59	102	99	103	98
2021-08-10T11:18:29	105	100	104	98
2021-08-10T11:18:59	105	102	106	99
2021-08-10T11:19:29	106	103	107	100
2021-08-10T11:19:59	107	104	107	101
2021-08-10T11:20:29	107	105	108	102
2021-08-10T11:20:59	107	106	109	104
2021-08-10T11:21:29	108	108	110	104
2021-08-10T11:21:59	108	109	111	105
2021-08-10T11:22:29	109	110	111	106
2021-08-10T11:22:59	109	110	113	108
2021-08-10T11:23:29	110	111	114	108
2021-08-10T11:23:59	110	112	115	109
2021-08-10T11:24:29	114	113	117	111
2021-08-10T11:24:59	117	114	118	112
2021-08-10T11:25:29	118	115	118	113
2021-08-10T11:25:59	118	115	119	115
2021-08-10T11:26:29	118	117	120	116
2021-08-10T11:26:59	119	118	121	116
2021-08-10T11:27:29	120	119	122	116
2021-08-10T11:27:59	121	120	123	117
2021-08-10T11:28:29	121	121	123	118
2021-08-10T11:28:59	122	122	124	119
2021-08-10T11:29:29	122	122	124	119
2021-08-10T11:29:59	123	126	128	120
2021-08-10T11:30:29	124	128	130	121
2021-08-10T11:30:59	125	128	131	122
2021-08-10T11:31:29	129	129	131	123
2021-08-10T11:31:59	129	129	132	125
2021-08-10T11:32:29	129	128	133	125
2021-08-10T11:32:59	130	129	132	126
2021-08-10T11:33:29	130	130	132	128
2021-08-10T11:33:59	131	134	136	128
2021-08-10T11:34:29	132	137	138	129
2021-08-10T11:34:59	133	137	139	131
2021-08-10T11:35:29	134	137	139	131
2021-08-10T11:35:59	137	137	140	132
2021-08-10T11:36:29	138	136	139	133
2021-08-10T11:36:59	138	137	141	134
2021-08-10T11:37:29	138	137	142	135
2021-08-10T11:37:59	138	138	142	136
2021-08-10T11:38:29	140	139	143	136
2021-08-10T11:38:59	144	141	145	137
2021-08-10T11:39:29	145	143	146	137
2021-08-10T11:39:59	146	143	146	138
2021-08-10T11:40:29	146	145	147	140
2021-08-10T11:40:59	147	146	147	141
2021-08-10T11:41:29	147	146	148	142
2021-08-10T11:41:59	147	149	150	143
2021-08-10T11:42:29	148	151	152	144
2021-08-10T11:42:59	148	152	153	145
2021-08-10T11:43:29	152	151	154	146
2021-08-10T11:43:59	158	151	155	147
2021-08-10T11:44:29	163	152	155	148
2021-08-10T11:44:59	171	153	156	150
2021-08-10T11:45:29	177	154	158	151
2021-08-10T11:45:59	182	155	159	152
2021-08-10T11:46:29	185	156	159	154
2021-08-10T11:46:59	191	157	161	157
2021-08-10T11:47:29	197	159	162	157
2021-08-10T11:47:59	199	160	163	159
2021-08-10T11:48:29	205	161	165	161
2021-08-10T11:48:59	208	160	165	162
2021-08-10T11:49:29	212	161	166	163
2021-08-10T11:49:59	212	162	168	165
2021-08-10T11:50:29	215	164	169	167
2021-08-10T11:50:59	220	165	171	168
2021-08-10T11:51:29	225	166	171	170
2021-08-10T11:51:59	226	167	171	172
2021-08-10T11:52:29	224	167	173	173
2021-08-10T11:52:59	220	167	173	174
2021-08-10T11:53:29	218	168	171	174
2021-08-10T11:53:59	214	173	175	174
2021-08-10T11:54:29	211	175	176	175
2021-08-10T11:54:59	207	174	174	175
2021-08-10T11:55:29	204	177	176	174
2021-08-10T11:55:59	201	177	176	174
2021-08-10T11:56:29	199	182	179	174
2021-08-10T11:56:59	198	183	179	173
2021-08-10T11:57:29	195	184	181	173
2021-08-10T11:57:59	193	186	182	173
2021-08-10T11:58:29	190	185	180	173
2021-08-10T11:58:59	189	188	183	172
2021-08-10T11:59:29	188	190	185	171
2021-08-10T11:59:59	186	190	184	171
2021-08-10T12:00:29	186	195	188	171
2021-08-10T12:00:59	184	194	187	171
2021-08-10T12:01:29	182	195	188	172
2021-08-10T12:01:59	181	196	187	171
2021-08-10T12:02:29	180	199	192	171
2021-08-10T12:02:59	184	200	192	171
2021-08-10T12:03:29	191	197	193	172
2021-08-10T12:03:59	193	196	191	173
2021-08-10T12:04:29	194	199	196	174
2021-08-10T12:04:59	194	199	197	175
2021-08-10T12:05:29	194	198	196	175
2021-08-10T12:05:59	193	199	199	176
2021-08-10T12:06:29	196	200	199	177
2021-08-10T12:06:59	195	199	199	178
2021-08-10T12:07:29	196	200	200	179
2021-08-10T12:07:59	201	202	203	181
2021-08-10T12:08:29	201	201	202	183
2021-08-10T12:08:59	199	201	202	184
2021-08-10T12:09:29	199	203	204	184
2021-08-10T12:09:59	204	203	205	185
2021-08-10T12:10:29	203	204	205	186
2021-08-10T12:10:59	203	206	208	187
2021-08-10T12:11:29	207	204	208	188
2021-08-10T12:11:59	210	206	208	189
2021-08-10T12:12:29	210	208	209	191
2021-08-10T12:12:59	211	209	210	192
2021-08-10T12:13:29	211	213	214	193
2021-08-10T12:13:59	209	213	214	194
2021-08-10T12:14:29	209	211	214	196
2021-08-10T12:14:59	216	212	215	198
2021-08-10T12:15:29	218	215	218	198
2021-08-10T12:15:59	216	214	217	199
2021-08-10T12:16:29	217	214	217	200
2021-08-10T12:16:59	216	219	221	201
2021-08-10T12:17:29	216	219	220	202
2021-08-10T12:17:59	219	217	220	203
2021-08-10T12:18:29	219	217	222	204
2021-08-10T12:18:59	219	222	224	205
2021-08-10T12:19:29	219	222	223	206
2021-08-10T12:19:59	225	223	226	208
2021-08-10T12:20:29	227	223	226	209
2021-08-10T12:20:59	225	222	225	210
2021-08-10T12:21:29	225	225	229	211
2021-08-10T12:21:59	224	225	228	213
2021-08-10T12:22:29	229	227	231	213
2021-08-10T12:22:59	230	228	230	213
2021-08-10T12:23:29	228	231	233	214
2021-08-10T12:23:59	228	231	231	215
2021-08-10T12:24:29	232	232	234	216
2021-08-10T12:24:59	233	231	235	217
2021-08-10T12:25:29	232	231	235	218
2021-08-10T12:25:59	235	234	237	220
2021-08-10T12:26:29	235	235	237	221
2021-08-10T12:26:59	235	235	238	222
2021-08-10T12:27:29	238	238	241	223
2021-08-10T12:27:59	239	239	242	223
2021-08-10T12:28:29	238	237	239	224
2021-08-10T12:28:59	241	241	245	225
2021-08-10T12:29:29	242	243	245	226
2021-08-10T12:29:59	242	241	243	227
2021-08-10T12:30:29	241	244	248	229
2021-08-10T12:30:59	245	244	248	229
2021-08-10T12:31:29	245	243	246	231
2021-08-10T12:31:59	244	247	248	232
2021-08-10T12:32:29	247	247	250	231
2021-08-10T12:32:59	247	245	249	233
2021-08-10T12:33:29	248	247	253	234
2021-08-10T12:33:59	255	249	254	236
2021-08-10T12:34:29	259	249	252	236
2021-08-10T12:34:59	262	253	257	238
2021-08-10T12:35:29	267	254	256	239
2021-08-10T12:35:59	272	251	256	241
2021-08-10T12:36:29	275	252	256	243
2021-08-10T12:36:59	278	255	259	244
2021-08-10T12:37:29	281	254	258	245
2021-08-10T12:37:59	285	257	261	245
2021-08-10T12:38:29	286	258	263	247
2021-08-10T12:38:59	289	257	261	250
2021-08-10T12:39:29	294	260	261	249
2021-08-10T12:39:59	298	263	266	251
2021-08-10T12:40:29	297	261	264	254
2021-08-10T12:40:59	300	261	265	255
2021-08-10T12:41:29	301	262	266	255
2021-08-10T12:41:59	303	266	269	257
2021-08-10T12:42:29	306	265	269	259
2021-08-10T12:42:59	308	266	271	259
2021-08-10T12:43:29	310	268	272	260
2021-08-10T12:43:59	313	268	271	261
2021-08-10T12:44:29	312	270	276	262
2021-08-10T12:44:59	314	270	275	263
2021-08-10T12:45:29	314	270	276	264
2021-08-10T12:45:59	314	271	276	266
2021-08-10T12:46:29	315	270	275	267
2021-08-10T12:46:59	317	273	278	268
2021-08-10T12:47:29	318	274	278	269
2021-08-10T12:47:59	320	276	281	270
2021-08-10T12:48:29	319	276	280	271
2021-08-10T12:48:59	320	275	280	273
2021-08-10T12:49:29	322	280	285	275
2021-08-10T12:49:59	325	280	285	276
2021-08-10T12:50:29	325	279	283	276
2021-08-10T12:50:59	329	281	286	277
2021-08-10T12:51:29	326	281	286	278
2021-08-10T12:51:59	323	284	288	279
2021-08-10T12:52:29	318	285	288	279
2021-08-10T12:52:59	311	288	289	280
2021-08-10T12:53:29	306	289	291	279
2021-08-10T12:53:59	303	290	291	278
2021-08-10T12:54:29	301	293	293	276
2021-08-10T12:54:59	297	294	293	277
2021-08-10T12:55:29	295	297	296	275
2021-08-10T12:55:59	292	296	293	275
2021-08-10T12:56:29	291	299	297	275
2021-08-10T12:56:59	296	296	298	276
2021-08-10T12:57:29	297	296	298	276
2021-08-10T12:57:59	297	300	301	277
2021-08-10T12:58:29	296	298	300	277
2021-08-10T12:58:59	298	298	300	278
2021-08-10T12:59:29	297	301	304	279
2021-08-10T12:59:59	303	299	302	279
2021-08-10T13:00:29	300	299	305	280
2021-08-10T13:00:59	304	301	306	282
2021-08-10T13:01:29	305	303	306	283
2021-08-10T13:01:59	304	304	308	285
2021-08-10T13:02:29	306	304	307	286
2021-08-10T13:02:59	307	305	308	287
2021-08-10T13:03:29	305	306	311	287
2021-08-10T13:03:59	310	308	312	289
2021-08-10T13:04:29	310	308	312	290
2021-08-10T13:04:59	308	310	313	291
2021-08-10T13:05:29	312	309	313	292
2021-08-10T13:05:59	314	312	315	294
2021-08-10T13:06:29	313	313	317	295
2021-08-10T13:06:59	315	312	316	297
2021-08-10T13:07:29	318	316	319	298
2021-08-10T13:07:59	316	316	319	299
2021-08-10T13:08:29	316	316	319	300
2021-08-10T13:08:59	319	319	322	302
2021-08-10T13:09:29	318	319	322	302
2021-08-10T13:09:59	322	321	324	303
2021-08-10T13:10:29	321	319	323	304
2021-08-10T13:10:59	320	322	326	305
2021-08-10T13:11:29	325	324	327	307
2021-08-10T13:11:59	330	322	325	308
2021-08-10T13:12:29	334	322	328	309
2021-08-10T13:12:59	336	324	329	310
2021-08-10T13:13:29	339	325	328	311
2021-08-10T13:13:59	343	326	331	313
2021-08-10T13:14:29	344	326	329	314
2021-08-10T13:14:59	347	329	333	315
2021-08-10T13:15:29	350	331	337	316
2021-08-10T13:15:59	352	329	333	317
2021-08-10T13:16:29	355	331	336	318
2021-08-10T13:16:59	356	332	337	320
2021-08-10T13:17:29	358	332	337	321
2021-08-10T13:17:59	363	336	341	322
2021-08-10T13:18:29	362	334	340	323
2021-08-10T13:18:59	363	334	339	324
2021-08-10T13:19:29	364	337	341	325
2021-08-10T13:19:59	364	335	341	326
2021-08-10T13:20:29	366	339	344	327
2021-08-10T13:20:59	369	337	343	328
2021-08-10T13:21:29	370	340	345	329
2021-08-10T13:21:59	369	341	347	330
2021-08-10T13:22:29	372	342	349	331
2021-08-10T13:22:59	372	343	349	333
2021-08-10T13:23:29	374	344	350	333
2021-08-10T13:23:59	374	344	350	335
2021-08-10T13:24:29	378	348	351	335
2021-08-10T13:24:59	377	346	350	337
2021-08-10T13:25:29	381	350	354	340
2021-08-10T13:25:59	380	348	353	340
2021-08-10T13:26:29	378	350	357	340
2021-08-10T13:26:59	381	350	357	340
2021-08-10T13:27:29	382	350	356	341
2021-08-10T13:27:59	384	354	357	343
2021-08-10T13:28:29	384	355	359	344
2021-08-10T13:28:59	385	356	361	344
2021-08-10T13:29:29	384	354	361	345
2021-08-10T13:29:59	387	355	362	346
2021-08-10T13:30:29	389	357	362	347
2021-08-10T13:30:59	388	358	364	348
2021-08-10T13:31:29	387	359	365	349
2021-08-10T13:31:59	389	361	368	350
2021-08-10T13:32:29	388	360	365	352
2021-08-10T13:32:59	391	362	369	352
2021-08-10T13:33:29	391	360	368	353
2021-08-10T13:33:59	391	364	371	354
2021-08-10T13:34:29	395	364	370	355
2021-08-10T13:34:59	397	364	371	355
2021-08-10T13:35:29	392	366	373	356
2021-08-10T13:35:59	389	368	374	355
2021-08-10T13:36:29	382	371	375	356
2021-08-10T13:36:59	378	374	376	356
2021-08-10T13:37:29	374	373	376	356
2021-08-10T13:37:59	376	375	377	355
2021-08-10T13:38:29	378	376	379	356
2021-08-10T13:38:59	382	375	378	356
2021-08-10T13:39:29	387	378	381	358
2021-08-10T13:39:59	388	377	381	359
2021-08-10T13:40:29	391	379	384	359
2021-08-10T13:40:59	393	378	384	361
2021-08-10T13:41:29	395	381	384	362
2021-08-10T13:41:59	397	381	386	363
2021-08-10T13:42:29	398	381	386	364
2021-08-10T13:42:59	399	384	390	366
2021-08-10T13:43:29	399	382	389	367
2021-08-10T13:43:59	402	382	388	368
2021-08-10T13:44:29	402	384	391	369
2021-08-10T13:44:59	404	387	392	370
2021-08-10T13:45:29	406	386	392	371
2021-08-10T13:45:59	407	387	394	372
2021-08-10T13:46:29	407	387	393	373
2021-08-10T13:46:59	409	388	394	374
2021-08-10T13:47:29	410	390	397	375
2021-08-10T13:47:59	412	390	396	376
2021-08-10T13:48:29	413	392	399	378
2021-08-10T13:48:59	414	391	398	380
2021-08-10T13:49:29	415	392	399	380
2021-08-10T13:49:59	416	394	401	381
2021-08-10T13:50:29	414	393	400	381
2021-08-10T13:50:59	417	396	403	382
2021-08-10T13:51:29	418	396	404	386
2021-08-10T13:51:59	417	399	406	386
2021-08-10T13:52:29	418	399	406	387
2021-08-10T13:52:59	419	397	405	387
2021-08-10T13:53:29	420	401	409	389
2021-08-10T13:53:59	422	401	409	389
2021-08-10T13:54:29	422	401	411	390
2021-08-10T13:54:59	423	402	411	391
2021-08-10T13:55:29	424	403	413	391
2021-08-10T13:55:59	424	405	414	392
2021-08-10T13:56:29	427	405	413	392
2021-08-10T13:56:59	425	406	415	393
2021-08-10T13:57:29	426	406	415	394
2021-08-10T13:57:59	426	408	416	395
2021-08-10T13:58:29	430	409	420	396
2021-08-10T13:58:59	429	408	416	397
2021-08-10T13:59:29	430	411	420	398
2021-08-10T13:59:59	432	413	423	399
2021-08-10T14:00:29	431	412	421	400
2021-08-10T14:00:59	433	414	424	401
2021-08-10T14:01:29	433	413	423	402
2021-08-10T14:01:59	435	417	425	403
2021-08-10T14:02:29	435	416	425	404
2021-08-10T14:02:59	435	417	428	405
2021-08-10T14:03:29	435	418	428	407
2021-08-10T14:03:59	437	420	430	407
2021-08-10T14:04:29	437	420	430	407
2021-08-10T14:04:59	438	422	432	408
2021-08-10T14:05:29	439	420	430	409
2021-08-10T14:05:59	440	424	433	411
2021-08-10T14:06:29	442	423	433	412
2021-08-10T14:06:59	444	425	435	413
2021-08-10T14:07:29	443	426	437	414
2021-08-10T14:07:59	442	425	437	415
2021-08-10T14:08:29	446	428	438	415
2021-08-10T14:08:59	444	427	436	415
2021-08-10T14:09:29	445	428	440	416
2021-08-10T14:09:59	447	430	439	417
2021-08-10T14:10:29	447	433	443	418
2021-08-10T14:10:59	449	432	442	419
2021-08-10T14:11:29	449	432	444	420
2021-08-10T14:11:59	449	434	445	420
2021-08-10T14:12:29	451	433	446	422
2021-08-10T14:12:59	451	434	446	424
2021-08-10T14:13:29	451	436	447	424
2021-08-10T14:13:59	453	436	447	424
2021-08-10T14:14:29	454	439	451	426
2021-08-10T14:14:59	455	439	451	427
2021-08-10T14:15:29	457	441	453	426
2021-08-10T14:15:59	458	441	452	428
2021-08-10T14:16:29	459	442	453	430
2021-08-10T14:16:59	459	442	451	431
2021-08-10T14:17:29	461	442	455	431
2021-08-10T14:17:59	460	445	456	432
2021-08-10T14:18:29	462	446	458	433
2021-08-10T14:18:59	463	447	457	434
2021-08-10T14:19:29	463	449	459	435
2021-08-10T14:19:59	463	448	460	436
2021-08-10T14:20:29	463	449	462	436
2021-08-10T14:20:59	463	450	463	438
2021-08-10T14:21:29	465	452	463	439
2021-08-10T14:21:59	463	451	466	440
2021-08-10T14:22:29	467	452	464	440
2021-08-10T14:22:59	468	454	467	441
2021-08-10T14:23:29	468	453	465	443
2021-08-10T14:23:59	469	456	469	443
2021-08-10T14:24:29	471	457	469	444
2021-08-10T14:24:59	471	457	470	445
2021-08-10T14:25:29	471	459	471	446
2021-08-10T14:25:59	471	461	473	447
2021-08-10T14:26:29	472	460	471	447
2021-08-10T14:26:59	473	461	473	449
2021-08-10T14:27:29	474	460	472	449
2021-08-10T14:27:59	475	465	478	450
2021-08-10T14:28:29	478	464	476	452
2021-08-10T14:28:59	477	463	477	453
2021-08-10T14:29:29	478	467	480	453
2021-08-10T14:29:59	478	466	479	454
2021-08-10T14:30:29	480	468	482	454
2021-08-10T14:30:59	482	467	481	456
2021-08-10T14:31:29	480	468	482	456
2021-08-10T14:31:59	483	470	485	457
2021-08-10T14:32:29	484	470	484	458
2021-08-10T14:32:59	485	471	484	459
2021-08-10T14:33:29	485	474	487	460
2021-08-10T14:33:59	489	472	487	461
2021-08-10T14:34:29	487	475	490	462
2021-08-10T14:34:59	489	474	490	463
2021-08-10T14:35:29	489	477	490	464
2021-08-10T14:35:59	488	476	490	465
2021-08-10T14:36:29	492	478	492	466
2021-08-10T14:36:59	492	479	494	467
2021-08-10T14:37:29	492	481	495	468
2021-08-10T14:37:59	495	480	494	469
2021-08-10T14:38:29	495	482	497	471
2021-08-10T14:38:59	497	482	498	471
2021-08-10T14:39:29	497	483	499	472
2021-08-10T14:39:59	499	483	499	474
2021-08-10T14:40:29	498	485	500	474
2021-08-10T14:40:59	498	486	503	475
2021-08-10T14:41:29	502	483	501	475
2021-08-10T14:41:59	502	487	505	476
2021-08-10T14:42:29	502	489	504	477
2021-08-10T14:42:59	503	489	504	478
2021-08-10T14:43:29	506	492	507	479
2021-08-10T14:43:59	506	490	507	480
2021-08-10T14:44:29	508	492	509	482
2021-08-10T14:44:59	507	493	509	482
2021-08-10T14:45:29	507	495	511	484
2021-08-10T14:45:59	509	494	509	485
2021-08-10T14:46:29	513	495	511	486
2021-08-10T14:46:59	513	496	513	487
2021-08-10T14:47:29	512	497	515	489
2021-08-10T14:47:59	513	497	515	490
2021-08-10T14:48:29	515	497	515	490
2021-08-10T14:48:59	515	498	517	491
2021-08-10T14:49:29	517	501	518	492
2021-08-10T14:49:59	517	502	520	493
2021-08-10T14:50:29	518	504	521	494
2021-08-10T14:50:59	520	504	521	495
2021-08-10T14:51:29	520	505	523	496
2021-08-10T14:51:59	521	505	522	497
2021-08-10T14:52:29	522	506	524	498
2021-08-10T14:52:59	522	507	522	499
2021-08-10T14:53:29	526	509	525	500
2021-08-10T14:53:59	526	508	527	501
2021-08-10T14:54:29	528	510	528	502
2021-08-10T14:54:59	527	512	530	503
2021-08-10T14:55:29	528	512	530	504
2021-08-10T14:55:59	529	512	531	504
2021-08-10T14:56:29	529	514	533	506
2021-08-10T14:56:59	532	514	533	507
2021-08-10T14:57:29	533	514	535	508
2021-08-10T14:57:59	532	517	537	508
2021-08-10T14:58:29	534	517	535	510
2021-08-10T14:58:59	535	519	536	511
2021-08-10T14:59:29	537	518	539	512
2021-08-10T14:59:59	535	519	535	513
2021-08-10T15:00:29	537	519	540	514
2021-08-10T15:00:59	539	520	541	515
2021-08-10T15:01:29	540	522	541	515
2021-08-10T15:01:59	539	524	542	516
2021-08-10T15:02:29	540	524	542	518
2021-08-10T15:02:59	543	525	544	519
2021-08-10T15:03:29	543	525	545	520
2021-08-10T15:03:59	544	527	546	522
2021-08-10T15:04:29	545	527	545	523
2021-08-10T15:04:59	547	530	548	524
2021-08-10T15:05:29	547	529	549	525
2021-08-10T15:05:59	549	532	549	525
2021-08-10T15:06:29	549	531	551	526
2021-08-10T15:06:59	552	532	552	528
2021-08-10T15:07:29	552	535	554	529
2021-08-10T15:07:59	554	535	556	530
2021-08-10T15:08:29	553	536	553	530
2021-08-10T15:08:59	554	538	556	531
2021-08-10T15:09:29	556	536	556	533
2021-08-10T15:09:59	556	538	557	533
2021-08-10T15:10:29	556	541	559	534
2021-08-10T15:10:59	558	540	560	535
2021-08-10T15:11:29	559	540	562	536
2021-08-10T15:11:59	560	543	562	537
2021-08-10T15:12:29	560	544	564	538
2021-08-10T15:12:59	564	546	566	539
2021-08-10T15:13:29	563	547	566	541
2021-08-10T15:13:59	566	548	568	543
2021-08-10T15:14:29	564	548	568	543
2021-08-10T15:14:59	567	548	567	544
2021-08-10T15:15:29	567	552	569	545
2021-08-10T15:15:59	569	552	569	546
2021-08-10T15:16:29	569	552	570	547
2021-08-10T15:16:59	572	552	573	547
2021-08-10T15:17:29	571	552	570	549
2021-08-10T15:17:59	572	555	573	550
2021-08-10T15:18:29	572	555	575	552
2021-08-10T15:18:59	575	555	575	552
2021-08-10T15:19:29	576	558	578	552
2021-08-10T15:19:59	576	557	578	554
2021-08-10T15:20:29	578	560	579	556
2021-08-10T15:20:59	578	561	582	557
2021-08-10T15:21:29	580	561	582	558
2021-08-10T15:21:59	580	563	583	559
2021-08-10T15:22:29	580	561	582	562
2021-08-10T15:22:59	582	564	585	561
2021-08-10T15:23:29	584	566	586	562
2021-08-10T15:23:59	583	566	586	563
2021-08-10T15:24:29	585	567	587	564
2021-08-10T15:24:59	586	566	587	565
2021-08-10T15:25:29	586	568	589	566
2021-08-10T15:25:59	589	569	591	567
2021-08-10T15:26:29	588	569	590	568
2021-08-10T15:26:59	591	571	590	569
2021-08-10T15:27:29	590	573	593	570
2021-08-10T15:27:59	593	572	592	571
2021-08-10T15:28:29	594	574	595	572
2021-08-10T15:28:59	593	573	596	574
2021-08-10T15:29:29	595	577	597	575
2021-08-10T15:29:59	595	577	596	576
2021-08-10T15:30:29	598	578	598	577
2021-08-10T15:30:59	597	578	599	578
2021-08-10T15:31:29	597	579	600	579
2021-08-10T15:31:59	599	580	601	580
2021-08-10T15:32:29	602	583	603	581
2021-08-10T15:32:59	601	582	602	582
2021-08-10T15:33:29	603	585	606	583
2021-08-10T15:33:59	604	583	604	584
2021-08-10T15:34:29	605	585	605	585
2021-08-10T15:34:59	606	586	609	587
2021-08-10T15:35:29	607	587	610	589
2021-08-10T15:35:59	607	588	608	589
2021-08-10T15:36:29	608	589	611	589
2021-08-10T15:36:59	610	591	613	591
2021-08-10T15:37:29	609	590	611	592
2021-08-10T15:37:59	612	592	614	593
2021-08-10T15:38:29	611	593	615	594
2021-08-10T15:38:59	613	592	614	595
2021-08-10T15:39:29	614	595	618	596
2021-08-10T15:39:59	617	593	617	598
2021-08-10T15:40:29	615	596	618	598
2021-08-10T15:40:59	619	598	620	599
2021-08-10T15:41:29	618	597	619	601
2021-08-10T15:41:59	620	598	620	602
2021-08-10T15:42:29	620	601	621	604
2021-08-10T15:42:59	623	600	625	604
2021-08-10T15:43:29	622	602	624	605
2021-08-10T15:43:59	624	603	626	607
2021-08-10T15:44:29	623	604	627	607
2021-08-10T15:44:59	625	605	627	608
2021-08-10T15:45:29	626	607	628	610
2021-08-10T15:45:59	627	607	630	610
2021-08-10T15:46:29	629	607	630	611
2021-08-10T15:46:59	628	606	630	612
2021-08-10T15:47:29	631	611	633	613
2021-08-10T15:47:59	630	610	632	614
2021-08-10T15:48:29	633	612	634	615
2021-08-10T15:48:59	631	615	636	617
2021-08-10T15:49:29	634	612	636	618
2021-08-10T15:49:59	633	615	635	619
2021-08-10T15:50:29	637	614	637	620
2021-08-10T15:50:59	635	615	640	621
2021-08-10T15:51:29	639	615	641	622
2021-08-10T15:51:59	638	618	641	623
2021-08-10T15:52:29	640	619	643	624
2021-08-10T15:52:59	641	619	644	625
2021-08-10T15:53:29	643	620	644	626
2021-08-10T15:53:59	642	620	644	627
2021-08-10T15:54:29	644	622	644	628
2021-08-10T15:54:59	645	624	648	629
2021-08-10T15:55:29	646	624	649	630
2021-08-10T15:55:59	647	624	649	632
2021-08-10T15:56:29	648	626	650	632
2021-08-10T15:56:59	648	626	651	633
2021-08-10T15:57:29	650	628	653	634
2021-08-10T15:57:59	650	631	654	635
2021-08-10T15:58:29	651	631	653	637
2021-08-10T15:58:59	653	631	655	638
2021-08-10T15:59:29	653	633	656	638
2021-08-10T15:59:59	654	634	658	640
2021-08-10T16:00:29	657	634	658	640
2021-08-10T16:00:59	657	635	658	642
2021-08-10T16:01:29	658	635	661	643
2021-08-10T16:01:59	660	636	658	643
2021-08-10T16:02:29	659	637	662	644
2021-08-10T16:02:59	660	638	663	647
2021-08-10T16:03:29	662	639	664	648
2021-08-10T16:03:59	663	640	664	649
2021-08-10T16:04:29	662	640	665	649
2021-08-10T16:04:59	665	642	666	650
2021-08-10T16:05:29	665	642	667	651
2021-08-10T16:05:59	666	645	668	652
2021-08-10T16:06:29	667	644	669	653
2021-08-10T16:06:59	668	646	670	653
2021-08-10T16:07:29	669	645	669	654
2021-08-10T16:07:59	670	649	673	655
2021-08-10T16:08:29	672	648	674	657
2021-08-10T16:08:59	672	650	674	657
2021-08-10T16:09:29	673	650	674	658
2021-08-10T16:09:59	676	652	676	661
2021-08-10T16:10:29	674	654	678	661
2021-08-10T16:10:59	676	653	678	662
2021-08-10T16:11:29	677	655	680	663
2021-08-10T16:11:59	678	654	679	664
2021-08-10T16:12:29	679	656	682	665
2021-08-10T16:12:59	681	657	682	666
2021-08-10T16:13:29	680	658	683	668
2021-08-10T16:13:59	682	658	683	668
2021-08-10T16:14:29	683	662	686	669
2021-08-10T16:14:59	684	662	684	670
2021-08-10T16:15:29	685	663	687	671
2021-08-10T16:15:59	686	664	688	672
2021-08-10T16:16:29	686	665	689	673
2021-08-10T16:16:59	688	664	689	677
2021-08-10T16:17:29	689	666	692	676
2021-08-10T16:17:59	689	667	692	677
2021-08-10T16:18:29	691	669	693	679
2021-08-10T16:18:59	691	668	694	678
2021-08-10T16:19:29	693	670	695	680
2021-08-10T16:19:59	693	671	696	681
2021-08-10T16:20:29	694	673	698	682
2021-08-10T16:20:59	695	673	698	682
2021-08-10T16:21:29	698	676	700	685
2021-08-10T16:21:59	700	676	700	685
2021-08-10T16:22:29	699	678	702	686
2021-08-10T16:22:59	700	676	702	687
2021-08-10T16:23:29	700	677	702	688
2021-08-10T16:23:59	702	679	703	690
2021-08-10T16:24:29	703	680	706	691
2021-08-10T16:24:59	703	682	706	691
2021-08-10T16:25:29	703	681	707	693
2021-08-10T16:25:59	705	683	707	693
2021-08-10T16:26:29	706	685	710	694
2021-08-10T16:26:59	708	686	711	696
2021-08-10T16:27:29	710	685	712	696
2021-08-10T16:27:59	709	686	712	696
2021-08-10T16:28:29	711	688	713	698
2021-08-10T16:28:59	713	689	714	699
2021-08-10T16:29:29	712	688	714	700
2021-08-10T16:29:59	712	691	716	700
2021-08-10T16:30:29	715	690	717	701
2021-08-10T16:30:59	715	693	717	703
2021-08-10T16:31:29	716	694	719	705
2021-08-10T16:31:59	718	694	719	705
2021-08-10T16:32:29	719	695	721	706
2021-08-10T16:32:59	720	696	723	706
2021-08-10T16:33:29	721	697	722	708
2021-08-10T16:33:59	721	698	724	710
2021-08-10T16:34:29	723	698	724	711
2021-08-10T16:34:59	722	700	726	710
2021-08-10T16:35:29	725	700	726	711
2021-08-10T16:35:59	725	701	728	713
2021-08-10T16:36:29	726	703	728	713
2021-08-10T16:36:59	728	705	730	715
2021-08-10T16:37:29	729	705	731	717
2021-08-10T16:37:59	730	706	732	716
2021-08-10T16:38:29	730	707	732	718
2021-08-10T16:38:59	730	707	734	719
2021-08-10T16:39:29	732	709	734	720
2021-08-10T16:39:59	732	711	735	720
2021-08-10T16:40:29	733	710	736	722
2021-08-10T16:40:59	734	710	736	723
2021-08-10T16:41:29	736	714	738	724
2021-08-10T16:41:59	737	714	740	725
2021-08-10T16:42:29	738	714	740	726
2021-08-10T16:42:59	738	716	742	727
2021-08-10T16:43:29	740	716	741	728
2021-08-10T16:43:59	741	719	743	729
2021-08-10T16:44:29	742	719	743	730
2021-08-10T16:44:59	743	719	745	731
2021-08-10T16:45:29	744	721	746	732
2021-08-10T16:45:59	744	721	745	733
2021-08-10T16:46:29	746	723	748	734
2021-08-10T16:46:59	747	725	749	735
2021-08-10T16:47:29	747	724	748	737
2021-08-10T16:47:59	747	727	752	738
2021-08-10T16:48:29	750	728	752	738
2021-08-10T16:48:59	750	728	753	740
2021-08-10T16:49:29	752	729	754	741
2021-08-10T16:49:59	753	730	754	743
2021-08-10T16:50:29	753	732	756	743
2021-08-10T16:50:59	754	730	755	744
2021-08-10T16:51:29	757	733	758	745
2021-08-10T16:51:59	756	735	759	746
2021-08-10T16:52:29	756	735	759	747
2021-08-10T16:52:59	759	736	760	748
2021-08-10T16:53:29	759	737	762	749
2021-08-10T16:53:59	760	738	762	750
2021-08-10T16:54:29	762	739	765	751
2021-08-10T16:54:59	762	740	765	751
2021-08-10T16:55:29	763	741	765	753
2021-08-10T16:55:59	764	741	766	753
2021-08-10T16:56:29	765	742	769	755
2021-08-10T16:56:59	767	744	769	755
2021-08-10T16:57:29	767	744	770	756
2021-08-10T16:57:59	768	746	770	757
2021-08-10T16:58:29	769	747	771	758
2021-08-10T16:58:59	771	749	774	760
2021-08-10T16:59:29	772	748	774	761
2021-08-10T16:59:59	774	750	776	762
2021-08-10T17:00:29	773	751	775	763
2021-08-10T17:00:59	776	752	778	764
2021-08-10T17:01:29	776	752	778	765
2021-08-10T17:01:59	777	754	779	767
2021-08-10T17:02:29	778	755	780	766
2021-08-10T17:02:59	779	757	781	768
2021-08-10T17:03:29	780	757	782	768
2021-08-10T17:03:59	781	757	781	770
2021-08-10T17:04:29	781	759	785	771
2021-08-10T17:04:59	782	759	784	770
2021-08-10T17:05:29	784	762	786	772
2021-08-10T17:05:59	783	761	786	772
2021-08-10T17:06:29	785	764	788	774
2021-08-10T17:06:59	787	762	787	774
2021-08-10T17:07:29	786	765	790	775
2021-08-10T17:07:59	789	766	790	777
2021-08-10T17:08:29	789	767	792	778
2021-08-10T17:08:59	790	768	792	779
2021-08-10T17:09:29	791	768	794	780
2021-08-10T17:09:59	792	770	794	780
2021-08-10T17:10:29	793	770	794	781
2021-08-10T17:10:59	794	772	797	783
2021-08-10T17:11:29	796	773	798	784
2021-08-10T17:11:59	797	775	800	784
2021-08-10T17:12:29	797	773	797	785
2021-08-10T17:12:59	797	775	800	786
2021-08-10T17:13:29	798	776	801	788
2021-08-10T17:13:59	800	777	803	788
2021-08-10T17:14:29	802	777	802	790
2021-08-10T17:14:59	802	780	804	790
2021-08-10T17:15:29	803	781	806	792
2021-08-10T17:15:59	804	780	806	792
2021-08-10T17:16:29	804	781	807	794
2021-08-10T17:16:59	805	781	807	795
2021-08-10T17:17:29	806	784	807	795
2021-08-10T17:17:59	807	786	810	796
2021-08-10T17:18:29	809	784	810	797
2021-08-10T17:18:59	809	786	811	798
2021-08-10T17:19:29	810	787	812	799
2021-08-10T17:20:00	812	789	814	800
2021-08-10T17:20:30	811	789	813	801
2021-08-10T17:21:00	813	790	816	802
2021-08-10T17:21:30	814	790	816	804
2021-08-10T17:22:00	815	791	817	804
2021-08-10T17:22:30	816	792	818	806
2021-08-10T17:23:00	818	792	820	808
2021-08-10T17:23:30	818	795	822	809
2021-08-10T17:24:00	818	795	821	808
2021-08-10T17:24:30	820	796	821	809
2021-08-10T17:25:00	821	797	823	813
2021-08-10T17:25:30	823	798	825	811
2021-08-10T17:26:00	823	799	827	814
2021-08-10T17:26:30	825	800	826	814
2021-08-10T17:27:00	825	800	828	816
2021-08-10T17:27:30	825	802	829	817
2021-08-10T17:28:00	827	803	830	817
2021-08-10T17:28:30	829	803	831	818
2021-08-10T17:29:00	830	803	831	819
2021-08-10T17:29:30	831	806	833	820
2021-08-10T17:30:00	832	805	833	820
2021-08-10T17:30:30	832	808	835	821
2021-08-10T17:31:00	833	808	836	823
2021-08-10T17:31:30	834	808	837	824
2021-08-10T17:32:00	836	810	838	826
2021-08-10T17:32:30	837	811	840	827
2021-08-10T17:33:00	837	810	839	828
2021-08-10T17:33:30	839	813	840	829
2021-08-10T17:34:00	840	813	841	830
2021-08-10T17:34:30	841	814	842	830
2021-08-10T17:35:00	840	816	843	830
2021-08-10T17:35:30	842	816	844	832
2021-08-10T17:36:00	844	817	845	835
2021-08-10T17:36:30	845	818	847	835
2021-08-10T17:37:00	845	819	846	837
2021-08-10T17:37:30	847	819	848	838
2021-08-10T17:38:00	848	821	850	839
2021-08-10T17:38:30	847	820	850	840
2021-08-10T17:39:00	849	821	851	840
2021-08-10T17:39:30	850	823	853	840
2021-08-10T17:40:00	851	824	854	842
2021-08-10T17:40:30	852	825	855	844
2021-08-10T17:41:00	852	825	855	845
2021-08-10T17:41:30	854	827	857	845
2021-08-10T17:42:00	855	827	858	847
2021-08-10T17:42:30	856	827	858	848
2021-08-10T17:43:00	858	830	860	849
2021-08-10T17:43:30	858	831	859	850
2021-08-10T17:44:00	860	831	862	851
2021-08-10T17:44:30	859	831	861	852
2021-08-10T17:45:00	861	833	864	854
2021-08-10T17:45:30	862	833	863	856
2021-08-10T17:46:00	863	835	866	855
2021-08-10T17:46:30	864	837	866	856
2021-08-10T17:47:00	865	837	868	857
2021-08-10T17:47:30	865	838	867	858
2021-08-10T17:48:00	866	838	869	860
2021-08-10T17:48:30	867	840	871	860
2021-08-10T17:49:00	868	841	871	862
2021-08-10T17:49:30	869	843	872	863
2021-08-10T17:50:00	871	843	872	864
2021-08-10T17:50:30	871	845	873	865
2021-08-10T17:51:00	871	846	875	865
2021-08-10T17:51:30	873	846	876	867
2021-08-10T17:52:00	873	848	877	868
2021-08-10T17:52:30	875	847	877	869
2021-08-10T17:53:00	878	850	879	870
2021-08-10T17:53:30	875	851	880	871
2021-08-10T17:54:00	878	850	880	873
2021-08-10T17:54:30	880	853	882	872
2021-08-10T17:55:00	880	855	883	874
2021-08-10T17:55:30	881	854	883	875
2021-08-10T17:56:00	882	857	885	876
2021-08-10T17:56:30	884	856	885	877
2021-08-10T17:57:00	884	858	887	878
2021-08-10T17:57:30	886	859	886	878
2021-08-10T17:58:00	886	860	888	880
2021-08-10T17:58:30	887	862	891	881
2021-08-10T17:59:00	887	862	891	883
2021-08-10T17:59:30	889	864	892	884
2021-08-10T18:00:00	890	864	892	883
2021-08-10T18:00:30	891	866	895	885
2021-08-10T18:01:00	893	867	895	887
2021-08-10T18:01:30	893	868	895	888
2021-08-10T18:02:00	894	869	897	889
2021-08-10T18:02:30	894	869	898	890
2021-08-10T18:03:00	897	870	898	891
2021-08-10T18:03:30	897	871	900	892
2021-08-10T18:04:00	899	872	900	893
2021-08-10T18:04:30	900	874	902	894
2021-08-10T18:05:00	900	873	902	895
2021-08-10T18:05:30	899	875	902	895
2021-08-10T18:06:00	900	875	903	896
2021-08-10T18:06:30	899	875	903	896
2021-08-10T18:07:00	899	875	902	896
2021-08-10T18:07:30	900	875	901	895
2021-08-10T18:08:00	900	876	902	895
2021-08-10T18:08:30	899	876	900	896
2021-08-10T18:09:00	900	876	903	897
2021-08-10T18:09:30	899	876	901	899
2021-08-10T18:10:00	900	876	901	898
2021-08-10T18:10:30	900	876	902	897
2021-08-10T18:11:00	899	877	902	897
2021-08-10T18:11:30	901	877	903	897
2021-08-10T18:12:00	900	878	902	897
2021-08-10T18:12:30	899	878	901	897
2021-08-10T18:13:00	899	879	902	896
2021-08-10T18:13:30	901	879	903	897
2021-08-10T18:14:00	900	879	903	897
2021-08-10T18:14:30	899	880	902	896
2021-08-10T18:15:00	900	880	903	896
2021-08-10T18:15:30	900	881	903	897
2021-08-10T18:16:00	899	880	901	897
2021-08-10T18:16:30	899	880	902	897
2021-08-10T18:17:00	899	881	902	896
2021-08-10T18:17:30	899	881	902	896
2021-08-10T18:18:00	900	881	901	896
2021-08-10T18:18:30	901	882	902	897
2021-08-10T18:19:00	901	882	902	897
2021-08-10T18:19:30	901	882	901	897
2021-08-10T18:20:00	901	884	903	898
2021-08-10T18:20:30	901	884	902	898
2021-08-10T18:21:00	901	884	903	898
2021-08-10T18:21:30	902	884	903	899
2021-08-10T18:22:00	903	884	902	899
2021-08-10T18:22:30	902	884	902	900
2021-08-10T18:23:00	903	884	902	900
2021-08-10T18:23:30	903	885	902	899
2021-08-10T18:24:00	903	884	903	899
2021-08-10T18:24:30	905	885	903	899
2021-08-10T18:25:00	904	885	903	901
2021-08-10T18:25:30	904	885	902	900
2021-08-10T18:26:00	904	885	903	901
2021-08-10T18:26:30	906	885	903	901
2021-08-10T18:27:00	906	886	903	901
2021-08-10T18:27:30	905	885	903	901
2021-08-10T18:28:00	905	886	903	901
2021-08-10T18:28:30	904	886	903	901
2021-08-10T18:29:00	901	886	902	901
2021-08-10T18:29:30	900	885	903	901
2021-08-10T18:30:00	902	888	903	901
2021-08-10T18:30:30	904	888	903	902
2021-08-10T18:31:00	904	888	902	902
2021-08-10T18:31:30	905	888	903	902
2021-08-10T18:32:00	906	889	903	902
2021-08-10T18:32:30	907	887	901	903
2021-08-10T18:33:00	907	888	902	902
2021-08-10T18:33:30	907	888	902	903
2021-08-10T18:34:00	908	889	903	902
2021-08-10T18:34:30	908	889	903	902
2021-08-10T18:35:00	908	888	903	904
2021-08-10T18:35:30	909	889	902	904
2021-08-10T18:36:00	909	890	903	904
2021-08-10T18:36:30	909	889	904	903
2021-08-10T18:37:00	909	888	902	903
2021-08-10T18:37:30	910	889	903	904
2021-08-10T18:38:00	910	889	902	905
2021-08-10T18:38:30	910	889	901	904
2021-08-10T18:39:00	910	889	903	903
2021-08-10T18:39:30	910	889	903	904
2021-08-10T18:40:00	910	889	903	904
2021-08-10T18:40:30	911	889	902	904
2021-08-10T18:41:00	911	890	903	905
2021-08-10T18:41:30	910	888	902	904
2021-08-10T18:42:00	912	890	903	905
2021-08-10T18:42:30	911	889	902	905
2021-08-10T18:43:00	911	890	903	905
2021-08-10T18:43:30	911	890	902	905
2021-08-10T18:44:00	912	890	903	906
2021-08-10T18:44:30	912	889	902	906
2021-08-10T18:45:00	912	891	903	906
2021-08-10T18:45:30	912	890	902	906
2021-08-10T18:46:00	913	891	903	906
2021-08-10T18:46:30	913	890	902	906
2021-08-10T18:47:00	913	890	902	906
2021-08-10T18:47:30	914	891	903	906
2021-08-10T18:48:00	913	890	902	905
2021-08-10T18:48:30	914	890	902	906
2021-08-10T18:49:00	914	891	903	906
2021-08-10T18:49:30	914	891	903	907
2021-08-10T18:50:00	915	891	902	907
2021-08-10T18:50:30	915	891	903	907
2021-08-10T18:51:00	915	892	903	908
2021-08-10T18:51:30	914	891	902	907
2021-08-10T18:52:00	916	891	902	907
2021-08-10T18:52:30	915	891	902	908
2021-08-10T18:53:00	915	891	902	907
2021-08-10T18:53:30	915	891	902	907
2021-08-10T18:54:00	915	891	902	908
2021-08-10T18:54:30	916	891	902	908
2021-08-10T18:55:00	917	893	903	907
2021-08-10T18:55:30	916	894	903	908
2021-08-10T18:56:00	917	894	903	908
2021-08-10T18:56:30	916	893	903	908
2021-08-10T18:57:00	917	893	903	909
2021-08-10T18:57:30	916	893	903	909
2021-08-10T18:58:00	918	894	903	909
2021-08-10T18:58:30	917	894	903	908
2021-08-10T18:59:00	915	894	902	908
2021-08-10T18:59:30	909	895	903	907
2021-08-10T19:00:00	906	894	902	907
2021-08-10T19:00:30	904	896	903	906
2021-08-10T19:01:00	903	895	902	905
2021-08-10T19:01:30	902	896	903	904
2021-08-10T19:02:00	901	895	902	904
2021-08-10T19:02:30	900	895	903	904
2021-08-10T19:03:00	900	896	903	904
2021-08-10T19:03:30	899	896	903	904
2021-08-10T19:04:00	899	898	903	904
2021-08-10T19:04:30	899	897	903	903
2021-08-10T19:05:00	902	896	903	904
2021-08-10T19:05:30	900	896	902	903
2021-08-10T19:06:00	899	898	903	904
2021-08-10T19:06:30	901	897	902	903
2021-08-10T19:07:00	900	896	903	904
2021-08-10T19:07:30	899	896	901	904
2021-08-10T19:08:00	901	897	902	903
2021-08-10T19:08:30	900	897	902	905
2021-08-10T19:09:00	899	897	902	904
2021-08-10T19:09:30	901	897	902	903
2021-08-10T19:10:00	899	897	902	904
2021-08-10T19:10:30	899	898	903	904
2021-08-10T19:11:00	901	897	903	905
2021-08-10T19:11:30	899	897	903	905
2021-08-10T19:12:00	899	898	903	904
2021-08-10T19:12:30	901	898	903	905
2021-08-10T19:13:00	899	898	903	905
2021-08-10T19:13:30	899	897	903	903
2021-08-10T19:14:00	905	898	903	904
2021-08-10T19:14:30	908	897	904	906
2021-08-10T19:15:00	911	898	904	905
2021-08-10T19:15:30	912	898	904	906
2021-08-10T19:16:00	912	898	904	907
2021-08-10T19:16:30	914	898	904	907
2021-08-10T19:17:00	914	898	904	907
2021-08-10T19:17:30	915	898	904	908
2021-08-10T19:18:00	916	898	905	909
2021-08-10T19:18:30	916	898	905	908
2021-08-10T19:19:00	917	899	905	909
2021-08-10T19:19:30	918	899	905	909
2021-08-10T19:20:00	918	899	905	910
2021-08-10T19:20:30	918	899	906	910
2021-08-10T19:21:00	919	899	906	911
2021-08-10T19:21:30	919	900	906	911
2021-08-10T19:22:00	919	899	906	910
2021-08-10T19:22:30	920	898	906	911
2021-08-10T19:23:00	919	899	906	911
2021-08-10T19:23:30	919	899	906	911
2021-08-10T19:24:00	920	898	906	912
2021-08-10T19:24:30	920	898	906	912
2021-08-10T19:25:00	920	899	906	911
2021-08-10T19:25:30	920	899	906	912
2021-08-10T19:26:00	921	899	906	911
2021-08-10T19:26:30	921	899	906	911
2021-08-10T19:27:00	921	899	906	911
2021-08-10T19:27:30	921	899	906	913
2021-08-10T19:28:00	922	898	906	912
2021-08-10T19:28:30	922	899	906	912
2021-08-10T19:29:00	922	899	906	912
2021-08-10T19:29:30	922	899	906	913
2021-08-10T19:30:00	921	899	906	913
2021-08-10T19:30:30	922	899	906	913
2021-08-10T19:31:00	923	899	907	913
2021-08-10T19:31:30	923	899	906	913
2021-08-10T19:32:00	922	899	907	913
2021-08-10T19:32:30	923	899	907	913
2021-08-10T19:33:00	916	899	906	912
2021-08-10T19:33:30	913	898	905	912
2021-08-10T19:34:00	910	898	904	909
2021-08-10T19:34:30	908	898	904	908
2021-08-10T19:35:00	906	898	903	907
2021-08-10T19:35:30	828	850	875	903
2021-08-10T19:36:00	754	756	806	875
2021-08-10T19:36:30	624	659	710	845
2021-08-10T19:37:00	530	538	650	772
2021-08-10T19:37:30	485	494	591	701
2021-08-10T19:38:00	454	464	554	648
2021-08-10T19:38:30	428	428	527	607
2021-08-10T19:39:00	401	405	507	584
2021-08-10T19:39:30	384	388	490	556
