time	T1	T2	T3	T4
2021-08-09T11:47:21	27	29	29	27
2021-08-09T11:47:51	28	29	29	27
2021-08-09T11:48:21	29	30	30	27
2021-08-09T11:48:51	31	31	32	28
2021-08-09T11:49:21	32	32	33	28
2021-08-09T11:49:51	34	32	35	29
2021-08-09T11:50:21	35	34	37	30
2021-08-09T11:50:51	37	35	38	31
2021-08-09T11:51:21	38	35	40	33
2021-08-09T11:51:51	39	36	41	34
2021-08-09T11:52:21	40	37	42	36
2021-08-09T11:52:51	41	38	43	36
2021-08-09T11:53:21	42	39	44	37
2021-08-09T11:53:51	43	40	45	39
2021-08-09T11:54:21	45	41	46	41
2021-08-09T11:54:51	46	42	48	42
2021-08-09T11:55:21	47	43	49	43
2021-08-09T11:55:51	48	44	50	44
2021-08-09T11:56:21	48	45	51	45
2021-08-09T11:56:51	49	46	52	46
2021-08-09T11:57:21	50	46	54	47
2021-08-09T11:57:51	51	48	54	49
2021-08-09T11:58:21	53	50	56	50
2021-08-09T11:58:51	54	51	58	51
2021-08-09T11:59:21	54	52	59	52
2021-08-09T11:59:51	55	53	59	53
2021-08-09T12:00:21	56	53	60	54
2021-08-09T12:00:51	57	54	61	55
2021-08-09T12:01:21	57	54	62	56
2021-08-09T12:01:51	58	56	64	57
2021-08-09T12:02:21	59	57	66	58
2021-08-09T12:02:51	60	58	66	59
2021-08-09T12:03:21	61	59	67	60
2021-08-09T12:03:51	62	60	67	61
2021-08-09T12:04:21	63	61	68	62
2021-08-09T12:04:51	64	61	69	63
2021-08-09T12:05:21	65	64	71	64
2021-08-09T12:05:51	66	64	71	65
2021-08-09T12:06:21	67	65	72	66
2021-08-09T12:06:51	67	66	73	67
2021-08-09T12:07:21	68	66	74	68
2021-08-09T12:07:51	69	67	74	68
2021-08-09T12:08:21	69	69	76	70
2021-08-09T12:08:51	70	70	77	70
2021-08-09T12:09:21	72	70	78	71
2021-08-09T12:09:51	72	71	78	72
2021-08-09T12:10:21	73	73	80	74
2021-08-09T12:10:51	75	74	81	75
2021-08-09T12:11:21	75	75	81	75
2021-08-09T12:11:51	76	75	82	75
2021-08-09T12:12:21	77	76	83	77
2021-08-09T12:12:51	77	78	84	78
2021-08-09T12:13:21	78	79	85	78
2021-08-09T12:13:51	79	80	86	79
2021-08-09T12:14:21	80	81	87	80
2021-08-09T12:14:51	85	81	87	81
2021-08-09T12:15:21	90	83	91	82
2021-08-09T12:15:51	97	85	93	84
2021-08-09T12:16:21	104	86	94	85
2021-08-09T12:16:51	110	86	94	86
2021-08-09T12:17:21	115	86	95	88
2021-08-09T12:17:51	122	87	97	90
2021-08-09T12:18:21	128	89	98	90
2021-08-09T12:18:51	132	89	98	93
2021-08-09T12:19:21	136	90	99	94
2021-08-09T12:19:51	140	91	101	95
2021-08-09T12:20:21	145	92	101	96
2021-08-09T12:20:51	148	93	105	99
2021-08-09T12:21:21	154	95	104	100
2021-08-09T12:21:51	156	95	106	102
2021-08-09T12:22:21	160	96	107	103
2021-08-09T12:22:51	164	97	107	105
2021-08-09T12:23:21	167	98	108	106
2021-08-09T12:23:51	167	100	110	108
2021-08-09T12:24:21	163	100	109	110
2021-08-09T12:24:51	158	99	108	109
2021-08-09T12:25:21	156	99	107	110
2021-08-09T12:25:51	151	101	107	110
2021-08-09T12:26:21	149	102	107	109
2021-08-09T12:26:51	146	102	107	109
2021-08-09T12:27:21	143	103	107	109
2021-08-09T12:27:51	141	105	108	109
2021-08-09T12:28:21	139	109	111	108
2021-08-09T12:28:51	139	111	112	109
2021-08-09T12:29:21	137	112	112	109
2021-08-09T12:29:51	133	111	110	109
2021-08-09T12:30:21	132	116	114	109
2021-08-09T12:30:51	131	117	116	109
2021-08-09T12:31:21	130	117	115	109
2021-08-09T12:31:51	128	117	115	109
2021-08-09T12:32:21	127	120	117	109
2021-08-09T12:32:51	126	120	117	109
2021-08-09T12:33:21	125	123	120	109
2021-08-09T12:33:51	123	124	118	109
2021-08-09T12:34:21	124	126	122	109
2021-08-09T12:34:51	124	129	124	109
2021-08-09T12:35:21	124	129	124	109
2021-08-09T12:35:51	124	127	124	110
2021-08-09T12:36:21	124	125	124	110
2021-08-09T12:36:51	125	129	128	111
2021-08-09T12:37:21	124	130	128	112
2021-08-09T12:37:51	128	129	129	112
2021-08-09T12:38:21	128	128	128	113
2021-08-09T12:38:51	129	128	130	114
2021-08-09T12:39:21	130	132	132	116
2021-08-09T12:39:51	130	132	132	115
2021-08-09T12:40:21	130	132	132	117
2021-08-09T12:40:51	135	132	135	119
2021-08-09T12:41:21	137	134	136	119
2021-08-09T12:41:51	138	134	136	121
2021-08-09T12:42:21	138	134	136	122
2021-08-09T12:42:51	138	137	139	124
2021-08-09T12:43:21	138	138	139	124
2021-08-09T12:43:51	138	138	139	125
2021-08-09T12:44:21	138	142	143	126
2021-08-09T12:44:51	143	142	143	127
2021-08-09T12:45:21	143	142	143	128
2021-08-09T12:45:51	143	141	143	129
2021-08-09T12:46:21	144	142	144	130
2021-08-09T12:46:51	145	146	148	131
2021-08-09T12:47:21	145	148	150	133
2021-08-09T12:47:51	145	147	149	133
2021-08-09T12:48:21	149	146	149	134
2021-08-09T12:48:51	150	146	151	135
2021-08-09T12:49:21	150	147	150	136
2021-08-09T12:49:51	151	151	154	137
2021-08-09T12:50:21	151	152	155	138
2021-08-09T12:50:51	150	152	154	140
2021-08-09T12:51:21	156	151	155	141
2021-08-09T12:51:51	159	152	154	141
2021-08-09T12:52:21	158	154	157	144
2021-08-09T12:52:51	159	156	158	144
2021-08-09T12:53:21	159	157	159	145
2021-08-09T12:53:51	159	157	159	146
2021-08-09T12:54:21	160	159	162	148
2021-08-09T12:54:51	159	160	161	149
2021-08-09T12:55:21	163	160	162	149
2021-08-09T12:55:51	164	161	163	151
2021-08-09T12:56:21	166	161	163	152
2021-08-09T12:56:51	166	163	166	152
2021-08-09T12:57:21	167	165	167	154
2021-08-09T12:57:51	166	166	168	154
2021-08-09T12:58:21	166	165	167	156
2021-08-09T12:58:51	169	170	171	156
2021-08-09T12:59:21	172	171	174	157
2021-08-09T12:59:51	172	171	173	159
2021-08-09T13:00:21	171	170	173	159
2021-08-09T13:00:51	174	169	171	161
2021-08-09T13:01:21	177	173	176	162
2021-08-09T13:01:51	178	174	177	162
2021-08-09T13:02:21	178	174	177	163
2021-08-09T13:02:51	178	174	176	164
2021-08-09T13:03:21	178	177	179	166
2021-08-09T13:03:51	178	179	181	166
2021-08-09T13:04:21	177	178	181	167
2021-08-09T13:04:51	181	178	181	169
2021-08-09T13:05:21	182	179	182	168
2021-08-09T13:05:51	182	179	182	169
2021-08-09T13:06:21	183	182	186	170
2021-08-09T13:06:51	184	184	187	171
2021-08-09T13:07:21	184	184	187	172
2021-08-09T13:07:51	188	184	188	174
2021-08-09T13:08:21	189	185	188	175
2021-08-09T13:08:51	189	187	190	176
2021-08-09T13:09:21	190	189	192	177
2021-08-09T13:09:51	188	189	192	178
2021-08-09T13:10:21	193	190	192	179
2021-08-09T13:10:51	193	189	193	179
2021-08-09T13:11:21	194	191	195	180
2021-08-09T13:11:51	194	194	196	180
2021-08-09T13:12:21	193	194	197	182
2021-08-09T13:12:51	197	193	197	182
2021-08-09T13:13:21	197	194	197	184
2021-08-09T13:13:51	198	196	199	185
2021-08-09T13:14:21	199	199	200	186
2021-08-09T13:14:51	198	199	201	187
2021-08-09T13:15:21	203	199	201	188
2021-08-09T13:15:51	203	200	203	188
2021-08-09T13:16:21	204	200	203	190
2021-08-09T13:16:51	204	202	204	191
2021-08-09T13:17:21	204	206	207	191
2021-08-09T13:17:51	204	206	208	192
2021-08-09T13:18:21	208	206	208	192
2021-08-09T13:18:51	214	206	209	194
2021-08-09T13:19:21	219	206	210	195
2021-08-09T13:19:51	225	206	211	197
2021-08-09T13:20:21	228	210	214	199
2021-08-09T13:20:51	234	210	212	199
2021-08-09T13:21:21	238	210	213	201
2021-08-09T13:21:51	242	211	214	202
2021-08-09T13:22:21	247	215	219	203
2021-08-09T13:22:51	250	216	219	205
2021-08-09T13:23:21	252	215	219	207
2021-08-09T13:23:51	253	215	218	208
2021-08-09T13:24:21	256	215	219	209
2021-08-09T13:24:51	260	220	222	210
2021-08-09T13:25:21	262	220	223	212
2021-08-09T13:25:51	265	219	222	213
2021-08-09T13:26:21	265	219	222	214
2021-08-09T13:26:51	268	222	225	215
2021-08-09T13:27:21	273	224	228	216
2021-08-09T13:27:51	276	224	229	217
2021-08-09T13:28:21	276	224	229	219
2021-08-09T13:28:51	276	224	228	220
2021-08-09T13:29:21	277	227	230	221
2021-08-09T13:29:51	272	227	230	222
2021-08-09T13:30:21	268	228	231	223
2021-08-09T13:30:51	265	233	234	224
2021-08-09T13:31:21	261	232	232	223
2021-08-09T13:31:51	257	236	235	222
2021-08-09T13:32:21	254	235	235	222
2021-08-09T13:32:51	249	238	236	222
2021-08-09T13:33:21	246	240	238	222
2021-08-09T13:33:51	244	238	236	222
2021-08-09T13:34:21	243	243	240	221
2021-08-09T13:34:51	241	242	238	220
2021-08-09T13:35:21	240	244	242	220
2021-08-09T13:35:51	240	245	241	220
2021-08-09T13:36:21	245	245	245	220
2021-08-09T13:36:51	245	246	245	221
2021-08-09T13:37:21	243	245	246	221
2021-08-09T13:37:51	244	246	247	222
2021-08-09T13:38:21	247	247	248	223
2021-08-09T13:38:51	247	246	248	224
2021-08-09T13:39:21	247	249	251	225
2021-08-09T13:39:51	252	248	252	226
2021-08-09T13:40:21	251	247	251	227
2021-08-09T13:40:51	250	249	253	228
2021-08-09T13:41:21	250	252	254	230
2021-08-09T13:41:51	254	251	253	231
2021-08-09T13:42:21	255	252	255	231
2021-08-09T13:42:51	255	254	256	232
2021-08-09T13:43:21	255	255	257	233
2021-08-09T13:43:51	259	255	257	234
2021-08-09T13:44:21	259	257	259	236
2021-08-09T13:44:51	258	259	260	237
2021-08-09T13:45:21	261	259	260	238
2021-08-09T13:45:51	260	261	262	239
2021-08-09T13:46:21	262	262	264	240
2021-08-09T13:46:51	264	262	266	241
2021-08-09T13:47:21	263	261	264	242
2021-08-09T13:47:51	264	264	266	244
2021-08-09T13:48:21	269	265	268	245
2021-08-09T13:48:51	268	266	265	246
2021-08-09T13:49:21	268	267	270	247
2021-08-09T13:49:51	269	267	269	248
2021-08-09T13:50:21	271	270	272	248
2021-08-09T13:50:51	270	273	274	250
2021-08-09T13:51:21	269	271	272	251
2021-08-09T13:51:51	274	268	273	251
2021-08-09T13:52:21	281	270	275	253
2021-08-09T13:52:51	283	271	276	255
2021-08-09T13:53:21	286	274	278	257
2021-08-09T13:53:51	291	273	277	258
2021-08-09T13:54:21	296	275	279	258
2021-08-09T13:54:51	299	276	280	260
2021-08-09T13:55:21	301	275	280	261
2021-08-09T13:55:51	305	280	284	262
2021-08-09T13:56:21	306	280	285	265
2021-08-09T13:56:51	309	279	283	266
2021-08-09T13:57:21	312	281	285	266
2021-08-09T13:57:51	313	281	285	268
2021-08-09T13:58:21	315	283	286	269
2021-08-09T13:58:51	317	286	290	271
2021-08-09T13:59:21	319	285	289	272
2021-08-09T13:59:51	322	285	290	272
2021-08-09T14:00:21	322	286	290	274
2021-08-09T14:00:51	325	288	292	275
2021-08-09T14:01:21	325	287	292	277
2021-08-09T14:01:51	326	288	293	277
2021-08-09T14:02:21	328	291	295	279
2021-08-09T14:02:51	330	292	294	279
2021-08-09T14:03:21	333	295	299	280
2021-08-09T14:03:51	332	294	299	281
2021-08-09T14:04:21	332	293	298	282
2021-08-09T14:04:51	336	296	300	283
2021-08-09T14:05:21	334	298	302	285
2021-08-09T14:05:51	336	297	301	286
2021-08-09T14:06:21	337	299	303	287
2021-08-09T14:06:51	337	298	302	288
2021-08-09T14:07:21	340	302	307	289
2021-08-09T14:07:51	340	301	305	290
2021-08-09T14:08:21	341	300	304	290
2021-08-09T14:08:51	340	304	309	292
2021-08-09T14:09:21	342	304	308	293
2021-08-09T14:09:51	344	304	309	293
2021-08-09T14:10:21	346	306	311	294
2021-08-09T14:10:51	346	305	310	295
2021-08-09T14:11:21	347	310	314	296
2021-08-09T14:11:51	348	309	314	297
2021-08-09T14:12:21	346	308	312	299
2021-08-09T14:12:51	350	312	317	298
2021-08-09T14:13:21	350	312	316	299
2021-08-09T14:13:51	352	313	318	301
2021-08-09T14:14:21	351	312	317	303
2021-08-09T14:14:51	352	314	320	303
2021-08-09T14:15:21	352	313	318	303
2021-08-09T14:15:51	354	317	324	304
2021-08-09T14:16:21	354	317	321	305
2021-08-09T14:16:51	358	318	323	305
2021-08-09T14:17:21	356	319	325	307
2021-08-09T14:17:51	357	319	324	308
2021-08-09T14:18:21	359	322	326	308
2021-08-09T14:18:51	359	322	326	309
2021-08-09T14:19:21	363	324	329	310
2021-08-09T14:19:51	361	324	328	312
2021-08-09T14:20:21	364	325	331	313
2021-08-09T14:20:51	364	325	331	314
2021-08-09T14:21:21	364	327	333	314
2021-08-09T14:21:51	365	327	333	315
2021-08-09T14:22:21	365	329	336	317
2021-08-09T14:22:51	367	329	335	318
2021-08-09T14:23:21	368	331	337	318
2021-08-09T14:23:51	367	331	336	319
2021-08-09T14:24:21	369	332	340	319
2021-08-09T14:24:51	369	333	339	321
2021-08-09T14:25:21	370	336	339	321
2021-08-09T14:25:51	371	336	342	323
2021-08-09T14:26:21	372	336	341	324
2021-08-09T14:26:51	371	337	344	325
2021-08-09T14:27:21	373	337	344	325
2021-08-09T14:27:51	371	339	344	326
2021-08-09T14:28:21	365	340	345	326
2021-08-09T14:28:51	359	341	346	326
2021-08-09T14:29:21	357	344	347	326
2021-08-09T14:29:51	353	346	350	326
2021-08-09T14:30:21	349	346	348	325
2021-08-09T14:30:51	348	350	353	325
2021-08-09T14:31:21	353	348	351	325
2021-08-09T14:31:51	357	348	351	325
2021-08-09T14:32:21	362	350	355	326
2021-08-09T14:32:51	363	349	352	327
2021-08-09T14:33:21	366	351	355	329
2021-08-09T14:33:51	368	352	357	329
2021-08-09T14:34:21	370	351	356	332
2021-08-09T14:34:51	373	352	359	332
2021-08-09T14:35:21	374	352	358	334
2021-08-09T14:35:51	376	355	360	334
2021-08-09T14:36:21	378	355	360	336
2021-08-09T14:36:51	379	358	364	337
2021-08-09T14:37:21	379	356	363	338
2021-08-09T14:37:51	380	358	365	339
2021-08-09T14:38:21	383	357	365	340
2021-08-09T14:38:51	384	359	366	341
2021-08-09T14:39:21	385	359	366	342
2021-08-09T14:39:51	387	363	369	344
2021-08-09T14:40:21	386	360	368	345
2021-08-09T14:40:51	386	364	370	345
2021-08-09T14:41:21	388	365	373	347
2021-08-09T14:41:51	389	365	372	347
2021-08-09T14:42:21	390	366	373	348
2021-08-09T14:42:51	392	365	374	349
2021-08-09T14:43:21	392	367	375	350
2021-08-09T14:43:51	394	368	377	351
2021-08-09T14:44:21	393	369	375	352
2021-08-09T14:44:51	396	371	379	353
2021-08-09T14:45:21	396	373	379	354
2021-08-09T14:45:51	396	373	378	355
2021-08-09T14:46:21	397	374	381	356
2021-08-09T14:46:51	398	376	384	358
2021-08-09T14:47:21	399	375	382	359
2021-08-09T14:47:51	401	377	384	359
2021-08-09T14:48:21	401	377	384	361
2021-08-09T14:48:51	401	378	385	361
2021-08-09T14:49:21	403	381	388	363
2021-08-09T14:49:51	403	381	388	364
2021-08-09T14:50:21	405	381	390	365
2021-08-09T14:50:51	406	381	389	366
2021-08-09T14:51:21	406	382	390	367
2021-08-09T14:51:51	407	382	392	367
2021-08-09T14:52:21	406	383	395	368
2021-08-09T14:52:51	409	384	393	370
2021-08-09T14:53:21	409	386	396	371
2021-08-09T14:53:51	411	387	397	371
2021-08-09T14:54:21	411	387	396	371
2021-08-09T14:54:51	412	389	400	373
2021-08-09T14:55:21	411	390	398	374
2021-08-09T14:55:51	413	390	400	375
2021-08-09T14:56:21	414	392	402	376
2021-08-09T14:56:51	415	390	400	376
2021-08-09T14:57:21	415	394	405	377
2021-08-09T14:57:51	415	392	401	378
2021-08-09T14:58:21	418	394	404	379
2021-08-09T14:58:51	418	397	406	380
2021-08-09T14:59:21	417	396	407	381
2021-08-09T14:59:51	420	398	408	382
2021-08-09T15:00:21	422	399	409	383
2021-08-09T15:00:51	421	399	407	384
2021-08-09T15:01:21	421	403	412	385
2021-08-09T15:01:51	423	401	412	386
2021-08-09T15:02:21	424	402	412	387
2021-08-09T15:02:51	424	406	413	387
2021-08-09T15:03:21	425	405	415	388
2021-08-09T15:03:51	426	405	415	389
2021-08-09T15:04:21	427	407	418	390
2021-08-09T15:04:51	425	407	416	391
2021-08-09T15:05:21	427	410	420	392
2021-08-09T15:05:51	428	408	418	393
2021-08-09T15:06:21	429	409	420	394
2021-08-09T15:06:51	429	410	421	395
2021-08-09T15:07:21	430	409	421	396
2021-08-09T15:07:51	432	412	424	397
2021-08-09T15:08:21	432	413	424	398
2021-08-09T15:08:51	432	412	425	398
2021-08-09T15:09:21	432	414	426	399
2021-08-09T15:09:51	433	416	427	400
2021-08-09T15:10:21	436	417	428	401
2021-08-09T15:10:51	436	417	429	403
2021-08-09T15:11:21	436	419	430	403
2021-08-09T15:11:51	437	420	429	404
2021-08-09T15:12:21	438	421	432	404
2021-08-09T15:12:51	437	421	433	405
2021-08-09T15:13:21	438	423	433	406
2021-08-09T15:13:51	440	424	435	407
2021-08-09T15:14:21	442	425	437	408
2021-08-09T15:14:51	442	426	438	410
2021-08-09T15:15:21	443	427	437	410
2021-08-09T15:15:51	443	426	439	411
2021-08-09T15:16:21	443	428	440	412
2021-08-09T15:16:51	445	430	442	413
2021-08-09T15:17:21	446	431	442	414
2021-08-09T15:17:51	446	432	444	415
2021-08-09T15:18:21	447	431	444	416
2021-08-09T15:18:51	446	431	444	416
2021-08-09T15:19:21	449	433	445	417
2021-08-09T15:19:51	448	435	447	418
2021-08-09T15:20:21	452	436	447	419
2021-08-09T15:20:51	450	437	449	420
2021-08-09T15:21:21	451	438	449	421
2021-08-09T15:21:51	453	438	451	423
2021-08-09T15:22:21	452	439	452	423
2021-08-09T15:22:51	453	442	454	424
2021-08-09T15:23:21	456	441	454	425
2021-08-09T15:23:51	455	440	454	426
2021-08-09T15:24:21	456	443	455	427
2021-08-09T15:24:51	458	444	456	428
2021-08-09T15:25:21	457	445	459	429
2021-08-09T15:25:51	459	443	459	430
2021-08-09T15:26:21	459	444	459	431
2021-08-09T15:26:51	460	447	461	432
2021-08-09T15:27:21	461	448	462	433
2021-08-09T15:27:51	461	448	460	433
2021-08-09T15:28:21	462	451	464	435
2021-08-09T15:28:51	463	451	465	436
2021-08-09T15:29:21	466	451	463	436
2021-08-09T15:29:51	467	452	467	438
2021-08-09T15:30:21	466	452	468	439
2021-08-09T15:30:51	468	452	468	439
2021-08-09T15:31:21	468	454	471	440
2021-08-09T15:31:51	470	455	471	441
2021-08-09T15:32:21	471	456	471	442
2021-08-09T15:32:51	470	457	472	443
2021-08-09T15:33:21	473	458	473	445
2021-08-09T15:33:51	475	461	476	446
2021-08-09T15:34:21	477	460	475	447
2021-08-09T15:34:51	476	462	478	448
2021-08-09T15:35:21	477	461	477	449
2021-08-09T15:35:51	477	463	479	450
2021-08-09T15:36:21	478	463	479	451
2021-08-09T15:36:51	481	466	481	451
2021-08-09T15:37:21	480	465	482	453
2021-08-09T15:37:51	482	467	481	454
2021-08-09T15:38:21	482	468	484	454
2021-08-09T15:38:51	485	469	484	455
2021-08-09T15:39:21	484	469	485	457
2021-08-09T15:39:51	486	471	488	458
2021-08-09T15:40:21	489	471	487	459
2021-08-09T15:40:51	489	471	487	459
2021-08-09T15:41:21	489	472	489	461
2021-08-09T15:41:51	488	474	491	461
2021-08-09T15:42:21	492	475	492	463
2021-08-09T15:42:51	494	474	493	464
2021-08-09T15:43:21	495	475	492	465
2021-08-09T15:43:51	494	477	494	467
2021-08-09T15:44:21	494	478	496	467
2021-08-09T15:44:51	495	480	496	469
2021-08-09T15:45:21	495	481	498	469
2021-08-09T15:45:51	498	481	498	471
2021-08-09T15:46:21	500	481	499	472
2021-08-09T15:46:51	501	483	500	473
2021-08-09T15:47:21	500	484	501	474
2021-08-09T15:47:51	499	485	503	474
2021-08-09T15:48:21	503	485	503	474
2021-08-09T15:48:51	504	487	505	477
2021-08-09T15:49:21	503	487	505	478
2021-08-09T15:49:51	506	487	505	479
2021-08-09T15:50:21	506	488	506	479
2021-08-09T15:50:51	506	491	509	481
2021-08-09T15:51:21	508	490	507	482
2021-08-09T15:51:51	509	491	509	483
2021-08-09T15:52:21	509	495	512	483
2021-08-09T15:52:51	510	494	511	484
2021-08-09T15:53:21	514	494	513	485
2021-08-09T15:53:51	513	496	515	486
2021-08-09T15:54:21	513	497	514	488
2021-08-09T15:54:51	516	497	515	490
2021-08-09T15:55:21	516	499	517	490
2021-08-09T15:55:51	517	499	519	491
2021-08-09T15:56:21	518	500	517	493
2021-08-09T15:56:51	518	502	519	492
2021-08-09T15:57:21	519	502	521	494
2021-08-09T15:57:51	521	501	522	494
2021-08-09T15:58:21	521	503	521	496
2021-08-09T15:58:51	523	505	524	497
2021-08-09T15:59:21	524	505	524	498
2021-08-09T15:59:51	524	507	527	500
2021-08-09T16:00:21	526	508	526	500
2021-08-09T16:00:51	525	506	526	502
2021-08-09T16:01:21	529	509	528	502
2021-08-09T16:01:51	529	511	529	504
2021-08-09T16:02:21	529	510	530	504
2021-08-09T16:02:51	530	513	532	505
2021-08-09T16:03:21	532	512	532	507
2021-08-09T16:03:51	531	512	533	508
2021-08-09T16:04:21	533	514	533	509
2021-08-09T16:04:51	533	515	534	510
2021-08-09T16:05:21	537	516	537	512
2021-08-09T16:05:51	537	517	540	513
2021-08-09T16:06:21	536	518	538	513
2021-08-09T16:06:51	539	519	539	514
2021-08-09T16:07:21	539	519	540	515
2021-08-09T16:07:51	541	521	542	517
2021-08-09T16:08:21	541	521	543	517
2021-08-09T16:08:51	544	522	543	518
2021-08-09T16:09:21	542	523	544	519
2021-08-09T16:09:51	546	526	547	521
2021-08-09T16:10:21	545	524	546	523
2021-08-09T16:10:51	545	525	548	523
2021-08-09T16:11:21	548	527	549	524
2021-08-09T16:11:51	548	530	551	525
2021-08-09T16:12:21	549	528	550	526
2021-08-09T16:12:51	550	530	550	527
2021-08-09T16:13:21	551	531	553	528
2021-08-09T16:13:51	553	532	556	529
2021-08-09T16:14:21	552	532	553	530
2021-08-09T16:14:51	552	533	554	531
2021-08-09T16:15:21	556	535	556	532
2021-08-09T16:15:51	557	535	557	533
2021-08-09T16:16:21	558	536	560	535
2021-08-09T16:16:51	558	535	558	536
2021-08-09T16:17:21	559	537	560	537
2021-08-09T16:17:51	558	539	562	537
2021-08-09T16:18:21	560	538	563	538
2021-08-09T16:18:51	563	541	564	538
2021-08-09T16:19:21	562	540	564	540
2021-08-09T16:19:51	565	542	565	541
2021-08-09T16:20:21	565	542	565	542
2021-08-09T16:20:51	566	546	568	543
2021-08-09T16:21:21	566	545	569	544
2021-08-09T16:21:51	568	547	570	545
2021-08-09T16:22:21	568	547	569	546
2021-08-09T16:22:51	570	547	572	546
2021-08-09T16:23:21	570	548	572	547
2021-08-09T16:23:51	570	549	574	550
2021-08-09T16:24:21	572	551	574	550
2021-08-09T16:24:51	574	552	576	552
2021-08-09T16:25:21	574	553	576	553
2021-08-09T16:25:51	577	554	577	554
2021-08-09T16:26:21	577	554	578	555
2021-08-09T16:26:51	576	556	580	556
2021-08-09T16:27:21	579	555	580	557
2021-08-09T16:27:51	579	558	581	557
2021-08-09T16:28:21	580	559	582	559
2021-08-09T16:28:51	580	560	583	561
2021-08-09T16:29:21	583	560	583	561
2021-08-09T16:29:51	583	560	584	562
2021-08-09T16:30:21	583	564	587	564
2021-08-09T16:30:51	587	562	586	564
2021-08-09T16:31:21	586	563	587	566
2021-08-09T16:31:51	586	565	588	567
2021-08-09T16:32:21	589	565	590	568
2021-08-09T16:32:51	588	566	588	570
2021-08-09T16:33:21	590	568	591	570
2021-08-09T16:33:51	592	568	592	571
2021-08-09T16:34:21	593	569	594	572
2021-08-09T16:34:51	592	571	595	574
2021-08-09T16:35:21	594	570	594	575
2021-08-09T16:35:51	594	572	595	575
2021-08-09T16:36:21	597	574	598	576
2021-08-09T16:36:51	597	575	599	577
2021-08-09T16:37:21	599	574	600	578
2021-08-09T16:37:51	599	575	600	580
2021-08-09T16:38:21	600	577	602	580
2021-08-09T16:38:51	599	579	603	582
2021-08-09T16:39:21	603	579	604	583
2021-08-09T16:39:51	601	579	603	584
2021-08-09T16:40:21	605	581	606	586
2021-08-09T16:40:51	603	582	607	586
2021-08-09T16:41:21	607	582	607	587
2021-08-09T16:41:51	606	585	608	589
2021-08-09T16:42:21	609	585	609	590
2021-08-09T16:42:51	608	586	610	591
2021-08-09T16:43:21	612	587	611	591
2021-08-09T16:43:51	610	588	613	593
2021-08-09T16:44:21	612	589	613	593
2021-08-09T16:44:51	612	590	615	594
2021-08-09T16:45:21	614	592	616	596
2021-08-09T16:45:51	615	591	616	598
2021-08-09T16:46:21	616	594	618	599
2021-08-09T16:46:51	617	594	619	599
2021-08-09T16:47:21	618	594	618	601
2021-08-09T16:47:51	618	596	620	602
2021-08-09T16:48:21	619	597	622	603
2021-08-09T16:48:51	620	598	623	604
2021-08-09T16:49:21	623	599	624	604
2021-08-09T16:49:51	622	600	624	605
2021-08-09T16:50:21	624	600	626	606
2021-08-09T16:50:51	624	600	627	607
2021-08-09T16:51:21	626	602	626	608
2021-08-09T16:51:51	626	603	627	609
2021-08-09T16:52:21	628	604	630	610
2021-08-09T16:52:51	628	605	630	611
2021-08-09T16:53:21	628	606	631	612
2021-08-09T16:53:51	631	608	633	613
2021-08-09T16:54:21	631	608	633	614
2021-08-09T16:54:51	634	607	634	617
2021-08-09T16:55:21	633	609	634	615
2021-08-09T16:55:51	634	611	636	616
2021-08-09T16:56:21	637	611	637	618
2021-08-09T16:56:51	638	612	639	619
2021-08-09T16:57:21	637	614	639	621
2021-08-09T16:57:51	638	616	641	622
2021-08-09T16:58:21	639	616	640	623
2021-08-09T16:58:51	641	618	642	625
2021-08-09T16:59:21	643	619	644	626
2021-08-09T16:59:51	642	620	644	626
2021-08-09T17:00:21	643	620	645	628
2021-08-09T17:00:51	645	621	646	628
2021-08-09T17:01:21	644	624	647	630
2021-08-09T17:01:51	647	623	649	631
2021-08-09T17:02:21	646	625	649	632
2021-08-09T17:02:51	647	626	649	634
2021-08-09T17:03:21	649	625	651	634
2021-08-09T17:03:51	650	627	651	635
2021-08-09T17:04:21	651	628	653	637
2021-08-09T17:04:51	653	631	655	637
2021-08-09T17:05:21	653	631	655	638
2021-08-09T17:05:51	654	630	655	639
2021-08-09T17:06:21	656	632	656	640
2021-08-09T17:06:51	657	633	658	641
2021-08-09T17:07:21	657	634	659	641
2021-08-09T17:07:51	658	635	660	644
2021-08-09T17:08:21	659	636	662	644
2021-08-09T17:08:51	660	636	663	645
2021-08-09T17:09:21	661	639	661	647
2021-08-09T17:09:51	663	639	664	647
2021-08-09T17:10:21	661	641	665	647
2021-08-09T17:10:51	665	641	665	649
2021-08-09T17:11:21	664	642	666	649
2021-08-09T17:11:51	666	645	668	651
2021-08-09T17:12:21	667	645	669	651
2021-08-09T17:12:51	668	644	669	652
2021-08-09T17:13:21	670	647	671	654
2021-08-09T17:13:51	671	648	671	655
2021-08-09T17:14:21	670	648	672	656
2021-08-09T17:14:51	672	649	673	657
2021-08-09T17:15:21	672	650	674	658
2021-08-09T17:15:51	675	653	677	660
2021-08-09T17:16:21	673	652	676	661
2021-08-09T17:16:51	676	653	677	662
2021-08-09T17:17:21	675	653	678	662
2021-08-09T17:17:51	678	654	679	664
2021-08-09T17:18:21	680	656	682	664
2021-08-09T17:18:51	680	657	680	666
2021-08-09T17:19:21	681	657	682	667
2021-08-09T17:19:51	682	657	683	668
2021-08-09T17:20:21	682	659	684	670
2021-08-09T17:20:51	685	659	683	669
2021-08-09T17:21:21	684	662	688	671
2021-08-09T17:21:51	686	661	686	671
2021-08-09T17:22:21	687	663	688	672
2021-08-09T17:22:51	688	663	690	672
2021-08-09T17:23:21	687	663	689	674
2021-08-09T17:23:51	689	664	691	675
2021-08-09T17:24:21	691	667	693	677
2021-08-09T17:24:51	691	669	693	678
2021-08-09T17:25:21	692	667	693	679
2021-08-09T17:25:51	693	668	694	680
2021-08-09T17:26:21	694	671	697	681
2021-08-09T17:26:51	696	672	697	681
2021-08-09T17:27:21	697	673	698	682
2021-08-09T17:27:51	696	673	698	684
2021-08-09T17:28:21	698	674	699	686
2021-08-09T17:28:51	700	676	702	686
2021-08-09T17:29:21	699	675	702	687
2021-08-09T17:29:51	701	678	703	689
2021-08-09T17:30:21	703	678	704	690
2021-08-09T17:30:51	703	680	705	691
2021-08-09T17:31:21	704	682	706	692
2021-08-09T17:31:51	706	682	707	693
2021-08-09T17:32:21	706	683	707	693
2021-08-09T17:32:51	708	683	709	695
2021-08-09T17:33:21	707	685	709	696
2021-08-09T17:33:51	708	684	712	696
2021-08-09T17:34:21	709	685	710	698
2021-08-09T17:34:51	710	689	713	700
2021-08-09T17:35:21	712	689	713	700
2021-08-09T17:35:51	713	690	715	701
2021-08-09T17:36:21	714	691	715	701
2021-08-09T17:36:51	715	691	717	702
2021-08-09T17:37:21	716	694	719	704
2021-08-09T17:37:51	717	693	718	704
2021-08-09T17:38:21	718	695	720	706
2021-08-09T17:38:51	719	695	720	707
2021-08-09T17:39:21	720	695	721	708
2021-08-09T17:39:51	720	697	724	708
2021-08-09T17:40:21	723	699	725	710
2021-08-09T17:40:51	722	699	726	710
2021-08-09T17:41:21	724	700	727	711
2021-08-09T17:41:51	725	700	727	713
2021-08-09T17:42:21	726	702	727	714
2021-08-09T17:42:51	727	704	730	714
2021-08-09T17:43:21	728	705	728	716
2021-08-09T17:43:51	728	706	730	718
2021-08-09T17:44:21	730	707	732	718
2021-08-09T17:44:51	732	708	733	719
2021-08-09T17:45:21	732	709	735	720
2021-08-09T17:45:51	734	710	736	721
2021-08-09T17:46:21	734	710	734	723
2021-08-09T17:46:51	734	712	736	724
2021-08-09T17:47:21	736	713	738	725
2021-08-09T17:47:51	738	714	740	725
2021-08-09T17:48:21	738	715	740	726
2021-08-09T17:48:51	739	714	740	728
2021-08-09T17:49:21	740	716	741	728
2021-08-09T17:49:51	741	716	741	729
2021-08-09T17:50:21	742	719	745	731
2021-08-09T17:50:51	742	719	746	732
2021-08-09T17:51:21	743	721	747	733
2021-08-09T17:51:51	745	721	747	733
2021-08-09T17:52:21	746	722	748	733
2021-08-09T17:52:51	746	722	748	735
2021-08-09T17:53:21	746	723	747	736
2021-08-09T17:53:51	749	726	751	736
2021-08-09T17:54:21	749	725	751	738
2021-08-09T17:54:51	749	727	751	738
2021-08-09T17:55:21	751	728	754	739
2021-08-09T17:55:51	753	729	755	741
2021-08-09T17:56:21	754	730	755	741
2021-08-09T17:56:51	755	731	757	742
2021-08-09T17:57:21	756	732	758	744
2021-08-09T17:57:51	756	732	757	745
2021-08-09T17:58:21	757	733	758	746
2021-08-09T17:58:51	758	735	760	746
2021-08-09T17:59:21	760	736	760	748
2021-08-09T17:59:51	760	737	763	749
2021-08-09T18:00:21	762	738	764	749
2021-08-09T18:00:51	762	739	764	751
2021-08-09T18:01:21	762	739	764	752
2021-08-09T18:01:51	764	742	768	754
2021-08-09T18:02:21	766	741	766	756
2021-08-09T18:02:51	765	742	768	756
2021-08-09T18:03:21	768	745	769	756
2021-08-09T18:03:51	768	744	768	757
2021-08-09T18:04:21	769	745	771	758
2021-08-09T18:04:51	769	745	770	760
2021-08-09T18:05:21	770	748	773	760
2021-08-09T18:05:51	771	748	773	761
2021-08-09T18:06:21	773	750	775	762
2021-08-09T18:06:51	773	751	775	763
2021-08-09T18:07:21	775	753	777	764
2021-08-09T18:07:51	776	753	778	765
2021-08-09T18:08:21	776	752	777	765
2021-08-09T18:08:51	778	756	780	766
2021-08-09T18:09:21	778	755	780	767
2021-08-09T18:09:51	779	757	782	768
2021-08-09T18:10:21	781	757	781	769
2021-08-09T18:10:51	782	758	783	770
2021-08-09T18:11:21	782	759	786	771
2021-08-09T18:11:51	783	761	786	772
2021-08-09T18:12:21	784	761	786	773
2021-08-09T18:12:51	785	763	787	773
2021-08-09T18:13:21	786	764	789	774
2021-08-09T18:13:51	788	765	790	776
2021-08-09T18:14:21	788	766	791	777
2021-08-09T18:14:51	789	765	792	777
2021-08-09T18:15:21	791	768	794	779
2021-08-09T18:15:51	792	768	794	781
2021-08-09T18:16:21	792	769	795	780
2021-08-09T18:16:51	794	771	796	782
2021-08-09T18:17:21	795	772	797	782
2021-08-09T18:17:51	796	772	798	783
2021-08-09T18:18:21	796	774	798	785
2021-08-09T18:18:51	798	775	800	785
2021-08-09T18:19:21	798	775	799	786
2021-08-09T18:19:51	800	776	801	788
2021-08-09T18:20:21	800	777	802	789
2021-08-09T18:20:51	802	778	804	790
2021-08-09T18:21:21	804	778	805	790
2021-08-09T18:21:51	803	779	807	790
2021-08-09T18:22:21	804	780	807	793
2021-08-09T18:22:51	805	780	807	793
2021-08-09T18:23:21	806	780	808	794
2021-08-09T18:23:51	807	784	810	795
2021-08-09T18:24:22	808	783	810	796
2021-08-09T18:24:52	810	786	811	796
2021-08-09T18:25:22	810	784	811	798
2021-08-09T18:25:52	811	786	814	799
2021-08-09T18:26:22	813	788	814	800
2021-08-09T18:26:52	814	787	815	801
2021-08-09T18:27:22	815	790	816	804
2021-08-09T18:27:52	816	791	818	804
2021-08-09T18:28:22	817	791	819	805
2021-08-09T18:28:52	816	792	819	805
2021-08-09T18:29:22	818	795	820	807
2021-08-09T18:29:52	819	795	823	809
2021-08-09T18:30:22	821	794	821	808
2021-08-09T18:30:52	821	797	824	810
2021-08-09T18:31:22	822	796	823	811
2021-08-09T18:31:52	824	798	826	815
2021-08-09T18:32:22	825	800	826	815
2021-08-09T18:32:52	824	799	827	815
2021-08-09T18:33:22	826	800	828	817
2021-08-09T18:33:52	827	802	830	818
2021-08-09T18:34:22	828	802	830	818
2021-08-09T18:34:52	829	803	831	819
2021-08-09T18:35:22	829	802	830	820
2021-08-09T18:35:52	832	804	834	822
2021-08-09T18:36:22	832	806	834	822
2021-08-09T18:36:52	832	806	833	824
2021-08-09T18:37:22	834	808	836	824
2021-08-09T18:37:52	834	808	835	826
2021-08-09T18:38:22	835	809	837	827
2021-08-09T18:38:52	837	810	840	827
2021-08-09T18:39:22	837	810	840	829
2021-08-09T18:39:52	838	811	840	830
2021-08-09T18:40:22	840	813	842	831
2021-08-09T18:40:52	841	813	843	832
2021-08-09T18:41:22	841	815	844	833
2021-08-09T18:41:52	843	815	844	834
2021-08-09T18:42:22	843	816	846	835
2021-08-09T18:42:52	844	816	846	837
2021-08-09T18:43:22	845	818	847	839
2021-08-09T18:43:52	847	819	848	838
2021-08-09T18:44:22	848	820	850	838
2021-08-09T18:44:52	849	820	850	840
2021-08-09T18:45:22	849	821	851	842
2021-08-09T18:45:52	851	821	853	843
2021-08-09T18:46:22	850	823	854	843
2021-08-09T18:46:52	851	823	854	845
2021-08-09T18:47:22	853	824	856	845
2021-08-09T18:47:52	854	826	858	846
2021-08-09T18:48:22	855	827	858	847
2021-08-09T18:48:52	858	828	857	847
2021-08-09T18:49:22	858	829	859	850
2021-08-09T18:49:52	858	830	861	851
2021-08-09T18:50:22	858	829	860	851
2021-08-09T18:50:52	860	832	863	852
2021-08-09T18:51:22	861	833	864	854
2021-08-09T18:51:52	863	833	864	853
2021-08-09T18:52:22	863	834	865	854
2021-08-09T18:52:52	864	837	867	856
2021-08-09T18:53:22	865	836	866	859
2021-08-09T18:53:52	866	838	868	858
2021-08-09T18:54:22	868	839	870	860
2021-08-09T18:54:52	869	840	870	861
2021-08-09T18:55:22	870	841	872	862
2021-08-09T18:55:52	870	842	874	863
2021-08-09T18:56:22	871	841	874	864
2021-08-09T18:56:52	873	844	875	865
2021-08-09T18:57:22	874	845	876	867
2021-08-09T18:57:52	875	844	876	866
2021-08-09T18:58:22	876	846	878	868
2021-08-09T18:58:52	876	847	878	870
2021-08-09T18:59:22	877	849	880	870
2021-08-09T18:59:52	878	850	881	873
2021-08-09T19:00:22	879	850	881	873
2021-08-09T19:00:52	881	852	882	873
2021-08-09T19:01:22	881	853	884	875
2021-08-09T19:01:52	883	854	884	875
2021-08-09T19:02:22	884	854	884	878
2021-08-09T19:02:52	885	856	887	878
2021-08-09T19:03:22	886	857	888	879
2021-08-09T19:03:52	887	860	890	880
2021-08-09T19:04:22	888	859	889	881
2021-08-09T19:04:52	889	861	891	882
2021-08-09T19:05:22	890	863	892	883
2021-08-09T19:05:52	889	863	893	885
2021-08-09T19:06:22	892	865	895	885
2021-08-09T19:06:52	893	864	894	885
2021-08-09T19:07:22	894	866	896	888
2021-08-09T19:07:52	895	866	896	888
2021-08-09T19:08:22	895	867	897	890
2021-08-09T19:08:52	897	869	899	891
2021-08-09T19:09:22	897	870	899	891
2021-08-09T19:09:52	899	871	900	893
2021-08-09T19:10:22	900	873	901	895
2021-08-09T19:10:52	900	872	901	895
2021-08-09T19:11:22	898	873	902	895
2021-08-09T19:11:52	899	873	901	896
2021-08-09T19:12:22	899	874	902	896
2021-08-09T19:12:52	900	874	902	896
2021-08-09T19:13:22	900	874	901	897
2021-08-09T19:13:52	899	875	903	896
2021-08-09T19:14:22	900	874	901	896
2021-08-09T19:14:52	899	875	902	896
2021-08-09T19:15:22	899	875	902	896
2021-08-09T19:15:52	900	876	901	896
2021-08-09T19:16:22	900	876	901	898
2021-08-09T19:16:52	899	877	903	897
2021-08-09T19:17:22	900	876	903	897
2021-08-09T19:17:52	900	877	903	896
2021-08-09T19:18:22	899	877	902	898
2021-08-09T19:18:52	899	877	902	897
2021-08-09T19:19:22	899	878	901	896
2021-08-09T19:19:52	899	879	903	897
2021-08-09T19:20:22	899	880	903	897
2021-08-09T19:20:52	899	880	903	897
2021-08-09T19:21:22	900	879	903	897
2021-08-09T19:21:52	900	880	902	898
2021-08-09T19:22:22	901	880	902	897
2021-08-09T19:22:52	901	879	901	897
2021-08-09T19:23:22	900	881	903	897
2021-08-09T19:23:52	901	882	902	897
2021-08-09T19:24:22	900	882	903	899
2021-08-09T19:24:52	902	882	902	899
2021-08-09T19:25:22	902	883	902	898
2021-08-09T19:25:52	902	883	903	898
2021-08-09T19:26:22	902	883	903	898
2021-08-09T19:26:52	902	884	901	898
2021-08-09T19:27:22	903	884	902	900
2021-08-09T19:27:52	903	883	901	900
2021-08-09T19:28:22	903	885	903	899
2021-08-09T19:28:52	903	885	903	899
2021-08-09T19:29:22	903	885	903	899
2021-08-09T19:29:52	904	885	902	900
2021-08-09T19:30:22	904	885	902	901
2021-08-09T19:31:03	904	885	902	900
2021-08-09T19:31:33	904	884	901	900
2021-08-09T19:32:03	905	884	901	901
2021-08-09T19:32:33	905	884	901	901
2021-08-09T19:33:03	905	884	903	902
2021-08-09T19:33:33	906	886	902	901
2021-08-09T19:34:03	905	886	902	902
2021-08-09T19:34:33	906	886	902	901
2021-08-09T19:35:03	905	885	902	901
2021-08-09T19:35:33	905	885	903	902
2021-08-09T19:36:03	906	886	903	902
2021-08-09T19:36:33	906	887	903	902
2021-08-09T19:37:03	906	887	903	903
2021-08-09T19:37:33	906	887	903	903
2021-08-09T19:38:03	908	887	903	902
2021-08-09T19:38:33	907	886	901	903
2021-08-09T19:39:03	907	886	902	904
2021-08-09T19:39:33	907	887	902	904
2021-08-09T19:40:03	909	887	902	903
2021-08-09T19:40:33	909	888	903	903
2021-08-09T19:41:03	908	888	903	903
2021-08-09T19:41:33	909	888	902	904
2021-08-09T19:42:03	909	889	902	904
2021-08-09T19:42:33	909	889	902	905
2021-08-09T19:43:03	910	889	903	904
2021-08-09T19:43:33	909	889	902	904
2021-08-09T19:44:03	910	889	902	905
2021-08-09T19:44:33	911	890	903	905
2021-08-09T19:45:03	910	889	902	905
2021-08-09T19:45:33	910	889	902	905
2021-08-09T19:46:03	911	890	903	905
2021-08-09T19:46:33	911	890	903	905
2021-08-09T19:47:03	911	890	903	905
2021-08-09T19:47:33	911	890	902	905
2021-08-09T19:48:03	912	890	904	906
2021-08-09T19:48:33	912	890	903	906
2021-08-09T19:49:03	912	890	903	906
2021-08-09T19:49:33	912	890	902	905
2021-08-09T19:50:03	912	890	902	905
2021-08-09T19:50:33	912	890	902	905
2021-08-09T19:51:03	913	890	902	906
2021-08-09T19:51:33	912	890	902	906
2021-08-09T19:52:03	912	890	902	905
2021-08-09T19:52:33	913	891	903	906
2021-08-09T19:53:03	913	891	903	907
2021-08-09T19:53:33	914	890	902	906
2021-08-09T19:54:03	913	892	903	906
2021-08-09T19:54:33	913	891	903	906
2021-08-09T19:55:03	914	891	902	907
2021-08-09T19:55:33	914	891	902	906
2021-08-09T19:56:03	914	892	904	906
2021-08-09T19:56:33	915	892	903	907
2021-08-09T19:57:03	915	892	902	907
2021-08-09T19:57:33	915	891	902	907
2021-08-09T19:58:03	915	891	902	907
2021-08-09T19:58:33	915	891	902	907
2021-08-09T19:59:03	915	892	902	907
2021-08-09T19:59:33	916	893	903	908
2021-08-09T20:00:03	916	892	903	907
2021-08-09T20:00:33	916	892	903	907
2021-08-09T20:01:03	916	892	902	908
2021-08-09T20:01:33	917	892	903	908
2021-08-09T20:02:03	916	892	903	908
2021-08-09T20:02:33	917	893	903	908
2021-08-09T20:03:03	917	893	903	909
2021-08-09T20:03:33	917	893	903	909
2021-08-09T20:04:03	917	893	903	908
2021-08-09T20:04:33	915	893	902	908
2021-08-09T20:05:03	909	894	903	907
2021-08-09T20:05:33	906	894	902	906
2021-08-09T20:06:03	905	895	904	905
2021-08-09T20:06:33	903	894	902	904
2021-08-09T20:07:03	901	895	903	904
2021-08-09T20:07:33	900	895	902	903
2021-08-09T20:08:03	900	896	903	903
2021-08-09T20:08:33	899	895	902	903
2021-08-09T20:09:03	899	896	903	903
2021-08-09T20:09:33	899	895	902	903
2021-08-09T20:10:03	901	895	902	903
2021-08-09T20:10:33	900	896	903	903
2021-08-09T20:11:03	899	896	902	903
2021-08-09T20:11:33	901	896	902	903
2021-08-09T20:12:03	900	897	903	904
2021-08-09T20:12:33	899	897	902	904
2021-08-09T20:13:03	901	897	902	905
2021-08-09T20:13:33	900	896	902	904
2021-08-09T20:14:03	899	899	904	904
2021-08-09T20:14:33	901	898	903	904
2021-08-09T20:15:03	900	897	902	904
2021-08-09T20:15:33	899	897	902	904
2021-08-09T20:16:03	901	897	902	904
2021-08-09T20:16:33	900	899	903	904
2021-08-09T20:17:03	899	898	902	904
2021-08-09T20:17:33	901	897	902	904
2021-08-09T20:18:03	899	897	903	904
2021-08-09T20:18:33	899	898	903	904
2021-08-09T20:19:03	901	898	903	904
2021-08-09T20:19:33	900	898	903	904
2021-08-09T20:20:03	899	898	902	904
2021-08-09T20:20:33	901	898	903	904
2021-08-09T20:21:03	899	898	903	904
2021-08-09T20:21:33	898	898	903	904
2021-08-09T20:22:03	901	898	903	904
2021-08-09T20:22:33	899	898	903	904
2021-08-09T20:23:03	899	898	903	904
2021-08-09T20:23:33	900	898	903	904
2021-08-09T20:24:03	900	898	903	904
2021-08-09T20:24:33	899	898	902	904
2021-08-09T20:25:03	901	898	902	904
2021-08-09T20:25:33	899	898	902	904
2021-08-09T20:26:03	898	898	902	904
2021-08-09T20:26:33	901	898	903	904
2021-08-09T20:27:03	899	898	902	904
2021-08-09T20:27:33	901	898	902	904
2021-08-09T20:28:03	905	899	903	905
2021-08-09T20:28:33	908	899	903	906
2021-08-09T20:29:03	910	899	903	906
2021-08-09T20:29:33	911	899	903	907
2021-08-09T20:30:03	913	899	903	907
2021-08-09T20:30:33	913	899	904	908
2021-08-09T20:31:03	914	899	904	908
2021-08-09T20:31:33	915	899	905	908
2021-08-09T20:32:03	915	899	904	909
2021-08-09T20:32:33	915	898	904	909
2021-08-09T20:33:03	916	899	905	909
2021-08-09T20:33:33	916	899	905	909
2021-08-09T20:34:03	917	899	905	909
2021-08-09T20:34:33	917	899	905	910
2021-08-09T20:35:03	918	899	905	910
2021-08-09T20:35:33	917	899	905	910
2021-08-09T20:36:03	919	899	905	910
2021-08-09T20:36:33	918	899	905	911
2021-08-09T20:37:03	918	899	905	911
2021-08-09T20:37:33	919	899	905	911
2021-08-09T20:38:03	919	899	905	911
2021-08-09T20:38:33	919	899	906	911
2021-08-09T20:39:03	920	899	905	911
2021-08-09T20:39:33	919	900	906	911
2021-08-09T20:40:03	920	898	906	912
2021-08-09T20:40:33	916	899	905	911
2021-08-09T20:41:03	911	899	904	910
2021-08-09T20:41:33	890	889	895	908
2021-08-09T20:42:03	775	787	849	896
2021-08-09T20:42:33	668	744	786	863
2021-08-09T20:43:03	581	609	670	798
2021-08-09T20:43:33	508	506	600	723
2021-08-09T20:44:03	467	462	564	681
2021-08-09T20:44:33	435	429	541	632
2021-08-09T20:45:03	421	413	519	596
2021-08-09T20:45:33	399	393	498	568
2021-08-09T20:46:03	379	374	476	542
2021-08-09T20:46:33	356	357	469	526
2021-08-09T20:47:03	337	350	455	500
2021-08-09T20:47:33	332	335	441	478
2021-08-09T20:48:03	321	327	424	460
2021-08-09T20:48:33	311	310	409	447
2021-08-09T20:49:03	297	303	406	430
2021-08-09T20:49:33	292	292	392	414
2021-08-09T20:50:03	280	277	381	400
2021-08-09T20:50:33	270	268	371	387
2021-08-09T20:51:03	262	261	368	379
2021-08-09T20:51:33	255	256	357	366
2021-08-09T20:52:03	250	250	350	354
2021-08-09T20:52:33	245	242	341	343
2021-08-09T20:53:03	239	236	333	337
2021-08-09T20:53:33	233	229	327	327
2021-08-09T20:54:03	229	227	321	318
2021-08-09T20:54:33	224	222	315	308
2021-08-09T20:55:03	218	216	307	300
2021-08-09T20:55:33	212	212	300	295
2021-08-09T20:56:03	209	209	296	287
2021-08-09T20:56:33	205	205	292	279
