time	T1	T2	T3	T4
2021-08-08T10:37:48	24	26	25	26
2021-08-08T10:38:18	24	26	25	26
2021-08-08T10:38:48	24	26	25	26
2021-08-08T10:39:18	24	26	25	26
2021-08-08T10:39:48	24	26	25	26
2021-08-08T10:40:18	24	26	26	26
2021-08-08T10:40:48	25	27	26	26
2021-08-08T10:41:18	26	27	27	26
2021-08-08T10:41:48	28	28	29	27
2021-08-08T10:42:18	29	29	30	27
2021-08-08T10:42:48	31	31	31	28
2021-08-08T10:43:18	31	32	33	29
2021-08-08T10:43:48	33	33	34	31
2021-08-08T10:44:18	34	34	36	32
2021-08-08T10:44:48	35	35	36	34
2021-08-08T10:45:18	36	36	38	35
2021-08-08T10:45:48	37	37	39	37
2021-08-08T10:46:18	38	38	40	39
2021-08-08T10:46:48	39	39	42	41
2021-08-08T10:47:18	40	39	42	41
2021-08-08T10:47:48	41	40	43	42
2021-08-08T10:48:18	42	41	44	44
2021-08-08T10:48:48	42	42	46	43
2021-08-08T10:49:18	43	42	47	45
2021-08-08T10:49:48	44	43	47	46
2021-08-08T10:50:18	44	44	48	47
2021-08-08T10:50:48	46	46	50	48
2021-08-08T10:51:18	47	47	51	48
2021-08-08T10:51:48	48	48	52	49
2021-08-08T10:52:18	49	49	53	51
2021-08-08T10:52:48	50	50	54	51
2021-08-08T10:53:18	51	50	54	52
2021-08-08T10:53:48	51	51	56	53
2021-08-08T10:54:18	52	53	56	54
2021-08-08T10:54:48	53	54	58	55
2021-08-08T10:55:18	54	55	59	56
2021-08-08T10:55:48	55	56	60	57
2021-08-08T10:56:18	56	56	60	57
2021-08-08T10:56:48	56	57	61	58
2021-08-08T10:57:18	57	58	62	59
2021-08-08T10:57:48	58	60	63	60
2021-08-08T10:58:18	59	61	65	61
2021-08-08T10:58:48	59	61	67	62
2021-08-08T10:59:18	64	62	67	63
2021-08-08T10:59:48	71	64	68	64
2021-08-08T11:00:18	77	64	69	65
2021-08-08T11:00:48	85	65	71	67
2021-08-08T11:01:18	92	67	72	68
2021-08-08T11:01:48	100	67	73	70
2021-08-08T11:02:18	105	68	74	72
2021-08-08T11:02:48	111	69	76	74
2021-08-08T11:03:18	116	70	78	75
2021-08-08T11:03:48	120	71	78	77
2021-08-08T11:04:18	126	72	79	78
2021-08-08T11:04:48	130	74	82	80
2021-08-08T11:05:18	138	75	83	82
2021-08-08T11:05:48	138	76	84	84
2021-08-08T11:06:18	142	77	84	86
2021-08-08T11:06:48	144	78	85	87
2021-08-08T11:07:18	149	79	87	89
2021-08-08T11:07:48	150	79	87	91
2021-08-08T11:08:18	153	80	89	92
2021-08-08T11:08:48	156	81	89	93
2021-08-08T11:09:18	160	82	91	95
2021-08-08T11:09:48	163	83	92	96
2021-08-08T11:10:18	167	84	94	98
2021-08-08T11:10:48	167	85	94	99
2021-08-08T11:11:18	172	86	94	101
2021-08-08T11:11:48	171	87	96	101
2021-08-08T11:12:18	168	87	95	103
2021-08-08T11:12:48	164	88	95	103
2021-08-08T11:13:18	159	88	94	104
2021-08-08T11:13:48	153	89	95	104
2021-08-08T11:14:18	150	90	95	103
2021-08-08T11:14:48	146	91	96	103
2021-08-08T11:15:18	144	93	95	103
2021-08-08T11:15:48	140	93	95	102
2021-08-08T11:16:18	137	94	96	102
2021-08-08T11:16:48	135	99	100	102
2021-08-08T11:17:18	132	100	100	101
2021-08-08T11:17:48	130	99	100	102
2021-08-08T11:18:18	128	100	100	101
2021-08-08T11:18:48	127	104	103	101
2021-08-08T11:19:18	126	104	103	101
2021-08-08T11:19:48	123	104	103	101
2021-08-08T11:20:18	122	106	105	101
2021-08-08T11:20:48	121	105	104	101
2021-08-08T11:21:18	120	109	108	101
2021-08-08T11:21:48	118	109	107	101
2021-08-08T11:22:18	118	112	107	101
2021-08-08T11:22:48	117	115	112	100
2021-08-08T11:23:18	117	114	111	101
2021-08-08T11:23:48	116	114	112	101
2021-08-08T11:24:18	117	115	113	100
2021-08-08T11:24:48	117	115	112	101
2021-08-08T11:25:18	117	118	117	102
2021-08-08T11:25:48	118	118	118	102
2021-08-08T11:26:18	117	117	117	104
2021-08-08T11:26:48	117	116	117	104
2021-08-08T11:27:18	117	117	118	104
2021-08-08T11:27:48	119	122	122	105
2021-08-08T11:28:18	118	124	123	107
2021-08-08T11:28:48	118	122	123	108
2021-08-08T11:29:18	123	121	124	108
2021-08-08T11:29:48	124	121	123	110
2021-08-08T11:30:18	124	121	123	111
2021-08-08T11:30:48	126	126	128	112
2021-08-08T11:31:18	126	127	130	114
2021-08-08T11:31:48	126	127	128	115
2021-08-08T11:32:18	126	126	128	116
2021-08-08T11:32:48	128	128	127	116
2021-08-08T11:33:18	132	132	134	118
2021-08-08T11:33:48	133	133	135	120
2021-08-08T11:34:18	133	132	134	120
2021-08-08T11:34:48	133	132	134	122
2021-08-08T11:35:18	132	130	133	123
2021-08-08T11:35:48	132	134	136	123
2021-08-08T11:36:18	137	136	139	124
2021-08-08T11:36:48	139	136	138	126
2021-08-08T11:37:18	139	135	138	127
2021-08-08T11:37:48	137	135	139	129
2021-08-08T11:38:18	139	139	142	129
2021-08-08T11:38:48	139	141	143	130
2021-08-08T11:39:18	140	141	142	131
2021-08-08T11:39:48	144	142	145	132
2021-08-08T11:40:18	144	143	145	134
2021-08-08T11:40:48	143	143	145	134
2021-08-08T11:41:18	143	143	145	135
2021-08-08T11:41:48	146	147	149	136
2021-08-08T11:42:18	151	149	152	138
2021-08-08T11:42:48	152	149	150	138
2021-08-08T11:43:18	151	148	150	140
2021-08-08T11:43:48	150	147	151	140
2021-08-08T11:44:18	151	152	154	142
2021-08-08T11:44:48	151	154	155	142
2021-08-08T11:45:18	151	154	156	143
2021-08-08T11:45:48	153	153	156	145
2021-08-08T11:46:18	158	153	155	146
2021-08-08T11:46:48	159	153	156	147
2021-08-08T11:47:18	158	154	157	148
2021-08-08T11:47:48	159	158	162	149
2021-08-08T11:48:18	159	161	162	149
2021-08-08T11:48:48	159	161	162	150
2021-08-08T11:49:18	161	160	162	151
2021-08-08T11:49:48	163	163	164	152
2021-08-08T11:50:18	164	164	165	154
2021-08-08T11:50:48	164	163	166	155
2021-08-08T11:51:18	164	163	164	156
2021-08-08T11:51:48	167	169	168	156
2021-08-08T11:52:18	168	171	172	158
2021-08-08T11:52:48	169	170	171	159
2021-08-08T11:53:18	167	168	170	160
2021-08-08T11:53:48	171	168	172	160
2021-08-08T11:54:18	174	171	173	161
2021-08-08T11:54:48	175	171	174	163
2021-08-08T11:55:18	174	171	174	163
2021-08-08T11:55:48	174	175	175	164
2021-08-08T11:56:18	174	176	177	166
2021-08-08T11:56:48	174	175	177	166
2021-08-08T11:57:18	180	175	178	167
2021-08-08T11:57:48	181	175	178	168
2021-08-08T11:58:18	181	178	181	169
2021-08-08T11:58:48	181	180	183	170
2021-08-08T11:59:18	180	180	182	171
2021-08-08T11:59:48	181	181	184	172
2021-08-08T12:00:18	185	185	188	173
2021-08-08T12:00:48	186	185	187	174
2021-08-08T12:01:18	184	184	186	175
2021-08-08T12:01:48	185	186	188	175
2021-08-08T12:02:18	188	188	190	177
2021-08-08T12:02:48	188	187	189	177
2021-08-08T12:03:18	188	187	190	177
2021-08-08T12:03:48	189	190	193	178
2021-08-08T12:04:18	191	190	193	179
2021-08-08T12:04:48	192	191	194	181
2021-08-08T12:05:18	192	193	196	181
2021-08-08T12:05:48	192	193	195	182
2021-08-08T12:06:18	196	192	195	184
2021-08-08T12:06:48	197	195	199	185
2021-08-08T12:07:18	197	196	198	185
2021-08-08T12:07:48	197	196	198	186
2021-08-08T12:08:18	197	200	201	187
2021-08-08T12:08:48	200	199	200	188
2021-08-08T12:09:18	202	199	201	189
2021-08-08T12:09:48	202	201	202	189
2021-08-08T12:10:18	201	201	204	190
2021-08-08T12:10:48	201	203	204	191
2021-08-08T12:11:18	205	205	207	192
2021-08-08T12:11:48	206	205	207	193
2021-08-08T12:12:18	205	205	208	194
2021-08-08T12:12:48	206	208	208	194
2021-08-08T12:13:18	210	208	210	195
2021-08-08T12:13:48	210	208	210	197
2021-08-08T12:14:18	210	212	214	197
2021-08-08T12:14:48	210	211	214	199
2021-08-08T12:15:18	213	211	213	200
2021-08-08T12:15:48	215	215	218	201
2021-08-08T12:16:18	214	214	217	202
2021-08-08T12:16:48	213	213	217	203
2021-08-08T12:17:18	217	213	217	204
2021-08-08T12:17:48	220	219	221	204
2021-08-08T12:18:18	220	218	220	206
2021-08-08T12:18:48	217	217	219	207
2021-08-08T12:19:18	223	221	223	207
2021-08-08T12:19:48	223	222	223	209
2021-08-08T12:20:18	222	220	222	210
2021-08-08T12:20:48	222	224	226	210
2021-08-08T12:21:18	225	224	225	211
2021-08-08T12:21:48	226	223	225	212
2021-08-08T12:22:18	226	227	229	213
2021-08-08T12:22:48	225	227	229	214
2021-08-08T12:23:18	228	226	228	214
2021-08-08T12:23:48	230	230	232	216
2021-08-08T12:24:18	231	229	230	216
2021-08-08T12:24:48	230	231	232	218
2021-08-08T12:25:18	232	231	232	218
2021-08-08T12:25:48	235	234	236	220
2021-08-08T12:26:18	235	233	237	220
2021-08-08T12:26:48	233	232	235	221
2021-08-08T12:27:18	236	239	240	222
2021-08-08T12:27:48	237	238	239	223
2021-08-08T12:28:18	238	236	239	223
2021-08-08T12:28:48	238	237	239	225
2021-08-08T12:29:18	240	239	242	226
2021-08-08T12:29:48	241	239	242	226
2021-08-08T12:30:18	241	243	244	227
2021-08-08T12:30:48	243	243	245	228
2021-08-08T12:31:18	242	241	244	229
2021-08-08T12:31:48	246	244	247	230
2021-08-08T12:32:18	250	245	248	231
2021-08-08T12:32:48	257	246	249	233
2021-08-08T12:33:18	261	248	251	234
2021-08-08T12:33:48	263	247	249	234
2021-08-08T12:34:18	269	249	252	236
2021-08-08T12:34:48	274	248	250	236
2021-08-08T12:35:18	277	251	255	239
2021-08-08T12:35:48	280	252	255	240
2021-08-08T12:36:18	282	251	253	242
2021-08-08T12:36:48	285	254	256	242
2021-08-08T12:37:18	287	254	257	244
2021-08-08T12:37:48	290	253	257	245
2021-08-08T12:38:18	293	257	260	247
2021-08-08T12:38:48	297	257	260	248
2021-08-08T12:39:18	298	257	261	250
2021-08-08T12:39:48	300	259	262	251
2021-08-08T12:40:18	303	258	263	252
2021-08-08T12:40:48	305	260	264	253
2021-08-08T12:41:18	306	262	266	255
2021-08-08T12:41:48	307	262	265	255
2021-08-08T12:42:18	308	262	267	257
2021-08-08T12:42:48	310	265	269	258
2021-08-08T12:43:18	310	267	270	260
2021-08-08T12:43:48	312	266	271	261
2021-08-08T12:44:18	314	268	273	262
2021-08-08T12:44:48	316	270	274	263
2021-08-08T12:45:18	317	269	272	264
2021-08-08T12:45:48	317	274	275	265
2021-08-08T12:46:18	321	274	277	266
2021-08-08T12:46:48	320	272	277	266
2021-08-08T12:47:18	322	274	279	268
2021-08-08T12:47:48	321	274	278	268
2021-08-08T12:48:18	321	273	278	270
2021-08-08T12:48:48	325	275	280	271
2021-08-08T12:49:18	325	277	280	271
2021-08-08T12:49:48	327	280	282	272
2021-08-08T12:50:18	329	281	285	274
2021-08-08T12:50:48	328	280	284	274
2021-08-08T12:51:18	327	282	285	275
2021-08-08T12:51:48	327	283	287	277
2021-08-08T12:52:18	329	283	287	278
2021-08-08T12:52:48	331	285	288	279
2021-08-08T12:53:18	331	284	288	280
2021-08-08T12:53:48	332	287	289	281
2021-08-08T12:54:18	332	287	290	282
2021-08-08T12:54:48	336	291	294	282
2021-08-08T12:55:18	334	289	293	284
2021-08-08T12:55:48	335	289	292	285
2021-08-08T12:56:18	336	293	296	286
2021-08-08T12:56:48	337	292	295	287
2021-08-08T12:57:18	338	295	299	287
2021-08-08T12:57:48	341	295	299	288
2021-08-08T12:58:18	340	295	298	289
2021-08-08T12:58:48	339	295	299	289
2021-08-08T12:59:18	344	300	303	292
2021-08-08T12:59:48	344	298	302	292
2021-08-08T13:00:18	344	299	303	293
2021-08-08T13:00:48	345	301	303	294
2021-08-08T13:01:18	345	302	305	295
2021-08-08T13:01:48	346	302	305	296
2021-08-08T13:02:18	347	304	308	296
2021-08-08T13:02:48	345	304	307	298
2021-08-08T13:03:18	347	306	311	298
2021-08-08T13:03:48	348	307	311	299
2021-08-08T13:04:18	349	306	310	299
2021-08-08T13:04:48	350	308	312	301
2021-08-08T13:05:18	352	309	313	301
2021-08-08T13:05:48	353	310	313	302
2021-08-08T13:06:18	353	311	314	303
2021-08-08T13:06:48	353	311	315	305
2021-08-08T13:07:18	354	313	316	305
2021-08-08T13:07:48	355	312	317	306
2021-08-08T13:08:18	355	315	318	306
2021-08-08T13:08:48	355	314	319	308
2021-08-08T13:09:18	353	316	320	309
2021-08-08T13:09:48	349	316	320	309
2021-08-08T13:10:18	344	320	322	309
2021-08-08T13:10:48	338	321	323	309
2021-08-08T13:11:18	334	322	325	308
2021-08-08T13:11:48	331	325	325	308
2021-08-08T13:12:18	327	325	325	307
2021-08-08T13:12:48	324	327	328	306
2021-08-08T13:13:18	319	329	327	306
2021-08-08T13:13:48	321	329	329	305
2021-08-08T13:14:18	330	326	329	305
2021-08-08T13:14:48	330	327	330	306
2021-08-08T13:15:18	329	330	333	306
2021-08-08T13:15:48	332	328	333	307
2021-08-08T13:16:18	334	332	334	309
2021-08-08T13:16:48	331	331	336	310
2021-08-08T13:17:18	338	334	337	311
2021-08-08T13:17:48	337	333	337	313
2021-08-08T13:18:18	335	334	337	313
2021-08-08T13:18:48	339	337	340	314
2021-08-08T13:19:18	339	336	339	317
2021-08-08T13:19:48	337	339	342	318
2021-08-08T13:20:18	342	337	341	319
2021-08-08T13:20:48	340	339	344	321
2021-08-08T13:21:18	344	341	343	321
2021-08-08T13:21:48	343	342	346	323
2021-08-08T13:22:18	344	343	347	324
2021-08-08T13:22:48	344	342	346	326
2021-08-08T13:23:18	348	345	349	327
2021-08-08T13:23:48	347	345	347	327
2021-08-08T13:24:18	350	347	350	328
2021-08-08T13:24:48	349	348	352	330
2021-08-08T13:25:18	350	347	351	330
2021-08-08T13:25:48	351	350	354	331
2021-08-08T13:26:18	350	350	353	333
2021-08-08T13:26:48	355	352	355	334
2021-08-08T13:27:18	353	351	355	335
2021-08-08T13:27:48	356	355	358	336
2021-08-08T13:28:18	355	353	357	337
2021-08-08T13:28:48	359	354	359	340
2021-08-08T13:29:18	359	355	359	341
2021-08-08T13:29:48	358	357	362	341
2021-08-08T13:30:18	360	356	362	342
2021-08-08T13:30:48	360	359	364	343
2021-08-08T13:31:18	362	358	362	345
2021-08-08T13:31:48	364	361	366	346
2021-08-08T13:32:18	363	361	364	347
2021-08-08T13:32:48	367	364	369	347
2021-08-08T13:33:18	365	363	367	349
2021-08-08T13:33:48	369	365	370	349
2021-08-08T13:34:18	373	364	369	351
2021-08-08T13:34:48	377	367	371	353
2021-08-08T13:35:18	380	368	372	354
2021-08-08T13:35:48	381	366	370	355
2021-08-08T13:36:18	385	370	377	356
2021-08-08T13:36:48	387	370	375	358
2021-08-08T13:37:18	389	370	376	359
2021-08-08T13:37:48	389	371	377	359
2021-08-08T13:38:18	393	373	378	360
2021-08-08T13:38:48	394	373	379	361
2021-08-08T13:39:18	397	374	380	362
2021-08-08T13:39:48	395	375	380	363
2021-08-08T13:40:18	397	376	383	364
2021-08-08T13:40:48	399	374	381	364
2021-08-08T13:41:18	399	377	384	365
2021-08-08T13:41:48	401	378	384	366
2021-08-08T13:42:18	401	378	386	367
2021-08-08T13:42:48	403	379	386	368
2021-08-08T13:43:18	404	382	386	369
2021-08-08T13:43:48	406	384	390	369
2021-08-08T13:44:18	406	382	389	371
2021-08-08T13:44:48	405	384	389	372
2021-08-08T13:45:18	407	388	392	372
2021-08-08T13:45:48	407	386	392	373
2021-08-08T13:46:18	408	386	392	374
2021-08-08T13:46:48	410	390	396	375
2021-08-08T13:47:18	411	390	395	376
2021-08-08T13:47:48	412	391	397	377
2021-08-08T13:48:18	412	391	396	378
2021-08-08T13:48:48	413	394	399	378
2021-08-08T13:49:18	413	392	399	379
2021-08-08T13:49:48	414	394	401	381
2021-08-08T13:50:18	416	394	401	381
2021-08-08T13:50:48	419	396	402	382
2021-08-08T13:51:18	418	398	404	383
2021-08-08T13:51:48	417	398	403	384
2021-08-08T13:52:18	418	400	406	384
2021-08-08T13:52:48	418	400	407	385
2021-08-08T13:53:18	420	400	406	386
2021-08-08T13:53:48	420	402	408	387
2021-08-08T13:54:18	421	402	410	388
2021-08-08T13:54:48	420	404	410	389
2021-08-08T13:55:18	422	403	411	390
2021-08-08T13:55:48	424	405	412	390
2021-08-08T13:56:18	424	406	413	391
2021-08-08T13:56:48	424	407	414	392
2021-08-08T13:57:18	425	408	415	393
2021-08-08T13:57:48	425	408	416	394
2021-08-08T13:58:18	425	408	417	394
2021-08-08T13:58:48	428	411	418	395
2021-08-08T13:59:18	427	411	420	396
2021-08-08T13:59:48	429	412	420	397
2021-08-08T14:00:18	431	412	420	398
2021-08-08T14:00:48	431	415	423	399
2021-08-08T14:01:18	432	415	423	399
2021-08-08T14:01:48	432	415	424	400
2021-08-08T14:02:18	432	417	426	401
2021-08-08T14:02:48	434	417	424	403
2021-08-08T14:03:18	435	420	428	404
2021-08-08T14:03:48	435	419	427	404
2021-08-08T14:04:18	435	421	429	405
2021-08-08T14:04:48	435	421	430	406
2021-08-08T14:05:18	436	423	432	406
2021-08-08T14:05:48	438	423	432	407
2021-08-08T14:06:18	440	426	432	408
2021-08-08T14:06:48	439	425	432	410
2021-08-08T14:07:18	439	428	435	410
2021-08-08T14:07:48	443	426	435	411
2021-08-08T14:08:18	443	429	437	412
2021-08-08T14:08:48	442	429	437	413
2021-08-08T14:09:18	442	429	436	414
2021-08-08T14:09:48	445	432	440	415
2021-08-08T14:10:18	443	433	442	415
2021-08-08T14:10:48	446	431	440	416
2021-08-08T14:11:18	445	436	443	417
2021-08-08T14:11:48	447	435	442	418
2021-08-08T14:12:18	447	438	446	419
2021-08-08T14:12:48	449	435	444	420
2021-08-08T14:13:18	450	437	446	421
2021-08-08T14:13:48	449	439	447	422
2021-08-08T14:14:18	452	440	449	421
2021-08-08T14:14:48	454	441	450	423
2021-08-08T14:15:18	453	441	450	424
2021-08-08T14:15:48	454	443	451	425
2021-08-08T14:16:18	455	443	452	426
2021-08-08T14:16:48	455	444	453	427
2021-08-08T14:17:18	454	445	454	428
2021-08-08T14:17:48	456	447	456	429
2021-08-08T14:18:18	456	446	455	430
2021-08-08T14:18:48	458	448	458	431
2021-08-08T14:19:18	459	450	459	431
2021-08-08T14:19:48	459	452	461	432
2021-08-08T14:20:18	461	451	461	433
2021-08-08T14:20:48	462	452	460	434
2021-08-08T14:21:18	462	452	461	434
2021-08-08T14:21:48	463	455	464	436
2021-08-08T14:22:18	463	455	463	437
2021-08-08T14:22:48	465	458	467	438
2021-08-08T14:23:18	467	457	465	439
2021-08-08T14:23:48	467	459	467	440
2021-08-08T14:24:18	467	459	469	441
2021-08-08T14:24:48	468	460	470	442
2021-08-08T14:25:18	469	461	470	443
2021-08-08T14:25:48	469	463	472	444
2021-08-08T14:26:18	471	462	472	445
2021-08-08T14:26:48	473	465	474	447
2021-08-08T14:27:18	473	464	475	447
2021-08-08T14:27:48	474	466	476	448
2021-08-08T14:28:18	476	467	477	449
2021-08-08T14:28:48	476	467	476	450
2021-08-08T14:29:18	476	469	479	451
2021-08-08T14:29:48	477	469	480	452
2021-08-08T14:30:18	478	471	482	453
2021-08-08T14:30:48	479	470	480	454
2021-08-08T14:31:18	481	473	484	455
2021-08-08T14:31:48	482	472	483	456
2021-08-08T14:32:18	482	473	484	457
2021-08-08T14:32:48	486	474	484	458
2021-08-08T14:33:18	484	474	485	459
2021-08-08T14:33:48	486	476	488	460
2021-08-08T14:34:18	488	477	489	462
2021-08-08T14:34:48	487	479	490	462
2021-08-08T14:35:18	490	477	490	463
2021-08-08T14:35:48	490	480	491	465
2021-08-08T14:36:18	490	480	491	465
2021-08-08T14:36:48	490	481	493	466
2021-08-08T14:37:18	495	482	496	467
2021-08-08T14:37:48	495	483	494	468
2021-08-08T14:38:18	494	483	496	469
2021-08-08T14:38:48	494	485	498	470
2021-08-08T14:39:18	498	485	499	471
2021-08-08T14:39:48	500	487	500	473
2021-08-08T14:40:18	498	488	501	473
2021-08-08T14:40:48	498	487	500	474
2021-08-08T14:41:18	500	489	500	474
2021-08-08T14:41:48	501	492	505	476
2021-08-08T14:42:18	501	491	504	477
2021-08-08T14:42:48	506	492	504	478
2021-08-08T14:43:18	506	494	504	479
2021-08-08T14:43:48	506	494	506	480
2021-08-08T14:44:18	505	497	509	481
2021-08-08T14:44:48	506	497	509	482
2021-08-08T14:45:18	510	497	510	483
2021-08-08T14:45:48	510	498	511	484
2021-08-08T14:46:18	509	500	511	485
2021-08-08T14:46:48	512	500	513	486
2021-08-08T14:47:18	511	501	514	487
2021-08-08T14:47:48	513	501	514	488
2021-08-08T14:48:18	513	502	516	489
2021-08-08T14:48:48	514	504	517	491
2021-08-08T14:49:18	518	505	519	491
2021-08-08T14:49:48	517	504	517	492
2021-08-08T14:50:18	519	509	522	493
2021-08-08T14:50:48	519	506	519	494
2021-08-08T14:51:18	518	508	521	495
2021-08-08T14:51:48	523	508	521	497
2021-08-08T14:52:18	523	511	524	498
2021-08-08T14:52:48	521	510	523	498
2021-08-08T14:53:18	526	512	526	500
2021-08-08T14:53:48	526	513	526	501
2021-08-08T14:54:18	525	514	528	502
2021-08-08T14:54:48	527	514	528	502
2021-08-08T14:55:18	528	517	530	503
2021-08-08T14:55:48	528	517	531	505
2021-08-08T14:56:18	531	517	530	506
2021-08-08T14:56:48	530	518	533	508
2021-08-08T14:57:18	532	520	534	507
2021-08-08T14:57:48	533	520	534	508
2021-08-08T14:58:18	533	521	535	510
2021-08-08T14:58:48	534	522	536	511
2021-08-08T14:59:18	536	523	537	513
2021-08-08T14:59:48	536	525	538	513
2021-08-08T15:00:18	537	526	539	513
2021-08-08T15:00:48	540	526	540	515
2021-08-08T15:01:18	541	528	542	516
2021-08-08T15:01:48	540	529	543	517
2021-08-08T15:02:18	543	531	544	519
2021-08-08T15:02:48	542	529	543	519
2021-08-08T15:03:18	545	532	545	519
2021-08-08T15:03:48	546	533	547	522
2021-08-08T15:04:18	546	535	548	522
2021-08-08T15:04:48	546	536	550	524
2021-08-08T15:05:18	550	536	550	525
2021-08-08T15:05:48	548	537	552	526
2021-08-08T15:06:18	549	537	551	527
2021-08-08T15:06:48	551	537	552	527
2021-08-08T15:07:18	552	539	553	529
2021-08-08T15:07:48	552	539	553	530
2021-08-08T15:08:18	553	542	555	531
2021-08-08T15:08:48	555	541	555	533
2021-08-08T15:09:18	556	544	558	533
2021-08-08T15:09:48	556	545	558	534
2021-08-08T15:10:18	557	544	558	536
2021-08-08T15:10:48	558	546	561	537
2021-08-08T15:11:18	559	547	562	538
2021-08-08T15:11:48	561	548	564	539
2021-08-08T15:12:18	561	549	563	540
2021-08-08T15:12:48	563	549	565	541
2021-08-08T15:13:18	564	550	565	541
2021-08-08T15:13:48	565	550	564	543
2021-08-08T15:14:18	564	553	568	544
2021-08-08T15:14:48	567	553	569	545
2021-08-08T15:15:18	567	553	570	546
2021-08-08T15:15:48	569	554	571	546
2021-08-08T15:16:18	568	555	571	548
2021-08-08T15:16:48	570	556	573	549
2021-08-08T15:17:18	571	556	573	550
2021-08-08T15:17:48	572	557	573	551
2021-08-08T15:18:18	576	559	576	552
2021-08-08T15:18:48	573	560	576	553
2021-08-08T15:19:18	576	559	575	555
2021-08-08T15:19:48	576	561	579	556
2021-08-08T15:20:18	576	562	580	556
2021-08-08T15:20:48	579	564	581	559
2021-08-08T15:21:18	580	564	582	559
2021-08-08T15:21:48	580	564	583	560
2021-08-08T15:22:18	582	566	584	561
2021-08-08T15:22:48	585	567	584	562
2021-08-08T15:23:18	583	568	585	563
2021-08-08T15:23:48	583	568	586	564
2021-08-08T15:24:18	586	568	586	566
2021-08-08T15:24:48	587	571	589	566
2021-08-08T15:25:18	587	571	588	567
2021-08-08T15:25:48	587	573	590	568
2021-08-08T15:26:18	591	573	592	569
2021-08-08T15:26:48	590	574	592	570
2021-08-08T15:27:18	591	575	592	571
2021-08-08T15:27:48	592	576	594	572
2021-08-08T15:28:18	593	577	596	573
2021-08-08T15:28:48	593	577	595	574
2021-08-08T15:29:18	595	578	598	576
2021-08-08T15:29:48	597	581	599	577
2021-08-08T15:30:18	596	580	599	577
2021-08-08T15:30:48	598	583	600	579
2021-08-08T15:31:18	600	582	600	580
2021-08-08T15:31:48	599	583	601	581
2021-08-08T15:32:18	600	583	603	581
2021-08-08T15:32:48	603	584	604	583
2021-08-08T15:33:18	601	586	605	583
2021-08-08T15:33:48	605	587	607	585
2021-08-08T15:34:18	605	588	607	587
2021-08-08T15:34:48	605	588	607	587
2021-08-08T15:35:18	607	590	610	589
2021-08-08T15:35:48	608	591	611	590
2021-08-08T15:36:18	607	591	610	591
2021-08-08T15:36:48	611	593	612	592
2021-08-08T15:37:18	610	593	612	593
2021-08-08T15:37:48	613	595	613	593
2021-08-08T15:38:18	614	596	615	595
2021-08-08T15:38:48	613	596	615	597
2021-08-08T15:39:18	615	599	617	598
2021-08-08T15:39:48	617	598	618	599
2021-08-08T15:40:18	617	599	618	599
2021-08-08T15:40:48	618	600	619	600
2021-08-08T15:41:18	618	600	620	602
2021-08-08T15:41:48	620	603	622	603
2021-08-08T15:42:18	622	604	624	604
2021-08-08T15:42:48	622	605	624	605
2021-08-08T15:43:18	622	604	623	606
2021-08-08T15:43:48	625	606	626	606
2021-08-08T15:44:18	625	605	625	609
2021-08-08T15:44:48	626	610	629	609
2021-08-08T15:45:18	625	610	630	610
2021-08-08T15:45:48	629	609	629	611
2021-08-08T15:46:18	629	612	631	611
2021-08-08T15:46:48	630	611	630	613
2021-08-08T15:47:18	631	613	632	614
2021-08-08T15:47:48	631	613	633	615
2021-08-08T15:48:18	633	614	634	616
2021-08-08T15:48:48	634	617	637	617
2021-08-08T15:49:18	634	617	636	619
2021-08-08T15:49:48	635	618	637	620
2021-08-08T15:50:18	638	616	637	620
2021-08-08T15:50:48	636	619	639	622
2021-08-08T15:51:18	639	619	640	622
2021-08-08T15:51:48	639	622	641	623
2021-08-08T15:52:18	641	622	642	625
2021-08-08T15:52:48	641	623	643	626
2021-08-08T15:53:18	642	624	645	626
2021-08-08T15:53:48	642	624	643	627
2021-08-08T15:54:18	643	626	645	629
2021-08-08T15:54:48	645	627	647	630
2021-08-08T15:55:18	646	628	647	631
2021-08-08T15:55:48	646	628	650	632
2021-08-08T15:56:18	649	631	650	633
2021-08-08T15:56:48	648	630	651	635
2021-08-08T15:57:18	649	633	652	636
2021-08-08T15:57:48	652	632	652	637
2021-08-08T15:58:18	652	634	654	639
2021-08-08T15:58:48	652	635	654	638
2021-08-08T15:59:18	654	636	655	640
2021-08-08T15:59:48	655	637	657	640
2021-08-08T16:00:18	657	639	659	642
2021-08-08T16:00:48	658	639	659	644
2021-08-08T16:01:18	658	639	658	644
2021-08-08T16:01:48	660	640	662	645
2021-08-08T16:02:18	661	642	662	646
2021-08-08T16:02:48	660	641	662	648
2021-08-08T16:03:18	662	644	664	648
2021-08-08T16:03:48	664	643	663	649
2021-08-08T16:04:18	664	646	666	651
2021-08-08T16:04:48	665	646	667	652
2021-08-08T16:05:18	666	648	669	652
2021-08-08T16:05:48	667	650	670	653
2021-08-08T16:06:18	669	649	670	655
2021-08-08T16:06:48	669	651	670	655
2021-08-08T16:07:18	671	651	672	657
2021-08-08T16:07:48	671	653	673	658
2021-08-08T16:08:18	671	653	673	658
2021-08-08T16:08:48	673	654	675	659
2021-08-08T16:09:18	673	656	677	660
2021-08-08T16:09:48	675	657	678	660
2021-08-08T16:10:18	675	655	678	662
2021-08-08T16:10:48	677	658	680	663
2021-08-08T16:11:18	677	661	681	664
2021-08-08T16:11:48	679	660	680	666
2021-08-08T16:12:18	678	663	683	665
2021-08-08T16:12:48	680	662	683	667
2021-08-08T16:13:18	682	665	684	667
2021-08-08T16:13:48	681	664	684	670
2021-08-08T16:14:18	684	665	685	670
2021-08-08T16:14:48	686	666	687	672
2021-08-08T16:15:18	685	667	687	673
2021-08-08T16:15:48	687	669	690	674
2021-08-08T16:16:18	688	670	690	675
2021-08-08T16:16:48	687	671	691	676
2021-08-08T16:17:18	688	671	691	677
2021-08-08T16:17:48	690	673	694	678
2021-08-08T16:18:18	693	674	694	679
2021-08-08T16:18:48	691	675	694	679
2021-08-08T16:19:18	693	676	696	681
2021-08-08T16:19:48	696	677	696	683
2021-08-08T16:20:18	696	677	697	683
2021-08-08T16:20:48	696	679	698	684
2021-08-08T16:21:18	697	680	701	685
2021-08-08T16:21:48	698	680	701	686
2021-08-08T16:22:18	700	681	702	687
2021-08-08T16:22:48	699	683	702	689
2021-08-08T16:23:18	701	682	704	689
2021-08-08T16:23:48	702	684	704	690
2021-08-08T16:24:18	703	684	705	691
2021-08-08T16:24:48	705	686	706	693
2021-08-08T16:25:18	707	687	708	693
2021-08-08T16:25:48	707	688	709	694
2021-08-08T16:26:18	707	688	709	695
2021-08-08T16:26:48	709	690	711	696
2021-08-08T16:27:18	709	690	710	696
2021-08-08T16:27:48	712	692	713	697
2021-08-08T16:28:18	712	693	715	698
2021-08-08T16:28:48	713	693	714	700
2021-08-08T16:29:18	714	695	716	701
2021-08-08T16:29:48	714	694	716	702
2021-08-08T16:30:18	715	696	716	702
2021-08-08T16:30:48	717	698	719	704
2021-08-08T16:31:18	717	697	718	705
2021-08-08T16:31:48	717	700	722	706
2021-08-08T16:32:18	719	699	721	707
2021-08-08T16:32:48	722	702	723	708
2021-08-08T16:33:18	722	701	723	708
2021-08-08T16:33:48	723	705	726	710
2021-08-08T16:34:18	724	703	723	711
2021-08-08T16:34:48	723	704	726	712
2021-08-08T16:35:18	726	706	727	713
2021-08-08T16:35:48	728	708	729	715
2021-08-08T16:36:18	728	707	729	715
2021-08-08T16:36:48	727	709	731	717
2021-08-08T16:37:18	730	710	731	718
2021-08-08T16:37:48	730	711	732	718
2021-08-08T16:38:18	731	712	734	719
2021-08-08T16:38:48	732	713	733	720
2021-08-08T16:39:18	733	715	736	721
2021-08-08T16:39:48	734	714	735	723
2021-08-08T16:40:18	735	715	736	724
2021-08-08T16:40:48	736	718	739	725
2021-08-08T16:41:18	738	718	738	726
2021-08-08T16:41:48	736	718	740	728
2021-08-08T16:42:18	740	720	742	727
2021-08-08T16:42:48	741	721	743	728
2021-08-08T16:43:18	742	721	743	729
2021-08-08T16:43:48	742	722	743	732
2021-08-08T16:44:18	743	725	747	732
2021-08-08T16:44:48	745	725	745	733
2021-08-08T16:45:18	744	726	747	734
2021-08-08T16:45:48	746	726	746	735
2021-08-08T16:46:18	746	728	749	737
2021-08-08T16:46:48	749	729	750	737
2021-08-08T16:47:18	748	730	750	737
2021-08-08T16:47:48	750	731	753	739
2021-08-08T16:48:18	750	731	751	740
2021-08-08T16:48:48	751	733	755	742
2021-08-08T16:49:18	752	732	754	743
2021-08-08T16:49:48	753	736	756	743
2021-08-08T16:50:18	755	736	756	745
2021-08-08T16:50:48	756	737	759	746
2021-08-08T16:51:18	757	737	759	746
2021-08-08T16:51:48	757	739	761	747
2021-08-08T16:52:18	759	739	761	749
2021-08-08T16:52:48	759	740	760	750
2021-08-08T16:53:18	761	742	763	750
2021-08-08T16:53:48	762	744	764	752
2021-08-08T16:54:18	761	745	766	752
2021-08-08T16:54:48	763	744	765	754
2021-08-08T16:55:18	765	746	767	755
2021-08-08T16:55:48	765	747	768	755
2021-08-08T16:56:18	765	748	770	757
2021-08-08T16:56:48	768	747	769	758
2021-08-08T16:57:18	768	749	770	758
2021-08-08T16:57:48	769	750	770	759
2021-08-08T16:58:18	771	751	773	760
2021-08-08T16:58:48	771	753	774	761
2021-08-08T16:59:18	772	753	774	762
2021-08-08T16:59:48	773	755	776	763
2021-08-08T17:00:18	773	755	778	764
2021-08-08T17:00:48	776	756	777	765
2021-08-08T17:01:18	775	757	780	766
2021-08-08T17:01:48	777	759	781	768
2021-08-08T17:02:18	777	761	782	768
2021-08-08T17:02:48	780	760	782	769
2021-08-08T17:03:18	780	762	783	770
2021-08-08T17:03:48	781	762	783	771
2021-08-08T17:04:18	782	764	785	773
2021-08-08T17:04:48	784	765	786	774
2021-08-08T17:05:18	785	765	785	773
2021-08-08T17:05:48	786	766	787	774
2021-08-08T17:06:18	785	767	788	775
2021-08-08T17:06:48	786	767	788	776
2021-08-08T17:07:18	788	769	790	777
2021-08-08T17:07:48	790	770	790	779
2021-08-08T17:08:18	790	771	792	779
2021-08-08T17:08:48	792	772	794	781
2021-08-08T17:09:18	792	773	794	782
2021-08-08T17:09:48	792	774	795	782
2021-08-08T17:10:18	795	775	798	784
2021-08-08T17:10:48	796	774	797	783
2021-08-08T17:11:18	797	776	798	785
2021-08-08T17:11:48	797	778	800	786
2021-08-08T17:12:18	798	779	801	787
2021-08-08T17:12:48	801	780	803	788
2021-08-08T17:13:18	800	779	801	790
2021-08-08T17:13:48	800	781	803	790
2021-08-08T17:14:18	801	782	805	791
2021-08-08T17:14:48	804	784	806	793
2021-08-08T17:15:18	805	785	807	793
2021-08-08T17:15:48	806	786	808	793
2021-08-08T17:16:18	806	786	809	796
2021-08-08T17:16:48	808	787	810	796
2021-08-08T17:17:18	807	789	811	798
2021-08-08T17:17:48	809	789	810	798
2021-08-08T17:18:18	810	790	813	800
2021-08-08T17:18:48	811	791	814	802
2021-08-08T17:19:18	812	792	814	802
2021-08-08T17:19:48	813	792	815	802
2021-08-08T17:20:18	814	794	817	803
2021-08-08T17:20:48	816	794	818	805
2021-08-08T17:21:18	817	795	818	806
2021-08-08T17:21:48	817	796	820	807
2021-08-08T17:22:18	818	796	820	809
2021-08-08T17:22:48	819	798	820	810
2021-08-08T17:23:18	820	798	822	810
2021-08-08T17:23:48	820	800	823	811
2021-08-08T17:24:18	822	800	824	812
2021-08-08T17:24:48	824	802	825	813
2021-08-08T17:25:18	823	802	826	814
2021-08-08T17:25:48	825	803	826	816
2021-08-08T17:26:18	827	803	829	817
2021-08-08T17:26:48	828	805	829	817
2021-08-08T17:27:18	828	805	829	819
2021-08-08T17:27:48	830	807	830	821
2021-08-08T17:28:18	829	807	832	821
2021-08-08T17:28:48	831	809	833	822
2021-08-08T17:29:18	833	809	833	823
2021-08-08T17:29:48	832	810	834	823
2021-08-08T17:30:18	833	810	835	826
2021-08-08T17:30:48	835	812	836	826
2021-08-08T17:31:18	836	812	837	827
2021-08-08T17:31:48	836	813	838	828
2021-08-08T17:32:18	838	814	839	830
2021-08-08T17:32:48	837	815	840	829
2021-08-08T17:33:18	839	816	840	831
2021-08-08T17:33:48	841	818	841	833
2021-08-08T17:34:18	840	817	843	834
2021-08-08T17:34:48	842	820	843	835
2021-08-08T17:35:18	843	820	845	835
2021-08-08T17:35:48	845	821	847	836
2021-08-08T17:36:18	845	822	848	838
2021-08-08T17:36:48	846	822	847	838
2021-08-08T17:37:18	847	824	849	839
2021-08-08T17:37:48	847	825	849	842
2021-08-08T17:38:18	849	826	850	842
2021-08-08T17:38:48	851	827	852	843
2021-08-08T17:39:18	851	828	853	843
2021-08-08T17:39:48	851	828	854	846
2021-08-08T17:40:18	853	829	855	845
2021-08-08T17:40:48	855	831	856	847
2021-08-08T17:41:18	854	831	856	848
2021-08-08T17:41:48	857	832	858	850
2021-08-08T17:42:18	857	833	859	850
2021-08-08T17:42:48	858	834	860	852
2021-08-08T17:43:18	858	835	860	852
2021-08-08T17:43:48	861	836	862	853
2021-08-08T17:44:18	861	836	862	855
2021-08-08T17:44:48	862	837	863	855
2021-08-08T17:45:18	863	838	864	856
2021-08-08T17:45:48	864	840	865	856
2021-08-08T17:46:18	866	841	866	857
2021-08-08T17:46:48	866	841	867	859
2021-08-08T17:47:18	867	842	868	860
2021-08-08T17:47:48	867	843	869	862
2021-08-08T17:48:18	868	844	870	862
2021-08-08T17:48:48	870	845	871	862
2021-08-08T17:49:18	872	846	872	865
2021-08-08T17:49:48	871	847	873	866
2021-08-08T17:50:18	873	848	874	867
2021-08-08T17:50:48	875	849	875	868
2021-08-08T17:51:18	875	850	876	869
2021-08-08T17:51:48	875	851	877	870
2021-08-08T17:52:18	876	852	878	871
2021-08-08T17:52:48	878	853	879	872
2021-08-08T17:53:18	880	854	880	872
2021-08-08T17:53:48	880	855	881	875
2021-08-08T17:54:18	881	856	882	875
2021-08-08T17:54:48	883	857	882	876
2021-08-08T17:55:18	884	858	883	876
2021-08-08T17:55:48	884	859	884	878
2021-08-08T17:56:18	885	860	886	878
2021-08-08T17:56:48	887	861	886	880
2021-08-08T17:57:18	887	862	888	881
2021-08-08T17:57:48	888	863	889	882
2021-08-08T17:58:18	890	865	890	882
2021-08-08T17:58:48	891	865	891	883
2021-08-08T17:59:18	892	867	892	886
2021-08-08T17:59:48	892	868	893	888
2021-08-08T18:00:18	892	869	894	887
2021-08-08T18:00:48	895	869	896	889
2021-08-08T18:01:18	896	871	897	890
2021-08-08T18:01:48	895	872	898	891
2021-08-08T18:02:18	898	873	900	891
2021-08-08T18:02:48	898	874	900	892
2021-08-08T18:03:18	900	875	901	893
2021-08-08T18:03:48	899	875	902	894
2021-08-08T18:04:18	898	875	901	894
2021-08-08T18:04:48	898	875	901	895
2021-08-08T18:05:18	899	876	902	896
2021-08-08T18:05:48	900	876	901	895
2021-08-08T18:06:18	900	877	902	896
2021-08-08T18:06:48	899	878	902	895
2021-08-08T18:07:18	899	876	901	897
2021-08-08T18:07:48	901	878	902	896
2021-08-08T18:08:18	900	877	901	896
2021-08-08T18:08:48	899	878	901	896
2021-08-08T18:09:18	900	878	902	896
2021-08-08T18:09:48	901	879	902	896
2021-08-08T18:10:18	899	879	901	896
2021-08-08T18:10:48	900	879	902	896
2021-08-08T18:11:18	899	879	902	896
2021-08-08T18:11:48	900	881	903	896
2021-08-08T18:12:18	900	880	902	896
2021-08-08T18:12:48	899	880	902	897
2021-08-08T18:13:18	900	882	903	896
2021-08-08T18:13:48	900	882	902	896
2021-08-08T18:14:18	900	881	902	897
2021-08-08T18:14:48	899	882	903	897
2021-08-08T18:15:18	899	883	903	896
2021-08-08T18:15:48	899	882	902	897
2021-08-08T18:16:18	900	883	902	896
2021-08-08T18:16:48	900	884	903	897
2021-08-08T18:17:18	899	884	902	896
2021-08-08T18:17:48	899	884	903	896
2021-08-08T18:18:18	900	884	901	897
2021-08-08T18:18:48	899	885	903	897
2021-08-08T18:19:18	900	884	902	896
2021-08-08T18:19:48	900	885	902	896
2021-08-08T18:20:18	900	885	901	898
2021-08-08T18:20:48	900	885	902	898
2021-08-08T18:21:18	900	885	901	897
2021-08-08T18:21:48	901	885	901	899
2021-08-08T18:22:18	901	886	902	898
2021-08-08T18:22:48	902	885	901	898
2021-08-08T18:23:18	902	887	902	897
2021-08-08T18:23:48	902	887	902	899
2021-08-08T18:24:18	902	887	902	898
2021-08-08T18:24:48	903	887	902	898
2021-08-08T18:25:18	903	888	902	899
2021-08-08T18:25:48	903	889	901	900
2021-08-08T18:26:18	904	888	901	900
2021-08-08T18:26:48	903	889	903	900
2021-08-08T18:27:18	903	889	902	900
2021-08-08T18:27:48	901	889	903	900
2021-08-08T18:28:18	899	889	901	900
2021-08-08T18:28:48	902	889	902	899
2021-08-08T18:29:18	903	889	902	899
2021-08-08T18:29:48	904	889	902	901
2021-08-08T18:30:18	904	889	901	901
2021-08-08T18:30:48	905	889	902	901
2021-08-08T18:31:18	905	889	902	901
2021-08-08T18:31:48	905	889	902	901
2021-08-08T18:32:18	906	889	902	901
2021-08-08T18:32:48	906	889	902	902
2021-08-08T18:33:18	906	890	902	902
2021-08-08T18:33:48	907	890	902	902
2021-08-08T18:34:18	906	890	902	901
2021-08-08T18:34:48	908	890	902	902
2021-08-08T18:35:18	908	890	902	903
2021-08-08T18:35:48	908	890	902	902
2021-08-08T18:36:18	908	890	903	902
2021-08-08T18:36:48	908	891	902	902
2021-08-08T18:37:18	909	891	903	903
2021-08-08T18:37:48	909	892	903	903
2021-08-08T18:38:18	910	891	902	904
2021-08-08T18:38:48	909	891	902	903
2021-08-08T18:39:18	910	891	902	903
2021-08-08T18:39:48	910	891	903	903
2021-08-08T18:40:18	909	892	904	904
2021-08-08T18:40:48	910	891	902	904
2021-08-08T18:41:18	909	893	903	903
2021-08-08T18:41:48	910	891	902	904
2021-08-08T18:42:18	911	892	902	905
2021-08-08T18:42:48	911	892	903	905
2021-08-08T18:43:18	911	893	901	905
2021-08-08T18:43:48	911	892	902	904
2021-08-08T18:44:18	911	892	902	905
2021-08-08T18:44:48	911	892	902	904
2021-08-08T18:45:18	911	892	903	905
2021-08-08T18:45:49	912	892	902	905
2021-08-08T18:46:19	912	892	902	904
2021-08-08T18:46:49	912	893	903	904
2021-08-08T18:47:19	912	892	903	905
2021-08-08T18:47:49	912	893	903	906
2021-08-08T18:48:19	912	893	902	906
2021-08-08T18:48:49	913	892	902	905
2021-08-08T18:49:19	912	893	902	906
2021-08-08T18:49:49	913	893	903	905
2021-08-08T18:50:19	913	893	902	906
2021-08-08T18:50:49	913	893	903	906
2021-08-08T18:51:19	913	893	903	906
2021-08-08T18:51:49	913	893	902	907
2021-08-08T18:52:19	914	894	903	906
2021-08-08T18:52:49	913	893	902	907
2021-08-08T18:53:19	914	894	903	907
2021-08-08T18:53:49	914	894	903	907
2021-08-08T18:54:19	914	893	902	906
2021-08-08T18:54:49	915	895	903	906
2021-08-08T18:55:19	915	894	903	906
2021-08-08T18:55:49	915	893	902	907
2021-08-08T18:56:19	915	893	902	906
2021-08-08T18:56:49	915	893	902	906
2021-08-08T18:57:19	915	893	902	907
2021-08-08T18:57:49	915	893	902	906
2021-08-08T18:58:19	915	893	902	907
2021-08-08T18:58:49	915	895	903	908
2021-08-08T18:59:19	916	895	903	907
2021-08-08T18:59:49	916	895	902	907
2021-08-08T19:00:19	916	895	902	908
2021-08-08T19:00:49	917	895	902	907
2021-08-08T19:01:19	916	895	903	908
2021-08-08T19:01:49	917	895	903	907
2021-08-08T19:02:19	917	896	903	908
2021-08-08T19:02:49	917	896	903	908
2021-08-08T19:03:19	917	896	903	909
2021-08-08T19:03:49	917	896	902	909
2021-08-08T19:04:19	917	896	903	909
2021-08-08T19:04:49	917	896	903	909
2021-08-08T19:05:19	918	896	903	909
2021-08-08T19:05:49	918	896	903	909
2021-08-08T19:06:19	918	897	903	909
2021-08-08T19:06:49	918	897	903	910
2021-08-08T19:07:19	919	897	904	909
2021-08-08T19:07:49	918	897	903	910
2021-08-08T19:08:19	918	897	904	910
2021-08-08T19:08:49	918	897	904	910
2021-08-08T19:09:19	919	898	904	910
2021-08-08T19:09:49	919	898	904	910
2021-08-08T19:10:19	919	898	904	909
2021-08-08T19:10:49	919	898	904	910
2021-08-08T19:11:19	919	898	904	911
2021-08-08T19:11:49	919	899	904	911
2021-08-08T19:12:19	919	899	905	911
2021-08-08T19:12:49	920	899	905	910
2021-08-08T19:13:19	920	899	905	910
2021-08-08T19:13:49	920	899	905	910
2021-08-08T19:14:19	919	899	905	911
2021-08-08T19:14:49	916	899	905	910
2021-08-08T19:15:19	914	899	904	910
2021-08-08T19:15:49	911	899	904	909
2021-08-08T19:16:19	909	899	904	909
2021-08-08T19:16:49	907	899	904	908
2021-08-08T19:17:19	906	899	904	908
2021-08-08T19:17:49	905	899	903	907
2021-08-08T19:18:19	904	898	903	907
2021-08-08T19:18:49	903	899	903	906
2021-08-08T19:19:19	902	899	903	906
2021-08-08T19:19:49	902	899	903	905
2021-08-08T19:20:19	901	899	903	905
2021-08-08T19:20:49	901	899	903	905
2021-08-08T19:21:19	901	899	903	905
2021-08-08T19:21:49	900	899	902	905
2021-08-08T19:22:19	900	898	902	905
2021-08-08T19:22:49	899	900	904	904
2021-08-08T19:23:19	899	899	903	905
2021-08-08T19:23:49	899	898	902	904
2021-08-08T19:24:19	899	899	903	903
2021-08-08T19:24:49	901	900	903	903
2021-08-08T19:25:19	900	898	902	905
2021-08-08T19:25:49	899	898	902	903
2021-08-08T19:26:19	899	900	903	904
2021-08-08T19:26:49	898	899	902	904
2021-08-08T19:27:19	900	898	902	904
2021-08-08T19:27:49	899	899	903	903
2021-08-08T19:28:19	899	901	903	904
2021-08-08T19:28:49	901	900	902	905
2021-08-08T19:29:19	900	899	903	905
2021-08-08T19:29:49	899	900	904	904
2021-08-08T19:30:19	901	899	902	903
2021-08-08T19:30:49	899	899	903	904
2021-08-08T19:31:19	898	899	903	904
2021-08-08T19:31:49	901	899	903	904
2021-08-08T19:32:19	899	899	902	904
2021-08-08T19:32:49	900	900	903	904
2021-08-08T19:33:19	900	899	902	904
2021-08-08T19:33:49	899	898	902	904
2021-08-08T19:34:19	897	897	900	904
2021-08-08T19:34:49	849	870	886	901
2021-08-08T19:35:19	763	782	826	878
2021-08-08T19:35:49	639	683	733	835
2021-08-08T19:36:19	536	585	661	778
2021-08-08T19:36:49	496	502	600	709
2021-08-08T19:37:19	453	459	563	656
2021-08-08T19:37:49	426	427	543	627
2021-08-08T19:38:19	407	410	512	591
2021-08-08T19:38:49	387	390	499	563
2021-08-08T19:39:19	370	369	474	547
2021-08-08T19:39:49	353	362	469	523
2021-08-08T19:40:19	342	350	449	500
2021-08-08T19:40:49	331	334	435	480
2021-08-08T19:41:19	316	323	428	467
2021-08-08T19:41:49	310	315	414	448
2021-08-08T19:42:19	299	304	400	430
2021-08-08T19:42:49	293	296	394	414
2021-08-08T19:43:19	282	287	385	405
2021-08-08T19:43:49	276	280	373	390
2021-08-08T19:44:19	267	270	368	378
2021-08-08T19:44:49	260	265	356	368
2021-08-08T19:45:19	251	258	349	358
2021-08-08T19:45:49	250	251	341	348
2021-08-08T19:46:19	242	243	333	338
2021-08-08T19:46:49	235	238	327	331
2021-08-08T19:47:19	231	235	318	322
